ADRpy constraint sizing (min_combined_pw): W/S=2350.0 Pa (239.63 kg/m^2), P/W_TO=0.11889 kW/kg, P/W_climb=0.13329 kW/kg, P/W_cruise=0.10830 kW/kg
======================================================
======================= ITER 1 =======================
Reynolds_number: 11,135,029
Stack prop output power: 500 kW, Pcomp: 25.8 kW
Cell efficiency: 0.300, Output efficiency: 0.271
mdot_h2: 12.43 g/s
Reynolds_number: 11,135,029
Stack prop output power: 398 kW, Pcomp: 20.5 kW
Cell efficiency: 0.300, Output efficiency: 0.271
mdot_h2: 9.90 g/s
Reynolds_number: 11,135,029
Stack prop output power: 393 kW, Pcomp: 20.3 kW
Cell efficiency: 0.300, Output efficiency: 0.271
mdot_h2: 9.77 g/s
Reynolds_number: 11,135,029
Stack prop output power: 386 kW, Pcomp: 3.5 kW
Cell efficiency: 0.281, Output efficiency: 0.264
mdot_h2: 9.84 g/s
Reynolds_number: 11,135,029
Stack prop output power: 345 kW, Pcomp: 3.1 kW
Cell efficiency: 0.281, Output efficiency: 0.264
mdot_h2: 8.77 g/s
Reynolds_number: 6,709,346
Stack prop output power: 399 kW, Pcomp: 3.5 kW
Cell efficiency: 0.305, Output efficiency: 0.287
mdot_h2: 9.35 g/s
Reynolds_number: 6,709,346
Stack prop output power: 308 kW, Pcomp: 2.7 kW
Cell efficiency: 0.305, Output efficiency: 0.287
mdot_h2: 7.22 g/s
Reynolds_number: 6,709,346
Stack prop output power: 307 kW, Pcomp: 2.7 kW
Cell efficiency: 0.305, Output efficiency: 0.287
mdot_h2: 7.20 g/s
Reynolds_number: 11,135,029
Stack prop output power: 500 kW, Pcomp: 25.8 kW
Cell efficiency: 0.300, Output efficiency: 0.271
mdot_h2: 12.43 g/s
Reynolds_number: 11,135,029
Stack prop output power: 398 kW, Pcomp: 20.5 kW
Cell efficiency: 0.300, Output efficiency: 0.271
mdot_h2: 9.90 g/s
Reynolds_number: 11,135,029
Stack prop output power: 393 kW, Pcomp: 20.3 kW
Cell efficiency: 0.300, Output efficiency: 0.271
mdot_h2: 9.77 g/s
Fuel-cell system mass representative phase: cruise (P_fc_sys=785.311 kW).

-----------------------
ptotal_climb: 916 kW, mtom_est: 5,174 kg, mtom: 5,000 kg, residual: +174.22 kg

MTOM update: initial_bracket_probe_1, relax=1.000 -> mtom_next=5,250.00 kg

======================================================
======================= ITER 2 =======================
Reynolds_number: 11,135,029
Stack prop output power: 393 kW, Pcomp: 20.3 kW
Cell efficiency: 0.300, Output efficiency: 0.271
mdot_h2: 9.76 g/s
Reynolds_number: 11,135,029
Stack prop output power: 411 kW, Pcomp: 21.2 kW
Cell efficiency: 0.300, Output efficiency: 0.271
mdot_h2: 10.22 g/s
Reynolds_number: 11,135,029
Stack prop output power: 412 kW, Pcomp: 21.3 kW
Cell efficiency: 0.300, Output efficiency: 0.271
mdot_h2: 10.25 g/s
Reynolds_number: 11,135,029
Stack prop output power: 339 kW, Pcomp: 3.0 kW
Cell efficiency: 0.281, Output efficiency: 0.264
mdot_h2: 8.62 g/s
Reynolds_number: 11,135,029
Stack prop output power: 361 kW, Pcomp: 3.2 kW
Cell efficiency: 0.281, Output efficiency: 0.264
mdot_h2: 9.20 g/s
Reynolds_number: 6,709,346
Stack prop output power: 302 kW, Pcomp: 2.6 kW
Cell efficiency: 0.305, Output efficiency: 0.287
mdot_h2: 7.08 g/s
Reynolds_number: 6,709,346
Stack prop output power: 322 kW, Pcomp: 2.8 kW
Cell efficiency: 0.305, Output efficiency: 0.287
mdot_h2: 7.55 g/s
Reynolds_number: 11,135,029
Stack prop output power: 393 kW, Pcomp: 20.3 kW
Cell efficiency: 0.300, Output efficiency: 0.271
mdot_h2: 9.76 g/s
Reynolds_number: 11,135,029
Stack prop output power: 411 kW, Pcomp: 21.2 kW
Cell efficiency: 0.300, Output efficiency: 0.271
mdot_h2: 10.22 g/s
Reynolds_number: 11,135,029
Stack prop output power: 412 kW, Pcomp: 21.3 kW
Cell efficiency: 0.300, Output efficiency: 0.271
mdot_h2: 10.25 g/s
Fuel-cell system mass representative phase: cruise (P_fc_sys=824.541 kW).

-----------------------
ptotal_climb: 962 kW, mtom_est: 5,310 kg, mtom: 5,250 kg, residual: +59.57 kg

MTOM update: fixed_point_prebracket, relax=1.000 -> mtom_next=5,297.65 kg

======================================================
======================= ITER 3 =======================
Reynolds_number: 11,135,029
Stack prop output power: 412 kW, Pcomp: 21.3 kW
Cell efficiency: 0.300, Output efficiency: 0.271
mdot_h2: 10.25 g/s
Reynolds_number: 11,135,029
Stack prop output power: 416 kW, Pcomp: 21.4 kW
Cell efficiency: 0.300, Output efficiency: 0.271
mdot_h2: 10.34 g/s
Reynolds_number: 11,135,029
Stack prop output power: 360 kW, Pcomp: 3.2 kW
Cell efficiency: 0.281, Output efficiency: 0.264
mdot_h2: 9.17 g/s
Reynolds_number: 11,135,029
Stack prop output power: 365 kW, Pcomp: 3.3 kW
Cell efficiency: 0.281, Output efficiency: 0.264
mdot_h2: 9.28 g/s
Reynolds_number: 6,709,346
Stack prop output power: 321 kW, Pcomp: 2.8 kW
Cell efficiency: 0.305, Output efficiency: 0.287
mdot_h2: 7.53 g/s
Reynolds_number: 6,709,346
Stack prop output power: 325 kW, Pcomp: 2.8 kW
Cell efficiency: 0.305, Output efficiency: 0.287
mdot_h2: 7.62 g/s
Reynolds_number: 11,135,029
Stack prop output power: 412 kW, Pcomp: 21.3 kW
Cell efficiency: 0.300, Output efficiency: 0.271
mdot_h2: 10.25 g/s
Reynolds_number: 11,135,029
Stack prop output power: 416 kW, Pcomp: 21.4 kW
Cell efficiency: 0.300, Output efficiency: 0.271
mdot_h2: 10.34 g/s
Fuel-cell system mass representative phase: cruise (P_fc_sys=832.010 kW).

-----------------------
ptotal_climb: 970 kW, mtom_est: 5,336 kg, mtom: 5,298 kg, residual: +38.15 kg

MTOM update: fixed_point_prebracket, relax=1.000 -> mtom_next=5,328.18 kg

======================================================
======================= ITER 4 =======================
Reynolds_number: 11,135,029
Stack prop output power: 416 kW, Pcomp: 21.5 kW
Cell efficiency: 0.300, Output efficiency: 0.271
mdot_h2: 10.34 g/s
Reynolds_number: 11,135,029
Stack prop output power: 418 kW, Pcomp: 21.6 kW
Cell efficiency: 0.300, Output efficiency: 0.271
mdot_h2: 10.40 g/s
Reynolds_number: 11,135,029
Stack prop output power: 364 kW, Pcomp: 3.3 kW
Cell efficiency: 0.281, Output efficiency: 0.264
mdot_h2: 9.27 g/s
Reynolds_number: 11,135,029
Stack prop output power: 367 kW, Pcomp: 3.3 kW
Cell efficiency: 0.281, Output efficiency: 0.264
mdot_h2: 9.34 g/s
Reynolds_number: 6,709,346
Stack prop output power: 325 kW, Pcomp: 2.8 kW
Cell efficiency: 0.305, Output efficiency: 0.287
mdot_h2: 7.61 g/s
Reynolds_number: 6,709,346
Stack prop output power: 327 kW, Pcomp: 2.8 kW
Cell efficiency: 0.305, Output efficiency: 0.287
mdot_h2: 7.67 g/s
Reynolds_number: 11,135,029
Stack prop output power: 416 kW, Pcomp: 21.5 kW
Cell efficiency: 0.300, Output efficiency: 0.271
mdot_h2: 10.34 g/s
Reynolds_number: 11,135,029
Stack prop output power: 418 kW, Pcomp: 21.6 kW
Cell efficiency: 0.300, Output efficiency: 0.271
mdot_h2: 10.40 g/s
Fuel-cell system mass representative phase: cruise (P_fc_sys=836.811 kW).

-----------------------
ptotal_climb: 976 kW, mtom_est: 5,353 kg, mtom: 5,328 kg, residual: +24.77 kg

MTOM update: fixed_point_prebracket, relax=1.000 -> mtom_next=5,347.99 kg

======================================================
======================= ITER 5 =======================
Reynolds_number: 11,135,029
Stack prop output power: 418 kW, Pcomp: 21.6 kW
Cell efficiency: 0.300, Output efficiency: 0.271
mdot_h2: 10.40 g/s
Reynolds_number: 11,135,029
Stack prop output power: 420 kW, Pcomp: 21.7 kW
Cell efficiency: 0.300, Output efficiency: 0.271
mdot_h2: 10.44 g/s
Reynolds_number: 11,135,029
Stack prop output power: 366 kW, Pcomp: 3.3 kW
Cell efficiency: 0.281, Output efficiency: 0.264
mdot_h2: 9.33 g/s
Reynolds_number: 11,135,029
Stack prop output power: 368 kW, Pcomp: 3.3 kW
Cell efficiency: 0.281, Output efficiency: 0.264
mdot_h2: 9.37 g/s
Reynolds_number: 6,709,346
Stack prop output power: 327 kW, Pcomp: 2.8 kW
Cell efficiency: 0.305, Output efficiency: 0.287
mdot_h2: 7.66 g/s
Reynolds_number: 6,709,346
Stack prop output power: 328 kW, Pcomp: 2.9 kW
Cell efficiency: 0.305, Output efficiency: 0.287
mdot_h2: 7.70 g/s
Reynolds_number: 11,135,029
Stack prop output power: 418 kW, Pcomp: 21.6 kW
Cell efficiency: 0.300, Output efficiency: 0.271
mdot_h2: 10.40 g/s
Reynolds_number: 11,135,029
Stack prop output power: 420 kW, Pcomp: 21.7 kW
Cell efficiency: 0.300, Output efficiency: 0.271
mdot_h2: 10.44 g/s
Fuel-cell system mass representative phase: cruise (P_fc_sys=839.928 kW).

-----------------------
ptotal_climb: 980 kW, mtom_est: 5,363 kg, mtom: 5,348 kg, residual: +15.46 kg

MTOM update: newton_prebracket, relax=1.000 -> mtom_next=5,380.89 kg

======================================================
======================= ITER 6 =======================
Reynolds_number: 11,135,029
Stack prop output power: 420 kW, Pcomp: 21.7 kW
Cell efficiency: 0.300, Output efficiency: 0.271
mdot_h2: 10.44 g/s
Reynolds_number: 11,135,029
Stack prop output power: 422 kW, Pcomp: 21.8 kW
Cell efficiency: 0.300, Output efficiency: 0.271
mdot_h2: 10.50 g/s
Reynolds_number: 11,135,029
Stack prop output power: 367 kW, Pcomp: 3.3 kW
Cell efficiency: 0.281, Output efficiency: 0.264
mdot_h2: 9.35 g/s
Reynolds_number: 11,135,029
Stack prop output power: 370 kW, Pcomp: 3.3 kW
Cell efficiency: 0.281, Output efficiency: 0.264
mdot_h2: 9.43 g/s
Reynolds_number: 6,709,346
Stack prop output power: 328 kW, Pcomp: 2.9 kW
Cell efficiency: 0.305, Output efficiency: 0.287
mdot_h2: 7.68 g/s
Reynolds_number: 6,709,346
Stack prop output power: 330 kW, Pcomp: 2.9 kW
Cell efficiency: 0.305, Output efficiency: 0.287
mdot_h2: 7.74 g/s
Reynolds_number: 11,135,029
Stack prop output power: 420 kW, Pcomp: 21.7 kW
Cell efficiency: 0.300, Output efficiency: 0.271
mdot_h2: 10.44 g/s
Reynolds_number: 11,135,029
Stack prop output power: 422 kW, Pcomp: 21.8 kW
Cell efficiency: 0.300, Output efficiency: 0.271
mdot_h2: 10.50 g/s
Fuel-cell system mass representative phase: cruise (P_fc_sys=845.089 kW).

-----------------------
ptotal_climb: 986 kW, mtom_est: 5,381 kg, mtom: 5,381 kg, residual: +0.48 kg


CONVERGED

CONVERGED STATE [MTOM iteration 6]
  MTOM=5,381 kg | Wing loading=239.65 kg/m^2 | P/W(climb)=183.14 W/kg
  Phase power: climb=985.5 kW | cruise=845.1 kW | takeoff=878.9 kW | cruise+charger=845.1 kW
  Power split (climb): FC=734.2 kW | Battery=244.7 kW | Compressor=6.7 kW | Cooling=317.3 kW | H2=18.861 g/s
  Compressor max across phases: 43.6 kW (cruise)
  FC representative phase (mass sizing): cruise (845.1 kW)
  Mass summary: MTOM=5,381 kg | Powertrain=1,445 kg | Tank=381.5 kg | Fuel=169.6 kg | Battery=154.6 kg | Nacelle power density=0.69 kW/kg
  Geometry: Main wing area=22.45 m^2 | Horizontal tail area=4.224 m^2 | Horizontal tail location=8.865 m | Vertical tail area=4.351 m^2 | Vertical tail location=8.387 m
  Config: wing loading input=239.63 kg/m^2 | P/W TO/Cl/Cr=0.11889/0.13329/0.10830 kW/kg

=============================================================
========================= CONVERGED =========================
=============================================================
Constraint sizing: ENABLED (min_combined_pw)
Input W/S: 239.63 kg/m^2 (2,350.0 Pa)
Input P/W [kW/kg]: takeoff 0.11889, climb 0.13329, cruise 0.10830
-------------------------------------------------------------

Mission Time
Climb time: 8.20 min (0.14 h)
Cruise time: 124.50 min (2.08 h)
Total flight time: 154.71 min (2.58 h)

Phase Power Breakdown
Phase      Time[min]     Total[kW]    FC Stack[kW]   Battery[kW]   Compressor[kW]   Cooling[kW]
-----------------------------------------------------------------------------------------------
ready           0.00          49.3            49.3           0.0              0.0           0.0
taxi            5.00          98.6            98.6           0.0              0.0           0.0
takeoff         1.00         878.9           654.9         218.3              5.8         252.6
climb           8.20         985.5           734.2         244.7              6.7         317.3
cruise        124.50         845.1           801.5           0.0             43.6         344.6
loiter         15.00          84.5            80.2           0.0              4.4          34.5
landing         1.00           0.0             0.0           0.0              0.0           0.0

Pcomp_max (solved phases): 43.6 kW (cruise)
Pnet (climb): 890 kW
Pelectricnet (climb): 979 kW
eta_pt: 0.9031

Geometry
S_wing: 22.45 m^2
b_wing: 14.22 m
Lfus: 10.85 m
Ltank: 3.40 m
S_HT: 4.22 m^2
S_VT: 4.35 m^2
b_HT: 4.36 m
b_VT: 2.88 m
X_HT_act: 8.86 m
X_VT_act: 8.39 m

One Nacelle (1/2)
Stack(1/2): 240 kg, Compressor: 83 kg, Humidifier: 80 kg, HX: 213 kg
W_FCS_single_nacelle (W_Stack+W_Compressor+W_Humidifier+W_Hx): 616 kg
Representative FC phase: cruise
Specific Power of Nacelle System: 0.687 kW/kg
dim_hx: dX=1.047 m, dY=1.047 m, dZ=0.218 m
dim_stack: dX=0.365 m, dY=0.271 m, dZ=0.271 m

ALL Nacelles
W_FCS_total: 1,231 kg
W_PMAD: 84 kg
W_Motors: 130 kg

-----------------------
W_Powertrain (W_FCS_total+W_PMAD+W_Motors): 1,445 kg
-----------------------
W_wing: 357 kg
W_Htail: 27 kg
W_Vtail: 52 kg
W_fuselage: 332 kg
W_lnd_gear_main: 243 kg
W_lnd_gear_nose: 65 kg
W_flight_control: 366 kg
W_electric_system: 300 kg
W_iae: 79 kg
W_hydraulics: 65 kg
W_fur: 345 kg
-----------------------
OEM: 2,230 kg
-----------------------
W_tank: 382 kg
W_fuel: 169.6 kg
W_batt: 154.6 kg
-----------------------
W_payload: 1,000 kg
-----------------------
MTOM_grouped (OEM+W_tank+W_fuel+W_batt+W_Powertrain+W_payload): 5,381 kg
MTOM: 5,381 kg
-----------------------

Wing loading (MTOM/S_wing): 239.65 kg/m^2
Power-to-weight (converged): 183.14 W/kg

mdot_H2(cruise): 21.0 g/s
Vtankex: 7.3 m^3
========================== END ==============================


=============================================================
Execution time: 36.8 seconds
=============================================================
