======================================================
======================= ITER 1 =======================
Reynolds_number: 15,849,551
Stack prop output power: 432 kW, Pcomp: 31.4 kW
Cell efficiency: 0.306, Output efficiency: 0.271
mdot_h2: 10.73 g/s
Reynolds_number: 15,849,551
Stack prop output power: 432 kW, Pcomp: 31.4 kW
Cell efficiency: 0.306, Output efficiency: 0.271
mdot_h2: 10.73 g/s
Reynolds_number: 15,849,551
Stack prop output power: 322 kW, Pcomp: 2.9 kW
Cell efficiency: 0.280, Output efficiency: 0.264
mdot_h2: 8.22 g/s
Reynolds_number: 15,849,551
Stack prop output power: 322 kW, Pcomp: 2.9 kW
Cell efficiency: 0.280, Output efficiency: 0.264
mdot_h2: 8.22 g/s
Reynolds_number: 15,849,551
Stack prop output power: 322 kW, Pcomp: 23.4 kW
Cell efficiency: 0.306, Output efficiency: 0.271
mdot_h2: 7.98 g/s

-----------------------
ptotal_climb: 1,136 kW, mtom_est: 4,304 kg, mtom: 5,000 kg, residual: -696.02 kg

MTOM update: fixed_point_fallback, relax=1.000 -> mtom_next=4,303.98 kg

======================================================
======================= ITER 2 =======================
Reynolds_number: 15,849,551
Stack prop output power: 372 kW, Pcomp: 27.0 kW
Cell efficiency: 0.306, Output efficiency: 0.271
mdot_h2: 9.23 g/s
Reynolds_number: 15,849,551
Stack prop output power: 372 kW, Pcomp: 27.0 kW
Cell efficiency: 0.306, Output efficiency: 0.271
mdot_h2: 9.23 g/s
Reynolds_number: 15,849,551
Stack prop output power: 277 kW, Pcomp: 2.5 kW
Cell efficiency: 0.280, Output efficiency: 0.264
mdot_h2: 7.07 g/s
Reynolds_number: 15,849,551
Stack prop output power: 277 kW, Pcomp: 2.5 kW
Cell efficiency: 0.280, Output efficiency: 0.264
mdot_h2: 7.07 g/s
Reynolds_number: 15,849,551
Stack prop output power: 277 kW, Pcomp: 20.1 kW
Cell efficiency: 0.306, Output efficiency: 0.271
mdot_h2: 6.87 g/s

-----------------------
ptotal_climb: 978 kW, mtom_est: 3,973 kg, mtom: 4,304 kg, residual: -331.09 kg

MTOM update: newton, relax=1.000 -> mtom_next=3,672.52 kg

======================================================
======================= ITER 3 =======================
Reynolds_number: 15,849,551
Stack prop output power: 318 kW, Pcomp: 23.0 kW
Cell efficiency: 0.306, Output efficiency: 0.271
mdot_h2: 7.88 g/s
Reynolds_number: 15,849,551
Stack prop output power: 318 kW, Pcomp: 23.0 kW
Cell efficiency: 0.306, Output efficiency: 0.271
mdot_h2: 7.88 g/s
Reynolds_number: 15,849,551
Stack prop output power: 236 kW, Pcomp: 2.2 kW
Cell efficiency: 0.280, Output efficiency: 0.264
mdot_h2: 6.03 g/s
Reynolds_number: 15,849,551
Stack prop output power: 236 kW, Pcomp: 2.2 kW
Cell efficiency: 0.280, Output efficiency: 0.264
mdot_h2: 6.03 g/s
Reynolds_number: 15,849,551
Stack prop output power: 236 kW, Pcomp: 17.2 kW
Cell efficiency: 0.306, Output efficiency: 0.271
mdot_h2: 5.86 g/s

-----------------------
ptotal_climb: 834 kW, mtom_est: 3,674 kg, mtom: 3,673 kg, residual: +1.88 kg

Reynolds_number: 15,849,551
Stack prop output power: 318 kW, Pcomp: 23.0 kW
Cell efficiency: 0.306, Output efficiency: 0.271
mdot_h2: 7.88 g/s
Reynolds_number: 15,849,551
Stack prop output power: 318 kW, Pcomp: 23.0 kW
Cell efficiency: 0.306, Output efficiency: 0.271
mdot_h2: 7.88 g/s
Reynolds_number: 6,709,346
Stack prop output power: 236 kW, Pcomp: 2.1 kW
Cell efficiency: 0.305, Output efficiency: 0.287
mdot_h2: 5.54 g/s
Reynolds_number: 6,709,346
Stack prop output power: 236 kW, Pcomp: 2.1 kW
Cell efficiency: 0.305, Output efficiency: 0.287
mdot_h2: 5.54 g/s

CONVERGED
======================================================
======================= ITER 1 =======================
Reynolds_number: 15,849,551
Stack prop output power: 318 kW, Pcomp: 23.1 kW
Cell efficiency: 0.306, Output efficiency: 0.271
mdot_h2: 7.90 g/s
Reynolds_number: 15,849,551
Stack prop output power: 318 kW, Pcomp: 23.1 kW
Cell efficiency: 0.306, Output efficiency: 0.271
mdot_h2: 7.90 g/s
Reynolds_number: 15,849,551
Stack prop output power: 237 kW, Pcomp: 2.2 kW
Cell efficiency: 0.280, Output efficiency: 0.264
mdot_h2: 6.05 g/s
Reynolds_number: 15,849,551
Stack prop output power: 237 kW, Pcomp: 2.2 kW
Cell efficiency: 0.280, Output efficiency: 0.264
mdot_h2: 6.05 g/s
Reynolds_number: 15,849,551
Stack prop output power: 237 kW, Pcomp: 17.2 kW
Cell efficiency: 0.306, Output efficiency: 0.271
mdot_h2: 5.88 g/s

-----------------------
ptotal_climb: 836 kW, mtom_est: 3,673 kg, mtom: 3,674 kg, residual: -1.19 kg

Reynolds_number: 15,849,551
Stack prop output power: 318 kW, Pcomp: 23.1 kW
Cell efficiency: 0.306, Output efficiency: 0.271
mdot_h2: 7.90 g/s
Reynolds_number: 15,849,551
Stack prop output power: 318 kW, Pcomp: 23.1 kW
Cell efficiency: 0.306, Output efficiency: 0.271
mdot_h2: 7.90 g/s
Reynolds_number: 6,709,346
Stack prop output power: 237 kW, Pcomp: 2.1 kW
Cell efficiency: 0.305, Output efficiency: 0.287
mdot_h2: 5.55 g/s
Reynolds_number: 6,709,346
Stack prop output power: 237 kW, Pcomp: 2.1 kW
Cell efficiency: 0.305, Output efficiency: 0.287
mdot_h2: 5.55 g/s

CONVERGED
======================================================
======================= ITER 1 =======================
Reynolds_number: 15,849,551
Stack prop output power: 319 kW, Pcomp: 23.1 kW
Cell efficiency: 0.306, Output efficiency: 0.271
mdot_h2: 7.91 g/s
Reynolds_number: 15,849,551
Stack prop output power: 319 kW, Pcomp: 23.1 kW
Cell efficiency: 0.306, Output efficiency: 0.271
mdot_h2: 7.91 g/s
Reynolds_number: 15,849,551
Stack prop output power: 237 kW, Pcomp: 2.2 kW
Cell efficiency: 0.280, Output efficiency: 0.264
mdot_h2: 6.06 g/s
Reynolds_number: 15,849,551
Stack prop output power: 237 kW, Pcomp: 2.2 kW
Cell efficiency: 0.280, Output efficiency: 0.264
mdot_h2: 6.06 g/s
Reynolds_number: 15,849,551
Stack prop output power: 237 kW, Pcomp: 17.2 kW
Cell efficiency: 0.306, Output efficiency: 0.271
mdot_h2: 5.88 g/s

-----------------------
ptotal_climb: 837 kW, mtom_est: 3,670 kg, mtom: 3,673 kg, residual: -2.84 kg

Reynolds_number: 15,849,551
Stack prop output power: 319 kW, Pcomp: 23.1 kW
Cell efficiency: 0.306, Output efficiency: 0.271
mdot_h2: 7.91 g/s
Reynolds_number: 15,849,551
Stack prop output power: 319 kW, Pcomp: 23.1 kW
Cell efficiency: 0.306, Output efficiency: 0.271
mdot_h2: 7.91 g/s
Reynolds_number: 6,709,346
Stack prop output power: 237 kW, Pcomp: 2.1 kW
Cell efficiency: 0.305, Output efficiency: 0.287
mdot_h2: 5.56 g/s
Reynolds_number: 6,709,346
Stack prop output power: 237 kW, Pcomp: 2.1 kW
Cell efficiency: 0.305, Output efficiency: 0.287
mdot_h2: 5.56 g/s

CONVERGED
======================================================
======================= ITER 1 =======================
Reynolds_number: 15,849,551
Stack prop output power: 325 kW, Pcomp: 23.6 kW
Cell efficiency: 0.306, Output efficiency: 0.271
mdot_h2: 8.06 g/s
Reynolds_number: 15,849,551
Stack prop output power: 325 kW, Pcomp: 23.6 kW
Cell efficiency: 0.306, Output efficiency: 0.271
mdot_h2: 8.06 g/s
Reynolds_number: 15,849,551
Stack prop output power: 242 kW, Pcomp: 2.2 kW
Cell efficiency: 0.280, Output efficiency: 0.264
mdot_h2: 6.17 g/s
Reynolds_number: 15,849,551
Stack prop output power: 242 kW, Pcomp: 2.2 kW
Cell efficiency: 0.280, Output efficiency: 0.264
mdot_h2: 6.17 g/s
Reynolds_number: 15,849,551
Stack prop output power: 242 kW, Pcomp: 17.5 kW
Cell efficiency: 0.306, Output efficiency: 0.271
mdot_h2: 6.00 g/s

-----------------------
ptotal_climb: 853 kW, mtom_est: 3,689 kg, mtom: 3,670 kg, residual: +19.05 kg

MTOM update: fixed_point_fallback, relax=1.000 -> mtom_next=3,689.42 kg

======================================================
======================= ITER 2 =======================
Reynolds_number: 15,849,551
Stack prop output power: 327 kW, Pcomp: 23.7 kW
Cell efficiency: 0.306, Output efficiency: 0.271
mdot_h2: 8.10 g/s
Reynolds_number: 15,849,551
Stack prop output power: 327 kW, Pcomp: 23.7 kW
Cell efficiency: 0.306, Output efficiency: 0.271
mdot_h2: 8.10 g/s
Reynolds_number: 15,849,551
Stack prop output power: 243 kW, Pcomp: 2.2 kW
Cell efficiency: 0.280, Output efficiency: 0.264
mdot_h2: 6.20 g/s
Reynolds_number: 15,849,551
Stack prop output power: 243 kW, Pcomp: 2.2 kW
Cell efficiency: 0.280, Output efficiency: 0.264
mdot_h2: 6.20 g/s
Reynolds_number: 15,849,551
Stack prop output power: 243 kW, Pcomp: 17.6 kW
Cell efficiency: 0.306, Output efficiency: 0.271
mdot_h2: 6.03 g/s

-----------------------
ptotal_climb: 858 kW, mtom_est: 3,704 kg, mtom: 3,689 kg, residual: +15.00 kg

MTOM update: newton, relax=1.000 -> mtom_next=3,759.87 kg

======================================================
======================= ITER 3 =======================
Reynolds_number: 15,849,551
Stack prop output power: 333 kW, Pcomp: 24.1 kW
Cell efficiency: 0.306, Output efficiency: 0.271
mdot_h2: 8.25 g/s
Reynolds_number: 15,849,551
Stack prop output power: 333 kW, Pcomp: 24.1 kW
Cell efficiency: 0.306, Output efficiency: 0.271
mdot_h2: 8.25 g/s
Reynolds_number: 15,849,551
Stack prop output power: 248 kW, Pcomp: 2.3 kW
Cell efficiency: 0.280, Output efficiency: 0.264
mdot_h2: 6.32 g/s
Reynolds_number: 15,849,551
Stack prop output power: 248 kW, Pcomp: 2.3 kW
Cell efficiency: 0.280, Output efficiency: 0.264
mdot_h2: 6.32 g/s
Reynolds_number: 15,849,551
Stack prop output power: 248 kW, Pcomp: 18.0 kW
Cell efficiency: 0.306, Output efficiency: 0.271
mdot_h2: 6.14 g/s

-----------------------
ptotal_climb: 874 kW, mtom_est: 3,732 kg, mtom: 3,760 kg, residual: -27.89 kg

MTOM update: newton, relax=0.500 -> mtom_next=3,736.96 kg

======================================================
======================= ITER 4 =======================
Reynolds_number: 15,849,551
Stack prop output power: 331 kW, Pcomp: 24.0 kW
Cell efficiency: 0.306, Output efficiency: 0.271
mdot_h2: 8.20 g/s
Reynolds_number: 15,849,551
Stack prop output power: 331 kW, Pcomp: 24.0 kW
Cell efficiency: 0.306, Output efficiency: 0.271
mdot_h2: 8.20 g/s
Reynolds_number: 15,849,551
Stack prop output power: 246 kW, Pcomp: 2.2 kW
Cell efficiency: 0.280, Output efficiency: 0.264
mdot_h2: 6.28 g/s
Reynolds_number: 15,849,551
Stack prop output power: 246 kW, Pcomp: 2.2 kW
Cell efficiency: 0.280, Output efficiency: 0.264
mdot_h2: 6.28 g/s
Reynolds_number: 15,849,551
Stack prop output power: 246 kW, Pcomp: 17.9 kW
Cell efficiency: 0.306, Output efficiency: 0.271
mdot_h2: 6.11 g/s

-----------------------
ptotal_climb: 869 kW, mtom_est: 3,721 kg, mtom: 3,737 kg, residual: -16.05 kg

MTOM update: newton, relax=0.600 -> mtom_next=3,718.34 kg

======================================================
======================= ITER 5 =======================
Reynolds_number: 15,849,551
Stack prop output power: 329 kW, Pcomp: 23.9 kW
Cell efficiency: 0.306, Output efficiency: 0.271
mdot_h2: 8.16 g/s
Reynolds_number: 15,849,551
Stack prop output power: 329 kW, Pcomp: 23.9 kW
Cell efficiency: 0.306, Output efficiency: 0.271
mdot_h2: 8.16 g/s
Reynolds_number: 15,849,551
Stack prop output power: 245 kW, Pcomp: 2.2 kW
Cell efficiency: 0.280, Output efficiency: 0.264
mdot_h2: 6.25 g/s
Reynolds_number: 15,849,551
Stack prop output power: 245 kW, Pcomp: 2.2 kW
Cell efficiency: 0.280, Output efficiency: 0.264
mdot_h2: 6.25 g/s
Reynolds_number: 15,849,551
Stack prop output power: 245 kW, Pcomp: 17.8 kW
Cell efficiency: 0.306, Output efficiency: 0.271
mdot_h2: 6.08 g/s

-----------------------
ptotal_climb: 865 kW, mtom_est: 3,713 kg, mtom: 3,718 kg, residual: -5.83 kg

MTOM update: newton, relax=0.720 -> mtom_next=3,710.68 kg

======================================================
======================= ITER 6 =======================
Reynolds_number: 15,849,551
Stack prop output power: 328 kW, Pcomp: 23.8 kW
Cell efficiency: 0.306, Output efficiency: 0.271
mdot_h2: 8.15 g/s
Reynolds_number: 15,849,551
Stack prop output power: 328 kW, Pcomp: 23.8 kW
Cell efficiency: 0.306, Output efficiency: 0.271
mdot_h2: 8.15 g/s
Reynolds_number: 15,849,551
Stack prop output power: 244 kW, Pcomp: 2.2 kW
Cell efficiency: 0.280, Output efficiency: 0.264
mdot_h2: 6.24 g/s
Reynolds_number: 15,849,551
Stack prop output power: 244 kW, Pcomp: 2.2 kW
Cell efficiency: 0.280, Output efficiency: 0.264
mdot_h2: 6.24 g/s
Reynolds_number: 15,849,551
Stack prop output power: 244 kW, Pcomp: 17.7 kW
Cell efficiency: 0.306, Output efficiency: 0.271
mdot_h2: 6.06 g/s

-----------------------
ptotal_climb: 863 kW, mtom_est: 3,708 kg, mtom: 3,711 kg, residual: -2.35 kg

Reynolds_number: 15,849,551
Stack prop output power: 328 kW, Pcomp: 23.8 kW
Cell efficiency: 0.306, Output efficiency: 0.271
mdot_h2: 8.15 g/s
Reynolds_number: 15,849,551
Stack prop output power: 328 kW, Pcomp: 23.8 kW
Cell efficiency: 0.306, Output efficiency: 0.271
mdot_h2: 8.15 g/s
Reynolds_number: 6,709,346
Stack prop output power: 244 kW, Pcomp: 2.1 kW
Cell efficiency: 0.305, Output efficiency: 0.287
mdot_h2: 5.73 g/s
Reynolds_number: 6,709,346
Stack prop output power: 244 kW, Pcomp: 2.1 kW
Cell efficiency: 0.305, Output efficiency: 0.287
mdot_h2: 5.73 g/s

CONVERGED
======================================================
======================= ITER 1 =======================
Reynolds_number: 15,849,551
Stack prop output power: 338 kW, Pcomp: 24.6 kW
Cell efficiency: 0.306, Output efficiency: 0.271
mdot_h2: 8.39 g/s
Reynolds_number: 15,849,551
Stack prop output power: 338 kW, Pcomp: 24.6 kW
Cell efficiency: 0.306, Output efficiency: 0.271
mdot_h2: 8.39 g/s
Reynolds_number: 15,849,551
Stack prop output power: 252 kW, Pcomp: 2.3 kW
Cell efficiency: 0.280, Output efficiency: 0.264
mdot_h2: 6.43 g/s
Reynolds_number: 15,849,551
Stack prop output power: 252 kW, Pcomp: 2.3 kW
Cell efficiency: 0.280, Output efficiency: 0.264
mdot_h2: 6.43 g/s
Reynolds_number: 15,849,551
Stack prop output power: 252 kW, Pcomp: 18.3 kW
Cell efficiency: 0.306, Output efficiency: 0.271
mdot_h2: 6.25 g/s

-----------------------
ptotal_climb: 889 kW, mtom_est: 3,743 kg, mtom: 3,708 kg, residual: +35.08 kg

MTOM update: fixed_point_fallback, relax=1.000 -> mtom_next=3,743.41 kg

======================================================
======================= ITER 2 =======================
Reynolds_number: 15,849,551
Stack prop output power: 342 kW, Pcomp: 24.8 kW
Cell efficiency: 0.306, Output efficiency: 0.271
mdot_h2: 8.47 g/s
Reynolds_number: 15,849,551
Stack prop output power: 342 kW, Pcomp: 24.8 kW
Cell efficiency: 0.306, Output efficiency: 0.271
mdot_h2: 8.47 g/s
Reynolds_number: 15,849,551
Stack prop output power: 254 kW, Pcomp: 2.3 kW
Cell efficiency: 0.280, Output efficiency: 0.264
mdot_h2: 6.49 g/s
Reynolds_number: 15,849,551
Stack prop output power: 254 kW, Pcomp: 2.3 kW
Cell efficiency: 0.280, Output efficiency: 0.264
mdot_h2: 6.49 g/s
Reynolds_number: 15,849,551
Stack prop output power: 254 kW, Pcomp: 18.4 kW
Cell efficiency: 0.306, Output efficiency: 0.271
mdot_h2: 6.31 g/s

-----------------------
ptotal_climb: 897 kW, mtom_est: 3,760 kg, mtom: 3,743 kg, residual: +16.87 kg

MTOM update: newton, relax=1.000 -> mtom_next=3,775.93 kg

======================================================
======================= ITER 3 =======================
Reynolds_number: 15,849,551
Stack prop output power: 345 kW, Pcomp: 25.0 kW
Cell efficiency: 0.306, Output efficiency: 0.271
mdot_h2: 8.55 g/s
Reynolds_number: 15,849,551
Stack prop output power: 345 kW, Pcomp: 25.0 kW
Cell efficiency: 0.306, Output efficiency: 0.271
mdot_h2: 8.55 g/s
Reynolds_number: 15,849,551
Stack prop output power: 256 kW, Pcomp: 2.3 kW
Cell efficiency: 0.280, Output efficiency: 0.264
mdot_h2: 6.55 g/s
Reynolds_number: 15,849,551
Stack prop output power: 256 kW, Pcomp: 2.3 kW
Cell efficiency: 0.280, Output efficiency: 0.264
mdot_h2: 6.55 g/s
Reynolds_number: 15,849,551
Stack prop output power: 256 kW, Pcomp: 18.6 kW
Cell efficiency: 0.306, Output efficiency: 0.271
mdot_h2: 6.36 g/s

-----------------------
ptotal_climb: 905 kW, mtom_est: 3,776 kg, mtom: 3,776 kg, residual: +0.06 kg

Reynolds_number: 15,849,551
Stack prop output power: 345 kW, Pcomp: 25.0 kW
Cell efficiency: 0.306, Output efficiency: 0.271
mdot_h2: 8.55 g/s
Reynolds_number: 15,849,551
Stack prop output power: 345 kW, Pcomp: 25.0 kW
Cell efficiency: 0.306, Output efficiency: 0.271
mdot_h2: 8.55 g/s
Reynolds_number: 6,709,346
Stack prop output power: 256 kW, Pcomp: 2.2 kW
Cell efficiency: 0.305, Output efficiency: 0.287
mdot_h2: 6.01 g/s
Reynolds_number: 6,709,346
Stack prop output power: 256 kW, Pcomp: 2.2 kW
Cell efficiency: 0.305, Output efficiency: 0.287
mdot_h2: 6.01 g/s

CONVERGED
======================================================
======================= ITER 1 =======================
Reynolds_number: 15,849,551
Stack prop output power: 355 kW, Pcomp: 25.8 kW
Cell efficiency: 0.306, Output efficiency: 0.271
mdot_h2: 8.81 g/s
Reynolds_number: 15,849,551
Stack prop output power: 355 kW, Pcomp: 25.8 kW
Cell efficiency: 0.306, Output efficiency: 0.271
mdot_h2: 8.81 g/s
Reynolds_number: 15,849,551
Stack prop output power: 264 kW, Pcomp: 2.4 kW
Cell efficiency: 0.280, Output efficiency: 0.264
mdot_h2: 6.75 g/s
Reynolds_number: 15,849,551
Stack prop output power: 264 kW, Pcomp: 2.4 kW
Cell efficiency: 0.280, Output efficiency: 0.264
mdot_h2: 6.75 g/s
Reynolds_number: 15,849,551
Stack prop output power: 264 kW, Pcomp: 19.2 kW
Cell efficiency: 0.306, Output efficiency: 0.271
mdot_h2: 6.56 g/s

-----------------------
ptotal_climb: 933 kW, mtom_est: 3,813 kg, mtom: 3,776 kg, residual: +37.37 kg

MTOM update: fixed_point_fallback, relax=1.000 -> mtom_next=3,813.36 kg

======================================================
======================= ITER 2 =======================
Reynolds_number: 15,849,551
Stack prop output power: 359 kW, Pcomp: 26.0 kW
Cell efficiency: 0.306, Output efficiency: 0.271
mdot_h2: 8.89 g/s
Reynolds_number: 15,849,551
Stack prop output power: 359 kW, Pcomp: 26.0 kW
Cell efficiency: 0.306, Output efficiency: 0.271
mdot_h2: 8.89 g/s
Reynolds_number: 15,849,551
Stack prop output power: 267 kW, Pcomp: 2.4 kW
Cell efficiency: 0.280, Output efficiency: 0.264
mdot_h2: 6.81 g/s
Reynolds_number: 15,849,551
Stack prop output power: 267 kW, Pcomp: 2.4 kW
Cell efficiency: 0.280, Output efficiency: 0.264
mdot_h2: 6.81 g/s
Reynolds_number: 15,849,551
Stack prop output power: 267 kW, Pcomp: 19.4 kW
Cell efficiency: 0.306, Output efficiency: 0.271
mdot_h2: 6.62 g/s

-----------------------
ptotal_climb: 942 kW, mtom_est: 3,832 kg, mtom: 3,813 kg, residual: +19.04 kg

MTOM update: newton, relax=1.000 -> mtom_next=3,852.17 kg

======================================================
======================= ITER 3 =======================
Reynolds_number: 15,849,551
Stack prop output power: 362 kW, Pcomp: 26.3 kW
Cell efficiency: 0.306, Output efficiency: 0.271
mdot_h2: 8.99 g/s
Reynolds_number: 15,849,551
Stack prop output power: 362 kW, Pcomp: 26.3 kW
Cell efficiency: 0.306, Output efficiency: 0.271
mdot_h2: 8.99 g/s
Reynolds_number: 15,849,551
Stack prop output power: 270 kW, Pcomp: 2.5 kW
Cell efficiency: 0.280, Output efficiency: 0.264
mdot_h2: 6.88 g/s
Reynolds_number: 15,849,551
Stack prop output power: 270 kW, Pcomp: 2.5 kW
Cell efficiency: 0.280, Output efficiency: 0.264
mdot_h2: 6.88 g/s
Reynolds_number: 15,849,551
Stack prop output power: 270 kW, Pcomp: 19.6 kW
Cell efficiency: 0.306, Output efficiency: 0.271
mdot_h2: 6.69 g/s

-----------------------
ptotal_climb: 952 kW, mtom_est: 3,851 kg, mtom: 3,852 kg, residual: -0.80 kg

Reynolds_number: 15,849,551
Stack prop output power: 362 kW, Pcomp: 26.3 kW
Cell efficiency: 0.306, Output efficiency: 0.271
mdot_h2: 8.99 g/s
Reynolds_number: 15,849,551
Stack prop output power: 362 kW, Pcomp: 26.3 kW
Cell efficiency: 0.306, Output efficiency: 0.271
mdot_h2: 8.99 g/s
Reynolds_number: 6,709,346
Stack prop output power: 270 kW, Pcomp: 2.3 kW
Cell efficiency: 0.305, Output efficiency: 0.287
mdot_h2: 6.32 g/s
Reynolds_number: 6,709,346
Stack prop output power: 270 kW, Pcomp: 2.3 kW
Cell efficiency: 0.305, Output efficiency: 0.287
mdot_h2: 6.32 g/s

CONVERGED
======================================================
======================= ITER 1 =======================
Reynolds_number: 15,849,551
Stack prop output power: 373 kW, Pcomp: 27.1 kW
Cell efficiency: 0.306, Output efficiency: 0.271
mdot_h2: 9.25 g/s
Reynolds_number: 15,849,551
Stack prop output power: 373 kW, Pcomp: 27.1 kW
Cell efficiency: 0.306, Output efficiency: 0.271
mdot_h2: 9.25 g/s
Reynolds_number: 15,849,551
Stack prop output power: 278 kW, Pcomp: 2.5 kW
Cell efficiency: 0.280, Output efficiency: 0.264
mdot_h2: 7.09 g/s
Reynolds_number: 15,849,551
Stack prop output power: 278 kW, Pcomp: 2.5 kW
Cell efficiency: 0.280, Output efficiency: 0.264
mdot_h2: 7.09 g/s
Reynolds_number: 15,849,551
Stack prop output power: 278 kW, Pcomp: 20.1 kW
Cell efficiency: 0.306, Output efficiency: 0.271
mdot_h2: 6.89 g/s

-----------------------
ptotal_climb: 980 kW, mtom_est: 3,890 kg, mtom: 3,851 kg, residual: +38.27 kg

MTOM update: fixed_point_fallback, relax=1.000 -> mtom_next=3,889.65 kg

======================================================
======================= ITER 2 =======================
Reynolds_number: 15,849,551
Stack prop output power: 377 kW, Pcomp: 27.3 kW
Cell efficiency: 0.306, Output efficiency: 0.271
mdot_h2: 9.34 g/s
Reynolds_number: 15,849,551
Stack prop output power: 377 kW, Pcomp: 27.3 kW
Cell efficiency: 0.306, Output efficiency: 0.271
mdot_h2: 9.34 g/s
Reynolds_number: 15,849,551
Stack prop output power: 280 kW, Pcomp: 2.6 kW
Cell efficiency: 0.280, Output efficiency: 0.264
mdot_h2: 7.16 g/s
Reynolds_number: 15,849,551
Stack prop output power: 280 kW, Pcomp: 2.6 kW
Cell efficiency: 0.280, Output efficiency: 0.264
mdot_h2: 7.16 g/s
Reynolds_number: 15,849,551
Stack prop output power: 280 kW, Pcomp: 20.3 kW
Cell efficiency: 0.306, Output efficiency: 0.271
mdot_h2: 6.95 g/s

-----------------------
ptotal_climb: 989 kW, mtom_est: 3,909 kg, mtom: 3,890 kg, residual: +19.09 kg

MTOM update: newton, relax=1.000 -> mtom_next=3,927.73 kg

======================================================
======================= ITER 3 =======================
Reynolds_number: 15,849,551
Stack prop output power: 380 kW, Pcomp: 27.6 kW
Cell efficiency: 0.306, Output efficiency: 0.271
mdot_h2: 9.43 g/s
Reynolds_number: 15,849,551
Stack prop output power: 380 kW, Pcomp: 27.6 kW
Cell efficiency: 0.306, Output efficiency: 0.271
mdot_h2: 9.43 g/s
Reynolds_number: 15,849,551
Stack prop output power: 283 kW, Pcomp: 2.6 kW
Cell efficiency: 0.280, Output efficiency: 0.264
mdot_h2: 7.23 g/s
Reynolds_number: 15,849,551
Stack prop output power: 283 kW, Pcomp: 2.6 kW
Cell efficiency: 0.280, Output efficiency: 0.264
mdot_h2: 7.23 g/s
Reynolds_number: 15,849,551
Stack prop output power: 283 kW, Pcomp: 20.5 kW
Cell efficiency: 0.306, Output efficiency: 0.271
mdot_h2: 7.02 g/s

-----------------------
ptotal_climb: 999 kW, mtom_est: 3,928 kg, mtom: 3,928 kg, residual: +0.01 kg

Reynolds_number: 15,849,551
Stack prop output power: 380 kW, Pcomp: 27.6 kW
Cell efficiency: 0.306, Output efficiency: 0.271
mdot_h2: 9.43 g/s
Reynolds_number: 15,849,551
Stack prop output power: 380 kW, Pcomp: 27.6 kW
Cell efficiency: 0.306, Output efficiency: 0.271
mdot_h2: 9.43 g/s
Reynolds_number: 6,709,346
Stack prop output power: 283 kW, Pcomp: 2.5 kW
Cell efficiency: 0.305, Output efficiency: 0.287
mdot_h2: 6.64 g/s
Reynolds_number: 6,709,346
Stack prop output power: 283 kW, Pcomp: 2.5 kW
Cell efficiency: 0.305, Output efficiency: 0.287
mdot_h2: 6.64 g/s

CONVERGED
======================================================
======================= ITER 1 =======================
Reynolds_number: 15,849,551
Stack prop output power: 391 kW, Pcomp: 28.4 kW
Cell efficiency: 0.306, Output efficiency: 0.271
mdot_h2: 9.71 g/s
Reynolds_number: 15,849,551
Stack prop output power: 391 kW, Pcomp: 28.4 kW
Cell efficiency: 0.306, Output efficiency: 0.271
mdot_h2: 9.71 g/s
Reynolds_number: 15,849,551
Stack prop output power: 291 kW, Pcomp: 2.7 kW
Cell efficiency: 0.280, Output efficiency: 0.264
mdot_h2: 7.44 g/s
Reynolds_number: 15,849,551
Stack prop output power: 291 kW, Pcomp: 2.7 kW
Cell efficiency: 0.280, Output efficiency: 0.264
mdot_h2: 7.44 g/s
Reynolds_number: 15,849,551
Stack prop output power: 291 kW, Pcomp: 21.1 kW
Cell efficiency: 0.306, Output efficiency: 0.271
mdot_h2: 7.23 g/s

-----------------------
ptotal_climb: 1,028 kW, mtom_est: 3,968 kg, mtom: 3,928 kg, residual: +39.96 kg

MTOM update: fixed_point_fallback, relax=1.000 -> mtom_next=3,967.70 kg

======================================================
======================= ITER 2 =======================
Reynolds_number: 15,849,551
Stack prop output power: 395 kW, Pcomp: 28.7 kW
Cell efficiency: 0.306, Output efficiency: 0.271
mdot_h2: 9.81 g/s
Reynolds_number: 15,849,551
Stack prop output power: 395 kW, Pcomp: 28.7 kW
Cell efficiency: 0.306, Output efficiency: 0.271
mdot_h2: 9.81 g/s
Reynolds_number: 15,849,551
Stack prop output power: 294 kW, Pcomp: 2.7 kW
Cell efficiency: 0.280, Output efficiency: 0.264
mdot_h2: 7.51 g/s
Reynolds_number: 15,849,551
Stack prop output power: 294 kW, Pcomp: 2.7 kW
Cell efficiency: 0.280, Output efficiency: 0.264
mdot_h2: 7.51 g/s
Reynolds_number: 15,849,551
Stack prop output power: 294 kW, Pcomp: 21.4 kW
Cell efficiency: 0.306, Output efficiency: 0.271
mdot_h2: 7.30 g/s

-----------------------
ptotal_climb: 1,039 kW, mtom_est: 3,989 kg, mtom: 3,968 kg, residual: +21.08 kg

MTOM update: newton, relax=1.000 -> mtom_next=4,012.31 kg

======================================================
======================= ITER 3 =======================
Reynolds_number: 15,849,551
Stack prop output power: 400 kW, Pcomp: 29.0 kW
Cell efficiency: 0.306, Output efficiency: 0.271
mdot_h2: 9.92 g/s
Reynolds_number: 15,849,551
Stack prop output power: 400 kW, Pcomp: 29.0 kW
Cell efficiency: 0.306, Output efficiency: 0.271
mdot_h2: 9.92 g/s
Reynolds_number: 15,849,551
Stack prop output power: 298 kW, Pcomp: 2.7 kW
Cell efficiency: 0.280, Output efficiency: 0.264
mdot_h2: 7.60 g/s
Reynolds_number: 15,849,551
Stack prop output power: 298 kW, Pcomp: 2.7 kW
Cell efficiency: 0.280, Output efficiency: 0.264
mdot_h2: 7.60 g/s
Reynolds_number: 15,849,551
Stack prop output power: 298 kW, Pcomp: 21.6 kW
Cell efficiency: 0.306, Output efficiency: 0.271
mdot_h2: 7.38 g/s

-----------------------
ptotal_climb: 1,051 kW, mtom_est: 4,011 kg, mtom: 4,012 kg, residual: -0.96 kg

Reynolds_number: 15,849,551
Stack prop output power: 400 kW, Pcomp: 29.0 kW
Cell efficiency: 0.306, Output efficiency: 0.271
mdot_h2: 9.92 g/s
Reynolds_number: 15,849,551
Stack prop output power: 400 kW, Pcomp: 29.0 kW
Cell efficiency: 0.306, Output efficiency: 0.271
mdot_h2: 9.92 g/s
Reynolds_number: 6,709,346
Stack prop output power: 298 kW, Pcomp: 2.6 kW
Cell efficiency: 0.305, Output efficiency: 0.287
mdot_h2: 6.98 g/s
Reynolds_number: 6,709,346
Stack prop output power: 298 kW, Pcomp: 2.6 kW
Cell efficiency: 0.305, Output efficiency: 0.287
mdot_h2: 6.98 g/s

CONVERGED
======================================================
======================= ITER 1 =======================
Reynolds_number: 15,849,551
Stack prop output power: 411 kW, Pcomp: 29.8 kW
Cell efficiency: 0.306, Output efficiency: 0.271
mdot_h2: 10.20 g/s
Reynolds_number: 15,849,551
Stack prop output power: 411 kW, Pcomp: 29.8 kW
Cell efficiency: 0.306, Output efficiency: 0.271
mdot_h2: 10.20 g/s
Reynolds_number: 15,849,551
Stack prop output power: 306 kW, Pcomp: 2.8 kW
Cell efficiency: 0.280, Output efficiency: 0.264
mdot_h2: 7.81 g/s
Reynolds_number: 15,849,551
Stack prop output power: 306 kW, Pcomp: 2.8 kW
Cell efficiency: 0.280, Output efficiency: 0.264
mdot_h2: 7.81 g/s
Reynolds_number: 15,849,551
Stack prop output power: 306 kW, Pcomp: 22.2 kW
Cell efficiency: 0.306, Output efficiency: 0.271
mdot_h2: 7.59 g/s

-----------------------
ptotal_climb: 1,080 kW, mtom_est: 4,052 kg, mtom: 4,011 kg, residual: +40.88 kg

MTOM update: fixed_point_fallback, relax=1.000 -> mtom_next=4,052.23 kg

======================================================
======================= ITER 2 =======================
Reynolds_number: 15,849,551
Stack prop output power: 415 kW, Pcomp: 30.1 kW
Cell efficiency: 0.306, Output efficiency: 0.271
mdot_h2: 10.31 g/s
Reynolds_number: 15,849,551
Stack prop output power: 415 kW, Pcomp: 30.1 kW
Cell efficiency: 0.306, Output efficiency: 0.271
mdot_h2: 10.31 g/s
Reynolds_number: 15,849,551
Stack prop output power: 309 kW, Pcomp: 2.8 kW
Cell efficiency: 0.280, Output efficiency: 0.264
mdot_h2: 7.89 g/s
Reynolds_number: 15,849,551
Stack prop output power: 309 kW, Pcomp: 2.8 kW
Cell efficiency: 0.280, Output efficiency: 0.264
mdot_h2: 7.89 g/s
Reynolds_number: 15,849,551
Stack prop output power: 309 kW, Pcomp: 22.4 kW
Cell efficiency: 0.306, Output efficiency: 0.271
mdot_h2: 7.67 g/s

-----------------------
ptotal_climb: 1,091 kW, mtom_est: 4,073 kg, mtom: 4,052 kg, residual: +21.16 kg

MTOM update: newton, relax=1.000 -> mtom_next=4,096.08 kg

======================================================
======================= ITER 3 =======================
Reynolds_number: 15,849,551
Stack prop output power: 420 kW, Pcomp: 30.5 kW
Cell efficiency: 0.306, Output efficiency: 0.271
mdot_h2: 10.42 g/s
Reynolds_number: 15,849,551
Stack prop output power: 420 kW, Pcomp: 30.5 kW
Cell efficiency: 0.306, Output efficiency: 0.271
mdot_h2: 10.42 g/s
Reynolds_number: 15,849,551
Stack prop output power: 313 kW, Pcomp: 2.8 kW
Cell efficiency: 0.280, Output efficiency: 0.264
mdot_h2: 7.98 g/s
Reynolds_number: 15,849,551
Stack prop output power: 313 kW, Pcomp: 2.8 kW
Cell efficiency: 0.280, Output efficiency: 0.264
mdot_h2: 7.98 g/s
Reynolds_number: 15,849,551
Stack prop output power: 313 kW, Pcomp: 22.7 kW
Cell efficiency: 0.306, Output efficiency: 0.271
mdot_h2: 7.75 g/s

-----------------------
ptotal_climb: 1,103 kW, mtom_est: 4,097 kg, mtom: 4,096 kg, residual: +0.76 kg

Reynolds_number: 15,849,551
Stack prop output power: 420 kW, Pcomp: 30.5 kW
Cell efficiency: 0.306, Output efficiency: 0.271
mdot_h2: 10.42 g/s
Reynolds_number: 15,849,551
Stack prop output power: 420 kW, Pcomp: 30.5 kW
Cell efficiency: 0.306, Output efficiency: 0.271
mdot_h2: 10.42 g/s
Reynolds_number: 6,709,346
Stack prop output power: 313 kW, Pcomp: 2.7 kW
Cell efficiency: 0.305, Output efficiency: 0.287
mdot_h2: 7.33 g/s
Reynolds_number: 6,709,346
Stack prop output power: 313 kW, Pcomp: 2.7 kW
Cell efficiency: 0.305, Output efficiency: 0.287
mdot_h2: 7.33 g/s

CONVERGED
======================================================
======================= ITER 1 =======================
Reynolds_number: 15,849,551
Stack prop output power: 432 kW, Pcomp: 31.3 kW
Cell efficiency: 0.306, Output efficiency: 0.271
mdot_h2: 10.71 g/s
Reynolds_number: 15,849,551
Stack prop output power: 432 kW, Pcomp: 31.3 kW
Cell efficiency: 0.306, Output efficiency: 0.271
mdot_h2: 10.71 g/s
Reynolds_number: 15,849,551
Stack prop output power: 321 kW, Pcomp: 2.9 kW
Cell efficiency: 0.280, Output efficiency: 0.264
mdot_h2: 8.21 g/s
Reynolds_number: 15,849,551
Stack prop output power: 321 kW, Pcomp: 2.9 kW
Cell efficiency: 0.280, Output efficiency: 0.264
mdot_h2: 8.21 g/s
Reynolds_number: 15,849,551
Stack prop output power: 321 kW, Pcomp: 23.3 kW
Cell efficiency: 0.306, Output efficiency: 0.271
mdot_h2: 7.97 g/s

-----------------------
ptotal_climb: 1,134 kW, mtom_est: 4,140 kg, mtom: 4,097 kg, residual: +43.15 kg

MTOM update: fixed_point_fallback, relax=1.000 -> mtom_next=4,139.99 kg

======================================================
======================= ITER 2 =======================
Reynolds_number: 15,849,551
Stack prop output power: 436 kW, Pcomp: 31.7 kW
Cell efficiency: 0.306, Output efficiency: 0.271
mdot_h2: 10.83 g/s
Reynolds_number: 15,849,551
Stack prop output power: 436 kW, Pcomp: 31.7 kW
Cell efficiency: 0.306, Output efficiency: 0.271
mdot_h2: 10.83 g/s
Reynolds_number: 15,849,551
Stack prop output power: 325 kW, Pcomp: 3.0 kW
Cell efficiency: 0.280, Output efficiency: 0.264
mdot_h2: 8.29 g/s
Reynolds_number: 15,849,551
Stack prop output power: 325 kW, Pcomp: 3.0 kW
Cell efficiency: 0.280, Output efficiency: 0.264
mdot_h2: 8.29 g/s
Reynolds_number: 15,849,551
Stack prop output power: 325 kW, Pcomp: 23.6 kW
Cell efficiency: 0.306, Output efficiency: 0.271
mdot_h2: 8.06 g/s

-----------------------
ptotal_climb: 1,146 kW, mtom_est: 4,163 kg, mtom: 4,140 kg, residual: +22.73 kg

MTOM update: newton, relax=1.000 -> mtom_next=4,188.00 kg

======================================================
======================= ITER 3 =======================
Reynolds_number: 15,849,551
Stack prop output power: 441 kW, Pcomp: 32.0 kW
Cell efficiency: 0.306, Output efficiency: 0.271
mdot_h2: 10.95 g/s
Reynolds_number: 15,849,551
Stack prop output power: 441 kW, Pcomp: 32.0 kW
Cell efficiency: 0.306, Output efficiency: 0.271
mdot_h2: 10.95 g/s
Reynolds_number: 15,849,551
Stack prop output power: 329 kW, Pcomp: 3.0 kW
Cell efficiency: 0.280, Output efficiency: 0.264
mdot_h2: 8.39 g/s
Reynolds_number: 15,849,551
Stack prop output power: 329 kW, Pcomp: 3.0 kW
Cell efficiency: 0.280, Output efficiency: 0.264
mdot_h2: 8.39 g/s
Reynolds_number: 15,849,551
Stack prop output power: 329 kW, Pcomp: 23.8 kW
Cell efficiency: 0.306, Output efficiency: 0.271
mdot_h2: 8.15 g/s

-----------------------
ptotal_climb: 1,160 kW, mtom_est: 4,189 kg, mtom: 4,188 kg, residual: +0.75 kg

Reynolds_number: 15,849,551
Stack prop output power: 441 kW, Pcomp: 32.0 kW
Cell efficiency: 0.306, Output efficiency: 0.271
mdot_h2: 10.95 g/s
Reynolds_number: 15,849,551
Stack prop output power: 441 kW, Pcomp: 32.0 kW
Cell efficiency: 0.306, Output efficiency: 0.271
mdot_h2: 10.95 g/s
Reynolds_number: 6,709,346
Stack prop output power: 329 kW, Pcomp: 2.9 kW
Cell efficiency: 0.305, Output efficiency: 0.287
mdot_h2: 7.70 g/s
Reynolds_number: 6,709,346
Stack prop output power: 329 kW, Pcomp: 2.9 kW
Cell efficiency: 0.305, Output efficiency: 0.287
mdot_h2: 7.70 g/s

CONVERGED
======================================================
======================= ITER 1 =======================
Reynolds_number: 15,849,551
Stack prop output power: 454 kW, Pcomp: 32.9 kW
Cell efficiency: 0.306, Output efficiency: 0.271
mdot_h2: 11.26 g/s
Reynolds_number: 15,849,551
Stack prop output power: 454 kW, Pcomp: 32.9 kW
Cell efficiency: 0.306, Output efficiency: 0.271
mdot_h2: 11.26 g/s
Reynolds_number: 15,849,551
Stack prop output power: 338 kW, Pcomp: 3.1 kW
Cell efficiency: 0.280, Output efficiency: 0.264
mdot_h2: 8.62 g/s
Reynolds_number: 15,849,551
Stack prop output power: 338 kW, Pcomp: 3.1 kW
Cell efficiency: 0.280, Output efficiency: 0.264
mdot_h2: 8.62 g/s
Reynolds_number: 15,849,551
Stack prop output power: 338 kW, Pcomp: 24.5 kW
Cell efficiency: 0.306, Output efficiency: 0.271
mdot_h2: 8.38 g/s

-----------------------
ptotal_climb: 1,192 kW, mtom_est: 4,233 kg, mtom: 4,189 kg, residual: +44.65 kg

MTOM update: fixed_point_fallback, relax=1.000 -> mtom_next=4,233.39 kg

======================================================
======================= ITER 2 =======================
Reynolds_number: 15,849,551
Stack prop output power: 459 kW, Pcomp: 33.3 kW
Cell efficiency: 0.306, Output efficiency: 0.271
mdot_h2: 11.38 g/s
Reynolds_number: 15,849,551
Stack prop output power: 459 kW, Pcomp: 33.3 kW
Cell efficiency: 0.306, Output efficiency: 0.271
mdot_h2: 11.38 g/s
Reynolds_number: 15,849,551
Stack prop output power: 341 kW, Pcomp: 3.1 kW
Cell efficiency: 0.280, Output efficiency: 0.264
mdot_h2: 8.71 g/s
Reynolds_number: 15,849,551
Stack prop output power: 341 kW, Pcomp: 3.1 kW
Cell efficiency: 0.280, Output efficiency: 0.264
mdot_h2: 8.71 g/s
Reynolds_number: 15,849,551
Stack prop output power: 341 kW, Pcomp: 24.8 kW
Cell efficiency: 0.306, Output efficiency: 0.271
mdot_h2: 8.47 g/s

-----------------------
ptotal_climb: 1,205 kW, mtom_est: 4,257 kg, mtom: 4,233 kg, residual: +23.95 kg

MTOM update: newton, relax=1.000 -> mtom_next=4,285.06 kg

======================================================
======================= ITER 3 =======================
Reynolds_number: 15,849,551
Stack prop output power: 464 kW, Pcomp: 33.7 kW
Cell efficiency: 0.306, Output efficiency: 0.271
mdot_h2: 11.51 g/s
Reynolds_number: 15,849,551
Stack prop output power: 464 kW, Pcomp: 33.7 kW
Cell efficiency: 0.306, Output efficiency: 0.271
mdot_h2: 11.51 g/s
Reynolds_number: 15,849,551
Stack prop output power: 345 kW, Pcomp: 3.1 kW
Cell efficiency: 0.280, Output efficiency: 0.264
mdot_h2: 8.82 g/s
Reynolds_number: 15,849,551
Stack prop output power: 345 kW, Pcomp: 3.1 kW
Cell efficiency: 0.280, Output efficiency: 0.264
mdot_h2: 8.82 g/s
Reynolds_number: 15,849,551
Stack prop output power: 345 kW, Pcomp: 25.1 kW
Cell efficiency: 0.306, Output efficiency: 0.271
mdot_h2: 8.57 g/s

-----------------------
ptotal_climb: 1,219 kW, mtom_est: 4,286 kg, mtom: 4,285 kg, residual: +0.73 kg

Reynolds_number: 15,849,551
Stack prop output power: 464 kW, Pcomp: 33.7 kW
Cell efficiency: 0.306, Output efficiency: 0.271
mdot_h2: 11.51 g/s
Reynolds_number: 15,849,551
Stack prop output power: 464 kW, Pcomp: 33.7 kW
Cell efficiency: 0.306, Output efficiency: 0.271
mdot_h2: 11.51 g/s
Reynolds_number: 6,709,346
Stack prop output power: 345 kW, Pcomp: 3.0 kW
Cell efficiency: 0.305, Output efficiency: 0.287
mdot_h2: 8.10 g/s
Reynolds_number: 6,709,346
Stack prop output power: 345 kW, Pcomp: 3.0 kW
Cell efficiency: 0.305, Output efficiency: 0.287
mdot_h2: 8.10 g/s

CONVERGED
ADRpy+HFCAD coupled sizing (min_mtom): W/S=2100.0 Pa (214.14 kg/m^2), MTOM=3670.4 kg, P/W_TO=0.12619, P/W_climb=0.12619, P/W_cruise=0.12619 (kW/kg)
Chromium init'ed with kwargs {}
Found chromium path: /usr/bin/google-chrome
Temp directory created: /tmp/tmpbyfcrysu.
Opening browser.
Temp directory created: /tmp/tmpusktij89.
ldd failed. e: Command '['ldd', '/usr/bin/google-chrome']' returned non-zero exit status 1., stderr: None
Temporary directory at: /tmp/tmpusktij89
Conforming 1 to file:///tmp/tmpbyfcrysu/index.html
Waiting on all navigates
All navigates done, putting them all in queue.
Getting tab from queue (has 1)
Got B98A
Processing fig.png
Sending big command for fig.png.
Sent big command for fig.png.
Reloading tab B98A before return.
Putting tab B98A back (queue size: 0).
Waiting for all cleanups to finish.
Exiting Kaleido
TemporaryDirectory.cleanup() worked.
shutil.rmtree worked.
Cancelling tasks.
Exiting Kaleido/Choreo
Closing browser.
TemporaryDirectory.cleanup() worked.
shutil.rmtree worked.
Cancelling tasks.
Exiting Kaleido/Choreo
Closing browser.
TemporaryDirectory.cleanup() worked.
shutil.rmtree worked.
Pfuel_ready: 42 kW, Pfuel_taxing: 84 kW, Pfuel_climb: 679 kW, Pfuel_cruise: 937 kW, Pfuel_cruise_charger: 937 kW, Pbat_climb: 158 kW, Pbat_charge: 0 kW
TemporaryDirectory.cleanup() worked.
shutil.rmtree worked.
qt.qpa.plugin: From 6.5.0, xcb-cursor0 or libxcb-cursor0 is needed to load the Qt xcb platform plugin.
qt.qpa.plugin: Could not load the Qt platform plugin "xcb" in "" even though it was found.
This application failed to start because no Qt platform plugin could be initialized. Reinstalling the application may fix this problem.

Available platform plugins are: linuxfb, xcb, wayland-brcm, wayland-egl, wayland, minimal, eglfs, offscreen, vkkhrdisplay, minimalegl, vnc.

