======================================================
======================= ITER 1 =======================
Reynolds_number: 8,251,329
Stack prop output power: 432 kW, Pcomp: 50.6 kW
Cell efficiency: 0.294, Output efficiency: 0.250
mdot_h2: 11.64 g/s
Reynolds_number: 8,251,329
Stack prop output power: 432 kW, Pcomp: 50.6 kW
Cell efficiency: 0.294, Output efficiency: 0.250
mdot_h2: 11.64 g/s
Reynolds_number: 8,251,329
Stack prop output power: 322 kW, Pcomp: 3.1 kW
Cell efficiency: 0.243, Output efficiency: 0.229
mdot_h2: 9.47 g/s
Reynolds_number: 8,251,329
Stack prop output power: 322 kW, Pcomp: 3.1 kW
Cell efficiency: 0.243, Output efficiency: 0.229
mdot_h2: 9.47 g/s
Reynolds_number: 8,251,329
Stack prop output power: 322 kW, Pcomp: 37.6 kW
Cell efficiency: 0.294, Output efficiency: 0.250
mdot_h2: 8.67 g/s

-----------------------
ptotal_climb: 1,181 kW, mtom_est: 5,673 kg, mtom: 5,000 kg, residual: +673.02 kg

MTOM update: fixed_point_fallback, relax=1.000 -> mtom_next=5,673.02 kg

======================================================
======================= ITER 2 =======================
Reynolds_number: 8,251,329
Stack prop output power: 491 kW, Pcomp: 57.4 kW
Cell efficiency: 0.294, Output efficiency: 0.250
mdot_h2: 13.21 g/s
Reynolds_number: 8,251,329
Stack prop output power: 491 kW, Pcomp: 57.4 kW
Cell efficiency: 0.294, Output efficiency: 0.250
mdot_h2: 13.21 g/s
Reynolds_number: 8,251,329
Stack prop output power: 365 kW, Pcomp: 3.5 kW
Cell efficiency: 0.243, Output efficiency: 0.229
mdot_h2: 10.74 g/s
Reynolds_number: 8,251,329
Stack prop output power: 365 kW, Pcomp: 3.5 kW
Cell efficiency: 0.243, Output efficiency: 0.229
mdot_h2: 10.74 g/s
Reynolds_number: 8,251,329
Stack prop output power: 365 kW, Pcomp: 42.7 kW
Cell efficiency: 0.294, Output efficiency: 0.250
mdot_h2: 9.83 g/s

-----------------------
ptotal_climb: 1,340 kW, mtom_est: 6,076 kg, mtom: 5,673 kg, residual: +402.98 kg

MTOM update: newton, relax=1.000 -> mtom_next=6,677.37 kg

======================================================
======================= ITER 3 =======================
Reynolds_number: 8,251,329
Stack prop output power: 577 kW, Pcomp: 67.5 kW
Cell efficiency: 0.294, Output efficiency: 0.250
mdot_h2: 15.55 g/s
Reynolds_number: 8,251,329
Stack prop output power: 577 kW, Pcomp: 67.5 kW
Cell efficiency: 0.294, Output efficiency: 0.250
mdot_h2: 15.55 g/s
Reynolds_number: 8,251,329
Stack prop output power: 430 kW, Pcomp: 4.1 kW
Cell efficiency: 0.243, Output efficiency: 0.229
mdot_h2: 12.65 g/s
Reynolds_number: 8,251,329
Stack prop output power: 430 kW, Pcomp: 4.1 kW
Cell efficiency: 0.243, Output efficiency: 0.229
mdot_h2: 12.65 g/s
Reynolds_number: 8,251,329
Stack prop output power: 430 kW, Pcomp: 50.3 kW
Cell efficiency: 0.294, Output efficiency: 0.250
mdot_h2: 11.57 g/s

-----------------------
ptotal_climb: 1,577 kW, mtom_est: 6,687 kg, mtom: 6,677 kg, residual: +9.24 kg

MTOM update: newton, relax=1.000 -> mtom_next=6,700.94 kg

======================================================
======================= ITER 4 =======================
Reynolds_number: 8,251,329
Stack prop output power: 579 kW, Pcomp: 67.8 kW
Cell efficiency: 0.294, Output efficiency: 0.250
mdot_h2: 15.60 g/s
Reynolds_number: 8,251,329
Stack prop output power: 579 kW, Pcomp: 67.8 kW
Cell efficiency: 0.294, Output efficiency: 0.250
mdot_h2: 15.60 g/s
Reynolds_number: 8,251,329
Stack prop output power: 431 kW, Pcomp: 4.2 kW
Cell efficiency: 0.243, Output efficiency: 0.229
mdot_h2: 12.69 g/s
Reynolds_number: 8,251,329
Stack prop output power: 431 kW, Pcomp: 4.2 kW
Cell efficiency: 0.243, Output efficiency: 0.229
mdot_h2: 12.69 g/s
Reynolds_number: 8,251,329
Stack prop output power: 431 kW, Pcomp: 50.4 kW
Cell efficiency: 0.294, Output efficiency: 0.250
mdot_h2: 11.61 g/s

-----------------------
ptotal_climb: 1,582 kW, mtom_est: 6,705 kg, mtom: 6,701 kg, residual: +4.10 kg

Reynolds_number: 8,251,329
Stack prop output power: 579 kW, Pcomp: 67.8 kW
Cell efficiency: 0.294, Output efficiency: 0.250
mdot_h2: 15.60 g/s
Reynolds_number: 8,251,329
Stack prop output power: 579 kW, Pcomp: 67.8 kW
Cell efficiency: 0.294, Output efficiency: 0.250
mdot_h2: 15.60 g/s
Reynolds_number: 6,709,346
Stack prop output power: 431 kW, Pcomp: 3.8 kW
Cell efficiency: 0.305, Output efficiency: 0.287
mdot_h2: 10.11 g/s
Reynolds_number: 6,709,346
Stack prop output power: 431 kW, Pcomp: 3.8 kW
Cell efficiency: 0.305, Output efficiency: 0.287
mdot_h2: 10.11 g/s

CONVERGED
======================================================
======================= ITER 1 =======================
Reynolds_number: 8,251,329
Stack prop output power: 581 kW, Pcomp: 67.9 kW
Cell efficiency: 0.294, Output efficiency: 0.250
mdot_h2: 15.64 g/s
Reynolds_number: 8,251,329
Stack prop output power: 581 kW, Pcomp: 67.9 kW
Cell efficiency: 0.294, Output efficiency: 0.250
mdot_h2: 15.64 g/s
Reynolds_number: 8,251,329
Stack prop output power: 432 kW, Pcomp: 4.2 kW
Cell efficiency: 0.243, Output efficiency: 0.229
mdot_h2: 12.72 g/s
Reynolds_number: 8,251,329
Stack prop output power: 432 kW, Pcomp: 4.2 kW
Cell efficiency: 0.243, Output efficiency: 0.229
mdot_h2: 12.72 g/s
Reynolds_number: 8,251,329
Stack prop output power: 432 kW, Pcomp: 50.6 kW
Cell efficiency: 0.294, Output efficiency: 0.250
mdot_h2: 11.64 g/s

-----------------------
ptotal_climb: 1,586 kW, mtom_est: 6,692 kg, mtom: 6,705 kg, residual: -12.78 kg

MTOM update: fixed_point_fallback, relax=1.000 -> mtom_next=6,692.27 kg

======================================================
======================= ITER 2 =======================
Reynolds_number: 8,251,329
Stack prop output power: 580 kW, Pcomp: 67.8 kW
Cell efficiency: 0.294, Output efficiency: 0.250
mdot_h2: 15.61 g/s
Reynolds_number: 8,251,329
Stack prop output power: 580 kW, Pcomp: 67.8 kW
Cell efficiency: 0.294, Output efficiency: 0.250
mdot_h2: 15.61 g/s
Reynolds_number: 8,251,329
Stack prop output power: 431 kW, Pcomp: 4.2 kW
Cell efficiency: 0.243, Output efficiency: 0.229
mdot_h2: 12.69 g/s
Reynolds_number: 8,251,329
Stack prop output power: 431 kW, Pcomp: 4.2 kW
Cell efficiency: 0.243, Output efficiency: 0.229
mdot_h2: 12.69 g/s
Reynolds_number: 8,251,329
Stack prop output power: 431 kW, Pcomp: 50.5 kW
Cell efficiency: 0.294, Output efficiency: 0.250
mdot_h2: 11.62 g/s

-----------------------
ptotal_climb: 1,583 kW, mtom_est: 6,691 kg, mtom: 6,692 kg, residual: -1.01 kg

Reynolds_number: 8,251,329
Stack prop output power: 580 kW, Pcomp: 67.8 kW
Cell efficiency: 0.294, Output efficiency: 0.250
mdot_h2: 15.61 g/s
Reynolds_number: 8,251,329
Stack prop output power: 580 kW, Pcomp: 67.8 kW
Cell efficiency: 0.294, Output efficiency: 0.250
mdot_h2: 15.61 g/s
Reynolds_number: 6,709,346
Stack prop output power: 431 kW, Pcomp: 3.8 kW
Cell efficiency: 0.305, Output efficiency: 0.287
mdot_h2: 10.12 g/s
Reynolds_number: 6,709,346
Stack prop output power: 431 kW, Pcomp: 3.8 kW
Cell efficiency: 0.305, Output efficiency: 0.287
mdot_h2: 10.12 g/s

CONVERGED
======================================================
======================= ITER 1 =======================
Reynolds_number: 8,251,329
Stack prop output power: 581 kW, Pcomp: 67.9 kW
Cell efficiency: 0.294, Output efficiency: 0.250
mdot_h2: 15.64 g/s
Reynolds_number: 8,251,329
Stack prop output power: 581 kW, Pcomp: 67.9 kW
Cell efficiency: 0.294, Output efficiency: 0.250
mdot_h2: 15.64 g/s
Reynolds_number: 8,251,329
Stack prop output power: 432 kW, Pcomp: 4.2 kW
Cell efficiency: 0.243, Output efficiency: 0.229
mdot_h2: 12.72 g/s
Reynolds_number: 8,251,329
Stack prop output power: 432 kW, Pcomp: 4.2 kW
Cell efficiency: 0.243, Output efficiency: 0.229
mdot_h2: 12.72 g/s
Reynolds_number: 8,251,329
Stack prop output power: 432 kW, Pcomp: 50.5 kW
Cell efficiency: 0.294, Output efficiency: 0.250
mdot_h2: 11.64 g/s

-----------------------
ptotal_climb: 1,585 kW, mtom_est: 6,680 kg, mtom: 6,691 kg, residual: -10.84 kg

MTOM update: fixed_point_fallback, relax=1.000 -> mtom_next=6,680.41 kg

======================================================
======================= ITER 2 =======================
Reynolds_number: 8,251,329
Stack prop output power: 580 kW, Pcomp: 67.8 kW
Cell efficiency: 0.294, Output efficiency: 0.250
mdot_h2: 15.61 g/s
Reynolds_number: 8,251,329
Stack prop output power: 580 kW, Pcomp: 67.8 kW
Cell efficiency: 0.294, Output efficiency: 0.250
mdot_h2: 15.61 g/s
Reynolds_number: 8,251,329
Stack prop output power: 431 kW, Pcomp: 4.2 kW
Cell efficiency: 0.243, Output efficiency: 0.229
mdot_h2: 12.70 g/s
Reynolds_number: 8,251,329
Stack prop output power: 431 kW, Pcomp: 4.2 kW
Cell efficiency: 0.243, Output efficiency: 0.229
mdot_h2: 12.70 g/s
Reynolds_number: 8,251,329
Stack prop output power: 431 kW, Pcomp: 50.5 kW
Cell efficiency: 0.294, Output efficiency: 0.250
mdot_h2: 11.62 g/s

-----------------------
ptotal_climb: 1,583 kW, mtom_est: 6,684 kg, mtom: 6,680 kg, residual: +3.94 kg

Reynolds_number: 8,251,329
Stack prop output power: 580 kW, Pcomp: 67.8 kW
Cell efficiency: 0.294, Output efficiency: 0.250
mdot_h2: 15.61 g/s
Reynolds_number: 8,251,329
Stack prop output power: 580 kW, Pcomp: 67.8 kW
Cell efficiency: 0.294, Output efficiency: 0.250
mdot_h2: 15.61 g/s
Reynolds_number: 6,709,346
Stack prop output power: 431 kW, Pcomp: 3.8 kW
Cell efficiency: 0.305, Output efficiency: 0.287
mdot_h2: 10.12 g/s
Reynolds_number: 6,709,346
Stack prop output power: 431 kW, Pcomp: 3.8 kW
Cell efficiency: 0.305, Output efficiency: 0.287
mdot_h2: 10.12 g/s

CONVERGED
======================================================
======================= ITER 1 =======================
Reynolds_number: 8,251,329
Stack prop output power: 592 kW, Pcomp: 69.2 kW
Cell efficiency: 0.294, Output efficiency: 0.250
mdot_h2: 15.93 g/s
Reynolds_number: 8,251,329
Stack prop output power: 592 kW, Pcomp: 69.2 kW
Cell efficiency: 0.294, Output efficiency: 0.250
mdot_h2: 15.93 g/s
Reynolds_number: 8,251,329
Stack prop output power: 440 kW, Pcomp: 4.2 kW
Cell efficiency: 0.243, Output efficiency: 0.229
mdot_h2: 12.95 g/s
Reynolds_number: 8,251,329
Stack prop output power: 440 kW, Pcomp: 4.2 kW
Cell efficiency: 0.243, Output efficiency: 0.229
mdot_h2: 12.95 g/s
Reynolds_number: 8,251,329
Stack prop output power: 440 kW, Pcomp: 51.5 kW
Cell efficiency: 0.294, Output efficiency: 0.250
mdot_h2: 11.86 g/s

-----------------------
ptotal_climb: 1,615 kW, mtom_est: 6,730 kg, mtom: 6,684 kg, residual: +45.43 kg

MTOM update: fixed_point_fallback, relax=1.000 -> mtom_next=6,729.78 kg

======================================================
======================= ITER 2 =======================
Reynolds_number: 8,251,329
Stack prop output power: 596 kW, Pcomp: 69.7 kW
Cell efficiency: 0.294, Output efficiency: 0.250
mdot_h2: 16.04 g/s
Reynolds_number: 8,251,329
Stack prop output power: 596 kW, Pcomp: 69.7 kW
Cell efficiency: 0.294, Output efficiency: 0.250
mdot_h2: 16.04 g/s
Reynolds_number: 8,251,329
Stack prop output power: 443 kW, Pcomp: 4.3 kW
Cell efficiency: 0.243, Output efficiency: 0.229
mdot_h2: 13.04 g/s
Reynolds_number: 8,251,329
Stack prop output power: 443 kW, Pcomp: 4.3 kW
Cell efficiency: 0.243, Output efficiency: 0.229
mdot_h2: 13.04 g/s
Reynolds_number: 8,251,329
Stack prop output power: 443 kW, Pcomp: 51.8 kW
Cell efficiency: 0.294, Output efficiency: 0.250
mdot_h2: 11.94 g/s

-----------------------
ptotal_climb: 1,626 kW, mtom_est: 6,767 kg, mtom: 6,730 kg, residual: +37.55 kg

MTOM update: newton, relax=1.000 -> mtom_next=6,946.44 kg

======================================================
======================= ITER 3 =======================
Reynolds_number: 8,251,329
Stack prop output power: 615 kW, Pcomp: 71.9 kW
Cell efficiency: 0.294, Output efficiency: 0.250
mdot_h2: 16.56 g/s
Reynolds_number: 8,251,329
Stack prop output power: 615 kW, Pcomp: 71.9 kW
Cell efficiency: 0.294, Output efficiency: 0.250
mdot_h2: 16.56 g/s
Reynolds_number: 8,251,329
Stack prop output power: 458 kW, Pcomp: 4.4 kW
Cell efficiency: 0.243, Output efficiency: 0.229
mdot_h2: 13.46 g/s
Reynolds_number: 8,251,329
Stack prop output power: 458 kW, Pcomp: 4.4 kW
Cell efficiency: 0.243, Output efficiency: 0.229
mdot_h2: 13.46 g/s
Reynolds_number: 8,251,329
Stack prop output power: 458 kW, Pcomp: 53.5 kW
Cell efficiency: 0.294, Output efficiency: 0.250
mdot_h2: 12.32 g/s

-----------------------
ptotal_climb: 1,679 kW, mtom_est: 6,899 kg, mtom: 6,946 kg, residual: -46.99 kg

MTOM update: newton, relax=0.500 -> mtom_next=6,886.23 kg

======================================================
======================= ITER 4 =======================
Reynolds_number: 8,251,329
Stack prop output power: 609 kW, Pcomp: 71.3 kW
Cell efficiency: 0.294, Output efficiency: 0.250
mdot_h2: 16.41 g/s
Reynolds_number: 8,251,329
Stack prop output power: 609 kW, Pcomp: 71.3 kW
Cell efficiency: 0.294, Output efficiency: 0.250
mdot_h2: 16.41 g/s
Reynolds_number: 8,251,329
Stack prop output power: 454 kW, Pcomp: 4.4 kW
Cell efficiency: 0.243, Output efficiency: 0.229
mdot_h2: 13.35 g/s
Reynolds_number: 8,251,329
Stack prop output power: 454 kW, Pcomp: 4.4 kW
Cell efficiency: 0.243, Output efficiency: 0.229
mdot_h2: 13.35 g/s
Reynolds_number: 8,251,329
Stack prop output power: 454 kW, Pcomp: 53.0 kW
Cell efficiency: 0.294, Output efficiency: 0.250
mdot_h2: 12.21 g/s

-----------------------
ptotal_climb: 1,664 kW, mtom_est: 6,869 kg, mtom: 6,886 kg, residual: -17.54 kg

MTOM update: newton, relax=0.600 -> mtom_next=6,864.72 kg

======================================================
======================= ITER 5 =======================
Reynolds_number: 8,251,329
Stack prop output power: 608 kW, Pcomp: 71.1 kW
Cell efficiency: 0.294, Output efficiency: 0.250
mdot_h2: 16.36 g/s
Reynolds_number: 8,251,329
Stack prop output power: 608 kW, Pcomp: 71.1 kW
Cell efficiency: 0.294, Output efficiency: 0.250
mdot_h2: 16.36 g/s
Reynolds_number: 8,251,329
Stack prop output power: 452 kW, Pcomp: 4.4 kW
Cell efficiency: 0.243, Output efficiency: 0.229
mdot_h2: 13.30 g/s
Reynolds_number: 8,251,329
Stack prop output power: 452 kW, Pcomp: 4.4 kW
Cell efficiency: 0.243, Output efficiency: 0.229
mdot_h2: 13.30 g/s
Reynolds_number: 8,251,329
Stack prop output power: 452 kW, Pcomp: 52.9 kW
Cell efficiency: 0.294, Output efficiency: 0.250
mdot_h2: 12.18 g/s

-----------------------
ptotal_climb: 1,659 kW, mtom_est: 6,840 kg, mtom: 6,865 kg, residual: -25.03 kg

MTOM update: regula_falsi, relax=0.300 -> mtom_next=6,810.75 kg

======================================================
======================= ITER 6 =======================
Reynolds_number: 8,251,329
Stack prop output power: 603 kW, Pcomp: 70.5 kW
Cell efficiency: 0.294, Output efficiency: 0.250
mdot_h2: 16.23 g/s
Reynolds_number: 8,251,329
Stack prop output power: 603 kW, Pcomp: 70.5 kW
Cell efficiency: 0.294, Output efficiency: 0.250
mdot_h2: 16.23 g/s
Reynolds_number: 8,251,329
Stack prop output power: 449 kW, Pcomp: 4.3 kW
Cell efficiency: 0.243, Output efficiency: 0.229
mdot_h2: 13.20 g/s
Reynolds_number: 8,251,329
Stack prop output power: 449 kW, Pcomp: 4.3 kW
Cell efficiency: 0.243, Output efficiency: 0.229
mdot_h2: 13.20 g/s
Reynolds_number: 8,251,329
Stack prop output power: 449 kW, Pcomp: 52.5 kW
Cell efficiency: 0.294, Output efficiency: 0.250
mdot_h2: 12.08 g/s

-----------------------
ptotal_climb: 1,646 kW, mtom_est: 6,806 kg, mtom: 6,811 kg, residual: -4.52 kg

Reynolds_number: 8,251,329
Stack prop output power: 603 kW, Pcomp: 70.5 kW
Cell efficiency: 0.294, Output efficiency: 0.250
mdot_h2: 16.23 g/s
Reynolds_number: 8,251,329
Stack prop output power: 603 kW, Pcomp: 70.5 kW
Cell efficiency: 0.294, Output efficiency: 0.250
mdot_h2: 16.23 g/s
Reynolds_number: 6,709,346
Stack prop output power: 449 kW, Pcomp: 3.9 kW
Cell efficiency: 0.305, Output efficiency: 0.287
mdot_h2: 10.52 g/s
Reynolds_number: 6,709,346
Stack prop output power: 449 kW, Pcomp: 3.9 kW
Cell efficiency: 0.305, Output efficiency: 0.287
mdot_h2: 10.52 g/s

CONVERGED
======================================================
======================= ITER 1 =======================
Reynolds_number: 8,251,329
Stack prop output power: 621 kW, Pcomp: 72.6 kW
Cell efficiency: 0.294, Output efficiency: 0.250
mdot_h2: 16.73 g/s
Reynolds_number: 8,251,329
Stack prop output power: 621 kW, Pcomp: 72.6 kW
Cell efficiency: 0.294, Output efficiency: 0.250
mdot_h2: 16.73 g/s
Reynolds_number: 8,251,329
Stack prop output power: 462 kW, Pcomp: 4.5 kW
Cell efficiency: 0.243, Output efficiency: 0.229
mdot_h2: 13.60 g/s
Reynolds_number: 8,251,329
Stack prop output power: 462 kW, Pcomp: 4.5 kW
Cell efficiency: 0.243, Output efficiency: 0.229
mdot_h2: 13.60 g/s
Reynolds_number: 8,251,329
Stack prop output power: 462 kW, Pcomp: 54.1 kW
Cell efficiency: 0.294, Output efficiency: 0.250
mdot_h2: 12.45 g/s

-----------------------
ptotal_climb: 1,696 kW, mtom_est: 6,896 kg, mtom: 6,806 kg, residual: +89.47 kg

MTOM update: fixed_point_fallback, relax=1.000 -> mtom_next=6,895.70 kg

======================================================
======================= ITER 2 =======================
Reynolds_number: 8,251,329
Stack prop output power: 629 kW, Pcomp: 73.6 kW
Cell efficiency: 0.294, Output efficiency: 0.250
mdot_h2: 16.95 g/s
Reynolds_number: 8,251,329
Stack prop output power: 629 kW, Pcomp: 73.6 kW
Cell efficiency: 0.294, Output efficiency: 0.250
mdot_h2: 16.95 g/s
Reynolds_number: 8,251,329
Stack prop output power: 468 kW, Pcomp: 4.5 kW
Cell efficiency: 0.243, Output efficiency: 0.229
mdot_h2: 13.78 g/s
Reynolds_number: 8,251,329
Stack prop output power: 468 kW, Pcomp: 4.5 kW
Cell efficiency: 0.243, Output efficiency: 0.229
mdot_h2: 13.78 g/s
Reynolds_number: 8,251,329
Stack prop output power: 468 kW, Pcomp: 54.8 kW
Cell efficiency: 0.294, Output efficiency: 0.250
mdot_h2: 12.61 g/s

-----------------------
ptotal_climb: 1,718 kW, mtom_est: 6,951 kg, mtom: 6,896 kg, residual: +55.17 kg

MTOM update: newton, relax=1.000 -> mtom_next=7,039.62 kg

======================================================
======================= ITER 3 =======================
Reynolds_number: 8,251,329
Stack prop output power: 642 kW, Pcomp: 75.1 kW
Cell efficiency: 0.294, Output efficiency: 0.250
mdot_h2: 17.30 g/s
Reynolds_number: 8,251,329
Stack prop output power: 642 kW, Pcomp: 75.1 kW
Cell efficiency: 0.294, Output efficiency: 0.250
mdot_h2: 17.30 g/s
Reynolds_number: 8,251,329
Stack prop output power: 478 kW, Pcomp: 4.6 kW
Cell efficiency: 0.243, Output efficiency: 0.229
mdot_h2: 14.07 g/s
Reynolds_number: 8,251,329
Stack prop output power: 478 kW, Pcomp: 4.6 kW
Cell efficiency: 0.243, Output efficiency: 0.229
mdot_h2: 14.07 g/s
Reynolds_number: 8,251,329
Stack prop output power: 478 kW, Pcomp: 55.9 kW
Cell efficiency: 0.294, Output efficiency: 0.250
mdot_h2: 12.87 g/s

-----------------------
ptotal_climb: 1,754 kW, mtom_est: 7,041 kg, mtom: 7,040 kg, residual: +0.96 kg

Reynolds_number: 8,251,329
Stack prop output power: 642 kW, Pcomp: 75.1 kW
Cell efficiency: 0.294, Output efficiency: 0.250
mdot_h2: 17.30 g/s
Reynolds_number: 8,251,329
Stack prop output power: 642 kW, Pcomp: 75.1 kW
Cell efficiency: 0.294, Output efficiency: 0.250
mdot_h2: 17.30 g/s
Reynolds_number: 6,709,346
Stack prop output power: 478 kW, Pcomp: 4.2 kW
Cell efficiency: 0.305, Output efficiency: 0.287
mdot_h2: 11.21 g/s
Reynolds_number: 6,709,346
Stack prop output power: 478 kW, Pcomp: 4.2 kW
Cell efficiency: 0.305, Output efficiency: 0.287
mdot_h2: 11.21 g/s

CONVERGED
======================================================
======================= ITER 1 =======================
Reynolds_number: 8,251,329
Stack prop output power: 662 kW, Pcomp: 77.4 kW
Cell efficiency: 0.294, Output efficiency: 0.250
mdot_h2: 17.83 g/s
Reynolds_number: 8,251,329
Stack prop output power: 662 kW, Pcomp: 77.4 kW
Cell efficiency: 0.294, Output efficiency: 0.250
mdot_h2: 17.83 g/s
Reynolds_number: 8,251,329
Stack prop output power: 493 kW, Pcomp: 4.7 kW
Cell efficiency: 0.243, Output efficiency: 0.229
mdot_h2: 14.50 g/s
Reynolds_number: 8,251,329
Stack prop output power: 493 kW, Pcomp: 4.7 kW
Cell efficiency: 0.243, Output efficiency: 0.229
mdot_h2: 14.50 g/s
Reynolds_number: 8,251,329
Stack prop output power: 493 kW, Pcomp: 57.6 kW
Cell efficiency: 0.294, Output efficiency: 0.250
mdot_h2: 13.27 g/s

-----------------------
ptotal_climb: 1,808 kW, mtom_est: 7,138 kg, mtom: 7,041 kg, residual: +97.09 kg

MTOM update: fixed_point_fallback, relax=1.000 -> mtom_next=7,137.66 kg

======================================================
======================= ITER 2 =======================
Reynolds_number: 8,251,329
Stack prop output power: 671 kW, Pcomp: 78.5 kW
Cell efficiency: 0.294, Output efficiency: 0.250
mdot_h2: 18.07 g/s
Reynolds_number: 8,251,329
Stack prop output power: 671 kW, Pcomp: 78.5 kW
Cell efficiency: 0.294, Output efficiency: 0.250
mdot_h2: 18.07 g/s
Reynolds_number: 8,251,329
Stack prop output power: 500 kW, Pcomp: 4.8 kW
Cell efficiency: 0.243, Output efficiency: 0.229
mdot_h2: 14.70 g/s
Reynolds_number: 8,251,329
Stack prop output power: 500 kW, Pcomp: 4.8 kW
Cell efficiency: 0.243, Output efficiency: 0.229
mdot_h2: 14.70 g/s
Reynolds_number: 8,251,329
Stack prop output power: 500 kW, Pcomp: 58.4 kW
Cell efficiency: 0.294, Output efficiency: 0.250
mdot_h2: 13.45 g/s

-----------------------
ptotal_climb: 1,832 kW, mtom_est: 7,206 kg, mtom: 7,138 kg, residual: +68.63 kg

MTOM update: newton, relax=1.000 -> mtom_next=7,371.78 kg

======================================================
======================= ITER 3 =======================
Reynolds_number: 8,251,329
Stack prop output power: 693 kW, Pcomp: 81.1 kW
Cell efficiency: 0.294, Output efficiency: 0.250
mdot_h2: 18.67 g/s
Reynolds_number: 8,251,329
Stack prop output power: 693 kW, Pcomp: 81.1 kW
Cell efficiency: 0.294, Output efficiency: 0.250
mdot_h2: 18.67 g/s
Reynolds_number: 8,251,329
Stack prop output power: 516 kW, Pcomp: 5.0 kW
Cell efficiency: 0.243, Output efficiency: 0.229
mdot_h2: 15.18 g/s
Reynolds_number: 8,251,329
Stack prop output power: 516 kW, Pcomp: 5.0 kW
Cell efficiency: 0.243, Output efficiency: 0.229
mdot_h2: 15.18 g/s
Reynolds_number: 8,251,329
Stack prop output power: 516 kW, Pcomp: 60.3 kW
Cell efficiency: 0.294, Output efficiency: 0.250
mdot_h2: 13.89 g/s

-----------------------
ptotal_climb: 1,893 kW, mtom_est: 7,350 kg, mtom: 7,372 kg, residual: -22.01 kg

MTOM update: newton, relax=1.000 -> mtom_next=7,314.93 kg

======================================================
======================= ITER 4 =======================
Reynolds_number: 8,251,329
Stack prop output power: 688 kW, Pcomp: 80.4 kW
Cell efficiency: 0.294, Output efficiency: 0.250
mdot_h2: 18.52 g/s
Reynolds_number: 8,251,329
Stack prop output power: 688 kW, Pcomp: 80.4 kW
Cell efficiency: 0.294, Output efficiency: 0.250
mdot_h2: 18.52 g/s
Reynolds_number: 8,251,329
Stack prop output power: 512 kW, Pcomp: 4.9 kW
Cell efficiency: 0.243, Output efficiency: 0.229
mdot_h2: 15.06 g/s
Reynolds_number: 8,251,329
Stack prop output power: 512 kW, Pcomp: 4.9 kW
Cell efficiency: 0.243, Output efficiency: 0.229
mdot_h2: 15.06 g/s
Reynolds_number: 8,251,329
Stack prop output power: 512 kW, Pcomp: 59.9 kW
Cell efficiency: 0.294, Output efficiency: 0.250
mdot_h2: 13.79 g/s

-----------------------
ptotal_climb: 1,878 kW, mtom_est: 7,313 kg, mtom: 7,315 kg, residual: -1.94 kg

Reynolds_number: 8,251,329
Stack prop output power: 688 kW, Pcomp: 80.4 kW
Cell efficiency: 0.294, Output efficiency: 0.250
mdot_h2: 18.52 g/s
Reynolds_number: 8,251,329
Stack prop output power: 688 kW, Pcomp: 80.4 kW
Cell efficiency: 0.294, Output efficiency: 0.250
mdot_h2: 18.52 g/s
Reynolds_number: 6,709,346
Stack prop output power: 512 kW, Pcomp: 4.5 kW
Cell efficiency: 0.305, Output efficiency: 0.287
mdot_h2: 12.00 g/s
Reynolds_number: 6,709,346
Stack prop output power: 512 kW, Pcomp: 4.5 kW
Cell efficiency: 0.305, Output efficiency: 0.287
mdot_h2: 12.00 g/s

CONVERGED
======================================================
======================= ITER 1 =======================
Reynolds_number: 8,251,329
Stack prop output power: 708 kW, Pcomp: 82.8 kW
Cell efficiency: 0.294, Output efficiency: 0.250
mdot_h2: 19.07 g/s
Reynolds_number: 8,251,329
Stack prop output power: 708 kW, Pcomp: 82.8 kW
Cell efficiency: 0.294, Output efficiency: 0.250
mdot_h2: 19.07 g/s
Reynolds_number: 8,251,329
Stack prop output power: 527 kW, Pcomp: 5.1 kW
Cell efficiency: 0.243, Output efficiency: 0.229
mdot_h2: 15.51 g/s
Reynolds_number: 8,251,329
Stack prop output power: 527 kW, Pcomp: 5.1 kW
Cell efficiency: 0.243, Output efficiency: 0.229
mdot_h2: 15.51 g/s
Reynolds_number: 8,251,329
Stack prop output power: 527 kW, Pcomp: 61.6 kW
Cell efficiency: 0.294, Output efficiency: 0.250
mdot_h2: 14.19 g/s

-----------------------
ptotal_climb: 1,933 kW, mtom_est: 7,413 kg, mtom: 7,313 kg, residual: +100.36 kg

MTOM update: fixed_point_fallback, relax=1.000 -> mtom_next=7,413.35 kg

======================================================
======================= ITER 2 =======================
Reynolds_number: 8,251,329
Stack prop output power: 718 kW, Pcomp: 84.0 kW
Cell efficiency: 0.294, Output efficiency: 0.250
mdot_h2: 19.33 g/s
Reynolds_number: 8,251,329
Stack prop output power: 718 kW, Pcomp: 84.0 kW
Cell efficiency: 0.294, Output efficiency: 0.250
mdot_h2: 19.33 g/s
Reynolds_number: 8,251,329
Stack prop output power: 534 kW, Pcomp: 5.1 kW
Cell efficiency: 0.243, Output efficiency: 0.229
mdot_h2: 15.72 g/s
Reynolds_number: 8,251,329
Stack prop output power: 534 kW, Pcomp: 5.1 kW
Cell efficiency: 0.243, Output efficiency: 0.229
mdot_h2: 15.72 g/s
Reynolds_number: 8,251,329
Stack prop output power: 534 kW, Pcomp: 62.5 kW
Cell efficiency: 0.294, Output efficiency: 0.250
mdot_h2: 14.39 g/s

-----------------------
ptotal_climb: 1,960 kW, mtom_est: 7,479 kg, mtom: 7,413 kg, residual: +65.65 kg

MTOM update: newton, relax=1.000 -> mtom_next=7,603.17 kg

======================================================
======================= ITER 3 =======================
Reynolds_number: 8,251,329
Stack prop output power: 736 kW, Pcomp: 86.1 kW
Cell efficiency: 0.294, Output efficiency: 0.250
mdot_h2: 19.83 g/s
Reynolds_number: 8,251,329
Stack prop output power: 736 kW, Pcomp: 86.1 kW
Cell efficiency: 0.294, Output efficiency: 0.250
mdot_h2: 19.83 g/s
Reynolds_number: 8,251,329
Stack prop output power: 548 kW, Pcomp: 5.3 kW
Cell efficiency: 0.243, Output efficiency: 0.229
mdot_h2: 16.12 g/s
Reynolds_number: 8,251,329
Stack prop output power: 548 kW, Pcomp: 5.3 kW
Cell efficiency: 0.243, Output efficiency: 0.229
mdot_h2: 16.12 g/s
Reynolds_number: 8,251,329
Stack prop output power: 548 kW, Pcomp: 64.1 kW
Cell efficiency: 0.294, Output efficiency: 0.250
mdot_h2: 14.76 g/s

-----------------------
ptotal_climb: 2,010 kW, mtom_est: 7,603 kg, mtom: 7,603 kg, residual: -0.66 kg

Reynolds_number: 8,251,329
Stack prop output power: 736 kW, Pcomp: 86.1 kW
Cell efficiency: 0.294, Output efficiency: 0.250
mdot_h2: 19.83 g/s
Reynolds_number: 8,251,329
Stack prop output power: 736 kW, Pcomp: 86.1 kW
Cell efficiency: 0.294, Output efficiency: 0.250
mdot_h2: 19.83 g/s
Reynolds_number: 6,709,346
Stack prop output power: 548 kW, Pcomp: 4.8 kW
Cell efficiency: 0.305, Output efficiency: 0.287
mdot_h2: 12.85 g/s
Reynolds_number: 6,709,346
Stack prop output power: 548 kW, Pcomp: 4.8 kW
Cell efficiency: 0.305, Output efficiency: 0.287
mdot_h2: 12.85 g/s

CONVERGED
======================================================
======================= ITER 1 =======================
Reynolds_number: 8,251,329
Stack prop output power: 758 kW, Pcomp: 88.6 kW
Cell efficiency: 0.294, Output efficiency: 0.250
mdot_h2: 20.40 g/s
Reynolds_number: 8,251,329
Stack prop output power: 758 kW, Pcomp: 88.6 kW
Cell efficiency: 0.294, Output efficiency: 0.250
mdot_h2: 20.40 g/s
Reynolds_number: 8,251,329
Stack prop output power: 564 kW, Pcomp: 5.4 kW
Cell efficiency: 0.243, Output efficiency: 0.229
mdot_h2: 16.59 g/s
Reynolds_number: 8,251,329
Stack prop output power: 564 kW, Pcomp: 5.4 kW
Cell efficiency: 0.243, Output efficiency: 0.229
mdot_h2: 16.59 g/s
Reynolds_number: 8,251,329
Stack prop output power: 564 kW, Pcomp: 66.0 kW
Cell efficiency: 0.294, Output efficiency: 0.250
mdot_h2: 15.19 g/s

-----------------------
ptotal_climb: 2,069 kW, mtom_est: 7,716 kg, mtom: 7,603 kg, residual: +112.99 kg

MTOM update: fixed_point_fallback, relax=1.000 -> mtom_next=7,715.50 kg

======================================================
======================= ITER 2 =======================
Reynolds_number: 8,251,329
Stack prop output power: 769 kW, Pcomp: 89.9 kW
Cell efficiency: 0.294, Output efficiency: 0.250
mdot_h2: 20.71 g/s
Reynolds_number: 8,251,329
Stack prop output power: 769 kW, Pcomp: 89.9 kW
Cell efficiency: 0.294, Output efficiency: 0.250
mdot_h2: 20.71 g/s
Reynolds_number: 8,251,329
Stack prop output power: 572 kW, Pcomp: 5.5 kW
Cell efficiency: 0.243, Output efficiency: 0.229
mdot_h2: 16.84 g/s
Reynolds_number: 8,251,329
Stack prop output power: 572 kW, Pcomp: 5.5 kW
Cell efficiency: 0.243, Output efficiency: 0.229
mdot_h2: 16.84 g/s
Reynolds_number: 8,251,329
Stack prop output power: 572 kW, Pcomp: 66.9 kW
Cell efficiency: 0.294, Output efficiency: 0.250
mdot_h2: 15.41 g/s

-----------------------
ptotal_climb: 2,099 kW, mtom_est: 7,784 kg, mtom: 7,716 kg, residual: +68.59 kg

MTOM update: newton, relax=1.000 -> mtom_next=7,890.06 kg

======================================================
======================= ITER 3 =======================
Reynolds_number: 8,251,329
Stack prop output power: 786 kW, Pcomp: 92.0 kW
Cell efficiency: 0.294, Output efficiency: 0.250
mdot_h2: 21.18 g/s
Reynolds_number: 8,251,329
Stack prop output power: 786 kW, Pcomp: 92.0 kW
Cell efficiency: 0.294, Output efficiency: 0.250
mdot_h2: 21.18 g/s
Reynolds_number: 8,251,329
Stack prop output power: 585 kW, Pcomp: 5.6 kW
Cell efficiency: 0.243, Output efficiency: 0.229
mdot_h2: 17.22 g/s
Reynolds_number: 8,251,329
Stack prop output power: 585 kW, Pcomp: 5.6 kW
Cell efficiency: 0.243, Output efficiency: 0.229
mdot_h2: 17.22 g/s
Reynolds_number: 8,251,329
Stack prop output power: 585 kW, Pcomp: 68.4 kW
Cell efficiency: 0.294, Output efficiency: 0.250
mdot_h2: 15.76 g/s

-----------------------
ptotal_climb: 2,147 kW, mtom_est: 7,907 kg, mtom: 7,890 kg, residual: +17.29 kg

MTOM update: newton, relax=1.000 -> mtom_next=7,948.90 kg

======================================================
======================= ITER 4 =======================
Reynolds_number: 8,251,329
Stack prop output power: 792 kW, Pcomp: 92.7 kW
Cell efficiency: 0.294, Output efficiency: 0.250
mdot_h2: 21.33 g/s
Reynolds_number: 8,251,329
Stack prop output power: 792 kW, Pcomp: 92.7 kW
Cell efficiency: 0.294, Output efficiency: 0.250
mdot_h2: 21.33 g/s
Reynolds_number: 8,251,329
Stack prop output power: 590 kW, Pcomp: 5.7 kW
Cell efficiency: 0.243, Output efficiency: 0.229
mdot_h2: 17.35 g/s
Reynolds_number: 8,251,329
Stack prop output power: 590 kW, Pcomp: 5.7 kW
Cell efficiency: 0.243, Output efficiency: 0.229
mdot_h2: 17.35 g/s
Reynolds_number: 8,251,329
Stack prop output power: 590 kW, Pcomp: 69.0 kW
Cell efficiency: 0.294, Output efficiency: 0.250
mdot_h2: 15.88 g/s

-----------------------
ptotal_climb: 2,163 kW, mtom_est: 7,941 kg, mtom: 7,949 kg, residual: -8.38 kg

MTOM update: newton, relax=1.000 -> mtom_next=7,929.69 kg

======================================================
======================= ITER 5 =======================
Reynolds_number: 8,251,329
Stack prop output power: 790 kW, Pcomp: 92.4 kW
Cell efficiency: 0.294, Output efficiency: 0.250
mdot_h2: 21.28 g/s
Reynolds_number: 8,251,329
Stack prop output power: 790 kW, Pcomp: 92.4 kW
Cell efficiency: 0.294, Output efficiency: 0.250
mdot_h2: 21.28 g/s
Reynolds_number: 8,251,329
Stack prop output power: 588 kW, Pcomp: 5.7 kW
Cell efficiency: 0.243, Output efficiency: 0.229
mdot_h2: 17.31 g/s
Reynolds_number: 8,251,329
Stack prop output power: 588 kW, Pcomp: 5.7 kW
Cell efficiency: 0.243, Output efficiency: 0.229
mdot_h2: 17.31 g/s
Reynolds_number: 8,251,329
Stack prop output power: 588 kW, Pcomp: 68.8 kW
Cell efficiency: 0.294, Output efficiency: 0.250
mdot_h2: 15.84 g/s

-----------------------
ptotal_climb: 2,158 kW, mtom_est: 7,927 kg, mtom: 7,930 kg, residual: -2.59 kg

Reynolds_number: 8,251,329
Stack prop output power: 790 kW, Pcomp: 92.4 kW
Cell efficiency: 0.294, Output efficiency: 0.250
mdot_h2: 21.28 g/s
Reynolds_number: 8,251,329
Stack prop output power: 790 kW, Pcomp: 92.4 kW
Cell efficiency: 0.294, Output efficiency: 0.250
mdot_h2: 21.28 g/s
Reynolds_number: 6,709,346
Stack prop output power: 588 kW, Pcomp: 5.1 kW
Cell efficiency: 0.305, Output efficiency: 0.287
mdot_h2: 13.79 g/s
Reynolds_number: 6,709,346
Stack prop output power: 588 kW, Pcomp: 5.1 kW
Cell efficiency: 0.305, Output efficiency: 0.287
mdot_h2: 13.79 g/s

CONVERGED
======================================================
======================= ITER 1 =======================
Reynolds_number: 8,251,329
Stack prop output power: 813 kW, Pcomp: 95.0 kW
Cell efficiency: 0.294, Output efficiency: 0.250
mdot_h2: 21.89 g/s
Reynolds_number: 8,251,329
Stack prop output power: 813 kW, Pcomp: 95.0 kW
Cell efficiency: 0.294, Output efficiency: 0.250
mdot_h2: 21.89 g/s
Reynolds_number: 8,251,329
Stack prop output power: 605 kW, Pcomp: 5.8 kW
Cell efficiency: 0.243, Output efficiency: 0.229
mdot_h2: 17.80 g/s
Reynolds_number: 8,251,329
Stack prop output power: 605 kW, Pcomp: 5.8 kW
Cell efficiency: 0.243, Output efficiency: 0.229
mdot_h2: 17.80 g/s
Reynolds_number: 8,251,329
Stack prop output power: 605 kW, Pcomp: 70.7 kW
Cell efficiency: 0.294, Output efficiency: 0.250
mdot_h2: 16.29 g/s

-----------------------
ptotal_climb: 2,219 kW, mtom_est: 8,045 kg, mtom: 7,927 kg, residual: +117.70 kg

MTOM update: fixed_point_fallback, relax=1.000 -> mtom_next=8,044.80 kg

======================================================
======================= ITER 2 =======================
Reynolds_number: 8,251,329
Stack prop output power: 825 kW, Pcomp: 96.5 kW
Cell efficiency: 0.294, Output efficiency: 0.250
mdot_h2: 22.21 g/s
Reynolds_number: 8,251,329
Stack prop output power: 825 kW, Pcomp: 96.5 kW
Cell efficiency: 0.294, Output efficiency: 0.250
mdot_h2: 22.21 g/s
Reynolds_number: 8,251,329
Stack prop output power: 614 kW, Pcomp: 5.9 kW
Cell efficiency: 0.243, Output efficiency: 0.229
mdot_h2: 18.06 g/s
Reynolds_number: 8,251,329
Stack prop output power: 614 kW, Pcomp: 5.9 kW
Cell efficiency: 0.243, Output efficiency: 0.229
mdot_h2: 18.06 g/s
Reynolds_number: 8,251,329
Stack prop output power: 614 kW, Pcomp: 71.8 kW
Cell efficiency: 0.294, Output efficiency: 0.250
mdot_h2: 16.53 g/s

-----------------------
ptotal_climb: 2,252 kW, mtom_est: 8,118 kg, mtom: 8,045 kg, residual: +73.27 kg

MTOM update: newton, relax=1.000 -> mtom_next=8,238.93 kg

======================================================
======================= ITER 3 =======================
Reynolds_number: 8,251,329
Stack prop output power: 845 kW, Pcomp: 98.8 kW
Cell efficiency: 0.294, Output efficiency: 0.250
mdot_h2: 22.75 g/s
Reynolds_number: 8,251,329
Stack prop output power: 845 kW, Pcomp: 98.8 kW
Cell efficiency: 0.294, Output efficiency: 0.250
mdot_h2: 22.75 g/s
Reynolds_number: 8,251,329
Stack prop output power: 629 kW, Pcomp: 6.1 kW
Cell efficiency: 0.243, Output efficiency: 0.229
mdot_h2: 18.50 g/s
Reynolds_number: 8,251,329
Stack prop output power: 629 kW, Pcomp: 6.1 kW
Cell efficiency: 0.243, Output efficiency: 0.229
mdot_h2: 18.50 g/s
Reynolds_number: 8,251,329
Stack prop output power: 629 kW, Pcomp: 73.5 kW
Cell efficiency: 0.294, Output efficiency: 0.250
mdot_h2: 16.93 g/s

-----------------------
ptotal_climb: 2,306 kW, mtom_est: 8,251 kg, mtom: 8,239 kg, residual: +12.44 kg

MTOM update: newton, relax=1.000 -> mtom_next=8,278.64 kg

======================================================
======================= ITER 4 =======================
Reynolds_number: 8,251,329
Stack prop output power: 849 kW, Pcomp: 99.3 kW
Cell efficiency: 0.294, Output efficiency: 0.250
mdot_h2: 22.86 g/s
Reynolds_number: 8,251,329
Stack prop output power: 849 kW, Pcomp: 99.3 kW
Cell efficiency: 0.294, Output efficiency: 0.250
mdot_h2: 22.86 g/s
Reynolds_number: 8,251,329
Stack prop output power: 632 kW, Pcomp: 6.1 kW
Cell efficiency: 0.243, Output efficiency: 0.229
mdot_h2: 18.59 g/s
Reynolds_number: 8,251,329
Stack prop output power: 632 kW, Pcomp: 6.1 kW
Cell efficiency: 0.243, Output efficiency: 0.229
mdot_h2: 18.59 g/s
Reynolds_number: 8,251,329
Stack prop output power: 632 kW, Pcomp: 73.9 kW
Cell efficiency: 0.294, Output efficiency: 0.250
mdot_h2: 17.01 g/s

-----------------------
ptotal_climb: 2,317 kW, mtom_est: 8,278 kg, mtom: 8,279 kg, residual: -0.27 kg

Reynolds_number: 8,251,329
Stack prop output power: 849 kW, Pcomp: 99.3 kW
Cell efficiency: 0.294, Output efficiency: 0.250
mdot_h2: 22.86 g/s
Reynolds_number: 8,251,329
Stack prop output power: 849 kW, Pcomp: 99.3 kW
Cell efficiency: 0.294, Output efficiency: 0.250
mdot_h2: 22.86 g/s
Reynolds_number: 6,709,346
Stack prop output power: 632 kW, Pcomp: 5.5 kW
Cell efficiency: 0.305, Output efficiency: 0.287
mdot_h2: 14.81 g/s
Reynolds_number: 6,709,346
Stack prop output power: 632 kW, Pcomp: 5.5 kW
Cell efficiency: 0.305, Output efficiency: 0.287
mdot_h2: 14.81 g/s

CONVERGED
======================================================
======================= ITER 1 =======================
Reynolds_number: 8,251,329
Stack prop output power: 873 kW, Pcomp: 102.1 kW
Cell efficiency: 0.294, Output efficiency: 0.250
mdot_h2: 23.50 g/s
Reynolds_number: 8,251,329
Stack prop output power: 873 kW, Pcomp: 102.1 kW
Cell efficiency: 0.294, Output efficiency: 0.250
mdot_h2: 23.50 g/s
Reynolds_number: 8,251,329
Stack prop output power: 649 kW, Pcomp: 6.3 kW
Cell efficiency: 0.243, Output efficiency: 0.229
mdot_h2: 19.11 g/s
Reynolds_number: 8,251,329
Stack prop output power: 649 kW, Pcomp: 6.3 kW
Cell efficiency: 0.243, Output efficiency: 0.229
mdot_h2: 19.11 g/s
Reynolds_number: 8,251,329
Stack prop output power: 649 kW, Pcomp: 76.0 kW
Cell efficiency: 0.294, Output efficiency: 0.250
mdot_h2: 17.49 g/s

-----------------------
ptotal_climb: 2,382 kW, mtom_est: 8,397 kg, mtom: 8,278 kg, residual: +118.86 kg

MTOM update: fixed_point_fallback, relax=1.000 -> mtom_next=8,397.23 kg

======================================================
======================= ITER 2 =======================
Reynolds_number: 8,251,329
Stack prop output power: 885 kW, Pcomp: 103.5 kW
Cell efficiency: 0.294, Output efficiency: 0.250
mdot_h2: 23.84 g/s
Reynolds_number: 8,251,329
Stack prop output power: 885 kW, Pcomp: 103.5 kW
Cell efficiency: 0.294, Output efficiency: 0.250
mdot_h2: 23.84 g/s
Reynolds_number: 8,251,329
Stack prop output power: 659 kW, Pcomp: 6.3 kW
Cell efficiency: 0.243, Output efficiency: 0.229
mdot_h2: 19.38 g/s
Reynolds_number: 8,251,329
Stack prop output power: 659 kW, Pcomp: 6.3 kW
Cell efficiency: 0.243, Output efficiency: 0.229
mdot_h2: 19.38 g/s
Reynolds_number: 8,251,329
Stack prop output power: 659 kW, Pcomp: 77.0 kW
Cell efficiency: 0.294, Output efficiency: 0.250
mdot_h2: 17.74 g/s

-----------------------
ptotal_climb: 2,417 kW, mtom_est: 8,480 kg, mtom: 8,397 kg, residual: +82.49 kg

MTOM update: newton, relax=1.000 -> mtom_next=8,666.85 kg

======================================================
======================= ITER 3 =======================
Reynolds_number: 8,251,329
Stack prop output power: 914 kW, Pcomp: 106.8 kW
Cell efficiency: 0.294, Output efficiency: 0.250
mdot_h2: 24.60 g/s
Reynolds_number: 8,251,329
Stack prop output power: 914 kW, Pcomp: 106.8 kW
Cell efficiency: 0.294, Output efficiency: 0.250
mdot_h2: 24.60 g/s
Reynolds_number: 8,251,329
Stack prop output power: 680 kW, Pcomp: 6.5 kW
Cell efficiency: 0.243, Output efficiency: 0.229
mdot_h2: 20.01 g/s
Reynolds_number: 8,251,329
Stack prop output power: 680 kW, Pcomp: 6.5 kW
Cell efficiency: 0.243, Output efficiency: 0.229
mdot_h2: 20.01 g/s
Reynolds_number: 8,251,329
Stack prop output power: 680 kW, Pcomp: 79.5 kW
Cell efficiency: 0.294, Output efficiency: 0.250
mdot_h2: 18.31 g/s

-----------------------
ptotal_climb: 2,494 kW, mtom_est: 8,669 kg, mtom: 8,667 kg, residual: +1.84 kg

Reynolds_number: 8,251,329
Stack prop output power: 914 kW, Pcomp: 106.8 kW
Cell efficiency: 0.294, Output efficiency: 0.250
mdot_h2: 24.60 g/s
Reynolds_number: 8,251,329
Stack prop output power: 914 kW, Pcomp: 106.8 kW
Cell efficiency: 0.294, Output efficiency: 0.250
mdot_h2: 24.60 g/s
Reynolds_number: 6,709,346
Stack prop output power: 680 kW, Pcomp: 5.9 kW
Cell efficiency: 0.305, Output efficiency: 0.287
mdot_h2: 15.94 g/s

CONVERGED
======================================================
======================= ITER 1 =======================
Reynolds_number: 8,251,329
Stack prop output power: 939 kW, Pcomp: 109.8 kW
Cell efficiency: 0.294, Output efficiency: 0.250
mdot_h2: 25.29 g/s
Reynolds_number: 8,251,329
Stack prop output power: 939 kW, Pcomp: 109.8 kW
Cell efficiency: 0.294, Output efficiency: 0.250
mdot_h2: 25.29 g/s
Reynolds_number: 8,251,329
Stack prop output power: 699 kW, Pcomp: 6.7 kW
Cell efficiency: 0.243, Output efficiency: 0.229
mdot_h2: 20.56 g/s
Reynolds_number: 8,251,329
Stack prop output power: 699 kW, Pcomp: 6.7 kW
Cell efficiency: 0.243, Output efficiency: 0.229
mdot_h2: 20.56 g/s
Reynolds_number: 8,251,329
Stack prop output power: 699 kW, Pcomp: 81.7 kW
Cell efficiency: 0.294, Output efficiency: 0.250
mdot_h2: 18.82 g/s

-----------------------
ptotal_climb: 2,564 kW, mtom_est: 8,796 kg, mtom: 8,669 kg, residual: +127.21 kg

MTOM update: fixed_point_fallback, relax=1.000 -> mtom_next=8,795.90 kg

======================================================
======================= ITER 2 =======================
Reynolds_number: 8,251,329
Stack prop output power: 953 kW, Pcomp: 111.4 kW
Cell efficiency: 0.294, Output efficiency: 0.250
mdot_h2: 25.66 g/s
Reynolds_number: 8,251,329
Stack prop output power: 953 kW, Pcomp: 111.4 kW
Cell efficiency: 0.294, Output efficiency: 0.250
mdot_h2: 25.66 g/s
Reynolds_number: 8,251,329
Stack prop output power: 709 kW, Pcomp: 6.8 kW
Cell efficiency: 0.243, Output efficiency: 0.229
mdot_h2: 20.86 g/s
Reynolds_number: 8,251,329
Stack prop output power: 709 kW, Pcomp: 6.8 kW
Cell efficiency: 0.243, Output efficiency: 0.229
mdot_h2: 20.86 g/s
Reynolds_number: 8,251,329
Stack prop output power: 709 kW, Pcomp: 82.9 kW
Cell efficiency: 0.294, Output efficiency: 0.250
mdot_h2: 19.10 g/s

-----------------------
ptotal_climb: 2,601 kW, mtom_est: 8,887 kg, mtom: 8,796 kg, residual: +91.38 kg

MTOM update: newton, relax=1.000 -> mtom_next=9,120.35 kg

======================================================
======================= ITER 3 =======================
Reynolds_number: 8,251,329
Stack prop output power: 988 kW, Pcomp: 115.5 kW
Cell efficiency: 0.294, Output efficiency: 0.250
mdot_h2: 26.60 g/s
Reynolds_number: 8,251,329
Stack prop output power: 988 kW, Pcomp: 115.5 kW
Cell efficiency: 0.294, Output efficiency: 0.250
mdot_h2: 26.60 g/s
Reynolds_number: 8,251,329
Stack prop output power: 735 kW, Pcomp: 7.1 kW
Cell efficiency: 0.243, Output efficiency: 0.229
mdot_h2: 21.63 g/s
Reynolds_number: 8,251,329
Stack prop output power: 735 kW, Pcomp: 7.1 kW
Cell efficiency: 0.243, Output efficiency: 0.229
mdot_h2: 21.63 g/s
Reynolds_number: 8,251,329
Stack prop output power: 735 kW, Pcomp: 86.0 kW
Cell efficiency: 0.294, Output efficiency: 0.250
mdot_h2: 19.80 g/s

-----------------------
ptotal_climb: 2,697 kW, mtom_est: 9,118 kg, mtom: 9,120 kg, residual: -2.69 kg

Reynolds_number: 8,251,329
Stack prop output power: 988 kW, Pcomp: 115.5 kW
Cell efficiency: 0.294, Output efficiency: 0.250
mdot_h2: 26.60 g/s
Reynolds_number: 8,251,329
Stack prop output power: 988 kW, Pcomp: 115.5 kW
Cell efficiency: 0.294, Output efficiency: 0.250
mdot_h2: 26.60 g/s
Reynolds_number: 6,709,346
Stack prop output power: 735 kW, Pcomp: 6.4 kW
Cell efficiency: 0.305, Output efficiency: 0.287
mdot_h2: 17.24 g/s
Reynolds_number: 6,709,346
Stack prop output power: 735 kW, Pcomp: 6.4 kW
Cell efficiency: 0.305, Output efficiency: 0.287
mdot_h2: 17.24 g/s

CONVERGED
ADRpy+HFCAD coupled sizing (min_mtom): W/S=2100.0 Pa (214.14 kg/m^2), MTOM=6684.4 kg, P/W_TO=0.12619, P/W_climb=0.12619, P/W_cruise=0.12619 (kW/kg)
Chromium init'ed with kwargs {}
Found chromium path: /usr/bin/google-chrome
Temp directory created: /tmp/tmpzu_pigk2.
Opening browser.
Temp directory created: /tmp/tmpkt2um122.
ldd failed. e: Command '['ldd', '/usr/bin/google-chrome']' returned non-zero exit status 1., stderr: None
Temporary directory at: /tmp/tmpkt2um122
Conforming 1 to file:///tmp/tmpzu_pigk2/index.html
Waiting on all navigates
All navigates done, putting them all in queue.
Getting tab from queue (has 1)
Got DC31
Processing fig.png
Sending big command for fig.png.
Sent big command for fig.png.
Reloading tab DC31 before return.
Putting tab DC31 back (queue size: 0).
Waiting for all cleanups to finish.
Exiting Kaleido
TemporaryDirectory.cleanup() worked.
shutil.rmtree worked.
Cancelling tasks.
Exiting Kaleido/Choreo
Closing browser.
TemporaryDirectory.cleanup() worked.
shutil.rmtree worked.
Cancelling tasks.
Exiting Kaleido/Choreo
Closing browser.
TemporaryDirectory.cleanup() worked.
shutil.rmtree worked.
Pfuel_ready: 79 kW, Pfuel_taxing: 158 kW, Pfuel_climb: 1,295 kW, Pfuel_cruise: 1,784 kW, Pfuel_cruise_charger: 1,784 kW, Pbat_climb: 288 kW, Pbat_charge: 0 kW
TemporaryDirectory.cleanup() worked.
shutil.rmtree worked.
qt.qpa.plugin: From 6.5.0, xcb-cursor0 or libxcb-cursor0 is needed to load the Qt xcb platform plugin.
qt.qpa.plugin: Could not load the Qt platform plugin "xcb" in "" even though it was found.
This application failed to start because no Qt platform plugin could be initialized. Reinstalling the application may fix this problem.

Available platform plugins are: linuxfb, xcb, wayland-brcm, wayland-egl, wayland, minimal, eglfs, offscreen, vkkhrdisplay, minimalegl, vnc.

