======================================================
======================= ITER 1 =======================
Reynolds_number: 14,287,728
Stack prop output power: 432 kW, Pcomp: 22.4 kW
Cell efficiency: 0.304, Output efficiency: 0.274
mdot_h2: 10.62 g/s
Reynolds_number: 14,287,728
Stack prop output power: 432 kW, Pcomp: 22.4 kW
Cell efficiency: 0.304, Output efficiency: 0.274
mdot_h2: 10.62 g/s
Reynolds_number: 14,287,728
Stack prop output power: 322 kW, Pcomp: 2.9 kW
Cell efficiency: 0.286, Output efficiency: 0.269
mdot_h2: 8.06 g/s
Reynolds_number: 14,287,728
Stack prop output power: 322 kW, Pcomp: 2.9 kW
Cell efficiency: 0.286, Output efficiency: 0.269
mdot_h2: 8.06 g/s
Reynolds_number: 14,287,728
Stack prop output power: 322 kW, Pcomp: 16.6 kW
Cell efficiency: 0.304, Output efficiency: 0.274
mdot_h2: 7.90 g/s

-----------------------
ptotal_climb: 1,133 kW, mtom_est: 4,331 kg, mtom: 5,000 kg, residual: -669.00 kg

MTOM update: fixed_point_fallback, relax=1.000 -> mtom_next=4,331.00 kg

======================================================
======================= ITER 2 =======================
Reynolds_number: 14,287,728
Stack prop output power: 375 kW, Pcomp: 19.4 kW
Cell efficiency: 0.304, Output efficiency: 0.274
mdot_h2: 9.19 g/s
Reynolds_number: 14,287,728
Stack prop output power: 375 kW, Pcomp: 19.4 kW
Cell efficiency: 0.304, Output efficiency: 0.274
mdot_h2: 9.19 g/s
Reynolds_number: 14,287,728
Stack prop output power: 279 kW, Pcomp: 2.5 kW
Cell efficiency: 0.286, Output efficiency: 0.269
mdot_h2: 6.98 g/s
Reynolds_number: 14,287,728
Stack prop output power: 279 kW, Pcomp: 2.5 kW
Cell efficiency: 0.286, Output efficiency: 0.269
mdot_h2: 6.98 g/s
Reynolds_number: 14,287,728
Stack prop output power: 279 kW, Pcomp: 14.4 kW
Cell efficiency: 0.304, Output efficiency: 0.274
mdot_h2: 6.84 g/s

-----------------------
ptotal_climb: 982 kW, mtom_est: 3,996 kg, mtom: 4,331 kg, residual: -334.66 kg

MTOM update: newton, relax=1.000 -> mtom_next=3,661.36 kg

======================================================
======================= ITER 3 =======================
Reynolds_number: 14,287,728
Stack prop output power: 317 kW, Pcomp: 16.4 kW
Cell efficiency: 0.304, Output efficiency: 0.274
mdot_h2: 7.77 g/s
Reynolds_number: 14,287,728
Stack prop output power: 317 kW, Pcomp: 16.4 kW
Cell efficiency: 0.304, Output efficiency: 0.274
mdot_h2: 7.77 g/s
Reynolds_number: 14,287,728
Stack prop output power: 236 kW, Pcomp: 2.1 kW
Cell efficiency: 0.286, Output efficiency: 0.269
mdot_h2: 5.90 g/s
Reynolds_number: 14,287,728
Stack prop output power: 236 kW, Pcomp: 2.1 kW
Cell efficiency: 0.286, Output efficiency: 0.269
mdot_h2: 5.90 g/s
Reynolds_number: 14,287,728
Stack prop output power: 236 kW, Pcomp: 12.2 kW
Cell efficiency: 0.304, Output efficiency: 0.274
mdot_h2: 5.79 g/s

-----------------------
ptotal_climb: 830 kW, mtom_est: 3,663 kg, mtom: 3,661 kg, residual: +2.10 kg

Reynolds_number: 14,287,728
Stack prop output power: 317 kW, Pcomp: 16.4 kW
Cell efficiency: 0.304, Output efficiency: 0.274
mdot_h2: 7.77 g/s
Reynolds_number: 14,287,728
Stack prop output power: 317 kW, Pcomp: 16.4 kW
Cell efficiency: 0.304, Output efficiency: 0.274
mdot_h2: 7.77 g/s
Reynolds_number: 6,709,346
Stack prop output power: 236 kW, Pcomp: 2.1 kW
Cell efficiency: 0.305, Output efficiency: 0.287
mdot_h2: 5.53 g/s
Reynolds_number: 6,709,346
Stack prop output power: 236 kW, Pcomp: 2.1 kW
Cell efficiency: 0.305, Output efficiency: 0.287
mdot_h2: 5.53 g/s

CONVERGED
======================================================
======================= ITER 1 =======================
Reynolds_number: 14,287,728
Stack prop output power: 317 kW, Pcomp: 16.4 kW
Cell efficiency: 0.304, Output efficiency: 0.274
mdot_h2: 7.79 g/s
Reynolds_number: 14,287,728
Stack prop output power: 317 kW, Pcomp: 16.4 kW
Cell efficiency: 0.304, Output efficiency: 0.274
mdot_h2: 7.79 g/s
Reynolds_number: 14,287,728
Stack prop output power: 236 kW, Pcomp: 2.1 kW
Cell efficiency: 0.286, Output efficiency: 0.269
mdot_h2: 5.91 g/s
Reynolds_number: 14,287,728
Stack prop output power: 236 kW, Pcomp: 2.1 kW
Cell efficiency: 0.286, Output efficiency: 0.269
mdot_h2: 5.91 g/s
Reynolds_number: 14,287,728
Stack prop output power: 236 kW, Pcomp: 12.2 kW
Cell efficiency: 0.304, Output efficiency: 0.274
mdot_h2: 5.80 g/s

-----------------------
ptotal_climb: 832 kW, mtom_est: 3,662 kg, mtom: 3,663 kg, residual: -1.58 kg

Reynolds_number: 14,287,728
Stack prop output power: 317 kW, Pcomp: 16.4 kW
Cell efficiency: 0.304, Output efficiency: 0.274
mdot_h2: 7.79 g/s
Reynolds_number: 14,287,728
Stack prop output power: 317 kW, Pcomp: 16.4 kW
Cell efficiency: 0.304, Output efficiency: 0.274
mdot_h2: 7.79 g/s
Reynolds_number: 6,709,346
Stack prop output power: 236 kW, Pcomp: 2.1 kW
Cell efficiency: 0.305, Output efficiency: 0.287
mdot_h2: 5.54 g/s
Reynolds_number: 6,709,346
Stack prop output power: 236 kW, Pcomp: 2.1 kW
Cell efficiency: 0.305, Output efficiency: 0.287
mdot_h2: 5.54 g/s

CONVERGED
======================================================
======================= ITER 1 =======================
Reynolds_number: 14,287,728
Stack prop output power: 318 kW, Pcomp: 16.4 kW
Cell efficiency: 0.304, Output efficiency: 0.274
mdot_h2: 7.80 g/s
Reynolds_number: 14,287,728
Stack prop output power: 318 kW, Pcomp: 16.4 kW
Cell efficiency: 0.304, Output efficiency: 0.274
mdot_h2: 7.80 g/s
Reynolds_number: 14,287,728
Stack prop output power: 237 kW, Pcomp: 2.1 kW
Cell efficiency: 0.286, Output efficiency: 0.269
mdot_h2: 5.92 g/s
Reynolds_number: 14,287,728
Stack prop output power: 237 kW, Pcomp: 2.1 kW
Cell efficiency: 0.286, Output efficiency: 0.269
mdot_h2: 5.92 g/s
Reynolds_number: 14,287,728
Stack prop output power: 237 kW, Pcomp: 12.2 kW
Cell efficiency: 0.304, Output efficiency: 0.274
mdot_h2: 5.81 g/s

-----------------------
ptotal_climb: 833 kW, mtom_est: 3,659 kg, mtom: 3,662 kg, residual: -2.86 kg

Reynolds_number: 14,287,728
Stack prop output power: 318 kW, Pcomp: 16.4 kW
Cell efficiency: 0.304, Output efficiency: 0.274
mdot_h2: 7.80 g/s
Reynolds_number: 14,287,728
Stack prop output power: 318 kW, Pcomp: 16.4 kW
Cell efficiency: 0.304, Output efficiency: 0.274
mdot_h2: 7.80 g/s
Reynolds_number: 6,709,346
Stack prop output power: 237 kW, Pcomp: 2.1 kW
Cell efficiency: 0.305, Output efficiency: 0.287
mdot_h2: 5.55 g/s
Reynolds_number: 6,709,346
Stack prop output power: 237 kW, Pcomp: 2.1 kW
Cell efficiency: 0.305, Output efficiency: 0.287
mdot_h2: 5.55 g/s

CONVERGED
======================================================
======================= ITER 1 =======================
Reynolds_number: 14,287,728
Stack prop output power: 324 kW, Pcomp: 16.7 kW
Cell efficiency: 0.304, Output efficiency: 0.274
mdot_h2: 7.95 g/s
Reynolds_number: 14,287,728
Stack prop output power: 324 kW, Pcomp: 16.7 kW
Cell efficiency: 0.304, Output efficiency: 0.274
mdot_h2: 7.95 g/s
Reynolds_number: 14,287,728
Stack prop output power: 241 kW, Pcomp: 2.2 kW
Cell efficiency: 0.286, Output efficiency: 0.269
mdot_h2: 6.03 g/s
Reynolds_number: 14,287,728
Stack prop output power: 241 kW, Pcomp: 2.2 kW
Cell efficiency: 0.286, Output efficiency: 0.269
mdot_h2: 6.03 g/s
Reynolds_number: 14,287,728
Stack prop output power: 241 kW, Pcomp: 12.5 kW
Cell efficiency: 0.304, Output efficiency: 0.274
mdot_h2: 5.92 g/s

-----------------------
ptotal_climb: 849 kW, mtom_est: 3,680 kg, mtom: 3,659 kg, residual: +21.45 kg

MTOM update: fixed_point_fallback, relax=1.000 -> mtom_next=3,680.47 kg

======================================================
======================= ITER 2 =======================
Reynolds_number: 14,287,728
Stack prop output power: 326 kW, Pcomp: 16.8 kW
Cell efficiency: 0.304, Output efficiency: 0.274
mdot_h2: 8.00 g/s
Reynolds_number: 14,287,728
Stack prop output power: 326 kW, Pcomp: 16.8 kW
Cell efficiency: 0.304, Output efficiency: 0.274
mdot_h2: 8.00 g/s
Reynolds_number: 14,287,728
Stack prop output power: 242 kW, Pcomp: 2.2 kW
Cell efficiency: 0.286, Output efficiency: 0.269
mdot_h2: 6.07 g/s
Reynolds_number: 14,287,728
Stack prop output power: 242 kW, Pcomp: 2.2 kW
Cell efficiency: 0.286, Output efficiency: 0.269
mdot_h2: 6.07 g/s
Reynolds_number: 14,287,728
Stack prop output power: 242 kW, Pcomp: 12.5 kW
Cell efficiency: 0.304, Output efficiency: 0.274
mdot_h2: 5.95 g/s

-----------------------
ptotal_climb: 854 kW, mtom_est: 3,691 kg, mtom: 3,680 kg, residual: +10.22 kg

MTOM update: newton, relax=1.000 -> mtom_next=3,699.98 kg

======================================================
======================= ITER 3 =======================
Reynolds_number: 14,287,728
Stack prop output power: 327 kW, Pcomp: 16.9 kW
Cell efficiency: 0.304, Output efficiency: 0.274
mdot_h2: 8.04 g/s
Reynolds_number: 14,287,728
Stack prop output power: 327 kW, Pcomp: 16.9 kW
Cell efficiency: 0.304, Output efficiency: 0.274
mdot_h2: 8.04 g/s
Reynolds_number: 14,287,728
Stack prop output power: 244 kW, Pcomp: 2.2 kW
Cell efficiency: 0.286, Output efficiency: 0.269
mdot_h2: 6.10 g/s
Reynolds_number: 14,287,728
Stack prop output power: 244 kW, Pcomp: 2.2 kW
Cell efficiency: 0.286, Output efficiency: 0.269
mdot_h2: 6.10 g/s
Reynolds_number: 14,287,728
Stack prop output power: 244 kW, Pcomp: 12.6 kW
Cell efficiency: 0.304, Output efficiency: 0.274
mdot_h2: 5.98 g/s

-----------------------
ptotal_climb: 859 kW, mtom_est: 3,701 kg, mtom: 3,700 kg, residual: +0.71 kg

Reynolds_number: 14,287,728
Stack prop output power: 327 kW, Pcomp: 16.9 kW
Cell efficiency: 0.304, Output efficiency: 0.274
mdot_h2: 8.04 g/s
Reynolds_number: 14,287,728
Stack prop output power: 327 kW, Pcomp: 16.9 kW
Cell efficiency: 0.304, Output efficiency: 0.274
mdot_h2: 8.04 g/s
Reynolds_number: 6,709,346
Stack prop output power: 244 kW, Pcomp: 2.1 kW
Cell efficiency: 0.305, Output efficiency: 0.287
mdot_h2: 5.71 g/s
Reynolds_number: 6,709,346
Stack prop output power: 244 kW, Pcomp: 2.1 kW
Cell efficiency: 0.305, Output efficiency: 0.287
mdot_h2: 5.71 g/s

CONVERGED
======================================================
======================= ITER 1 =======================
Reynolds_number: 14,287,728
Stack prop output power: 338 kW, Pcomp: 17.5 kW
Cell efficiency: 0.304, Output efficiency: 0.274
mdot_h2: 8.29 g/s
Reynolds_number: 14,287,728
Stack prop output power: 338 kW, Pcomp: 17.5 kW
Cell efficiency: 0.304, Output efficiency: 0.274
mdot_h2: 8.29 g/s
Reynolds_number: 14,287,728
Stack prop output power: 251 kW, Pcomp: 2.3 kW
Cell efficiency: 0.286, Output efficiency: 0.269
mdot_h2: 6.29 g/s
Reynolds_number: 14,287,728
Stack prop output power: 251 kW, Pcomp: 2.3 kW
Cell efficiency: 0.286, Output efficiency: 0.269
mdot_h2: 6.29 g/s
Reynolds_number: 14,287,728
Stack prop output power: 251 kW, Pcomp: 13.0 kW
Cell efficiency: 0.304, Output efficiency: 0.274
mdot_h2: 6.17 g/s

-----------------------
ptotal_climb: 885 kW, mtom_est: 3,740 kg, mtom: 3,701 kg, residual: +39.35 kg

MTOM update: fixed_point_fallback, relax=1.000 -> mtom_next=3,740.04 kg

======================================================
======================= ITER 2 =======================
Reynolds_number: 14,287,728
Stack prop output power: 341 kW, Pcomp: 17.7 kW
Cell efficiency: 0.304, Output efficiency: 0.274
mdot_h2: 8.38 g/s
Reynolds_number: 14,287,728
Stack prop output power: 341 kW, Pcomp: 17.7 kW
Cell efficiency: 0.304, Output efficiency: 0.274
mdot_h2: 8.38 g/s
Reynolds_number: 14,287,728
Stack prop output power: 254 kW, Pcomp: 2.3 kW
Cell efficiency: 0.286, Output efficiency: 0.269
mdot_h2: 6.36 g/s
Reynolds_number: 14,287,728
Stack prop output power: 254 kW, Pcomp: 2.3 kW
Cell efficiency: 0.286, Output efficiency: 0.269
mdot_h2: 6.36 g/s
Reynolds_number: 14,287,728
Stack prop output power: 254 kW, Pcomp: 13.1 kW
Cell efficiency: 0.304, Output efficiency: 0.274
mdot_h2: 6.24 g/s

-----------------------
ptotal_climb: 895 kW, mtom_est: 3,760 kg, mtom: 3,740 kg, residual: +19.86 kg

MTOM update: newton, relax=1.000 -> mtom_next=3,780.14 kg

======================================================
======================= ITER 3 =======================
Reynolds_number: 14,287,728
Stack prop output power: 345 kW, Pcomp: 17.8 kW
Cell efficiency: 0.304, Output efficiency: 0.274
mdot_h2: 8.47 g/s
Reynolds_number: 14,287,728
Stack prop output power: 345 kW, Pcomp: 17.8 kW
Cell efficiency: 0.304, Output efficiency: 0.274
mdot_h2: 8.47 g/s
Reynolds_number: 14,287,728
Stack prop output power: 257 kW, Pcomp: 2.3 kW
Cell efficiency: 0.286, Output efficiency: 0.269
mdot_h2: 6.43 g/s
Reynolds_number: 14,287,728
Stack prop output power: 257 kW, Pcomp: 2.3 kW
Cell efficiency: 0.286, Output efficiency: 0.269
mdot_h2: 6.43 g/s
Reynolds_number: 14,287,728
Stack prop output power: 257 kW, Pcomp: 13.3 kW
Cell efficiency: 0.304, Output efficiency: 0.274
mdot_h2: 6.30 g/s

-----------------------
ptotal_climb: 904 kW, mtom_est: 3,780 kg, mtom: 3,780 kg, residual: -0.01 kg

Reynolds_number: 14,287,728
Stack prop output power: 345 kW, Pcomp: 17.8 kW
Cell efficiency: 0.304, Output efficiency: 0.274
mdot_h2: 8.47 g/s
Reynolds_number: 14,287,728
Stack prop output power: 345 kW, Pcomp: 17.8 kW
Cell efficiency: 0.304, Output efficiency: 0.274
mdot_h2: 8.47 g/s
Reynolds_number: 6,709,346
Stack prop output power: 257 kW, Pcomp: 2.2 kW
Cell efficiency: 0.305, Output efficiency: 0.287
mdot_h2: 6.02 g/s
Reynolds_number: 6,709,346
Stack prop output power: 257 kW, Pcomp: 2.2 kW
Cell efficiency: 0.305, Output efficiency: 0.287
mdot_h2: 6.02 g/s

CONVERGED
======================================================
======================= ITER 1 =======================
Reynolds_number: 14,287,728
Stack prop output power: 355 kW, Pcomp: 18.4 kW
Cell efficiency: 0.304, Output efficiency: 0.274
mdot_h2: 8.73 g/s
Reynolds_number: 14,287,728
Stack prop output power: 355 kW, Pcomp: 18.4 kW
Cell efficiency: 0.304, Output efficiency: 0.274
mdot_h2: 8.73 g/s
Reynolds_number: 14,287,728
Stack prop output power: 265 kW, Pcomp: 2.4 kW
Cell efficiency: 0.286, Output efficiency: 0.269
mdot_h2: 6.62 g/s
Reynolds_number: 14,287,728
Stack prop output power: 265 kW, Pcomp: 2.4 kW
Cell efficiency: 0.286, Output efficiency: 0.269
mdot_h2: 6.62 g/s
Reynolds_number: 14,287,728
Stack prop output power: 265 kW, Pcomp: 13.7 kW
Cell efficiency: 0.304, Output efficiency: 0.274
mdot_h2: 6.49 g/s

-----------------------
ptotal_climb: 932 kW, mtom_est: 3,821 kg, mtom: 3,780 kg, residual: +40.41 kg

MTOM update: fixed_point_fallback, relax=1.000 -> mtom_next=3,820.55 kg

======================================================
======================= ITER 2 =======================
Reynolds_number: 14,287,728
Stack prop output power: 359 kW, Pcomp: 18.6 kW
Cell efficiency: 0.304, Output efficiency: 0.274
mdot_h2: 8.82 g/s
Reynolds_number: 14,287,728
Stack prop output power: 359 kW, Pcomp: 18.6 kW
Cell efficiency: 0.304, Output efficiency: 0.274
mdot_h2: 8.82 g/s
Reynolds_number: 14,287,728
Stack prop output power: 267 kW, Pcomp: 2.4 kW
Cell efficiency: 0.286, Output efficiency: 0.269
mdot_h2: 6.69 g/s
Reynolds_number: 14,287,728
Stack prop output power: 267 kW, Pcomp: 2.4 kW
Cell efficiency: 0.286, Output efficiency: 0.269
mdot_h2: 6.69 g/s
Reynolds_number: 14,287,728
Stack prop output power: 267 kW, Pcomp: 13.8 kW
Cell efficiency: 0.304, Output efficiency: 0.274
mdot_h2: 6.56 g/s

-----------------------
ptotal_climb: 942 kW, mtom_est: 3,842 kg, mtom: 3,821 kg, residual: +21.55 kg

MTOM update: newton, relax=1.000 -> mtom_next=3,866.70 kg

======================================================
======================= ITER 3 =======================
Reynolds_number: 14,287,728
Stack prop output power: 364 kW, Pcomp: 18.8 kW
Cell efficiency: 0.304, Output efficiency: 0.274
mdot_h2: 8.93 g/s
Reynolds_number: 14,287,728
Stack prop output power: 364 kW, Pcomp: 18.8 kW
Cell efficiency: 0.304, Output efficiency: 0.274
mdot_h2: 8.93 g/s
Reynolds_number: 14,287,728
Stack prop output power: 271 kW, Pcomp: 2.4 kW
Cell efficiency: 0.286, Output efficiency: 0.269
mdot_h2: 6.77 g/s
Reynolds_number: 14,287,728
Stack prop output power: 271 kW, Pcomp: 2.4 kW
Cell efficiency: 0.286, Output efficiency: 0.269
mdot_h2: 6.77 g/s
Reynolds_number: 14,287,728
Stack prop output power: 271 kW, Pcomp: 14.0 kW
Cell efficiency: 0.304, Output efficiency: 0.274
mdot_h2: 6.64 g/s

-----------------------
ptotal_climb: 953 kW, mtom_est: 3,870 kg, mtom: 3,867 kg, residual: +2.80 kg

Reynolds_number: 14,287,728
Stack prop output power: 364 kW, Pcomp: 18.8 kW
Cell efficiency: 0.304, Output efficiency: 0.274
mdot_h2: 8.93 g/s
Reynolds_number: 14,287,728
Stack prop output power: 364 kW, Pcomp: 18.8 kW
Cell efficiency: 0.304, Output efficiency: 0.274
mdot_h2: 8.93 g/s
Reynolds_number: 6,709,346
Stack prop output power: 271 kW, Pcomp: 2.4 kW
Cell efficiency: 0.305, Output efficiency: 0.287
mdot_h2: 6.35 g/s
Reynolds_number: 6,709,346
Stack prop output power: 271 kW, Pcomp: 2.4 kW
Cell efficiency: 0.305, Output efficiency: 0.287
mdot_h2: 6.35 g/s

CONVERGED
======================================================
======================= ITER 1 =======================
Reynolds_number: 14,287,728
Stack prop output power: 375 kW, Pcomp: 19.4 kW
Cell efficiency: 0.304, Output efficiency: 0.274
mdot_h2: 9.20 g/s
Reynolds_number: 14,287,728
Stack prop output power: 375 kW, Pcomp: 19.4 kW
Cell efficiency: 0.304, Output efficiency: 0.274
mdot_h2: 9.20 g/s
Reynolds_number: 14,287,728
Stack prop output power: 279 kW, Pcomp: 2.5 kW
Cell efficiency: 0.286, Output efficiency: 0.269
mdot_h2: 6.98 g/s
Reynolds_number: 14,287,728
Stack prop output power: 279 kW, Pcomp: 2.5 kW
Cell efficiency: 0.286, Output efficiency: 0.269
mdot_h2: 6.98 g/s
Reynolds_number: 14,287,728
Stack prop output power: 279 kW, Pcomp: 14.4 kW
Cell efficiency: 0.304, Output efficiency: 0.274
mdot_h2: 6.85 g/s

-----------------------
ptotal_climb: 982 kW, mtom_est: 3,909 kg, mtom: 3,870 kg, residual: +39.58 kg

MTOM update: fixed_point_fallback, relax=1.000 -> mtom_next=3,909.09 kg

======================================================
======================= ITER 2 =======================
Reynolds_number: 14,287,728
Stack prop output power: 379 kW, Pcomp: 19.6 kW
Cell efficiency: 0.304, Output efficiency: 0.274
mdot_h2: 9.29 g/s
Reynolds_number: 14,287,728
Stack prop output power: 379 kW, Pcomp: 19.6 kW
Cell efficiency: 0.304, Output efficiency: 0.274
mdot_h2: 9.29 g/s
Reynolds_number: 14,287,728
Stack prop output power: 282 kW, Pcomp: 2.5 kW
Cell efficiency: 0.286, Output efficiency: 0.269
mdot_h2: 7.05 g/s
Reynolds_number: 14,287,728
Stack prop output power: 282 kW, Pcomp: 2.5 kW
Cell efficiency: 0.286, Output efficiency: 0.269
mdot_h2: 7.05 g/s
Reynolds_number: 14,287,728
Stack prop output power: 282 kW, Pcomp: 14.6 kW
Cell efficiency: 0.304, Output efficiency: 0.274
mdot_h2: 6.92 g/s

-----------------------
ptotal_climb: 992 kW, mtom_est: 3,931 kg, mtom: 3,909 kg, residual: +21.58 kg

MTOM update: newton, relax=1.000 -> mtom_next=3,956.54 kg

======================================================
======================= ITER 3 =======================
Reynolds_number: 14,287,728
Stack prop output power: 383 kW, Pcomp: 19.8 kW
Cell efficiency: 0.304, Output efficiency: 0.274
mdot_h2: 9.41 g/s
Reynolds_number: 14,287,728
Stack prop output power: 383 kW, Pcomp: 19.8 kW
Cell efficiency: 0.304, Output efficiency: 0.274
mdot_h2: 9.41 g/s
Reynolds_number: 14,287,728
Stack prop output power: 285 kW, Pcomp: 2.6 kW
Cell efficiency: 0.286, Output efficiency: 0.269
mdot_h2: 7.14 g/s
Reynolds_number: 14,287,728
Stack prop output power: 285 kW, Pcomp: 2.6 kW
Cell efficiency: 0.286, Output efficiency: 0.269
mdot_h2: 7.14 g/s
Reynolds_number: 14,287,728
Stack prop output power: 285 kW, Pcomp: 14.7 kW
Cell efficiency: 0.304, Output efficiency: 0.274
mdot_h2: 7.00 g/s

-----------------------
ptotal_climb: 1,004 kW, mtom_est: 3,955 kg, mtom: 3,957 kg, residual: -1.06 kg

Reynolds_number: 14,287,728
Stack prop output power: 383 kW, Pcomp: 19.8 kW
Cell efficiency: 0.304, Output efficiency: 0.274
mdot_h2: 9.41 g/s
Reynolds_number: 14,287,728
Stack prop output power: 383 kW, Pcomp: 19.8 kW
Cell efficiency: 0.304, Output efficiency: 0.274
mdot_h2: 9.41 g/s
Reynolds_number: 6,709,346
Stack prop output power: 285 kW, Pcomp: 2.5 kW
Cell efficiency: 0.305, Output efficiency: 0.287
mdot_h2: 6.69 g/s
Reynolds_number: 6,709,346
Stack prop output power: 285 kW, Pcomp: 2.5 kW
Cell efficiency: 0.305, Output efficiency: 0.287
mdot_h2: 6.69 g/s

CONVERGED
======================================================
======================= ITER 1 =======================
Reynolds_number: 14,287,728
Stack prop output power: 394 kW, Pcomp: 20.4 kW
Cell efficiency: 0.304, Output efficiency: 0.274
mdot_h2: 9.68 g/s
Reynolds_number: 14,287,728
Stack prop output power: 394 kW, Pcomp: 20.4 kW
Cell efficiency: 0.304, Output efficiency: 0.274
mdot_h2: 9.68 g/s
Reynolds_number: 14,287,728
Stack prop output power: 293 kW, Pcomp: 2.6 kW
Cell efficiency: 0.286, Output efficiency: 0.269
mdot_h2: 7.35 g/s
Reynolds_number: 14,287,728
Stack prop output power: 293 kW, Pcomp: 2.6 kW
Cell efficiency: 0.286, Output efficiency: 0.269
mdot_h2: 7.35 g/s
Reynolds_number: 14,287,728
Stack prop output power: 293 kW, Pcomp: 15.2 kW
Cell efficiency: 0.304, Output efficiency: 0.274
mdot_h2: 7.20 g/s

-----------------------
ptotal_climb: 1,033 kW, mtom_est: 3,998 kg, mtom: 3,955 kg, residual: +42.92 kg

MTOM update: fixed_point_fallback, relax=1.000 -> mtom_next=3,998.39 kg

======================================================
======================= ITER 2 =======================
Reynolds_number: 14,287,728
Stack prop output power: 399 kW, Pcomp: 20.6 kW
Cell efficiency: 0.304, Output efficiency: 0.274
mdot_h2: 9.78 g/s
Reynolds_number: 14,287,728
Stack prop output power: 399 kW, Pcomp: 20.6 kW
Cell efficiency: 0.304, Output efficiency: 0.274
mdot_h2: 9.78 g/s
Reynolds_number: 14,287,728
Stack prop output power: 297 kW, Pcomp: 2.7 kW
Cell efficiency: 0.286, Output efficiency: 0.269
mdot_h2: 7.43 g/s
Reynolds_number: 14,287,728
Stack prop output power: 297 kW, Pcomp: 2.7 kW
Cell efficiency: 0.286, Output efficiency: 0.269
mdot_h2: 7.43 g/s
Reynolds_number: 14,287,728
Stack prop output power: 297 kW, Pcomp: 15.3 kW
Cell efficiency: 0.304, Output efficiency: 0.274
mdot_h2: 7.28 g/s

-----------------------
ptotal_climb: 1,045 kW, mtom_est: 4,021 kg, mtom: 3,998 kg, residual: +22.96 kg

MTOM update: newton, relax=1.000 -> mtom_next=4,047.78 kg

======================================================
======================= ITER 3 =======================
Reynolds_number: 14,287,728
Stack prop output power: 403 kW, Pcomp: 20.9 kW
Cell efficiency: 0.304, Output efficiency: 0.274
mdot_h2: 9.90 g/s
Reynolds_number: 14,287,728
Stack prop output power: 403 kW, Pcomp: 20.9 kW
Cell efficiency: 0.304, Output efficiency: 0.274
mdot_h2: 9.90 g/s
Reynolds_number: 14,287,728
Stack prop output power: 300 kW, Pcomp: 2.7 kW
Cell efficiency: 0.286, Output efficiency: 0.269
mdot_h2: 7.52 g/s
Reynolds_number: 14,287,728
Stack prop output power: 300 kW, Pcomp: 2.7 kW
Cell efficiency: 0.286, Output efficiency: 0.269
mdot_h2: 7.52 g/s
Reynolds_number: 14,287,728
Stack prop output power: 300 kW, Pcomp: 15.5 kW
Cell efficiency: 0.304, Output efficiency: 0.274
mdot_h2: 7.37 g/s

-----------------------
ptotal_climb: 1,058 kW, mtom_est: 4,042 kg, mtom: 4,048 kg, residual: -5.49 kg

MTOM update: newton, relax=1.000 -> mtom_next=4,038.25 kg

======================================================
======================= ITER 4 =======================
Reynolds_number: 14,287,728
Stack prop output power: 402 kW, Pcomp: 20.8 kW
Cell efficiency: 0.304, Output efficiency: 0.274
mdot_h2: 9.88 g/s
Reynolds_number: 14,287,728
Stack prop output power: 402 kW, Pcomp: 20.8 kW
Cell efficiency: 0.304, Output efficiency: 0.274
mdot_h2: 9.88 g/s
Reynolds_number: 14,287,728
Stack prop output power: 300 kW, Pcomp: 2.7 kW
Cell efficiency: 0.286, Output efficiency: 0.269
mdot_h2: 7.50 g/s
Reynolds_number: 14,287,728
Stack prop output power: 300 kW, Pcomp: 2.7 kW
Cell efficiency: 0.286, Output efficiency: 0.269
mdot_h2: 7.50 g/s
Reynolds_number: 14,287,728
Stack prop output power: 300 kW, Pcomp: 15.5 kW
Cell efficiency: 0.304, Output efficiency: 0.274
mdot_h2: 7.35 g/s

-----------------------
ptotal_climb: 1,055 kW, mtom_est: 4,034 kg, mtom: 4,038 kg, residual: -4.69 kg

Reynolds_number: 14,287,728
Stack prop output power: 402 kW, Pcomp: 20.8 kW
Cell efficiency: 0.304, Output efficiency: 0.274
mdot_h2: 9.88 g/s
Reynolds_number: 14,287,728
Stack prop output power: 402 kW, Pcomp: 20.8 kW
Cell efficiency: 0.304, Output efficiency: 0.274
mdot_h2: 9.88 g/s
Reynolds_number: 6,709,346
Stack prop output power: 300 kW, Pcomp: 2.6 kW
Cell efficiency: 0.305, Output efficiency: 0.287
mdot_h2: 7.02 g/s
Reynolds_number: 6,709,346
Stack prop output power: 300 kW, Pcomp: 2.6 kW
Cell efficiency: 0.305, Output efficiency: 0.287
mdot_h2: 7.02 g/s

CONVERGED
======================================================
======================= ITER 1 =======================
Reynolds_number: 14,287,728
Stack prop output power: 414 kW, Pcomp: 21.4 kW
Cell efficiency: 0.304, Output efficiency: 0.274
mdot_h2: 10.15 g/s
Reynolds_number: 14,287,728
Stack prop output power: 414 kW, Pcomp: 21.4 kW
Cell efficiency: 0.304, Output efficiency: 0.274
mdot_h2: 10.15 g/s
Reynolds_number: 14,287,728
Stack prop output power: 308 kW, Pcomp: 2.8 kW
Cell efficiency: 0.286, Output efficiency: 0.269
mdot_h2: 7.71 g/s
Reynolds_number: 14,287,728
Stack prop output power: 308 kW, Pcomp: 2.8 kW
Cell efficiency: 0.286, Output efficiency: 0.269
mdot_h2: 7.71 g/s
Reynolds_number: 14,287,728
Stack prop output power: 308 kW, Pcomp: 15.9 kW
Cell efficiency: 0.304, Output efficiency: 0.274
mdot_h2: 7.56 g/s

-----------------------
ptotal_climb: 1,084 kW, mtom_est: 4,085 kg, mtom: 4,034 kg, residual: +51.64 kg

MTOM update: fixed_point_fallback, relax=1.000 -> mtom_next=4,085.20 kg

======================================================
======================= ITER 2 =======================
Reynolds_number: 14,287,728
Stack prop output power: 419 kW, Pcomp: 21.7 kW
Cell efficiency: 0.304, Output efficiency: 0.274
mdot_h2: 10.28 g/s
Reynolds_number: 14,287,728
Stack prop output power: 419 kW, Pcomp: 21.7 kW
Cell efficiency: 0.304, Output efficiency: 0.274
mdot_h2: 10.28 g/s
Reynolds_number: 14,287,728
Stack prop output power: 312 kW, Pcomp: 2.8 kW
Cell efficiency: 0.286, Output efficiency: 0.269
mdot_h2: 7.80 g/s
Reynolds_number: 14,287,728
Stack prop output power: 312 kW, Pcomp: 2.8 kW
Cell efficiency: 0.286, Output efficiency: 0.269
mdot_h2: 7.80 g/s
Reynolds_number: 14,287,728
Stack prop output power: 312 kW, Pcomp: 16.1 kW
Cell efficiency: 0.304, Output efficiency: 0.274
mdot_h2: 7.65 g/s

-----------------------
ptotal_climb: 1,098 kW, mtom_est: 4,114 kg, mtom: 4,085 kg, residual: +28.84 kg

MTOM update: newton, relax=1.000 -> mtom_next=4,150.50 kg

======================================================
======================= ITER 3 =======================
Reynolds_number: 14,287,728
Stack prop output power: 426 kW, Pcomp: 22.0 kW
Cell efficiency: 0.304, Output efficiency: 0.274
mdot_h2: 10.45 g/s
Reynolds_number: 14,287,728
Stack prop output power: 426 kW, Pcomp: 22.0 kW
Cell efficiency: 0.304, Output efficiency: 0.274
mdot_h2: 10.45 g/s
Reynolds_number: 14,287,728
Stack prop output power: 317 kW, Pcomp: 2.8 kW
Cell efficiency: 0.286, Output efficiency: 0.269
mdot_h2: 7.93 g/s
Reynolds_number: 14,287,728
Stack prop output power: 317 kW, Pcomp: 2.8 kW
Cell efficiency: 0.286, Output efficiency: 0.269
mdot_h2: 7.93 g/s
Reynolds_number: 14,287,728
Stack prop output power: 317 kW, Pcomp: 16.4 kW
Cell efficiency: 0.304, Output efficiency: 0.274
mdot_h2: 7.77 g/s

-----------------------
ptotal_climb: 1,115 kW, mtom_est: 4,150 kg, mtom: 4,150 kg, residual: -0.40 kg

Reynolds_number: 14,287,728
Stack prop output power: 426 kW, Pcomp: 22.0 kW
Cell efficiency: 0.304, Output efficiency: 0.274
mdot_h2: 10.45 g/s
Reynolds_number: 14,287,728
Stack prop output power: 426 kW, Pcomp: 22.0 kW
Cell efficiency: 0.304, Output efficiency: 0.274
mdot_h2: 10.45 g/s
Reynolds_number: 6,709,346
Stack prop output power: 317 kW, Pcomp: 2.8 kW
Cell efficiency: 0.305, Output efficiency: 0.287
mdot_h2: 7.43 g/s
Reynolds_number: 6,709,346
Stack prop output power: 317 kW, Pcomp: 2.8 kW
Cell efficiency: 0.305, Output efficiency: 0.287
mdot_h2: 7.43 g/s

CONVERGED
======================================================
======================= ITER 1 =======================
Reynolds_number: 14,287,728
Stack prop output power: 437 kW, Pcomp: 22.6 kW
Cell efficiency: 0.304, Output efficiency: 0.274
mdot_h2: 10.74 g/s
Reynolds_number: 14,287,728
Stack prop output power: 437 kW, Pcomp: 22.6 kW
Cell efficiency: 0.304, Output efficiency: 0.274
mdot_h2: 10.74 g/s
Reynolds_number: 14,287,728
Stack prop output power: 326 kW, Pcomp: 2.9 kW
Cell efficiency: 0.286, Output efficiency: 0.269
mdot_h2: 8.15 g/s
Reynolds_number: 14,287,728
Stack prop output power: 326 kW, Pcomp: 2.9 kW
Cell efficiency: 0.286, Output efficiency: 0.269
mdot_h2: 8.15 g/s
Reynolds_number: 14,287,728
Stack prop output power: 326 kW, Pcomp: 16.8 kW
Cell efficiency: 0.304, Output efficiency: 0.274
mdot_h2: 7.99 g/s

-----------------------
ptotal_climb: 1,147 kW, mtom_est: 4,197 kg, mtom: 4,150 kg, residual: +46.53 kg

MTOM update: fixed_point_fallback, relax=1.000 -> mtom_next=4,196.63 kg

======================================================
======================= ITER 2 =======================
Reynolds_number: 14,287,728
Stack prop output power: 442 kW, Pcomp: 22.9 kW
Cell efficiency: 0.304, Output efficiency: 0.274
mdot_h2: 10.86 g/s
Reynolds_number: 14,287,728
Stack prop output power: 442 kW, Pcomp: 22.9 kW
Cell efficiency: 0.304, Output efficiency: 0.274
mdot_h2: 10.86 g/s
Reynolds_number: 14,287,728
Stack prop output power: 329 kW, Pcomp: 3.0 kW
Cell efficiency: 0.286, Output efficiency: 0.269
mdot_h2: 8.24 g/s
Reynolds_number: 14,287,728
Stack prop output power: 329 kW, Pcomp: 3.0 kW
Cell efficiency: 0.286, Output efficiency: 0.269
mdot_h2: 8.24 g/s
Reynolds_number: 14,287,728
Stack prop output power: 329 kW, Pcomp: 17.0 kW
Cell efficiency: 0.304, Output efficiency: 0.274
mdot_h2: 8.08 g/s

-----------------------
ptotal_climb: 1,160 kW, mtom_est: 4,223 kg, mtom: 4,197 kg, residual: +26.69 kg

MTOM update: newton, relax=1.000 -> mtom_next=4,259.21 kg

======================================================
======================= ITER 3 =======================
Reynolds_number: 14,287,728
Stack prop output power: 449 kW, Pcomp: 23.2 kW
Cell efficiency: 0.304, Output efficiency: 0.274
mdot_h2: 11.02 g/s
Reynolds_number: 14,287,728
Stack prop output power: 449 kW, Pcomp: 23.2 kW
Cell efficiency: 0.304, Output efficiency: 0.274
mdot_h2: 11.02 g/s
Reynolds_number: 14,287,728
Stack prop output power: 334 kW, Pcomp: 3.0 kW
Cell efficiency: 0.286, Output efficiency: 0.269
mdot_h2: 8.37 g/s
Reynolds_number: 14,287,728
Stack prop output power: 334 kW, Pcomp: 3.0 kW
Cell efficiency: 0.286, Output efficiency: 0.269
mdot_h2: 8.37 g/s
Reynolds_number: 14,287,728
Stack prop output power: 334 kW, Pcomp: 17.3 kW
Cell efficiency: 0.304, Output efficiency: 0.274
mdot_h2: 8.20 g/s

-----------------------
ptotal_climb: 1,177 kW, mtom_est: 4,259 kg, mtom: 4,259 kg, residual: -0.55 kg

Reynolds_number: 14,287,728
Stack prop output power: 449 kW, Pcomp: 23.2 kW
Cell efficiency: 0.304, Output efficiency: 0.274
mdot_h2: 11.02 g/s
Reynolds_number: 14,287,728
Stack prop output power: 449 kW, Pcomp: 23.2 kW
Cell efficiency: 0.304, Output efficiency: 0.274
mdot_h2: 11.02 g/s
Reynolds_number: 6,709,346
Stack prop output power: 334 kW, Pcomp: 2.9 kW
Cell efficiency: 0.305, Output efficiency: 0.287
mdot_h2: 7.84 g/s
Reynolds_number: 6,709,346
Stack prop output power: 334 kW, Pcomp: 2.9 kW
Cell efficiency: 0.305, Output efficiency: 0.287
mdot_h2: 7.84 g/s

CONVERGED
======================================================
======================= ITER 1 =======================
Reynolds_number: 14,287,728
Stack prop output power: 461 kW, Pcomp: 23.9 kW
Cell efficiency: 0.304, Output efficiency: 0.274
mdot_h2: 11.33 g/s
Reynolds_number: 14,287,728
Stack prop output power: 461 kW, Pcomp: 23.9 kW
Cell efficiency: 0.304, Output efficiency: 0.274
mdot_h2: 11.33 g/s
Reynolds_number: 14,287,728
Stack prop output power: 343 kW, Pcomp: 3.1 kW
Cell efficiency: 0.286, Output efficiency: 0.269
mdot_h2: 8.60 g/s
Reynolds_number: 14,287,728
Stack prop output power: 343 kW, Pcomp: 3.1 kW
Cell efficiency: 0.286, Output efficiency: 0.269
mdot_h2: 8.60 g/s
Reynolds_number: 14,287,728
Stack prop output power: 343 kW, Pcomp: 17.8 kW
Cell efficiency: 0.304, Output efficiency: 0.274
mdot_h2: 8.43 g/s

-----------------------
ptotal_climb: 1,209 kW, mtom_est: 4,307 kg, mtom: 4,259 kg, residual: +48.25 kg

MTOM update: fixed_point_fallback, relax=1.000 -> mtom_next=4,306.91 kg

======================================================
======================= ITER 2 =======================
Reynolds_number: 14,287,728
Stack prop output power: 467 kW, Pcomp: 24.1 kW
Cell efficiency: 0.304, Output efficiency: 0.274
mdot_h2: 11.45 g/s
Reynolds_number: 14,287,728
Stack prop output power: 467 kW, Pcomp: 24.1 kW
Cell efficiency: 0.304, Output efficiency: 0.274
mdot_h2: 11.45 g/s
Reynolds_number: 14,287,728
Stack prop output power: 347 kW, Pcomp: 3.1 kW
Cell efficiency: 0.286, Output efficiency: 0.269
mdot_h2: 8.69 g/s
Reynolds_number: 14,287,728
Stack prop output power: 347 kW, Pcomp: 3.1 kW
Cell efficiency: 0.286, Output efficiency: 0.269
mdot_h2: 8.69 g/s
Reynolds_number: 14,287,728
Stack prop output power: 347 kW, Pcomp: 18.0 kW
Cell efficiency: 0.304, Output efficiency: 0.274
mdot_h2: 8.52 g/s

-----------------------
ptotal_climb: 1,223 kW, mtom_est: 4,335 kg, mtom: 4,307 kg, residual: +28.18 kg

MTOM update: newton, relax=1.000 -> mtom_next=4,374.65 kg

======================================================
======================= ITER 3 =======================
Reynolds_number: 14,287,728
Stack prop output power: 474 kW, Pcomp: 24.5 kW
Cell efficiency: 0.304, Output efficiency: 0.274
mdot_h2: 11.63 g/s
Reynolds_number: 14,287,728
Stack prop output power: 474 kW, Pcomp: 24.5 kW
Cell efficiency: 0.304, Output efficiency: 0.274
mdot_h2: 11.63 g/s
Reynolds_number: 14,287,728
Stack prop output power: 353 kW, Pcomp: 3.2 kW
Cell efficiency: 0.286, Output efficiency: 0.269
mdot_h2: 8.83 g/s
Reynolds_number: 14,287,728
Stack prop output power: 353 kW, Pcomp: 3.2 kW
Cell efficiency: 0.286, Output efficiency: 0.269
mdot_h2: 8.83 g/s
Reynolds_number: 14,287,728
Stack prop output power: 353 kW, Pcomp: 18.2 kW
Cell efficiency: 0.304, Output efficiency: 0.274
mdot_h2: 8.66 g/s

-----------------------
ptotal_climb: 1,242 kW, mtom_est: 4,374 kg, mtom: 4,375 kg, residual: -0.66 kg

Reynolds_number: 14,287,728
Stack prop output power: 474 kW, Pcomp: 24.5 kW
Cell efficiency: 0.304, Output efficiency: 0.274
mdot_h2: 11.63 g/s
Reynolds_number: 14,287,728
Stack prop output power: 474 kW, Pcomp: 24.5 kW
Cell efficiency: 0.304, Output efficiency: 0.274
mdot_h2: 11.63 g/s
Reynolds_number: 6,709,346
Stack prop output power: 353 kW, Pcomp: 3.1 kW
Cell efficiency: 0.305, Output efficiency: 0.287
mdot_h2: 8.27 g/s
Reynolds_number: 6,709,346
Stack prop output power: 353 kW, Pcomp: 3.1 kW
Cell efficiency: 0.305, Output efficiency: 0.287
mdot_h2: 8.27 g/s

CONVERGED
ADRpy+HFCAD coupled sizing (min_mtom): W/S=2100.0 Pa (214.14 kg/m^2), MTOM=3659.0 kg, P/W_TO=0.12619, P/W_climb=0.12619, P/W_cruise=0.12619 (kW/kg)
Chromium init'ed with kwargs {}
Found chromium path: /usr/bin/google-chrome
Temp directory created: /tmp/tmp7ibmst13.
Opening browser.
Temp directory created: /tmp/tmpy4vs4dbn.
ldd failed. e: Command '['ldd', '/usr/bin/google-chrome']' returned non-zero exit status 1., stderr: None
Temporary directory at: /tmp/tmpy4vs4dbn
Conforming 1 to file:///tmp/tmp7ibmst13/index.html
Waiting on all navigates
All navigates done, putting them all in queue.
Getting tab from queue (has 1)
Got CB74
Processing fig.png
Sending big command for fig.png.
Sent big command for fig.png.
Reloading tab CB74 before return.
Putting tab CB74 back (queue size: 0).
Waiting for all cleanups to finish.
Exiting Kaleido
TemporaryDirectory.cleanup() worked.
shutil.rmtree worked.
Cancelling tasks.
Exiting Kaleido/Choreo
Closing browser.
TemporaryDirectory.cleanup() worked.
shutil.rmtree worked.
Cancelling tasks.
Exiting Kaleido/Choreo
Closing browser.
TemporaryDirectory.cleanup() worked.
shutil.rmtree worked.
Pfuel_ready: 42 kW, Pfuel_taxing: 83 kW, Pfuel_climb: 675 kW, Pfuel_cruise: 923 kW, Pfuel_cruise_charger: 923 kW, Pbat_climb: 158 kW, Pbat_charge: 0 kW
TemporaryDirectory.cleanup() worked.
shutil.rmtree worked.
qt.qpa.plugin: From 6.5.0, xcb-cursor0 or libxcb-cursor0 is needed to load the Qt xcb platform plugin.
qt.qpa.plugin: Could not load the Qt platform plugin "xcb" in "" even though it was found.
This application failed to start because no Qt platform plugin could be initialized. Reinstalling the application may fix this problem.

Available platform plugins are: linuxfb, xcb, wayland-brcm, wayland-egl, wayland, minimal, eglfs, offscreen, vkkhrdisplay, minimalegl, vnc.

