======================================================
======================= ITER 1 =======================
Reynolds_number: 11,112,677
Stack prop output power: 432 kW, Pcomp: 22.3 kW
Cell efficiency: 0.300, Output efficiency: 0.271
mdot_h2: 10.75 g/s
Reynolds_number: 11,112,677
Stack prop output power: 432 kW, Pcomp: 22.3 kW
Cell efficiency: 0.300, Output efficiency: 0.271
mdot_h2: 10.75 g/s
Reynolds_number: 11,112,677
Stack prop output power: 322 kW, Pcomp: 2.9 kW
Cell efficiency: 0.281, Output efficiency: 0.264
mdot_h2: 8.19 g/s
Reynolds_number: 11,112,677
Stack prop output power: 322 kW, Pcomp: 2.9 kW
Cell efficiency: 0.281, Output efficiency: 0.264
mdot_h2: 8.19 g/s
Reynolds_number: 11,112,677
Stack prop output power: 322 kW, Pcomp: 16.6 kW
Cell efficiency: 0.300, Output efficiency: 0.271
mdot_h2: 8.00 g/s

-----------------------
ptotal_climb: 1,140 kW, mtom_est: 4,557 kg, mtom: 5,000 kg, residual: -443.10 kg

MTOM update: fixed_point_fallback, relax=1.000 -> mtom_next=4,556.90 kg

======================================================
======================= ITER 2 =======================
Reynolds_number: 11,112,677
Stack prop output power: 394 kW, Pcomp: 20.3 kW
Cell efficiency: 0.300, Output efficiency: 0.271
mdot_h2: 9.80 g/s
Reynolds_number: 11,112,677
Stack prop output power: 394 kW, Pcomp: 20.3 kW
Cell efficiency: 0.300, Output efficiency: 0.271
mdot_h2: 9.80 g/s
Reynolds_number: 11,112,677
Stack prop output power: 293 kW, Pcomp: 2.6 kW
Cell efficiency: 0.281, Output efficiency: 0.264
mdot_h2: 7.47 g/s
Reynolds_number: 11,112,677
Stack prop output power: 293 kW, Pcomp: 2.6 kW
Cell efficiency: 0.281, Output efficiency: 0.264
mdot_h2: 7.47 g/s
Reynolds_number: 11,112,677
Stack prop output power: 293 kW, Pcomp: 15.1 kW
Cell efficiency: 0.300, Output efficiency: 0.271
mdot_h2: 7.29 g/s

-----------------------
ptotal_climb: 1,039 kW, mtom_est: 4,313 kg, mtom: 4,557 kg, residual: -243.88 kg

MTOM update: newton, relax=1.000 -> mtom_next=4,014.47 kg

======================================================
======================= ITER 3 =======================
Reynolds_number: 11,112,677
Stack prop output power: 347 kW, Pcomp: 17.9 kW
Cell efficiency: 0.300, Output efficiency: 0.271
mdot_h2: 8.63 g/s
Reynolds_number: 11,112,677
Stack prop output power: 347 kW, Pcomp: 17.9 kW
Cell efficiency: 0.300, Output efficiency: 0.271
mdot_h2: 8.63 g/s
Reynolds_number: 11,112,677
Stack prop output power: 258 kW, Pcomp: 2.3 kW
Cell efficiency: 0.281, Output efficiency: 0.264
mdot_h2: 6.58 g/s
Reynolds_number: 11,112,677
Stack prop output power: 258 kW, Pcomp: 2.3 kW
Cell efficiency: 0.281, Output efficiency: 0.264
mdot_h2: 6.58 g/s
Reynolds_number: 11,112,677
Stack prop output power: 258 kW, Pcomp: 13.3 kW
Cell efficiency: 0.300, Output efficiency: 0.271
mdot_h2: 6.42 g/s

-----------------------
ptotal_climb: 915 kW, mtom_est: 4,015 kg, mtom: 4,014 kg, residual: +0.88 kg

Reynolds_number: 11,112,677
Stack prop output power: 347 kW, Pcomp: 17.9 kW
Cell efficiency: 0.300, Output efficiency: 0.271
mdot_h2: 8.63 g/s
Reynolds_number: 11,112,677
Stack prop output power: 347 kW, Pcomp: 17.9 kW
Cell efficiency: 0.300, Output efficiency: 0.271
mdot_h2: 8.63 g/s
Reynolds_number: 6,709,346
Stack prop output power: 258 kW, Pcomp: 2.3 kW
Cell efficiency: 0.305, Output efficiency: 0.287
mdot_h2: 6.06 g/s
Reynolds_number: 6,709,346
Stack prop output power: 258 kW, Pcomp: 2.3 kW
Cell efficiency: 0.305, Output efficiency: 0.287
mdot_h2: 6.06 g/s

CONVERGED
======================================================
======================= ITER 1 =======================
Reynolds_number: 11,112,677
Stack prop output power: 348 kW, Pcomp: 17.9 kW
Cell efficiency: 0.300, Output efficiency: 0.271
mdot_h2: 8.65 g/s
Reynolds_number: 11,112,677
Stack prop output power: 348 kW, Pcomp: 17.9 kW
Cell efficiency: 0.300, Output efficiency: 0.271
mdot_h2: 8.65 g/s
Reynolds_number: 11,112,677
Stack prop output power: 259 kW, Pcomp: 2.3 kW
Cell efficiency: 0.281, Output efficiency: 0.264
mdot_h2: 6.59 g/s
Reynolds_number: 11,112,677
Stack prop output power: 259 kW, Pcomp: 2.3 kW
Cell efficiency: 0.281, Output efficiency: 0.264
mdot_h2: 6.59 g/s
Reynolds_number: 11,112,677
Stack prop output power: 259 kW, Pcomp: 13.4 kW
Cell efficiency: 0.300, Output efficiency: 0.271
mdot_h2: 6.44 g/s

-----------------------
ptotal_climb: 917 kW, mtom_est: 4,013 kg, mtom: 4,015 kg, residual: -2.12 kg

Reynolds_number: 11,112,677
Stack prop output power: 348 kW, Pcomp: 17.9 kW
Cell efficiency: 0.300, Output efficiency: 0.271
mdot_h2: 8.65 g/s
Reynolds_number: 11,112,677
Stack prop output power: 348 kW, Pcomp: 17.9 kW
Cell efficiency: 0.300, Output efficiency: 0.271
mdot_h2: 8.65 g/s
Reynolds_number: 6,709,346
Stack prop output power: 259 kW, Pcomp: 2.3 kW
Cell efficiency: 0.305, Output efficiency: 0.287
mdot_h2: 6.07 g/s
Reynolds_number: 6,709,346
Stack prop output power: 259 kW, Pcomp: 2.3 kW
Cell efficiency: 0.305, Output efficiency: 0.287
mdot_h2: 6.07 g/s

CONVERGED
======================================================
======================= ITER 1 =======================
Reynolds_number: 11,112,677
Stack prop output power: 348 kW, Pcomp: 18.0 kW
Cell efficiency: 0.300, Output efficiency: 0.271
mdot_h2: 8.66 g/s
Reynolds_number: 11,112,677
Stack prop output power: 348 kW, Pcomp: 18.0 kW
Cell efficiency: 0.300, Output efficiency: 0.271
mdot_h2: 8.66 g/s
Reynolds_number: 11,112,677
Stack prop output power: 259 kW, Pcomp: 2.3 kW
Cell efficiency: 0.281, Output efficiency: 0.264
mdot_h2: 6.60 g/s
Reynolds_number: 11,112,677
Stack prop output power: 259 kW, Pcomp: 2.3 kW
Cell efficiency: 0.281, Output efficiency: 0.264
mdot_h2: 6.60 g/s
Reynolds_number: 11,112,677
Stack prop output power: 259 kW, Pcomp: 13.4 kW
Cell efficiency: 0.300, Output efficiency: 0.271
mdot_h2: 6.44 g/s

-----------------------
ptotal_climb: 918 kW, mtom_est: 4,010 kg, mtom: 4,013 kg, residual: -3.15 kg

Reynolds_number: 11,112,677
Stack prop output power: 348 kW, Pcomp: 18.0 kW
Cell efficiency: 0.300, Output efficiency: 0.271
mdot_h2: 8.66 g/s
Reynolds_number: 11,112,677
Stack prop output power: 348 kW, Pcomp: 18.0 kW
Cell efficiency: 0.300, Output efficiency: 0.271
mdot_h2: 8.66 g/s
Reynolds_number: 6,709,346
Stack prop output power: 259 kW, Pcomp: 2.3 kW
Cell efficiency: 0.305, Output efficiency: 0.287
mdot_h2: 6.08 g/s
Reynolds_number: 6,709,346
Stack prop output power: 259 kW, Pcomp: 2.3 kW
Cell efficiency: 0.305, Output efficiency: 0.287
mdot_h2: 6.08 g/s

CONVERGED
======================================================
======================= ITER 1 =======================
Reynolds_number: 11,112,677
Stack prop output power: 355 kW, Pcomp: 18.3 kW
Cell efficiency: 0.300, Output efficiency: 0.271
mdot_h2: 8.82 g/s
Reynolds_number: 11,112,677
Stack prop output power: 355 kW, Pcomp: 18.3 kW
Cell efficiency: 0.300, Output efficiency: 0.271
mdot_h2: 8.82 g/s
Reynolds_number: 11,112,677
Stack prop output power: 264 kW, Pcomp: 2.4 kW
Cell efficiency: 0.281, Output efficiency: 0.264
mdot_h2: 6.73 g/s
Reynolds_number: 11,112,677
Stack prop output power: 264 kW, Pcomp: 2.4 kW
Cell efficiency: 0.281, Output efficiency: 0.264
mdot_h2: 6.73 g/s
Reynolds_number: 11,112,677
Stack prop output power: 264 kW, Pcomp: 13.6 kW
Cell efficiency: 0.300, Output efficiency: 0.271
mdot_h2: 6.57 g/s

-----------------------
ptotal_climb: 936 kW, mtom_est: 4,037 kg, mtom: 4,010 kg, residual: +27.20 kg

MTOM update: fixed_point_fallback, relax=1.000 -> mtom_next=4,037.29 kg

======================================================
======================= ITER 2 =======================
Reynolds_number: 11,112,677
Stack prop output power: 357 kW, Pcomp: 18.4 kW
Cell efficiency: 0.300, Output efficiency: 0.271
mdot_h2: 8.88 g/s
Reynolds_number: 11,112,677
Stack prop output power: 357 kW, Pcomp: 18.4 kW
Cell efficiency: 0.300, Output efficiency: 0.271
mdot_h2: 8.88 g/s
Reynolds_number: 11,112,677
Stack prop output power: 266 kW, Pcomp: 2.4 kW
Cell efficiency: 0.281, Output efficiency: 0.264
mdot_h2: 6.77 g/s
Reynolds_number: 11,112,677
Stack prop output power: 266 kW, Pcomp: 2.4 kW
Cell efficiency: 0.281, Output efficiency: 0.264
mdot_h2: 6.77 g/s
Reynolds_number: 11,112,677
Stack prop output power: 266 kW, Pcomp: 13.7 kW
Cell efficiency: 0.300, Output efficiency: 0.271
mdot_h2: 6.61 g/s

-----------------------
ptotal_climb: 942 kW, mtom_est: 4,052 kg, mtom: 4,037 kg, residual: +15.13 kg

MTOM update: newton, relax=1.000 -> mtom_next=4,071.36 kg

======================================================
======================= ITER 3 =======================
Reynolds_number: 11,112,677
Stack prop output power: 360 kW, Pcomp: 18.6 kW
Cell efficiency: 0.300, Output efficiency: 0.271
mdot_h2: 8.96 g/s
Reynolds_number: 11,112,677
Stack prop output power: 360 kW, Pcomp: 18.6 kW
Cell efficiency: 0.300, Output efficiency: 0.271
mdot_h2: 8.96 g/s
Reynolds_number: 11,112,677
Stack prop output power: 268 kW, Pcomp: 2.4 kW
Cell efficiency: 0.281, Output efficiency: 0.264
mdot_h2: 6.83 g/s
Reynolds_number: 11,112,677
Stack prop output power: 268 kW, Pcomp: 2.4 kW
Cell efficiency: 0.281, Output efficiency: 0.264
mdot_h2: 6.83 g/s
Reynolds_number: 11,112,677
Stack prop output power: 268 kW, Pcomp: 13.8 kW
Cell efficiency: 0.300, Output efficiency: 0.271
mdot_h2: 6.67 g/s

-----------------------
ptotal_climb: 950 kW, mtom_est: 4,071 kg, mtom: 4,071 kg, residual: -0.19 kg

Reynolds_number: 11,112,677
Stack prop output power: 360 kW, Pcomp: 18.6 kW
Cell efficiency: 0.300, Output efficiency: 0.271
mdot_h2: 8.96 g/s
Reynolds_number: 11,112,677
Stack prop output power: 360 kW, Pcomp: 18.6 kW
Cell efficiency: 0.300, Output efficiency: 0.271
mdot_h2: 8.96 g/s
Reynolds_number: 6,709,346
Stack prop output power: 268 kW, Pcomp: 2.3 kW
Cell efficiency: 0.305, Output efficiency: 0.287
mdot_h2: 6.29 g/s
Reynolds_number: 6,709,346
Stack prop output power: 268 kW, Pcomp: 2.3 kW
Cell efficiency: 0.305, Output efficiency: 0.287
mdot_h2: 6.29 g/s

CONVERGED
======================================================
======================= ITER 1 =======================
Reynolds_number: 11,112,677
Stack prop output power: 372 kW, Pcomp: 19.2 kW
Cell efficiency: 0.300, Output efficiency: 0.271
mdot_h2: 9.24 g/s
Reynolds_number: 11,112,677
Stack prop output power: 372 kW, Pcomp: 19.2 kW
Cell efficiency: 0.300, Output efficiency: 0.271
mdot_h2: 9.24 g/s
Reynolds_number: 11,112,677
Stack prop output power: 277 kW, Pcomp: 2.5 kW
Cell efficiency: 0.281, Output efficiency: 0.264
mdot_h2: 7.04 g/s
Reynolds_number: 11,112,677
Stack prop output power: 277 kW, Pcomp: 2.5 kW
Cell efficiency: 0.281, Output efficiency: 0.264
mdot_h2: 7.04 g/s
Reynolds_number: 11,112,677
Stack prop output power: 277 kW, Pcomp: 14.3 kW
Cell efficiency: 0.300, Output efficiency: 0.271
mdot_h2: 6.87 g/s

-----------------------
ptotal_climb: 979 kW, mtom_est: 4,120 kg, mtom: 4,071 kg, residual: +49.15 kg

MTOM update: fixed_point_fallback, relax=1.000 -> mtom_next=4,120.32 kg

======================================================
======================= ITER 2 =======================
Reynolds_number: 11,112,677
Stack prop output power: 376 kW, Pcomp: 19.4 kW
Cell efficiency: 0.300, Output efficiency: 0.271
mdot_h2: 9.35 g/s
Reynolds_number: 11,112,677
Stack prop output power: 376 kW, Pcomp: 19.4 kW
Cell efficiency: 0.300, Output efficiency: 0.271
mdot_h2: 9.35 g/s
Reynolds_number: 11,112,677
Stack prop output power: 280 kW, Pcomp: 2.5 kW
Cell efficiency: 0.281, Output efficiency: 0.264
mdot_h2: 7.13 g/s
Reynolds_number: 11,112,677
Stack prop output power: 280 kW, Pcomp: 2.5 kW
Cell efficiency: 0.281, Output efficiency: 0.264
mdot_h2: 7.13 g/s
Reynolds_number: 11,112,677
Stack prop output power: 280 kW, Pcomp: 14.4 kW
Cell efficiency: 0.300, Output efficiency: 0.271
mdot_h2: 6.96 g/s

-----------------------
ptotal_climb: 991 kW, mtom_est: 4,148 kg, mtom: 4,120 kg, residual: +27.29 kg

MTOM update: newton, relax=1.000 -> mtom_next=4,181.69 kg

======================================================
======================= ITER 3 =======================
Reynolds_number: 11,112,677
Stack prop output power: 382 kW, Pcomp: 19.7 kW
Cell efficiency: 0.300, Output efficiency: 0.271
mdot_h2: 9.49 g/s
Reynolds_number: 11,112,677
Stack prop output power: 382 kW, Pcomp: 19.7 kW
Cell efficiency: 0.300, Output efficiency: 0.271
mdot_h2: 9.49 g/s
Reynolds_number: 11,112,677
Stack prop output power: 284 kW, Pcomp: 2.6 kW
Cell efficiency: 0.281, Output efficiency: 0.264
mdot_h2: 7.23 g/s
Reynolds_number: 11,112,677
Stack prop output power: 284 kW, Pcomp: 2.6 kW
Cell efficiency: 0.281, Output efficiency: 0.264
mdot_h2: 7.23 g/s
Reynolds_number: 11,112,677
Stack prop output power: 284 kW, Pcomp: 14.6 kW
Cell efficiency: 0.300, Output efficiency: 0.271
mdot_h2: 7.06 g/s

-----------------------
ptotal_climb: 1,006 kW, mtom_est: 4,183 kg, mtom: 4,182 kg, residual: +1.40 kg

Reynolds_number: 11,112,677
Stack prop output power: 382 kW, Pcomp: 19.7 kW
Cell efficiency: 0.300, Output efficiency: 0.271
mdot_h2: 9.49 g/s
Reynolds_number: 11,112,677
Stack prop output power: 382 kW, Pcomp: 19.7 kW
Cell efficiency: 0.300, Output efficiency: 0.271
mdot_h2: 9.49 g/s
Reynolds_number: 6,709,346
Stack prop output power: 284 kW, Pcomp: 2.5 kW
Cell efficiency: 0.305, Output efficiency: 0.287
mdot_h2: 6.66 g/s
Reynolds_number: 6,709,346
Stack prop output power: 284 kW, Pcomp: 2.5 kW
Cell efficiency: 0.305, Output efficiency: 0.287
mdot_h2: 6.66 g/s

CONVERGED
======================================================
======================= ITER 1 =======================
Reynolds_number: 11,112,677
Stack prop output power: 393 kW, Pcomp: 20.3 kW
Cell efficiency: 0.300, Output efficiency: 0.271
mdot_h2: 9.78 g/s
Reynolds_number: 11,112,677
Stack prop output power: 393 kW, Pcomp: 20.3 kW
Cell efficiency: 0.300, Output efficiency: 0.271
mdot_h2: 9.78 g/s
Reynolds_number: 11,112,677
Stack prop output power: 293 kW, Pcomp: 2.6 kW
Cell efficiency: 0.281, Output efficiency: 0.264
mdot_h2: 7.45 g/s
Reynolds_number: 11,112,677
Stack prop output power: 293 kW, Pcomp: 2.6 kW
Cell efficiency: 0.281, Output efficiency: 0.264
mdot_h2: 7.45 g/s
Reynolds_number: 11,112,677
Stack prop output power: 293 kW, Pcomp: 15.1 kW
Cell efficiency: 0.300, Output efficiency: 0.271
mdot_h2: 7.28 g/s

-----------------------
ptotal_climb: 1,037 kW, mtom_est: 4,235 kg, mtom: 4,183 kg, residual: +52.05 kg

MTOM update: fixed_point_fallback, relax=1.000 -> mtom_next=4,235.14 kg

======================================================
======================= ITER 2 =======================
Reynolds_number: 11,112,677
Stack prop output power: 398 kW, Pcomp: 20.5 kW
Cell efficiency: 0.300, Output efficiency: 0.271
mdot_h2: 9.90 g/s
Reynolds_number: 11,112,677
Stack prop output power: 398 kW, Pcomp: 20.5 kW
Cell efficiency: 0.300, Output efficiency: 0.271
mdot_h2: 9.90 g/s
Reynolds_number: 11,112,677
Stack prop output power: 296 kW, Pcomp: 2.7 kW
Cell efficiency: 0.281, Output efficiency: 0.264
mdot_h2: 7.55 g/s
Reynolds_number: 11,112,677
Stack prop output power: 296 kW, Pcomp: 2.7 kW
Cell efficiency: 0.281, Output efficiency: 0.264
mdot_h2: 7.55 g/s
Reynolds_number: 11,112,677
Stack prop output power: 296 kW, Pcomp: 15.3 kW
Cell efficiency: 0.300, Output efficiency: 0.271
mdot_h2: 7.37 g/s

-----------------------
ptotal_climb: 1,050 kW, mtom_est: 4,265 kg, mtom: 4,235 kg, residual: +29.49 kg

MTOM update: newton, relax=1.000 -> mtom_next=4,303.18 kg

======================================================
======================= ITER 3 =======================
Reynolds_number: 11,112,677
Stack prop output power: 405 kW, Pcomp: 20.9 kW
Cell efficiency: 0.300, Output efficiency: 0.271
mdot_h2: 10.06 g/s
Reynolds_number: 11,112,677
Stack prop output power: 405 kW, Pcomp: 20.9 kW
Cell efficiency: 0.300, Output efficiency: 0.271
mdot_h2: 10.06 g/s
Reynolds_number: 11,112,677
Stack prop output power: 301 kW, Pcomp: 2.7 kW
Cell efficiency: 0.281, Output efficiency: 0.264
mdot_h2: 7.67 g/s
Reynolds_number: 11,112,677
Stack prop output power: 301 kW, Pcomp: 2.7 kW
Cell efficiency: 0.281, Output efficiency: 0.264
mdot_h2: 7.67 g/s
Reynolds_number: 11,112,677
Stack prop output power: 301 kW, Pcomp: 15.5 kW
Cell efficiency: 0.300, Output efficiency: 0.271
mdot_h2: 7.49 g/s

-----------------------
ptotal_climb: 1,067 kW, mtom_est: 4,305 kg, mtom: 4,303 kg, residual: +1.40 kg

Reynolds_number: 11,112,677
Stack prop output power: 405 kW, Pcomp: 20.9 kW
Cell efficiency: 0.300, Output efficiency: 0.271
mdot_h2: 10.06 g/s
Reynolds_number: 11,112,677
Stack prop output power: 405 kW, Pcomp: 20.9 kW
Cell efficiency: 0.300, Output efficiency: 0.271
mdot_h2: 10.06 g/s
Reynolds_number: 6,709,346
Stack prop output power: 301 kW, Pcomp: 2.6 kW
Cell efficiency: 0.305, Output efficiency: 0.287
mdot_h2: 7.06 g/s
Reynolds_number: 6,709,346
Stack prop output power: 301 kW, Pcomp: 2.6 kW
Cell efficiency: 0.305, Output efficiency: 0.287
mdot_h2: 7.06 g/s

CONVERGED
======================================================
======================= ITER 1 =======================
Reynolds_number: 11,112,677
Stack prop output power: 417 kW, Pcomp: 21.5 kW
Cell efficiency: 0.300, Output efficiency: 0.271
mdot_h2: 10.36 g/s
Reynolds_number: 11,112,677
Stack prop output power: 417 kW, Pcomp: 21.5 kW
Cell efficiency: 0.300, Output efficiency: 0.271
mdot_h2: 10.36 g/s
Reynolds_number: 11,112,677
Stack prop output power: 310 kW, Pcomp: 2.8 kW
Cell efficiency: 0.281, Output efficiency: 0.264
mdot_h2: 7.90 g/s
Reynolds_number: 11,112,677
Stack prop output power: 310 kW, Pcomp: 2.8 kW
Cell efficiency: 0.281, Output efficiency: 0.264
mdot_h2: 7.90 g/s
Reynolds_number: 11,112,677
Stack prop output power: 310 kW, Pcomp: 16.0 kW
Cell efficiency: 0.300, Output efficiency: 0.271
mdot_h2: 7.71 g/s

-----------------------
ptotal_climb: 1,099 kW, mtom_est: 4,359 kg, mtom: 4,305 kg, residual: +54.25 kg

MTOM update: fixed_point_fallback, relax=1.000 -> mtom_next=4,358.83 kg

======================================================
======================= ITER 2 =======================
Reynolds_number: 11,112,677
Stack prop output power: 422 kW, Pcomp: 21.8 kW
Cell efficiency: 0.300, Output efficiency: 0.271
mdot_h2: 10.49 g/s
Reynolds_number: 11,112,677
Stack prop output power: 422 kW, Pcomp: 21.8 kW
Cell efficiency: 0.300, Output efficiency: 0.271
mdot_h2: 10.49 g/s
Reynolds_number: 11,112,677
Stack prop output power: 314 kW, Pcomp: 2.8 kW
Cell efficiency: 0.281, Output efficiency: 0.264
mdot_h2: 8.00 g/s
Reynolds_number: 11,112,677
Stack prop output power: 314 kW, Pcomp: 2.8 kW
Cell efficiency: 0.281, Output efficiency: 0.264
mdot_h2: 8.00 g/s
Reynolds_number: 11,112,677
Stack prop output power: 314 kW, Pcomp: 16.2 kW
Cell efficiency: 0.300, Output efficiency: 0.271
mdot_h2: 7.81 g/s

-----------------------
ptotal_climb: 1,113 kW, mtom_est: 4,391 kg, mtom: 4,359 kg, residual: +32.21 kg

MTOM update: newton, relax=1.000 -> mtom_next=4,438.09 kg

======================================================
======================= ITER 3 =======================
Reynolds_number: 11,112,677
Stack prop output power: 430 kW, Pcomp: 22.2 kW
Cell efficiency: 0.300, Output efficiency: 0.271
mdot_h2: 10.69 g/s
Reynolds_number: 11,112,677
Stack prop output power: 430 kW, Pcomp: 22.2 kW
Cell efficiency: 0.300, Output efficiency: 0.271
mdot_h2: 10.69 g/s
Reynolds_number: 11,112,677
Stack prop output power: 320 kW, Pcomp: 2.9 kW
Cell efficiency: 0.281, Output efficiency: 0.264
mdot_h2: 8.15 g/s
Reynolds_number: 11,112,677
Stack prop output power: 320 kW, Pcomp: 2.9 kW
Cell efficiency: 0.281, Output efficiency: 0.264
mdot_h2: 8.15 g/s
Reynolds_number: 11,112,677
Stack prop output power: 320 kW, Pcomp: 16.5 kW
Cell efficiency: 0.300, Output efficiency: 0.271
mdot_h2: 7.95 g/s

-----------------------
ptotal_climb: 1,133 kW, mtom_est: 4,440 kg, mtom: 4,438 kg, residual: +1.67 kg

Reynolds_number: 11,112,677
Stack prop output power: 430 kW, Pcomp: 22.2 kW
Cell efficiency: 0.300, Output efficiency: 0.271
mdot_h2: 10.69 g/s
Reynolds_number: 11,112,677
Stack prop output power: 430 kW, Pcomp: 22.2 kW
Cell efficiency: 0.300, Output efficiency: 0.271
mdot_h2: 10.69 g/s
Reynolds_number: 6,709,346
Stack prop output power: 320 kW, Pcomp: 2.8 kW
Cell efficiency: 0.305, Output efficiency: 0.287
mdot_h2: 7.50 g/s
Reynolds_number: 6,709,346
Stack prop output power: 320 kW, Pcomp: 2.8 kW
Cell efficiency: 0.305, Output efficiency: 0.287
mdot_h2: 7.50 g/s

CONVERGED
======================================================
======================= ITER 1 =======================
Reynolds_number: 11,112,677
Stack prop output power: 443 kW, Pcomp: 22.8 kW
Cell efficiency: 0.300, Output efficiency: 0.271
mdot_h2: 11.00 g/s
Reynolds_number: 11,112,677
Stack prop output power: 443 kW, Pcomp: 22.8 kW
Cell efficiency: 0.300, Output efficiency: 0.271
mdot_h2: 11.00 g/s
Reynolds_number: 11,112,677
Stack prop output power: 329 kW, Pcomp: 3.0 kW
Cell efficiency: 0.281, Output efficiency: 0.264
mdot_h2: 8.39 g/s
Reynolds_number: 11,112,677
Stack prop output power: 329 kW, Pcomp: 3.0 kW
Cell efficiency: 0.281, Output efficiency: 0.264
mdot_h2: 8.39 g/s
Reynolds_number: 11,112,677
Stack prop output power: 329 kW, Pcomp: 17.0 kW
Cell efficiency: 0.300, Output efficiency: 0.271
mdot_h2: 8.19 g/s

-----------------------
ptotal_climb: 1,166 kW, mtom_est: 4,494 kg, mtom: 4,440 kg, residual: +54.38 kg

MTOM update: fixed_point_fallback, relax=1.000 -> mtom_next=4,494.15 kg

======================================================
======================= ITER 2 =======================
Reynolds_number: 11,112,677
Stack prop output power: 448 kW, Pcomp: 23.1 kW
Cell efficiency: 0.300, Output efficiency: 0.271
mdot_h2: 11.14 g/s
Reynolds_number: 11,112,677
Stack prop output power: 448 kW, Pcomp: 23.1 kW
Cell efficiency: 0.300, Output efficiency: 0.271
mdot_h2: 11.14 g/s
Reynolds_number: 11,112,677
Stack prop output power: 333 kW, Pcomp: 3.0 kW
Cell efficiency: 0.281, Output efficiency: 0.264
mdot_h2: 8.49 g/s
Reynolds_number: 11,112,677
Stack prop output power: 333 kW, Pcomp: 3.0 kW
Cell efficiency: 0.281, Output efficiency: 0.264
mdot_h2: 8.49 g/s
Reynolds_number: 11,112,677
Stack prop output power: 333 kW, Pcomp: 17.2 kW
Cell efficiency: 0.300, Output efficiency: 0.271
mdot_h2: 8.29 g/s

-----------------------
ptotal_climb: 1,181 kW, mtom_est: 4,527 kg, mtom: 4,494 kg, residual: +32.99 kg

MTOM update: newton, relax=1.000 -> mtom_next=4,578.00 kg

======================================================
======================= ITER 3 =======================
Reynolds_number: 11,112,677
Stack prop output power: 456 kW, Pcomp: 23.5 kW
Cell efficiency: 0.300, Output efficiency: 0.271
mdot_h2: 11.34 g/s
Reynolds_number: 11,112,677
Stack prop output power: 456 kW, Pcomp: 23.5 kW
Cell efficiency: 0.300, Output efficiency: 0.271
mdot_h2: 11.34 g/s
Reynolds_number: 11,112,677
Stack prop output power: 340 kW, Pcomp: 3.1 kW
Cell efficiency: 0.281, Output efficiency: 0.264
mdot_h2: 8.65 g/s
Reynolds_number: 11,112,677
Stack prop output power: 340 kW, Pcomp: 3.1 kW
Cell efficiency: 0.281, Output efficiency: 0.264
mdot_h2: 8.65 g/s
Reynolds_number: 11,112,677
Stack prop output power: 340 kW, Pcomp: 17.5 kW
Cell efficiency: 0.300, Output efficiency: 0.271
mdot_h2: 8.44 g/s

-----------------------
ptotal_climb: 1,203 kW, mtom_est: 4,578 kg, mtom: 4,578 kg, residual: -0.03 kg

Reynolds_number: 11,112,677
Stack prop output power: 456 kW, Pcomp: 23.5 kW
Cell efficiency: 0.300, Output efficiency: 0.271
mdot_h2: 11.34 g/s
Reynolds_number: 11,112,677
Stack prop output power: 456 kW, Pcomp: 23.5 kW
Cell efficiency: 0.300, Output efficiency: 0.271
mdot_h2: 11.34 g/s
Reynolds_number: 6,709,346
Stack prop output power: 340 kW, Pcomp: 3.0 kW
Cell efficiency: 0.305, Output efficiency: 0.287
mdot_h2: 7.96 g/s
Reynolds_number: 6,709,346
Stack prop output power: 340 kW, Pcomp: 3.0 kW
Cell efficiency: 0.305, Output efficiency: 0.287
mdot_h2: 7.96 g/s

CONVERGED
======================================================
======================= ITER 1 =======================
Reynolds_number: 11,112,677
Stack prop output power: 469 kW, Pcomp: 24.2 kW
Cell efficiency: 0.300, Output efficiency: 0.271
mdot_h2: 11.67 g/s
Reynolds_number: 11,112,677
Stack prop output power: 469 kW, Pcomp: 24.2 kW
Cell efficiency: 0.300, Output efficiency: 0.271
mdot_h2: 11.67 g/s
Reynolds_number: 11,112,677
Stack prop output power: 349 kW, Pcomp: 3.1 kW
Cell efficiency: 0.281, Output efficiency: 0.264
mdot_h2: 8.90 g/s
Reynolds_number: 11,112,677
Stack prop output power: 349 kW, Pcomp: 3.1 kW
Cell efficiency: 0.281, Output efficiency: 0.264
mdot_h2: 8.90 g/s
Reynolds_number: 11,112,677
Stack prop output power: 349 kW, Pcomp: 18.0 kW
Cell efficiency: 0.300, Output efficiency: 0.271
mdot_h2: 8.69 g/s

-----------------------
ptotal_climb: 1,237 kW, mtom_est: 4,636 kg, mtom: 4,578 kg, residual: +58.27 kg

MTOM update: fixed_point_fallback, relax=1.000 -> mtom_next=4,636.25 kg

======================================================
======================= ITER 2 =======================
Reynolds_number: 11,112,677
Stack prop output power: 475 kW, Pcomp: 24.5 kW
Cell efficiency: 0.300, Output efficiency: 0.271
mdot_h2: 11.82 g/s
Reynolds_number: 11,112,677
Stack prop output power: 475 kW, Pcomp: 24.5 kW
Cell efficiency: 0.300, Output efficiency: 0.271
mdot_h2: 11.82 g/s
Reynolds_number: 11,112,677
Stack prop output power: 354 kW, Pcomp: 3.2 kW
Cell efficiency: 0.281, Output efficiency: 0.264
mdot_h2: 9.01 g/s
Reynolds_number: 11,112,677
Stack prop output power: 354 kW, Pcomp: 3.2 kW
Cell efficiency: 0.281, Output efficiency: 0.264
mdot_h2: 9.01 g/s
Reynolds_number: 11,112,677
Stack prop output power: 354 kW, Pcomp: 18.2 kW
Cell efficiency: 0.300, Output efficiency: 0.271
mdot_h2: 8.80 g/s

-----------------------
ptotal_climb: 1,253 kW, mtom_est: 4,672 kg, mtom: 4,636 kg, residual: +36.00 kg

MTOM update: newton, relax=1.000 -> mtom_next=4,730.42 kg

======================================================
======================= ITER 3 =======================
Reynolds_number: 11,112,677
Stack prop output power: 485 kW, Pcomp: 25.0 kW
Cell efficiency: 0.300, Output efficiency: 0.271
mdot_h2: 12.06 g/s
Reynolds_number: 11,112,677
Stack prop output power: 485 kW, Pcomp: 25.0 kW
Cell efficiency: 0.300, Output efficiency: 0.271
mdot_h2: 12.06 g/s
Reynolds_number: 11,112,677
Stack prop output power: 361 kW, Pcomp: 3.2 kW
Cell efficiency: 0.281, Output efficiency: 0.264
mdot_h2: 9.19 g/s
Reynolds_number: 11,112,677
Stack prop output power: 361 kW, Pcomp: 3.2 kW
Cell efficiency: 0.281, Output efficiency: 0.264
mdot_h2: 9.19 g/s
Reynolds_number: 11,112,677
Stack prop output power: 361 kW, Pcomp: 18.6 kW
Cell efficiency: 0.300, Output efficiency: 0.271
mdot_h2: 8.97 g/s

-----------------------
ptotal_climb: 1,278 kW, mtom_est: 4,730 kg, mtom: 4,730 kg, residual: -0.16 kg

Reynolds_number: 11,112,677
Stack prop output power: 485 kW, Pcomp: 25.0 kW
Cell efficiency: 0.300, Output efficiency: 0.271
mdot_h2: 12.06 g/s
Reynolds_number: 11,112,677
Stack prop output power: 485 kW, Pcomp: 25.0 kW
Cell efficiency: 0.300, Output efficiency: 0.271
mdot_h2: 12.06 g/s
Reynolds_number: 6,709,346
Stack prop output power: 361 kW, Pcomp: 3.1 kW
Cell efficiency: 0.305, Output efficiency: 0.287
mdot_h2: 8.46 g/s
Reynolds_number: 6,709,346
Stack prop output power: 361 kW, Pcomp: 3.1 kW
Cell efficiency: 0.305, Output efficiency: 0.287
mdot_h2: 8.46 g/s

CONVERGED
======================================================
======================= ITER 1 =======================
Reynolds_number: 11,112,677
Stack prop output power: 499 kW, Pcomp: 25.7 kW
Cell efficiency: 0.300, Output efficiency: 0.271
mdot_h2: 12.40 g/s
Reynolds_number: 11,112,677
Stack prop output power: 499 kW, Pcomp: 25.7 kW
Cell efficiency: 0.300, Output efficiency: 0.271
mdot_h2: 12.40 g/s
Reynolds_number: 11,112,677
Stack prop output power: 371 kW, Pcomp: 3.3 kW
Cell efficiency: 0.281, Output efficiency: 0.264
mdot_h2: 9.45 g/s
Reynolds_number: 11,112,677
Stack prop output power: 371 kW, Pcomp: 3.3 kW
Cell efficiency: 0.281, Output efficiency: 0.264
mdot_h2: 9.45 g/s
Reynolds_number: 11,112,677
Stack prop output power: 371 kW, Pcomp: 19.1 kW
Cell efficiency: 0.300, Output efficiency: 0.271
mdot_h2: 9.23 g/s

-----------------------
ptotal_climb: 1,314 kW, mtom_est: 4,796 kg, mtom: 4,730 kg, residual: +65.64 kg

MTOM update: fixed_point_fallback, relax=1.000 -> mtom_next=4,795.91 kg

======================================================
======================= ITER 2 =======================
Reynolds_number: 11,112,677
Stack prop output power: 506 kW, Pcomp: 26.1 kW
Cell efficiency: 0.300, Output efficiency: 0.271
mdot_h2: 12.57 g/s
Reynolds_number: 11,112,677
Stack prop output power: 506 kW, Pcomp: 26.1 kW
Cell efficiency: 0.300, Output efficiency: 0.271
mdot_h2: 12.57 g/s
Reynolds_number: 11,112,677
Stack prop output power: 376 kW, Pcomp: 3.4 kW
Cell efficiency: 0.281, Output efficiency: 0.264
mdot_h2: 9.58 g/s
Reynolds_number: 11,112,677
Stack prop output power: 376 kW, Pcomp: 3.4 kW
Cell efficiency: 0.281, Output efficiency: 0.264
mdot_h2: 9.58 g/s
Reynolds_number: 11,112,677
Stack prop output power: 376 kW, Pcomp: 19.4 kW
Cell efficiency: 0.300, Output efficiency: 0.271
mdot_h2: 9.35 g/s

-----------------------
ptotal_climb: 1,333 kW, mtom_est: 4,833 kg, mtom: 4,796 kg, residual: +37.31 kg

MTOM update: newton, relax=1.000 -> mtom_next=4,882.37 kg

======================================================
======================= ITER 3 =======================
Reynolds_number: 11,112,677
Stack prop output power: 515 kW, Pcomp: 26.5 kW
Cell efficiency: 0.300, Output efficiency: 0.271
mdot_h2: 12.80 g/s
Reynolds_number: 11,112,677
Stack prop output power: 515 kW, Pcomp: 26.5 kW
Cell efficiency: 0.300, Output efficiency: 0.271
mdot_h2: 12.80 g/s
Reynolds_number: 11,112,677
Stack prop output power: 383 kW, Pcomp: 3.4 kW
Cell efficiency: 0.281, Output efficiency: 0.264
mdot_h2: 9.75 g/s
Reynolds_number: 11,112,677
Stack prop output power: 383 kW, Pcomp: 3.4 kW
Cell efficiency: 0.281, Output efficiency: 0.264
mdot_h2: 9.75 g/s
Reynolds_number: 11,112,677
Stack prop output power: 383 kW, Pcomp: 19.8 kW
Cell efficiency: 0.300, Output efficiency: 0.271
mdot_h2: 9.52 g/s

-----------------------
ptotal_climb: 1,357 kW, mtom_est: 4,888 kg, mtom: 4,882 kg, residual: +5.51 kg

MTOM update: newton, relax=1.000 -> mtom_next=4,897.34 kg

======================================================
======================= ITER 4 =======================
Reynolds_number: 11,112,677
Stack prop output power: 516 kW, Pcomp: 26.6 kW
Cell efficiency: 0.300, Output efficiency: 0.271
mdot_h2: 12.84 g/s
Reynolds_number: 11,112,677
Stack prop output power: 516 kW, Pcomp: 26.6 kW
Cell efficiency: 0.300, Output efficiency: 0.271
mdot_h2: 12.84 g/s
Reynolds_number: 11,112,677
Stack prop output power: 384 kW, Pcomp: 3.5 kW
Cell efficiency: 0.281, Output efficiency: 0.264
mdot_h2: 9.78 g/s
Reynolds_number: 11,112,677
Stack prop output power: 384 kW, Pcomp: 3.5 kW
Cell efficiency: 0.281, Output efficiency: 0.264
mdot_h2: 9.78 g/s
Reynolds_number: 11,112,677
Stack prop output power: 384 kW, Pcomp: 19.8 kW
Cell efficiency: 0.300, Output efficiency: 0.271
mdot_h2: 9.55 g/s

-----------------------
ptotal_climb: 1,361 kW, mtom_est: 4,897 kg, mtom: 4,897 kg, residual: -0.47 kg

Reynolds_number: 11,112,677
Stack prop output power: 516 kW, Pcomp: 26.6 kW
Cell efficiency: 0.300, Output efficiency: 0.271
mdot_h2: 12.84 g/s
Reynolds_number: 11,112,677
Stack prop output power: 516 kW, Pcomp: 26.6 kW
Cell efficiency: 0.300, Output efficiency: 0.271
mdot_h2: 12.84 g/s
Reynolds_number: 6,709,346
Stack prop output power: 384 kW, Pcomp: 3.3 kW
Cell efficiency: 0.305, Output efficiency: 0.287
mdot_h2: 9.01 g/s
Reynolds_number: 6,709,346
Stack prop output power: 384 kW, Pcomp: 3.3 kW
Cell efficiency: 0.305, Output efficiency: 0.287
mdot_h2: 9.01 g/s

CONVERGED
======================================================
======================= ITER 1 =======================
Reynolds_number: 11,112,677
Stack prop output power: 530 kW, Pcomp: 27.4 kW
Cell efficiency: 0.300, Output efficiency: 0.271
mdot_h2: 13.19 g/s
Reynolds_number: 11,112,677
Stack prop output power: 530 kW, Pcomp: 27.4 kW
Cell efficiency: 0.300, Output efficiency: 0.271
mdot_h2: 13.19 g/s
Reynolds_number: 11,112,677
Stack prop output power: 395 kW, Pcomp: 3.5 kW
Cell efficiency: 0.281, Output efficiency: 0.264
mdot_h2: 10.05 g/s
Reynolds_number: 11,112,677
Stack prop output power: 395 kW, Pcomp: 3.5 kW
Cell efficiency: 0.281, Output efficiency: 0.264
mdot_h2: 10.05 g/s
Reynolds_number: 11,112,677
Stack prop output power: 395 kW, Pcomp: 20.4 kW
Cell efficiency: 0.300, Output efficiency: 0.271
mdot_h2: 9.82 g/s

-----------------------
ptotal_climb: 1,398 kW, mtom_est: 4,964 kg, mtom: 4,897 kg, residual: +67.46 kg

MTOM update: fixed_point_fallback, relax=1.000 -> mtom_next=4,964.33 kg

======================================================
======================= ITER 2 =======================
Reynolds_number: 11,112,677
Stack prop output power: 538 kW, Pcomp: 27.7 kW
Cell efficiency: 0.300, Output efficiency: 0.271
mdot_h2: 13.37 g/s
Reynolds_number: 11,112,677
Stack prop output power: 538 kW, Pcomp: 27.7 kW
Cell efficiency: 0.300, Output efficiency: 0.271
mdot_h2: 13.37 g/s
Reynolds_number: 11,112,677
Stack prop output power: 400 kW, Pcomp: 3.6 kW
Cell efficiency: 0.281, Output efficiency: 0.264
mdot_h2: 10.19 g/s
Reynolds_number: 11,112,677
Stack prop output power: 400 kW, Pcomp: 3.6 kW
Cell efficiency: 0.281, Output efficiency: 0.264
mdot_h2: 10.19 g/s
Reynolds_number: 11,112,677
Stack prop output power: 400 kW, Pcomp: 20.6 kW
Cell efficiency: 0.300, Output efficiency: 0.271
mdot_h2: 9.95 g/s

-----------------------
ptotal_climb: 1,417 kW, mtom_est: 5,005 kg, mtom: 4,964 kg, residual: +40.21 kg

MTOM update: newton, relax=1.000 -> mtom_next=5,063.86 kg

======================================================
======================= ITER 3 =======================
Reynolds_number: 11,112,677
Stack prop output power: 549 kW, Pcomp: 28.3 kW
Cell efficiency: 0.300, Output efficiency: 0.271
mdot_h2: 13.64 g/s
Reynolds_number: 11,112,677
Stack prop output power: 549 kW, Pcomp: 28.3 kW
Cell efficiency: 0.300, Output efficiency: 0.271
mdot_h2: 13.64 g/s
Reynolds_number: 11,112,677
Stack prop output power: 408 kW, Pcomp: 3.7 kW
Cell efficiency: 0.281, Output efficiency: 0.264
mdot_h2: 10.40 g/s
Reynolds_number: 11,112,677
Stack prop output power: 408 kW, Pcomp: 3.7 kW
Cell efficiency: 0.281, Output efficiency: 0.264
mdot_h2: 10.40 g/s
Reynolds_number: 11,112,677
Stack prop output power: 408 kW, Pcomp: 21.1 kW
Cell efficiency: 0.300, Output efficiency: 0.271
mdot_h2: 10.15 g/s

-----------------------
ptotal_climb: 1,446 kW, mtom_est: 5,068 kg, mtom: 5,064 kg, residual: +4.53 kg

Reynolds_number: 11,112,677
Stack prop output power: 549 kW, Pcomp: 28.3 kW
Cell efficiency: 0.300, Output efficiency: 0.271
mdot_h2: 13.64 g/s
Reynolds_number: 11,112,677
Stack prop output power: 549 kW, Pcomp: 28.3 kW
Cell efficiency: 0.300, Output efficiency: 0.271
mdot_h2: 13.64 g/s
Reynolds_number: 6,709,346
Stack prop output power: 408 kW, Pcomp: 3.6 kW
Cell efficiency: 0.305, Output efficiency: 0.287
mdot_h2: 9.57 g/s
Reynolds_number: 6,709,346
Stack prop output power: 408 kW, Pcomp: 3.6 kW
Cell efficiency: 0.305, Output efficiency: 0.287
mdot_h2: 9.57 g/s

CONVERGED
ADRpy+HFCAD coupled sizing (min_mtom): W/S=2100.0 Pa (214.14 kg/m^2), MTOM=4010.1 kg, P/W_TO=0.12619, P/W_climb=0.12619, P/W_cruise=0.12619 (kW/kg)
Chromium init'ed with kwargs {}
Found chromium path: /usr/bin/google-chrome
Temp directory created: /tmp/tmpkaacv3nd.
Opening browser.
Temp directory created: /tmp/tmpjmt18z98.
ldd failed. e: Command '['ldd', '/usr/bin/google-chrome']' returned non-zero exit status 1., stderr: None
Temporary directory at: /tmp/tmpjmt18z98
Conforming 1 to file:///tmp/tmpkaacv3nd/index.html
Waiting on all navigates
All navigates done, putting them all in queue.
Getting tab from queue (has 1)
Got 2034
Processing fig.png
Sending big command for fig.png.
Sent big command for fig.png.
Reloading tab 2034 before return.
Putting tab 2034 back (queue size: 0).
Waiting for all cleanups to finish.
Exiting Kaleido
TemporaryDirectory.cleanup() worked.
shutil.rmtree worked.
Cancelling tasks.
Exiting Kaleido/Choreo
Closing browser.
TemporaryDirectory.cleanup() worked.
shutil.rmtree worked.
Cancelling tasks.
Exiting Kaleido/Choreo
Closing browser.
TemporaryDirectory.cleanup() worked.
shutil.rmtree worked.
Pfuel_ready: 46 kW, Pfuel_taxing: 92 kW, Pfuel_climb: 745 kW, Pfuel_cruise: 1,017 kW, Pfuel_cruise_charger: 1,017 kW, Pbat_climb: 173 kW, Pbat_charge: 0 kW
TemporaryDirectory.cleanup() worked.
shutil.rmtree worked.
qt.qpa.plugin: From 6.5.0, xcb-cursor0 or libxcb-cursor0 is needed to load the Qt xcb platform plugin.
qt.qpa.plugin: Could not load the Qt platform plugin "xcb" in "" even though it was found.
This application failed to start because no Qt platform plugin could be initialized. Reinstalling the application may fix this problem.

Available platform plugins are: linuxfb, xcb, wayland-brcm, wayland-egl, wayland, minimal, eglfs, offscreen, vkkhrdisplay, minimalegl, vnc.

