======================================================
======================= ITER 1 =======================
Reynolds_number: 10,086,078
Stack prop output power: 432 kW, Pcomp: 31.2 kW
Cell efficiency: 0.298, Output efficiency: 0.264
mdot_h2: 11.03 g/s
Reynolds_number: 10,086,078
Stack prop output power: 432 kW, Pcomp: 31.2 kW
Cell efficiency: 0.298, Output efficiency: 0.264
mdot_h2: 11.03 g/s
Reynolds_number: 10,086,078
Stack prop output power: 322 kW, Pcomp: 2.9 kW
Cell efficiency: 0.269, Output efficiency: 0.253
mdot_h2: 8.56 g/s
Reynolds_number: 10,086,078
Stack prop output power: 322 kW, Pcomp: 2.9 kW
Cell efficiency: 0.269, Output efficiency: 0.253
mdot_h2: 8.56 g/s
Reynolds_number: 10,086,078
Stack prop output power: 322 kW, Pcomp: 23.2 kW
Cell efficiency: 0.298, Output efficiency: 0.264
mdot_h2: 8.21 g/s

-----------------------
ptotal_climb: 1,151 kW, mtom_est: 5,539 kg, mtom: 5,000 kg, residual: +538.76 kg

MTOM update: fixed_point_fallback, relax=1.000 -> mtom_next=5,538.76 kg

======================================================
======================= ITER 2 =======================
Reynolds_number: 10,086,078
Stack prop output power: 479 kW, Pcomp: 34.5 kW
Cell efficiency: 0.298, Output efficiency: 0.264
mdot_h2: 12.22 g/s
Reynolds_number: 10,086,078
Stack prop output power: 479 kW, Pcomp: 34.5 kW
Cell efficiency: 0.298, Output efficiency: 0.264
mdot_h2: 12.22 g/s
Reynolds_number: 10,086,078
Stack prop output power: 356 kW, Pcomp: 3.3 kW
Cell efficiency: 0.269, Output efficiency: 0.253
mdot_h2: 9.48 g/s
Reynolds_number: 10,086,078
Stack prop output power: 356 kW, Pcomp: 3.3 kW
Cell efficiency: 0.269, Output efficiency: 0.253
mdot_h2: 9.48 g/s
Reynolds_number: 10,086,078
Stack prop output power: 356 kW, Pcomp: 25.7 kW
Cell efficiency: 0.298, Output efficiency: 0.264
mdot_h2: 9.09 g/s

-----------------------
ptotal_climb: 1,275 kW, mtom_est: 5,953 kg, mtom: 5,539 kg, residual: +414.00 kg

MTOM update: newton, relax=1.000 -> mtom_next=7,326.55 kg

======================================================
======================= ITER 3 =======================
Reynolds_number: 10,086,078
Stack prop output power: 634 kW, Pcomp: 45.7 kW
Cell efficiency: 0.298, Output efficiency: 0.264
mdot_h2: 16.16 g/s
Reynolds_number: 10,086,078
Stack prop output power: 634 kW, Pcomp: 45.7 kW
Cell efficiency: 0.298, Output efficiency: 0.264
mdot_h2: 16.16 g/s
Reynolds_number: 10,086,078
Stack prop output power: 472 kW, Pcomp: 4.3 kW
Cell efficiency: 0.269, Output efficiency: 0.253
mdot_h2: 12.54 g/s
Reynolds_number: 10,086,078
Stack prop output power: 472 kW, Pcomp: 4.3 kW
Cell efficiency: 0.269, Output efficiency: 0.253
mdot_h2: 12.54 g/s
Reynolds_number: 10,086,078
Stack prop output power: 472 kW, Pcomp: 34.0 kW
Cell efficiency: 0.298, Output efficiency: 0.264
mdot_h2: 12.03 g/s

-----------------------
ptotal_climb: 1,687 kW, mtom_est: 7,289 kg, mtom: 7,327 kg, residual: -37.83 kg

MTOM update: newton, relax=1.000 -> mtom_next=7,176.85 kg

======================================================
======================= ITER 4 =======================
Reynolds_number: 10,086,078
Stack prop output power: 621 kW, Pcomp: 44.7 kW
Cell efficiency: 0.298, Output efficiency: 0.264
mdot_h2: 15.83 g/s
Reynolds_number: 10,086,078
Stack prop output power: 621 kW, Pcomp: 44.7 kW
Cell efficiency: 0.298, Output efficiency: 0.264
mdot_h2: 15.83 g/s
Reynolds_number: 10,086,078
Stack prop output power: 462 kW, Pcomp: 4.2 kW
Cell efficiency: 0.269, Output efficiency: 0.253
mdot_h2: 12.28 g/s
Reynolds_number: 10,086,078
Stack prop output power: 462 kW, Pcomp: 4.2 kW
Cell efficiency: 0.269, Output efficiency: 0.253
mdot_h2: 12.28 g/s
Reynolds_number: 10,086,078
Stack prop output power: 462 kW, Pcomp: 33.3 kW
Cell efficiency: 0.298, Output efficiency: 0.264
mdot_h2: 11.78 g/s

-----------------------
ptotal_climb: 1,652 kW, mtom_est: 7,176 kg, mtom: 7,177 kg, residual: -0.74 kg

Reynolds_number: 10,086,078
Stack prop output power: 621 kW, Pcomp: 44.7 kW
Cell efficiency: 0.298, Output efficiency: 0.264
mdot_h2: 15.83 g/s
Reynolds_number: 10,086,078
Stack prop output power: 621 kW, Pcomp: 44.7 kW
Cell efficiency: 0.298, Output efficiency: 0.264
mdot_h2: 15.83 g/s
Reynolds_number: 6,709,346
Stack prop output power: 462 kW, Pcomp: 4.0 kW
Cell efficiency: 0.305, Output efficiency: 0.287
mdot_h2: 10.83 g/s
Reynolds_number: 6,709,346
Stack prop output power: 462 kW, Pcomp: 4.0 kW
Cell efficiency: 0.305, Output efficiency: 0.287
mdot_h2: 10.83 g/s

CONVERGED
======================================================
======================= ITER 1 =======================
Reynolds_number: 10,086,078
Stack prop output power: 622 kW, Pcomp: 44.8 kW
Cell efficiency: 0.298, Output efficiency: 0.264
mdot_h2: 15.85 g/s
Reynolds_number: 10,086,078
Stack prop output power: 622 kW, Pcomp: 44.8 kW
Cell efficiency: 0.298, Output efficiency: 0.264
mdot_h2: 15.85 g/s
Reynolds_number: 10,086,078
Stack prop output power: 463 kW, Pcomp: 4.2 kW
Cell efficiency: 0.269, Output efficiency: 0.253
mdot_h2: 12.30 g/s
Reynolds_number: 10,086,078
Stack prop output power: 463 kW, Pcomp: 4.2 kW
Cell efficiency: 0.269, Output efficiency: 0.253
mdot_h2: 12.30 g/s
Reynolds_number: 10,086,078
Stack prop output power: 463 kW, Pcomp: 33.3 kW
Cell efficiency: 0.298, Output efficiency: 0.264
mdot_h2: 11.80 g/s

-----------------------
ptotal_climb: 1,655 kW, mtom_est: 7,172 kg, mtom: 7,176 kg, residual: -4.38 kg

Reynolds_number: 10,086,078
Stack prop output power: 622 kW, Pcomp: 44.8 kW
Cell efficiency: 0.298, Output efficiency: 0.264
mdot_h2: 15.85 g/s
Reynolds_number: 10,086,078
Stack prop output power: 622 kW, Pcomp: 44.8 kW
Cell efficiency: 0.298, Output efficiency: 0.264
mdot_h2: 15.85 g/s
Reynolds_number: 6,709,346
Stack prop output power: 463 kW, Pcomp: 4.0 kW
Cell efficiency: 0.305, Output efficiency: 0.287
mdot_h2: 10.85 g/s
Reynolds_number: 6,709,346
Stack prop output power: 463 kW, Pcomp: 4.0 kW
Cell efficiency: 0.305, Output efficiency: 0.287
mdot_h2: 10.85 g/s

CONVERGED
======================================================
======================= ITER 1 =======================
Reynolds_number: 10,086,078
Stack prop output power: 622 kW, Pcomp: 44.9 kW
Cell efficiency: 0.298, Output efficiency: 0.264
mdot_h2: 15.87 g/s
Reynolds_number: 10,086,078
Stack prop output power: 622 kW, Pcomp: 44.9 kW
Cell efficiency: 0.298, Output efficiency: 0.264
mdot_h2: 15.87 g/s
Reynolds_number: 10,086,078
Stack prop output power: 463 kW, Pcomp: 4.2 kW
Cell efficiency: 0.269, Output efficiency: 0.253
mdot_h2: 12.32 g/s
Reynolds_number: 10,086,078
Stack prop output power: 463 kW, Pcomp: 4.2 kW
Cell efficiency: 0.269, Output efficiency: 0.253
mdot_h2: 12.32 g/s
Reynolds_number: 10,086,078
Stack prop output power: 463 kW, Pcomp: 33.4 kW
Cell efficiency: 0.298, Output efficiency: 0.264
mdot_h2: 11.81 g/s

-----------------------
ptotal_climb: 1,657 kW, mtom_est: 7,166 kg, mtom: 7,172 kg, residual: -5.68 kg

MTOM update: fixed_point_fallback, relax=1.000 -> mtom_next=7,166.04 kg

======================================================
======================= ITER 2 =======================
Reynolds_number: 10,086,078
Stack prop output power: 622 kW, Pcomp: 44.8 kW
Cell efficiency: 0.298, Output efficiency: 0.264
mdot_h2: 15.86 g/s
Reynolds_number: 10,086,078
Stack prop output power: 622 kW, Pcomp: 44.8 kW
Cell efficiency: 0.298, Output efficiency: 0.264
mdot_h2: 15.86 g/s
Reynolds_number: 10,086,078
Stack prop output power: 463 kW, Pcomp: 4.2 kW
Cell efficiency: 0.269, Output efficiency: 0.253
mdot_h2: 12.31 g/s
Reynolds_number: 10,086,078
Stack prop output power: 463 kW, Pcomp: 4.2 kW
Cell efficiency: 0.269, Output efficiency: 0.253
mdot_h2: 12.31 g/s
Reynolds_number: 10,086,078
Stack prop output power: 463 kW, Pcomp: 33.4 kW
Cell efficiency: 0.298, Output efficiency: 0.264
mdot_h2: 11.80 g/s

-----------------------
ptotal_climb: 1,656 kW, mtom_est: 7,162 kg, mtom: 7,166 kg, residual: -4.11 kg

Reynolds_number: 10,086,078
Stack prop output power: 622 kW, Pcomp: 44.8 kW
Cell efficiency: 0.298, Output efficiency: 0.264
mdot_h2: 15.86 g/s
Reynolds_number: 10,086,078
Stack prop output power: 622 kW, Pcomp: 44.8 kW
Cell efficiency: 0.298, Output efficiency: 0.264
mdot_h2: 15.86 g/s
Reynolds_number: 6,709,346
Stack prop output power: 463 kW, Pcomp: 4.0 kW
Cell efficiency: 0.305, Output efficiency: 0.287
mdot_h2: 10.85 g/s
Reynolds_number: 6,709,346
Stack prop output power: 463 kW, Pcomp: 4.0 kW
Cell efficiency: 0.305, Output efficiency: 0.287
mdot_h2: 10.85 g/s

CONVERGED
======================================================
======================= ITER 1 =======================
Reynolds_number: 10,086,078
Stack prop output power: 634 kW, Pcomp: 45.7 kW
Cell efficiency: 0.298, Output efficiency: 0.264
mdot_h2: 16.17 g/s
Reynolds_number: 10,086,078
Stack prop output power: 634 kW, Pcomp: 45.7 kW
Cell efficiency: 0.298, Output efficiency: 0.264
mdot_h2: 16.17 g/s
Reynolds_number: 10,086,078
Stack prop output power: 472 kW, Pcomp: 4.3 kW
Cell efficiency: 0.269, Output efficiency: 0.253
mdot_h2: 12.55 g/s
Reynolds_number: 10,086,078
Stack prop output power: 472 kW, Pcomp: 4.3 kW
Cell efficiency: 0.269, Output efficiency: 0.253
mdot_h2: 12.55 g/s
Reynolds_number: 10,086,078
Stack prop output power: 472 kW, Pcomp: 34.0 kW
Cell efficiency: 0.298, Output efficiency: 0.264
mdot_h2: 12.03 g/s

-----------------------
ptotal_climb: 1,687 kW, mtom_est: 7,236 kg, mtom: 7,162 kg, residual: +73.96 kg

MTOM update: fixed_point_fallback, relax=1.000 -> mtom_next=7,235.90 kg

======================================================
======================= ITER 2 =======================
Reynolds_number: 10,086,078
Stack prop output power: 640 kW, Pcomp: 46.2 kW
Cell efficiency: 0.298, Output efficiency: 0.264
mdot_h2: 16.33 g/s
Reynolds_number: 10,086,078
Stack prop output power: 640 kW, Pcomp: 46.2 kW
Cell efficiency: 0.298, Output efficiency: 0.264
mdot_h2: 16.33 g/s
Reynolds_number: 10,086,078
Stack prop output power: 477 kW, Pcomp: 4.4 kW
Cell efficiency: 0.269, Output efficiency: 0.253
mdot_h2: 12.68 g/s
Reynolds_number: 10,086,078
Stack prop output power: 477 kW, Pcomp: 4.4 kW
Cell efficiency: 0.269, Output efficiency: 0.253
mdot_h2: 12.68 g/s
Reynolds_number: 10,086,078
Stack prop output power: 477 kW, Pcomp: 34.4 kW
Cell efficiency: 0.298, Output efficiency: 0.264
mdot_h2: 12.15 g/s

-----------------------
ptotal_climb: 1,705 kW, mtom_est: 7,292 kg, mtom: 7,236 kg, residual: +56.29 kg

MTOM update: newton, relax=1.000 -> mtom_next=7,471.46 kg

======================================================
======================= ITER 3 =======================
Reynolds_number: 10,086,078
Stack prop output power: 661 kW, Pcomp: 47.7 kW
Cell efficiency: 0.298, Output efficiency: 0.264
mdot_h2: 16.86 g/s
Reynolds_number: 10,086,078
Stack prop output power: 661 kW, Pcomp: 47.7 kW
Cell efficiency: 0.298, Output efficiency: 0.264
mdot_h2: 16.86 g/s
Reynolds_number: 10,086,078
Stack prop output power: 492 kW, Pcomp: 4.5 kW
Cell efficiency: 0.269, Output efficiency: 0.253
mdot_h2: 13.09 g/s
Reynolds_number: 10,086,078
Stack prop output power: 492 kW, Pcomp: 4.5 kW
Cell efficiency: 0.269, Output efficiency: 0.253
mdot_h2: 13.09 g/s
Reynolds_number: 10,086,078
Stack prop output power: 492 kW, Pcomp: 35.5 kW
Cell efficiency: 0.298, Output efficiency: 0.264
mdot_h2: 12.55 g/s

-----------------------
ptotal_climb: 1,760 kW, mtom_est: 7,471 kg, mtom: 7,471 kg, residual: -0.19 kg

Reynolds_number: 10,086,078
Stack prop output power: 661 kW, Pcomp: 47.7 kW
Cell efficiency: 0.298, Output efficiency: 0.264
mdot_h2: 16.86 g/s
Reynolds_number: 10,086,078
Stack prop output power: 661 kW, Pcomp: 47.7 kW
Cell efficiency: 0.298, Output efficiency: 0.264
mdot_h2: 16.86 g/s
Reynolds_number: 6,709,346
Stack prop output power: 492 kW, Pcomp: 4.3 kW
Cell efficiency: 0.305, Output efficiency: 0.287
mdot_h2: 11.54 g/s
Reynolds_number: 6,709,346
Stack prop output power: 492 kW, Pcomp: 4.3 kW
Cell efficiency: 0.305, Output efficiency: 0.287
mdot_h2: 11.54 g/s

CONVERGED
======================================================
======================= ITER 1 =======================
Reynolds_number: 10,086,078
Stack prop output power: 682 kW, Pcomp: 49.1 kW
Cell efficiency: 0.298, Output efficiency: 0.264
mdot_h2: 17.39 g/s
Reynolds_number: 10,086,078
Stack prop output power: 682 kW, Pcomp: 49.1 kW
Cell efficiency: 0.298, Output efficiency: 0.264
mdot_h2: 17.39 g/s
Reynolds_number: 10,086,078
Stack prop output power: 507 kW, Pcomp: 4.6 kW
Cell efficiency: 0.269, Output efficiency: 0.253
mdot_h2: 13.49 g/s
Reynolds_number: 10,086,078
Stack prop output power: 507 kW, Pcomp: 4.6 kW
Cell efficiency: 0.269, Output efficiency: 0.253
mdot_h2: 13.49 g/s
Reynolds_number: 10,086,078
Stack prop output power: 507 kW, Pcomp: 36.6 kW
Cell efficiency: 0.298, Output efficiency: 0.264
mdot_h2: 12.94 g/s

-----------------------
ptotal_climb: 1,815 kW, mtom_est: 7,604 kg, mtom: 7,471 kg, residual: +132.97 kg

MTOM update: fixed_point_fallback, relax=1.000 -> mtom_next=7,604.24 kg

======================================================
======================= ITER 2 =======================
Reynolds_number: 10,086,078
Stack prop output power: 694 kW, Pcomp: 50.0 kW
Cell efficiency: 0.298, Output efficiency: 0.264
mdot_h2: 17.70 g/s
Reynolds_number: 10,086,078
Stack prop output power: 694 kW, Pcomp: 50.0 kW
Cell efficiency: 0.298, Output efficiency: 0.264
mdot_h2: 17.70 g/s
Reynolds_number: 10,086,078
Stack prop output power: 516 kW, Pcomp: 4.7 kW
Cell efficiency: 0.269, Output efficiency: 0.253
mdot_h2: 13.74 g/s
Reynolds_number: 10,086,078
Stack prop output power: 516 kW, Pcomp: 4.7 kW
Cell efficiency: 0.269, Output efficiency: 0.253
mdot_h2: 13.74 g/s
Reynolds_number: 10,086,078
Stack prop output power: 516 kW, Pcomp: 37.2 kW
Cell efficiency: 0.298, Output efficiency: 0.264
mdot_h2: 13.17 g/s

-----------------------
ptotal_climb: 1,847 kW, mtom_est: 7,715 kg, mtom: 7,604 kg, residual: +110.27 kg

MTOM update: newton, relax=1.000 -> mtom_next=8,250.34 kg

======================================================
======================= ITER 3 =======================
Reynolds_number: 10,086,078
Stack prop output power: 753 kW, Pcomp: 54.3 kW
Cell efficiency: 0.298, Output efficiency: 0.264
mdot_h2: 19.20 g/s
Reynolds_number: 10,086,078
Stack prop output power: 753 kW, Pcomp: 54.3 kW
Cell efficiency: 0.298, Output efficiency: 0.264
mdot_h2: 19.20 g/s
Reynolds_number: 10,086,078
Stack prop output power: 560 kW, Pcomp: 5.1 kW
Cell efficiency: 0.269, Output efficiency: 0.253
mdot_h2: 14.90 g/s
Reynolds_number: 10,086,078
Stack prop output power: 560 kW, Pcomp: 5.1 kW
Cell efficiency: 0.269, Output efficiency: 0.253
mdot_h2: 14.90 g/s
Reynolds_number: 10,086,078
Stack prop output power: 560 kW, Pcomp: 40.4 kW
Cell efficiency: 0.298, Output efficiency: 0.264
mdot_h2: 14.29 g/s

-----------------------
ptotal_climb: 2,004 kW, mtom_est: 8,211 kg, mtom: 8,250 kg, residual: -39.02 kg

MTOM update: newton, relax=1.000 -> mtom_next=8,081.48 kg

======================================================
======================= ITER 4 =======================
Reynolds_number: 10,086,078
Stack prop output power: 737 kW, Pcomp: 53.2 kW
Cell efficiency: 0.298, Output efficiency: 0.264
mdot_h2: 18.81 g/s
Reynolds_number: 10,086,078
Stack prop output power: 737 kW, Pcomp: 53.2 kW
Cell efficiency: 0.298, Output efficiency: 0.264
mdot_h2: 18.81 g/s
Reynolds_number: 10,086,078
Stack prop output power: 549 kW, Pcomp: 5.0 kW
Cell efficiency: 0.269, Output efficiency: 0.253
mdot_h2: 14.60 g/s
Reynolds_number: 10,086,078
Stack prop output power: 549 kW, Pcomp: 5.0 kW
Cell efficiency: 0.269, Output efficiency: 0.253
mdot_h2: 14.60 g/s
Reynolds_number: 10,086,078
Stack prop output power: 549 kW, Pcomp: 39.6 kW
Cell efficiency: 0.298, Output efficiency: 0.264
mdot_h2: 14.00 g/s

-----------------------
ptotal_climb: 1,963 kW, mtom_est: 8,080 kg, mtom: 8,081 kg, residual: -1.88 kg

Reynolds_number: 10,086,078
Stack prop output power: 737 kW, Pcomp: 53.2 kW
Cell efficiency: 0.298, Output efficiency: 0.264
mdot_h2: 18.81 g/s
Reynolds_number: 10,086,078
Stack prop output power: 737 kW, Pcomp: 53.2 kW
Cell efficiency: 0.298, Output efficiency: 0.264
mdot_h2: 18.81 g/s
Reynolds_number: 6,709,346
Stack prop output power: 549 kW, Pcomp: 4.8 kW
Cell efficiency: 0.305, Output efficiency: 0.287
mdot_h2: 12.87 g/s
Reynolds_number: 6,709,346
Stack prop output power: 549 kW, Pcomp: 4.8 kW
Cell efficiency: 0.305, Output efficiency: 0.287
mdot_h2: 12.87 g/s

CONVERGED
======================================================
======================= ITER 1 =======================
Reynolds_number: 10,086,078
Stack prop output power: 760 kW, Pcomp: 54.8 kW
Cell efficiency: 0.298, Output efficiency: 0.264
mdot_h2: 19.38 g/s
Reynolds_number: 10,086,078
Stack prop output power: 760 kW, Pcomp: 54.8 kW
Cell efficiency: 0.298, Output efficiency: 0.264
mdot_h2: 19.38 g/s
Reynolds_number: 10,086,078
Stack prop output power: 565 kW, Pcomp: 5.2 kW
Cell efficiency: 0.269, Output efficiency: 0.253
mdot_h2: 15.04 g/s
Reynolds_number: 10,086,078
Stack prop output power: 565 kW, Pcomp: 5.2 kW
Cell efficiency: 0.269, Output efficiency: 0.253
mdot_h2: 15.04 g/s
Reynolds_number: 10,086,078
Stack prop output power: 565 kW, Pcomp: 40.8 kW
Cell efficiency: 0.298, Output efficiency: 0.264
mdot_h2: 14.42 g/s

-----------------------
ptotal_climb: 2,022 kW, mtom_est: 8,229 kg, mtom: 8,080 kg, residual: +149.30 kg

MTOM update: fixed_point_fallback, relax=1.000 -> mtom_next=8,228.89 kg

======================================================
======================= ITER 2 =======================
Reynolds_number: 10,086,078
Stack prop output power: 774 kW, Pcomp: 55.8 kW
Cell efficiency: 0.298, Output efficiency: 0.264
mdot_h2: 19.73 g/s
Reynolds_number: 10,086,078
Stack prop output power: 774 kW, Pcomp: 55.8 kW
Cell efficiency: 0.298, Output efficiency: 0.264
mdot_h2: 19.73 g/s
Reynolds_number: 10,086,078
Stack prop output power: 576 kW, Pcomp: 5.3 kW
Cell efficiency: 0.269, Output efficiency: 0.253
mdot_h2: 15.32 g/s
Reynolds_number: 10,086,078
Stack prop output power: 576 kW, Pcomp: 5.3 kW
Cell efficiency: 0.269, Output efficiency: 0.253
mdot_h2: 15.32 g/s
Reynolds_number: 10,086,078
Stack prop output power: 576 kW, Pcomp: 41.5 kW
Cell efficiency: 0.298, Output efficiency: 0.264
mdot_h2: 14.69 g/s

-----------------------
ptotal_climb: 2,060 kW, mtom_est: 8,345 kg, mtom: 8,229 kg, residual: +115.73 kg

MTOM update: newton, relax=1.000 -> mtom_next=8,743.58 kg

======================================================
======================= ITER 3 =======================
Reynolds_number: 10,086,078
Stack prop output power: 822 kW, Pcomp: 59.3 kW
Cell efficiency: 0.298, Output efficiency: 0.264
mdot_h2: 20.97 g/s
Reynolds_number: 10,086,078
Stack prop output power: 822 kW, Pcomp: 59.3 kW
Cell efficiency: 0.298, Output efficiency: 0.264
mdot_h2: 20.97 g/s
Reynolds_number: 10,086,078
Stack prop output power: 612 kW, Pcomp: 5.6 kW
Cell efficiency: 0.269, Output efficiency: 0.253
mdot_h2: 16.27 g/s
Reynolds_number: 10,086,078
Stack prop output power: 612 kW, Pcomp: 5.6 kW
Cell efficiency: 0.269, Output efficiency: 0.253
mdot_h2: 16.27 g/s
Reynolds_number: 10,086,078
Stack prop output power: 612 kW, Pcomp: 44.1 kW
Cell efficiency: 0.298, Output efficiency: 0.264
mdot_h2: 15.61 g/s

-----------------------
ptotal_climb: 2,189 kW, mtom_est: 8,756 kg, mtom: 8,744 kg, residual: +12.29 kg

MTOM update: newton, relax=1.000 -> mtom_next=8,804.75 kg

======================================================
======================= ITER 4 =======================
Reynolds_number: 10,086,078
Stack prop output power: 828 kW, Pcomp: 59.7 kW
Cell efficiency: 0.298, Output efficiency: 0.264
mdot_h2: 21.11 g/s
Reynolds_number: 10,086,078
Stack prop output power: 828 kW, Pcomp: 59.7 kW
Cell efficiency: 0.298, Output efficiency: 0.264
mdot_h2: 21.11 g/s
Reynolds_number: 10,086,078
Stack prop output power: 616 kW, Pcomp: 5.6 kW
Cell efficiency: 0.269, Output efficiency: 0.253
mdot_h2: 16.39 g/s
Reynolds_number: 10,086,078
Stack prop output power: 616 kW, Pcomp: 5.6 kW
Cell efficiency: 0.269, Output efficiency: 0.253
mdot_h2: 16.39 g/s
Reynolds_number: 10,086,078
Stack prop output power: 616 kW, Pcomp: 44.4 kW
Cell efficiency: 0.298, Output efficiency: 0.264
mdot_h2: 15.71 g/s

-----------------------
ptotal_climb: 2,204 kW, mtom_est: 8,806 kg, mtom: 8,805 kg, residual: +0.78 kg

Reynolds_number: 10,086,078
Stack prop output power: 828 kW, Pcomp: 59.7 kW
Cell efficiency: 0.298, Output efficiency: 0.264
mdot_h2: 21.11 g/s
Reynolds_number: 10,086,078
Stack prop output power: 828 kW, Pcomp: 59.7 kW
Cell efficiency: 0.298, Output efficiency: 0.264
mdot_h2: 21.11 g/s
Reynolds_number: 6,709,346
Stack prop output power: 616 kW, Pcomp: 5.4 kW
Cell efficiency: 0.305, Output efficiency: 0.287
mdot_h2: 14.45 g/s
Reynolds_number: 6,709,346
Stack prop output power: 616 kW, Pcomp: 5.4 kW
Cell efficiency: 0.305, Output efficiency: 0.287
mdot_h2: 14.45 g/s

CONVERGED
======================================================
======================= ITER 1 =======================
Reynolds_number: 10,086,078
Stack prop output power: 853 kW, Pcomp: 61.5 kW
Cell efficiency: 0.298, Output efficiency: 0.264
mdot_h2: 21.75 g/s
Reynolds_number: 10,086,078
Stack prop output power: 853 kW, Pcomp: 61.5 kW
Cell efficiency: 0.298, Output efficiency: 0.264
mdot_h2: 21.75 g/s
Reynolds_number: 10,086,078
Stack prop output power: 635 kW, Pcomp: 5.8 kW
Cell efficiency: 0.269, Output efficiency: 0.253
mdot_h2: 16.88 g/s
Reynolds_number: 10,086,078
Stack prop output power: 635 kW, Pcomp: 5.8 kW
Cell efficiency: 0.269, Output efficiency: 0.253
mdot_h2: 16.88 g/s
Reynolds_number: 10,086,078
Stack prop output power: 635 kW, Pcomp: 45.7 kW
Cell efficiency: 0.298, Output efficiency: 0.264
mdot_h2: 16.18 g/s

-----------------------
ptotal_climb: 2,270 kW, mtom_est: 8,968 kg, mtom: 8,806 kg, residual: +162.41 kg

MTOM update: fixed_point_fallback, relax=1.000 -> mtom_next=8,967.94 kg

======================================================
======================= ITER 2 =======================
Reynolds_number: 10,086,078
Stack prop output power: 868 kW, Pcomp: 62.6 kW
Cell efficiency: 0.298, Output efficiency: 0.264
mdot_h2: 22.15 g/s
Reynolds_number: 10,086,078
Stack prop output power: 868 kW, Pcomp: 62.6 kW
Cell efficiency: 0.298, Output efficiency: 0.264
mdot_h2: 22.15 g/s
Reynolds_number: 10,086,078
Stack prop output power: 646 kW, Pcomp: 5.9 kW
Cell efficiency: 0.269, Output efficiency: 0.253
mdot_h2: 17.19 g/s
Reynolds_number: 10,086,078
Stack prop output power: 646 kW, Pcomp: 5.9 kW
Cell efficiency: 0.269, Output efficiency: 0.253
mdot_h2: 17.19 g/s
Reynolds_number: 10,086,078
Stack prop output power: 646 kW, Pcomp: 46.6 kW
Cell efficiency: 0.298, Output efficiency: 0.264
mdot_h2: 16.48 g/s

-----------------------
ptotal_climb: 2,312 kW, mtom_est: 9,101 kg, mtom: 8,968 kg, residual: +133.28 kg

MTOM update: newton, relax=1.000 -> mtom_next=9,711.13 kg

======================================================
======================= ITER 3 =======================
Reynolds_number: 10,086,078
Stack prop output power: 940 kW, Pcomp: 67.8 kW
Cell efficiency: 0.298, Output efficiency: 0.264
mdot_h2: 23.98 g/s
Reynolds_number: 10,086,078
Stack prop output power: 940 kW, Pcomp: 67.8 kW
Cell efficiency: 0.298, Output efficiency: 0.264
mdot_h2: 23.98 g/s
Reynolds_number: 10,086,078
Stack prop output power: 700 kW, Pcomp: 6.4 kW
Cell efficiency: 0.269, Output efficiency: 0.253
mdot_h2: 18.61 g/s
Reynolds_number: 10,086,078
Stack prop output power: 700 kW, Pcomp: 6.4 kW
Cell efficiency: 0.269, Output efficiency: 0.253
mdot_h2: 18.61 g/s
Reynolds_number: 10,086,078
Stack prop output power: 700 kW, Pcomp: 50.4 kW
Cell efficiency: 0.298, Output efficiency: 0.264
mdot_h2: 17.85 g/s

-----------------------
ptotal_climb: 2,503 kW, mtom_est: 9,711 kg, mtom: 9,711 kg, residual: +0.06 kg

Reynolds_number: 10,086,078
Stack prop output power: 940 kW, Pcomp: 67.8 kW
Cell efficiency: 0.298, Output efficiency: 0.264
mdot_h2: 23.98 g/s
Reynolds_number: 10,086,078
Stack prop output power: 940 kW, Pcomp: 67.8 kW
Cell efficiency: 0.298, Output efficiency: 0.264
mdot_h2: 23.98 g/s
Reynolds_number: 6,709,346
Stack prop output power: 700 kW, Pcomp: 6.1 kW
Cell efficiency: 0.305, Output efficiency: 0.287
mdot_h2: 16.41 g/s
Reynolds_number: 6,709,346
Stack prop output power: 700 kW, Pcomp: 6.1 kW
Cell efficiency: 0.305, Output efficiency: 0.287
mdot_h2: 16.41 g/s

CONVERGED
======================================================
======================= ITER 1 =======================
Reynolds_number: 10,086,078
Stack prop output power: 968 kW, Pcomp: 69.8 kW
Cell efficiency: 0.298, Output efficiency: 0.264
mdot_h2: 24.68 g/s
Reynolds_number: 10,086,078
Stack prop output power: 968 kW, Pcomp: 69.8 kW
Cell efficiency: 0.298, Output efficiency: 0.264
mdot_h2: 24.68 g/s
Reynolds_number: 10,086,078
Stack prop output power: 720 kW, Pcomp: 6.6 kW
Cell efficiency: 0.269, Output efficiency: 0.253
mdot_h2: 19.16 g/s
Reynolds_number: 10,086,078
Stack prop output power: 720 kW, Pcomp: 6.6 kW
Cell efficiency: 0.269, Output efficiency: 0.253
mdot_h2: 19.16 g/s
Reynolds_number: 10,086,078
Stack prop output power: 720 kW, Pcomp: 51.9 kW
Cell efficiency: 0.298, Output efficiency: 0.264
mdot_h2: 18.37 g/s

-----------------------
ptotal_climb: 2,576 kW, mtom_est: 9,892 kg, mtom: 9,711 kg, residual: +180.43 kg

MTOM update: fixed_point_fallback, relax=1.000 -> mtom_next=9,891.62 kg

======================================================
======================= ITER 2 =======================
Reynolds_number: 10,086,078
Stack prop output power: 986 kW, Pcomp: 71.1 kW
Cell efficiency: 0.298, Output efficiency: 0.264
mdot_h2: 25.14 g/s
Reynolds_number: 10,086,078
Stack prop output power: 986 kW, Pcomp: 71.1 kW
Cell efficiency: 0.298, Output efficiency: 0.264
mdot_h2: 25.14 g/s
Reynolds_number: 10,086,078
Stack prop output power: 734 kW, Pcomp: 6.7 kW
Cell efficiency: 0.269, Output efficiency: 0.253
mdot_h2: 19.51 g/s
Reynolds_number: 10,086,078
Stack prop output power: 734 kW, Pcomp: 6.7 kW
Cell efficiency: 0.269, Output efficiency: 0.253
mdot_h2: 19.51 g/s
Reynolds_number: 10,086,078
Stack prop output power: 734 kW, Pcomp: 52.9 kW
Cell efficiency: 0.298, Output efficiency: 0.264
mdot_h2: 18.71 g/s

-----------------------
ptotal_climb: 2,624 kW, mtom_est: 10,051 kg, mtom: 9,892 kg, residual: +159.46 kg

MTOM update: newton, relax=1.000 -> mtom_next=11,263.88 kg

======================================================
======================= ITER 3 =======================
Reynolds_number: 10,086,078
Stack prop output power: 1,123 kW, Pcomp: 80.9 kW
Cell efficiency: 0.298, Output efficiency: 0.264
mdot_h2: 28.63 g/s
Reynolds_number: 10,086,078
Stack prop output power: 1,123 kW, Pcomp: 80.9 kW
Cell efficiency: 0.298, Output efficiency: 0.264
mdot_h2: 28.63 g/s
Reynolds_number: 10,086,078
Stack prop output power: 836 kW, Pcomp: 7.7 kW
Cell efficiency: 0.269, Output efficiency: 0.253
mdot_h2: 22.22 g/s
Reynolds_number: 10,086,078
Stack prop output power: 836 kW, Pcomp: 7.7 kW
Cell efficiency: 0.269, Output efficiency: 0.253
mdot_h2: 22.22 g/s
Reynolds_number: 10,086,078
Stack prop output power: 836 kW, Pcomp: 60.2 kW
Cell efficiency: 0.298, Output efficiency: 0.264
mdot_h2: 21.31 g/s

-----------------------
ptotal_climb: 2,988 kW, mtom_est: 11,202 kg, mtom: 11,264 kg, residual: -61.88 kg

MTOM update: newton, relax=1.000 -> mtom_next=10,880.25 kg

======================================================
======================= ITER 4 =======================
Reynolds_number: 10,086,078
Stack prop output power: 1,084 kW, Pcomp: 78.2 kW
Cell efficiency: 0.298, Output efficiency: 0.264
mdot_h2: 27.66 g/s
Reynolds_number: 10,086,078
Stack prop output power: 1,084 kW, Pcomp: 78.2 kW
Cell efficiency: 0.298, Output efficiency: 0.264
mdot_h2: 27.66 g/s
Reynolds_number: 10,086,078
Stack prop output power: 807 kW, Pcomp: 7.4 kW
Cell efficiency: 0.269, Output efficiency: 0.253
mdot_h2: 21.46 g/s
Reynolds_number: 10,086,078
Stack prop output power: 807 kW, Pcomp: 7.4 kW
Cell efficiency: 0.269, Output efficiency: 0.253
mdot_h2: 21.46 g/s
Reynolds_number: 10,086,078
Stack prop output power: 807 kW, Pcomp: 58.2 kW
Cell efficiency: 0.298, Output efficiency: 0.264
mdot_h2: 20.58 g/s

-----------------------
ptotal_climb: 2,887 kW, mtom_est: 10,878 kg, mtom: 10,880 kg, residual: -2.16 kg

Reynolds_number: 10,086,078
Stack prop output power: 1,084 kW, Pcomp: 78.2 kW
Cell efficiency: 0.298, Output efficiency: 0.264
mdot_h2: 27.66 g/s
Reynolds_number: 10,086,078
Stack prop output power: 1,084 kW, Pcomp: 78.2 kW
Cell efficiency: 0.298, Output efficiency: 0.264
mdot_h2: 27.66 g/s
Reynolds_number: 6,709,346
Stack prop output power: 807 kW, Pcomp: 7.0 kW
Cell efficiency: 0.305, Output efficiency: 0.287
mdot_h2: 18.93 g/s
Reynolds_number: 6,709,346
Stack prop output power: 807 kW, Pcomp: 7.0 kW
Cell efficiency: 0.305, Output efficiency: 0.287
mdot_h2: 18.93 g/s

CONVERGED
======================================================
======================= ITER 1 =======================
Reynolds_number: 10,086,078
Stack prop output power: 1,115 kW, Pcomp: 80.4 kW
Cell efficiency: 0.298, Output efficiency: 0.264
mdot_h2: 28.44 g/s
Reynolds_number: 10,086,078
Stack prop output power: 1,115 kW, Pcomp: 80.4 kW
Cell efficiency: 0.298, Output efficiency: 0.264
mdot_h2: 28.44 g/s
Reynolds_number: 10,086,078
Stack prop output power: 830 kW, Pcomp: 7.6 kW
Cell efficiency: 0.269, Output efficiency: 0.253
mdot_h2: 22.08 g/s
Reynolds_number: 10,086,078
Stack prop output power: 830 kW, Pcomp: 7.6 kW
Cell efficiency: 0.269, Output efficiency: 0.253
mdot_h2: 22.08 g/s
Reynolds_number: 10,086,078
Stack prop output power: 830 kW, Pcomp: 59.8 kW
Cell efficiency: 0.298, Output efficiency: 0.264
mdot_h2: 21.17 g/s

-----------------------
ptotal_climb: 2,969 kW, mtom_est: 11,080 kg, mtom: 10,878 kg, residual: +202.40 kg

MTOM update: fixed_point_fallback, relax=1.000 -> mtom_next=11,080.49 kg

======================================================
======================= ITER 2 =======================
Reynolds_number: 10,086,078
Stack prop output power: 1,136 kW, Pcomp: 81.9 kW
Cell efficiency: 0.298, Output efficiency: 0.264
mdot_h2: 28.97 g/s
Reynolds_number: 10,086,078
Stack prop output power: 1,136 kW, Pcomp: 81.9 kW
Cell efficiency: 0.298, Output efficiency: 0.264
mdot_h2: 28.97 g/s
Reynolds_number: 10,086,078
Stack prop output power: 846 kW, Pcomp: 7.7 kW
Cell efficiency: 0.269, Output efficiency: 0.253
mdot_h2: 22.49 g/s
Reynolds_number: 10,086,078
Stack prop output power: 846 kW, Pcomp: 7.7 kW
Cell efficiency: 0.269, Output efficiency: 0.253
mdot_h2: 22.49 g/s
Reynolds_number: 10,086,078
Stack prop output power: 846 kW, Pcomp: 60.9 kW
Cell efficiency: 0.298, Output efficiency: 0.264
mdot_h2: 21.56 g/s

-----------------------
ptotal_climb: 3,024 kW, mtom_est: 11,256 kg, mtom: 11,080 kg, residual: +175.63 kg

MTOM update: newton, relax=1.000 -> mtom_next=12,408.42 kg

======================================================
======================= ITER 3 =======================
Reynolds_number: 10,086,078
Stack prop output power: 1,272 kW, Pcomp: 91.7 kW
Cell efficiency: 0.298, Output efficiency: 0.264
mdot_h2: 32.44 g/s
Reynolds_number: 10,086,078
Stack prop output power: 1,272 kW, Pcomp: 91.7 kW
Cell efficiency: 0.298, Output efficiency: 0.264
mdot_h2: 32.44 g/s
Reynolds_number: 10,086,078
Stack prop output power: 947 kW, Pcomp: 8.7 kW
Cell efficiency: 0.269, Output efficiency: 0.253
mdot_h2: 25.18 g/s
Reynolds_number: 10,086,078
Stack prop output power: 947 kW, Pcomp: 8.7 kW
Cell efficiency: 0.269, Output efficiency: 0.253
mdot_h2: 25.18 g/s
Reynolds_number: 10,086,078
Stack prop output power: 947 kW, Pcomp: 68.2 kW
Cell efficiency: 0.298, Output efficiency: 0.264
mdot_h2: 24.15 g/s

-----------------------
ptotal_climb: 3,386 kW, mtom_est: 12,406 kg, mtom: 12,408 kg, residual: -2.30 kg

Reynolds_number: 10,086,078
Stack prop output power: 1,272 kW, Pcomp: 91.7 kW
Cell efficiency: 0.298, Output efficiency: 0.264
mdot_h2: 32.44 g/s
Reynolds_number: 10,086,078
Stack prop output power: 1,272 kW, Pcomp: 91.7 kW
Cell efficiency: 0.298, Output efficiency: 0.264
mdot_h2: 32.44 g/s
Reynolds_number: 6,709,346
Stack prop output power: 947 kW, Pcomp: 8.2 kW
Cell efficiency: 0.305, Output efficiency: 0.287
mdot_h2: 22.20 g/s
Reynolds_number: 6,709,346
Stack prop output power: 947 kW, Pcomp: 8.2 kW
Cell efficiency: 0.305, Output efficiency: 0.287
mdot_h2: 22.20 g/s

CONVERGED
======================================================
======================= ITER 1 =======================
Reynolds_number: 10,086,078
Stack prop output power: 1,308 kW, Pcomp: 94.3 kW
Cell efficiency: 0.298, Output efficiency: 0.264
mdot_h2: 33.35 g/s
Reynolds_number: 10,086,078
Stack prop output power: 1,308 kW, Pcomp: 94.3 kW
Cell efficiency: 0.298, Output efficiency: 0.264
mdot_h2: 33.35 g/s
Reynolds_number: 10,086,078
Stack prop output power: 973 kW, Pcomp: 8.9 kW
Cell efficiency: 0.269, Output efficiency: 0.253
mdot_h2: 25.89 g/s
Reynolds_number: 10,086,078
Stack prop output power: 973 kW, Pcomp: 8.9 kW
Cell efficiency: 0.269, Output efficiency: 0.253
mdot_h2: 25.89 g/s
Reynolds_number: 10,086,078
Stack prop output power: 973 kW, Pcomp: 70.1 kW
Cell efficiency: 0.298, Output efficiency: 0.264
mdot_h2: 24.82 g/s

-----------------------
ptotal_climb: 3,481 kW, mtom_est: 12,641 kg, mtom: 12,406 kg, residual: +234.75 kg

MTOM update: fixed_point_fallback, relax=1.000 -> mtom_next=12,640.87 kg

======================================================
======================= ITER 2 =======================
Reynolds_number: 10,086,078
Stack prop output power: 1,333 kW, Pcomp: 96.0 kW
Cell efficiency: 0.298, Output efficiency: 0.264
mdot_h2: 33.98 g/s
Reynolds_number: 10,086,078
Stack prop output power: 1,333 kW, Pcomp: 96.0 kW
Cell efficiency: 0.298, Output efficiency: 0.264
mdot_h2: 33.98 g/s
Reynolds_number: 10,086,078
Stack prop output power: 992 kW, Pcomp: 9.1 kW
Cell efficiency: 0.269, Output efficiency: 0.253
mdot_h2: 26.37 g/s
Reynolds_number: 10,086,078
Stack prop output power: 992 kW, Pcomp: 9.1 kW
Cell efficiency: 0.269, Output efficiency: 0.253
mdot_h2: 26.37 g/s
Reynolds_number: 10,086,078
Stack prop output power: 992 kW, Pcomp: 71.5 kW
Cell efficiency: 0.298, Output efficiency: 0.264
mdot_h2: 25.29 g/s

-----------------------
ptotal_climb: 3,547 kW, mtom_est: 12,854 kg, mtom: 12,641 kg, residual: +213.14 kg

MTOM update: newton, relax=1.000 -> mtom_next=14,955.88 kg

======================================================
======================= ITER 3 =======================
Reynolds_number: 10,086,078
Stack prop output power: 1,577 kW, Pcomp: 113.6 kW
Cell efficiency: 0.298, Output efficiency: 0.264
mdot_h2: 40.21 g/s
Reynolds_number: 10,086,078
Stack prop output power: 1,577 kW, Pcomp: 113.6 kW
Cell efficiency: 0.298, Output efficiency: 0.264
mdot_h2: 40.21 g/s
Reynolds_number: 10,086,078
Stack prop output power: 1,173 kW, Pcomp: 10.7 kW
Cell efficiency: 0.269, Output efficiency: 0.253
mdot_h2: 31.21 g/s
Reynolds_number: 10,086,078
Stack prop output power: 1,173 kW, Pcomp: 10.7 kW
Cell efficiency: 0.269, Output efficiency: 0.253
mdot_h2: 31.21 g/s
Reynolds_number: 10,086,078
Stack prop output power: 1,173 kW, Pcomp: 84.6 kW
Cell efficiency: 0.298, Output efficiency: 0.264
mdot_h2: 29.92 g/s

-----------------------
ptotal_climb: 4,196 kW, mtom_est: 14,913 kg, mtom: 14,956 kg, residual: -43.22 kg

MTOM update: newton, relax=1.000 -> mtom_next=14,565.56 kg

======================================================
======================= ITER 4 =======================
Reynolds_number: 10,086,078
Stack prop output power: 1,535 kW, Pcomp: 110.7 kW
Cell efficiency: 0.298, Output efficiency: 0.264
mdot_h2: 39.16 g/s
Reynolds_number: 10,086,078
Stack prop output power: 1,535 kW, Pcomp: 110.7 kW
Cell efficiency: 0.298, Output efficiency: 0.264
mdot_h2: 39.16 g/s
Reynolds_number: 10,086,078
Stack prop output power: 1,143 kW, Pcomp: 10.5 kW
Cell efficiency: 0.269, Output efficiency: 0.253
mdot_h2: 30.39 g/s
Reynolds_number: 10,086,078
Stack prop output power: 1,143 kW, Pcomp: 10.5 kW
Cell efficiency: 0.269, Output efficiency: 0.253
mdot_h2: 30.39 g/s
Reynolds_number: 10,086,078
Stack prop output power: 1,143 kW, Pcomp: 82.4 kW
Cell efficiency: 0.298, Output efficiency: 0.264
mdot_h2: 29.14 g/s

-----------------------
ptotal_climb: 4,087 kW, mtom_est: 14,565 kg, mtom: 14,566 kg, residual: -0.99 kg

Reynolds_number: 10,086,078
Stack prop output power: 1,535 kW, Pcomp: 110.7 kW
Cell efficiency: 0.298, Output efficiency: 0.264
mdot_h2: 39.16 g/s
Reynolds_number: 10,086,078
Stack prop output power: 1,535 kW, Pcomp: 110.7 kW
Cell efficiency: 0.298, Output efficiency: 0.264
mdot_h2: 39.16 g/s
Reynolds_number: 6,709,346
Stack prop output power: 1,143 kW, Pcomp: 10.0 kW
Cell efficiency: 0.305, Output efficiency: 0.287
mdot_h2: 26.80 g/s
Reynolds_number: 6,709,346
Stack prop output power: 1,143 kW, Pcomp: 10.0 kW
Cell efficiency: 0.305, Output efficiency: 0.287
mdot_h2: 26.80 g/s

CONVERGED
======================================================
======================= ITER 1 =======================
Reynolds_number: 10,086,078
Stack prop output power: 1,578 kW, Pcomp: 113.7 kW
Cell efficiency: 0.298, Output efficiency: 0.264
mdot_h2: 40.24 g/s
Reynolds_number: 10,086,078
Stack prop output power: 1,578 kW, Pcomp: 113.7 kW
Cell efficiency: 0.298, Output efficiency: 0.264
mdot_h2: 40.24 g/s
Reynolds_number: 10,086,078
Stack prop output power: 1,174 kW, Pcomp: 10.8 kW
Cell efficiency: 0.269, Output efficiency: 0.253
mdot_h2: 31.23 g/s
Reynolds_number: 10,086,078
Stack prop output power: 1,174 kW, Pcomp: 10.8 kW
Cell efficiency: 0.269, Output efficiency: 0.253
mdot_h2: 31.23 g/s
Reynolds_number: 10,086,078
Stack prop output power: 1,174 kW, Pcomp: 84.6 kW
Cell efficiency: 0.298, Output efficiency: 0.264
mdot_h2: 29.94 g/s

-----------------------
ptotal_climb: 4,199 kW, mtom_est: 14,853 kg, mtom: 14,565 kg, residual: +288.84 kg

MTOM update: fixed_point_fallback, relax=1.000 -> mtom_next=14,853.41 kg

======================================================
======================= ITER 2 =======================
Reynolds_number: 10,086,078
Stack prop output power: 1,609 kW, Pcomp: 116.0 kW
Cell efficiency: 0.298, Output efficiency: 0.264
mdot_h2: 41.03 g/s
Reynolds_number: 10,086,078
Stack prop output power: 1,609 kW, Pcomp: 116.0 kW
Cell efficiency: 0.298, Output efficiency: 0.264
mdot_h2: 41.03 g/s
Reynolds_number: 10,086,078
Stack prop output power: 1,198 kW, Pcomp: 11.0 kW
Cell efficiency: 0.269, Output efficiency: 0.253
mdot_h2: 31.85 g/s
Reynolds_number: 10,086,078
Stack prop output power: 1,198 kW, Pcomp: 11.0 kW
Cell efficiency: 0.269, Output efficiency: 0.253
mdot_h2: 31.85 g/s
Reynolds_number: 10,086,078
Stack prop output power: 1,198 kW, Pcomp: 86.3 kW
Cell efficiency: 0.298, Output efficiency: 0.264
mdot_h2: 30.54 g/s

-----------------------
ptotal_climb: 4,283 kW, mtom_est: 15,109 kg, mtom: 14,853 kg, residual: +255.11 kg

MTOM update: newton, relax=1.000 -> mtom_next=17,038.02 kg

======================================================
======================= ITER 3 =======================
Reynolds_number: 10,086,078
Stack prop output power: 1,846 kW, Pcomp: 133.0 kW
Cell efficiency: 0.298, Output efficiency: 0.264
mdot_h2: 47.07 g/s
Reynolds_number: 10,086,078
Stack prop output power: 1,846 kW, Pcomp: 133.0 kW
Cell efficiency: 0.298, Output efficiency: 0.264
mdot_h2: 47.07 g/s
Reynolds_number: 10,086,078
Stack prop output power: 1,374 kW, Pcomp: 12.6 kW
Cell efficiency: 0.269, Output efficiency: 0.253
mdot_h2: 36.53 g/s
Reynolds_number: 10,086,078
Stack prop output power: 1,374 kW, Pcomp: 12.6 kW
Cell efficiency: 0.269, Output efficiency: 0.253
mdot_h2: 36.53 g/s
Reynolds_number: 10,086,078
Stack prop output power: 1,374 kW, Pcomp: 99.0 kW
Cell efficiency: 0.298, Output efficiency: 0.264
mdot_h2: 35.03 g/s

-----------------------
ptotal_climb: 4,912 kW, mtom_est: 17,111 kg, mtom: 17,038 kg, residual: +72.53 kg

MTOM update: newton, relax=1.000 -> mtom_next=17,905.86 kg

======================================================
======================= ITER 4 =======================
Reynolds_number: 10,086,078
Stack prop output power: 1,940 kW, Pcomp: 139.8 kW
Cell efficiency: 0.298, Output efficiency: 0.264
mdot_h2: 49.47 g/s
Reynolds_number: 10,086,078
Stack prop output power: 1,940 kW, Pcomp: 139.8 kW
Cell efficiency: 0.298, Output efficiency: 0.264
mdot_h2: 49.47 g/s
Reynolds_number: 10,086,078
Stack prop output power: 1,444 kW, Pcomp: 13.2 kW
Cell efficiency: 0.269, Output efficiency: 0.253
mdot_h2: 38.39 g/s
Reynolds_number: 10,086,078
Stack prop output power: 1,444 kW, Pcomp: 13.2 kW
Cell efficiency: 0.269, Output efficiency: 0.253
mdot_h2: 38.39 g/s
Reynolds_number: 10,086,078
Stack prop output power: 1,444 kW, Pcomp: 104.0 kW
Cell efficiency: 0.298, Output efficiency: 0.264
mdot_h2: 36.81 g/s

-----------------------
ptotal_climb: 5,163 kW, mtom_est: 17,910 kg, mtom: 17,906 kg, residual: +4.12 kg

Reynolds_number: 10,086,078
Stack prop output power: 1,940 kW, Pcomp: 139.8 kW
Cell efficiency: 0.298, Output efficiency: 0.264
mdot_h2: 49.47 g/s
Reynolds_number: 10,086,078
Stack prop output power: 1,940 kW, Pcomp: 139.8 kW
Cell efficiency: 0.298, Output efficiency: 0.264
mdot_h2: 49.47 g/s
Reynolds_number: 6,709,346
Stack prop output power: 1,444 kW, Pcomp: 12.6 kW
Cell efficiency: 0.305, Output efficiency: 0.287
mdot_h2: 33.85 g/s
Reynolds_number: 6,709,346
Stack prop output power: 1,444 kW, Pcomp: 12.6 kW
Cell efficiency: 0.305, Output efficiency: 0.287
mdot_h2: 33.85 g/s

CONVERGED
ADRpy+HFCAD coupled sizing (min_mtom): W/S=2100.0 Pa (214.14 kg/m^2), MTOM=7161.9 kg, P/W_TO=0.12619, P/W_climb=0.12619, P/W_cruise=0.12619 (kW/kg)
Chromium init'ed with kwargs {}
Found chromium path: /usr/bin/google-chrome
Temp directory created: /tmp/tmp3m4cg5ro.
Opening browser.
Temp directory created: /tmp/tmp5k5_3shq.
ldd failed. e: Command '['ldd', '/usr/bin/google-chrome']' returned non-zero exit status 1., stderr: None
Temporary directory at: /tmp/tmp5k5_3shq
Conforming 1 to file:///tmp/tmp3m4cg5ro/index.html
Waiting on all navigates
All navigates done, putting them all in queue.
Getting tab from queue (has 1)
Got 3BCA
Processing fig.png
Sending big command for fig.png.
Sent big command for fig.png.
Reloading tab 3BCA before return.
Putting tab 3BCA back (queue size: 0).
Waiting for all cleanups to finish.
Exiting Kaleido
TemporaryDirectory.cleanup() worked.
shutil.rmtree worked.
Cancelling tasks.
Exiting Kaleido/Choreo
Closing browser.
TemporaryDirectory.cleanup() worked.
shutil.rmtree worked.
Cancelling tasks.
Exiting Kaleido/Choreo
Closing browser.
TemporaryDirectory.cleanup() worked.
shutil.rmtree worked.
Pfuel_ready: 83 kW, Pfuel_taxing: 166 kW, Pfuel_climb: 1,347 kW, Pfuel_cruise: 1,846 kW, Pfuel_cruise_charger: 1,846 kW, Pbat_climb: 309 kW, Pbat_charge: 0 kW
TemporaryDirectory.cleanup() worked.
shutil.rmtree worked.
qt.qpa.plugin: From 6.5.0, xcb-cursor0 or libxcb-cursor0 is needed to load the Qt xcb platform plugin.
qt.qpa.plugin: Could not load the Qt platform plugin "xcb" in "" even though it was found.
This application failed to start because no Qt platform plugin could be initialized. Reinstalling the application may fix this problem.

Available platform plugins are: linuxfb, xcb, wayland-brcm, wayland-egl, wayland, minimal, eglfs, offscreen, vkkhrdisplay, minimalegl, vnc.

