======================================================
======================= ITER 1 =======================
Reynolds_number: 10,608,851
Stack prop output power: 432 kW, Pcomp: 50.6 kW
Cell efficiency: 0.298, Output efficiency: 0.253
mdot_h2: 11.48 g/s
Reynolds_number: 10,608,851
Stack prop output power: 432 kW, Pcomp: 50.6 kW
Cell efficiency: 0.298, Output efficiency: 0.253
mdot_h2: 11.48 g/s
Reynolds_number: 10,608,851
Stack prop output power: 322 kW, Pcomp: 3.1 kW
Cell efficiency: 0.248, Output efficiency: 0.234
mdot_h2: 9.27 g/s
Reynolds_number: 10,608,851
Stack prop output power: 322 kW, Pcomp: 3.1 kW
Cell efficiency: 0.248, Output efficiency: 0.234
mdot_h2: 9.27 g/s
Reynolds_number: 10,608,851
Stack prop output power: 322 kW, Pcomp: 37.7 kW
Cell efficiency: 0.298, Output efficiency: 0.253
mdot_h2: 8.54 g/s

-----------------------
ptotal_climb: 1,172 kW, mtom_est: 6,114 kg, mtom: 5,000 kg, residual: +1,114.46 kg

MTOM update: fixed_point_fallback, relax=1.000 -> mtom_next=6,114.46 kg

======================================================
======================= ITER 2 =======================
Reynolds_number: 10,608,851
Stack prop output power: 529 kW, Pcomp: 61.9 kW
Cell efficiency: 0.298, Output efficiency: 0.253
mdot_h2: 14.04 g/s
Reynolds_number: 10,608,851
Stack prop output power: 529 kW, Pcomp: 61.9 kW
Cell efficiency: 0.298, Output efficiency: 0.253
mdot_h2: 14.04 g/s
Reynolds_number: 10,608,851
Stack prop output power: 394 kW, Pcomp: 3.8 kW
Cell efficiency: 0.248, Output efficiency: 0.234
mdot_h2: 11.33 g/s
Reynolds_number: 10,608,851
Stack prop output power: 394 kW, Pcomp: 3.8 kW
Cell efficiency: 0.248, Output efficiency: 0.234
mdot_h2: 11.33 g/s
Reynolds_number: 10,608,851
Stack prop output power: 394 kW, Pcomp: 46.1 kW
Cell efficiency: 0.298, Output efficiency: 0.253
mdot_h2: 10.45 g/s

-----------------------
ptotal_climb: 1,433 kW, mtom_est: 6,899 kg, mtom: 6,114 kg, residual: +784.86 kg

MTOM update: newton, relax=1.000 -> mtom_next=8,768.26 kg

======================================================
======================= ITER 3 =======================
Reynolds_number: 10,608,851
Stack prop output power: 758 kW, Pcomp: 88.8 kW
Cell efficiency: 0.298, Output efficiency: 0.253
mdot_h2: 20.13 g/s
Reynolds_number: 10,608,851
Stack prop output power: 758 kW, Pcomp: 88.8 kW
Cell efficiency: 0.298, Output efficiency: 0.253
mdot_h2: 20.13 g/s
Reynolds_number: 10,608,851
Stack prop output power: 564 kW, Pcomp: 5.4 kW
Cell efficiency: 0.248, Output efficiency: 0.234
mdot_h2: 16.25 g/s
Reynolds_number: 10,608,851
Stack prop output power: 564 kW, Pcomp: 5.4 kW
Cell efficiency: 0.248, Output efficiency: 0.234
mdot_h2: 16.25 g/s
Reynolds_number: 10,608,851
Stack prop output power: 564 kW, Pcomp: 66.1 kW
Cell efficiency: 0.298, Output efficiency: 0.253
mdot_h2: 14.98 g/s

-----------------------
ptotal_climb: 2,055 kW, mtom_est: 8,747 kg, mtom: 8,768 kg, residual: -21.62 kg

MTOM update: newton, relax=1.000 -> mtom_next=8,697.13 kg

======================================================
======================= ITER 4 =======================
Reynolds_number: 10,608,851
Stack prop output power: 752 kW, Pcomp: 88.1 kW
Cell efficiency: 0.298, Output efficiency: 0.253
mdot_h2: 19.97 g/s
Reynolds_number: 10,608,851
Stack prop output power: 752 kW, Pcomp: 88.1 kW
Cell efficiency: 0.298, Output efficiency: 0.253
mdot_h2: 19.97 g/s
Reynolds_number: 10,608,851
Stack prop output power: 560 kW, Pcomp: 5.4 kW
Cell efficiency: 0.248, Output efficiency: 0.234
mdot_h2: 16.12 g/s
Reynolds_number: 10,608,851
Stack prop output power: 560 kW, Pcomp: 5.4 kW
Cell efficiency: 0.248, Output efficiency: 0.234
mdot_h2: 16.12 g/s
Reynolds_number: 10,608,851
Stack prop output power: 560 kW, Pcomp: 65.6 kW
Cell efficiency: 0.298, Output efficiency: 0.253
mdot_h2: 14.86 g/s

-----------------------
ptotal_climb: 2,038 kW, mtom_est: 8,696 kg, mtom: 8,697 kg, residual: -0.72 kg

Reynolds_number: 10,608,851
Stack prop output power: 752 kW, Pcomp: 88.1 kW
Cell efficiency: 0.298, Output efficiency: 0.253
mdot_h2: 19.97 g/s
Reynolds_number: 10,608,851
Stack prop output power: 752 kW, Pcomp: 88.1 kW
Cell efficiency: 0.298, Output efficiency: 0.253
mdot_h2: 19.97 g/s
Reynolds_number: 6,709,346
