======================================================
======================= ITER 1 =======================
Reynolds_number: 12,967,815
Stack prop output power: 432 kW, Pcomp: 31.2 kW
Cell efficiency: 0.302, Output efficiency: 0.267
mdot_h2: 10.88 g/s
Reynolds_number: 12,967,815
Stack prop output power: 432 kW, Pcomp: 31.2 kW
Cell efficiency: 0.302, Output efficiency: 0.267
mdot_h2: 10.88 g/s
Reynolds_number: 12,967,815
Stack prop output power: 322 kW, Pcomp: 2.9 kW
Cell efficiency: 0.274, Output efficiency: 0.258
mdot_h2: 8.40 g/s
Reynolds_number: 12,967,815
Stack prop output power: 322 kW, Pcomp: 2.9 kW
Cell efficiency: 0.274, Output efficiency: 0.258
mdot_h2: 8.40 g/s
Reynolds_number: 12,967,815
Stack prop output power: 322 kW, Pcomp: 23.2 kW
Cell efficiency: 0.302, Output efficiency: 0.267
mdot_h2: 8.10 g/s

-----------------------
ptotal_climb: 1,144 kW, mtom_est: 5,443 kg, mtom: 5,000 kg, residual: +443.26 kg

MTOM update: fixed_point_fallback, relax=1.000 -> mtom_next=5,443.26 kg

======================================================
======================= ITER 2 =======================
Reynolds_number: 12,967,815
Stack prop output power: 471 kW, Pcomp: 34.0 kW
Cell efficiency: 0.302, Output efficiency: 0.267
mdot_h2: 11.85 g/s
Reynolds_number: 12,967,815
Stack prop output power: 471 kW, Pcomp: 34.0 kW
Cell efficiency: 0.302, Output efficiency: 0.267
mdot_h2: 11.85 g/s
Reynolds_number: 12,967,815
Stack prop output power: 350 kW, Pcomp: 3.2 kW
Cell efficiency: 0.274, Output efficiency: 0.258
mdot_h2: 9.14 g/s
Reynolds_number: 12,967,815
Stack prop output power: 350 kW, Pcomp: 3.2 kW
Cell efficiency: 0.274, Output efficiency: 0.258
mdot_h2: 9.14 g/s
Reynolds_number: 12,967,815
Stack prop output power: 350 kW, Pcomp: 25.3 kW
Cell efficiency: 0.302, Output efficiency: 0.267
mdot_h2: 8.82 g/s

-----------------------
ptotal_climb: 1,245 kW, mtom_est: 5,702 kg, mtom: 5,443 kg, residual: +258.25 kg

MTOM update: newton, relax=1.000 -> mtom_next=6,061.98 kg

======================================================
======================= ITER 3 =======================
Reynolds_number: 12,967,815
Stack prop output power: 524 kW, Pcomp: 37.9 kW
Cell efficiency: 0.302, Output efficiency: 0.267
mdot_h2: 13.19 g/s
Reynolds_number: 12,967,815
Stack prop output power: 524 kW, Pcomp: 37.9 kW
Cell efficiency: 0.302, Output efficiency: 0.267
mdot_h2: 13.19 g/s
Reynolds_number: 12,967,815
Stack prop output power: 390 kW, Pcomp: 3.6 kW
Cell efficiency: 0.274, Output efficiency: 0.258
mdot_h2: 10.18 g/s
Reynolds_number: 12,967,815
Stack prop output power: 390 kW, Pcomp: 3.6 kW
Cell efficiency: 0.274, Output efficiency: 0.258
mdot_h2: 10.18 g/s
Reynolds_number: 12,967,815
Stack prop output power: 390 kW, Pcomp: 28.2 kW
Cell efficiency: 0.302, Output efficiency: 0.267
mdot_h2: 9.82 g/s

-----------------------
ptotal_climb: 1,387 kW, mtom_est: 6,062 kg, mtom: 6,062 kg, residual: +0.09 kg

Reynolds_number: 12,967,815
Stack prop output power: 524 kW, Pcomp: 37.9 kW
Cell efficiency: 0.302, Output efficiency: 0.267
mdot_h2: 13.19 g/s
Reynolds_number: 12,967,815
Stack prop output power: 524 kW, Pcomp: 37.9 kW
Cell efficiency: 0.302, Output efficiency: 0.267
mdot_h2: 13.19 g/s
Reynolds_number: 6,709,346
Stack prop output power: 390 kW, Pcomp: 3.4 kW
Cell efficiency: 0.305, Output efficiency: 0.287
mdot_h2: 9.15 g/s
Reynolds_number: 6,709,346
Stack prop output power: 390 kW, Pcomp: 3.4 kW
Cell efficiency: 0.305, Output efficiency: 0.287
mdot_h2: 9.15 g/s

CONVERGED
======================================================
======================= ITER 1 =======================
Reynolds_number: 12,967,815
Stack prop output power: 525 kW, Pcomp: 37.9 kW
Cell efficiency: 0.302, Output efficiency: 0.267
mdot_h2: 13.22 g/s
Reynolds_number: 12,967,815
Stack prop output power: 525 kW, Pcomp: 37.9 kW
Cell efficiency: 0.302, Output efficiency: 0.267
mdot_h2: 13.22 g/s
Reynolds_number: 12,967,815
Stack prop output power: 391 kW, Pcomp: 3.6 kW
Cell efficiency: 0.274, Output efficiency: 0.258
mdot_h2: 10.20 g/s
Reynolds_number: 12,967,815
Stack prop output power: 391 kW, Pcomp: 3.6 kW
Cell efficiency: 0.274, Output efficiency: 0.258
mdot_h2: 10.20 g/s
Reynolds_number: 12,967,815
Stack prop output power: 391 kW, Pcomp: 28.2 kW
Cell efficiency: 0.302, Output efficiency: 0.267
mdot_h2: 9.84 g/s

-----------------------
ptotal_climb: 1,389 kW, mtom_est: 6,059 kg, mtom: 6,062 kg, residual: -3.50 kg

Reynolds_number: 12,967,815
Stack prop output power: 525 kW, Pcomp: 37.9 kW
Cell efficiency: 0.302, Output efficiency: 0.267
mdot_h2: 13.22 g/s
Reynolds_number: 12,967,815
Stack prop output power: 525 kW, Pcomp: 37.9 kW
Cell efficiency: 0.302, Output efficiency: 0.267
mdot_h2: 13.22 g/s
Reynolds_number: 6,709,346
Stack prop output power: 391 kW, Pcomp: 3.4 kW
Cell efficiency: 0.305, Output efficiency: 0.287
mdot_h2: 9.16 g/s
Reynolds_number: 6,709,346
Stack prop output power: 391 kW, Pcomp: 3.4 kW
Cell efficiency: 0.305, Output efficiency: 0.287
mdot_h2: 9.16 g/s

CONVERGED
======================================================
======================= ITER 1 =======================
Reynolds_number: 12,967,815
Stack prop output power: 526 kW, Pcomp: 38.0 kW
Cell efficiency: 0.302, Output efficiency: 0.267
mdot_h2: 13.23 g/s
Reynolds_number: 12,967,815
Stack prop output power: 526 kW, Pcomp: 38.0 kW
Cell efficiency: 0.302, Output efficiency: 0.267
mdot_h2: 13.23 g/s
Reynolds_number: 12,967,815
Stack prop output power: 391 kW, Pcomp: 3.6 kW
Cell efficiency: 0.274, Output efficiency: 0.258
mdot_h2: 10.21 g/s
Reynolds_number: 12,967,815
Stack prop output power: 391 kW, Pcomp: 3.6 kW
Cell efficiency: 0.274, Output efficiency: 0.258
mdot_h2: 10.21 g/s
Reynolds_number: 12,967,815
Stack prop output power: 391 kW, Pcomp: 28.3 kW
Cell efficiency: 0.302, Output efficiency: 0.267
mdot_h2: 9.85 g/s

-----------------------
ptotal_climb: 1,391 kW, mtom_est: 6,053 kg, mtom: 6,059 kg, residual: -5.53 kg

MTOM update: fixed_point_fallback, relax=1.000 -> mtom_next=6,053.03 kg

======================================================
======================= ITER 2 =======================
Reynolds_number: 12,967,815
Stack prop output power: 525 kW, Pcomp: 37.9 kW
Cell efficiency: 0.302, Output efficiency: 0.267
mdot_h2: 13.22 g/s
Reynolds_number: 12,967,815
Stack prop output power: 525 kW, Pcomp: 37.9 kW
Cell efficiency: 0.302, Output efficiency: 0.267
mdot_h2: 13.22 g/s
Reynolds_number: 12,967,815
Stack prop output power: 391 kW, Pcomp: 3.6 kW
Cell efficiency: 0.274, Output efficiency: 0.258
mdot_h2: 10.20 g/s
Reynolds_number: 12,967,815
Stack prop output power: 391 kW, Pcomp: 3.6 kW
Cell efficiency: 0.274, Output efficiency: 0.258
mdot_h2: 10.20 g/s
Reynolds_number: 12,967,815
Stack prop output power: 391 kW, Pcomp: 28.2 kW
Cell efficiency: 0.302, Output efficiency: 0.267
mdot_h2: 9.84 g/s

-----------------------
ptotal_climb: 1,390 kW, mtom_est: 6,050 kg, mtom: 6,053 kg, residual: -3.09 kg

Reynolds_number: 12,967,815
Stack prop output power: 525 kW, Pcomp: 37.9 kW
Cell efficiency: 0.302, Output efficiency: 0.267
mdot_h2: 13.22 g/s
Reynolds_number: 12,967,815
Stack prop output power: 525 kW, Pcomp: 37.9 kW
Cell efficiency: 0.302, Output efficiency: 0.267
mdot_h2: 13.22 g/s
Reynolds_number: 6,709,346
Stack prop output power: 391 kW, Pcomp: 3.4 kW
Cell efficiency: 0.305, Output efficiency: 0.287
mdot_h2: 9.17 g/s
Reynolds_number: 6,709,346
Stack prop output power: 391 kW, Pcomp: 3.4 kW
Cell efficiency: 0.305, Output efficiency: 0.287
mdot_h2: 9.17 g/s

CONVERGED
======================================================
======================= ITER 1 =======================
Reynolds_number: 12,967,815
Stack prop output power: 535 kW, Pcomp: 38.7 kW
Cell efficiency: 0.302, Output efficiency: 0.267
mdot_h2: 13.48 g/s
Reynolds_number: 12,967,815
Stack prop output power: 535 kW, Pcomp: 38.7 kW
Cell efficiency: 0.302, Output efficiency: 0.267
mdot_h2: 13.48 g/s
Reynolds_number: 12,967,815
Stack prop output power: 399 kW, Pcomp: 3.6 kW
Cell efficiency: 0.274, Output efficiency: 0.258
mdot_h2: 10.40 g/s
Reynolds_number: 12,967,815
Stack prop output power: 399 kW, Pcomp: 3.6 kW
Cell efficiency: 0.274, Output efficiency: 0.258
mdot_h2: 10.40 g/s
Reynolds_number: 12,967,815
Stack prop output power: 399 kW, Pcomp: 28.8 kW
Cell efficiency: 0.302, Output efficiency: 0.267
mdot_h2: 10.03 g/s

-----------------------
ptotal_climb: 1,417 kW, mtom_est: 6,084 kg, mtom: 6,050 kg, residual: +34.16 kg

MTOM update: fixed_point_fallback, relax=1.000 -> mtom_next=6,084.11 kg

======================================================
======================= ITER 2 =======================
Reynolds_number: 12,967,815
Stack prop output power: 538 kW, Pcomp: 38.9 kW
Cell efficiency: 0.302, Output efficiency: 0.267
mdot_h2: 13.55 g/s
Reynolds_number: 12,967,815
Stack prop output power: 538 kW, Pcomp: 38.9 kW
Cell efficiency: 0.302, Output efficiency: 0.267
mdot_h2: 13.55 g/s
Reynolds_number: 12,967,815
Stack prop output power: 401 kW, Pcomp: 3.7 kW
Cell efficiency: 0.274, Output efficiency: 0.258
mdot_h2: 10.46 g/s
Reynolds_number: 12,967,815
Stack prop output power: 401 kW, Pcomp: 3.7 kW
Cell efficiency: 0.274, Output efficiency: 0.258
mdot_h2: 10.46 g/s
Reynolds_number: 12,967,815
Stack prop output power: 401 kW, Pcomp: 29.0 kW
Cell efficiency: 0.302, Output efficiency: 0.267
mdot_h2: 10.09 g/s

-----------------------
ptotal_climb: 1,425 kW, mtom_est: 6,120 kg, mtom: 6,084 kg, residual: +35.82 kg

MTOM update: newton, relax=0.500 -> mtom_next=5,714.76 kg

======================================================
======================= ITER 3 =======================
Reynolds_number: 12,967,815
Stack prop output power: 506 kW, Pcomp: 36.5 kW
Cell efficiency: 0.302, Output efficiency: 0.267
mdot_h2: 12.73 g/s
Reynolds_number: 12,967,815
Stack prop output power: 506 kW, Pcomp: 36.5 kW
Cell efficiency: 0.302, Output efficiency: 0.267
mdot_h2: 12.73 g/s
Reynolds_number: 12,967,815
Stack prop output power: 376 kW, Pcomp: 3.4 kW
Cell efficiency: 0.274, Output efficiency: 0.258
mdot_h2: 9.82 g/s
Reynolds_number: 12,967,815
Stack prop output power: 376 kW, Pcomp: 3.4 kW
Cell efficiency: 0.274, Output efficiency: 0.258
mdot_h2: 9.82 g/s
Reynolds_number: 12,967,815
Stack prop output power: 376 kW, Pcomp: 27.2 kW
Cell efficiency: 0.302, Output efficiency: 0.267
mdot_h2: 9.47 g/s

-----------------------
ptotal_climb: 1,338 kW, mtom_est: 5,900 kg, mtom: 5,715 kg, residual: +185.08 kg

MTOM update: newton, relax=0.250 -> mtom_next=5,829.25 kg

======================================================
======================= ITER 4 =======================
Reynolds_number: 12,967,815
Stack prop output power: 516 kW, Pcomp: 37.3 kW
Cell efficiency: 0.302, Output efficiency: 0.267
mdot_h2: 12.98 g/s
Reynolds_number: 12,967,815
Stack prop output power: 516 kW, Pcomp: 37.3 kW
Cell efficiency: 0.302, Output efficiency: 0.267
mdot_h2: 12.98 g/s
Reynolds_number: 12,967,815
Stack prop output power: 384 kW, Pcomp: 3.5 kW
Cell efficiency: 0.274, Output efficiency: 0.258
mdot_h2: 10.02 g/s
Reynolds_number: 12,967,815
Stack prop output power: 384 kW, Pcomp: 3.5 kW
Cell efficiency: 0.274, Output efficiency: 0.258
mdot_h2: 10.02 g/s
Reynolds_number: 12,967,815
Stack prop output power: 384 kW, Pcomp: 27.7 kW
Cell efficiency: 0.302, Output efficiency: 0.267
mdot_h2: 9.66 g/s

-----------------------
ptotal_climb: 1,365 kW, mtom_est: 5,964 kg, mtom: 5,829 kg, residual: +134.28 kg

MTOM update: newton, relax=0.300 -> mtom_next=5,920.04 kg

======================================================
======================= ITER 5 =======================
Reynolds_number: 12,967,815
Stack prop output power: 524 kW, Pcomp: 37.9 kW
Cell efficiency: 0.302, Output efficiency: 0.267
mdot_h2: 13.19 g/s
Reynolds_number: 12,967,815
Stack prop output power: 524 kW, Pcomp: 37.9 kW
Cell efficiency: 0.302, Output efficiency: 0.267
mdot_h2: 13.19 g/s
Reynolds_number: 12,967,815
Stack prop output power: 390 kW, Pcomp: 3.6 kW
Cell efficiency: 0.274, Output efficiency: 0.258
mdot_h2: 10.18 g/s
Reynolds_number: 12,967,815
Stack prop output power: 390 kW, Pcomp: 3.6 kW
Cell efficiency: 0.274, Output efficiency: 0.258
mdot_h2: 10.18 g/s
Reynolds_number: 12,967,815
Stack prop output power: 390 kW, Pcomp: 28.2 kW
Cell efficiency: 0.302, Output efficiency: 0.267
mdot_h2: 9.81 g/s

-----------------------
ptotal_climb: 1,386 kW, mtom_est: 6,020 kg, mtom: 5,920 kg, residual: +100.29 kg

MTOM update: newton, relax=0.360 -> mtom_next=6,016.51 kg

======================================================
======================= ITER 6 =======================
Reynolds_number: 12,967,815
Stack prop output power: 532 kW, Pcomp: 38.5 kW
Cell efficiency: 0.302, Output efficiency: 0.267
mdot_h2: 13.40 g/s
Reynolds_number: 12,967,815
Stack prop output power: 532 kW, Pcomp: 38.5 kW
Cell efficiency: 0.302, Output efficiency: 0.267
mdot_h2: 13.40 g/s
Reynolds_number: 12,967,815
Stack prop output power: 396 kW, Pcomp: 3.6 kW
Cell efficiency: 0.274, Output efficiency: 0.258
mdot_h2: 10.34 g/s
Reynolds_number: 12,967,815
Stack prop output power: 396 kW, Pcomp: 3.6 kW
Cell efficiency: 0.274, Output efficiency: 0.258
mdot_h2: 10.34 g/s
Reynolds_number: 12,967,815
Stack prop output power: 396 kW, Pcomp: 28.6 kW
Cell efficiency: 0.302, Output efficiency: 0.267
mdot_h2: 9.97 g/s

-----------------------
ptotal_climb: 1,409 kW, mtom_est: 6,074 kg, mtom: 6,017 kg, residual: +57.44 kg

MTOM update: newton, relax=0.432 -> mtom_next=6,072.37 kg

======================================================
======================= ITER 7 =======================
Reynolds_number: 12,967,815
Stack prop output power: 537 kW, Pcomp: 38.8 kW
Cell efficiency: 0.302, Output efficiency: 0.267
mdot_h2: 13.53 g/s
Reynolds_number: 12,967,815
Stack prop output power: 537 kW, Pcomp: 38.8 kW
Cell efficiency: 0.302, Output efficiency: 0.267
mdot_h2: 13.53 g/s
Reynolds_number: 12,967,815
Stack prop output power: 400 kW, Pcomp: 3.7 kW
Cell efficiency: 0.274, Output efficiency: 0.258
mdot_h2: 10.44 g/s
Reynolds_number: 12,967,815
Stack prop output power: 400 kW, Pcomp: 3.7 kW
Cell efficiency: 0.274, Output efficiency: 0.258
mdot_h2: 10.44 g/s
Reynolds_number: 12,967,815
Stack prop output power: 400 kW, Pcomp: 28.9 kW
Cell efficiency: 0.302, Output efficiency: 0.267
mdot_h2: 10.07 g/s

-----------------------
ptotal_climb: 1,422 kW, mtom_est: 6,112 kg, mtom: 6,072 kg, residual: +39.97 kg

MTOM update: newton, relax=0.518 -> mtom_next=6,138.63 kg

======================================================
======================= ITER 8 =======================
Reynolds_number: 12,967,815
Stack prop output power: 543 kW, Pcomp: 39.2 kW
Cell efficiency: 0.302, Output efficiency: 0.267
mdot_h2: 13.67 g/s
Reynolds_number: 12,967,815
Stack prop output power: 543 kW, Pcomp: 39.2 kW
Cell efficiency: 0.302, Output efficiency: 0.267
mdot_h2: 13.67 g/s
Reynolds_number: 12,967,815
Stack prop output power: 404 kW, Pcomp: 3.7 kW
Cell efficiency: 0.274, Output efficiency: 0.258
mdot_h2: 10.55 g/s
Reynolds_number: 12,967,815
Stack prop output power: 404 kW, Pcomp: 3.7 kW
Cell efficiency: 0.274, Output efficiency: 0.258
mdot_h2: 10.55 g/s
Reynolds_number: 12,967,815
Stack prop output power: 404 kW, Pcomp: 29.2 kW
Cell efficiency: 0.302, Output efficiency: 0.267
mdot_h2: 10.18 g/s

-----------------------
ptotal_climb: 1,437 kW, mtom_est: 6,146 kg, mtom: 6,139 kg, residual: +7.19 kg

MTOM update: newton, relax=0.622 -> mtom_next=6,147.67 kg

======================================================
======================= ITER 9 =======================
Reynolds_number: 12,967,815
Stack prop output power: 544 kW, Pcomp: 39.3 kW
Cell efficiency: 0.302, Output efficiency: 0.267
mdot_h2: 13.69 g/s
Reynolds_number: 12,967,815
Stack prop output power: 544 kW, Pcomp: 39.3 kW
Cell efficiency: 0.302, Output efficiency: 0.267
mdot_h2: 13.69 g/s
Reynolds_number: 12,967,815
Stack prop output power: 405 kW, Pcomp: 3.7 kW
Cell efficiency: 0.274, Output efficiency: 0.258
mdot_h2: 10.57 g/s
Reynolds_number: 12,967,815
Stack prop output power: 405 kW, Pcomp: 3.7 kW
Cell efficiency: 0.274, Output efficiency: 0.258
mdot_h2: 10.57 g/s
Reynolds_number: 12,967,815
Stack prop output power: 405 kW, Pcomp: 29.3 kW
Cell efficiency: 0.302, Output efficiency: 0.267
mdot_h2: 10.19 g/s

-----------------------
ptotal_climb: 1,439 kW, mtom_est: 6,157 kg, mtom: 6,148 kg, residual: +9.15 kg

MTOM update: newton, relax=0.311 -> mtom_next=6,134.55 kg

======================================================
======================= ITER 10 =======================
Reynolds_number: 12,967,815
Stack prop output power: 543 kW, Pcomp: 39.2 kW
Cell efficiency: 0.302, Output efficiency: 0.267
mdot_h2: 13.66 g/s
Reynolds_number: 12,967,815
Stack prop output power: 543 kW, Pcomp: 39.2 kW
Cell efficiency: 0.302, Output efficiency: 0.267
mdot_h2: 13.66 g/s
Reynolds_number: 12,967,815
Stack prop output power: 404 kW, Pcomp: 3.7 kW
Cell efficiency: 0.274, Output efficiency: 0.258
mdot_h2: 10.55 g/s
Reynolds_number: 12,967,815
Stack prop output power: 404 kW, Pcomp: 3.7 kW
Cell efficiency: 0.274, Output efficiency: 0.258
mdot_h2: 10.55 g/s
Reynolds_number: 12,967,815
Stack prop output power: 404 kW, Pcomp: 29.2 kW
Cell efficiency: 0.302, Output efficiency: 0.267
mdot_h2: 10.17 g/s

-----------------------
ptotal_climb: 1,436 kW, mtom_est: 6,149 kg, mtom: 6,135 kg, residual: +14.85 kg

MTOM update: newton, relax=0.156 -> mtom_next=6,139.87 kg

======================================================
======================= ITER 11 =======================
Reynolds_number: 12,967,815
Stack prop output power: 543 kW, Pcomp: 39.3 kW
Cell efficiency: 0.302, Output efficiency: 0.267
mdot_h2: 13.68 g/s
Reynolds_number: 12,967,815
Stack prop output power: 543 kW, Pcomp: 39.3 kW
Cell efficiency: 0.302, Output efficiency: 0.267
mdot_h2: 13.68 g/s
Reynolds_number: 12,967,815
Stack prop output power: 404 kW, Pcomp: 3.7 kW
Cell efficiency: 0.274, Output efficiency: 0.258
mdot_h2: 10.56 g/s
Reynolds_number: 12,967,815
Stack prop output power: 404 kW, Pcomp: 3.7 kW
Cell efficiency: 0.274, Output efficiency: 0.258
mdot_h2: 10.56 g/s
Reynolds_number: 12,967,815
Stack prop output power: 404 kW, Pcomp: 29.2 kW
Cell efficiency: 0.302, Output efficiency: 0.267
mdot_h2: 10.18 g/s

-----------------------
ptotal_climb: 1,438 kW, mtom_est: 6,147 kg, mtom: 6,140 kg, residual: +6.65 kg

MTOM update: newton, relax=0.187 -> mtom_next=6,140.67 kg

======================================================
======================= ITER 12 =======================
Reynolds_number: 12,967,815
Stack prop output power: 543 kW, Pcomp: 39.3 kW
Cell efficiency: 0.302, Output efficiency: 0.267
mdot_h2: 13.68 g/s
Reynolds_number: 12,967,815
Stack prop output power: 404 kW, Pcomp: 3.7 kW
Cell efficiency: 0.274, Output efficiency: 0.258
mdot_h2: 10.56 g/s
Reynolds_number: 12,967,815
Stack prop output power: 404 kW, Pcomp: 29.2 kW
Cell efficiency: 0.302, Output efficiency: 0.267
mdot_h2: 10.18 g/s

-----------------------
ptotal_climb: 1,438 kW, mtom_est: 6,147 kg, mtom: 6,141 kg, residual: +6.30 kg

MTOM update: newton, relax=0.224 -> mtom_next=6,143.92 kg

======================================================
======================= ITER 13 =======================
Reynolds_number: 12,967,815
Stack prop output power: 544 kW, Pcomp: 39.3 kW
Cell efficiency: 0.302, Output efficiency: 0.267
mdot_h2: 13.69 g/s
Reynolds_number: 12,967,815
Stack prop output power: 405 kW, Pcomp: 3.7 kW
Cell efficiency: 0.274, Output efficiency: 0.258
mdot_h2: 10.56 g/s
Reynolds_number: 12,967,815
Stack prop output power: 405 kW, Pcomp: 29.2 kW
Cell efficiency: 0.302, Output efficiency: 0.267
mdot_h2: 10.19 g/s

-----------------------
ptotal_climb: 1,439 kW, mtom_est: 6,155 kg, mtom: 6,144 kg, residual: +10.78 kg

MTOM update: newton, relax=0.112 -> mtom_next=6,143.05 kg

======================================================
======================= ITER 14 =======================
Reynolds_number: 12,967,815
Stack prop output power: 544 kW, Pcomp: 39.3 kW
Cell efficiency: 0.302, Output efficiency: 0.267
mdot_h2: 13.68 g/s
Reynolds_number: 12,967,815
Stack prop output power: 405 kW, Pcomp: 3.7 kW
Cell efficiency: 0.274, Output efficiency: 0.258
mdot_h2: 10.56 g/s
Reynolds_number: 12,967,815
Stack prop output power: 405 kW, Pcomp: 29.2 kW
Cell efficiency: 0.302, Output efficiency: 0.267
mdot_h2: 10.18 g/s

-----------------------
ptotal_climb: 1,438 kW, mtom_est: 6,154 kg, mtom: 6,143 kg, residual: +11.16 kg

MTOM update: newton, relax=0.056 -> mtom_next=6,144.48 kg

======================================================
======================= ITER 15 =======================
Reynolds_number: 12,967,815
Stack prop output power: 544 kW, Pcomp: 39.3 kW
Cell efficiency: 0.302, Output efficiency: 0.267
mdot_h2: 13.69 g/s
Reynolds_number: 12,967,815
Stack prop output power: 405 kW, Pcomp: 3.7 kW
Cell efficiency: 0.274, Output efficiency: 0.258
mdot_h2: 10.56 g/s
Reynolds_number: 12,967,815
Stack prop output power: 405 kW, Pcomp: 29.2 kW
Cell efficiency: 0.302, Output efficiency: 0.267
mdot_h2: 10.19 g/s

-----------------------
ptotal_climb: 1,439 kW, mtom_est: 6,149 kg, mtom: 6,144 kg, residual: +4.65 kg

Reynolds_number: 12,967,815
Stack prop output power: 544 kW, Pcomp: 39.3 kW
Cell efficiency: 0.302, Output efficiency: 0.267
mdot_h2: 13.69 g/s
Reynolds_number: 12,967,815
Stack prop output power: 544 kW, Pcomp: 39.3 kW
Cell efficiency: 0.302, Output efficiency: 0.267
mdot_h2: 13.69 g/s
Reynolds_number: 6,709,346
Stack prop output power: 405 kW, Pcomp: 3.5 kW
Cell efficiency: 0.305, Output efficiency: 0.287
mdot_h2: 9.49 g/s

CONVERGED
======================================================
======================= ITER 1 =======================
Reynolds_number: 12,967,815
Stack prop output power: 561 kW, Pcomp: 40.5 kW
Cell efficiency: 0.302, Output efficiency: 0.267
mdot_h2: 14.12 g/s
Reynolds_number: 12,967,815
Stack prop output power: 561 kW, Pcomp: 40.5 kW
Cell efficiency: 0.302, Output efficiency: 0.267
mdot_h2: 14.12 g/s
Reynolds_number: 12,967,815
Stack prop output power: 418 kW, Pcomp: 3.8 kW
Cell efficiency: 0.274, Output efficiency: 0.258
mdot_h2: 10.90 g/s
Reynolds_number: 12,967,815
Stack prop output power: 418 kW, Pcomp: 3.8 kW
Cell efficiency: 0.274, Output efficiency: 0.258
mdot_h2: 10.90 g/s
Reynolds_number: 12,967,815
Stack prop output power: 418 kW, Pcomp: 30.2 kW
Cell efficiency: 0.302, Output efficiency: 0.267
mdot_h2: 10.51 g/s

-----------------------
ptotal_climb: 1,485 kW, mtom_est: 6,232 kg, mtom: 6,149 kg, residual: +82.92 kg

MTOM update: fixed_point_fallback, relax=1.000 -> mtom_next=6,232.05 kg

======================================================
======================= ITER 2 =======================
Reynolds_number: 12,967,815
Stack prop output power: 569 kW, Pcomp: 41.1 kW
Cell efficiency: 0.302, Output efficiency: 0.267
mdot_h2: 14.31 g/s
Reynolds_number: 12,967,815
Stack prop output power: 569 kW, Pcomp: 41.1 kW
Cell efficiency: 0.302, Output efficiency: 0.267
mdot_h2: 14.31 g/s
Reynolds_number: 12,967,815
Stack prop output power: 423 kW, Pcomp: 3.9 kW
Cell efficiency: 0.274, Output efficiency: 0.258
mdot_h2: 11.05 g/s
Reynolds_number: 12,967,815
Stack prop output power: 423 kW, Pcomp: 3.9 kW
Cell efficiency: 0.274, Output efficiency: 0.258
mdot_h2: 11.05 g/s
Reynolds_number: 12,967,815
Stack prop output power: 423 kW, Pcomp: 30.6 kW
Cell efficiency: 0.302, Output efficiency: 0.267
mdot_h2: 10.65 g/s

-----------------------
ptotal_climb: 1,505 kW, mtom_est: 6,282 kg, mtom: 6,232 kg, residual: +49.84 kg

MTOM update: newton, relax=1.000 -> mtom_next=6,356.98 kg

======================================================
======================= ITER 3 =======================
Reynolds_number: 12,967,815
Stack prop output power: 580 kW, Pcomp: 41.9 kW
Cell efficiency: 0.302, Output efficiency: 0.267
mdot_h2: 14.60 g/s
Reynolds_number: 12,967,815
Stack prop output power: 580 kW, Pcomp: 41.9 kW
Cell efficiency: 0.302, Output efficiency: 0.267
mdot_h2: 14.60 g/s
Reynolds_number: 12,967,815
Stack prop output power: 432 kW, Pcomp: 3.9 kW
Cell efficiency: 0.274, Output efficiency: 0.258
mdot_h2: 11.27 g/s
Reynolds_number: 12,967,815
Stack prop output power: 432 kW, Pcomp: 3.9 kW
Cell efficiency: 0.274, Output efficiency: 0.258
mdot_h2: 11.27 g/s
Reynolds_number: 12,967,815
Stack prop output power: 432 kW, Pcomp: 31.2 kW
Cell efficiency: 0.302, Output efficiency: 0.267
mdot_h2: 10.87 g/s

-----------------------
ptotal_climb: 1,535 kW, mtom_est: 6,357 kg, mtom: 6,357 kg, residual: +0.05 kg

Reynolds_number: 12,967,815
Stack prop output power: 580 kW, Pcomp: 41.9 kW
Cell efficiency: 0.302, Output efficiency: 0.267
mdot_h2: 14.60 g/s
Reynolds_number: 12,967,815
Stack prop output power: 580 kW, Pcomp: 41.9 kW
Cell efficiency: 0.302, Output efficiency: 0.267
mdot_h2: 14.60 g/s
Reynolds_number: 6,709,346
Stack prop output power: 432 kW, Pcomp: 3.8 kW
Cell efficiency: 0.305, Output efficiency: 0.287
mdot_h2: 10.12 g/s
Reynolds_number: 6,709,346
Stack prop output power: 432 kW, Pcomp: 3.8 kW
Cell efficiency: 0.305, Output efficiency: 0.287
mdot_h2: 10.12 g/s

CONVERGED
======================================================
======================= ITER 1 =======================
Reynolds_number: 12,967,815
Stack prop output power: 598 kW, Pcomp: 43.2 kW
Cell efficiency: 0.302, Output efficiency: 0.267
mdot_h2: 15.04 g/s
Reynolds_number: 12,967,815
Stack prop output power: 598 kW, Pcomp: 43.2 kW
Cell efficiency: 0.302, Output efficiency: 0.267
mdot_h2: 15.04 g/s
Reynolds_number: 12,967,815
Stack prop output power: 445 kW, Pcomp: 4.1 kW
Cell efficiency: 0.274, Output efficiency: 0.258
mdot_h2: 11.61 g/s
Reynolds_number: 12,967,815
Stack prop output power: 445 kW, Pcomp: 4.1 kW
Cell efficiency: 0.274, Output efficiency: 0.258
mdot_h2: 11.61 g/s
Reynolds_number: 12,967,815
Stack prop output power: 445 kW, Pcomp: 32.1 kW
Cell efficiency: 0.302, Output efficiency: 0.267
mdot_h2: 11.20 g/s

-----------------------
ptotal_climb: 1,581 kW, mtom_est: 6,440 kg, mtom: 6,357 kg, residual: +83.18 kg

MTOM update: fixed_point_fallback, relax=1.000 -> mtom_next=6,440.21 kg

======================================================
======================= ITER 2 =======================
Reynolds_number: 12,967,815
Stack prop output power: 606 kW, Pcomp: 43.7 kW
Cell efficiency: 0.302, Output efficiency: 0.267
mdot_h2: 15.24 g/s
Reynolds_number: 12,967,815
Stack prop output power: 606 kW, Pcomp: 43.7 kW
Cell efficiency: 0.302, Output efficiency: 0.267
mdot_h2: 15.24 g/s
Reynolds_number: 12,967,815
Stack prop output power: 451 kW, Pcomp: 4.1 kW
Cell efficiency: 0.274, Output efficiency: 0.258
mdot_h2: 11.76 g/s
Reynolds_number: 12,967,815
Stack prop output power: 451 kW, Pcomp: 4.1 kW
Cell efficiency: 0.274, Output efficiency: 0.258
mdot_h2: 11.76 g/s
Reynolds_number: 12,967,815
Stack prop output power: 451 kW, Pcomp: 32.6 kW
Cell efficiency: 0.302, Output efficiency: 0.267
mdot_h2: 11.34 g/s

-----------------------
ptotal_climb: 1,602 kW, mtom_est: 6,491 kg, mtom: 6,440 kg, residual: +51.12 kg

MTOM update: newton, relax=1.000 -> mtom_next=6,572.84 kg

======================================================
======================= ITER 3 =======================
Reynolds_number: 12,967,815
Stack prop output power: 618 kW, Pcomp: 44.6 kW
Cell efficiency: 0.302, Output efficiency: 0.267
mdot_h2: 15.56 g/s
Reynolds_number: 12,967,815
Stack prop output power: 618 kW, Pcomp: 44.6 kW
Cell efficiency: 0.302, Output efficiency: 0.267
mdot_h2: 15.56 g/s
Reynolds_number: 12,967,815
Stack prop output power: 460 kW, Pcomp: 4.2 kW
Cell efficiency: 0.274, Output efficiency: 0.258
mdot_h2: 12.01 g/s
Reynolds_number: 12,967,815
Stack prop output power: 460 kW, Pcomp: 4.2 kW
Cell efficiency: 0.274, Output efficiency: 0.258
mdot_h2: 12.01 g/s
Reynolds_number: 12,967,815
Stack prop output power: 460 kW, Pcomp: 33.2 kW
Cell efficiency: 0.302, Output efficiency: 0.267
mdot_h2: 11.58 g/s

-----------------------
ptotal_climb: 1,635 kW, mtom_est: 6,558 kg, mtom: 6,573 kg, residual: -14.93 kg

MTOM update: newton, relax=1.000 -> mtom_next=6,542.86 kg

======================================================
======================= ITER 4 =======================
Reynolds_number: 12,967,815
Stack prop output power: 615 kW, Pcomp: 44.4 kW
Cell efficiency: 0.302, Output efficiency: 0.267
mdot_h2: 15.48 g/s
Reynolds_number: 12,967,815
Stack prop output power: 615 kW, Pcomp: 44.4 kW
Cell efficiency: 0.302, Output efficiency: 0.267
mdot_h2: 15.48 g/s
Reynolds_number: 12,967,815
Stack prop output power: 458 kW, Pcomp: 4.2 kW
Cell efficiency: 0.274, Output efficiency: 0.258
mdot_h2: 11.95 g/s
Reynolds_number: 12,967,815
Stack prop output power: 458 kW, Pcomp: 4.2 kW
Cell efficiency: 0.274, Output efficiency: 0.258
mdot_h2: 11.95 g/s
Reynolds_number: 12,967,815
Stack prop output power: 458 kW, Pcomp: 33.1 kW
Cell efficiency: 0.302, Output efficiency: 0.267
mdot_h2: 11.52 g/s

-----------------------
ptotal_climb: 1,628 kW, mtom_est: 6,555 kg, mtom: 6,543 kg, residual: +12.14 kg

MTOM update: newton, relax=1.000 -> mtom_next=6,556.31 kg

======================================================
======================= ITER 5 =======================
Reynolds_number: 12,967,815
Stack prop output power: 617 kW, Pcomp: 44.5 kW
Cell efficiency: 0.302, Output efficiency: 0.267
mdot_h2: 15.52 g/s
Reynolds_number: 12,967,815
Stack prop output power: 617 kW, Pcomp: 44.5 kW
Cell efficiency: 0.302, Output efficiency: 0.267
mdot_h2: 15.52 g/s
Reynolds_number: 12,967,815
Stack prop output power: 459 kW, Pcomp: 4.2 kW
Cell efficiency: 0.274, Output efficiency: 0.258
mdot_h2: 11.98 g/s
Reynolds_number: 12,967,815
Stack prop output power: 459 kW, Pcomp: 4.2 kW
Cell efficiency: 0.274, Output efficiency: 0.258
mdot_h2: 11.98 g/s
Reynolds_number: 12,967,815
Stack prop output power: 459 kW, Pcomp: 33.1 kW
Cell efficiency: 0.302, Output efficiency: 0.267
mdot_h2: 11.55 g/s

-----------------------
ptotal_climb: 1,631 kW, mtom_est: 6,568 kg, mtom: 6,556 kg, residual: +11.44 kg

MTOM update: regula_falsi, relax=1.000 -> mtom_next=6,563.48 kg

======================================================
======================= ITER 6 =======================
Reynolds_number: 12,967,815
Stack prop output power: 617 kW, Pcomp: 44.6 kW
Cell efficiency: 0.302, Output efficiency: 0.267
mdot_h2: 15.53 g/s
Reynolds_number: 12,967,815
Stack prop output power: 617 kW, Pcomp: 44.6 kW
Cell efficiency: 0.302, Output efficiency: 0.267
mdot_h2: 15.53 g/s
Reynolds_number: 12,967,815
Stack prop output power: 459 kW, Pcomp: 4.2 kW
Cell efficiency: 0.274, Output efficiency: 0.258
mdot_h2: 11.99 g/s
Reynolds_number: 12,967,815
Stack prop output power: 459 kW, Pcomp: 4.2 kW
Cell efficiency: 0.274, Output efficiency: 0.258
mdot_h2: 11.99 g/s
Reynolds_number: 12,967,815
Stack prop output power: 459 kW, Pcomp: 33.2 kW
Cell efficiency: 0.302, Output efficiency: 0.267
mdot_h2: 11.56 g/s

-----------------------
ptotal_climb: 1,633 kW, mtom_est: 6,568 kg, mtom: 6,563 kg, residual: +4.72 kg

Reynolds_number: 12,967,815
Stack prop output power: 617 kW, Pcomp: 44.6 kW
Cell efficiency: 0.302, Output efficiency: 0.267
mdot_h2: 15.53 g/s
Reynolds_number: 12,967,815
Stack prop output power: 617 kW, Pcomp: 44.6 kW
Cell efficiency: 0.302, Output efficiency: 0.267
mdot_h2: 15.53 g/s
Reynolds_number: 6,709,346
Stack prop output power: 459 kW, Pcomp: 4.0 kW
Cell efficiency: 0.305, Output efficiency: 0.287
mdot_h2: 10.77 g/s
Reynolds_number: 6,709,346
Stack prop output power: 459 kW, Pcomp: 4.0 kW
Cell efficiency: 0.305, Output efficiency: 0.287
mdot_h2: 10.77 g/s

CONVERGED
======================================================
======================= ITER 1 =======================
Reynolds_number: 12,967,815
Stack prop output power: 636 kW, Pcomp: 45.9 kW
Cell efficiency: 0.302, Output efficiency: 0.267
mdot_h2: 16.01 g/s
Reynolds_number: 12,967,815
Stack prop output power: 636 kW, Pcomp: 45.9 kW
Cell efficiency: 0.302, Output efficiency: 0.267
mdot_h2: 16.01 g/s
Reynolds_number: 12,967,815
Stack prop output power: 473 kW, Pcomp: 4.3 kW
Cell efficiency: 0.274, Output efficiency: 0.258
mdot_h2: 12.35 g/s
Reynolds_number: 12,967,815
Stack prop output power: 473 kW, Pcomp: 4.3 kW
Cell efficiency: 0.274, Output efficiency: 0.258
mdot_h2: 12.35 g/s
Reynolds_number: 12,967,815
Stack prop output power: 473 kW, Pcomp: 34.2 kW
Cell efficiency: 0.302, Output efficiency: 0.267
mdot_h2: 11.91 g/s

-----------------------
ptotal_climb: 1,683 kW, mtom_est: 6,658 kg, mtom: 6,568 kg, residual: +89.85 kg

MTOM update: fixed_point_fallback, relax=1.000 -> mtom_next=6,658.04 kg

======================================================
======================= ITER 2 =======================
Reynolds_number: 12,967,815
Stack prop output power: 645 kW, Pcomp: 46.6 kW
Cell efficiency: 0.302, Output efficiency: 0.267
mdot_h2: 16.23 g/s
Reynolds_number: 12,967,815
Stack prop output power: 645 kW, Pcomp: 46.6 kW
Cell efficiency: 0.302, Output efficiency: 0.267
mdot_h2: 16.23 g/s
Reynolds_number: 12,967,815
Stack prop output power: 480 kW, Pcomp: 4.4 kW
Cell efficiency: 0.274, Output efficiency: 0.258
mdot_h2: 12.52 g/s
Reynolds_number: 12,967,815
Stack prop output power: 480 kW, Pcomp: 4.4 kW
Cell efficiency: 0.274, Output efficiency: 0.258
mdot_h2: 12.52 g/s
Reynolds_number: 12,967,815
Stack prop output power: 480 kW, Pcomp: 34.7 kW
Cell efficiency: 0.302, Output efficiency: 0.267
mdot_h2: 12.08 g/s

-----------------------
ptotal_climb: 1,706 kW, mtom_est: 6,714 kg, mtom: 6,658 kg, residual: +56.30 kg

MTOM update: newton, relax=1.000 -> mtom_next=6,808.80 kg

======================================================
======================= ITER 3 =======================
Reynolds_number: 12,967,815
Stack prop output power: 659 kW, Pcomp: 47.6 kW
Cell efficiency: 0.302, Output efficiency: 0.267
mdot_h2: 16.59 g/s
Reynolds_number: 12,967,815
Stack prop output power: 659 kW, Pcomp: 47.6 kW
Cell efficiency: 0.302, Output efficiency: 0.267
mdot_h2: 16.59 g/s
Reynolds_number: 12,967,815
Stack prop output power: 491 kW, Pcomp: 4.5 kW
Cell efficiency: 0.274, Output efficiency: 0.258
mdot_h2: 12.81 g/s
Reynolds_number: 12,967,815
Stack prop output power: 491 kW, Pcomp: 4.5 kW
Cell efficiency: 0.274, Output efficiency: 0.258
mdot_h2: 12.81 g/s
Reynolds_number: 12,967,815
Stack prop output power: 491 kW, Pcomp: 35.4 kW
Cell efficiency: 0.302, Output efficiency: 0.267
mdot_h2: 12.35 g/s

-----------------------
ptotal_climb: 1,744 kW, mtom_est: 6,811 kg, mtom: 6,809 kg, residual: +1.80 kg

Reynolds_number: 12,967,815
Stack prop output power: 659 kW, Pcomp: 47.6 kW
Cell efficiency: 0.302, Output efficiency: 0.267
mdot_h2: 16.59 g/s
Reynolds_number: 12,967,815
Stack prop output power: 659 kW, Pcomp: 47.6 kW
Cell efficiency: 0.302, Output efficiency: 0.267
mdot_h2: 16.59 g/s
Reynolds_number: 6,709,346
Stack prop output power: 491 kW, Pcomp: 4.3 kW
Cell efficiency: 0.305, Output efficiency: 0.287
mdot_h2: 11.51 g/s
Reynolds_number: 6,709,346
Stack prop output power: 491 kW, Pcomp: 4.3 kW
Cell efficiency: 0.305, Output efficiency: 0.287
mdot_h2: 11.51 g/s

CONVERGED
======================================================
======================= ITER 1 =======================
Reynolds_number: 12,967,815
Stack prop output power: 679 kW, Pcomp: 49.0 kW
Cell efficiency: 0.302, Output efficiency: 0.267
mdot_h2: 17.08 g/s
Reynolds_number: 12,967,815
Stack prop output power: 679 kW, Pcomp: 49.0 kW
Cell efficiency: 0.302, Output efficiency: 0.267
mdot_h2: 17.08 g/s
Reynolds_number: 12,967,815
Stack prop output power: 505 kW, Pcomp: 4.6 kW
Cell efficiency: 0.274, Output efficiency: 0.258
mdot_h2: 13.19 g/s
Reynolds_number: 12,967,815
Stack prop output power: 505 kW, Pcomp: 4.6 kW
Cell efficiency: 0.274, Output efficiency: 0.258
mdot_h2: 13.19 g/s
Reynolds_number: 12,967,815
Stack prop output power: 505 kW, Pcomp: 36.5 kW
Cell efficiency: 0.302, Output efficiency: 0.267
mdot_h2: 12.72 g/s

-----------------------
ptotal_climb: 1,796 kW, mtom_est: 6,903 kg, mtom: 6,811 kg, residual: +92.50 kg

MTOM update: fixed_point_fallback, relax=1.000 -> mtom_next=6,903.11 kg

======================================================
======================= ITER 2 =======================
Reynolds_number: 12,967,815
Stack prop output power: 688 kW, Pcomp: 49.7 kW
Cell efficiency: 0.302, Output efficiency: 0.267
mdot_h2: 17.32 g/s
Reynolds_number: 12,967,815
Stack prop output power: 688 kW, Pcomp: 49.7 kW
Cell efficiency: 0.302, Output efficiency: 0.267
mdot_h2: 17.32 g/s
Reynolds_number: 12,967,815
Stack prop output power: 512 kW, Pcomp: 4.7 kW
Cell efficiency: 0.274, Output efficiency: 0.258
mdot_h2: 13.36 g/s
Reynolds_number: 12,967,815
Stack prop output power: 512 kW, Pcomp: 4.7 kW
Cell efficiency: 0.274, Output efficiency: 0.258
mdot_h2: 13.36 g/s
Reynolds_number: 12,967,815
Stack prop output power: 512 kW, Pcomp: 37.0 kW
Cell efficiency: 0.302, Output efficiency: 0.267
mdot_h2: 12.89 g/s

-----------------------
ptotal_climb: 1,820 kW, mtom_est: 6,962 kg, mtom: 6,903 kg, residual: +59.21 kg

MTOM update: newton, relax=1.000 -> mtom_next=7,067.58 kg

======================================================
======================= ITER 3 =======================
Reynolds_number: 12,967,815
Stack prop output power: 704 kW, Pcomp: 50.9 kW
Cell efficiency: 0.302, Output efficiency: 0.267
mdot_h2: 17.73 g/s
Reynolds_number: 12,967,815
Stack prop output power: 704 kW, Pcomp: 50.9 kW
Cell efficiency: 0.302, Output efficiency: 0.267
mdot_h2: 17.73 g/s
Reynolds_number: 12,967,815
Stack prop output power: 524 kW, Pcomp: 4.8 kW
Cell efficiency: 0.274, Output efficiency: 0.258
mdot_h2: 13.68 g/s
Reynolds_number: 12,967,815
Stack prop output power: 524 kW, Pcomp: 4.8 kW
Cell efficiency: 0.274, Output efficiency: 0.258
mdot_h2: 13.68 g/s
Reynolds_number: 12,967,815
Stack prop output power: 524 kW, Pcomp: 37.9 kW
Cell efficiency: 0.302, Output efficiency: 0.267
mdot_h2: 13.19 g/s

-----------------------
ptotal_climb: 1,863 kW, mtom_est: 7,069 kg, mtom: 7,068 kg, residual: +1.66 kg

Reynolds_number: 12,967,815
Stack prop output power: 704 kW, Pcomp: 50.9 kW
Cell efficiency: 0.302, Output efficiency: 0.267
mdot_h2: 17.73 g/s
Reynolds_number: 12,967,815
Stack prop output power: 704 kW, Pcomp: 50.9 kW
Cell efficiency: 0.302, Output efficiency: 0.267
mdot_h2: 17.73 g/s
Reynolds_number: 6,709,346
Stack prop output power: 524 kW, Pcomp: 4.6 kW
Cell efficiency: 0.305, Output efficiency: 0.287
mdot_h2: 12.29 g/s
Reynolds_number: 6,709,346
Stack prop output power: 524 kW, Pcomp: 4.6 kW
Cell efficiency: 0.305, Output efficiency: 0.287
mdot_h2: 12.29 g/s

CONVERGED
======================================================
======================= ITER 1 =======================
Reynolds_number: 12,967,815
Stack prop output power: 725 kW, Pcomp: 52.4 kW
Cell efficiency: 0.302, Output efficiency: 0.267
mdot_h2: 18.24 g/s
Reynolds_number: 12,967,815
Stack prop output power: 725 kW, Pcomp: 52.4 kW
Cell efficiency: 0.302, Output efficiency: 0.267
mdot_h2: 18.24 g/s
Reynolds_number: 12,967,815
Stack prop output power: 539 kW, Pcomp: 4.9 kW
Cell efficiency: 0.274, Output efficiency: 0.258
mdot_h2: 14.08 g/s
Reynolds_number: 12,967,815
Stack prop output power: 539 kW, Pcomp: 4.9 kW
Cell efficiency: 0.274, Output efficiency: 0.258
mdot_h2: 14.08 g/s
Reynolds_number: 12,967,815
Stack prop output power: 539 kW, Pcomp: 39.0 kW
Cell efficiency: 0.302, Output efficiency: 0.267
mdot_h2: 13.58 g/s

-----------------------
ptotal_climb: 1,917 kW, mtom_est: 7,166 kg, mtom: 7,069 kg, residual: +97.07 kg

MTOM update: fixed_point_fallback, relax=1.000 -> mtom_next=7,166.32 kg

======================================================
======================= ITER 2 =======================
Reynolds_number: 12,967,815
Stack prop output power: 735 kW, Pcomp: 53.1 kW
Cell efficiency: 0.302, Output efficiency: 0.267
mdot_h2: 18.49 g/s
Reynolds_number: 12,967,815
Stack prop output power: 735 kW, Pcomp: 53.1 kW
Cell efficiency: 0.302, Output efficiency: 0.267
mdot_h2: 18.49 g/s
Reynolds_number: 12,967,815
Stack prop output power: 547 kW, Pcomp: 5.0 kW
Cell efficiency: 0.274, Output efficiency: 0.258
mdot_h2: 14.27 g/s
Reynolds_number: 12,967,815
Stack prop output power: 547 kW, Pcomp: 5.0 kW
Cell efficiency: 0.274, Output efficiency: 0.258
mdot_h2: 14.27 g/s
Reynolds_number: 12,967,815
Stack prop output power: 547 kW, Pcomp: 39.5 kW
Cell efficiency: 0.302, Output efficiency: 0.267
mdot_h2: 13.76 g/s

-----------------------
ptotal_climb: 1,944 kW, mtom_est: 7,231 kg, mtom: 7,166 kg, residual: +64.51 kg

MTOM update: newton, relax=1.000 -> mtom_next=7,358.65 kg

======================================================
======================= ITER 3 =======================
Reynolds_number: 12,967,815
Stack prop output power: 754 kW, Pcomp: 54.5 kW
Cell efficiency: 0.302, Output efficiency: 0.267
mdot_h2: 18.99 g/s
Reynolds_number: 12,967,815
Stack prop output power: 754 kW, Pcomp: 54.5 kW
Cell efficiency: 0.302, Output efficiency: 0.267
mdot_h2: 18.99 g/s
Reynolds_number: 12,967,815
Stack prop output power: 562 kW, Pcomp: 5.1 kW
Cell efficiency: 0.274, Output efficiency: 0.258
mdot_h2: 14.66 g/s
Reynolds_number: 12,967,815
Stack prop output power: 562 kW, Pcomp: 5.1 kW
Cell efficiency: 0.274, Output efficiency: 0.258
mdot_h2: 14.66 g/s
Reynolds_number: 12,967,815
Stack prop output power: 562 kW, Pcomp: 40.6 kW
Cell efficiency: 0.302, Output efficiency: 0.267
mdot_h2: 14.13 g/s

-----------------------
ptotal_climb: 1,996 kW, mtom_est: 7,358 kg, mtom: 7,359 kg, residual: -0.89 kg

Reynolds_number: 12,967,815
Stack prop output power: 754 kW, Pcomp: 54.5 kW
Cell efficiency: 0.302, Output efficiency: 0.267
mdot_h2: 18.99 g/s
Reynolds_number: 12,967,815
Stack prop output power: 754 kW, Pcomp: 54.5 kW
Cell efficiency: 0.302, Output efficiency: 0.267
mdot_h2: 18.99 g/s
Reynolds_number: 6,709,346
Stack prop output power: 562 kW, Pcomp: 4.9 kW
Cell efficiency: 0.305, Output efficiency: 0.287
mdot_h2: 13.17 g/s
Reynolds_number: 6,709,346
Stack prop output power: 562 kW, Pcomp: 4.9 kW
Cell efficiency: 0.305, Output efficiency: 0.287
mdot_h2: 13.17 g/s

CONVERGED
======================================================
======================= ITER 1 =======================
Reynolds_number: 12,967,815
Stack prop output power: 776 kW, Pcomp: 56.0 kW
Cell efficiency: 0.302, Output efficiency: 0.267
mdot_h2: 19.52 g/s
Reynolds_number: 12,967,815
Stack prop output power: 776 kW, Pcomp: 56.0 kW
Cell efficiency: 0.302, Output efficiency: 0.267
mdot_h2: 19.52 g/s
Reynolds_number: 12,967,815
Stack prop output power: 577 kW, Pcomp: 5.3 kW
Cell efficiency: 0.274, Output efficiency: 0.258
mdot_h2: 15.07 g/s
Reynolds_number: 12,967,815
Stack prop output power: 577 kW, Pcomp: 5.3 kW
Cell efficiency: 0.274, Output efficiency: 0.258
mdot_h2: 15.07 g/s
Reynolds_number: 12,967,815
Stack prop output power: 577 kW, Pcomp: 41.7 kW
Cell efficiency: 0.302, Output efficiency: 0.267
mdot_h2: 14.53 g/s

-----------------------
ptotal_climb: 2,052 kW, mtom_est: 7,458 kg, mtom: 7,358 kg, residual: +100.59 kg

MTOM update: fixed_point_fallback, relax=1.000 -> mtom_next=7,458.36 kg

======================================================
======================= ITER 2 =======================
Reynolds_number: 12,967,815
Stack prop output power: 786 kW, Pcomp: 56.8 kW
Cell efficiency: 0.302, Output efficiency: 0.267
mdot_h2: 19.79 g/s
Reynolds_number: 12,967,815
Stack prop output power: 786 kW, Pcomp: 56.8 kW
Cell efficiency: 0.302, Output efficiency: 0.267
mdot_h2: 19.79 g/s
Reynolds_number: 12,967,815
Stack prop output power: 585 kW, Pcomp: 5.3 kW
Cell efficiency: 0.274, Output efficiency: 0.258
mdot_h2: 15.27 g/s
Reynolds_number: 12,967,815
Stack prop output power: 585 kW, Pcomp: 5.3 kW
Cell efficiency: 0.274, Output efficiency: 0.258
mdot_h2: 15.27 g/s
Reynolds_number: 12,967,815
Stack prop output power: 585 kW, Pcomp: 42.3 kW
Cell efficiency: 0.302, Output efficiency: 0.267
mdot_h2: 14.73 g/s

-----------------------
ptotal_climb: 2,080 kW, mtom_est: 7,527 kg, mtom: 7,458 kg, residual: +68.24 kg

MTOM update: newton, relax=1.000 -> mtom_next=7,670.51 kg

======================================================
======================= ITER 3 =======================
Reynolds_number: 12,967,815
Stack prop output power: 809 kW, Pcomp: 58.4 kW
Cell efficiency: 0.302, Output efficiency: 0.267
mdot_h2: 20.35 g/s
Reynolds_number: 12,967,815
Stack prop output power: 809 kW, Pcomp: 58.4 kW
Cell efficiency: 0.302, Output efficiency: 0.267
mdot_h2: 20.35 g/s
Reynolds_number: 12,967,815
Stack prop output power: 602 kW, Pcomp: 5.5 kW
Cell efficiency: 0.274, Output efficiency: 0.258
mdot_h2: 15.71 g/s
Reynolds_number: 12,967,815
Stack prop output power: 602 kW, Pcomp: 5.5 kW
Cell efficiency: 0.274, Output efficiency: 0.258
mdot_h2: 15.71 g/s
Reynolds_number: 12,967,815
Stack prop output power: 602 kW, Pcomp: 43.5 kW
Cell efficiency: 0.302, Output efficiency: 0.267
mdot_h2: 15.15 g/s

-----------------------
ptotal_climb: 2,139 kW, mtom_est: 7,669 kg, mtom: 7,671 kg, residual: -1.35 kg

Reynolds_number: 12,967,815
Stack prop output power: 809 kW, Pcomp: 58.4 kW
Cell efficiency: 0.302, Output efficiency: 0.267
mdot_h2: 20.35 g/s
Reynolds_number: 12,967,815
Stack prop output power: 809 kW, Pcomp: 58.4 kW
Cell efficiency: 0.302, Output efficiency: 0.267
mdot_h2: 20.35 g/s
Reynolds_number: 6,709,346
Stack prop output power: 602 kW, Pcomp: 5.2 kW
Cell efficiency: 0.305, Output efficiency: 0.287
mdot_h2: 14.11 g/s
Reynolds_number: 6,709,346
Stack prop output power: 602 kW, Pcomp: 5.2 kW
Cell efficiency: 0.305, Output efficiency: 0.287
mdot_h2: 14.11 g/s

CONVERGED
======================================================
======================= ITER 1 =======================
Reynolds_number: 12,967,815
Stack prop output power: 831 kW, Pcomp: 60.0 kW
Cell efficiency: 0.302, Output efficiency: 0.267
mdot_h2: 20.91 g/s
Reynolds_number: 12,967,815
Stack prop output power: 831 kW, Pcomp: 60.0 kW
Cell efficiency: 0.302, Output efficiency: 0.267
mdot_h2: 20.91 g/s
Reynolds_number: 12,967,815
Stack prop output power: 618 kW, Pcomp: 5.6 kW
Cell efficiency: 0.274, Output efficiency: 0.258
mdot_h2: 16.14 g/s
Reynolds_number: 12,967,815
Stack prop output power: 618 kW, Pcomp: 5.6 kW
Cell efficiency: 0.274, Output efficiency: 0.258
mdot_h2: 16.14 g/s
Reynolds_number: 12,967,815
Stack prop output power: 618 kW, Pcomp: 44.7 kW
Cell efficiency: 0.302, Output efficiency: 0.267
mdot_h2: 15.56 g/s

-----------------------
ptotal_climb: 2,198 kW, mtom_est: 7,776 kg, mtom: 7,669 kg, residual: +106.93 kg

MTOM update: fixed_point_fallback, relax=1.000 -> mtom_next=7,776.09 kg

======================================================
======================= ITER 2 =======================
Reynolds_number: 12,967,815
Stack prop output power: 842 kW, Pcomp: 60.9 kW
Cell efficiency: 0.302, Output efficiency: 0.267
mdot_h2: 21.20 g/s
Reynolds_number: 12,967,815
Stack prop output power: 842 kW, Pcomp: 60.9 kW
Cell efficiency: 0.302, Output efficiency: 0.267
mdot_h2: 21.20 g/s
Reynolds_number: 12,967,815
Stack prop output power: 627 kW, Pcomp: 5.7 kW
Cell efficiency: 0.274, Output efficiency: 0.258
mdot_h2: 16.36 g/s
Reynolds_number: 12,967,815
Stack prop output power: 627 kW, Pcomp: 5.7 kW
Cell efficiency: 0.274, Output efficiency: 0.258
mdot_h2: 16.36 g/s
Reynolds_number: 12,967,815
Stack prop output power: 627 kW, Pcomp: 45.3 kW
Cell efficiency: 0.302, Output efficiency: 0.267
mdot_h2: 15.78 g/s

-----------------------
ptotal_climb: 2,228 kW, mtom_est: 7,850 kg, mtom: 7,776 kg, residual: +73.95 kg

MTOM update: newton, relax=1.000 -> mtom_next=8,015.82 kg

======================================================
======================= ITER 3 =======================
Reynolds_number: 12,967,815
Stack prop output power: 868 kW, Pcomp: 62.7 kW
Cell efficiency: 0.302, Output efficiency: 0.267
mdot_h2: 21.85 g/s
Reynolds_number: 12,967,815
Stack prop output power: 868 kW, Pcomp: 62.7 kW
Cell efficiency: 0.302, Output efficiency: 0.267
mdot_h2: 21.85 g/s
Reynolds_number: 12,967,815
Stack prop output power: 646 kW, Pcomp: 5.9 kW
Cell efficiency: 0.274, Output efficiency: 0.258
mdot_h2: 16.87 g/s
Reynolds_number: 12,967,815
Stack prop output power: 646 kW, Pcomp: 5.9 kW
Cell efficiency: 0.274, Output efficiency: 0.258
mdot_h2: 16.87 g/s
Reynolds_number: 12,967,815
Stack prop output power: 646 kW, Pcomp: 46.7 kW
Cell efficiency: 0.302, Output efficiency: 0.267
mdot_h2: 16.26 g/s

-----------------------
ptotal_climb: 2,297 kW, mtom_est: 8,015 kg, mtom: 8,016 kg, residual: -0.65 kg

Reynolds_number: 12,967,815
Stack prop output power: 868 kW, Pcomp: 62.7 kW
Cell efficiency: 0.302, Output efficiency: 0.267
mdot_h2: 21.85 g/s
Reynolds_number: 12,967,815
Stack prop output power: 868 kW, Pcomp: 62.7 kW
Cell efficiency: 0.302, Output efficiency: 0.267
mdot_h2: 21.85 g/s
Reynolds_number: 6,709,346
Stack prop output power: 646 kW, Pcomp: 5.6 kW
Cell efficiency: 0.305, Output efficiency: 0.287
mdot_h2: 15.15 g/s
Reynolds_number: 6,709,346
Stack prop output power: 646 kW, Pcomp: 5.6 kW
Cell efficiency: 0.305, Output efficiency: 0.287
mdot_h2: 15.15 g/s

CONVERGED
ADRpy+HFCAD coupled sizing (min_mtom): W/S=2100.0 Pa (214.14 kg/m^2), MTOM=6049.9 kg, P/W_TO=0.12619, P/W_climb=0.12619, P/W_cruise=0.12619 (kW/kg)
Chromium init'ed with kwargs {}
Found chromium path: /usr/bin/google-chrome
Temp directory created: /tmp/tmpkxeco5df.
Opening browser.
Temp directory created: /tmp/tmp32jytg58.
ldd failed. e: Command '['ldd', '/usr/bin/google-chrome']' returned non-zero exit status 1., stderr: None
Temporary directory at: /tmp/tmp32jytg58
Conforming 1 to file:///tmp/tmpkxeco5df/index.html
Waiting on all navigates
All navigates done, putting them all in queue.
Getting tab from queue (has 1)
Got 5A68
Processing fig.png
Sending big command for fig.png.
Sent big command for fig.png.
Reloading tab 5A68 before return.
Putting tab 5A68 back (queue size: 0).
Waiting for all cleanups to finish.
Exiting Kaleido
TemporaryDirectory.cleanup() worked.
shutil.rmtree worked.
Cancelling tasks.
Exiting Kaleido/Choreo
Closing browser.
TemporaryDirectory.cleanup() worked.
shutil.rmtree worked.
Cancelling tasks.
Exiting Kaleido/Choreo
Closing browser.
TemporaryDirectory.cleanup() worked.
shutil.rmtree worked.
Pfuel_ready: 69 kW, Pfuel_taxing: 139 kW, Pfuel_climb: 1,129 kW, Pfuel_cruise: 1,551 kW, Pfuel_cruise_charger: 1,551 kW, Pbat_climb: 261 kW, Pbat_charge: 0 kW
TemporaryDirectory.cleanup() worked.
shutil.rmtree worked.
qt.qpa.plugin: From 6.5.0, xcb-cursor0 or libxcb-cursor0 is needed to load the Qt xcb platform plugin.
qt.qpa.plugin: Could not load the Qt platform plugin "xcb" in "" even though it was found.
This application failed to start because no Qt platform plugin could be initialized. Reinstalling the application may fix this problem.

Available platform plugins are: linuxfb, xcb, wayland-brcm, wayland-egl, wayland, minimal, eglfs, offscreen, vkkhrdisplay, minimalegl, vnc.

