[command] /home/shoh95/anaconda3/envs/aerofc/bin/python /home/shoh95/Programming/HFCAD/app/main.py -i /home/shoh95/Programming/HFCAD/app/input_sweep_gui_r1/h2000_CK220_R1500000.ini --outdir /home/shoh95/Programming/HFCAD/results/input_sweep_gui_r1
[start] 2026-02-21 05:43:40

Auto-widening W/S scan window for min_combined_pw: 1900.0..2600.0 -> 1725.0..2775.0 Pa (factor 1.500, lower_hit=True, upper_hit=False, min_on_edge=False).
Auto-widening W/S scan window for min_combined_pw: 1725.0..2775.0 -> 1462.5..3037.5 Pa (factor 1.500, lower_hit=True, upper_hit=False, min_on_edge=False).
ADRpy constraint sizing (min_combined_pw): W/S=2112.5 Pa (215.42 kg/m^2), P/W_TO=0.16953 kW/kg, P/W_climb=0.16884 kW/kg, P/W_cruise=0.11902 kW/kg
Curve minimum (combined/combined): W/S=2112.5 Pa (215.42 kg/m^2), P/W=0.16953 kW/kg
Curve minimum (takeoff/take-off): W/S=1462.5 Pa (149.13 kg/m^2), P/W=0.10196 kW/kg
Curve minimum (climb/climb): W/S=2312.5 Pa (235.81 kg/m^2), P/W=0.16638 kW/kg
Curve minimum (cruise/cruise): W/S=2312.5 Pa (235.81 kg/m^2), P/W=0.11196 kW/kg
======================================================
======================= ITER 1 =======================
Fuel-cell system mass representative phase: takeoff (P_fc_sys=875.304 kW).

-----------------------
ptotal_climb: 1,160 kW, mtom_est: 6,096 kg, mtom: 5,000 kg, residual: +1,095.74 kg

MTOM update: initial_bracket_probe_1, relax=1.000 -> mtom_next=5,325.00 kg

======================================================
======================= ITER 2 =======================
Fuel-cell system mass representative phase: takeoff (P_fc_sys=932.194 kW).

-----------------------
ptotal_climb: 1,235 kW, mtom_est: 6,336 kg, mtom: 5,325 kg, residual: +1,010.99 kg

MTOM update: initial_bracket_probe_2, relax=1.000 -> mtom_next=5,650.00 kg

======================================================
======================= ITER 3 =======================
Fuel-cell system mass representative phase: takeoff (P_fc_sys=989.088 kW).

-----------------------
ptotal_climb: 1,311 kW, mtom_est: 6,578 kg, mtom: 5,650 kg, residual: +928.26 kg

MTOM update: newton_prebracket, relax=1.000 -> mtom_next=7,627.50 kg

======================================================
======================= ITER 4 =======================
Fuel-cell system mass representative phase: takeoff (P_fc_sys=1335.277 kW).

-----------------------
ptotal_climb: 1,769 kW, mtom_est: 8,060 kg, mtom: 7,628 kg, residual: +432.72 kg

MTOM update: newton_prebracket, relax=1.000 -> mtom_next=9,354.32 kg

======================================================
======================= ITER 5 =======================
Fuel-cell system mass representative phase: takeoff (P_fc_sys=1637.575 kW).

-----------------------
ptotal_climb: 2,170 kW, mtom_est: 9,364 kg, mtom: 9,354 kg, residual: +9.72 kg

MTOM update: newton_prebracket, relax=1.000 -> mtom_next=9,393.98 kg

======================================================
======================= ITER 6 =======================
Fuel-cell system mass representative phase: takeoff (P_fc_sys=1644.518 kW).

-----------------------
ptotal_climb: 2,179 kW, mtom_est: 9,394 kg, mtom: 9,394 kg, residual: +0.28 kg


CONVERGED

CONVERGED STATE [MTOM iteration 6]
  MTOM=9,394 kg | Wing loading=215.42 kg/m^2 | P/W(climb)=231.97 W/kg
  Phase power: climb=2,179.2 kW | cruise=1,588.9 kW | loiter=1,271.1 kW | takeoff=2,187.9 kW | cruise+charger=1,588.9 kW
  Power split (climb): FC=1,623.5 kW | Battery=541.2 kW | Compressor=14.5 kW | Cooling=678.7 kW | H2=40.204 g/s
  Compressor max across phases: 51.1 kW (cruise)
  FC representative phase (mass sizing): takeoff (1,644.5 kW)
  Mass summary: MTOM=9,394 kg | Powertrain=3,118 kg | Tank=1,165.0 kg | Fuel=517.8 kg | Battery=227.4 kg | Nacelle power density=0.62 kW/kg
  Geometry: Main wing area=43.61 m^2 | Horizontal tail area=5.604 m^2 | Horizontal tail location=17.193 m | Vertical tail area=5.688 m^2 | Vertical tail location=16.616 m
  Config: wing loading input=215.42 kg/m^2 | P/W TO/Cl/Cr/Lo=0.16953/0.16884/0.11902/0.09522 kW/kg

=============================================================
========================= CONVERGED =========================
=============================================================
Constraint sizing: ENABLED (min_combined_pw)
Input W/S: 215.42 kg/m^2 (2,112.5 Pa)
Input P/W [kW/kg]: takeoff 0.16953, climb 0.16884, cruise 0.11902, loiter 0.09522
Converged P/W [kW/kg]: takeoff 0.23290, climb 0.23197, cruise 0.16914, loiter 0.13531
-------------------------------------------------------------

# Mission Time
Climb time: 5.05 min (0.08 h)
Cruise time: 204.77 min (3.41 h)
Total flight time: 231.82 min (3.86 h)

# Phase Power Breakdown
Phase      Time[min]     Total[kW]    FC Stack[kW]   Battery[kW]   Compressor[kW]   Cooling[kW]   mdot_H2[g/s]
--------------------------------------------------------------------------------------------------------------
ready           0.00         109.0           109.0           0.0              0.0           0.0         0.0
taxi            5.00         217.9           217.9           0.0              0.0           0.0         4.0
takeoff         1.00       2,187.9         1,630.2         543.4             14.3         639.4        38.6
climb           5.05       2,179.2         1,623.5         541.2             14.5         678.7        40.2
cruise        204.77       1,588.9         1,537.8           0.0             51.1         643.0        38.6
loiter         15.00       1,271.1         1,230.2           0.0             40.8         518.8        31.1
landing         1.00           0.0             0.0           0.0              0.0           0.0         0.0

Pcomp_max (solved phases): 51.1 kW (cruise)
Pnet (climb): 1,968 kW
Pelectricnet (climb): 2,165 kW
eta_pt: 0.9031

# Geometry
Main Wing Area: 43.61 m^2
Wingspan: 19.81 m
Fuselage Length: 19.39 m
Hydrogen Tank Length: 10.38 m
Horizontal Tail Area: 5.60 m^2
Vertical Tail Area: 5.69 m^2
Horizontal Tail span: 5.02 m
Vertical Tail span: 3.29 m
Horizontal Tail X_Position: 17.19 m
Vertical Tail X_Position: 16.62 m

# Single Nacelle (1/2)
Stack(1/2): 441 kg, Compressor: 24 kg, Humidifier: 133 kg, HX: 725 kg
Fuelcell System(FCS; Stack+Compressor+Humidifier+Hx): 1,322 kg
Representative FC phase: takeoff
Specific Power of Fuelcell System: 0.622 kW/kg
Stack dimension: dX=0.360 m, dY=0.370 m, dZ=0.370 m
Heat Exchanger dimension: dX=2.052 m, dY=2.052 m, dZ=0.192 m

# ALL Nacelles
FCS_total: 2,645 kg
PMAD: 185 kg
Motors: 287 kg

# Total Mass Breakdown
-----------------------
Powertrain (FCS_total+PMAD+Motors): 3,118 kg
-----------------------
Main Wing: 775 kg
Horizontal Tail: 48 kg
Vertical Tail: 81 kg
Fuselage: 699 kg
Landing gear(main): 243 kg
Landing gear(nose): 65 kg
Flight Control System: 366 kg
Electric System: 300 kg
Instruments: 128 kg
Hydraulics: 113 kg
Furnishing: 548 kg
-----------------------
Operating Empty Mass(OEM): 3,367 kg
-----------------------
Hydrogen Tank: 1,165 kg
Hydrogen Fuel: 517.8 kg
Battery: 227.4 kg
-----------------------
Payload: 1,000 kg
-----------------------
Maximum Takeoff Mass(MTOM): 9,394 kg
-----------------------

Wing loading (MTOM/S_wing): 215.42 kg/m^2
Power-to-weight (maxPow/MTOM): 231.97 W/kg

mdot_H2(cruise): 38.6 g/s
Hydrogen Tank Volume: 22.2 m^3
========================== END ==============================


=============================================================
Execution time: 5.4 seconds
=============================================================
