[command] /home/shoh95/anaconda3/envs/aerofc/bin/python /home/shoh95/Programming/HFCAD/app/main.py -i /home/shoh95/Programming/HFCAD/app/input_sweep_gui_r1/h3000_CK190_R1250000.ini --outdir /home/shoh95/Programming/HFCAD/results/input_sweep_gui_r1
[start] 2026-02-21 05:44:20

Auto-widening W/S scan window for min_combined_pw: 1900.0..2600.0 -> 1725.0..2775.0 Pa (factor 1.500, lower_hit=True, upper_hit=False, min_on_edge=False).
Auto-widening W/S scan window for min_combined_pw: 1725.0..2775.0 -> 1462.5..3037.5 Pa (factor 1.500, lower_hit=True, upper_hit=False, min_on_edge=False).
ADRpy constraint sizing (min_combined_pw): W/S=2162.5 Pa (220.51 kg/m^2), P/W_TO=0.17518 kW/kg, P/W_climb=0.17631 kW/kg, P/W_cruise=0.08089 kW/kg
Curve minimum (combined/combined): W/S=2162.5 Pa (220.51 kg/m^2), P/W=0.17631 kW/kg
Curve minimum (takeoff/take-off): W/S=1462.5 Pa (149.13 kg/m^2), P/W=0.10196 kW/kg
Curve minimum (climb/climb): W/S=2312.5 Pa (235.81 kg/m^2), P/W=0.17436 kW/kg
Curve minimum (cruise/cruise): W/S=2312.5 Pa (235.81 kg/m^2), P/W=0.07878 kW/kg
======================================================
======================= ITER 1 =======================
Fuel-cell system mass representative phase: climb (P_fc_sys=910.557 kW).

-----------------------
ptotal_climb: 1,211 kW, mtom_est: 5,688 kg, mtom: 5,000 kg, residual: +687.98 kg

MTOM update: initial_bracket_probe_1, relax=1.000 -> mtom_next=5,325.00 kg

======================================================
======================= ITER 2 =======================
Fuel-cell system mass representative phase: climb (P_fc_sys=969.737 kW).

-----------------------
ptotal_climb: 1,290 kW, mtom_est: 5,903 kg, mtom: 5,325 kg, residual: +577.79 kg

MTOM update: initial_bracket_probe_2, relax=1.000 -> mtom_next=5,650.00 kg

======================================================
======================= ITER 3 =======================
Fuel-cell system mass representative phase: climb (P_fc_sys=1028.923 kW).

-----------------------
ptotal_climb: 1,369 kW, mtom_est: 6,120 kg, mtom: 5,650 kg, residual: +469.59 kg

MTOM update: newton_prebracket, relax=1.000 -> mtom_next=7,060.48 kg

======================================================
======================= ITER 4 =======================
Fuel-cell system mass representative phase: climb (P_fc_sys=1285.793 kW).

-----------------------
ptotal_climb: 1,711 kW, mtom_est: 7,064 kg, mtom: 7,060 kg, residual: +3.52 kg


CONVERGED

CONVERGED STATE [MTOM iteration 4]
  MTOM=7,064 kg | Wing loading=220.62 kg/m^2 | P/W(climb)=242.15 W/kg
  Phase power: climb=1,710.5 kW | cruise=828.2 kW | loiter=662.5 kW | takeoff=1,699.2 kW | cruise+charger=828.2 kW
  Power split (climb): FC=1,274.2 kW | Battery=424.7 kW | Compressor=11.6 kW | Cooling=556.0 kW | H2=32.987 g/s
  Compressor max across phases: 42.6 kW (cruise)
  FC representative phase (mass sizing): climb (1,285.8 kW)
  Mass summary: MTOM=7,064 kg | Powertrain=2,250 kg | Tank=616.6 kg | Fuel=274.1 kg | Battery=252.6 kg | Nacelle power density=0.68 kW/kg
  Geometry: Main wing area=32.02 m^2 | Horizontal tail area=5.003 m^2 | Horizontal tail location=12.397 m | Vertical tail area=5.116 m^2 | Vertical tail location=11.859 m
  Config: wing loading input=220.51 kg/m^2 | P/W TO/Cl/Cr/Lo=0.17518/0.17631/0.08089/0.06471 kW/kg

=============================================================
========================= CONVERGED =========================
=============================================================
Constraint sizing: ENABLED (min_combined_pw)
Input W/S: 220.51 kg/m^2 (2,162.5 Pa)
Input P/W [kW/kg]: takeoff 0.17518, climb 0.17631, cruise 0.08089, loiter 0.06471
Converged P/W [kW/kg]: takeoff 0.24055, climb 0.24215, cruise 0.11724, loiter 0.09379
-------------------------------------------------------------

# Mission Time
Climb time: 7.57 min (0.13 h)
Cruise time: 194.32 min (3.24 h)
Total flight time: 223.89 min (3.73 h)

# Phase Power Breakdown
Phase      Time[min]     Total[kW]    FC Stack[kW]   Battery[kW]   Compressor[kW]   Cooling[kW]   mdot_H2[g/s]
--------------------------------------------------------------------------------------------------------------
ready           0.00          85.5            85.5           0.0              0.0           0.0         0.0
taxi            5.00         171.1           171.1           0.0              0.0           0.0         3.3
takeoff         1.00       1,699.2         1,266.1         422.0             11.1         487.9        29.9
climb           7.57       1,710.5         1,274.2         424.7             11.6         556.0        33.0
cruise        194.32         828.2           785.5           0.0             42.6         340.4        20.7
loiter         15.00         662.5           628.4           0.0             34.1         274.3        16.6
landing         1.00           0.0             0.0           0.0              0.0           0.0         0.0

Pcomp_max (solved phases): 42.6 kW (cruise)
Pnet (climb): 1,545 kW
Pelectricnet (climb): 1,699 kW
eta_pt: 0.9031

# Geometry
Main Wing Area: 32.02 m^2
Wingspan: 16.98 m
Fuselage Length: 14.50 m
Hydrogen Tank Length: 5.49 m
Horizontal Tail Area: 5.00 m^2
Vertical Tail Area: 5.12 m^2
Horizontal Tail span: 4.74 m
Vertical Tail span: 3.12 m
Horizontal Tail X_Position: 12.40 m
Vertical Tail X_Position: 11.86 m

# Single Nacelle (1/2)
Stack(1/2): 374 kg, Compressor: 25 kg, Humidifier: 148 kg, HX: 392 kg
Fuelcell System(FCS; Stack+Compressor+Humidifier+Hx): 939 kg
Representative FC phase: climb
Specific Power of Fuelcell System: 0.685 kW/kg
Stack dimension: dX=0.389 m, dY=0.327 m, dZ=0.327 m
Heat Exchanger dimension: dX=1.449 m, dY=1.449 m, dZ=0.209 m

# ALL Nacelles
FCS_total: 1,878 kg
PMAD: 147 kg
Motors: 226 kg

# Total Mass Breakdown
-----------------------
Powertrain (FCS_total+PMAD+Motors): 2,250 kg
-----------------------
Main Wing: 532 kg
Horizontal Tail: 37 kg
Vertical Tail: 66 kg
Fuselage: 442 kg
Landing gear(main): 243 kg
Landing gear(nose): 65 kg
Flight Control System: 366 kg
Electric System: 300 kg
Instruments: 100 kg
Hydraulics: 85 kg
Furnishing: 436 kg
-----------------------
Operating Empty Mass(OEM): 2,671 kg
-----------------------
Hydrogen Tank: 617 kg
Hydrogen Fuel: 274.1 kg
Battery: 252.6 kg
-----------------------
Payload: 1,000 kg
-----------------------
Maximum Takeoff Mass(MTOM): 7,064 kg
-----------------------

Wing loading (MTOM/S_wing): 220.62 kg/m^2
Power-to-weight (maxPow/MTOM): 242.15 W/kg

mdot_H2(cruise): 20.7 g/s
Hydrogen Tank Volume: 11.7 m^3
========================== END ==============================


=============================================================
Execution time: 4.5 seconds
=============================================================
