[command] /home/shoh95/anaconda3/envs/aerofc/bin/python /home/shoh95/Programming/HFCAD/app/main.py -i /home/shoh95/Programming/HFCAD/app/input_sweep_gui_r1/h4500_CK190_R1250000.ini --outdir /home/shoh95/Programming/HFCAD/results/input_sweep_gui_r1
[start] 2026-02-21 05:45:30

Auto-widening W/S scan window for min_combined_pw: 1900.0..2600.0 -> 1725.0..2775.0 Pa (factor 1.500, lower_hit=True, upper_hit=False, min_on_edge=False).
Auto-widening W/S scan window for min_combined_pw: 1725.0..2775.0 -> 1462.5..3037.5 Pa (factor 1.500, lower_hit=True, upper_hit=False, min_on_edge=False).
ADRpy constraint sizing (min_combined_pw): W/S=2262.5 Pa (230.71 kg/m^2), P/W_TO=0.18667 kW/kg, P/W_climb=0.18932 kW/kg, P/W_cruise=0.07560 kW/kg
Curve minimum (combined/combined): W/S=2262.5 Pa (230.71 kg/m^2), P/W=0.18932 kW/kg
Curve minimum (takeoff/take-off): W/S=1462.5 Pa (149.13 kg/m^2), P/W=0.10196 kW/kg
Curve minimum (climb/climb): W/S=2312.5 Pa (235.81 kg/m^2), P/W=0.18867 kW/kg
Curve minimum (cruise/cruise): W/S=2312.5 Pa (235.81 kg/m^2), P/W=0.07522 kW/kg
======================================================
======================= ITER 1 =======================
Fuel-cell system mass representative phase: climb (P_fc_sys=978.044 kW).

-----------------------
ptotal_climb: 1,301 kW, mtom_est: 6,066 kg, mtom: 5,000 kg, residual: +1,065.89 kg

MTOM update: initial_bracket_probe_1, relax=1.000 -> mtom_next=5,325.00 kg

======================================================
======================= ITER 2 =======================
Fuel-cell system mass representative phase: climb (P_fc_sys=1041.610 kW).

-----------------------
ptotal_climb: 1,386 kW, mtom_est: 6,305 kg, mtom: 5,325 kg, residual: +979.99 kg

MTOM update: initial_bracket_probe_2, relax=1.000 -> mtom_next=5,650.00 kg

======================================================
======================= ITER 3 =======================
Fuel-cell system mass representative phase: climb (P_fc_sys=1105.183 kW).

-----------------------
ptotal_climb: 1,470 kW, mtom_est: 6,547 kg, mtom: 5,650 kg, residual: +896.91 kg

MTOM update: newton_prebracket, relax=1.000 -> mtom_next=7,627.50 kg

======================================================
======================= ITER 4 =======================
Fuel-cell system mass representative phase: climb (P_fc_sys=1492.006 kW).

-----------------------
ptotal_climb: 1,985 kW, mtom_est: 8,027 kg, mtom: 7,628 kg, residual: +399.64 kg

MTOM update: newton_prebracket, relax=1.000 -> mtom_next=9,216.73 kg

======================================================
======================= ITER 5 =======================
Fuel-cell system mass representative phase: climb (P_fc_sys=1802.874 kW).

-----------------------
ptotal_climb: 2,398 kW, mtom_est: 9,226 kg, mtom: 9,217 kg, residual: +9.48 kg

MTOM update: newton_prebracket, relax=1.000 -> mtom_next=9,255.34 kg

======================================================
======================= ITER 6 =======================
Fuel-cell system mass representative phase: climb (P_fc_sys=1810.426 kW).

-----------------------
ptotal_climb: 2,408 kW, mtom_est: 9,255 kg, mtom: 9,255 kg, residual: -0.67 kg


CONVERGED

CONVERGED STATE [MTOM iteration 6]
  MTOM=9,255 kg | Wing loading=230.69 kg/m^2 | P/W(climb)=260.23 W/kg
  Phase power: climb=2,408.3 kW | cruise=1,049.2 kW | loiter=839.3 kW | takeoff=2,373.5 kW | cruise+charger=1,049.2 kW
  Power split (climb): FC=1,793.6 kW | Battery=597.9 kW | Compressor=16.8 kW | Cooling=833.7 kW | H2=49.680 g/s
  Compressor max across phases: 86.8 kW (cruise)
  FC representative phase (mass sizing): climb (1,810.4 kW)
  Mass summary: MTOM=9,255 kg | Powertrain=3,480 kg | Tank=832.7 kg | Fuel=370.1 kg | Battery=512.5 kg | Nacelle power density=0.61 kW/kg
  Geometry: Main wing area=40.12 m^2 | Horizontal tail area=6.111 m^2 | Horizontal tail location=14.163 m | Vertical tail area=6.266 m^2 | Vertical tail location=13.533 m
  Config: wing loading input=230.71 kg/m^2 | P/W TO/Cl/Cr/Lo=0.18667/0.18932/0.07560/0.06048 kW/kg

=============================================================
========================= CONVERGED =========================
=============================================================
Constraint sizing: ENABLED (min_combined_pw)
Input W/S: 230.71 kg/m^2 (2,262.5 Pa)
Input P/W [kW/kg]: takeoff 0.18667, climb 0.18932, cruise 0.07560, loiter 0.06048
Converged P/W [kW/kg]: takeoff 0.25647, climb 0.26023, cruise 0.11337, loiter 0.09069
-------------------------------------------------------------

# Mission Time
Climb time: 11.36 min (0.19 h)
Cruise time: 191.13 min (3.19 h)
Total flight time: 224.48 min (3.74 h)

# Phase Power Breakdown
Phase      Time[min]     Total[kW]    FC Stack[kW]   Battery[kW]   Compressor[kW]   Cooling[kW]   mdot_H2[g/s]
--------------------------------------------------------------------------------------------------------------
ready           0.00         120.4           120.4           0.0              0.0           0.0         0.0
taxi            5.00         240.8           240.8           0.0              0.0           0.0         5.0
takeoff         1.00       2,373.5         1,768.5         589.5             15.5         662.9        41.8
climb          11.36       2,408.3         1,793.6         597.9             16.8         833.7        49.7
cruise        191.13       1,049.2           962.4           0.0             86.8         437.6        27.3
loiter         15.00         839.3           769.9           0.0             69.4         352.7        21.9
landing         1.00           0.0             0.0           0.0              0.0           0.0         0.0

Pcomp_max (solved phases): 86.8 kW (cruise)
Pnet (climb): 2,175 kW
Pelectricnet (climb): 2,392 kW
eta_pt: 0.9031

# Geometry
Main Wing Area: 40.12 m^2
Wingspan: 19.00 m
Fuselage Length: 16.43 m
Hydrogen Tank Length: 7.42 m
Horizontal Tail Area: 6.11 m^2
Vertical Tail Area: 6.27 m^2
Horizontal Tail span: 5.24 m
Vertical Tail span: 3.45 m
Horizontal Tail X_Position: 14.16 m
Vertical Tail X_Position: 13.53 m

# Single Nacelle (1/2)
Stack(1/2): 560 kg, Compressor: 44 kg, Humidifier: 260 kg, HX: 612 kg
Fuelcell System(FCS; Stack+Compressor+Humidifier+Hx): 1,476 kg
Representative FC phase: climb
Specific Power of Fuelcell System: 0.613 kW/kg
Stack dimension: dX=0.413 m, dY=0.389 m, dZ=0.389 m
Heat Exchanger dimension: dX=1.833 m, dY=1.833 m, dZ=0.203 m

# ALL Nacelles
FCS_total: 2,953 kg
PMAD: 210 kg
Motors: 317 kg

# Total Mass Breakdown
-----------------------
Powertrain (FCS_total+PMAD+Motors): 3,480 kg
-----------------------
Main Wing: 720 kg
Horizontal Tail: 51 kg
Vertical Tail: 85 kg
Fuselage: 511 kg
Landing gear(main): 243 kg
Landing gear(nose): 65 kg
Flight Control System: 366 kg
Electric System: 300 kg
Instruments: 127 kg
Hydraulics: 111 kg
Furnishing: 481 kg
-----------------------
Operating Empty Mass(OEM): 3,059 kg
-----------------------
Hydrogen Tank: 833 kg
Hydrogen Fuel: 370.1 kg
Battery: 512.5 kg
-----------------------
Payload: 1,000 kg
-----------------------
Maximum Takeoff Mass(MTOM): 9,255 kg
-----------------------

Wing loading (MTOM/S_wing): 230.69 kg/m^2
Power-to-weight (maxPow/MTOM): 260.23 W/kg

mdot_H2(cruise): 27.3 g/s
Hydrogen Tank Volume: 15.9 m^3
========================== END ==============================


=============================================================
Execution time: 5.7 seconds
=============================================================
