[command] /home/shoh95/anaconda3/envs/aerofc/bin/python /home/shoh95/Programming/HFCAD/app/main.py -i /home/shoh95/Programming/HFCAD/app/input_sweep_gui_r1/h4500_CK200_R1500000.ini --outdir /home/shoh95/Programming/HFCAD/results/input_sweep_gui_r1
[start] 2026-02-21 05:45:33

Auto-widening W/S scan window for min_combined_pw: 1900.0..2600.0 -> 1725.0..2775.0 Pa (factor 1.500, lower_hit=True, upper_hit=False, min_on_edge=False).
Auto-widening W/S scan window for min_combined_pw: 1725.0..2775.0 -> 1462.5..3037.5 Pa (factor 1.500, lower_hit=True, upper_hit=False, min_on_edge=False).
ADRpy constraint sizing (min_combined_pw): W/S=2262.5 Pa (230.71 kg/m^2), P/W_TO=0.18667 kW/kg, P/W_climb=0.18927 kW/kg, P/W_cruise=0.08199 kW/kg
Curve minimum (combined/combined): W/S=2262.5 Pa (230.71 kg/m^2), P/W=0.18927 kW/kg
Curve minimum (takeoff/take-off): W/S=1462.5 Pa (149.13 kg/m^2), P/W=0.10196 kW/kg
Curve minimum (climb/climb): W/S=2312.5 Pa (235.81 kg/m^2), P/W=0.18863 kW/kg
Curve minimum (cruise/cruise): W/S=2312.5 Pa (235.81 kg/m^2), P/W=0.08141 kW/kg
======================================================
======================= ITER 1 =======================
Fuel-cell system mass representative phase: climb (P_fc_sys=977.806 kW).

-----------------------
ptotal_climb: 1,301 kW, mtom_est: 6,228 kg, mtom: 5,000 kg, residual: +1,227.75 kg

MTOM update: initial_bracket_probe_1, relax=1.000 -> mtom_next=5,325.00 kg

======================================================
======================= ITER 2 =======================
Fuel-cell system mass representative phase: climb (P_fc_sys=1041.356 kW).

-----------------------
ptotal_climb: 1,385 kW, mtom_est: 6,477 kg, mtom: 5,325 kg, residual: +1,152.08 kg

MTOM update: initial_bracket_probe_2, relax=1.000 -> mtom_next=5,650.00 kg

======================================================
======================= ITER 3 =======================
Fuel-cell system mass representative phase: climb (P_fc_sys=1104.914 kW).

-----------------------
ptotal_climb: 1,470 kW, mtom_est: 6,729 kg, mtom: 5,650 kg, residual: +1,079.29 kg

MTOM update: newton_prebracket, relax=1.000 -> mtom_next=7,627.50 kg

======================================================
======================= ITER 4 =======================
Fuel-cell system mass representative phase: climb (P_fc_sys=1491.643 kW).

-----------------------
ptotal_climb: 1,984 kW, mtom_est: 8,272 kg, mtom: 7,628 kg, residual: +644.55 kg

MTOM update: newton_prebracket, relax=1.000 -> mtom_next=10,297.12 kg

======================================================
======================= ITER 5 =======================
Fuel-cell system mass representative phase: climb (P_fc_sys=2013.718 kW).

-----------------------
ptotal_climb: 2,679 kW, mtom_est: 10,374 kg, mtom: 10,297 kg, residual: +76.47 kg

MTOM update: newton_prebracket, relax=1.000 -> mtom_next=10,656.48 kg

======================================================
======================= ITER 6 =======================
Fuel-cell system mass representative phase: climb (P_fc_sys=2083.986 kW).

-----------------------
ptotal_climb: 2,772 kW, mtom_est: 10,657 kg, mtom: 10,656 kg, residual: +0.89 kg


CONVERGED

CONVERGED STATE [MTOM iteration 6]
  MTOM=10,657 kg | Wing loading=230.73 kg/m^2 | P/W(climb)=260.12 W/kg
  Phase power: climb=2,772.2 kW | cruise=1,310.2 kW | loiter=1,048.1 kW | takeoff=2,732.8 kW | cruise+charger=1,310.2 kW
  Power split (climb): FC=2,064.7 kW | Battery=688.2 kW | Compressor=19.3 kW | Cooling=956.0 kW | H2=57.020 g/s
  Compressor max across phases: 108.4 kW (cruise)
  FC representative phase (mass sizing): climb (2,084.0 kW)
  Mass summary: MTOM=10,657 kg | Powertrain=3,936 kg | Tank=1,168.8 kg | Fuel=519.5 kg | Battery=589.9 kg | Nacelle power density=0.63 kW/kg
  Geometry: Main wing area=46.19 m^2 | Horizontal tail area=6.140 m^2 | Horizontal tail location=17.153 m | Vertical tail area=6.251 m^2 | Vertical tail location=16.531 m
  Config: wing loading input=230.71 kg/m^2 | P/W TO/Cl/Cr/Lo=0.18667/0.18927/0.08199/0.06559 kW/kg

=============================================================
========================= CONVERGED =========================
=============================================================
Constraint sizing: ENABLED (min_combined_pw)
Input W/S: 230.71 kg/m^2 (2,262.5 Pa)
Input P/W [kW/kg]: takeoff 0.18667, climb 0.18927, cruise 0.08199, loiter 0.06559
Converged P/W [kW/kg]: takeoff 0.25643, climb 0.26012, cruise 0.12294, loiter 0.09835
-------------------------------------------------------------

# Mission Time
Climb time: 11.36 min (0.19 h)
Cruise time: 221.45 min (3.69 h)
Total flight time: 254.80 min (4.25 h)

# Phase Power Breakdown
Phase      Time[min]     Total[kW]    FC Stack[kW]   Battery[kW]   Compressor[kW]   Cooling[kW]   mdot_H2[g/s]
--------------------------------------------------------------------------------------------------------------
ready           0.00         138.6           138.6           0.0              0.0           0.0         0.0
taxi            5.00         277.2           277.2           0.0              0.0           0.0         5.7
takeoff         1.00       2,732.8         2,036.2         678.7             17.9         763.0        48.1
climb          11.36       2,772.2         2,064.7         688.2             19.3         956.0        57.0
cruise        221.45       1,310.2         1,201.8           0.0            108.4         545.0        34.0
loiter         15.00       1,048.1           961.4           0.0             86.7         439.7        27.3
landing         1.00           0.0             0.0           0.0              0.0           0.0         0.0

Pcomp_max (solved phases): 108.4 kW (cruise)
Pnet (climb): 2,503 kW
Pelectricnet (climb): 2,753 kW
eta_pt: 0.9031

# Geometry
Main Wing Area: 46.19 m^2
Wingspan: 20.39 m
Fuselage Length: 19.42 m
Hydrogen Tank Length: 10.41 m
Horizontal Tail Area: 6.14 m^2
Vertical Tail Area: 6.25 m^2
Horizontal Tail span: 5.26 m
Vertical Tail span: 3.45 m
Horizontal Tail X_Position: 17.15 m
Vertical Tail X_Position: 16.53 m

# Single Nacelle (1/2)
Stack(1/2): 642 kg, Compressor: 52 kg, Humidifier: 297 kg, HX: 673 kg
Fuelcell System(FCS; Stack+Compressor+Humidifier+Hx): 1,664 kg
Representative FC phase: climb
Specific Power of Fuelcell System: 0.626 kW/kg
Stack dimension: dX=0.412 m, dY=0.417 m, dZ=0.417 m
Heat Exchanger dimension: dX=1.908 m, dY=1.908 m, dZ=0.206 m

# ALL Nacelles
FCS_total: 3,329 kg
PMAD: 242 kg
Motors: 365 kg

# Total Mass Breakdown
-----------------------
Powertrain (FCS_total+PMAD+Motors): 3,936 kg
-----------------------
Main Wing: 859 kg
Horizontal Tail: 56 kg
Vertical Tail: 91 kg
Fuselage: 643 kg
Landing gear(main): 243 kg
Landing gear(nose): 65 kg
Flight Control System: 366 kg
Electric System: 300 kg
Instruments: 144 kg
Hydraulics: 128 kg
Furnishing: 549 kg
-----------------------
Operating Empty Mass(OEM): 3,443 kg
-----------------------
Hydrogen Tank: 1,169 kg
Hydrogen Fuel: 519.5 kg
Battery: 589.9 kg
-----------------------
Payload: 1,000 kg
-----------------------
Maximum Takeoff Mass(MTOM): 10,657 kg
-----------------------

Wing loading (MTOM/S_wing): 230.73 kg/m^2
Power-to-weight (maxPow/MTOM): 260.12 W/kg

mdot_H2(cruise): 34.0 g/s
Hydrogen Tank Volume: 22.3 m^3
========================== END ==============================


=============================================================
Execution time: 6.0 seconds
=============================================================
