[command] /home/shoh95/anaconda3/envs/aerofc/bin/python /home/shoh95/Programming/HFCAD/app/main.py -i /home/shoh95/Programming/HFCAD/app/input_sweep_gui_r1/h5000_CK230_R1500000.ini --outdir /home/shoh95/Programming/HFCAD/results/input_sweep_gui_r1
[start] 2026-02-21 05:46:06

Auto-widening W/S scan window for min_combined_pw: 1900.0..2600.0 -> 1725.0..2775.0 Pa (factor 1.500, lower_hit=True, upper_hit=False, min_on_edge=False).
Auto-widening W/S scan window for min_combined_pw: 1725.0..2775.0 -> 1462.5..3037.5 Pa (factor 1.500, lower_hit=True, upper_hit=False, min_on_edge=True).
ADRpy minimum combined P/W remains on feasible W/S boundary (2312.5 Pa). Proceeding with current W/S range 1462.5..3037.5 Pa.
ADRpy constraint sizing (min_combined_pw): W/S=2312.5 Pa (235.81 kg/m^2), P/W_TO=0.19250 kW/kg, P/W_climb=0.19411 kW/kg, P/W_cruise=0.10280 kW/kg
Curve minimum (combined/combined): W/S=2312.5 Pa (235.81 kg/m^2), P/W=0.19411 kW/kg
Curve minimum (takeoff/take-off): W/S=1462.5 Pa (149.13 kg/m^2), P/W=0.10196 kW/kg
Curve minimum (climb/climb): W/S=2312.5 Pa (235.81 kg/m^2), P/W=0.19411 kW/kg
Curve minimum (cruise/cruise): W/S=2312.5 Pa (235.81 kg/m^2), P/W=0.10280 kW/kg
======================================================
======================= ITER 1 =======================
Fuel-cell system mass representative phase: climb (P_fc_sys=1002.866 kW).

-----------------------
ptotal_climb: 1,334 kW, mtom_est: 6,415 kg, mtom: 5,000 kg, residual: +1,414.87 kg

MTOM update: initial_bracket_probe_1, relax=1.000 -> mtom_next=5,325.00 kg

======================================================
======================= ITER 2 =======================
Fuel-cell system mass representative phase: climb (P_fc_sys=1068.045 kW).

-----------------------
ptotal_climb: 1,421 kW, mtom_est: 6,675 kg, mtom: 5,325 kg, residual: +1,349.85 kg

MTOM update: initial_bracket_probe_2, relax=1.000 -> mtom_next=5,650.00 kg

======================================================
======================= ITER 3 =======================
Fuel-cell system mass representative phase: climb (P_fc_sys=1133.232 kW).

-----------------------
ptotal_climb: 1,507 kW, mtom_est: 6,938 kg, mtom: 5,650 kg, residual: +1,287.82 kg

MTOM update: newton_prebracket, relax=1.000 -> mtom_next=7,627.50 kg

======================================================
======================= ITER 4 =======================
Fuel-cell system mass representative phase: climb (P_fc_sys=1529.873 kW).

-----------------------
ptotal_climb: 2,035 kW, mtom_est: 8,551 kg, mtom: 7,628 kg, residual: +923.28 kg

MTOM update: newton_prebracket, relax=1.000 -> mtom_next=10,297.12 kg

======================================================
======================= ITER 5 =======================
Fuel-cell system mass representative phase: climb (P_fc_sys=2065.328 kW).

-----------------------
ptotal_climb: 2,747 kW, mtom_est: 10,749 kg, mtom: 10,297 kg, residual: +451.87 kg

MTOM update: newton_prebracket, relax=1.000 -> mtom_next=12,856.15 kg

======================================================
======================= ITER 6 =======================
Fuel-cell system mass representative phase: climb (P_fc_sys=2578.601 kW).

-----------------------
ptotal_climb: 3,430 kW, mtom_est: 12,881 kg, mtom: 12,856 kg, residual: +25.12 kg

MTOM update: newton_prebracket, relax=1.000 -> mtom_next=13,006.77 kg

======================================================
======================= ITER 7 =======================
Fuel-cell system mass representative phase: climb (P_fc_sys=2608.807 kW).

-----------------------
ptotal_climb: 3,470 kW, mtom_est: 13,009 kg, mtom: 13,007 kg, residual: +1.96 kg


CONVERGED

CONVERGED STATE [MTOM iteration 7]
  MTOM=13,009 kg | Wing loading=235.84 kg/m^2 | P/W(climb)=266.76 W/kg
  Phase power: climb=3,470.3 kW | cruise=2,029.5 kW | loiter=1,623.5 kW | takeoff=3,439.8 kW | cruise+charger=2,029.5 kW
  Power split (climb): FC=2,584.4 kW | Battery=861.5 kW | Compressor=24.4 kW | Cooling=1,211.6 kW | H2=72.553 g/s
  Compressor max across phases: 190.4 kW (cruise)
  FC representative phase (mass sizing): climb (2,608.8 kW)
  Mass summary: MTOM=13,009 kg | Powertrain=4,872 kg | Tank=1,583.5 kg | Fuel=703.8 kg | Battery=814.2 kg | Nacelle power density=0.63 kW/kg
  Geometry: Main wing area=55.16 m^2 | Horizontal tail area=6.533 m^2 | Horizontal tail location=20.794 m | Vertical tail area=6.623 m^2 | Vertical tail location=20.148 m
  Config: wing loading input=235.81 kg/m^2 | P/W TO/Cl/Cr/Lo=0.19250/0.19411/0.10280/0.08224 kW/kg

=============================================================
========================= CONVERGED =========================
=============================================================
Constraint sizing: ENABLED (min_combined_pw)
Input W/S: 235.81 kg/m^2 (2,312.5 Pa)
Input P/W [kW/kg]: takeoff 0.19250, climb 0.19411, cruise 0.10280, loiter 0.08224
Converged P/W [kW/kg]: takeoff 0.26442, climb 0.26676, cruise 0.15601, loiter 0.12480
-------------------------------------------------------------

# Mission Time
Climb time: 12.62 min (0.21 h)
Cruise time: 190.06 min (3.17 h)
Total flight time: 224.68 min (3.74 h)

# Phase Power Breakdown
Phase      Time[min]     Total[kW]    FC Stack[kW]   Battery[kW]   Compressor[kW]   Cooling[kW]   mdot_H2[g/s]
--------------------------------------------------------------------------------------------------------------
ready           0.00         173.5           173.5           0.0              0.0           0.0         0.0
taxi            5.00         347.0           347.0           0.0              0.0           0.0         7.3
takeoff         1.00       3,439.8         2,563.0         854.3             22.5         951.7        60.6
climb          12.62       3,470.3         2,584.4         861.5             24.4       1,211.6        72.6
cruise        190.06       2,029.5         1,839.0           0.0            190.4         841.5        53.0
loiter         15.00       1,623.5         1,471.2           0.0            152.2         680.5        42.7
landing         1.00           0.0             0.0           0.0              0.0           0.0         0.0

Pcomp_max (solved phases): 190.4 kW (cruise)
Pnet (climb): 3,134 kW
Pelectricnet (climb): 3,446 kW
eta_pt: 0.9031

# Geometry
Main Wing Area: 55.16 m^2
Wingspan: 22.28 m
Fuselage Length: 23.12 m
Hydrogen Tank Length: 14.11 m
Horizontal Tail Area: 6.53 m^2
Vertical Tail Area: 6.62 m^2
Horizontal Tail span: 5.42 m
Vertical Tail span: 3.55 m
Horizontal Tail X_Position: 20.79 m
Vertical Tail X_Position: 20.15 m

# Single Nacelle (1/2)
Stack(1/2): 816 kg, Compressor: 76 kg, Humidifier: 393 kg, HX: 771 kg
Fuelcell System(FCS; Stack+Compressor+Humidifier+Hx): 2,056 kg
Representative FC phase: climb
Specific Power of Fuelcell System: 0.634 kW/kg
Stack dimension: dX=0.417 m, dY=0.467 m, dZ=0.467 m
Heat Exchanger dimension: dX=2.016 m, dY=2.016 m, dZ=0.212 m

# ALL Nacelles
FCS_total: 4,112 kg
PMAD: 303 kg
Motors: 457 kg

# Total Mass Breakdown
-----------------------
Powertrain (FCS_total+PMAD+Motors): 4,872 kg
-----------------------
Main Wing: 1,085 kg
Horizontal Tail: 67 kg
Vertical Tail: 105 kg
Fuselage: 847 kg
Landing gear(main): 243 kg
Landing gear(nose): 65 kg
Flight Control System: 366 kg
Electric System: 300 kg
Instruments: 172 kg
Hydraulics: 156 kg
Furnishing: 628 kg
-----------------------
Operating Empty Mass(OEM): 4,035 kg
-----------------------
Hydrogen Tank: 1,583 kg
Hydrogen Fuel: 703.8 kg
Battery: 814.2 kg
-----------------------
Payload: 1,000 kg
-----------------------
Maximum Takeoff Mass(MTOM): 13,009 kg
-----------------------

Wing loading (MTOM/S_wing): 235.84 kg/m^2
Power-to-weight (maxPow/MTOM): 266.76 W/kg

mdot_H2(cruise): 53.0 g/s
Hydrogen Tank Volume: 30.2 m^3
========================== END ==============================


=============================================================
Execution time: 6.0 seconds
=============================================================
