ADRpy feasible W/S window (coarse pass 0): 2000.0 .. 2350.0 Pa (203.94 .. 239.63 kg/m^2), 8 points
======================================================
======================= ITER 1 =======================
Reynolds_number: 11,112,677
Stack prop output power: 504 kW, Pcomp: 26.0 kW
Cell efficiency: 0.300, Output efficiency: 0.271
mdot_h2: 12.53 g/s
Reynolds_number: 11,112,677
Stack prop output power: 504 kW, Pcomp: 26.0 kW
Cell efficiency: 0.300, Output efficiency: 0.271
mdot_h2: 12.53 g/s
Reynolds_number: 11,112,677
Stack prop output power: 375 kW, Pcomp: 3.4 kW
Cell efficiency: 0.281, Output efficiency: 0.264
mdot_h2: 9.55 g/s
Reynolds_number: 11,112,677
Stack prop output power: 375 kW, Pcomp: 3.4 kW
Cell efficiency: 0.281, Output efficiency: 0.264
mdot_h2: 9.55 g/s
Reynolds_number: 11,112,677
Stack prop output power: 375 kW, Pcomp: 19.3 kW
Cell efficiency: 0.300, Output efficiency: 0.271
mdot_h2: 9.33 g/s

-----------------------
ptotal_climb: 1,329 kW, mtom_est: 4,903 kg, mtom: 5,000 kg, residual: -97.10 kg

MTOM update: initial_bracket_probe_1, relax=1.000 -> mtom_next=4,700.00 kg

======================================================
======================= ITER 2 =======================
Reynolds_number: 11,112,677
Stack prop output power: 474 kW, Pcomp: 24.4 kW
Cell efficiency: 0.300, Output efficiency: 0.271
mdot_h2: 11.78 g/s
Reynolds_number: 11,112,677
Stack prop output power: 474 kW, Pcomp: 24.4 kW
Cell efficiency: 0.300, Output efficiency: 0.271
mdot_h2: 11.78 g/s
Reynolds_number: 11,112,677
Stack prop output power: 353 kW, Pcomp: 3.2 kW
Cell efficiency: 0.281, Output efficiency: 0.264
mdot_h2: 8.98 g/s
Reynolds_number: 11,112,677
Stack prop output power: 353 kW, Pcomp: 3.2 kW
Cell efficiency: 0.281, Output efficiency: 0.264
mdot_h2: 8.98 g/s
Reynolds_number: 11,112,677
Stack prop output power: 353 kW, Pcomp: 18.2 kW
Cell efficiency: 0.300, Output efficiency: 0.271
mdot_h2: 8.77 g/s

-----------------------
ptotal_climb: 1,249 kW, mtom_est: 4,717 kg, mtom: 4,700 kg, residual: +17.15 kg

MTOM update: newton, relax=1.000 -> mtom_next=4,745.03 kg

======================================================
======================= ITER 3 =======================
Reynolds_number: 11,112,677
Stack prop output power: 478 kW, Pcomp: 24.7 kW
Cell efficiency: 0.300, Output efficiency: 0.271
mdot_h2: 11.89 g/s
Reynolds_number: 11,112,677
Stack prop output power: 478 kW, Pcomp: 24.7 kW
Cell efficiency: 0.300, Output efficiency: 0.271
mdot_h2: 11.89 g/s
Reynolds_number: 11,112,677
Stack prop output power: 356 kW, Pcomp: 3.2 kW
Cell efficiency: 0.281, Output efficiency: 0.264
mdot_h2: 9.07 g/s
Reynolds_number: 11,112,677
Stack prop output power: 356 kW, Pcomp: 3.2 kW
Cell efficiency: 0.281, Output efficiency: 0.264
mdot_h2: 9.07 g/s
Reynolds_number: 11,112,677
Stack prop output power: 356 kW, Pcomp: 18.4 kW
Cell efficiency: 0.300, Output efficiency: 0.271
mdot_h2: 8.85 g/s

-----------------------
ptotal_climb: 1,261 kW, mtom_est: 4,747 kg, mtom: 4,745 kg, residual: +2.11 kg

Reynolds_number: 11,112,677
Stack prop output power: 478 kW, Pcomp: 24.7 kW
Cell efficiency: 0.300, Output efficiency: 0.271
mdot_h2: 11.89 g/s
Reynolds_number: 11,112,677
Stack prop output power: 478 kW, Pcomp: 24.7 kW
Cell efficiency: 0.300, Output efficiency: 0.271
mdot_h2: 11.89 g/s
Reynolds_number: 6,709,346
Stack prop output power: 356 kW, Pcomp: 3.1 kW
Cell efficiency: 0.305, Output efficiency: 0.287
mdot_h2: 8.35 g/s
Reynolds_number: 6,709,346
Stack prop output power: 356 kW, Pcomp: 3.1 kW
Cell efficiency: 0.305, Output efficiency: 0.287
mdot_h2: 8.35 g/s

CONVERGED
======================================================
======================= ITER 1 =======================
Reynolds_number: 11,112,677
Stack prop output power: 478 kW, Pcomp: 24.6 kW
Cell efficiency: 0.300, Output efficiency: 0.271
mdot_h2: 11.88 g/s
Reynolds_number: 11,112,677
Stack prop output power: 478 kW, Pcomp: 24.6 kW
Cell efficiency: 0.300, Output efficiency: 0.271
mdot_h2: 11.88 g/s
Reynolds_number: 11,112,677
Stack prop output power: 356 kW, Pcomp: 3.2 kW
Cell efficiency: 0.281, Output efficiency: 0.264
mdot_h2: 9.06 g/s
Reynolds_number: 11,112,677
Stack prop output power: 356 kW, Pcomp: 3.2 kW
Cell efficiency: 0.281, Output efficiency: 0.264
mdot_h2: 9.06 g/s
Reynolds_number: 11,112,677
Stack prop output power: 356 kW, Pcomp: 18.3 kW
Cell efficiency: 0.300, Output efficiency: 0.271
mdot_h2: 8.84 g/s

-----------------------
ptotal_climb: 1,259 kW, mtom_est: 4,736 kg, mtom: 4,747 kg, residual: -11.25 kg

MTOM update: initial_bracket_probe_1, relax=1.000 -> mtom_next=4,462.31 kg

======================================================
======================= ITER 2 =======================
Reynolds_number: 11,112,677
Stack prop output power: 449 kW, Pcomp: 23.2 kW
Cell efficiency: 0.300, Output efficiency: 0.271
mdot_h2: 11.17 g/s
Reynolds_number: 11,112,677
Stack prop output power: 449 kW, Pcomp: 23.2 kW
Cell efficiency: 0.300, Output efficiency: 0.271
mdot_h2: 11.17 g/s
Reynolds_number: 11,112,677
Stack prop output power: 334 kW, Pcomp: 3.0 kW
Cell efficiency: 0.281, Output efficiency: 0.264
mdot_h2: 8.51 g/s
Reynolds_number: 11,112,677
Stack prop output power: 334 kW, Pcomp: 3.0 kW
Cell efficiency: 0.281, Output efficiency: 0.264
mdot_h2: 8.51 g/s
Reynolds_number: 11,112,677
Stack prop output power: 334 kW, Pcomp: 17.2 kW
Cell efficiency: 0.300, Output efficiency: 0.271
mdot_h2: 8.31 g/s

-----------------------
ptotal_climb: 1,184 kW, mtom_est: 4,560 kg, mtom: 4,462 kg, residual: +98.00 kg

MTOM update: newton, relax=0.300 -> mtom_next=4,538.96 kg

======================================================
======================= ITER 3 =======================
Reynolds_number: 11,112,677
Stack prop output power: 457 kW, Pcomp: 23.6 kW
Cell efficiency: 0.300, Output efficiency: 0.271
mdot_h2: 11.36 g/s
Reynolds_number: 11,112,677
Stack prop output power: 457 kW, Pcomp: 23.6 kW
Cell efficiency: 0.300, Output efficiency: 0.271
mdot_h2: 11.36 g/s
Reynolds_number: 11,112,677
Stack prop output power: 340 kW, Pcomp: 3.1 kW
Cell efficiency: 0.281, Output efficiency: 0.264
mdot_h2: 8.66 g/s
Reynolds_number: 11,112,677
Stack prop output power: 340 kW, Pcomp: 3.1 kW
Cell efficiency: 0.281, Output efficiency: 0.264
mdot_h2: 8.66 g/s
Reynolds_number: 11,112,677
Stack prop output power: 340 kW, Pcomp: 17.5 kW
Cell efficiency: 0.300, Output efficiency: 0.271
mdot_h2: 8.45 g/s

-----------------------
ptotal_climb: 1,204 kW, mtom_est: 4,607 kg, mtom: 4,539 kg, residual: +68.18 kg

MTOM update: newton, relax=0.360 -> mtom_next=4,602.05 kg

======================================================
======================= ITER 4 =======================
Reynolds_number: 11,112,677
Stack prop output power: 463 kW, Pcomp: 23.9 kW
Cell efficiency: 0.300, Output efficiency: 0.271
mdot_h2: 11.52 g/s
Reynolds_number: 11,112,677
Stack prop output power: 463 kW, Pcomp: 23.9 kW
Cell efficiency: 0.300, Output efficiency: 0.271
mdot_h2: 11.52 g/s
Reynolds_number: 11,112,677
Stack prop output power: 345 kW, Pcomp: 3.1 kW
Cell efficiency: 0.281, Output efficiency: 0.264
mdot_h2: 8.78 g/s
Reynolds_number: 11,112,677
Stack prop output power: 345 kW, Pcomp: 3.1 kW
Cell efficiency: 0.281, Output efficiency: 0.264
mdot_h2: 8.78 g/s
Reynolds_number: 11,112,677
Stack prop output power: 345 kW, Pcomp: 17.8 kW
Cell efficiency: 0.300, Output efficiency: 0.271
mdot_h2: 8.57 g/s

-----------------------
ptotal_climb: 1,221 kW, mtom_est: 4,646 kg, mtom: 4,602 kg, residual: +43.97 kg

MTOM update: newton, relax=0.432 -> mtom_next=4,651.54 kg

======================================================
======================= ITER 5 =======================
Reynolds_number: 11,112,677
Stack prop output power: 468 kW, Pcomp: 24.1 kW
Cell efficiency: 0.300, Output efficiency: 0.271
mdot_h2: 11.64 g/s
Reynolds_number: 11,112,677
Stack prop output power: 468 kW, Pcomp: 24.1 kW
Cell efficiency: 0.300, Output efficiency: 0.271
mdot_h2: 11.64 g/s
Reynolds_number: 11,112,677
Stack prop output power: 348 kW, Pcomp: 3.1 kW
Cell efficiency: 0.281, Output efficiency: 0.264
mdot_h2: 8.87 g/s
Reynolds_number: 11,112,677
Stack prop output power: 348 kW, Pcomp: 3.1 kW
Cell efficiency: 0.281, Output efficiency: 0.264
mdot_h2: 8.87 g/s
Reynolds_number: 11,112,677
Stack prop output power: 348 kW, Pcomp: 18.0 kW
Cell efficiency: 0.300, Output efficiency: 0.271
mdot_h2: 8.66 g/s

-----------------------
ptotal_climb: 1,234 kW, mtom_est: 4,677 kg, mtom: 4,652 kg, residual: +25.37 kg

MTOM update: newton, relax=0.518 -> mtom_next=4,686.55 kg

======================================================
======================= ITER 6 =======================
Reynolds_number: 11,112,677
Stack prop output power: 472 kW, Pcomp: 24.3 kW
Cell efficiency: 0.300, Output efficiency: 0.271
mdot_h2: 11.73 g/s
Reynolds_number: 11,112,677
Stack prop output power: 472 kW, Pcomp: 24.3 kW
Cell efficiency: 0.300, Output efficiency: 0.271
mdot_h2: 11.73 g/s
Reynolds_number: 11,112,677
Stack prop output power: 351 kW, Pcomp: 3.2 kW
Cell efficiency: 0.281, Output efficiency: 0.264
mdot_h2: 8.94 g/s
Reynolds_number: 11,112,677
Stack prop output power: 351 kW, Pcomp: 3.2 kW
Cell efficiency: 0.281, Output efficiency: 0.264
mdot_h2: 8.94 g/s
Reynolds_number: 11,112,677
Stack prop output power: 351 kW, Pcomp: 18.1 kW
Cell efficiency: 0.300, Output efficiency: 0.271
mdot_h2: 8.73 g/s

-----------------------
ptotal_climb: 1,243 kW, mtom_est: 4,698 kg, mtom: 4,687 kg, residual: +11.87 kg

MTOM update: newton, relax=0.622 -> mtom_next=4,705.68 kg

======================================================
======================= ITER 7 =======================
Reynolds_number: 11,112,677
Stack prop output power: 474 kW, Pcomp: 24.4 kW
Cell efficiency: 0.300, Output efficiency: 0.271
mdot_h2: 11.78 g/s
Reynolds_number: 11,112,677
Stack prop output power: 474 kW, Pcomp: 24.4 kW
Cell efficiency: 0.300, Output efficiency: 0.271
mdot_h2: 11.78 g/s
Reynolds_number: 11,112,677
Stack prop output power: 352 kW, Pcomp: 3.2 kW
Cell efficiency: 0.281, Output efficiency: 0.264
mdot_h2: 8.98 g/s
Reynolds_number: 11,112,677
Stack prop output power: 352 kW, Pcomp: 3.2 kW
Cell efficiency: 0.281, Output efficiency: 0.264
mdot_h2: 8.98 g/s
Reynolds_number: 11,112,677
Stack prop output power: 352 kW, Pcomp: 18.2 kW
Cell efficiency: 0.300, Output efficiency: 0.271
mdot_h2: 8.76 g/s

-----------------------
ptotal_climb: 1,248 kW, mtom_est: 4,711 kg, mtom: 4,706 kg, residual: +4.89 kg

Reynolds_number: 11,112,677
Stack prop output power: 474 kW, Pcomp: 24.4 kW
Cell efficiency: 0.300, Output efficiency: 0.271
mdot_h2: 11.78 g/s
Reynolds_number: 11,112,677
Stack prop output power: 474 kW, Pcomp: 24.4 kW
Cell efficiency: 0.300, Output efficiency: 0.271
mdot_h2: 11.78 g/s
Reynolds_number: 6,709,346
Stack prop output power: 352 kW, Pcomp: 3.1 kW
Cell efficiency: 0.305, Output efficiency: 0.287
mdot_h2: 8.27 g/s
Reynolds_number: 6,709,346
Stack prop output power: 352 kW, Pcomp: 3.1 kW
Cell efficiency: 0.305, Output efficiency: 0.287
mdot_h2: 8.27 g/s

CONVERGED
======================================================
======================= ITER 1 =======================
Reynolds_number: 11,112,677
Stack prop output power: 473 kW, Pcomp: 24.4 kW
Cell efficiency: 0.300, Output efficiency: 0.271
mdot_h2: 11.77 g/s
Reynolds_number: 11,112,677
Stack prop output power: 473 kW, Pcomp: 24.4 kW
Cell efficiency: 0.300, Output efficiency: 0.271
mdot_h2: 11.77 g/s
Reynolds_number: 11,112,677
Stack prop output power: 352 kW, Pcomp: 3.2 kW
Cell efficiency: 0.281, Output efficiency: 0.264
mdot_h2: 8.97 g/s
Reynolds_number: 11,112,677
Stack prop output power: 352 kW, Pcomp: 18.2 kW
Cell efficiency: 0.300, Output efficiency: 0.271
mdot_h2: 8.76 g/s

-----------------------
ptotal_climb: 1,248 kW, mtom_est: 4,704 kg, mtom: 4,711 kg, residual: -6.19 kg

MTOM update: initial_bracket_probe_1, relax=1.000 -> mtom_next=4,427.94 kg

======================================================
======================= ITER 2 =======================
Reynolds_number: 11,112,677
Stack prop output power: 445 kW, Pcomp: 23.0 kW
Cell efficiency: 0.300, Output efficiency: 0.271
mdot_h2: 11.07 g/s
Reynolds_number: 11,112,677
Stack prop output power: 445 kW, Pcomp: 23.0 kW
Cell efficiency: 0.300, Output efficiency: 0.271
mdot_h2: 11.07 g/s
Reynolds_number: 11,112,677
Stack prop output power: 331 kW, Pcomp: 3.0 kW
Cell efficiency: 0.281, Output efficiency: 0.264
mdot_h2: 8.43 g/s
Reynolds_number: 11,112,677
Stack prop output power: 331 kW, Pcomp: 3.0 kW
Cell efficiency: 0.281, Output efficiency: 0.264
mdot_h2: 8.43 g/s
Reynolds_number: 11,112,677
Stack prop output power: 331 kW, Pcomp: 17.1 kW
Cell efficiency: 0.300, Output efficiency: 0.271
mdot_h2: 8.24 g/s

-----------------------
ptotal_climb: 1,173 kW, mtom_est: 4,530 kg, mtom: 4,428 kg, residual: +102.00 kg

MTOM update: newton, relax=0.300 -> mtom_next=4,507.88 kg

======================================================
======================= ITER 3 =======================
Reynolds_number: 11,112,677
Stack prop output power: 453 kW, Pcomp: 23.4 kW
Cell efficiency: 0.300, Output efficiency: 0.271
mdot_h2: 11.26 g/s
Reynolds_number: 11,112,677
Stack prop output power: 453 kW, Pcomp: 23.4 kW
Cell efficiency: 0.300, Output efficiency: 0.271
mdot_h2: 11.26 g/s
Reynolds_number: 11,112,677
Stack prop output power: 337 kW, Pcomp: 3.0 kW
Cell efficiency: 0.281, Output efficiency: 0.264
mdot_h2: 8.59 g/s
Reynolds_number: 11,112,677
Stack prop output power: 337 kW, Pcomp: 3.0 kW
Cell efficiency: 0.281, Output efficiency: 0.264
mdot_h2: 8.59 g/s
Reynolds_number: 11,112,677
Stack prop output power: 337 kW, Pcomp: 17.4 kW
Cell efficiency: 0.300, Output efficiency: 0.271
mdot_h2: 8.38 g/s

-----------------------
ptotal_climb: 1,194 kW, mtom_est: 4,579 kg, mtom: 4,508 kg, residual: +71.49 kg

MTOM update: newton, relax=0.360 -> mtom_next=4,575.30 kg

======================================================
======================= ITER 4 =======================
Reynolds_number: 11,112,677
Stack prop output power: 460 kW, Pcomp: 23.7 kW
Cell efficiency: 0.300, Output efficiency: 0.271
mdot_h2: 11.43 g/s
Reynolds_number: 11,112,677
Stack prop output power: 460 kW, Pcomp: 23.7 kW
Cell efficiency: 0.300, Output efficiency: 0.271
mdot_h2: 11.43 g/s
Reynolds_number: 11,112,677
Stack prop output power: 342 kW, Pcomp: 3.1 kW
Cell efficiency: 0.281, Output efficiency: 0.264
mdot_h2: 8.72 g/s
Reynolds_number: 11,112,677
Stack prop output power: 342 kW, Pcomp: 3.1 kW
Cell efficiency: 0.281, Output efficiency: 0.264
mdot_h2: 8.72 g/s
Reynolds_number: 11,112,677
Stack prop output power: 342 kW, Pcomp: 17.7 kW
Cell efficiency: 0.300, Output efficiency: 0.271
mdot_h2: 8.51 g/s

-----------------------
ptotal_climb: 1,212 kW, mtom_est: 4,621 kg, mtom: 4,575 kg, residual: +45.33 kg

MTOM update: newton, relax=0.432 -> mtom_next=4,625.78 kg

======================================================
======================= ITER 5 =======================
Reynolds_number: 11,112,677
Stack prop output power: 465 kW, Pcomp: 24.0 kW
Cell efficiency: 0.300, Output efficiency: 0.271
mdot_h2: 11.56 g/s
Reynolds_number: 11,112,677
Stack prop output power: 465 kW, Pcomp: 24.0 kW
Cell efficiency: 0.300, Output efficiency: 0.271
mdot_h2: 11.56 g/s
Reynolds_number: 11,112,677
Stack prop output power: 346 kW, Pcomp: 3.1 kW
Cell efficiency: 0.281, Output efficiency: 0.264
mdot_h2: 8.81 g/s
Reynolds_number: 11,112,677
Stack prop output power: 346 kW, Pcomp: 3.1 kW
Cell efficiency: 0.281, Output efficiency: 0.264
mdot_h2: 8.81 g/s
Reynolds_number: 11,112,677
Stack prop output power: 346 kW, Pcomp: 17.8 kW
Cell efficiency: 0.300, Output efficiency: 0.271
mdot_h2: 8.60 g/s

-----------------------
ptotal_climb: 1,225 kW, mtom_est: 4,652 kg, mtom: 4,626 kg, residual: +26.21 kg

MTOM update: newton, relax=0.518 -> mtom_next=4,661.64 kg

======================================================
======================= ITER 6 =======================
Reynolds_number: 11,112,677
Stack prop output power: 469 kW, Pcomp: 24.2 kW
Cell efficiency: 0.300, Output efficiency: 0.271
mdot_h2: 11.65 g/s
Reynolds_number: 11,112,677
Stack prop output power: 469 kW, Pcomp: 24.2 kW
Cell efficiency: 0.300, Output efficiency: 0.271
mdot_h2: 11.65 g/s
Reynolds_number: 11,112,677
Stack prop output power: 349 kW, Pcomp: 3.1 kW
Cell efficiency: 0.281, Output efficiency: 0.264
mdot_h2: 8.88 g/s
Reynolds_number: 11,112,677
Stack prop output power: 349 kW, Pcomp: 3.1 kW
Cell efficiency: 0.281, Output efficiency: 0.264
mdot_h2: 8.88 g/s
Reynolds_number: 11,112,677
Stack prop output power: 349 kW, Pcomp: 18.0 kW
Cell efficiency: 0.300, Output efficiency: 0.271
mdot_h2: 8.67 g/s

-----------------------
ptotal_climb: 1,235 kW, mtom_est: 4,674 kg, mtom: 4,662 kg, residual: +12.27 kg

MTOM update: newton, relax=0.622 -> mtom_next=4,681.26 kg

======================================================
======================= ITER 7 =======================
Reynolds_number: 11,112,677
Stack prop output power: 471 kW, Pcomp: 24.3 kW
Cell efficiency: 0.300, Output efficiency: 0.271
mdot_h2: 11.70 g/s
Reynolds_number: 11,112,677
Stack prop output power: 471 kW, Pcomp: 24.3 kW
Cell efficiency: 0.300, Output efficiency: 0.271
mdot_h2: 11.70 g/s
Reynolds_number: 11,112,677
Stack prop output power: 350 kW, Pcomp: 3.1 kW
Cell efficiency: 0.281, Output efficiency: 0.264
mdot_h2: 8.92 g/s
Reynolds_number: 11,112,677
Stack prop output power: 350 kW, Pcomp: 3.1 kW
Cell efficiency: 0.281, Output efficiency: 0.264
mdot_h2: 8.92 g/s
Reynolds_number: 11,112,677
Stack prop output power: 350 kW, Pcomp: 18.1 kW
Cell efficiency: 0.300, Output efficiency: 0.271
mdot_h2: 8.71 g/s

-----------------------
ptotal_climb: 1,240 kW, mtom_est: 4,686 kg, mtom: 4,681 kg, residual: +5.04 kg

MTOM update: newton, relax=0.746 -> mtom_next=4,691.47 kg

======================================================
======================= ITER 8 =======================
Reynolds_number: 11,112,677
Stack prop output power: 472 kW, Pcomp: 24.3 kW
Cell efficiency: 0.300, Output efficiency: 0.271
mdot_h2: 11.72 g/s
Reynolds_number: 11,112,677
Stack prop output power: 472 kW, Pcomp: 24.3 kW
Cell efficiency: 0.300, Output efficiency: 0.271
mdot_h2: 11.72 g/s
Reynolds_number: 11,112,677
Stack prop output power: 351 kW, Pcomp: 3.2 kW
Cell efficiency: 0.281, Output efficiency: 0.264
mdot_h2: 8.94 g/s
Reynolds_number: 11,112,677
Stack prop output power: 351 kW, Pcomp: 3.2 kW
Cell efficiency: 0.281, Output efficiency: 0.264
mdot_h2: 8.94 g/s
Reynolds_number: 11,112,677
Stack prop output power: 351 kW, Pcomp: 18.1 kW
Cell efficiency: 0.300, Output efficiency: 0.271
mdot_h2: 8.73 g/s

-----------------------
ptotal_climb: 1,243 kW, mtom_est: 4,695 kg, mtom: 4,691 kg, residual: +3.27 kg

Reynolds_number: 11,112,677
Stack prop output power: 472 kW, Pcomp: 24.3 kW
Cell efficiency: 0.300, Output efficiency: 0.271
mdot_h2: 11.72 g/s
Reynolds_number: 11,112,677
Stack prop output power: 472 kW, Pcomp: 24.3 kW
Cell efficiency: 0.300, Output efficiency: 0.271
mdot_h2: 11.72 g/s
Reynolds_number: 6,709,346
Stack prop output power: 351 kW, Pcomp: 3.1 kW
Cell efficiency: 0.305, Output efficiency: 0.287
mdot_h2: 8.23 g/s
Reynolds_number: 6,709,346
Stack prop output power: 351 kW, Pcomp: 3.1 kW
Cell efficiency: 0.305, Output efficiency: 0.287
mdot_h2: 8.23 g/s

CONVERGED
======================================================
======================= ITER 1 =======================
Reynolds_number: 11,112,677
Stack prop output power: 471 kW, Pcomp: 24.3 kW
Cell efficiency: 0.300, Output efficiency: 0.271
mdot_h2: 11.72 g/s
Reynolds_number: 11,112,677
Stack prop output power: 471 kW, Pcomp: 24.3 kW
Cell efficiency: 0.300, Output efficiency: 0.271
mdot_h2: 11.72 g/s
Reynolds_number: 11,112,677
Stack prop output power: 351 kW, Pcomp: 3.2 kW
Cell efficiency: 0.281, Output efficiency: 0.264
mdot_h2: 8.93 g/s
Reynolds_number: 11,112,677
Stack prop output power: 351 kW, Pcomp: 18.1 kW
Cell efficiency: 0.300, Output efficiency: 0.271
mdot_h2: 8.72 g/s

-----------------------
ptotal_climb: 1,242 kW, mtom_est: 4,686 kg, mtom: 4,695 kg, residual: -8.74 kg

MTOM update: initial_bracket_probe_1, relax=1.000 -> mtom_next=4,413.05 kg

======================================================
======================= ITER 2 =======================
Reynolds_number: 11,112,677
Stack prop output power: 443 kW, Pcomp: 22.8 kW
Cell efficiency: 0.300, Output efficiency: 0.271
mdot_h2: 11.02 g/s
Reynolds_number: 11,112,677
Stack prop output power: 443 kW, Pcomp: 22.8 kW
Cell efficiency: 0.300, Output efficiency: 0.271
mdot_h2: 11.02 g/s
Reynolds_number: 11,112,677
Stack prop output power: 330 kW, Pcomp: 3.0 kW
Cell efficiency: 0.281, Output efficiency: 0.264
mdot_h2: 8.40 g/s
Reynolds_number: 11,112,677
Stack prop output power: 330 kW, Pcomp: 3.0 kW
Cell efficiency: 0.281, Output efficiency: 0.264
mdot_h2: 8.40 g/s
Reynolds_number: 11,112,677
Stack prop output power: 330 kW, Pcomp: 17.0 kW
Cell efficiency: 0.300, Output efficiency: 0.271
mdot_h2: 8.20 g/s

-----------------------
ptotal_climb: 1,168 kW, mtom_est: 4,514 kg, mtom: 4,413 kg, residual: +100.53 kg

MTOM update: newton, relax=0.300 -> mtom_next=4,490.80 kg

======================================================
======================= ITER 3 =======================
Reynolds_number: 11,112,677
Stack prop output power: 451 kW, Pcomp: 23.3 kW
Cell efficiency: 0.300, Output efficiency: 0.271
mdot_h2: 11.21 g/s
Reynolds_number: 11,112,677
Stack prop output power: 451 kW, Pcomp: 23.3 kW
Cell efficiency: 0.300, Output efficiency: 0.271
mdot_h2: 11.21 g/s
Reynolds_number: 11,112,677
Stack prop output power: 336 kW, Pcomp: 3.0 kW
Cell efficiency: 0.281, Output efficiency: 0.264
mdot_h2: 8.54 g/s
Reynolds_number: 11,112,677
Stack prop output power: 336 kW, Pcomp: 3.0 kW
Cell efficiency: 0.281, Output efficiency: 0.264
mdot_h2: 8.54 g/s
Reynolds_number: 11,112,677
Stack prop output power: 336 kW, Pcomp: 17.3 kW
Cell efficiency: 0.300, Output efficiency: 0.271
mdot_h2: 8.34 g/s

-----------------------
ptotal_climb: 1,188 kW, mtom_est: 4,561 kg, mtom: 4,491 kg, residual: +69.90 kg

MTOM update: newton, relax=0.360 -> mtom_next=4,554.68 kg

======================================================
======================= ITER 4 =======================
Reynolds_number: 11,112,677
Stack prop output power: 457 kW, Pcomp: 23.6 kW
Cell efficiency: 0.300, Output efficiency: 0.271
mdot_h2: 11.37 g/s
Reynolds_number: 11,112,677
Stack prop output power: 457 kW, Pcomp: 23.6 kW
Cell efficiency: 0.300, Output efficiency: 0.271
mdot_h2: 11.37 g/s
Reynolds_number: 11,112,677
Stack prop output power: 340 kW, Pcomp: 3.1 kW
Cell efficiency: 0.281, Output efficiency: 0.264
mdot_h2: 8.67 g/s
Reynolds_number: 11,112,677
Stack prop output power: 340 kW, Pcomp: 3.1 kW
Cell efficiency: 0.281, Output efficiency: 0.264
mdot_h2: 8.67 g/s
Reynolds_number: 11,112,677
Stack prop output power: 340 kW, Pcomp: 17.6 kW
Cell efficiency: 0.300, Output efficiency: 0.271
mdot_h2: 8.46 g/s

-----------------------
ptotal_climb: 1,205 kW, mtom_est: 4,600 kg, mtom: 4,555 kg, residual: +45.07 kg

MTOM update: newton, relax=0.432 -> mtom_next=4,604.76 kg

======================================================
======================= ITER 5 =======================
Reynolds_number: 11,112,677
Stack prop output power: 462 kW, Pcomp: 23.8 kW
Cell efficiency: 0.300, Output efficiency: 0.271
mdot_h2: 11.49 g/s
Reynolds_number: 11,112,677
Stack prop output power: 462 kW, Pcomp: 23.8 kW
Cell efficiency: 0.300, Output efficiency: 0.271
mdot_h2: 11.49 g/s
Reynolds_number: 11,112,677
Stack prop output power: 344 kW, Pcomp: 3.1 kW
Cell efficiency: 0.281, Output efficiency: 0.264
mdot_h2: 8.76 g/s
Reynolds_number: 11,112,677
Stack prop output power: 344 kW, Pcomp: 3.1 kW
Cell efficiency: 0.281, Output efficiency: 0.264
mdot_h2: 8.76 g/s
Reynolds_number: 11,112,677
Stack prop output power: 344 kW, Pcomp: 17.7 kW
Cell efficiency: 0.300, Output efficiency: 0.271
mdot_h2: 8.55 g/s

-----------------------
ptotal_climb: 1,219 kW, mtom_est: 4,631 kg, mtom: 4,605 kg, residual: +26.00 kg

MTOM update: newton, relax=0.518 -> mtom_next=4,640.14 kg

======================================================
======================= ITER 6 =======================
Reynolds_number: 11,112,677
Stack prop output power: 466 kW, Pcomp: 24.0 kW
Cell efficiency: 0.300, Output efficiency: 0.271
mdot_h2: 11.58 g/s
Reynolds_number: 11,112,677
Stack prop output power: 466 kW, Pcomp: 24.0 kW
Cell efficiency: 0.300, Output efficiency: 0.271
mdot_h2: 11.58 g/s
Reynolds_number: 11,112,677
Stack prop output power: 347 kW, Pcomp: 3.1 kW
Cell efficiency: 0.281, Output efficiency: 0.264
mdot_h2: 8.83 g/s
Reynolds_number: 11,112,677
Stack prop output power: 347 kW, Pcomp: 3.1 kW
Cell efficiency: 0.281, Output efficiency: 0.264
mdot_h2: 8.83 g/s
Reynolds_number: 11,112,677
Stack prop output power: 347 kW, Pcomp: 17.9 kW
Cell efficiency: 0.300, Output efficiency: 0.271
mdot_h2: 8.62 g/s

-----------------------
ptotal_climb: 1,228 kW, mtom_est: 4,652 kg, mtom: 4,640 kg, residual: +12.17 kg

MTOM update: newton, relax=0.622 -> mtom_next=4,659.52 kg

======================================================
======================= ITER 7 =======================
Reynolds_number: 11,112,677
Stack prop output power: 468 kW, Pcomp: 24.1 kW
Cell efficiency: 0.300, Output efficiency: 0.271
mdot_h2: 11.63 g/s
Reynolds_number: 11,112,677
Stack prop output power: 468 kW, Pcomp: 24.1 kW
Cell efficiency: 0.300, Output efficiency: 0.271
mdot_h2: 11.63 g/s
Reynolds_number: 11,112,677
Stack prop output power: 348 kW, Pcomp: 3.1 kW
Cell efficiency: 0.281, Output efficiency: 0.264
mdot_h2: 8.87 g/s
Reynolds_number: 11,112,677
Stack prop output power: 348 kW, Pcomp: 3.1 kW
Cell efficiency: 0.281, Output efficiency: 0.264
mdot_h2: 8.87 g/s
Reynolds_number: 11,112,677
Stack prop output power: 348 kW, Pcomp: 18.0 kW
Cell efficiency: 0.300, Output efficiency: 0.271
mdot_h2: 8.66 g/s

-----------------------
ptotal_climb: 1,233 kW, mtom_est: 4,665 kg, mtom: 4,660 kg, residual: +5.00 kg

Reynolds_number: 11,112,677
Stack prop output power: 468 kW, Pcomp: 24.1 kW
Cell efficiency: 0.300, Output efficiency: 0.271
mdot_h2: 11.63 g/s
Reynolds_number: 11,112,677
Stack prop output power: 468 kW, Pcomp: 24.1 kW
Cell efficiency: 0.300, Output efficiency: 0.271
mdot_h2: 11.63 g/s
Reynolds_number: 6,709,346
Stack prop output power: 348 kW, Pcomp: 3.0 kW
Cell efficiency: 0.305, Output efficiency: 0.287
mdot_h2: 8.16 g/s
Reynolds_number: 6,709,346
Stack prop output power: 348 kW, Pcomp: 3.0 kW
Cell efficiency: 0.305, Output efficiency: 0.287
mdot_h2: 8.16 g/s

CONVERGED
======================================================
======================= ITER 1 =======================
Reynolds_number: 11,112,677
Stack prop output power: 468 kW, Pcomp: 24.1 kW
Cell efficiency: 0.300, Output efficiency: 0.271
mdot_h2: 11.63 g/s
Reynolds_number: 11,112,677
Stack prop output power: 468 kW, Pcomp: 24.1 kW
Cell efficiency: 0.300, Output efficiency: 0.271
mdot_h2: 11.63 g/s
Reynolds_number: 11,112,677
Stack prop output power: 348 kW, Pcomp: 3.1 kW
Cell efficiency: 0.281, Output efficiency: 0.264
mdot_h2: 8.87 g/s
Reynolds_number: 11,112,677
Stack prop output power: 348 kW, Pcomp: 18.0 kW
Cell efficiency: 0.300, Output efficiency: 0.271
mdot_h2: 8.66 g/s

-----------------------
ptotal_climb: 1,233 kW, mtom_est: 4,660 kg, mtom: 4,665 kg, residual: -4.46 kg

Reynolds_number: 11,112,677
Stack prop output power: 468 kW, Pcomp: 24.1 kW
Cell efficiency: 0.300, Output efficiency: 0.271
mdot_h2: 11.63 g/s
Reynolds_number: 11,112,677
Stack prop output power: 468 kW, Pcomp: 24.1 kW
Cell efficiency: 0.300, Output efficiency: 0.271
mdot_h2: 11.63 g/s
Reynolds_number: 6,709,346
Stack prop output power: 348 kW, Pcomp: 3.0 kW
Cell efficiency: 0.305, Output efficiency: 0.287
mdot_h2: 8.17 g/s
Reynolds_number: 6,709,346
Stack prop output power: 348 kW, Pcomp: 3.0 kW
Cell efficiency: 0.305, Output efficiency: 0.287
mdot_h2: 8.17 g/s

CONVERGED
======================================================
======================= ITER 1 =======================
Reynolds_number: 11,112,677
Stack prop output power: 467 kW, Pcomp: 24.1 kW
Cell efficiency: 0.300, Output efficiency: 0.271
mdot_h2: 11.61 g/s
Reynolds_number: 11,112,677
Stack prop output power: 467 kW, Pcomp: 24.1 kW
Cell efficiency: 0.300, Output efficiency: 0.271
mdot_h2: 11.61 g/s
Reynolds_number: 11,112,677
Stack prop output power: 348 kW, Pcomp: 3.1 kW
Cell efficiency: 0.281, Output efficiency: 0.264
mdot_h2: 8.85 g/s
Reynolds_number: 11,112,677
Stack prop output power: 348 kW, Pcomp: 3.1 kW
Cell efficiency: 0.281, Output efficiency: 0.264
mdot_h2: 8.85 g/s
Reynolds_number: 11,112,677
Stack prop output power: 348 kW, Pcomp: 17.9 kW
Cell efficiency: 0.300, Output efficiency: 0.271
mdot_h2: 8.64 g/s

-----------------------
ptotal_climb: 1,231 kW, mtom_est: 4,651 kg, mtom: 4,660 kg, residual: -9.27 kg

MTOM update: initial_bracket_probe_1, relax=1.000 -> mtom_next=4,380.46 kg

======================================================
======================= ITER 2 =======================
Reynolds_number: 11,112,677
Stack prop output power: 439 kW, Pcomp: 22.6 kW
Cell efficiency: 0.300, Output efficiency: 0.271
mdot_h2: 10.92 g/s
Reynolds_number: 11,112,677
Stack prop output power: 439 kW, Pcomp: 22.6 kW
Cell efficiency: 0.300, Output efficiency: 0.271
mdot_h2: 10.92 g/s
Reynolds_number: 11,112,677
Stack prop output power: 327 kW, Pcomp: 2.9 kW
Cell efficiency: 0.281, Output efficiency: 0.264
mdot_h2: 8.32 g/s
Reynolds_number: 11,112,677
Stack prop output power: 327 kW, Pcomp: 2.9 kW
Cell efficiency: 0.281, Output efficiency: 0.264
mdot_h2: 8.32 g/s
Reynolds_number: 11,112,677
Stack prop output power: 327 kW, Pcomp: 16.9 kW
Cell efficiency: 0.300, Output efficiency: 0.271
mdot_h2: 8.13 g/s

-----------------------
ptotal_climb: 1,157 kW, mtom_est: 4,480 kg, mtom: 4,380 kg, residual: +99.35 kg

MTOM update: newton, relax=0.300 -> mtom_next=4,457.18 kg

======================================================
======================= ITER 3 =======================
Reynolds_number: 11,112,677
Stack prop output power: 447 kW, Pcomp: 23.0 kW
Cell efficiency: 0.300, Output efficiency: 0.271
mdot_h2: 11.11 g/s
Reynolds_number: 11,112,677
Stack prop output power: 447 kW, Pcomp: 23.0 kW
Cell efficiency: 0.300, Output efficiency: 0.271
mdot_h2: 11.11 g/s
Reynolds_number: 11,112,677
Stack prop output power: 333 kW, Pcomp: 3.0 kW
Cell efficiency: 0.281, Output efficiency: 0.264
mdot_h2: 8.47 g/s
Reynolds_number: 11,112,677
Stack prop output power: 333 kW, Pcomp: 3.0 kW
Cell efficiency: 0.281, Output efficiency: 0.264
mdot_h2: 8.47 g/s
Reynolds_number: 11,112,677
Stack prop output power: 333 kW, Pcomp: 17.1 kW
Cell efficiency: 0.300, Output efficiency: 0.271
mdot_h2: 8.27 g/s

-----------------------
ptotal_climb: 1,178 kW, mtom_est: 4,527 kg, mtom: 4,457 kg, residual: +69.71 kg

MTOM update: newton, relax=0.360 -> mtom_next=4,522.13 kg

======================================================
======================= ITER 4 =======================
Reynolds_number: 11,112,677
Stack prop output power: 453 kW, Pcomp: 23.4 kW
Cell efficiency: 0.300, Output efficiency: 0.271
mdot_h2: 11.27 g/s
Reynolds_number: 11,112,677
Stack prop output power: 453 kW, Pcomp: 23.4 kW
Cell efficiency: 0.300, Output efficiency: 0.271
mdot_h2: 11.27 g/s
Reynolds_number: 11,112,677
Stack prop output power: 337 kW, Pcomp: 3.0 kW
Cell efficiency: 0.281, Output efficiency: 0.264
mdot_h2: 8.59 g/s
Reynolds_number: 11,112,677
Stack prop output power: 337 kW, Pcomp: 3.0 kW
Cell efficiency: 0.281, Output efficiency: 0.264
mdot_h2: 8.59 g/s
Reynolds_number: 11,112,677
Stack prop output power: 337 kW, Pcomp: 17.4 kW
Cell efficiency: 0.300, Output efficiency: 0.271
mdot_h2: 8.39 g/s

-----------------------
ptotal_climb: 1,195 kW, mtom_est: 4,566 kg, mtom: 4,522 kg, residual: +44.19 kg

MTOM update: newton, relax=0.432 -> mtom_next=4,570.71 kg

======================================================
======================= ITER 5 =======================
Reynolds_number: 11,112,677
Stack prop output power: 458 kW, Pcomp: 23.6 kW
Cell efficiency: 0.300, Output efficiency: 0.271
mdot_h2: 11.39 g/s
Reynolds_number: 11,112,677
Stack prop output power: 458 kW, Pcomp: 23.6 kW
Cell efficiency: 0.300, Output efficiency: 0.271
mdot_h2: 11.39 g/s
Reynolds_number: 11,112,677
Stack prop output power: 341 kW, Pcomp: 3.1 kW
Cell efficiency: 0.281, Output efficiency: 0.264
mdot_h2: 8.68 g/s
Reynolds_number: 11,112,677
Stack prop output power: 341 kW, Pcomp: 3.1 kW
Cell efficiency: 0.281, Output efficiency: 0.264
mdot_h2: 8.68 g/s
Reynolds_number: 11,112,677
Stack prop output power: 341 kW, Pcomp: 17.6 kW
Cell efficiency: 0.300, Output efficiency: 0.271
mdot_h2: 8.48 g/s

-----------------------
ptotal_climb: 1,208 kW, mtom_est: 4,596 kg, mtom: 4,571 kg, residual: +25.55 kg

MTOM update: newton, relax=0.518 -> mtom_next=4,605.24 kg

======================================================
======================= ITER 6 =======================
Reynolds_number: 11,112,677
Stack prop output power: 462 kW, Pcomp: 23.8 kW
Cell efficiency: 0.300, Output efficiency: 0.271
mdot_h2: 11.48 g/s
Reynolds_number: 11,112,677
Stack prop output power: 462 kW, Pcomp: 23.8 kW
Cell efficiency: 0.300, Output efficiency: 0.271
mdot_h2: 11.48 g/s
Reynolds_number: 11,112,677
Stack prop output power: 344 kW, Pcomp: 3.1 kW
Cell efficiency: 0.281, Output efficiency: 0.264
mdot_h2: 8.75 g/s
Reynolds_number: 11,112,677
Stack prop output power: 344 kW, Pcomp: 3.1 kW
Cell efficiency: 0.281, Output efficiency: 0.264
mdot_h2: 8.75 g/s
Reynolds_number: 11,112,677
Stack prop output power: 344 kW, Pcomp: 17.7 kW
Cell efficiency: 0.300, Output efficiency: 0.271
mdot_h2: 8.54 g/s

-----------------------
ptotal_climb: 1,217 kW, mtom_est: 4,620 kg, mtom: 4,605 kg, residual: +14.39 kg

MTOM update: newton, relax=0.622 -> mtom_next=4,632.93 kg

======================================================
======================= ITER 7 =======================
Reynolds_number: 11,112,677
Stack prop output power: 464 kW, Pcomp: 24.0 kW
Cell efficiency: 0.300, Output efficiency: 0.271
mdot_h2: 11.55 g/s
Reynolds_number: 11,112,677
Stack prop output power: 464 kW, Pcomp: 24.0 kW
Cell efficiency: 0.300, Output efficiency: 0.271
mdot_h2: 11.55 g/s
Reynolds_number: 11,112,677
Stack prop output power: 346 kW, Pcomp: 3.1 kW
Cell efficiency: 0.281, Output efficiency: 0.264
mdot_h2: 8.80 g/s
Reynolds_number: 11,112,677
Stack prop output power: 346 kW, Pcomp: 3.1 kW
Cell efficiency: 0.281, Output efficiency: 0.264
mdot_h2: 8.80 g/s
Reynolds_number: 11,112,677
Stack prop output power: 346 kW, Pcomp: 17.8 kW
Cell efficiency: 0.300, Output efficiency: 0.271
mdot_h2: 8.59 g/s

-----------------------
ptotal_climb: 1,224 kW, mtom_est: 4,634 kg, mtom: 4,633 kg, residual: +1.22 kg

Reynolds_number: 11,112,677
Stack prop output power: 464 kW, Pcomp: 24.0 kW
Cell efficiency: 0.300, Output efficiency: 0.271
mdot_h2: 11.55 g/s
Reynolds_number: 11,112,677
Stack prop output power: 464 kW, Pcomp: 24.0 kW
Cell efficiency: 0.300, Output efficiency: 0.271
mdot_h2: 11.55 g/s
Reynolds_number: 6,709,346
Stack prop output power: 346 kW, Pcomp: 3.0 kW
Cell efficiency: 0.305, Output efficiency: 0.287
mdot_h2: 8.10 g/s
Reynolds_number: 6,709,346
Stack prop output power: 346 kW, Pcomp: 3.0 kW
Cell efficiency: 0.305, Output efficiency: 0.287
mdot_h2: 8.10 g/s

CONVERGED
======================================================
======================= ITER 1 =======================
Reynolds_number: 11,112,677
Stack prop output power: 464 kW, Pcomp: 23.9 kW
Cell efficiency: 0.300, Output efficiency: 0.271
mdot_h2: 11.54 g/s
Reynolds_number: 11,112,677
Stack prop output power: 464 kW, Pcomp: 23.9 kW
Cell efficiency: 0.300, Output efficiency: 0.271
mdot_h2: 11.54 g/s
Reynolds_number: 11,112,677
Stack prop output power: 346 kW, Pcomp: 3.1 kW
Cell efficiency: 0.281, Output efficiency: 0.264
mdot_h2: 8.80 g/s
Reynolds_number: 11,112,677
Stack prop output power: 346 kW, Pcomp: 17.8 kW
Cell efficiency: 0.300, Output efficiency: 0.271
mdot_h2: 8.59 g/s

-----------------------
ptotal_climb: 1,224 kW, mtom_est: 4,629 kg, mtom: 4,634 kg, residual: -5.25 kg

MTOM update: initial_bracket_probe_1, relax=1.000 -> mtom_next=4,356.10 kg

======================================================
======================= ITER 2 =======================
Reynolds_number: 11,112,677
Stack prop output power: 436 kW, Pcomp: 22.5 kW
Cell efficiency: 0.300, Output efficiency: 0.271
mdot_h2: 10.85 g/s
Reynolds_number: 11,112,677
Stack prop output power: 436 kW, Pcomp: 22.5 kW
Cell efficiency: 0.300, Output efficiency: 0.271
mdot_h2: 10.85 g/s
Reynolds_number: 11,112,677
Stack prop output power: 325 kW, Pcomp: 2.9 kW
Cell efficiency: 0.281, Output efficiency: 0.264
mdot_h2: 8.27 g/s
Reynolds_number: 11,112,677
Stack prop output power: 325 kW, Pcomp: 2.9 kW
Cell efficiency: 0.281, Output efficiency: 0.264
mdot_h2: 8.27 g/s
Reynolds_number: 11,112,677
Stack prop output power: 325 kW, Pcomp: 16.8 kW
Cell efficiency: 0.300, Output efficiency: 0.271
mdot_h2: 8.08 g/s

-----------------------
ptotal_climb: 1,151 kW, mtom_est: 4,459 kg, mtom: 4,356 kg, residual: +103.21 kg

MTOM update: newton, relax=0.300 -> mtom_next=4,435.48 kg

======================================================
======================= ITER 3 =======================
Reynolds_number: 11,112,677
Stack prop output power: 444 kW, Pcomp: 22.9 kW
Cell efficiency: 0.300, Output efficiency: 0.271
mdot_h2: 11.05 g/s
Reynolds_number: 11,112,677
Stack prop output power: 444 kW, Pcomp: 22.9 kW
Cell efficiency: 0.300, Output efficiency: 0.271
mdot_h2: 11.05 g/s
Reynolds_number: 11,112,677
Stack prop output power: 331 kW, Pcomp: 3.0 kW
Cell efficiency: 0.281, Output efficiency: 0.264
mdot_h2: 8.42 g/s
Reynolds_number: 11,112,677
Stack prop output power: 331 kW, Pcomp: 3.0 kW
Cell efficiency: 0.281, Output efficiency: 0.264
mdot_h2: 8.42 g/s
Reynolds_number: 11,112,677
Stack prop output power: 331 kW, Pcomp: 17.1 kW
Cell efficiency: 0.300, Output efficiency: 0.271
mdot_h2: 8.22 g/s

-----------------------
ptotal_climb: 1,171 kW, mtom_est: 4,508 kg, mtom: 4,435 kg, residual: +72.31 kg

MTOM update: newton, relax=0.360 -> mtom_next=4,502.35 kg

======================================================
======================= ITER 4 =======================
Reynolds_number: 11,112,677
Stack prop output power: 451 kW, Pcomp: 23.3 kW
Cell efficiency: 0.300, Output efficiency: 0.271
mdot_h2: 11.22 g/s
Reynolds_number: 11,112,677
Stack prop output power: 451 kW, Pcomp: 23.3 kW
Cell efficiency: 0.300, Output efficiency: 0.271
mdot_h2: 11.22 g/s
Reynolds_number: 11,112,677
Stack prop output power: 336 kW, Pcomp: 3.0 kW
Cell efficiency: 0.281, Output efficiency: 0.264
mdot_h2: 8.55 g/s
Reynolds_number: 11,112,677
Stack prop output power: 336 kW, Pcomp: 3.0 kW
Cell efficiency: 0.281, Output efficiency: 0.264
mdot_h2: 8.55 g/s
Reynolds_number: 11,112,677
Stack prop output power: 336 kW, Pcomp: 17.3 kW
Cell efficiency: 0.300, Output efficiency: 0.271
mdot_h2: 8.35 g/s

-----------------------
ptotal_climb: 1,189 kW, mtom_est: 4,548 kg, mtom: 4,502 kg, residual: +45.86 kg

MTOM update: newton, relax=0.432 -> mtom_next=4,552.46 kg

======================================================
======================= ITER 5 =======================
Reynolds_number: 11,112,677
Stack prop output power: 456 kW, Pcomp: 23.5 kW
Cell efficiency: 0.300, Output efficiency: 0.271
mdot_h2: 11.34 g/s
Reynolds_number: 11,112,677
Stack prop output power: 456 kW, Pcomp: 23.5 kW
Cell efficiency: 0.300, Output efficiency: 0.271
mdot_h2: 11.34 g/s
Reynolds_number: 11,112,677
Stack prop output power: 339 kW, Pcomp: 3.1 kW
Cell efficiency: 0.281, Output efficiency: 0.264
mdot_h2: 8.64 g/s
Reynolds_number: 11,112,677
Stack prop output power: 339 kW, Pcomp: 3.1 kW
Cell efficiency: 0.281, Output efficiency: 0.264
mdot_h2: 8.64 g/s
Reynolds_number: 11,112,677
Stack prop output power: 339 kW, Pcomp: 17.5 kW
Cell efficiency: 0.300, Output efficiency: 0.271
mdot_h2: 8.44 g/s

-----------------------
ptotal_climb: 1,202 kW, mtom_est: 4,579 kg, mtom: 4,552 kg, residual: +26.50 kg

MTOM update: newton, relax=0.518 -> mtom_next=4,588.01 kg

======================================================
======================= ITER 6 =======================
Reynolds_number: 11,112,677
Stack prop output power: 460 kW, Pcomp: 23.7 kW
Cell efficiency: 0.300, Output efficiency: 0.271
mdot_h2: 11.43 g/s
Reynolds_number: 11,112,677
Stack prop output power: 460 kW, Pcomp: 23.7 kW
Cell efficiency: 0.300, Output efficiency: 0.271
mdot_h2: 11.43 g/s
Reynolds_number: 11,112,677
Stack prop output power: 342 kW, Pcomp: 3.1 kW
Cell efficiency: 0.281, Output efficiency: 0.264
mdot_h2: 8.71 g/s
Reynolds_number: 11,112,677
Stack prop output power: 342 kW, Pcomp: 3.1 kW
Cell efficiency: 0.281, Output efficiency: 0.264
mdot_h2: 8.71 g/s
Reynolds_number: 11,112,677
Stack prop output power: 342 kW, Pcomp: 17.6 kW
Cell efficiency: 0.300, Output efficiency: 0.271
mdot_h2: 8.51 g/s

-----------------------
ptotal_climb: 1,212 kW, mtom_est: 4,600 kg, mtom: 4,588 kg, residual: +12.41 kg

MTOM update: newton, relax=0.622 -> mtom_next=4,607.49 kg

======================================================
======================= ITER 7 =======================
Reynolds_number: 11,112,677
Stack prop output power: 462 kW, Pcomp: 23.8 kW
Cell efficiency: 0.300, Output efficiency: 0.271
mdot_h2: 11.48 g/s
Reynolds_number: 11,112,677
Stack prop output power: 462 kW, Pcomp: 23.8 kW
Cell efficiency: 0.300, Output efficiency: 0.271
mdot_h2: 11.48 g/s
Reynolds_number: 11,112,677
Stack prop output power: 344 kW, Pcomp: 3.1 kW
Cell efficiency: 0.281, Output efficiency: 0.264
mdot_h2: 8.75 g/s
Reynolds_number: 11,112,677
Stack prop output power: 344 kW, Pcomp: 3.1 kW
Cell efficiency: 0.281, Output efficiency: 0.264
mdot_h2: 8.75 g/s
Reynolds_number: 11,112,677
Stack prop output power: 344 kW, Pcomp: 17.7 kW
Cell efficiency: 0.300, Output efficiency: 0.271
mdot_h2: 8.54 g/s

-----------------------
ptotal_climb: 1,217 kW, mtom_est: 4,613 kg, mtom: 4,607 kg, residual: +5.09 kg

MTOM update: newton, relax=0.746 -> mtom_next=4,617.59 kg

======================================================
======================= ITER 8 =======================
Reynolds_number: 11,112,677
Stack prop output power: 463 kW, Pcomp: 23.9 kW
Cell efficiency: 0.300, Output efficiency: 0.271
mdot_h2: 11.50 g/s
Reynolds_number: 11,112,677
Stack prop output power: 463 kW, Pcomp: 23.9 kW
Cell efficiency: 0.300, Output efficiency: 0.271
mdot_h2: 11.50 g/s
Reynolds_number: 11,112,677
Stack prop output power: 344 kW, Pcomp: 3.1 kW
Cell efficiency: 0.281, Output efficiency: 0.264
mdot_h2: 8.77 g/s
Reynolds_number: 11,112,677
Stack prop output power: 344 kW, Pcomp: 3.1 kW
Cell efficiency: 0.281, Output efficiency: 0.264
mdot_h2: 8.77 g/s
Reynolds_number: 11,112,677
Stack prop output power: 344 kW, Pcomp: 17.8 kW
Cell efficiency: 0.300, Output efficiency: 0.271
mdot_h2: 8.56 g/s

-----------------------
ptotal_climb: 1,220 kW, mtom_est: 4,618 kg, mtom: 4,618 kg, residual: +0.84 kg

Reynolds_number: 11,112,677
Stack prop output power: 463 kW, Pcomp: 23.9 kW
Cell efficiency: 0.300, Output efficiency: 0.271
mdot_h2: 11.50 g/s
Reynolds_number: 11,112,677
Stack prop output power: 463 kW, Pcomp: 23.9 kW
Cell efficiency: 0.300, Output efficiency: 0.271
mdot_h2: 11.50 g/s
Reynolds_number: 6,709,346
Stack prop output power: 344 kW, Pcomp: 3.0 kW
Cell efficiency: 0.305, Output efficiency: 0.287
mdot_h2: 8.07 g/s
Reynolds_number: 6,709,346
Stack prop output power: 344 kW, Pcomp: 3.0 kW
Cell efficiency: 0.305, Output efficiency: 0.287
mdot_h2: 8.07 g/s

CONVERGED
======================================================
======================= ITER 1 =======================
Reynolds_number: 11,112,677
Stack prop output power: 463 kW, Pcomp: 23.9 kW
Cell efficiency: 0.300, Output efficiency: 0.271
mdot_h2: 11.50 g/s
Reynolds_number: 11,112,677
Stack prop output power: 463 kW, Pcomp: 23.9 kW
Cell efficiency: 0.300, Output efficiency: 0.271
mdot_h2: 11.50 g/s
Reynolds_number: 11,112,677
Stack prop output power: 344 kW, Pcomp: 3.1 kW
Cell efficiency: 0.281, Output efficiency: 0.264
mdot_h2: 8.77 g/s
Reynolds_number: 11,112,677
Stack prop output power: 344 kW, Pcomp: 17.8 kW
Cell efficiency: 0.300, Output efficiency: 0.271
mdot_h2: 8.56 g/s

-----------------------
ptotal_climb: 1,219 kW, mtom_est: 4,614 kg, mtom: 4,618 kg, residual: -4.83 kg

Reynolds_number: 11,112,677
Stack prop output power: 463 kW, Pcomp: 23.9 kW
Cell efficiency: 0.300, Output efficiency: 0.271
mdot_h2: 11.50 g/s
Reynolds_number: 11,112,677
Stack prop output power: 463 kW, Pcomp: 23.9 kW
Cell efficiency: 0.300, Output efficiency: 0.271
mdot_h2: 11.50 g/s
Reynolds_number: 6,709,346
Stack prop output power: 344 kW, Pcomp: 3.0 kW
Cell efficiency: 0.305, Output efficiency: 0.287
mdot_h2: 8.07 g/s
Reynolds_number: 6,709,346
Stack prop output power: 344 kW, Pcomp: 3.0 kW
Cell efficiency: 0.305, Output efficiency: 0.287
mdot_h2: 8.07 g/s

CONVERGED
Refine pass 1/5: center 2350.0 Pa, half-span 120.0 Pa, step 25.000 Pa (12 points)
ADRpy feasible W/S window (refine pass 1): 2230.0 .. 2350.0 Pa (227.40 .. 239.63 kg/m^2), 6 points
======================================================
======================= ITER 1 =======================
Reynolds_number: 11,112,677
Stack prop output power: 463 kW, Pcomp: 23.9 kW
Cell efficiency: 0.300, Output efficiency: 0.271
mdot_h2: 11.50 g/s
Reynolds_number: 11,112,677
Stack prop output power: 463 kW, Pcomp: 23.9 kW
Cell efficiency: 0.300, Output efficiency: 0.271
mdot_h2: 11.50 g/s
Reynolds_number: 11,112,677
Stack prop output power: 344 kW, Pcomp: 3.1 kW
Cell efficiency: 0.281, Output efficiency: 0.264
mdot_h2: 8.77 g/s
Reynolds_number: 11,112,677
Stack prop output power: 344 kW, Pcomp: 17.8 kW
Cell efficiency: 0.300, Output efficiency: 0.271
mdot_h2: 8.56 g/s

-----------------------
ptotal_climb: 1,219 kW, mtom_est: 4,625 kg, mtom: 4,614 kg, residual: +11.00 kg

MTOM update: initial_bracket_probe_1, relax=1.000 -> mtom_next=4,890.42 kg

======================================================
======================= ITER 2 =======================
Reynolds_number: 11,112,677
Stack prop output power: 490 kW, Pcomp: 25.3 kW
Cell efficiency: 0.300, Output efficiency: 0.271
mdot_h2: 12.19 g/s
Reynolds_number: 11,112,677
Stack prop output power: 490 kW, Pcomp: 25.3 kW
Cell efficiency: 0.300, Output efficiency: 0.271
mdot_h2: 12.19 g/s
Reynolds_number: 11,112,677
Stack prop output power: 365 kW, Pcomp: 3.3 kW
Cell efficiency: 0.281, Output efficiency: 0.264
mdot_h2: 9.29 g/s
Reynolds_number: 11,112,677
Stack prop output power: 365 kW, Pcomp: 3.3 kW
Cell efficiency: 0.281, Output efficiency: 0.264
mdot_h2: 9.29 g/s
Reynolds_number: 11,112,677
Stack prop output power: 365 kW, Pcomp: 18.8 kW
Cell efficiency: 0.300, Output efficiency: 0.271
mdot_h2: 9.07 g/s

-----------------------
ptotal_climb: 1,292 kW, mtom_est: 4,794 kg, mtom: 4,890 kg, residual: -96.70 kg

MTOM update: newton, relax=0.300 -> mtom_next=4,815.85 kg

======================================================
======================= ITER 3 =======================
Reynolds_number: 11,112,677
Stack prop output power: 483 kW, Pcomp: 24.9 kW
Cell efficiency: 0.300, Output efficiency: 0.271
mdot_h2: 12.01 g/s
Reynolds_number: 11,112,677
Stack prop output power: 483 kW, Pcomp: 24.9 kW
Cell efficiency: 0.300, Output efficiency: 0.271
mdot_h2: 12.01 g/s
Reynolds_number: 11,112,677
Stack prop output power: 359 kW, Pcomp: 3.2 kW
Cell efficiency: 0.281, Output efficiency: 0.264
mdot_h2: 9.15 g/s
Reynolds_number: 11,112,677
Stack prop output power: 359 kW, Pcomp: 3.2 kW
Cell efficiency: 0.281, Output efficiency: 0.264
mdot_h2: 9.15 g/s
Reynolds_number: 11,112,677
Stack prop output power: 359 kW, Pcomp: 18.5 kW
Cell efficiency: 0.300, Output efficiency: 0.271
mdot_h2: 8.93 g/s

-----------------------
ptotal_climb: 1,273 kW, mtom_est: 4,748 kg, mtom: 4,816 kg, residual: -67.36 kg

MTOM update: newton, relax=0.360 -> mtom_next=4,754.22 kg

======================================================
======================= ITER 4 =======================
Reynolds_number: 11,112,677
Stack prop output power: 477 kW, Pcomp: 24.6 kW
Cell efficiency: 0.300, Output efficiency: 0.271
mdot_h2: 11.85 g/s
Reynolds_number: 11,112,677
Stack prop output power: 477 kW, Pcomp: 24.6 kW
Cell efficiency: 0.300, Output efficiency: 0.271
mdot_h2: 11.85 g/s
Reynolds_number: 11,112,677
Stack prop output power: 355 kW, Pcomp: 3.2 kW
Cell efficiency: 0.281, Output efficiency: 0.264
mdot_h2: 9.03 g/s
Reynolds_number: 11,112,677
Stack prop output power: 355 kW, Pcomp: 3.2 kW
Cell efficiency: 0.281, Output efficiency: 0.264
mdot_h2: 9.03 g/s
Reynolds_number: 11,112,677
Stack prop output power: 355 kW, Pcomp: 18.3 kW
Cell efficiency: 0.300, Output efficiency: 0.271
mdot_h2: 8.82 g/s

-----------------------
ptotal_climb: 1,256 kW, mtom_est: 4,711 kg, mtom: 4,754 kg, residual: -43.40 kg

MTOM update: newton, relax=0.432 -> mtom_next=4,706.01 kg

======================================================
======================= ITER 5 =======================
Reynolds_number: 11,112,677
Stack prop output power: 472 kW, Pcomp: 24.3 kW
Cell efficiency: 0.300, Output efficiency: 0.271
mdot_h2: 11.73 g/s
Reynolds_number: 11,112,677
Stack prop output power: 472 kW, Pcomp: 24.3 kW
Cell efficiency: 0.300, Output efficiency: 0.271
mdot_h2: 11.73 g/s
Reynolds_number: 11,112,677
Stack prop output power: 351 kW, Pcomp: 3.2 kW
Cell efficiency: 0.281, Output efficiency: 0.264
mdot_h2: 8.94 g/s
Reynolds_number: 11,112,677
Stack prop output power: 351 kW, Pcomp: 3.2 kW
Cell efficiency: 0.281, Output efficiency: 0.264
mdot_h2: 8.94 g/s
Reynolds_number: 11,112,677
Stack prop output power: 351 kW, Pcomp: 18.1 kW
Cell efficiency: 0.300, Output efficiency: 0.271
mdot_h2: 8.73 g/s

-----------------------
ptotal_climb: 1,244 kW, mtom_est: 4,685 kg, mtom: 4,706 kg, residual: -21.16 kg

MTOM update: newton, relax=0.518 -> mtom_next=4,682.23 kg

======================================================
======================= ITER 6 =======================
Reynolds_number: 11,112,677
Stack prop output power: 469 kW, Pcomp: 24.2 kW
Cell efficiency: 0.300, Output efficiency: 0.271
mdot_h2: 11.67 g/s
Reynolds_number: 11,112,677
Stack prop output power: 469 kW, Pcomp: 24.2 kW
Cell efficiency: 0.300, Output efficiency: 0.271
mdot_h2: 11.67 g/s
Reynolds_number: 11,112,677
Stack prop output power: 349 kW, Pcomp: 3.1 kW
Cell efficiency: 0.281, Output efficiency: 0.264
mdot_h2: 8.90 g/s
Reynolds_number: 11,112,677
Stack prop output power: 349 kW, Pcomp: 3.1 kW
Cell efficiency: 0.281, Output efficiency: 0.264
mdot_h2: 8.90 g/s
Reynolds_number: 11,112,677
Stack prop output power: 349 kW, Pcomp: 18.0 kW
Cell efficiency: 0.300, Output efficiency: 0.271
mdot_h2: 8.69 g/s

-----------------------
ptotal_climb: 1,237 kW, mtom_est: 4,666 kg, mtom: 4,682 kg, residual: -15.95 kg

MTOM update: newton, relax=0.622 -> mtom_next=4,636.90 kg

======================================================
======================= ITER 7 =======================
Reynolds_number: 11,112,677
Stack prop output power: 465 kW, Pcomp: 24.0 kW
Cell efficiency: 0.300, Output efficiency: 0.271
mdot_h2: 11.56 g/s
Reynolds_number: 11,112,677
Stack prop output power: 465 kW, Pcomp: 24.0 kW
Cell efficiency: 0.300, Output efficiency: 0.271
mdot_h2: 11.56 g/s
Reynolds_number: 11,112,677
Stack prop output power: 346 kW, Pcomp: 3.1 kW
Cell efficiency: 0.281, Output efficiency: 0.264
mdot_h2: 8.81 g/s
Reynolds_number: 11,112,677
Stack prop output power: 346 kW, Pcomp: 3.1 kW
Cell efficiency: 0.281, Output efficiency: 0.264
mdot_h2: 8.81 g/s
Reynolds_number: 11,112,677
Stack prop output power: 346 kW, Pcomp: 17.8 kW
Cell efficiency: 0.300, Output efficiency: 0.271
mdot_h2: 8.60 g/s

-----------------------
ptotal_climb: 1,225 kW, mtom_est: 4,639 kg, mtom: 4,637 kg, residual: +2.13 kg

Reynolds_number: 11,112,677
Stack prop output power: 465 kW, Pcomp: 24.0 kW
Cell efficiency: 0.300, Output efficiency: 0.271
mdot_h2: 11.56 g/s
Reynolds_number: 11,112,677
Stack prop output power: 465 kW, Pcomp: 24.0 kW
Cell efficiency: 0.300, Output efficiency: 0.271
mdot_h2: 11.56 g/s
Reynolds_number: 6,709,346
Stack prop output power: 346 kW, Pcomp: 3.0 kW
Cell efficiency: 0.305, Output efficiency: 0.287
mdot_h2: 8.11 g/s
Reynolds_number: 6,709,346
Stack prop output power: 346 kW, Pcomp: 3.0 kW
Cell efficiency: 0.305, Output efficiency: 0.287
mdot_h2: 8.11 g/s

CONVERGED
======================================================
======================= ITER 1 =======================
Reynolds_number: 11,112,677
Stack prop output power: 465 kW, Pcomp: 24.0 kW
Cell efficiency: 0.300, Output efficiency: 0.271
mdot_h2: 11.56 g/s
Reynolds_number: 11,112,677
Stack prop output power: 465 kW, Pcomp: 24.0 kW
Cell efficiency: 0.300, Output efficiency: 0.271
mdot_h2: 11.56 g/s
Reynolds_number: 11,112,677
Stack prop output power: 346 kW, Pcomp: 3.1 kW
Cell efficiency: 0.281, Output efficiency: 0.264
mdot_h2: 8.81 g/s
Reynolds_number: 11,112,677
Stack prop output power: 346 kW, Pcomp: 17.8 kW
Cell efficiency: 0.300, Output efficiency: 0.271
mdot_h2: 8.60 g/s

-----------------------
ptotal_climb: 1,226 kW, mtom_est: 4,637 kg, mtom: 4,639 kg, residual: -1.96 kg

Reynolds_number: 11,112,677
Stack prop output power: 465 kW, Pcomp: 24.0 kW
Cell efficiency: 0.300, Output efficiency: 0.271
mdot_h2: 11.56 g/s
Reynolds_number: 11,112,677
Stack prop output power: 465 kW, Pcomp: 24.0 kW
Cell efficiency: 0.300, Output efficiency: 0.271
mdot_h2: 11.56 g/s
Reynolds_number: 6,709,346
Stack prop output power: 346 kW, Pcomp: 3.0 kW
Cell efficiency: 0.305, Output efficiency: 0.287
mdot_h2: 8.12 g/s
Reynolds_number: 6,709,346
Stack prop output power: 346 kW, Pcomp: 3.0 kW
Cell efficiency: 0.305, Output efficiency: 0.287
mdot_h2: 8.12 g/s

CONVERGED
======================================================
======================= ITER 1 =======================
Reynolds_number: 11,112,677
Stack prop output power: 465 kW, Pcomp: 24.0 kW
Cell efficiency: 0.300, Output efficiency: 0.271
mdot_h2: 11.55 g/s
Reynolds_number: 11,112,677
Stack prop output power: 465 kW, Pcomp: 24.0 kW
Cell efficiency: 0.300, Output efficiency: 0.271
mdot_h2: 11.55 g/s
Reynolds_number: 11,112,677
Stack prop output power: 346 kW, Pcomp: 3.1 kW
Cell efficiency: 0.281, Output efficiency: 0.264
mdot_h2: 8.81 g/s
Reynolds_number: 11,112,677
Stack prop output power: 346 kW, Pcomp: 17.8 kW
Cell efficiency: 0.300, Output efficiency: 0.271
mdot_h2: 8.60 g/s

-----------------------
ptotal_climb: 1,225 kW, mtom_est: 4,633 kg, mtom: 4,637 kg, residual: -4.17 kg

Reynolds_number: 11,112,677
Stack prop output power: 465 kW, Pcomp: 24.0 kW
Cell efficiency: 0.300, Output efficiency: 0.271
mdot_h2: 11.55 g/s
Reynolds_number: 11,112,677
Stack prop output power: 465 kW, Pcomp: 24.0 kW
Cell efficiency: 0.300, Output efficiency: 0.271
mdot_h2: 11.55 g/s
Reynolds_number: 6,709,346
