ADRpy constraint sizing (min_combined_pw): W/S=2350.0 Pa (239.63 kg/m^2), P/W_TO=0.11889 kW/kg, P/W_climb=0.13416 kW/kg, P/W_cruise=0.17819 kW/kg
======================================================
======================= ITER 1 =======================
Reynolds_number: 12,971,126
Stack prop output power: 500 kW, Pcomp: 36.1 kW
Cell efficiency: 0.302, Output efficiency: 0.267
mdot_h2: 12.58 g/s
Reynolds_number: 12,971,126
Stack prop output power: 649 kW, Pcomp: 46.9 kW
Cell efficiency: 0.302, Output efficiency: 0.267
mdot_h2: 16.33 g/s
Reynolds_number: 12,971,126
Stack prop output power: 660 kW, Pcomp: 47.6 kW
Cell efficiency: 0.302, Output efficiency: 0.267
mdot_h2: 16.60 g/s
Reynolds_number: 12,971,126
Stack prop output power: 660 kW, Pcomp: 47.7 kW
Cell efficiency: 0.302, Output efficiency: 0.267
mdot_h2: 16.62 g/s
Reynolds_number: 12,971,126
Stack prop output power: 386 kW, Pcomp: 3.5 kW
Cell efficiency: 0.274, Output efficiency: 0.258
mdot_h2: 10.06 g/s
Reynolds_number: 12,971,126
Stack prop output power: 347 kW, Pcomp: 3.2 kW
Cell efficiency: 0.274, Output efficiency: 0.258
mdot_h2: 9.05 g/s
Reynolds_number: 6,709,346
Stack prop output power: 399 kW, Pcomp: 3.5 kW
Cell efficiency: 0.305, Output efficiency: 0.287
mdot_h2: 9.35 g/s
Reynolds_number: 6,709,346
Stack prop output power: 308 kW, Pcomp: 2.7 kW
Cell efficiency: 0.305, Output efficiency: 0.287
mdot_h2: 7.22 g/s
Reynolds_number: 6,709,346
Stack prop output power: 307 kW, Pcomp: 2.7 kW
Cell efficiency: 0.305, Output efficiency: 0.287
mdot_h2: 7.20 g/s
Reynolds_number: 12,971,126
Stack prop output power: 500 kW, Pcomp: 36.1 kW
Cell efficiency: 0.302, Output efficiency: 0.267
mdot_h2: 12.58 g/s
Reynolds_number: 12,971,126
Stack prop output power: 649 kW, Pcomp: 46.9 kW
Cell efficiency: 0.302, Output efficiency: 0.267
mdot_h2: 16.33 g/s
Reynolds_number: 12,971,126
Stack prop output power: 660 kW, Pcomp: 47.6 kW
Cell efficiency: 0.302, Output efficiency: 0.267
mdot_h2: 16.60 g/s
Reynolds_number: 12,971,126
Stack prop output power: 660 kW, Pcomp: 47.7 kW
Cell efficiency: 0.302, Output efficiency: 0.267
mdot_h2: 16.62 g/s
Fuel-cell system mass representative phase: cruise (P_fc_sys=1320.814 kW).

-----------------------
ptotal_climb: 922 kW, mtom_est: 6,143 kg, mtom: 5,000 kg, residual: +1,142.67 kg

MTOM update: initial_bracket_probe_1, relax=1.000 -> mtom_next=5,250.00 kg

======================================================
======================= ITER 2 =======================
Reynolds_number: 12,971,126
Stack prop output power: 660 kW, Pcomp: 47.7 kW
Cell efficiency: 0.302, Output efficiency: 0.267
mdot_h2: 16.62 g/s
Reynolds_number: 12,971,126
Stack prop output power: 691 kW, Pcomp: 49.9 kW
Cell efficiency: 0.302, Output efficiency: 0.267
mdot_h2: 17.39 g/s
Reynolds_number: 12,971,126
Stack prop output power: 693 kW, Pcomp: 50.1 kW
Cell efficiency: 0.302, Output efficiency: 0.267
mdot_h2: 17.45 g/s
Reynolds_number: 12,971,126
Stack prop output power: 341 kW, Pcomp: 3.1 kW
Cell efficiency: 0.274, Output efficiency: 0.258
mdot_h2: 8.89 g/s
Reynolds_number: 12,971,126
Stack prop output power: 364 kW, Pcomp: 3.3 kW
Cell efficiency: 0.274, Output efficiency: 0.258
mdot_h2: 9.49 g/s
Reynolds_number: 6,709,346
Stack prop output power: 302 kW, Pcomp: 2.6 kW
Cell efficiency: 0.305, Output efficiency: 0.287
mdot_h2: 7.08 g/s
Reynolds_number: 6,709,346
Stack prop output power: 322 kW, Pcomp: 2.8 kW
Cell efficiency: 0.305, Output efficiency: 0.287
mdot_h2: 7.55 g/s
Reynolds_number: 12,971,126
Stack prop output power: 660 kW, Pcomp: 47.7 kW
Cell efficiency: 0.302, Output efficiency: 0.267
mdot_h2: 16.62 g/s
Reynolds_number: 12,971,126
Stack prop output power: 691 kW, Pcomp: 49.9 kW
Cell efficiency: 0.302, Output efficiency: 0.267
mdot_h2: 17.39 g/s
Reynolds_number: 12,971,126
Stack prop output power: 693 kW, Pcomp: 50.1 kW
Cell efficiency: 0.302, Output efficiency: 0.267
mdot_h2: 17.45 g/s
Fuel-cell system mass representative phase: cruise (P_fc_sys=1386.839 kW).

-----------------------
ptotal_climb: 968 kW, mtom_est: 6,324 kg, mtom: 5,250 kg, residual: +1,074.39 kg

MTOM update: fixed_point_prebracket, relax=1.000 -> mtom_next=6,037.50 kg

======================================================
======================= ITER 3 =======================
Reynolds_number: 12,971,126
Stack prop output power: 693 kW, Pcomp: 50.1 kW
Cell efficiency: 0.302, Output efficiency: 0.267
mdot_h2: 17.45 g/s
Reynolds_number: 12,971,126
Stack prop output power: 790 kW, Pcomp: 57.1 kW
Cell efficiency: 0.302, Output efficiency: 0.267
mdot_h2: 19.88 g/s
Reynolds_number: 12,971,126
Stack prop output power: 797 kW, Pcomp: 57.6 kW
Cell efficiency: 0.302, Output efficiency: 0.267
mdot_h2: 20.06 g/s
Reynolds_number: 12,971,126
Stack prop output power: 797 kW, Pcomp: 57.6 kW
Cell efficiency: 0.302, Output efficiency: 0.267
mdot_h2: 20.07 g/s
Reynolds_number: 12,971,126
Stack prop output power: 346 kW, Pcomp: 3.2 kW
Cell efficiency: 0.274, Output efficiency: 0.258
mdot_h2: 9.02 g/s
Reynolds_number: 12,971,126
Stack prop output power: 418 kW, Pcomp: 3.8 kW
Cell efficiency: 0.274, Output efficiency: 0.258
mdot_h2: 10.90 g/s
Reynolds_number: 12,971,126
Stack prop output power: 418 kW, Pcomp: 3.8 kW
Cell efficiency: 0.274, Output efficiency: 0.258
mdot_h2: 10.92 g/s
Reynolds_number: 6,709,346
Stack prop output power: 306 kW, Pcomp: 2.7 kW
Cell efficiency: 0.305, Output efficiency: 0.287
mdot_h2: 7.18 g/s
Reynolds_number: 6,709,346
Stack prop output power: 370 kW, Pcomp: 3.2 kW
Cell efficiency: 0.305, Output efficiency: 0.287
mdot_h2: 8.68 g/s
Reynolds_number: 6,709,346
Stack prop output power: 371 kW, Pcomp: 3.2 kW
Cell efficiency: 0.305, Output efficiency: 0.287
mdot_h2: 8.69 g/s
Reynolds_number: 12,971,126
Stack prop output power: 693 kW, Pcomp: 50.1 kW
Cell efficiency: 0.302, Output efficiency: 0.267
mdot_h2: 17.45 g/s
Reynolds_number: 12,971,126
Stack prop output power: 790 kW, Pcomp: 57.1 kW
Cell efficiency: 0.302, Output efficiency: 0.267
mdot_h2: 19.88 g/s
Reynolds_number: 12,971,126
Stack prop output power: 797 kW, Pcomp: 57.6 kW
Cell efficiency: 0.302, Output efficiency: 0.267
mdot_h2: 20.06 g/s
Reynolds_number: 12,971,126
Stack prop output power: 797 kW, Pcomp: 57.6 kW
Cell efficiency: 0.302, Output efficiency: 0.267
mdot_h2: 20.07 g/s
Fuel-cell system mass representative phase: cruise (P_fc_sys=1594.888 kW).

-----------------------
ptotal_climb: 1,113 kW, mtom_est: 6,898 kg, mtom: 6,038 kg, residual: +860.34 kg

MTOM update: fixed_point_prebracket, relax=1.000 -> mtom_next=6,725.78 kg

======================================================
======================= ITER 4 =======================
Reynolds_number: 12,971,126
Stack prop output power: 797 kW, Pcomp: 57.6 kW
Cell efficiency: 0.302, Output efficiency: 0.267
mdot_h2: 20.07 g/s
Reynolds_number: 12,971,126
Stack prop output power: 882 kW, Pcomp: 63.7 kW
Cell efficiency: 0.302, Output efficiency: 0.267
mdot_h2: 22.19 g/s
Reynolds_number: 12,971,126
Stack prop output power: 888 kW, Pcomp: 64.1 kW
Cell efficiency: 0.302, Output efficiency: 0.267
mdot_h2: 22.35 g/s
Reynolds_number: 12,971,126
Stack prop output power: 403 kW, Pcomp: 3.7 kW
Cell efficiency: 0.274, Output efficiency: 0.258
mdot_h2: 10.51 g/s
Reynolds_number: 12,971,126
Stack prop output power: 466 kW, Pcomp: 4.2 kW
Cell efficiency: 0.274, Output efficiency: 0.258
mdot_h2: 12.15 g/s
Reynolds_number: 12,971,126
Stack prop output power: 466 kW, Pcomp: 4.3 kW
Cell efficiency: 0.274, Output efficiency: 0.258
mdot_h2: 12.16 g/s
Reynolds_number: 6,709,346
Stack prop output power: 357 kW, Pcomp: 3.1 kW
Cell efficiency: 0.305, Output efficiency: 0.287
mdot_h2: 8.36 g/s
Reynolds_number: 6,709,346
Stack prop output power: 412 kW, Pcomp: 3.6 kW
Cell efficiency: 0.305, Output efficiency: 0.287
mdot_h2: 9.67 g/s
Reynolds_number: 12,971,126
Stack prop output power: 797 kW, Pcomp: 57.6 kW
Cell efficiency: 0.302, Output efficiency: 0.267
mdot_h2: 20.07 g/s
Reynolds_number: 12,971,126
Stack prop output power: 882 kW, Pcomp: 63.7 kW
Cell efficiency: 0.302, Output efficiency: 0.267
mdot_h2: 22.19 g/s
Reynolds_number: 12,971,126
Stack prop output power: 888 kW, Pcomp: 64.1 kW
Cell efficiency: 0.302, Output efficiency: 0.267
mdot_h2: 22.35 g/s
Fuel-cell system mass representative phase: cruise (P_fc_sys=1776.643 kW).

-----------------------
ptotal_climb: 1,240 kW, mtom_est: 7,398 kg, mtom: 6,726 kg, residual: +672.54 kg

MTOM update: fixed_point_prebracket, relax=1.000 -> mtom_next=7,263.81 kg

======================================================
======================= ITER 5 =======================
Reynolds_number: 12,971,126
Stack prop output power: 888 kW, Pcomp: 64.2 kW
Cell efficiency: 0.302, Output efficiency: 0.267
mdot_h2: 22.36 g/s
Reynolds_number: 12,971,126
Stack prop output power: 954 kW, Pcomp: 68.9 kW
Cell efficiency: 0.302, Output efficiency: 0.267
mdot_h2: 24.02 g/s
Reynolds_number: 12,971,126
Stack prop output power: 959 kW, Pcomp: 69.3 kW
Cell efficiency: 0.302, Output efficiency: 0.267
mdot_h2: 24.14 g/s
Reynolds_number: 12,971,126
Stack prop output power: 454 kW, Pcomp: 4.1 kW
Cell efficiency: 0.274, Output efficiency: 0.258
mdot_h2: 11.84 g/s
Reynolds_number: 12,971,126
Stack prop output power: 503 kW, Pcomp: 4.6 kW
Cell efficiency: 0.274, Output efficiency: 0.258
mdot_h2: 13.13 g/s
Reynolds_number: 6,709,346
Stack prop output power: 402 kW, Pcomp: 3.5 kW
Cell efficiency: 0.305, Output efficiency: 0.287
mdot_h2: 9.43 g/s
Reynolds_number: 6,709,346
Stack prop output power: 446 kW, Pcomp: 3.9 kW
Cell efficiency: 0.305, Output efficiency: 0.287
mdot_h2: 10.45 g/s
Reynolds_number: 12,971,126
Stack prop output power: 888 kW, Pcomp: 64.2 kW
Cell efficiency: 0.302, Output efficiency: 0.267
mdot_h2: 22.36 g/s
Reynolds_number: 12,971,126
Stack prop output power: 954 kW, Pcomp: 68.9 kW
Cell efficiency: 0.302, Output efficiency: 0.267
mdot_h2: 24.02 g/s
Reynolds_number: 12,971,126
Stack prop output power: 959 kW, Pcomp: 69.3 kW
Cell efficiency: 0.302, Output efficiency: 0.267
mdot_h2: 24.14 g/s
Fuel-cell system mass representative phase: cruise (P_fc_sys=1918.788 kW).

-----------------------
ptotal_climb: 1,339 kW, mtom_est: 7,793 kg, mtom: 7,264 kg, residual: +528.71 kg

MTOM update: newton_prebracket, relax=1.000 -> mtom_next=8,353.38 kg

======================================================
======================= ITER 6 =======================
Reynolds_number: 12,971,126
Stack prop output power: 959 kW, Pcomp: 69.3 kW
Cell efficiency: 0.302, Output efficiency: 0.267
mdot_h2: 24.15 g/s
Reynolds_number: 12,971,126
Stack prop output power: 1,093 kW, Pcomp: 79.0 kW
Cell efficiency: 0.302, Output efficiency: 0.267
mdot_h2: 27.51 g/s
Reynolds_number: 12,971,126
Stack prop output power: 1,103 kW, Pcomp: 79.6 kW
Cell efficiency: 0.302, Output efficiency: 0.267
mdot_h2: 27.75 g/s
Reynolds_number: 12,971,126
Stack prop output power: 1,103 kW, Pcomp: 79.7 kW
Cell efficiency: 0.302, Output efficiency: 0.267
mdot_h2: 27.77 g/s
Reynolds_number: 12,971,126
Stack prop output power: 478 kW, Pcomp: 4.4 kW
Cell efficiency: 0.274, Output efficiency: 0.258
mdot_h2: 12.49 g/s
Reynolds_number: 12,971,126
Stack prop output power: 578 kW, Pcomp: 5.3 kW
Cell efficiency: 0.274, Output efficiency: 0.258
mdot_h2: 15.08 g/s
Reynolds_number: 12,971,126
Stack prop output power: 579 kW, Pcomp: 5.3 kW
Cell efficiency: 0.274, Output efficiency: 0.258
mdot_h2: 15.11 g/s
Reynolds_number: 6,709,346
Stack prop output power: 424 kW, Pcomp: 3.7 kW
Cell efficiency: 0.305, Output efficiency: 0.287
mdot_h2: 9.94 g/s
Reynolds_number: 6,709,346
Stack prop output power: 512 kW, Pcomp: 4.5 kW
Cell efficiency: 0.305, Output efficiency: 0.287
mdot_h2: 12.01 g/s
Reynolds_number: 6,709,346
Stack prop output power: 513 kW, Pcomp: 4.5 kW
Cell efficiency: 0.305, Output efficiency: 0.287
mdot_h2: 12.02 g/s
Reynolds_number: 12,971,126
Stack prop output power: 959 kW, Pcomp: 69.3 kW
Cell efficiency: 0.302, Output efficiency: 0.267
mdot_h2: 24.15 g/s
Reynolds_number: 12,971,126
Stack prop output power: 1,093 kW, Pcomp: 79.0 kW
Cell efficiency: 0.302, Output efficiency: 0.267
mdot_h2: 27.51 g/s
Reynolds_number: 12,971,126
Stack prop output power: 1,103 kW, Pcomp: 79.6 kW
Cell efficiency: 0.302, Output efficiency: 0.267
mdot_h2: 27.75 g/s
Reynolds_number: 12,971,126
Stack prop output power: 1,103 kW, Pcomp: 79.7 kW
Cell efficiency: 0.302, Output efficiency: 0.267
mdot_h2: 27.77 g/s
Fuel-cell system mass representative phase: cruise (P_fc_sys=2206.660 kW).

-----------------------
ptotal_climb: 1,540 kW, mtom_est: 8,595 kg, mtom: 8,353 kg, residual: +241.72 kg

MTOM update: newton_prebracket, relax=1.000 -> mtom_next=9,271.11 kg

======================================================
======================= ITER 7 =======================
Reynolds_number: 12,971,126
Stack prop output power: 1,103 kW, Pcomp: 79.7 kW
Cell efficiency: 0.302, Output efficiency: 0.267
mdot_h2: 27.77 g/s
Reynolds_number: 12,971,126
Stack prop output power: 1,216 kW, Pcomp: 87.8 kW
Cell efficiency: 0.302, Output efficiency: 0.267
mdot_h2: 30.60 g/s
Reynolds_number: 12,971,126
Stack prop output power: 1,224 kW, Pcomp: 88.4 kW
Cell efficiency: 0.302, Output efficiency: 0.267
mdot_h2: 30.80 g/s
Reynolds_number: 12,971,126
Stack prop output power: 1,225 kW, Pcomp: 88.5 kW
Cell efficiency: 0.302, Output efficiency: 0.267
mdot_h2: 30.82 g/s
Reynolds_number: 12,971,126
Stack prop output power: 558 kW, Pcomp: 5.1 kW
Cell efficiency: 0.274, Output efficiency: 0.258
mdot_h2: 14.56 g/s
Reynolds_number: 12,971,126
Stack prop output power: 642 kW, Pcomp: 5.9 kW
Cell efficiency: 0.274, Output efficiency: 0.258
mdot_h2: 16.75 g/s
Reynolds_number: 12,971,126
Stack prop output power: 642 kW, Pcomp: 5.9 kW
Cell efficiency: 0.274, Output efficiency: 0.258
mdot_h2: 16.77 g/s
Reynolds_number: 6,709,346
Stack prop output power: 494 kW, Pcomp: 4.3 kW
Cell efficiency: 0.305, Output efficiency: 0.287
mdot_h2: 11.59 g/s
Reynolds_number: 6,709,346
Stack prop output power: 568 kW, Pcomp: 5.0 kW
Cell efficiency: 0.305, Output efficiency: 0.287
mdot_h2: 13.33 g/s
Reynolds_number: 6,709,346
Stack prop output power: 569 kW, Pcomp: 5.0 kW
Cell efficiency: 0.305, Output efficiency: 0.287
mdot_h2: 13.34 g/s
Reynolds_number: 12,971,126
Stack prop output power: 1,103 kW, Pcomp: 79.7 kW
Cell efficiency: 0.302, Output efficiency: 0.267
mdot_h2: 27.77 g/s
Reynolds_number: 12,971,126
Stack prop output power: 1,216 kW, Pcomp: 87.8 kW
Cell efficiency: 0.302, Output efficiency: 0.267
mdot_h2: 30.60 g/s
Reynolds_number: 12,971,126
Stack prop output power: 1,224 kW, Pcomp: 88.4 kW
Cell efficiency: 0.302, Output efficiency: 0.267
mdot_h2: 30.80 g/s
Reynolds_number: 12,971,126
Stack prop output power: 1,225 kW, Pcomp: 88.5 kW
Cell efficiency: 0.302, Output efficiency: 0.267
mdot_h2: 30.82 g/s
Fuel-cell system mass representative phase: cruise (P_fc_sys=2449.094 kW).

-----------------------
ptotal_climb: 1,709 kW, mtom_est: 9,272 kg, mtom: 9,271 kg, residual: +1.18 kg


CONVERGED

CONVERGED STATE [MTOM iteration 7]
  MTOM=9,272 kg | Wing loading=239.66 kg/m^2 | P/W(climb)=184.35 W/kg
  Phase power: climb=1,709.4 kW | cruise=2,449.1 kW | takeoff=1,514.3 kW | cruise+charger=2,449.1 kW
  Power split (climb): FC=1,273.2 kW | Battery=424.4 kW | Compressor=11.7 kW | Cooling=558.5 kW | H2=33.535 g/s
  Compressor max across phases: 176.9 kW (cruise)
  FC representative phase (mass sizing): cruise (2,449.1 kW)
  Mass summary: MTOM=9,272 kg | Powertrain=3,624 kg | Tank=847.4 kg | Fuel=376.6 kg | Battery=348.4 kg | Nacelle power density=0.75 kW/kg
  Geometry: Main wing area=38.69 m^2 | Horizontal tail area=6.547 m^2 | Horizontal tail location=12.675 m | Vertical tail area=6.773 m^2 | Vertical tail location=12.001 m
  Config: wing loading input=239.63 kg/m^2 | P/W TO/Cl/Cr=0.11889/0.13416/0.17819 kW/kg

=============================================================
========================= CONVERGED =========================
=============================================================
Constraint sizing: ENABLED (min_combined_pw)
Input W/S: 239.63 kg/m^2 (2,350.0 Pa)
Input P/W [kW/kg]: takeoff 0.11889, climb 0.13416, cruise 0.17819
-------------------------------------------------------------

Mission Time
Climb time: 10.94 min (0.18 h)
Cruise time: 93.68 min (1.56 h)
Total flight time: 126.62 min (2.11 h)

Phase Power Breakdown
Phase      Time[min]     Total[kW]    FC Stack[kW]   Battery[kW]   Compressor[kW]   Cooling[kW]
-----------------------------------------------------------------------------------------------
ready           0.00          85.5            85.5           0.0              0.0           0.0
taxi            5.00         170.9           170.9           0.0              0.0           0.0
takeoff         1.00       1,514.3         1,128.3         376.1              9.9         427.0
climb          10.94       1,709.4         1,273.2         424.4             11.7         558.5
cruise         93.68       2,449.1         2,272.2           0.0            176.9         989.3
loiter         15.00         244.9           227.2           0.0             17.7          98.9
landing         1.00           0.0             0.0           0.0              0.0           0.0

Pcomp_max (solved phases): 176.9 kW (cruise)
Pnet (climb): 1,544 kW
Pelectricnet (climb): 1,698 kW
eta_pt: 0.9031

Geometry
S_wing: 38.69 m^2
b_wing: 18.66 m
Lfus: 15.00 m
Ltank: 7.55 m
S_HT: 6.55 m^2
S_VT: 6.77 m^2
b_HT: 5.43 m
b_VT: 3.59 m
X_HT_act: 12.68 m
X_VT_act: 12.00 m

One Nacelle (1/2)
Stack(1/2): 704 kg, Compressor: 173 kg, Humidifier: 236 kg, HX: 513 kg
W_FCS_single_nacelle (W_Stack+W_Compressor+W_Humidifier+W_Hx): 1,626 kg
Representative FC phase: cruise
Specific Power of Nacelle System: 0.753 kW/kg
dim_hx: dX=1.584 m, dY=1.584 m, dZ=0.228 m
dim_stack: dX=0.363 m, dY=0.465 m, dZ=0.465 m

ALL Nacelles
W_FCS_total: 3,252 kg
W_PMAD: 147 kg
W_Motors: 225 kg

-----------------------
W_Powertrain (W_FCS_total+W_PMAD+W_Motors): 3,624 kg
-----------------------
W_wing: 705 kg
W_Htail: 54 kg
W_Vtail: 88 kg
W_fuselage: 570 kg
W_lnd_gear_main: 243 kg
W_lnd_gear_nose: 65 kg
W_flight_control: 366 kg
W_electric_system: 300 kg
W_iae: 127 kg
W_hydraulics: 111 kg
W_fur: 448 kg
-----------------------
OEM: 3,076 kg
-----------------------
W_tank: 847 kg
W_fuel: 376.6 kg
W_batt: 348.4 kg
-----------------------
W_payload: 1,000 kg
-----------------------
MTOM_grouped (OEM+W_tank+W_fuel+W_batt+W_Powertrain+W_payload): 9,272 kg
MTOM: 9,272 kg
-----------------------

Wing loading (MTOM/S_wing): 239.66 kg/m^2
Power-to-weight (converged): 184.35 W/kg

mdot_H2(cruise): 61.6 g/s
Vtankex: 16.1 m^3
========================== END ==============================


=============================================================
Execution time: 80.5 seconds
=============================================================
