ADRpy constraint sizing (min_combined_pw): W/S=2350.0 Pa (239.63 kg/m^2), P/W_TO=0.11889 kW/kg, P/W_climb=0.13293 kW/kg, P/W_cruise=0.09931 kW/kg
======================================================
======================= ITER 1 =======================
Reynolds_number: 10,093,728
Stack prop output power: 500 kW, Pcomp: 36.0 kW
Cell efficiency: 0.298, Output efficiency: 0.264
mdot_h2: 12.75 g/s
Reynolds_number: 10,093,728
Stack prop output power: 378 kW, Pcomp: 27.2 kW
Cell efficiency: 0.298, Output efficiency: 0.264
mdot_h2: 9.63 g/s
Reynolds_number: 10,093,728
Stack prop output power: 369 kW, Pcomp: 26.6 kW
Cell efficiency: 0.298, Output efficiency: 0.264
mdot_h2: 9.40 g/s
Reynolds_number: 10,093,728
Stack prop output power: 368 kW, Pcomp: 26.5 kW
Cell efficiency: 0.298, Output efficiency: 0.264
mdot_h2: 9.39 g/s
Reynolds_number: 10,093,728
Stack prop output power: 387 kW, Pcomp: 3.5 kW
Cell efficiency: 0.269, Output efficiency: 0.253
mdot_h2: 10.28 g/s
Reynolds_number: 10,093,728
Stack prop output power: 344 kW, Pcomp: 3.1 kW
Cell efficiency: 0.269, Output efficiency: 0.253
mdot_h2: 9.14 g/s
Reynolds_number: 6,709,346
Stack prop output power: 399 kW, Pcomp: 3.5 kW
Cell efficiency: 0.305, Output efficiency: 0.287
mdot_h2: 9.35 g/s
Reynolds_number: 6,709,346
Stack prop output power: 308 kW, Pcomp: 2.7 kW
Cell efficiency: 0.305, Output efficiency: 0.287
mdot_h2: 7.22 g/s
Reynolds_number: 6,709,346
Stack prop output power: 307 kW, Pcomp: 2.7 kW
Cell efficiency: 0.305, Output efficiency: 0.287
mdot_h2: 7.20 g/s
Reynolds_number: 10,093,728
Stack prop output power: 500 kW, Pcomp: 36.0 kW
Cell efficiency: 0.298, Output efficiency: 0.264
mdot_h2: 12.75 g/s
Reynolds_number: 10,093,728
Stack prop output power: 378 kW, Pcomp: 27.2 kW
Cell efficiency: 0.298, Output efficiency: 0.264
mdot_h2: 9.63 g/s
Reynolds_number: 10,093,728
Stack prop output power: 369 kW, Pcomp: 26.6 kW
Cell efficiency: 0.298, Output efficiency: 0.264
mdot_h2: 9.40 g/s
Reynolds_number: 10,093,728
Stack prop output power: 368 kW, Pcomp: 26.5 kW
Cell efficiency: 0.298, Output efficiency: 0.264
mdot_h2: 9.39 g/s
Fuel-cell system mass representative phase: cruise (P_fc_sys=736.038 kW).

-----------------------
ptotal_climb: 913 kW, mtom_est: 5,316 kg, mtom: 5,000 kg, residual: +315.81 kg

MTOM update: initial_bracket_probe_1, relax=1.000 -> mtom_next=5,250.00 kg

======================================================
======================= ITER 2 =======================
Reynolds_number: 10,093,728
Stack prop output power: 368 kW, Pcomp: 26.5 kW
Cell efficiency: 0.298, Output efficiency: 0.264
mdot_h2: 9.38 g/s
Reynolds_number: 10,093,728
Stack prop output power: 385 kW, Pcomp: 27.8 kW
Cell efficiency: 0.298, Output efficiency: 0.264
mdot_h2: 9.82 g/s
Reynolds_number: 10,093,728
Stack prop output power: 386 kW, Pcomp: 27.8 kW
Cell efficiency: 0.298, Output efficiency: 0.264
mdot_h2: 9.85 g/s
Reynolds_number: 10,093,728
Stack prop output power: 338 kW, Pcomp: 3.1 kW
Cell efficiency: 0.269, Output efficiency: 0.253
mdot_h2: 8.98 g/s
Reynolds_number: 10,093,728
Stack prop output power: 360 kW, Pcomp: 3.3 kW
Cell efficiency: 0.269, Output efficiency: 0.253
mdot_h2: 9.58 g/s
Reynolds_number: 6,709,346
Stack prop output power: 302 kW, Pcomp: 2.6 kW
Cell efficiency: 0.305, Output efficiency: 0.287
mdot_h2: 7.08 g/s
Reynolds_number: 6,709,346
Stack prop output power: 322 kW, Pcomp: 2.8 kW
Cell efficiency: 0.305, Output efficiency: 0.287
mdot_h2: 7.55 g/s
Reynolds_number: 10,093,728
Stack prop output power: 368 kW, Pcomp: 26.5 kW
Cell efficiency: 0.298, Output efficiency: 0.264
mdot_h2: 9.38 g/s
Reynolds_number: 10,093,728
Stack prop output power: 385 kW, Pcomp: 27.8 kW
Cell efficiency: 0.298, Output efficiency: 0.264
mdot_h2: 9.82 g/s
Reynolds_number: 10,093,728
Stack prop output power: 386 kW, Pcomp: 27.8 kW
Cell efficiency: 0.298, Output efficiency: 0.264
mdot_h2: 9.85 g/s
Fuel-cell system mass representative phase: cruise (P_fc_sys=772.819 kW).

-----------------------
ptotal_climb: 959 kW, mtom_est: 5,485 kg, mtom: 5,250 kg, residual: +234.90 kg

MTOM update: fixed_point_prebracket, relax=1.000 -> mtom_next=5,437.92 kg

======================================================
======================= ITER 3 =======================
Reynolds_number: 10,093,728
Stack prop output power: 386 kW, Pcomp: 27.8 kW
Cell efficiency: 0.298, Output efficiency: 0.264
mdot_h2: 9.85 g/s
Reynolds_number: 10,093,728
Stack prop output power: 399 kW, Pcomp: 28.8 kW
Cell efficiency: 0.298, Output efficiency: 0.264
mdot_h2: 10.18 g/s
Reynolds_number: 10,093,728
Stack prop output power: 400 kW, Pcomp: 28.8 kW
Cell efficiency: 0.298, Output efficiency: 0.264
mdot_h2: 10.20 g/s
Reynolds_number: 10,093,728
Stack prop output power: 356 kW, Pcomp: 3.3 kW
Cell efficiency: 0.269, Output efficiency: 0.253
mdot_h2: 9.47 g/s
Reynolds_number: 10,093,728
Stack prop output power: 373 kW, Pcomp: 3.4 kW
Cell efficiency: 0.269, Output efficiency: 0.253
mdot_h2: 9.93 g/s
Reynolds_number: 6,709,346
Stack prop output power: 318 kW, Pcomp: 2.8 kW
Cell efficiency: 0.305, Output efficiency: 0.287
mdot_h2: 7.47 g/s
Reynolds_number: 6,709,346
Stack prop output power: 334 kW, Pcomp: 2.9 kW
Cell efficiency: 0.305, Output efficiency: 0.287
mdot_h2: 7.82 g/s
Reynolds_number: 10,093,728
Stack prop output power: 386 kW, Pcomp: 27.8 kW
Cell efficiency: 0.298, Output efficiency: 0.264
mdot_h2: 9.85 g/s
Reynolds_number: 10,093,728
Stack prop output power: 399 kW, Pcomp: 28.8 kW
Cell efficiency: 0.298, Output efficiency: 0.264
mdot_h2: 10.18 g/s
Reynolds_number: 10,093,728
Stack prop output power: 400 kW, Pcomp: 28.8 kW
Cell efficiency: 0.298, Output efficiency: 0.264
mdot_h2: 10.20 g/s
Fuel-cell system mass representative phase: cruise (P_fc_sys=800.486 kW).

-----------------------
ptotal_climb: 993 kW, mtom_est: 5,616 kg, mtom: 5,438 kg, residual: +177.86 kg

MTOM update: fixed_point_prebracket, relax=1.000 -> mtom_next=5,580.21 kg

======================================================
======================= ITER 4 =======================
Reynolds_number: 10,093,728
Stack prop output power: 400 kW, Pcomp: 28.8 kW
Cell efficiency: 0.298, Output efficiency: 0.264
mdot_h2: 10.21 g/s
Reynolds_number: 10,093,728
Stack prop output power: 410 kW, Pcomp: 29.5 kW
Cell efficiency: 0.298, Output efficiency: 0.264
mdot_h2: 10.45 g/s
Reynolds_number: 10,093,728
Stack prop output power: 411 kW, Pcomp: 29.6 kW
Cell efficiency: 0.298, Output efficiency: 0.264
mdot_h2: 10.47 g/s
Reynolds_number: 10,093,728
Stack prop output power: 370 kW, Pcomp: 3.4 kW
Cell efficiency: 0.269, Output efficiency: 0.253
mdot_h2: 9.84 g/s
Reynolds_number: 10,093,728
Stack prop output power: 383 kW, Pcomp: 3.5 kW
Cell efficiency: 0.269, Output efficiency: 0.253
mdot_h2: 10.19 g/s
Reynolds_number: 6,709,346
Stack prop output power: 331 kW, Pcomp: 2.9 kW
Cell efficiency: 0.305, Output efficiency: 0.287
mdot_h2: 7.76 g/s
Reynolds_number: 6,709,346
Stack prop output power: 342 kW, Pcomp: 3.0 kW
Cell efficiency: 0.305, Output efficiency: 0.287
mdot_h2: 8.03 g/s
Reynolds_number: 10,093,728
Stack prop output power: 400 kW, Pcomp: 28.8 kW
Cell efficiency: 0.298, Output efficiency: 0.264
mdot_h2: 10.21 g/s
Reynolds_number: 10,093,728
Stack prop output power: 410 kW, Pcomp: 29.5 kW
Cell efficiency: 0.298, Output efficiency: 0.264
mdot_h2: 10.45 g/s
Reynolds_number: 10,093,728
Stack prop output power: 411 kW, Pcomp: 29.6 kW
Cell efficiency: 0.298, Output efficiency: 0.264
mdot_h2: 10.47 g/s
Fuel-cell system mass representative phase: cruise (P_fc_sys=821.434 kW).

-----------------------
ptotal_climb: 1,019 kW, mtom_est: 5,715 kg, mtom: 5,580 kg, residual: +134.30 kg

MTOM update: fixed_point_prebracket, relax=1.000 -> mtom_next=5,687.65 kg

======================================================
======================= ITER 5 =======================
Reynolds_number: 10,093,728
Stack prop output power: 411 kW, Pcomp: 29.6 kW
Cell efficiency: 0.298, Output efficiency: 0.264
mdot_h2: 10.47 g/s
Reynolds_number: 10,093,728
Stack prop output power: 418 kW, Pcomp: 30.1 kW
Cell efficiency: 0.298, Output efficiency: 0.264
mdot_h2: 10.66 g/s
Reynolds_number: 10,093,728
Stack prop output power: 419 kW, Pcomp: 30.2 kW
Cell efficiency: 0.298, Output efficiency: 0.264
mdot_h2: 10.67 g/s
Reynolds_number: 10,093,728
Stack prop output power: 381 kW, Pcomp: 3.5 kW
Cell efficiency: 0.269, Output efficiency: 0.253
mdot_h2: 10.12 g/s
Reynolds_number: 10,093,728
Stack prop output power: 390 kW, Pcomp: 3.6 kW
Cell efficiency: 0.269, Output efficiency: 0.253
mdot_h2: 10.38 g/s
Reynolds_number: 6,709,346
Stack prop output power: 340 kW, Pcomp: 3.0 kW
Cell efficiency: 0.305, Output efficiency: 0.287
mdot_h2: 7.98 g/s
Reynolds_number: 6,709,346
Stack prop output power: 349 kW, Pcomp: 3.0 kW
Cell efficiency: 0.305, Output efficiency: 0.287
mdot_h2: 8.19 g/s
Reynolds_number: 10,093,728
Stack prop output power: 411 kW, Pcomp: 29.6 kW
Cell efficiency: 0.298, Output efficiency: 0.264
mdot_h2: 10.47 g/s
Reynolds_number: 10,093,728
Stack prop output power: 418 kW, Pcomp: 30.1 kW
Cell efficiency: 0.298, Output efficiency: 0.264
mdot_h2: 10.66 g/s
Reynolds_number: 10,093,728
Stack prop output power: 419 kW, Pcomp: 30.2 kW
Cell efficiency: 0.298, Output efficiency: 0.264
mdot_h2: 10.67 g/s
Fuel-cell system mass representative phase: cruise (P_fc_sys=837.252 kW).

-----------------------
ptotal_climb: 1,039 kW, mtom_est: 5,790 kg, mtom: 5,688 kg, residual: +102.46 kg

MTOM update: newton_prebracket, relax=1.000 -> mtom_next=6,033.39 kg

======================================================
======================= ITER 6 =======================
Reynolds_number: 10,093,728
Stack prop output power: 419 kW, Pcomp: 30.2 kW
Cell efficiency: 0.298, Output efficiency: 0.264
mdot_h2: 10.68 g/s
Reynolds_number: 10,093,728
Stack prop output power: 442 kW, Pcomp: 31.9 kW
Cell efficiency: 0.298, Output efficiency: 0.264
mdot_h2: 11.28 g/s
Reynolds_number: 10,093,728
Stack prop output power: 444 kW, Pcomp: 32.0 kW
Cell efficiency: 0.298, Output efficiency: 0.264
mdot_h2: 11.32 g/s
Reynolds_number: 10,093,728
Stack prop output power: 383 kW, Pcomp: 3.5 kW
Cell efficiency: 0.269, Output efficiency: 0.253
mdot_h2: 10.18 g/s
Reynolds_number: 10,093,728
Stack prop output power: 414 kW, Pcomp: 3.8 kW
Cell efficiency: 0.269, Output efficiency: 0.253
mdot_h2: 11.01 g/s
Reynolds_number: 6,709,346
Stack prop output power: 342 kW, Pcomp: 3.0 kW
Cell efficiency: 0.305, Output efficiency: 0.287
mdot_h2: 8.02 g/s
Reynolds_number: 6,709,346
Stack prop output power: 370 kW, Pcomp: 3.2 kW
Cell efficiency: 0.305, Output efficiency: 0.287
mdot_h2: 8.68 g/s
Reynolds_number: 10,093,728
Stack prop output power: 419 kW, Pcomp: 30.2 kW
Cell efficiency: 0.298, Output efficiency: 0.264
mdot_h2: 10.68 g/s
Reynolds_number: 10,093,728
Stack prop output power: 442 kW, Pcomp: 31.9 kW
Cell efficiency: 0.298, Output efficiency: 0.264
mdot_h2: 11.28 g/s
Reynolds_number: 10,093,728
Stack prop output power: 444 kW, Pcomp: 32.0 kW
Cell efficiency: 0.298, Output efficiency: 0.264
mdot_h2: 11.32 g/s
Fuel-cell system mass representative phase: cruise (P_fc_sys=888.134 kW).

-----------------------
ptotal_climb: 1,102 kW, mtom_est: 6,030 kg, mtom: 6,033 kg, residual: -3.20 kg


CONVERGED

CONVERGED STATE [MTOM iteration 6]
  MTOM=6,030 kg | Wing loading=239.51 kg/m^2 | P/W(climb)=182.78 W/kg
  Phase power: climb=1,102.2 kW | cruise=888.1 kW | takeoff=985.5 kW | cruise+charger=888.1 kW
  Power split (climb): FC=820.9 kW | Battery=273.6 kW | Compressor=7.6 kW | Cooling=369.3 kW | H2=22.018 g/s
  Compressor max across phases: 64.0 kW (cruise)
  FC representative phase (mass sizing): cruise (888.1 kW)
  Mass summary: MTOM=6,030 kg | Powertrain=1,657 kg | Tank=870.1 kg | Fuel=386.7 kg | Battery=224.8 kg | Nacelle power density=0.63 kW/kg
  Geometry: Main wing area=25.18 m^2 | Horizontal tail area=3.161 m^2 | Horizontal tail location=13.403 m | Vertical tail area=3.175 m^2 | Vertical tail location=13.054 m
  Config: wing loading input=239.63 kg/m^2 | P/W TO/Cl/Cr=0.11889/0.13293/0.09931 kW/kg

=============================================================
========================= CONVERGED =========================
=============================================================
Constraint sizing: ENABLED (min_combined_pw)
Input W/S: 239.63 kg/m^2 (2,350.0 Pa)
Input P/W [kW/kg]: takeoff 0.11889, climb 0.13293, cruise 0.09931
-------------------------------------------------------------

Mission Time
Climb time: 10.94 min (0.18 h)
Cruise time: 271.26 min (4.52 h)
Total flight time: 304.20 min (5.07 h)

Phase Power Breakdown
Phase      Time[min]     Total[kW]    FC Stack[kW]   Battery[kW]   Compressor[kW]   Cooling[kW]
-----------------------------------------------------------------------------------------------
ready           0.00          55.1            55.1           0.0              0.0           0.0
taxi            5.00         110.2           110.2           0.0              0.0           0.0
takeoff         1.00         985.5           734.3         244.8              6.4         277.9
climb          10.94       1,102.2           820.9         273.6              7.6         369.3
cruise        271.26         888.1           824.1           0.0             64.0         365.7
loiter         15.00          88.8            82.4           0.0              6.4          36.6
landing         1.00           0.0             0.0           0.0              0.0           0.0

Pcomp_max (solved phases): 64.0 kW (cruise)
Pnet (climb): 995 kW
Pelectricnet (climb): 1,095 kW
eta_pt: 0.9031

Geometry
S_wing: 25.18 m^2
b_wing: 15.05 m
Lfus: 15.20 m
Ltank: 7.75 m
S_HT: 3.16 m^2
S_VT: 3.17 m^2
b_HT: 3.77 m
b_VT: 2.46 m
X_HT_act: 13.40 m
X_VT_act: 13.05 m

One Nacelle (1/2)
Stack(1/2): 258 kg, Compressor: 127 kg, Humidifier: 90 kg, HX: 233 kg
W_FCS_single_nacelle (W_Stack+W_Compressor+W_Humidifier+W_Hx): 708 kg
Representative FC phase: cruise
Specific Power of Nacelle System: 0.627 kW/kg
dim_hx: dX=1.107 m, dY=1.107 m, dZ=0.213 m
dim_stack: dX=0.367 m, dY=0.280 m, dZ=0.280 m

ALL Nacelles
W_FCS_total: 1,417 kg
W_PMAD: 95 kg
W_Motors: 145 kg

-----------------------
W_Powertrain (W_FCS_total+W_PMAD+W_Motors): 1,657 kg
-----------------------
W_wing: 411 kg
W_Htail: 24 kg
W_Vtail: 47 kg
W_fuselage: 473 kg
W_lnd_gear_main: 243 kg
W_lnd_gear_nose: 65 kg
W_flight_control: 366 kg
W_electric_system: 300 kg
W_iae: 87 kg
W_hydraulics: 72 kg
W_fur: 452 kg
-----------------------
OEM: 2,541 kg
-----------------------
W_tank: 870 kg
W_fuel: 386.7 kg
W_batt: 224.8 kg
-----------------------
W_payload: 350 kg
-----------------------
MTOM_grouped (OEM+W_tank+W_fuel+W_batt+W_Powertrain+W_payload): 6,030 kg
MTOM: 6,030 kg
-----------------------

Wing loading (MTOM/S_wing): 239.51 kg/m^2
Power-to-weight (converged): 182.78 W/kg

mdot_H2(cruise): 22.6 g/s
Vtankex: 16.6 m^3
========================== END ==============================


=============================================================
Execution time: 57.9 seconds
=============================================================
