ADRpy constraint sizing (min_combined_pw): W/S=2350.0 Pa (239.63 kg/m^2), P/W_TO=0.11889 kW/kg, P/W_climb=0.13435 kW/kg, P/W_cruise=0.19930 kW/kg
======================================================
======================= ITER 1 =======================
Reynolds_number: 14,266,755
Stack prop output power: 500 kW, Pcomp: 25.9 kW
Cell efficiency: 0.304, Output efficiency: 0.274
mdot_h2: 12.28 g/s
Reynolds_number: 14,266,755
Stack prop output power: 711 kW, Pcomp: 36.8 kW
Cell efficiency: 0.304, Output efficiency: 0.274
mdot_h2: 17.46 g/s
Reynolds_number: 14,266,755
Stack prop output power: 722 kW, Pcomp: 37.3 kW
Cell efficiency: 0.304, Output efficiency: 0.274
mdot_h2: 17.73 g/s
Reynolds_number: 14,266,755
Stack prop output power: 723 kW, Pcomp: 37.4 kW
Cell efficiency: 0.304, Output efficiency: 0.274
mdot_h2: 17.74 g/s
Reynolds_number: 14,266,755
Stack prop output power: 385 kW, Pcomp: 3.5 kW
Cell efficiency: 0.286, Output efficiency: 0.269
mdot_h2: 9.65 g/s
Reynolds_number: 14,266,755
Stack prop output power: 347 kW, Pcomp: 3.1 kW
Cell efficiency: 0.286, Output efficiency: 0.269
mdot_h2: 8.69 g/s
Reynolds_number: 6,709,346
Stack prop output power: 399 kW, Pcomp: 3.5 kW
Cell efficiency: 0.305, Output efficiency: 0.287
mdot_h2: 9.35 g/s
Reynolds_number: 6,709,346
Stack prop output power: 308 kW, Pcomp: 2.7 kW
Cell efficiency: 0.305, Output efficiency: 0.287
mdot_h2: 7.22 g/s
Reynolds_number: 6,709,346
Stack prop output power: 307 kW, Pcomp: 2.7 kW
Cell efficiency: 0.305, Output efficiency: 0.287
mdot_h2: 7.20 g/s
Reynolds_number: 14,266,755
Stack prop output power: 500 kW, Pcomp: 25.9 kW
Cell efficiency: 0.304, Output efficiency: 0.274
mdot_h2: 12.28 g/s
Reynolds_number: 14,266,755
Stack prop output power: 711 kW, Pcomp: 36.8 kW
Cell efficiency: 0.304, Output efficiency: 0.274
mdot_h2: 17.46 g/s
Reynolds_number: 14,266,755
Stack prop output power: 722 kW, Pcomp: 37.3 kW
Cell efficiency: 0.304, Output efficiency: 0.274
mdot_h2: 17.73 g/s
Reynolds_number: 14,266,755
Stack prop output power: 723 kW, Pcomp: 37.4 kW
Cell efficiency: 0.304, Output efficiency: 0.274
mdot_h2: 17.74 g/s
Fuel-cell system mass representative phase: cruise (P_fc_sys=1445.326 kW).

-----------------------
ptotal_climb: 923 kW, mtom_est: 5,509 kg, mtom: 5,000 kg, residual: +508.54 kg

MTOM update: initial_bracket_probe_1, relax=1.000 -> mtom_next=5,250.00 kg

======================================================
======================= ITER 2 =======================
Reynolds_number: 14,266,755
Stack prop output power: 723 kW, Pcomp: 37.4 kW
Cell efficiency: 0.304, Output efficiency: 0.274
mdot_h2: 17.74 g/s
Reynolds_number: 14,266,755
Stack prop output power: 757 kW, Pcomp: 39.1 kW
Cell efficiency: 0.304, Output efficiency: 0.274
mdot_h2: 18.58 g/s
Reynolds_number: 14,266,755
Stack prop output power: 759 kW, Pcomp: 39.2 kW
Cell efficiency: 0.304, Output efficiency: 0.274
mdot_h2: 18.63 g/s
Reynolds_number: 14,266,755
Stack prop output power: 341 kW, Pcomp: 3.1 kW
Cell efficiency: 0.286, Output efficiency: 0.269
mdot_h2: 8.54 g/s
Reynolds_number: 14,266,755
Stack prop output power: 364 kW, Pcomp: 3.3 kW
Cell efficiency: 0.286, Output efficiency: 0.269
mdot_h2: 9.12 g/s
Reynolds_number: 6,709,346
Stack prop output power: 302 kW, Pcomp: 2.6 kW
Cell efficiency: 0.305, Output efficiency: 0.287
mdot_h2: 7.08 g/s
Reynolds_number: 6,709,346
Stack prop output power: 322 kW, Pcomp: 2.8 kW
Cell efficiency: 0.305, Output efficiency: 0.287
mdot_h2: 7.55 g/s
Reynolds_number: 14,266,755
Stack prop output power: 723 kW, Pcomp: 37.4 kW
Cell efficiency: 0.304, Output efficiency: 0.274
mdot_h2: 17.74 g/s
Reynolds_number: 14,266,755
Stack prop output power: 757 kW, Pcomp: 39.1 kW
Cell efficiency: 0.304, Output efficiency: 0.274
mdot_h2: 18.58 g/s
Reynolds_number: 14,266,755
Stack prop output power: 759 kW, Pcomp: 39.2 kW
Cell efficiency: 0.304, Output efficiency: 0.274
mdot_h2: 18.63 g/s
Fuel-cell system mass representative phase: cruise (P_fc_sys=1517.586 kW).

-----------------------
ptotal_climb: 969 kW, mtom_est: 5,693 kg, mtom: 5,250 kg, residual: +443.35 kg

MTOM update: fixed_point_prebracket, relax=1.000 -> mtom_next=5,604.68 kg

======================================================
======================= ITER 3 =======================
Reynolds_number: 14,266,755
Stack prop output power: 759 kW, Pcomp: 39.2 kW
Cell efficiency: 0.304, Output efficiency: 0.274
mdot_h2: 18.63 g/s
Reynolds_number: 14,266,755
Stack prop output power: 807 kW, Pcomp: 41.8 kW
Cell efficiency: 0.304, Output efficiency: 0.274
mdot_h2: 19.82 g/s
Reynolds_number: 14,266,755
Stack prop output power: 810 kW, Pcomp: 41.9 kW
Cell efficiency: 0.304, Output efficiency: 0.274
mdot_h2: 19.88 g/s
Reynolds_number: 14,266,755
Stack prop output power: 356 kW, Pcomp: 3.2 kW
Cell efficiency: 0.286, Output efficiency: 0.269
mdot_h2: 8.92 g/s
Reynolds_number: 14,266,755
Stack prop output power: 389 kW, Pcomp: 3.5 kW
Cell efficiency: 0.286, Output efficiency: 0.269
mdot_h2: 9.73 g/s
Reynolds_number: 6,709,346
Stack prop output power: 315 kW, Pcomp: 2.7 kW
Cell efficiency: 0.305, Output efficiency: 0.287
mdot_h2: 7.39 g/s
Reynolds_number: 6,709,346
Stack prop output power: 344 kW, Pcomp: 3.0 kW
Cell efficiency: 0.305, Output efficiency: 0.287
mdot_h2: 8.06 g/s
Reynolds_number: 14,266,755
Stack prop output power: 759 kW, Pcomp: 39.2 kW
Cell efficiency: 0.304, Output efficiency: 0.274
mdot_h2: 18.63 g/s
Reynolds_number: 14,266,755
Stack prop output power: 807 kW, Pcomp: 41.8 kW
Cell efficiency: 0.304, Output efficiency: 0.274
mdot_h2: 19.82 g/s
Reynolds_number: 14,266,755
Stack prop output power: 810 kW, Pcomp: 41.9 kW
Cell efficiency: 0.304, Output efficiency: 0.274
mdot_h2: 19.88 g/s
Fuel-cell system mass representative phase: cruise (P_fc_sys=1620.107 kW).

-----------------------
ptotal_climb: 1,035 kW, mtom_est: 5,958 kg, mtom: 5,605 kg, residual: +353.15 kg

MTOM update: fixed_point_prebracket, relax=1.000 -> mtom_next=5,887.20 kg

======================================================
======================= ITER 4 =======================
Reynolds_number: 14,266,755
Stack prop output power: 810 kW, Pcomp: 41.9 kW
Cell efficiency: 0.304, Output efficiency: 0.274
mdot_h2: 19.89 g/s
Reynolds_number: 14,266,755
Stack prop output power: 849 kW, Pcomp: 43.9 kW
Cell efficiency: 0.304, Output efficiency: 0.274
mdot_h2: 20.84 g/s
Reynolds_number: 14,266,755
Stack prop output power: 851 kW, Pcomp: 44.0 kW
Cell efficiency: 0.304, Output efficiency: 0.274
mdot_h2: 20.89 g/s
Reynolds_number: 14,266,755
Stack prop output power: 382 kW, Pcomp: 3.4 kW
Cell efficiency: 0.286, Output efficiency: 0.269
mdot_h2: 9.57 g/s
Reynolds_number: 14,266,755
Stack prop output power: 408 kW, Pcomp: 3.7 kW
Cell efficiency: 0.286, Output efficiency: 0.269
mdot_h2: 10.22 g/s
Reynolds_number: 6,709,346
Stack prop output power: 338 kW, Pcomp: 2.9 kW
Cell efficiency: 0.305, Output efficiency: 0.287
mdot_h2: 7.93 g/s
Reynolds_number: 6,709,346
Stack prop output power: 361 kW, Pcomp: 3.1 kW
Cell efficiency: 0.305, Output efficiency: 0.287
mdot_h2: 8.47 g/s
Reynolds_number: 14,266,755
Stack prop output power: 810 kW, Pcomp: 41.9 kW
Cell efficiency: 0.304, Output efficiency: 0.274
mdot_h2: 19.89 g/s
Reynolds_number: 14,266,755
Stack prop output power: 849 kW, Pcomp: 43.9 kW
Cell efficiency: 0.304, Output efficiency: 0.274
mdot_h2: 20.84 g/s
Reynolds_number: 14,266,755
Stack prop output power: 851 kW, Pcomp: 44.0 kW
Cell efficiency: 0.304, Output efficiency: 0.274
mdot_h2: 20.89 g/s
Fuel-cell system mass representative phase: cruise (P_fc_sys=1701.776 kW).

-----------------------
ptotal_climb: 1,087 kW, mtom_est: 6,173 kg, mtom: 5,887 kg, residual: +285.49 kg

MTOM update: fixed_point_prebracket, relax=1.000 -> mtom_next=6,115.59 kg

======================================================
======================= ITER 5 =======================
Reynolds_number: 14,266,755
Stack prop output power: 851 kW, Pcomp: 44.0 kW
Cell efficiency: 0.304, Output efficiency: 0.274
mdot_h2: 20.89 g/s
Reynolds_number: 14,266,755
Stack prop output power: 882 kW, Pcomp: 45.6 kW
Cell efficiency: 0.304, Output efficiency: 0.274
mdot_h2: 21.66 g/s
Reynolds_number: 14,266,755
Stack prop output power: 884 kW, Pcomp: 45.7 kW
Cell efficiency: 0.304, Output efficiency: 0.274
mdot_h2: 21.70 g/s
Reynolds_number: 14,266,755
Stack prop output power: 403 kW, Pcomp: 3.6 kW
Cell efficiency: 0.286, Output efficiency: 0.269
mdot_h2: 10.10 g/s
Reynolds_number: 14,266,755
Stack prop output power: 424 kW, Pcomp: 3.8 kW
Cell efficiency: 0.286, Output efficiency: 0.269
mdot_h2: 10.62 g/s
Reynolds_number: 6,709,346
Stack prop output power: 357 kW, Pcomp: 3.1 kW
Cell efficiency: 0.305, Output efficiency: 0.287
mdot_h2: 8.37 g/s
Reynolds_number: 6,709,346
Stack prop output power: 375 kW, Pcomp: 3.3 kW
Cell efficiency: 0.305, Output efficiency: 0.287
mdot_h2: 8.80 g/s
Reynolds_number: 14,266,755
Stack prop output power: 851 kW, Pcomp: 44.0 kW
Cell efficiency: 0.304, Output efficiency: 0.274
mdot_h2: 20.89 g/s
Reynolds_number: 14,266,755
Stack prop output power: 882 kW, Pcomp: 45.6 kW
Cell efficiency: 0.304, Output efficiency: 0.274
mdot_h2: 21.66 g/s
Reynolds_number: 14,266,755
Stack prop output power: 884 kW, Pcomp: 45.7 kW
Cell efficiency: 0.304, Output efficiency: 0.274
mdot_h2: 21.70 g/s
Fuel-cell system mass representative phase: cruise (P_fc_sys=1767.799 kW).

-----------------------
ptotal_climb: 1,129 kW, mtom_est: 6,339 kg, mtom: 6,116 kg, residual: +223.39 kg

MTOM update: newton_prebracket, relax=1.000 -> mtom_next=6,937.22 kg

======================================================
======================= ITER 6 =======================
Reynolds_number: 14,266,755
Stack prop output power: 884 kW, Pcomp: 45.7 kW
Cell efficiency: 0.304, Output efficiency: 0.274
mdot_h2: 21.70 g/s
Reynolds_number: 14,266,755
Stack prop output power: 997 kW, Pcomp: 51.5 kW
Cell efficiency: 0.304, Output efficiency: 0.274
mdot_h2: 24.47 g/s
Reynolds_number: 14,266,755
Stack prop output power: 1,002 kW, Pcomp: 51.8 kW
Cell efficiency: 0.304, Output efficiency: 0.274
mdot_h2: 24.61 g/s
Reynolds_number: 14,266,755
Stack prop output power: 405 kW, Pcomp: 3.6 kW
Cell efficiency: 0.286, Output efficiency: 0.269
mdot_h2: 10.15 g/s
Reynolds_number: 14,266,755
Stack prop output power: 481 kW, Pcomp: 4.3 kW
Cell efficiency: 0.286, Output efficiency: 0.269
mdot_h2: 12.03 g/s
Reynolds_number: 14,266,755
Stack prop output power: 481 kW, Pcomp: 4.3 kW
Cell efficiency: 0.286, Output efficiency: 0.269
mdot_h2: 12.05 g/s
Reynolds_number: 6,709,346
Stack prop output power: 359 kW, Pcomp: 3.1 kW
Cell efficiency: 0.305, Output efficiency: 0.287
mdot_h2: 8.41 g/s
Reynolds_number: 6,709,346
Stack prop output power: 425 kW, Pcomp: 3.7 kW
Cell efficiency: 0.305, Output efficiency: 0.287
mdot_h2: 9.97 g/s
Reynolds_number: 6,709,346
Stack prop output power: 426 kW, Pcomp: 3.7 kW
Cell efficiency: 0.305, Output efficiency: 0.287
mdot_h2: 9.99 g/s
Reynolds_number: 14,266,755
Stack prop output power: 884 kW, Pcomp: 45.7 kW
Cell efficiency: 0.304, Output efficiency: 0.274
mdot_h2: 21.70 g/s
Reynolds_number: 14,266,755
Stack prop output power: 997 kW, Pcomp: 51.5 kW
Cell efficiency: 0.304, Output efficiency: 0.274
mdot_h2: 24.47 g/s
Reynolds_number: 14,266,755
Stack prop output power: 1,002 kW, Pcomp: 51.8 kW
Cell efficiency: 0.304, Output efficiency: 0.274
mdot_h2: 24.61 g/s
Fuel-cell system mass representative phase: cruise (P_fc_sys=2005.282 kW).

-----------------------
ptotal_climb: 1,281 kW, mtom_est: 6,952 kg, mtom: 6,937 kg, residual: +14.97 kg

MTOM update: newton_prebracket, relax=1.000 -> mtom_next=6,996.22 kg

======================================================
======================= ITER 7 =======================
Reynolds_number: 14,266,755
Stack prop output power: 1,003 kW, Pcomp: 51.9 kW
Cell efficiency: 0.304, Output efficiency: 0.274
mdot_h2: 24.62 g/s
Reynolds_number: 14,266,755
Stack prop output power: 1,011 kW, Pcomp: 52.3 kW
Cell efficiency: 0.304, Output efficiency: 0.274
mdot_h2: 24.81 g/s
Reynolds_number: 14,266,755
Stack prop output power: 480 kW, Pcomp: 4.3 kW
Cell efficiency: 0.286, Output efficiency: 0.269
mdot_h2: 12.02 g/s
Reynolds_number: 14,266,755
Stack prop output power: 485 kW, Pcomp: 4.4 kW
Cell efficiency: 0.286, Output efficiency: 0.269
mdot_h2: 12.15 g/s
Reynolds_number: 6,709,346
Stack prop output power: 425 kW, Pcomp: 3.7 kW
Cell efficiency: 0.305, Output efficiency: 0.287
mdot_h2: 9.96 g/s
Reynolds_number: 6,709,346
Stack prop output power: 429 kW, Pcomp: 3.7 kW
Cell efficiency: 0.305, Output efficiency: 0.287
mdot_h2: 10.07 g/s
Reynolds_number: 14,266,755
Stack prop output power: 1,003 kW, Pcomp: 51.9 kW
Cell efficiency: 0.304, Output efficiency: 0.274
mdot_h2: 24.62 g/s
Reynolds_number: 14,266,755
Stack prop output power: 1,011 kW, Pcomp: 52.3 kW
Cell efficiency: 0.304, Output efficiency: 0.274
mdot_h2: 24.81 g/s
Fuel-cell system mass representative phase: cruise (P_fc_sys=2022.322 kW).

-----------------------
ptotal_climb: 1,292 kW, mtom_est: 6,997 kg, mtom: 6,996 kg, residual: +1.06 kg


CONVERGED

CONVERGED STATE [MTOM iteration 7]
  MTOM=6,997 kg | Wing loading=239.67 kg/m^2 | P/W(climb)=184.58 W/kg
  Phase power: climb=1,291.6 kW | cruise=2,022.3 kW | takeoff=1,142.8 kW | cruise+charger=2,022.3 kW
  Power split (climb): FC=962.1 kW | Battery=320.7 kW | Compressor=8.7 kW | Cooling=406.2 kW | H2=24.306 g/s
  Compressor max across phases: 104.5 kW (cruise)
  FC representative phase (mass sizing): cruise (2,022.3 kW)
  Mass summary: MTOM=6,997 kg | Powertrain=2,820 kg | Tank=670.3 kg | Fuel=297.9 kg | Battery=202.4 kg | Nacelle power density=0.80 kW/kg
  Geometry: Main wing area=29.20 m^2 | Horizontal tail area=4.791 m^2 | Horizontal tail location=11.347 m | Vertical tail area=4.909 m^2 | Vertical tail location=10.825 m
  Config: wing loading input=239.63 kg/m^2 | P/W TO/Cl/Cr=0.11889/0.13435/0.19930 kW/kg

=============================================================
========================= CONVERGED =========================
=============================================================
Constraint sizing: ENABLED (min_combined_pw)
Input W/S: 239.63 kg/m^2 (2,350.0 Pa)
Input P/W [kW/kg]: takeoff 0.11889, climb 0.13435, cruise 0.19930
-------------------------------------------------------------

Mission Time
Climb time: 8.20 min (0.14 h)
Cruise time: 93.88 min (1.56 h)
Total flight time: 124.08 min (2.07 h)

Phase Power Breakdown
Phase      Time[min]     Total[kW]    FC Stack[kW]   Battery[kW]   Compressor[kW]   Cooling[kW]
-----------------------------------------------------------------------------------------------
ready           0.00          64.6            64.6           0.0              0.0           0.0
taxi            5.00         129.2           129.2           0.0              0.0           0.0
takeoff         1.00       1,142.8           851.5         283.8              7.5         328.2
climb           8.20       1,291.6           962.1         320.7              8.7         406.2
cruise         93.88       2,022.3         1,917.8           0.0            104.5         809.5
loiter         15.00         202.2           191.8           0.0             10.5          80.9
landing         1.00           0.0             0.0           0.0              0.0           0.0

Pcomp_max (solved phases): 104.5 kW (cruise)
Pnet (climb): 1,166 kW
Pelectricnet (climb): 1,283 kW
eta_pt: 0.9031

Geometry
S_wing: 29.20 m^2
b_wing: 16.21 m
Lfus: 13.42 m
Ltank: 5.97 m
S_HT: 4.79 m^2
S_VT: 4.91 m^2
b_HT: 4.64 m
b_VT: 3.05 m
X_HT_act: 11.35 m
X_VT_act: 10.83 m

One Nacelle (1/2)
Stack(1/2): 567 kg, Compressor: 110 kg, Humidifier: 183 kg, HX: 409 kg
W_FCS_single_nacelle (W_Stack+W_Compressor+W_Humidifier+W_Hx): 1,270 kg
Representative FC phase: cruise
Specific Power of Nacelle System: 0.796 kW/kg
dim_hx: dX=1.401 m, dY=1.401 m, dZ=0.233 m
dim_stack: dX=0.361 m, dY=0.418 m, dZ=0.418 m

ALL Nacelles
W_FCS_total: 2,540 kg
W_PMAD: 110 kg
W_Motors: 170 kg

-----------------------
W_Powertrain (W_FCS_total+W_PMAD+W_Motors): 2,820 kg
-----------------------
W_wing: 496 kg
W_Htail: 36 kg
W_Vtail: 64 kg
W_fuselage: 495 kg
W_lnd_gear_main: 243 kg
W_lnd_gear_nose: 65 kg
W_flight_control: 366 kg
W_electric_system: 300 kg
W_iae: 99 kg
W_hydraulics: 84 kg
W_fur: 410 kg
-----------------------
OEM: 2,657 kg
-----------------------
W_tank: 670 kg
W_fuel: 297.9 kg
W_batt: 202.4 kg
-----------------------
W_payload: 350 kg
-----------------------
MTOM_grouped (OEM+W_tank+W_fuel+W_batt+W_Powertrain+W_payload): 6,997 kg
MTOM: 6,997 kg
-----------------------

Wing loading (MTOM/S_wing): 239.67 kg/m^2
Power-to-weight (converged): 184.58 W/kg

mdot_H2(cruise): 49.6 g/s
Vtankex: 12.8 m^3
========================== END ==============================


=============================================================
Execution time: 64.4 seconds
=============================================================
