ADRpy constraint sizing (min_combined_pw): W/S=2350.0 Pa (239.63 kg/m^2), P/W_TO=0.11889 kW/kg, P/W_climb=0.13257 kW/kg, P/W_cruise=0.09211 kW/kg
======================================================
======================= ITER 1 =======================
Reynolds_number: 9,130,142
Stack prop output power: 500 kW, Pcomp: 46.9 kW
Cell efficiency: 0.296, Output efficiency: 0.257
mdot_h2: 13.10 g/s
Reynolds_number: 9,130,142
Stack prop output power: 364 kW, Pcomp: 34.1 kW
Cell efficiency: 0.296, Output efficiency: 0.257
mdot_h2: 9.52 g/s
Reynolds_number: 9,130,142
Stack prop output power: 351 kW, Pcomp: 32.9 kW
Cell efficiency: 0.296, Output efficiency: 0.257
mdot_h2: 9.19 g/s
Reynolds_number: 9,130,142
Stack prop output power: 350 kW, Pcomp: 32.8 kW
Cell efficiency: 0.296, Output efficiency: 0.257
mdot_h2: 9.16 g/s
Reynolds_number: 9,130,142
Stack prop output power: 387 kW, Pcomp: 3.6 kW
Cell efficiency: 0.256, Output efficiency: 0.241
mdot_h2: 10.80 g/s
Reynolds_number: 9,130,142
Stack prop output power: 343 kW, Pcomp: 3.2 kW
Cell efficiency: 0.256, Output efficiency: 0.241
mdot_h2: 9.57 g/s
Reynolds_number: 6,709,346
Stack prop output power: 399 kW, Pcomp: 3.5 kW
Cell efficiency: 0.305, Output efficiency: 0.287
mdot_h2: 9.35 g/s
Reynolds_number: 6,709,346
Stack prop output power: 308 kW, Pcomp: 2.7 kW
Cell efficiency: 0.305, Output efficiency: 0.287
mdot_h2: 7.22 g/s
Reynolds_number: 6,709,346
Stack prop output power: 307 kW, Pcomp: 2.7 kW
Cell efficiency: 0.305, Output efficiency: 0.287
mdot_h2: 7.20 g/s
Reynolds_number: 9,130,142
Stack prop output power: 500 kW, Pcomp: 46.9 kW
Cell efficiency: 0.296, Output efficiency: 0.257
mdot_h2: 13.10 g/s
Reynolds_number: 9,130,142
Stack prop output power: 364 kW, Pcomp: 34.1 kW
Cell efficiency: 0.296, Output efficiency: 0.257
mdot_h2: 9.52 g/s
Reynolds_number: 9,130,142
Stack prop output power: 351 kW, Pcomp: 32.9 kW
Cell efficiency: 0.296, Output efficiency: 0.257
mdot_h2: 9.19 g/s
Reynolds_number: 9,130,142
Stack prop output power: 350 kW, Pcomp: 32.8 kW
Cell efficiency: 0.296, Output efficiency: 0.257
mdot_h2: 9.16 g/s
Fuel-cell system mass representative phase: cruise (P_fc_sys=699.059 kW).

-----------------------
ptotal_climb: 911 kW, mtom_est: 5,720 kg, mtom: 5,000 kg, residual: +719.98 kg

MTOM update: initial_bracket_probe_1, relax=1.000 -> mtom_next=5,250.00 kg

======================================================
======================= ITER 2 =======================
Reynolds_number: 9,130,142
Stack prop output power: 350 kW, Pcomp: 32.8 kW
Cell efficiency: 0.296, Output efficiency: 0.257
mdot_h2: 9.15 g/s
Reynolds_number: 9,130,142
Stack prop output power: 365 kW, Pcomp: 34.3 kW
Cell efficiency: 0.296, Output efficiency: 0.257
mdot_h2: 9.57 g/s
Reynolds_number: 9,130,142
Stack prop output power: 367 kW, Pcomp: 34.4 kW
Cell efficiency: 0.296, Output efficiency: 0.257
mdot_h2: 9.61 g/s
Reynolds_number: 9,130,142
Stack prop output power: 337 kW, Pcomp: 3.2 kW
Cell efficiency: 0.256, Output efficiency: 0.241
mdot_h2: 9.40 g/s
Reynolds_number: 9,130,142
Stack prop output power: 359 kW, Pcomp: 3.4 kW
Cell efficiency: 0.256, Output efficiency: 0.241
mdot_h2: 10.03 g/s
Reynolds_number: 6,709,346
Stack prop output power: 302 kW, Pcomp: 2.6 kW
Cell efficiency: 0.305, Output efficiency: 0.287
mdot_h2: 7.08 g/s
Reynolds_number: 6,709,346
Stack prop output power: 322 kW, Pcomp: 2.8 kW
Cell efficiency: 0.305, Output efficiency: 0.287
mdot_h2: 7.55 g/s
Reynolds_number: 9,130,142
Stack prop output power: 350 kW, Pcomp: 32.8 kW
Cell efficiency: 0.296, Output efficiency: 0.257
mdot_h2: 9.15 g/s
Reynolds_number: 9,130,142
Stack prop output power: 365 kW, Pcomp: 34.3 kW
Cell efficiency: 0.296, Output efficiency: 0.257
mdot_h2: 9.57 g/s
Reynolds_number: 9,130,142
Stack prop output power: 367 kW, Pcomp: 34.4 kW
Cell efficiency: 0.296, Output efficiency: 0.257
mdot_h2: 9.61 g/s
Fuel-cell system mass representative phase: cruise (P_fc_sys=733.958 kW).

-----------------------
ptotal_climb: 957 kW, mtom_est: 5,883 kg, mtom: 5,250 kg, residual: +633.26 kg

MTOM update: fixed_point_prebracket, relax=1.000 -> mtom_next=5,756.61 kg

======================================================
======================= ITER 3 =======================
Reynolds_number: 9,130,142
Stack prop output power: 367 kW, Pcomp: 34.4 kW
Cell efficiency: 0.296, Output efficiency: 0.257
mdot_h2: 9.61 g/s
Reynolds_number: 9,130,142
Stack prop output power: 399 kW, Pcomp: 37.4 kW
Cell efficiency: 0.296, Output efficiency: 0.257
mdot_h2: 10.45 g/s
Reynolds_number: 9,130,142
Stack prop output power: 402 kW, Pcomp: 37.7 kW
Cell efficiency: 0.296, Output efficiency: 0.257
mdot_h2: 10.53 g/s
Reynolds_number: 9,130,142
Stack prop output power: 348 kW, Pcomp: 3.3 kW
Cell efficiency: 0.256, Output efficiency: 0.241
mdot_h2: 9.72 g/s
Reynolds_number: 9,130,142
Stack prop output power: 394 kW, Pcomp: 3.7 kW
Cell efficiency: 0.256, Output efficiency: 0.241
mdot_h2: 10.99 g/s
Reynolds_number: 6,709,346
Stack prop output power: 312 kW, Pcomp: 2.7 kW
Cell efficiency: 0.305, Output efficiency: 0.287
mdot_h2: 7.32 g/s
Reynolds_number: 6,709,346
Stack prop output power: 353 kW, Pcomp: 3.1 kW
Cell efficiency: 0.305, Output efficiency: 0.287
mdot_h2: 8.28 g/s
Reynolds_number: 9,130,142
Stack prop output power: 367 kW, Pcomp: 34.4 kW
Cell efficiency: 0.296, Output efficiency: 0.257
mdot_h2: 9.61 g/s
Reynolds_number: 9,130,142
Stack prop output power: 399 kW, Pcomp: 37.4 kW
Cell efficiency: 0.296, Output efficiency: 0.257
mdot_h2: 10.45 g/s
Reynolds_number: 9,130,142
Stack prop output power: 402 kW, Pcomp: 37.7 kW
Cell efficiency: 0.296, Output efficiency: 0.257
mdot_h2: 10.53 g/s
Fuel-cell system mass representative phase: cruise (P_fc_sys=804.756 kW).

-----------------------
ptotal_climb: 1,049 kW, mtom_est: 6,201 kg, mtom: 5,757 kg, residual: +444.74 kg

MTOM update: fixed_point_prebracket, relax=1.000 -> mtom_next=6,112.40 kg

======================================================
======================= ITER 4 =======================
Reynolds_number: 9,130,142
Stack prop output power: 402 kW, Pcomp: 37.8 kW
Cell efficiency: 0.296, Output efficiency: 0.257
mdot_h2: 10.54 g/s
Reynolds_number: 9,130,142
Stack prop output power: 425 kW, Pcomp: 39.9 kW
Cell efficiency: 0.296, Output efficiency: 0.257
mdot_h2: 11.13 g/s
Reynolds_number: 9,130,142
Stack prop output power: 427 kW, Pcomp: 40.1 kW
Cell efficiency: 0.296, Output efficiency: 0.257
mdot_h2: 11.19 g/s
Reynolds_number: 9,130,142
Stack prop output power: 386 kW, Pcomp: 3.6 kW
Cell efficiency: 0.256, Output efficiency: 0.241
mdot_h2: 10.78 g/s
Reynolds_number: 9,130,142
Stack prop output power: 418 kW, Pcomp: 3.9 kW
Cell efficiency: 0.256, Output efficiency: 0.241
mdot_h2: 11.68 g/s
Reynolds_number: 6,709,346
Stack prop output power: 346 kW, Pcomp: 3.0 kW
Cell efficiency: 0.305, Output efficiency: 0.287
mdot_h2: 8.12 g/s
Reynolds_number: 6,709,346
Stack prop output power: 375 kW, Pcomp: 3.3 kW
Cell efficiency: 0.305, Output efficiency: 0.287
mdot_h2: 8.79 g/s
Reynolds_number: 9,130,142
Stack prop output power: 402 kW, Pcomp: 37.8 kW
Cell efficiency: 0.296, Output efficiency: 0.257
mdot_h2: 10.54 g/s
Reynolds_number: 9,130,142
Stack prop output power: 425 kW, Pcomp: 39.9 kW
Cell efficiency: 0.296, Output efficiency: 0.257
mdot_h2: 11.13 g/s
Reynolds_number: 9,130,142
Stack prop output power: 427 kW, Pcomp: 40.1 kW
Cell efficiency: 0.296, Output efficiency: 0.257
mdot_h2: 11.19 g/s
Fuel-cell system mass representative phase: cruise (P_fc_sys=854.515 kW).

-----------------------
ptotal_climb: 1,114 kW, mtom_est: 6,424 kg, mtom: 6,112 kg, residual: +312.03 kg

MTOM update: fixed_point_prebracket, relax=1.000 -> mtom_next=6,362.02 kg

======================================================
======================= ITER 5 =======================
Reynolds_number: 9,130,142
Stack prop output power: 427 kW, Pcomp: 40.1 kW
Cell efficiency: 0.296, Output efficiency: 0.257
mdot_h2: 11.19 g/s
Reynolds_number: 9,130,142
Stack prop output power: 443 kW, Pcomp: 41.6 kW
Cell efficiency: 0.296, Output efficiency: 0.257
mdot_h2: 11.60 g/s
Reynolds_number: 9,130,142
Stack prop output power: 445 kW, Pcomp: 41.7 kW
Cell efficiency: 0.296, Output efficiency: 0.257
mdot_h2: 11.64 g/s
Reynolds_number: 9,130,142
Stack prop output power: 413 kW, Pcomp: 3.9 kW
Cell efficiency: 0.256, Output efficiency: 0.241
mdot_h2: 11.53 g/s
Reynolds_number: 9,130,142
Stack prop output power: 436 kW, Pcomp: 4.1 kW
Cell efficiency: 0.256, Output efficiency: 0.241
mdot_h2: 12.16 g/s
Reynolds_number: 6,709,346
Stack prop output power: 370 kW, Pcomp: 3.2 kW
Cell efficiency: 0.305, Output efficiency: 0.287
mdot_h2: 8.68 g/s
Reynolds_number: 6,709,346
Stack prop output power: 390 kW, Pcomp: 3.4 kW
Cell efficiency: 0.305, Output efficiency: 0.287
mdot_h2: 9.15 g/s
Reynolds_number: 9,130,142
Stack prop output power: 427 kW, Pcomp: 40.1 kW
Cell efficiency: 0.296, Output efficiency: 0.257
mdot_h2: 11.19 g/s
Reynolds_number: 9,130,142
Stack prop output power: 443 kW, Pcomp: 41.6 kW
Cell efficiency: 0.296, Output efficiency: 0.257
mdot_h2: 11.60 g/s
Reynolds_number: 9,130,142
Stack prop output power: 445 kW, Pcomp: 41.7 kW
Cell efficiency: 0.296, Output efficiency: 0.257
mdot_h2: 11.64 g/s
Fuel-cell system mass representative phase: cruise (P_fc_sys=889.426 kW).

-----------------------
ptotal_climb: 1,159 kW, mtom_est: 6,578 kg, mtom: 6,362 kg, residual: +215.80 kg

MTOM update: newton_prebracket, relax=1.000 -> mtom_next=6,921.86 kg

======================================================
======================= ITER 6 =======================
Reynolds_number: 9,130,142
Stack prop output power: 445 kW, Pcomp: 41.7 kW
Cell efficiency: 0.296, Output efficiency: 0.257
mdot_h2: 11.65 g/s
Reynolds_number: 9,130,142
Stack prop output power: 480 kW, Pcomp: 45.1 kW
Cell efficiency: 0.296, Output efficiency: 0.257
mdot_h2: 12.58 g/s
Reynolds_number: 9,130,142
Stack prop output power: 484 kW, Pcomp: 45.4 kW
Cell efficiency: 0.296, Output efficiency: 0.257
mdot_h2: 12.66 g/s
Reynolds_number: 9,130,142
Stack prop output power: 423 kW, Pcomp: 4.0 kW
Cell efficiency: 0.256, Output efficiency: 0.241
mdot_h2: 11.81 g/s
Reynolds_number: 9,130,142
Stack prop output power: 474 kW, Pcomp: 4.4 kW
Cell efficiency: 0.256, Output efficiency: 0.241
mdot_h2: 13.22 g/s
Reynolds_number: 6,709,346
Stack prop output power: 379 kW, Pcomp: 3.3 kW
Cell efficiency: 0.305, Output efficiency: 0.287
mdot_h2: 8.89 g/s
Reynolds_number: 6,709,346
Stack prop output power: 425 kW, Pcomp: 3.7 kW
Cell efficiency: 0.305, Output efficiency: 0.287
mdot_h2: 9.95 g/s
Reynolds_number: 9,130,142
Stack prop output power: 445 kW, Pcomp: 41.7 kW
Cell efficiency: 0.296, Output efficiency: 0.257
mdot_h2: 11.65 g/s
Reynolds_number: 9,130,142
Stack prop output power: 480 kW, Pcomp: 45.1 kW
Cell efficiency: 0.296, Output efficiency: 0.257
mdot_h2: 12.58 g/s
Reynolds_number: 9,130,142
Stack prop output power: 484 kW, Pcomp: 45.4 kW
Cell efficiency: 0.296, Output efficiency: 0.257
mdot_h2: 12.66 g/s
Fuel-cell system mass representative phase: cruise (P_fc_sys=967.660 kW).

-----------------------
ptotal_climb: 1,261 kW, mtom_est: 6,932 kg, mtom: 6,922 kg, residual: +10.56 kg

MTOM update: newton_prebracket, relax=1.000 -> mtom_next=6,950.66 kg

======================================================
======================= ITER 7 =======================
Reynolds_number: 9,130,142
Stack prop output power: 484 kW, Pcomp: 45.4 kW
Cell efficiency: 0.296, Output efficiency: 0.257
mdot_h2: 12.67 g/s
Reynolds_number: 9,130,142
Stack prop output power: 486 kW, Pcomp: 45.6 kW
Cell efficiency: 0.296, Output efficiency: 0.257
mdot_h2: 12.72 g/s
Reynolds_number: 9,130,142
Stack prop output power: 473 kW, Pcomp: 4.4 kW
Cell efficiency: 0.256, Output efficiency: 0.241
mdot_h2: 13.22 g/s
Reynolds_number: 9,130,142
Stack prop output power: 476 kW, Pcomp: 4.5 kW
Cell efficiency: 0.256, Output efficiency: 0.241
mdot_h2: 13.29 g/s
Reynolds_number: 6,709,346
Stack prop output power: 424 kW, Pcomp: 3.7 kW
Cell efficiency: 0.305, Output efficiency: 0.287
mdot_h2: 9.95 g/s
Reynolds_number: 6,709,346
Stack prop output power: 427 kW, Pcomp: 3.7 kW
Cell efficiency: 0.305, Output efficiency: 0.287
mdot_h2: 10.00 g/s
Reynolds_number: 9,130,142
Stack prop output power: 484 kW, Pcomp: 45.4 kW
Cell efficiency: 0.296, Output efficiency: 0.257
mdot_h2: 12.67 g/s
Reynolds_number: 9,130,142
Stack prop output power: 486 kW, Pcomp: 45.6 kW
Cell efficiency: 0.296, Output efficiency: 0.257
mdot_h2: 12.72 g/s
Fuel-cell system mass representative phase: cruise (P_fc_sys=971.715 kW).

-----------------------
ptotal_climb: 1,267 kW, mtom_est: 6,951 kg, mtom: 6,951 kg, residual: +0.10 kg


CONVERGED

CONVERGED STATE [MTOM iteration 7]
  MTOM=6,951 kg | Wing loading=239.64 kg/m^2 | P/W(climb)=182.22 W/kg
  Phase power: climb=1,266.5 kW | cruise=971.7 kW | takeoff=1,135.3 kW | cruise+charger=971.7 kW
  Power split (climb): FC=943.2 kW | Battery=314.4 kW | Compressor=8.9 kW | Cooling=444.6 kW | H2=26.576 g/s
  Compressor max across phases: 91.1 kW (cruise)
  FC representative phase (mass sizing): cruise (971.7 kW)
  Mass summary: MTOM=6,951 kg | Powertrain=1,962 kg | Tank=742.6 kg | Fuel=330.1 kg | Battery=318.1 kg | Nacelle power density=0.58 kW/kg
  Geometry: Main wing area=29.01 m^2 | Horizontal tail area=4.432 m^2 | Horizontal tail location=12.048 m | Vertical tail area=4.515 m^2 | Vertical tail location=11.563 m
  Config: wing loading input=239.63 kg/m^2 | P/W TO/Cl/Cr=0.11889/0.13257/0.09211 kW/kg

=============================================================
========================= CONVERGED =========================
=============================================================
Constraint sizing: ENABLED (min_combined_pw)
Input W/S: 239.63 kg/m^2 (2,350.0 Pa)
Input P/W [kW/kg]: takeoff 0.11889, climb 0.13257, cruise 0.09211
-------------------------------------------------------------

Mission Time
Climb time: 13.67 min (0.23 h)
Cruise time: 199.14 min (3.32 h)
Total flight time: 234.81 min (3.91 h)

Phase Power Breakdown
Phase      Time[min]     Total[kW]    FC Stack[kW]   Battery[kW]   Compressor[kW]   Cooling[kW]
-----------------------------------------------------------------------------------------------
ready           0.00          63.3            63.3           0.0              0.0           0.0
taxi            5.00         126.7           126.7           0.0              0.0           0.0
takeoff         1.00       1,135.3           845.9         282.0              7.4         314.5
climb          13.67       1,266.5           943.2         314.4              8.9         444.6
cruise        199.14         971.7           880.6           0.0             91.1         404.5
loiter         15.00          97.2            88.1           0.0              9.1          40.4
landing         1.00           0.0             0.0           0.0              0.0           0.0

Pcomp_max (solved phases): 91.1 kW (cruise)
Pnet (climb): 1,144 kW
Pelectricnet (climb): 1,258 kW
eta_pt: 0.9031

Geometry
S_wing: 29.01 m^2
b_wing: 16.16 m
Lfus: 14.07 m
Ltank: 6.62 m
S_HT: 4.43 m^2
S_VT: 4.51 m^2
b_HT: 4.47 m
b_VT: 2.93 m
X_HT_act: 12.05 m
X_VT_act: 11.56 m

One Nacelle (1/2)
Stack(1/2): 290 kg, Compressor: 178 kg, Humidifier: 105 kg, HX: 269 kg
W_FCS_single_nacelle (W_Stack+W_Compressor+W_Humidifier+W_Hx): 842 kg
Representative FC phase: cruise
Specific Power of Nacelle System: 0.577 kW/kg
dim_hx: dX=1.200 m, dY=1.200 m, dZ=0.209 m
dim_stack: dX=0.369 m, dY=0.296 m, dZ=0.296 m

ALL Nacelles
W_FCS_total: 1,684 kg
W_PMAD: 111 kg
W_Motors: 167 kg

-----------------------
W_Powertrain (W_FCS_total+W_PMAD+W_Motors): 1,962 kg
-----------------------
W_wing: 490 kg
W_Htail: 33 kg
W_Vtail: 61 kg
W_fuselage: 433 kg
W_lnd_gear_main: 243 kg
W_lnd_gear_nose: 65 kg
W_flight_control: 366 kg
W_electric_system: 300 kg
W_iae: 99 kg
W_hydraulics: 83 kg
W_fur: 425 kg
-----------------------
OEM: 2,598 kg
-----------------------
W_tank: 743 kg
W_fuel: 330.1 kg
W_batt: 318.1 kg
-----------------------
W_payload: 1,000 kg
-----------------------
MTOM_grouped (OEM+W_tank+W_fuel+W_batt+W_Powertrain+W_payload): 6,951 kg
MTOM: 6,951 kg
-----------------------

Wing loading (MTOM/S_wing): 239.64 kg/m^2
Power-to-weight (converged): 182.22 W/kg

mdot_H2(cruise): 25.4 g/s
Vtankex: 14.1 m^3
========================== END ==============================


=============================================================
Execution time: 66.2 seconds
=============================================================
