======================================================
======================= ITER 1 =======================
Reynolds_number: 14,287,728
Stack prop output power: 786 kW, Pcomp: 40.7 kW
Cell efficiency: 0.304, Output efficiency: 0.274
mdot_h2: 19.31 g/s
Reynolds_number: 14,287,728
Stack prop output power: 786 kW, Pcomp: 40.7 kW
Cell efficiency: 0.304, Output efficiency: 0.274
mdot_h2: 19.31 g/s
Reynolds_number: 14,287,728
Stack prop output power: 585 kW, Pcomp: 5.3 kW
Cell efficiency: 0.286, Output efficiency: 0.269
mdot_h2: 14.65 g/s
Reynolds_number: 14,287,728
Stack prop output power: 585 kW, Pcomp: 5.3 kW
Cell efficiency: 0.286, Output efficiency: 0.269
mdot_h2: 14.65 g/s
Reynolds_number: 14,287,728
Stack prop output power: 585 kW, Pcomp: 30.3 kW
Cell efficiency: 0.304, Output efficiency: 0.274
mdot_h2: 14.37 g/s

-----------------------
ptotal_climb: 2,061 kW, mtom_est: 7,073 kg, mtom: 5,000 kg, residual: +2,073.03 kg

MTOM update: fixed_point_fallback, relax=1.000 -> mtom_next=7,073.03 kg

======================================================
======================= ITER 2 =======================
Reynolds_number: 14,287,728
Stack prop output power: 1,113 kW, Pcomp: 57.5 kW
Cell efficiency: 0.304, Output efficiency: 0.274
mdot_h2: 27.31 g/s
Reynolds_number: 14,287,728
Stack prop output power: 1,113 kW, Pcomp: 57.5 kW
Cell efficiency: 0.304, Output efficiency: 0.274
mdot_h2: 27.31 g/s
Reynolds_number: 14,287,728
Stack prop output power: 828 kW, Pcomp: 7.4 kW
Cell efficiency: 0.286, Output efficiency: 0.269
mdot_h2: 20.73 g/s
Reynolds_number: 14,287,728
Stack prop output power: 828 kW, Pcomp: 7.4 kW
Cell efficiency: 0.286, Output efficiency: 0.269
mdot_h2: 20.73 g/s
Reynolds_number: 14,287,728
Stack prop output power: 828 kW, Pcomp: 42.8 kW
Cell efficiency: 0.304, Output efficiency: 0.274
mdot_h2: 20.33 g/s

-----------------------
ptotal_climb: 2,915 kW, mtom_est: 9,003 kg, mtom: 7,073 kg, residual: +1,929.67 kg

MTOM update: newton, relax=1.000 -> mtom_next=10,609.55 kg

======================================================
======================= ITER 3 =======================
Reynolds_number: 14,287,728
Stack prop output power: 1,669 kW, Pcomp: 86.3 kW
Cell efficiency: 0.304, Output efficiency: 0.274
mdot_h2: 40.97 g/s
Reynolds_number: 14,287,728
Stack prop output power: 1,669 kW, Pcomp: 86.3 kW
Cell efficiency: 0.304, Output efficiency: 0.274
mdot_h2: 40.97 g/s
Reynolds_number: 14,287,728
Stack prop output power: 1,242 kW, Pcomp: 11.1 kW
Cell efficiency: 0.286, Output efficiency: 0.269
mdot_h2: 31.09 g/s
Reynolds_number: 14,287,728
Stack prop output power: 1,242 kW, Pcomp: 11.1 kW
Cell efficiency: 0.286, Output efficiency: 0.269
mdot_h2: 31.09 g/s
Reynolds_number: 14,287,728
Stack prop output power: 1,242 kW, Pcomp: 64.2 kW
Cell efficiency: 0.304, Output efficiency: 0.274
mdot_h2: 30.49 g/s

-----------------------
ptotal_climb: 4,373 kW, mtom_est: 12,335 kg, mtom: 10,610 kg, residual: +1,725.81 kg

MTOM update: newton, relax=1.000 -> mtom_next=15,914.32 kg

======================================================
======================= ITER 4 =======================
Reynolds_number: 14,287,728
Stack prop output power: 2,503 kW, Pcomp: 129.5 kW
Cell efficiency: 0.304, Output efficiency: 0.274
mdot_h2: 61.45 g/s
Reynolds_number: 14,287,728
Stack prop output power: 2,503 kW, Pcomp: 129.5 kW
Cell efficiency: 0.304, Output efficiency: 0.274
mdot_h2: 61.45 g/s
Reynolds_number: 14,287,728
Stack prop output power: 1,863 kW, Pcomp: 16.7 kW
Cell efficiency: 0.286, Output efficiency: 0.269
mdot_h2: 46.64 g/s
Reynolds_number: 14,287,728
Stack prop output power: 1,863 kW, Pcomp: 16.7 kW
Cell efficiency: 0.286, Output efficiency: 0.269
mdot_h2: 46.64 g/s
Reynolds_number: 14,287,728
Stack prop output power: 1,863 kW, Pcomp: 96.3 kW
Cell efficiency: 0.304, Output efficiency: 0.274
mdot_h2: 45.73 g/s

-----------------------
ptotal_climb: 6,559 kW, mtom_est: 17,416 kg, mtom: 15,914 kg, residual: +1,501.46 kg

MTOM update: newton, relax=1.000 -> mtom_next=23,871.48 kg

======================================================
======================= ITER 5 =======================
Reynolds_number: 14,287,728
Stack prop output power: 3,755 kW, Pcomp: 194.2 kW
Cell efficiency: 0.304, Output efficiency: 0.274
mdot_h2: 92.17 g/s
Reynolds_number: 14,287,728
Stack prop output power: 3,755 kW, Pcomp: 194.2 kW
Cell efficiency: 0.304, Output efficiency: 0.274
mdot_h2: 92.17 g/s
Reynolds_number: 14,287,728
Traceback (most recent call last):
  File "/home/shoh95/Programming/HFCAD/app/main.py", line 2669, in <module>
    main()
  File "/home/shoh95/Programming/HFCAD/app/main.py", line 2643, in main
    cfg_used, phases, mass, _trade_df = runner.run(out_dir=out_dir)
                                        ^^^^^^^^^^^^^^^^^^^^^^^^^^^
  File "/home/shoh95/Programming/HFCAD/app/main.py", line 2145, in run
    return self._run_min_mtom(out_dir=out_dir)
           ^^^^^^^^^^^^^^^^^^^^^^^^^^^^^^^^^^^
  File "/home/shoh95/Programming/HFCAD/app/main.py", line 2245, in _run_min_mtom
    phases_i, mass_i = design.run(initial_mtom_kg=mtom_seed, initial_total_power_guess_w=p_seed)
                       ^^^^^^^^^^^^^^^^^^^^^^^^^^^^^^^^^^^^^^^^^^^^^^^^^^^^^^^^^^^^^^^^^^^^^^^^^
  File "/home/shoh95/Programming/HFCAD/app/main.py", line 1745, in run
    phases["climb"] = self._phase_solver.solve(
                      ^^^^^^^^^^^^^^^^^^^^^^^^^
  File "/home/shoh95/Programming/HFCAD/app/main.py", line 1257, in solve
    nacelle = self._fc.size_nacelle(
              ^^^^^^^^^^^^^^^^^^^^^^
  File "/home/shoh95/Programming/HFCAD/app/main.py", line 1114, in size_nacelle
    geom_comp, power_comp, rho_humid_in, m_dot_comp = compressor_performance_model(
                                                      ^^^^^^^^^^^^^^^^^^^^^^^^^^^^^
  File "/home/shoh95/Programming/HFCAD/app/models/compressor_performance.py", line 100, in compressor_performance_model
    raise ValueError("Rotor outlet enthalpy too high. Reduce RPM!")
ValueError: Rotor outlet enthalpy too high. Reduce RPM!

[run_sweep] FAIL criteria: artifact not found or empty
[run_sweep] expected artifact: results/input_sweep_r3/h3000_M0.45_R1500km_PL1000kg/ConvergedData.txt
[run_sweep] exit code: 1
