[command] /home/shoh95/anaconda3/envs/aerofc/bin/python /home/shoh95/Programming/HFCAD/app/main.py -i /home/shoh95/Programming/HFCAD/app/input_sweep_gui_r1/h3000_PC0.4_PT0.4_R1300.ini --outdir /home/shoh95/Programming/HFCAD/results/input_sweep_gui_r1
[start] 2026-02-21 06:08:00

Auto-widening W/S scan window for min_combined_pw: 1900.0..2600.0 -> 1725.0..2775.0 Pa (factor 1.500, lower_hit=True, upper_hit=False, min_on_edge=False).
Auto-widening W/S scan window for min_combined_pw: 1725.0..2775.0 -> 1462.5..3037.5 Pa (factor 1.500, lower_hit=True, upper_hit=False, min_on_edge=False).
ADRpy constraint sizing (min_combined_pw): W/S=2162.5 Pa (220.51 kg/m^2), P/W_TO=0.17518 kW/kg, P/W_climb=0.17632 kW/kg, P/W_cruise=0.08248 kW/kg
Curve minimum (combined/combined): W/S=2162.5 Pa (220.51 kg/m^2), P/W=0.17632 kW/kg
Curve minimum (takeoff/take-off): W/S=1462.5 Pa (149.13 kg/m^2), P/W=0.10196 kW/kg
Curve minimum (climb/climb): W/S=2312.5 Pa (235.81 kg/m^2), P/W=0.17438 kW/kg
Curve minimum (cruise/cruise): W/S=2312.5 Pa (235.81 kg/m^2), P/W=0.08024 kW/kg
======================================================
======================= ITER 1 =======================
Fuel-cell system mass representative phase: climb (P_fc_sys=725.163 kW).

-----------------------
ptotal_climb: 1,204 kW, mtom_est: 5,545 kg, mtom: 5,000 kg, residual: +544.87 kg

MTOM update: initial_bracket_probe_1, relax=1.000 -> mtom_next=5,325.00 kg

======================================================
======================= ITER 2 =======================
Fuel-cell system mass representative phase: climb (P_fc_sys=772.293 kW).

-----------------------
ptotal_climb: 1,283 kW, mtom_est: 5,750 kg, mtom: 5,325 kg, residual: +424.58 kg

MTOM update: initial_bracket_probe_2, relax=1.000 -> mtom_next=5,650.00 kg

======================================================
======================= ITER 3 =======================
Fuel-cell system mass representative phase: climb (P_fc_sys=819.428 kW).

-----------------------
ptotal_climb: 1,361 kW, mtom_est: 5,957 kg, mtom: 5,650 kg, residual: +307.19 kg

MTOM update: newton_prebracket, relax=1.000 -> mtom_next=6,500.47 kg

======================================================
======================= ITER 4 =======================
Fuel-cell system mass representative phase: climb (P_fc_sys=942.780 kW).

-----------------------
ptotal_climb: 1,566 kW, mtom_est: 6,502 kg, mtom: 6,500 kg, residual: +1.20 kg


CONVERGED

CONVERGED STATE [MTOM iteration 4]
  MTOM=6,502 kg | Wing loading=220.55 kg/m^2 | P/W(climb)=240.81 W/kg
  Phase power: climb=1,565.6 kW | cruise=777.5 kW | loiter=622.0 kW | takeoff=1,555.3 kW | cruise+charger=777.5 kW
  Power split (climb): FC=934.3 kW | Battery=622.9 kW | Compressor=8.5 kW | Cooling=407.6 kW | H2=24.177 g/s
  Compressor max across phases: 40.0 kW (cruise)
  FC representative phase (mass sizing): climb (942.8 kW)
  Mass summary: MTOM=6,502 kg | Powertrain=1,709 kg | Tank=587.1 kg | Fuel=260.9 kg | Battery=370.5 kg | Nacelle power density=0.69 kW/kg
  Geometry: Main wing area=29.48 m^2 | Horizontal tail area=4.475 m^2 | Horizontal tail location=12.215 m | Vertical tail area=4.558 m^2 | Vertical tail location=11.727 m
  Config: wing loading input=220.51 kg/m^2 | P/W TO/Cl/Cr/Lo=0.17518/0.17632/0.08248/0.06599 kW/kg

=============================================================
========================= CONVERGED =========================
=============================================================
Constraint sizing: ENABLED (min_combined_pw)
Input W/S: 220.51 kg/m^2 (2,162.5 Pa)
Input P/W [kW/kg]: takeoff 0.17518, climb 0.17632, cruise 0.08248, loiter 0.06599
Converged P/W [kW/kg]: takeoff 0.23921, climb 0.24081, cruise 0.11959, loiter 0.09567
-------------------------------------------------------------

# Mission Time
Climb time: 7.57 min (0.13 h)
Cruise time: 200.60 min (3.34 h)
Total flight time: 230.17 min (3.84 h)

# Phase Power Breakdown
Phase      Time[min]     Total[kW]    FC Stack[kW]   Battery[kW]   Compressor[kW]   Cooling[kW]   mdot_H2[g/s]
--------------------------------------------------------------------------------------------------------------
ready           0.00          78.3            78.3           0.0              0.0           0.0         0.0
taxi            5.00         156.6           156.6           0.0              0.0           0.0         2.4
takeoff         1.00       1,555.3           928.3         618.8              8.2         357.8        22.0
climb           7.57       1,565.6           934.3         622.9              8.5         407.6        24.2
cruise        200.60         777.5           737.5           0.0             40.0         319.5        19.4
loiter         15.00         622.0           590.0           0.0             32.0         257.5        15.6
landing         1.00           0.0             0.0           0.0              0.0           0.0         0.0

Pcomp_max (solved phases): 40.0 kW (cruise)
Pnet (climb): 1,414 kW
Pelectricnet (climb): 1,557 kW
eta_pt: 0.9031

# Geometry
Main Wing Area: 29.48 m^2
Wingspan: 16.29 m
Fuselage Length: 14.24 m
Hydrogen Tank Length: 5.23 m
Horizontal Tail Area: 4.47 m^2
Vertical Tail Area: 4.56 m^2
Horizontal Tail span: 4.49 m
Vertical Tail span: 2.94 m
Horizontal Tail X_Position: 12.22 m
Vertical Tail X_Position: 11.73 m

# Single Nacelle (1/2)
Stack(1/2): 274 kg, Compressor: 19 kg, Humidifier: 108 kg, HX: 285 kg
Fuelcell System(FCS; Stack+Compressor+Humidifier+Hx): 686 kg
Representative FC phase: climb
Specific Power of Fuelcell System: 0.687 kW/kg
Stack dimension: dX=0.389 m, dY=0.280 m, dZ=0.280 m
Heat Exchanger dimension: dX=1.233 m, dY=1.233 m, dZ=0.209 m

# ALL Nacelles
FCS_total: 1,373 kg
PMAD: 128 kg
Motors: 208 kg

# Total Mass Breakdown
-----------------------
Powertrain (FCS_total+PMAD+Motors): 1,709 kg
-----------------------
Main Wing: 480 kg
Horizontal Tail: 32 kg
Vertical Tail: 59 kg
Fuselage: 429 kg
Landing gear(main): 243 kg
Landing gear(nose): 65 kg
Flight Control System: 366 kg
Electric System: 300 kg
Instruments: 93 kg
Hydraulics: 78 kg
Furnishing: 430 kg
-----------------------
Operating Empty Mass(OEM): 2,574 kg
-----------------------
Hydrogen Tank: 587 kg
Hydrogen Fuel: 260.9 kg
Battery: 370.5 kg
-----------------------
Payload: 1,000 kg
-----------------------
Maximum Takeoff Mass(MTOM): 6,502 kg
-----------------------

Wing loading (MTOM/S_wing): 220.55 kg/m^2
Power-to-weight (maxPow/MTOM): 240.81 W/kg

mdot_H2(cruise): 19.4 g/s
Hydrogen Tank Volume: 11.2 m^3
========================== END ==============================


=============================================================
Execution time: 4.6 seconds
=============================================================
