[command] /home/shoh95/anaconda3/envs/aerofc/bin/python /home/shoh95/Programming/HFCAD/app/main.py -i /home/shoh95/Programming/HFCAD/app/input_sweep_gui_r1/h4500_PC0.25_PT0.25_R1400.ini --outdir /home/shoh95/Programming/HFCAD/results/input_sweep_gui_r1
[start] 2026-02-21 06:08:50

Auto-widening W/S scan window for min_combined_pw: 1900.0..2600.0 -> 1725.0..2775.0 Pa (factor 1.500, lower_hit=True, upper_hit=False, min_on_edge=False).
Auto-widening W/S scan window for min_combined_pw: 1725.0..2775.0 -> 1462.5..3037.5 Pa (factor 1.500, lower_hit=True, upper_hit=False, min_on_edge=False).
ADRpy constraint sizing (min_combined_pw): W/S=2262.5 Pa (230.71 kg/m^2), P/W_TO=0.18667 kW/kg, P/W_climb=0.18930 kW/kg, P/W_cruise=0.07681 kW/kg
Curve minimum (combined/combined): W/S=2262.5 Pa (230.71 kg/m^2), P/W=0.18930 kW/kg
Curve minimum (takeoff/take-off): W/S=1462.5 Pa (149.13 kg/m^2), P/W=0.10196 kW/kg
Curve minimum (climb/climb): W/S=2312.5 Pa (235.81 kg/m^2), P/W=0.18866 kW/kg
Curve minimum (cruise/cruise): W/S=2312.5 Pa (235.81 kg/m^2), P/W=0.07638 kW/kg
======================================================
======================= ITER 1 =======================
Fuel-cell system mass representative phase: climb (P_fc_sys=977.944 kW).

-----------------------
ptotal_climb: 1,301 kW, mtom_est: 6,162 kg, mtom: 5,000 kg, residual: +1,161.60 kg

MTOM update: initial_bracket_probe_1, relax=1.000 -> mtom_next=5,325.00 kg

======================================================
======================= ITER 2 =======================
Fuel-cell system mass representative phase: climb (P_fc_sys=1041.504 kW).

-----------------------
ptotal_climb: 1,385 kW, mtom_est: 6,407 kg, mtom: 5,325 kg, residual: +1,081.77 kg

MTOM update: initial_bracket_probe_2, relax=1.000 -> mtom_next=5,650.00 kg

======================================================
======================= ITER 3 =======================
Fuel-cell system mass representative phase: climb (P_fc_sys=1105.070 kW).

-----------------------
ptotal_climb: 1,470 kW, mtom_est: 6,653 kg, mtom: 5,650 kg, residual: +1,003.47 kg

MTOM update: newton_prebracket, relax=1.000 -> mtom_next=7,627.50 kg

======================================================
======================= ITER 4 =======================
Fuel-cell system mass representative phase: climb (P_fc_sys=1491.854 kW).

-----------------------
ptotal_climb: 1,985 kW, mtom_est: 8,171 kg, mtom: 7,628 kg, residual: +543.23 kg

MTOM update: newton_prebracket, relax=1.000 -> mtom_next=9,961.56 kg

======================================================
======================= ITER 5 =======================
Fuel-cell system mass representative phase: climb (P_fc_sys=1948.370 kW).

-----------------------
ptotal_climb: 2,592 kW, mtom_est: 9,979 kg, mtom: 9,962 kg, residual: +17.43 kg

MTOM update: newton_prebracket, relax=1.000 -> mtom_next=10,038.95 kg

======================================================
======================= ITER 6 =======================
Fuel-cell system mass representative phase: climb (P_fc_sys=1963.507 kW).

-----------------------
ptotal_climb: 2,612 kW, mtom_est: 10,037 kg, mtom: 10,039 kg, residual: -1.51 kg


CONVERGED

CONVERGED STATE [MTOM iteration 6]
  MTOM=10,037 kg | Wing loading=230.68 kg/m^2 | P/W(climb)=260.22 W/kg
  Phase power: climb=2,611.9 kW | cruise=1,156.1 kW | loiter=924.8 kW | takeoff=2,574.5 kW | cruise+charger=1,156.1 kW
  Power split (climb): FC=1,945.3 kW | Battery=648.4 kW | Compressor=18.2 kW | Cooling=903.5 kW | H2=53.851 g/s
  Compressor max across phases: 95.6 kW (cruise)
  FC representative phase (mass sizing): climb (1,963.5 kW)
  Mass summary: MTOM=10,037 kg | Powertrain=3,761 kg | Tank=1,009.4 kg | Fuel=448.6 kg | Battery=555.8 kg | Nacelle power density=0.62 kW/kg
  Geometry: Main wing area=43.51 m^2 | Horizontal tail area=6.163 m^2 | Horizontal tail location=15.730 m | Vertical tail area=6.295 m^2 | Vertical tail location=15.102 m
  Config: wing loading input=230.71 kg/m^2 | P/W TO/Cl/Cr/Lo=0.18667/0.18930/0.07681/0.06144 kW/kg

=============================================================
========================= CONVERGED =========================
=============================================================
Constraint sizing: ENABLED (min_combined_pw)
Input W/S: 230.71 kg/m^2 (2,262.5 Pa)
Input P/W [kW/kg]: takeoff 0.18667, climb 0.18930, cruise 0.07681, loiter 0.06144
Converged P/W [kW/kg]: takeoff 0.25649, climb 0.26022, cruise 0.11518, loiter 0.09214
-------------------------------------------------------------

# Mission Time
Climb time: 11.36 min (0.19 h)
Cruise time: 214.32 min (3.57 h)
Total flight time: 247.67 min (4.13 h)

# Phase Power Breakdown
Phase      Time[min]     Total[kW]    FC Stack[kW]   Battery[kW]   Compressor[kW]   Cooling[kW]   mdot_H2[g/s]
--------------------------------------------------------------------------------------------------------------
ready           0.00         130.6           130.6           0.0              0.0           0.0         0.0
taxi            5.00         261.2           261.2           0.0              0.0           0.0         5.4
takeoff         1.00       2,574.5         1,918.2         639.4             16.9         719.0        45.4
climb          11.36       2,611.9         1,945.3         648.4             18.2         903.5        53.9
cruise        214.32       1,156.1         1,060.5           0.0             95.6         481.7        30.0
loiter         15.00         924.8           848.4           0.0             76.5         388.4        24.1
landing         1.00           0.0             0.0           0.0              0.0           0.0         0.0

Pcomp_max (solved phases): 95.6 kW (cruise)
Pnet (climb): 2,359 kW
Pelectricnet (climb): 2,594 kW
eta_pt: 0.9031

# Geometry
Main Wing Area: 43.51 m^2
Wingspan: 19.79 m
Fuselage Length: 18.00 m
Hydrogen Tank Length: 8.99 m
Horizontal Tail Area: 6.16 m^2
Vertical Tail Area: 6.30 m^2
Horizontal Tail span: 5.27 m
Vertical Tail span: 3.46 m
Horizontal Tail X_Position: 15.73 m
Vertical Tail X_Position: 15.10 m

# Single Nacelle (1/2)
Stack(1/2): 607 kg, Compressor: 49 kg, Humidifier: 282 kg, HX: 658 kg
Fuelcell System(FCS; Stack+Compressor+Humidifier+Hx): 1,595 kg
Representative FC phase: climb
Specific Power of Fuelcell System: 0.616 kW/kg
Stack dimension: dX=0.412 m, dY=0.405 m, dZ=0.405 m
Heat Exchanger dimension: dX=1.896 m, dY=1.896 m, dZ=0.204 m

# ALL Nacelles
FCS_total: 3,189 kg
PMAD: 228 kg
Motors: 344 kg

# Total Mass Breakdown
-----------------------
Powertrain (FCS_total+PMAD+Motors): 3,761 kg
-----------------------
Main Wing: 797 kg
Horizontal Tail: 54 kg
Vertical Tail: 89 kg
Fuselage: 575 kg
Landing gear(main): 243 kg
Landing gear(nose): 65 kg
Flight Control System: 366 kg
Electric System: 300 kg
Instruments: 136 kg
Hydraulics: 120 kg
Furnishing: 517 kg
-----------------------
Operating Empty Mass(OEM): 3,262 kg
-----------------------
Hydrogen Tank: 1,009 kg
Hydrogen Fuel: 448.6 kg
Battery: 555.8 kg
-----------------------
Payload: 1,000 kg
-----------------------
Maximum Takeoff Mass(MTOM): 10,037 kg
-----------------------

Wing loading (MTOM/S_wing): 230.68 kg/m^2
Power-to-weight (maxPow/MTOM): 260.22 W/kg

mdot_H2(cruise): 30.0 g/s
Hydrogen Tank Volume: 19.2 m^3
========================== END ==============================


=============================================================
Execution time: 5.4 seconds
=============================================================
