[command] /home/shoh95/anaconda3/envs/aerofc/bin/python /home/shoh95/Programming/HFCAD/app/main.py -i /home/shoh95/Programming/HFCAD/app/input_sweep_gui_r1/h4500_PC0.45_PT0.45_R1300.ini --outdir /home/shoh95/Programming/HFCAD/results/input_sweep_gui_r1
[start] 2026-02-21 06:09:07

Auto-widening W/S scan window for min_combined_pw: 1900.0..2600.0 -> 1725.0..2775.0 Pa (factor 1.500, lower_hit=True, upper_hit=False, min_on_edge=False).
Auto-widening W/S scan window for min_combined_pw: 1725.0..2775.0 -> 1462.5..3037.5 Pa (factor 1.500, lower_hit=True, upper_hit=False, min_on_edge=False).
ADRpy constraint sizing (min_combined_pw): W/S=2262.5 Pa (230.71 kg/m^2), P/W_TO=0.18667 kW/kg, P/W_climb=0.18930 kW/kg, P/W_cruise=0.07681 kW/kg
Curve minimum (combined/combined): W/S=2262.5 Pa (230.71 kg/m^2), P/W=0.18930 kW/kg
Curve minimum (takeoff/take-off): W/S=1462.5 Pa (149.13 kg/m^2), P/W=0.10196 kW/kg
Curve minimum (climb/climb): W/S=2312.5 Pa (235.81 kg/m^2), P/W=0.18866 kW/kg
Curve minimum (cruise/cruise): W/S=2312.5 Pa (235.81 kg/m^2), P/W=0.07638 kW/kg
======================================================
======================= ITER 1 =======================
Fuel-cell system mass representative phase: climb (P_fc_sys=712.784 kW).

-----------------------
ptotal_climb: 1,291 kW, mtom_est: 5,854 kg, mtom: 5,000 kg, residual: +854.22 kg

MTOM update: initial_bracket_probe_1, relax=1.000 -> mtom_next=5,325.00 kg

======================================================
======================= ITER 2 =======================
Fuel-cell system mass representative phase: climb (P_fc_sys=759.108 kW).

-----------------------
ptotal_climb: 1,374 kW, mtom_est: 6,079 kg, mtom: 5,325 kg, residual: +754.45 kg

MTOM update: initial_bracket_probe_2, relax=1.000 -> mtom_next=5,650.00 kg

======================================================
======================= ITER 3 =======================
Fuel-cell system mass representative phase: climb (P_fc_sys=805.439 kW).

-----------------------
ptotal_climb: 1,458 kW, mtom_est: 6,307 kg, mtom: 5,650 kg, residual: +657.32 kg

MTOM update: newton_prebracket, relax=1.000 -> mtom_next=7,627.50 kg

======================================================
======================= ITER 4 =======================
Fuel-cell system mass representative phase: climb (P_fc_sys=1087.352 kW).

-----------------------
ptotal_climb: 1,969 kW, mtom_est: 7,702 kg, mtom: 7,628 kg, residual: +74.36 kg

MTOM update: newton_prebracket, relax=1.000 -> mtom_next=7,879.73 kg

======================================================
======================= ITER 5 =======================
Fuel-cell system mass representative phase: climb (P_fc_sys=1123.304 kW).

-----------------------
ptotal_climb: 2,034 kW, mtom_est: 7,879 kg, mtom: 7,880 kg, residual: -0.97 kg


CONVERGED

CONVERGED STATE [MTOM iteration 5]
  MTOM=7,879 kg | Wing loading=230.68 kg/m^2 | P/W(climb)=258.14 W/kg
  Phase power: climb=2,033.8 kW | cruise=907.5 kW | loiter=726.0 kW | takeoff=2,004.9 kW | cruise+charger=907.5 kW
  Power split (climb): FC=1,112.9 kW | Battery=910.5 kW | Compressor=10.4 kW | Cooling=516.9 kW | H2=30.794 g/s
  Compressor max across phases: 75.1 kW (cruise)
  FC representative phase (mass sizing): climb (1,123.3 kW)
  Mass summary: MTOM=7,879 kg | Powertrain=2,258 kg | Tank=719.3 kg | Fuel=319.7 kg | Battery=780.5 kg | Nacelle power density=0.62 kW/kg
  Geometry: Main wing area=34.15 m^2 | Horizontal tail area=5.112 m^2 | Horizontal tail location=13.295 m | Vertical tail area=5.218 m^2 | Vertical tail location=12.750 m
  Config: wing loading input=230.71 kg/m^2 | P/W TO/Cl/Cr/Lo=0.18667/0.18930/0.07681/0.06144 kW/kg

=============================================================
========================= CONVERGED =========================
=============================================================
Constraint sizing: ENABLED (min_combined_pw)
Input W/S: 230.71 kg/m^2 (2,262.5 Pa)
Input P/W [kW/kg]: takeoff 0.18667, climb 0.18930, cruise 0.07681, loiter 0.06144
Converged P/W [kW/kg]: takeoff 0.25447, climb 0.25814, cruise 0.11518, loiter 0.09214
-------------------------------------------------------------

# Mission Time
Climb time: 11.36 min (0.19 h)
Cruise time: 197.44 min (3.29 h)
Total flight time: 230.80 min (3.85 h)

# Phase Power Breakdown
Phase      Time[min]     Total[kW]    FC Stack[kW]   Battery[kW]   Compressor[kW]   Cooling[kW]   mdot_H2[g/s]
--------------------------------------------------------------------------------------------------------------
ready           0.00         101.7           101.7           0.0              0.0           0.0         0.0
taxi            5.00         203.4           203.4           0.0              0.0           0.0         3.1
takeoff         1.00       2,004.9         1,097.4         897.9              9.6         411.4        25.9
climb          11.36       2,033.8         1,112.9         910.5             10.4         516.9        30.8
cruise        197.44         907.5           832.4           0.0             75.1         378.4        23.6
loiter         15.00         726.0           665.9           0.0             60.0         305.1        19.0
landing         1.00           0.0             0.0           0.0              0.0           0.0         0.0

Pcomp_max (solved phases): 75.1 kW (cruise)
Pnet (climb): 1,837 kW
Pelectricnet (climb): 2,023 kW
eta_pt: 0.9031

# Geometry
Main Wing Area: 34.15 m^2
Wingspan: 17.53 m
Fuselage Length: 15.42 m
Hydrogen Tank Length: 6.41 m
Horizontal Tail Area: 5.11 m^2
Vertical Tail Area: 5.22 m^2
Horizontal Tail span: 4.80 m
Vertical Tail span: 3.15 m
Horizontal Tail X_Position: 13.29 m
Vertical Tail X_Position: 12.75 m

# Single Nacelle (1/2)
Stack(1/2): 347 kg, Compressor: 26 kg, Humidifier: 161 kg, HX: 376 kg
Fuelcell System(FCS; Stack+Compressor+Humidifier+Hx): 911 kg
Representative FC phase: climb
Specific Power of Fuelcell System: 0.617 kW/kg
Stack dimension: dX=0.412 m, dY=0.306 m, dZ=0.306 m
Heat Exchanger dimension: dX=1.437 m, dY=1.437 m, dZ=0.204 m

# ALL Nacelles
FCS_total: 1,821 kg
PMAD: 166 kg
Motors: 270 kg

# Total Mass Breakdown
-----------------------
Powertrain (FCS_total+PMAD+Motors): 2,258 kg
-----------------------
Main Wing: 589 kg
Horizontal Tail: 40 kg
Vertical Tail: 71 kg
Fuselage: 466 kg
Landing gear(main): 243 kg
Landing gear(nose): 65 kg
Flight Control System: 366 kg
Electric System: 300 kg
Instruments: 110 kg
Hydraulics: 95 kg
Furnishing: 458 kg
-----------------------
Operating Empty Mass(OEM): 2,801 kg
-----------------------
Hydrogen Tank: 719 kg
Hydrogen Fuel: 319.7 kg
Battery: 780.5 kg
-----------------------
Payload: 1,000 kg
-----------------------
Maximum Takeoff Mass(MTOM): 7,879 kg
-----------------------

Wing loading (MTOM/S_wing): 230.68 kg/m^2
Power-to-weight (maxPow/MTOM): 258.14 W/kg

mdot_H2(cruise): 23.6 g/s
Hydrogen Tank Volume: 13.7 m^3
========================== END ==============================


=============================================================
Execution time: 4.9 seconds
=============================================================
