[command] /home/shoh95/anaconda3/envs/aerofc/bin/python /home/shoh95/Programming/HFCAD/app/main.py -i /home/shoh95/Programming/HFCAD/app/input_sweep_gui_r1/h4500_PC0.3_PT0.3_R1200.ini --outdir /home/shoh95/Programming/HFCAD/results/input_sweep_gui_r1
[start] 2026-02-21 06:08:57

Auto-widening W/S scan window for min_combined_pw: 1900.0..2600.0 -> 1725.0..2775.0 Pa (factor 1.500, lower_hit=True, upper_hit=False, min_on_edge=False).
Auto-widening W/S scan window for min_combined_pw: 1725.0..2775.0 -> 1462.5..3037.5 Pa (factor 1.500, lower_hit=True, upper_hit=False, min_on_edge=False).
ADRpy constraint sizing (min_combined_pw): W/S=2262.5 Pa (230.71 kg/m^2), P/W_TO=0.18667 kW/kg, P/W_climb=0.18930 kW/kg, P/W_cruise=0.07681 kW/kg
Curve minimum (combined/combined): W/S=2262.5 Pa (230.71 kg/m^2), P/W=0.18930 kW/kg
Curve minimum (takeoff/take-off): W/S=1462.5 Pa (149.13 kg/m^2), P/W=0.10196 kW/kg
Curve minimum (climb/climb): W/S=2312.5 Pa (235.81 kg/m^2), P/W=0.18866 kW/kg
Curve minimum (cruise/cruise): W/S=2312.5 Pa (235.81 kg/m^2), P/W=0.07638 kW/kg
======================================================
======================= ITER 1 =======================
Fuel-cell system mass representative phase: climb (P_fc_sys=911.350 kW).

-----------------------
ptotal_climb: 1,298 kW, mtom_est: 5,971 kg, mtom: 5,000 kg, residual: +970.70 kg

MTOM update: initial_bracket_probe_1, relax=1.000 -> mtom_next=5,325.00 kg

======================================================
======================= ITER 2 =======================
Fuel-cell system mass representative phase: climb (P_fc_sys=970.580 kW).

-----------------------
ptotal_climb: 1,383 kW, mtom_est: 6,204 kg, mtom: 5,325 kg, residual: +879.21 kg

MTOM update: initial_bracket_probe_2, relax=1.000 -> mtom_next=5,650.00 kg

======================================================
======================= ITER 3 =======================
Fuel-cell system mass representative phase: climb (P_fc_sys=1029.818 kW).

-----------------------
ptotal_climb: 1,467 kW, mtom_est: 6,439 kg, mtom: 5,650 kg, residual: +789.19 kg

MTOM update: newton_prebracket, relax=1.000 -> mtom_next=7,627.50 kg

======================================================
======================= ITER 4 =======================
Fuel-cell system mass representative phase: climb (P_fc_sys=1390.264 kW).

-----------------------
ptotal_climb: 1,981 kW, mtom_est: 7,881 kg, mtom: 7,628 kg, residual: +253.09 kg

MTOM update: newton_prebracket, relax=1.000 -> mtom_next=8,561.07 kg

======================================================
======================= ITER 5 =======================
Fuel-cell system mass representative phase: climb (P_fc_sys=1560.425 kW).

-----------------------
ptotal_climb: 2,223 kW, mtom_est: 8,566 kg, mtom: 8,561 kg, residual: +5.12 kg

MTOM update: newton_prebracket, relax=1.000 -> mtom_next=8,580.34 kg

======================================================
======================= ITER 6 =======================
Fuel-cell system mass representative phase: climb (P_fc_sys=1563.938 kW).

-----------------------
ptotal_climb: 2,228 kW, mtom_est: 8,580 kg, mtom: 8,580 kg, residual: -0.33 kg


CONVERGED

CONVERGED STATE [MTOM iteration 6]
  MTOM=8,580 kg | Wing loading=230.70 kg/m^2 | P/W(climb)=259.67 W/kg
  Phase power: climb=2,228.0 kW | cruise=988.2 kW | loiter=790.5 kW | takeoff=2,196.1 kW | cruise+charger=988.2 kW
  Power split (climb): FC=1,549.4 kW | Battery=664.0 kW | Compressor=14.5 kW | Cooling=719.8 kW | H2=42.895 g/s
  Compressor max across phases: 81.7 kW (cruise)
  FC representative phase (mass sizing): climb (1,563.9 kW)
  Mass summary: MTOM=8,580 kg | Powertrain=3,023 kg | Tank=740.9 kg | Fuel=329.3 kg | Battery=569.2 kg | Nacelle power density=0.62 kW/kg
  Geometry: Main wing area=37.19 m^2 | Horizontal tail area=5.787 m^2 | Horizontal tail location=13.389 m | Vertical tail area=5.936 m^2 | Vertical tail location=12.784 m
  Config: wing loading input=230.71 kg/m^2 | P/W TO/Cl/Cr/Lo=0.18667/0.18930/0.07681/0.06144 kW/kg

=============================================================
========================= CONVERGED =========================
=============================================================
Constraint sizing: ENABLED (min_combined_pw)
Input W/S: 230.71 kg/m^2 (2,262.5 Pa)
Input P/W [kW/kg]: takeoff 0.18667, climb 0.18930, cruise 0.07681, loiter 0.06144
Converged P/W [kW/kg]: takeoff 0.25596, climb 0.25967, cruise 0.11517, loiter 0.09213
-------------------------------------------------------------

# Mission Time
Climb time: 11.36 min (0.19 h)
Cruise time: 180.57 min (3.01 h)
Total flight time: 213.93 min (3.57 h)

# Phase Power Breakdown
Phase      Time[min]     Total[kW]    FC Stack[kW]   Battery[kW]   Compressor[kW]   Cooling[kW]   mdot_H2[g/s]
--------------------------------------------------------------------------------------------------------------
ready           0.00         111.4           111.4           0.0              0.0           0.0         0.0
taxi            5.00         222.8           222.8           0.0              0.0           0.0         4.3
takeoff         1.00       2,196.1         1,527.9         654.8             13.4         572.8        36.1
climb          11.36       2,228.0         1,549.4         664.0             14.5         719.8        42.9
cruise        180.57         988.2           906.4           0.0             81.7         412.0        25.7
loiter         15.00         790.5           725.1           0.0             65.4         332.2        20.6
landing         1.00           0.0             0.0           0.0              0.0           0.0         0.0

Pcomp_max (solved phases): 81.7 kW (cruise)
Pnet (climb): 2,012 kW
Pelectricnet (climb): 2,213 kW
eta_pt: 0.9031

# Geometry
Main Wing Area: 37.19 m^2
Wingspan: 18.30 m
Fuselage Length: 15.61 m
Hydrogen Tank Length: 6.60 m
Horizontal Tail Area: 5.79 m^2
Vertical Tail Area: 5.94 m^2
Horizontal Tail span: 5.10 m
Vertical Tail span: 3.36 m
Horizontal Tail X_Position: 13.39 m
Vertical Tail X_Position: 12.78 m

# Single Nacelle (1/2)
Stack(1/2): 483 kg, Compressor: 37 kg, Humidifier: 224 kg, HX: 524 kg
Fuelcell System(FCS; Stack+Compressor+Humidifier+Hx): 1,269 kg
Representative FC phase: climb
Specific Power of Fuelcell System: 0.616 kW/kg
Stack dimension: dX=0.412 m, dY=0.361 m, dZ=0.361 m
Heat Exchanger dimension: dX=1.695 m, dY=1.695 m, dZ=0.204 m

# ALL Nacelles
FCS_total: 2,538 kg
PMAD: 191 kg
Motors: 294 kg

# Total Mass Breakdown
-----------------------
Powertrain (FCS_total+PMAD+Motors): 3,023 kg
-----------------------
Main Wing: 655 kg
Horizontal Tail: 47 kg
Vertical Tail: 79 kg
Fuselage: 480 kg
Landing gear(main): 243 kg
Landing gear(nose): 65 kg
Flight Control System: 366 kg
Electric System: 300 kg
Instruments: 118 kg
Hydraulics: 103 kg
Furnishing: 462 kg
-----------------------
Operating Empty Mass(OEM): 2,917 kg
-----------------------
Hydrogen Tank: 741 kg
Hydrogen Fuel: 329.3 kg
Battery: 569.2 kg
-----------------------
Payload: 1,000 kg
-----------------------
Maximum Takeoff Mass(MTOM): 8,580 kg
-----------------------

Wing loading (MTOM/S_wing): 230.70 kg/m^2
Power-to-weight (maxPow/MTOM): 259.67 W/kg

mdot_H2(cruise): 25.7 g/s
Hydrogen Tank Volume: 14.1 m^3
========================== END ==============================


=============================================================
Execution time: 4.8 seconds
=============================================================
