[command] /home/shoh95/anaconda3/envs/aerofc/bin/python /home/shoh95/Programming/HFCAD/app/main.py -i /home/shoh95/Programming/HFCAD/app/input_sweep_gui_r1/h4500_PC0.25_PT0.25_R1000.ini --outdir /home/shoh95/Programming/HFCAD/results/input_sweep_gui_r1
[start] 2026-02-21 06:08:49

Auto-widening W/S scan window for min_combined_pw: 1900.0..2600.0 -> 1725.0..2775.0 Pa (factor 1.500, lower_hit=True, upper_hit=False, min_on_edge=False).
Auto-widening W/S scan window for min_combined_pw: 1725.0..2775.0 -> 1462.5..3037.5 Pa (factor 1.500, lower_hit=True, upper_hit=False, min_on_edge=False).
ADRpy constraint sizing (min_combined_pw): W/S=2262.5 Pa (230.71 kg/m^2), P/W_TO=0.18667 kW/kg, P/W_climb=0.18930 kW/kg, P/W_cruise=0.07681 kW/kg
Curve minimum (combined/combined): W/S=2262.5 Pa (230.71 kg/m^2), P/W=0.18930 kW/kg
Curve minimum (takeoff/take-off): W/S=1462.5 Pa (149.13 kg/m^2), P/W=0.10196 kW/kg
Curve minimum (climb/climb): W/S=2312.5 Pa (235.81 kg/m^2), P/W=0.18866 kW/kg
Curve minimum (cruise/cruise): W/S=2312.5 Pa (235.81 kg/m^2), P/W=0.07638 kW/kg
======================================================
======================= ITER 1 =======================
Fuel-cell system mass representative phase: climb (P_fc_sys=977.944 kW).

-----------------------
ptotal_climb: 1,301 kW, mtom_est: 5,904 kg, mtom: 5,000 kg, residual: +903.52 kg

MTOM update: initial_bracket_probe_1, relax=1.000 -> mtom_next=5,325.00 kg

======================================================
======================= ITER 2 =======================
Fuel-cell system mass representative phase: climb (P_fc_sys=1041.504 kW).

-----------------------
ptotal_climb: 1,385 kW, mtom_est: 6,132 kg, mtom: 5,325 kg, residual: +807.24 kg

MTOM update: initial_bracket_probe_2, relax=1.000 -> mtom_next=5,650.00 kg

======================================================
======================= ITER 3 =======================
Fuel-cell system mass representative phase: climb (P_fc_sys=1105.070 kW).

-----------------------
ptotal_climb: 1,470 kW, mtom_est: 6,362 kg, mtom: 5,650 kg, residual: +712.28 kg

MTOM update: newton_prebracket, relax=1.000 -> mtom_next=7,627.50 kg

======================================================
======================= ITER 4 =======================
Fuel-cell system mass representative phase: climb (P_fc_sys=1491.854 kW).

-----------------------
ptotal_climb: 1,985 kW, mtom_est: 7,779 kg, mtom: 7,628 kg, residual: +151.04 kg

MTOM update: newton_prebracket, relax=1.000 -> mtom_next=8,159.69 kg

======================================================
======================= ITER 5 =======================
Fuel-cell system mass representative phase: climb (P_fc_sys=1595.946 kW).

-----------------------
ptotal_climb: 2,123 kW, mtom_est: 8,162 kg, mtom: 8,160 kg, residual: +2.55 kg


CONVERGED

CONVERGED STATE [MTOM iteration 5]
  MTOM=8,162 kg | Wing loading=230.78 kg/m^2 | P/W(climb)=260.10 W/kg
  Phase power: climb=2,123.0 kW | cruise=939.7 kW | loiter=751.7 kW | takeoff=2,092.6 kW | cruise+charger=939.7 kW
  Power split (climb): FC=1,581.1 kW | Battery=527.0 kW | Compressor=14.8 kW | Cooling=734.6 kW | H2=43.774 g/s
  Compressor max across phases: 77.7 kW (cruise)
  FC representative phase (mass sizing): climb (1,595.9 kW)
  Mass summary: MTOM=8,162 kg | Powertrain=3,056 kg | Tank=598.3 kg | Fuel=265.9 kg | Battery=451.8 kg | Nacelle power density=0.62 kW/kg
  Geometry: Main wing area=35.37 m^2 | Horizontal tail area=6.008 m^2 | Horizontal tail location=12.089 m | Vertical tail area=6.205 m^2 | Vertical tail location=11.458 m
  Config: wing loading input=230.71 kg/m^2 | P/W TO/Cl/Cr/Lo=0.18667/0.18930/0.07681/0.06144 kW/kg

=============================================================
========================= CONVERGED =========================
=============================================================
Constraint sizing: ENABLED (min_combined_pw)
Input W/S: 230.71 kg/m^2 (2,262.5 Pa)
Input P/W [kW/kg]: takeoff 0.18667, climb 0.18930, cruise 0.07681, loiter 0.06144
Converged P/W [kW/kg]: takeoff 0.25637, climb 0.26010, cruise 0.11513, loiter 0.09210
-------------------------------------------------------------

# Mission Time
Climb time: 11.36 min (0.19 h)
Cruise time: 146.82 min (2.45 h)
Total flight time: 180.18 min (3.00 h)

# Phase Power Breakdown
Phase      Time[min]     Total[kW]    FC Stack[kW]   Battery[kW]   Compressor[kW]   Cooling[kW]   mdot_H2[g/s]
--------------------------------------------------------------------------------------------------------------
ready           0.00         106.1           106.1           0.0              0.0           0.0         0.0
taxi            5.00         212.3           212.3           0.0              0.0           0.0         4.4
takeoff         1.00       2,092.6         1,559.1         519.7             13.7         584.6        36.9
climb          11.36       2,123.0         1,581.1         527.0             14.8         734.6        43.8
cruise        146.82         939.7           862.0           0.0             77.7         391.7        24.4
loiter         15.00         751.7           689.6           0.0             62.2         315.8        19.6
landing         1.00           0.0             0.0           0.0              0.0           0.0         0.0

Pcomp_max (solved phases): 77.7 kW (cruise)
Pnet (climb): 1,917 kW
Pelectricnet (climb): 2,108 kW
eta_pt: 0.9031

# Geometry
Main Wing Area: 35.37 m^2
Wingspan: 17.84 m
Fuselage Length: 14.34 m
Hydrogen Tank Length: 5.33 m
Horizontal Tail Area: 6.01 m^2
Vertical Tail Area: 6.20 m^2
Horizontal Tail span: 5.20 m
Vertical Tail span: 3.43 m
Horizontal Tail X_Position: 12.09 m
Vertical Tail X_Position: 11.46 m

# Single Nacelle (1/2)
Stack(1/2): 493 kg, Compressor: 38 kg, Humidifier: 229 kg, HX: 535 kg
Fuelcell System(FCS; Stack+Compressor+Humidifier+Hx): 1,295 kg
Representative FC phase: climb
Specific Power of Fuelcell System: 0.616 kW/kg
Stack dimension: dX=0.412 m, dY=0.365 m, dZ=0.365 m
Heat Exchanger dimension: dX=1.710 m, dY=1.710 m, dZ=0.204 m

# ALL Nacelles
FCS_total: 2,590 kg
PMAD: 185 kg
Motors: 280 kg

# Total Mass Breakdown
-----------------------
Powertrain (FCS_total+PMAD+Motors): 3,056 kg
-----------------------
Main Wing: 616 kg
Horizontal Tail: 46 kg
Vertical Tail: 79 kg
Fuselage: 434 kg
Landing gear(main): 243 kg
Landing gear(nose): 65 kg
Flight Control System: 366 kg
Electric System: 300 kg
Instruments: 113 kg
Hydraulics: 98 kg
Furnishing: 432 kg
-----------------------
Operating Empty Mass(OEM): 2,791 kg
-----------------------
Hydrogen Tank: 598 kg
Hydrogen Fuel: 265.9 kg
Battery: 451.8 kg
-----------------------
Payload: 1,000 kg
-----------------------
Maximum Takeoff Mass(MTOM): 8,162 kg
-----------------------

Wing loading (MTOM/S_wing): 230.78 kg/m^2
Power-to-weight (maxPow/MTOM): 260.10 W/kg

mdot_H2(cruise): 24.4 g/s
Hydrogen Tank Volume: 11.4 m^3
========================== END ==============================


=============================================================
Execution time: 5.0 seconds
=============================================================
