[command] /home/shoh95/anaconda3/envs/aerofc/bin/python /home/shoh95/Programming/HFCAD/app/main.py -i /home/shoh95/Programming/HFCAD/app/input_sweep_gui_r1/h5000_PC0.35_PT0.35_R1100.ini --outdir /home/shoh95/Programming/HFCAD/results/input_sweep_gui_r1
[start] 2026-02-21 06:09:23

Auto-widening W/S scan window for min_combined_pw: 1900.0..2600.0 -> 1725.0..2775.0 Pa (factor 1.500, lower_hit=True, upper_hit=False, min_on_edge=False).
Auto-widening W/S scan window for min_combined_pw: 1725.0..2775.0 -> 1462.5..3037.5 Pa (factor 1.500, lower_hit=True, upper_hit=False, min_on_edge=True).
ADRpy minimum combined P/W remains on feasible W/S boundary (2312.5 Pa). Proceeding with current W/S range 1462.5..3037.5 Pa.
ADRpy constraint sizing (min_combined_pw): W/S=2312.5 Pa (235.81 kg/m^2), P/W_TO=0.19250 kW/kg, P/W_climb=0.19387 kW/kg, P/W_cruise=0.07551 kW/kg
Curve minimum (combined/combined): W/S=2312.5 Pa (235.81 kg/m^2), P/W=0.19387 kW/kg
Curve minimum (takeoff/take-off): W/S=1462.5 Pa (149.13 kg/m^2), P/W=0.10196 kW/kg
Curve minimum (climb/climb): W/S=2312.5 Pa (235.81 kg/m^2), P/W=0.19387 kW/kg
Curve minimum (cruise/cruise): W/S=2312.5 Pa (235.81 kg/m^2), P/W=0.07551 kW/kg
======================================================
======================= ITER 1 =======================
Fuel-cell system mass representative phase: climb (P_fc_sys=865.441 kW).

-----------------------
ptotal_climb: 1,327 kW, mtom_est: 5,998 kg, mtom: 5,000 kg, residual: +997.52 kg

MTOM update: initial_bracket_probe_1, relax=1.000 -> mtom_next=5,325.00 kg

======================================================
======================= ITER 2 =======================
Fuel-cell system mass representative phase: climb (P_fc_sys=921.687 kW).

-----------------------
ptotal_climb: 1,413 kW, mtom_est: 6,232 kg, mtom: 5,325 kg, residual: +907.37 kg

MTOM update: initial_bracket_probe_2, relax=1.000 -> mtom_next=5,650.00 kg

======================================================
======================= ITER 3 =======================
Fuel-cell system mass representative phase: climb (P_fc_sys=977.941 kW).

-----------------------
ptotal_climb: 1,500 kW, mtom_est: 6,469 kg, mtom: 5,650 kg, residual: +818.90 kg

MTOM update: newton_prebracket, relax=1.000 -> mtom_next=7,627.50 kg

======================================================
======================= ITER 4 =======================
Fuel-cell system mass representative phase: climb (P_fc_sys=1320.230 kW).

-----------------------
ptotal_climb: 2,024 kW, mtom_est: 7,921 kg, mtom: 7,628 kg, residual: +293.86 kg

MTOM update: newton_prebracket, relax=1.000 -> mtom_next=8,734.26 kg

======================================================
======================= ITER 5 =======================
Fuel-cell system mass representative phase: climb (P_fc_sys=1511.797 kW).

-----------------------
ptotal_climb: 2,318 kW, mtom_est: 8,741 kg, mtom: 8,734 kg, residual: +6.98 kg

MTOM update: newton_prebracket, relax=1.000 -> mtom_next=8,761.17 kg

======================================================
======================= ITER 6 =======================
Fuel-cell system mass representative phase: climb (P_fc_sys=1516.456 kW).

-----------------------
ptotal_climb: 2,325 kW, mtom_est: 8,760 kg, mtom: 8,761 kg, residual: -1.62 kg


CONVERGED

CONVERGED STATE [MTOM iteration 6]
  MTOM=8,760 kg | Wing loading=235.77 kg/m^2 | P/W(climb)=265.46 W/kg
  Phase power: climb=2,325.3 kW | cruise=1,004.0 kW | loiter=803.2 kW | takeoff=2,307.9 kW | cruise+charger=1,004.0 kW
  Power split (climb): FC=1,502.2 kW | Battery=808.9 kW | Compressor=14.2 kW | Cooling=714.6 kW | H2=42.631 g/s
  Compressor max across phases: 94.1 kW (cruise)
  FC representative phase (mass sizing): climb (1,516.5 kW)
  Mass summary: MTOM=8,760 kg | Powertrain=3,070 kg | Tank=703.4 kg | Fuel=312.6 kg | Battery=764.6 kg | Nacelle power density=0.59 kW/kg
  Geometry: Main wing area=37.15 m^2 | Horizontal tail area=5.957 m^2 | Horizontal tail location=13.033 m | Vertical tail area=6.126 m^2 | Vertical tail location=12.411 m
  Config: wing loading input=235.81 kg/m^2 | P/W TO/Cl/Cr/Lo=0.19250/0.19387/0.07551/0.06040 kW/kg

=============================================================
========================= CONVERGED =========================
=============================================================
Constraint sizing: ENABLED (min_combined_pw)
Input W/S: 235.81 kg/m^2 (2,312.5 Pa)
Input P/W [kW/kg]: takeoff 0.19250, climb 0.19387, cruise 0.07551, loiter 0.06040
Converged P/W [kW/kg]: takeoff 0.26347, climb 0.26546, cruise 0.11462, loiter 0.09169
-------------------------------------------------------------

# Mission Time
Climb time: 12.62 min (0.21 h)
Cruise time: 162.64 min (2.71 h)
Total flight time: 197.26 min (3.29 h)

# Phase Power Breakdown
Phase      Time[min]     Total[kW]    FC Stack[kW]   Battery[kW]   Compressor[kW]   Cooling[kW]   mdot_H2[g/s]
--------------------------------------------------------------------------------------------------------------
ready           0.00         116.3           116.3           0.0              0.0           0.0         0.0
taxi            5.00         232.5           232.5           0.0              0.0           0.0         4.3
takeoff         1.00       2,307.9         1,491.6         803.2             13.1         554.2        35.3
climb          12.62       2,325.3         1,502.2         808.9             14.2         714.6        42.6
cruise        162.64       1,004.0           909.9           0.0             94.1         420.9        26.4
loiter         15.00         803.2           727.9           0.0             75.3         339.4        21.3
landing         1.00           0.0             0.0           0.0              0.0           0.0         0.0

Pcomp_max (solved phases): 94.1 kW (cruise)
Pnet (climb): 2,100 kW
Pelectricnet (climb): 2,311 kW
eta_pt: 0.9031

# Geometry
Main Wing Area: 37.15 m^2
Wingspan: 18.29 m
Fuselage Length: 15.28 m
Hydrogen Tank Length: 6.27 m
Horizontal Tail Area: 5.96 m^2
Vertical Tail Area: 6.13 m^2
Horizontal Tail span: 5.18 m
Vertical Tail span: 3.41 m
Horizontal Tail X_Position: 13.03 m
Vertical Tail X_Position: 12.41 m

# Single Nacelle (1/2)
Stack(1/2): 479 kg, Compressor: 39 kg, Humidifier: 235 kg, HX: 529 kg
Fuelcell System(FCS; Stack+Compressor+Humidifier+Hx): 1,283 kg
Representative FC phase: climb
Specific Power of Fuelcell System: 0.591 kW/kg
Stack dimension: dX=0.421 m, dY=0.356 m, dZ=0.356 m
Heat Exchanger dimension: dX=1.710 m, dY=1.710 m, dZ=0.202 m

# ALL Nacelles
FCS_total: 2,565 kg
PMAD: 198 kg
Motors: 308 kg

# Total Mass Breakdown
-----------------------
Powertrain (FCS_total+PMAD+Motors): 3,070 kg
-----------------------
Main Wing: 661 kg
Horizontal Tail: 48 kg
Vertical Tail: 81 kg
Fuselage: 464 kg
Landing gear(main): 243 kg
Landing gear(nose): 65 kg
Flight Control System: 366 kg
Electric System: 300 kg
Instruments: 121 kg
Hydraulics: 105 kg
Furnishing: 454 kg
-----------------------
Operating Empty Mass(OEM): 2,908 kg
-----------------------
Hydrogen Tank: 703 kg
Hydrogen Fuel: 312.6 kg
Battery: 764.6 kg
-----------------------
Payload: 1,000 kg
-----------------------
Maximum Takeoff Mass(MTOM): 8,760 kg
-----------------------

Wing loading (MTOM/S_wing): 235.77 kg/m^2
Power-to-weight (maxPow/MTOM): 265.46 W/kg

mdot_H2(cruise): 26.4 g/s
Hydrogen Tank Volume: 13.4 m^3
========================== END ==============================


=============================================================
Execution time: 5.7 seconds
=============================================================
