[command] /home/shoh95/anaconda3/envs/aerofc/bin/python /home/shoh95/Programming/HFCAD/app/main.py -i /home/shoh95/Programming/HFCAD/app/input_sweep_gui_r1/h5000_PC0.3_PT0.3_R1000.ini --outdir /home/shoh95/Programming/HFCAD/results/input_sweep_gui_r1
[start] 2026-02-21 06:09:15

Auto-widening W/S scan window for min_combined_pw: 1900.0..2600.0 -> 1725.0..2775.0 Pa (factor 1.500, lower_hit=True, upper_hit=False, min_on_edge=False).
Auto-widening W/S scan window for min_combined_pw: 1725.0..2775.0 -> 1462.5..3037.5 Pa (factor 1.500, lower_hit=True, upper_hit=False, min_on_edge=True).
ADRpy minimum combined P/W remains on feasible W/S boundary (2312.5 Pa). Proceeding with current W/S range 1462.5..3037.5 Pa.
ADRpy constraint sizing (min_combined_pw): W/S=2312.5 Pa (235.81 kg/m^2), P/W_TO=0.19250 kW/kg, P/W_climb=0.19387 kW/kg, P/W_cruise=0.07551 kW/kg
Curve minimum (combined/combined): W/S=2312.5 Pa (235.81 kg/m^2), P/W=0.19387 kW/kg
Curve minimum (takeoff/take-off): W/S=1462.5 Pa (149.13 kg/m^2), P/W=0.10196 kW/kg
Curve minimum (climb/climb): W/S=2312.5 Pa (235.81 kg/m^2), P/W=0.19387 kW/kg
Curve minimum (cruise/cruise): W/S=2312.5 Pa (235.81 kg/m^2), P/W=0.07551 kW/kg
======================================================
======================= ITER 1 =======================
Fuel-cell system mass representative phase: climb (P_fc_sys=933.441 kW).

-----------------------
ptotal_climb: 1,330 kW, mtom_est: 5,995 kg, mtom: 5,000 kg, residual: +994.98 kg

MTOM update: initial_bracket_probe_1, relax=1.000 -> mtom_next=5,325.00 kg

======================================================
======================= ITER 2 =======================
Fuel-cell system mass representative phase: climb (P_fc_sys=994.108 kW).

-----------------------
ptotal_climb: 1,416 kW, mtom_est: 6,229 kg, mtom: 5,325 kg, residual: +904.10 kg

MTOM update: initial_bracket_probe_2, relax=1.000 -> mtom_next=5,650.00 kg

======================================================
======================= ITER 3 =======================
Fuel-cell system mass representative phase: climb (P_fc_sys=1054.782 kW).

-----------------------
ptotal_climb: 1,503 kW, mtom_est: 6,466 kg, mtom: 5,650 kg, residual: +816.19 kg

MTOM update: newton_prebracket, relax=1.000 -> mtom_next=7,627.50 kg

======================================================
======================= ITER 4 =======================
Fuel-cell system mass representative phase: climb (P_fc_sys=1423.965 kW).

-----------------------
ptotal_climb: 2,029 kW, mtom_est: 7,919 kg, mtom: 7,628 kg, residual: +291.28 kg

MTOM update: newton_prebracket, relax=1.000 -> mtom_next=8,724.85 kg

======================================================
======================= ITER 5 =======================
Fuel-cell system mass representative phase: climb (P_fc_sys=1628.828 kW).

-----------------------
ptotal_climb: 2,320 kW, mtom_est: 8,730 kg, mtom: 8,725 kg, residual: +5.26 kg

MTOM update: newton_prebracket, relax=1.000 -> mtom_next=8,745.05 kg

======================================================
======================= ITER 6 =======================
Fuel-cell system mass representative phase: climb (P_fc_sys=1632.598 kW).

-----------------------
ptotal_climb: 2,326 kW, mtom_est: 8,746 kg, mtom: 8,745 kg, residual: +0.52 kg


CONVERGED

CONVERGED STATE [MTOM iteration 6]
  MTOM=8,746 kg | Wing loading=235.82 kg/m^2 | P/W(climb)=265.93 W/kg
  Phase power: climb=2,325.7 kW | cruise=1,002.2 kW | loiter=801.7 kW | takeoff=2,308.2 kW | cruise+charger=1,002.2 kW
  Power split (climb): FC=1,617.3 kW | Battery=693.1 kW | Compressor=15.3 kW | Cooling=769.3 kW | H2=45.896 g/s
  Compressor max across phases: 94.0 kW (cruise)
  FC representative phase (mass sizing): climb (1,632.6 kW)
  Mass summary: MTOM=8,746 kg | Powertrain=3,272 kg | Tank=648.4 kg | Fuel=288.2 kg | Battery=655.2 kg | Nacelle power density=0.59 kW/kg
  Geometry: Main wing area=37.09 m^2 | Horizontal tail area=6.224 m^2 | Horizontal tail location=12.506 m | Vertical tail area=6.427 m^2 | Vertical tail location=11.858 m
  Config: wing loading input=235.81 kg/m^2 | P/W TO/Cl/Cr/Lo=0.19250/0.19387/0.07551/0.06040 kW/kg

=============================================================
========================= CONVERGED =========================
=============================================================
Constraint sizing: ENABLED (min_combined_pw)
Input W/S: 235.81 kg/m^2 (2,312.5 Pa)
Input P/W [kW/kg]: takeoff 0.19250, climb 0.19387, cruise 0.07551, loiter 0.06040
Converged P/W [kW/kg]: takeoff 0.26393, climb 0.26593, cruise 0.11459, loiter 0.09167
-------------------------------------------------------------

# Mission Time
Climb time: 12.62 min (0.21 h)
Cruise time: 145.77 min (2.43 h)
Total flight time: 180.39 min (3.01 h)

# Phase Power Breakdown
Phase      Time[min]     Total[kW]    FC Stack[kW]   Battery[kW]   Compressor[kW]   Cooling[kW]   mdot_H2[g/s]
--------------------------------------------------------------------------------------------------------------
ready           0.00         116.3           116.3           0.0              0.0           0.0         0.0
taxi            5.00         232.6           232.6           0.0              0.0           0.0         4.6
takeoff         1.00       2,308.2         1,605.9         688.2             14.1         596.6        38.0
climb          12.62       2,325.7         1,617.3         693.1             15.3         769.3        45.9
cruise        145.77       1,002.2           908.2           0.0             94.0         420.1        26.4
loiter         15.00         801.7           726.5           0.0             75.2         338.8        21.2
landing         1.00           0.0             0.0           0.0              0.0           0.0         0.0

Pcomp_max (solved phases): 94.0 kW (cruise)
Pnet (climb): 2,100 kW
Pelectricnet (climb): 2,310 kW
eta_pt: 0.9031

# Geometry
Main Wing Area: 37.09 m^2
Wingspan: 18.27 m
Fuselage Length: 14.79 m
Hydrogen Tank Length: 5.78 m
Horizontal Tail Area: 6.22 m^2
Vertical Tail Area: 6.43 m^2
Horizontal Tail span: 5.29 m
Vertical Tail span: 3.49 m
Horizontal Tail X_Position: 12.51 m
Vertical Tail X_Position: 11.86 m

# Single Nacelle (1/2)
Stack(1/2): 516 kg, Compressor: 43 kg, Humidifier: 254 kg, HX: 570 kg
Fuelcell System(FCS; Stack+Compressor+Humidifier+Hx): 1,382 kg
Representative FC phase: climb
Specific Power of Fuelcell System: 0.591 kW/kg
Stack dimension: dX=0.421 m, dY=0.369 m, dZ=0.369 m
Heat Exchanger dimension: dX=1.773 m, dY=1.773 m, dZ=0.202 m

# ALL Nacelles
FCS_total: 2,764 kg
PMAD: 201 kg
Motors: 307 kg

# Total Mass Breakdown
-----------------------
Powertrain (FCS_total+PMAD+Motors): 3,272 kg
-----------------------
Main Wing: 660 kg
Horizontal Tail: 50 kg
Vertical Tail: 83 kg
Fuselage: 448 kg
Landing gear(main): 243 kg
Landing gear(nose): 65 kg
Flight Control System: 366 kg
Electric System: 300 kg
Instruments: 120 kg
Hydraulics: 105 kg
Furnishing: 443 kg
-----------------------
Operating Empty Mass(OEM): 2,882 kg
-----------------------
Hydrogen Tank: 648 kg
Hydrogen Fuel: 288.2 kg
Battery: 655.2 kg
-----------------------
Payload: 1,000 kg
-----------------------
Maximum Takeoff Mass(MTOM): 8,746 kg
-----------------------

Wing loading (MTOM/S_wing): 235.82 kg/m^2
Power-to-weight (maxPow/MTOM): 265.93 W/kg

mdot_H2(cruise): 26.4 g/s
Hydrogen Tank Volume: 12.4 m^3
========================== END ==============================


=============================================================
Execution time: 5.3 seconds
=============================================================
