[command] /home/shoh95/anaconda3/envs/aerofc/bin/python /home/shoh95/Programming/HFCAD/app/main.py -i /home/shoh95/Programming/HFCAD/app/input_sweep_gui_r1/h5000_PC0.45_PT0.45_R1000.ini --outdir /home/shoh95/Programming/HFCAD/results/input_sweep_gui_r1
[start] 2026-02-21 06:09:31

Auto-widening W/S scan window for min_combined_pw: 1900.0..2600.0 -> 1725.0..2775.0 Pa (factor 1.500, lower_hit=True, upper_hit=False, min_on_edge=False).
Auto-widening W/S scan window for min_combined_pw: 1725.0..2775.0 -> 1462.5..3037.5 Pa (factor 1.500, lower_hit=True, upper_hit=False, min_on_edge=True).
ADRpy minimum combined P/W remains on feasible W/S boundary (2312.5 Pa). Proceeding with current W/S range 1462.5..3037.5 Pa.
ADRpy constraint sizing (min_combined_pw): W/S=2312.5 Pa (235.81 kg/m^2), P/W_TO=0.19250 kW/kg, P/W_climb=0.19387 kW/kg, P/W_cruise=0.07551 kW/kg
Curve minimum (combined/combined): W/S=2312.5 Pa (235.81 kg/m^2), P/W=0.19387 kW/kg
Curve minimum (takeoff/take-off): W/S=1462.5 Pa (149.13 kg/m^2), P/W=0.10196 kW/kg
Curve minimum (climb/climb): W/S=2312.5 Pa (235.81 kg/m^2), P/W=0.19387 kW/kg
Curve minimum (cruise/cruise): W/S=2312.5 Pa (235.81 kg/m^2), P/W=0.07551 kW/kg
======================================================
======================= ITER 1 =======================
Fuel-cell system mass representative phase: climb (P_fc_sys=730.062 kW).

-----------------------
ptotal_climb: 1,322 kW, mtom_est: 5,810 kg, mtom: 5,000 kg, residual: +809.68 kg

MTOM update: initial_bracket_probe_1, relax=1.000 -> mtom_next=5,325.00 kg

======================================================
======================= ITER 2 =======================
Fuel-cell system mass representative phase: climb (P_fc_sys=777.509 kW).

-----------------------
ptotal_climb: 1,408 kW, mtom_est: 6,031 kg, mtom: 5,325 kg, residual: +706.29 kg

MTOM update: initial_bracket_probe_2, relax=1.000 -> mtom_next=5,650.00 kg

======================================================
======================= ITER 3 =======================
Fuel-cell system mass representative phase: climb (P_fc_sys=824.963 kW).

-----------------------
ptotal_climb: 1,494 kW, mtom_est: 6,257 kg, mtom: 5,650 kg, residual: +606.89 kg

MTOM update: newton_prebracket, relax=1.000 -> mtom_next=7,627.50 kg

======================================================
======================= ITER 4 =======================
Fuel-cell system mass representative phase: climb (P_fc_sys=1113.710 kW).

-----------------------
ptotal_climb: 2,016 kW, mtom_est: 7,635 kg, mtom: 7,628 kg, residual: +7.07 kg

MTOM update: newton_prebracket, relax=1.000 -> mtom_next=7,650.79 kg

======================================================
======================= ITER 5 =======================
Fuel-cell system mass representative phase: climb (P_fc_sys=1117.111 kW).

-----------------------
ptotal_climb: 2,023 kW, mtom_est: 7,651 kg, mtom: 7,651 kg, residual: +0.35 kg


CONVERGED

CONVERGED STATE [MTOM iteration 5]
  MTOM=7,651 kg | Wing loading=235.82 kg/m^2 | P/W(climb)=264.34 W/kg
  Phase power: climb=2,022.5 kW | cruise=876.8 kW | loiter=701.4 kW | takeoff=2,007.5 kW | cruise+charger=876.8 kW
  Power split (climb): FC=1,106.6 kW | Battery=905.4 kW | Compressor=10.5 kW | Cooling=526.5 kW | H2=31.404 g/s
  Compressor max across phases: 82.2 kW (cruise)
  FC representative phase (mass sizing): climb (1,117.1 kW)
  Mass summary: MTOM=7,651 kg | Powertrain=2,325 kg | Tank=550.8 kg | Fuel=244.8 kg | Battery=855.8 kg | Nacelle power density=0.59 kW/kg
  Geometry: Main wing area=32.44 m^2 | Horizontal tail area=5.428 m^2 | Horizontal tail location=11.747 m | Vertical tail area=5.586 m^2 | Vertical tail location=11.167 m
  Config: wing loading input=235.81 kg/m^2 | P/W TO/Cl/Cr/Lo=0.19250/0.19387/0.07551/0.06040 kW/kg

=============================================================
========================= CONVERGED =========================
=============================================================
Constraint sizing: ENABLED (min_combined_pw)
Input W/S: 235.81 kg/m^2 (2,312.5 Pa)
Input P/W [kW/kg]: takeoff 0.19250, climb 0.19387, cruise 0.07551, loiter 0.06040
Converged P/W [kW/kg]: takeoff 0.26238, climb 0.26434, cruise 0.11459, loiter 0.09167
-------------------------------------------------------------

# Mission Time
Climb time: 12.62 min (0.21 h)
Cruise time: 145.77 min (2.43 h)
Total flight time: 180.39 min (3.01 h)

# Phase Power Breakdown
Phase      Time[min]     Total[kW]    FC Stack[kW]   Battery[kW]   Compressor[kW]   Cooling[kW]   mdot_H2[g/s]
--------------------------------------------------------------------------------------------------------------
ready           0.00         101.1           101.1           0.0              0.0           0.0         0.0
taxi            5.00         202.3           202.3           0.0              0.0           0.0         3.1
takeoff         1.00       2,007.5         1,098.8         899.0              9.7         408.4        26.0
climb          12.62       2,022.5         1,106.6         905.4             10.5         526.5        31.4
cruise        145.77         876.8           794.5           0.0             82.2         367.6        23.1
loiter         15.00         701.4           635.6           0.0             65.7         296.5        18.6
landing         1.00           0.0             0.0           0.0              0.0           0.0         0.0

Pcomp_max (solved phases): 82.2 kW (cruise)
Pnet (climb): 1,826 kW
Pelectricnet (climb): 2,012 kW
eta_pt: 0.9031

# Geometry
Main Wing Area: 32.44 m^2
Wingspan: 17.09 m
Fuselage Length: 13.92 m
Hydrogen Tank Length: 4.91 m
Horizontal Tail Area: 5.43 m^2
Vertical Tail Area: 5.59 m^2
Horizontal Tail span: 4.94 m
Vertical Tail span: 3.26 m
Horizontal Tail X_Position: 11.75 m
Vertical Tail X_Position: 11.17 m

# Single Nacelle (1/2)
Stack(1/2): 353 kg, Compressor: 28 kg, Humidifier: 174 kg, HX: 390 kg
Fuelcell System(FCS; Stack+Compressor+Humidifier+Hx): 945 kg
Representative FC phase: climb
Specific Power of Fuelcell System: 0.591 kW/kg
Stack dimension: dX=0.421 m, dY=0.305 m, dZ=0.305 m
Heat Exchanger dimension: dX=1.467 m, dY=1.467 m, dZ=0.202 m

# ALL Nacelles
FCS_total: 1,890 kg
PMAD: 166 kg
Motors: 269 kg

# Total Mass Breakdown
-----------------------
Powertrain (FCS_total+PMAD+Motors): 2,325 kg
-----------------------
Main Wing: 559 kg
Horizontal Tail: 41 kg
Vertical Tail: 72 kg
Fuselage: 410 kg
Landing gear(main): 243 kg
Landing gear(nose): 65 kg
Flight Control System: 366 kg
Electric System: 300 kg
Instruments: 107 kg
Hydraulics: 92 kg
Furnishing: 422 kg
-----------------------
Operating Empty Mass(OEM): 2,675 kg
-----------------------
Hydrogen Tank: 551 kg
Hydrogen Fuel: 244.8 kg
Battery: 855.8 kg
-----------------------
Payload: 1,000 kg
-----------------------
Maximum Takeoff Mass(MTOM): 7,651 kg
-----------------------

Wing loading (MTOM/S_wing): 235.82 kg/m^2
Power-to-weight (maxPow/MTOM): 264.34 W/kg

mdot_H2(cruise): 23.1 g/s
Hydrogen Tank Volume: 10.5 m^3
========================== END ==============================


=============================================================
Execution time: 3.2 seconds
=============================================================
