[command] /home/shoh95/anaconda3/envs/aerofc/bin/python /home/shoh95/Programming/HFCAD/app/main.py -i /home/shoh95/Programming/HFCAD/app/input_sweep_gui_r1/h5000_PC0.25_PT0.25_R1300.ini --outdir /home/shoh95/Programming/HFCAD/results/input_sweep_gui_r1
[start] 2026-02-21 06:09:15

Auto-widening W/S scan window for min_combined_pw: 1900.0..2600.0 -> 1725.0..2775.0 Pa (factor 1.500, lower_hit=True, upper_hit=False, min_on_edge=False).
Auto-widening W/S scan window for min_combined_pw: 1725.0..2775.0 -> 1462.5..3037.5 Pa (factor 1.500, lower_hit=True, upper_hit=False, min_on_edge=True).
ADRpy minimum combined P/W remains on feasible W/S boundary (2312.5 Pa). Proceeding with current W/S range 1462.5..3037.5 Pa.
ADRpy constraint sizing (min_combined_pw): W/S=2312.5 Pa (235.81 kg/m^2), P/W_TO=0.19250 kW/kg, P/W_climb=0.19387 kW/kg, P/W_cruise=0.07551 kW/kg
Curve minimum (combined/combined): W/S=2312.5 Pa (235.81 kg/m^2), P/W=0.19387 kW/kg
Curve minimum (takeoff/take-off): W/S=1462.5 Pa (149.13 kg/m^2), P/W=0.10196 kW/kg
Curve minimum (climb/climb): W/S=2312.5 Pa (235.81 kg/m^2), P/W=0.19387 kW/kg
Curve minimum (cruise/cruise): W/S=2312.5 Pa (235.81 kg/m^2), P/W=0.07551 kW/kg
======================================================
======================= ITER 1 =======================
Fuel-cell system mass representative phase: climb (P_fc_sys=1001.651 kW).

-----------------------
ptotal_climb: 1,332 kW, mtom_est: 6,252 kg, mtom: 5,000 kg, residual: +1,252.04 kg

MTOM update: initial_bracket_probe_1, relax=1.000 -> mtom_next=5,325.00 kg

======================================================
======================= ITER 2 =======================
Fuel-cell system mass representative phase: climb (P_fc_sys=1066.751 kW).

-----------------------
ptotal_climb: 1,419 kW, mtom_est: 6,502 kg, mtom: 5,325 kg, residual: +1,176.90 kg

MTOM update: initial_bracket_probe_2, relax=1.000 -> mtom_next=5,650.00 kg

======================================================
======================= ITER 3 =======================
Fuel-cell system mass representative phase: climb (P_fc_sys=1131.858 kW).

-----------------------
ptotal_climb: 1,506 kW, mtom_est: 6,756 kg, mtom: 5,650 kg, residual: +1,106.37 kg

MTOM update: newton_prebracket, relax=1.000 -> mtom_next=7,627.50 kg

======================================================
======================= ITER 4 =======================
Fuel-cell system mass representative phase: climb (P_fc_sys=1528.018 kW).

-----------------------
ptotal_climb: 2,033 kW, mtom_est: 8,311 kg, mtom: 7,628 kg, residual: +683.47 kg

MTOM update: newton_prebracket, relax=1.000 -> mtom_next=10,297.12 kg

======================================================
======================= ITER 5 =======================
Fuel-cell system mass representative phase: climb (P_fc_sys=2062.824 kW).

-----------------------
ptotal_climb: 2,744 kW, mtom_est: 10,430 kg, mtom: 10,297 kg, residual: +133.28 kg

MTOM update: newton_prebracket, relax=1.000 -> mtom_next=10,943.85 kg

======================================================
======================= ITER 6 =======================
Fuel-cell system mass representative phase: climb (P_fc_sys=2192.384 kW).

-----------------------
ptotal_climb: 2,916 kW, mtom_est: 10,949 kg, mtom: 10,944 kg, residual: +4.66 kg


CONVERGED

CONVERGED STATE [MTOM iteration 6]
  MTOM=10,949 kg | Wing loading=235.91 kg/m^2 | P/W(climb)=266.37 W/kg
  Phase power: climb=2,916.3 kW | cruise=1,254.1 kW | loiter=1,003.3 kW | takeoff=2,894.3 kW | cruise+charger=1,254.1 kW
  Power split (climb): FC=2,171.8 kW | Battery=723.9 kW | Compressor=20.6 kW | Cooling=1,032.9 kW | H2=61.635 g/s
  Compressor max across phases: 117.6 kW (cruise)
  FC representative phase (mass sizing): climb (2,192.4 kW)
  Mass summary: MTOM=10,949 kg | Powertrain=4,361 kg | Tank=1,044.6 kg | Fuel=464.3 kg | Battery=684.3 kg | Nacelle power density=0.59 kW/kg
  Geometry: Main wing area=46.41 m^2 | Horizontal tail area=6.695 m^2 | Horizontal tail location=15.973 m | Vertical tail area=6.855 m^2 | Vertical tail location=15.302 m
  Config: wing loading input=235.81 kg/m^2 | P/W TO/Cl/Cr/Lo=0.19250/0.19387/0.07551/0.06040 kW/kg

=============================================================
========================= CONVERGED =========================
=============================================================
Constraint sizing: ENABLED (min_combined_pw)
Input W/S: 235.81 kg/m^2 (2,312.5 Pa)
Input P/W [kW/kg]: takeoff 0.19250, climb 0.19387, cruise 0.07551, loiter 0.06040
Converged P/W [kW/kg]: takeoff 0.26435, climb 0.26637, cruise 0.11454, loiter 0.09163
-------------------------------------------------------------

# Mission Time
Climb time: 12.62 min (0.21 h)
Cruise time: 196.39 min (3.27 h)
Total flight time: 231.01 min (3.85 h)

# Phase Power Breakdown
Phase      Time[min]     Total[kW]    FC Stack[kW]   Battery[kW]   Compressor[kW]   Cooling[kW]   mdot_H2[g/s]
--------------------------------------------------------------------------------------------------------------
ready           0.00         145.8           145.8           0.0              0.0           0.0         0.0
taxi            5.00         291.6           291.6           0.0              0.0           0.0         6.2
takeoff         1.00       2,894.3         2,156.5         718.8             18.9         801.0        51.0
climb          12.62       2,916.3         2,171.8         723.9             20.6       1,032.9        61.6
cruise        196.39       1,254.1         1,136.5           0.0            117.6         525.5        33.0
loiter         15.00       1,003.3           909.2           0.0             94.0         423.7        26.5
landing         1.00           0.0             0.0           0.0              0.0           0.0         0.0

Pcomp_max (solved phases): 117.6 kW (cruise)
Pnet (climb): 2,634 kW
Pelectricnet (climb): 2,896 kW
eta_pt: 0.9031

# Geometry
Main Wing Area: 46.41 m^2
Wingspan: 20.44 m
Fuselage Length: 18.32 m
Hydrogen Tank Length: 9.31 m
Horizontal Tail Area: 6.69 m^2
Vertical Tail Area: 6.85 m^2
Horizontal Tail span: 5.49 m
Vertical Tail span: 3.61 m
Horizontal Tail X_Position: 15.97 m
Vertical Tail X_Position: 15.30 m

# Single Nacelle (1/2)
Stack(1/2): 693 kg, Compressor: 62 kg, Humidifier: 340 kg, HX: 765 kg
Fuelcell System(FCS; Stack+Compressor+Humidifier+Hx): 1,860 kg
Representative FC phase: climb
Specific Power of Fuelcell System: 0.589 kW/kg
Stack dimension: dX=0.421 m, dY=0.428 m, dZ=0.428 m
Heat Exchanger dimension: dX=2.055 m, dY=2.055 m, dZ=0.202 m

# ALL Nacelles
FCS_total: 3,721 kg
PMAD: 256 kg
Motors: 384 kg

# Total Mass Breakdown
-----------------------
Powertrain (FCS_total+PMAD+Motors): 4,361 kg
-----------------------
Main Wing: 873 kg
Horizontal Tail: 61 kg
Vertical Tail: 97 kg
Fuselage: 587 kg
Landing gear(main): 243 kg
Landing gear(nose): 65 kg
Flight Control System: 366 kg
Electric System: 300 kg
Instruments: 147 kg
Hydraulics: 131 kg
Furnishing: 524 kg
-----------------------
Operating Empty Mass(OEM): 3,394 kg
-----------------------
Hydrogen Tank: 1,045 kg
Hydrogen Fuel: 464.3 kg
Battery: 684.3 kg
-----------------------
Payload: 1,000 kg
-----------------------
Maximum Takeoff Mass(MTOM): 10,949 kg
-----------------------

Wing loading (MTOM/S_wing): 235.91 kg/m^2
Power-to-weight (maxPow/MTOM): 266.37 W/kg

mdot_H2(cruise): 33.0 g/s
Hydrogen Tank Volume: 19.9 m^3
========================== END ==============================


=============================================================
Execution time: 5.2 seconds
=============================================================
