Auto-widening W/S scan window for min_combined_pw: 1900.0..2600.0 -> 1725.0..2775.0 Pa (factor 1.500, lower_hit=True, upper_hit=False, min_on_edge=False).
Auto-widening W/S scan window for min_combined_pw: 1725.0..2775.0 -> 1462.5..3037.5 Pa (factor 1.500, lower_hit=True, upper_hit=False, min_on_edge=False).
ADRpy constraint sizing (min_combined_pw): W/S=2162.5 Pa (220.51 kg/m^2), P/W_TO=0.17518 kW/kg, P/W_climb=0.16876 kW/kg, P/W_cruise=0.17683 kW/kg
Curve minimum (combined/combined): W/S=2162.5 Pa (220.51 kg/m^2), P/W=0.17683 kW/kg
Curve minimum (takeoff/take-off): W/S=1462.5 Pa (149.13 kg/m^2), P/W=0.10196 kW/kg
Curve minimum (climb/climb): W/S=2312.5 Pa (235.81 kg/m^2), P/W=0.16713 kW/kg
Curve minimum (cruise/cruise): W/S=2312.5 Pa (235.81 kg/m^2), P/W=0.16744 kW/kg
======================================================
======================= ITER 1 =======================
Reynolds_number: 13,986,581
Stack prop output power: 500 kW, Pcomp: 16.1 kW
Cell efficiency: 0.303, Output efficiency: 0.279
mdot_h2: 12.06 g/s
Reynolds_number: 13,986,581
Stack prop output power: 624 kW, Pcomp: 20.1 kW
Cell efficiency: 0.303, Output efficiency: 0.279
mdot_h2: 15.05 g/s
Reynolds_number: 13,986,581
Stack prop output power: 628 kW, Pcomp: 20.2 kW
Cell efficiency: 0.303, Output efficiency: 0.279
mdot_h2: 15.15 g/s
Reynolds_number: 11,608,862
Stack prop output power: 500 kW, Pcomp: 16.1 kW
Cell efficiency: 0.301, Output efficiency: 0.277
mdot_h2: 12.16 g/s
Reynolds_number: 11,608,862
Stack prop output power: 503 kW, Pcomp: 16.2 kW
Cell efficiency: 0.301, Output efficiency: 0.277
mdot_h2: 12.22 g/s
Reynolds_number: 13,986,581
Stack prop output power: 356 kW, Pcomp: 3.2 kW
Cell efficiency: 0.294, Output efficiency: 0.277
mdot_h2: 8.66 g/s
Reynolds_number: 13,986,581
Stack prop output power: 435 kW, Pcomp: 3.9 kW
Cell efficiency: 0.294, Output efficiency: 0.277
mdot_h2: 10.59 g/s
Reynolds_number: 13,986,581
Stack prop output power: 436 kW, Pcomp: 3.9 kW
Cell efficiency: 0.294, Output efficiency: 0.277
mdot_h2: 10.60 g/s
Reynolds_number: 6,709,346
Stack prop output power: 351 kW, Pcomp: 3.1 kW
Cell efficiency: 0.305, Output efficiency: 0.287
mdot_h2: 8.22 g/s
Reynolds_number: 6,709,346
Stack prop output power: 451 kW, Pcomp: 3.9 kW
Cell efficiency: 0.305, Output efficiency: 0.287
mdot_h2: 10.58 g/s
Reynolds_number: 6,709,346
Stack prop output power: 452 kW, Pcomp: 3.9 kW
Cell efficiency: 0.305, Output efficiency: 0.287
mdot_h2: 10.60 g/s
Reynolds_number: 13,986,581
Stack prop output power: 500 kW, Pcomp: 16.1 kW
Cell efficiency: 0.303, Output efficiency: 0.279
mdot_h2: 12.06 g/s
Reynolds_number: 13,986,581
Stack prop output power: 624 kW, Pcomp: 20.1 kW
Cell efficiency: 0.303, Output efficiency: 0.279
mdot_h2: 15.05 g/s
Reynolds_number: 13,986,581
Stack prop output power: 628 kW, Pcomp: 20.2 kW
Cell efficiency: 0.303, Output efficiency: 0.279
mdot_h2: 15.15 g/s
Fuel-cell system mass representative phase: cruise (P_fc_sys=1256.527 kW).

-----------------------
ptotal_climb: 1,159 kW, mtom_est: 6,579 kg, mtom: 5,000 kg, residual: +1,578.76 kg

MTOM update: initial_bracket_probe_1, relax=1.000 -> mtom_next=5,325.00 kg

======================================================
======================= ITER 2 =======================
Reynolds_number: 13,986,581
Stack prop output power: 628 kW, Pcomp: 20.2 kW
Cell efficiency: 0.303, Output efficiency: 0.279
mdot_h2: 15.15 g/s
Reynolds_number: 13,986,581
Stack prop output power: 668 kW, Pcomp: 21.5 kW
Cell efficiency: 0.303, Output efficiency: 0.279
mdot_h2: 16.11 g/s
Reynolds_number: 13,986,581
Stack prop output power: 669 kW, Pcomp: 21.6 kW
Cell efficiency: 0.303, Output efficiency: 0.279
mdot_h2: 16.14 g/s
Reynolds_number: 11,608,862
Stack prop output power: 503 kW, Pcomp: 16.2 kW
Cell efficiency: 0.301, Output efficiency: 0.277
mdot_h2: 12.22 g/s
Reynolds_number: 11,608,862
Stack prop output power: 534 kW, Pcomp: 17.2 kW
Cell efficiency: 0.301, Output efficiency: 0.277
mdot_h2: 12.99 g/s
Reynolds_number: 11,608,862
Stack prop output power: 535 kW, Pcomp: 17.2 kW
Cell efficiency: 0.301, Output efficiency: 0.277
mdot_h2: 13.01 g/s
Reynolds_number: 13,986,581
Stack prop output power: 426 kW, Pcomp: 3.8 kW
Cell efficiency: 0.294, Output efficiency: 0.277
mdot_h2: 10.38 g/s
Reynolds_number: 13,986,581
Stack prop output power: 464 kW, Pcomp: 4.1 kW
Cell efficiency: 0.294, Output efficiency: 0.277
mdot_h2: 11.28 g/s
Reynolds_number: 6,709,346
Stack prop output power: 443 kW, Pcomp: 3.9 kW
Cell efficiency: 0.305, Output efficiency: 0.287
mdot_h2: 10.38 g/s
Reynolds_number: 6,709,346
Stack prop output power: 481 kW, Pcomp: 4.2 kW
Cell efficiency: 0.305, Output efficiency: 0.287
mdot_h2: 11.29 g/s
Reynolds_number: 13,986,581
Stack prop output power: 628 kW, Pcomp: 20.2 kW
Cell efficiency: 0.303, Output efficiency: 0.279
mdot_h2: 15.15 g/s
Reynolds_number: 13,986,581
Stack prop output power: 668 kW, Pcomp: 21.5 kW
Cell efficiency: 0.303, Output efficiency: 0.279
mdot_h2: 16.11 g/s
Reynolds_number: 13,986,581
Stack prop output power: 669 kW, Pcomp: 21.6 kW
Cell efficiency: 0.303, Output efficiency: 0.279
mdot_h2: 16.14 g/s
Fuel-cell system mass representative phase: cruise (P_fc_sys=1338.208 kW).

-----------------------
ptotal_climb: 1,235 kW, mtom_est: 6,815 kg, mtom: 5,325 kg, residual: +1,490.22 kg

MTOM update: initial_bracket_probe_2, relax=1.000 -> mtom_next=5,650.00 kg

======================================================
======================= ITER 3 =======================
Reynolds_number: 13,986,581
Stack prop output power: 669 kW, Pcomp: 21.6 kW
Cell efficiency: 0.303, Output efficiency: 0.279
mdot_h2: 16.14 g/s
Reynolds_number: 13,986,581
Stack prop output power: 709 kW, Pcomp: 22.8 kW
Cell efficiency: 0.303, Output efficiency: 0.279
mdot_h2: 17.09 g/s
Reynolds_number: 13,986,581
Stack prop output power: 710 kW, Pcomp: 22.9 kW
Cell efficiency: 0.303, Output efficiency: 0.279
mdot_h2: 17.12 g/s
Reynolds_number: 11,608,862
Stack prop output power: 535 kW, Pcomp: 17.2 kW
Cell efficiency: 0.301, Output efficiency: 0.277
mdot_h2: 13.01 g/s
Reynolds_number: 11,608,862
Stack prop output power: 567 kW, Pcomp: 18.2 kW
Cell efficiency: 0.301, Output efficiency: 0.277
mdot_h2: 13.78 g/s
Reynolds_number: 11,608,862
Stack prop output power: 568 kW, Pcomp: 18.3 kW
Cell efficiency: 0.301, Output efficiency: 0.277
mdot_h2: 13.81 g/s
Reynolds_number: 13,986,581
Stack prop output power: 455 kW, Pcomp: 4.0 kW
Cell efficiency: 0.294, Output efficiency: 0.277
mdot_h2: 11.07 g/s
Reynolds_number: 13,986,581
Stack prop output power: 492 kW, Pcomp: 4.4 kW
Cell efficiency: 0.294, Output efficiency: 0.277
mdot_h2: 11.97 g/s
Reynolds_number: 6,709,346
Stack prop output power: 472 kW, Pcomp: 4.1 kW
Cell efficiency: 0.305, Output efficiency: 0.287
mdot_h2: 11.07 g/s
Reynolds_number: 6,709,346
Stack prop output power: 511 kW, Pcomp: 4.4 kW
Cell efficiency: 0.305, Output efficiency: 0.287
mdot_h2: 11.98 g/s
Reynolds_number: 13,986,581
Stack prop output power: 669 kW, Pcomp: 21.6 kW
Cell efficiency: 0.303, Output efficiency: 0.279
mdot_h2: 16.14 g/s
Reynolds_number: 13,986,581
Stack prop output power: 709 kW, Pcomp: 22.8 kW
Cell efficiency: 0.303, Output efficiency: 0.279
mdot_h2: 17.09 g/s
Reynolds_number: 13,986,581
Stack prop output power: 710 kW, Pcomp: 22.9 kW
Cell efficiency: 0.303, Output efficiency: 0.279
mdot_h2: 17.12 g/s
Fuel-cell system mass representative phase: cruise (P_fc_sys=1419.882 kW).

-----------------------
ptotal_climb: 1,310 kW, mtom_est: 7,051 kg, mtom: 5,650 kg, residual: +1,401.13 kg

MTOM update: newton_prebracket, relax=1.000 -> mtom_next=7,627.50 kg

======================================================
======================= ITER 4 =======================
Reynolds_number: 13,986,581
Stack prop output power: 710 kW, Pcomp: 22.9 kW
Cell efficiency: 0.303, Output efficiency: 0.279
mdot_h2: 17.12 g/s
Reynolds_number: 13,986,581
Stack prop output power: 950 kW, Pcomp: 30.6 kW
Cell efficiency: 0.303, Output efficiency: 0.279
mdot_h2: 22.92 g/s
Reynolds_number: 13,986,581
Stack prop output power: 958 kW, Pcomp: 30.9 kW
Cell efficiency: 0.303, Output efficiency: 0.279
mdot_h2: 23.11 g/s
Reynolds_number: 11,608,862
Stack prop output power: 568 kW, Pcomp: 18.3 kW
Cell efficiency: 0.301, Output efficiency: 0.277
mdot_h2: 13.81 g/s
Reynolds_number: 11,608,862
Stack prop output power: 760 kW, Pcomp: 24.5 kW
Cell efficiency: 0.301, Output efficiency: 0.277
mdot_h2: 18.48 g/s
Reynolds_number: 11,608,862
Stack prop output power: 766 kW, Pcomp: 24.7 kW
Cell efficiency: 0.301, Output efficiency: 0.277
mdot_h2: 18.63 g/s
Reynolds_number: 13,986,581
Stack prop output power: 435 kW, Pcomp: 3.9 kW
Cell efficiency: 0.294, Output efficiency: 0.277
mdot_h2: 10.60 g/s
Reynolds_number: 13,986,581
Stack prop output power: 663 kW, Pcomp: 5.9 kW
Cell efficiency: 0.294, Output efficiency: 0.277
mdot_h2: 16.13 g/s
Reynolds_number: 13,986,581
Stack prop output power: 665 kW, Pcomp: 5.9 kW
Cell efficiency: 0.294, Output efficiency: 0.277
mdot_h2: 16.18 g/s
Reynolds_number: 6,709,346
Stack prop output power: 452 kW, Pcomp: 3.9 kW
Cell efficiency: 0.305, Output efficiency: 0.287
mdot_h2: 10.60 g/s
Reynolds_number: 6,709,346
Stack prop output power: 688 kW, Pcomp: 6.0 kW
Cell efficiency: 0.305, Output efficiency: 0.287
mdot_h2: 16.13 g/s
Reynolds_number: 6,709,346
Stack prop output power: 690 kW, Pcomp: 6.0 kW
Cell efficiency: 0.305, Output efficiency: 0.287
mdot_h2: 16.18 g/s
Reynolds_number: 13,986,581
Stack prop output power: 710 kW, Pcomp: 22.9 kW
Cell efficiency: 0.303, Output efficiency: 0.279
mdot_h2: 17.12 g/s
Reynolds_number: 13,986,581
Stack prop output power: 950 kW, Pcomp: 30.6 kW
Cell efficiency: 0.303, Output efficiency: 0.279
mdot_h2: 22.92 g/s
Reynolds_number: 13,986,581
Stack prop output power: 958 kW, Pcomp: 30.9 kW
Cell efficiency: 0.303, Output efficiency: 0.279
mdot_h2: 23.11 g/s
Fuel-cell system mass representative phase: cruise (P_fc_sys=1916.828 kW).

-----------------------
ptotal_climb: 1,769 kW, mtom_est: 8,495 kg, mtom: 7,628 kg, residual: +867.56 kg

MTOM update: newton_prebracket, relax=1.000 -> mtom_next=10,297.12 kg

======================================================
======================= ITER 5 =======================
Reynolds_number: 13,986,581
Stack prop output power: 958 kW, Pcomp: 30.9 kW
Cell efficiency: 0.303, Output efficiency: 0.279
mdot_h2: 23.12 g/s
Reynolds_number: 13,986,581
Stack prop output power: 1,283 kW, Pcomp: 41.4 kW
Cell efficiency: 0.303, Output efficiency: 0.279
mdot_h2: 30.95 g/s
Reynolds_number: 13,986,581
Stack prop output power: 1,294 kW, Pcomp: 41.7 kW
Cell efficiency: 0.303, Output efficiency: 0.279
mdot_h2: 31.20 g/s
Reynolds_number: 11,608,862
Stack prop output power: 767 kW, Pcomp: 24.7 kW
Cell efficiency: 0.301, Output efficiency: 0.277
mdot_h2: 18.64 g/s
Reynolds_number: 11,608,862
Stack prop output power: 1,026 kW, Pcomp: 33.0 kW
Cell efficiency: 0.301, Output efficiency: 0.277
mdot_h2: 24.95 g/s
Reynolds_number: 11,608,862
Stack prop output power: 1,035 kW, Pcomp: 33.3 kW
Cell efficiency: 0.301, Output efficiency: 0.277
mdot_h2: 25.16 g/s
Reynolds_number: 13,986,581
Stack prop output power: 588 kW, Pcomp: 5.2 kW
Cell efficiency: 0.294, Output efficiency: 0.277
mdot_h2: 14.31 g/s
Reynolds_number: 13,986,581
Stack prop output power: 895 kW, Pcomp: 7.9 kW
Cell efficiency: 0.294, Output efficiency: 0.277
mdot_h2: 21.77 g/s
Reynolds_number: 13,986,581
Stack prop output power: 897 kW, Pcomp: 8.0 kW
Cell efficiency: 0.294, Output efficiency: 0.277
mdot_h2: 21.84 g/s
Reynolds_number: 6,709,346
Stack prop output power: 610 kW, Pcomp: 5.3 kW
Cell efficiency: 0.305, Output efficiency: 0.287
mdot_h2: 14.31 g/s
Reynolds_number: 6,709,346
Stack prop output power: 929 kW, Pcomp: 8.1 kW
Cell efficiency: 0.305, Output efficiency: 0.287
mdot_h2: 21.77 g/s
Reynolds_number: 6,709,346
Stack prop output power: 931 kW, Pcomp: 8.1 kW
Cell efficiency: 0.305, Output efficiency: 0.287
mdot_h2: 21.84 g/s
Reynolds_number: 13,986,581
Stack prop output power: 958 kW, Pcomp: 30.9 kW
Cell efficiency: 0.303, Output efficiency: 0.279
mdot_h2: 23.12 g/s
Reynolds_number: 13,986,581
Stack prop output power: 1,283 kW, Pcomp: 41.4 kW
Cell efficiency: 0.303, Output efficiency: 0.279
mdot_h2: 30.95 g/s
Reynolds_number: 13,986,581
Stack prop output power: 1,294 kW, Pcomp: 41.7 kW
Cell efficiency: 0.303, Output efficiency: 0.279
mdot_h2: 31.20 g/s
Fuel-cell system mass representative phase: cruise (P_fc_sys=2587.718 kW).

-----------------------
ptotal_climb: 2,388 kW, mtom_est: 10,464 kg, mtom: 10,297 kg, residual: +166.81 kg

MTOM update: newton_prebracket, relax=1.000 -> mtom_next=10,932.61 kg

======================================================
======================= ITER 6 =======================
Reynolds_number: 13,986,581
Stack prop output power: 1,294 kW, Pcomp: 41.7 kW
Cell efficiency: 0.303, Output efficiency: 0.279
mdot_h2: 31.21 g/s
Reynolds_number: 13,986,581
Stack prop output power: 1,371 kW, Pcomp: 44.2 kW
Cell efficiency: 0.303, Output efficiency: 0.279
mdot_h2: 33.07 g/s
Reynolds_number: 13,986,581
Stack prop output power: 1,374 kW, Pcomp: 44.3 kW
Cell efficiency: 0.303, Output efficiency: 0.279
mdot_h2: 33.13 g/s
Reynolds_number: 11,608,862
Stack prop output power: 1,035 kW, Pcomp: 33.3 kW
Cell efficiency: 0.301, Output efficiency: 0.277
mdot_h2: 25.16 g/s
Reynolds_number: 11,608,862
Stack prop output power: 1,097 kW, Pcomp: 35.3 kW
Cell efficiency: 0.301, Output efficiency: 0.277
mdot_h2: 26.67 g/s
Reynolds_number: 11,608,862
Stack prop output power: 1,099 kW, Pcomp: 35.3 kW
Cell efficiency: 0.301, Output efficiency: 0.277
mdot_h2: 26.71 g/s
Reynolds_number: 13,986,581
Stack prop output power: 879 kW, Pcomp: 7.8 kW
Cell efficiency: 0.294, Output efficiency: 0.277
mdot_h2: 21.39 g/s
Reynolds_number: 13,986,581
Stack prop output power: 952 kW, Pcomp: 8.4 kW
Cell efficiency: 0.294, Output efficiency: 0.277
mdot_h2: 23.17 g/s
Reynolds_number: 13,986,581
Stack prop output power: 953 kW, Pcomp: 8.4 kW
Cell efficiency: 0.294, Output efficiency: 0.277
mdot_h2: 23.19 g/s
Reynolds_number: 6,709,346
Stack prop output power: 912 kW, Pcomp: 7.9 kW
Cell efficiency: 0.305, Output efficiency: 0.287
mdot_h2: 21.39 g/s
Reynolds_number: 6,709,346
Stack prop output power: 988 kW, Pcomp: 8.6 kW
Cell efficiency: 0.305, Output efficiency: 0.287
mdot_h2: 23.17 g/s
Reynolds_number: 6,709,346
Stack prop output power: 989 kW, Pcomp: 8.6 kW
Cell efficiency: 0.305, Output efficiency: 0.287
mdot_h2: 23.19 g/s
Reynolds_number: 13,986,581
Stack prop output power: 1,294 kW, Pcomp: 41.7 kW
Cell efficiency: 0.303, Output efficiency: 0.279
mdot_h2: 31.21 g/s
Reynolds_number: 13,986,581
Stack prop output power: 1,371 kW, Pcomp: 44.2 kW
Cell efficiency: 0.303, Output efficiency: 0.279
mdot_h2: 33.07 g/s
Reynolds_number: 13,986,581
Stack prop output power: 1,374 kW, Pcomp: 44.3 kW
Cell efficiency: 0.303, Output efficiency: 0.279
mdot_h2: 33.13 g/s
Fuel-cell system mass representative phase: cruise (P_fc_sys=2747.438 kW).

-----------------------
ptotal_climb: 2,535 kW, mtom_est: 10,937 kg, mtom: 10,933 kg, residual: +4.33 kg


CONVERGED

CONVERGED STATE [MTOM iteration 6]
  MTOM=10,937 kg | Wing loading=220.60 kg/m^2 | P/W(climb)=231.78 W/kg
  Phase power: climb=2,535.0 kW | cruise=2,747.4 kW | loiter=2,197.8 kW | takeoff=2,631.2 kW | cruise+charger=2,747.4 kW
  Power split (climb): FC=1,888.6 kW | Battery=629.5 kW | Compressor=16.9 kW | Cooling=780.1 kW | H2=46.371 g/s
  Compressor max across phases: 88.5 kW (cruise)
  FC representative phase (mass sizing): cruise (2,747.4 kW)
  Mass summary: MTOM=10,937 kg | Powertrain=3,898 kg | Tank=1,128.9 kg | Fuel=501.7 kg | Battery=266.0 kg | Nacelle power density=0.82 kW/kg
  Geometry: Main wing area=49.58 m^2 | Horizontal tail area=7.068 m^2 | Horizontal tail location=16.676 m | Vertical tail area=7.239 m^2 | Vertical tail location=15.978 m
  Config: wing loading input=220.51 kg/m^2 | P/W TO/Cl/Cr/Lo=0.17518/0.16876/0.17683/0.14146 kW/kg

=============================================================
========================= CONVERGED =========================
=============================================================
Constraint sizing: ENABLED (min_combined_pw)
Input W/S: 220.51 kg/m^2 (2,162.5 Pa)
Input P/W [kW/kg]: takeoff 0.17518, climb 0.16876, cruise 0.17683, loiter 0.14146
Converged P/W [kW/kg]: takeoff 0.24058, climb 0.23178, cruise 0.25121, loiter 0.20095
-------------------------------------------------------------

# Mission Time
Climb time: 5.05 min (0.08 h)
Cruise time: 109.52 min (1.83 h)
Total flight time: 136.57 min (2.28 h)

# Phase Power Breakdown
Phase      Time[min]     Total[kW]    FC Stack[kW]   Battery[kW]   Compressor[kW]   Cooling[kW]   mdot_H2[g/s]
--------------------------------------------------------------------------------------------------------------
ready           0.00         126.7           126.7           0.0              0.0           0.0         0.0
taxi            5.00         253.5           253.5           0.0              0.0           0.0         4.6
takeoff         1.00       2,631.2         1,960.5         653.5             17.2         768.8        46.4
climb           5.05       2,535.0         1,888.6         629.5             16.9         780.1        46.4
cruise        109.52       2,747.4         2,658.9           0.0             88.5       1,100.6        66.3
loiter         15.00       2,197.8         2,127.1           0.0             70.7         890.4        53.4
landing         1.00           0.0             0.0           0.0              0.0           0.0         0.0

Pcomp_max (solved phases): 88.5 kW (cruise)
Pnet (climb): 2,289 kW
Pelectricnet (climb): 2,518 kW
eta_pt: 0.9031

# Geometry
Main Wing Area: 49.58 m^2
Wingspan: 21.12 m
Fuselage Length: 19.07 m
Hydrogen Tank Length: 10.06 m
Horizontal Tail Area: 7.07 m^2
Vertical Tail Area: 7.24 m^2
Horizontal Tail span: 5.64 m
Vertical Tail span: 3.71 m
Horizontal Tail X_Position: 16.68 m
Vertical Tail X_Position: 15.98 m

# Single Nacelle (1/2)
Stack(1/2): 757 kg, Compressor: 80 kg, Humidifier: 239 kg, HX: 599 kg
Fuelcell System(FCS; Stack+Compressor+Humidifier+Hx): 1,675 kg
Representative FC phase: cruise
Specific Power of Fuelcell System: 0.820 kW/kg
Stack dimension: dX=0.362 m, dY=0.483 m, dZ=0.483 m
Heat Exchanger dimension: dX=1.704 m, dY=1.704 m, dZ=0.230 m

# ALL Nacelles
FCS_total: 3,349 kg
PMAD: 215 kg
Motors: 334 kg

# Total Mass Breakdown
-----------------------
Powertrain (FCS_total+PMAD+Motors): 3,898 kg
-----------------------
Main Wing: 922 kg
Horizontal Tail: 63 kg
Vertical Tail: 100 kg
Fuselage: 764 kg
Landing gear(main): 243 kg
Landing gear(nose): 65 kg
Flight Control System: 366 kg
Electric System: 300 kg
Instruments: 147 kg
Hydraulics: 131 kg
Furnishing: 541 kg
-----------------------
Operating Empty Mass(OEM): 3,642 kg
-----------------------
Hydrogen Tank: 1,129 kg
Hydrogen Fuel: 501.7 kg
Battery: 266.0 kg
-----------------------
Payload: 1,500 kg
-----------------------
Maximum Takeoff Mass(MTOM): 10,937 kg
-----------------------

Wing loading (MTOM/S_wing): 220.60 kg/m^2
Power-to-weight (maxPow/MTOM): 231.78 W/kg

mdot_H2(cruise): 66.3 g/s
Hydrogen Tank Volume: 21.5 m^3
========================== END ==============================


=============================================================
Execution time: 82.9 seconds
=============================================================
