Auto-widening W/S scan window for min_combined_pw: 1900.0..2600.0 -> 1725.0..2775.0 Pa (factor 1.500, lower_hit=True, upper_hit=False, min_on_edge=False).
Auto-widening W/S scan window for min_combined_pw: 1725.0..2775.0 -> 1462.5..3037.5 Pa (factor 1.500, lower_hit=True, upper_hit=False, min_on_edge=False).
ADRpy constraint sizing (min_combined_pw): W/S=2162.5 Pa (220.51 kg/m^2), P/W_TO=0.17518 kW/kg, P/W_climb=0.16876 kW/kg, P/W_cruise=0.17683 kW/kg
Curve minimum (combined/combined): W/S=2162.5 Pa (220.51 kg/m^2), P/W=0.17683 kW/kg
Curve minimum (takeoff/take-off): W/S=1462.5 Pa (149.13 kg/m^2), P/W=0.10196 kW/kg
Curve minimum (climb/climb): W/S=2312.5 Pa (235.81 kg/m^2), P/W=0.16713 kW/kg
Curve minimum (cruise/cruise): W/S=2312.5 Pa (235.81 kg/m^2), P/W=0.16744 kW/kg
======================================================
======================= ITER 1 =======================
Reynolds_number: 13,986,581
Stack prop output power: 500 kW, Pcomp: 16.1 kW
Cell efficiency: 0.303, Output efficiency: 0.279
mdot_h2: 12.06 g/s
Reynolds_number: 13,986,581
Stack prop output power: 624 kW, Pcomp: 20.1 kW
Cell efficiency: 0.303, Output efficiency: 0.279
mdot_h2: 15.05 g/s
Reynolds_number: 13,986,581
Stack prop output power: 628 kW, Pcomp: 20.2 kW
Cell efficiency: 0.303, Output efficiency: 0.279
mdot_h2: 15.15 g/s
Reynolds_number: 11,608,862
Stack prop output power: 500 kW, Pcomp: 16.1 kW
Cell efficiency: 0.301, Output efficiency: 0.277
mdot_h2: 12.16 g/s
Reynolds_number: 11,608,862
Stack prop output power: 503 kW, Pcomp: 16.2 kW
Cell efficiency: 0.301, Output efficiency: 0.277
mdot_h2: 12.22 g/s
Reynolds_number: 13,986,581
Stack prop output power: 356 kW, Pcomp: 3.2 kW
Cell efficiency: 0.294, Output efficiency: 0.277
mdot_h2: 8.66 g/s
Reynolds_number: 13,986,581
Stack prop output power: 435 kW, Pcomp: 3.9 kW
Cell efficiency: 0.294, Output efficiency: 0.277
mdot_h2: 10.59 g/s
Reynolds_number: 13,986,581
Stack prop output power: 436 kW, Pcomp: 3.9 kW
Cell efficiency: 0.294, Output efficiency: 0.277
mdot_h2: 10.60 g/s
Reynolds_number: 6,709,346
Stack prop output power: 351 kW, Pcomp: 3.1 kW
Cell efficiency: 0.305, Output efficiency: 0.287
mdot_h2: 8.22 g/s
Reynolds_number: 6,709,346
Stack prop output power: 451 kW, Pcomp: 3.9 kW
Cell efficiency: 0.305, Output efficiency: 0.287
mdot_h2: 10.58 g/s
Reynolds_number: 6,709,346
Stack prop output power: 452 kW, Pcomp: 3.9 kW
Cell efficiency: 0.305, Output efficiency: 0.287
mdot_h2: 10.60 g/s
Reynolds_number: 13,986,581
Stack prop output power: 500 kW, Pcomp: 16.1 kW
Cell efficiency: 0.303, Output efficiency: 0.279
mdot_h2: 12.06 g/s
Reynolds_number: 13,986,581
Stack prop output power: 624 kW, Pcomp: 20.1 kW
Cell efficiency: 0.303, Output efficiency: 0.279
mdot_h2: 15.05 g/s
Reynolds_number: 13,986,581
Stack prop output power: 628 kW, Pcomp: 20.2 kW
Cell efficiency: 0.303, Output efficiency: 0.279
mdot_h2: 15.15 g/s
Fuel-cell system mass representative phase: cruise (P_fc_sys=1256.527 kW).

-----------------------
ptotal_climb: 1,159 kW, mtom_est: 5,779 kg, mtom: 5,000 kg, residual: +778.76 kg

MTOM update: initial_bracket_probe_1, relax=1.000 -> mtom_next=5,325.00 kg

======================================================
======================= ITER 2 =======================
Reynolds_number: 13,986,581
Stack prop output power: 628 kW, Pcomp: 20.2 kW
Cell efficiency: 0.303, Output efficiency: 0.279
mdot_h2: 15.15 g/s
Reynolds_number: 13,986,581
Stack prop output power: 668 kW, Pcomp: 21.5 kW
Cell efficiency: 0.303, Output efficiency: 0.279
mdot_h2: 16.11 g/s
Reynolds_number: 13,986,581
Stack prop output power: 669 kW, Pcomp: 21.6 kW
Cell efficiency: 0.303, Output efficiency: 0.279
mdot_h2: 16.14 g/s
Reynolds_number: 11,608,862
Stack prop output power: 503 kW, Pcomp: 16.2 kW
Cell efficiency: 0.301, Output efficiency: 0.277
mdot_h2: 12.22 g/s
Reynolds_number: 11,608,862
Stack prop output power: 534 kW, Pcomp: 17.2 kW
Cell efficiency: 0.301, Output efficiency: 0.277
mdot_h2: 12.99 g/s
Reynolds_number: 11,608,862
Stack prop output power: 535 kW, Pcomp: 17.2 kW
Cell efficiency: 0.301, Output efficiency: 0.277
mdot_h2: 13.01 g/s
Reynolds_number: 13,986,581
Stack prop output power: 426 kW, Pcomp: 3.8 kW
Cell efficiency: 0.294, Output efficiency: 0.277
mdot_h2: 10.38 g/s
Reynolds_number: 13,986,581
Stack prop output power: 464 kW, Pcomp: 4.1 kW
Cell efficiency: 0.294, Output efficiency: 0.277
mdot_h2: 11.28 g/s
Reynolds_number: 6,709,346
Stack prop output power: 443 kW, Pcomp: 3.9 kW
Cell efficiency: 0.305, Output efficiency: 0.287
mdot_h2: 10.38 g/s
Reynolds_number: 6,709,346
Stack prop output power: 481 kW, Pcomp: 4.2 kW
Cell efficiency: 0.305, Output efficiency: 0.287
mdot_h2: 11.29 g/s
Reynolds_number: 13,986,581
Stack prop output power: 628 kW, Pcomp: 20.2 kW
Cell efficiency: 0.303, Output efficiency: 0.279
mdot_h2: 15.15 g/s
Reynolds_number: 13,986,581
Stack prop output power: 668 kW, Pcomp: 21.5 kW
Cell efficiency: 0.303, Output efficiency: 0.279
mdot_h2: 16.11 g/s
Reynolds_number: 13,986,581
Stack prop output power: 669 kW, Pcomp: 21.6 kW
Cell efficiency: 0.303, Output efficiency: 0.279
mdot_h2: 16.14 g/s
Fuel-cell system mass representative phase: cruise (P_fc_sys=1338.208 kW).

-----------------------
ptotal_climb: 1,235 kW, mtom_est: 6,015 kg, mtom: 5,325 kg, residual: +690.22 kg

MTOM update: initial_bracket_probe_2, relax=1.000 -> mtom_next=5,650.00 kg

======================================================
======================= ITER 3 =======================
Reynolds_number: 13,986,581
Stack prop output power: 669 kW, Pcomp: 21.6 kW
Cell efficiency: 0.303, Output efficiency: 0.279
mdot_h2: 16.14 g/s
Reynolds_number: 13,986,581
Stack prop output power: 709 kW, Pcomp: 22.8 kW
Cell efficiency: 0.303, Output efficiency: 0.279
mdot_h2: 17.09 g/s
Reynolds_number: 13,986,581
Stack prop output power: 710 kW, Pcomp: 22.9 kW
Cell efficiency: 0.303, Output efficiency: 0.279
mdot_h2: 17.12 g/s
Reynolds_number: 11,608,862
Stack prop output power: 535 kW, Pcomp: 17.2 kW
Cell efficiency: 0.301, Output efficiency: 0.277
mdot_h2: 13.01 g/s
Reynolds_number: 11,608,862
Stack prop output power: 567 kW, Pcomp: 18.2 kW
Cell efficiency: 0.301, Output efficiency: 0.277
mdot_h2: 13.78 g/s
Reynolds_number: 11,608,862
Stack prop output power: 568 kW, Pcomp: 18.3 kW
Cell efficiency: 0.301, Output efficiency: 0.277
mdot_h2: 13.81 g/s
Reynolds_number: 13,986,581
Stack prop output power: 455 kW, Pcomp: 4.0 kW
Cell efficiency: 0.294, Output efficiency: 0.277
mdot_h2: 11.07 g/s
Reynolds_number: 13,986,581
Stack prop output power: 492 kW, Pcomp: 4.4 kW
Cell efficiency: 0.294, Output efficiency: 0.277
mdot_h2: 11.97 g/s
Reynolds_number: 6,709,346
Stack prop output power: 472 kW, Pcomp: 4.1 kW
Cell efficiency: 0.305, Output efficiency: 0.287
mdot_h2: 11.07 g/s
Reynolds_number: 6,709,346
Stack prop output power: 511 kW, Pcomp: 4.4 kW
Cell efficiency: 0.305, Output efficiency: 0.287
mdot_h2: 11.98 g/s
Reynolds_number: 13,986,581
Stack prop output power: 669 kW, Pcomp: 21.6 kW
Cell efficiency: 0.303, Output efficiency: 0.279
mdot_h2: 16.14 g/s
Reynolds_number: 13,986,581
Stack prop output power: 709 kW, Pcomp: 22.8 kW
Cell efficiency: 0.303, Output efficiency: 0.279
mdot_h2: 17.09 g/s
Reynolds_number: 13,986,581
Stack prop output power: 710 kW, Pcomp: 22.9 kW
Cell efficiency: 0.303, Output efficiency: 0.279
mdot_h2: 17.12 g/s
Fuel-cell system mass representative phase: cruise (P_fc_sys=1419.882 kW).

-----------------------
ptotal_climb: 1,310 kW, mtom_est: 6,251 kg, mtom: 5,650 kg, residual: +601.13 kg

MTOM update: newton_prebracket, relax=1.000 -> mtom_next=7,627.50 kg

======================================================
======================= ITER 4 =======================
Reynolds_number: 13,986,581
Stack prop output power: 710 kW, Pcomp: 22.9 kW
Cell efficiency: 0.303, Output efficiency: 0.279
mdot_h2: 17.12 g/s
Reynolds_number: 13,986,581
Stack prop output power: 950 kW, Pcomp: 30.6 kW
Cell efficiency: 0.303, Output efficiency: 0.279
mdot_h2: 22.92 g/s
Reynolds_number: 13,986,581
Stack prop output power: 958 kW, Pcomp: 30.9 kW
Cell efficiency: 0.303, Output efficiency: 0.279
mdot_h2: 23.11 g/s
Reynolds_number: 11,608,862
Stack prop output power: 568 kW, Pcomp: 18.3 kW
Cell efficiency: 0.301, Output efficiency: 0.277
mdot_h2: 13.81 g/s
Reynolds_number: 11,608,862
Stack prop output power: 760 kW, Pcomp: 24.5 kW
Cell efficiency: 0.301, Output efficiency: 0.277
mdot_h2: 18.48 g/s
Reynolds_number: 11,608,862
Stack prop output power: 766 kW, Pcomp: 24.7 kW
Cell efficiency: 0.301, Output efficiency: 0.277
mdot_h2: 18.63 g/s
Reynolds_number: 13,986,581
Stack prop output power: 435 kW, Pcomp: 3.9 kW
Cell efficiency: 0.294, Output efficiency: 0.277
mdot_h2: 10.60 g/s
Reynolds_number: 13,986,581
Stack prop output power: 663 kW, Pcomp: 5.9 kW
Cell efficiency: 0.294, Output efficiency: 0.277
mdot_h2: 16.13 g/s
Reynolds_number: 13,986,581
Stack prop output power: 665 kW, Pcomp: 5.9 kW
Cell efficiency: 0.294, Output efficiency: 0.277
mdot_h2: 16.18 g/s
Reynolds_number: 6,709,346
Stack prop output power: 452 kW, Pcomp: 3.9 kW
Cell efficiency: 0.305, Output efficiency: 0.287
mdot_h2: 10.60 g/s
Reynolds_number: 6,709,346
Stack prop output power: 688 kW, Pcomp: 6.0 kW
Cell efficiency: 0.305, Output efficiency: 0.287
mdot_h2: 16.13 g/s
Reynolds_number: 6,709,346
Stack prop output power: 690 kW, Pcomp: 6.0 kW
Cell efficiency: 0.305, Output efficiency: 0.287
mdot_h2: 16.18 g/s
Reynolds_number: 13,986,581
Stack prop output power: 710 kW, Pcomp: 22.9 kW
Cell efficiency: 0.303, Output efficiency: 0.279
mdot_h2: 17.12 g/s
Reynolds_number: 13,986,581
Stack prop output power: 950 kW, Pcomp: 30.6 kW
Cell efficiency: 0.303, Output efficiency: 0.279
mdot_h2: 22.92 g/s
Reynolds_number: 13,986,581
Stack prop output power: 958 kW, Pcomp: 30.9 kW
Cell efficiency: 0.303, Output efficiency: 0.279
mdot_h2: 23.11 g/s
Fuel-cell system mass representative phase: cruise (P_fc_sys=1916.828 kW).

-----------------------
ptotal_climb: 1,769 kW, mtom_est: 7,695 kg, mtom: 7,628 kg, residual: +67.56 kg

MTOM update: newton_prebracket, relax=1.000 -> mtom_next=7,877.88 kg

======================================================
======================= ITER 5 =======================
Reynolds_number: 13,986,581
Stack prop output power: 958 kW, Pcomp: 30.9 kW
Cell efficiency: 0.303, Output efficiency: 0.279
mdot_h2: 23.12 g/s
Reynolds_number: 13,986,581
Stack prop output power: 989 kW, Pcomp: 31.9 kW
Cell efficiency: 0.303, Output efficiency: 0.279
mdot_h2: 23.85 g/s
Reynolds_number: 13,986,581
Stack prop output power: 990 kW, Pcomp: 31.9 kW
Cell efficiency: 0.303, Output efficiency: 0.279
mdot_h2: 23.87 g/s
Reynolds_number: 11,608,862
Stack prop output power: 767 kW, Pcomp: 24.7 kW
Cell efficiency: 0.301, Output efficiency: 0.277
mdot_h2: 18.64 g/s
Reynolds_number: 11,608,862
Stack prop output power: 791 kW, Pcomp: 25.4 kW
Cell efficiency: 0.301, Output efficiency: 0.277
mdot_h2: 19.23 g/s
Reynolds_number: 11,608,862
Stack prop output power: 792 kW, Pcomp: 25.5 kW
Cell efficiency: 0.301, Output efficiency: 0.277
mdot_h2: 19.25 g/s
Reynolds_number: 13,986,581
Stack prop output power: 657 kW, Pcomp: 5.8 kW
Cell efficiency: 0.294, Output efficiency: 0.277
mdot_h2: 16.00 g/s
Reynolds_number: 13,986,581
Stack prop output power: 686 kW, Pcomp: 6.1 kW
Cell efficiency: 0.294, Output efficiency: 0.277
mdot_h2: 16.70 g/s
Reynolds_number: 6,709,346
Stack prop output power: 682 kW, Pcomp: 5.9 kW
Cell efficiency: 0.305, Output efficiency: 0.287
mdot_h2: 16.00 g/s
Reynolds_number: 6,709,346
Stack prop output power: 712 kW, Pcomp: 6.2 kW
Cell efficiency: 0.305, Output efficiency: 0.287
mdot_h2: 16.70 g/s
Reynolds_number: 13,986,581
Stack prop output power: 958 kW, Pcomp: 30.9 kW
Cell efficiency: 0.303, Output efficiency: 0.279
mdot_h2: 23.12 g/s
Reynolds_number: 13,986,581
Stack prop output power: 989 kW, Pcomp: 31.9 kW
Cell efficiency: 0.303, Output efficiency: 0.279
mdot_h2: 23.85 g/s
Reynolds_number: 13,986,581
Stack prop output power: 990 kW, Pcomp: 31.9 kW
Cell efficiency: 0.303, Output efficiency: 0.279
mdot_h2: 23.87 g/s
Fuel-cell system mass representative phase: cruise (P_fc_sys=1979.766 kW).

-----------------------
ptotal_climb: 1,827 kW, mtom_est: 7,880 kg, mtom: 7,878 kg, residual: +2.08 kg


CONVERGED

CONVERGED STATE [MTOM iteration 5]
  MTOM=7,880 kg | Wing loading=220.57 kg/m^2 | P/W(climb)=231.81 W/kg
  Phase power: climb=1,826.7 kW | cruise=1,979.8 kW | loiter=1,583.7 kW | takeoff=1,896.0 kW | cruise+charger=1,979.8 kW
  Power split (climb): FC=1,360.9 kW | Battery=453.6 kW | Compressor=12.2 kW | Cooling=562.1 kW | H2=33.402 g/s
  Compressor max across phases: 63.8 kW (cruise)
  FC representative phase (mass sizing): cruise (1,979.8 kW)
  Mass summary: MTOM=7,880 kg | Powertrain=2,828 kg | Tank=813.5 kg | Fuel=361.5 kg | Battery=191.7 kg | Nacelle power density=0.81 kW/kg
  Geometry: Main wing area=35.73 m^2 | Horizontal tail area=5.118 m^2 | Horizontal tail location=14.133 m | Vertical tail area=5.213 m^2 | Vertical tail location=13.590 m
  Config: wing loading input=220.51 kg/m^2 | P/W TO/Cl/Cr/Lo=0.17518/0.16876/0.17683/0.14146 kW/kg

=============================================================
========================= CONVERGED =========================
=============================================================
Constraint sizing: ENABLED (min_combined_pw)
Input W/S: 220.51 kg/m^2 (2,162.5 Pa)
Input P/W [kW/kg]: takeoff 0.17518, climb 0.16876, cruise 0.17683, loiter 0.14146
Converged P/W [kW/kg]: takeoff 0.24061, climb 0.23181, cruise 0.25124, loiter 0.20098
-------------------------------------------------------------

# Mission Time
Climb time: 5.05 min (0.08 h)
Cruise time: 109.52 min (1.83 h)
Total flight time: 136.57 min (2.28 h)

# Phase Power Breakdown
Phase      Time[min]     Total[kW]    FC Stack[kW]   Battery[kW]   Compressor[kW]   Cooling[kW]   mdot_H2[g/s]
--------------------------------------------------------------------------------------------------------------
ready           0.00          91.3            91.3           0.0              0.0           0.0         0.0
taxi            5.00         182.7           182.7           0.0              0.0           0.0         3.3
takeoff         1.00       1,896.0         1,412.7         470.9             12.4         554.0        33.4
climb           5.05       1,826.7         1,360.9         453.6             12.2         562.1        33.4
cruise        109.52       1,979.8         1,916.0           0.0             63.8         793.2        47.7
loiter         15.00       1,583.7         1,532.8           0.0             50.9         641.8        38.5
landing         1.00           0.0             0.0           0.0              0.0           0.0         0.0

Pcomp_max (solved phases): 63.8 kW (cruise)
Pnet (climb): 1,650 kW
Pelectricnet (climb): 1,815 kW
eta_pt: 0.9031

# Geometry
Main Wing Area: 35.73 m^2
Wingspan: 17.93 m
Fuselage Length: 16.26 m
Hydrogen Tank Length: 7.25 m
Horizontal Tail Area: 5.12 m^2
Vertical Tail Area: 5.21 m^2
Horizontal Tail span: 4.80 m
Vertical Tail span: 3.15 m
Horizontal Tail X_Position: 14.13 m
Vertical Tail X_Position: 13.59 m

# Single Nacelle (1/2)
Stack(1/2): 546 kg, Compressor: 66 kg, Humidifier: 173 kg, HX: 431 kg
Fuelcell System(FCS; Stack+Compressor+Humidifier+Hx): 1,216 kg
Representative FC phase: cruise
Specific Power of Fuelcell System: 0.814 kW/kg
Stack dimension: dX=0.362 m, dY=0.410 m, dZ=0.410 m
Heat Exchanger dimension: dX=1.449 m, dY=1.449 m, dZ=0.230 m

# ALL Nacelles
FCS_total: 2,433 kg
PMAD: 155 kg
Motors: 241 kg

# Total Mass Breakdown
-----------------------
Powertrain (FCS_total+PMAD+Motors): 2,828 kg
-----------------------
Main Wing: 613 kg
Horizontal Tail: 40 kg
Vertical Tail: 71 kg
Fuselage: 607 kg
Landing gear(main): 243 kg
Landing gear(nose): 65 kg
Flight Control System: 366 kg
Electric System: 300 kg
Instruments: 110 kg
Hydraulics: 95 kg
Furnishing: 477 kg
-----------------------
Operating Empty Mass(OEM): 2,985 kg
-----------------------
Hydrogen Tank: 813 kg
Hydrogen Fuel: 361.5 kg
Battery: 191.7 kg
-----------------------
Payload: 700 kg
-----------------------
Maximum Takeoff Mass(MTOM): 7,880 kg
-----------------------

Wing loading (MTOM/S_wing): 220.57 kg/m^2
Power-to-weight (maxPow/MTOM): 231.81 W/kg

mdot_H2(cruise): 47.7 g/s
Hydrogen Tank Volume: 15.5 m^3
========================== END ==============================


=============================================================
Execution time: 68.0 seconds
=============================================================
