Auto-widening W/S scan window for min_combined_pw: 1900.0..2600.0 -> 1725.0..2775.0 Pa (factor 1.500, lower_hit=True, upper_hit=False, min_on_edge=False).
Auto-widening W/S scan window for min_combined_pw: 1725.0..2775.0 -> 1462.5..3037.5 Pa (factor 1.500, lower_hit=True, upper_hit=False, min_on_edge=False).
ADRpy constraint sizing (min_combined_pw): W/S=2112.5 Pa (215.42 kg/m^2), P/W_TO=0.16953 kW/kg, P/W_climb=0.17277 kW/kg, P/W_cruise=0.06328 kW/kg
Curve minimum (combined/combined): W/S=2112.5 Pa (215.42 kg/m^2), P/W=0.17277 kW/kg
Curve minimum (takeoff/take-off): W/S=1462.5 Pa (149.13 kg/m^2), P/W=0.10196 kW/kg
Curve minimum (climb/climb): W/S=2312.5 Pa (235.81 kg/m^2), P/W=0.17010 kW/kg
Curve minimum (cruise/cruise): W/S=2312.5 Pa (235.81 kg/m^2), P/W=0.06244 kW/kg
======================================================
======================= ITER 1 =======================
Reynolds_number: 8,343,592
Stack prop output power: 500 kW, Pcomp: 20.8 kW
Cell efficiency: 0.297, Output efficiency: 0.271
mdot_h2: 12.40 g/s
Reynolds_number: 8,343,592
Stack prop output power: 238 kW, Pcomp: 9.9 kW
Cell efficiency: 0.297, Output efficiency: 0.271
mdot_h2: 5.91 g/s
Reynolds_number: 8,343,592
Stack prop output power: 228 kW, Pcomp: 9.5 kW
Cell efficiency: 0.297, Output efficiency: 0.271
mdot_h2: 5.64 g/s
Reynolds_number: 6,925,181
Stack prop output power: 500 kW, Pcomp: 20.8 kW
Cell efficiency: 0.296, Output efficiency: 0.270
mdot_h2: 12.45 g/s
Reynolds_number: 6,925,181
Stack prop output power: 195 kW, Pcomp: 8.1 kW
Cell efficiency: 0.296, Output efficiency: 0.270
mdot_h2: 4.85 g/s
Reynolds_number: 6,925,181
Stack prop output power: 182 kW, Pcomp: 7.6 kW
Cell efficiency: 0.296, Output efficiency: 0.270
mdot_h2: 4.54 g/s
Reynolds_number: 6,925,181
Stack prop output power: 182 kW, Pcomp: 7.6 kW
Cell efficiency: 0.296, Output efficiency: 0.270
mdot_h2: 4.52 g/s
Reynolds_number: 8,343,592
Stack prop output power: 353 kW, Pcomp: 3.1 kW
Cell efficiency: 0.283, Output efficiency: 0.266
mdot_h2: 8.92 g/s
Reynolds_number: 8,343,592
Stack prop output power: 445 kW, Pcomp: 4.0 kW
Cell efficiency: 0.283, Output efficiency: 0.266
mdot_h2: 11.26 g/s
Reynolds_number: 8,343,592
Stack prop output power: 446 kW, Pcomp: 4.0 kW
Cell efficiency: 0.283, Output efficiency: 0.266
mdot_h2: 11.28 g/s
Reynolds_number: 6,709,346
Stack prop output power: 355 kW, Pcomp: 3.1 kW
Cell efficiency: 0.305, Output efficiency: 0.287
mdot_h2: 8.33 g/s
Reynolds_number: 6,709,346
Stack prop output power: 437 kW, Pcomp: 3.8 kW
Cell efficiency: 0.305, Output efficiency: 0.287
mdot_h2: 10.25 g/s
Reynolds_number: 6,709,346
Stack prop output power: 438 kW, Pcomp: 3.8 kW
Cell efficiency: 0.305, Output efficiency: 0.287
mdot_h2: 10.26 g/s
Reynolds_number: 8,343,592
Stack prop output power: 500 kW, Pcomp: 20.8 kW
Cell efficiency: 0.297, Output efficiency: 0.271
mdot_h2: 12.40 g/s
Reynolds_number: 8,343,592
Stack prop output power: 238 kW, Pcomp: 9.9 kW
Cell efficiency: 0.297, Output efficiency: 0.271
mdot_h2: 5.91 g/s
Reynolds_number: 8,343,592
Stack prop output power: 228 kW, Pcomp: 9.5 kW
Cell efficiency: 0.297, Output efficiency: 0.271
mdot_h2: 5.64 g/s
Fuel-cell system mass representative phase: climb (P_fc_sys=892.237 kW).

-----------------------
ptotal_climb: 1,187 kW, mtom_est: 6,513 kg, mtom: 5,000 kg, residual: +1,513.14 kg

MTOM update: initial_bracket_probe_1, relax=1.000 -> mtom_next=5,325.00 kg

======================================================
======================= ITER 2 =======================
Reynolds_number: 8,343,592
Stack prop output power: 227 kW, Pcomp: 9.5 kW
Cell efficiency: 0.297, Output efficiency: 0.271
mdot_h2: 5.63 g/s
Reynolds_number: 8,343,592
Stack prop output power: 241 kW, Pcomp: 10.1 kW
Cell efficiency: 0.297, Output efficiency: 0.271
mdot_h2: 5.98 g/s
Reynolds_number: 8,343,592
Stack prop output power: 242 kW, Pcomp: 10.1 kW
Cell efficiency: 0.297, Output efficiency: 0.271
mdot_h2: 6.00 g/s
Reynolds_number: 6,925,181
Stack prop output power: 182 kW, Pcomp: 7.6 kW
Cell efficiency: 0.296, Output efficiency: 0.270
mdot_h2: 4.52 g/s
Reynolds_number: 6,925,181
Stack prop output power: 193 kW, Pcomp: 8.0 kW
Cell efficiency: 0.296, Output efficiency: 0.270
mdot_h2: 4.80 g/s
Reynolds_number: 8,343,592
Stack prop output power: 437 kW, Pcomp: 3.9 kW
Cell efficiency: 0.283, Output efficiency: 0.266
mdot_h2: 11.04 g/s
Reynolds_number: 8,343,592
Stack prop output power: 475 kW, Pcomp: 4.2 kW
Cell efficiency: 0.283, Output efficiency: 0.266
mdot_h2: 12.00 g/s
Reynolds_number: 6,709,346
Stack prop output power: 428 kW, Pcomp: 3.7 kW
Cell efficiency: 0.305, Output efficiency: 0.287
mdot_h2: 10.04 g/s
Reynolds_number: 6,709,346
Stack prop output power: 466 kW, Pcomp: 4.1 kW
Cell efficiency: 0.305, Output efficiency: 0.287
mdot_h2: 10.92 g/s
Reynolds_number: 8,343,592
Stack prop output power: 227 kW, Pcomp: 9.5 kW
Cell efficiency: 0.297, Output efficiency: 0.271
mdot_h2: 5.63 g/s
Reynolds_number: 8,343,592
Stack prop output power: 241 kW, Pcomp: 10.1 kW
Cell efficiency: 0.297, Output efficiency: 0.271
mdot_h2: 5.98 g/s
Reynolds_number: 8,343,592
Stack prop output power: 242 kW, Pcomp: 10.1 kW
Cell efficiency: 0.297, Output efficiency: 0.271
mdot_h2: 6.00 g/s
Fuel-cell system mass representative phase: climb (P_fc_sys=950.227 kW).

-----------------------
ptotal_climb: 1,264 kW, mtom_est: 6,748 kg, mtom: 5,325 kg, residual: +1,423.14 kg

MTOM update: initial_bracket_probe_2, relax=1.000 -> mtom_next=5,650.00 kg

======================================================
======================= ITER 3 =======================
Reynolds_number: 8,343,592
Stack prop output power: 242 kW, Pcomp: 10.1 kW
Cell efficiency: 0.297, Output efficiency: 0.271
mdot_h2: 6.00 g/s
Reynolds_number: 8,343,592
Stack prop output power: 256 kW, Pcomp: 10.7 kW
Cell efficiency: 0.297, Output efficiency: 0.271
mdot_h2: 6.35 g/s
Reynolds_number: 8,343,592
Stack prop output power: 257 kW, Pcomp: 10.7 kW
Cell efficiency: 0.297, Output efficiency: 0.271
mdot_h2: 6.36 g/s
Reynolds_number: 6,925,181
Stack prop output power: 193 kW, Pcomp: 8.1 kW
Cell efficiency: 0.296, Output efficiency: 0.270
mdot_h2: 4.81 g/s
Reynolds_number: 6,925,181
Stack prop output power: 205 kW, Pcomp: 8.5 kW
Cell efficiency: 0.296, Output efficiency: 0.270
mdot_h2: 5.10 g/s
Reynolds_number: 8,343,592
Stack prop output power: 466 kW, Pcomp: 4.2 kW
Cell efficiency: 0.283, Output efficiency: 0.266
mdot_h2: 11.77 g/s
Reynolds_number: 8,343,592
Stack prop output power: 504 kW, Pcomp: 4.5 kW
Cell efficiency: 0.283, Output efficiency: 0.266
mdot_h2: 12.74 g/s
Reynolds_number: 6,709,346
Stack prop output power: 457 kW, Pcomp: 4.0 kW
Cell efficiency: 0.305, Output efficiency: 0.287
mdot_h2: 10.71 g/s
Reynolds_number: 6,709,346
Stack prop output power: 494 kW, Pcomp: 4.3 kW
Cell efficiency: 0.305, Output efficiency: 0.287
mdot_h2: 11.59 g/s
Reynolds_number: 8,343,592
Stack prop output power: 242 kW, Pcomp: 10.1 kW
Cell efficiency: 0.297, Output efficiency: 0.271
mdot_h2: 6.00 g/s
Reynolds_number: 8,343,592
Stack prop output power: 256 kW, Pcomp: 10.7 kW
Cell efficiency: 0.297, Output efficiency: 0.271
mdot_h2: 6.35 g/s
Reynolds_number: 8,343,592
Stack prop output power: 257 kW, Pcomp: 10.7 kW
Cell efficiency: 0.297, Output efficiency: 0.271
mdot_h2: 6.36 g/s
Fuel-cell system mass representative phase: climb (P_fc_sys=1008.222 kW).

-----------------------
ptotal_climb: 1,341 kW, mtom_est: 6,986 kg, mtom: 5,650 kg, residual: +1,336.37 kg

MTOM update: newton_prebracket, relax=1.000 -> mtom_next=7,627.50 kg

======================================================
======================= ITER 4 =======================
Reynolds_number: 8,343,592
Stack prop output power: 257 kW, Pcomp: 10.7 kW
Cell efficiency: 0.297, Output efficiency: 0.271
mdot_h2: 6.36 g/s
Reynolds_number: 8,343,592
Stack prop output power: 343 kW, Pcomp: 14.3 kW
Cell efficiency: 0.297, Output efficiency: 0.271
mdot_h2: 8.50 g/s
Reynolds_number: 8,343,592
Stack prop output power: 346 kW, Pcomp: 14.4 kW
Cell efficiency: 0.297, Output efficiency: 0.271
mdot_h2: 8.59 g/s
Reynolds_number: 6,925,181
Stack prop output power: 205 kW, Pcomp: 8.5 kW
Cell efficiency: 0.296, Output efficiency: 0.270
mdot_h2: 5.11 g/s
Reynolds_number: 6,925,181
Stack prop output power: 274 kW, Pcomp: 11.4 kW
Cell efficiency: 0.296, Output efficiency: 0.270
mdot_h2: 6.82 g/s
Reynolds_number: 6,925,181
Stack prop output power: 277 kW, Pcomp: 11.5 kW
Cell efficiency: 0.296, Output efficiency: 0.270
mdot_h2: 6.89 g/s
Reynolds_number: 8,343,592
Stack prop output power: 446 kW, Pcomp: 4.0 kW
Cell efficiency: 0.283, Output efficiency: 0.266
mdot_h2: 11.27 g/s
Reynolds_number: 8,343,592
Stack prop output power: 678 kW, Pcomp: 6.1 kW
Cell efficiency: 0.283, Output efficiency: 0.266
mdot_h2: 17.15 g/s
Reynolds_number: 8,343,592
Stack prop output power: 681 kW, Pcomp: 6.1 kW
Cell efficiency: 0.283, Output efficiency: 0.266
mdot_h2: 17.21 g/s
Reynolds_number: 6,709,346
Stack prop output power: 437 kW, Pcomp: 3.8 kW
Cell efficiency: 0.305, Output efficiency: 0.287
mdot_h2: 10.26 g/s
Reynolds_number: 6,709,346
Stack prop output power: 666 kW, Pcomp: 5.8 kW
Cell efficiency: 0.305, Output efficiency: 0.287
mdot_h2: 15.61 g/s
Reynolds_number: 6,709,346
Stack prop output power: 668 kW, Pcomp: 5.8 kW
Cell efficiency: 0.305, Output efficiency: 0.287
mdot_h2: 15.65 g/s
Reynolds_number: 8,343,592
Stack prop output power: 257 kW, Pcomp: 10.7 kW
Cell efficiency: 0.297, Output efficiency: 0.271
mdot_h2: 6.36 g/s
Reynolds_number: 8,343,592
Stack prop output power: 343 kW, Pcomp: 14.3 kW
Cell efficiency: 0.297, Output efficiency: 0.271
mdot_h2: 8.50 g/s
Reynolds_number: 8,343,592
Stack prop output power: 346 kW, Pcomp: 14.4 kW
Cell efficiency: 0.297, Output efficiency: 0.271
mdot_h2: 8.59 g/s
Fuel-cell system mass representative phase: climb (P_fc_sys=1361.108 kW).

-----------------------
ptotal_climb: 1,811 kW, mtom_est: 8,448 kg, mtom: 7,628 kg, residual: +820.86 kg

MTOM update: newton_prebracket, relax=1.000 -> mtom_next=10,297.12 kg

======================================================
======================= ITER 5 =======================
Reynolds_number: 8,343,592
Stack prop output power: 346 kW, Pcomp: 14.4 kW
Cell efficiency: 0.297, Output efficiency: 0.271
mdot_h2: 8.59 g/s
Reynolds_number: 8,343,592
Stack prop output power: 463 kW, Pcomp: 19.3 kW
Cell efficiency: 0.297, Output efficiency: 0.271
mdot_h2: 11.47 g/s
Reynolds_number: 8,343,592
Stack prop output power: 467 kW, Pcomp: 19.5 kW
Cell efficiency: 0.297, Output efficiency: 0.271
mdot_h2: 11.59 g/s
Reynolds_number: 6,925,181
Stack prop output power: 277 kW, Pcomp: 11.5 kW
Cell efficiency: 0.296, Output efficiency: 0.270
mdot_h2: 6.90 g/s
Reynolds_number: 6,925,181
Stack prop output power: 370 kW, Pcomp: 15.4 kW
Cell efficiency: 0.296, Output efficiency: 0.270
mdot_h2: 9.21 g/s
Reynolds_number: 6,925,181
Stack prop output power: 374 kW, Pcomp: 15.6 kW
Cell efficiency: 0.296, Output efficiency: 0.270
mdot_h2: 9.31 g/s
Reynolds_number: 8,343,592
Stack prop output power: 602 kW, Pcomp: 5.4 kW
Cell efficiency: 0.283, Output efficiency: 0.266
mdot_h2: 15.22 g/s
Reynolds_number: 8,343,592
Stack prop output power: 916 kW, Pcomp: 8.2 kW
Cell efficiency: 0.283, Output efficiency: 0.266
mdot_h2: 23.16 g/s
Reynolds_number: 8,343,592
Stack prop output power: 919 kW, Pcomp: 8.2 kW
Cell efficiency: 0.283, Output efficiency: 0.266
mdot_h2: 23.23 g/s
Reynolds_number: 6,709,346
Stack prop output power: 590 kW, Pcomp: 5.1 kW
Cell efficiency: 0.305, Output efficiency: 0.287
mdot_h2: 13.84 g/s
Reynolds_number: 6,709,346
Stack prop output power: 899 kW, Pcomp: 7.8 kW
Cell efficiency: 0.305, Output efficiency: 0.287
mdot_h2: 21.07 g/s
Reynolds_number: 6,709,346
Stack prop output power: 901 kW, Pcomp: 7.8 kW
Cell efficiency: 0.305, Output efficiency: 0.287
mdot_h2: 21.13 g/s
Reynolds_number: 8,343,592
Stack prop output power: 346 kW, Pcomp: 14.4 kW
Cell efficiency: 0.297, Output efficiency: 0.271
mdot_h2: 8.59 g/s
Reynolds_number: 8,343,592
Stack prop output power: 463 kW, Pcomp: 19.3 kW
Cell efficiency: 0.297, Output efficiency: 0.271
mdot_h2: 11.47 g/s
Reynolds_number: 8,343,592
Stack prop output power: 467 kW, Pcomp: 19.5 kW
Cell efficiency: 0.297, Output efficiency: 0.271
mdot_h2: 11.59 g/s
Fuel-cell system mass representative phase: climb (P_fc_sys=1837.496 kW).

-----------------------
ptotal_climb: 2,445 kW, mtom_est: 10,446 kg, mtom: 10,297 kg, residual: +149.08 kg

MTOM update: newton_prebracket, relax=1.000 -> mtom_next=10,889.55 kg

======================================================
======================= ITER 6 =======================
Reynolds_number: 8,343,592
Stack prop output power: 468 kW, Pcomp: 19.5 kW
Cell efficiency: 0.297, Output efficiency: 0.271
mdot_h2: 11.60 g/s
Reynolds_number: 8,343,592
Stack prop output power: 493 kW, Pcomp: 20.6 kW
Cell efficiency: 0.297, Output efficiency: 0.271
mdot_h2: 12.24 g/s
Reynolds_number: 8,343,592
Stack prop output power: 494 kW, Pcomp: 20.6 kW
Cell efficiency: 0.297, Output efficiency: 0.271
mdot_h2: 12.27 g/s
Reynolds_number: 6,925,181
Stack prop output power: 374 kW, Pcomp: 15.6 kW
Cell efficiency: 0.296, Output efficiency: 0.270
mdot_h2: 9.31 g/s
Reynolds_number: 6,925,181
Stack prop output power: 395 kW, Pcomp: 16.4 kW
Cell efficiency: 0.296, Output efficiency: 0.270
mdot_h2: 9.83 g/s
Reynolds_number: 6,925,181
Stack prop output power: 396 kW, Pcomp: 16.5 kW
Cell efficiency: 0.296, Output efficiency: 0.270
mdot_h2: 9.85 g/s
Reynolds_number: 8,343,592
Stack prop output power: 901 kW, Pcomp: 8.0 kW
Cell efficiency: 0.283, Output efficiency: 0.266
mdot_h2: 22.79 g/s
Reynolds_number: 8,343,592
Stack prop output power: 971 kW, Pcomp: 8.7 kW
Cell efficiency: 0.283, Output efficiency: 0.266
mdot_h2: 24.55 g/s
Reynolds_number: 8,343,592
Stack prop output power: 972 kW, Pcomp: 8.7 kW
Cell efficiency: 0.283, Output efficiency: 0.266
mdot_h2: 24.57 g/s
Reynolds_number: 6,709,346
Stack prop output power: 884 kW, Pcomp: 7.7 kW
Cell efficiency: 0.305, Output efficiency: 0.287
mdot_h2: 20.73 g/s
Reynolds_number: 6,709,346
Stack prop output power: 953 kW, Pcomp: 8.3 kW
Cell efficiency: 0.305, Output efficiency: 0.287
mdot_h2: 22.34 g/s
Reynolds_number: 6,709,346
Stack prop output power: 953 kW, Pcomp: 8.3 kW
Cell efficiency: 0.305, Output efficiency: 0.287
mdot_h2: 22.35 g/s
Reynolds_number: 8,343,592
Stack prop output power: 468 kW, Pcomp: 19.5 kW
Cell efficiency: 0.297, Output efficiency: 0.271
mdot_h2: 11.60 g/s
Reynolds_number: 8,343,592
Stack prop output power: 493 kW, Pcomp: 20.6 kW
Cell efficiency: 0.297, Output efficiency: 0.271
mdot_h2: 12.24 g/s
Reynolds_number: 8,343,592
Stack prop output power: 494 kW, Pcomp: 20.6 kW
Cell efficiency: 0.297, Output efficiency: 0.271
mdot_h2: 12.27 g/s
Fuel-cell system mass representative phase: climb (P_fc_sys=1943.214 kW).

-----------------------
ptotal_climb: 2,585 kW, mtom_est: 10,892 kg, mtom: 10,890 kg, residual: +2.65 kg


CONVERGED

CONVERGED STATE [MTOM iteration 6]
  MTOM=10,892 kg | Wing loading=215.47 kg/m^2 | P/W(climb)=237.34 W/kg
  Phase power: climb=2,585.2 kW | cruise=988.9 kW | loiter=791.1 kW | takeoff=2,536.2 kW | cruise+charger=988.9 kW
  Power split (climb): FC=1,925.9 kW | Battery=642.0 kW | Compressor=17.3 kW | Cooling=831.0 kW | H2=49.132 g/s
  Compressor max across phases: 41.2 kW (cruise)
  FC representative phase (mass sizing): climb (1,943.2 kW)
  Mass summary: MTOM=10,892 kg | Powertrain=3,512 kg | Tank=1,361.9 kg | Fuel=605.3 kg | Battery=325.0 kg | Nacelle power density=0.66 kW/kg
  Geometry: Main wing area=50.55 m^2 | Horizontal tail area=6.363 m^2 | Horizontal tail location=18.843 m | Vertical tail area=6.465 m^2 | Vertical tail location=18.207 m
  Config: wing loading input=215.42 kg/m^2 | P/W TO/Cl/Cr/Lo=0.16953/0.17277/0.06328/0.05062 kW/kg

=============================================================
========================= CONVERGED =========================
=============================================================
Constraint sizing: ENABLED (min_combined_pw)
Input W/S: 215.42 kg/m^2 (2,112.5 Pa)
Input P/W [kW/kg]: takeoff 0.16953, climb 0.17277, cruise 0.06328, loiter 0.05062
Converged P/W [kW/kg]: takeoff 0.23285, climb 0.23734, cruise 0.09079, loiter 0.07263
-------------------------------------------------------------

# Mission Time
Climb time: 6.31 min (0.11 h)
Cruise time: 383.73 min (6.40 h)
Total flight time: 412.04 min (6.87 h)

# Phase Power Breakdown
Phase      Time[min]     Total[kW]    FC Stack[kW]   Battery[kW]   Compressor[kW]   Cooling[kW]   mdot_H2[g/s]
--------------------------------------------------------------------------------------------------------------
ready           0.00         129.3           129.3           0.0              0.0           0.0         0.0
taxi            5.00         258.5           258.5           0.0              0.0           0.0         4.9
takeoff         1.00       2,536.2         1,889.7         629.9             16.6         734.5        44.7
climb           6.31       2,585.2         1,925.9         642.0             17.3         831.0        49.1
cruise        383.73         988.9           947.7           0.0             41.2         407.3        24.5
loiter         15.00         791.1           758.2           0.0             33.0         327.5        19.7
landing         1.00           0.0             0.0           0.0              0.0           0.0         0.0

Pcomp_max (solved phases): 41.2 kW (cruise)
Pnet (climb): 2,335 kW
Pelectricnet (climb): 2,568 kW
eta_pt: 0.9031

# Geometry
Main Wing Area: 50.55 m^2
Wingspan: 21.33 m
Fuselage Length: 21.14 m
Hydrogen Tank Length: 12.13 m
Horizontal Tail Area: 6.36 m^2
Vertical Tail Area: 6.46 m^2
Horizontal Tail span: 5.35 m
Vertical Tail span: 3.50 m
Horizontal Tail X_Position: 18.84 m
Vertical Tail X_Position: 18.21 m

# Single Nacelle (1/2)
Stack(1/2): 558 kg, Compressor: 42 kg, Humidifier: 212 kg, HX: 664 kg
Fuelcell System(FCS; Stack+Compressor+Humidifier+Hx): 1,475 kg
Representative FC phase: climb
Specific Power of Fuelcell System: 0.659 kW/kg
Stack dimension: dX=0.384 m, dY=0.402 m, dZ=0.402 m
Heat Exchanger dimension: dX=1.914 m, dY=1.914 m, dZ=0.203 m

# ALL Nacelles
FCS_total: 2,950 kg
PMAD: 221 kg
Motors: 341 kg

# Total Mass Breakdown
-----------------------
Powertrain (FCS_total+PMAD+Motors): 3,512 kg
-----------------------
Main Wing: 929 kg
Horizontal Tail: 58 kg
Vertical Tail: 94 kg
Fuselage: 670 kg
Landing gear(main): 243 kg
Landing gear(nose): 65 kg
Flight Control System: 366 kg
Electric System: 300 kg
Instruments: 147 kg
Hydraulics: 131 kg
Furnishing: 586 kg
-----------------------
Operating Empty Mass(OEM): 3,588 kg
-----------------------
Hydrogen Tank: 1,362 kg
Hydrogen Fuel: 605.3 kg
Battery: 325.0 kg
-----------------------
Payload: 1,500 kg
-----------------------
Maximum Takeoff Mass(MTOM): 10,892 kg
-----------------------

Wing loading (MTOM/S_wing): 215.47 kg/m^2
Power-to-weight (maxPow/MTOM): 237.34 W/kg

mdot_H2(cruise): 24.5 g/s
Hydrogen Tank Volume: 25.9 m^3
========================== END ==============================


=============================================================
Execution time: 87.2 seconds
=============================================================
