Auto-widening W/S scan window for min_combined_pw: 1900.0..2600.0 -> 1725.0..2775.0 Pa (factor 1.500, lower_hit=True, upper_hit=False, min_on_edge=False).
Auto-widening W/S scan window for min_combined_pw: 1725.0..2775.0 -> 1462.5..3037.5 Pa (factor 1.500, lower_hit=True, upper_hit=False, min_on_edge=False).
ADRpy constraint sizing (min_combined_pw): W/S=2162.5 Pa (220.51 kg/m^2), P/W_TO=0.17518 kW/kg, P/W_climb=0.17682 kW/kg, P/W_cruise=0.11410 kW/kg
Curve minimum (combined/combined): W/S=2162.5 Pa (220.51 kg/m^2), P/W=0.17682 kW/kg
Curve minimum (takeoff/take-off): W/S=1462.5 Pa (149.13 kg/m^2), P/W=0.10196 kW/kg
Curve minimum (climb/climb): W/S=2312.5 Pa (235.81 kg/m^2), P/W=0.17496 kW/kg
Curve minimum (cruise/cruise): W/S=2312.5 Pa (235.81 kg/m^2), P/W=0.10936 kW/kg
======================================================
======================= ITER 1 =======================
Reynolds_number: 11,135,029
Stack prop output power: 500 kW, Pcomp: 25.8 kW
Cell efficiency: 0.300, Output efficiency: 0.271
mdot_h2: 12.43 g/s
Reynolds_number: 11,135,029
Stack prop output power: 418 kW, Pcomp: 21.6 kW
Cell efficiency: 0.300, Output efficiency: 0.271
mdot_h2: 10.39 g/s
Reynolds_number: 11,135,029
Stack prop output power: 414 kW, Pcomp: 21.3 kW
Cell efficiency: 0.300, Output efficiency: 0.271
mdot_h2: 10.29 g/s
Reynolds_number: 9,242,074
Stack prop output power: 500 kW, Pcomp: 25.8 kW
Cell efficiency: 0.298, Output efficiency: 0.269
mdot_h2: 12.51 g/s
Reynolds_number: 9,242,074
Stack prop output power: 340 kW, Pcomp: 17.5 kW
Cell efficiency: 0.298, Output efficiency: 0.269
mdot_h2: 8.50 g/s
Reynolds_number: 9,242,074
Stack prop output power: 331 kW, Pcomp: 17.1 kW
Cell efficiency: 0.298, Output efficiency: 0.269
mdot_h2: 8.29 g/s
Reynolds_number: 11,135,029
Stack prop output power: 349 kW, Pcomp: 3.1 kW
Cell efficiency: 0.281, Output efficiency: 0.264
mdot_h2: 8.89 g/s
Reynolds_number: 11,135,029
Stack prop output power: 456 kW, Pcomp: 4.1 kW
Cell efficiency: 0.281, Output efficiency: 0.264
mdot_h2: 11.60 g/s
Reynolds_number: 11,135,029
Stack prop output power: 457 kW, Pcomp: 4.1 kW
Cell efficiency: 0.281, Output efficiency: 0.264
mdot_h2: 11.63 g/s
Reynolds_number: 6,709,346
Stack prop output power: 351 kW, Pcomp: 3.1 kW
Cell efficiency: 0.305, Output efficiency: 0.287
mdot_h2: 8.22 g/s
Reynolds_number: 6,709,346
Stack prop output power: 451 kW, Pcomp: 3.9 kW
Cell efficiency: 0.305, Output efficiency: 0.287
mdot_h2: 10.58 g/s
Reynolds_number: 6,709,346
Stack prop output power: 452 kW, Pcomp: 3.9 kW
Cell efficiency: 0.305, Output efficiency: 0.287
mdot_h2: 10.60 g/s
Reynolds_number: 11,135,029
Stack prop output power: 500 kW, Pcomp: 25.8 kW
Cell efficiency: 0.300, Output efficiency: 0.271
mdot_h2: 12.43 g/s
Reynolds_number: 11,135,029
Stack prop output power: 418 kW, Pcomp: 21.6 kW
Cell efficiency: 0.300, Output efficiency: 0.271
mdot_h2: 10.39 g/s
Reynolds_number: 11,135,029
Stack prop output power: 414 kW, Pcomp: 21.3 kW
Cell efficiency: 0.300, Output efficiency: 0.271
mdot_h2: 10.29 g/s
Fuel-cell system mass representative phase: climb (P_fc_sys=913.206 kW).

-----------------------
ptotal_climb: 1,215 kW, mtom_est: 5,296 kg, mtom: 5,000 kg, residual: +296.14 kg

MTOM update: initial_bracket_probe_1, relax=1.000 -> mtom_next=5,325.00 kg

======================================================
======================= ITER 2 =======================
Reynolds_number: 11,135,029
Stack prop output power: 414 kW, Pcomp: 21.3 kW
Cell efficiency: 0.300, Output efficiency: 0.271
mdot_h2: 10.28 g/s
Reynolds_number: 11,135,029
Stack prop output power: 439 kW, Pcomp: 22.6 kW
Cell efficiency: 0.300, Output efficiency: 0.271
mdot_h2: 10.92 g/s
Reynolds_number: 11,135,029
Stack prop output power: 440 kW, Pcomp: 22.7 kW
Cell efficiency: 0.300, Output efficiency: 0.271
mdot_h2: 10.95 g/s
Reynolds_number: 9,242,074
Stack prop output power: 331 kW, Pcomp: 17.1 kW
Cell efficiency: 0.298, Output efficiency: 0.269
mdot_h2: 8.28 g/s
Reynolds_number: 9,242,074
Stack prop output power: 351 kW, Pcomp: 18.1 kW
Cell efficiency: 0.298, Output efficiency: 0.269
mdot_h2: 8.79 g/s
Reynolds_number: 9,242,074
Stack prop output power: 352 kW, Pcomp: 18.2 kW
Cell efficiency: 0.298, Output efficiency: 0.269
mdot_h2: 8.82 g/s
Reynolds_number: 11,135,029
Stack prop output power: 447 kW, Pcomp: 4.0 kW
Cell efficiency: 0.281, Output efficiency: 0.264
mdot_h2: 11.38 g/s
Reynolds_number: 11,135,029
Stack prop output power: 486 kW, Pcomp: 4.4 kW
Cell efficiency: 0.281, Output efficiency: 0.264
mdot_h2: 12.37 g/s
Reynolds_number: 6,709,346
Stack prop output power: 443 kW, Pcomp: 3.9 kW
Cell efficiency: 0.305, Output efficiency: 0.287
mdot_h2: 10.38 g/s
Reynolds_number: 6,709,346
Stack prop output power: 481 kW, Pcomp: 4.2 kW
Cell efficiency: 0.305, Output efficiency: 0.287
mdot_h2: 11.29 g/s
Reynolds_number: 11,135,029
Stack prop output power: 414 kW, Pcomp: 21.3 kW
Cell efficiency: 0.300, Output efficiency: 0.271
mdot_h2: 10.28 g/s
Reynolds_number: 11,135,029
Stack prop output power: 439 kW, Pcomp: 22.6 kW
Cell efficiency: 0.300, Output efficiency: 0.271
mdot_h2: 10.92 g/s
Reynolds_number: 11,135,029
Stack prop output power: 440 kW, Pcomp: 22.7 kW
Cell efficiency: 0.300, Output efficiency: 0.271
mdot_h2: 10.95 g/s
Fuel-cell system mass representative phase: climb (P_fc_sys=972.558 kW).

-----------------------
ptotal_climb: 1,294 kW, mtom_est: 5,506 kg, mtom: 5,325 kg, residual: +180.67 kg

MTOM update: initial_bracket_probe_2, relax=1.000 -> mtom_next=5,650.00 kg

======================================================
======================= ITER 3 =======================
Reynolds_number: 11,135,029
Stack prop output power: 441 kW, Pcomp: 22.7 kW
Cell efficiency: 0.300, Output efficiency: 0.271
mdot_h2: 10.95 g/s
Reynolds_number: 11,135,029
Stack prop output power: 466 kW, Pcomp: 24.0 kW
Cell efficiency: 0.300, Output efficiency: 0.271
mdot_h2: 11.59 g/s
Reynolds_number: 11,135,029
Stack prop output power: 467 kW, Pcomp: 24.1 kW
Cell efficiency: 0.300, Output efficiency: 0.271
mdot_h2: 11.62 g/s
Reynolds_number: 9,242,074
Stack prop output power: 352 kW, Pcomp: 18.2 kW
Cell efficiency: 0.298, Output efficiency: 0.269
mdot_h2: 8.82 g/s
Reynolds_number: 9,242,074
Stack prop output power: 373 kW, Pcomp: 19.2 kW
Cell efficiency: 0.298, Output efficiency: 0.269
mdot_h2: 9.33 g/s
Reynolds_number: 9,242,074
Stack prop output power: 374 kW, Pcomp: 19.3 kW
Cell efficiency: 0.298, Output efficiency: 0.269
mdot_h2: 9.36 g/s
Reynolds_number: 11,135,029
Stack prop output power: 476 kW, Pcomp: 4.3 kW
Cell efficiency: 0.281, Output efficiency: 0.264
mdot_h2: 12.13 g/s
Reynolds_number: 11,135,029
Stack prop output power: 516 kW, Pcomp: 4.6 kW
Cell efficiency: 0.281, Output efficiency: 0.264
mdot_h2: 13.13 g/s
Reynolds_number: 6,709,346
Stack prop output power: 472 kW, Pcomp: 4.1 kW
Cell efficiency: 0.305, Output efficiency: 0.287
mdot_h2: 11.07 g/s
Reynolds_number: 6,709,346
Stack prop output power: 511 kW, Pcomp: 4.4 kW
Cell efficiency: 0.305, Output efficiency: 0.287
mdot_h2: 11.98 g/s
Reynolds_number: 11,135,029
Stack prop output power: 441 kW, Pcomp: 22.7 kW
Cell efficiency: 0.300, Output efficiency: 0.271
mdot_h2: 10.95 g/s
Reynolds_number: 11,135,029
Stack prop output power: 466 kW, Pcomp: 24.0 kW
Cell efficiency: 0.300, Output efficiency: 0.271
mdot_h2: 11.59 g/s
Reynolds_number: 11,135,029
Stack prop output power: 467 kW, Pcomp: 24.1 kW
Cell efficiency: 0.300, Output efficiency: 0.271
mdot_h2: 11.62 g/s
Fuel-cell system mass representative phase: climb (P_fc_sys=1031.916 kW).

-----------------------
ptotal_climb: 1,373 kW, mtom_est: 5,713 kg, mtom: 5,650 kg, residual: +63.31 kg

MTOM update: newton_prebracket, relax=1.000 -> mtom_next=5,825.31 kg

======================================================
======================= ITER 4 =======================
Reynolds_number: 11,135,029
Stack prop output power: 467 kW, Pcomp: 24.1 kW
Cell efficiency: 0.300, Output efficiency: 0.271
mdot_h2: 11.62 g/s
Reynolds_number: 11,135,029
Stack prop output power: 481 kW, Pcomp: 24.8 kW
Cell efficiency: 0.300, Output efficiency: 0.271
mdot_h2: 11.96 g/s
Reynolds_number: 11,135,029
Stack prop output power: 482 kW, Pcomp: 24.9 kW
Cell efficiency: 0.300, Output efficiency: 0.271
mdot_h2: 11.98 g/s
Reynolds_number: 9,242,074
Stack prop output power: 374 kW, Pcomp: 19.3 kW
Cell efficiency: 0.298, Output efficiency: 0.269
mdot_h2: 9.36 g/s
Reynolds_number: 9,242,074
Stack prop output power: 385 kW, Pcomp: 19.8 kW
Cell efficiency: 0.298, Output efficiency: 0.269
mdot_h2: 9.63 g/s
Reynolds_number: 9,242,074
Stack prop output power: 386 kW, Pcomp: 19.9 kW
Cell efficiency: 0.298, Output efficiency: 0.269
mdot_h2: 9.65 g/s
Reynolds_number: 11,135,029
Stack prop output power: 511 kW, Pcomp: 4.6 kW
Cell efficiency: 0.281, Output efficiency: 0.264
mdot_h2: 13.00 g/s
Reynolds_number: 11,135,029
Stack prop output power: 532 kW, Pcomp: 4.8 kW
Cell efficiency: 0.281, Output efficiency: 0.264
mdot_h2: 13.54 g/s
Reynolds_number: 6,709,346
Stack prop output power: 506 kW, Pcomp: 4.4 kW
Cell efficiency: 0.305, Output efficiency: 0.287
mdot_h2: 11.86 g/s
Reynolds_number: 6,709,346
Stack prop output power: 527 kW, Pcomp: 4.6 kW
Cell efficiency: 0.305, Output efficiency: 0.287
mdot_h2: 12.35 g/s
Reynolds_number: 11,135,029
Stack prop output power: 467 kW, Pcomp: 24.1 kW
Cell efficiency: 0.300, Output efficiency: 0.271
mdot_h2: 11.62 g/s
Reynolds_number: 11,135,029
Stack prop output power: 481 kW, Pcomp: 24.8 kW
Cell efficiency: 0.300, Output efficiency: 0.271
mdot_h2: 11.96 g/s
Reynolds_number: 11,135,029
Stack prop output power: 482 kW, Pcomp: 24.9 kW
Cell efficiency: 0.300, Output efficiency: 0.271
mdot_h2: 11.98 g/s
Fuel-cell system mass representative phase: climb (P_fc_sys=1063.938 kW).

-----------------------
ptotal_climb: 1,415 kW, mtom_est: 5,827 kg, mtom: 5,825 kg, residual: +1.73 kg


CONVERGED

CONVERGED STATE [MTOM iteration 4]
  MTOM=5,827 kg | Wing loading=220.58 kg/m^2 | P/W(climb)=242.90 W/kg
  Phase power: climb=1,415.4 kW | cruise=963.9 kW | loiter=771.1 kW | takeoff=1,402.0 kW | cruise+charger=963.9 kW
  Power split (climb): FC=1,054.4 kW | Battery=351.5 kW | Compressor=9.6 kW | Cooling=455.3 kW | H2=27.080 g/s
  Compressor max across phases: 49.7 kW (cruise)
  FC representative phase (mass sizing): climb (1,063.9 kW)
  Mass summary: MTOM=5,827 kg | Powertrain=1,765 kg | Tank=482.0 kg | Fuel=214.2 kg | Battery=209.0 kg | Nacelle power density=0.73 kW/kg
  Geometry: Main wing area=26.42 m^2 | Horizontal tail area=4.105 m^2 | Horizontal tail location=11.339 m | Vertical tail area=4.177 m^2 | Vertical tail location=10.885 m
  Config: wing loading input=220.51 kg/m^2 | P/W TO/Cl/Cr/Lo=0.17518/0.17682/0.11410/0.09128 kW/kg

=============================================================
========================= CONVERGED =========================
=============================================================
Constraint sizing: ENABLED (min_combined_pw)
Input W/S: 220.51 kg/m^2 (2,162.5 Pa)
Input P/W [kW/kg]: takeoff 0.17518, climb 0.17682, cruise 0.11410, loiter 0.09128
Converged P/W [kW/kg]: takeoff 0.24060, climb 0.24290, cruise 0.16542, loiter 0.13232
-------------------------------------------------------------

# Mission Time
Climb time: 7.57 min (0.13 h)
Cruise time: 126.77 min (2.11 h)
Total flight time: 156.34 min (2.61 h)

# Phase Power Breakdown
Phase      Time[min]     Total[kW]    FC Stack[kW]   Battery[kW]   Compressor[kW]   Cooling[kW]   mdot_H2[g/s]
--------------------------------------------------------------------------------------------------------------
ready           0.00          70.8            70.8           0.0              0.0           0.0         0.0
taxi            5.00         141.5           141.5           0.0              0.0           0.0         2.7
takeoff         1.00       1,402.0         1,044.6         348.2              9.2         402.5        24.7
climb           7.57       1,415.4         1,054.4         351.5              9.6         455.3        27.1
cruise        126.77         963.9           914.2           0.0             49.7         393.1        24.0
loiter         15.00         771.1           731.3           0.0             39.7         317.4        19.3
landing         1.00           0.0             0.0           0.0              0.0           0.0         0.0

Pcomp_max (solved phases): 49.7 kW (cruise)
Pnet (climb): 1,278 kW
Pelectricnet (climb): 1,406 kW
eta_pt: 0.9031

# Geometry
Main Wing Area: 26.42 m^2
Wingspan: 15.42 m
Fuselage Length: 13.30 m
Hydrogen Tank Length: 4.29 m
Horizontal Tail Area: 4.10 m^2
Vertical Tail Area: 4.18 m^2
Horizontal Tail span: 4.30 m
Vertical Tail span: 2.82 m
Horizontal Tail X_Position: 11.34 m
Vertical Tail X_Position: 10.89 m

# Single Nacelle (1/2)
Stack(1/2): 307 kg, Compressor: 21 kg, Humidifier: 119 kg, HX: 281 kg
Fuelcell System(FCS; Stack+Compressor+Humidifier+Hx): 729 kg
Representative FC phase: climb
Specific Power of Fuelcell System: 0.730 kW/kg
Stack dimension: dX=0.386 m, dY=0.298 m, dZ=0.298 m
Heat Exchanger dimension: dX=1.203 m, dY=1.203 m, dZ=0.218 m

# ALL Nacelles
FCS_total: 1,458 kg
PMAD: 121 kg
Motors: 187 kg

# Total Mass Breakdown
-----------------------
Powertrain (FCS_total+PMAD+Motors): 1,765 kg
-----------------------
Main Wing: 419 kg
Horizontal Tail: 28 kg
Vertical Tail: 53 kg
Fuselage: 420 kg
Landing gear(main): 243 kg
Landing gear(nose): 65 kg
Flight Control System: 366 kg
Electric System: 300 kg
Instruments: 85 kg
Hydraulics: 70 kg
Furnishing: 407 kg
-----------------------
Operating Empty Mass(OEM): 2,456 kg
-----------------------
Hydrogen Tank: 482 kg
Hydrogen Fuel: 214.2 kg
Battery: 209.0 kg
-----------------------
Payload: 700 kg
-----------------------
Maximum Takeoff Mass(MTOM): 5,827 kg
-----------------------

Wing loading (MTOM/S_wing): 220.58 kg/m^2
Power-to-weight (maxPow/MTOM): 242.90 W/kg

mdot_H2(cruise): 24.0 g/s
Hydrogen Tank Volume: 9.2 m^3
========================== END ==============================


=============================================================
Execution time: 57.9 seconds
=============================================================
