Auto-widening W/S scan window for min_combined_pw: 1900.0..2600.0 -> 1725.0..2775.0 Pa (factor 1.500, lower_hit=True, upper_hit=False, min_on_edge=False).
Auto-widening W/S scan window for min_combined_pw: 1725.0..2775.0 -> 1462.5..3037.5 Pa (factor 1.500, lower_hit=True, upper_hit=False, min_on_edge=False).
ADRpy constraint sizing (min_combined_pw): W/S=2162.5 Pa (220.51 kg/m^2), P/W_TO=0.17518 kW/kg, P/W_climb=0.17632 kW/kg, P/W_cruise=0.08248 kW/kg
Curve minimum (combined/combined): W/S=2162.5 Pa (220.51 kg/m^2), P/W=0.17632 kW/kg
Curve minimum (takeoff/take-off): W/S=1462.5 Pa (149.13 kg/m^2), P/W=0.10196 kW/kg
Curve minimum (climb/climb): W/S=2312.5 Pa (235.81 kg/m^2), P/W=0.17438 kW/kg
Curve minimum (cruise/cruise): W/S=2312.5 Pa (235.81 kg/m^2), P/W=0.08024 kW/kg
======================================================
======================= ITER 1 =======================
Reynolds_number: 9,544,310
Stack prop output power: 500 kW, Pcomp: 25.8 kW
Cell efficiency: 0.298, Output efficiency: 0.269
mdot_h2: 12.50 g/s
Reynolds_number: 9,544,310
Stack prop output power: 309 kW, Pcomp: 15.9 kW
Cell efficiency: 0.298, Output efficiency: 0.269
mdot_h2: 7.73 g/s
Reynolds_number: 9,544,310
Stack prop output power: 300 kW, Pcomp: 15.4 kW
Cell efficiency: 0.298, Output efficiency: 0.269
mdot_h2: 7.49 g/s
Reynolds_number: 9,544,310
Stack prop output power: 299 kW, Pcomp: 15.4 kW
Cell efficiency: 0.298, Output efficiency: 0.269
mdot_h2: 7.48 g/s
Reynolds_number: 7,921,777
Stack prop output power: 500 kW, Pcomp: 25.7 kW
Cell efficiency: 0.297, Output efficiency: 0.268
mdot_h2: 12.56 g/s
Reynolds_number: 7,921,777
Stack prop output power: 253 kW, Pcomp: 13.0 kW
Cell efficiency: 0.297, Output efficiency: 0.268
mdot_h2: 6.35 g/s
Reynolds_number: 7,921,777
Stack prop output power: 240 kW, Pcomp: 12.4 kW
Cell efficiency: 0.297, Output efficiency: 0.268
mdot_h2: 6.03 g/s
Reynolds_number: 7,921,777
Stack prop output power: 239 kW, Pcomp: 12.3 kW
Cell efficiency: 0.297, Output efficiency: 0.268
mdot_h2: 6.01 g/s
Reynolds_number: 9,544,310
Stack prop output power: 350 kW, Pcomp: 3.1 kW
Cell efficiency: 0.279, Output efficiency: 0.262
mdot_h2: 8.97 g/s
Reynolds_number: 9,544,310
Stack prop output power: 454 kW, Pcomp: 4.1 kW
Cell efficiency: 0.279, Output efficiency: 0.262
mdot_h2: 11.65 g/s
Reynolds_number: 9,544,310
Stack prop output power: 455 kW, Pcomp: 4.1 kW
Cell efficiency: 0.279, Output efficiency: 0.262
mdot_h2: 11.68 g/s
Reynolds_number: 6,709,346
Stack prop output power: 351 kW, Pcomp: 3.1 kW
Cell efficiency: 0.305, Output efficiency: 0.287
mdot_h2: 8.22 g/s
Reynolds_number: 6,709,346
Stack prop output power: 451 kW, Pcomp: 3.9 kW
Cell efficiency: 0.305, Output efficiency: 0.287
mdot_h2: 10.58 g/s
Reynolds_number: 6,709,346
Stack prop output power: 452 kW, Pcomp: 3.9 kW
Cell efficiency: 0.305, Output efficiency: 0.287
mdot_h2: 10.60 g/s
Reynolds_number: 9,544,310
Stack prop output power: 500 kW, Pcomp: 25.8 kW
Cell efficiency: 0.298, Output efficiency: 0.269
mdot_h2: 12.50 g/s
Reynolds_number: 9,544,310
Stack prop output power: 309 kW, Pcomp: 15.9 kW
Cell efficiency: 0.298, Output efficiency: 0.269
mdot_h2: 7.73 g/s
Reynolds_number: 9,544,310
Stack prop output power: 300 kW, Pcomp: 15.4 kW
Cell efficiency: 0.298, Output efficiency: 0.269
mdot_h2: 7.49 g/s
Reynolds_number: 9,544,310
Stack prop output power: 299 kW, Pcomp: 15.4 kW
Cell efficiency: 0.298, Output efficiency: 0.269
mdot_h2: 7.48 g/s
Fuel-cell system mass representative phase: climb (P_fc_sys=910.627 kW).

-----------------------
ptotal_climb: 1,211 kW, mtom_est: 5,230 kg, mtom: 5,000 kg, residual: +230.39 kg

MTOM update: initial_bracket_probe_1, relax=1.000 -> mtom_next=5,325.00 kg

======================================================
======================= ITER 2 =======================
Reynolds_number: 9,544,310
Stack prop output power: 299 kW, Pcomp: 15.4 kW
Cell efficiency: 0.298, Output efficiency: 0.269
mdot_h2: 7.47 g/s
Reynolds_number: 9,544,310
Stack prop output power: 317 kW, Pcomp: 16.4 kW
Cell efficiency: 0.298, Output efficiency: 0.269
mdot_h2: 7.94 g/s
Reynolds_number: 9,544,310
Stack prop output power: 318 kW, Pcomp: 16.4 kW
Cell efficiency: 0.298, Output efficiency: 0.269
mdot_h2: 7.96 g/s
Reynolds_number: 7,921,777
Stack prop output power: 239 kW, Pcomp: 12.3 kW
Cell efficiency: 0.297, Output efficiency: 0.268
mdot_h2: 6.01 g/s
Reynolds_number: 7,921,777
Stack prop output power: 254 kW, Pcomp: 13.1 kW
Cell efficiency: 0.297, Output efficiency: 0.268
mdot_h2: 6.38 g/s
Reynolds_number: 7,921,777
Stack prop output power: 255 kW, Pcomp: 13.1 kW
Cell efficiency: 0.297, Output efficiency: 0.268
mdot_h2: 6.40 g/s
Reynolds_number: 9,544,310
Stack prop output power: 446 kW, Pcomp: 4.0 kW
Cell efficiency: 0.279, Output efficiency: 0.262
mdot_h2: 11.43 g/s
Reynolds_number: 9,544,310
Stack prop output power: 485 kW, Pcomp: 4.4 kW
Cell efficiency: 0.279, Output efficiency: 0.262
mdot_h2: 12.43 g/s
Reynolds_number: 6,709,346
Stack prop output power: 443 kW, Pcomp: 3.9 kW
Cell efficiency: 0.305, Output efficiency: 0.287
mdot_h2: 10.38 g/s
Reynolds_number: 6,709,346
Stack prop output power: 481 kW, Pcomp: 4.2 kW
Cell efficiency: 0.305, Output efficiency: 0.287
mdot_h2: 11.29 g/s
Reynolds_number: 9,544,310
Stack prop output power: 299 kW, Pcomp: 15.4 kW
Cell efficiency: 0.298, Output efficiency: 0.269
mdot_h2: 7.47 g/s
Reynolds_number: 9,544,310
Stack prop output power: 317 kW, Pcomp: 16.4 kW
Cell efficiency: 0.298, Output efficiency: 0.269
mdot_h2: 7.94 g/s
Reynolds_number: 9,544,310
Stack prop output power: 318 kW, Pcomp: 16.4 kW
Cell efficiency: 0.298, Output efficiency: 0.269
mdot_h2: 7.96 g/s
Fuel-cell system mass representative phase: climb (P_fc_sys=969.812 kW).

-----------------------
ptotal_climb: 1,290 kW, mtom_est: 5,435 kg, mtom: 5,325 kg, residual: +110.34 kg

MTOM update: initial_bracket_probe_2, relax=1.000 -> mtom_next=5,650.00 kg

======================================================
======================= ITER 3 =======================
Reynolds_number: 9,544,310
Stack prop output power: 318 kW, Pcomp: 16.4 kW
Cell efficiency: 0.298, Output efficiency: 0.269
mdot_h2: 7.96 g/s
Reynolds_number: 9,544,310
Stack prop output power: 337 kW, Pcomp: 17.4 kW
Cell efficiency: 0.298, Output efficiency: 0.269
mdot_h2: 8.42 g/s
Reynolds_number: 9,544,310
Stack prop output power: 338 kW, Pcomp: 17.4 kW
Cell efficiency: 0.298, Output efficiency: 0.269
mdot_h2: 8.45 g/s
Reynolds_number: 7,921,777
Stack prop output power: 255 kW, Pcomp: 13.1 kW
Cell efficiency: 0.297, Output efficiency: 0.268
mdot_h2: 6.40 g/s
Reynolds_number: 7,921,777
Stack prop output power: 270 kW, Pcomp: 13.9 kW
Cell efficiency: 0.297, Output efficiency: 0.268
mdot_h2: 6.77 g/s
Reynolds_number: 7,921,777
Stack prop output power: 270 kW, Pcomp: 13.9 kW
Cell efficiency: 0.297, Output efficiency: 0.268
mdot_h2: 6.79 g/s
Reynolds_number: 9,544,310
Stack prop output power: 475 kW, Pcomp: 4.3 kW
Cell efficiency: 0.279, Output efficiency: 0.262
mdot_h2: 12.18 g/s
Reynolds_number: 9,544,310
Stack prop output power: 514 kW, Pcomp: 4.6 kW
Cell efficiency: 0.279, Output efficiency: 0.262
mdot_h2: 13.19 g/s
Reynolds_number: 6,709,346
Stack prop output power: 472 kW, Pcomp: 4.1 kW
Cell efficiency: 0.305, Output efficiency: 0.287
mdot_h2: 11.07 g/s
Reynolds_number: 6,709,346
Stack prop output power: 511 kW, Pcomp: 4.4 kW
Cell efficiency: 0.305, Output efficiency: 0.287
mdot_h2: 11.98 g/s
Reynolds_number: 9,544,310
Stack prop output power: 318 kW, Pcomp: 16.4 kW
Cell efficiency: 0.298, Output efficiency: 0.269
mdot_h2: 7.96 g/s
Reynolds_number: 9,544,310
Stack prop output power: 337 kW, Pcomp: 17.4 kW
Cell efficiency: 0.298, Output efficiency: 0.269
mdot_h2: 8.42 g/s
Reynolds_number: 9,544,310
Stack prop output power: 338 kW, Pcomp: 17.4 kW
Cell efficiency: 0.298, Output efficiency: 0.269
mdot_h2: 8.45 g/s
Fuel-cell system mass representative phase: climb (P_fc_sys=1029.002 kW).

-----------------------
ptotal_climb: 1,369 kW, mtom_est: 5,641 kg, mtom: 5,650 kg, residual: -8.86 kg

MTOM update: newton, relax=1.000 -> mtom_next=5,625.83 kg

======================================================
======================= ITER 4 =======================
Reynolds_number: 9,544,310
Stack prop output power: 338 kW, Pcomp: 17.4 kW
Cell efficiency: 0.298, Output efficiency: 0.269
mdot_h2: 8.45 g/s
Reynolds_number: 9,544,310
Stack prop output power: 337 kW, Pcomp: 17.3 kW
Cell efficiency: 0.298, Output efficiency: 0.269
mdot_h2: 8.41 g/s
Reynolds_number: 7,921,777
Stack prop output power: 270 kW, Pcomp: 13.9 kW
Cell efficiency: 0.297, Output efficiency: 0.268
mdot_h2: 6.79 g/s
Reynolds_number: 7,921,777
Stack prop output power: 269 kW, Pcomp: 13.9 kW
Cell efficiency: 0.297, Output efficiency: 0.268
mdot_h2: 6.76 g/s
Reynolds_number: 9,544,310
Stack prop output power: 515 kW, Pcomp: 4.6 kW
Cell efficiency: 0.279, Output efficiency: 0.262
mdot_h2: 13.21 g/s
Reynolds_number: 9,544,310
Stack prop output power: 512 kW, Pcomp: 4.6 kW
Cell efficiency: 0.279, Output efficiency: 0.262
mdot_h2: 13.14 g/s
Reynolds_number: 6,709,346
Stack prop output power: 512 kW, Pcomp: 4.5 kW
Cell efficiency: 0.305, Output efficiency: 0.287
mdot_h2: 12.00 g/s
Reynolds_number: 6,709,346
Stack prop output power: 509 kW, Pcomp: 4.4 kW
Cell efficiency: 0.305, Output efficiency: 0.287
mdot_h2: 11.93 g/s
Reynolds_number: 9,544,310
Stack prop output power: 338 kW, Pcomp: 17.4 kW
Cell efficiency: 0.298, Output efficiency: 0.269
mdot_h2: 8.45 g/s
Reynolds_number: 9,544,310
Stack prop output power: 337 kW, Pcomp: 17.3 kW
Cell efficiency: 0.298, Output efficiency: 0.269
mdot_h2: 8.41 g/s
Fuel-cell system mass representative phase: climb (P_fc_sys=1024.607 kW).

-----------------------
ptotal_climb: 1,363 kW, mtom_est: 5,628 kg, mtom: 5,626 kg, residual: +2.19 kg


CONVERGED

CONVERGED STATE [MTOM iteration 4]
  MTOM=5,628 kg | Wing loading=220.60 kg/m^2 | P/W(climb)=242.19 W/kg
  Phase power: climb=1,363.1 kW | cruise=672.9 kW | loiter=538.3 kW | takeoff=1,354.0 kW | cruise+charger=672.9 kW
  Power split (climb): FC=1,015.4 kW | Battery=338.5 kW | Compressor=9.2 kW | Cooling=443.0 kW | H2=26.277 g/s
  Compressor max across phases: 34.7 kW (cruise)
  FC representative phase (mass sizing): climb (1,024.6 kW)
  Mass summary: MTOM=5,628 kg | Powertrain=1,790 kg | Tank=399.9 kg | Fuel=177.7 kg | Battery=201.3 kg | Nacelle power density=0.69 kW/kg
  Geometry: Main wing area=25.51 m^2 | Horizontal tail area=4.201 m^2 | Horizontal tail location=10.592 m | Vertical tail area=4.291 m^2 | Vertical tail location=10.125 m
  Config: wing loading input=220.51 kg/m^2 | P/W TO/Cl/Cr/Lo=0.17518/0.17632/0.08248/0.06599 kW/kg

=============================================================
========================= CONVERGED =========================
=============================================================
Constraint sizing: ENABLED (min_combined_pw)
Input W/S: 220.51 kg/m^2 (2,162.5 Pa)
Input P/W [kW/kg]: takeoff 0.17518, climb 0.17632, cruise 0.08248, loiter 0.06599
Converged P/W [kW/kg]: takeoff 0.24058, climb 0.24219, cruise 0.11956, loiter 0.09565
-------------------------------------------------------------

# Mission Time
Climb time: 7.57 min (0.13 h)
Cruise time: 149.98 min (2.50 h)
Total flight time: 179.55 min (2.99 h)

# Phase Power Breakdown
Phase      Time[min]     Total[kW]    FC Stack[kW]   Battery[kW]   Compressor[kW]   Cooling[kW]   mdot_H2[g/s]
--------------------------------------------------------------------------------------------------------------
ready           0.00          68.2            68.2           0.0              0.0           0.0         0.0
taxi            5.00         136.3           136.3           0.0              0.0           0.0         2.6
takeoff         1.00       1,354.0         1,008.8         336.3              8.9         388.9        23.9
climb           7.57       1,363.1         1,015.4         338.5              9.2         443.0        26.3
cruise        149.98         672.9           638.2           0.0             34.7         276.8        16.8
loiter         15.00         538.3           510.6           0.0             27.7         223.1        13.5
landing         1.00           0.0             0.0           0.0              0.0           0.0         0.0

Pcomp_max (solved phases): 34.7 kW (cruise)
Pnet (climb): 1,231 kW
Pelectricnet (climb): 1,354 kW
eta_pt: 0.9031

# Geometry
Main Wing Area: 25.51 m^2
Wingspan: 15.15 m
Fuselage Length: 12.57 m
Hydrogen Tank Length: 3.56 m
Horizontal Tail Area: 4.20 m^2
Vertical Tail Area: 4.29 m^2
Horizontal Tail span: 4.35 m
Vertical Tail span: 2.86 m
Horizontal Tail X_Position: 10.59 m
Vertical Tail X_Position: 10.13 m

# Single Nacelle (1/2)
Stack(1/2): 298 kg, Compressor: 21 kg, Humidifier: 118 kg, HX: 310 kg
Fuelcell System(FCS; Stack+Compressor+Humidifier+Hx): 747 kg
Representative FC phase: climb
Specific Power of Fuelcell System: 0.686 kW/kg
Stack dimension: dX=0.389 m, dY=0.292 m, dZ=0.292 m
Heat Exchanger dimension: dX=1.287 m, dY=1.287 m, dZ=0.209 m

# ALL Nacelles
FCS_total: 1,493 kg
PMAD: 117 kg
Motors: 180 kg

# Total Mass Breakdown
-----------------------
Powertrain (FCS_total+PMAD+Motors): 1,790 kg
-----------------------
Main Wing: 401 kg
Horizontal Tail: 28 kg
Vertical Tail: 53 kg
Fuselage: 365 kg
Landing gear(main): 243 kg
Landing gear(nose): 65 kg
Flight Control System: 366 kg
Electric System: 300 kg
Instruments: 82 kg
Hydraulics: 68 kg
Furnishing: 389 kg
-----------------------
Operating Empty Mass(OEM): 2,359 kg
-----------------------
Hydrogen Tank: 400 kg
Hydrogen Fuel: 177.7 kg
Battery: 201.3 kg
-----------------------
Payload: 700 kg
-----------------------
Maximum Takeoff Mass(MTOM): 5,628 kg
-----------------------

Wing loading (MTOM/S_wing): 220.60 kg/m^2
Power-to-weight (maxPow/MTOM): 242.19 W/kg

mdot_H2(cruise): 16.8 g/s
Hydrogen Tank Volume: 7.6 m^3
========================== END ==============================


=============================================================
Execution time: 57.6 seconds
=============================================================
