Auto-widening W/S scan window for min_combined_pw: 1900.0..2600.0 -> 1725.0..2775.0 Pa (factor 1.500, lower_hit=True, upper_hit=False, min_on_edge=False).
Auto-widening W/S scan window for min_combined_pw: 1725.0..2775.0 -> 1462.5..3037.5 Pa (factor 1.500, lower_hit=True, upper_hit=False, min_on_edge=False).
ADRpy constraint sizing (min_combined_pw): W/S=2162.5 Pa (220.51 kg/m^2), P/W_TO=0.17518 kW/kg, P/W_climb=0.17660 kW/kg, P/W_cruise=0.06207 kW/kg
Curve minimum (combined/combined): W/S=2162.5 Pa (220.51 kg/m^2), P/W=0.17660 kW/kg
Curve minimum (takeoff/take-off): W/S=1462.5 Pa (149.13 kg/m^2), P/W=0.10196 kW/kg
Curve minimum (climb/climb): W/S=2312.5 Pa (235.81 kg/m^2), P/W=0.17460 kW/kg
Curve minimum (cruise/cruise): W/S=2312.5 Pa (235.81 kg/m^2), P/W=0.06177 kW/kg
======================================================
======================= ITER 1 =======================
Reynolds_number: 7,953,592
Stack prop output power: 500 kW, Pcomp: 25.7 kW
Cell efficiency: 0.297, Output efficiency: 0.268
mdot_h2: 12.56 g/s
Reynolds_number: 7,953,592
Stack prop output power: 239 kW, Pcomp: 12.3 kW
Cell efficiency: 0.297, Output efficiency: 0.268
mdot_h2: 6.01 g/s
Reynolds_number: 7,953,592
Stack prop output power: 226 kW, Pcomp: 11.6 kW
Cell efficiency: 0.297, Output efficiency: 0.268
mdot_h2: 5.67 g/s
Reynolds_number: 7,953,592
Stack prop output power: 225 kW, Pcomp: 11.6 kW
Cell efficiency: 0.297, Output efficiency: 0.268
mdot_h2: 5.65 g/s
Reynolds_number: 6,601,481
Stack prop output power: 500 kW, Pcomp: 25.7 kW
Cell efficiency: 0.295, Output efficiency: 0.267
mdot_h2: 12.61 g/s
Reynolds_number: 6,601,481
Stack prop output power: 196 kW, Pcomp: 10.1 kW
Cell efficiency: 0.295, Output efficiency: 0.267
mdot_h2: 4.95 g/s
Reynolds_number: 6,601,481
Stack prop output power: 181 kW, Pcomp: 9.3 kW
Cell efficiency: 0.295, Output efficiency: 0.267
mdot_h2: 4.56 g/s
Reynolds_number: 6,601,481
Stack prop output power: 180 kW, Pcomp: 9.3 kW
Cell efficiency: 0.295, Output efficiency: 0.267
mdot_h2: 4.54 g/s
Reynolds_number: 7,953,592
Stack prop output power: 349 kW, Pcomp: 3.1 kW
Cell efficiency: 0.277, Output efficiency: 0.261
mdot_h2: 9.02 g/s
Reynolds_number: 7,953,592
Stack prop output power: 455 kW, Pcomp: 4.1 kW
Cell efficiency: 0.277, Output efficiency: 0.261
mdot_h2: 11.74 g/s
Reynolds_number: 7,953,592
Stack prop output power: 456 kW, Pcomp: 4.1 kW
Cell efficiency: 0.277, Output efficiency: 0.261
mdot_h2: 11.77 g/s
Reynolds_number: 6,709,346
Stack prop output power: 351 kW, Pcomp: 3.1 kW
Cell efficiency: 0.305, Output efficiency: 0.287
mdot_h2: 8.22 g/s
Reynolds_number: 6,709,346
Stack prop output power: 451 kW, Pcomp: 3.9 kW
Cell efficiency: 0.305, Output efficiency: 0.287
mdot_h2: 10.58 g/s
Reynolds_number: 6,709,346
Stack prop output power: 452 kW, Pcomp: 3.9 kW
Cell efficiency: 0.305, Output efficiency: 0.287
mdot_h2: 10.60 g/s
Reynolds_number: 7,953,592
Stack prop output power: 500 kW, Pcomp: 25.7 kW
Cell efficiency: 0.297, Output efficiency: 0.268
mdot_h2: 12.56 g/s
Reynolds_number: 7,953,592
Stack prop output power: 239 kW, Pcomp: 12.3 kW
Cell efficiency: 0.297, Output efficiency: 0.268
mdot_h2: 6.01 g/s
Reynolds_number: 7,953,592
Stack prop output power: 226 kW, Pcomp: 11.6 kW
Cell efficiency: 0.297, Output efficiency: 0.268
mdot_h2: 5.67 g/s
Reynolds_number: 7,953,592
Stack prop output power: 225 kW, Pcomp: 11.6 kW
Cell efficiency: 0.297, Output efficiency: 0.268
mdot_h2: 5.65 g/s
Fuel-cell system mass representative phase: climb (P_fc_sys=912.102 kW).

-----------------------
ptotal_climb: 1,213 kW, mtom_est: 5,249 kg, mtom: 5,000 kg, residual: +248.51 kg

MTOM update: initial_bracket_probe_1, relax=1.000 -> mtom_next=5,325.00 kg

======================================================
======================= ITER 2 =======================
Reynolds_number: 7,953,592
Stack prop output power: 225 kW, Pcomp: 11.6 kW
Cell efficiency: 0.297, Output efficiency: 0.268
mdot_h2: 5.65 g/s
Reynolds_number: 7,953,592
Stack prop output power: 239 kW, Pcomp: 12.3 kW
Cell efficiency: 0.297, Output efficiency: 0.268
mdot_h2: 6.00 g/s
Reynolds_number: 7,953,592
Stack prop output power: 240 kW, Pcomp: 12.3 kW
Cell efficiency: 0.297, Output efficiency: 0.268
mdot_h2: 6.02 g/s
Reynolds_number: 6,601,481
Stack prop output power: 180 kW, Pcomp: 9.3 kW
Cell efficiency: 0.295, Output efficiency: 0.267
mdot_h2: 4.54 g/s
Reynolds_number: 6,601,481
Stack prop output power: 191 kW, Pcomp: 9.8 kW
Cell efficiency: 0.295, Output efficiency: 0.267
mdot_h2: 4.82 g/s
Reynolds_number: 6,601,481
Stack prop output power: 192 kW, Pcomp: 9.9 kW
Cell efficiency: 0.295, Output efficiency: 0.267
mdot_h2: 4.83 g/s
Reynolds_number: 7,953,592
Stack prop output power: 446 kW, Pcomp: 4.0 kW
Cell efficiency: 0.277, Output efficiency: 0.261
mdot_h2: 11.52 g/s
Reynolds_number: 7,953,592
Stack prop output power: 485 kW, Pcomp: 4.4 kW
Cell efficiency: 0.277, Output efficiency: 0.261
mdot_h2: 12.52 g/s
Reynolds_number: 6,709,346
Stack prop output power: 443 kW, Pcomp: 3.9 kW
Cell efficiency: 0.305, Output efficiency: 0.287
mdot_h2: 10.38 g/s
Reynolds_number: 6,709,346
Stack prop output power: 481 kW, Pcomp: 4.2 kW
Cell efficiency: 0.305, Output efficiency: 0.287
mdot_h2: 11.29 g/s
Reynolds_number: 7,953,592
Stack prop output power: 225 kW, Pcomp: 11.6 kW
Cell efficiency: 0.297, Output efficiency: 0.268
mdot_h2: 5.65 g/s
Reynolds_number: 7,953,592
Stack prop output power: 239 kW, Pcomp: 12.3 kW
Cell efficiency: 0.297, Output efficiency: 0.268
mdot_h2: 6.00 g/s
Reynolds_number: 7,953,592
Stack prop output power: 240 kW, Pcomp: 12.3 kW
Cell efficiency: 0.297, Output efficiency: 0.268
mdot_h2: 6.02 g/s
Fuel-cell system mass representative phase: climb (P_fc_sys=971.382 kW).

-----------------------
ptotal_climb: 1,292 kW, mtom_est: 5,455 kg, mtom: 5,325 kg, residual: +130.47 kg

MTOM update: initial_bracket_probe_2, relax=1.000 -> mtom_next=5,650.00 kg

======================================================
======================= ITER 3 =======================
Reynolds_number: 7,953,592
Stack prop output power: 240 kW, Pcomp: 12.3 kW
Cell efficiency: 0.297, Output efficiency: 0.268
mdot_h2: 6.02 g/s
Reynolds_number: 7,953,592
Stack prop output power: 254 kW, Pcomp: 13.1 kW
Cell efficiency: 0.297, Output efficiency: 0.268
mdot_h2: 6.37 g/s
Reynolds_number: 7,953,592
Stack prop output power: 254 kW, Pcomp: 13.1 kW
Cell efficiency: 0.297, Output efficiency: 0.268
mdot_h2: 6.39 g/s
Reynolds_number: 6,601,481
Stack prop output power: 192 kW, Pcomp: 9.9 kW
Cell efficiency: 0.295, Output efficiency: 0.267
mdot_h2: 4.83 g/s
Reynolds_number: 6,601,481
Stack prop output power: 203 kW, Pcomp: 10.4 kW
Cell efficiency: 0.295, Output efficiency: 0.267
mdot_h2: 5.11 g/s
Reynolds_number: 6,601,481
Stack prop output power: 203 kW, Pcomp: 10.5 kW
Cell efficiency: 0.295, Output efficiency: 0.267
mdot_h2: 5.13 g/s
Reynolds_number: 7,953,592
Stack prop output power: 476 kW, Pcomp: 4.3 kW
Cell efficiency: 0.277, Output efficiency: 0.261
mdot_h2: 12.28 g/s
Reynolds_number: 7,953,592
Stack prop output power: 515 kW, Pcomp: 4.6 kW
Cell efficiency: 0.277, Output efficiency: 0.261
mdot_h2: 13.29 g/s
Reynolds_number: 6,709,346
Stack prop output power: 472 kW, Pcomp: 4.1 kW
Cell efficiency: 0.305, Output efficiency: 0.287
mdot_h2: 11.07 g/s
Reynolds_number: 6,709,346
Stack prop output power: 511 kW, Pcomp: 4.4 kW
Cell efficiency: 0.305, Output efficiency: 0.287
mdot_h2: 11.98 g/s
Reynolds_number: 7,953,592
Stack prop output power: 240 kW, Pcomp: 12.3 kW
Cell efficiency: 0.297, Output efficiency: 0.268
mdot_h2: 6.02 g/s
Reynolds_number: 7,953,592
Stack prop output power: 254 kW, Pcomp: 13.1 kW
Cell efficiency: 0.297, Output efficiency: 0.268
mdot_h2: 6.37 g/s
Reynolds_number: 7,953,592
Stack prop output power: 254 kW, Pcomp: 13.1 kW
Cell efficiency: 0.297, Output efficiency: 0.268
mdot_h2: 6.39 g/s
Fuel-cell system mass representative phase: climb (P_fc_sys=1030.669 kW).

-----------------------
ptotal_climb: 1,371 kW, mtom_est: 5,665 kg, mtom: 5,650 kg, residual: +14.57 kg

MTOM update: newton_prebracket, relax=1.000 -> mtom_next=5,690.85 kg

======================================================
======================= ITER 4 =======================
Reynolds_number: 7,953,592
Stack prop output power: 254 kW, Pcomp: 13.1 kW
Cell efficiency: 0.297, Output efficiency: 0.268
mdot_h2: 6.39 g/s
Reynolds_number: 7,953,592
Stack prop output power: 256 kW, Pcomp: 13.2 kW
Cell efficiency: 0.297, Output efficiency: 0.268
mdot_h2: 6.43 g/s
Reynolds_number: 6,601,481
Stack prop output power: 203 kW, Pcomp: 10.5 kW
Cell efficiency: 0.295, Output efficiency: 0.267
mdot_h2: 5.13 g/s
Reynolds_number: 6,601,481
Stack prop output power: 205 kW, Pcomp: 10.5 kW
Cell efficiency: 0.295, Output efficiency: 0.267
mdot_h2: 5.16 g/s
Reynolds_number: 7,953,592
Stack prop output power: 514 kW, Pcomp: 4.6 kW
Cell efficiency: 0.277, Output efficiency: 0.261
mdot_h2: 13.27 g/s
Reynolds_number: 7,953,592
Stack prop output power: 519 kW, Pcomp: 4.7 kW
Cell efficiency: 0.277, Output efficiency: 0.261
mdot_h2: 13.39 g/s
Reynolds_number: 6,709,346
Stack prop output power: 510 kW, Pcomp: 4.4 kW
Cell efficiency: 0.305, Output efficiency: 0.287
mdot_h2: 11.95 g/s
Reynolds_number: 6,709,346
Stack prop output power: 515 kW, Pcomp: 4.5 kW
Cell efficiency: 0.305, Output efficiency: 0.287
mdot_h2: 12.07 g/s
Reynolds_number: 7,953,592
Stack prop output power: 254 kW, Pcomp: 13.1 kW
Cell efficiency: 0.297, Output efficiency: 0.268
mdot_h2: 6.39 g/s
Reynolds_number: 7,953,592
Stack prop output power: 256 kW, Pcomp: 13.2 kW
Cell efficiency: 0.297, Output efficiency: 0.268
mdot_h2: 6.43 g/s
Fuel-cell system mass representative phase: climb (P_fc_sys=1038.126 kW).

-----------------------
ptotal_climb: 1,381 kW, mtom_est: 5,691 kg, mtom: 5,691 kg, residual: +0.21 kg


CONVERGED

CONVERGED STATE [MTOM iteration 4]
  MTOM=5,691 kg | Wing loading=220.52 kg/m^2 | P/W(climb)=242.67 W/kg
  Phase power: climb=1,381.1 kW | cruise=512.2 kW | loiter=409.8 kW | takeoff=1,369.6 kW | cruise+charger=512.2 kW
  Power split (climb): FC=1,028.8 kW | Battery=342.9 kW | Compressor=9.3 kW | Cooling=452.6 kW | H2=26.788 g/s
  Compressor max across phases: 26.4 kW (cruise)
  FC representative phase (mass sizing): climb (1,038.1 kW)
  Mass summary: MTOM=5,691 kg | Powertrain=1,928 kg | Tank=370.2 kg | Fuel=164.5 kg | Battery=203.9 kg | Nacelle power density=0.64 kW/kg
  Geometry: Main wing area=25.81 m^2 | Horizontal tail area=4.420 m^2 | Horizontal tail location=10.292 m | Vertical tail area=4.530 m^2 | Vertical tail location=9.802 m
  Config: wing loading input=220.51 kg/m^2 | P/W TO/Cl/Cr/Lo=0.17518/0.17660/0.06207/0.04966 kW/kg

=============================================================
========================= CONVERGED =========================
=============================================================
Constraint sizing: ENABLED (min_combined_pw)
Input W/S: 220.51 kg/m^2 (2,162.5 Pa)
Input P/W [kW/kg]: takeoff 0.17518, climb 0.17660, cruise 0.06207, loiter 0.04966
Converged P/W [kW/kg]: takeoff 0.24066, climb 0.24267, cruise 0.09001, loiter 0.07200
-------------------------------------------------------------

# Mission Time
Climb time: 7.57 min (0.13 h)
Cruise time: 182.46 min (3.04 h)
Total flight time: 212.03 min (3.53 h)

# Phase Power Breakdown
Phase      Time[min]     Total[kW]    FC Stack[kW]   Battery[kW]   Compressor[kW]   Cooling[kW]   mdot_H2[g/s]
--------------------------------------------------------------------------------------------------------------
ready           0.00          69.1            69.1           0.0              0.0           0.0         0.0
taxi            5.00         138.1           138.1           0.0              0.0           0.0         2.7
takeoff         1.00       1,369.6         1,020.5         340.2              9.0         393.3        24.1
climb           7.57       1,381.1         1,028.8         342.9              9.3         452.6        26.8
cruise        182.46         512.2           485.9           0.0             26.4         212.1        12.9
loiter         15.00         409.8           388.7           0.0             21.1         170.7        10.3
landing         1.00           0.0             0.0           0.0              0.0           0.0         0.0

Pcomp_max (solved phases): 26.4 kW (cruise)
Pnet (climb): 1,247 kW
Pelectricnet (climb): 1,372 kW
eta_pt: 0.9031

# Geometry
Main Wing Area: 25.81 m^2
Wingspan: 15.24 m
Fuselage Length: 12.31 m
Hydrogen Tank Length: 3.30 m
Horizontal Tail Area: 4.42 m^2
Vertical Tail Area: 4.53 m^2
Horizontal Tail span: 4.46 m
Vertical Tail span: 2.93 m
Horizontal Tail X_Position: 10.29 m
Vertical Tail X_Position: 9.80 m

# Single Nacelle (1/2)
Stack(1/2): 303 kg, Compressor: 22 kg, Humidifier: 122 kg, HX: 367 kg
Fuelcell System(FCS; Stack+Compressor+Humidifier+Hx): 814 kg
Representative FC phase: climb
Specific Power of Fuelcell System: 0.638 kW/kg
Stack dimension: dX=0.391 m, dY=0.294 m, dZ=0.294 m
Heat Exchanger dimension: dX=1.431 m, dY=1.431 m, dZ=0.201 m

# ALL Nacelles
FCS_total: 1,627 kg
PMAD: 119 kg
Motors: 182 kg

# Total Mass Breakdown
-----------------------
Powertrain (FCS_total+PMAD+Motors): 1,928 kg
-----------------------
Main Wing: 406 kg
Horizontal Tail: 29 kg
Vertical Tail: 55 kg
Fuselage: 327 kg
Landing gear(main): 243 kg
Landing gear(nose): 65 kg
Flight Control System: 366 kg
Electric System: 300 kg
Instruments: 83 kg
Hydraulics: 68 kg
Furnishing: 382 kg
-----------------------
Operating Empty Mass(OEM): 2,324 kg
-----------------------
Hydrogen Tank: 370 kg
Hydrogen Fuel: 164.5 kg
Battery: 203.9 kg
-----------------------
Payload: 700 kg
-----------------------
Maximum Takeoff Mass(MTOM): 5,691 kg
-----------------------

Wing loading (MTOM/S_wing): 220.52 kg/m^2
Power-to-weight (maxPow/MTOM): 242.67 W/kg

mdot_H2(cruise): 12.9 g/s
Hydrogen Tank Volume: 7.1 m^3
========================== END ==============================


=============================================================
Execution time: 57.5 seconds
=============================================================
