Auto-widening W/S scan window for min_combined_pw: 1900.0..2600.0 -> 1725.0..2775.0 Pa (factor 1.500, lower_hit=True, upper_hit=False, min_on_edge=False).
Auto-widening W/S scan window for min_combined_pw: 1725.0..2775.0 -> 1462.5..3037.5 Pa (factor 1.500, lower_hit=True, upper_hit=False, min_on_edge=False).
ADRpy constraint sizing (min_combined_pw): W/S=2162.5 Pa (220.51 kg/m^2), P/W_TO=0.17518 kW/kg, P/W_climb=0.17632 kW/kg, P/W_cruise=0.08248 kW/kg
Curve minimum (combined/combined): W/S=2162.5 Pa (220.51 kg/m^2), P/W=0.17632 kW/kg
Curve minimum (takeoff/take-off): W/S=1462.5 Pa (149.13 kg/m^2), P/W=0.10196 kW/kg
Curve minimum (climb/climb): W/S=2312.5 Pa (235.81 kg/m^2), P/W=0.17438 kW/kg
Curve minimum (cruise/cruise): W/S=2312.5 Pa (235.81 kg/m^2), P/W=0.08024 kW/kg
======================================================
======================= ITER 1 =======================
Reynolds_number: 9,544,310
Stack prop output power: 500 kW, Pcomp: 25.8 kW
Cell efficiency: 0.298, Output efficiency: 0.269
mdot_h2: 12.50 g/s
Reynolds_number: 9,544,310
Stack prop output power: 309 kW, Pcomp: 15.9 kW
Cell efficiency: 0.298, Output efficiency: 0.269
mdot_h2: 7.73 g/s
Reynolds_number: 9,544,310
Stack prop output power: 300 kW, Pcomp: 15.4 kW
Cell efficiency: 0.298, Output efficiency: 0.269
mdot_h2: 7.49 g/s
Reynolds_number: 9,544,310
Stack prop output power: 299 kW, Pcomp: 15.4 kW
Cell efficiency: 0.298, Output efficiency: 0.269
mdot_h2: 7.48 g/s
Reynolds_number: 7,921,777
Stack prop output power: 500 kW, Pcomp: 25.7 kW
Cell efficiency: 0.297, Output efficiency: 0.268
mdot_h2: 12.56 g/s
Reynolds_number: 7,921,777
Stack prop output power: 253 kW, Pcomp: 13.0 kW
Cell efficiency: 0.297, Output efficiency: 0.268
mdot_h2: 6.35 g/s
Reynolds_number: 7,921,777
Stack prop output power: 240 kW, Pcomp: 12.4 kW
Cell efficiency: 0.297, Output efficiency: 0.268
mdot_h2: 6.03 g/s
Reynolds_number: 7,921,777
Stack prop output power: 239 kW, Pcomp: 12.3 kW
Cell efficiency: 0.297, Output efficiency: 0.268
mdot_h2: 6.01 g/s
Reynolds_number: 9,544,310
Stack prop output power: 350 kW, Pcomp: 3.1 kW
Cell efficiency: 0.279, Output efficiency: 0.262
mdot_h2: 8.97 g/s
Reynolds_number: 9,544,310
Stack prop output power: 454 kW, Pcomp: 4.1 kW
Cell efficiency: 0.279, Output efficiency: 0.262
mdot_h2: 11.65 g/s
Reynolds_number: 9,544,310
Stack prop output power: 455 kW, Pcomp: 4.1 kW
Cell efficiency: 0.279, Output efficiency: 0.262
mdot_h2: 11.68 g/s
Reynolds_number: 6,709,346
Stack prop output power: 351 kW, Pcomp: 3.1 kW
Cell efficiency: 0.305, Output efficiency: 0.287
mdot_h2: 8.22 g/s
Reynolds_number: 6,709,346
Stack prop output power: 451 kW, Pcomp: 3.9 kW
Cell efficiency: 0.305, Output efficiency: 0.287
mdot_h2: 10.58 g/s
Reynolds_number: 6,709,346
Stack prop output power: 452 kW, Pcomp: 3.9 kW
Cell efficiency: 0.305, Output efficiency: 0.287
mdot_h2: 10.60 g/s
Reynolds_number: 9,544,310
Stack prop output power: 500 kW, Pcomp: 25.8 kW
Cell efficiency: 0.298, Output efficiency: 0.269
mdot_h2: 12.50 g/s
Reynolds_number: 9,544,310
Stack prop output power: 309 kW, Pcomp: 15.9 kW
Cell efficiency: 0.298, Output efficiency: 0.269
mdot_h2: 7.73 g/s
Reynolds_number: 9,544,310
Stack prop output power: 300 kW, Pcomp: 15.4 kW
Cell efficiency: 0.298, Output efficiency: 0.269
mdot_h2: 7.49 g/s
Reynolds_number: 9,544,310
Stack prop output power: 299 kW, Pcomp: 15.4 kW
Cell efficiency: 0.298, Output efficiency: 0.269
mdot_h2: 7.48 g/s
Fuel-cell system mass representative phase: climb (P_fc_sys=910.627 kW).

-----------------------
ptotal_climb: 1,211 kW, mtom_est: 6,179 kg, mtom: 5,000 kg, residual: +1,178.57 kg

MTOM update: initial_bracket_probe_1, relax=1.000 -> mtom_next=5,325.00 kg

======================================================
======================= ITER 2 =======================
Reynolds_number: 9,544,310
Stack prop output power: 299 kW, Pcomp: 15.4 kW
Cell efficiency: 0.298, Output efficiency: 0.269
mdot_h2: 7.47 g/s
Reynolds_number: 9,544,310
Stack prop output power: 317 kW, Pcomp: 16.4 kW
Cell efficiency: 0.298, Output efficiency: 0.269
mdot_h2: 7.94 g/s
Reynolds_number: 9,544,310
Stack prop output power: 318 kW, Pcomp: 16.4 kW
Cell efficiency: 0.298, Output efficiency: 0.269
mdot_h2: 7.96 g/s
Reynolds_number: 7,921,777
Stack prop output power: 239 kW, Pcomp: 12.3 kW
Cell efficiency: 0.297, Output efficiency: 0.268
mdot_h2: 6.01 g/s
Reynolds_number: 7,921,777
Stack prop output power: 254 kW, Pcomp: 13.1 kW
Cell efficiency: 0.297, Output efficiency: 0.268
mdot_h2: 6.38 g/s
Reynolds_number: 7,921,777
Stack prop output power: 255 kW, Pcomp: 13.1 kW
Cell efficiency: 0.297, Output efficiency: 0.268
mdot_h2: 6.40 g/s
Reynolds_number: 9,544,310
Stack prop output power: 446 kW, Pcomp: 4.0 kW
Cell efficiency: 0.279, Output efficiency: 0.262
mdot_h2: 11.43 g/s
Reynolds_number: 9,544,310
Stack prop output power: 485 kW, Pcomp: 4.4 kW
Cell efficiency: 0.279, Output efficiency: 0.262
mdot_h2: 12.43 g/s
Reynolds_number: 6,709,346
Stack prop output power: 443 kW, Pcomp: 3.9 kW
Cell efficiency: 0.305, Output efficiency: 0.287
mdot_h2: 10.38 g/s
Reynolds_number: 6,709,346
Stack prop output power: 481 kW, Pcomp: 4.2 kW
Cell efficiency: 0.305, Output efficiency: 0.287
mdot_h2: 11.29 g/s
Reynolds_number: 9,544,310
Stack prop output power: 299 kW, Pcomp: 15.4 kW
Cell efficiency: 0.298, Output efficiency: 0.269
mdot_h2: 7.47 g/s
Reynolds_number: 9,544,310
Stack prop output power: 317 kW, Pcomp: 16.4 kW
Cell efficiency: 0.298, Output efficiency: 0.269
mdot_h2: 7.94 g/s
Reynolds_number: 9,544,310
Stack prop output power: 318 kW, Pcomp: 16.4 kW
Cell efficiency: 0.298, Output efficiency: 0.269
mdot_h2: 7.96 g/s
Fuel-cell system mass representative phase: climb (P_fc_sys=969.812 kW).

-----------------------
ptotal_climb: 1,290 kW, mtom_est: 6,425 kg, mtom: 5,325 kg, residual: +1,100.40 kg

MTOM update: initial_bracket_probe_2, relax=1.000 -> mtom_next=5,650.00 kg

======================================================
======================= ITER 3 =======================
Reynolds_number: 9,544,310
Stack prop output power: 318 kW, Pcomp: 16.4 kW
Cell efficiency: 0.298, Output efficiency: 0.269
mdot_h2: 7.96 g/s
Reynolds_number: 9,544,310
Stack prop output power: 337 kW, Pcomp: 17.4 kW
Cell efficiency: 0.298, Output efficiency: 0.269
mdot_h2: 8.42 g/s
Reynolds_number: 9,544,310
Stack prop output power: 338 kW, Pcomp: 17.4 kW
Cell efficiency: 0.298, Output efficiency: 0.269
mdot_h2: 8.45 g/s
Reynolds_number: 7,921,777
Stack prop output power: 255 kW, Pcomp: 13.1 kW
Cell efficiency: 0.297, Output efficiency: 0.268
mdot_h2: 6.40 g/s
Reynolds_number: 7,921,777
Stack prop output power: 270 kW, Pcomp: 13.9 kW
Cell efficiency: 0.297, Output efficiency: 0.268
mdot_h2: 6.77 g/s
Reynolds_number: 7,921,777
Stack prop output power: 270 kW, Pcomp: 13.9 kW
Cell efficiency: 0.297, Output efficiency: 0.268
mdot_h2: 6.79 g/s
Reynolds_number: 9,544,310
Stack prop output power: 475 kW, Pcomp: 4.3 kW
Cell efficiency: 0.279, Output efficiency: 0.262
mdot_h2: 12.18 g/s
Reynolds_number: 9,544,310
Stack prop output power: 514 kW, Pcomp: 4.6 kW
Cell efficiency: 0.279, Output efficiency: 0.262
mdot_h2: 13.19 g/s
Reynolds_number: 6,709,346
Stack prop output power: 472 kW, Pcomp: 4.1 kW
Cell efficiency: 0.305, Output efficiency: 0.287
mdot_h2: 11.07 g/s
Reynolds_number: 6,709,346
Stack prop output power: 511 kW, Pcomp: 4.4 kW
Cell efficiency: 0.305, Output efficiency: 0.287
mdot_h2: 11.98 g/s
Reynolds_number: 9,544,310
Stack prop output power: 318 kW, Pcomp: 16.4 kW
Cell efficiency: 0.298, Output efficiency: 0.269
mdot_h2: 7.96 g/s
Reynolds_number: 9,544,310
Stack prop output power: 337 kW, Pcomp: 17.4 kW
Cell efficiency: 0.298, Output efficiency: 0.269
mdot_h2: 8.42 g/s
Reynolds_number: 9,544,310
Stack prop output power: 338 kW, Pcomp: 17.4 kW
Cell efficiency: 0.298, Output efficiency: 0.269
mdot_h2: 8.45 g/s
Fuel-cell system mass representative phase: climb (P_fc_sys=1029.002 kW).

-----------------------
ptotal_climb: 1,369 kW, mtom_est: 6,673 kg, mtom: 5,650 kg, residual: +1,023.22 kg

MTOM update: newton_prebracket, relax=1.000 -> mtom_next=7,627.50 kg

======================================================
======================= ITER 4 =======================
Reynolds_number: 9,544,310
Stack prop output power: 338 kW, Pcomp: 17.4 kW
Cell efficiency: 0.298, Output efficiency: 0.269
mdot_h2: 8.45 g/s
Reynolds_number: 9,544,310
Stack prop output power: 450 kW, Pcomp: 23.2 kW
Cell efficiency: 0.298, Output efficiency: 0.269
mdot_h2: 11.25 g/s
Reynolds_number: 9,544,310
Stack prop output power: 456 kW, Pcomp: 23.5 kW
Cell efficiency: 0.298, Output efficiency: 0.269
mdot_h2: 11.39 g/s
Reynolds_number: 7,921,777
Stack prop output power: 270 kW, Pcomp: 13.9 kW
Cell efficiency: 0.297, Output efficiency: 0.268
mdot_h2: 6.79 g/s
Reynolds_number: 7,921,777
Stack prop output power: 360 kW, Pcomp: 18.5 kW
Cell efficiency: 0.297, Output efficiency: 0.268
mdot_h2: 9.05 g/s
Reynolds_number: 7,921,777
Stack prop output power: 365 kW, Pcomp: 18.8 kW
Cell efficiency: 0.297, Output efficiency: 0.268
mdot_h2: 9.16 g/s
Reynolds_number: 9,544,310
Stack prop output power: 455 kW, Pcomp: 4.1 kW
Cell efficiency: 0.279, Output efficiency: 0.262
mdot_h2: 11.67 g/s
Reynolds_number: 9,544,310
Stack prop output power: 692 kW, Pcomp: 6.2 kW
Cell efficiency: 0.279, Output efficiency: 0.262
mdot_h2: 17.76 g/s
Reynolds_number: 9,544,310
Stack prop output power: 695 kW, Pcomp: 6.2 kW
Cell efficiency: 0.279, Output efficiency: 0.262
mdot_h2: 17.81 g/s
Reynolds_number: 6,709,346
Stack prop output power: 452 kW, Pcomp: 3.9 kW
Cell efficiency: 0.305, Output efficiency: 0.287
mdot_h2: 10.60 g/s
Reynolds_number: 6,709,346
Stack prop output power: 688 kW, Pcomp: 6.0 kW
Cell efficiency: 0.305, Output efficiency: 0.287
mdot_h2: 16.13 g/s
Reynolds_number: 6,709,346
Stack prop output power: 690 kW, Pcomp: 6.0 kW
Cell efficiency: 0.305, Output efficiency: 0.287
mdot_h2: 16.18 g/s
Reynolds_number: 9,544,310
Stack prop output power: 338 kW, Pcomp: 17.4 kW
Cell efficiency: 0.298, Output efficiency: 0.269
mdot_h2: 8.45 g/s
Reynolds_number: 9,544,310
Stack prop output power: 450 kW, Pcomp: 23.2 kW
Cell efficiency: 0.298, Output efficiency: 0.269
mdot_h2: 11.25 g/s
Reynolds_number: 9,544,310
Stack prop output power: 456 kW, Pcomp: 23.5 kW
Cell efficiency: 0.298, Output efficiency: 0.269
mdot_h2: 11.39 g/s
Fuel-cell system mass representative phase: climb (P_fc_sys=1389.161 kW).

-----------------------
ptotal_climb: 1,848 kW, mtom_est: 8,197 kg, mtom: 7,628 kg, residual: +569.63 kg

MTOM update: newton_prebracket, relax=1.000 -> mtom_next=10,110.91 kg

======================================================
======================= ITER 5 =======================
Reynolds_number: 9,544,310
Stack prop output power: 456 kW, Pcomp: 23.5 kW
Cell efficiency: 0.298, Output efficiency: 0.269
mdot_h2: 11.40 g/s
Reynolds_number: 9,544,310
Stack prop output power: 597 kW, Pcomp: 30.8 kW
Cell efficiency: 0.298, Output efficiency: 0.269
mdot_h2: 14.92 g/s
Reynolds_number: 9,544,310
Stack prop output power: 604 kW, Pcomp: 31.1 kW
Cell efficiency: 0.298, Output efficiency: 0.269
mdot_h2: 15.11 g/s
Reynolds_number: 7,921,777
Stack prop output power: 365 kW, Pcomp: 18.8 kW
Cell efficiency: 0.297, Output efficiency: 0.268
mdot_h2: 9.17 g/s
Reynolds_number: 7,921,777
Stack prop output power: 478 kW, Pcomp: 24.6 kW
Cell efficiency: 0.297, Output efficiency: 0.268
mdot_h2: 12.00 g/s
Reynolds_number: 7,921,777
Stack prop output power: 483 kW, Pcomp: 24.9 kW
Cell efficiency: 0.297, Output efficiency: 0.268
mdot_h2: 12.14 g/s
Reynolds_number: 9,544,310
Stack prop output power: 620 kW, Pcomp: 5.6 kW
Cell efficiency: 0.279, Output efficiency: 0.262
mdot_h2: 15.90 g/s
Reynolds_number: 9,544,310
Stack prop output power: 918 kW, Pcomp: 8.3 kW
Cell efficiency: 0.279, Output efficiency: 0.262
mdot_h2: 23.54 g/s
Reynolds_number: 9,544,310
Stack prop output power: 921 kW, Pcomp: 8.3 kW
Cell efficiency: 0.279, Output efficiency: 0.262
mdot_h2: 23.61 g/s
Reynolds_number: 6,709,346
Stack prop output power: 616 kW, Pcomp: 5.4 kW
Cell efficiency: 0.305, Output efficiency: 0.287
mdot_h2: 14.44 g/s
Reynolds_number: 6,709,346
Stack prop output power: 912 kW, Pcomp: 7.9 kW
Cell efficiency: 0.305, Output efficiency: 0.287
mdot_h2: 21.38 g/s
Reynolds_number: 6,709,346
Stack prop output power: 914 kW, Pcomp: 8.0 kW
Cell efficiency: 0.305, Output efficiency: 0.287
mdot_h2: 21.44 g/s
Reynolds_number: 9,544,310
Stack prop output power: 456 kW, Pcomp: 23.5 kW
Cell efficiency: 0.298, Output efficiency: 0.269
mdot_h2: 11.40 g/s
Reynolds_number: 9,544,310
Stack prop output power: 597 kW, Pcomp: 30.8 kW
Cell efficiency: 0.298, Output efficiency: 0.269
mdot_h2: 14.92 g/s
Reynolds_number: 9,544,310
Stack prop output power: 604 kW, Pcomp: 31.1 kW
Cell efficiency: 0.298, Output efficiency: 0.269
mdot_h2: 15.11 g/s
Fuel-cell system mass representative phase: climb (P_fc_sys=1841.453 kW).

-----------------------
ptotal_climb: 2,450 kW, mtom_est: 10,132 kg, mtom: 10,111 kg, residual: +21.08 kg

MTOM update: newton_prebracket, relax=1.000 -> mtom_next=10,206.35 kg

======================================================
======================= ITER 6 =======================
Reynolds_number: 9,544,310
Stack prop output power: 605 kW, Pcomp: 31.2 kW
Cell efficiency: 0.298, Output efficiency: 0.269
mdot_h2: 15.11 g/s
Reynolds_number: 9,544,310
Stack prop output power: 610 kW, Pcomp: 31.4 kW
Cell efficiency: 0.298, Output efficiency: 0.269
mdot_h2: 15.25 g/s
Reynolds_number: 7,921,777
Stack prop output power: 484 kW, Pcomp: 24.9 kW
Cell efficiency: 0.297, Output efficiency: 0.268
mdot_h2: 12.15 g/s
Reynolds_number: 7,921,777
Stack prop output power: 488 kW, Pcomp: 25.1 kW
Cell efficiency: 0.297, Output efficiency: 0.268
mdot_h2: 12.26 g/s
Reynolds_number: 9,544,310
Stack prop output power: 918 kW, Pcomp: 8.3 kW
Cell efficiency: 0.279, Output efficiency: 0.262
mdot_h2: 23.54 g/s
Reynolds_number: 9,544,310
Stack prop output power: 929 kW, Pcomp: 8.4 kW
Cell efficiency: 0.279, Output efficiency: 0.262
mdot_h2: 23.83 g/s
Reynolds_number: 6,709,346
Stack prop output power: 912 kW, Pcomp: 7.9 kW
Cell efficiency: 0.305, Output efficiency: 0.287
mdot_h2: 21.38 g/s
Reynolds_number: 6,709,346
Stack prop output power: 923 kW, Pcomp: 8.0 kW
Cell efficiency: 0.305, Output efficiency: 0.287
mdot_h2: 21.64 g/s
Reynolds_number: 9,544,310
Stack prop output power: 605 kW, Pcomp: 31.2 kW
Cell efficiency: 0.298, Output efficiency: 0.269
mdot_h2: 15.11 g/s
Reynolds_number: 9,544,310
Stack prop output power: 610 kW, Pcomp: 31.4 kW
Cell efficiency: 0.298, Output efficiency: 0.269
mdot_h2: 15.25 g/s
Fuel-cell system mass representative phase: climb (P_fc_sys=1858.834 kW).

-----------------------
ptotal_climb: 2,473 kW, mtom_est: 10,206 kg, mtom: 10,206 kg, residual: -0.17 kg


CONVERGED

CONVERGED STATE [MTOM iteration 6]
  MTOM=10,206 kg | Wing loading=220.51 kg/m^2 | P/W(climb)=242.29 W/kg
  Phase power: climb=2,472.9 kW | cruise=1,220.7 kW | loiter=976.6 kW | takeoff=2,456.4 kW | cruise+charger=1,220.7 kW
  Power split (climb): FC=1,842.1 kW | Battery=614.0 kW | Compressor=16.7 kW | Cooling=803.1 kW | H2=47.663 g/s
  Compressor max across phases: 62.9 kW (cruise)
  FC representative phase (mass sizing): climb (1,858.8 kW)
  Mass summary: MTOM=10,206 kg | Powertrain=3,254 kg | Tank=1,419.8 kg | Fuel=631.0 kg | Battery=365.2 kg | Nacelle power density=0.68 kW/kg
  Geometry: Main wing area=46.28 m^2 | Horizontal tail area=5.350 m^2 | Horizontal tail location=19.500 m | Vertical tail area=5.405 m^2 | Vertical tail location=18.948 m
  Config: wing loading input=220.51 kg/m^2 | P/W TO/Cl/Cr/Lo=0.17518/0.17632/0.08248/0.06599 kW/kg

=============================================================
========================= CONVERGED =========================
=============================================================
Constraint sizing: ENABLED (min_combined_pw)
Input W/S: 220.51 kg/m^2 (2,162.5 Pa)
Input P/W [kW/kg]: takeoff 0.17518, climb 0.17632, cruise 0.08248, loiter 0.06599
Converged P/W [kW/kg]: takeoff 0.24067, climb 0.24229, cruise 0.11961, loiter 0.09568
-------------------------------------------------------------

# Mission Time
Climb time: 7.57 min (0.13 h)
Cruise time: 318.71 min (5.31 h)
Total flight time: 348.28 min (5.80 h)

# Phase Power Breakdown
Phase      Time[min]     Total[kW]    FC Stack[kW]   Battery[kW]   Compressor[kW]   Cooling[kW]   mdot_H2[g/s]
--------------------------------------------------------------------------------------------------------------
ready           0.00         123.6           123.6           0.0              0.0           0.0         0.0
taxi            5.00         247.3           247.3           0.0              0.0           0.0         4.8
takeoff         1.00       2,456.4         1,830.2         610.1             16.1         704.9        43.3
climb           7.57       2,472.9         1,842.1         614.0             16.7         803.1        47.7
cruise        318.71       1,220.7         1,157.9           0.0             62.9         501.3        30.5
loiter         15.00         976.6           926.3           0.0             50.3         404.0        24.5
landing         1.00           0.0             0.0           0.0              0.0           0.0         0.0

Pcomp_max (solved phases): 62.9 kW (cruise)
Pnet (climb): 2,233 kW
Pelectricnet (climb): 2,456 kW
eta_pt: 0.9031

# Geometry
Main Wing Area: 46.28 m^2
Wingspan: 20.41 m
Fuselage Length: 21.66 m
Hydrogen Tank Length: 12.65 m
Horizontal Tail Area: 5.35 m^2
Vertical Tail Area: 5.40 m^2
Horizontal Tail span: 4.91 m
Vertical Tail span: 3.20 m
Horizontal Tail X_Position: 19.50 m
Vertical Tail X_Position: 18.95 m

# Single Nacelle (1/2)
Stack(1/2): 540 kg, Compressor: 42 kg, Humidifier: 213 kg, HX: 562 kg
Fuelcell System(FCS; Stack+Compressor+Humidifier+Hx): 1,358 kg
Representative FC phase: climb
Specific Power of Fuelcell System: 0.685 kW/kg
Stack dimension: dX=0.389 m, dY=0.393 m, dZ=0.393 m
Heat Exchanger dimension: dX=1.731 m, dY=1.731 m, dZ=0.209 m

# ALL Nacelles
FCS_total: 2,715 kg
PMAD: 212 kg
Motors: 326 kg

# Total Mass Breakdown
-----------------------
Powertrain (FCS_total+PMAD+Motors): 3,254 kg
-----------------------
Main Wing: 843 kg
Horizontal Tail: 49 kg
Vertical Tail: 83 kg
Fuselage: 730 kg
Landing gear(main): 243 kg
Landing gear(nose): 65 kg
Flight Control System: 366 kg
Electric System: 300 kg
Instruments: 138 kg
Hydraulics: 122 kg
Furnishing: 597 kg
-----------------------
Operating Empty Mass(OEM): 3,536 kg
-----------------------
Hydrogen Tank: 1,420 kg
Hydrogen Fuel: 631.0 kg
Battery: 365.2 kg
-----------------------
Payload: 1,000 kg
-----------------------
Maximum Takeoff Mass(MTOM): 10,206 kg
-----------------------

Wing loading (MTOM/S_wing): 220.51 kg/m^2
Power-to-weight (maxPow/MTOM): 242.29 W/kg

mdot_H2(cruise): 30.5 g/s
Hydrogen Tank Volume: 27.0 m^3
========================== END ==============================


=============================================================
Execution time: 87.3 seconds
=============================================================
