Auto-widening W/S scan window for min_combined_pw: 1900.0..2600.0 -> 1725.0..2775.0 Pa (factor 1.500, lower_hit=True, upper_hit=False, min_on_edge=False).
Auto-widening W/S scan window for min_combined_pw: 1725.0..2775.0 -> 1462.5..3037.5 Pa (factor 1.500, lower_hit=True, upper_hit=False, min_on_edge=False).
ADRpy constraint sizing (min_combined_pw): W/S=2162.5 Pa (220.51 kg/m^2), P/W_TO=0.17518 kW/kg, P/W_climb=0.17632 kW/kg, P/W_cruise=0.08248 kW/kg
Curve minimum (combined/combined): W/S=2162.5 Pa (220.51 kg/m^2), P/W=0.17632 kW/kg
Curve minimum (takeoff/take-off): W/S=1462.5 Pa (149.13 kg/m^2), P/W=0.10196 kW/kg
Curve minimum (climb/climb): W/S=2312.5 Pa (235.81 kg/m^2), P/W=0.17438 kW/kg
Curve minimum (cruise/cruise): W/S=2312.5 Pa (235.81 kg/m^2), P/W=0.08024 kW/kg
======================================================
======================= ITER 1 =======================
Reynolds_number: 9,544,310
Stack prop output power: 500 kW, Pcomp: 25.8 kW
Cell efficiency: 0.298, Output efficiency: 0.269
mdot_h2: 12.50 g/s
Reynolds_number: 9,544,310
Stack prop output power: 309 kW, Pcomp: 15.9 kW
Cell efficiency: 0.298, Output efficiency: 0.269
mdot_h2: 7.73 g/s
Reynolds_number: 9,544,310
Stack prop output power: 300 kW, Pcomp: 15.4 kW
Cell efficiency: 0.298, Output efficiency: 0.269
mdot_h2: 7.49 g/s
Reynolds_number: 9,544,310
Stack prop output power: 299 kW, Pcomp: 15.4 kW
Cell efficiency: 0.298, Output efficiency: 0.269
mdot_h2: 7.48 g/s
Reynolds_number: 7,921,777
Stack prop output power: 500 kW, Pcomp: 25.7 kW
Cell efficiency: 0.297, Output efficiency: 0.268
mdot_h2: 12.56 g/s
Reynolds_number: 7,921,777
Stack prop output power: 253 kW, Pcomp: 13.0 kW
Cell efficiency: 0.297, Output efficiency: 0.268
mdot_h2: 6.35 g/s
Reynolds_number: 7,921,777
Stack prop output power: 240 kW, Pcomp: 12.4 kW
Cell efficiency: 0.297, Output efficiency: 0.268
mdot_h2: 6.03 g/s
Reynolds_number: 7,921,777
Stack prop output power: 239 kW, Pcomp: 12.3 kW
Cell efficiency: 0.297, Output efficiency: 0.268
mdot_h2: 6.01 g/s
Reynolds_number: 9,544,310
Stack prop output power: 350 kW, Pcomp: 3.1 kW
Cell efficiency: 0.279, Output efficiency: 0.262
mdot_h2: 8.97 g/s
Reynolds_number: 9,544,310
Stack prop output power: 454 kW, Pcomp: 4.1 kW
Cell efficiency: 0.279, Output efficiency: 0.262
mdot_h2: 11.65 g/s
Reynolds_number: 9,544,310
Stack prop output power: 455 kW, Pcomp: 4.1 kW
Cell efficiency: 0.279, Output efficiency: 0.262
mdot_h2: 11.68 g/s
Reynolds_number: 6,709,346
Stack prop output power: 351 kW, Pcomp: 3.1 kW
Cell efficiency: 0.305, Output efficiency: 0.287
mdot_h2: 8.22 g/s
Reynolds_number: 6,709,346
Stack prop output power: 451 kW, Pcomp: 3.9 kW
Cell efficiency: 0.305, Output efficiency: 0.287
mdot_h2: 10.58 g/s
Reynolds_number: 6,709,346
Stack prop output power: 452 kW, Pcomp: 3.9 kW
Cell efficiency: 0.305, Output efficiency: 0.287
mdot_h2: 10.60 g/s
Reynolds_number: 9,544,310
Stack prop output power: 500 kW, Pcomp: 25.8 kW
Cell efficiency: 0.298, Output efficiency: 0.269
mdot_h2: 12.50 g/s
Reynolds_number: 9,544,310
Stack prop output power: 309 kW, Pcomp: 15.9 kW
Cell efficiency: 0.298, Output efficiency: 0.269
mdot_h2: 7.73 g/s
Reynolds_number: 9,544,310
Stack prop output power: 300 kW, Pcomp: 15.4 kW
Cell efficiency: 0.298, Output efficiency: 0.269
mdot_h2: 7.49 g/s
Reynolds_number: 9,544,310
Stack prop output power: 299 kW, Pcomp: 15.4 kW
Cell efficiency: 0.298, Output efficiency: 0.269
mdot_h2: 7.48 g/s
Fuel-cell system mass representative phase: climb (P_fc_sys=910.627 kW).

-----------------------
ptotal_climb: 1,211 kW, mtom_est: 5,530 kg, mtom: 5,000 kg, residual: +530.39 kg

MTOM update: initial_bracket_probe_1, relax=1.000 -> mtom_next=5,325.00 kg

======================================================
======================= ITER 2 =======================
Reynolds_number: 9,544,310
Stack prop output power: 299 kW, Pcomp: 15.4 kW
Cell efficiency: 0.298, Output efficiency: 0.269
mdot_h2: 7.47 g/s
Reynolds_number: 9,544,310
Stack prop output power: 317 kW, Pcomp: 16.4 kW
Cell efficiency: 0.298, Output efficiency: 0.269
mdot_h2: 7.94 g/s
Reynolds_number: 9,544,310
Stack prop output power: 318 kW, Pcomp: 16.4 kW
Cell efficiency: 0.298, Output efficiency: 0.269
mdot_h2: 7.96 g/s
Reynolds_number: 7,921,777
Stack prop output power: 239 kW, Pcomp: 12.3 kW
Cell efficiency: 0.297, Output efficiency: 0.268
mdot_h2: 6.01 g/s
Reynolds_number: 7,921,777
Stack prop output power: 254 kW, Pcomp: 13.1 kW
Cell efficiency: 0.297, Output efficiency: 0.268
mdot_h2: 6.38 g/s
Reynolds_number: 7,921,777
Stack prop output power: 255 kW, Pcomp: 13.1 kW
Cell efficiency: 0.297, Output efficiency: 0.268
mdot_h2: 6.40 g/s
Reynolds_number: 9,544,310
Stack prop output power: 446 kW, Pcomp: 4.0 kW
Cell efficiency: 0.279, Output efficiency: 0.262
mdot_h2: 11.43 g/s
Reynolds_number: 9,544,310
Stack prop output power: 485 kW, Pcomp: 4.4 kW
Cell efficiency: 0.279, Output efficiency: 0.262
mdot_h2: 12.43 g/s
Reynolds_number: 6,709,346
Stack prop output power: 443 kW, Pcomp: 3.9 kW
Cell efficiency: 0.305, Output efficiency: 0.287
mdot_h2: 10.38 g/s
Reynolds_number: 6,709,346
Stack prop output power: 481 kW, Pcomp: 4.2 kW
Cell efficiency: 0.305, Output efficiency: 0.287
mdot_h2: 11.29 g/s
Reynolds_number: 9,544,310
Stack prop output power: 299 kW, Pcomp: 15.4 kW
Cell efficiency: 0.298, Output efficiency: 0.269
mdot_h2: 7.47 g/s
Reynolds_number: 9,544,310
Stack prop output power: 317 kW, Pcomp: 16.4 kW
Cell efficiency: 0.298, Output efficiency: 0.269
mdot_h2: 7.94 g/s
Reynolds_number: 9,544,310
Stack prop output power: 318 kW, Pcomp: 16.4 kW
Cell efficiency: 0.298, Output efficiency: 0.269
mdot_h2: 7.96 g/s
Fuel-cell system mass representative phase: climb (P_fc_sys=969.812 kW).

-----------------------
ptotal_climb: 1,290 kW, mtom_est: 5,735 kg, mtom: 5,325 kg, residual: +410.34 kg

MTOM update: initial_bracket_probe_2, relax=1.000 -> mtom_next=5,650.00 kg

======================================================
======================= ITER 3 =======================
Reynolds_number: 9,544,310
Stack prop output power: 318 kW, Pcomp: 16.4 kW
Cell efficiency: 0.298, Output efficiency: 0.269
mdot_h2: 7.96 g/s
Reynolds_number: 9,544,310
Stack prop output power: 337 kW, Pcomp: 17.4 kW
Cell efficiency: 0.298, Output efficiency: 0.269
mdot_h2: 8.42 g/s
Reynolds_number: 9,544,310
Stack prop output power: 338 kW, Pcomp: 17.4 kW
Cell efficiency: 0.298, Output efficiency: 0.269
mdot_h2: 8.45 g/s
Reynolds_number: 7,921,777
Stack prop output power: 255 kW, Pcomp: 13.1 kW
Cell efficiency: 0.297, Output efficiency: 0.268
mdot_h2: 6.40 g/s
Reynolds_number: 7,921,777
Stack prop output power: 270 kW, Pcomp: 13.9 kW
Cell efficiency: 0.297, Output efficiency: 0.268
mdot_h2: 6.77 g/s
Reynolds_number: 7,921,777
Stack prop output power: 270 kW, Pcomp: 13.9 kW
Cell efficiency: 0.297, Output efficiency: 0.268
mdot_h2: 6.79 g/s
Reynolds_number: 9,544,310
Stack prop output power: 475 kW, Pcomp: 4.3 kW
Cell efficiency: 0.279, Output efficiency: 0.262
mdot_h2: 12.18 g/s
Reynolds_number: 9,544,310
Stack prop output power: 514 kW, Pcomp: 4.6 kW
Cell efficiency: 0.279, Output efficiency: 0.262
mdot_h2: 13.19 g/s
Reynolds_number: 6,709,346
Stack prop output power: 472 kW, Pcomp: 4.1 kW
Cell efficiency: 0.305, Output efficiency: 0.287
mdot_h2: 11.07 g/s
Reynolds_number: 6,709,346
Stack prop output power: 511 kW, Pcomp: 4.4 kW
Cell efficiency: 0.305, Output efficiency: 0.287
mdot_h2: 11.98 g/s
Reynolds_number: 9,544,310
Stack prop output power: 318 kW, Pcomp: 16.4 kW
Cell efficiency: 0.298, Output efficiency: 0.269
mdot_h2: 7.96 g/s
Reynolds_number: 9,544,310
Stack prop output power: 337 kW, Pcomp: 17.4 kW
Cell efficiency: 0.298, Output efficiency: 0.269
mdot_h2: 8.42 g/s
Reynolds_number: 9,544,310
Stack prop output power: 338 kW, Pcomp: 17.4 kW
Cell efficiency: 0.298, Output efficiency: 0.269
mdot_h2: 8.45 g/s
Fuel-cell system mass representative phase: climb (P_fc_sys=1029.002 kW).

-----------------------
ptotal_climb: 1,369 kW, mtom_est: 5,941 kg, mtom: 5,650 kg, residual: +291.14 kg

MTOM update: newton_prebracket, relax=1.000 -> mtom_next=6,443.77 kg

======================================================
======================= ITER 4 =======================
Reynolds_number: 9,544,310
Stack prop output power: 338 kW, Pcomp: 17.4 kW
Cell efficiency: 0.298, Output efficiency: 0.269
mdot_h2: 8.45 g/s
Reynolds_number: 9,544,310
Stack prop output power: 383 kW, Pcomp: 19.7 kW
Cell efficiency: 0.298, Output efficiency: 0.269
mdot_h2: 9.57 g/s
Reynolds_number: 9,544,310
Stack prop output power: 385 kW, Pcomp: 19.8 kW
Cell efficiency: 0.298, Output efficiency: 0.269
mdot_h2: 9.63 g/s
Reynolds_number: 7,921,777
Stack prop output power: 270 kW, Pcomp: 13.9 kW
Cell efficiency: 0.297, Output efficiency: 0.268
mdot_h2: 6.79 g/s
Reynolds_number: 7,921,777
Stack prop output power: 306 kW, Pcomp: 15.8 kW
Cell efficiency: 0.297, Output efficiency: 0.268
mdot_h2: 7.70 g/s
Reynolds_number: 7,921,777
Stack prop output power: 308 kW, Pcomp: 15.9 kW
Cell efficiency: 0.297, Output efficiency: 0.268
mdot_h2: 7.74 g/s
Reynolds_number: 9,544,310
Stack prop output power: 491 kW, Pcomp: 4.4 kW
Cell efficiency: 0.279, Output efficiency: 0.262
mdot_h2: 12.58 g/s
Reynolds_number: 9,544,310
Stack prop output power: 586 kW, Pcomp: 5.3 kW
Cell efficiency: 0.279, Output efficiency: 0.262
mdot_h2: 15.03 g/s
Reynolds_number: 9,544,310
Stack prop output power: 587 kW, Pcomp: 5.3 kW
Cell efficiency: 0.279, Output efficiency: 0.262
mdot_h2: 15.05 g/s
Reynolds_number: 6,709,346
Stack prop output power: 487 kW, Pcomp: 4.2 kW
Cell efficiency: 0.305, Output efficiency: 0.287
mdot_h2: 11.43 g/s
Reynolds_number: 6,709,346
Stack prop output power: 582 kW, Pcomp: 5.1 kW
Cell efficiency: 0.305, Output efficiency: 0.287
mdot_h2: 13.65 g/s
Reynolds_number: 6,709,346
Stack prop output power: 583 kW, Pcomp: 5.1 kW
Cell efficiency: 0.305, Output efficiency: 0.287
mdot_h2: 13.67 g/s
Reynolds_number: 9,544,310
Stack prop output power: 338 kW, Pcomp: 17.4 kW
Cell efficiency: 0.298, Output efficiency: 0.269
mdot_h2: 8.45 g/s
Reynolds_number: 9,544,310
Stack prop output power: 383 kW, Pcomp: 19.7 kW
Cell efficiency: 0.298, Output efficiency: 0.269
mdot_h2: 9.57 g/s
Reynolds_number: 9,544,310
Stack prop output power: 385 kW, Pcomp: 19.8 kW
Cell efficiency: 0.298, Output efficiency: 0.269
mdot_h2: 9.63 g/s
Fuel-cell system mass representative phase: climb (P_fc_sys=1173.573 kW).

-----------------------
ptotal_climb: 1,561 kW, mtom_est: 6,450 kg, mtom: 6,444 kg, residual: +5.76 kg

MTOM update: newton_prebracket, relax=1.000 -> mtom_next=6,459.80 kg

======================================================
======================= ITER 5 =======================
Reynolds_number: 9,544,310
Stack prop output power: 385 kW, Pcomp: 19.9 kW
Cell efficiency: 0.298, Output efficiency: 0.269
mdot_h2: 9.63 g/s
Reynolds_number: 9,544,310
Stack prop output power: 386 kW, Pcomp: 19.9 kW
Cell efficiency: 0.298, Output efficiency: 0.269
mdot_h2: 9.66 g/s
Reynolds_number: 7,921,777
Stack prop output power: 308 kW, Pcomp: 15.9 kW
Cell efficiency: 0.297, Output efficiency: 0.268
mdot_h2: 7.74 g/s
Reynolds_number: 7,921,777
Stack prop output power: 309 kW, Pcomp: 15.9 kW
Cell efficiency: 0.297, Output efficiency: 0.268
mdot_h2: 7.76 g/s
Reynolds_number: 9,544,310
Stack prop output power: 586 kW, Pcomp: 5.3 kW
Cell efficiency: 0.279, Output efficiency: 0.262
mdot_h2: 15.04 g/s
Reynolds_number: 9,544,310
Stack prop output power: 588 kW, Pcomp: 5.3 kW
Cell efficiency: 0.279, Output efficiency: 0.262
mdot_h2: 15.08 g/s
Reynolds_number: 6,709,346
Stack prop output power: 582 kW, Pcomp: 5.1 kW
Cell efficiency: 0.305, Output efficiency: 0.287
mdot_h2: 13.66 g/s
Reynolds_number: 6,709,346
Stack prop output power: 584 kW, Pcomp: 5.1 kW
Cell efficiency: 0.305, Output efficiency: 0.287
mdot_h2: 13.70 g/s
Reynolds_number: 9,544,310
Stack prop output power: 385 kW, Pcomp: 19.9 kW
Cell efficiency: 0.298, Output efficiency: 0.269
mdot_h2: 9.63 g/s
Reynolds_number: 9,544,310
Stack prop output power: 386 kW, Pcomp: 19.9 kW
Cell efficiency: 0.298, Output efficiency: 0.269
mdot_h2: 9.66 g/s
Fuel-cell system mass representative phase: climb (P_fc_sys=1176.493 kW).

-----------------------
ptotal_climb: 1,565 kW, mtom_est: 6,459 kg, mtom: 6,460 kg, residual: -0.54 kg


CONVERGED

CONVERGED STATE [MTOM iteration 5]
  MTOM=6,459 kg | Wing loading=220.50 kg/m^2 | P/W(climb)=242.31 W/kg
  Phase power: climb=1,565.1 kW | cruise=772.6 kW | loiter=618.1 kW | takeoff=1,554.7 kW | cruise+charger=772.6 kW
  Power split (climb): FC=1,165.9 kW | Battery=388.6 kW | Compressor=10.6 kW | Cooling=508.5 kW | H2=30.170 g/s
  Compressor max across phases: 39.8 kW (cruise)
  FC representative phase (mass sizing): climb (1,176.5 kW)
  Mass summary: MTOM=6,459 kg | Powertrain=2,055 kg | Tank=459.0 kg | Fuel=204.0 kg | Battery=231.2 kg | Nacelle power density=0.69 kW/kg
  Geometry: Main wing area=29.29 m^2 | Horizontal tail area=4.993 m^2 | Horizontal tail location=10.994 m | Vertical tail area=5.133 m^2 | Vertical tail location=10.451 m
  Config: wing loading input=220.51 kg/m^2 | P/W TO/Cl/Cr/Lo=0.17518/0.17632/0.08248/0.06599 kW/kg

=============================================================
========================= CONVERGED =========================
=============================================================
Constraint sizing: ENABLED (min_combined_pw)
Input W/S: 220.51 kg/m^2 (2,162.5 Pa)
Input P/W [kW/kg]: takeoff 0.17518, climb 0.17632, cruise 0.08248, loiter 0.06599
Converged P/W [kW/kg]: takeoff 0.24069, climb 0.24231, cruise 0.11962, loiter 0.09569
-------------------------------------------------------------

# Mission Time
Climb time: 7.57 min (0.13 h)
Cruise time: 149.98 min (2.50 h)
Total flight time: 179.55 min (2.99 h)

# Phase Power Breakdown
Phase      Time[min]     Total[kW]    FC Stack[kW]   Battery[kW]   Compressor[kW]   Cooling[kW]   mdot_H2[g/s]
--------------------------------------------------------------------------------------------------------------
ready           0.00          78.3            78.3           0.0              0.0           0.0         0.0
taxi            5.00         156.5           156.5           0.0              0.0           0.0         3.0
takeoff         1.00       1,554.7         1,158.4         386.1             10.2         446.4        27.4
climb           7.57       1,565.1         1,165.9         388.6             10.6         508.5        30.2
cruise        149.98         772.6           732.8           0.0             39.8         317.6        19.3
loiter         15.00         618.1           586.3           0.0             31.8         256.0        15.5
landing         1.00           0.0             0.0           0.0              0.0           0.0         0.0

Pcomp_max (solved phases): 39.8 kW (cruise)
Pnet (climb): 1,413 kW
Pelectricnet (climb): 1,555 kW
eta_pt: 0.9031

# Geometry
Main Wing Area: 29.29 m^2
Wingspan: 16.24 m
Fuselage Length: 13.10 m
Hydrogen Tank Length: 4.09 m
Horizontal Tail Area: 4.99 m^2
Vertical Tail Area: 5.13 m^2
Horizontal Tail span: 4.74 m
Vertical Tail span: 3.12 m
Horizontal Tail X_Position: 10.99 m
Vertical Tail X_Position: 10.45 m

# Single Nacelle (1/2)
Stack(1/2): 342 kg, Compressor: 24 kg, Humidifier: 135 kg, HX: 356 kg
Fuelcell System(FCS; Stack+Compressor+Humidifier+Hx): 857 kg
Representative FC phase: climb
Specific Power of Fuelcell System: 0.686 kW/kg
Stack dimension: dX=0.389 m, dY=0.313 m, dZ=0.313 m
Heat Exchanger dimension: dX=1.377 m, dY=1.377 m, dZ=0.209 m

# ALL Nacelles
FCS_total: 1,714 kg
PMAD: 134 kg
Motors: 206 kg

# Total Mass Breakdown
-----------------------
Powertrain (FCS_total+PMAD+Motors): 2,055 kg
-----------------------
Main Wing: 476 kg
Horizontal Tail: 35 kg
Vertical Tail: 63 kg
Fuselage: 391 kg
Landing gear(main): 243 kg
Landing gear(nose): 65 kg
Flight Control System: 366 kg
Electric System: 300 kg
Instruments: 93 kg
Hydraulics: 78 kg
Furnishing: 402 kg
-----------------------
Operating Empty Mass(OEM): 2,510 kg
-----------------------
Hydrogen Tank: 459 kg
Hydrogen Fuel: 204.0 kg
Battery: 231.2 kg
-----------------------
Payload: 1,000 kg
-----------------------
Maximum Takeoff Mass(MTOM): 6,459 kg
-----------------------

Wing loading (MTOM/S_wing): 220.50 kg/m^2
Power-to-weight (maxPow/MTOM): 242.31 W/kg

mdot_H2(cruise): 19.3 g/s
Hydrogen Tank Volume: 8.7 m^3
========================== END ==============================


=============================================================
Execution time: 73.2 seconds
=============================================================
