Auto-widening W/S scan window for min_combined_pw: 1900.0..2600.0 -> 1725.0..2775.0 Pa (factor 1.500, lower_hit=True, upper_hit=False, min_on_edge=False).
Auto-widening W/S scan window for min_combined_pw: 1725.0..2775.0 -> 1462.5..3037.5 Pa (factor 1.500, lower_hit=True, upper_hit=False, min_on_edge=False).
ADRpy constraint sizing (min_combined_pw): W/S=2212.5 Pa (225.61 kg/m^2), P/W_TO=0.18089 kW/kg, P/W_climb=0.18058 kW/kg, P/W_cruise=0.06135 kW/kg
Curve minimum (combined/combined): W/S=2212.5 Pa (225.61 kg/m^2), P/W=0.18089 kW/kg
Curve minimum (takeoff/take-off): W/S=1462.5 Pa (149.13 kg/m^2), P/W=0.10196 kW/kg
Curve minimum (climb/climb): W/S=2312.5 Pa (235.81 kg/m^2), P/W=0.17920 kW/kg
Curve minimum (cruise/cruise): W/S=2262.5 Pa (230.71 kg/m^2), P/W=0.06134 kW/kg
======================================================
======================= ITER 1 =======================
Reynolds_number: 7,577,968
Stack prop output power: 500 kW, Pcomp: 30.8 kW
Cell efficiency: 0.296, Output efficiency: 0.265
mdot_h2: 12.72 g/s
Reynolds_number: 7,577,968
Stack prop output power: 242 kW, Pcomp: 14.9 kW
Cell efficiency: 0.296, Output efficiency: 0.265
mdot_h2: 6.15 g/s
Reynolds_number: 7,577,968
Stack prop output power: 226 kW, Pcomp: 13.9 kW
Cell efficiency: 0.296, Output efficiency: 0.265
mdot_h2: 5.75 g/s
Reynolds_number: 7,577,968
Stack prop output power: 225 kW, Pcomp: 13.9 kW
Cell efficiency: 0.296, Output efficiency: 0.265
mdot_h2: 5.72 g/s
Reynolds_number: 6,289,713
Stack prop output power: 500 kW, Pcomp: 30.8 kW
Cell efficiency: 0.295, Output efficiency: 0.264
mdot_h2: 12.77 g/s
Reynolds_number: 6,289,713
Stack prop output power: 200 kW, Pcomp: 12.3 kW
Cell efficiency: 0.295, Output efficiency: 0.264
mdot_h2: 5.10 g/s
Reynolds_number: 6,289,713
Stack prop output power: 181 kW, Pcomp: 11.2 kW
Cell efficiency: 0.295, Output efficiency: 0.264
mdot_h2: 4.62 g/s
Reynolds_number: 6,289,713
Stack prop output power: 180 kW, Pcomp: 11.1 kW
Cell efficiency: 0.295, Output efficiency: 0.264
mdot_h2: 4.59 g/s
Reynolds_number: 7,577,968
Stack prop output power: 346 kW, Pcomp: 3.1 kW
Cell efficiency: 0.271, Output efficiency: 0.255
mdot_h2: 9.12 g/s
Reynolds_number: 7,577,968
Stack prop output power: 465 kW, Pcomp: 4.2 kW
Cell efficiency: 0.271, Output efficiency: 0.255
mdot_h2: 12.27 g/s
Reynolds_number: 7,577,968
Stack prop output power: 466 kW, Pcomp: 4.2 kW
Cell efficiency: 0.271, Output efficiency: 0.255
mdot_h2: 12.30 g/s
Reynolds_number: 6,709,346
Stack prop output power: 346 kW, Pcomp: 3.0 kW
Cell efficiency: 0.305, Output efficiency: 0.287
mdot_h2: 8.11 g/s
Reynolds_number: 6,709,346
Stack prop output power: 466 kW, Pcomp: 4.1 kW
Cell efficiency: 0.305, Output efficiency: 0.287
mdot_h2: 10.93 g/s
Reynolds_number: 6,709,346
Stack prop output power: 467 kW, Pcomp: 4.1 kW
Cell efficiency: 0.305, Output efficiency: 0.287
mdot_h2: 10.95 g/s
Reynolds_number: 7,577,968
Stack prop output power: 500 kW, Pcomp: 30.8 kW
Cell efficiency: 0.296, Output efficiency: 0.265
mdot_h2: 12.72 g/s
Reynolds_number: 7,577,968
Stack prop output power: 242 kW, Pcomp: 14.9 kW
Cell efficiency: 0.296, Output efficiency: 0.265
mdot_h2: 6.15 g/s
Reynolds_number: 7,577,968
Stack prop output power: 226 kW, Pcomp: 13.9 kW
Cell efficiency: 0.296, Output efficiency: 0.265
mdot_h2: 5.75 g/s
Reynolds_number: 7,577,968
Stack prop output power: 225 kW, Pcomp: 13.9 kW
Cell efficiency: 0.296, Output efficiency: 0.265
mdot_h2: 5.72 g/s
Fuel-cell system mass representative phase: takeoff (P_fc_sys=933.979 kW).

-----------------------
ptotal_climb: 1,241 kW, mtom_est: 6,461 kg, mtom: 5,000 kg, residual: +1,460.51 kg

MTOM update: initial_bracket_probe_1, relax=1.000 -> mtom_next=5,325.00 kg

======================================================
======================= ITER 2 =======================
Reynolds_number: 7,577,968
Stack prop output power: 225 kW, Pcomp: 13.8 kW
Cell efficiency: 0.296, Output efficiency: 0.265
mdot_h2: 5.72 g/s
Reynolds_number: 7,577,968
Stack prop output power: 239 kW, Pcomp: 14.7 kW
Cell efficiency: 0.296, Output efficiency: 0.265
mdot_h2: 6.07 g/s
Reynolds_number: 7,577,968
Stack prop output power: 239 kW, Pcomp: 14.7 kW
Cell efficiency: 0.296, Output efficiency: 0.265
mdot_h2: 6.09 g/s
Reynolds_number: 6,289,713
Stack prop output power: 180 kW, Pcomp: 11.1 kW
Cell efficiency: 0.295, Output efficiency: 0.264
mdot_h2: 4.59 g/s
Reynolds_number: 6,289,713
Stack prop output power: 191 kW, Pcomp: 11.8 kW
Cell efficiency: 0.295, Output efficiency: 0.264
mdot_h2: 4.87 g/s
Reynolds_number: 6,289,713
Stack prop output power: 191 kW, Pcomp: 11.8 kW
Cell efficiency: 0.295, Output efficiency: 0.264
mdot_h2: 4.89 g/s
Reynolds_number: 7,577,968
Stack prop output power: 456 kW, Pcomp: 4.1 kW
Cell efficiency: 0.271, Output efficiency: 0.255
mdot_h2: 12.04 g/s
Reynolds_number: 7,577,968
Stack prop output power: 496 kW, Pcomp: 4.5 kW
Cell efficiency: 0.271, Output efficiency: 0.255
mdot_h2: 13.09 g/s
Reynolds_number: 6,709,346
Stack prop output power: 457 kW, Pcomp: 4.0 kW
Cell efficiency: 0.305, Output efficiency: 0.287
mdot_h2: 10.72 g/s
Reynolds_number: 6,709,346
Stack prop output power: 497 kW, Pcomp: 4.3 kW
Cell efficiency: 0.305, Output efficiency: 0.287
mdot_h2: 11.65 g/s
Reynolds_number: 7,577,968
Stack prop output power: 225 kW, Pcomp: 13.8 kW
Cell efficiency: 0.296, Output efficiency: 0.265
mdot_h2: 5.72 g/s
Reynolds_number: 7,577,968
Stack prop output power: 239 kW, Pcomp: 14.7 kW
Cell efficiency: 0.296, Output efficiency: 0.265
mdot_h2: 6.07 g/s
Reynolds_number: 7,577,968
Stack prop output power: 239 kW, Pcomp: 14.7 kW
Cell efficiency: 0.296, Output efficiency: 0.265
mdot_h2: 6.09 g/s
Fuel-cell system mass representative phase: takeoff (P_fc_sys=994.682 kW).

-----------------------
ptotal_climb: 1,321 kW, mtom_est: 6,693 kg, mtom: 5,325 kg, residual: +1,368.39 kg

MTOM update: initial_bracket_probe_2, relax=1.000 -> mtom_next=5,650.00 kg

======================================================
======================= ITER 3 =======================
Reynolds_number: 7,577,968
Stack prop output power: 239 kW, Pcomp: 14.7 kW
Cell efficiency: 0.296, Output efficiency: 0.265
mdot_h2: 6.09 g/s
Reynolds_number: 7,577,968
Stack prop output power: 253 kW, Pcomp: 15.6 kW
Cell efficiency: 0.296, Output efficiency: 0.265
mdot_h2: 6.44 g/s
Reynolds_number: 7,577,968
Stack prop output power: 254 kW, Pcomp: 15.6 kW
Cell efficiency: 0.296, Output efficiency: 0.265
mdot_h2: 6.46 g/s
Reynolds_number: 6,289,713
Stack prop output power: 192 kW, Pcomp: 11.8 kW
Cell efficiency: 0.295, Output efficiency: 0.264
mdot_h2: 4.89 g/s
Reynolds_number: 6,289,713
Stack prop output power: 202 kW, Pcomp: 12.5 kW
Cell efficiency: 0.295, Output efficiency: 0.264
mdot_h2: 5.17 g/s
Reynolds_number: 6,289,713
Stack prop output power: 203 kW, Pcomp: 12.5 kW
Cell efficiency: 0.295, Output efficiency: 0.264
mdot_h2: 5.19 g/s
Reynolds_number: 7,577,968
Stack prop output power: 487 kW, Pcomp: 4.4 kW
Cell efficiency: 0.271, Output efficiency: 0.255
mdot_h2: 12.83 g/s
Reynolds_number: 7,577,968
Stack prop output power: 527 kW, Pcomp: 4.8 kW
Cell efficiency: 0.271, Output efficiency: 0.255
mdot_h2: 13.89 g/s
Reynolds_number: 6,709,346
Stack prop output power: 487 kW, Pcomp: 4.2 kW
Cell efficiency: 0.305, Output efficiency: 0.287
mdot_h2: 11.43 g/s
Reynolds_number: 6,709,346
Stack prop output power: 527 kW, Pcomp: 4.6 kW
Cell efficiency: 0.305, Output efficiency: 0.287
mdot_h2: 12.37 g/s
Reynolds_number: 7,577,968
Stack prop output power: 239 kW, Pcomp: 14.7 kW
Cell efficiency: 0.296, Output efficiency: 0.265
mdot_h2: 6.09 g/s
Reynolds_number: 7,577,968
Stack prop output power: 253 kW, Pcomp: 15.6 kW
Cell efficiency: 0.296, Output efficiency: 0.265
mdot_h2: 6.44 g/s
Reynolds_number: 7,577,968
Stack prop output power: 254 kW, Pcomp: 15.6 kW
Cell efficiency: 0.296, Output efficiency: 0.265
mdot_h2: 6.46 g/s
Fuel-cell system mass representative phase: takeoff (P_fc_sys=1055.390 kW).

-----------------------
ptotal_climb: 1,402 kW, mtom_est: 6,929 kg, mtom: 5,650 kg, residual: +1,278.52 kg

MTOM update: newton_prebracket, relax=1.000 -> mtom_next=7,627.50 kg

======================================================
======================= ITER 4 =======================
Reynolds_number: 7,577,968
Stack prop output power: 254 kW, Pcomp: 15.6 kW
Cell efficiency: 0.296, Output efficiency: 0.265
mdot_h2: 6.46 g/s
Reynolds_number: 7,577,968
Stack prop output power: 337 kW, Pcomp: 20.8 kW
Cell efficiency: 0.296, Output efficiency: 0.265
mdot_h2: 8.59 g/s
Reynolds_number: 7,577,968
Stack prop output power: 343 kW, Pcomp: 21.1 kW
Cell efficiency: 0.296, Output efficiency: 0.265
mdot_h2: 8.72 g/s
Reynolds_number: 6,289,713
Stack prop output power: 203 kW, Pcomp: 12.5 kW
Cell efficiency: 0.295, Output efficiency: 0.264
mdot_h2: 5.19 g/s
Reynolds_number: 6,289,713
Stack prop output power: 270 kW, Pcomp: 16.6 kW
Cell efficiency: 0.295, Output efficiency: 0.264
mdot_h2: 6.89 g/s
Reynolds_number: 6,289,713
Stack prop output power: 274 kW, Pcomp: 16.9 kW
Cell efficiency: 0.295, Output efficiency: 0.264
mdot_h2: 7.00 g/s
Reynolds_number: 7,577,968
Stack prop output power: 466 kW, Pcomp: 4.2 kW
Cell efficiency: 0.271, Output efficiency: 0.255
mdot_h2: 12.29 g/s
Reynolds_number: 7,577,968
Stack prop output power: 709 kW, Pcomp: 6.4 kW
Cell efficiency: 0.271, Output efficiency: 0.255
mdot_h2: 18.70 g/s
Reynolds_number: 7,577,968
Stack prop output power: 711 kW, Pcomp: 6.5 kW
Cell efficiency: 0.271, Output efficiency: 0.255
mdot_h2: 18.76 g/s
Reynolds_number: 6,709,346
Stack prop output power: 467 kW, Pcomp: 4.1 kW
Cell efficiency: 0.305, Output efficiency: 0.287
mdot_h2: 10.94 g/s
Reynolds_number: 6,709,346
Stack prop output power: 710 kW, Pcomp: 6.2 kW
Cell efficiency: 0.305, Output efficiency: 0.287
mdot_h2: 16.65 g/s
Reynolds_number: 6,709,346
Stack prop output power: 712 kW, Pcomp: 6.2 kW
Cell efficiency: 0.305, Output efficiency: 0.287
mdot_h2: 16.70 g/s
Reynolds_number: 7,577,968
Stack prop output power: 254 kW, Pcomp: 15.6 kW
Cell efficiency: 0.296, Output efficiency: 0.265
mdot_h2: 6.46 g/s
Reynolds_number: 7,577,968
Stack prop output power: 337 kW, Pcomp: 20.8 kW
Cell efficiency: 0.296, Output efficiency: 0.265
mdot_h2: 8.59 g/s
Reynolds_number: 7,577,968
Stack prop output power: 343 kW, Pcomp: 21.1 kW
Cell efficiency: 0.296, Output efficiency: 0.265
mdot_h2: 8.72 g/s
Fuel-cell system mass representative phase: takeoff (P_fc_sys=1424.785 kW).

-----------------------
ptotal_climb: 1,893 kW, mtom_est: 8,369 kg, mtom: 7,628 kg, residual: +741.67 kg

MTOM update: newton_prebracket, relax=1.000 -> mtom_next=10,297.12 kg

======================================================
======================= ITER 5 =======================
Reynolds_number: 7,577,968
Stack prop output power: 343 kW, Pcomp: 21.1 kW
Cell efficiency: 0.296, Output efficiency: 0.265
mdot_h2: 8.73 g/s
Reynolds_number: 7,577,968
Stack prop output power: 456 kW, Pcomp: 28.1 kW
Cell efficiency: 0.296, Output efficiency: 0.265
mdot_h2: 11.59 g/s
Reynolds_number: 7,577,968
Stack prop output power: 463 kW, Pcomp: 28.5 kW
Cell efficiency: 0.296, Output efficiency: 0.265
mdot_h2: 11.77 g/s
Reynolds_number: 6,289,713
Stack prop output power: 274 kW, Pcomp: 16.9 kW
Cell efficiency: 0.295, Output efficiency: 0.264
mdot_h2: 7.01 g/s
Reynolds_number: 6,289,713
Stack prop output power: 364 kW, Pcomp: 22.4 kW
Cell efficiency: 0.295, Output efficiency: 0.264
mdot_h2: 9.31 g/s
Reynolds_number: 6,289,713
Stack prop output power: 370 kW, Pcomp: 22.8 kW
Cell efficiency: 0.295, Output efficiency: 0.264
mdot_h2: 9.45 g/s
Reynolds_number: 7,577,968
Stack prop output power: 629 kW, Pcomp: 5.7 kW
Cell efficiency: 0.271, Output efficiency: 0.255
mdot_h2: 16.59 g/s
Reynolds_number: 7,577,968
Stack prop output power: 957 kW, Pcomp: 8.7 kW
Cell efficiency: 0.271, Output efficiency: 0.255
mdot_h2: 25.25 g/s
Reynolds_number: 7,577,968
Stack prop output power: 960 kW, Pcomp: 8.7 kW
Cell efficiency: 0.271, Output efficiency: 0.255
mdot_h2: 25.33 g/s
Reynolds_number: 6,709,346
Stack prop output power: 630 kW, Pcomp: 5.5 kW
Cell efficiency: 0.305, Output efficiency: 0.287
mdot_h2: 14.77 g/s
Reynolds_number: 6,709,346
Stack prop output power: 959 kW, Pcomp: 8.4 kW
Cell efficiency: 0.305, Output efficiency: 0.287
mdot_h2: 22.48 g/s
Reynolds_number: 6,709,346
Stack prop output power: 962 kW, Pcomp: 8.4 kW
Cell efficiency: 0.305, Output efficiency: 0.287
mdot_h2: 22.55 g/s
Reynolds_number: 7,577,968
Stack prop output power: 343 kW, Pcomp: 21.1 kW
Cell efficiency: 0.296, Output efficiency: 0.265
mdot_h2: 8.73 g/s
Reynolds_number: 7,577,968
Stack prop output power: 456 kW, Pcomp: 28.1 kW
Cell efficiency: 0.296, Output efficiency: 0.265
mdot_h2: 11.59 g/s
Reynolds_number: 7,577,968
Stack prop output power: 463 kW, Pcomp: 28.5 kW
Cell efficiency: 0.296, Output efficiency: 0.265
mdot_h2: 11.77 g/s
Fuel-cell system mass representative phase: takeoff (P_fc_sys=1923.460 kW).

-----------------------
ptotal_climb: 2,555 kW, mtom_est: 10,332 kg, mtom: 10,297 kg, residual: +35.01 kg

MTOM update: newton_prebracket, relax=1.000 -> mtom_next=10,429.39 kg

======================================================
======================= ITER 6 =======================
Reynolds_number: 7,577,968
Stack prop output power: 463 kW, Pcomp: 28.5 kW
Cell efficiency: 0.296, Output efficiency: 0.265
mdot_h2: 11.78 g/s
Reynolds_number: 7,577,968
Stack prop output power: 469 kW, Pcomp: 28.9 kW
Cell efficiency: 0.296, Output efficiency: 0.265
mdot_h2: 11.92 g/s
Reynolds_number: 6,289,713
Stack prop output power: 370 kW, Pcomp: 22.8 kW
Cell efficiency: 0.295, Output efficiency: 0.264
mdot_h2: 9.46 g/s
Reynolds_number: 6,289,713
Stack prop output power: 375 kW, Pcomp: 23.1 kW
Cell efficiency: 0.295, Output efficiency: 0.264
mdot_h2: 9.57 g/s
Reynolds_number: 7,577,968
Stack prop output power: 956 kW, Pcomp: 8.7 kW
Cell efficiency: 0.271, Output efficiency: 0.255
mdot_h2: 25.22 g/s
Reynolds_number: 7,577,968
Stack prop output power: 973 kW, Pcomp: 8.8 kW
Cell efficiency: 0.271, Output efficiency: 0.255
mdot_h2: 25.65 g/s
Reynolds_number: 6,709,346
Stack prop output power: 958 kW, Pcomp: 8.3 kW
Cell efficiency: 0.305, Output efficiency: 0.287
mdot_h2: 22.46 g/s
Reynolds_number: 6,709,346
Stack prop output power: 974 kW, Pcomp: 8.5 kW
Cell efficiency: 0.305, Output efficiency: 0.287
mdot_h2: 22.84 g/s
Reynolds_number: 7,577,968
Stack prop output power: 463 kW, Pcomp: 28.5 kW
Cell efficiency: 0.296, Output efficiency: 0.265
mdot_h2: 11.78 g/s
Reynolds_number: 7,577,968
Stack prop output power: 469 kW, Pcomp: 28.9 kW
Cell efficiency: 0.296, Output efficiency: 0.265
mdot_h2: 11.92 g/s
Fuel-cell system mass representative phase: takeoff (P_fc_sys=1948.164 kW).

-----------------------
ptotal_climb: 2,588 kW, mtom_est: 10,430 kg, mtom: 10,429 kg, residual: +0.64 kg


CONVERGED

CONVERGED STATE [MTOM iteration 6]
  MTOM=10,430 kg | Wing loading=225.63 kg/m^2 | P/W(climb)=248.14 W/kg
  Phase power: climb=2,588.1 kW | cruise=937.8 kW | loiter=750.2 kW | takeoff=2,591.9 kW | cruise+charger=937.8 kW
  Power split (climb): FC=1,927.8 kW | Battery=642.6 kW | Compressor=17.7 kW | Cooling=865.1 kW | H2=51.302 g/s
  Compressor max across phases: 57.7 kW (cruise)
  FC representative phase (mass sizing): takeoff (1,948.2 kW)
  Mass summary: MTOM=10,430 kg | Powertrain=3,701 kg | Tank=1,024.7 kg | Fuel=455.4 kg | Battery=438.9 kg | Nacelle power density=0.62 kW/kg
  Geometry: Main wing area=46.23 m^2 | Horizontal tail area=6.740 m^2 | Horizontal tail location=15.790 m | Vertical tail area=6.906 m^2 | Vertical tail location=15.114 m
  Config: wing loading input=225.61 kg/m^2 | P/W TO/Cl/Cr/Lo=0.18089/0.18058/0.06135/0.04908 kW/kg

=============================================================
========================= CONVERGED =========================
=============================================================
Constraint sizing: ENABLED (min_combined_pw)
Input W/S: 225.61 kg/m^2 (2,212.5 Pa)
Input P/W [kW/kg]: takeoff 0.18089, climb 0.18058, cruise 0.06135, loiter 0.04908
Converged P/W [kW/kg]: takeoff 0.24850, climb 0.24814, cruise 0.08991, loiter 0.07193
-------------------------------------------------------------

# Mission Time
Climb time: 8.83 min (0.15 h)
Cruise time: 284.30 min (4.74 h)
Total flight time: 315.13 min (5.25 h)

# Phase Power Breakdown
Phase      Time[min]     Total[kW]    FC Stack[kW]   Battery[kW]   Compressor[kW]   Cooling[kW]   mdot_H2[g/s]
--------------------------------------------------------------------------------------------------------------
ready           0.00         129.4           129.4           0.0              0.0           0.0         0.0
taxi            5.00         258.8           258.8           0.0              0.0           0.0         5.1
takeoff         1.00       2,591.9         1,931.2         643.7             17.0         737.1        45.7
climb           8.83       2,588.1         1,927.8         642.6             17.7         865.1        51.3
cruise        284.30         937.8           880.0           0.0             57.7         389.7        23.8
loiter         15.00         750.2           704.0           0.0             46.2         313.5        19.1
landing         1.00           0.0             0.0           0.0              0.0           0.0         0.0

Pcomp_max (solved phases): 57.7 kW (cruise)
Pnet (climb): 2,337 kW
Pelectricnet (climb): 2,570 kW
eta_pt: 0.9031

# Geometry
Main Wing Area: 46.23 m^2
Wingspan: 20.40 m
Fuselage Length: 18.14 m
Hydrogen Tank Length: 9.13 m
Horizontal Tail Area: 6.74 m^2
Vertical Tail Area: 6.91 m^2
Horizontal Tail span: 5.51 m
Vertical Tail span: 3.62 m
Horizontal Tail X_Position: 15.79 m
Vertical Tail X_Position: 15.11 m

# Single Nacelle (1/2)
Stack(1/2): 522 kg, Compressor: 29 kg, Humidifier: 157 kg, HX: 859 kg
Fuelcell System(FCS; Stack+Compressor+Humidifier+Hx): 1,568 kg
Representative FC phase: takeoff
Specific Power of Fuelcell System: 0.621 kW/kg
Stack dimension: dX=0.360 m, dY=0.402 m, dZ=0.402 m
Heat Exchanger dimension: dX=2.232 m, dY=2.232 m, dZ=0.192 m

# ALL Nacelles
FCS_total: 3,136 kg
PMAD: 224 kg
Motors: 341 kg

# Total Mass Breakdown
-----------------------
Powertrain (FCS_total+PMAD+Motors): 3,701 kg
-----------------------
Main Wing: 849 kg
Horizontal Tail: 59 kg
Vertical Tail: 95 kg
Fuselage: 547 kg
Landing gear(main): 243 kg
Landing gear(nose): 65 kg
Flight Control System: 366 kg
Electric System: 300 kg
Instruments: 141 kg
Hydraulics: 125 kg
Furnishing: 520 kg
-----------------------
Operating Empty Mass(OEM): 3,310 kg
-----------------------
Hydrogen Tank: 1,025 kg
Hydrogen Fuel: 455.4 kg
Battery: 438.9 kg
-----------------------
Payload: 1,500 kg
-----------------------
Maximum Takeoff Mass(MTOM): 10,430 kg
-----------------------

Wing loading (MTOM/S_wing): 225.63 kg/m^2
Power-to-weight (maxPow/MTOM): 248.14 W/kg

mdot_H2(cruise): 23.8 g/s
Hydrogen Tank Volume: 19.5 m^3
========================== END ==============================


=============================================================
Execution time: 84.1 seconds
=============================================================
