Auto-widening W/S scan window for min_combined_pw: 1900.0..2600.0 -> 1725.0..2775.0 Pa (factor 1.500, lower_hit=True, upper_hit=False, min_on_edge=False).
Auto-widening W/S scan window for min_combined_pw: 1725.0..2775.0 -> 1462.5..3037.5 Pa (factor 1.500, lower_hit=True, upper_hit=False, min_on_edge=False).
ADRpy constraint sizing (min_combined_pw): W/S=2212.5 Pa (225.61 kg/m^2), P/W_TO=0.18089 kW/kg, P/W_climb=0.18063 kW/kg, P/W_cruise=0.10673 kW/kg
Curve minimum (combined/combined): W/S=2212.5 Pa (225.61 kg/m^2), P/W=0.18089 kW/kg
Curve minimum (takeoff/take-off): W/S=1462.5 Pa (149.13 kg/m^2), P/W=0.10196 kW/kg
Curve minimum (climb/climb): W/S=2312.5 Pa (235.81 kg/m^2), P/W=0.17940 kW/kg
Curve minimum (cruise/cruise): W/S=2312.5 Pa (235.81 kg/m^2), P/W=0.10402 kW/kg
======================================================
======================= ITER 1 =======================
Reynolds_number: 10,580,558
Stack prop output power: 500 kW, Pcomp: 30.8 kW
Cell efficiency: 0.299, Output efficiency: 0.267
mdot_h2: 12.59 g/s
Reynolds_number: 10,580,558
Stack prop output power: 398 kW, Pcomp: 24.5 kW
Cell efficiency: 0.299, Output efficiency: 0.267
mdot_h2: 10.02 g/s
Reynolds_number: 10,580,558
Stack prop output power: 392 kW, Pcomp: 24.1 kW
Cell efficiency: 0.299, Output efficiency: 0.267
mdot_h2: 9.86 g/s
Reynolds_number: 8,781,864
Stack prop output power: 500 kW, Pcomp: 30.8 kW
Cell efficiency: 0.297, Output efficiency: 0.266
mdot_h2: 12.67 g/s
Reynolds_number: 8,781,864
Stack prop output power: 324 kW, Pcomp: 20.0 kW
Cell efficiency: 0.297, Output efficiency: 0.266
mdot_h2: 8.22 g/s
Reynolds_number: 8,781,864
Stack prop output power: 314 kW, Pcomp: 19.3 kW
Cell efficiency: 0.297, Output efficiency: 0.266
mdot_h2: 7.95 g/s
Reynolds_number: 8,781,864
Stack prop output power: 313 kW, Pcomp: 19.3 kW
Cell efficiency: 0.297, Output efficiency: 0.266
mdot_h2: 7.93 g/s
Reynolds_number: 10,580,558
Stack prop output power: 346 kW, Pcomp: 3.1 kW
Cell efficiency: 0.275, Output efficiency: 0.259
mdot_h2: 9.00 g/s
Reynolds_number: 10,580,558
Stack prop output power: 465 kW, Pcomp: 4.2 kW
Cell efficiency: 0.275, Output efficiency: 0.259
mdot_h2: 12.10 g/s
Reynolds_number: 10,580,558
Stack prop output power: 466 kW, Pcomp: 4.2 kW
Cell efficiency: 0.275, Output efficiency: 0.259
mdot_h2: 12.13 g/s
Reynolds_number: 6,709,346
Stack prop output power: 346 kW, Pcomp: 3.0 kW
Cell efficiency: 0.305, Output efficiency: 0.287
mdot_h2: 8.11 g/s
Reynolds_number: 6,709,346
Stack prop output power: 466 kW, Pcomp: 4.1 kW
Cell efficiency: 0.305, Output efficiency: 0.287
mdot_h2: 10.93 g/s
Reynolds_number: 6,709,346
Stack prop output power: 467 kW, Pcomp: 4.1 kW
Cell efficiency: 0.305, Output efficiency: 0.287
mdot_h2: 10.95 g/s
Reynolds_number: 10,580,558
Stack prop output power: 500 kW, Pcomp: 30.8 kW
Cell efficiency: 0.299, Output efficiency: 0.267
mdot_h2: 12.59 g/s
Reynolds_number: 10,580,558
Stack prop output power: 398 kW, Pcomp: 24.5 kW
Cell efficiency: 0.299, Output efficiency: 0.267
mdot_h2: 10.02 g/s
Reynolds_number: 10,580,558
Stack prop output power: 392 kW, Pcomp: 24.1 kW
Cell efficiency: 0.299, Output efficiency: 0.267
mdot_h2: 9.86 g/s
Fuel-cell system mass representative phase: takeoff (P_fc_sys=933.979 kW).

-----------------------
ptotal_climb: 1,241 kW, mtom_est: 6,540 kg, mtom: 5,000 kg, residual: +1,539.55 kg

MTOM update: initial_bracket_probe_1, relax=1.000 -> mtom_next=5,325.00 kg

======================================================
======================= ITER 2 =======================
Reynolds_number: 10,580,558
Stack prop output power: 391 kW, Pcomp: 24.1 kW
Cell efficiency: 0.299, Output efficiency: 0.267
mdot_h2: 9.85 g/s
Reynolds_number: 10,580,558
Stack prop output power: 415 kW, Pcomp: 25.6 kW
Cell efficiency: 0.299, Output efficiency: 0.267
mdot_h2: 10.45 g/s
Reynolds_number: 10,580,558
Stack prop output power: 416 kW, Pcomp: 25.7 kW
Cell efficiency: 0.299, Output efficiency: 0.267
mdot_h2: 10.48 g/s
Reynolds_number: 8,781,864
Stack prop output power: 313 kW, Pcomp: 19.3 kW
Cell efficiency: 0.297, Output efficiency: 0.266
mdot_h2: 7.93 g/s
Reynolds_number: 8,781,864
Stack prop output power: 332 kW, Pcomp: 20.5 kW
Cell efficiency: 0.297, Output efficiency: 0.266
mdot_h2: 8.41 g/s
Reynolds_number: 8,781,864
Stack prop output power: 333 kW, Pcomp: 20.5 kW
Cell efficiency: 0.297, Output efficiency: 0.266
mdot_h2: 8.44 g/s
Reynolds_number: 10,580,558
Stack prop output power: 456 kW, Pcomp: 4.1 kW
Cell efficiency: 0.275, Output efficiency: 0.259
mdot_h2: 11.87 g/s
Reynolds_number: 10,580,558
Stack prop output power: 496 kW, Pcomp: 4.5 kW
Cell efficiency: 0.275, Output efficiency: 0.259
mdot_h2: 12.91 g/s
Reynolds_number: 6,709,346
Stack prop output power: 457 kW, Pcomp: 4.0 kW
Cell efficiency: 0.305, Output efficiency: 0.287
mdot_h2: 10.72 g/s
Reynolds_number: 6,709,346
Stack prop output power: 497 kW, Pcomp: 4.3 kW
Cell efficiency: 0.305, Output efficiency: 0.287
mdot_h2: 11.65 g/s
Reynolds_number: 10,580,558
Stack prop output power: 391 kW, Pcomp: 24.1 kW
Cell efficiency: 0.299, Output efficiency: 0.267
mdot_h2: 9.85 g/s
Reynolds_number: 10,580,558
Stack prop output power: 415 kW, Pcomp: 25.6 kW
Cell efficiency: 0.299, Output efficiency: 0.267
mdot_h2: 10.45 g/s
Reynolds_number: 10,580,558
Stack prop output power: 416 kW, Pcomp: 25.7 kW
Cell efficiency: 0.299, Output efficiency: 0.267
mdot_h2: 10.48 g/s
Fuel-cell system mass representative phase: takeoff (P_fc_sys=994.682 kW).

-----------------------
ptotal_climb: 1,322 kW, mtom_est: 6,775 kg, mtom: 5,325 kg, residual: +1,450.09 kg

MTOM update: initial_bracket_probe_2, relax=1.000 -> mtom_next=5,650.00 kg

======================================================
======================= ITER 3 =======================
Reynolds_number: 10,580,558
Stack prop output power: 417 kW, Pcomp: 25.7 kW
Cell efficiency: 0.299, Output efficiency: 0.267
mdot_h2: 10.49 g/s
Reynolds_number: 10,580,558
Stack prop output power: 440 kW, Pcomp: 27.2 kW
Cell efficiency: 0.299, Output efficiency: 0.267
mdot_h2: 11.09 g/s
Reynolds_number: 10,580,558
Stack prop output power: 442 kW, Pcomp: 27.3 kW
Cell efficiency: 0.299, Output efficiency: 0.267
mdot_h2: 11.12 g/s
Reynolds_number: 8,781,864
Stack prop output power: 333 kW, Pcomp: 20.5 kW
Cell efficiency: 0.297, Output efficiency: 0.266
mdot_h2: 8.45 g/s
Reynolds_number: 8,781,864
Stack prop output power: 352 kW, Pcomp: 21.7 kW
Cell efficiency: 0.297, Output efficiency: 0.266
mdot_h2: 8.93 g/s
Reynolds_number: 8,781,864
Stack prop output power: 353 kW, Pcomp: 21.8 kW
Cell efficiency: 0.297, Output efficiency: 0.266
mdot_h2: 8.96 g/s
Reynolds_number: 10,580,558
Stack prop output power: 487 kW, Pcomp: 4.4 kW
Cell efficiency: 0.275, Output efficiency: 0.259
mdot_h2: 12.66 g/s
Reynolds_number: 10,580,558
Stack prop output power: 527 kW, Pcomp: 4.8 kW
Cell efficiency: 0.275, Output efficiency: 0.259
mdot_h2: 13.70 g/s
Reynolds_number: 6,709,346
Stack prop output power: 487 kW, Pcomp: 4.2 kW
Cell efficiency: 0.305, Output efficiency: 0.287
mdot_h2: 11.43 g/s
Reynolds_number: 6,709,346
Stack prop output power: 527 kW, Pcomp: 4.6 kW
Cell efficiency: 0.305, Output efficiency: 0.287
mdot_h2: 12.37 g/s
Reynolds_number: 10,580,558
Stack prop output power: 417 kW, Pcomp: 25.7 kW
Cell efficiency: 0.299, Output efficiency: 0.267
mdot_h2: 10.49 g/s
Reynolds_number: 10,580,558
Stack prop output power: 440 kW, Pcomp: 27.2 kW
Cell efficiency: 0.299, Output efficiency: 0.267
mdot_h2: 11.09 g/s
Reynolds_number: 10,580,558
Stack prop output power: 442 kW, Pcomp: 27.3 kW
Cell efficiency: 0.299, Output efficiency: 0.267
mdot_h2: 11.12 g/s
Fuel-cell system mass representative phase: takeoff (P_fc_sys=1055.390 kW).

-----------------------
ptotal_climb: 1,402 kW, mtom_est: 7,014 kg, mtom: 5,650 kg, residual: +1,363.54 kg

MTOM update: newton_prebracket, relax=1.000 -> mtom_next=7,627.50 kg

======================================================
======================= ITER 4 =======================
Reynolds_number: 10,580,558
Stack prop output power: 442 kW, Pcomp: 27.3 kW
Cell efficiency: 0.299, Output efficiency: 0.267
mdot_h2: 11.13 g/s
Reynolds_number: 10,580,558
Stack prop output power: 587 kW, Pcomp: 36.2 kW
Cell efficiency: 0.299, Output efficiency: 0.267
mdot_h2: 14.78 g/s
Reynolds_number: 10,580,558
Stack prop output power: 596 kW, Pcomp: 36.8 kW
Cell efficiency: 0.299, Output efficiency: 0.267
mdot_h2: 15.01 g/s
Reynolds_number: 10,580,558
Stack prop output power: 597 kW, Pcomp: 36.8 kW
Cell efficiency: 0.299, Output efficiency: 0.267
mdot_h2: 15.02 g/s
Reynolds_number: 8,781,864
Stack prop output power: 354 kW, Pcomp: 21.8 kW
Cell efficiency: 0.297, Output efficiency: 0.266
mdot_h2: 8.96 g/s
Reynolds_number: 8,781,864
Stack prop output power: 470 kW, Pcomp: 28.9 kW
Cell efficiency: 0.297, Output efficiency: 0.266
mdot_h2: 11.90 g/s
Reynolds_number: 8,781,864
Stack prop output power: 477 kW, Pcomp: 29.4 kW
Cell efficiency: 0.297, Output efficiency: 0.266
mdot_h2: 12.09 g/s
Reynolds_number: 10,580,558
Stack prop output power: 466 kW, Pcomp: 4.2 kW
Cell efficiency: 0.275, Output efficiency: 0.259
mdot_h2: 12.12 g/s
Reynolds_number: 10,580,558
Stack prop output power: 709 kW, Pcomp: 6.4 kW
Cell efficiency: 0.275, Output efficiency: 0.259
mdot_h2: 18.45 g/s
Reynolds_number: 10,580,558
Stack prop output power: 712 kW, Pcomp: 6.5 kW
Cell efficiency: 0.275, Output efficiency: 0.259
mdot_h2: 18.51 g/s
Reynolds_number: 6,709,346
Stack prop output power: 467 kW, Pcomp: 4.1 kW
Cell efficiency: 0.305, Output efficiency: 0.287
mdot_h2: 10.94 g/s
Reynolds_number: 6,709,346
Stack prop output power: 710 kW, Pcomp: 6.2 kW
Cell efficiency: 0.305, Output efficiency: 0.287
mdot_h2: 16.65 g/s
Reynolds_number: 6,709,346
Stack prop output power: 712 kW, Pcomp: 6.2 kW
Cell efficiency: 0.305, Output efficiency: 0.287
mdot_h2: 16.70 g/s
Reynolds_number: 10,580,558
Stack prop output power: 442 kW, Pcomp: 27.3 kW
Cell efficiency: 0.299, Output efficiency: 0.267
mdot_h2: 11.13 g/s
Reynolds_number: 10,580,558
Stack prop output power: 587 kW, Pcomp: 36.2 kW
Cell efficiency: 0.299, Output efficiency: 0.267
mdot_h2: 14.78 g/s
Reynolds_number: 10,580,558
Stack prop output power: 596 kW, Pcomp: 36.8 kW
Cell efficiency: 0.299, Output efficiency: 0.267
mdot_h2: 15.01 g/s
Reynolds_number: 10,580,558
Stack prop output power: 597 kW, Pcomp: 36.8 kW
Cell efficiency: 0.299, Output efficiency: 0.267
mdot_h2: 15.02 g/s
Fuel-cell system mass representative phase: takeoff (P_fc_sys=1424.785 kW).

-----------------------
ptotal_climb: 1,893 kW, mtom_est: 8,476 kg, mtom: 7,628 kg, residual: +848.01 kg

MTOM update: newton_prebracket, relax=1.000 -> mtom_next=10,297.12 kg

======================================================
======================= ITER 5 =======================
Reynolds_number: 10,580,558
Stack prop output power: 597 kW, Pcomp: 36.8 kW
Cell efficiency: 0.299, Output efficiency: 0.267
mdot_h2: 15.02 g/s
Reynolds_number: 10,580,558
Stack prop output power: 793 kW, Pcomp: 48.9 kW
Cell efficiency: 0.299, Output efficiency: 0.267
mdot_h2: 19.96 g/s
Reynolds_number: 10,580,558
Stack prop output power: 805 kW, Pcomp: 49.6 kW
Cell efficiency: 0.299, Output efficiency: 0.267
mdot_h2: 20.26 g/s
Reynolds_number: 10,580,558
Stack prop output power: 805 kW, Pcomp: 49.7 kW
Cell efficiency: 0.299, Output efficiency: 0.267
mdot_h2: 20.28 g/s
Reynolds_number: 8,781,864
Stack prop output power: 477 kW, Pcomp: 29.4 kW
Cell efficiency: 0.297, Output efficiency: 0.266
mdot_h2: 12.10 g/s
Reynolds_number: 8,781,864
Stack prop output power: 634 kW, Pcomp: 39.1 kW
Cell efficiency: 0.297, Output efficiency: 0.266
mdot_h2: 16.07 g/s
Reynolds_number: 8,781,864
Stack prop output power: 644 kW, Pcomp: 39.7 kW
Cell efficiency: 0.297, Output efficiency: 0.266
mdot_h2: 16.32 g/s
Reynolds_number: 8,781,864
Stack prop output power: 644 kW, Pcomp: 39.7 kW
Cell efficiency: 0.297, Output efficiency: 0.266
mdot_h2: 16.33 g/s
Reynolds_number: 10,580,558
Stack prop output power: 629 kW, Pcomp: 5.7 kW
Cell efficiency: 0.275, Output efficiency: 0.259
mdot_h2: 16.37 g/s
Reynolds_number: 10,580,558
Stack prop output power: 958 kW, Pcomp: 8.7 kW
Cell efficiency: 0.275, Output efficiency: 0.259
mdot_h2: 24.91 g/s
Reynolds_number: 10,580,558
Stack prop output power: 961 kW, Pcomp: 8.7 kW
Cell efficiency: 0.275, Output efficiency: 0.259
mdot_h2: 24.98 g/s
Reynolds_number: 6,709,346
Stack prop output power: 630 kW, Pcomp: 5.5 kW
Cell efficiency: 0.305, Output efficiency: 0.287
mdot_h2: 14.77 g/s
Reynolds_number: 6,709,346
Stack prop output power: 959 kW, Pcomp: 8.4 kW
Cell efficiency: 0.305, Output efficiency: 0.287
mdot_h2: 22.48 g/s
Reynolds_number: 6,709,346
Stack prop output power: 962 kW, Pcomp: 8.4 kW
Cell efficiency: 0.305, Output efficiency: 0.287
mdot_h2: 22.55 g/s
Reynolds_number: 10,580,558
Stack prop output power: 597 kW, Pcomp: 36.8 kW
Cell efficiency: 0.299, Output efficiency: 0.267
mdot_h2: 15.02 g/s
Reynolds_number: 10,580,558
Stack prop output power: 793 kW, Pcomp: 48.9 kW
Cell efficiency: 0.299, Output efficiency: 0.267
mdot_h2: 19.96 g/s
Reynolds_number: 10,580,558
Stack prop output power: 805 kW, Pcomp: 49.6 kW
Cell efficiency: 0.299, Output efficiency: 0.267
mdot_h2: 20.26 g/s
Reynolds_number: 10,580,558
Stack prop output power: 805 kW, Pcomp: 49.7 kW
Cell efficiency: 0.299, Output efficiency: 0.267
mdot_h2: 20.28 g/s
Fuel-cell system mass representative phase: takeoff (P_fc_sys=1923.460 kW).

-----------------------
ptotal_climb: 2,556 kW, mtom_est: 10,466 kg, mtom: 10,297 kg, residual: +169.37 kg

MTOM update: newton_prebracket, relax=1.000 -> mtom_next=10,963.39 kg

======================================================
======================= ITER 6 =======================
Reynolds_number: 10,580,558
Stack prop output power: 805 kW, Pcomp: 49.7 kW
Cell efficiency: 0.299, Output efficiency: 0.267
mdot_h2: 20.28 g/s
Reynolds_number: 10,580,558
Stack prop output power: 854 kW, Pcomp: 52.7 kW
Cell efficiency: 0.299, Output efficiency: 0.267
mdot_h2: 21.51 g/s
Reynolds_number: 10,580,558
Stack prop output power: 857 kW, Pcomp: 52.9 kW
Cell efficiency: 0.299, Output efficiency: 0.267
mdot_h2: 21.59 g/s
Reynolds_number: 8,781,864
Stack prop output power: 644 kW, Pcomp: 39.7 kW
Cell efficiency: 0.297, Output efficiency: 0.266
mdot_h2: 16.33 g/s
Reynolds_number: 8,781,864
Stack prop output power: 683 kW, Pcomp: 42.1 kW
Cell efficiency: 0.297, Output efficiency: 0.266
mdot_h2: 17.32 g/s
Reynolds_number: 8,781,864
Stack prop output power: 686 kW, Pcomp: 42.3 kW
Cell efficiency: 0.297, Output efficiency: 0.266
mdot_h2: 17.38 g/s
Reynolds_number: 10,580,558
Stack prop output power: 940 kW, Pcomp: 8.5 kW
Cell efficiency: 0.275, Output efficiency: 0.259
mdot_h2: 24.45 g/s
Reynolds_number: 10,580,558
Stack prop output power: 1,022 kW, Pcomp: 9.3 kW
Cell efficiency: 0.275, Output efficiency: 0.259
mdot_h2: 26.58 g/s
Reynolds_number: 10,580,558
Stack prop output power: 1,023 kW, Pcomp: 9.3 kW
Cell efficiency: 0.275, Output efficiency: 0.259
mdot_h2: 26.60 g/s
Reynolds_number: 6,709,346
Stack prop output power: 941 kW, Pcomp: 8.2 kW
Cell efficiency: 0.305, Output efficiency: 0.287
mdot_h2: 22.07 g/s
Reynolds_number: 6,709,346
Stack prop output power: 1,023 kW, Pcomp: 8.9 kW
Cell efficiency: 0.305, Output efficiency: 0.287
mdot_h2: 23.99 g/s
Reynolds_number: 6,709,346
Stack prop output power: 1,024 kW, Pcomp: 8.9 kW
Cell efficiency: 0.305, Output efficiency: 0.287
mdot_h2: 24.01 g/s
Reynolds_number: 10,580,558
Stack prop output power: 805 kW, Pcomp: 49.7 kW
Cell efficiency: 0.299, Output efficiency: 0.267
mdot_h2: 20.28 g/s
Reynolds_number: 10,580,558
Stack prop output power: 854 kW, Pcomp: 52.7 kW
Cell efficiency: 0.299, Output efficiency: 0.267
mdot_h2: 21.51 g/s
Reynolds_number: 10,580,558
Stack prop output power: 857 kW, Pcomp: 52.9 kW
Cell efficiency: 0.299, Output efficiency: 0.267
mdot_h2: 21.59 g/s
Fuel-cell system mass representative phase: takeoff (P_fc_sys=2047.916 kW).

-----------------------
ptotal_climb: 2,721 kW, mtom_est: 10,967 kg, mtom: 10,963 kg, residual: +3.67 kg


CONVERGED

CONVERGED STATE [MTOM iteration 6]
  MTOM=10,967 kg | Wing loading=225.69 kg/m^2 | P/W(climb)=248.14 W/kg
  Phase power: climb=2,721.3 kW | cruise=1,715.1 kW | loiter=1,372.0 kW | takeoff=2,724.6 kW | cruise+charger=1,715.1 kW
  Power split (climb): FC=2,027.1 kW | Battery=675.7 kW | Compressor=18.5 kW | Cooling=892.7 kW | H2=53.202 g/s
  Compressor max across phases: 105.8 kW (cruise)
  FC representative phase (mass sizing): takeoff (2,047.9 kW)
  Mass summary: MTOM=10,967 kg | Powertrain=3,891 kg | Tank=1,097.5 kg | Fuel=487.8 kg | Battery=461.5 kg | Nacelle power density=0.62 kW/kg
  Geometry: Main wing area=48.59 m^2 | Horizontal tail area=6.977 m^2 | Horizontal tail location=16.407 m | Vertical tail area=7.147 m^2 | Vertical tail location=15.716 m
  Config: wing loading input=225.61 kg/m^2 | P/W TO/Cl/Cr/Lo=0.18089/0.18063/0.10673/0.08538 kW/kg

=============================================================
========================= CONVERGED =========================
=============================================================
Constraint sizing: ENABLED (min_combined_pw)
Input W/S: 225.61 kg/m^2 (2,212.5 Pa)
Input P/W [kW/kg]: takeoff 0.18089, climb 0.18063, cruise 0.10673, loiter 0.08538
Converged P/W [kW/kg]: takeoff 0.24844, climb 0.24814, cruise 0.15639, loiter 0.12510
-------------------------------------------------------------

# Mission Time
Climb time: 8.83 min (0.15 h)
Cruise time: 163.60 min (2.73 h)
Total flight time: 194.43 min (3.24 h)

# Phase Power Breakdown
Phase      Time[min]     Total[kW]    FC Stack[kW]   Battery[kW]   Compressor[kW]   Cooling[kW]   mdot_H2[g/s]
--------------------------------------------------------------------------------------------------------------
ready           0.00         136.1           136.1           0.0              0.0           0.0         0.0
taxi            5.00         272.1           272.1           0.0              0.0           0.0         5.3
takeoff         1.00       2,724.6         2,030.1         676.7             17.8         774.9        48.0
climb           8.83       2,721.3         2,027.1         675.7             18.5         892.7        53.2
cruise        163.60       1,715.1         1,609.4           0.0            105.8         702.3        43.2
loiter         15.00       1,372.0         1,287.5           0.0             84.5         567.2        34.8
landing         1.00           0.0             0.0           0.0              0.0           0.0         0.0

Pcomp_max (solved phases): 105.8 kW (cruise)
Pnet (climb): 2,458 kW
Pelectricnet (climb): 2,703 kW
eta_pt: 0.9031

# Geometry
Main Wing Area: 48.59 m^2
Wingspan: 20.91 m
Fuselage Length: 18.79 m
Hydrogen Tank Length: 9.78 m
Horizontal Tail Area: 6.98 m^2
Vertical Tail Area: 7.15 m^2
Horizontal Tail span: 5.60 m
Vertical Tail span: 3.68 m
Horizontal Tail X_Position: 16.41 m
Vertical Tail X_Position: 15.72 m

# Single Nacelle (1/2)
Stack(1/2): 549 kg, Compressor: 31 kg, Humidifier: 165 kg, HX: 903 kg
Fuelcell System(FCS; Stack+Compressor+Humidifier+Hx): 1,649 kg
Representative FC phase: takeoff
Specific Power of Fuelcell System: 0.621 kW/kg
Stack dimension: dX=0.360 m, dY=0.412 m, dZ=0.412 m
Heat Exchanger dimension: dX=2.289 m, dY=2.289 m, dZ=0.192 m

# ALL Nacelles
FCS_total: 3,298 kg
PMAD: 234 kg
Motors: 359 kg

# Total Mass Breakdown
-----------------------
Powertrain (FCS_total+PMAD+Motors): 3,891 kg
-----------------------
Main Wing: 907 kg
Horizontal Tail: 63 kg
Vertical Tail: 99 kg
Fuselage: 673 kg
Landing gear(main): 243 kg
Landing gear(nose): 65 kg
Flight Control System: 366 kg
Electric System: 300 kg
Instruments: 148 kg
Hydraulics: 132 kg
Furnishing: 535 kg
-----------------------
Operating Empty Mass(OEM): 3,529 kg
-----------------------
Hydrogen Tank: 1,097 kg
Hydrogen Fuel: 487.8 kg
Battery: 461.5 kg
-----------------------
Payload: 1,500 kg
-----------------------
Maximum Takeoff Mass(MTOM): 10,967 kg
-----------------------

Wing loading (MTOM/S_wing): 225.69 kg/m^2
Power-to-weight (maxPow/MTOM): 248.14 W/kg

mdot_H2(cruise): 43.2 g/s
Hydrogen Tank Volume: 20.9 m^3
========================== END ==============================


=============================================================
Execution time: 93.6 seconds
=============================================================
