Auto-widening W/S scan window for min_combined_pw: 1900.0..2600.0 -> 1725.0..2775.0 Pa (factor 1.500, lower_hit=True, upper_hit=False, min_on_edge=False).
Auto-widening W/S scan window for min_combined_pw: 1725.0..2775.0 -> 1462.5..3037.5 Pa (factor 1.500, lower_hit=True, upper_hit=False, min_on_edge=False).
ADRpy constraint sizing (min_combined_pw): W/S=2212.5 Pa (225.61 kg/m^2), P/W_TO=0.18089 kW/kg, P/W_climb=0.18132 kW/kg, P/W_cruise=0.14641 kW/kg
Curve minimum (combined/combined): W/S=2212.5 Pa (225.61 kg/m^2), P/W=0.18132 kW/kg
Curve minimum (takeoff/take-off): W/S=1462.5 Pa (149.13 kg/m^2), P/W=0.10196 kW/kg
Curve minimum (climb/climb): W/S=2312.5 Pa (235.81 kg/m^2), P/W=0.18016 kW/kg
Curve minimum (cruise/cruise): W/S=2312.5 Pa (235.81 kg/m^2), P/W=0.14175 kW/kg
======================================================
======================= ITER 1 =======================
Reynolds_number: 12,105,684
Stack prop output power: 500 kW, Pcomp: 30.9 kW
Cell efficiency: 0.301, Output efficiency: 0.269
mdot_h2: 12.51 g/s
Reynolds_number: 12,105,684
Stack prop output power: 534 kW, Pcomp: 33.0 kW
Cell efficiency: 0.301, Output efficiency: 0.269
mdot_h2: 13.37 g/s
Reynolds_number: 12,105,684
Stack prop output power: 536 kW, Pcomp: 33.1 kW
Cell efficiency: 0.301, Output efficiency: 0.269
mdot_h2: 13.42 g/s
Reynolds_number: 10,047,718
Stack prop output power: 500 kW, Pcomp: 30.8 kW
Cell efficiency: 0.298, Output efficiency: 0.267
mdot_h2: 12.62 g/s
Reynolds_number: 10,047,718
Stack prop output power: 434 kW, Pcomp: 26.7 kW
Cell efficiency: 0.298, Output efficiency: 0.267
mdot_h2: 10.94 g/s
Reynolds_number: 10,047,718
Stack prop output power: 429 kW, Pcomp: 26.5 kW
Cell efficiency: 0.298, Output efficiency: 0.267
mdot_h2: 10.84 g/s
Reynolds_number: 12,105,684
Stack prop output power: 345 kW, Pcomp: 3.1 kW
Cell efficiency: 0.277, Output efficiency: 0.261
mdot_h2: 8.90 g/s
Reynolds_number: 12,105,684
Stack prop output power: 467 kW, Pcomp: 4.2 kW
Cell efficiency: 0.277, Output efficiency: 0.261
mdot_h2: 12.04 g/s
Reynolds_number: 12,105,684
Stack prop output power: 468 kW, Pcomp: 4.2 kW
Cell efficiency: 0.277, Output efficiency: 0.261
mdot_h2: 12.07 g/s
Reynolds_number: 6,709,346
Stack prop output power: 346 kW, Pcomp: 3.0 kW
Cell efficiency: 0.305, Output efficiency: 0.287
mdot_h2: 8.11 g/s
Reynolds_number: 6,709,346
Stack prop output power: 466 kW, Pcomp: 4.1 kW
Cell efficiency: 0.305, Output efficiency: 0.287
mdot_h2: 10.93 g/s
Reynolds_number: 6,709,346
Stack prop output power: 467 kW, Pcomp: 4.1 kW
Cell efficiency: 0.305, Output efficiency: 0.287
mdot_h2: 10.95 g/s
Reynolds_number: 12,105,684
Stack prop output power: 500 kW, Pcomp: 30.9 kW
Cell efficiency: 0.301, Output efficiency: 0.269
mdot_h2: 12.51 g/s
Reynolds_number: 12,105,684
Stack prop output power: 534 kW, Pcomp: 33.0 kW
Cell efficiency: 0.301, Output efficiency: 0.269
mdot_h2: 13.37 g/s
Reynolds_number: 12,105,684
Stack prop output power: 536 kW, Pcomp: 33.1 kW
Cell efficiency: 0.301, Output efficiency: 0.269
mdot_h2: 13.42 g/s
Fuel-cell system mass representative phase: cruise (P_fc_sys=1073.138 kW).

-----------------------
ptotal_climb: 1,246 kW, mtom_est: 6,751 kg, mtom: 5,000 kg, residual: +1,751.39 kg

MTOM update: initial_bracket_probe_1, relax=1.000 -> mtom_next=5,325.00 kg

======================================================
======================= ITER 2 =======================
Reynolds_number: 12,105,684
Stack prop output power: 537 kW, Pcomp: 33.1 kW
Cell efficiency: 0.301, Output efficiency: 0.269
mdot_h2: 13.43 g/s
Reynolds_number: 12,105,684
Stack prop output power: 569 kW, Pcomp: 35.2 kW
Cell efficiency: 0.301, Output efficiency: 0.269
mdot_h2: 14.24 g/s
Reynolds_number: 12,105,684
Stack prop output power: 571 kW, Pcomp: 35.3 kW
Cell efficiency: 0.301, Output efficiency: 0.269
mdot_h2: 14.30 g/s
Reynolds_number: 10,047,718
Stack prop output power: 429 kW, Pcomp: 26.5 kW
Cell efficiency: 0.298, Output efficiency: 0.267
mdot_h2: 10.83 g/s
Reynolds_number: 10,047,718
Stack prop output power: 455 kW, Pcomp: 28.1 kW
Cell efficiency: 0.298, Output efficiency: 0.267
mdot_h2: 11.49 g/s
Reynolds_number: 10,047,718
Stack prop output power: 457 kW, Pcomp: 28.2 kW
Cell efficiency: 0.298, Output efficiency: 0.267
mdot_h2: 11.53 g/s
Reynolds_number: 12,105,684
Stack prop output power: 458 kW, Pcomp: 4.1 kW
Cell efficiency: 0.277, Output efficiency: 0.261
mdot_h2: 11.81 g/s
Reynolds_number: 12,105,684
Stack prop output power: 498 kW, Pcomp: 4.5 kW
Cell efficiency: 0.277, Output efficiency: 0.261
mdot_h2: 12.85 g/s
Reynolds_number: 6,709,346
Stack prop output power: 457 kW, Pcomp: 4.0 kW
Cell efficiency: 0.305, Output efficiency: 0.287
mdot_h2: 10.72 g/s
Reynolds_number: 6,709,346
Stack prop output power: 497 kW, Pcomp: 4.3 kW
Cell efficiency: 0.305, Output efficiency: 0.287
mdot_h2: 11.65 g/s
Reynolds_number: 12,105,684
Stack prop output power: 537 kW, Pcomp: 33.1 kW
Cell efficiency: 0.301, Output efficiency: 0.269
mdot_h2: 13.43 g/s
Reynolds_number: 12,105,684
Stack prop output power: 569 kW, Pcomp: 35.2 kW
Cell efficiency: 0.301, Output efficiency: 0.269
mdot_h2: 14.24 g/s
Reynolds_number: 12,105,684
Stack prop output power: 571 kW, Pcomp: 35.3 kW
Cell efficiency: 0.301, Output efficiency: 0.269
mdot_h2: 14.30 g/s
Fuel-cell system mass representative phase: cruise (P_fc_sys=1142.894 kW).

-----------------------
ptotal_climb: 1,327 kW, mtom_est: 7,006 kg, mtom: 5,325 kg, residual: +1,680.62 kg

MTOM update: initial_bracket_probe_2, relax=1.000 -> mtom_next=5,650.00 kg

======================================================
======================= ITER 3 =======================
Reynolds_number: 12,105,684
Stack prop output power: 571 kW, Pcomp: 35.3 kW
Cell efficiency: 0.301, Output efficiency: 0.269
mdot_h2: 14.30 g/s
Reynolds_number: 12,105,684
Stack prop output power: 604 kW, Pcomp: 37.3 kW
Cell efficiency: 0.301, Output efficiency: 0.269
mdot_h2: 15.12 g/s
Reynolds_number: 12,105,684
Stack prop output power: 606 kW, Pcomp: 37.4 kW
Cell efficiency: 0.301, Output efficiency: 0.269
mdot_h2: 15.17 g/s
Reynolds_number: 10,047,718
Stack prop output power: 457 kW, Pcomp: 28.2 kW
Cell efficiency: 0.298, Output efficiency: 0.267
mdot_h2: 11.53 g/s
Reynolds_number: 10,047,718
Stack prop output power: 483 kW, Pcomp: 29.8 kW
Cell efficiency: 0.298, Output efficiency: 0.267
mdot_h2: 12.19 g/s
Reynolds_number: 10,047,718
Stack prop output power: 485 kW, Pcomp: 29.9 kW
Cell efficiency: 0.298, Output efficiency: 0.267
mdot_h2: 12.23 g/s
Reynolds_number: 12,105,684
Stack prop output power: 489 kW, Pcomp: 4.4 kW
Cell efficiency: 0.277, Output efficiency: 0.261
mdot_h2: 12.60 g/s
Reynolds_number: 12,105,684
Stack prop output power: 529 kW, Pcomp: 4.8 kW
Cell efficiency: 0.277, Output efficiency: 0.261
mdot_h2: 13.63 g/s
Reynolds_number: 6,709,346
Stack prop output power: 487 kW, Pcomp: 4.2 kW
Cell efficiency: 0.305, Output efficiency: 0.287
mdot_h2: 11.43 g/s
Reynolds_number: 6,709,346
Stack prop output power: 527 kW, Pcomp: 4.6 kW
Cell efficiency: 0.305, Output efficiency: 0.287
mdot_h2: 12.37 g/s
Reynolds_number: 12,105,684
Stack prop output power: 571 kW, Pcomp: 35.3 kW
Cell efficiency: 0.301, Output efficiency: 0.269
mdot_h2: 14.30 g/s
Reynolds_number: 12,105,684
Stack prop output power: 604 kW, Pcomp: 37.3 kW
Cell efficiency: 0.301, Output efficiency: 0.269
mdot_h2: 15.12 g/s
Reynolds_number: 12,105,684
Stack prop output power: 606 kW, Pcomp: 37.4 kW
Cell efficiency: 0.301, Output efficiency: 0.269
mdot_h2: 15.17 g/s
Fuel-cell system mass representative phase: cruise (P_fc_sys=1212.649 kW).

-----------------------
ptotal_climb: 1,408 kW, mtom_est: 7,251 kg, mtom: 5,650 kg, residual: +1,601.19 kg

MTOM update: newton_prebracket, relax=1.000 -> mtom_next=7,627.50 kg

======================================================
======================= ITER 4 =======================
Reynolds_number: 12,105,684
Stack prop output power: 606 kW, Pcomp: 37.4 kW
Cell efficiency: 0.301, Output efficiency: 0.269
mdot_h2: 15.17 g/s
Reynolds_number: 12,105,684
Stack prop output power: 805 kW, Pcomp: 49.7 kW
Cell efficiency: 0.301, Output efficiency: 0.269
mdot_h2: 20.15 g/s
Reynolds_number: 12,105,684
Stack prop output power: 818 kW, Pcomp: 50.5 kW
Cell efficiency: 0.301, Output efficiency: 0.269
mdot_h2: 20.46 g/s
Reynolds_number: 12,105,684
Stack prop output power: 818 kW, Pcomp: 50.5 kW
Cell efficiency: 0.301, Output efficiency: 0.269
mdot_h2: 20.48 g/s
Reynolds_number: 10,047,718
Stack prop output power: 485 kW, Pcomp: 29.9 kW
Cell efficiency: 0.298, Output efficiency: 0.267
mdot_h2: 12.24 g/s
Reynolds_number: 10,047,718
Stack prop output power: 644 kW, Pcomp: 39.7 kW
Cell efficiency: 0.298, Output efficiency: 0.267
mdot_h2: 16.26 g/s
Reynolds_number: 10,047,718
Stack prop output power: 654 kW, Pcomp: 40.3 kW
Cell efficiency: 0.298, Output efficiency: 0.267
mdot_h2: 16.50 g/s
Reynolds_number: 10,047,718
Stack prop output power: 655 kW, Pcomp: 40.4 kW
Cell efficiency: 0.298, Output efficiency: 0.267
mdot_h2: 16.52 g/s
Reynolds_number: 12,105,684
Stack prop output power: 468 kW, Pcomp: 4.2 kW
Cell efficiency: 0.277, Output efficiency: 0.261
mdot_h2: 12.07 g/s
Reynolds_number: 12,105,684
Stack prop output power: 712 kW, Pcomp: 6.4 kW
Cell efficiency: 0.277, Output efficiency: 0.261
mdot_h2: 18.36 g/s
Reynolds_number: 12,105,684
Stack prop output power: 714 kW, Pcomp: 6.5 kW
Cell efficiency: 0.277, Output efficiency: 0.261
mdot_h2: 18.42 g/s
Reynolds_number: 6,709,346
Stack prop output power: 467 kW, Pcomp: 4.1 kW
Cell efficiency: 0.305, Output efficiency: 0.287
mdot_h2: 10.94 g/s
Reynolds_number: 6,709,346
Stack prop output power: 710 kW, Pcomp: 6.2 kW
Cell efficiency: 0.305, Output efficiency: 0.287
mdot_h2: 16.65 g/s
Reynolds_number: 6,709,346
Stack prop output power: 712 kW, Pcomp: 6.2 kW
Cell efficiency: 0.305, Output efficiency: 0.287
mdot_h2: 16.70 g/s
Reynolds_number: 12,105,684
Stack prop output power: 606 kW, Pcomp: 37.4 kW
Cell efficiency: 0.301, Output efficiency: 0.269
mdot_h2: 15.17 g/s
Reynolds_number: 12,105,684
Stack prop output power: 805 kW, Pcomp: 49.7 kW
Cell efficiency: 0.301, Output efficiency: 0.269
mdot_h2: 20.15 g/s
Reynolds_number: 12,105,684
Stack prop output power: 818 kW, Pcomp: 50.5 kW
Cell efficiency: 0.301, Output efficiency: 0.269
mdot_h2: 20.46 g/s
Reynolds_number: 12,105,684
Stack prop output power: 818 kW, Pcomp: 50.5 kW
Cell efficiency: 0.301, Output efficiency: 0.269
mdot_h2: 20.48 g/s
Fuel-cell system mass representative phase: cruise (P_fc_sys=1637.093 kW).

-----------------------
ptotal_climb: 1,901 kW, mtom_est: 8,730 kg, mtom: 7,628 kg, residual: +1,102.39 kg

MTOM update: newton_prebracket, relax=1.000 -> mtom_next=10,297.12 kg

======================================================
======================= ITER 5 =======================
Reynolds_number: 12,105,684
Stack prop output power: 819 kW, Pcomp: 50.5 kW
Cell efficiency: 0.301, Output efficiency: 0.269
mdot_h2: 20.48 g/s
Reynolds_number: 12,105,684
Stack prop output power: 1,087 kW, Pcomp: 67.1 kW
Cell efficiency: 0.301, Output efficiency: 0.269
mdot_h2: 27.21 g/s
Reynolds_number: 12,105,684
Stack prop output power: 1,104 kW, Pcomp: 68.2 kW
Cell efficiency: 0.301, Output efficiency: 0.269
mdot_h2: 27.62 g/s
Reynolds_number: 12,105,684
Stack prop output power: 1,105 kW, Pcomp: 68.2 kW
Cell efficiency: 0.301, Output efficiency: 0.269
mdot_h2: 27.65 g/s
Reynolds_number: 10,047,718
Stack prop output power: 655 kW, Pcomp: 40.4 kW
Cell efficiency: 0.298, Output efficiency: 0.267
mdot_h2: 16.52 g/s
Reynolds_number: 10,047,718
Stack prop output power: 870 kW, Pcomp: 53.6 kW
Cell efficiency: 0.298, Output efficiency: 0.267
mdot_h2: 21.95 g/s
Reynolds_number: 10,047,718
Stack prop output power: 883 kW, Pcomp: 54.5 kW
Cell efficiency: 0.298, Output efficiency: 0.267
mdot_h2: 22.28 g/s
Reynolds_number: 10,047,718
Stack prop output power: 884 kW, Pcomp: 54.5 kW
Cell efficiency: 0.298, Output efficiency: 0.267
mdot_h2: 22.30 g/s
Reynolds_number: 12,105,684
Stack prop output power: 632 kW, Pcomp: 5.7 kW
Cell efficiency: 0.277, Output efficiency: 0.261
mdot_h2: 16.29 g/s
Reynolds_number: 12,105,684
Stack prop output power: 961 kW, Pcomp: 8.7 kW
Cell efficiency: 0.277, Output efficiency: 0.261
mdot_h2: 24.79 g/s
Reynolds_number: 12,105,684
Stack prop output power: 964 kW, Pcomp: 8.7 kW
Cell efficiency: 0.277, Output efficiency: 0.261
mdot_h2: 24.86 g/s
Reynolds_number: 6,709,346
Stack prop output power: 630 kW, Pcomp: 5.5 kW
Cell efficiency: 0.305, Output efficiency: 0.287
mdot_h2: 14.77 g/s
Reynolds_number: 6,709,346
Stack prop output power: 959 kW, Pcomp: 8.4 kW
Cell efficiency: 0.305, Output efficiency: 0.287
mdot_h2: 22.48 g/s
Reynolds_number: 6,709,346
Stack prop output power: 962 kW, Pcomp: 8.4 kW
Cell efficiency: 0.305, Output efficiency: 0.287
mdot_h2: 22.55 g/s
Reynolds_number: 12,105,684
Stack prop output power: 819 kW, Pcomp: 50.5 kW
Cell efficiency: 0.301, Output efficiency: 0.269
mdot_h2: 20.48 g/s
Reynolds_number: 12,105,684
Stack prop output power: 1,087 kW, Pcomp: 67.1 kW
Cell efficiency: 0.301, Output efficiency: 0.269
mdot_h2: 27.21 g/s
Reynolds_number: 12,105,684
Stack prop output power: 1,104 kW, Pcomp: 68.2 kW
Cell efficiency: 0.301, Output efficiency: 0.269
mdot_h2: 27.62 g/s
Reynolds_number: 12,105,684
Stack prop output power: 1,105 kW, Pcomp: 68.2 kW
Cell efficiency: 0.301, Output efficiency: 0.269
mdot_h2: 27.65 g/s
Fuel-cell system mass representative phase: cruise (P_fc_sys=2210.075 kW).

-----------------------
ptotal_climb: 2,566 kW, mtom_est: 10,749 kg, mtom: 10,297 kg, residual: +451.57 kg

MTOM update: newton_prebracket, relax=1.000 -> mtom_next=12,149.44 kg

======================================================
======================= ITER 6 =======================
Reynolds_number: 12,105,684
Stack prop output power: 1,105 kW, Pcomp: 68.2 kW
Cell efficiency: 0.301, Output efficiency: 0.269
mdot_h2: 27.65 g/s
Reynolds_number: 12,105,684
Stack prop output power: 1,292 kW, Pcomp: 79.7 kW
Cell efficiency: 0.301, Output efficiency: 0.269
mdot_h2: 32.32 g/s
Reynolds_number: 12,105,684
Stack prop output power: 1,303 kW, Pcomp: 80.5 kW
Cell efficiency: 0.301, Output efficiency: 0.269
mdot_h2: 32.61 g/s
Reynolds_number: 12,105,684
Stack prop output power: 1,304 kW, Pcomp: 80.5 kW
Cell efficiency: 0.301, Output efficiency: 0.269
mdot_h2: 32.62 g/s
Reynolds_number: 10,047,718
Stack prop output power: 884 kW, Pcomp: 54.5 kW
Cell efficiency: 0.298, Output efficiency: 0.267
mdot_h2: 22.30 g/s
Reynolds_number: 10,047,718
Stack prop output power: 1,033 kW, Pcomp: 63.7 kW
Cell efficiency: 0.298, Output efficiency: 0.267
mdot_h2: 26.07 g/s
Reynolds_number: 10,047,718
Stack prop output power: 1,042 kW, Pcomp: 64.3 kW
Cell efficiency: 0.298, Output efficiency: 0.267
mdot_h2: 26.30 g/s
Reynolds_number: 10,047,718
Stack prop output power: 1,043 kW, Pcomp: 64.3 kW
Cell efficiency: 0.298, Output efficiency: 0.267
mdot_h2: 26.31 g/s
Reynolds_number: 12,105,684
Stack prop output power: 907 kW, Pcomp: 8.2 kW
Cell efficiency: 0.277, Output efficiency: 0.261
mdot_h2: 23.39 g/s
Reynolds_number: 12,105,684
Stack prop output power: 1,136 kW, Pcomp: 10.3 kW
Cell efficiency: 0.277, Output efficiency: 0.261
mdot_h2: 29.28 g/s
Reynolds_number: 12,105,684
Stack prop output power: 1,138 kW, Pcomp: 10.3 kW
Cell efficiency: 0.277, Output efficiency: 0.261
mdot_h2: 29.34 g/s
Reynolds_number: 6,709,346
Stack prop output power: 905 kW, Pcomp: 7.9 kW
Cell efficiency: 0.305, Output efficiency: 0.287
mdot_h2: 21.21 g/s
Reynolds_number: 6,709,346
Stack prop output power: 1,133 kW, Pcomp: 9.9 kW
Cell efficiency: 0.305, Output efficiency: 0.287
mdot_h2: 26.56 g/s
Reynolds_number: 6,709,346
Stack prop output power: 1,135 kW, Pcomp: 9.9 kW
Cell efficiency: 0.305, Output efficiency: 0.287
mdot_h2: 26.61 g/s
Reynolds_number: 12,105,684
Stack prop output power: 1,105 kW, Pcomp: 68.2 kW
Cell efficiency: 0.301, Output efficiency: 0.269
mdot_h2: 27.65 g/s
Reynolds_number: 12,105,684
Stack prop output power: 1,292 kW, Pcomp: 79.7 kW
Cell efficiency: 0.301, Output efficiency: 0.269
mdot_h2: 32.32 g/s
Reynolds_number: 12,105,684
Stack prop output power: 1,303 kW, Pcomp: 80.5 kW
Cell efficiency: 0.301, Output efficiency: 0.269
mdot_h2: 32.61 g/s
Reynolds_number: 12,105,684
Stack prop output power: 1,304 kW, Pcomp: 80.5 kW
Cell efficiency: 0.301, Output efficiency: 0.269
mdot_h2: 32.62 g/s
Fuel-cell system mass representative phase: cruise (P_fc_sys=2607.642 kW).

-----------------------
ptotal_climb: 3,027 kW, mtom_est: 12,162 kg, mtom: 12,149 kg, residual: +12.41 kg

MTOM update: newton_prebracket, relax=1.000 -> mtom_next=12,201.79 kg

======================================================
======================= ITER 7 =======================
Reynolds_number: 12,105,684
Stack prop output power: 1,304 kW, Pcomp: 80.5 kW
Cell efficiency: 0.301, Output efficiency: 0.269
mdot_h2: 32.62 g/s
Reynolds_number: 12,105,684
Stack prop output power: 1,309 kW, Pcomp: 80.8 kW
Cell efficiency: 0.301, Output efficiency: 0.269
mdot_h2: 32.76 g/s
Reynolds_number: 10,047,718
Stack prop output power: 1,043 kW, Pcomp: 64.3 kW
Cell efficiency: 0.298, Output efficiency: 0.267
mdot_h2: 26.32 g/s
Reynolds_number: 10,047,718
Stack prop output power: 1,047 kW, Pcomp: 64.6 kW
Cell efficiency: 0.298, Output efficiency: 0.267
mdot_h2: 26.42 g/s
Reynolds_number: 12,105,684
Stack prop output power: 1,136 kW, Pcomp: 10.3 kW
Cell efficiency: 0.277, Output efficiency: 0.261
mdot_h2: 29.29 g/s
Reynolds_number: 12,105,684
Stack prop output power: 1,143 kW, Pcomp: 10.3 kW
Cell efficiency: 0.277, Output efficiency: 0.261
mdot_h2: 29.46 g/s
Reynolds_number: 6,709,346
Stack prop output power: 1,133 kW, Pcomp: 9.9 kW
Cell efficiency: 0.305, Output efficiency: 0.287
mdot_h2: 26.57 g/s
Reynolds_number: 6,709,346
Stack prop output power: 1,140 kW, Pcomp: 9.9 kW
Cell efficiency: 0.305, Output efficiency: 0.287
mdot_h2: 26.72 g/s
Reynolds_number: 12,105,684
Stack prop output power: 1,304 kW, Pcomp: 80.5 kW
Cell efficiency: 0.301, Output efficiency: 0.269
mdot_h2: 32.62 g/s
Reynolds_number: 12,105,684
Stack prop output power: 1,309 kW, Pcomp: 80.8 kW
Cell efficiency: 0.301, Output efficiency: 0.269
mdot_h2: 32.76 g/s
Fuel-cell system mass representative phase: cruise (P_fc_sys=2618.842 kW).

-----------------------
ptotal_climb: 3,040 kW, mtom_est: 12,206 kg, mtom: 12,202 kg, residual: +4.48 kg


CONVERGED

CONVERGED STATE [MTOM iteration 7]
  MTOM=12,206 kg | Wing loading=225.70 kg/m^2 | P/W(climb)=249.08 W/kg
  Phase power: climb=3,040.3 kW | cruise=2,618.8 kW | loiter=2,094.9 kW | takeoff=3,032.4 kW | cruise+charger=2,618.8 kW
  Power split (climb): FC=2,264.7 kW | Battery=754.9 kW | Compressor=20.7 kW | Cooling=985.6 kW | H2=58.923 g/s
  Compressor max across phases: 161.7 kW (cruise)
  FC representative phase (mass sizing): cruise (2,618.8 kW)
  Mass summary: MTOM=12,206 kg | Powertrain=4,161 kg | Tank=1,439.2 kg | Fuel=639.7 kg | Battery=515.4 kg | Nacelle power density=0.75 kW/kg
  Geometry: Main wing area=54.08 m^2 | Horizontal tail area=6.810 m^2 | Horizontal tail location=19.473 m | Vertical tail area=6.926 m^2 | Vertical tail location=18.803 m
  Config: wing loading input=225.61 kg/m^2 | P/W TO/Cl/Cr/Lo=0.18089/0.18132/0.14641/0.11713 kW/kg

=============================================================
========================= CONVERGED =========================
=============================================================
Constraint sizing: ENABLED (min_combined_pw)
Input W/S: 225.61 kg/m^2 (2,212.5 Pa)
Input P/W [kW/kg]: takeoff 0.18089, climb 0.18132, cruise 0.14641, loiter 0.11713
Converged P/W [kW/kg]: takeoff 0.24843, climb 0.24908, cruise 0.21455, loiter 0.17162
-------------------------------------------------------------

# Mission Time
Climb time: 8.83 min (0.15 h)
Cruise time: 141.42 min (2.36 h)
Total flight time: 172.25 min (2.87 h)

# Phase Power Breakdown
Phase      Time[min]     Total[kW]    FC Stack[kW]   Battery[kW]   Compressor[kW]   Cooling[kW]   mdot_H2[g/s]
--------------------------------------------------------------------------------------------------------------
ready           0.00         152.0           152.0           0.0              0.0           0.0         0.0
taxi            5.00         304.0           304.0           0.0              0.0           0.0         5.9
takeoff         1.00       3,032.4         2,259.4         753.1             19.8         862.3        53.4
climb           8.83       3,040.3         2,264.7         754.9             20.7         985.6        58.9
cruise        141.42       2,618.8         2,457.2           0.0            161.7       1,062.8        65.5
loiter         15.00       2,094.9         1,965.7           0.0            129.1         860.2        52.8
landing         1.00           0.0             0.0           0.0              0.0           0.0         0.0

Pcomp_max (solved phases): 161.7 kW (cruise)
Pnet (climb): 2,746 kW
Pelectricnet (climb): 3,020 kW
eta_pt: 0.9031

# Geometry
Main Wing Area: 54.08 m^2
Wingspan: 22.06 m
Fuselage Length: 21.83 m
Hydrogen Tank Length: 12.82 m
Horizontal Tail Area: 6.81 m^2
Vertical Tail Area: 6.93 m^2
Horizontal Tail span: 5.54 m
Vertical Tail span: 3.63 m
Horizontal Tail X_Position: 19.47 m
Vertical Tail X_Position: 18.80 m

# Single Nacelle (1/2)
Stack(1/2): 748 kg, Compressor: 153 kg, Humidifier: 251 kg, HX: 598 kg
Fuelcell System(FCS; Stack+Compressor+Humidifier+Hx): 1,750 kg
Representative FC phase: cruise
Specific Power of Fuelcell System: 0.748 kW/kg
Stack dimension: dX=0.364 m, dY=0.479 m, dZ=0.479 m
Heat Exchanger dimension: dX=1.731 m, dY=1.731 m, dZ=0.223 m

# ALL Nacelles
FCS_total: 3,499 kg
PMAD: 261 kg
Motors: 401 kg

# Total Mass Breakdown
-----------------------
Powertrain (FCS_total+PMAD+Motors): 4,161 kg
-----------------------
Main Wing: 1,039 kg
Horizontal Tail: 66 kg
Vertical Tail: 104 kg
Fuselage: 859 kg
Landing gear(main): 243 kg
Landing gear(nose): 65 kg
Flight Control System: 366 kg
Electric System: 300 kg
Instruments: 163 kg
Hydraulics: 146 kg
Furnishing: 601 kg
-----------------------
Operating Empty Mass(OEM): 3,951 kg
-----------------------
Hydrogen Tank: 1,439 kg
Hydrogen Fuel: 639.7 kg
Battery: 515.4 kg
-----------------------
Payload: 1,500 kg
-----------------------
Maximum Takeoff Mass(MTOM): 12,206 kg
-----------------------

Wing loading (MTOM/S_wing): 225.70 kg/m^2
Power-to-weight (maxPow/MTOM): 249.08 W/kg

mdot_H2(cruise): 65.5 g/s
Hydrogen Tank Volume: 27.4 m^3
========================== END ==============================


=============================================================
Execution time: 103.8 seconds
=============================================================
