Auto-widening W/S scan window for min_combined_pw: 1900.0..2600.0 -> 1725.0..2775.0 Pa (factor 1.500, lower_hit=True, upper_hit=False, min_on_edge=False).
Auto-widening W/S scan window for min_combined_pw: 1725.0..2775.0 -> 1462.5..3037.5 Pa (factor 1.500, lower_hit=True, upper_hit=False, min_on_edge=False).
ADRpy constraint sizing (min_combined_pw): W/S=2212.5 Pa (225.61 kg/m^2), P/W_TO=0.18089 kW/kg, P/W_climb=0.18531 kW/kg, P/W_cruise=0.10256 kW/kg
Curve minimum (combined/combined): W/S=2212.5 Pa (225.61 kg/m^2), P/W=0.18531 kW/kg
Curve minimum (takeoff/take-off): W/S=1462.5 Pa (149.13 kg/m^2), P/W=0.10196 kW/kg
Curve minimum (climb/climb): W/S=2312.5 Pa (235.81 kg/m^2), P/W=0.18403 kW/kg
Curve minimum (cruise/cruise): W/S=2312.5 Pa (235.81 kg/m^2), P/W=0.10014 kW/kg
======================================================
======================= ITER 1 =======================
Reynolds_number: 10,093,728
Stack prop output power: 500 kW, Pcomp: 36.0 kW
Cell efficiency: 0.298, Output efficiency: 0.264
mdot_h2: 12.75 g/s
Reynolds_number: 10,093,728
Stack prop output power: 389 kW, Pcomp: 28.0 kW
Cell efficiency: 0.298, Output efficiency: 0.264
mdot_h2: 9.91 g/s
Reynolds_number: 10,093,728
Stack prop output power: 381 kW, Pcomp: 27.4 kW
Cell efficiency: 0.298, Output efficiency: 0.264
mdot_h2: 9.71 g/s
Reynolds_number: 10,093,728
Stack prop output power: 380 kW, Pcomp: 27.4 kW
Cell efficiency: 0.298, Output efficiency: 0.264
mdot_h2: 9.69 g/s
Reynolds_number: 8,377,794
Stack prop output power: 500 kW, Pcomp: 36.0 kW
Cell efficiency: 0.296, Output efficiency: 0.262
mdot_h2: 12.84 g/s
Reynolds_number: 8,377,794
Stack prop output power: 318 kW, Pcomp: 22.9 kW
Cell efficiency: 0.296, Output efficiency: 0.262
mdot_h2: 8.17 g/s
Reynolds_number: 8,377,794
Stack prop output power: 305 kW, Pcomp: 22.0 kW
Cell efficiency: 0.296, Output efficiency: 0.262
mdot_h2: 7.83 g/s
Reynolds_number: 8,377,794
Stack prop output power: 304 kW, Pcomp: 21.9 kW
Cell efficiency: 0.296, Output efficiency: 0.262
mdot_h2: 7.81 g/s
Reynolds_number: 10,093,728
Stack prop output power: 342 kW, Pcomp: 3.1 kW
Cell efficiency: 0.269, Output efficiency: 0.253
mdot_h2: 9.09 g/s
Reynolds_number: 10,093,728
Stack prop output power: 477 kW, Pcomp: 4.4 kW
Cell efficiency: 0.269, Output efficiency: 0.253
mdot_h2: 12.69 g/s
Reynolds_number: 10,093,728
Stack prop output power: 479 kW, Pcomp: 4.4 kW
Cell efficiency: 0.269, Output efficiency: 0.253
mdot_h2: 12.73 g/s
Reynolds_number: 6,709,346
Stack prop output power: 346 kW, Pcomp: 3.0 kW
Cell efficiency: 0.305, Output efficiency: 0.287
mdot_h2: 8.11 g/s
Reynolds_number: 6,709,346
Stack prop output power: 466 kW, Pcomp: 4.1 kW
Cell efficiency: 0.305, Output efficiency: 0.287
mdot_h2: 10.93 g/s
Reynolds_number: 6,709,346
Stack prop output power: 467 kW, Pcomp: 4.1 kW
Cell efficiency: 0.305, Output efficiency: 0.287
mdot_h2: 10.95 g/s
Reynolds_number: 10,093,728
Stack prop output power: 500 kW, Pcomp: 36.0 kW
Cell efficiency: 0.298, Output efficiency: 0.264
mdot_h2: 12.75 g/s
Reynolds_number: 10,093,728
Stack prop output power: 389 kW, Pcomp: 28.0 kW
Cell efficiency: 0.298, Output efficiency: 0.264
mdot_h2: 9.91 g/s
Reynolds_number: 10,093,728
Stack prop output power: 381 kW, Pcomp: 27.4 kW
Cell efficiency: 0.298, Output efficiency: 0.264
mdot_h2: 9.71 g/s
Reynolds_number: 10,093,728
Stack prop output power: 380 kW, Pcomp: 27.4 kW
Cell efficiency: 0.298, Output efficiency: 0.264
mdot_h2: 9.69 g/s
Fuel-cell system mass representative phase: climb (P_fc_sys=957.205 kW).

-----------------------
ptotal_climb: 1,273 kW, mtom_est: 6,293 kg, mtom: 5,000 kg, residual: +1,293.08 kg

MTOM update: initial_bracket_probe_1, relax=1.000 -> mtom_next=5,325.00 kg

======================================================
======================= ITER 2 =======================
Reynolds_number: 10,093,728
Stack prop output power: 380 kW, Pcomp: 27.4 kW
Cell efficiency: 0.298, Output efficiency: 0.264
mdot_h2: 9.69 g/s
Reynolds_number: 10,093,728
Stack prop output power: 403 kW, Pcomp: 29.0 kW
Cell efficiency: 0.298, Output efficiency: 0.264
mdot_h2: 10.28 g/s
Reynolds_number: 10,093,728
Stack prop output power: 405 kW, Pcomp: 29.2 kW
Cell efficiency: 0.298, Output efficiency: 0.264
mdot_h2: 10.32 g/s
Reynolds_number: 8,377,794
Stack prop output power: 304 kW, Pcomp: 21.9 kW
Cell efficiency: 0.296, Output efficiency: 0.262
mdot_h2: 7.81 g/s
Reynolds_number: 8,377,794
Stack prop output power: 322 kW, Pcomp: 23.2 kW
Cell efficiency: 0.296, Output efficiency: 0.262
mdot_h2: 8.28 g/s
Reynolds_number: 8,377,794
Stack prop output power: 324 kW, Pcomp: 23.3 kW
Cell efficiency: 0.296, Output efficiency: 0.262
mdot_h2: 8.31 g/s
Reynolds_number: 10,093,728
Stack prop output power: 468 kW, Pcomp: 4.3 kW
Cell efficiency: 0.269, Output efficiency: 0.253
mdot_h2: 12.45 g/s
Reynolds_number: 10,093,728
Stack prop output power: 509 kW, Pcomp: 4.7 kW
Cell efficiency: 0.269, Output efficiency: 0.253
mdot_h2: 13.54 g/s
Reynolds_number: 6,709,346
Stack prop output power: 457 kW, Pcomp: 4.0 kW
Cell efficiency: 0.305, Output efficiency: 0.287
mdot_h2: 10.72 g/s
Reynolds_number: 6,709,346
Stack prop output power: 497 kW, Pcomp: 4.3 kW
Cell efficiency: 0.305, Output efficiency: 0.287
mdot_h2: 11.65 g/s
Reynolds_number: 10,093,728
Stack prop output power: 380 kW, Pcomp: 27.4 kW
Cell efficiency: 0.298, Output efficiency: 0.264
mdot_h2: 9.69 g/s
Reynolds_number: 10,093,728
Stack prop output power: 403 kW, Pcomp: 29.0 kW
Cell efficiency: 0.298, Output efficiency: 0.264
mdot_h2: 10.28 g/s
Reynolds_number: 10,093,728
Stack prop output power: 405 kW, Pcomp: 29.2 kW
Cell efficiency: 0.298, Output efficiency: 0.264
mdot_h2: 10.32 g/s
Fuel-cell system mass representative phase: climb (P_fc_sys=1019.416 kW).

-----------------------
ptotal_climb: 1,356 kW, mtom_est: 6,514 kg, mtom: 5,325 kg, residual: +1,189.33 kg

MTOM update: initial_bracket_probe_2, relax=1.000 -> mtom_next=5,650.00 kg

======================================================
======================= ITER 3 =======================
Reynolds_number: 10,093,728
Stack prop output power: 405 kW, Pcomp: 29.2 kW
Cell efficiency: 0.298, Output efficiency: 0.264
mdot_h2: 10.32 g/s
Reynolds_number: 10,093,728
Stack prop output power: 428 kW, Pcomp: 30.8 kW
Cell efficiency: 0.298, Output efficiency: 0.264
mdot_h2: 10.91 g/s
Reynolds_number: 10,093,728
Stack prop output power: 429 kW, Pcomp: 30.9 kW
Cell efficiency: 0.298, Output efficiency: 0.264
mdot_h2: 10.95 g/s
Reynolds_number: 8,377,794
Stack prop output power: 324 kW, Pcomp: 23.3 kW
Cell efficiency: 0.296, Output efficiency: 0.262
mdot_h2: 8.31 g/s
Reynolds_number: 8,377,794
Stack prop output power: 342 kW, Pcomp: 24.6 kW
Cell efficiency: 0.296, Output efficiency: 0.262
mdot_h2: 8.78 g/s
Reynolds_number: 8,377,794
Stack prop output power: 343 kW, Pcomp: 24.7 kW
Cell efficiency: 0.296, Output efficiency: 0.262
mdot_h2: 8.82 g/s
Reynolds_number: 10,093,728
Stack prop output power: 499 kW, Pcomp: 4.6 kW
Cell efficiency: 0.269, Output efficiency: 0.253
mdot_h2: 13.28 g/s
Reynolds_number: 10,093,728
Stack prop output power: 540 kW, Pcomp: 5.0 kW
Cell efficiency: 0.269, Output efficiency: 0.253
mdot_h2: 14.37 g/s
Reynolds_number: 6,709,346
Stack prop output power: 487 kW, Pcomp: 4.2 kW
Cell efficiency: 0.305, Output efficiency: 0.287
mdot_h2: 11.43 g/s
Reynolds_number: 6,709,346
Stack prop output power: 527 kW, Pcomp: 4.6 kW
Cell efficiency: 0.305, Output efficiency: 0.287
mdot_h2: 12.37 g/s
Reynolds_number: 10,093,728
Stack prop output power: 405 kW, Pcomp: 29.2 kW
Cell efficiency: 0.298, Output efficiency: 0.264
mdot_h2: 10.32 g/s
Reynolds_number: 10,093,728
Stack prop output power: 428 kW, Pcomp: 30.8 kW
Cell efficiency: 0.298, Output efficiency: 0.264
mdot_h2: 10.91 g/s
Reynolds_number: 10,093,728
Stack prop output power: 429 kW, Pcomp: 30.9 kW
Cell efficiency: 0.298, Output efficiency: 0.264
mdot_h2: 10.95 g/s
Fuel-cell system mass representative phase: climb (P_fc_sys=1081.634 kW).

-----------------------
ptotal_climb: 1,439 kW, mtom_est: 6,738 kg, mtom: 5,650 kg, residual: +1,087.90 kg

MTOM update: newton_prebracket, relax=1.000 -> mtom_next=7,627.50 kg

======================================================
======================= ITER 4 =======================
Reynolds_number: 10,093,728
Stack prop output power: 429 kW, Pcomp: 30.9 kW
Cell efficiency: 0.298, Output efficiency: 0.264
mdot_h2: 10.95 g/s
Reynolds_number: 10,093,728
Stack prop output power: 569 kW, Pcomp: 41.0 kW
Cell efficiency: 0.298, Output efficiency: 0.264
mdot_h2: 14.51 g/s
Reynolds_number: 10,093,728
Stack prop output power: 579 kW, Pcomp: 41.7 kW
Cell efficiency: 0.298, Output efficiency: 0.264
mdot_h2: 14.76 g/s
Reynolds_number: 10,093,728
Stack prop output power: 580 kW, Pcomp: 41.8 kW
Cell efficiency: 0.298, Output efficiency: 0.264
mdot_h2: 14.78 g/s
Reynolds_number: 8,377,794
Stack prop output power: 344 kW, Pcomp: 24.7 kW
Cell efficiency: 0.296, Output efficiency: 0.262
mdot_h2: 8.82 g/s
Reynolds_number: 8,377,794
Stack prop output power: 455 kW, Pcomp: 32.8 kW
Cell efficiency: 0.296, Output efficiency: 0.262
mdot_h2: 11.69 g/s
Reynolds_number: 8,377,794
Stack prop output power: 463 kW, Pcomp: 33.4 kW
Cell efficiency: 0.296, Output efficiency: 0.262
mdot_h2: 11.89 g/s
Reynolds_number: 8,377,794
Stack prop output power: 464 kW, Pcomp: 33.4 kW
Cell efficiency: 0.296, Output efficiency: 0.262
mdot_h2: 11.91 g/s
Reynolds_number: 10,093,728
Stack prop output power: 478 kW, Pcomp: 4.4 kW
Cell efficiency: 0.269, Output efficiency: 0.253
mdot_h2: 12.72 g/s
Reynolds_number: 10,093,728
Stack prop output power: 728 kW, Pcomp: 6.7 kW
Cell efficiency: 0.269, Output efficiency: 0.253
mdot_h2: 19.35 g/s
Reynolds_number: 10,093,728
Stack prop output power: 730 kW, Pcomp: 6.7 kW
Cell efficiency: 0.269, Output efficiency: 0.253
mdot_h2: 19.42 g/s
Reynolds_number: 6,709,346
Stack prop output power: 467 kW, Pcomp: 4.1 kW
Cell efficiency: 0.305, Output efficiency: 0.287
mdot_h2: 10.94 g/s
Reynolds_number: 6,709,346
Stack prop output power: 710 kW, Pcomp: 6.2 kW
Cell efficiency: 0.305, Output efficiency: 0.287
mdot_h2: 16.65 g/s
Reynolds_number: 6,709,346
Stack prop output power: 712 kW, Pcomp: 6.2 kW
Cell efficiency: 0.305, Output efficiency: 0.287
mdot_h2: 16.70 g/s
Reynolds_number: 10,093,728
Stack prop output power: 429 kW, Pcomp: 30.9 kW
Cell efficiency: 0.298, Output efficiency: 0.264
mdot_h2: 10.95 g/s
Reynolds_number: 10,093,728
Stack prop output power: 569 kW, Pcomp: 41.0 kW
Cell efficiency: 0.298, Output efficiency: 0.264
mdot_h2: 14.51 g/s
Reynolds_number: 10,093,728
Stack prop output power: 579 kW, Pcomp: 41.7 kW
Cell efficiency: 0.298, Output efficiency: 0.264
mdot_h2: 14.76 g/s
Reynolds_number: 10,093,728
Stack prop output power: 580 kW, Pcomp: 41.8 kW
Cell efficiency: 0.298, Output efficiency: 0.264
mdot_h2: 14.78 g/s
Fuel-cell system mass representative phase: climb (P_fc_sys=1460.216 kW).

-----------------------
ptotal_climb: 1,942 kW, mtom_est: 8,110 kg, mtom: 7,628 kg, residual: +482.87 kg

MTOM update: newton_prebracket, relax=1.000 -> mtom_next=9,205.70 kg

======================================================
======================= ITER 5 =======================
Reynolds_number: 10,093,728
Stack prop output power: 580 kW, Pcomp: 41.8 kW
Cell efficiency: 0.298, Output efficiency: 0.264
mdot_h2: 14.78 g/s
Reynolds_number: 10,093,728
Stack prop output power: 691 kW, Pcomp: 49.8 kW
Cell efficiency: 0.298, Output efficiency: 0.264
mdot_h2: 17.62 g/s
Reynolds_number: 10,093,728
Stack prop output power: 699 kW, Pcomp: 50.4 kW
Cell efficiency: 0.298, Output efficiency: 0.264
mdot_h2: 17.83 g/s
Reynolds_number: 10,093,728
Stack prop output power: 700 kW, Pcomp: 50.4 kW
Cell efficiency: 0.298, Output efficiency: 0.264
mdot_h2: 17.84 g/s
Reynolds_number: 8,377,794
Stack prop output power: 464 kW, Pcomp: 33.4 kW
Cell efficiency: 0.296, Output efficiency: 0.262
mdot_h2: 11.91 g/s
Reynolds_number: 8,377,794
Stack prop output power: 553 kW, Pcomp: 39.8 kW
Cell efficiency: 0.296, Output efficiency: 0.262
mdot_h2: 14.19 g/s
Reynolds_number: 8,377,794
Stack prop output power: 559 kW, Pcomp: 40.3 kW
Cell efficiency: 0.296, Output efficiency: 0.262
mdot_h2: 14.36 g/s
Reynolds_number: 10,093,728
Stack prop output power: 680 kW, Pcomp: 6.2 kW
Cell efficiency: 0.269, Output efficiency: 0.253
mdot_h2: 18.09 g/s
Reynolds_number: 10,093,728
Stack prop output power: 879 kW, Pcomp: 8.1 kW
Cell efficiency: 0.269, Output efficiency: 0.253
mdot_h2: 23.38 g/s
Reynolds_number: 10,093,728
Stack prop output power: 881 kW, Pcomp: 8.1 kW
Cell efficiency: 0.269, Output efficiency: 0.253
mdot_h2: 23.43 g/s
Reynolds_number: 6,709,346
Stack prop output power: 664 kW, Pcomp: 5.8 kW
Cell efficiency: 0.305, Output efficiency: 0.287
mdot_h2: 15.56 g/s
Reynolds_number: 6,709,346
Stack prop output power: 858 kW, Pcomp: 7.5 kW
Cell efficiency: 0.305, Output efficiency: 0.287
mdot_h2: 20.12 g/s
Reynolds_number: 6,709,346
Stack prop output power: 860 kW, Pcomp: 7.5 kW
Cell efficiency: 0.305, Output efficiency: 0.287
mdot_h2: 20.16 g/s
Reynolds_number: 10,093,728
Stack prop output power: 580 kW, Pcomp: 41.8 kW
Cell efficiency: 0.298, Output efficiency: 0.264
mdot_h2: 14.78 g/s
Reynolds_number: 10,093,728
Stack prop output power: 691 kW, Pcomp: 49.8 kW
Cell efficiency: 0.298, Output efficiency: 0.264
mdot_h2: 17.62 g/s
Reynolds_number: 10,093,728
Stack prop output power: 699 kW, Pcomp: 50.4 kW
Cell efficiency: 0.298, Output efficiency: 0.264
mdot_h2: 17.83 g/s
Reynolds_number: 10,093,728
Stack prop output power: 700 kW, Pcomp: 50.4 kW
Cell efficiency: 0.298, Output efficiency: 0.264
mdot_h2: 17.84 g/s
Fuel-cell system mass representative phase: climb (P_fc_sys=1762.347 kW).

-----------------------
ptotal_climb: 2,344 kW, mtom_est: 9,216 kg, mtom: 9,206 kg, residual: +10.33 kg

MTOM update: newton_prebracket, relax=1.000 -> mtom_next=9,240.20 kg

======================================================
======================= ITER 6 =======================
Reynolds_number: 10,093,728
Stack prop output power: 700 kW, Pcomp: 50.4 kW
Cell efficiency: 0.298, Output efficiency: 0.264
mdot_h2: 17.84 g/s
Reynolds_number: 10,093,728
Stack prop output power: 702 kW, Pcomp: 50.6 kW
Cell efficiency: 0.298, Output efficiency: 0.264
mdot_h2: 17.90 g/s
Reynolds_number: 8,377,794
Stack prop output power: 560 kW, Pcomp: 40.3 kW
Cell efficiency: 0.296, Output efficiency: 0.262
mdot_h2: 14.37 g/s
Reynolds_number: 8,377,794
Stack prop output power: 562 kW, Pcomp: 40.5 kW
Cell efficiency: 0.296, Output efficiency: 0.262
mdot_h2: 14.42 g/s
Reynolds_number: 10,093,728
Stack prop output power: 880 kW, Pcomp: 8.1 kW
Cell efficiency: 0.269, Output efficiency: 0.253
mdot_h2: 23.40 g/s
Reynolds_number: 10,093,728
Stack prop output power: 884 kW, Pcomp: 8.1 kW
Cell efficiency: 0.269, Output efficiency: 0.253
mdot_h2: 23.52 g/s
Reynolds_number: 6,709,346
Stack prop output power: 859 kW, Pcomp: 7.5 kW
Cell efficiency: 0.305, Output efficiency: 0.287
mdot_h2: 20.14 g/s
Reynolds_number: 6,709,346
Stack prop output power: 863 kW, Pcomp: 7.5 kW
Cell efficiency: 0.305, Output efficiency: 0.287
mdot_h2: 20.24 g/s
Reynolds_number: 10,093,728
Stack prop output power: 700 kW, Pcomp: 50.4 kW
Cell efficiency: 0.298, Output efficiency: 0.264
mdot_h2: 17.84 g/s
Reynolds_number: 10,093,728
Stack prop output power: 702 kW, Pcomp: 50.6 kW
Cell efficiency: 0.298, Output efficiency: 0.264
mdot_h2: 17.90 g/s
Fuel-cell system mass representative phase: climb (P_fc_sys=1768.951 kW).

-----------------------
ptotal_climb: 2,353 kW, mtom_est: 9,240 kg, mtom: 9,240 kg, residual: -0.18 kg


CONVERGED

CONVERGED STATE [MTOM iteration 6]
  MTOM=9,240 kg | Wing loading=225.61 kg/m^2 | P/W(climb)=254.68 W/kg
  Phase power: climb=2,353.2 kW | cruise=1,404.6 kW | loiter=1,123.6 kW | takeoff=2,296.4 kW | cruise+charger=1,404.6 kW
  Power split (climb): FC=1,752.7 kW | Battery=584.2 kW | Compressor=16.2 kW | Cooling=788.3 kW | H2=47.041 g/s
  Compressor max across phases: 101.2 kW (cruise)
  FC representative phase (mass sizing): climb (1,769.0 kW)
  Mass summary: MTOM=9,240 kg | Powertrain=3,137 kg | Tank=744.3 kg | Fuel=330.8 kg | Battery=449.2 kg | Nacelle power density=0.67 kW/kg
  Geometry: Main wing area=40.96 m^2 | Horizontal tail area=6.782 m^2 | Horizontal tail location=13.287 m | Vertical tail area=7.009 m^2 | Vertical tail location=12.597 m
  Config: wing loading input=225.61 kg/m^2 | P/W TO/Cl/Cr/Lo=0.18089/0.18531/0.10256/0.08205 kW/kg

=============================================================
========================= CONVERGED =========================
=============================================================
Constraint sizing: ENABLED (min_combined_pw)
Input W/S: 225.61 kg/m^2 (2,212.5 Pa)
Input P/W [kW/kg]: takeoff 0.18089, climb 0.18531, cruise 0.10256, loiter 0.08205
Converged P/W [kW/kg]: takeoff 0.24852, climb 0.25468, cruise 0.15201, loiter 0.12160
-------------------------------------------------------------

# Mission Time
Climb time: 10.09 min (0.17 h)
Cruise time: 126.84 min (2.11 h)
Total flight time: 158.93 min (2.65 h)

# Phase Power Breakdown
Phase      Time[min]     Total[kW]    FC Stack[kW]   Battery[kW]   Compressor[kW]   Cooling[kW]   mdot_H2[g/s]
--------------------------------------------------------------------------------------------------------------
ready           0.00         117.7           117.7           0.0              0.0           0.0         0.0
taxi            5.00         235.3           235.3           0.0              0.0           0.0         4.7
takeoff         1.00       2,296.4         1,711.0         570.3             15.0         647.3        40.5
climb          10.09       2,353.2         1,752.7         584.2             16.2         788.3        47.0
cruise        126.84       1,404.6         1,303.4           0.0            101.2         578.1        35.8
loiter         15.00       1,123.6         1,042.7           0.0             80.9         467.0        28.8
landing         1.00           0.0             0.0           0.0              0.0           0.0         0.0

Pcomp_max (solved phases): 101.2 kW (cruise)
Pnet (climb): 2,125 kW
Pelectricnet (climb): 2,337 kW
eta_pt: 0.9031

# Geometry
Main Wing Area: 40.96 m^2
Wingspan: 19.20 m
Fuselage Length: 15.64 m
Hydrogen Tank Length: 6.63 m
Horizontal Tail Area: 6.78 m^2
Vertical Tail Area: 7.01 m^2
Horizontal Tail span: 5.52 m
Vertical Tail span: 3.65 m
Horizontal Tail X_Position: 13.29 m
Vertical Tail X_Position: 12.60 m

# Single Nacelle (1/2)
Stack(1/2): 531 kg, Compressor: 47 kg, Humidifier: 230 kg, HX: 503 kg
Fuelcell System(FCS; Stack+Compressor+Humidifier+Hx): 1,312 kg
Representative FC phase: climb
Specific Power of Fuelcell System: 0.674 kW/kg
Stack dimension: dX=0.401 m, dY=0.384 m, dZ=0.384 m
Heat Exchanger dimension: dX=1.623 m, dY=1.623 m, dZ=0.213 m

# ALL Nacelles
FCS_total: 2,623 kg
PMAD: 204 kg
Motors: 310 kg

# Total Mass Breakdown
-----------------------
Powertrain (FCS_total+PMAD+Motors): 3,137 kg
-----------------------
Main Wing: 733 kg
Horizontal Tail: 55 kg
Vertical Tail: 89 kg
Fuselage: 528 kg
Landing gear(main): 243 kg
Landing gear(nose): 65 kg
Flight Control System: 366 kg
Electric System: 300 kg
Instruments: 126 kg
Hydraulics: 111 kg
Furnishing: 463 kg
-----------------------
Operating Empty Mass(OEM): 3,079 kg
-----------------------
Hydrogen Tank: 744 kg
Hydrogen Fuel: 330.8 kg
Battery: 449.2 kg
-----------------------
Payload: 1,500 kg
-----------------------
Maximum Takeoff Mass(MTOM): 9,240 kg
-----------------------

Wing loading (MTOM/S_wing): 225.61 kg/m^2
Power-to-weight (maxPow/MTOM): 254.68 W/kg

mdot_H2(cruise): 35.8 g/s
Hydrogen Tank Volume: 14.2 m^3
========================== END ==============================


=============================================================
Execution time: 87.2 seconds
=============================================================
