Auto-widening W/S scan window for min_combined_pw: 1900.0..2600.0 -> 1725.0..2775.0 Pa (factor 1.500, lower_hit=True, upper_hit=False, min_on_edge=False).
Auto-widening W/S scan window for min_combined_pw: 1725.0..2775.0 -> 1462.5..3037.5 Pa (factor 1.500, lower_hit=True, upper_hit=False, min_on_edge=False).
ADRpy constraint sizing (min_combined_pw): W/S=2212.5 Pa (225.61 kg/m^2), P/W_TO=0.18089 kW/kg, P/W_climb=0.18531 kW/kg, P/W_cruise=0.10256 kW/kg
Curve minimum (combined/combined): W/S=2212.5 Pa (225.61 kg/m^2), P/W=0.18531 kW/kg
Curve minimum (takeoff/take-off): W/S=1462.5 Pa (149.13 kg/m^2), P/W=0.10196 kW/kg
Curve minimum (climb/climb): W/S=2312.5 Pa (235.81 kg/m^2), P/W=0.18403 kW/kg
Curve minimum (cruise/cruise): W/S=2312.5 Pa (235.81 kg/m^2), P/W=0.10014 kW/kg
======================================================
======================= ITER 1 =======================
Reynolds_number: 10,093,728
Stack prop output power: 500 kW, Pcomp: 36.0 kW
Cell efficiency: 0.298, Output efficiency: 0.264
mdot_h2: 12.75 g/s
Reynolds_number: 10,093,728
Stack prop output power: 389 kW, Pcomp: 28.0 kW
Cell efficiency: 0.298, Output efficiency: 0.264
mdot_h2: 9.91 g/s
Reynolds_number: 10,093,728
Stack prop output power: 381 kW, Pcomp: 27.4 kW
Cell efficiency: 0.298, Output efficiency: 0.264
mdot_h2: 9.71 g/s
Reynolds_number: 10,093,728
Stack prop output power: 380 kW, Pcomp: 27.4 kW
Cell efficiency: 0.298, Output efficiency: 0.264
mdot_h2: 9.69 g/s
Reynolds_number: 8,377,794
Stack prop output power: 500 kW, Pcomp: 36.0 kW
Cell efficiency: 0.296, Output efficiency: 0.262
mdot_h2: 12.84 g/s
Reynolds_number: 8,377,794
Stack prop output power: 318 kW, Pcomp: 22.9 kW
Cell efficiency: 0.296, Output efficiency: 0.262
mdot_h2: 8.17 g/s
Reynolds_number: 8,377,794
Stack prop output power: 305 kW, Pcomp: 22.0 kW
Cell efficiency: 0.296, Output efficiency: 0.262
mdot_h2: 7.83 g/s
Reynolds_number: 8,377,794
Stack prop output power: 304 kW, Pcomp: 21.9 kW
Cell efficiency: 0.296, Output efficiency: 0.262
mdot_h2: 7.81 g/s
Reynolds_number: 10,093,728
Stack prop output power: 342 kW, Pcomp: 3.1 kW
Cell efficiency: 0.269, Output efficiency: 0.253
mdot_h2: 9.09 g/s
Reynolds_number: 10,093,728
Stack prop output power: 477 kW, Pcomp: 4.4 kW
Cell efficiency: 0.269, Output efficiency: 0.253
mdot_h2: 12.69 g/s
Reynolds_number: 10,093,728
Stack prop output power: 479 kW, Pcomp: 4.4 kW
Cell efficiency: 0.269, Output efficiency: 0.253
mdot_h2: 12.73 g/s
Reynolds_number: 6,709,346
Stack prop output power: 346 kW, Pcomp: 3.0 kW
Cell efficiency: 0.305, Output efficiency: 0.287
mdot_h2: 8.11 g/s
Reynolds_number: 6,709,346
Stack prop output power: 466 kW, Pcomp: 4.1 kW
Cell efficiency: 0.305, Output efficiency: 0.287
mdot_h2: 10.93 g/s
Reynolds_number: 6,709,346
Stack prop output power: 467 kW, Pcomp: 4.1 kW
Cell efficiency: 0.305, Output efficiency: 0.287
mdot_h2: 10.95 g/s
Reynolds_number: 10,093,728
Stack prop output power: 500 kW, Pcomp: 36.0 kW
Cell efficiency: 0.298, Output efficiency: 0.264
mdot_h2: 12.75 g/s
Reynolds_number: 10,093,728
Stack prop output power: 389 kW, Pcomp: 28.0 kW
Cell efficiency: 0.298, Output efficiency: 0.264
mdot_h2: 9.91 g/s
Reynolds_number: 10,093,728
Stack prop output power: 381 kW, Pcomp: 27.4 kW
Cell efficiency: 0.298, Output efficiency: 0.264
mdot_h2: 9.71 g/s
Reynolds_number: 10,093,728
Stack prop output power: 380 kW, Pcomp: 27.4 kW
Cell efficiency: 0.298, Output efficiency: 0.264
mdot_h2: 9.69 g/s
Fuel-cell system mass representative phase: climb (P_fc_sys=957.205 kW).

-----------------------
ptotal_climb: 1,273 kW, mtom_est: 5,327 kg, mtom: 5,000 kg, residual: +326.72 kg

MTOM update: initial_bracket_probe_1, relax=1.000 -> mtom_next=5,325.00 kg

======================================================
======================= ITER 2 =======================
Reynolds_number: 10,093,728
Stack prop output power: 380 kW, Pcomp: 27.4 kW
Cell efficiency: 0.298, Output efficiency: 0.264
mdot_h2: 9.69 g/s
Reynolds_number: 10,093,728
Stack prop output power: 403 kW, Pcomp: 29.0 kW
Cell efficiency: 0.298, Output efficiency: 0.264
mdot_h2: 10.28 g/s
Reynolds_number: 10,093,728
Stack prop output power: 405 kW, Pcomp: 29.2 kW
Cell efficiency: 0.298, Output efficiency: 0.264
mdot_h2: 10.32 g/s
Reynolds_number: 8,377,794
Stack prop output power: 304 kW, Pcomp: 21.9 kW
Cell efficiency: 0.296, Output efficiency: 0.262
mdot_h2: 7.81 g/s
Reynolds_number: 8,377,794
Stack prop output power: 322 kW, Pcomp: 23.2 kW
Cell efficiency: 0.296, Output efficiency: 0.262
mdot_h2: 8.28 g/s
Reynolds_number: 8,377,794
Stack prop output power: 324 kW, Pcomp: 23.3 kW
Cell efficiency: 0.296, Output efficiency: 0.262
mdot_h2: 8.31 g/s
Reynolds_number: 10,093,728
Stack prop output power: 468 kW, Pcomp: 4.3 kW
Cell efficiency: 0.269, Output efficiency: 0.253
mdot_h2: 12.45 g/s
Reynolds_number: 10,093,728
Stack prop output power: 509 kW, Pcomp: 4.7 kW
Cell efficiency: 0.269, Output efficiency: 0.253
mdot_h2: 13.54 g/s
Reynolds_number: 6,709,346
Stack prop output power: 457 kW, Pcomp: 4.0 kW
Cell efficiency: 0.305, Output efficiency: 0.287
mdot_h2: 10.72 g/s
Reynolds_number: 6,709,346
Stack prop output power: 497 kW, Pcomp: 4.3 kW
Cell efficiency: 0.305, Output efficiency: 0.287
mdot_h2: 11.65 g/s
Reynolds_number: 10,093,728
Stack prop output power: 380 kW, Pcomp: 27.4 kW
Cell efficiency: 0.298, Output efficiency: 0.264
mdot_h2: 9.69 g/s
Reynolds_number: 10,093,728
Stack prop output power: 403 kW, Pcomp: 29.0 kW
Cell efficiency: 0.298, Output efficiency: 0.264
mdot_h2: 10.28 g/s
Reynolds_number: 10,093,728
Stack prop output power: 405 kW, Pcomp: 29.2 kW
Cell efficiency: 0.298, Output efficiency: 0.264
mdot_h2: 10.32 g/s
Fuel-cell system mass representative phase: climb (P_fc_sys=1019.416 kW).

-----------------------
ptotal_climb: 1,356 kW, mtom_est: 5,560 kg, mtom: 5,325 kg, residual: +234.79 kg

MTOM update: initial_bracket_probe_2, relax=1.000 -> mtom_next=5,650.00 kg

======================================================
======================= ITER 3 =======================
Reynolds_number: 10,093,728
Stack prop output power: 405 kW, Pcomp: 29.2 kW
Cell efficiency: 0.298, Output efficiency: 0.264
mdot_h2: 10.32 g/s
Reynolds_number: 10,093,728
Stack prop output power: 428 kW, Pcomp: 30.8 kW
Cell efficiency: 0.298, Output efficiency: 0.264
mdot_h2: 10.91 g/s
Reynolds_number: 10,093,728
Stack prop output power: 429 kW, Pcomp: 30.9 kW
Cell efficiency: 0.298, Output efficiency: 0.264
mdot_h2: 10.95 g/s
Reynolds_number: 8,377,794
Stack prop output power: 324 kW, Pcomp: 23.3 kW
Cell efficiency: 0.296, Output efficiency: 0.262
mdot_h2: 8.31 g/s
Reynolds_number: 8,377,794
Stack prop output power: 342 kW, Pcomp: 24.6 kW
Cell efficiency: 0.296, Output efficiency: 0.262
mdot_h2: 8.78 g/s
Reynolds_number: 8,377,794
Stack prop output power: 343 kW, Pcomp: 24.7 kW
Cell efficiency: 0.296, Output efficiency: 0.262
mdot_h2: 8.82 g/s
Reynolds_number: 10,093,728
Stack prop output power: 499 kW, Pcomp: 4.6 kW
Cell efficiency: 0.269, Output efficiency: 0.253
mdot_h2: 13.28 g/s
Reynolds_number: 10,093,728
Stack prop output power: 540 kW, Pcomp: 5.0 kW
Cell efficiency: 0.269, Output efficiency: 0.253
mdot_h2: 14.37 g/s
Reynolds_number: 6,709,346
Stack prop output power: 487 kW, Pcomp: 4.2 kW
Cell efficiency: 0.305, Output efficiency: 0.287
mdot_h2: 11.43 g/s
Reynolds_number: 6,709,346
Stack prop output power: 527 kW, Pcomp: 4.6 kW
Cell efficiency: 0.305, Output efficiency: 0.287
mdot_h2: 12.37 g/s
Reynolds_number: 10,093,728
Stack prop output power: 405 kW, Pcomp: 29.2 kW
Cell efficiency: 0.298, Output efficiency: 0.264
mdot_h2: 10.32 g/s
Reynolds_number: 10,093,728
Stack prop output power: 428 kW, Pcomp: 30.8 kW
Cell efficiency: 0.298, Output efficiency: 0.264
mdot_h2: 10.91 g/s
Reynolds_number: 10,093,728
Stack prop output power: 429 kW, Pcomp: 30.9 kW
Cell efficiency: 0.298, Output efficiency: 0.264
mdot_h2: 10.95 g/s
Fuel-cell system mass representative phase: climb (P_fc_sys=1081.634 kW).

-----------------------
ptotal_climb: 1,439 kW, mtom_est: 5,795 kg, mtom: 5,650 kg, residual: +145.25 kg

MTOM update: newton_prebracket, relax=1.000 -> mtom_next=6,177.25 kg

======================================================
======================= ITER 4 =======================
Reynolds_number: 10,093,728
Stack prop output power: 429 kW, Pcomp: 30.9 kW
Cell efficiency: 0.298, Output efficiency: 0.264
mdot_h2: 10.95 g/s
Reynolds_number: 10,093,728
Stack prop output power: 467 kW, Pcomp: 33.6 kW
Cell efficiency: 0.298, Output efficiency: 0.264
mdot_h2: 11.90 g/s
Reynolds_number: 10,093,728
Stack prop output power: 469 kW, Pcomp: 33.8 kW
Cell efficiency: 0.298, Output efficiency: 0.264
mdot_h2: 11.97 g/s
Reynolds_number: 8,377,794
Stack prop output power: 344 kW, Pcomp: 24.7 kW
Cell efficiency: 0.296, Output efficiency: 0.262
mdot_h2: 8.82 g/s
Reynolds_number: 8,377,794
Stack prop output power: 373 kW, Pcomp: 26.9 kW
Cell efficiency: 0.296, Output efficiency: 0.262
mdot_h2: 9.58 g/s
Reynolds_number: 8,377,794
Stack prop output power: 375 kW, Pcomp: 27.0 kW
Cell efficiency: 0.296, Output efficiency: 0.262
mdot_h2: 9.64 g/s
Reynolds_number: 10,093,728
Stack prop output power: 524 kW, Pcomp: 4.8 kW
Cell efficiency: 0.269, Output efficiency: 0.253
mdot_h2: 13.94 g/s
Reynolds_number: 10,093,728
Stack prop output power: 591 kW, Pcomp: 5.4 kW
Cell efficiency: 0.269, Output efficiency: 0.253
mdot_h2: 15.71 g/s
Reynolds_number: 10,093,728
Stack prop output power: 591 kW, Pcomp: 5.4 kW
Cell efficiency: 0.269, Output efficiency: 0.253
mdot_h2: 15.72 g/s
Reynolds_number: 6,709,346
Stack prop output power: 511 kW, Pcomp: 4.5 kW
Cell efficiency: 0.305, Output efficiency: 0.287
mdot_h2: 11.99 g/s
Reynolds_number: 6,709,346
Stack prop output power: 576 kW, Pcomp: 5.0 kW
Cell efficiency: 0.305, Output efficiency: 0.287
mdot_h2: 13.52 g/s
Reynolds_number: 6,709,346
Stack prop output power: 577 kW, Pcomp: 5.0 kW
Cell efficiency: 0.305, Output efficiency: 0.287
mdot_h2: 13.53 g/s
Reynolds_number: 10,093,728
Stack prop output power: 429 kW, Pcomp: 30.9 kW
Cell efficiency: 0.298, Output efficiency: 0.264
mdot_h2: 10.95 g/s
Reynolds_number: 10,093,728
Stack prop output power: 467 kW, Pcomp: 33.6 kW
Cell efficiency: 0.298, Output efficiency: 0.264
mdot_h2: 11.90 g/s
Reynolds_number: 10,093,728
Stack prop output power: 469 kW, Pcomp: 33.8 kW
Cell efficiency: 0.298, Output efficiency: 0.264
mdot_h2: 11.97 g/s
Fuel-cell system mass representative phase: climb (P_fc_sys=1182.579 kW).

-----------------------
ptotal_climb: 1,573 kW, mtom_est: 6,179 kg, mtom: 6,177 kg, residual: +1.50 kg


CONVERGED

CONVERGED STATE [MTOM iteration 4]
  MTOM=6,179 kg | Wing loading=225.67 kg/m^2 | P/W(climb)=254.61 W/kg
  Phase power: climb=1,573.2 kW | cruise=939.0 kW | loiter=751.2 kW | takeoff=1,535.2 kW | cruise+charger=939.0 kW
  Power split (climb): FC=1,171.7 kW | Battery=390.6 kW | Compressor=10.8 kW | Cooling=527.2 kW | H2=31.449 g/s
  Compressor max across phases: 67.6 kW (cruise)
  FC representative phase (mass sizing): climb (1,182.6 kW)
  Mass summary: MTOM=6,179 kg | Powertrain=2,090 kg | Tank=615.9 kg | Fuel=273.8 kg | Battery=300.3 kg | Nacelle power density=0.68 kW/kg
  Geometry: Main wing area=27.38 m^2 | Horizontal tail area=3.864 m^2 | Horizontal tail location=12.573 m | Vertical tail area=3.910 m^2 | Vertical tail location=12.147 m
  Config: wing loading input=225.61 kg/m^2 | P/W TO/Cl/Cr/Lo=0.18089/0.18531/0.10256/0.08205 kW/kg

=============================================================
========================= CONVERGED =========================
=============================================================
Constraint sizing: ENABLED (min_combined_pw)
Input W/S: 225.61 kg/m^2 (2,212.5 Pa)
Input P/W [kW/kg]: takeoff 0.18089, climb 0.18531, cruise 0.10256, loiter 0.08205
Converged P/W [kW/kg]: takeoff 0.24846, climb 0.25461, cruise 0.15197, loiter 0.12157
-------------------------------------------------------------

# Mission Time
Climb time: 10.09 min (0.17 h)
Cruise time: 163.48 min (2.72 h)
Total flight time: 195.58 min (3.26 h)

# Phase Power Breakdown
Phase      Time[min]     Total[kW]    FC Stack[kW]   Battery[kW]   Compressor[kW]   Cooling[kW]   mdot_H2[g/s]
--------------------------------------------------------------------------------------------------------------
ready           0.00          78.7            78.7           0.0              0.0           0.0         0.0
taxi            5.00         157.3           157.3           0.0              0.0           0.0         3.1
takeoff         1.00       1,535.2         1,143.8         381.3             10.0         432.9        27.1
climb          10.09       1,573.2         1,171.7         390.6             10.8         527.2        31.4
cruise        163.48         939.0           871.3           0.0             67.6         386.6        23.9
loiter         15.00         751.2           697.1           0.0             54.1         312.3        19.3
landing         1.00           0.0             0.0           0.0              0.0           0.0         0.0

Pcomp_max (solved phases): 67.6 kW (cruise)
Pnet (climb): 1,421 kW
Pelectricnet (climb): 1,562 kW
eta_pt: 0.9031

# Geometry
Main Wing Area: 27.38 m^2
Wingspan: 15.70 m
Fuselage Length: 14.50 m
Hydrogen Tank Length: 5.49 m
Horizontal Tail Area: 3.86 m^2
Vertical Tail Area: 3.91 m^2
Horizontal Tail span: 4.17 m
Vertical Tail span: 2.73 m
Horizontal Tail X_Position: 12.57 m
Vertical Tail X_Position: 12.15 m

# Single Nacelle (1/2)
Stack(1/2): 355 kg, Compressor: 28 kg, Humidifier: 154 kg, HX: 336 kg
Fuelcell System(FCS; Stack+Compressor+Humidifier+Hx): 873 kg
Representative FC phase: climb
Specific Power of Fuelcell System: 0.677 kW/kg
Stack dimension: dX=0.401 m, dY=0.314 m, dZ=0.314 m
Heat Exchanger dimension: dX=1.329 m, dY=1.329 m, dZ=0.213 m

# ALL Nacelles
FCS_total: 1,747 kg
PMAD: 136 kg
Motors: 207 kg

# Total Mass Breakdown
-----------------------
Powertrain (FCS_total+PMAD+Motors): 2,090 kg
-----------------------
Main Wing: 443 kg
Horizontal Tail: 28 kg
Vertical Tail: 53 kg
Fuselage: 452 kg
Landing gear(main): 243 kg
Landing gear(nose): 65 kg
Flight Control System: 366 kg
Electric System: 300 kg
Instruments: 89 kg
Hydraulics: 74 kg
Furnishing: 436 kg
-----------------------
Operating Empty Mass(OEM): 2,549 kg
-----------------------
Hydrogen Tank: 616 kg
Hydrogen Fuel: 273.8 kg
Battery: 300.3 kg
-----------------------
Payload: 350 kg
-----------------------
Maximum Takeoff Mass(MTOM): 6,179 kg
-----------------------

Wing loading (MTOM/S_wing): 225.67 kg/m^2
Power-to-weight (maxPow/MTOM): 254.61 W/kg

mdot_H2(cruise): 23.9 g/s
Hydrogen Tank Volume: 11.7 m^3
========================== END ==============================


=============================================================
Execution time: 59.3 seconds
=============================================================
