Auto-widening W/S scan window for min_combined_pw: 1900.0..2600.0 -> 1725.0..2775.0 Pa (factor 1.500, lower_hit=True, upper_hit=False, min_on_edge=False).
Auto-widening W/S scan window for min_combined_pw: 1725.0..2775.0 -> 1462.5..3037.5 Pa (factor 1.500, lower_hit=True, upper_hit=False, min_on_edge=False).
ADRpy constraint sizing (min_combined_pw): W/S=2212.5 Pa (225.61 kg/m^2), P/W_TO=0.18089 kW/kg, P/W_climb=0.18599 kW/kg, P/W_cruise=0.13824 kW/kg
Curve minimum (combined/combined): W/S=2212.5 Pa (225.61 kg/m^2), P/W=0.18599 kW/kg
Curve minimum (takeoff/take-off): W/S=1462.5 Pa (149.13 kg/m^2), P/W=0.10196 kW/kg
Curve minimum (climb/climb): W/S=2312.5 Pa (235.81 kg/m^2), P/W=0.18478 kW/kg
Curve minimum (cruise/cruise): W/S=2312.5 Pa (235.81 kg/m^2), P/W=0.13403 kW/kg
======================================================
======================= ITER 1 =======================
Reynolds_number: 11,509,590
Stack prop output power: 500 kW, Pcomp: 36.1 kW
Cell efficiency: 0.300, Output efficiency: 0.266
mdot_h2: 12.67 g/s
Reynolds_number: 11,509,590
Stack prop output power: 511 kW, Pcomp: 36.9 kW
Cell efficiency: 0.300, Output efficiency: 0.266
mdot_h2: 12.96 g/s
Reynolds_number: 11,509,590
Stack prop output power: 512 kW, Pcomp: 37.0 kW
Cell efficiency: 0.300, Output efficiency: 0.266
mdot_h2: 12.98 g/s
Reynolds_number: 9,552,960
Stack prop output power: 500 kW, Pcomp: 36.0 kW
Cell efficiency: 0.297, Output efficiency: 0.263
mdot_h2: 12.78 g/s
Reynolds_number: 9,552,960
Stack prop output power: 416 kW, Pcomp: 30.0 kW
Cell efficiency: 0.297, Output efficiency: 0.263
mdot_h2: 10.64 g/s
Reynolds_number: 9,552,960
Stack prop output power: 410 kW, Pcomp: 29.6 kW
Cell efficiency: 0.297, Output efficiency: 0.263
mdot_h2: 10.49 g/s
Reynolds_number: 11,509,590
Stack prop output power: 341 kW, Pcomp: 3.1 kW
Cell efficiency: 0.271, Output efficiency: 0.255
mdot_h2: 9.00 g/s
Reynolds_number: 11,509,590
Stack prop output power: 479 kW, Pcomp: 4.4 kW
Cell efficiency: 0.271, Output efficiency: 0.255
mdot_h2: 12.63 g/s
Reynolds_number: 11,509,590
Stack prop output power: 480 kW, Pcomp: 4.4 kW
Cell efficiency: 0.271, Output efficiency: 0.255
mdot_h2: 12.66 g/s
Reynolds_number: 6,709,346
Stack prop output power: 346 kW, Pcomp: 3.0 kW
Cell efficiency: 0.305, Output efficiency: 0.287
mdot_h2: 8.11 g/s
Reynolds_number: 6,709,346
Stack prop output power: 466 kW, Pcomp: 4.1 kW
Cell efficiency: 0.305, Output efficiency: 0.287
mdot_h2: 10.93 g/s
Reynolds_number: 6,709,346
Stack prop output power: 467 kW, Pcomp: 4.1 kW
Cell efficiency: 0.305, Output efficiency: 0.287
mdot_h2: 10.95 g/s
Reynolds_number: 11,509,590
Stack prop output power: 500 kW, Pcomp: 36.1 kW
Cell efficiency: 0.300, Output efficiency: 0.266
mdot_h2: 12.67 g/s
Reynolds_number: 11,509,590
Stack prop output power: 511 kW, Pcomp: 36.9 kW
Cell efficiency: 0.300, Output efficiency: 0.266
mdot_h2: 12.96 g/s
Reynolds_number: 11,509,590
Stack prop output power: 512 kW, Pcomp: 37.0 kW
Cell efficiency: 0.300, Output efficiency: 0.266
mdot_h2: 12.98 g/s
Fuel-cell system mass representative phase: cruise (P_fc_sys=1024.567 kW).

-----------------------
ptotal_climb: 1,278 kW, mtom_est: 6,294 kg, mtom: 5,000 kg, residual: +1,294.25 kg

MTOM update: initial_bracket_probe_1, relax=1.000 -> mtom_next=5,325.00 kg

======================================================
======================= ITER 2 =======================
Reynolds_number: 11,509,590
Stack prop output power: 512 kW, Pcomp: 37.0 kW
Cell efficiency: 0.300, Output efficiency: 0.266
mdot_h2: 12.98 g/s
Reynolds_number: 11,509,590
Stack prop output power: 543 kW, Pcomp: 39.2 kW
Cell efficiency: 0.300, Output efficiency: 0.266
mdot_h2: 13.77 g/s
Reynolds_number: 11,509,590
Stack prop output power: 545 kW, Pcomp: 39.3 kW
Cell efficiency: 0.300, Output efficiency: 0.266
mdot_h2: 13.82 g/s
Reynolds_number: 9,552,960
Stack prop output power: 410 kW, Pcomp: 29.5 kW
Cell efficiency: 0.297, Output efficiency: 0.263
mdot_h2: 10.47 g/s
Reynolds_number: 9,552,960
Stack prop output power: 435 kW, Pcomp: 31.3 kW
Cell efficiency: 0.297, Output efficiency: 0.263
mdot_h2: 11.11 g/s
Reynolds_number: 9,552,960
Stack prop output power: 436 kW, Pcomp: 31.4 kW
Cell efficiency: 0.297, Output efficiency: 0.263
mdot_h2: 11.15 g/s
Reynolds_number: 11,509,590
Stack prop output power: 470 kW, Pcomp: 4.3 kW
Cell efficiency: 0.271, Output efficiency: 0.255
mdot_h2: 12.39 g/s
Reynolds_number: 11,509,590
Stack prop output power: 511 kW, Pcomp: 4.7 kW
Cell efficiency: 0.271, Output efficiency: 0.255
mdot_h2: 13.47 g/s
Reynolds_number: 6,709,346
Stack prop output power: 457 kW, Pcomp: 4.0 kW
Cell efficiency: 0.305, Output efficiency: 0.287
mdot_h2: 10.72 g/s
Reynolds_number: 6,709,346
Stack prop output power: 497 kW, Pcomp: 4.3 kW
Cell efficiency: 0.305, Output efficiency: 0.287
mdot_h2: 11.65 g/s
Reynolds_number: 11,509,590
Stack prop output power: 512 kW, Pcomp: 37.0 kW
Cell efficiency: 0.300, Output efficiency: 0.266
mdot_h2: 12.98 g/s
Reynolds_number: 11,509,590
Stack prop output power: 543 kW, Pcomp: 39.2 kW
Cell efficiency: 0.300, Output efficiency: 0.266
mdot_h2: 13.77 g/s
Reynolds_number: 11,509,590
Stack prop output power: 545 kW, Pcomp: 39.3 kW
Cell efficiency: 0.300, Output efficiency: 0.266
mdot_h2: 13.82 g/s
Fuel-cell system mass representative phase: cruise (P_fc_sys=1091.149 kW).

-----------------------
ptotal_climb: 1,361 kW, mtom_est: 6,571 kg, mtom: 5,325 kg, residual: +1,246.18 kg

MTOM update: initial_bracket_probe_2, relax=1.000 -> mtom_next=5,650.00 kg

======================================================
======================= ITER 3 =======================
Reynolds_number: 11,509,590
Stack prop output power: 546 kW, Pcomp: 39.4 kW
Cell efficiency: 0.300, Output efficiency: 0.266
mdot_h2: 13.83 g/s
Reynolds_number: 11,509,590
Stack prop output power: 576 kW, Pcomp: 41.6 kW
Cell efficiency: 0.300, Output efficiency: 0.266
mdot_h2: 14.61 g/s
Reynolds_number: 11,509,590
Stack prop output power: 579 kW, Pcomp: 41.8 kW
Cell efficiency: 0.300, Output efficiency: 0.266
mdot_h2: 14.67 g/s
Reynolds_number: 9,552,960
Stack prop output power: 436 kW, Pcomp: 31.4 kW
Cell efficiency: 0.297, Output efficiency: 0.263
mdot_h2: 11.15 g/s
Reynolds_number: 9,552,960
Stack prop output power: 461 kW, Pcomp: 33.2 kW
Cell efficiency: 0.297, Output efficiency: 0.263
mdot_h2: 11.79 g/s
Reynolds_number: 9,552,960
Stack prop output power: 463 kW, Pcomp: 33.4 kW
Cell efficiency: 0.297, Output efficiency: 0.263
mdot_h2: 11.83 g/s
Reynolds_number: 11,509,590
Stack prop output power: 501 kW, Pcomp: 4.6 kW
Cell efficiency: 0.271, Output efficiency: 0.255
mdot_h2: 13.21 g/s
Reynolds_number: 11,509,590
Stack prop output power: 542 kW, Pcomp: 5.0 kW
Cell efficiency: 0.271, Output efficiency: 0.255
mdot_h2: 14.30 g/s
Reynolds_number: 6,709,346
Stack prop output power: 487 kW, Pcomp: 4.2 kW
Cell efficiency: 0.305, Output efficiency: 0.287
mdot_h2: 11.43 g/s
Reynolds_number: 6,709,346
Stack prop output power: 527 kW, Pcomp: 4.6 kW
Cell efficiency: 0.305, Output efficiency: 0.287
mdot_h2: 12.37 g/s
Reynolds_number: 11,509,590
Stack prop output power: 546 kW, Pcomp: 39.4 kW
Cell efficiency: 0.300, Output efficiency: 0.266
mdot_h2: 13.83 g/s
Reynolds_number: 11,509,590
Stack prop output power: 576 kW, Pcomp: 41.6 kW
Cell efficiency: 0.300, Output efficiency: 0.266
mdot_h2: 14.61 g/s
Reynolds_number: 11,509,590
Stack prop output power: 579 kW, Pcomp: 41.8 kW
Cell efficiency: 0.300, Output efficiency: 0.266
mdot_h2: 14.67 g/s
Fuel-cell system mass representative phase: cruise (P_fc_sys=1157.746 kW).

-----------------------
ptotal_climb: 1,444 kW, mtom_est: 6,856 kg, mtom: 5,650 kg, residual: +1,205.58 kg

MTOM update: newton_prebracket, relax=1.000 -> mtom_next=7,627.50 kg

======================================================
======================= ITER 4 =======================
Reynolds_number: 11,509,590
Stack prop output power: 579 kW, Pcomp: 41.8 kW
Cell efficiency: 0.300, Output efficiency: 0.266
mdot_h2: 14.67 g/s
Reynolds_number: 11,509,590
Stack prop output power: 767 kW, Pcomp: 55.3 kW
Cell efficiency: 0.300, Output efficiency: 0.266
mdot_h2: 19.44 g/s
Reynolds_number: 11,509,590
Stack prop output power: 780 kW, Pcomp: 56.3 kW
Cell efficiency: 0.300, Output efficiency: 0.266
mdot_h2: 19.78 g/s
Reynolds_number: 11,509,590
Stack prop output power: 781 kW, Pcomp: 56.4 kW
Cell efficiency: 0.300, Output efficiency: 0.266
mdot_h2: 19.80 g/s
Reynolds_number: 9,552,960
Stack prop output power: 463 kW, Pcomp: 33.4 kW
Cell efficiency: 0.297, Output efficiency: 0.263
mdot_h2: 11.84 g/s
Reynolds_number: 9,552,960
Stack prop output power: 613 kW, Pcomp: 44.2 kW
Cell efficiency: 0.297, Output efficiency: 0.263
mdot_h2: 15.68 g/s
Reynolds_number: 9,552,960
Stack prop output power: 624 kW, Pcomp: 45.0 kW
Cell efficiency: 0.297, Output efficiency: 0.263
mdot_h2: 15.96 g/s
Reynolds_number: 9,552,960
Stack prop output power: 625 kW, Pcomp: 45.0 kW
Cell efficiency: 0.297, Output efficiency: 0.263
mdot_h2: 15.98 g/s
Reynolds_number: 11,509,590
Stack prop output power: 480 kW, Pcomp: 4.4 kW
Cell efficiency: 0.271, Output efficiency: 0.255
mdot_h2: 12.65 g/s
Reynolds_number: 11,509,590
Stack prop output power: 730 kW, Pcomp: 6.7 kW
Cell efficiency: 0.271, Output efficiency: 0.255
mdot_h2: 19.25 g/s
Reynolds_number: 11,509,590
Stack prop output power: 733 kW, Pcomp: 6.7 kW
Cell efficiency: 0.271, Output efficiency: 0.255
mdot_h2: 19.32 g/s
Reynolds_number: 6,709,346
Stack prop output power: 467 kW, Pcomp: 4.1 kW
Cell efficiency: 0.305, Output efficiency: 0.287
mdot_h2: 10.94 g/s
Reynolds_number: 6,709,346
Stack prop output power: 710 kW, Pcomp: 6.2 kW
Cell efficiency: 0.305, Output efficiency: 0.287
mdot_h2: 16.65 g/s
Reynolds_number: 6,709,346
Stack prop output power: 712 kW, Pcomp: 6.2 kW
Cell efficiency: 0.305, Output efficiency: 0.287
mdot_h2: 16.70 g/s
Reynolds_number: 11,509,590
Stack prop output power: 579 kW, Pcomp: 41.8 kW
Cell efficiency: 0.300, Output efficiency: 0.266
mdot_h2: 14.67 g/s
Reynolds_number: 11,509,590
Stack prop output power: 767 kW, Pcomp: 55.3 kW
Cell efficiency: 0.300, Output efficiency: 0.266
mdot_h2: 19.44 g/s
Reynolds_number: 11,509,590
Stack prop output power: 780 kW, Pcomp: 56.3 kW
Cell efficiency: 0.300, Output efficiency: 0.266
mdot_h2: 19.78 g/s
Reynolds_number: 11,509,590
Stack prop output power: 781 kW, Pcomp: 56.4 kW
Cell efficiency: 0.300, Output efficiency: 0.266
mdot_h2: 19.80 g/s
Fuel-cell system mass representative phase: cruise (P_fc_sys=1562.980 kW).

-----------------------
ptotal_climb: 1,950 kW, mtom_est: 8,592 kg, mtom: 7,628 kg, residual: +964.84 kg

MTOM update: newton_prebracket, relax=1.000 -> mtom_next=10,297.12 kg

======================================================
======================= ITER 5 =======================
Reynolds_number: 11,509,590
Stack prop output power: 781 kW, Pcomp: 56.4 kW
Cell efficiency: 0.300, Output efficiency: 0.266
mdot_h2: 19.81 g/s
Reynolds_number: 11,509,590
Stack prop output power: 1,035 kW, Pcomp: 74.7 kW
Cell efficiency: 0.300, Output efficiency: 0.266
mdot_h2: 26.24 g/s
Reynolds_number: 11,509,590
Stack prop output power: 1,054 kW, Pcomp: 76.0 kW
Cell efficiency: 0.300, Output efficiency: 0.266
mdot_h2: 26.70 g/s
Reynolds_number: 11,509,590
Stack prop output power: 1,055 kW, Pcomp: 76.1 kW
Cell efficiency: 0.300, Output efficiency: 0.266
mdot_h2: 26.74 g/s
Reynolds_number: 9,552,960
Stack prop output power: 625 kW, Pcomp: 45.0 kW
Cell efficiency: 0.297, Output efficiency: 0.263
mdot_h2: 15.98 g/s
Reynolds_number: 9,552,960
Stack prop output power: 828 kW, Pcomp: 59.7 kW
Cell efficiency: 0.297, Output efficiency: 0.263
mdot_h2: 21.17 g/s
Reynolds_number: 9,552,960
Stack prop output power: 843 kW, Pcomp: 60.7 kW
Cell efficiency: 0.297, Output efficiency: 0.263
mdot_h2: 21.54 g/s
Reynolds_number: 9,552,960
Stack prop output power: 844 kW, Pcomp: 60.8 kW
Cell efficiency: 0.297, Output efficiency: 0.263
mdot_h2: 21.57 g/s
Reynolds_number: 11,509,590
Stack prop output power: 648 kW, Pcomp: 5.9 kW
Cell efficiency: 0.271, Output efficiency: 0.255
mdot_h2: 17.08 g/s
Reynolds_number: 11,509,590
Stack prop output power: 986 kW, Pcomp: 9.0 kW
Cell efficiency: 0.271, Output efficiency: 0.255
mdot_h2: 25.99 g/s
Reynolds_number: 11,509,590
Stack prop output power: 989 kW, Pcomp: 9.0 kW
Cell efficiency: 0.271, Output efficiency: 0.255
mdot_h2: 26.08 g/s
Reynolds_number: 6,709,346
Stack prop output power: 630 kW, Pcomp: 5.5 kW
Cell efficiency: 0.305, Output efficiency: 0.287
mdot_h2: 14.77 g/s
Reynolds_number: 6,709,346
Stack prop output power: 959 kW, Pcomp: 8.4 kW
Cell efficiency: 0.305, Output efficiency: 0.287
mdot_h2: 22.48 g/s
Reynolds_number: 6,709,346
Stack prop output power: 962 kW, Pcomp: 8.4 kW
Cell efficiency: 0.305, Output efficiency: 0.287
mdot_h2: 22.55 g/s
Reynolds_number: 11,509,590
Stack prop output power: 781 kW, Pcomp: 56.4 kW
Cell efficiency: 0.300, Output efficiency: 0.266
mdot_h2: 19.81 g/s
Reynolds_number: 11,509,590
Stack prop output power: 1,035 kW, Pcomp: 74.7 kW
Cell efficiency: 0.300, Output efficiency: 0.266
mdot_h2: 26.24 g/s
Reynolds_number: 11,509,590
Stack prop output power: 1,054 kW, Pcomp: 76.0 kW
Cell efficiency: 0.300, Output efficiency: 0.266
mdot_h2: 26.70 g/s
Reynolds_number: 11,509,590
Stack prop output power: 1,055 kW, Pcomp: 76.1 kW
Cell efficiency: 0.300, Output efficiency: 0.266
mdot_h2: 26.74 g/s
Fuel-cell system mass representative phase: cruise (P_fc_sys=2110.023 kW).

-----------------------
ptotal_climb: 2,632 kW, mtom_est: 10,958 kg, mtom: 10,297 kg, residual: +661.07 kg

MTOM update: newton_prebracket, relax=1.000 -> mtom_next=13,901.12 kg

======================================================
======================= ITER 6 =======================
Reynolds_number: 11,509,590
Stack prop output power: 1,055 kW, Pcomp: 76.1 kW
Cell efficiency: 0.300, Output efficiency: 0.266
mdot_h2: 26.74 g/s
Reynolds_number: 11,509,590
Stack prop output power: 1,398 kW, Pcomp: 100.8 kW
Cell efficiency: 0.300, Output efficiency: 0.266
mdot_h2: 35.42 g/s
Reynolds_number: 11,509,590
Stack prop output power: 1,422 kW, Pcomp: 102.6 kW
Cell efficiency: 0.300, Output efficiency: 0.266
mdot_h2: 36.05 g/s
Reynolds_number: 11,509,590
Stack prop output power: 1,424 kW, Pcomp: 102.7 kW
Cell efficiency: 0.300, Output efficiency: 0.266
mdot_h2: 36.09 g/s
Reynolds_number: 9,552,960
Stack prop output power: 844 kW, Pcomp: 60.8 kW
Cell efficiency: 0.297, Output efficiency: 0.263
mdot_h2: 21.57 g/s
Reynolds_number: 9,552,960
Stack prop output power: 1,118 kW, Pcomp: 80.6 kW
Cell efficiency: 0.297, Output efficiency: 0.263
mdot_h2: 28.58 g/s
Reynolds_number: 9,552,960
Stack prop output power: 1,138 kW, Pcomp: 82.0 kW
Cell efficiency: 0.297, Output efficiency: 0.263
mdot_h2: 29.08 g/s
Reynolds_number: 9,552,960
Stack prop output power: 1,139 kW, Pcomp: 82.1 kW
Cell efficiency: 0.297, Output efficiency: 0.263
mdot_h2: 29.12 g/s
Reynolds_number: 11,509,590
Stack prop output power: 875 kW, Pcomp: 8.0 kW
Cell efficiency: 0.271, Output efficiency: 0.255
mdot_h2: 23.06 g/s
Reynolds_number: 11,509,590
Stack prop output power: 1,331 kW, Pcomp: 12.2 kW
Cell efficiency: 0.271, Output efficiency: 0.255
mdot_h2: 35.09 g/s
Reynolds_number: 11,509,590
Stack prop output power: 1,335 kW, Pcomp: 12.2 kW
Cell efficiency: 0.271, Output efficiency: 0.255
mdot_h2: 35.20 g/s
Reynolds_number: 6,709,346
Stack prop output power: 851 kW, Pcomp: 7.4 kW
Cell efficiency: 0.305, Output efficiency: 0.287
mdot_h2: 19.94 g/s
Reynolds_number: 6,709,346
Stack prop output power: 1,294 kW, Pcomp: 11.3 kW
Cell efficiency: 0.305, Output efficiency: 0.287
mdot_h2: 30.35 g/s
Reynolds_number: 6,709,346
Stack prop output power: 1,298 kW, Pcomp: 11.3 kW
Cell efficiency: 0.305, Output efficiency: 0.287
mdot_h2: 30.44 g/s
Reynolds_number: 11,509,590
Stack prop output power: 1,055 kW, Pcomp: 76.1 kW
Cell efficiency: 0.300, Output efficiency: 0.266
mdot_h2: 26.74 g/s
Reynolds_number: 11,509,590
Stack prop output power: 1,398 kW, Pcomp: 100.8 kW
Cell efficiency: 0.300, Output efficiency: 0.266
mdot_h2: 35.42 g/s
Reynolds_number: 11,509,590
Stack prop output power: 1,422 kW, Pcomp: 102.6 kW
Cell efficiency: 0.300, Output efficiency: 0.266
mdot_h2: 36.05 g/s
Reynolds_number: 11,509,590
Stack prop output power: 1,424 kW, Pcomp: 102.7 kW
Cell efficiency: 0.300, Output efficiency: 0.266
mdot_h2: 36.09 g/s
Fuel-cell system mass representative phase: cruise (P_fc_sys=2848.531 kW).

-----------------------
ptotal_climb: 3,553 kW, mtom_est: 14,184 kg, mtom: 13,901 kg, residual: +283.27 kg

MTOM update: newton_prebracket, relax=1.000 -> mtom_next=16,603.37 kg

======================================================
======================= ITER 7 =======================
Reynolds_number: 11,509,590
Stack prop output power: 1,424 kW, Pcomp: 102.8 kW
Cell efficiency: 0.300, Output efficiency: 0.266
mdot_h2: 36.10 g/s
Reynolds_number: 11,509,590
Stack prop output power: 1,681 kW, Pcomp: 121.3 kW
Cell efficiency: 0.300, Output efficiency: 0.266
mdot_h2: 42.61 g/s
Reynolds_number: 11,509,590
Stack prop output power: 1,700 kW, Pcomp: 122.6 kW
Cell efficiency: 0.300, Output efficiency: 0.266
mdot_h2: 43.08 g/s
Reynolds_number: 11,509,590
Stack prop output power: 1,701 kW, Pcomp: 122.7 kW
Cell efficiency: 0.300, Output efficiency: 0.266
mdot_h2: 43.11 g/s
Reynolds_number: 9,552,960
Stack prop output power: 1,139 kW, Pcomp: 82.1 kW
Cell efficiency: 0.297, Output efficiency: 0.263
mdot_h2: 29.12 g/s
Reynolds_number: 9,552,960
Stack prop output power: 1,345 kW, Pcomp: 96.9 kW
Cell efficiency: 0.297, Output efficiency: 0.263
mdot_h2: 34.37 g/s
Reynolds_number: 9,552,960
Stack prop output power: 1,360 kW, Pcomp: 98.0 kW
Cell efficiency: 0.297, Output efficiency: 0.263
mdot_h2: 34.75 g/s
Reynolds_number: 9,552,960
Stack prop output power: 1,361 kW, Pcomp: 98.0 kW
Cell efficiency: 0.297, Output efficiency: 0.263
mdot_h2: 34.78 g/s
Reynolds_number: 11,509,590
Stack prop output power: 1,250 kW, Pcomp: 11.4 kW
Cell efficiency: 0.271, Output efficiency: 0.255
mdot_h2: 32.94 g/s
Reynolds_number: 11,509,590
Stack prop output power: 1,592 kW, Pcomp: 14.6 kW
Cell efficiency: 0.271, Output efficiency: 0.255
mdot_h2: 41.96 g/s
Reynolds_number: 11,509,590
Stack prop output power: 1,595 kW, Pcomp: 14.6 kW
Cell efficiency: 0.271, Output efficiency: 0.255
mdot_h2: 42.05 g/s
Reynolds_number: 6,709,346
Stack prop output power: 1,215 kW, Pcomp: 10.6 kW
Cell efficiency: 0.305, Output efficiency: 0.287
mdot_h2: 28.49 g/s
Reynolds_number: 6,709,346
Stack prop output power: 1,548 kW, Pcomp: 13.5 kW
Cell efficiency: 0.305, Output efficiency: 0.287
mdot_h2: 36.29 g/s
Reynolds_number: 6,709,346
Stack prop output power: 1,551 kW, Pcomp: 13.5 kW
Cell efficiency: 0.305, Output efficiency: 0.287
mdot_h2: 36.36 g/s
Reynolds_number: 11,509,590
Stack prop output power: 1,424 kW, Pcomp: 102.8 kW
Cell efficiency: 0.300, Output efficiency: 0.266
mdot_h2: 36.10 g/s
Reynolds_number: 11,509,590
Stack prop output power: 1,681 kW, Pcomp: 121.3 kW
Cell efficiency: 0.300, Output efficiency: 0.266
mdot_h2: 42.61 g/s
Reynolds_number: 11,509,590
Stack prop output power: 1,700 kW, Pcomp: 122.6 kW
Cell efficiency: 0.300, Output efficiency: 0.266
mdot_h2: 43.08 g/s
Reynolds_number: 11,509,590
Stack prop output power: 1,701 kW, Pcomp: 122.7 kW
Cell efficiency: 0.300, Output efficiency: 0.266
mdot_h2: 43.11 g/s
Fuel-cell system mass representative phase: cruise (P_fc_sys=3402.269 kW).

-----------------------
ptotal_climb: 4,244 kW, mtom_est: 16,625 kg, mtom: 16,603 kg, residual: +21.36 kg

MTOM update: newton_prebracket, relax=1.000 -> mtom_next=16,823.70 kg

======================================================
======================= ITER 8 =======================
Reynolds_number: 11,509,590
Stack prop output power: 1,701 kW, Pcomp: 122.7 kW
Cell efficiency: 0.300, Output efficiency: 0.266
mdot_h2: 43.11 g/s
Reynolds_number: 11,509,590
Stack prop output power: 1,722 kW, Pcomp: 124.2 kW
Cell efficiency: 0.300, Output efficiency: 0.266
mdot_h2: 43.65 g/s
Reynolds_number: 11,509,590
Stack prop output power: 1,724 kW, Pcomp: 124.3 kW
Cell efficiency: 0.300, Output efficiency: 0.266
mdot_h2: 43.68 g/s
Reynolds_number: 9,552,960
Stack prop output power: 1,361 kW, Pcomp: 98.1 kW
Cell efficiency: 0.297, Output efficiency: 0.263
mdot_h2: 34.78 g/s
Reynolds_number: 9,552,960
Stack prop output power: 1,378 kW, Pcomp: 99.3 kW
Cell efficiency: 0.297, Output efficiency: 0.263
mdot_h2: 35.21 g/s
Reynolds_number: 9,552,960
Stack prop output power: 1,379 kW, Pcomp: 99.3 kW
Cell efficiency: 0.297, Output efficiency: 0.263
mdot_h2: 35.24 g/s
Reynolds_number: 11,509,590
Stack prop output power: 1,588 kW, Pcomp: 14.5 kW
Cell efficiency: 0.271, Output efficiency: 0.255
mdot_h2: 41.86 g/s
Reynolds_number: 11,509,590
Stack prop output power: 1,616 kW, Pcomp: 14.8 kW
Cell efficiency: 0.271, Output efficiency: 0.255
mdot_h2: 42.60 g/s
Reynolds_number: 6,709,346
Stack prop output power: 1,544 kW, Pcomp: 13.4 kW
Cell efficiency: 0.305, Output efficiency: 0.287
mdot_h2: 36.20 g/s
Reynolds_number: 6,709,346
Stack prop output power: 1,571 kW, Pcomp: 13.7 kW
Cell efficiency: 0.305, Output efficiency: 0.287
mdot_h2: 36.84 g/s
Reynolds_number: 11,509,590
Stack prop output power: 1,701 kW, Pcomp: 122.7 kW
Cell efficiency: 0.300, Output efficiency: 0.266
mdot_h2: 43.11 g/s
Reynolds_number: 11,509,590
Stack prop output power: 1,722 kW, Pcomp: 124.2 kW
Cell efficiency: 0.300, Output efficiency: 0.266
mdot_h2: 43.65 g/s
Reynolds_number: 11,509,590
Stack prop output power: 1,724 kW, Pcomp: 124.3 kW
Cell efficiency: 0.300, Output efficiency: 0.266
mdot_h2: 43.68 g/s
Fuel-cell system mass representative phase: cruise (P_fc_sys=3447.415 kW).

-----------------------
ptotal_climb: 4,300 kW, mtom_est: 16,825 kg, mtom: 16,824 kg, residual: +1.55 kg


CONVERGED

CONVERGED STATE [MTOM iteration 8]
  MTOM=16,825 kg | Wing loading=225.63 kg/m^2 | P/W(climb)=255.58 W/kg
  Phase power: climb=4,300.2 kW | cruise=3,447.4 kW | loiter=2,757.7 kW | takeoff=4,181.0 kW | cruise+charger=3,447.4 kW
  Power split (climb): FC=3,203.0 kW | Battery=1,067.7 kW | Compressor=29.6 kW | Cooling=1,423.0 kW | H2=85.195 g/s
  Compressor max across phases: 248.7 kW (cruise)
  FC representative phase (mass sizing): cruise (3,447.4 kW)
  Mass summary: MTOM=16,825 kg | Powertrain=5,629 kg | Tank=3,084.7 kg | Fuel=1,371.0 kg | Battery=820.6 kg | Nacelle power density=0.73 kW/kg
  Geometry: Main wing area=74.57 m^2 | Horizontal tail area=6.063 m^2 | Horizontal tail location=34.231 m | Vertical tail area=6.077 m^2 | Vertical tail location=33.634 m
  Config: wing loading input=225.61 kg/m^2 | P/W TO/Cl/Cr/Lo=0.18089/0.18599/0.13824/0.11059 kW/kg

=============================================================
========================= CONVERGED =========================
=============================================================
Constraint sizing: ENABLED (min_combined_pw)
Input W/S: 225.61 kg/m^2 (2,212.5 Pa)
Input P/W [kW/kg]: takeoff 0.18089, climb 0.18599, cruise 0.13824, loiter 0.11059
Converged P/W [kW/kg]: takeoff 0.24850, climb 0.25558, cruise 0.20490, loiter 0.16390
-------------------------------------------------------------

# Mission Time
Climb time: 10.09 min (0.17 h)
Cruise time: 238.26 min (3.97 h)
Total flight time: 270.36 min (4.51 h)

# Phase Power Breakdown
Phase      Time[min]     Total[kW]    FC Stack[kW]   Battery[kW]   Compressor[kW]   Cooling[kW]   mdot_H2[g/s]
--------------------------------------------------------------------------------------------------------------
ready           0.00         215.0           215.0           0.0              0.0           0.0         0.0
taxi            5.00         430.0           430.0           0.0              0.0           0.0         8.5
takeoff         1.00       4,181.0         3,115.2       1,038.4             27.4       1,177.9        73.7
climb          10.09       4,300.2         3,203.0       1,067.7             29.6       1,423.0        85.2
cruise        238.26       3,447.4         3,198.7           0.0            248.7       1,406.1        87.4
loiter         15.00       2,757.7         2,559.0           0.0            198.7       1,138.3        70.5
landing         1.00           0.0             0.0           0.0              0.0           0.0         0.0

Pcomp_max (solved phases): 248.7 kW (cruise)
Pnet (climb): 3,883 kW
Pelectricnet (climb): 4,271 kW
eta_pt: 0.9031

# Geometry
Main Wing Area: 74.57 m^2
Wingspan: 25.91 m
Fuselage Length: 36.49 m
Hydrogen Tank Length: 27.48 m
Horizontal Tail Area: 6.06 m^2
Vertical Tail Area: 6.08 m^2
Horizontal Tail span: 5.22 m
Vertical Tail span: 3.40 m
Horizontal Tail X_Position: 34.23 m
Vertical Tail X_Position: 33.63 m

# Single Nacelle (1/2)
Stack(1/2): 997 kg, Compressor: 202 kg, Humidifier: 341 kg, HX: 805 kg
Fuelcell System(FCS; Stack+Compressor+Humidifier+Hx): 2,345 kg
Representative FC phase: cruise
Specific Power of Fuelcell System: 0.735 kW/kg
Stack dimension: dX=0.365 m, dY=0.552 m, dZ=0.552 m
Heat Exchanger dimension: dX=2.019 m, dY=2.019 m, dZ=0.221 m

# ALL Nacelles
FCS_total: 4,691 kg
PMAD: 371 kg
Motors: 567 kg

# Total Mass Breakdown
-----------------------
Powertrain (FCS_total+PMAD+Motors): 5,629 kg
-----------------------
Main Wing: 1,550 kg
Horizontal Tail: 74 kg
Vertical Tail: 116 kg
Fuselage: 1,542 kg
Landing gear(main): 243 kg
Landing gear(nose): 65 kg
Flight Control System: 366 kg
Electric System: 300 kg
Instruments: 219 kg
Hydraulics: 202 kg
Furnishing: 894 kg
-----------------------
Operating Empty Mass(OEM): 5,570 kg
-----------------------
Hydrogen Tank: 3,085 kg
Hydrogen Fuel: 1,371.0 kg
Battery: 820.6 kg
-----------------------
Payload: 350 kg
-----------------------
Maximum Takeoff Mass(MTOM): 16,825 kg
-----------------------

Wing loading (MTOM/S_wing): 225.63 kg/m^2
Power-to-weight (maxPow/MTOM): 255.58 W/kg

mdot_H2(cruise): 87.4 g/s
Hydrogen Tank Volume: 58.8 m^3
========================== END ==============================


=============================================================
Execution time: 123.0 seconds
=============================================================
