Auto-widening W/S scan window for min_combined_pw: 1900.0..2600.0 -> 1725.0..2775.0 Pa (factor 1.500, lower_hit=True, upper_hit=False, min_on_edge=False).
Auto-widening W/S scan window for min_combined_pw: 1725.0..2775.0 -> 1462.5..3037.5 Pa (factor 1.500, lower_hit=True, upper_hit=False, min_on_edge=False).
ADRpy constraint sizing (min_combined_pw): W/S=2262.5 Pa (230.71 kg/m^2), P/W_TO=0.18667 kW/kg, P/W_climb=0.19016 kW/kg, P/W_cruise=0.06111 kW/kg
Curve minimum (combined/combined): W/S=2262.5 Pa (230.71 kg/m^2), P/W=0.19016 kW/kg
Curve minimum (takeoff/take-off): W/S=1462.5 Pa (149.13 kg/m^2), P/W=0.10196 kW/kg
Curve minimum (climb/climb): W/S=2312.5 Pa (235.81 kg/m^2), P/W=0.18959 kW/kg
Curve minimum (cruise/cruise): W/S=1962.5 Pa (200.12 kg/m^2), P/W=0.06057 kW/kg
======================================================
======================= ITER 1 =======================
Reynolds_number: 6,868,298
Stack prop output power: 500 kW, Pcomp: 41.4 kW
Cell efficiency: 0.294, Output efficiency: 0.258
mdot_h2: 13.06 g/s
Reynolds_number: 6,868,298
Stack prop output power: 251 kW, Pcomp: 20.8 kW
Cell efficiency: 0.294, Output efficiency: 0.258
mdot_h2: 6.57 g/s
Reynolds_number: 6,868,298
Stack prop output power: 231 kW, Pcomp: 19.1 kW
Cell efficiency: 0.294, Output efficiency: 0.258
mdot_h2: 6.03 g/s
Reynolds_number: 6,868,298
Stack prop output power: 229 kW, Pcomp: 19.0 kW
Cell efficiency: 0.294, Output efficiency: 0.258
mdot_h2: 5.99 g/s
Reynolds_number: 5,700,688
Stack prop output power: 500 kW, Pcomp: 41.4 kW
Cell efficiency: 0.293, Output efficiency: 0.257
mdot_h2: 13.11 g/s
Reynolds_number: 5,700,688
Stack prop output power: 209 kW, Pcomp: 17.3 kW
Cell efficiency: 0.293, Output efficiency: 0.257
mdot_h2: 5.49 g/s
Reynolds_number: 5,700,688
Stack prop output power: 185 kW, Pcomp: 15.3 kW
Cell efficiency: 0.293, Output efficiency: 0.257
mdot_h2: 4.86 g/s
Reynolds_number: 5,700,688
Stack prop output power: 183 kW, Pcomp: 15.2 kW
Cell efficiency: 0.293, Output efficiency: 0.257
mdot_h2: 4.81 g/s
Reynolds_number: 6,868,298
Stack prop output power: 338 kW, Pcomp: 3.1 kW
Cell efficiency: 0.259, Output efficiency: 0.243
mdot_h2: 9.34 g/s
Reynolds_number: 6,868,298
Stack prop output power: 490 kW, Pcomp: 4.6 kW
Cell efficiency: 0.259, Output efficiency: 0.243
mdot_h2: 13.54 g/s
Reynolds_number: 6,868,298
Stack prop output power: 491 kW, Pcomp: 4.6 kW
Cell efficiency: 0.259, Output efficiency: 0.243
mdot_h2: 13.58 g/s
Reynolds_number: 6,709,346
Stack prop output power: 341 kW, Pcomp: 3.0 kW
Cell efficiency: 0.305, Output efficiency: 0.287
mdot_h2: 7.99 g/s
Reynolds_number: 6,709,346
Stack prop output power: 481 kW, Pcomp: 4.2 kW
Cell efficiency: 0.305, Output efficiency: 0.287
mdot_h2: 11.27 g/s
Reynolds_number: 6,709,346
Stack prop output power: 482 kW, Pcomp: 4.2 kW
Cell efficiency: 0.305, Output efficiency: 0.287
mdot_h2: 11.30 g/s
Reynolds_number: 6,868,298
Stack prop output power: 500 kW, Pcomp: 41.4 kW
Cell efficiency: 0.294, Output efficiency: 0.258
mdot_h2: 13.06 g/s
Reynolds_number: 6,868,298
Stack prop output power: 251 kW, Pcomp: 20.8 kW
Cell efficiency: 0.294, Output efficiency: 0.258
mdot_h2: 6.57 g/s
Reynolds_number: 6,868,298
Stack prop output power: 231 kW, Pcomp: 19.1 kW
Cell efficiency: 0.294, Output efficiency: 0.258
mdot_h2: 6.03 g/s
Reynolds_number: 6,868,298
Stack prop output power: 229 kW, Pcomp: 19.0 kW
Cell efficiency: 0.294, Output efficiency: 0.258
mdot_h2: 5.99 g/s
Fuel-cell system mass representative phase: climb (P_fc_sys=982.400 kW).

-----------------------
ptotal_climb: 1,307 kW, mtom_est: 5,869 kg, mtom: 5,000 kg, residual: +868.88 kg

MTOM update: initial_bracket_probe_1, relax=1.000 -> mtom_next=5,325.00 kg

======================================================
======================= ITER 2 =======================
Reynolds_number: 6,868,298
Stack prop output power: 229 kW, Pcomp: 18.9 kW
Cell efficiency: 0.294, Output efficiency: 0.258
mdot_h2: 5.98 g/s
Reynolds_number: 6,868,298
Stack prop output power: 243 kW, Pcomp: 20.1 kW
Cell efficiency: 0.294, Output efficiency: 0.258
mdot_h2: 6.34 g/s
Reynolds_number: 6,868,298
Stack prop output power: 244 kW, Pcomp: 20.2 kW
Cell efficiency: 0.294, Output efficiency: 0.258
mdot_h2: 6.37 g/s
Reynolds_number: 5,700,688
Stack prop output power: 183 kW, Pcomp: 15.2 kW
Cell efficiency: 0.293, Output efficiency: 0.257
mdot_h2: 4.81 g/s
Reynolds_number: 5,700,688
Stack prop output power: 194 kW, Pcomp: 16.1 kW
Cell efficiency: 0.293, Output efficiency: 0.257
mdot_h2: 5.09 g/s
Reynolds_number: 5,700,688
Stack prop output power: 195 kW, Pcomp: 16.1 kW
Cell efficiency: 0.293, Output efficiency: 0.257
mdot_h2: 5.12 g/s
Reynolds_number: 6,868,298
Stack prop output power: 481 kW, Pcomp: 4.5 kW
Cell efficiency: 0.259, Output efficiency: 0.243
mdot_h2: 13.29 g/s
Reynolds_number: 6,868,298
Stack prop output power: 523 kW, Pcomp: 4.9 kW
Cell efficiency: 0.259, Output efficiency: 0.243
mdot_h2: 14.45 g/s
Reynolds_number: 6,709,346
Stack prop output power: 472 kW, Pcomp: 4.1 kW
Cell efficiency: 0.305, Output efficiency: 0.287
mdot_h2: 11.06 g/s
Reynolds_number: 6,709,346
Stack prop output power: 513 kW, Pcomp: 4.5 kW
Cell efficiency: 0.305, Output efficiency: 0.287
mdot_h2: 12.03 g/s
Reynolds_number: 6,868,298
Stack prop output power: 229 kW, Pcomp: 18.9 kW
Cell efficiency: 0.294, Output efficiency: 0.258
mdot_h2: 5.98 g/s
Reynolds_number: 6,868,298
Stack prop output power: 243 kW, Pcomp: 20.1 kW
Cell efficiency: 0.294, Output efficiency: 0.258
mdot_h2: 6.34 g/s
Reynolds_number: 6,868,298
Stack prop output power: 244 kW, Pcomp: 20.2 kW
Cell efficiency: 0.294, Output efficiency: 0.258
mdot_h2: 6.37 g/s
Fuel-cell system mass representative phase: climb (P_fc_sys=1046.249 kW).

-----------------------
ptotal_climb: 1,392 kW, mtom_est: 6,118 kg, mtom: 5,325 kg, residual: +792.74 kg

MTOM update: initial_bracket_probe_2, relax=1.000 -> mtom_next=5,650.00 kg

======================================================
======================= ITER 3 =======================
Reynolds_number: 6,868,298
Stack prop output power: 244 kW, Pcomp: 20.2 kW
Cell efficiency: 0.294, Output efficiency: 0.258
mdot_h2: 6.37 g/s
Reynolds_number: 6,868,298
Stack prop output power: 258 kW, Pcomp: 21.3 kW
Cell efficiency: 0.294, Output efficiency: 0.258
mdot_h2: 6.73 g/s
Reynolds_number: 6,868,298
Stack prop output power: 259 kW, Pcomp: 21.4 kW
Cell efficiency: 0.294, Output efficiency: 0.258
mdot_h2: 6.76 g/s
Reynolds_number: 5,700,688
Stack prop output power: 195 kW, Pcomp: 16.1 kW
Cell efficiency: 0.293, Output efficiency: 0.257
mdot_h2: 5.12 g/s
Reynolds_number: 5,700,688
Stack prop output power: 206 kW, Pcomp: 17.0 kW
Cell efficiency: 0.293, Output efficiency: 0.257
mdot_h2: 5.40 g/s
Reynolds_number: 5,700,688
Stack prop output power: 207 kW, Pcomp: 17.1 kW
Cell efficiency: 0.293, Output efficiency: 0.257
mdot_h2: 5.43 g/s
Reynolds_number: 6,868,298
Stack prop output power: 513 kW, Pcomp: 4.8 kW
Cell efficiency: 0.259, Output efficiency: 0.243
mdot_h2: 14.17 g/s
Reynolds_number: 6,868,298
Stack prop output power: 555 kW, Pcomp: 5.2 kW
Cell efficiency: 0.259, Output efficiency: 0.243
mdot_h2: 15.34 g/s
Reynolds_number: 6,709,346
Stack prop output power: 503 kW, Pcomp: 4.4 kW
Cell efficiency: 0.305, Output efficiency: 0.287
mdot_h2: 11.79 g/s
Reynolds_number: 6,709,346
Stack prop output power: 544 kW, Pcomp: 4.7 kW
Cell efficiency: 0.305, Output efficiency: 0.287
mdot_h2: 12.76 g/s
Reynolds_number: 6,868,298
Stack prop output power: 244 kW, Pcomp: 20.2 kW
Cell efficiency: 0.294, Output efficiency: 0.258
mdot_h2: 6.37 g/s
Reynolds_number: 6,868,298
Stack prop output power: 258 kW, Pcomp: 21.3 kW
Cell efficiency: 0.294, Output efficiency: 0.258
mdot_h2: 6.73 g/s
Reynolds_number: 6,868,298
Stack prop output power: 259 kW, Pcomp: 21.4 kW
Cell efficiency: 0.294, Output efficiency: 0.258
mdot_h2: 6.76 g/s
Fuel-cell system mass representative phase: climb (P_fc_sys=1110.105 kW).

-----------------------
ptotal_climb: 1,477 kW, mtom_est: 6,366 kg, mtom: 5,650 kg, residual: +716.12 kg

MTOM update: newton_prebracket, relax=1.000 -> mtom_next=7,627.50 kg

======================================================
======================= ITER 4 =======================
Reynolds_number: 6,868,298
Stack prop output power: 259 kW, Pcomp: 21.4 kW
Cell efficiency: 0.294, Output efficiency: 0.258
mdot_h2: 6.76 g/s
Reynolds_number: 6,868,298
Stack prop output power: 342 kW, Pcomp: 28.3 kW
Cell efficiency: 0.294, Output efficiency: 0.258
mdot_h2: 8.93 g/s
Reynolds_number: 6,868,298
Stack prop output power: 349 kW, Pcomp: 28.9 kW
Cell efficiency: 0.294, Output efficiency: 0.258
mdot_h2: 9.11 g/s
Reynolds_number: 6,868,298
Stack prop output power: 349 kW, Pcomp: 28.9 kW
Cell efficiency: 0.294, Output efficiency: 0.258
mdot_h2: 9.13 g/s
Reynolds_number: 5,700,688
Stack prop output power: 207 kW, Pcomp: 17.1 kW
Cell efficiency: 0.293, Output efficiency: 0.257
mdot_h2: 5.43 g/s
Reynolds_number: 5,700,688
Stack prop output power: 274 kW, Pcomp: 22.6 kW
Cell efficiency: 0.293, Output efficiency: 0.257
mdot_h2: 7.17 g/s
Reynolds_number: 5,700,688
Stack prop output power: 279 kW, Pcomp: 23.1 kW
Cell efficiency: 0.293, Output efficiency: 0.257
mdot_h2: 7.32 g/s
Reynolds_number: 6,868,298
Stack prop output power: 491 kW, Pcomp: 4.6 kW
Cell efficiency: 0.259, Output efficiency: 0.243
mdot_h2: 13.57 g/s
Reynolds_number: 6,868,298
Stack prop output power: 747 kW, Pcomp: 6.9 kW
Cell efficiency: 0.259, Output efficiency: 0.243
mdot_h2: 20.65 g/s
Reynolds_number: 6,868,298
Stack prop output power: 749 kW, Pcomp: 7.0 kW
Cell efficiency: 0.259, Output efficiency: 0.243
mdot_h2: 20.72 g/s
Reynolds_number: 6,709,346
Stack prop output power: 482 kW, Pcomp: 4.2 kW
Cell efficiency: 0.305, Output efficiency: 0.287
mdot_h2: 11.29 g/s
Reynolds_number: 6,709,346
Stack prop output power: 733 kW, Pcomp: 6.4 kW
Cell efficiency: 0.305, Output efficiency: 0.287
mdot_h2: 17.19 g/s
Reynolds_number: 6,709,346
Stack prop output power: 735 kW, Pcomp: 6.4 kW
Cell efficiency: 0.305, Output efficiency: 0.287
mdot_h2: 17.24 g/s
Reynolds_number: 6,868,298
Stack prop output power: 259 kW, Pcomp: 21.4 kW
Cell efficiency: 0.294, Output efficiency: 0.258
mdot_h2: 6.76 g/s
Reynolds_number: 6,868,298
Stack prop output power: 342 kW, Pcomp: 28.3 kW
Cell efficiency: 0.294, Output efficiency: 0.258
mdot_h2: 8.93 g/s
Reynolds_number: 6,868,298
Stack prop output power: 349 kW, Pcomp: 28.9 kW
Cell efficiency: 0.294, Output efficiency: 0.258
mdot_h2: 9.11 g/s
Reynolds_number: 6,868,298
Stack prop output power: 349 kW, Pcomp: 28.9 kW
Cell efficiency: 0.294, Output efficiency: 0.258
mdot_h2: 9.13 g/s
Fuel-cell system mass representative phase: climb (P_fc_sys=1498.651 kW).

-----------------------
ptotal_climb: 1,994 kW, mtom_est: 7,901 kg, mtom: 7,628 kg, residual: +273.75 kg

MTOM update: newton_prebracket, relax=1.000 -> mtom_next=8,851.24 kg

======================================================
======================= ITER 5 =======================
Reynolds_number: 6,868,298
Stack prop output power: 349 kW, Pcomp: 28.9 kW
Cell efficiency: 0.294, Output efficiency: 0.258
mdot_h2: 9.13 g/s
Reynolds_number: 6,868,298
Stack prop output power: 401 kW, Pcomp: 33.2 kW
Cell efficiency: 0.294, Output efficiency: 0.258
mdot_h2: 10.47 g/s
Reynolds_number: 6,868,298
Stack prop output power: 405 kW, Pcomp: 33.5 kW
Cell efficiency: 0.294, Output efficiency: 0.258
mdot_h2: 10.58 g/s
Reynolds_number: 5,700,688
Stack prop output power: 280 kW, Pcomp: 23.1 kW
Cell efficiency: 0.293, Output efficiency: 0.257
mdot_h2: 7.33 g/s
Reynolds_number: 5,700,688
Stack prop output power: 321 kW, Pcomp: 26.5 kW
Cell efficiency: 0.293, Output efficiency: 0.257
mdot_h2: 8.41 g/s
Reynolds_number: 5,700,688
Stack prop output power: 324 kW, Pcomp: 26.8 kW
Cell efficiency: 0.293, Output efficiency: 0.257
mdot_h2: 8.50 g/s
Reynolds_number: 6,868,298
Stack prop output power: 710 kW, Pcomp: 6.6 kW
Cell efficiency: 0.259, Output efficiency: 0.243
mdot_h2: 19.62 g/s
Reynolds_number: 6,868,298
Stack prop output power: 868 kW, Pcomp: 8.1 kW
Cell efficiency: 0.259, Output efficiency: 0.243
mdot_h2: 24.00 g/s
Reynolds_number: 6,868,298
Stack prop output power: 870 kW, Pcomp: 8.1 kW
Cell efficiency: 0.259, Output efficiency: 0.243
mdot_h2: 24.04 g/s
Reynolds_number: 6,709,346
Stack prop output power: 696 kW, Pcomp: 6.1 kW
Cell efficiency: 0.305, Output efficiency: 0.287
mdot_h2: 16.32 g/s
Reynolds_number: 6,709,346
Stack prop output power: 852 kW, Pcomp: 7.4 kW
Cell efficiency: 0.305, Output efficiency: 0.287
mdot_h2: 19.97 g/s
Reynolds_number: 6,709,346
Stack prop output power: 853 kW, Pcomp: 7.4 kW
Cell efficiency: 0.305, Output efficiency: 0.287
mdot_h2: 20.00 g/s
Reynolds_number: 6,868,298
Stack prop output power: 349 kW, Pcomp: 28.9 kW
Cell efficiency: 0.294, Output efficiency: 0.258
mdot_h2: 9.13 g/s
Reynolds_number: 6,868,298
Stack prop output power: 401 kW, Pcomp: 33.2 kW
Cell efficiency: 0.294, Output efficiency: 0.258
mdot_h2: 10.47 g/s
Reynolds_number: 6,868,298
Stack prop output power: 405 kW, Pcomp: 33.5 kW
Cell efficiency: 0.294, Output efficiency: 0.258
mdot_h2: 10.58 g/s
Fuel-cell system mass representative phase: climb (P_fc_sys=1739.092 kW).

-----------------------
ptotal_climb: 2,313 kW, mtom_est: 8,854 kg, mtom: 8,851 kg, residual: +2.83 kg


CONVERGED

CONVERGED STATE [MTOM iteration 5]
  MTOM=8,854 kg | Wing loading=230.78 kg/m^2 | P/W(climb)=261.28 W/kg
  Phase power: climb=2,313.4 kW | cruise=810.9 kW | loiter=648.7 kW | takeoff=2,269.9 kW | cruise+charger=810.9 kW
  Power split (climb): FC=1,722.9 kW | Battery=574.3 kW | Compressor=16.2 kW | Cooling=808.9 kW | H2=48.083 g/s
  Compressor max across phases: 67.0 kW (cruise)
  FC representative phase (mass sizing): climb (1,739.1 kW)
  Mass summary: MTOM=8,854 kg | Powertrain=3,597 kg | Tank=785.2 kg | Fuel=349.0 kg | Battery=492.1 kg | Nacelle power density=0.56 kW/kg
  Geometry: Main wing area=38.37 m^2 | Horizontal tail area=5.884 m^2 | Horizontal tail location=13.771 m | Vertical tail area=6.032 m^2 | Vertical tail location=13.159 m
  Config: wing loading input=230.71 kg/m^2 | P/W TO/Cl/Cr/Lo=0.18667/0.19016/0.06111/0.04889 kW/kg

=============================================================
========================= CONVERGED =========================
=============================================================
Constraint sizing: ENABLED (min_combined_pw)
Input W/S: 230.71 kg/m^2 (2,262.5 Pa)
Input P/W [kW/kg]: takeoff 0.18667, climb 0.19016, cruise 0.06111, loiter 0.04889
Converged P/W [kW/kg]: takeoff 0.25637, climb 0.26128, cruise 0.09159, loiter 0.07327
-------------------------------------------------------------

# Mission Time
Climb time: 11.36 min (0.19 h)
Cruise time: 233.92 min (3.90 h)
Total flight time: 267.27 min (4.45 h)

# Phase Power Breakdown
Phase      Time[min]     Total[kW]    FC Stack[kW]   Battery[kW]   Compressor[kW]   Cooling[kW]   mdot_H2[g/s]
--------------------------------------------------------------------------------------------------------------
ready           0.00         115.7           115.7           0.0              0.0           0.0         0.0
taxi            5.00         231.3           231.3           0.0              0.0           0.0         4.8
takeoff         1.00       2,269.9         1,691.3         563.8             14.9         634.0        40.0
climb          11.36       2,313.4         1,722.9         574.3             16.2         808.9        48.1
cruise        233.92         810.9           743.9           0.0             67.0         340.7        21.2
loiter         15.00         648.7           595.1           0.0             53.6         274.1        17.0
landing         1.00           0.0             0.0           0.0              0.0           0.0         0.0

Pcomp_max (solved phases): 67.0 kW (cruise)
Pnet (climb): 2,089 kW
Pelectricnet (climb): 2,297 kW
eta_pt: 0.9031

# Geometry
Main Wing Area: 38.37 m^2
Wingspan: 18.58 m
Fuselage Length: 16.00 m
Hydrogen Tank Length: 6.99 m
Horizontal Tail Area: 5.88 m^2
Vertical Tail Area: 6.03 m^2
Horizontal Tail span: 5.15 m
Vertical Tail span: 3.39 m
Horizontal Tail X_Position: 13.77 m
Vertical Tail X_Position: 13.16 m

# Single Nacelle (1/2)
Stack(1/2): 541 kg, Compressor: 53 kg, Humidifier: 255 kg, HX: 695 kg
Fuelcell System(FCS; Stack+Compressor+Humidifier+Hx): 1,545 kg
Representative FC phase: climb
Specific Power of Fuelcell System: 0.563 kW/kg
Stack dimension: dX=0.415 m, dY=0.381 m, dZ=0.381 m
Heat Exchanger dimension: dX=1.998 m, dY=1.998 m, dZ=0.195 m

# ALL Nacelles
FCS_total: 3,090 kg
PMAD: 202 kg
Motors: 305 kg

# Total Mass Breakdown
-----------------------
Powertrain (FCS_total+PMAD+Motors): 3,597 kg
-----------------------
Main Wing: 680 kg
Horizontal Tail: 48 kg
Vertical Tail: 81 kg
Fuselage: 450 kg
Landing gear(main): 243 kg
Landing gear(nose): 65 kg
Flight Control System: 366 kg
Electric System: 300 kg
Instruments: 122 kg
Hydraulics: 106 kg
Furnishing: 471 kg
-----------------------
Operating Empty Mass(OEM): 2,931 kg
-----------------------
Hydrogen Tank: 785 kg
Hydrogen Fuel: 349.0 kg
Battery: 492.1 kg
-----------------------
Payload: 700 kg
-----------------------
Maximum Takeoff Mass(MTOM): 8,854 kg
-----------------------

Wing loading (MTOM/S_wing): 230.78 kg/m^2
Power-to-weight (maxPow/MTOM): 261.28 W/kg

mdot_H2(cruise): 21.2 g/s
Hydrogen Tank Volume: 15.0 m^3
========================== END ==============================


=============================================================
Execution time: 75.4 seconds
=============================================================
