Auto-widening W/S scan window for min_combined_pw: 1900.0..2600.0 -> 1725.0..2775.0 Pa (factor 1.500, lower_hit=True, upper_hit=False, min_on_edge=False).
Auto-widening W/S scan window for min_combined_pw: 1725.0..2775.0 -> 1462.5..3037.5 Pa (factor 1.500, lower_hit=True, upper_hit=False, min_on_edge=False).
ADRpy constraint sizing (min_combined_pw): W/S=2262.5 Pa (230.71 kg/m^2), P/W_TO=0.18667 kW/kg, P/W_climb=0.19016 kW/kg, P/W_cruise=0.06111 kW/kg
Curve minimum (combined/combined): W/S=2262.5 Pa (230.71 kg/m^2), P/W=0.19016 kW/kg
Curve minimum (takeoff/take-off): W/S=1462.5 Pa (149.13 kg/m^2), P/W=0.10196 kW/kg
Curve minimum (climb/climb): W/S=2312.5 Pa (235.81 kg/m^2), P/W=0.18959 kW/kg
Curve minimum (cruise/cruise): W/S=1962.5 Pa (200.12 kg/m^2), P/W=0.06057 kW/kg
======================================================
======================= ITER 1 =======================
Reynolds_number: 6,868,298
Stack prop output power: 500 kW, Pcomp: 41.4 kW
Cell efficiency: 0.294, Output efficiency: 0.258
mdot_h2: 13.06 g/s
Reynolds_number: 6,868,298
Stack prop output power: 251 kW, Pcomp: 20.8 kW
Cell efficiency: 0.294, Output efficiency: 0.258
mdot_h2: 6.57 g/s
Reynolds_number: 6,868,298
Stack prop output power: 231 kW, Pcomp: 19.1 kW
Cell efficiency: 0.294, Output efficiency: 0.258
mdot_h2: 6.03 g/s
Reynolds_number: 6,868,298
Stack prop output power: 229 kW, Pcomp: 19.0 kW
Cell efficiency: 0.294, Output efficiency: 0.258
mdot_h2: 5.99 g/s
Reynolds_number: 5,700,688
Stack prop output power: 500 kW, Pcomp: 41.4 kW
Cell efficiency: 0.293, Output efficiency: 0.257
mdot_h2: 13.11 g/s
Reynolds_number: 5,700,688
Stack prop output power: 209 kW, Pcomp: 17.3 kW
Cell efficiency: 0.293, Output efficiency: 0.257
mdot_h2: 5.49 g/s
Reynolds_number: 5,700,688
Stack prop output power: 185 kW, Pcomp: 15.3 kW
Cell efficiency: 0.293, Output efficiency: 0.257
mdot_h2: 4.86 g/s
Reynolds_number: 5,700,688
Stack prop output power: 183 kW, Pcomp: 15.2 kW
Cell efficiency: 0.293, Output efficiency: 0.257
mdot_h2: 4.81 g/s
Reynolds_number: 6,868,298
Stack prop output power: 338 kW, Pcomp: 3.1 kW
Cell efficiency: 0.259, Output efficiency: 0.243
mdot_h2: 9.34 g/s
Reynolds_number: 6,868,298
Stack prop output power: 490 kW, Pcomp: 4.6 kW
Cell efficiency: 0.259, Output efficiency: 0.243
mdot_h2: 13.54 g/s
Reynolds_number: 6,868,298
Stack prop output power: 491 kW, Pcomp: 4.6 kW
Cell efficiency: 0.259, Output efficiency: 0.243
mdot_h2: 13.58 g/s
Reynolds_number: 6,709,346
Stack prop output power: 341 kW, Pcomp: 3.0 kW
Cell efficiency: 0.305, Output efficiency: 0.287
mdot_h2: 7.99 g/s
Reynolds_number: 6,709,346
Stack prop output power: 481 kW, Pcomp: 4.2 kW
Cell efficiency: 0.305, Output efficiency: 0.287
mdot_h2: 11.27 g/s
Reynolds_number: 6,709,346
Stack prop output power: 482 kW, Pcomp: 4.2 kW
Cell efficiency: 0.305, Output efficiency: 0.287
mdot_h2: 11.30 g/s
Reynolds_number: 6,868,298
Stack prop output power: 500 kW, Pcomp: 41.4 kW
Cell efficiency: 0.294, Output efficiency: 0.258
mdot_h2: 13.06 g/s
Reynolds_number: 6,868,298
Stack prop output power: 251 kW, Pcomp: 20.8 kW
Cell efficiency: 0.294, Output efficiency: 0.258
mdot_h2: 6.57 g/s
Reynolds_number: 6,868,298
Stack prop output power: 231 kW, Pcomp: 19.1 kW
Cell efficiency: 0.294, Output efficiency: 0.258
mdot_h2: 6.03 g/s
Reynolds_number: 6,868,298
Stack prop output power: 229 kW, Pcomp: 19.0 kW
Cell efficiency: 0.294, Output efficiency: 0.258
mdot_h2: 5.99 g/s
Fuel-cell system mass representative phase: climb (P_fc_sys=982.400 kW).

-----------------------
ptotal_climb: 1,307 kW, mtom_est: 5,363 kg, mtom: 5,000 kg, residual: +363.12 kg

MTOM update: initial_bracket_probe_1, relax=1.000 -> mtom_next=5,325.00 kg

======================================================
======================= ITER 2 =======================
Reynolds_number: 6,868,298
Stack prop output power: 229 kW, Pcomp: 18.9 kW
Cell efficiency: 0.294, Output efficiency: 0.258
mdot_h2: 5.98 g/s
Reynolds_number: 6,868,298
Stack prop output power: 243 kW, Pcomp: 20.1 kW
Cell efficiency: 0.294, Output efficiency: 0.258
mdot_h2: 6.34 g/s
Reynolds_number: 6,868,298
Stack prop output power: 244 kW, Pcomp: 20.2 kW
Cell efficiency: 0.294, Output efficiency: 0.258
mdot_h2: 6.37 g/s
Reynolds_number: 5,700,688
Stack prop output power: 183 kW, Pcomp: 15.2 kW
Cell efficiency: 0.293, Output efficiency: 0.257
mdot_h2: 4.81 g/s
Reynolds_number: 5,700,688
Stack prop output power: 194 kW, Pcomp: 16.1 kW
Cell efficiency: 0.293, Output efficiency: 0.257
mdot_h2: 5.09 g/s
Reynolds_number: 5,700,688
Stack prop output power: 195 kW, Pcomp: 16.1 kW
Cell efficiency: 0.293, Output efficiency: 0.257
mdot_h2: 5.12 g/s
Reynolds_number: 6,868,298
Stack prop output power: 481 kW, Pcomp: 4.5 kW
Cell efficiency: 0.259, Output efficiency: 0.243
mdot_h2: 13.29 g/s
Reynolds_number: 6,868,298
Stack prop output power: 523 kW, Pcomp: 4.9 kW
Cell efficiency: 0.259, Output efficiency: 0.243
mdot_h2: 14.45 g/s
Reynolds_number: 6,709,346
Stack prop output power: 472 kW, Pcomp: 4.1 kW
Cell efficiency: 0.305, Output efficiency: 0.287
mdot_h2: 11.06 g/s
Reynolds_number: 6,709,346
Stack prop output power: 513 kW, Pcomp: 4.5 kW
Cell efficiency: 0.305, Output efficiency: 0.287
mdot_h2: 12.03 g/s
Reynolds_number: 6,868,298
Stack prop output power: 229 kW, Pcomp: 18.9 kW
Cell efficiency: 0.294, Output efficiency: 0.258
mdot_h2: 5.98 g/s
Reynolds_number: 6,868,298
Stack prop output power: 243 kW, Pcomp: 20.1 kW
Cell efficiency: 0.294, Output efficiency: 0.258
mdot_h2: 6.34 g/s
Reynolds_number: 6,868,298
Stack prop output power: 244 kW, Pcomp: 20.2 kW
Cell efficiency: 0.294, Output efficiency: 0.258
mdot_h2: 6.37 g/s
Fuel-cell system mass representative phase: climb (P_fc_sys=1046.249 kW).

-----------------------
ptotal_climb: 1,392 kW, mtom_est: 5,602 kg, mtom: 5,325 kg, residual: +277.14 kg

MTOM update: initial_bracket_probe_2, relax=1.000 -> mtom_next=5,650.00 kg

======================================================
======================= ITER 3 =======================
Reynolds_number: 6,868,298
Stack prop output power: 244 kW, Pcomp: 20.2 kW
Cell efficiency: 0.294, Output efficiency: 0.258
mdot_h2: 6.37 g/s
Reynolds_number: 6,868,298
Stack prop output power: 258 kW, Pcomp: 21.3 kW
Cell efficiency: 0.294, Output efficiency: 0.258
mdot_h2: 6.73 g/s
Reynolds_number: 6,868,298
Stack prop output power: 259 kW, Pcomp: 21.4 kW
Cell efficiency: 0.294, Output efficiency: 0.258
mdot_h2: 6.76 g/s
Reynolds_number: 5,700,688
Stack prop output power: 195 kW, Pcomp: 16.1 kW
Cell efficiency: 0.293, Output efficiency: 0.257
mdot_h2: 5.12 g/s
Reynolds_number: 5,700,688
Stack prop output power: 206 kW, Pcomp: 17.0 kW
Cell efficiency: 0.293, Output efficiency: 0.257
mdot_h2: 5.40 g/s
Reynolds_number: 5,700,688
Stack prop output power: 207 kW, Pcomp: 17.1 kW
Cell efficiency: 0.293, Output efficiency: 0.257
mdot_h2: 5.43 g/s
Reynolds_number: 6,868,298
Stack prop output power: 513 kW, Pcomp: 4.8 kW
Cell efficiency: 0.259, Output efficiency: 0.243
mdot_h2: 14.17 g/s
Reynolds_number: 6,868,298
Stack prop output power: 555 kW, Pcomp: 5.2 kW
Cell efficiency: 0.259, Output efficiency: 0.243
mdot_h2: 15.34 g/s
Reynolds_number: 6,709,346
Stack prop output power: 503 kW, Pcomp: 4.4 kW
Cell efficiency: 0.305, Output efficiency: 0.287
mdot_h2: 11.79 g/s
Reynolds_number: 6,709,346
Stack prop output power: 544 kW, Pcomp: 4.7 kW
Cell efficiency: 0.305, Output efficiency: 0.287
mdot_h2: 12.76 g/s
Reynolds_number: 6,868,298
Stack prop output power: 244 kW, Pcomp: 20.2 kW
Cell efficiency: 0.294, Output efficiency: 0.258
mdot_h2: 6.37 g/s
Reynolds_number: 6,868,298
Stack prop output power: 258 kW, Pcomp: 21.3 kW
Cell efficiency: 0.294, Output efficiency: 0.258
mdot_h2: 6.73 g/s
Reynolds_number: 6,868,298
Stack prop output power: 259 kW, Pcomp: 21.4 kW
Cell efficiency: 0.294, Output efficiency: 0.258
mdot_h2: 6.76 g/s
Fuel-cell system mass representative phase: climb (P_fc_sys=1110.105 kW).

-----------------------
ptotal_climb: 1,477 kW, mtom_est: 5,841 kg, mtom: 5,650 kg, residual: +190.52 kg

MTOM update: newton_prebracket, relax=1.000 -> mtom_next=6,364.87 kg

======================================================
======================= ITER 4 =======================
Reynolds_number: 6,868,298
Stack prop output power: 259 kW, Pcomp: 21.4 kW
Cell efficiency: 0.294, Output efficiency: 0.258
mdot_h2: 6.76 g/s
Reynolds_number: 6,868,298
Stack prop output power: 289 kW, Pcomp: 23.9 kW
Cell efficiency: 0.294, Output efficiency: 0.258
mdot_h2: 7.55 g/s
Reynolds_number: 6,868,298
Stack prop output power: 291 kW, Pcomp: 24.1 kW
Cell efficiency: 0.294, Output efficiency: 0.258
mdot_h2: 7.61 g/s
Reynolds_number: 5,700,688
Stack prop output power: 207 kW, Pcomp: 17.1 kW
Cell efficiency: 0.293, Output efficiency: 0.257
mdot_h2: 5.43 g/s
Reynolds_number: 5,700,688
Stack prop output power: 231 kW, Pcomp: 19.1 kW
Cell efficiency: 0.293, Output efficiency: 0.257
mdot_h2: 6.06 g/s
Reynolds_number: 5,700,688
Stack prop output power: 233 kW, Pcomp: 19.3 kW
Cell efficiency: 0.293, Output efficiency: 0.257
mdot_h2: 6.11 g/s
Reynolds_number: 6,868,298
Stack prop output power: 532 kW, Pcomp: 4.9 kW
Cell efficiency: 0.259, Output efficiency: 0.243
mdot_h2: 14.71 g/s
Reynolds_number: 6,868,298
Stack prop output power: 624 kW, Pcomp: 5.8 kW
Cell efficiency: 0.259, Output efficiency: 0.243
mdot_h2: 17.26 g/s
Reynolds_number: 6,868,298
Stack prop output power: 625 kW, Pcomp: 5.8 kW
Cell efficiency: 0.259, Output efficiency: 0.243
mdot_h2: 17.29 g/s
Reynolds_number: 6,709,346
Stack prop output power: 522 kW, Pcomp: 4.5 kW
Cell efficiency: 0.305, Output efficiency: 0.287
mdot_h2: 12.23 g/s
Reynolds_number: 6,709,346
Stack prop output power: 613 kW, Pcomp: 5.3 kW
Cell efficiency: 0.305, Output efficiency: 0.287
mdot_h2: 14.37 g/s
Reynolds_number: 6,709,346
Stack prop output power: 613 kW, Pcomp: 5.3 kW
Cell efficiency: 0.305, Output efficiency: 0.287
mdot_h2: 14.38 g/s
Reynolds_number: 6,868,298
Stack prop output power: 259 kW, Pcomp: 21.4 kW
Cell efficiency: 0.294, Output efficiency: 0.258
mdot_h2: 6.76 g/s
Reynolds_number: 6,868,298
Stack prop output power: 289 kW, Pcomp: 23.9 kW
Cell efficiency: 0.294, Output efficiency: 0.258
mdot_h2: 7.55 g/s
Reynolds_number: 6,868,298
Stack prop output power: 291 kW, Pcomp: 24.1 kW
Cell efficiency: 0.294, Output efficiency: 0.258
mdot_h2: 7.61 g/s
Fuel-cell system mass representative phase: climb (P_fc_sys=1250.570 kW).

-----------------------
ptotal_climb: 1,664 kW, mtom_est: 6,371 kg, mtom: 6,365 kg, residual: +6.47 kg

MTOM update: newton_prebracket, relax=1.000 -> mtom_next=6,390.00 kg

======================================================
======================= ITER 5 =======================
Reynolds_number: 6,868,298
Stack prop output power: 292 kW, Pcomp: 24.1 kW
Cell efficiency: 0.294, Output efficiency: 0.258
mdot_h2: 7.62 g/s
Reynolds_number: 6,868,298
Stack prop output power: 293 kW, Pcomp: 24.2 kW
Cell efficiency: 0.294, Output efficiency: 0.258
mdot_h2: 7.64 g/s
Reynolds_number: 5,700,688
Stack prop output power: 233 kW, Pcomp: 19.3 kW
Cell efficiency: 0.293, Output efficiency: 0.257
mdot_h2: 6.12 g/s
Reynolds_number: 5,700,688
Stack prop output power: 234 kW, Pcomp: 19.4 kW
Cell efficiency: 0.293, Output efficiency: 0.257
mdot_h2: 6.14 g/s
Reynolds_number: 6,868,298
Stack prop output power: 624 kW, Pcomp: 5.8 kW
Cell efficiency: 0.259, Output efficiency: 0.243
mdot_h2: 17.27 g/s
Reynolds_number: 6,868,298
Stack prop output power: 628 kW, Pcomp: 5.8 kW
Cell efficiency: 0.259, Output efficiency: 0.243
mdot_h2: 17.36 g/s
Reynolds_number: 6,709,346
Stack prop output power: 613 kW, Pcomp: 5.3 kW
Cell efficiency: 0.305, Output efficiency: 0.287
mdot_h2: 14.37 g/s
Reynolds_number: 6,709,346
Stack prop output power: 616 kW, Pcomp: 5.4 kW
Cell efficiency: 0.305, Output efficiency: 0.287
mdot_h2: 14.44 g/s
Reynolds_number: 6,868,298
Stack prop output power: 292 kW, Pcomp: 24.1 kW
Cell efficiency: 0.294, Output efficiency: 0.258
mdot_h2: 7.62 g/s
Reynolds_number: 6,868,298
Stack prop output power: 293 kW, Pcomp: 24.2 kW
Cell efficiency: 0.294, Output efficiency: 0.258
mdot_h2: 7.64 g/s
Fuel-cell system mass representative phase: climb (P_fc_sys=1255.507 kW).

-----------------------
ptotal_climb: 1,670 kW, mtom_est: 6,390 kg, mtom: 6,390 kg, residual: +0.29 kg


CONVERGED

CONVERGED STATE [MTOM iteration 5]
  MTOM=6,390 kg | Wing loading=230.72 kg/m^2 | P/W(climb)=261.35 W/kg
  Phase power: climb=1,670.1 kW | cruise=585.5 kW | loiter=468.4 kW | takeoff=1,638.7 kW | cruise+charger=585.5 kW
  Power split (climb): FC=1,243.8 kW | Battery=414.6 kW | Compressor=11.7 kW | Cooling=584.1 kW | H2=34.712 g/s
  Compressor max across phases: 48.4 kW (cruise)
  FC representative phase (mass sizing): climb (1,255.5 kW)
  Mass summary: MTOM=6,390 kg | Powertrain=2,590 kg | Tank=460.7 kg | Fuel=204.7 kg | Battery=355.3 kg | Nacelle power density=0.56 kW/kg
  Geometry: Main wing area=27.70 m^2 | Horizontal tail area=4.536 m^2 | Horizontal tail location=11.080 m | Vertical tail area=4.640 m^2 | Vertical tail location=10.581 m
  Config: wing loading input=230.71 kg/m^2 | P/W TO/Cl/Cr/Lo=0.18667/0.19016/0.06111/0.04889 kW/kg

=============================================================
========================= CONVERGED =========================
=============================================================
Constraint sizing: ENABLED (min_combined_pw)
Input W/S: 230.71 kg/m^2 (2,262.5 Pa)
Input P/W [kW/kg]: takeoff 0.18667, climb 0.19016, cruise 0.06111, loiter 0.04889
Converged P/W [kW/kg]: takeoff 0.25644, climb 0.26135, cruise 0.09162, loiter 0.07329
-------------------------------------------------------------

# Mission Time
Climb time: 11.36 min (0.19 h)
Cruise time: 182.33 min (3.04 h)
Total flight time: 215.69 min (3.59 h)

# Phase Power Breakdown
Phase      Time[min]     Total[kW]    FC Stack[kW]   Battery[kW]   Compressor[kW]   Cooling[kW]   mdot_H2[g/s]
--------------------------------------------------------------------------------------------------------------
ready           0.00          83.5            83.5           0.0              0.0           0.0         0.0
taxi            5.00         167.0           167.0           0.0              0.0           0.0         3.5
takeoff         1.00       1,638.7         1,221.0         407.0             10.7         457.9        28.9
climb          11.36       1,670.1         1,243.8         414.6             11.7         584.1        34.7
cruise        182.33         585.5           537.1           0.0             48.4         246.3        15.3
loiter         15.00         468.4           429.7           0.0             38.7         198.1        12.3
landing         1.00           0.0             0.0           0.0              0.0           0.0         0.0

Pcomp_max (solved phases): 48.4 kW (cruise)
Pnet (climb): 1,508 kW
Pelectricnet (climb): 1,658 kW
eta_pt: 0.9031

# Geometry
Main Wing Area: 27.70 m^2
Wingspan: 15.79 m
Fuselage Length: 13.11 m
Hydrogen Tank Length: 4.10 m
Horizontal Tail Area: 4.54 m^2
Vertical Tail Area: 4.64 m^2
Horizontal Tail span: 4.52 m
Vertical Tail span: 2.97 m
Horizontal Tail X_Position: 11.08 m
Vertical Tail X_Position: 10.58 m

# Single Nacelle (1/2)
Stack(1/2): 391 kg, Compressor: 35 kg, Humidifier: 185 kg, HX: 502 kg
Fuelcell System(FCS; Stack+Compressor+Humidifier+Hx): 1,112 kg
Representative FC phase: climb
Specific Power of Fuelcell System: 0.565 kW/kg
Stack dimension: dX=0.415 m, dY=0.324 m, dZ=0.324 m
Heat Exchanger dimension: dX=1.698 m, dY=1.698 m, dZ=0.195 m

# ALL Nacelles
FCS_total: 2,224 kg
PMAD: 146 kg
Motors: 220 kg

# Total Mass Breakdown
-----------------------
Powertrain (FCS_total+PMAD+Motors): 2,590 kg
-----------------------
Main Wing: 453 kg
Horizontal Tail: 32 kg
Vertical Tail: 59 kg
Fuselage: 342 kg
Landing gear(main): 243 kg
Landing gear(nose): 65 kg
Flight Control System: 366 kg
Electric System: 300 kg
Instruments: 92 kg
Hydraulics: 77 kg
Furnishing: 402 kg
-----------------------
Operating Empty Mass(OEM): 2,430 kg
-----------------------
Hydrogen Tank: 461 kg
Hydrogen Fuel: 204.7 kg
Battery: 355.3 kg
-----------------------
Payload: 350 kg
-----------------------
Maximum Takeoff Mass(MTOM): 6,390 kg
-----------------------

Wing loading (MTOM/S_wing): 230.72 kg/m^2
Power-to-weight (maxPow/MTOM): 261.35 W/kg

mdot_H2(cruise): 15.3 g/s
Hydrogen Tank Volume: 8.8 m^3
========================== END ==============================


=============================================================
Execution time: 69.3 seconds
=============================================================
