Auto-widening W/S scan window for min_combined_pw: 1900.0..2600.0 -> 1725.0..2775.0 Pa (factor 1.500, lower_hit=True, upper_hit=False, min_on_edge=False).
Auto-widening W/S scan window for min_combined_pw: 1725.0..2775.0 -> 1462.5..3037.5 Pa (factor 1.500, lower_hit=True, upper_hit=False, min_on_edge=True).
ADRpy minimum combined P/W remains on feasible W/S boundary (2312.5 Pa). Proceeding with current W/S range 1462.5..3037.5 Pa.
ADRpy constraint sizing (min_combined_pw): W/S=2312.5 Pa (235.81 kg/m^2), P/W_TO=0.19250 kW/kg, P/W_climb=0.19395 kW/kg, P/W_cruise=0.07290 kW/kg
Curve minimum (combined/combined): W/S=2312.5 Pa (235.81 kg/m^2), P/W=0.19395 kW/kg
Curve minimum (takeoff/take-off): W/S=1462.5 Pa (149.13 kg/m^2), P/W=0.10196 kW/kg
Curve minimum (climb/climb): W/S=2312.5 Pa (235.81 kg/m^2), P/W=0.19395 kW/kg
Curve minimum (cruise/cruise): W/S=2312.5 Pa (235.81 kg/m^2), P/W=0.07290 kW/kg
======================================================
======================= ITER 1 =======================
Reynolds_number: 7,831,819
Stack prop output power: 500 kW, Pcomp: 46.9 kW
Cell efficiency: 0.294, Output efficiency: 0.255
mdot_h2: 13.17 g/s
Reynolds_number: 7,831,819
Stack prop output power: 298 kW, Pcomp: 27.9 kW
Cell efficiency: 0.294, Output efficiency: 0.255
mdot_h2: 7.84 g/s
Reynolds_number: 7,831,819
Stack prop output power: 279 kW, Pcomp: 26.1 kW
Cell efficiency: 0.294, Output efficiency: 0.255
mdot_h2: 7.34 g/s
Reynolds_number: 7,831,819
Stack prop output power: 277 kW, Pcomp: 26.0 kW
Cell efficiency: 0.294, Output efficiency: 0.255
mdot_h2: 7.29 g/s
Reynolds_number: 6,500,410
Stack prop output power: 500 kW, Pcomp: 46.9 kW
Cell efficiency: 0.293, Output efficiency: 0.254
mdot_h2: 13.24 g/s
Reynolds_number: 6,500,410
Stack prop output power: 247 kW, Pcomp: 23.2 kW
Cell efficiency: 0.293, Output efficiency: 0.254
mdot_h2: 6.55 g/s
Reynolds_number: 6,500,410
Stack prop output power: 224 kW, Pcomp: 21.0 kW
Cell efficiency: 0.293, Output efficiency: 0.254
mdot_h2: 5.93 g/s
Reynolds_number: 6,500,410
Stack prop output power: 222 kW, Pcomp: 20.8 kW
Cell efficiency: 0.293, Output efficiency: 0.254
mdot_h2: 5.87 g/s
Reynolds_number: 7,831,819
Stack prop output power: 335 kW, Pcomp: 3.1 kW
Cell efficiency: 0.254, Output efficiency: 0.239
mdot_h2: 9.42 g/s
Reynolds_number: 7,831,819
Stack prop output power: 499 kW, Pcomp: 4.7 kW
Cell efficiency: 0.254, Output efficiency: 0.239
mdot_h2: 14.06 g/s
Reynolds_number: 7,831,819
Stack prop output power: 501 kW, Pcomp: 4.7 kW
Cell efficiency: 0.254, Output efficiency: 0.239
mdot_h2: 14.10 g/s
Reynolds_number: 6,709,346
Stack prop output power: 336 kW, Pcomp: 2.9 kW
Cell efficiency: 0.305, Output efficiency: 0.287
mdot_h2: 7.87 g/s
Reynolds_number: 6,709,346
Stack prop output power: 496 kW, Pcomp: 4.3 kW
Cell efficiency: 0.305, Output efficiency: 0.287
mdot_h2: 11.62 g/s
Reynolds_number: 6,709,346
Stack prop output power: 497 kW, Pcomp: 4.3 kW
Cell efficiency: 0.305, Output efficiency: 0.287
mdot_h2: 11.65 g/s
Reynolds_number: 7,831,819
Stack prop output power: 500 kW, Pcomp: 46.9 kW
Cell efficiency: 0.294, Output efficiency: 0.255
mdot_h2: 13.17 g/s
Reynolds_number: 7,831,819
Stack prop output power: 298 kW, Pcomp: 27.9 kW
Cell efficiency: 0.294, Output efficiency: 0.255
mdot_h2: 7.84 g/s
Reynolds_number: 7,831,819
Stack prop output power: 279 kW, Pcomp: 26.1 kW
Cell efficiency: 0.294, Output efficiency: 0.255
mdot_h2: 7.34 g/s
Reynolds_number: 7,831,819
Stack prop output power: 277 kW, Pcomp: 26.0 kW
Cell efficiency: 0.294, Output efficiency: 0.255
mdot_h2: 7.29 g/s
Fuel-cell system mass representative phase: climb (P_fc_sys=1002.095 kW).

-----------------------
ptotal_climb: 1,333 kW, mtom_est: 5,934 kg, mtom: 5,000 kg, residual: +934.30 kg

MTOM update: initial_bracket_probe_1, relax=1.000 -> mtom_next=5,325.00 kg

======================================================
======================= ITER 2 =======================
Reynolds_number: 7,831,819
Stack prop output power: 277 kW, Pcomp: 25.9 kW
Cell efficiency: 0.294, Output efficiency: 0.255
mdot_h2: 7.29 g/s
Reynolds_number: 7,831,819
Stack prop output power: 293 kW, Pcomp: 27.5 kW
Cell efficiency: 0.294, Output efficiency: 0.255
mdot_h2: 7.72 g/s
Reynolds_number: 7,831,819
Stack prop output power: 294 kW, Pcomp: 27.6 kW
Cell efficiency: 0.294, Output efficiency: 0.255
mdot_h2: 7.76 g/s
Reynolds_number: 6,500,410
Stack prop output power: 221 kW, Pcomp: 20.7 kW
Cell efficiency: 0.293, Output efficiency: 0.254
mdot_h2: 5.86 g/s
Reynolds_number: 6,500,410
Stack prop output power: 234 kW, Pcomp: 22.0 kW
Cell efficiency: 0.293, Output efficiency: 0.254
mdot_h2: 6.21 g/s
Reynolds_number: 6,500,410
Stack prop output power: 236 kW, Pcomp: 22.1 kW
Cell efficiency: 0.293, Output efficiency: 0.254
mdot_h2: 6.24 g/s
Reynolds_number: 7,831,819
Stack prop output power: 490 kW, Pcomp: 4.6 kW
Cell efficiency: 0.254, Output efficiency: 0.239
mdot_h2: 13.80 g/s
Reynolds_number: 7,831,819
Stack prop output power: 533 kW, Pcomp: 5.0 kW
Cell efficiency: 0.254, Output efficiency: 0.239
mdot_h2: 15.01 g/s
Reynolds_number: 6,709,346
Stack prop output power: 486 kW, Pcomp: 4.2 kW
Cell efficiency: 0.305, Output efficiency: 0.287
mdot_h2: 11.40 g/s
Reynolds_number: 6,709,346
Stack prop output power: 529 kW, Pcomp: 4.6 kW
Cell efficiency: 0.305, Output efficiency: 0.287
mdot_h2: 12.40 g/s
Reynolds_number: 7,831,819
Stack prop output power: 277 kW, Pcomp: 25.9 kW
Cell efficiency: 0.294, Output efficiency: 0.255
mdot_h2: 7.29 g/s
Reynolds_number: 7,831,819
Stack prop output power: 293 kW, Pcomp: 27.5 kW
Cell efficiency: 0.294, Output efficiency: 0.255
mdot_h2: 7.72 g/s
Reynolds_number: 7,831,819
Stack prop output power: 294 kW, Pcomp: 27.6 kW
Cell efficiency: 0.294, Output efficiency: 0.255
mdot_h2: 7.76 g/s
Fuel-cell system mass representative phase: climb (P_fc_sys=1067.224 kW).

-----------------------
ptotal_climb: 1,420 kW, mtom_est: 6,184 kg, mtom: 5,325 kg, residual: +859.02 kg

MTOM update: initial_bracket_probe_2, relax=1.000 -> mtom_next=5,650.00 kg

======================================================
======================= ITER 3 =======================
Reynolds_number: 7,831,819
Stack prop output power: 295 kW, Pcomp: 27.6 kW
Cell efficiency: 0.294, Output efficiency: 0.255
mdot_h2: 7.76 g/s
Reynolds_number: 7,831,819
Stack prop output power: 311 kW, Pcomp: 29.2 kW
Cell efficiency: 0.294, Output efficiency: 0.255
mdot_h2: 8.19 g/s
Reynolds_number: 7,831,819
Stack prop output power: 312 kW, Pcomp: 29.3 kW
Cell efficiency: 0.294, Output efficiency: 0.255
mdot_h2: 8.23 g/s
Reynolds_number: 6,500,410
Stack prop output power: 236 kW, Pcomp: 22.1 kW
Cell efficiency: 0.293, Output efficiency: 0.254
mdot_h2: 6.24 g/s
Reynolds_number: 6,500,410
Stack prop output power: 249 kW, Pcomp: 23.3 kW
Cell efficiency: 0.293, Output efficiency: 0.254
mdot_h2: 6.59 g/s
Reynolds_number: 6,500,410
Stack prop output power: 250 kW, Pcomp: 23.4 kW
Cell efficiency: 0.293, Output efficiency: 0.254
mdot_h2: 6.62 g/s
Reynolds_number: 7,831,819
Stack prop output power: 523 kW, Pcomp: 4.9 kW
Cell efficiency: 0.254, Output efficiency: 0.239
mdot_h2: 14.72 g/s
Reynolds_number: 7,831,819
Stack prop output power: 566 kW, Pcomp: 5.3 kW
Cell efficiency: 0.254, Output efficiency: 0.239
mdot_h2: 15.93 g/s
Reynolds_number: 6,709,346
Stack prop output power: 519 kW, Pcomp: 4.5 kW
Cell efficiency: 0.305, Output efficiency: 0.287
mdot_h2: 12.16 g/s
Reynolds_number: 6,709,346
Stack prop output power: 561 kW, Pcomp: 4.9 kW
Cell efficiency: 0.305, Output efficiency: 0.287
mdot_h2: 13.16 g/s
Reynolds_number: 7,831,819
Stack prop output power: 295 kW, Pcomp: 27.6 kW
Cell efficiency: 0.294, Output efficiency: 0.255
mdot_h2: 7.76 g/s
Reynolds_number: 7,831,819
Stack prop output power: 311 kW, Pcomp: 29.2 kW
Cell efficiency: 0.294, Output efficiency: 0.255
mdot_h2: 8.19 g/s
Reynolds_number: 7,831,819
Stack prop output power: 312 kW, Pcomp: 29.3 kW
Cell efficiency: 0.294, Output efficiency: 0.255
mdot_h2: 8.23 g/s
Fuel-cell system mass representative phase: climb (P_fc_sys=1132.360 kW).

-----------------------
ptotal_climb: 1,506 kW, mtom_est: 6,439 kg, mtom: 5,650 kg, residual: +788.53 kg

MTOM update: newton_prebracket, relax=1.000 -> mtom_next=7,627.50 kg

======================================================
======================= ITER 4 =======================
Reynolds_number: 7,831,819
Stack prop output power: 313 kW, Pcomp: 29.3 kW
Cell efficiency: 0.294, Output efficiency: 0.255
mdot_h2: 8.23 g/s
Reynolds_number: 7,831,819
Stack prop output power: 412 kW, Pcomp: 38.6 kW
Cell efficiency: 0.294, Output efficiency: 0.255
mdot_h2: 10.85 g/s
Reynolds_number: 7,831,819
Stack prop output power: 421 kW, Pcomp: 39.5 kW
Cell efficiency: 0.294, Output efficiency: 0.255
mdot_h2: 11.09 g/s
Reynolds_number: 7,831,819
Stack prop output power: 422 kW, Pcomp: 39.6 kW
Cell efficiency: 0.294, Output efficiency: 0.255
mdot_h2: 11.12 g/s
Reynolds_number: 6,500,410
Stack prop output power: 250 kW, Pcomp: 23.4 kW
Cell efficiency: 0.293, Output efficiency: 0.254
mdot_h2: 6.62 g/s
Reynolds_number: 6,500,410
Stack prop output power: 329 kW, Pcomp: 30.9 kW
Cell efficiency: 0.293, Output efficiency: 0.254
mdot_h2: 8.72 g/s
Reynolds_number: 6,500,410
Stack prop output power: 337 kW, Pcomp: 31.6 kW
Cell efficiency: 0.293, Output efficiency: 0.254
mdot_h2: 8.92 g/s
Reynolds_number: 6,500,410
Stack prop output power: 337 kW, Pcomp: 31.6 kW
Cell efficiency: 0.293, Output efficiency: 0.254
mdot_h2: 8.94 g/s
Reynolds_number: 7,831,819
Stack prop output power: 501 kW, Pcomp: 4.7 kW
Cell efficiency: 0.254, Output efficiency: 0.239
mdot_h2: 14.10 g/s
Reynolds_number: 7,831,819
Stack prop output power: 762 kW, Pcomp: 7.2 kW
Cell efficiency: 0.254, Output efficiency: 0.239
mdot_h2: 21.45 g/s
Reynolds_number: 7,831,819
Stack prop output power: 764 kW, Pcomp: 7.2 kW
Cell efficiency: 0.254, Output efficiency: 0.239
mdot_h2: 21.52 g/s
Reynolds_number: 6,709,346
Stack prop output power: 497 kW, Pcomp: 4.3 kW
Cell efficiency: 0.305, Output efficiency: 0.287
mdot_h2: 11.64 g/s
Reynolds_number: 6,709,346
Stack prop output power: 756 kW, Pcomp: 6.6 kW
Cell efficiency: 0.305, Output efficiency: 0.287
mdot_h2: 17.72 g/s
Reynolds_number: 6,709,346
Stack prop output power: 758 kW, Pcomp: 6.6 kW
Cell efficiency: 0.305, Output efficiency: 0.287
mdot_h2: 17.78 g/s
Reynolds_number: 7,831,819
Stack prop output power: 313 kW, Pcomp: 29.3 kW
Cell efficiency: 0.294, Output efficiency: 0.255
mdot_h2: 8.23 g/s
Reynolds_number: 7,831,819
Stack prop output power: 412 kW, Pcomp: 38.6 kW
Cell efficiency: 0.294, Output efficiency: 0.255
mdot_h2: 10.85 g/s
Reynolds_number: 7,831,819
Stack prop output power: 421 kW, Pcomp: 39.5 kW
Cell efficiency: 0.294, Output efficiency: 0.255
mdot_h2: 11.09 g/s
Reynolds_number: 7,831,819
Stack prop output power: 422 kW, Pcomp: 39.6 kW
Cell efficiency: 0.294, Output efficiency: 0.255
mdot_h2: 11.12 g/s
Fuel-cell system mass representative phase: climb (P_fc_sys=1528.696 kW).

-----------------------
ptotal_climb: 2,033 kW, mtom_est: 7,997 kg, mtom: 7,628 kg, residual: +369.27 kg

MTOM update: newton_prebracket, relax=1.000 -> mtom_next=9,369.20 kg

======================================================
======================= ITER 5 =======================
Reynolds_number: 7,831,819
Stack prop output power: 422 kW, Pcomp: 39.6 kW
Cell efficiency: 0.294, Output efficiency: 0.255
mdot_h2: 11.12 g/s
Reynolds_number: 7,831,819
Stack prop output power: 509 kW, Pcomp: 47.8 kW
Cell efficiency: 0.294, Output efficiency: 0.255
mdot_h2: 13.42 g/s
Reynolds_number: 7,831,819
Stack prop output power: 517 kW, Pcomp: 48.5 kW
Cell efficiency: 0.294, Output efficiency: 0.255
mdot_h2: 13.63 g/s
Reynolds_number: 7,831,819
Stack prop output power: 518 kW, Pcomp: 48.6 kW
Cell efficiency: 0.294, Output efficiency: 0.255
mdot_h2: 13.65 g/s
Reynolds_number: 6,500,410
Stack prop output power: 338 kW, Pcomp: 31.6 kW
Cell efficiency: 0.293, Output efficiency: 0.254
mdot_h2: 8.94 g/s
Reynolds_number: 6,500,410
Stack prop output power: 407 kW, Pcomp: 38.2 kW
Cell efficiency: 0.293, Output efficiency: 0.254
mdot_h2: 10.79 g/s
Reynolds_number: 6,500,410
Stack prop output power: 414 kW, Pcomp: 38.8 kW
Cell efficiency: 0.293, Output efficiency: 0.254
mdot_h2: 10.96 g/s
Reynolds_number: 6,500,410
Stack prop output power: 415 kW, Pcomp: 38.9 kW
Cell efficiency: 0.293, Output efficiency: 0.254
mdot_h2: 10.98 g/s
Reynolds_number: 7,831,819
Stack prop output power: 707 kW, Pcomp: 6.6 kW
Cell efficiency: 0.254, Output efficiency: 0.239
mdot_h2: 19.89 g/s
Reynolds_number: 7,831,819
Stack prop output power: 937 kW, Pcomp: 8.8 kW
Cell efficiency: 0.254, Output efficiency: 0.239
mdot_h2: 26.37 g/s
Reynolds_number: 7,831,819
Stack prop output power: 939 kW, Pcomp: 8.8 kW
Cell efficiency: 0.254, Output efficiency: 0.239
mdot_h2: 26.43 g/s
Reynolds_number: 6,709,346
Stack prop output power: 701 kW, Pcomp: 6.1 kW
Cell efficiency: 0.305, Output efficiency: 0.287
mdot_h2: 16.44 g/s
Reynolds_number: 6,709,346
Stack prop output power: 929 kW, Pcomp: 8.1 kW
Cell efficiency: 0.305, Output efficiency: 0.287
mdot_h2: 21.79 g/s
Reynolds_number: 6,709,346
Stack prop output power: 931 kW, Pcomp: 8.1 kW
Cell efficiency: 0.305, Output efficiency: 0.287
mdot_h2: 21.84 g/s
Reynolds_number: 7,831,819
Stack prop output power: 422 kW, Pcomp: 39.6 kW
Cell efficiency: 0.294, Output efficiency: 0.255
mdot_h2: 11.12 g/s
Reynolds_number: 7,831,819
Stack prop output power: 509 kW, Pcomp: 47.8 kW
Cell efficiency: 0.294, Output efficiency: 0.255
mdot_h2: 13.42 g/s
Reynolds_number: 7,831,819
Stack prop output power: 517 kW, Pcomp: 48.5 kW
Cell efficiency: 0.294, Output efficiency: 0.255
mdot_h2: 13.63 g/s
Reynolds_number: 7,831,819
Stack prop output power: 518 kW, Pcomp: 48.6 kW
Cell efficiency: 0.294, Output efficiency: 0.255
mdot_h2: 13.65 g/s
Fuel-cell system mass representative phase: climb (P_fc_sys=1877.767 kW).

-----------------------
ptotal_climb: 2,498 kW, mtom_est: 9,386 kg, mtom: 9,369 kg, residual: +16.88 kg

MTOM update: newton_prebracket, relax=1.000 -> mtom_next=9,452.65 kg

======================================================
======================= ITER 6 =======================
Reynolds_number: 7,831,819
Stack prop output power: 518 kW, Pcomp: 48.6 kW
Cell efficiency: 0.294, Output efficiency: 0.255
mdot_h2: 13.66 g/s
Reynolds_number: 7,831,819
Stack prop output power: 522 kW, Pcomp: 49.0 kW
Cell efficiency: 0.294, Output efficiency: 0.255
mdot_h2: 13.77 g/s
Reynolds_number: 6,500,410
Stack prop output power: 415 kW, Pcomp: 38.9 kW
Cell efficiency: 0.293, Output efficiency: 0.254
mdot_h2: 10.98 g/s
Reynolds_number: 6,500,410
Stack prop output power: 418 kW, Pcomp: 39.2 kW
Cell efficiency: 0.293, Output efficiency: 0.254
mdot_h2: 11.07 g/s
Reynolds_number: 7,831,819
Stack prop output power: 936 kW, Pcomp: 8.8 kW
Cell efficiency: 0.254, Output efficiency: 0.239
mdot_h2: 26.35 g/s
Reynolds_number: 7,831,819
Stack prop output power: 947 kW, Pcomp: 8.9 kW
Cell efficiency: 0.254, Output efficiency: 0.239
mdot_h2: 26.66 g/s
Reynolds_number: 6,709,346
Stack prop output power: 928 kW, Pcomp: 8.1 kW
Cell efficiency: 0.305, Output efficiency: 0.287
mdot_h2: 21.77 g/s
Reynolds_number: 6,709,346
Stack prop output power: 939 kW, Pcomp: 8.2 kW
Cell efficiency: 0.305, Output efficiency: 0.287
mdot_h2: 22.03 g/s
Reynolds_number: 7,831,819
Stack prop output power: 518 kW, Pcomp: 48.6 kW
Cell efficiency: 0.294, Output efficiency: 0.255
mdot_h2: 13.66 g/s
Reynolds_number: 7,831,819
Stack prop output power: 522 kW, Pcomp: 49.0 kW
Cell efficiency: 0.294, Output efficiency: 0.255
mdot_h2: 13.77 g/s
Fuel-cell system mass representative phase: climb (P_fc_sys=1894.489 kW).

-----------------------
ptotal_climb: 2,520 kW, mtom_est: 9,452 kg, mtom: 9,453 kg, residual: -0.48 kg


CONVERGED

CONVERGED STATE [MTOM iteration 6]
  MTOM=9,452 kg | Wing loading=235.80 kg/m^2 | P/W(climb)=266.61 W/kg
  Phase power: climb=2,520.1 kW | cruise=1,045.8 kW | loiter=836.6 kW | takeoff=2,499.9 kW | cruise+charger=1,045.8 kW
  Power split (climb): FC=1,876.7 kW | Battery=625.6 kW | Compressor=17.8 kW | Cooling=894.0 kW | H2=53.324 g/s
  Compressor max across phases: 98.0 kW (cruise)
  FC representative phase (mass sizing): climb (1,894.5 kW)
  Mass summary: MTOM=9,452 kg | Powertrain=3,836 kg | Tank=863.7 kg | Fuel=383.9 kg | Battery=591.3 kg | Nacelle power density=0.58 kW/kg
  Geometry: Main wing area=40.09 m^2 | Horizontal tail area=5.963 m^2 | Horizontal tail location=14.460 m | Vertical tail area=6.104 m^2 | Vertical tail location=13.844 m
  Config: wing loading input=235.81 kg/m^2 | P/W TO/Cl/Cr/Lo=0.19250/0.19395/0.07290/0.05832 kW/kg

=============================================================
========================= CONVERGED =========================
=============================================================
Constraint sizing: ENABLED (min_combined_pw)
Input W/S: 235.81 kg/m^2 (2,312.5 Pa)
Input P/W [kW/kg]: takeoff 0.19250, climb 0.19395, cruise 0.07290, loiter 0.05832
Converged P/W [kW/kg]: takeoff 0.26448, climb 0.26661, cruise 0.11064, loiter 0.08851
-------------------------------------------------------------

# Mission Time
Climb time: 12.62 min (0.21 h)
Cruise time: 193.31 min (3.22 h)
Total flight time: 227.93 min (3.80 h)

# Phase Power Breakdown
Phase      Time[min]     Total[kW]    FC Stack[kW]   Battery[kW]   Compressor[kW]   Cooling[kW]   mdot_H2[g/s]
--------------------------------------------------------------------------------------------------------------
ready           0.00         126.0           126.0           0.0              0.0           0.0         0.0
taxi            5.00         252.0           252.0           0.0              0.0           0.0         5.3
takeoff         1.00       2,499.9         1,862.6         620.9             16.4         691.8        44.1
climb          12.62       2,520.1         1,876.7         625.6             17.8         894.0        53.3
cruise        193.31       1,045.8           947.8           0.0             98.0         438.7        27.5
loiter         15.00         836.6           758.2           0.0             78.4         353.6        22.1
landing         1.00           0.0             0.0           0.0              0.0           0.0         0.0

Pcomp_max (solved phases): 98.0 kW (cruise)
Pnet (climb): 2,276 kW
Pelectricnet (climb): 2,502 kW
eta_pt: 0.9031

# Geometry
Main Wing Area: 40.09 m^2
Wingspan: 18.99 m
Fuselage Length: 16.70 m
Hydrogen Tank Length: 7.69 m
Horizontal Tail Area: 5.96 m^2
Vertical Tail Area: 6.10 m^2
Horizontal Tail span: 5.18 m
Vertical Tail span: 3.41 m
Horizontal Tail X_Position: 14.46 m
Vertical Tail X_Position: 13.84 m

# Single Nacelle (1/2)
Stack(1/2): 599 kg, Compressor: 70 kg, Humidifier: 295 kg, HX: 677 kg
Fuelcell System(FCS; Stack+Compressor+Humidifier+Hx): 1,641 kg
Representative FC phase: climb
Specific Power of Fuelcell System: 0.577 kW/kg
Stack dimension: dX=0.422 m, dY=0.398 m, dZ=0.398 m
Heat Exchanger dimension: dX=1.938 m, dY=1.938 m, dZ=0.201 m

# ALL Nacelles
FCS_total: 3,283 kg
PMAD: 221 kg
Motors: 332 kg

# Total Mass Breakdown
-----------------------
Powertrain (FCS_total+PMAD+Motors): 3,836 kg
-----------------------
Main Wing: 727 kg
Horizontal Tail: 51 kg
Vertical Tail: 85 kg
Fuselage: 512 kg
Landing gear(main): 243 kg
Landing gear(nose): 65 kg
Flight Control System: 366 kg
Electric System: 300 kg
Instruments: 129 kg
Hydraulics: 113 kg
Furnishing: 487 kg
-----------------------
Operating Empty Mass(OEM): 3,077 kg
-----------------------
Hydrogen Tank: 864 kg
Hydrogen Fuel: 383.9 kg
Battery: 591.3 kg
-----------------------
Payload: 700 kg
-----------------------
Maximum Takeoff Mass(MTOM): 9,452 kg
-----------------------

Wing loading (MTOM/S_wing): 235.80 kg/m^2
Power-to-weight (maxPow/MTOM): 266.61 W/kg

mdot_H2(cruise): 27.5 g/s
Hydrogen Tank Volume: 16.5 m^3
========================== END ==============================


=============================================================
Execution time: 88.5 seconds
=============================================================
