======================================================
======================= ITER 1 =======================
Reynolds_number: 9,133,562
Stack prop output power: 542 kW, Pcomp: 50.8 kW
Cell efficiency: 0.296, Output efficiency: 0.257
mdot_h2: 14.19 g/s
Reynolds_number: 9,133,562
Stack prop output power: 542 kW, Pcomp: 50.8 kW
Cell efficiency: 0.296, Output efficiency: 0.257
mdot_h2: 14.19 g/s
Reynolds_number: 9,133,562
Stack prop output power: 403 kW, Pcomp: 3.8 kW
Cell efficiency: 0.256, Output efficiency: 0.241
mdot_h2: 11.25 g/s
Reynolds_number: 9,133,562
Stack prop output power: 403 kW, Pcomp: 3.8 kW
Cell efficiency: 0.256, Output efficiency: 0.241
mdot_h2: 11.25 g/s
Reynolds_number: 9,133,562
Stack prop output power: 403 kW, Pcomp: 37.8 kW
Cell efficiency: 0.296, Output efficiency: 0.257
mdot_h2: 10.56 g/s

-----------------------
ptotal_climb: 1,459 kW, mtom_est: 6,469 kg, mtom: 5,000 kg, residual: +1,469.28 kg

MTOM update: fixed_point_fallback, relax=1.000 -> mtom_next=6,469.28 kg

======================================================
======================= ITER 2 =======================
Reynolds_number: 9,133,562
Stack prop output power: 701 kW, Pcomp: 65.7 kW
Cell efficiency: 0.296, Output efficiency: 0.257
mdot_h2: 18.35 g/s
Reynolds_number: 9,133,562
Stack prop output power: 701 kW, Pcomp: 65.7 kW
Cell efficiency: 0.296, Output efficiency: 0.257
mdot_h2: 18.35 g/s
Reynolds_number: 9,133,562
Stack prop output power: 522 kW, Pcomp: 4.9 kW
Cell efficiency: 0.256, Output efficiency: 0.241
mdot_h2: 14.56 g/s
Reynolds_number: 9,133,562
Stack prop output power: 522 kW, Pcomp: 4.9 kW
Cell efficiency: 0.256, Output efficiency: 0.241
mdot_h2: 14.56 g/s
Reynolds_number: 9,133,562
Stack prop output power: 522 kW, Pcomp: 48.9 kW
Cell efficiency: 0.296, Output efficiency: 0.257
mdot_h2: 13.66 g/s

-----------------------
ptotal_climb: 1,888 kW, mtom_est: 7,805 kg, mtom: 6,469 kg, residual: +1,336.19 kg

MTOM update: newton, relax=1.000 -> mtom_next=9,703.93 kg

======================================================
======================= ITER 3 =======================
Reynolds_number: 9,133,562
Stack prop output power: 1,051 kW, Pcomp: 98.6 kW
Cell efficiency: 0.296, Output efficiency: 0.257
mdot_h2: 27.53 g/s
Reynolds_number: 9,133,562
Stack prop output power: 1,051 kW, Pcomp: 98.6 kW
Cell efficiency: 0.296, Output efficiency: 0.257
mdot_h2: 27.53 g/s
Reynolds_number: 9,133,562
Stack prop output power: 782 kW, Pcomp: 7.3 kW
Cell efficiency: 0.256, Output efficiency: 0.241
mdot_h2: 21.84 g/s
Reynolds_number: 9,133,562
Stack prop output power: 782 kW, Pcomp: 7.3 kW
Cell efficiency: 0.256, Output efficiency: 0.241
mdot_h2: 21.84 g/s
Reynolds_number: 9,133,562
Stack prop output power: 782 kW, Pcomp: 73.4 kW
Cell efficiency: 0.296, Output efficiency: 0.257
mdot_h2: 20.49 g/s

-----------------------
ptotal_climb: 2,831 kW, mtom_est: 10,788 kg, mtom: 9,704 kg, residual: +1,083.88 kg

MTOM update: newton, relax=1.000 -> mtom_next=14,555.89 kg

======================================================
======================= ITER 4 =======================
Reynolds_number: 9,133,562
Stack prop output power: 1,577 kW, Pcomp: 147.9 kW
Cell efficiency: 0.296, Output efficiency: 0.257
mdot_h2: 41.30 g/s
Reynolds_number: 9,133,562
Stack prop output power: 1,577 kW, Pcomp: 147.9 kW
Cell efficiency: 0.296, Output efficiency: 0.257
mdot_h2: 41.30 g/s
Reynolds_number: 9,133,562
Stack prop output power: 1,174 kW, Pcomp: 11.0 kW
Cell efficiency: 0.256, Output efficiency: 0.241
mdot_h2: 32.76 g/s
Reynolds_number: 9,133,562
Stack prop output power: 1,174 kW, Pcomp: 11.0 kW
Cell efficiency: 0.256, Output efficiency: 0.241
mdot_h2: 32.76 g/s
Reynolds_number: 9,133,562
Stack prop output power: 1,174 kW, Pcomp: 110.1 kW
Cell efficiency: 0.296, Output efficiency: 0.257
mdot_h2: 30.74 g/s

-----------------------
ptotal_climb: 4,247 kW, mtom_est: 15,310 kg, mtom: 14,556 kg, residual: +754.27 kg

MTOM update: newton, relax=1.000 -> mtom_next=21,833.84 kg

======================================================
======================= ITER 5 =======================
Reynolds_number: 9,133,562
Stack prop output power: 2,365 kW, Pcomp: 221.9 kW
Cell efficiency: 0.296, Output efficiency: 0.257
mdot_h2: 61.95 g/s
Reynolds_number: 9,133,562
Stack prop output power: 2,365 kW, Pcomp: 221.9 kW
Cell efficiency: 0.296, Output efficiency: 0.257
mdot_h2: 61.95 g/s
Reynolds_number: 9,133,562
Traceback (most recent call last):
  File "/home/shoh95/Programming/HFCAD/app/main.py", line 2669, in <module>
    main()
  File "/home/shoh95/Programming/HFCAD/app/main.py", line 2643, in main
    cfg_used, phases, mass, _trade_df = runner.run(out_dir=out_dir)
                                        ^^^^^^^^^^^^^^^^^^^^^^^^^^^
  File "/home/shoh95/Programming/HFCAD/app/main.py", line 2145, in run
    return self._run_min_mtom(out_dir=out_dir)
           ^^^^^^^^^^^^^^^^^^^^^^^^^^^^^^^^^^^
  File "/home/shoh95/Programming/HFCAD/app/main.py", line 2245, in _run_min_mtom
    phases_i, mass_i = design.run(initial_mtom_kg=mtom_seed, initial_total_power_guess_w=p_seed)
                       ^^^^^^^^^^^^^^^^^^^^^^^^^^^^^^^^^^^^^^^^^^^^^^^^^^^^^^^^^^^^^^^^^^^^^^^^^
  File "/home/shoh95/Programming/HFCAD/app/main.py", line 1745, in run
    phases["climb"] = self._phase_solver.solve(
                      ^^^^^^^^^^^^^^^^^^^^^^^^^
  File "/home/shoh95/Programming/HFCAD/app/main.py", line 1257, in solve
    nacelle = self._fc.size_nacelle(
              ^^^^^^^^^^^^^^^^^^^^^^
  File "/home/shoh95/Programming/HFCAD/app/main.py", line 1114, in size_nacelle
    geom_comp, power_comp, rho_humid_in, m_dot_comp = compressor_performance_model(
                                                      ^^^^^^^^^^^^^^^^^^^^^^^^^^^^^
  File "/home/shoh95/Programming/HFCAD/app/models/compressor_performance.py", line 100, in compressor_performance_model
    raise ValueError("Rotor outlet enthalpy too high. Reduce RPM!")
ValueError: Rotor outlet enthalpy too high. Reduce RPM!

[run_sweep] FAIL criteria: artifact not found or empty
[run_sweep] expected artifact: results/input_sweep_r1/h5000_M0.35_R2000km_PL350kg/ConvergedData.txt
[run_sweep] exit code: 1
