[command] /home/shoh95/anaconda3/envs/aerofc/bin/python /home/shoh95/Programming/HFCAD/app/main.py -i /home/shoh95/Programming/HFCAD/app/input_sweep_gui_r1/h3000_CK170_R1500000.ini --outdir /home/shoh95/Programming/HFCAD/results/input_sweep_gui_r1
[start] 2026-02-21 05:30:21

Auto-widening W/S scan window for min_combined_pw: 1900.0..2600.0 -> 1725.0..2775.0 Pa (factor 1.500, lower_hit=True, upper_hit=False, min_on_edge=False).
Auto-widening W/S scan window for min_combined_pw: 1725.0..2775.0 -> 1462.5..3037.5 Pa (factor 1.500, lower_hit=True, upper_hit=False, min_on_edge=False).
ADRpy constraint sizing (min_combined_pw): W/S=2162.5 Pa (220.51 kg/m^2), P/W_TO=0.17518 kW/kg, P/W_climb=0.17640 kW/kg, P/W_cruise=0.06730 kW/kg
Curve minimum (combined/combined): W/S=2162.5 Pa (220.51 kg/m^2), P/W=0.17640 kW/kg
Curve minimum (takeoff/take-off): W/S=1462.5 Pa (149.13 kg/m^2), P/W=0.10196 kW/kg
Curve minimum (climb/climb): W/S=2312.5 Pa (235.81 kg/m^2), P/W=0.17444 kW/kg
Curve minimum (cruise/cruise): W/S=2312.5 Pa (235.81 kg/m^2), P/W=0.06644 kW/kg
======================================================
======================= ITER 1 =======================
Fuel-cell system mass representative phase: climb (P_fc_sys=911.053 kW).

-----------------------
ptotal_climb: 1,212 kW, mtom_est: 5,827 kg, mtom: 5,000 kg, residual: +826.73 kg

MTOM update: initial_bracket_probe_1, relax=1.000 -> mtom_next=5,325.00 kg

======================================================
======================= ITER 2 =======================
Fuel-cell system mass representative phase: climb (P_fc_sys=970.266 kW).

-----------------------
ptotal_climb: 1,291 kW, mtom_est: 6,051 kg, mtom: 5,325 kg, residual: +725.93 kg

MTOM update: initial_bracket_probe_2, relax=1.000 -> mtom_next=5,650.00 kg

======================================================
======================= ITER 3 =======================
Fuel-cell system mass representative phase: climb (P_fc_sys=1029.484 kW).

-----------------------
ptotal_climb: 1,370 kW, mtom_est: 6,277 kg, mtom: 5,650 kg, residual: +627.24 kg

MTOM update: newton_prebracket, relax=1.000 -> mtom_next=7,627.50 kg

======================================================
======================= ITER 4 =======================
Fuel-cell system mass representative phase: climb (P_fc_sys=1389.812 kW).

-----------------------
ptotal_climb: 1,849 kW, mtom_est: 7,663 kg, mtom: 7,628 kg, residual: +35.06 kg

MTOM update: newton_prebracket, relax=1.000 -> mtom_next=7,744.58 kg

======================================================
======================= ITER 5 =======================
Fuel-cell system mass representative phase: climb (P_fc_sys=1411.143 kW).

-----------------------
ptotal_climb: 1,877 kW, mtom_est: 7,745 kg, mtom: 7,745 kg, residual: +0.52 kg


CONVERGED

CONVERGED STATE [MTOM iteration 5]
  MTOM=7,745 kg | Wing loading=220.53 kg/m^2 | P/W(climb)=242.38 W/kg
  Phase power: climb=1,877.3 kW | cruise=755.8 kW | loiter=604.6 kW | takeoff=1,863.9 kW | cruise+charger=755.8 kW
  Power split (climb): FC=1,398.4 kW | Battery=466.1 kW | Compressor=12.7 kW | Cooling=613.4 kW | H2=36.341 g/s
  Compressor max across phases: 38.9 kW (cruise)
  FC representative phase (mass sizing): climb (1,411.1 kW)
  Mass summary: MTOM=7,745 kg | Powertrain=2,564 kg | Tank=755.9 kg | Fuel=336.0 kg | Battery=277.2 kg | Nacelle power density=0.65 kW/kg
  Geometry: Main wing area=35.12 m^2 | Horizontal tail area=5.200 m^2 | Horizontal tail location=13.608 m | Vertical tail area=5.307 m^2 | Vertical tail location=13.056 m
  Config: wing loading input=220.51 kg/m^2 | P/W TO/Cl/Cr/Lo=0.17518/0.17640/0.06730/0.05384 kW/kg

=============================================================
========================= CONVERGED =========================
=============================================================
Constraint sizing: ENABLED (min_combined_pw)
Input W/S: 220.51 kg/m^2 (2,162.5 Pa)
Input P/W [kW/kg]: takeoff 0.17518, climb 0.17640, cruise 0.06730, loiter 0.05384
Converged P/W [kW/kg]: takeoff 0.24065, climb 0.24238, cruise 0.09758, loiter 0.07807
-------------------------------------------------------------

# Mission Time
Climb time: 7.57 min (0.13 h)
Cruise time: 266.28 min (4.44 h)
Total flight time: 295.85 min (4.93 h)

# Phase Power Breakdown
Phase      Time[min]     Total[kW]    FC Stack[kW]   Battery[kW]   Compressor[kW]   Cooling[kW]   mdot_H2[g/s]
--------------------------------------------------------------------------------------------------------------
ready           0.00          93.9            93.9           0.0              0.0           0.0         0.0
taxi            5.00         187.7           187.7           0.0              0.0           0.0         3.6
takeoff         1.00       1,863.9         1,388.8         462.9             12.2         535.0        32.8
climb           7.57       1,877.3         1,398.4         466.1             12.7         613.4        36.3
cruise        266.28         755.8           716.9           0.0             38.9         312.0        18.9
loiter         15.00         604.6           573.5           0.0             31.1         251.1        15.2
landing         1.00           0.0             0.0           0.0              0.0           0.0         0.0

Pcomp_max (solved phases): 38.9 kW (cruise)
Pnet (climb): 1,695 kW
Pelectricnet (climb): 1,865 kW
eta_pt: 0.9031

# Geometry
Main Wing Area: 35.12 m^2
Wingspan: 17.78 m
Fuselage Length: 15.74 m
Hydrogen Tank Length: 6.73 m
Horizontal Tail Area: 5.20 m^2
Vertical Tail Area: 5.31 m^2
Horizontal Tail span: 4.84 m
Vertical Tail span: 3.18 m
Horizontal Tail X_Position: 13.61 m
Vertical Tail X_Position: 13.06 m

# Single Nacelle (1/2)
Stack(1/2): 412 kg, Compressor: 27 kg, Humidifier: 165 kg, HX: 474 kg
Fuelcell System(FCS; Stack+Compressor+Humidifier+Hx): 1,077 kg
Representative FC phase: climb
Specific Power of Fuelcell System: 0.655 kW/kg
Stack dimension: dX=0.390 m, dY=0.343 m, dZ=0.343 m
Heat Exchanger dimension: dX=1.614 m, dY=1.614 m, dZ=0.203 m

# ALL Nacelles
FCS_total: 2,155 kg
PMAD: 161 kg
Motors: 248 kg

# Total Mass Breakdown
-----------------------
Powertrain (FCS_total+PMAD+Motors): 2,564 kg
-----------------------
Main Wing: 597 kg
Horizontal Tail: 40 kg
Vertical Tail: 71 kg
Fuselage: 465 kg
Landing gear(main): 243 kg
Landing gear(nose): 65 kg
Flight Control System: 366 kg
Electric System: 300 kg
Instruments: 108 kg
Hydraulics: 93 kg
Furnishing: 465 kg
-----------------------
Operating Empty Mass(OEM): 2,812 kg
-----------------------
Hydrogen Tank: 756 kg
Hydrogen Fuel: 336.0 kg
Battery: 277.2 kg
-----------------------
Payload: 1,000 kg
-----------------------
Maximum Takeoff Mass(MTOM): 7,745 kg
-----------------------

Wing loading (MTOM/S_wing): 220.53 kg/m^2
Power-to-weight (maxPow/MTOM): 242.38 W/kg

mdot_H2(cruise): 18.9 g/s
Hydrogen Tank Volume: 14.4 m^3
========================== END ==============================


=============================================================
Execution time: 5.7 seconds
=============================================================
