[command] /home/shoh95/anaconda3/envs/aerofc/bin/python /home/shoh95/Programming/HFCAD/app/main.py -i /home/shoh95/Programming/HFCAD/app/input_sweep_gui_r1/h4000_CK210_R1500000.ini --outdir /home/shoh95/Programming/HFCAD/results/input_sweep_gui_r1
[start] 2026-02-21 05:30:56

Auto-widening W/S scan window for min_combined_pw: 1900.0..2600.0 -> 1725.0..2775.0 Pa (factor 1.500, lower_hit=True, upper_hit=False, min_on_edge=False).
Auto-widening W/S scan window for min_combined_pw: 1725.0..2775.0 -> 1462.5..3037.5 Pa (factor 1.500, lower_hit=True, upper_hit=False, min_on_edge=False).
ADRpy constraint sizing (min_combined_pw): W/S=2212.5 Pa (225.61 kg/m^2), P/W_TO=0.18089 kW/kg, P/W_climb=0.18512 kW/kg, P/W_cruise=0.09242 kW/kg
Curve minimum (combined/combined): W/S=2212.5 Pa (225.61 kg/m^2), P/W=0.18512 kW/kg
Curve minimum (takeoff/take-off): W/S=1462.5 Pa (149.13 kg/m^2), P/W=0.10196 kW/kg
Curve minimum (climb/climb): W/S=2312.5 Pa (235.81 kg/m^2), P/W=0.18382 kW/kg
Curve minimum (cruise/cruise): W/S=2312.5 Pa (235.81 kg/m^2), P/W=0.09055 kW/kg
======================================================
======================= ITER 1 =======================
Fuel-cell system mass representative phase: climb (P_fc_sys=956.239 kW).

-----------------------
ptotal_climb: 1,272 kW, mtom_est: 6,124 kg, mtom: 5,000 kg, residual: +1,124.04 kg

MTOM update: initial_bracket_probe_1, relax=1.000 -> mtom_next=5,325.00 kg

======================================================
======================= ITER 2 =======================
Fuel-cell system mass representative phase: climb (P_fc_sys=1018.388 kW).

-----------------------
ptotal_climb: 1,355 kW, mtom_est: 6,366 kg, mtom: 5,325 kg, residual: +1,041.26 kg

MTOM update: initial_bracket_probe_2, relax=1.000 -> mtom_next=5,650.00 kg

======================================================
======================= ITER 3 =======================
Fuel-cell system mass representative phase: climb (P_fc_sys=1080.544 kW).

-----------------------
ptotal_climb: 1,437 kW, mtom_est: 6,611 kg, mtom: 5,650 kg, residual: +960.92 kg

MTOM update: newton_prebracket, relax=1.000 -> mtom_next=7,627.50 kg

======================================================
======================= ITER 4 =======================
Fuel-cell system mass representative phase: climb (P_fc_sys=1458.743 kW).

-----------------------
ptotal_climb: 1,941 kW, mtom_est: 8,110 kg, mtom: 7,628 kg, residual: +482.19 kg

MTOM update: newton_prebracket, relax=1.000 -> mtom_next=9,619.25 kg

======================================================
======================= ITER 5 =======================
Fuel-cell system mass representative phase: climb (P_fc_sys=1839.661 kW).

-----------------------
ptotal_climb: 2,447 kW, mtom_est: 9,631 kg, mtom: 9,619 kg, residual: +12.14 kg

MTOM update: newton_prebracket, relax=1.000 -> mtom_next=9,670.71 kg

======================================================
======================= ITER 6 =======================
Fuel-cell system mass representative phase: climb (P_fc_sys=1849.501 kW).

-----------------------
ptotal_climb: 2,460 kW, mtom_est: 9,669 kg, mtom: 9,671 kg, residual: -1.43 kg


CONVERGED

CONVERGED STATE [MTOM iteration 6]
  MTOM=9,669 kg | Wing loading=225.58 kg/m^2 | P/W(climb)=254.45 W/kg
  Phase power: climb=2,460.4 kW | cruise=1,324.8 kW | loiter=1,059.8 kW | takeoff=2,403.4 kW | cruise+charger=1,324.8 kW
  Power split (climb): FC=1,832.6 kW | Battery=610.9 kW | Compressor=16.9 kW | Cooling=827.4 kW | H2=49.326 g/s
  Compressor max across phases: 95.4 kW (cruise)
  FC representative phase (mass sizing): climb (1,849.5 kW)
  Mass summary: MTOM=9,669 kg | Powertrain=3,320 kg | Tank=1,096.7 kg | Fuel=487.4 kg | Battery=469.7 kg | Nacelle power density=0.66 kW/kg
  Geometry: Main wing area=42.86 m^2 | Horizontal tail area=5.682 m^2 | Horizontal tail location=16.574 m | Vertical tail area=5.777 m^2 | Vertical tail location=15.988 m
  Config: wing loading input=225.61 kg/m^2 | P/W TO/Cl/Cr/Lo=0.18089/0.18512/0.09242/0.07394 kW/kg

=============================================================
========================= CONVERGED =========================
=============================================================
Constraint sizing: ENABLED (min_combined_pw)
Input W/S: 225.61 kg/m^2 (2,212.5 Pa)
Input P/W [kW/kg]: takeoff 0.18089, climb 0.18512, cruise 0.09242, loiter 0.07394
Converged P/W [kW/kg]: takeoff 0.24856, climb 0.25445, cruise 0.13701, loiter 0.10960
-------------------------------------------------------------

# Mission Time
Climb time: 10.09 min (0.17 h)
Cruise time: 211.27 min (3.52 h)
Total flight time: 243.36 min (4.06 h)

# Phase Power Breakdown
Phase      Time[min]     Total[kW]    FC Stack[kW]   Battery[kW]   Compressor[kW]   Cooling[kW]   mdot_H2[g/s]
--------------------------------------------------------------------------------------------------------------
ready           0.00         123.0           123.0           0.0              0.0           0.0         0.0
taxi            5.00         246.0           246.0           0.0              0.0           0.0         4.9
takeoff         1.00       2,403.4         1,790.7         596.9             15.7         677.4        42.4
climb          10.09       2,460.4         1,832.6         610.9             16.9         827.4        49.3
cruise        211.27       1,324.8         1,229.3           0.0             95.4         546.8        33.8
loiter         15.00       1,059.8           983.5           0.0             76.3         441.3        27.2
landing         1.00           0.0             0.0           0.0              0.0           0.0         0.0

Pcomp_max (solved phases): 95.4 kW (cruise)
Pnet (climb): 2,222 kW
Pelectricnet (climb): 2,443 kW
eta_pt: 0.9031

# Geometry
Main Wing Area: 42.86 m^2
Wingspan: 19.64 m
Fuselage Length: 18.78 m
Hydrogen Tank Length: 9.77 m
Horizontal Tail Area: 5.68 m^2
Vertical Tail Area: 5.78 m^2
Horizontal Tail span: 5.06 m
Vertical Tail span: 3.31 m
Horizontal Tail X_Position: 16.57 m
Vertical Tail X_Position: 15.99 m

# Single Nacelle (1/2)
Stack(1/2): 557 kg, Compressor: 41 kg, Humidifier: 243 kg, HX: 551 kg
Fuelcell System(FCS; Stack+Compressor+Humidifier+Hx): 1,391 kg
Representative FC phase: climb
Specific Power of Fuelcell System: 0.665 kW/kg
Stack dimension: dX=0.402 m, dY=0.393 m, dZ=0.393 m
Heat Exchanger dimension: dX=1.710 m, dY=1.710 m, dZ=0.210 m

# ALL Nacelles
FCS_total: 2,783 kg
PMAD: 213 kg
Motors: 324 kg

# Total Mass Breakdown
-----------------------
Powertrain (FCS_total+PMAD+Motors): 3,320 kg
-----------------------
Main Wing: 775 kg
Horizontal Tail: 50 kg
Vertical Tail: 83 kg
Fuselage: 632 kg
Landing gear(main): 243 kg
Landing gear(nose): 65 kg
Flight Control System: 366 kg
Electric System: 300 kg
Instruments: 132 kg
Hydraulics: 116 kg
Furnishing: 534 kg
-----------------------
Operating Empty Mass(OEM): 3,296 kg
-----------------------
Hydrogen Tank: 1,097 kg
Hydrogen Fuel: 487.4 kg
Battery: 469.7 kg
-----------------------
Payload: 1,000 kg
-----------------------
Maximum Takeoff Mass(MTOM): 9,669 kg
-----------------------

Wing loading (MTOM/S_wing): 225.58 kg/m^2
Power-to-weight (maxPow/MTOM): 254.45 W/kg

mdot_H2(cruise): 33.8 g/s
Hydrogen Tank Volume: 20.9 m^3
========================== END ==============================


=============================================================
Execution time: 5.5 seconds
=============================================================
