[command] /home/shoh95/anaconda3/envs/aerofc/bin/python /home/shoh95/Programming/HFCAD/app/main.py -i /home/shoh95/Programming/HFCAD/app/input_sweep_gui_r1/h4000_CK240_R1500000.ini --outdir /home/shoh95/Programming/HFCAD/results/input_sweep_gui_r1
[start] 2026-02-21 05:31:03

Auto-widening W/S scan window for min_combined_pw: 1900.0..2600.0 -> 1725.0..2775.0 Pa (factor 1.500, lower_hit=True, upper_hit=False, min_on_edge=False).
Auto-widening W/S scan window for min_combined_pw: 1725.0..2775.0 -> 1462.5..3037.5 Pa (factor 1.500, lower_hit=True, upper_hit=False, min_on_edge=False).
ADRpy constraint sizing (min_combined_pw): W/S=2212.5 Pa (225.61 kg/m^2), P/W_TO=0.18089 kW/kg, P/W_climb=0.18572 kW/kg, P/W_cruise=0.12314 kW/kg
Curve minimum (combined/combined): W/S=2212.5 Pa (225.61 kg/m^2), P/W=0.18572 kW/kg
Curve minimum (takeoff/take-off): W/S=1462.5 Pa (149.13 kg/m^2), P/W=0.10196 kW/kg
Curve minimum (climb/climb): W/S=2312.5 Pa (235.81 kg/m^2), P/W=0.18448 kW/kg
Curve minimum (cruise/cruise): W/S=2312.5 Pa (235.81 kg/m^2), P/W=0.11968 kW/kg
======================================================
======================= ITER 1 =======================
Fuel-cell system mass representative phase: climb (P_fc_sys=959.300 kW).

-----------------------
ptotal_climb: 1,276 kW, mtom_est: 6,242 kg, mtom: 5,000 kg, residual: +1,242.24 kg

MTOM update: initial_bracket_probe_1, relax=1.000 -> mtom_next=5,325.00 kg

======================================================
======================= ITER 2 =======================
Fuel-cell system mass representative phase: climb (P_fc_sys=1021.648 kW).

-----------------------
ptotal_climb: 1,359 kW, mtom_est: 6,491 kg, mtom: 5,325 kg, residual: +1,166.22 kg

MTOM update: initial_bracket_probe_2, relax=1.000 -> mtom_next=5,650.00 kg

======================================================
======================= ITER 3 =======================
Fuel-cell system mass representative phase: climb (P_fc_sys=1084.002 kW).

-----------------------
ptotal_climb: 1,442 kW, mtom_est: 6,743 kg, mtom: 5,650 kg, residual: +1,093.03 kg

MTOM update: newton_prebracket, relax=1.000 -> mtom_next=7,627.50 kg

======================================================
======================= ITER 4 =======================
Fuel-cell system mass representative phase: climb (P_fc_sys=1463.412 kW).

-----------------------
ptotal_climb: 1,947 kW, mtom_est: 8,284 kg, mtom: 7,628 kg, residual: +656.40 kg

MTOM update: newton_prebracket, relax=1.000 -> mtom_next=10,297.12 kg

======================================================
======================= ITER 5 =======================
Fuel-cell system mass representative phase: climb (P_fc_sys=1975.606 kW).

-----------------------
ptotal_climb: 2,628 kW, mtom_est: 10,386 kg, mtom: 10,297 kg, residual: +88.40 kg

MTOM update: newton_prebracket, relax=1.000 -> mtom_next=10,712.62 kg

======================================================
======================= ITER 6 =======================
Fuel-cell system mass representative phase: climb (P_fc_sys=2055.314 kW).

-----------------------
ptotal_climb: 2,734 kW, mtom_est: 10,712 kg, mtom: 10,713 kg, residual: -0.88 kg


CONVERGED

CONVERGED STATE [MTOM iteration 6]
  MTOM=10,712 kg | Wing loading=225.59 kg/m^2 | P/W(climb)=255.25 W/kg
  Phase power: climb=2,734.2 kW | cruise=1,955.3 kW | loiter=1,564.1 kW | takeoff=2,662.3 kW | cruise+charger=1,955.3 kW
  Power split (climb): FC=2,036.5 kW | Battery=678.8 kW | Compressor=18.8 kW | Cooling=909.0 kW | H2=54.346 g/s
  Compressor max across phases: 141.0 kW (cruise)
  FC representative phase (mass sizing): climb (2,055.3 kW)
  Mass summary: MTOM=10,712 kg | Powertrain=3,524 kg | Tank=1,394.2 kg | Fuel=619.7 kg | Battery=521.8 kg | Nacelle power density=0.70 kW/kg
  Geometry: Main wing area=47.48 m^2 | Horizontal tail area=5.650 m^2 | Horizontal tail location=19.229 m | Vertical tail area=5.719 m^2 | Vertical tail location=18.651 m
  Config: wing loading input=225.61 kg/m^2 | P/W TO/Cl/Cr/Lo=0.18089/0.18572/0.12314/0.09851 kW/kg

=============================================================
========================= CONVERGED =========================
=============================================================
Constraint sizing: ENABLED (min_combined_pw)
Input W/S: 225.61 kg/m^2 (2,212.5 Pa)
Input P/W [kW/kg]: takeoff 0.18089, climb 0.18572, cruise 0.12314, loiter 0.09851
Converged P/W [kW/kg]: takeoff 0.24854, climb 0.25525, cruise 0.18254, loiter 0.14602
-------------------------------------------------------------

# Mission Time
Climb time: 10.09 min (0.17 h)
Cruise time: 183.30 min (3.06 h)
Total flight time: 215.40 min (3.59 h)

# Phase Power Breakdown
Phase      Time[min]     Total[kW]    FC Stack[kW]   Battery[kW]   Compressor[kW]   Cooling[kW]   mdot_H2[g/s]
--------------------------------------------------------------------------------------------------------------
ready           0.00         136.7           136.7           0.0              0.0           0.0         0.0
taxi            5.00         273.4           273.4           0.0              0.0           0.0         5.4
takeoff         1.00       2,662.3         1,983.6         661.2             17.4         750.0        46.9
climb          10.09       2,734.2         2,036.5         678.8             18.8         909.0        54.3
cruise        183.30       1,955.3         1,814.4           0.0            141.0         800.4        49.7
loiter         15.00       1,564.1         1,451.5           0.0            112.7         647.3        40.0
landing         1.00           0.0             0.0           0.0              0.0           0.0         0.0

Pcomp_max (solved phases): 141.0 kW (cruise)
Pnet (climb): 2,469 kW
Pelectricnet (climb): 2,715 kW
eta_pt: 0.9031

# Geometry
Main Wing Area: 47.48 m^2
Wingspan: 20.67 m
Fuselage Length: 21.43 m
Hydrogen Tank Length: 12.42 m
Horizontal Tail Area: 5.65 m^2
Vertical Tail Area: 5.72 m^2
Horizontal Tail span: 5.04 m
Vertical Tail span: 3.30 m
Horizontal Tail X_Position: 19.23 m
Vertical Tail X_Position: 18.65 m

# Single Nacelle (1/2)
Stack(1/2): 614 kg, Compressor: 45 kg, Humidifier: 263 kg, HX: 542 kg
Fuelcell System(FCS; Stack+Compressor+Humidifier+Hx): 1,464 kg
Representative FC phase: climb
Specific Power of Fuelcell System: 0.702 kW/kg
Stack dimension: dX=0.400 m, dY=0.414 m, dZ=0.414 m
Heat Exchanger dimension: dX=1.668 m, dY=1.668 m, dZ=0.218 m

# ALL Nacelles
FCS_total: 2,928 kg
PMAD: 236 kg
Motors: 360 kg

# Total Mass Breakdown
-----------------------
Powertrain (FCS_total+PMAD+Motors): 3,524 kg
-----------------------
Main Wing: 882 kg
Horizontal Tail: 53 kg
Vertical Tail: 88 kg
Fuselage: 791 kg
Landing gear(main): 243 kg
Landing gear(nose): 65 kg
Flight Control System: 366 kg
Electric System: 300 kg
Instruments: 144 kg
Hydraulics: 129 kg
Furnishing: 593 kg
-----------------------
Operating Empty Mass(OEM): 3,652 kg
-----------------------
Hydrogen Tank: 1,394 kg
Hydrogen Fuel: 619.7 kg
Battery: 521.8 kg
-----------------------
Payload: 1,000 kg
-----------------------
Maximum Takeoff Mass(MTOM): 10,712 kg
-----------------------

Wing loading (MTOM/S_wing): 225.59 kg/m^2
Power-to-weight (maxPow/MTOM): 255.25 W/kg

mdot_H2(cruise): 49.7 g/s
Hydrogen Tank Volume: 26.6 m^3
========================== END ==============================


=============================================================
Execution time: 5.3 seconds
=============================================================
