[command] /home/shoh95/anaconda3/envs/aerofc/bin/python /home/shoh95/Programming/HFCAD/app/main.py -i /home/shoh95/Programming/HFCAD/app/input_sweep_gui_r1/h3000_PC0.3_PT0.3_R1250.ini --outdir /home/shoh95/Programming/HFCAD/results/input_sweep_gui_r1
[start] 2026-02-21 06:06:50

Auto-widening W/S scan window for min_combined_pw: 1900.0..2600.0 -> 1725.0..2775.0 Pa (factor 1.500, lower_hit=True, upper_hit=False, min_on_edge=False).
Auto-widening W/S scan window for min_combined_pw: 1725.0..2775.0 -> 1462.5..3037.5 Pa (factor 1.500, lower_hit=True, upper_hit=False, min_on_edge=False).
ADRpy constraint sizing (min_combined_pw): W/S=2162.5 Pa (220.51 kg/m^2), P/W_TO=0.17518 kW/kg, P/W_climb=0.17632 kW/kg, P/W_cruise=0.08248 kW/kg
Curve minimum (combined/combined): W/S=2162.5 Pa (220.51 kg/m^2), P/W=0.17632 kW/kg
Curve minimum (takeoff/take-off): W/S=1462.5 Pa (149.13 kg/m^2), P/W=0.10196 kW/kg
Curve minimum (climb/climb): W/S=2312.5 Pa (235.81 kg/m^2), P/W=0.17438 kW/kg
Curve minimum (cruise/cruise): W/S=2312.5 Pa (235.81 kg/m^2), P/W=0.08024 kW/kg
======================================================
======================= ITER 1 =======================
Fuel-cell system mass representative phase: climb (P_fc_sys=848.616 kW).

-----------------------
ptotal_climb: 1,209 kW, mtom_est: 5,631 kg, mtom: 5,000 kg, residual: +630.77 kg

MTOM update: initial_bracket_probe_1, relax=1.000 -> mtom_next=5,325.00 kg

======================================================
======================= ITER 2 =======================
Fuel-cell system mass representative phase: climb (P_fc_sys=903.770 kW).

-----------------------
ptotal_climb: 1,288 kW, mtom_est: 5,842 kg, mtom: 5,325 kg, residual: +517.29 kg

MTOM update: initial_bracket_probe_2, relax=1.000 -> mtom_next=5,650.00 kg

======================================================
======================= ITER 3 =======================
Fuel-cell system mass representative phase: climb (P_fc_sys=958.930 kW).

-----------------------
ptotal_climb: 1,366 kW, mtom_est: 6,055 kg, mtom: 5,650 kg, residual: +404.65 kg

MTOM update: newton_prebracket, relax=1.000 -> mtom_next=6,817.62 kg

======================================================
======================= ITER 4 =======================
Fuel-cell system mass representative phase: climb (P_fc_sys=1157.109 kW).

-----------------------
ptotal_climb: 1,649 kW, mtom_est: 6,824 kg, mtom: 6,818 kg, residual: +6.29 kg

MTOM update: newton_prebracket, relax=1.000 -> mtom_next=6,836.06 kg

======================================================
======================= ITER 5 =======================
Fuel-cell system mass representative phase: climb (P_fc_sys=1160.239 kW).

-----------------------
ptotal_climb: 1,653 kW, mtom_est: 6,836 kg, mtom: 6,836 kg, residual: -0.38 kg


CONVERGED

CONVERGED STATE [MTOM iteration 5]
  MTOM=6,836 kg | Wing loading=220.50 kg/m^2 | P/W(climb)=241.82 W/kg
  Phase power: climb=1,653.0 kW | cruise=817.7 kW | loiter=654.1 kW | takeoff=1,642.0 kW | cruise+charger=817.7 kW
  Power split (climb): FC=1,149.8 kW | Battery=492.8 kW | Compressor=10.4 kW | Cooling=501.5 kW | H2=29.753 g/s
  Compressor max across phases: 42.1 kW (cruise)
  FC representative phase (mass sizing): climb (1,160.2 kW)
  Mass summary: MTOM=6,836 kg | Powertrain=2,046 kg | Tank=599.5 kg | Fuel=266.4 kg | Battery=293.1 kg | Nacelle power density=0.69 kW/kg
  Geometry: Main wing area=31.00 m^2 | Horizontal tail area=4.812 m^2 | Horizontal tail location=12.273 m | Vertical tail area=4.916 m^2 | Vertical tail location=11.753 m
  Config: wing loading input=220.51 kg/m^2 | P/W TO/Cl/Cr/Lo=0.17518/0.17632/0.08248/0.06599 kW/kg

=============================================================
========================= CONVERGED =========================
=============================================================
Constraint sizing: ENABLED (min_combined_pw)
Input W/S: 220.51 kg/m^2 (2,162.5 Pa)
Input P/W [kW/kg]: takeoff 0.17518, climb 0.17632, cruise 0.08248, loiter 0.06599
Converged P/W [kW/kg]: takeoff 0.24021, climb 0.24182, cruise 0.11962, loiter 0.09569
-------------------------------------------------------------

# Mission Time
Climb time: 7.57 min (0.13 h)
Cruise time: 192.16 min (3.20 h)
Total flight time: 221.73 min (3.70 h)

# Phase Power Breakdown
Phase      Time[min]     Total[kW]    FC Stack[kW]   Battery[kW]   Compressor[kW]   Cooling[kW]   mdot_H2[g/s]
--------------------------------------------------------------------------------------------------------------
ready           0.00          82.7            82.7           0.0              0.0           0.0         0.0
taxi            5.00         165.3           165.3           0.0              0.0           0.0         3.0
takeoff         1.00       1,642.0         1,142.4         489.6             10.0         440.2        27.0
climb           7.57       1,653.0         1,149.8         492.8             10.4         501.5        29.8
cruise        192.16         817.7           775.5           0.0             42.1         336.1        20.4
loiter         15.00         654.1           620.4           0.0             33.7         270.8        16.4
landing         1.00           0.0             0.0           0.0              0.0           0.0         0.0

Pcomp_max (solved phases): 42.1 kW (cruise)
Pnet (climb): 1,493 kW
Pelectricnet (climb): 1,643 kW
eta_pt: 0.9031

# Geometry
Main Wing Area: 31.00 m^2
Wingspan: 16.70 m
Fuselage Length: 14.35 m
Hydrogen Tank Length: 5.34 m
Horizontal Tail Area: 4.81 m^2
Vertical Tail Area: 4.92 m^2
Horizontal Tail span: 4.65 m
Vertical Tail span: 3.06 m
Horizontal Tail X_Position: 12.27 m
Vertical Tail X_Position: 11.75 m

# Single Nacelle (1/2)
Stack(1/2): 337 kg, Compressor: 23 kg, Humidifier: 133 kg, HX: 351 kg
Fuelcell System(FCS; Stack+Compressor+Humidifier+Hx): 844 kg
Representative FC phase: climb
Specific Power of Fuelcell System: 0.687 kW/kg
Stack dimension: dX=0.389 m, dY=0.311 m, dZ=0.311 m
Heat Exchanger dimension: dX=1.368 m, dY=1.368 m, dZ=0.209 m

# ALL Nacelles
FCS_total: 1,688 kg
PMAD: 140 kg
Motors: 218 kg

# Total Mass Breakdown
-----------------------
Powertrain (FCS_total+PMAD+Motors): 2,046 kg
-----------------------
Main Wing: 511 kg
Horizontal Tail: 35 kg
Vertical Tail: 63 kg
Fuselage: 436 kg
Landing gear(main): 243 kg
Landing gear(nose): 65 kg
Flight Control System: 366 kg
Electric System: 300 kg
Instruments: 97 kg
Hydraulics: 82 kg
Furnishing: 432 kg
-----------------------
Operating Empty Mass(OEM): 2,631 kg
-----------------------
Hydrogen Tank: 599 kg
Hydrogen Fuel: 266.4 kg
Battery: 293.1 kg
-----------------------
Payload: 1,000 kg
-----------------------
Maximum Takeoff Mass(MTOM): 6,836 kg
-----------------------

Wing loading (MTOM/S_wing): 220.50 kg/m^2
Power-to-weight (maxPow/MTOM): 241.82 W/kg

mdot_H2(cruise): 20.4 g/s
Hydrogen Tank Volume: 11.4 m^3
========================== END ==============================


=============================================================
Execution time: 5.7 seconds
=============================================================
