[command] /home/shoh95/anaconda3/envs/aerofc/bin/python /home/shoh95/Programming/HFCAD/app/main.py -i /home/shoh95/Programming/HFCAD/app/input_sweep_gui_r1/h3000_PC0.35_PT0.35_R1250.ini --outdir /home/shoh95/Programming/HFCAD/results/input_sweep_gui_r1
[start] 2026-02-21 06:06:50

Auto-widening W/S scan window for min_combined_pw: 1900.0..2600.0 -> 1725.0..2775.0 Pa (factor 1.500, lower_hit=True, upper_hit=False, min_on_edge=False).
Auto-widening W/S scan window for min_combined_pw: 1725.0..2775.0 -> 1462.5..3037.5 Pa (factor 1.500, lower_hit=True, upper_hit=False, min_on_edge=False).
ADRpy constraint sizing (min_combined_pw): W/S=2162.5 Pa (220.51 kg/m^2), P/W_TO=0.17518 kW/kg, P/W_climb=0.17632 kW/kg, P/W_cruise=0.08248 kW/kg
Curve minimum (combined/combined): W/S=2162.5 Pa (220.51 kg/m^2), P/W=0.17632 kW/kg
Curve minimum (takeoff/take-off): W/S=1462.5 Pa (149.13 kg/m^2), P/W=0.10196 kW/kg
Curve minimum (climb/climb): W/S=2312.5 Pa (235.81 kg/m^2), P/W=0.17438 kW/kg
Curve minimum (cruise/cruise): W/S=2312.5 Pa (235.81 kg/m^2), P/W=0.08024 kW/kg
======================================================
======================= ITER 1 =======================
Fuel-cell system mass representative phase: climb (P_fc_sys=786.795 kW).

-----------------------
ptotal_climb: 1,207 kW, mtom_est: 5,572 kg, mtom: 5,000 kg, residual: +571.80 kg

MTOM update: initial_bracket_probe_1, relax=1.000 -> mtom_next=5,325.00 kg

======================================================
======================= ITER 2 =======================
Fuel-cell system mass representative phase: climb (P_fc_sys=837.931 kW).

-----------------------
ptotal_climb: 1,285 kW, mtom_est: 5,779 kg, mtom: 5,325 kg, residual: +453.84 kg

MTOM update: initial_bracket_probe_2, relax=1.000 -> mtom_next=5,650.00 kg

======================================================
======================= ITER 3 =======================
Fuel-cell system mass representative phase: climb (P_fc_sys=889.073 kW).

-----------------------
ptotal_climb: 1,364 kW, mtom_est: 5,988 kg, mtom: 5,650 kg, residual: +337.79 kg

MTOM update: newton_prebracket, relax=1.000 -> mtom_next=6,596.02 kg

======================================================
======================= ITER 4 =======================
Fuel-cell system mass representative phase: climb (P_fc_sys=1037.943 kW).

-----------------------
ptotal_climb: 1,592 kW, mtom_est: 6,599 kg, mtom: 6,596 kg, residual: +2.68 kg


CONVERGED

CONVERGED STATE [MTOM iteration 4]
  MTOM=6,599 kg | Wing loading=220.60 kg/m^2 | P/W(climb)=241.23 W/kg
  Phase power: climb=1,591.8 kW | cruise=788.9 kW | loiter=631.1 kW | takeoff=1,581.2 kW | cruise+charger=788.9 kW
  Power split (climb): FC=1,028.6 kW | Battery=553.9 kW | Compressor=9.3 kW | Cooling=448.7 kW | H2=26.617 g/s
  Compressor max across phases: 40.6 kW (cruise)
  FC representative phase (mass sizing): climb (1,037.9 kW)
  Mass summary: MTOM=6,599 kg | Powertrain=1,854 kg | Tank=575.8 kg | Fuel=255.9 kg | Battery=329.4 kg | Nacelle power density=0.69 kW/kg
  Geometry: Main wing area=29.91 m^2 | Horizontal tail area=4.631 m^2 | Horizontal tail location=12.090 m | Vertical tail area=4.725 m^2 | Vertical tail location=11.586 m
  Config: wing loading input=220.51 kg/m^2 | P/W TO/Cl/Cr/Lo=0.17518/0.17632/0.08248/0.06599 kW/kg

=============================================================
========================= CONVERGED =========================
=============================================================
Constraint sizing: ENABLED (min_combined_pw)
Input W/S: 220.51 kg/m^2 (2,162.5 Pa)
Input P/W [kW/kg]: takeoff 0.17518, climb 0.17632, cruise 0.08248, loiter 0.06599
Converged P/W [kW/kg]: takeoff 0.23963, climb 0.24123, cruise 0.11956, loiter 0.09564
-------------------------------------------------------------

# Mission Time
Climb time: 7.57 min (0.13 h)
Cruise time: 192.16 min (3.20 h)
Total flight time: 221.73 min (3.70 h)

# Phase Power Breakdown
Phase      Time[min]     Total[kW]    FC Stack[kW]   Battery[kW]   Compressor[kW]   Cooling[kW]   mdot_H2[g/s]
--------------------------------------------------------------------------------------------------------------
ready           0.00          79.6            79.6           0.0              0.0           0.0         0.0
taxi            5.00         159.2           159.2           0.0              0.0           0.0         2.7
takeoff         1.00       1,581.2         1,022.0         550.3              9.0         393.9        24.2
climb           7.57       1,591.8         1,028.6         553.9              9.3         448.7        26.6
cruise        192.16         788.9           748.3           0.0             40.6         324.2        19.7
loiter         15.00         631.1           598.6           0.0             32.5         261.3        15.8
landing         1.00           0.0             0.0           0.0              0.0           0.0         0.0

Pcomp_max (solved phases): 40.6 kW (cruise)
Pnet (climb): 1,438 kW
Pelectricnet (climb): 1,582 kW
eta_pt: 0.9031

# Geometry
Main Wing Area: 29.91 m^2
Wingspan: 16.41 m
Fuselage Length: 14.14 m
Hydrogen Tank Length: 5.13 m
Horizontal Tail Area: 4.63 m^2
Vertical Tail Area: 4.72 m^2
Horizontal Tail span: 4.56 m
Vertical Tail span: 3.00 m
Horizontal Tail X_Position: 12.09 m
Vertical Tail X_Position: 11.59 m

# Single Nacelle (1/2)
Stack(1/2): 302 kg, Compressor: 20 kg, Humidifier: 119 kg, HX: 314 kg
Fuelcell System(FCS; Stack+Compressor+Humidifier+Hx): 755 kg
Representative FC phase: climb
Specific Power of Fuelcell System: 0.687 kW/kg
Stack dimension: dX=0.389 m, dY=0.294 m, dZ=0.294 m
Heat Exchanger dimension: dX=1.296 m, dY=1.296 m, dZ=0.209 m

# ALL Nacelles
FCS_total: 1,511 kg
PMAD: 133 kg
Motors: 211 kg

# Total Mass Breakdown
-----------------------
Powertrain (FCS_total+PMAD+Motors): 1,854 kg
-----------------------
Main Wing: 489 kg
Horizontal Tail: 33 kg
Vertical Tail: 61 kg
Fuselage: 427 kg
Landing gear(main): 243 kg
Landing gear(nose): 65 kg
Flight Control System: 366 kg
Electric System: 300 kg
Instruments: 94 kg
Hydraulics: 79 kg
Furnishing: 427 kg
-----------------------
Operating Empty Mass(OEM): 2,584 kg
-----------------------
Hydrogen Tank: 576 kg
Hydrogen Fuel: 255.9 kg
Battery: 329.4 kg
-----------------------
Payload: 1,000 kg
-----------------------
Maximum Takeoff Mass(MTOM): 6,599 kg
-----------------------

Wing loading (MTOM/S_wing): 220.60 kg/m^2
Power-to-weight (maxPow/MTOM): 241.23 W/kg

mdot_H2(cruise): 19.7 g/s
Hydrogen Tank Volume: 11.0 m^3
========================== END ==============================


=============================================================
Execution time: 5.4 seconds
=============================================================
