======================================================
======================= ITER 1 =======================
Reynolds_number: 17,462,779
Stack prop output power: 432 kW, Pcomp: 22.5 kW
Cell efficiency: 0.308, Output efficiency: 0.278
mdot_h2: 10.47 g/s
Reynolds_number: 17,462,779
Stack prop output power: 432 kW, Pcomp: 22.5 kW
Cell efficiency: 0.308, Output efficiency: 0.278
mdot_h2: 10.47 g/s
Reynolds_number: 17,462,779
Stack prop output power: 322 kW, Pcomp: 2.9 kW
Cell efficiency: 0.291, Output efficiency: 0.274
mdot_h2: 7.90 g/s
Reynolds_number: 17,462,779
Stack prop output power: 322 kW, Pcomp: 2.9 kW
Cell efficiency: 0.291, Output efficiency: 0.274
mdot_h2: 7.90 g/s
Reynolds_number: 17,462,779
Stack prop output power: 322 kW, Pcomp: 16.7 kW
Cell efficiency: 0.308, Output efficiency: 0.278
mdot_h2: 7.79 g/s

-----------------------
ptotal_climb: 1,126 kW, mtom_est: 4,191 kg, mtom: 5,000 kg, residual: -809.47 kg

MTOM update: fixed_point_fallback, relax=1.000 -> mtom_next=4,190.53 kg

======================================================
======================= ITER 2 =======================
Reynolds_number: 17,462,779
Stack prop output power: 362 kW, Pcomp: 18.8 kW
Cell efficiency: 0.308, Output efficiency: 0.278
mdot_h2: 8.77 g/s
Reynolds_number: 17,462,779
Stack prop output power: 362 kW, Pcomp: 18.8 kW
Cell efficiency: 0.308, Output efficiency: 0.278
mdot_h2: 8.77 g/s
Reynolds_number: 17,462,779
Stack prop output power: 270 kW, Pcomp: 2.4 kW
Cell efficiency: 0.291, Output efficiency: 0.274
mdot_h2: 6.62 g/s
Reynolds_number: 17,462,779
Stack prop output power: 270 kW, Pcomp: 2.4 kW
Cell efficiency: 0.291, Output efficiency: 0.274
mdot_h2: 6.62 g/s
Reynolds_number: 17,462,779
Stack prop output power: 270 kW, Pcomp: 14.0 kW
Cell efficiency: 0.308, Output efficiency: 0.278
mdot_h2: 6.53 g/s

-----------------------
ptotal_climb: 944 kW, mtom_est: 3,810 kg, mtom: 4,191 kg, residual: -380.85 kg

MTOM update: newton, relax=1.000 -> mtom_next=3,471.29 kg

======================================================
======================= ITER 3 =======================
Reynolds_number: 17,462,779
Stack prop output power: 300 kW, Pcomp: 15.6 kW
Cell efficiency: 0.308, Output efficiency: 0.278
mdot_h2: 7.27 g/s
Reynolds_number: 17,462,779
Stack prop output power: 300 kW, Pcomp: 15.6 kW
Cell efficiency: 0.308, Output efficiency: 0.278
mdot_h2: 7.27 g/s
Reynolds_number: 17,462,779
Stack prop output power: 223 kW, Pcomp: 2.0 kW
Cell efficiency: 0.291, Output efficiency: 0.274
mdot_h2: 5.48 g/s
Reynolds_number: 17,462,779
Stack prop output power: 223 kW, Pcomp: 2.0 kW
Cell efficiency: 0.291, Output efficiency: 0.274
mdot_h2: 5.48 g/s
Reynolds_number: 17,462,779
Stack prop output power: 223 kW, Pcomp: 11.6 kW
Cell efficiency: 0.308, Output efficiency: 0.278
mdot_h2: 5.41 g/s

-----------------------
ptotal_climb: 782 kW, mtom_est: 3,476 kg, mtom: 3,471 kg, residual: +4.91 kg

MTOM update: newton, relax=1.000 -> mtom_next=3,480.44 kg

======================================================
======================= ITER 4 =======================
Reynolds_number: 17,462,779
Stack prop output power: 301 kW, Pcomp: 15.6 kW
Cell efficiency: 0.308, Output efficiency: 0.278
mdot_h2: 7.29 g/s
Reynolds_number: 17,462,779
Stack prop output power: 301 kW, Pcomp: 15.6 kW
Cell efficiency: 0.308, Output efficiency: 0.278
mdot_h2: 7.29 g/s
Reynolds_number: 17,462,779
Stack prop output power: 224 kW, Pcomp: 2.0 kW
Cell efficiency: 0.291, Output efficiency: 0.274
mdot_h2: 5.50 g/s
Reynolds_number: 17,462,779
Stack prop output power: 224 kW, Pcomp: 2.0 kW
Cell efficiency: 0.291, Output efficiency: 0.274
mdot_h2: 5.50 g/s
Reynolds_number: 17,462,779
Stack prop output power: 224 kW, Pcomp: 11.6 kW
Cell efficiency: 0.308, Output efficiency: 0.278
mdot_h2: 5.42 g/s

-----------------------
ptotal_climb: 784 kW, mtom_est: 3,481 kg, mtom: 3,480 kg, residual: +0.45 kg

Reynolds_number: 17,462,779
Stack prop output power: 301 kW, Pcomp: 15.6 kW
Cell efficiency: 0.308, Output efficiency: 0.278
mdot_h2: 7.29 g/s
Reynolds_number: 17,462,779
Stack prop output power: 301 kW, Pcomp: 15.6 kW
Cell efficiency: 0.308, Output efficiency: 0.278
mdot_h2: 7.29 g/s
Reynolds_number: 6,709,346
Stack prop output power: 224 kW, Pcomp: 2.0 kW
Cell efficiency: 0.305, Output efficiency: 0.287
mdot_h2: 5.25 g/s
Reynolds_number: 6,709,346
Stack prop output power: 224 kW, Pcomp: 2.0 kW
Cell efficiency: 0.305, Output efficiency: 0.287
mdot_h2: 5.25 g/s

CONVERGED
======================================================
======================= ITER 1 =======================
Reynolds_number: 17,462,779
Stack prop output power: 302 kW, Pcomp: 15.7 kW
Cell efficiency: 0.308, Output efficiency: 0.278
mdot_h2: 7.30 g/s
Reynolds_number: 17,462,779
Stack prop output power: 302 kW, Pcomp: 15.7 kW
Cell efficiency: 0.308, Output efficiency: 0.278
mdot_h2: 7.30 g/s
Reynolds_number: 17,462,779
Stack prop output power: 224 kW, Pcomp: 2.0 kW
Cell efficiency: 0.291, Output efficiency: 0.274
mdot_h2: 5.51 g/s
Reynolds_number: 17,462,779
Stack prop output power: 224 kW, Pcomp: 2.0 kW
Cell efficiency: 0.291, Output efficiency: 0.274
mdot_h2: 5.51 g/s
Reynolds_number: 17,462,779
Stack prop output power: 224 kW, Pcomp: 11.7 kW
Cell efficiency: 0.308, Output efficiency: 0.278
mdot_h2: 5.43 g/s

-----------------------
ptotal_climb: 786 kW, mtom_est: 3,482 kg, mtom: 3,481 kg, residual: +1.35 kg

MTOM update: fixed_point_fallback, relax=1.000 -> mtom_next=3,482.25 kg

======================================================
======================= ITER 2 =======================
Reynolds_number: 17,462,779
Stack prop output power: 302 kW, Pcomp: 15.7 kW
Cell efficiency: 0.308, Output efficiency: 0.278
mdot_h2: 7.30 g/s
Reynolds_number: 17,462,779
Stack prop output power: 224 kW, Pcomp: 2.0 kW
Cell efficiency: 0.291, Output efficiency: 0.274
mdot_h2: 5.51 g/s
Reynolds_number: 17,462,779
Stack prop output power: 224 kW, Pcomp: 11.7 kW
Cell efficiency: 0.308, Output efficiency: 0.278
mdot_h2: 5.43 g/s

-----------------------
ptotal_climb: 786 kW, mtom_est: 3,479 kg, mtom: 3,482 kg, residual: -3.15 kg

MTOM update: newton, relax=0.500 -> mtom_next=3,481.77 kg

======================================================
======================= ITER 3 =======================
Reynolds_number: 17,462,779
Stack prop output power: 302 kW, Pcomp: 15.7 kW
Cell efficiency: 0.308, Output efficiency: 0.278
mdot_h2: 7.30 g/s
Reynolds_number: 17,462,779
Stack prop output power: 224 kW, Pcomp: 2.0 kW
Cell efficiency: 0.291, Output efficiency: 0.274
mdot_h2: 5.51 g/s
Reynolds_number: 17,462,779
Stack prop output power: 224 kW, Pcomp: 11.7 kW
Cell efficiency: 0.308, Output efficiency: 0.278
mdot_h2: 5.43 g/s

-----------------------
ptotal_climb: 786 kW, mtom_est: 3,479 kg, mtom: 3,482 kg, residual: -2.88 kg

MTOM update: regula_falsi, relax=0.600 -> mtom_next=3,481.17 kg

======================================================
======================= ITER 4 =======================
Reynolds_number: 17,462,779
Stack prop output power: 302 kW, Pcomp: 15.7 kW
Cell efficiency: 0.308, Output efficiency: 0.278
mdot_h2: 7.30 g/s
Reynolds_number: 17,462,779
Stack prop output power: 224 kW, Pcomp: 2.0 kW
Cell efficiency: 0.291, Output efficiency: 0.274
mdot_h2: 5.51 g/s
Reynolds_number: 17,462,779
Stack prop output power: 224 kW, Pcomp: 11.7 kW
Cell efficiency: 0.308, Output efficiency: 0.278
mdot_h2: 5.43 g/s

-----------------------
ptotal_climb: 786 kW, mtom_est: 3,479 kg, mtom: 3,481 kg, residual: -2.55 kg

MTOM update: regula_falsi, relax=0.720 -> mtom_next=3,480.99 kg

======================================================
======================= ITER 5 =======================
Reynolds_number: 17,462,779
Stack prop output power: 302 kW, Pcomp: 15.7 kW
Cell efficiency: 0.308, Output efficiency: 0.278
mdot_h2: 7.30 g/s
Reynolds_number: 17,462,779
Stack prop output power: 224 kW, Pcomp: 2.0 kW
Cell efficiency: 0.291, Output efficiency: 0.274
mdot_h2: 5.51 g/s
Reynolds_number: 17,462,779
Stack prop output power: 224 kW, Pcomp: 11.7 kW
Cell efficiency: 0.308, Output efficiency: 0.278
mdot_h2: 5.43 g/s

-----------------------
ptotal_climb: 786 kW, mtom_est: 3,479 kg, mtom: 3,481 kg, residual: -2.45 kg

MTOM update: bisection(clamped), relax=0.864 -> mtom_next=3,480.94 kg

======================================================
======================= ITER 6 =======================
Reynolds_number: 17,462,779
Stack prop output power: 302 kW, Pcomp: 15.7 kW
Cell efficiency: 0.308, Output efficiency: 0.278
mdot_h2: 7.30 g/s
Reynolds_number: 17,462,779
Stack prop output power: 224 kW, Pcomp: 2.0 kW
Cell efficiency: 0.291, Output efficiency: 0.274
mdot_h2: 5.51 g/s
Reynolds_number: 17,462,779
Stack prop output power: 224 kW, Pcomp: 11.7 kW
Cell efficiency: 0.308, Output efficiency: 0.278
mdot_h2: 5.43 g/s

-----------------------
ptotal_climb: 786 kW, mtom_est: 3,479 kg, mtom: 3,481 kg, residual: -2.42 kg

MTOM update: bisection(clamped), relax=1.000 -> mtom_next=3,480.92 kg

======================================================
======================= ITER 7 =======================
Reynolds_number: 17,462,779
Stack prop output power: 302 kW, Pcomp: 15.7 kW
Cell efficiency: 0.308, Output efficiency: 0.278
mdot_h2: 7.30 g/s
Reynolds_number: 17,462,779
Stack prop output power: 224 kW, Pcomp: 2.0 kW
Cell efficiency: 0.291, Output efficiency: 0.274
mdot_h2: 5.51 g/s
Reynolds_number: 17,462,779
Stack prop output power: 224 kW, Pcomp: 11.7 kW
Cell efficiency: 0.308, Output efficiency: 0.278
mdot_h2: 5.43 g/s

-----------------------
ptotal_climb: 786 kW, mtom_est: 3,479 kg, mtom: 3,481 kg, residual: -2.41 kg

MTOM update: bisection(clamped), relax=1.000 -> mtom_next=3,480.91 kg

======================================================
======================= ITER 8 =======================
Reynolds_number: 17,462,779
Stack prop output power: 302 kW, Pcomp: 15.7 kW
Cell efficiency: 0.308, Output efficiency: 0.278
mdot_h2: 7.30 g/s
Reynolds_number: 17,462,779
Stack prop output power: 224 kW, Pcomp: 2.0 kW
Cell efficiency: 0.291, Output efficiency: 0.274
mdot_h2: 5.51 g/s
Reynolds_number: 17,462,779
Stack prop output power: 224 kW, Pcomp: 11.7 kW
Cell efficiency: 0.308, Output efficiency: 0.278
mdot_h2: 5.43 g/s

-----------------------
ptotal_climb: 786 kW, mtom_est: 3,479 kg, mtom: 3,481 kg, residual: -2.40 kg

MTOM update: bisection(clamped), relax=1.000 -> mtom_next=3,480.90 kg

======================================================
======================= ITER 9 =======================
Reynolds_number: 17,462,779
Stack prop output power: 302 kW, Pcomp: 15.7 kW
Cell efficiency: 0.308, Output efficiency: 0.278
mdot_h2: 7.30 g/s
Reynolds_number: 17,462,779
Stack prop output power: 224 kW, Pcomp: 2.0 kW
Cell efficiency: 0.291, Output efficiency: 0.274
mdot_h2: 5.51 g/s
Reynolds_number: 17,462,779
Stack prop output power: 224 kW, Pcomp: 11.7 kW
Cell efficiency: 0.308, Output efficiency: 0.278
mdot_h2: 5.43 g/s

-----------------------
ptotal_climb: 786 kW, mtom_est: 3,479 kg, mtom: 3,481 kg, residual: -2.39 kg

MTOM update: bisection(clamped), relax=1.000 -> mtom_next=3,480.90 kg

======================================================
======================= ITER 10 =======================
Reynolds_number: 17,462,779
Stack prop output power: 302 kW, Pcomp: 15.7 kW
Cell efficiency: 0.308, Output efficiency: 0.278
mdot_h2: 7.30 g/s
Reynolds_number: 17,462,779
Stack prop output power: 224 kW, Pcomp: 2.0 kW
Cell efficiency: 0.291, Output efficiency: 0.274
mdot_h2: 5.51 g/s
Reynolds_number: 17,462,779
Stack prop output power: 224 kW, Pcomp: 11.7 kW
Cell efficiency: 0.308, Output efficiency: 0.278
mdot_h2: 5.43 g/s

-----------------------
ptotal_climb: 786 kW, mtom_est: 3,479 kg, mtom: 3,481 kg, residual: -2.39 kg

MTOM update: bisection(clamped), relax=1.000 -> mtom_next=3,480.89 kg

======================================================
======================= ITER 11 =======================
Reynolds_number: 17,462,779
Stack prop output power: 302 kW, Pcomp: 15.7 kW
Cell efficiency: 0.308, Output efficiency: 0.278
mdot_h2: 7.30 g/s
Reynolds_number: 17,462,779
Stack prop output power: 224 kW, Pcomp: 2.0 kW
Cell efficiency: 0.291, Output efficiency: 0.274
mdot_h2: 5.51 g/s
Reynolds_number: 17,462,779
Stack prop output power: 224 kW, Pcomp: 11.7 kW
Cell efficiency: 0.308, Output efficiency: 0.278
mdot_h2: 5.43 g/s

-----------------------
ptotal_climb: 786 kW, mtom_est: 3,479 kg, mtom: 3,481 kg, residual: -2.39 kg

MTOM update: bisection(clamped), relax=1.000 -> mtom_next=3,480.89 kg

======================================================
======================= ITER 12 =======================
Reynolds_number: 17,462,779
Stack prop output power: 302 kW, Pcomp: 15.7 kW
Cell efficiency: 0.308, Output efficiency: 0.278
mdot_h2: 7.30 g/s
Reynolds_number: 17,462,779
Stack prop output power: 224 kW, Pcomp: 2.0 kW
Cell efficiency: 0.291, Output efficiency: 0.274
mdot_h2: 5.51 g/s
Reynolds_number: 17,462,779
Stack prop output power: 224 kW, Pcomp: 11.7 kW
Cell efficiency: 0.308, Output efficiency: 0.278
mdot_h2: 5.43 g/s

-----------------------
ptotal_climb: 786 kW, mtom_est: 3,479 kg, mtom: 3,481 kg, residual: -2.39 kg

MTOM update: bisection(clamped), relax=1.000 -> mtom_next=3,480.89 kg

======================================================
======================= ITER 13 =======================
Reynolds_number: 17,462,779
Stack prop output power: 302 kW, Pcomp: 15.7 kW
Cell efficiency: 0.308, Output efficiency: 0.278
mdot_h2: 7.30 g/s
Reynolds_number: 17,462,779
Stack prop output power: 224 kW, Pcomp: 2.0 kW
Cell efficiency: 0.291, Output efficiency: 0.274
mdot_h2: 5.51 g/s
Reynolds_number: 17,462,779
Stack prop output power: 224 kW, Pcomp: 11.7 kW
Cell efficiency: 0.308, Output efficiency: 0.278
mdot_h2: 5.43 g/s

-----------------------
ptotal_climb: 786 kW, mtom_est: 3,479 kg, mtom: 3,481 kg, residual: -2.39 kg

MTOM update: bisection(clamped), relax=1.000 -> mtom_next=3,480.89 kg

======================================================
======================= ITER 14 =======================
Reynolds_number: 17,462,779
Stack prop output power: 302 kW, Pcomp: 15.7 kW
Cell efficiency: 0.308, Output efficiency: 0.278
mdot_h2: 7.30 g/s
Reynolds_number: 17,462,779
Stack prop output power: 224 kW, Pcomp: 2.0 kW
Cell efficiency: 0.291, Output efficiency: 0.274
mdot_h2: 5.51 g/s
Reynolds_number: 17,462,779
Stack prop output power: 224 kW, Pcomp: 11.7 kW
Cell efficiency: 0.308, Output efficiency: 0.278
mdot_h2: 5.43 g/s

-----------------------
ptotal_climb: 786 kW, mtom_est: 3,479 kg, mtom: 3,481 kg, residual: -2.39 kg

MTOM update: bisection(clamped), relax=1.000 -> mtom_next=3,480.89 kg

======================================================
======================= ITER 15 =======================
Reynolds_number: 17,462,779
Stack prop output power: 302 kW, Pcomp: 15.7 kW
Cell efficiency: 0.308, Output efficiency: 0.278
mdot_h2: 7.30 g/s
Reynolds_number: 17,462,779
Stack prop output power: 224 kW, Pcomp: 2.0 kW
Cell efficiency: 0.291, Output efficiency: 0.274
mdot_h2: 5.51 g/s
Reynolds_number: 17,462,779
Stack prop output power: 224 kW, Pcomp: 11.7 kW
Cell efficiency: 0.308, Output efficiency: 0.278
mdot_h2: 5.43 g/s

-----------------------
ptotal_climb: 786 kW, mtom_est: 3,479 kg, mtom: 3,481 kg, residual: -2.39 kg

MTOM update: bisection(clamped), relax=1.000 -> mtom_next=3,480.89 kg

======================================================
======================= ITER 16 =======================
Reynolds_number: 17,462,779
Stack prop output power: 302 kW, Pcomp: 15.7 kW
Cell efficiency: 0.308, Output efficiency: 0.278
mdot_h2: 7.30 g/s
Reynolds_number: 17,462,779
Stack prop output power: 224 kW, Pcomp: 2.0 kW
Cell efficiency: 0.291, Output efficiency: 0.274
mdot_h2: 5.51 g/s
Reynolds_number: 17,462,779
Stack prop output power: 224 kW, Pcomp: 11.7 kW
Cell efficiency: 0.308, Output efficiency: 0.278
mdot_h2: 5.43 g/s

-----------------------
ptotal_climb: 786 kW, mtom_est: 3,479 kg, mtom: 3,481 kg, residual: -2.39 kg

MTOM update: bisection(clamped), relax=1.000 -> mtom_next=3,480.89 kg

======================================================
======================= ITER 17 =======================
Reynolds_number: 17,462,779
Stack prop output power: 302 kW, Pcomp: 15.7 kW
Cell efficiency: 0.308, Output efficiency: 0.278
mdot_h2: 7.30 g/s
Reynolds_number: 17,462,779
Stack prop output power: 224 kW, Pcomp: 2.0 kW
Cell efficiency: 0.291, Output efficiency: 0.274
mdot_h2: 5.51 g/s
Reynolds_number: 17,462,779
Stack prop output power: 224 kW, Pcomp: 11.7 kW
Cell efficiency: 0.308, Output efficiency: 0.278
mdot_h2: 5.43 g/s

-----------------------
ptotal_climb: 786 kW, mtom_est: 3,479 kg, mtom: 3,481 kg, residual: -2.39 kg

MTOM update: bisection(clamped), relax=1.000 -> mtom_next=3,480.89 kg

======================================================
======================= ITER 18 =======================
Reynolds_number: 17,462,779
Stack prop output power: 302 kW, Pcomp: 15.7 kW
Cell efficiency: 0.308, Output efficiency: 0.278
mdot_h2: 7.30 g/s
Reynolds_number: 17,462,779
Stack prop output power: 224 kW, Pcomp: 2.0 kW
Cell efficiency: 0.291, Output efficiency: 0.274
mdot_h2: 5.51 g/s
Reynolds_number: 17,462,779
Stack prop output power: 224 kW, Pcomp: 11.7 kW
Cell efficiency: 0.308, Output efficiency: 0.278
mdot_h2: 5.43 g/s

-----------------------
ptotal_climb: 786 kW, mtom_est: 3,479 kg, mtom: 3,481 kg, residual: -2.39 kg

MTOM update: bisection(clamped), relax=1.000 -> mtom_next=3,480.89 kg

======================================================
======================= ITER 19 =======================
Reynolds_number: 17,462,779
Stack prop output power: 302 kW, Pcomp: 15.7 kW
Cell efficiency: 0.308, Output efficiency: 0.278
mdot_h2: 7.30 g/s
Reynolds_number: 17,462,779
Stack prop output power: 224 kW, Pcomp: 2.0 kW
Cell efficiency: 0.291, Output efficiency: 0.274
mdot_h2: 5.51 g/s
Reynolds_number: 17,462,779
Stack prop output power: 224 kW, Pcomp: 11.7 kW
Cell efficiency: 0.308, Output efficiency: 0.278
mdot_h2: 5.43 g/s

-----------------------
ptotal_climb: 786 kW, mtom_est: 3,479 kg, mtom: 3,481 kg, residual: -2.39 kg

MTOM update: bisection(clamped), relax=1.000 -> mtom_next=3,480.89 kg

======================================================
======================= ITER 20 =======================
Reynolds_number: 17,462,779
Stack prop output power: 302 kW, Pcomp: 15.7 kW
Cell efficiency: 0.308, Output efficiency: 0.278
mdot_h2: 7.30 g/s
Reynolds_number: 17,462,779
Stack prop output power: 224 kW, Pcomp: 2.0 kW
Cell efficiency: 0.291, Output efficiency: 0.274
mdot_h2: 5.51 g/s
Reynolds_number: 17,462,779
Stack prop output power: 224 kW, Pcomp: 11.7 kW
Cell efficiency: 0.308, Output efficiency: 0.278
mdot_h2: 5.43 g/s

-----------------------
ptotal_climb: 786 kW, mtom_est: 3,479 kg, mtom: 3,481 kg, residual: -2.39 kg

MTOM update: bisection(clamped), relax=1.000 -> mtom_next=3,480.89 kg

======================================================
======================= ITER 21 =======================
Reynolds_number: 17,462,779
Stack prop output power: 302 kW, Pcomp: 15.7 kW
Cell efficiency: 0.308, Output efficiency: 0.278
mdot_h2: 7.30 g/s
Reynolds_number: 17,462,779
Stack prop output power: 224 kW, Pcomp: 2.0 kW
Cell efficiency: 0.291, Output efficiency: 0.274
mdot_h2: 5.51 g/s
Reynolds_number: 17,462,779
Stack prop output power: 224 kW, Pcomp: 11.7 kW
Cell efficiency: 0.308, Output efficiency: 0.278
mdot_h2: 5.43 g/s

-----------------------
ptotal_climb: 786 kW, mtom_est: 3,479 kg, mtom: 3,481 kg, residual: -2.39 kg

MTOM update: bisection(clamped), relax=0.500 -> mtom_next=3,480.89 kg

======================================================
======================= ITER 22 =======================
Reynolds_number: 17,462,779
Stack prop output power: 302 kW, Pcomp: 15.7 kW
Cell efficiency: 0.308, Output efficiency: 0.278
mdot_h2: 7.30 g/s
Reynolds_number: 17,462,779
Stack prop output power: 224 kW, Pcomp: 2.0 kW
Cell efficiency: 0.291, Output efficiency: 0.274
mdot_h2: 5.51 g/s
Reynolds_number: 17,462,779
Stack prop output power: 224 kW, Pcomp: 11.7 kW
Cell efficiency: 0.308, Output efficiency: 0.278
mdot_h2: 5.43 g/s

-----------------------
ptotal_climb: 786 kW, mtom_est: 3,479 kg, mtom: 3,481 kg, residual: -2.39 kg

MTOM update: bisection(clamped), relax=0.600 -> mtom_next=3,480.89 kg

======================================================
======================= ITER 23 =======================
Reynolds_number: 17,462,779
Stack prop output power: 302 kW, Pcomp: 15.7 kW
Cell efficiency: 0.308, Output efficiency: 0.278
mdot_h2: 7.30 g/s
Reynolds_number: 17,462,779
Stack prop output power: 224 kW, Pcomp: 2.0 kW
Cell efficiency: 0.291, Output efficiency: 0.274
mdot_h2: 5.51 g/s
Reynolds_number: 17,462,779
Stack prop output power: 224 kW, Pcomp: 11.7 kW
Cell efficiency: 0.308, Output efficiency: 0.278
mdot_h2: 5.43 g/s

-----------------------
ptotal_climb: 786 kW, mtom_est: 3,479 kg, mtom: 3,481 kg, residual: -2.39 kg

MTOM update: bisection(clamped), relax=0.300 -> mtom_next=3,480.89 kg

======================================================
======================= ITER 24 =======================
Reynolds_number: 17,462,779
Stack prop output power: 302 kW, Pcomp: 15.7 kW
Cell efficiency: 0.308, Output efficiency: 0.278
mdot_h2: 7.30 g/s
Reynolds_number: 17,462,779
Stack prop output power: 224 kW, Pcomp: 2.0 kW
Cell efficiency: 0.291, Output efficiency: 0.274
mdot_h2: 5.51 g/s
Reynolds_number: 17,462,779
Stack prop output power: 224 kW, Pcomp: 11.7 kW
Cell efficiency: 0.308, Output efficiency: 0.278
mdot_h2: 5.43 g/s

-----------------------
ptotal_climb: 786 kW, mtom_est: 3,479 kg, mtom: 3,481 kg, residual: -2.39 kg

MTOM update: bisection(clamped), relax=0.360 -> mtom_next=3,480.89 kg

======================================================
======================= ITER 25 =======================
Reynolds_number: 17,462,779
Stack prop output power: 302 kW, Pcomp: 15.7 kW
Cell efficiency: 0.308, Output efficiency: 0.278
mdot_h2: 7.30 g/s
Reynolds_number: 17,462,779
Stack prop output power: 224 kW, Pcomp: 2.0 kW
Cell efficiency: 0.291, Output efficiency: 0.274
mdot_h2: 5.51 g/s
Reynolds_number: 17,462,779
Stack prop output power: 224 kW, Pcomp: 11.7 kW
Cell efficiency: 0.308, Output efficiency: 0.278
mdot_h2: 5.43 g/s

-----------------------
ptotal_climb: 786 kW, mtom_est: 3,479 kg, mtom: 3,481 kg, residual: -2.39 kg

MTOM update: bisection(clamped), relax=0.180 -> mtom_next=3,480.89 kg

======================================================
======================= ITER 26 =======================
Reynolds_number: 17,462,779
Stack prop output power: 302 kW, Pcomp: 15.7 kW
Cell efficiency: 0.308, Output efficiency: 0.278
mdot_h2: 7.30 g/s
Reynolds_number: 17,462,779
Stack prop output power: 224 kW, Pcomp: 2.0 kW
Cell efficiency: 0.291, Output efficiency: 0.274
mdot_h2: 5.51 g/s
Reynolds_number: 17,462,779
Stack prop output power: 224 kW, Pcomp: 11.7 kW
Cell efficiency: 0.308, Output efficiency: 0.278
mdot_h2: 5.43 g/s

-----------------------
ptotal_climb: 786 kW, mtom_est: 3,479 kg, mtom: 3,481 kg, residual: -2.39 kg

MTOM update: bisection(clamped), relax=0.216 -> mtom_next=3,480.89 kg

======================================================
======================= ITER 27 =======================
Reynolds_number: 17,462,779
Stack prop output power: 302 kW, Pcomp: 15.7 kW
Cell efficiency: 0.308, Output efficiency: 0.278
mdot_h2: 7.30 g/s
Reynolds_number: 17,462,779
Stack prop output power: 224 kW, Pcomp: 2.0 kW
Cell efficiency: 0.291, Output efficiency: 0.274
mdot_h2: 5.51 g/s
Reynolds_number: 17,462,779
Stack prop output power: 224 kW, Pcomp: 11.7 kW
Cell efficiency: 0.308, Output efficiency: 0.278
mdot_h2: 5.43 g/s

-----------------------
ptotal_climb: 786 kW, mtom_est: 3,479 kg, mtom: 3,481 kg, residual: -2.39 kg

MTOM update: bisection(clamped), relax=0.259 -> mtom_next=3,480.89 kg

======================================================
======================= ITER 28 =======================
Reynolds_number: 17,462,779
Stack prop output power: 302 kW, Pcomp: 15.7 kW
Cell efficiency: 0.308, Output efficiency: 0.278
mdot_h2: 7.30 g/s
Reynolds_number: 17,462,779
Stack prop output power: 224 kW, Pcomp: 2.0 kW
Cell efficiency: 0.291, Output efficiency: 0.274
mdot_h2: 5.51 g/s
Reynolds_number: 17,462,779
Stack prop output power: 224 kW, Pcomp: 11.7 kW
Cell efficiency: 0.308, Output efficiency: 0.278
mdot_h2: 5.43 g/s

-----------------------
ptotal_climb: 786 kW, mtom_est: 3,479 kg, mtom: 3,481 kg, residual: -2.39 kg

MTOM update: bisection(clamped), relax=0.130 -> mtom_next=3,480.89 kg

======================================================
======================= ITER 29 =======================
Reynolds_number: 17,462,779
Stack prop output power: 302 kW, Pcomp: 15.7 kW
Cell efficiency: 0.308, Output efficiency: 0.278
mdot_h2: 7.30 g/s
Reynolds_number: 17,462,779
Stack prop output power: 224 kW, Pcomp: 2.0 kW
Cell efficiency: 0.291, Output efficiency: 0.274
mdot_h2: 5.51 g/s
Reynolds_number: 17,462,779
Stack prop output power: 224 kW, Pcomp: 11.7 kW
Cell efficiency: 0.308, Output efficiency: 0.278
mdot_h2: 5.43 g/s

-----------------------
ptotal_climb: 786 kW, mtom_est: 3,479 kg, mtom: 3,481 kg, residual: -2.39 kg

MTOM update: bisection(clamped), relax=0.156 -> mtom_next=3,480.89 kg

======================================================
======================= ITER 30 =======================
Reynolds_number: 17,462,779
Stack prop output power: 302 kW, Pcomp: 15.7 kW
Cell efficiency: 0.308, Output efficiency: 0.278
mdot_h2: 7.30 g/s
Reynolds_number: 17,462,779
Stack prop output power: 224 kW, Pcomp: 2.0 kW
Cell efficiency: 0.291, Output efficiency: 0.274
mdot_h2: 5.51 g/s
Reynolds_number: 17,462,779
Stack prop output power: 224 kW, Pcomp: 11.7 kW
Cell efficiency: 0.308, Output efficiency: 0.278
mdot_h2: 5.43 g/s

-----------------------
ptotal_climb: 786 kW, mtom_est: 3,479 kg, mtom: 3,481 kg, residual: -2.39 kg

MTOM update: bisection(clamped), relax=0.100 -> mtom_next=3,480.89 kg

======================================================
======================= ITER 31 =======================
Reynolds_number: 17,462,779
Stack prop output power: 302 kW, Pcomp: 15.7 kW
Cell efficiency: 0.308, Output efficiency: 0.278
mdot_h2: 7.30 g/s
Reynolds_number: 17,462,779
Stack prop output power: 224 kW, Pcomp: 2.0 kW
Cell efficiency: 0.291, Output efficiency: 0.274
mdot_h2: 5.51 g/s
Reynolds_number: 17,462,779
Stack prop output power: 224 kW, Pcomp: 11.7 kW
Cell efficiency: 0.308, Output efficiency: 0.278
mdot_h2: 5.43 g/s

-----------------------
ptotal_climb: 786 kW, mtom_est: 3,479 kg, mtom: 3,481 kg, residual: -2.39 kg

MTOM update: bisection(clamped), relax=0.100 -> mtom_next=3,480.89 kg

======================================================
======================= ITER 32 =======================
Reynolds_number: 17,462,779
Stack prop output power: 302 kW, Pcomp: 15.7 kW
Cell efficiency: 0.308, Output efficiency: 0.278
mdot_h2: 7.30 g/s
Reynolds_number: 17,462,779
Stack prop output power: 224 kW, Pcomp: 2.0 kW
Cell efficiency: 0.291, Output efficiency: 0.274
mdot_h2: 5.51 g/s
Reynolds_number: 17,462,779
Stack prop output power: 224 kW, Pcomp: 11.7 kW
Cell efficiency: 0.308, Output efficiency: 0.278
mdot_h2: 5.43 g/s

-----------------------
ptotal_climb: 786 kW, mtom_est: 3,479 kg, mtom: 3,481 kg, residual: -2.39 kg

MTOM update: bisection(clamped), relax=0.100 -> mtom_next=3,480.89 kg

======================================================
======================= ITER 33 =======================
Reynolds_number: 17,462,779
Stack prop output power: 302 kW, Pcomp: 15.7 kW
Cell efficiency: 0.308, Output efficiency: 0.278
mdot_h2: 7.30 g/s
Reynolds_number: 17,462,779
Stack prop output power: 224 kW, Pcomp: 2.0 kW
Cell efficiency: 0.291, Output efficiency: 0.274
mdot_h2: 5.51 g/s
Reynolds_number: 17,462,779
Stack prop output power: 224 kW, Pcomp: 11.7 kW
Cell efficiency: 0.308, Output efficiency: 0.278
mdot_h2: 5.43 g/s

-----------------------
ptotal_climb: 786 kW, mtom_est: 3,479 kg, mtom: 3,481 kg, residual: -2.39 kg

MTOM update: bisection(clamped), relax=0.120 -> mtom_next=3,480.89 kg

======================================================
======================= ITER 34 =======================
Reynolds_number: 17,462,779
Stack prop output power: 302 kW, Pcomp: 15.7 kW
Cell efficiency: 0.308, Output efficiency: 0.278
mdot_h2: 7.30 g/s
Reynolds_number: 17,462,779
Stack prop output power: 224 kW, Pcomp: 2.0 kW
Cell efficiency: 0.291, Output efficiency: 0.274
mdot_h2: 5.51 g/s
Reynolds_number: 17,462,779
Stack prop output power: 224 kW, Pcomp: 11.7 kW
Cell efficiency: 0.308, Output efficiency: 0.278
mdot_h2: 5.43 g/s

-----------------------
ptotal_climb: 786 kW, mtom_est: 3,479 kg, mtom: 3,481 kg, residual: -2.39 kg

MTOM update: bisection(clamped), relax=0.144 -> mtom_next=3,480.89 kg

======================================================
======================= ITER 35 =======================
Reynolds_number: 17,462,779
Stack prop output power: 302 kW, Pcomp: 15.7 kW
Cell efficiency: 0.308, Output efficiency: 0.278
mdot_h2: 7.30 g/s
Reynolds_number: 17,462,779
Stack prop output power: 224 kW, Pcomp: 2.0 kW
Cell efficiency: 0.291, Output efficiency: 0.274
mdot_h2: 5.51 g/s
Reynolds_number: 17,462,779
Stack prop output power: 224 kW, Pcomp: 11.7 kW
Cell efficiency: 0.308, Output efficiency: 0.278
mdot_h2: 5.43 g/s

-----------------------
ptotal_climb: 786 kW, mtom_est: 3,479 kg, mtom: 3,481 kg, residual: -2.39 kg

MTOM update: bisection(clamped), relax=0.173 -> mtom_next=3,480.89 kg

======================================================
======================= ITER 36 =======================
Reynolds_number: 17,462,779
Stack prop output power: 302 kW, Pcomp: 15.7 kW
Cell efficiency: 0.308, Output efficiency: 0.278
mdot_h2: 7.30 g/s
Reynolds_number: 17,462,779
Stack prop output power: 224 kW, Pcomp: 2.0 kW
Cell efficiency: 0.291, Output efficiency: 0.274
mdot_h2: 5.51 g/s
Reynolds_number: 17,462,779
Stack prop output power: 224 kW, Pcomp: 11.7 kW
Cell efficiency: 0.308, Output efficiency: 0.278
mdot_h2: 5.43 g/s

-----------------------
ptotal_climb: 786 kW, mtom_est: 3,479 kg, mtom: 3,481 kg, residual: -2.39 kg

MTOM update: bisection(clamped), relax=0.100 -> mtom_next=3,480.89 kg

======================================================
======================= ITER 37 =======================
Reynolds_number: 17,462,779
Stack prop output power: 302 kW, Pcomp: 15.7 kW
Cell efficiency: 0.308, Output efficiency: 0.278
mdot_h2: 7.30 g/s
Reynolds_number: 17,462,779
Stack prop output power: 224 kW, Pcomp: 2.0 kW
Cell efficiency: 0.291, Output efficiency: 0.274
mdot_h2: 5.51 g/s
Reynolds_number: 17,462,779
Stack prop output power: 224 kW, Pcomp: 11.7 kW
Cell efficiency: 0.308, Output efficiency: 0.278
mdot_h2: 5.43 g/s

-----------------------
ptotal_climb: 786 kW, mtom_est: 3,479 kg, mtom: 3,481 kg, residual: -2.39 kg

MTOM update: bisection(clamped), relax=0.120 -> mtom_next=3,480.89 kg

======================================================
======================= ITER 38 =======================
Reynolds_number: 17,462,779
Stack prop output power: 302 kW, Pcomp: 15.7 kW
Cell efficiency: 0.308, Output efficiency: 0.278
mdot_h2: 7.30 g/s
Reynolds_number: 17,462,779
Stack prop output power: 224 kW, Pcomp: 2.0 kW
Cell efficiency: 0.291, Output efficiency: 0.274
mdot_h2: 5.51 g/s
Reynolds_number: 17,462,779
Stack prop output power: 224 kW, Pcomp: 11.7 kW
Cell efficiency: 0.308, Output efficiency: 0.278
mdot_h2: 5.43 g/s

-----------------------
ptotal_climb: 786 kW, mtom_est: 3,479 kg, mtom: 3,481 kg, residual: -2.39 kg

MTOM update: bisection(clamped), relax=0.144 -> mtom_next=3,480.89 kg

======================================================
======================= ITER 39 =======================
Reynolds_number: 17,462,779
Stack prop output power: 302 kW, Pcomp: 15.7 kW
Cell efficiency: 0.308, Output efficiency: 0.278
mdot_h2: 7.30 g/s
Reynolds_number: 17,462,779
Stack prop output power: 224 kW, Pcomp: 2.0 kW
Cell efficiency: 0.291, Output efficiency: 0.274
mdot_h2: 5.51 g/s
Reynolds_number: 17,462,779
Stack prop output power: 224 kW, Pcomp: 11.7 kW
Cell efficiency: 0.308, Output efficiency: 0.278
mdot_h2: 5.43 g/s

-----------------------
ptotal_climb: 786 kW, mtom_est: 3,479 kg, mtom: 3,481 kg, residual: -2.39 kg

MTOM update: bisection(clamped), relax=0.173 -> mtom_next=3,480.89 kg

======================================================
======================= ITER 40 =======================
Reynolds_number: 17,462,779
Stack prop output power: 302 kW, Pcomp: 15.7 kW
Cell efficiency: 0.308, Output efficiency: 0.278
mdot_h2: 7.30 g/s
Reynolds_number: 17,462,779
Stack prop output power: 224 kW, Pcomp: 2.0 kW
Cell efficiency: 0.291, Output efficiency: 0.274
mdot_h2: 5.51 g/s
Reynolds_number: 17,462,779
Stack prop output power: 224 kW, Pcomp: 11.7 kW
Cell efficiency: 0.308, Output efficiency: 0.278
mdot_h2: 5.43 g/s

-----------------------
ptotal_climb: 786 kW, mtom_est: 3,479 kg, mtom: 3,481 kg, residual: -2.39 kg

MTOM update: bisection(clamped), relax=0.207 -> mtom_next=3,480.89 kg

======================================================
======================= ITER 41 =======================
Reynolds_number: 17,462,779
Stack prop output power: 302 kW, Pcomp: 15.7 kW
Cell efficiency: 0.308, Output efficiency: 0.278
mdot_h2: 7.30 g/s
Reynolds_number: 17,462,779
Stack prop output power: 224 kW, Pcomp: 2.0 kW
Cell efficiency: 0.291, Output efficiency: 0.274
mdot_h2: 5.51 g/s
Reynolds_number: 17,462,779
Stack prop output power: 224 kW, Pcomp: 11.7 kW
Cell efficiency: 0.308, Output efficiency: 0.278
mdot_h2: 5.43 g/s

-----------------------
ptotal_climb: 786 kW, mtom_est: 3,482 kg, mtom: 3,481 kg, residual: +1.35 kg

MTOM update: bisection(clamped), relax=0.249 -> mtom_next=3,480.89 kg

======================================================
======================= ITER 42 =======================
Reynolds_number: 17,462,779
Stack prop output power: 302 kW, Pcomp: 15.7 kW
Cell efficiency: 0.308, Output efficiency: 0.278
mdot_h2: 7.30 g/s
Reynolds_number: 17,462,779
Stack prop output power: 224 kW, Pcomp: 2.0 kW
Cell efficiency: 0.291, Output efficiency: 0.274
mdot_h2: 5.51 g/s
Reynolds_number: 17,462,779
Stack prop output power: 224 kW, Pcomp: 11.7 kW
Cell efficiency: 0.308, Output efficiency: 0.278
mdot_h2: 5.43 g/s

-----------------------
ptotal_climb: 786 kW, mtom_est: 3,482 kg, mtom: 3,481 kg, residual: +1.35 kg

MTOM update: bisection(clamped), relax=0.124 -> mtom_next=3,480.89 kg

======================================================
======================= ITER 43 =======================
Reynolds_number: 17,462,779
Stack prop output power: 302 kW, Pcomp: 15.7 kW
Cell efficiency: 0.308, Output efficiency: 0.278
mdot_h2: 7.30 g/s
Reynolds_number: 17,462,779
Stack prop output power: 224 kW, Pcomp: 2.0 kW
Cell efficiency: 0.291, Output efficiency: 0.274
mdot_h2: 5.51 g/s
Reynolds_number: 17,462,779
Stack prop output power: 224 kW, Pcomp: 11.7 kW
Cell efficiency: 0.308, Output efficiency: 0.278
mdot_h2: 5.43 g/s

-----------------------
ptotal_climb: 786 kW, mtom_est: 3,479 kg, mtom: 3,481 kg, residual: -2.39 kg

MTOM update: bisection(clamped), relax=0.100 -> mtom_next=3,480.89 kg

======================================================
======================= ITER 44 =======================
Reynolds_number: 17,462,779
Stack prop output power: 302 kW, Pcomp: 15.7 kW
Cell efficiency: 0.308, Output efficiency: 0.278
mdot_h2: 7.30 g/s
Reynolds_number: 17,462,779
Stack prop output power: 224 kW, Pcomp: 2.0 kW
Cell efficiency: 0.291, Output efficiency: 0.274
mdot_h2: 5.51 g/s
Reynolds_number: 17,462,779
Stack prop output power: 224 kW, Pcomp: 11.7 kW
Cell efficiency: 0.308, Output efficiency: 0.278
mdot_h2: 5.43 g/s

-----------------------
ptotal_climb: 786 kW, mtom_est: 3,482 kg, mtom: 3,481 kg, residual: +1.35 kg

MTOM update: bisection(clamped), relax=0.120 -> mtom_next=3,480.89 kg

======================================================
======================= ITER 45 =======================
Reynolds_number: 17,462,779
Stack prop output power: 302 kW, Pcomp: 15.7 kW
Cell efficiency: 0.308, Output efficiency: 0.278
mdot_h2: 7.30 g/s
Reynolds_number: 17,462,779
Stack prop output power: 224 kW, Pcomp: 2.0 kW
Cell efficiency: 0.291, Output efficiency: 0.274
mdot_h2: 5.51 g/s
Reynolds_number: 17,462,779
Stack prop output power: 224 kW, Pcomp: 11.7 kW
Cell efficiency: 0.308, Output efficiency: 0.278
mdot_h2: 5.43 g/s

-----------------------
ptotal_climb: 786 kW, mtom_est: 3,482 kg, mtom: 3,481 kg, residual: +1.35 kg

MTOM update: bisection(clamped), relax=0.100 -> mtom_next=3,480.89 kg

======================================================
======================= ITER 46 =======================
Reynolds_number: 17,462,779
Stack prop output power: 302 kW, Pcomp: 15.7 kW
Cell efficiency: 0.308, Output efficiency: 0.278
mdot_h2: 7.30 g/s
Reynolds_number: 17,462,779
Stack prop output power: 224 kW, Pcomp: 2.0 kW
Cell efficiency: 0.291, Output efficiency: 0.274
mdot_h2: 5.51 g/s
Reynolds_number: 17,462,779
Stack prop output power: 224 kW, Pcomp: 11.7 kW
Cell efficiency: 0.308, Output efficiency: 0.278
mdot_h2: 5.43 g/s

-----------------------
ptotal_climb: 786 kW, mtom_est: 3,482 kg, mtom: 3,481 kg, residual: +1.35 kg

MTOM update: bisection(clamped), relax=0.100 -> mtom_next=3,480.89 kg

======================================================
======================= ITER 47 =======================
Reynolds_number: 17,462,779
Stack prop output power: 302 kW, Pcomp: 15.7 kW
Cell efficiency: 0.308, Output efficiency: 0.278
mdot_h2: 7.30 g/s
Reynolds_number: 17,462,779
Stack prop output power: 224 kW, Pcomp: 2.0 kW
Cell efficiency: 0.291, Output efficiency: 0.274
mdot_h2: 5.51 g/s
Reynolds_number: 17,462,779
Stack prop output power: 224 kW, Pcomp: 11.7 kW
Cell efficiency: 0.308, Output efficiency: 0.278
mdot_h2: 5.43 g/s

-----------------------
ptotal_climb: 786 kW, mtom_est: 3,482 kg, mtom: 3,481 kg, residual: +1.35 kg

MTOM update: bisection(clamped), relax=0.100 -> mtom_next=3,480.89 kg

======================================================
======================= ITER 48 =======================
Reynolds_number: 17,462,779
Stack prop output power: 302 kW, Pcomp: 15.7 kW
Cell efficiency: 0.308, Output efficiency: 0.278
mdot_h2: 7.30 g/s
Reynolds_number: 17,462,779
Stack prop output power: 224 kW, Pcomp: 2.0 kW
Cell efficiency: 0.291, Output efficiency: 0.274
mdot_h2: 5.51 g/s
Reynolds_number: 17,462,779
Stack prop output power: 224 kW, Pcomp: 11.7 kW
Cell efficiency: 0.308, Output efficiency: 0.278
mdot_h2: 5.43 g/s

-----------------------
ptotal_climb: 786 kW, mtom_est: 3,482 kg, mtom: 3,481 kg, residual: +1.35 kg

MTOM update: bisection(clamped), relax=0.100 -> mtom_next=3,480.89 kg

======================================================
======================= ITER 49 =======================
Reynolds_number: 17,462,779
Stack prop output power: 302 kW, Pcomp: 15.7 kW
Cell efficiency: 0.308, Output efficiency: 0.278
mdot_h2: 7.30 g/s
Reynolds_number: 17,462,779
Stack prop output power: 224 kW, Pcomp: 2.0 kW
Cell efficiency: 0.291, Output efficiency: 0.274
mdot_h2: 5.51 g/s
Reynolds_number: 17,462,779
Stack prop output power: 224 kW, Pcomp: 11.7 kW
Cell efficiency: 0.308, Output efficiency: 0.278
mdot_h2: 5.43 g/s

-----------------------
ptotal_climb: 786 kW, mtom_est: 3,482 kg, mtom: 3,481 kg, residual: +1.35 kg

MTOM update: bisection(clamped), relax=0.100 -> mtom_next=3,480.89 kg

======================================================
======================= ITER 50 =======================
Reynolds_number: 17,462,779
Stack prop output power: 302 kW, Pcomp: 15.7 kW
Cell efficiency: 0.308, Output efficiency: 0.278
mdot_h2: 7.30 g/s
Reynolds_number: 17,462,779
Stack prop output power: 224 kW, Pcomp: 2.0 kW
Cell efficiency: 0.291, Output efficiency: 0.274
mdot_h2: 5.51 g/s
Reynolds_number: 17,462,779
Stack prop output power: 224 kW, Pcomp: 11.7 kW
Cell efficiency: 0.308, Output efficiency: 0.278
mdot_h2: 5.43 g/s

-----------------------
ptotal_climb: 786 kW, mtom_est: 3,482 kg, mtom: 3,481 kg, residual: +1.35 kg

MTOM update: bisection(clamped), relax=0.100 -> mtom_next=3,480.89 kg

======================================================
======================= ITER 51 =======================
Reynolds_number: 17,462,779
Stack prop output power: 302 kW, Pcomp: 15.7 kW
Cell efficiency: 0.308, Output efficiency: 0.278
mdot_h2: 7.30 g/s
Reynolds_number: 17,462,779
Stack prop output power: 224 kW, Pcomp: 2.0 kW
Cell efficiency: 0.291, Output efficiency: 0.274
mdot_h2: 5.51 g/s
Reynolds_number: 17,462,779
Stack prop output power: 224 kW, Pcomp: 11.7 kW
Cell efficiency: 0.308, Output efficiency: 0.278
mdot_h2: 5.43 g/s

-----------------------
ptotal_climb: 786 kW, mtom_est: 3,482 kg, mtom: 3,481 kg, residual: +1.35 kg

MTOM update: bisection(clamped), relax=0.100 -> mtom_next=3,480.89 kg

======================================================
======================= ITER 52 =======================
Reynolds_number: 17,462,779
Stack prop output power: 302 kW, Pcomp: 15.7 kW
Cell efficiency: 0.308, Output efficiency: 0.278
mdot_h2: 7.30 g/s
Reynolds_number: 17,462,779
Stack prop output power: 224 kW, Pcomp: 2.0 kW
Cell efficiency: 0.291, Output efficiency: 0.274
mdot_h2: 5.51 g/s
Reynolds_number: 17,462,779
Stack prop output power: 224 kW, Pcomp: 11.7 kW
Cell efficiency: 0.308, Output efficiency: 0.278
mdot_h2: 5.43 g/s

-----------------------
ptotal_climb: 786 kW, mtom_est: 3,482 kg, mtom: 3,481 kg, residual: +1.35 kg

MTOM update: bisection(clamped), relax=0.100 -> mtom_next=3,480.89 kg

======================================================
======================= ITER 53 =======================
Reynolds_number: 17,462,779
Stack prop output power: 302 kW, Pcomp: 15.7 kW
Cell efficiency: 0.308, Output efficiency: 0.278
mdot_h2: 7.30 g/s
Reynolds_number: 17,462,779
Stack prop output power: 224 kW, Pcomp: 2.0 kW
Cell efficiency: 0.291, Output efficiency: 0.274
mdot_h2: 5.51 g/s
Reynolds_number: 17,462,779
Stack prop output power: 224 kW, Pcomp: 11.7 kW
Cell efficiency: 0.308, Output efficiency: 0.278
mdot_h2: 5.43 g/s

-----------------------
ptotal_climb: 786 kW, mtom_est: 3,482 kg, mtom: 3,481 kg, residual: +1.35 kg

MTOM update: bisection(clamped), relax=0.100 -> mtom_next=3,480.89 kg

======================================================
======================= ITER 54 =======================
Reynolds_number: 17,462,779
Stack prop output power: 302 kW, Pcomp: 15.7 kW
Cell efficiency: 0.308, Output efficiency: 0.278
mdot_h2: 7.30 g/s
Reynolds_number: 17,462,779
Stack prop output power: 224 kW, Pcomp: 2.0 kW
Cell efficiency: 0.291, Output efficiency: 0.274
mdot_h2: 5.51 g/s
Reynolds_number: 17,462,779
Stack prop output power: 224 kW, Pcomp: 11.7 kW
Cell efficiency: 0.308, Output efficiency: 0.278
mdot_h2: 5.43 g/s

-----------------------
ptotal_climb: 786 kW, mtom_est: 3,482 kg, mtom: 3,481 kg, residual: +1.35 kg

MTOM update: bisection(clamped), relax=0.100 -> mtom_next=3,480.89 kg

======================================================
======================= ITER 55 =======================
Reynolds_number: 17,462,779
Stack prop output power: 302 kW, Pcomp: 15.7 kW
Cell efficiency: 0.308, Output efficiency: 0.278
mdot_h2: 7.30 g/s
Reynolds_number: 17,462,779
Stack prop output power: 224 kW, Pcomp: 2.0 kW
Cell efficiency: 0.291, Output efficiency: 0.274
mdot_h2: 5.51 g/s
Reynolds_number: 17,462,779
Stack prop output power: 224 kW, Pcomp: 11.7 kW
Cell efficiency: 0.308, Output efficiency: 0.278
mdot_h2: 5.43 g/s

-----------------------
ptotal_climb: 786 kW, mtom_est: 3,482 kg, mtom: 3,481 kg, residual: +1.35 kg

MTOM update: bisection(clamped), relax=0.100 -> mtom_next=3,480.89 kg

======================================================
======================= ITER 56 =======================
Reynolds_number: 17,462,779
Stack prop output power: 302 kW, Pcomp: 15.7 kW
Cell efficiency: 0.308, Output efficiency: 0.278
mdot_h2: 7.30 g/s
Reynolds_number: 17,462,779
Stack prop output power: 224 kW, Pcomp: 2.0 kW
Cell efficiency: 0.291, Output efficiency: 0.274
mdot_h2: 5.51 g/s
Reynolds_number: 17,462,779
Stack prop output power: 224 kW, Pcomp: 11.7 kW
Cell efficiency: 0.308, Output efficiency: 0.278
mdot_h2: 5.43 g/s

-----------------------
ptotal_climb: 786 kW, mtom_est: 3,482 kg, mtom: 3,481 kg, residual: +1.35 kg

MTOM update: bisection(clamped), relax=0.100 -> mtom_next=3,480.89 kg

======================================================
======================= ITER 57 =======================
Reynolds_number: 17,462,779
Stack prop output power: 302 kW, Pcomp: 15.7 kW
Cell efficiency: 0.308, Output efficiency: 0.278
mdot_h2: 7.30 g/s
Reynolds_number: 17,462,779
Stack prop output power: 224 kW, Pcomp: 2.0 kW
Cell efficiency: 0.291, Output efficiency: 0.274
mdot_h2: 5.51 g/s
Reynolds_number: 17,462,779
Stack prop output power: 224 kW, Pcomp: 11.7 kW
Cell efficiency: 0.308, Output efficiency: 0.278
mdot_h2: 5.43 g/s

-----------------------
ptotal_climb: 786 kW, mtom_est: 3,482 kg, mtom: 3,481 kg, residual: +1.35 kg

MTOM update: bisection(clamped), relax=0.100 -> mtom_next=3,480.89 kg

======================================================
======================= ITER 58 =======================
Reynolds_number: 17,462,779
Stack prop output power: 302 kW, Pcomp: 15.7 kW
Cell efficiency: 0.308, Output efficiency: 0.278
mdot_h2: 7.30 g/s
Reynolds_number: 17,462,779
Stack prop output power: 224 kW, Pcomp: 2.0 kW
Cell efficiency: 0.291, Output efficiency: 0.274
mdot_h2: 5.51 g/s
Reynolds_number: 17,462,779
Stack prop output power: 224 kW, Pcomp: 11.7 kW
Cell efficiency: 0.308, Output efficiency: 0.278
mdot_h2: 5.43 g/s

-----------------------
ptotal_climb: 786 kW, mtom_est: 3,482 kg, mtom: 3,481 kg, residual: +1.35 kg

MTOM update: bisection(clamped), relax=0.100 -> mtom_next=3,480.89 kg

======================================================
======================= ITER 59 =======================
Reynolds_number: 17,462,779
Stack prop output power: 302 kW, Pcomp: 15.7 kW
Cell efficiency: 0.308, Output efficiency: 0.278
mdot_h2: 7.30 g/s
Reynolds_number: 17,462,779
Stack prop output power: 224 kW, Pcomp: 2.0 kW
Cell efficiency: 0.291, Output efficiency: 0.274
mdot_h2: 5.51 g/s
Reynolds_number: 17,462,779
Stack prop output power: 224 kW, Pcomp: 11.7 kW
Cell efficiency: 0.308, Output efficiency: 0.278
mdot_h2: 5.43 g/s

-----------------------
ptotal_climb: 786 kW, mtom_est: 3,482 kg, mtom: 3,481 kg, residual: +1.35 kg

MTOM update: bisection(clamped), relax=0.100 -> mtom_next=3,480.89 kg

======================================================
======================= ITER 60 =======================
Reynolds_number: 17,462,779
Stack prop output power: 302 kW, Pcomp: 15.7 kW
Cell efficiency: 0.308, Output efficiency: 0.278
mdot_h2: 7.30 g/s
Reynolds_number: 17,462,779
Stack prop output power: 224 kW, Pcomp: 2.0 kW
Cell efficiency: 0.291, Output efficiency: 0.274
mdot_h2: 5.51 g/s
Reynolds_number: 17,462,779
Stack prop output power: 224 kW, Pcomp: 11.7 kW
Cell efficiency: 0.308, Output efficiency: 0.278
mdot_h2: 5.43 g/s

-----------------------
ptotal_climb: 786 kW, mtom_est: 3,482 kg, mtom: 3,481 kg, residual: +1.35 kg

MTOM update: bisection(clamped), relax=0.100 -> mtom_next=3,480.89 kg

======================================================
======================= ITER 61 =======================
Reynolds_number: 17,462,779
Stack prop output power: 302 kW, Pcomp: 15.7 kW
Cell efficiency: 0.308, Output efficiency: 0.278
mdot_h2: 7.30 g/s
Reynolds_number: 17,462,779
Stack prop output power: 224 kW, Pcomp: 2.0 kW
Cell efficiency: 0.291, Output efficiency: 0.274
mdot_h2: 5.51 g/s
Reynolds_number: 17,462,779
Stack prop output power: 224 kW, Pcomp: 11.7 kW
Cell efficiency: 0.308, Output efficiency: 0.278
mdot_h2: 5.43 g/s

-----------------------
ptotal_climb: 786 kW, mtom_est: 3,482 kg, mtom: 3,481 kg, residual: +1.35 kg

MTOM update: bisection(clamped), relax=0.100 -> mtom_next=3,480.89 kg

======================================================
======================= ITER 62 =======================
Reynolds_number: 17,462,779
Stack prop output power: 302 kW, Pcomp: 15.7 kW
Cell efficiency: 0.308, Output efficiency: 0.278
mdot_h2: 7.30 g/s
Reynolds_number: 17,462,779
Stack prop output power: 224 kW, Pcomp: 2.0 kW
Cell efficiency: 0.291, Output efficiency: 0.274
mdot_h2: 5.51 g/s
Reynolds_number: 17,462,779
Stack prop output power: 224 kW, Pcomp: 11.7 kW
Cell efficiency: 0.308, Output efficiency: 0.278
mdot_h2: 5.43 g/s

-----------------------
ptotal_climb: 786 kW, mtom_est: 3,482 kg, mtom: 3,481 kg, residual: +1.35 kg

MTOM update: bisection(clamped), relax=0.100 -> mtom_next=3,480.89 kg

======================================================
======================= ITER 63 =======================
Reynolds_number: 17,462,779
Stack prop output power: 302 kW, Pcomp: 15.7 kW
Cell efficiency: 0.308, Output efficiency: 0.278
mdot_h2: 7.30 g/s
Reynolds_number: 17,462,779
Stack prop output power: 224 kW, Pcomp: 2.0 kW
Cell efficiency: 0.291, Output efficiency: 0.274
mdot_h2: 5.51 g/s
Reynolds_number: 17,462,779
Stack prop output power: 224 kW, Pcomp: 11.7 kW
Cell efficiency: 0.308, Output efficiency: 0.278
mdot_h2: 5.43 g/s

-----------------------
ptotal_climb: 786 kW, mtom_est: 3,482 kg, mtom: 3,481 kg, residual: +1.35 kg

MTOM update: bisection(clamped), relax=0.100 -> mtom_next=3,480.89 kg

======================================================
======================= ITER 64 =======================
Reynolds_number: 17,462,779
Stack prop output power: 302 kW, Pcomp: 15.7 kW
Cell efficiency: 0.308, Output efficiency: 0.278
mdot_h2: 7.30 g/s
Reynolds_number: 17,462,779
Stack prop output power: 224 kW, Pcomp: 2.0 kW
Cell efficiency: 0.291, Output efficiency: 0.274
mdot_h2: 5.51 g/s
Reynolds_number: 17,462,779
Stack prop output power: 224 kW, Pcomp: 11.7 kW
Cell efficiency: 0.308, Output efficiency: 0.278
mdot_h2: 5.43 g/s

-----------------------
ptotal_climb: 786 kW, mtom_est: 3,482 kg, mtom: 3,481 kg, residual: +1.35 kg

MTOM update: bisection(clamped), relax=0.100 -> mtom_next=3,480.89 kg

======================================================
======================= ITER 65 =======================
Reynolds_number: 17,462,779
Stack prop output power: 302 kW, Pcomp: 15.7 kW
Cell efficiency: 0.308, Output efficiency: 0.278
mdot_h2: 7.30 g/s
Reynolds_number: 17,462,779
Stack prop output power: 224 kW, Pcomp: 2.0 kW
Cell efficiency: 0.291, Output efficiency: 0.274
mdot_h2: 5.51 g/s
Reynolds_number: 17,462,779
Stack prop output power: 224 kW, Pcomp: 11.7 kW
Cell efficiency: 0.308, Output efficiency: 0.278
mdot_h2: 5.43 g/s

-----------------------
ptotal_climb: 786 kW, mtom_est: 3,482 kg, mtom: 3,481 kg, residual: +1.35 kg

MTOM update: bisection(clamped), relax=0.100 -> mtom_next=3,480.89 kg

======================================================
======================= ITER 66 =======================
Reynolds_number: 17,462,779
Stack prop output power: 302 kW, Pcomp: 15.7 kW
Cell efficiency: 0.308, Output efficiency: 0.278
mdot_h2: 7.30 g/s
Reynolds_number: 17,462,779
Stack prop output power: 224 kW, Pcomp: 2.0 kW
Cell efficiency: 0.291, Output efficiency: 0.274
mdot_h2: 5.51 g/s
Reynolds_number: 17,462,779
Stack prop output power: 224 kW, Pcomp: 11.7 kW
Cell efficiency: 0.308, Output efficiency: 0.278
mdot_h2: 5.43 g/s

-----------------------
ptotal_climb: 786 kW, mtom_est: 3,482 kg, mtom: 3,481 kg, residual: +1.35 kg

MTOM update: bisection(clamped), relax=0.100 -> mtom_next=3,480.89 kg

======================================================
======================= ITER 67 =======================
Reynolds_number: 17,462,779
Stack prop output power: 302 kW, Pcomp: 15.7 kW
Cell efficiency: 0.308, Output efficiency: 0.278
mdot_h2: 7.30 g/s
Reynolds_number: 17,462,779
Stack prop output power: 224 kW, Pcomp: 2.0 kW
Cell efficiency: 0.291, Output efficiency: 0.274
mdot_h2: 5.51 g/s
Reynolds_number: 17,462,779
Stack prop output power: 224 kW, Pcomp: 11.7 kW
Cell efficiency: 0.308, Output efficiency: 0.278
mdot_h2: 5.43 g/s

-----------------------
ptotal_climb: 786 kW, mtom_est: 3,482 kg, mtom: 3,481 kg, residual: +1.35 kg

MTOM update: bisection(clamped), relax=0.100 -> mtom_next=3,480.89 kg

======================================================
======================= ITER 68 =======================
Reynolds_number: 17,462,779
Stack prop output power: 302 kW, Pcomp: 15.7 kW
Cell efficiency: 0.308, Output efficiency: 0.278
mdot_h2: 7.30 g/s
Reynolds_number: 17,462,779
Stack prop output power: 224 kW, Pcomp: 2.0 kW
Cell efficiency: 0.291, Output efficiency: 0.274
mdot_h2: 5.51 g/s
Reynolds_number: 17,462,779
Stack prop output power: 224 kW, Pcomp: 11.7 kW
Cell efficiency: 0.308, Output efficiency: 0.278
mdot_h2: 5.43 g/s

-----------------------
ptotal_climb: 786 kW, mtom_est: 3,482 kg, mtom: 3,481 kg, residual: +1.35 kg

MTOM update: bisection(clamped), relax=0.100 -> mtom_next=3,480.89 kg

======================================================
======================= ITER 69 =======================
Reynolds_number: 17,462,779
Stack prop output power: 302 kW, Pcomp: 15.7 kW
Cell efficiency: 0.308, Output efficiency: 0.278
mdot_h2: 7.30 g/s
Reynolds_number: 17,462,779
Stack prop output power: 224 kW, Pcomp: 2.0 kW
Cell efficiency: 0.291, Output efficiency: 0.274
mdot_h2: 5.51 g/s
Reynolds_number: 17,462,779
Stack prop output power: 224 kW, Pcomp: 11.7 kW
Cell efficiency: 0.308, Output efficiency: 0.278
mdot_h2: 5.43 g/s

-----------------------
ptotal_climb: 786 kW, mtom_est: 3,482 kg, mtom: 3,481 kg, residual: +1.35 kg

MTOM update: bisection(clamped), relax=0.100 -> mtom_next=3,480.89 kg

======================================================
======================= ITER 70 =======================
Reynolds_number: 17,462,779
Stack prop output power: 302 kW, Pcomp: 15.7 kW
Cell efficiency: 0.308, Output efficiency: 0.278
mdot_h2: 7.30 g/s
Reynolds_number: 17,462,779
Stack prop output power: 224 kW, Pcomp: 2.0 kW
Cell efficiency: 0.291, Output efficiency: 0.274
mdot_h2: 5.51 g/s
Reynolds_number: 17,462,779
Stack prop output power: 224 kW, Pcomp: 11.7 kW
Cell efficiency: 0.308, Output efficiency: 0.278
mdot_h2: 5.43 g/s

-----------------------
ptotal_climb: 786 kW, mtom_est: 3,482 kg, mtom: 3,481 kg, residual: +1.35 kg

MTOM update: bisection(clamped), relax=0.100 -> mtom_next=3,480.89 kg

======================================================
======================= ITER 71 =======================
Reynolds_number: 17,462,779
Stack prop output power: 302 kW, Pcomp: 15.7 kW
Cell efficiency: 0.308, Output efficiency: 0.278
mdot_h2: 7.30 g/s
Reynolds_number: 17,462,779
Stack prop output power: 224 kW, Pcomp: 2.0 kW
Cell efficiency: 0.291, Output efficiency: 0.274
mdot_h2: 5.51 g/s
Reynolds_number: 17,462,779
Stack prop output power: 224 kW, Pcomp: 11.7 kW
Cell efficiency: 0.308, Output efficiency: 0.278
mdot_h2: 5.43 g/s

-----------------------
ptotal_climb: 786 kW, mtom_est: 3,482 kg, mtom: 3,481 kg, residual: +1.35 kg

MTOM update: bisection(clamped), relax=0.100 -> mtom_next=3,480.89 kg

======================================================
======================= ITER 72 =======================
Reynolds_number: 17,462,779
Stack prop output power: 302 kW, Pcomp: 15.7 kW
Cell efficiency: 0.308, Output efficiency: 0.278
mdot_h2: 7.30 g/s
Reynolds_number: 17,462,779
Stack prop output power: 224 kW, Pcomp: 2.0 kW
Cell efficiency: 0.291, Output efficiency: 0.274
mdot_h2: 5.51 g/s
Reynolds_number: 17,462,779
Stack prop output power: 224 kW, Pcomp: 11.7 kW
Cell efficiency: 0.308, Output efficiency: 0.278
mdot_h2: 5.43 g/s

-----------------------
ptotal_climb: 786 kW, mtom_est: 3,482 kg, mtom: 3,481 kg, residual: +1.35 kg

MTOM update: bisection(clamped), relax=0.100 -> mtom_next=3,480.89 kg

======================================================
======================= ITER 73 =======================
Reynolds_number: 17,462,779
Stack prop output power: 302 kW, Pcomp: 15.7 kW
Cell efficiency: 0.308, Output efficiency: 0.278
mdot_h2: 7.30 g/s
Reynolds_number: 17,462,779
Stack prop output power: 224 kW, Pcomp: 2.0 kW
Cell efficiency: 0.291, Output efficiency: 0.274
mdot_h2: 5.51 g/s
Reynolds_number: 17,462,779
Stack prop output power: 224 kW, Pcomp: 11.7 kW
Cell efficiency: 0.308, Output efficiency: 0.278
mdot_h2: 5.43 g/s

-----------------------
ptotal_climb: 786 kW, mtom_est: 3,482 kg, mtom: 3,481 kg, residual: +1.35 kg

MTOM update: bisection(clamped), relax=0.100 -> mtom_next=3,480.89 kg

======================================================
======================= ITER 74 =======================
Reynolds_number: 17,462,779
Stack prop output power: 302 kW, Pcomp: 15.7 kW
Cell efficiency: 0.308, Output efficiency: 0.278
mdot_h2: 7.30 g/s
Reynolds_number: 17,462,779
Stack prop output power: 224 kW, Pcomp: 2.0 kW
Cell efficiency: 0.291, Output efficiency: 0.274
mdot_h2: 5.51 g/s
Reynolds_number: 17,462,779
Stack prop output power: 224 kW, Pcomp: 11.7 kW
Cell efficiency: 0.308, Output efficiency: 0.278
mdot_h2: 5.43 g/s

-----------------------
ptotal_climb: 786 kW, mtom_est: 3,482 kg, mtom: 3,481 kg, residual: +1.35 kg

MTOM update: bisection(clamped), relax=0.100 -> mtom_next=3,480.89 kg

======================================================
======================= ITER 75 =======================
Reynolds_number: 17,462,779
Stack prop output power: 302 kW, Pcomp: 15.7 kW
Cell efficiency: 0.308, Output efficiency: 0.278
mdot_h2: 7.30 g/s
Reynolds_number: 17,462,779
Stack prop output power: 224 kW, Pcomp: 2.0 kW
Cell efficiency: 0.291, Output efficiency: 0.274
mdot_h2: 5.51 g/s
Reynolds_number: 17,462,779
Stack prop output power: 224 kW, Pcomp: 11.7 kW
Cell efficiency: 0.308, Output efficiency: 0.278
mdot_h2: 5.43 g/s

-----------------------
ptotal_climb: 786 kW, mtom_est: 3,482 kg, mtom: 3,481 kg, residual: +1.35 kg

MTOM update: bisection(clamped), relax=0.100 -> mtom_next=3,480.89 kg

======================================================
======================= ITER 76 =======================
Reynolds_number: 17,462,779
Stack prop output power: 302 kW, Pcomp: 15.7 kW
Cell efficiency: 0.308, Output efficiency: 0.278
mdot_h2: 7.30 g/s
Reynolds_number: 17,462,779
Stack prop output power: 224 kW, Pcomp: 2.0 kW
Cell efficiency: 0.291, Output efficiency: 0.274
mdot_h2: 5.51 g/s
Reynolds_number: 17,462,779
Stack prop output power: 224 kW, Pcomp: 11.7 kW
Cell efficiency: 0.308, Output efficiency: 0.278
mdot_h2: 5.43 g/s

-----------------------
ptotal_climb: 786 kW, mtom_est: 3,482 kg, mtom: 3,481 kg, residual: +1.35 kg

MTOM update: bisection(clamped), relax=0.100 -> mtom_next=3,480.89 kg

======================================================
======================= ITER 77 =======================
Reynolds_number: 17,462,779
Stack prop output power: 302 kW, Pcomp: 15.7 kW
Cell efficiency: 0.308, Output efficiency: 0.278
mdot_h2: 7.30 g/s
Reynolds_number: 17,462,779
Stack prop output power: 224 kW, Pcomp: 2.0 kW
Cell efficiency: 0.291, Output efficiency: 0.274
mdot_h2: 5.51 g/s
Reynolds_number: 17,462,779
Stack prop output power: 224 kW, Pcomp: 11.7 kW
Cell efficiency: 0.308, Output efficiency: 0.278
mdot_h2: 5.43 g/s

-----------------------
ptotal_climb: 786 kW, mtom_est: 3,482 kg, mtom: 3,481 kg, residual: +1.35 kg

MTOM update: bisection(clamped), relax=0.100 -> mtom_next=3,480.89 kg

======================================================
======================= ITER 78 =======================
Reynolds_number: 17,462,779
Stack prop output power: 302 kW, Pcomp: 15.7 kW
Cell efficiency: 0.308, Output efficiency: 0.278
mdot_h2: 7.30 g/s
Reynolds_number: 17,462,779
Stack prop output power: 224 kW, Pcomp: 2.0 kW
Cell efficiency: 0.291, Output efficiency: 0.274
mdot_h2: 5.51 g/s
Reynolds_number: 17,462,779
Stack prop output power: 224 kW, Pcomp: 11.7 kW
Cell efficiency: 0.308, Output efficiency: 0.278
mdot_h2: 5.43 g/s

-----------------------
ptotal_climb: 786 kW, mtom_est: 3,482 kg, mtom: 3,481 kg, residual: +1.35 kg

MTOM update: bisection(clamped), relax=0.100 -> mtom_next=3,480.89 kg

======================================================
======================= ITER 79 =======================
Reynolds_number: 17,462,779
Stack prop output power: 302 kW, Pcomp: 15.7 kW
Cell efficiency: 0.308, Output efficiency: 0.278
mdot_h2: 7.30 g/s
Reynolds_number: 17,462,779
Stack prop output power: 224 kW, Pcomp: 2.0 kW
Cell efficiency: 0.291, Output efficiency: 0.274
mdot_h2: 5.51 g/s
Reynolds_number: 17,462,779
Stack prop output power: 224 kW, Pcomp: 11.7 kW
Cell efficiency: 0.308, Output efficiency: 0.278
mdot_h2: 5.43 g/s

-----------------------
ptotal_climb: 786 kW, mtom_est: 3,482 kg, mtom: 3,481 kg, residual: +1.35 kg

MTOM update: bisection(clamped), relax=0.100 -> mtom_next=3,480.89 kg

======================================================
======================= ITER 80 =======================
Reynolds_number: 17,462,779
Stack prop output power: 302 kW, Pcomp: 15.7 kW
Cell efficiency: 0.308, Output efficiency: 0.278
mdot_h2: 7.30 g/s
Reynolds_number: 17,462,779
Stack prop output power: 224 kW, Pcomp: 2.0 kW
Cell efficiency: 0.291, Output efficiency: 0.274
mdot_h2: 5.51 g/s
Reynolds_number: 17,462,779
Stack prop output power: 224 kW, Pcomp: 11.7 kW
Cell efficiency: 0.308, Output efficiency: 0.278
mdot_h2: 5.43 g/s

-----------------------
ptotal_climb: 786 kW, mtom_est: 3,482 kg, mtom: 3,481 kg, residual: +1.35 kg

MTOM update: bisection(clamped), relax=0.100 -> mtom_next=3,480.89 kg

======================================================
======================= ITER 81 =======================
Reynolds_number: 17,462,779
Stack prop output power: 302 kW, Pcomp: 15.7 kW
Cell efficiency: 0.308, Output efficiency: 0.278
mdot_h2: 7.30 g/s
Reynolds_number: 17,462,779
Stack prop output power: 224 kW, Pcomp: 2.0 kW
Cell efficiency: 0.291, Output efficiency: 0.274
mdot_h2: 5.51 g/s
Reynolds_number: 17,462,779
Stack prop output power: 224 kW, Pcomp: 11.7 kW
Cell efficiency: 0.308, Output efficiency: 0.278
mdot_h2: 5.43 g/s

-----------------------
ptotal_climb: 786 kW, mtom_est: 3,482 kg, mtom: 3,481 kg, residual: +1.35 kg

MTOM update: bisection(clamped), relax=0.100 -> mtom_next=3,480.89 kg

======================================================
======================= ITER 82 =======================
Reynolds_number: 17,462,779
Stack prop output power: 302 kW, Pcomp: 15.7 kW
Cell efficiency: 0.308, Output efficiency: 0.278
mdot_h2: 7.30 g/s
Reynolds_number: 17,462,779
Stack prop output power: 224 kW, Pcomp: 2.0 kW
Cell efficiency: 0.291, Output efficiency: 0.274
mdot_h2: 5.51 g/s
Reynolds_number: 17,462,779
Stack prop output power: 224 kW, Pcomp: 11.7 kW
Cell efficiency: 0.308, Output efficiency: 0.278
mdot_h2: 5.43 g/s

-----------------------
ptotal_climb: 786 kW, mtom_est: 3,482 kg, mtom: 3,481 kg, residual: +1.35 kg

MTOM update: bisection(clamped), relax=0.100 -> mtom_next=3,480.89 kg

======================================================
======================= ITER 83 =======================
Reynolds_number: 17,462,779
Stack prop output power: 302 kW, Pcomp: 15.7 kW
Cell efficiency: 0.308, Output efficiency: 0.278
mdot_h2: 7.30 g/s
Reynolds_number: 17,462,779
Stack prop output power: 224 kW, Pcomp: 2.0 kW
Cell efficiency: 0.291, Output efficiency: 0.274
mdot_h2: 5.51 g/s
Reynolds_number: 17,462,779
Stack prop output power: 224 kW, Pcomp: 11.7 kW
Cell efficiency: 0.308, Output efficiency: 0.278
mdot_h2: 5.43 g/s

-----------------------
ptotal_climb: 786 kW, mtom_est: 3,482 kg, mtom: 3,481 kg, residual: +1.35 kg

MTOM update: bisection(clamped), relax=0.100 -> mtom_next=3,480.89 kg

======================================================
======================= ITER 84 =======================
Reynolds_number: 17,462,779
Stack prop output power: 302 kW, Pcomp: 15.7 kW
Cell efficiency: 0.308, Output efficiency: 0.278
mdot_h2: 7.30 g/s
Reynolds_number: 17,462,779
Stack prop output power: 224 kW, Pcomp: 2.0 kW
Cell efficiency: 0.291, Output efficiency: 0.274
mdot_h2: 5.51 g/s
Reynolds_number: 17,462,779
Stack prop output power: 224 kW, Pcomp: 11.7 kW
Cell efficiency: 0.308, Output efficiency: 0.278
mdot_h2: 5.43 g/s

-----------------------
ptotal_climb: 786 kW, mtom_est: 3,482 kg, mtom: 3,481 kg, residual: +1.35 kg

MTOM update: bisection(clamped), relax=0.100 -> mtom_next=3,480.89 kg

======================================================
======================= ITER 85 =======================
Reynolds_number: 17,462,779
Stack prop output power: 302 kW, Pcomp: 15.7 kW
Cell efficiency: 0.308, Output efficiency: 0.278
mdot_h2: 7.30 g/s
Reynolds_number: 17,462,779
Stack prop output power: 224 kW, Pcomp: 2.0 kW
Cell efficiency: 0.291, Output efficiency: 0.274
mdot_h2: 5.51 g/s
Reynolds_number: 17,462,779
Stack prop output power: 224 kW, Pcomp: 11.7 kW
Cell efficiency: 0.308, Output efficiency: 0.278
mdot_h2: 5.43 g/s

-----------------------
ptotal_climb: 786 kW, mtom_est: 3,482 kg, mtom: 3,481 kg, residual: +1.35 kg

MTOM update: bisection(clamped), relax=0.100 -> mtom_next=3,480.89 kg

======================================================
======================= ITER 86 =======================
Reynolds_number: 17,462,779
Stack prop output power: 302 kW, Pcomp: 15.7 kW
Cell efficiency: 0.308, Output efficiency: 0.278
mdot_h2: 7.30 g/s
Reynolds_number: 17,462,779
Stack prop output power: 224 kW, Pcomp: 2.0 kW
Cell efficiency: 0.291, Output efficiency: 0.274
mdot_h2: 5.51 g/s
Reynolds_number: 17,462,779
Stack prop output power: 224 kW, Pcomp: 11.7 kW
Cell efficiency: 0.308, Output efficiency: 0.278
mdot_h2: 5.43 g/s

-----------------------
ptotal_climb: 786 kW, mtom_est: 3,482 kg, mtom: 3,481 kg, residual: +1.35 kg

MTOM update: bisection(clamped), relax=0.100 -> mtom_next=3,480.89 kg

======================================================
======================= ITER 87 =======================
Reynolds_number: 17,462,779
Stack prop output power: 302 kW, Pcomp: 15.7 kW
Cell efficiency: 0.308, Output efficiency: 0.278
mdot_h2: 7.30 g/s
Reynolds_number: 17,462,779
Stack prop output power: 224 kW, Pcomp: 2.0 kW
Cell efficiency: 0.291, Output efficiency: 0.274
mdot_h2: 5.51 g/s
Reynolds_number: 17,462,779
Stack prop output power: 224 kW, Pcomp: 11.7 kW
Cell efficiency: 0.308, Output efficiency: 0.278
mdot_h2: 5.43 g/s

-----------------------
ptotal_climb: 786 kW, mtom_est: 3,482 kg, mtom: 3,481 kg, residual: +1.35 kg

MTOM update: bisection(clamped), relax=0.100 -> mtom_next=3,480.89 kg

======================================================
======================= ITER 88 =======================
Reynolds_number: 17,462,779
Stack prop output power: 302 kW, Pcomp: 15.7 kW
Cell efficiency: 0.308, Output efficiency: 0.278
mdot_h2: 7.30 g/s
Reynolds_number: 17,462,779
Stack prop output power: 224 kW, Pcomp: 2.0 kW
Cell efficiency: 0.291, Output efficiency: 0.274
mdot_h2: 5.51 g/s
Reynolds_number: 17,462,779
Stack prop output power: 224 kW, Pcomp: 11.7 kW
Cell efficiency: 0.308, Output efficiency: 0.278
mdot_h2: 5.43 g/s

-----------------------
ptotal_climb: 786 kW, mtom_est: 3,482 kg, mtom: 3,481 kg, residual: +1.35 kg

MTOM update: bisection(clamped), relax=0.100 -> mtom_next=3,480.89 kg

======================================================
======================= ITER 89 =======================
Reynolds_number: 17,462,779
Stack prop output power: 302 kW, Pcomp: 15.7 kW
Cell efficiency: 0.308, Output efficiency: 0.278
mdot_h2: 7.30 g/s
Reynolds_number: 17,462,779
Stack prop output power: 224 kW, Pcomp: 2.0 kW
Cell efficiency: 0.291, Output efficiency: 0.274
mdot_h2: 5.51 g/s
Reynolds_number: 17,462,779
Stack prop output power: 224 kW, Pcomp: 11.7 kW
Cell efficiency: 0.308, Output efficiency: 0.278
mdot_h2: 5.43 g/s

-----------------------
ptotal_climb: 786 kW, mtom_est: 3,482 kg, mtom: 3,481 kg, residual: +1.35 kg

MTOM update: bisection(clamped), relax=0.100 -> mtom_next=3,480.89 kg

======================================================
======================= ITER 90 =======================
Reynolds_number: 17,462,779
Stack prop output power: 302 kW, Pcomp: 15.7 kW
Cell efficiency: 0.308, Output efficiency: 0.278
mdot_h2: 7.30 g/s
Reynolds_number: 17,462,779
Stack prop output power: 224 kW, Pcomp: 2.0 kW
Cell efficiency: 0.291, Output efficiency: 0.274
mdot_h2: 5.51 g/s
Reynolds_number: 17,462,779
Stack prop output power: 224 kW, Pcomp: 11.7 kW
Cell efficiency: 0.308, Output efficiency: 0.278
mdot_h2: 5.43 g/s

-----------------------
ptotal_climb: 786 kW, mtom_est: 3,482 kg, mtom: 3,481 kg, residual: +1.35 kg

MTOM update: bisection(clamped), relax=0.100 -> mtom_next=3,480.89 kg

======================================================
======================= ITER 91 =======================
Reynolds_number: 17,462,779
Stack prop output power: 302 kW, Pcomp: 15.7 kW
Cell efficiency: 0.308, Output efficiency: 0.278
mdot_h2: 7.30 g/s
Reynolds_number: 17,462,779
Stack prop output power: 224 kW, Pcomp: 2.0 kW
Cell efficiency: 0.291, Output efficiency: 0.274
mdot_h2: 5.51 g/s
Reynolds_number: 17,462,779
Stack prop output power: 224 kW, Pcomp: 11.7 kW
Cell efficiency: 0.308, Output efficiency: 0.278
mdot_h2: 5.43 g/s

-----------------------
ptotal_climb: 786 kW, mtom_est: 3,482 kg, mtom: 3,481 kg, residual: +1.35 kg

MTOM update: bisection(clamped), relax=0.100 -> mtom_next=3,480.89 kg

======================================================
======================= ITER 92 =======================
Reynolds_number: 17,462,779
Stack prop output power: 302 kW, Pcomp: 15.7 kW
Cell efficiency: 0.308, Output efficiency: 0.278
mdot_h2: 7.30 g/s
Reynolds_number: 17,462,779
Stack prop output power: 224 kW, Pcomp: 2.0 kW
Cell efficiency: 0.291, Output efficiency: 0.274
mdot_h2: 5.51 g/s
Reynolds_number: 17,462,779
Stack prop output power: 224 kW, Pcomp: 11.7 kW
Cell efficiency: 0.308, Output efficiency: 0.278
mdot_h2: 5.43 g/s

-----------------------
ptotal_climb: 786 kW, mtom_est: 3,482 kg, mtom: 3,481 kg, residual: +1.35 kg

MTOM update: bisection(clamped), relax=0.100 -> mtom_next=3,480.89 kg

======================================================
======================= ITER 93 =======================
Reynolds_number: 17,462,779
Stack prop output power: 302 kW, Pcomp: 15.7 kW
Cell efficiency: 0.308, Output efficiency: 0.278
mdot_h2: 7.30 g/s
Reynolds_number: 17,462,779
Stack prop output power: 224 kW, Pcomp: 2.0 kW
Cell efficiency: 0.291, Output efficiency: 0.274
mdot_h2: 5.51 g/s
Reynolds_number: 17,462,779
Stack prop output power: 224 kW, Pcomp: 11.7 kW
Cell efficiency: 0.308, Output efficiency: 0.278
mdot_h2: 5.43 g/s

-----------------------
ptotal_climb: 786 kW, mtom_est: 3,482 kg, mtom: 3,481 kg, residual: +1.35 kg

MTOM update: bisection(clamped), relax=0.100 -> mtom_next=3,480.89 kg

======================================================
======================= ITER 94 =======================
Reynolds_number: 17,462,779
Stack prop output power: 302 kW, Pcomp: 15.7 kW
Cell efficiency: 0.308, Output efficiency: 0.278
mdot_h2: 7.30 g/s
Reynolds_number: 17,462,779
Stack prop output power: 224 kW, Pcomp: 2.0 kW
Cell efficiency: 0.291, Output efficiency: 0.274
mdot_h2: 5.51 g/s
Reynolds_number: 17,462,779
Stack prop output power: 224 kW, Pcomp: 11.7 kW
Cell efficiency: 0.308, Output efficiency: 0.278
mdot_h2: 5.43 g/s

-----------------------
ptotal_climb: 786 kW, mtom_est: 3,482 kg, mtom: 3,481 kg, residual: +1.35 kg

MTOM update: bisection(clamped), relax=0.100 -> mtom_next=3,480.89 kg

======================================================
======================= ITER 95 =======================
Reynolds_number: 17,462,779
Stack prop output power: 302 kW, Pcomp: 15.7 kW
Cell efficiency: 0.308, Output efficiency: 0.278
mdot_h2: 7.30 g/s
Reynolds_number: 17,462,779
Stack prop output power: 224 kW, Pcomp: 2.0 kW
Cell efficiency: 0.291, Output efficiency: 0.274
mdot_h2: 5.51 g/s
Reynolds_number: 17,462,779
Stack prop output power: 224 kW, Pcomp: 11.7 kW
Cell efficiency: 0.308, Output efficiency: 0.278
mdot_h2: 5.43 g/s

-----------------------
ptotal_climb: 786 kW, mtom_est: 3,482 kg, mtom: 3,481 kg, residual: +1.35 kg

MTOM update: bisection(clamped), relax=0.100 -> mtom_next=3,480.89 kg

======================================================
======================= ITER 96 =======================
Reynolds_number: 17,462,779
Stack prop output power: 302 kW, Pcomp: 15.7 kW
Cell efficiency: 0.308, Output efficiency: 0.278
mdot_h2: 7.30 g/s
Reynolds_number: 17,462,779
Stack prop output power: 224 kW, Pcomp: 2.0 kW
Cell efficiency: 0.291, Output efficiency: 0.274
mdot_h2: 5.51 g/s
Reynolds_number: 17,462,779
Stack prop output power: 224 kW, Pcomp: 11.7 kW
Cell efficiency: 0.308, Output efficiency: 0.278
mdot_h2: 5.43 g/s

-----------------------
ptotal_climb: 786 kW, mtom_est: 3,482 kg, mtom: 3,481 kg, residual: +1.35 kg

MTOM update: bisection(clamped), relax=0.100 -> mtom_next=3,480.89 kg

======================================================
======================= ITER 97 =======================
Reynolds_number: 17,462,779
Stack prop output power: 302 kW, Pcomp: 15.7 kW
Cell efficiency: 0.308, Output efficiency: 0.278
mdot_h2: 7.30 g/s
Reynolds_number: 17,462,779
Stack prop output power: 224 kW, Pcomp: 2.0 kW
Cell efficiency: 0.291, Output efficiency: 0.274
mdot_h2: 5.51 g/s
Reynolds_number: 17,462,779
Stack prop output power: 224 kW, Pcomp: 11.7 kW
Cell efficiency: 0.308, Output efficiency: 0.278
mdot_h2: 5.43 g/s

-----------------------
ptotal_climb: 786 kW, mtom_est: 3,482 kg, mtom: 3,481 kg, residual: +1.35 kg

MTOM update: bisection(clamped), relax=0.100 -> mtom_next=3,480.89 kg

======================================================
======================= ITER 98 =======================
Reynolds_number: 17,462,779
Stack prop output power: 302 kW, Pcomp: 15.7 kW
Cell efficiency: 0.308, Output efficiency: 0.278
mdot_h2: 7.30 g/s
Reynolds_number: 17,462,779
Stack prop output power: 224 kW, Pcomp: 2.0 kW
Cell efficiency: 0.291, Output efficiency: 0.274
mdot_h2: 5.51 g/s
Reynolds_number: 17,462,779
Stack prop output power: 224 kW, Pcomp: 11.7 kW
Cell efficiency: 0.308, Output efficiency: 0.278
mdot_h2: 5.43 g/s

-----------------------
ptotal_climb: 786 kW, mtom_est: 3,482 kg, mtom: 3,481 kg, residual: +1.35 kg

MTOM update: bisection(clamped), relax=0.100 -> mtom_next=3,480.89 kg

======================================================
======================= ITER 99 =======================
Reynolds_number: 17,462,779
Stack prop output power: 302 kW, Pcomp: 15.7 kW
Cell efficiency: 0.308, Output efficiency: 0.278
mdot_h2: 7.30 g/s
Reynolds_number: 17,462,779
Stack prop output power: 224 kW, Pcomp: 2.0 kW
Cell efficiency: 0.291, Output efficiency: 0.274
mdot_h2: 5.51 g/s
Reynolds_number: 17,462,779
Stack prop output power: 224 kW, Pcomp: 11.7 kW
Cell efficiency: 0.308, Output efficiency: 0.278
mdot_h2: 5.43 g/s

-----------------------
ptotal_climb: 786 kW, mtom_est: 3,482 kg, mtom: 3,481 kg, residual: +1.35 kg

MTOM update: bisection(clamped), relax=0.100 -> mtom_next=3,480.89 kg

======================================================
======================= ITER 100 =======================
Reynolds_number: 17,462,779
Stack prop output power: 302 kW, Pcomp: 15.7 kW
Cell efficiency: 0.308, Output efficiency: 0.278
mdot_h2: 7.30 g/s
Reynolds_number: 17,462,779
Stack prop output power: 224 kW, Pcomp: 2.0 kW
Cell efficiency: 0.291, Output efficiency: 0.274
mdot_h2: 5.51 g/s
Reynolds_number: 17,462,779
Stack prop output power: 224 kW, Pcomp: 11.7 kW
Cell efficiency: 0.308, Output efficiency: 0.278
mdot_h2: 5.43 g/s

-----------------------
ptotal_climb: 786 kW, mtom_est: 3,482 kg, mtom: 3,481 kg, residual: +1.35 kg

MTOM update: bisection(clamped), relax=0.100 -> mtom_next=3,480.89 kg

======================================================
======================= ITER 101 =======================
Reynolds_number: 17,462,779
Stack prop output power: 302 kW, Pcomp: 15.7 kW
Cell efficiency: 0.308, Output efficiency: 0.278
mdot_h2: 7.30 g/s
Reynolds_number: 17,462,779
Stack prop output power: 224 kW, Pcomp: 2.0 kW
Cell efficiency: 0.291, Output efficiency: 0.274
mdot_h2: 5.51 g/s
Reynolds_number: 17,462,779
Stack prop output power: 224 kW, Pcomp: 11.7 kW
Cell efficiency: 0.308, Output efficiency: 0.278
mdot_h2: 5.43 g/s

-----------------------
ptotal_climb: 786 kW, mtom_est: 3,482 kg, mtom: 3,481 kg, residual: +1.35 kg

MTOM update: bisection(clamped), relax=0.100 -> mtom_next=3,480.89 kg

======================================================
======================= ITER 102 =======================
Reynolds_number: 17,462,779
Stack prop output power: 302 kW, Pcomp: 15.7 kW
Cell efficiency: 0.308, Output efficiency: 0.278
mdot_h2: 7.30 g/s
Reynolds_number: 17,462,779
Stack prop output power: 224 kW, Pcomp: 2.0 kW
Cell efficiency: 0.291, Output efficiency: 0.274
mdot_h2: 5.51 g/s
Reynolds_number: 17,462,779
Stack prop output power: 224 kW, Pcomp: 11.7 kW
Cell efficiency: 0.308, Output efficiency: 0.278
mdot_h2: 5.43 g/s

-----------------------
ptotal_climb: 786 kW, mtom_est: 3,482 kg, mtom: 3,481 kg, residual: +1.35 kg

MTOM update: bisection(clamped), relax=0.100 -> mtom_next=3,480.89 kg

======================================================
======================= ITER 103 =======================
Reynolds_number: 17,462,779
Stack prop output power: 302 kW, Pcomp: 15.7 kW
Cell efficiency: 0.308, Output efficiency: 0.278
mdot_h2: 7.30 g/s
Reynolds_number: 17,462,779
Stack prop output power: 224 kW, Pcomp: 2.0 kW
Cell efficiency: 0.291, Output efficiency: 0.274
mdot_h2: 5.51 g/s
Reynolds_number: 17,462,779
Stack prop output power: 224 kW, Pcomp: 11.7 kW
Cell efficiency: 0.308, Output efficiency: 0.278
mdot_h2: 5.43 g/s

-----------------------
ptotal_climb: 786 kW, mtom_est: 3,482 kg, mtom: 3,481 kg, residual: +1.35 kg

MTOM update: bisection(clamped), relax=0.100 -> mtom_next=3,480.89 kg

======================================================
======================= ITER 104 =======================
Reynolds_number: 17,462,779
Stack prop output power: 302 kW, Pcomp: 15.7 kW
Cell efficiency: 0.308, Output efficiency: 0.278
mdot_h2: 7.30 g/s
Reynolds_number: 17,462,779
Stack prop output power: 224 kW, Pcomp: 2.0 kW
Cell efficiency: 0.291, Output efficiency: 0.274
mdot_h2: 5.51 g/s
Reynolds_number: 17,462,779
Stack prop output power: 224 kW, Pcomp: 11.7 kW
Cell efficiency: 0.308, Output efficiency: 0.278
mdot_h2: 5.43 g/s

-----------------------
ptotal_climb: 786 kW, mtom_est: 3,482 kg, mtom: 3,481 kg, residual: +1.35 kg

MTOM update: bisection(clamped), relax=0.100 -> mtom_next=3,480.89 kg

======================================================
======================= ITER 105 =======================
Reynolds_number: 17,462,779
Stack prop output power: 302 kW, Pcomp: 15.7 kW
Cell efficiency: 0.308, Output efficiency: 0.278
mdot_h2: 7.30 g/s
Reynolds_number: 17,462,779
Stack prop output power: 224 kW, Pcomp: 2.0 kW
Cell efficiency: 0.291, Output efficiency: 0.274
mdot_h2: 5.51 g/s
Reynolds_number: 17,462,779
Stack prop output power: 224 kW, Pcomp: 11.7 kW
Cell efficiency: 0.308, Output efficiency: 0.278
mdot_h2: 5.43 g/s

-----------------------
ptotal_climb: 786 kW, mtom_est: 3,482 kg, mtom: 3,481 kg, residual: +1.35 kg

MTOM update: bisection(clamped), relax=0.100 -> mtom_next=3,480.89 kg

======================================================
======================= ITER 106 =======================
Reynolds_number: 17,462,779
Stack prop output power: 302 kW, Pcomp: 15.7 kW
Cell efficiency: 0.308, Output efficiency: 0.278
mdot_h2: 7.30 g/s
Reynolds_number: 17,462,779
Stack prop output power: 224 kW, Pcomp: 2.0 kW
Cell efficiency: 0.291, Output efficiency: 0.274
mdot_h2: 5.51 g/s
Reynolds_number: 17,462,779
Stack prop output power: 224 kW, Pcomp: 11.7 kW
Cell efficiency: 0.308, Output efficiency: 0.278
mdot_h2: 5.43 g/s

-----------------------
ptotal_climb: 786 kW, mtom_est: 3,482 kg, mtom: 3,481 kg, residual: +1.35 kg

MTOM update: bisection(clamped), relax=0.100 -> mtom_next=3,480.89 kg

======================================================
======================= ITER 107 =======================
Reynolds_number: 17,462,779
Stack prop output power: 302 kW, Pcomp: 15.7 kW
Cell efficiency: 0.308, Output efficiency: 0.278
mdot_h2: 7.30 g/s
Reynolds_number: 17,462,779
Stack prop output power: 224 kW, Pcomp: 2.0 kW
Cell efficiency: 0.291, Output efficiency: 0.274
mdot_h2: 5.51 g/s
Reynolds_number: 17,462,779
Stack prop output power: 224 kW, Pcomp: 11.7 kW
Cell efficiency: 0.308, Output efficiency: 0.278
mdot_h2: 5.43 g/s

-----------------------
ptotal_climb: 786 kW, mtom_est: 3,482 kg, mtom: 3,481 kg, residual: +1.35 kg

MTOM update: bisection(clamped), relax=0.100 -> mtom_next=3,480.89 kg

======================================================
======================= ITER 108 =======================
Reynolds_number: 17,462,779
Stack prop output power: 302 kW, Pcomp: 15.7 kW
Cell efficiency: 0.308, Output efficiency: 0.278
mdot_h2: 7.30 g/s
Reynolds_number: 17,462,779
Stack prop output power: 224 kW, Pcomp: 2.0 kW
Cell efficiency: 0.291, Output efficiency: 0.274
mdot_h2: 5.51 g/s
Reynolds_number: 17,462,779
Stack prop output power: 224 kW, Pcomp: 11.7 kW
Cell efficiency: 0.308, Output efficiency: 0.278
mdot_h2: 5.43 g/s

-----------------------
ptotal_climb: 786 kW, mtom_est: 3,482 kg, mtom: 3,481 kg, residual: +1.35 kg

MTOM update: bisection(clamped), relax=0.100 -> mtom_next=3,480.89 kg

======================================================
======================= ITER 109 =======================
Reynolds_number: 17,462,779
Stack prop output power: 302 kW, Pcomp: 15.7 kW
Cell efficiency: 0.308, Output efficiency: 0.278
mdot_h2: 7.30 g/s
Reynolds_number: 17,462,779
Stack prop output power: 224 kW, Pcomp: 2.0 kW
Cell efficiency: 0.291, Output efficiency: 0.274
mdot_h2: 5.51 g/s
Reynolds_number: 17,462,779
Stack prop output power: 224 kW, Pcomp: 11.7 kW
Cell efficiency: 0.308, Output efficiency: 0.278
mdot_h2: 5.43 g/s

-----------------------
ptotal_climb: 786 kW, mtom_est: 3,482 kg, mtom: 3,481 kg, residual: +1.35 kg

MTOM update: bisection(clamped), relax=0.100 -> mtom_next=3,480.89 kg

======================================================
======================= ITER 110 =======================
Reynolds_number: 17,462,779
Stack prop output power: 302 kW, Pcomp: 15.7 kW
Cell efficiency: 0.308, Output efficiency: 0.278
mdot_h2: 7.30 g/s
Reynolds_number: 17,462,779
Stack prop output power: 224 kW, Pcomp: 2.0 kW
Cell efficiency: 0.291, Output efficiency: 0.274
mdot_h2: 5.51 g/s
Reynolds_number: 17,462,779
Stack prop output power: 224 kW, Pcomp: 11.7 kW
Cell efficiency: 0.308, Output efficiency: 0.278
mdot_h2: 5.43 g/s

-----------------------
ptotal_climb: 786 kW, mtom_est: 3,482 kg, mtom: 3,481 kg, residual: +1.35 kg

MTOM update: bisection(clamped), relax=0.100 -> mtom_next=3,480.89 kg

======================================================
======================= ITER 111 =======================
Reynolds_number: 17,462,779
Stack prop output power: 302 kW, Pcomp: 15.7 kW
Cell efficiency: 0.308, Output efficiency: 0.278
mdot_h2: 7.30 g/s
Reynolds_number: 17,462,779
Stack prop output power: 224 kW, Pcomp: 2.0 kW
Cell efficiency: 0.291, Output efficiency: 0.274
mdot_h2: 5.51 g/s
Reynolds_number: 17,462,779
Stack prop output power: 224 kW, Pcomp: 11.7 kW
Cell efficiency: 0.308, Output efficiency: 0.278
mdot_h2: 5.43 g/s

-----------------------
ptotal_climb: 786 kW, mtom_est: 3,482 kg, mtom: 3,481 kg, residual: +1.35 kg

MTOM update: bisection(clamped), relax=0.100 -> mtom_next=3,480.89 kg

======================================================
======================= ITER 112 =======================
Reynolds_number: 17,462,779
Stack prop output power: 302 kW, Pcomp: 15.7 kW
Cell efficiency: 0.308, Output efficiency: 0.278
mdot_h2: 7.30 g/s
Reynolds_number: 17,462,779
Stack prop output power: 224 kW, Pcomp: 2.0 kW
Cell efficiency: 0.291, Output efficiency: 0.274
mdot_h2: 5.51 g/s
Reynolds_number: 17,462,779
Stack prop output power: 224 kW, Pcomp: 11.7 kW
Cell efficiency: 0.308, Output efficiency: 0.278
mdot_h2: 5.43 g/s

-----------------------
ptotal_climb: 786 kW, mtom_est: 3,482 kg, mtom: 3,481 kg, residual: +1.35 kg

MTOM update: bisection(clamped), relax=0.100 -> mtom_next=3,480.89 kg

======================================================
======================= ITER 113 =======================
Reynolds_number: 17,462,779
Stack prop output power: 302 kW, Pcomp: 15.7 kW
Cell efficiency: 0.308, Output efficiency: 0.278
mdot_h2: 7.30 g/s
Reynolds_number: 17,462,779
Stack prop output power: 224 kW, Pcomp: 2.0 kW
Cell efficiency: 0.291, Output efficiency: 0.274
mdot_h2: 5.51 g/s
Reynolds_number: 17,462,779
Stack prop output power: 224 kW, Pcomp: 11.7 kW
Cell efficiency: 0.308, Output efficiency: 0.278
mdot_h2: 5.43 g/s

-----------------------
ptotal_climb: 786 kW, mtom_est: 3,482 kg, mtom: 3,481 kg, residual: +1.35 kg

MTOM update: bisection(clamped), relax=0.100 -> mtom_next=3,480.89 kg

======================================================
======================= ITER 114 =======================
Reynolds_number: 17,462,779
Stack prop output power: 302 kW, Pcomp: 15.7 kW
Cell efficiency: 0.308, Output efficiency: 0.278
mdot_h2: 7.30 g/s
Reynolds_number: 17,462,779
Stack prop output power: 224 kW, Pcomp: 2.0 kW
Cell efficiency: 0.291, Output efficiency: 0.274
mdot_h2: 5.51 g/s
Reynolds_number: 17,462,779
Stack prop output power: 224 kW, Pcomp: 11.7 kW
Cell efficiency: 0.308, Output efficiency: 0.278
mdot_h2: 5.43 g/s

-----------------------
ptotal_climb: 786 kW, mtom_est: 3,482 kg, mtom: 3,481 kg, residual: +1.35 kg

MTOM update: bisection(clamped), relax=0.100 -> mtom_next=3,480.89 kg

======================================================
======================= ITER 115 =======================
Reynolds_number: 17,462,779
Stack prop output power: 302 kW, Pcomp: 15.7 kW
Cell efficiency: 0.308, Output efficiency: 0.278
mdot_h2: 7.30 g/s
Reynolds_number: 17,462,779
Stack prop output power: 224 kW, Pcomp: 2.0 kW
Cell efficiency: 0.291, Output efficiency: 0.274
mdot_h2: 5.51 g/s
Reynolds_number: 17,462,779
Stack prop output power: 224 kW, Pcomp: 11.7 kW
Cell efficiency: 0.308, Output efficiency: 0.278
mdot_h2: 5.43 g/s

-----------------------
ptotal_climb: 786 kW, mtom_est: 3,482 kg, mtom: 3,481 kg, residual: +1.35 kg

MTOM update: bisection(clamped), relax=0.100 -> mtom_next=3,480.89 kg

======================================================
======================= ITER 116 =======================
Reynolds_number: 17,462,779
Stack prop output power: 302 kW, Pcomp: 15.7 kW
Cell efficiency: 0.308, Output efficiency: 0.278
mdot_h2: 7.30 g/s
Reynolds_number: 17,462,779
Stack prop output power: 224 kW, Pcomp: 2.0 kW
Cell efficiency: 0.291, Output efficiency: 0.274
mdot_h2: 5.51 g/s
Reynolds_number: 17,462,779
Stack prop output power: 224 kW, Pcomp: 11.7 kW
Cell efficiency: 0.308, Output efficiency: 0.278
mdot_h2: 5.43 g/s

-----------------------
ptotal_climb: 786 kW, mtom_est: 3,482 kg, mtom: 3,481 kg, residual: +1.35 kg

MTOM update: bisection(clamped), relax=0.100 -> mtom_next=3,480.89 kg

======================================================
======================= ITER 117 =======================
Reynolds_number: 17,462,779
Stack prop output power: 302 kW, Pcomp: 15.7 kW
Cell efficiency: 0.308, Output efficiency: 0.278
mdot_h2: 7.30 g/s
Reynolds_number: 17,462,779
Stack prop output power: 224 kW, Pcomp: 2.0 kW
Cell efficiency: 0.291, Output efficiency: 0.274
mdot_h2: 5.51 g/s
Reynolds_number: 17,462,779
Stack prop output power: 224 kW, Pcomp: 11.7 kW
Cell efficiency: 0.308, Output efficiency: 0.278
mdot_h2: 5.43 g/s

-----------------------
ptotal_climb: 786 kW, mtom_est: 3,482 kg, mtom: 3,481 kg, residual: +1.35 kg

MTOM update: bisection(clamped), relax=0.100 -> mtom_next=3,480.89 kg

======================================================
======================= ITER 118 =======================
Reynolds_number: 17,462,779
Stack prop output power: 302 kW, Pcomp: 15.7 kW
Cell efficiency: 0.308, Output efficiency: 0.278
mdot_h2: 7.30 g/s
Reynolds_number: 17,462,779
Stack prop output power: 224 kW, Pcomp: 2.0 kW
Cell efficiency: 0.291, Output efficiency: 0.274
mdot_h2: 5.51 g/s
Reynolds_number: 17,462,779
Stack prop output power: 224 kW, Pcomp: 11.7 kW
Cell efficiency: 0.308, Output efficiency: 0.278
mdot_h2: 5.43 g/s

-----------------------
ptotal_climb: 786 kW, mtom_est: 3,482 kg, mtom: 3,481 kg, residual: +1.35 kg

MTOM update: bisection(clamped), relax=0.100 -> mtom_next=3,480.89 kg

======================================================
======================= ITER 119 =======================
Reynolds_number: 17,462,779
Stack prop output power: 302 kW, Pcomp: 15.7 kW
Cell efficiency: 0.308, Output efficiency: 0.278
mdot_h2: 7.30 g/s
Reynolds_number: 17,462,779
Stack prop output power: 224 kW, Pcomp: 2.0 kW
Cell efficiency: 0.291, Output efficiency: 0.274
mdot_h2: 5.51 g/s
Reynolds_number: 17,462,779
Stack prop output power: 224 kW, Pcomp: 11.7 kW
Cell efficiency: 0.308, Output efficiency: 0.278
mdot_h2: 5.43 g/s

-----------------------
ptotal_climb: 786 kW, mtom_est: 3,482 kg, mtom: 3,481 kg, residual: +1.35 kg

MTOM update: bisection(clamped), relax=0.100 -> mtom_next=3,480.89 kg

======================================================
======================= ITER 120 =======================
Reynolds_number: 17,462,779
Stack prop output power: 302 kW, Pcomp: 15.7 kW
Cell efficiency: 0.308, Output efficiency: 0.278
mdot_h2: 7.30 g/s
Reynolds_number: 17,462,779
Stack prop output power: 224 kW, Pcomp: 2.0 kW
Cell efficiency: 0.291, Output efficiency: 0.274
mdot_h2: 5.51 g/s
Reynolds_number: 17,462,779
Stack prop output power: 224 kW, Pcomp: 11.7 kW
Cell efficiency: 0.308, Output efficiency: 0.278
mdot_h2: 5.43 g/s

-----------------------
ptotal_climb: 786 kW, mtom_est: 3,482 kg, mtom: 3,481 kg, residual: +1.35 kg

MTOM update: bisection(clamped), relax=0.100 -> mtom_next=3,480.89 kg

======================================================
======================= ITER 121 =======================
Reynolds_number: 17,462,779
Stack prop output power: 302 kW, Pcomp: 15.7 kW
Cell efficiency: 0.308, Output efficiency: 0.278
mdot_h2: 7.30 g/s
Reynolds_number: 17,462,779
Stack prop output power: 224 kW, Pcomp: 2.0 kW
Cell efficiency: 0.291, Output efficiency: 0.274
mdot_h2: 5.51 g/s
Reynolds_number: 17,462,779
