======================================================
======================= ITER 1 =======================
Reynolds_number: 11,112,677
Stack prop output power: 432 kW, Pcomp: 22.3 kW
Cell efficiency: 0.300, Output efficiency: 0.271
mdot_h2: 10.75 g/s
Reynolds_number: 11,112,677
Stack prop output power: 432 kW, Pcomp: 22.3 kW
Cell efficiency: 0.300, Output efficiency: 0.271
mdot_h2: 10.75 g/s
Reynolds_number: 11,112,677
Stack prop output power: 322 kW, Pcomp: 2.9 kW
Cell efficiency: 0.281, Output efficiency: 0.264
mdot_h2: 8.19 g/s
Reynolds_number: 11,112,677
Stack prop output power: 322 kW, Pcomp: 2.9 kW
Cell efficiency: 0.281, Output efficiency: 0.264
mdot_h2: 8.19 g/s
Reynolds_number: 11,112,677
Stack prop output power: 322 kW, Pcomp: 16.6 kW
Cell efficiency: 0.300, Output efficiency: 0.271
mdot_h2: 8.00 g/s

-----------------------
ptotal_climb: 1,140 kW, mtom_est: 5,207 kg, mtom: 5,000 kg, residual: +206.90 kg

MTOM update: fixed_point_fallback, relax=1.000 -> mtom_next=5,206.90 kg

======================================================
======================= ITER 2 =======================
Reynolds_number: 11,112,677
Stack prop output power: 450 kW, Pcomp: 23.2 kW
Cell efficiency: 0.300, Output efficiency: 0.271
mdot_h2: 11.20 g/s
Reynolds_number: 11,112,677
Stack prop output power: 450 kW, Pcomp: 23.2 kW
Cell efficiency: 0.300, Output efficiency: 0.271
mdot_h2: 11.20 g/s
Reynolds_number: 11,112,677
Stack prop output power: 335 kW, Pcomp: 3.0 kW
Cell efficiency: 0.281, Output efficiency: 0.264
mdot_h2: 8.53 g/s
Reynolds_number: 11,112,677
Stack prop output power: 335 kW, Pcomp: 3.0 kW
Cell efficiency: 0.281, Output efficiency: 0.264
mdot_h2: 8.53 g/s
Reynolds_number: 11,112,677
Stack prop output power: 335 kW, Pcomp: 17.3 kW
Cell efficiency: 0.300, Output efficiency: 0.271
mdot_h2: 8.33 g/s

-----------------------
ptotal_climb: 1,187 kW, mtom_est: 5,321 kg, mtom: 5,207 kg, residual: +114.24 kg

MTOM update: newton, relax=1.000 -> mtom_next=5,461.97 kg

======================================================
======================= ITER 3 =======================
Reynolds_number: 11,112,677
Stack prop output power: 472 kW, Pcomp: 24.4 kW
Cell efficiency: 0.300, Output efficiency: 0.271
mdot_h2: 11.74 g/s
Reynolds_number: 11,112,677
Stack prop output power: 472 kW, Pcomp: 24.4 kW
Cell efficiency: 0.300, Output efficiency: 0.271
mdot_h2: 11.74 g/s
Reynolds_number: 11,112,677
Stack prop output power: 352 kW, Pcomp: 3.2 kW
Cell efficiency: 0.281, Output efficiency: 0.264
mdot_h2: 8.95 g/s
Reynolds_number: 11,112,677
Stack prop output power: 352 kW, Pcomp: 3.2 kW
Cell efficiency: 0.281, Output efficiency: 0.264
mdot_h2: 8.95 g/s
Reynolds_number: 11,112,677
Stack prop output power: 352 kW, Pcomp: 18.1 kW
Cell efficiency: 0.300, Output efficiency: 0.271
mdot_h2: 8.74 g/s

-----------------------
ptotal_climb: 1,245 kW, mtom_est: 5,462 kg, mtom: 5,462 kg, residual: +0.01 kg

Reynolds_number: 11,112,677
Stack prop output power: 472 kW, Pcomp: 24.4 kW
Cell efficiency: 0.300, Output efficiency: 0.271
mdot_h2: 11.74 g/s
Reynolds_number: 11,112,677
Stack prop output power: 472 kW, Pcomp: 24.4 kW
Cell efficiency: 0.300, Output efficiency: 0.271
mdot_h2: 11.74 g/s
Reynolds_number: 6,709,346
Stack prop output power: 352 kW, Pcomp: 3.1 kW
Cell efficiency: 0.305, Output efficiency: 0.287
mdot_h2: 8.24 g/s
Reynolds_number: 6,709,346
Stack prop output power: 352 kW, Pcomp: 3.1 kW
Cell efficiency: 0.305, Output efficiency: 0.287
mdot_h2: 8.24 g/s

CONVERGED
======================================================
======================= ITER 1 =======================
Reynolds_number: 11,112,677
Stack prop output power: 473 kW, Pcomp: 24.4 kW
Cell efficiency: 0.300, Output efficiency: 0.271
mdot_h2: 11.76 g/s
Reynolds_number: 11,112,677
Stack prop output power: 473 kW, Pcomp: 24.4 kW
Cell efficiency: 0.300, Output efficiency: 0.271
mdot_h2: 11.76 g/s
Reynolds_number: 11,112,677
Stack prop output power: 352 kW, Pcomp: 3.2 kW
Cell efficiency: 0.281, Output efficiency: 0.264
mdot_h2: 8.97 g/s
Reynolds_number: 11,112,677
Stack prop output power: 352 kW, Pcomp: 3.2 kW
Cell efficiency: 0.281, Output efficiency: 0.264
mdot_h2: 8.97 g/s
Reynolds_number: 11,112,677
Stack prop output power: 352 kW, Pcomp: 18.2 kW
Cell efficiency: 0.300, Output efficiency: 0.271
mdot_h2: 8.75 g/s

-----------------------
ptotal_climb: 1,247 kW, mtom_est: 5,458 kg, mtom: 5,462 kg, residual: -4.06 kg

MTOM update: fixed_point_fallback, relax=1.000 -> mtom_next=5,457.92 kg

======================================================
======================= ITER 2 =======================
Reynolds_number: 11,112,677
Stack prop output power: 473 kW, Pcomp: 24.4 kW
Cell efficiency: 0.300, Output efficiency: 0.271
mdot_h2: 11.75 g/s
Reynolds_number: 11,112,677
Stack prop output power: 473 kW, Pcomp: 24.4 kW
Cell efficiency: 0.300, Output efficiency: 0.271
mdot_h2: 11.75 g/s
Reynolds_number: 11,112,677
Stack prop output power: 352 kW, Pcomp: 3.2 kW
Cell efficiency: 0.281, Output efficiency: 0.264
mdot_h2: 8.96 g/s
Reynolds_number: 11,112,677
Stack prop output power: 352 kW, Pcomp: 3.2 kW
Cell efficiency: 0.281, Output efficiency: 0.264
mdot_h2: 8.96 g/s
Reynolds_number: 11,112,677
Stack prop output power: 352 kW, Pcomp: 18.1 kW
Cell efficiency: 0.300, Output efficiency: 0.271
mdot_h2: 8.75 g/s

-----------------------
ptotal_climb: 1,246 kW, mtom_est: 5,456 kg, mtom: 5,458 kg, residual: -2.14 kg

MTOM update: newton, relax=1.000 -> mtom_next=5,453.39 kg

======================================================
======================= ITER 3 =======================
Reynolds_number: 11,112,677
Stack prop output power: 472 kW, Pcomp: 24.4 kW
Cell efficiency: 0.300, Output efficiency: 0.271
mdot_h2: 11.74 g/s
Reynolds_number: 11,112,677
Stack prop output power: 472 kW, Pcomp: 24.4 kW
Cell efficiency: 0.300, Output efficiency: 0.271
mdot_h2: 11.74 g/s
Reynolds_number: 11,112,677
Stack prop output power: 352 kW, Pcomp: 3.2 kW
Cell efficiency: 0.281, Output efficiency: 0.264
mdot_h2: 8.95 g/s
Reynolds_number: 11,112,677
Stack prop output power: 352 kW, Pcomp: 3.2 kW
Cell efficiency: 0.281, Output efficiency: 0.264
mdot_h2: 8.95 g/s
Reynolds_number: 11,112,677
Stack prop output power: 352 kW, Pcomp: 18.1 kW
Cell efficiency: 0.300, Output efficiency: 0.271
mdot_h2: 8.74 g/s

-----------------------
ptotal_climb: 1,245 kW, mtom_est: 5,453 kg, mtom: 5,453 kg, residual: +0.00 kg

Reynolds_number: 11,112,677
Stack prop output power: 472 kW, Pcomp: 24.4 kW
Cell efficiency: 0.300, Output efficiency: 0.271
mdot_h2: 11.74 g/s
Reynolds_number: 11,112,677
Stack prop output power: 472 kW, Pcomp: 24.4 kW
Cell efficiency: 0.300, Output efficiency: 0.271
mdot_h2: 11.74 g/s
Reynolds_number: 6,709,346
Stack prop output power: 352 kW, Pcomp: 3.1 kW
Cell efficiency: 0.305, Output efficiency: 0.287
mdot_h2: 8.24 g/s
Reynolds_number: 6,709,346
Stack prop output power: 352 kW, Pcomp: 3.1 kW
Cell efficiency: 0.305, Output efficiency: 0.287
mdot_h2: 8.24 g/s

CONVERGED
======================================================
======================= ITER 1 =======================
Reynolds_number: 11,112,677
Stack prop output power: 473 kW, Pcomp: 24.4 kW
Cell efficiency: 0.300, Output efficiency: 0.271
mdot_h2: 11.77 g/s
Reynolds_number: 11,112,677
Stack prop output power: 473 kW, Pcomp: 24.4 kW
Cell efficiency: 0.300, Output efficiency: 0.271
mdot_h2: 11.77 g/s
Reynolds_number: 11,112,677
Stack prop output power: 352 kW, Pcomp: 3.2 kW
Cell efficiency: 0.281, Output efficiency: 0.264
mdot_h2: 8.97 g/s
Reynolds_number: 11,112,677
Stack prop output power: 352 kW, Pcomp: 3.2 kW
Cell efficiency: 0.281, Output efficiency: 0.264
mdot_h2: 8.97 g/s
Reynolds_number: 11,112,677
Stack prop output power: 352 kW, Pcomp: 18.2 kW
Cell efficiency: 0.300, Output efficiency: 0.271
mdot_h2: 8.76 g/s

-----------------------
ptotal_climb: 1,247 kW, mtom_est: 5,451 kg, mtom: 5,453 kg, residual: -2.41 kg

MTOM update: fixed_point_fallback, relax=1.000 -> mtom_next=5,450.98 kg

======================================================
======================= ITER 2 =======================
Reynolds_number: 11,112,677
Stack prop output power: 473 kW, Pcomp: 24.4 kW
Cell efficiency: 0.300, Output efficiency: 0.271
mdot_h2: 11.76 g/s
Reynolds_number: 11,112,677
Stack prop output power: 473 kW, Pcomp: 24.4 kW
Cell efficiency: 0.300, Output efficiency: 0.271
mdot_h2: 11.76 g/s
Reynolds_number: 11,112,677
Stack prop output power: 352 kW, Pcomp: 3.2 kW
Cell efficiency: 0.281, Output efficiency: 0.264
mdot_h2: 8.97 g/s
Reynolds_number: 11,112,677
Stack prop output power: 352 kW, Pcomp: 3.2 kW
Cell efficiency: 0.281, Output efficiency: 0.264
mdot_h2: 8.97 g/s
Reynolds_number: 11,112,677
Stack prop output power: 352 kW, Pcomp: 18.2 kW
Cell efficiency: 0.300, Output efficiency: 0.271
mdot_h2: 8.75 g/s

-----------------------
ptotal_climb: 1,247 kW, mtom_est: 5,449 kg, mtom: 5,451 kg, residual: -2.15 kg

MTOM update: newton, relax=1.000 -> mtom_next=5,430.95 kg

======================================================
======================= ITER 3 =======================
Reynolds_number: 11,112,677
Stack prop output power: 471 kW, Pcomp: 24.3 kW
Cell efficiency: 0.300, Output efficiency: 0.271
mdot_h2: 11.72 g/s
Reynolds_number: 11,112,677
Stack prop output power: 471 kW, Pcomp: 24.3 kW
Cell efficiency: 0.300, Output efficiency: 0.271
mdot_h2: 11.72 g/s
Reynolds_number: 11,112,677
Stack prop output power: 351 kW, Pcomp: 3.2 kW
Cell efficiency: 0.281, Output efficiency: 0.264
mdot_h2: 8.93 g/s
Reynolds_number: 11,112,677
Stack prop output power: 351 kW, Pcomp: 3.2 kW
Cell efficiency: 0.281, Output efficiency: 0.264
mdot_h2: 8.93 g/s
Reynolds_number: 11,112,677
Stack prop output power: 351 kW, Pcomp: 18.1 kW
Cell efficiency: 0.300, Output efficiency: 0.271
mdot_h2: 8.72 g/s

-----------------------
ptotal_climb: 1,242 kW, mtom_est: 5,438 kg, mtom: 5,431 kg, residual: +7.33 kg

MTOM update: newton, relax=0.500 -> mtom_next=5,438.69 kg

======================================================
======================= ITER 4 =======================
Reynolds_number: 11,112,677
Stack prop output power: 472 kW, Pcomp: 24.3 kW
Cell efficiency: 0.300, Output efficiency: 0.271
mdot_h2: 11.74 g/s
Reynolds_number: 11,112,677
Stack prop output power: 472 kW, Pcomp: 24.3 kW
Cell efficiency: 0.300, Output efficiency: 0.271
mdot_h2: 11.74 g/s
Reynolds_number: 11,112,677
Stack prop output power: 351 kW, Pcomp: 3.2 kW
Cell efficiency: 0.281, Output efficiency: 0.264
mdot_h2: 8.95 g/s
Reynolds_number: 11,112,677
Stack prop output power: 351 kW, Pcomp: 3.2 kW
Cell efficiency: 0.281, Output efficiency: 0.264
mdot_h2: 8.95 g/s
Reynolds_number: 11,112,677
Stack prop output power: 351 kW, Pcomp: 18.1 kW
Cell efficiency: 0.300, Output efficiency: 0.271
mdot_h2: 8.73 g/s

-----------------------
ptotal_climb: 1,244 kW, mtom_est: 5,442 kg, mtom: 5,439 kg, residual: +3.66 kg

MTOM update: newton, relax=0.600 -> mtom_next=5,443.34 kg

======================================================
======================= ITER 5 =======================
Reynolds_number: 11,112,677
Stack prop output power: 472 kW, Pcomp: 24.4 kW
Cell efficiency: 0.300, Output efficiency: 0.271
mdot_h2: 11.75 g/s
Reynolds_number: 11,112,677
Stack prop output power: 472 kW, Pcomp: 24.4 kW
Cell efficiency: 0.300, Output efficiency: 0.271
mdot_h2: 11.75 g/s
Reynolds_number: 11,112,677
Stack prop output power: 352 kW, Pcomp: 3.2 kW
Cell efficiency: 0.281, Output efficiency: 0.264
mdot_h2: 8.95 g/s
Reynolds_number: 11,112,677
Stack prop output power: 352 kW, Pcomp: 3.2 kW
Cell efficiency: 0.281, Output efficiency: 0.264
mdot_h2: 8.95 g/s
Reynolds_number: 11,112,677
Stack prop output power: 352 kW, Pcomp: 18.1 kW
Cell efficiency: 0.300, Output efficiency: 0.271
mdot_h2: 8.74 g/s

-----------------------
ptotal_climb: 1,245 kW, mtom_est: 5,445 kg, mtom: 5,443 kg, residual: +1.47 kg

MTOM update: newton, relax=0.720 -> mtom_next=5,445.57 kg

======================================================
======================= ITER 6 =======================
Reynolds_number: 11,112,677
Stack prop output power: 473 kW, Pcomp: 24.4 kW
Cell efficiency: 0.300, Output efficiency: 0.271
mdot_h2: 11.75 g/s
Reynolds_number: 11,112,677
Stack prop output power: 473 kW, Pcomp: 24.4 kW
Cell efficiency: 0.300, Output efficiency: 0.271
mdot_h2: 11.75 g/s
Reynolds_number: 11,112,677
Stack prop output power: 352 kW, Pcomp: 3.2 kW
Cell efficiency: 0.281, Output efficiency: 0.264
mdot_h2: 8.96 g/s
Reynolds_number: 11,112,677
Stack prop output power: 352 kW, Pcomp: 3.2 kW
Cell efficiency: 0.281, Output efficiency: 0.264
mdot_h2: 8.96 g/s
Reynolds_number: 11,112,677
Stack prop output power: 352 kW, Pcomp: 18.1 kW
Cell efficiency: 0.300, Output efficiency: 0.271
mdot_h2: 8.74 g/s

-----------------------
ptotal_climb: 1,246 kW, mtom_est: 5,448 kg, mtom: 5,446 kg, residual: +2.86 kg

MTOM update: regula_falsi, relax=0.360 -> mtom_next=5,448.65 kg

======================================================
======================= ITER 7 =======================
Reynolds_number: 11,112,677
Stack prop output power: 473 kW, Pcomp: 24.4 kW
Cell efficiency: 0.300, Output efficiency: 0.271
mdot_h2: 11.76 g/s
Reynolds_number: 11,112,677
Stack prop output power: 473 kW, Pcomp: 24.4 kW
Cell efficiency: 0.300, Output efficiency: 0.271
mdot_h2: 11.76 g/s
Reynolds_number: 11,112,677
Stack prop output power: 352 kW, Pcomp: 3.2 kW
Cell efficiency: 0.281, Output efficiency: 0.264
mdot_h2: 8.96 g/s
Reynolds_number: 11,112,677
Stack prop output power: 352 kW, Pcomp: 3.2 kW
Cell efficiency: 0.281, Output efficiency: 0.264
mdot_h2: 8.96 g/s
Reynolds_number: 11,112,677
Stack prop output power: 352 kW, Pcomp: 18.1 kW
Cell efficiency: 0.300, Output efficiency: 0.271
mdot_h2: 8.75 g/s

-----------------------
ptotal_climb: 1,246 kW, mtom_est: 5,448 kg, mtom: 5,449 kg, residual: -1.05 kg

MTOM update: newton, relax=0.432 -> mtom_next=5,448.30 kg

======================================================
======================= ITER 8 =======================
Reynolds_number: 11,112,677
Stack prop output power: 473 kW, Pcomp: 24.4 kW
Cell efficiency: 0.300, Output efficiency: 0.271
mdot_h2: 11.76 g/s
Reynolds_number: 11,112,677
Stack prop output power: 352 kW, Pcomp: 3.2 kW
Cell efficiency: 0.281, Output efficiency: 0.264
mdot_h2: 8.96 g/s
Reynolds_number: 11,112,677
Stack prop output power: 352 kW, Pcomp: 18.1 kW
Cell efficiency: 0.300, Output efficiency: 0.271
mdot_h2: 8.75 g/s

-----------------------
ptotal_climb: 1,246 kW, mtom_est: 5,447 kg, mtom: 5,448 kg, residual: -0.88 kg

Reynolds_number: 11,112,677
Stack prop output power: 473 kW, Pcomp: 24.4 kW
Cell efficiency: 0.300, Output efficiency: 0.271
mdot_h2: 11.76 g/s
Reynolds_number: 11,112,677
Stack prop output power: 473 kW, Pcomp: 24.4 kW
Cell efficiency: 0.300, Output efficiency: 0.271
mdot_h2: 11.76 g/s
Reynolds_number: 6,709,346
Stack prop output power: 352 kW, Pcomp: 3.1 kW
Cell efficiency: 0.305, Output efficiency: 0.287
mdot_h2: 8.25 g/s
Reynolds_number: 6,709,346
Stack prop output power: 352 kW, Pcomp: 3.1 kW
Cell efficiency: 0.305, Output efficiency: 0.287
mdot_h2: 8.25 g/s

CONVERGED
======================================================
======================= ITER 1 =======================
Reynolds_number: 11,112,677
Stack prop output power: 482 kW, Pcomp: 24.9 kW
Cell efficiency: 0.300, Output efficiency: 0.271
mdot_h2: 11.99 g/s
Reynolds_number: 11,112,677
Stack prop output power: 482 kW, Pcomp: 24.9 kW
Cell efficiency: 0.300, Output efficiency: 0.271
mdot_h2: 11.99 g/s
Reynolds_number: 11,112,677
Stack prop output power: 359 kW, Pcomp: 3.2 kW
Cell efficiency: 0.281, Output efficiency: 0.264
mdot_h2: 9.14 g/s
Reynolds_number: 11,112,677
Stack prop output power: 359 kW, Pcomp: 3.2 kW
Cell efficiency: 0.281, Output efficiency: 0.264
mdot_h2: 9.14 g/s
Reynolds_number: 11,112,677
Stack prop output power: 359 kW, Pcomp: 18.5 kW
Cell efficiency: 0.300, Output efficiency: 0.271
mdot_h2: 8.92 g/s

-----------------------
ptotal_climb: 1,271 kW, mtom_est: 5,485 kg, mtom: 5,447 kg, residual: +37.89 kg

MTOM update: fixed_point_fallback, relax=1.000 -> mtom_next=5,485.30 kg

======================================================
======================= ITER 2 =======================
Reynolds_number: 11,112,677
Stack prop output power: 485 kW, Pcomp: 25.0 kW
Cell efficiency: 0.300, Output efficiency: 0.271
mdot_h2: 12.07 g/s
Reynolds_number: 11,112,677
Stack prop output power: 485 kW, Pcomp: 25.0 kW
Cell efficiency: 0.300, Output efficiency: 0.271
mdot_h2: 12.07 g/s
Reynolds_number: 11,112,677
Stack prop output power: 361 kW, Pcomp: 3.2 kW
Cell efficiency: 0.281, Output efficiency: 0.264
mdot_h2: 9.20 g/s
Reynolds_number: 11,112,677
Stack prop output power: 361 kW, Pcomp: 3.2 kW
Cell efficiency: 0.281, Output efficiency: 0.264
mdot_h2: 9.20 g/s
Reynolds_number: 11,112,677
Stack prop output power: 361 kW, Pcomp: 18.6 kW
Cell efficiency: 0.300, Output efficiency: 0.271
mdot_h2: 8.98 g/s

-----------------------
ptotal_climb: 1,280 kW, mtom_est: 5,506 kg, mtom: 5,485 kg, residual: +21.09 kg

MTOM update: newton, relax=1.000 -> mtom_next=5,532.87 kg

======================================================
======================= ITER 3 =======================
Reynolds_number: 11,112,677
Stack prop output power: 490 kW, Pcomp: 25.3 kW
Cell efficiency: 0.300, Output efficiency: 0.271
mdot_h2: 12.18 g/s
Reynolds_number: 11,112,677
Stack prop output power: 490 kW, Pcomp: 25.3 kW
Cell efficiency: 0.300, Output efficiency: 0.271
mdot_h2: 12.18 g/s
Reynolds_number: 11,112,677
Stack prop output power: 364 kW, Pcomp: 3.3 kW
Cell efficiency: 0.281, Output efficiency: 0.264
mdot_h2: 9.28 g/s
Reynolds_number: 11,112,677
Stack prop output power: 364 kW, Pcomp: 3.3 kW
Cell efficiency: 0.281, Output efficiency: 0.264
mdot_h2: 9.28 g/s
Reynolds_number: 11,112,677
Stack prop output power: 364 kW, Pcomp: 18.8 kW
Cell efficiency: 0.300, Output efficiency: 0.271
mdot_h2: 9.06 g/s

-----------------------
ptotal_climb: 1,291 kW, mtom_est: 5,534 kg, mtom: 5,533 kg, residual: +0.68 kg

Reynolds_number: 11,112,677
Stack prop output power: 490 kW, Pcomp: 25.3 kW
Cell efficiency: 0.300, Output efficiency: 0.271
mdot_h2: 12.18 g/s
Reynolds_number: 11,112,677
Stack prop output power: 490 kW, Pcomp: 25.3 kW
Cell efficiency: 0.300, Output efficiency: 0.271
mdot_h2: 12.18 g/s
Reynolds_number: 6,709,346
Stack prop output power: 364 kW, Pcomp: 3.2 kW
Cell efficiency: 0.305, Output efficiency: 0.287
mdot_h2: 8.55 g/s
Reynolds_number: 6,709,346
Stack prop output power: 364 kW, Pcomp: 3.2 kW
Cell efficiency: 0.305, Output efficiency: 0.287
mdot_h2: 8.55 g/s

CONVERGED
======================================================
======================= ITER 1 =======================
Reynolds_number: 11,112,677
Stack prop output power: 505 kW, Pcomp: 26.0 kW
Cell efficiency: 0.300, Output efficiency: 0.271
mdot_h2: 12.56 g/s
Reynolds_number: 11,112,677
Stack prop output power: 505 kW, Pcomp: 26.0 kW
Cell efficiency: 0.300, Output efficiency: 0.271
mdot_h2: 12.56 g/s
Reynolds_number: 11,112,677
Stack prop output power: 376 kW, Pcomp: 3.4 kW
Cell efficiency: 0.281, Output efficiency: 0.264
mdot_h2: 9.57 g/s
Reynolds_number: 11,112,677
Stack prop output power: 376 kW, Pcomp: 3.4 kW
Cell efficiency: 0.281, Output efficiency: 0.264
mdot_h2: 9.57 g/s
Reynolds_number: 11,112,677
Stack prop output power: 376 kW, Pcomp: 19.4 kW
Cell efficiency: 0.300, Output efficiency: 0.271
mdot_h2: 9.34 g/s

-----------------------
ptotal_climb: 1,331 kW, mtom_est: 5,601 kg, mtom: 5,534 kg, residual: +67.31 kg

MTOM update: fixed_point_fallback, relax=1.000 -> mtom_next=5,600.85 kg

======================================================
======================= ITER 2 =======================
Reynolds_number: 11,112,677
Stack prop output power: 511 kW, Pcomp: 26.4 kW
Cell efficiency: 0.300, Output efficiency: 0.271
mdot_h2: 12.71 g/s
Reynolds_number: 11,112,677
Stack prop output power: 511 kW, Pcomp: 26.4 kW
Cell efficiency: 0.300, Output efficiency: 0.271
mdot_h2: 12.71 g/s
Reynolds_number: 11,112,677
Stack prop output power: 380 kW, Pcomp: 3.4 kW
Cell efficiency: 0.281, Output efficiency: 0.264
mdot_h2: 9.69 g/s
Reynolds_number: 11,112,677
Stack prop output power: 380 kW, Pcomp: 3.4 kW
Cell efficiency: 0.281, Output efficiency: 0.264
mdot_h2: 9.69 g/s
Reynolds_number: 11,112,677
Stack prop output power: 380 kW, Pcomp: 19.6 kW
Cell efficiency: 0.300, Output efficiency: 0.271
mdot_h2: 9.46 g/s

-----------------------
ptotal_climb: 1,347 kW, mtom_est: 5,638 kg, mtom: 5,601 kg, residual: +37.57 kg

MTOM update: newton, relax=1.000 -> mtom_next=5,685.87 kg

======================================================
======================= ITER 3 =======================
Reynolds_number: 11,112,677
Stack prop output power: 519 kW, Pcomp: 26.8 kW
Cell efficiency: 0.300, Output efficiency: 0.271
mdot_h2: 12.90 g/s
Reynolds_number: 11,112,677
Stack prop output power: 519 kW, Pcomp: 26.8 kW
Cell efficiency: 0.300, Output efficiency: 0.271
mdot_h2: 12.90 g/s
Reynolds_number: 11,112,677
Stack prop output power: 386 kW, Pcomp: 3.5 kW
Cell efficiency: 0.281, Output efficiency: 0.264
mdot_h2: 9.83 g/s
Reynolds_number: 11,112,677
Stack prop output power: 386 kW, Pcomp: 3.5 kW
Cell efficiency: 0.281, Output efficiency: 0.264
mdot_h2: 9.83 g/s
Reynolds_number: 11,112,677
Stack prop output power: 386 kW, Pcomp: 19.9 kW
Cell efficiency: 0.300, Output efficiency: 0.271
mdot_h2: 9.60 g/s

-----------------------
ptotal_climb: 1,368 kW, mtom_est: 5,687 kg, mtom: 5,686 kg, residual: +1.62 kg

MTOM update: newton, relax=1.000 -> mtom_next=5,689.71 kg

======================================================
======================= ITER 4 =======================
Reynolds_number: 11,112,677
Stack prop output power: 519 kW, Pcomp: 26.8 kW
Cell efficiency: 0.300, Output efficiency: 0.271
mdot_h2: 12.91 g/s
Reynolds_number: 11,112,677
Stack prop output power: 519 kW, Pcomp: 26.8 kW
Cell efficiency: 0.300, Output efficiency: 0.271
mdot_h2: 12.91 g/s
Reynolds_number: 11,112,677
Stack prop output power: 386 kW, Pcomp: 3.5 kW
Cell efficiency: 0.281, Output efficiency: 0.264
mdot_h2: 9.84 g/s
Reynolds_number: 11,112,677
Stack prop output power: 386 kW, Pcomp: 3.5 kW
Cell efficiency: 0.281, Output efficiency: 0.264
mdot_h2: 9.84 g/s
Reynolds_number: 11,112,677
Stack prop output power: 386 kW, Pcomp: 19.9 kW
Cell efficiency: 0.300, Output efficiency: 0.271
mdot_h2: 9.61 g/s

-----------------------
ptotal_climb: 1,368 kW, mtom_est: 5,690 kg, mtom: 5,690 kg, residual: -0.12 kg

Reynolds_number: 11,112,677
Stack prop output power: 519 kW, Pcomp: 26.8 kW
Cell efficiency: 0.300, Output efficiency: 0.271
mdot_h2: 12.91 g/s
Reynolds_number: 11,112,677
Stack prop output power: 519 kW, Pcomp: 26.8 kW
Cell efficiency: 0.300, Output efficiency: 0.271
mdot_h2: 12.91 g/s
Reynolds_number: 6,709,346
Stack prop output power: 386 kW, Pcomp: 3.4 kW
Cell efficiency: 0.305, Output efficiency: 0.287
mdot_h2: 9.06 g/s
Reynolds_number: 6,709,346
Stack prop output power: 386 kW, Pcomp: 3.4 kW
Cell efficiency: 0.305, Output efficiency: 0.287
mdot_h2: 9.06 g/s

CONVERGED
======================================================
======================= ITER 1 =======================
Reynolds_number: 11,112,677
Stack prop output power: 535 kW, Pcomp: 27.6 kW
Cell efficiency: 0.300, Output efficiency: 0.271
mdot_h2: 13.30 g/s
Reynolds_number: 11,112,677
Stack prop output power: 535 kW, Pcomp: 27.6 kW
Cell efficiency: 0.300, Output efficiency: 0.271
mdot_h2: 13.30 g/s
Reynolds_number: 11,112,677
Stack prop output power: 398 kW, Pcomp: 3.6 kW
Cell efficiency: 0.281, Output efficiency: 0.264
mdot_h2: 10.14 g/s
Reynolds_number: 11,112,677
Stack prop output power: 398 kW, Pcomp: 3.6 kW
Cell efficiency: 0.281, Output efficiency: 0.264
mdot_h2: 10.14 g/s
Reynolds_number: 11,112,677
Stack prop output power: 398 kW, Pcomp: 20.5 kW
Cell efficiency: 0.300, Output efficiency: 0.271
mdot_h2: 9.90 g/s

-----------------------
ptotal_climb: 1,410 kW, mtom_est: 5,763 kg, mtom: 5,690 kg, residual: +73.67 kg

MTOM update: fixed_point_fallback, relax=1.000 -> mtom_next=5,763.26 kg

======================================================
======================= ITER 2 =======================
Reynolds_number: 11,112,677
Stack prop output power: 542 kW, Pcomp: 27.9 kW
Cell efficiency: 0.300, Output efficiency: 0.271
mdot_h2: 13.47 g/s
Reynolds_number: 11,112,677
Stack prop output power: 542 kW, Pcomp: 27.9 kW
Cell efficiency: 0.300, Output efficiency: 0.271
mdot_h2: 13.47 g/s
Reynolds_number: 11,112,677
Stack prop output power: 403 kW, Pcomp: 3.6 kW
Cell efficiency: 0.281, Output efficiency: 0.264
mdot_h2: 10.27 g/s
Reynolds_number: 11,112,677
Stack prop output power: 403 kW, Pcomp: 3.6 kW
Cell efficiency: 0.281, Output efficiency: 0.264
mdot_h2: 10.27 g/s
Reynolds_number: 11,112,677
Stack prop output power: 403 kW, Pcomp: 20.8 kW
Cell efficiency: 0.300, Output efficiency: 0.271
mdot_h2: 10.03 g/s

-----------------------
ptotal_climb: 1,428 kW, mtom_est: 5,802 kg, mtom: 5,763 kg, residual: +38.92 kg

MTOM update: newton, relax=1.000 -> mtom_next=5,845.78 kg

======================================================
======================= ITER 3 =======================
Reynolds_number: 11,112,677
Stack prop output power: 550 kW, Pcomp: 28.3 kW
Cell efficiency: 0.300, Output efficiency: 0.271
mdot_h2: 13.67 g/s
Reynolds_number: 11,112,677
Stack prop output power: 550 kW, Pcomp: 28.3 kW
Cell efficiency: 0.300, Output efficiency: 0.271
mdot_h2: 13.67 g/s
Reynolds_number: 11,112,677
Stack prop output power: 409 kW, Pcomp: 3.7 kW
Cell efficiency: 0.281, Output efficiency: 0.264
mdot_h2: 10.42 g/s
Reynolds_number: 11,112,677
Stack prop output power: 409 kW, Pcomp: 3.7 kW
Cell efficiency: 0.281, Output efficiency: 0.264
mdot_h2: 10.42 g/s
Reynolds_number: 11,112,677
Stack prop output power: 409 kW, Pcomp: 21.1 kW
Cell efficiency: 0.300, Output efficiency: 0.271
mdot_h2: 10.17 g/s

-----------------------
ptotal_climb: 1,449 kW, mtom_est: 5,850 kg, mtom: 5,846 kg, residual: +4.23 kg

MTOM update: newton, relax=1.000 -> mtom_next=5,855.84 kg

======================================================
======================= ITER 4 =======================
Reynolds_number: 11,112,677
Stack prop output power: 551 kW, Pcomp: 28.4 kW
Cell efficiency: 0.300, Output efficiency: 0.271
mdot_h2: 13.69 g/s
Reynolds_number: 11,112,677
Stack prop output power: 551 kW, Pcomp: 28.4 kW
Cell efficiency: 0.300, Output efficiency: 0.271
mdot_h2: 13.69 g/s
Reynolds_number: 11,112,677
Stack prop output power: 410 kW, Pcomp: 3.7 kW
Cell efficiency: 0.281, Output efficiency: 0.264
mdot_h2: 10.44 g/s
Reynolds_number: 11,112,677
Stack prop output power: 410 kW, Pcomp: 3.7 kW
Cell efficiency: 0.281, Output efficiency: 0.264
mdot_h2: 10.44 g/s
Reynolds_number: 11,112,677
Stack prop output power: 410 kW, Pcomp: 21.1 kW
Cell efficiency: 0.300, Output efficiency: 0.271
mdot_h2: 10.19 g/s

-----------------------
ptotal_climb: 1,451 kW, mtom_est: 5,856 kg, mtom: 5,856 kg, residual: -0.23 kg

Reynolds_number: 11,112,677
Stack prop output power: 551 kW, Pcomp: 28.4 kW
Cell efficiency: 0.300, Output efficiency: 0.271
mdot_h2: 13.69 g/s
Reynolds_number: 11,112,677
Stack prop output power: 551 kW, Pcomp: 28.4 kW
Cell efficiency: 0.300, Output efficiency: 0.271
mdot_h2: 13.69 g/s
Reynolds_number: 6,709,346
Stack prop output power: 410 kW, Pcomp: 3.6 kW
Cell efficiency: 0.305, Output efficiency: 0.287
mdot_h2: 9.61 g/s
Reynolds_number: 6,709,346
Stack prop output power: 410 kW, Pcomp: 3.6 kW
Cell efficiency: 0.305, Output efficiency: 0.287
mdot_h2: 9.61 g/s

CONVERGED
======================================================
======================= ITER 1 =======================
Reynolds_number: 11,112,677
Stack prop output power: 567 kW, Pcomp: 29.2 kW
Cell efficiency: 0.300, Output efficiency: 0.271
mdot_h2: 14.10 g/s
Reynolds_number: 11,112,677
Stack prop output power: 567 kW, Pcomp: 29.2 kW
Cell efficiency: 0.300, Output efficiency: 0.271
mdot_h2: 14.10 g/s
Reynolds_number: 11,112,677
Stack prop output power: 422 kW, Pcomp: 3.8 kW
Cell efficiency: 0.281, Output efficiency: 0.264
mdot_h2: 10.75 g/s
Reynolds_number: 11,112,677
Stack prop output power: 422 kW, Pcomp: 3.8 kW
Cell efficiency: 0.281, Output efficiency: 0.264
mdot_h2: 10.75 g/s
Reynolds_number: 11,112,677
Stack prop output power: 422 kW, Pcomp: 21.8 kW
Cell efficiency: 0.300, Output efficiency: 0.271
mdot_h2: 10.49 g/s

-----------------------
ptotal_climb: 1,495 kW, mtom_est: 5,928 kg, mtom: 5,856 kg, residual: +72.66 kg

MTOM update: fixed_point_fallback, relax=1.000 -> mtom_next=5,928.26 kg

======================================================
======================= ITER 2 =======================
Reynolds_number: 11,112,677
Stack prop output power: 574 kW, Pcomp: 29.6 kW
Cell efficiency: 0.300, Output efficiency: 0.271
mdot_h2: 14.27 g/s
Reynolds_number: 11,112,677
Stack prop output power: 574 kW, Pcomp: 29.6 kW
Cell efficiency: 0.300, Output efficiency: 0.271
mdot_h2: 14.27 g/s
Reynolds_number: 11,112,677
Stack prop output power: 427 kW, Pcomp: 3.8 kW
Cell efficiency: 0.281, Output efficiency: 0.264
mdot_h2: 10.88 g/s
Reynolds_number: 11,112,677
Stack prop output power: 427 kW, Pcomp: 3.8 kW
Cell efficiency: 0.281, Output efficiency: 0.264
mdot_h2: 10.88 g/s
Reynolds_number: 11,112,677
Stack prop output power: 427 kW, Pcomp: 22.0 kW
Cell efficiency: 0.300, Output efficiency: 0.271
mdot_h2: 10.62 g/s

-----------------------
ptotal_climb: 1,513 kW, mtom_est: 5,974 kg, mtom: 5,928 kg, residual: +45.78 kg

MTOM update: newton, relax=1.000 -> mtom_next=6,052.04 kg

======================================================
======================= ITER 3 =======================
Reynolds_number: 11,112,677
Stack prop output power: 586 kW, Pcomp: 30.2 kW
Cell efficiency: 0.300, Output efficiency: 0.271
mdot_h2: 14.57 g/s
Reynolds_number: 11,112,677
Stack prop output power: 586 kW, Pcomp: 30.2 kW
Cell efficiency: 0.300, Output efficiency: 0.271
mdot_h2: 14.57 g/s
Reynolds_number: 11,112,677
Stack prop output power: 436 kW, Pcomp: 3.9 kW
Cell efficiency: 0.281, Output efficiency: 0.264
mdot_h2: 11.11 g/s
Reynolds_number: 11,112,677
Stack prop output power: 436 kW, Pcomp: 3.9 kW
Cell efficiency: 0.281, Output efficiency: 0.264
mdot_h2: 11.11 g/s
Reynolds_number: 11,112,677
Stack prop output power: 436 kW, Pcomp: 22.5 kW
Cell efficiency: 0.300, Output efficiency: 0.271
mdot_h2: 10.84 g/s

-----------------------
ptotal_climb: 1,545 kW, mtom_est: 6,048 kg, mtom: 6,052 kg, residual: -3.69 kg

MTOM update: newton, relax=1.000 -> mtom_next=6,042.81 kg

======================================================
======================= ITER 4 =======================
Reynolds_number: 11,112,677
Stack prop output power: 585 kW, Pcomp: 30.2 kW
Cell efficiency: 0.300, Output efficiency: 0.271
mdot_h2: 14.55 g/s
Reynolds_number: 11,112,677
Stack prop output power: 585 kW, Pcomp: 30.2 kW
Cell efficiency: 0.300, Output efficiency: 0.271
mdot_h2: 14.55 g/s
Reynolds_number: 11,112,677
Stack prop output power: 436 kW, Pcomp: 3.9 kW
Cell efficiency: 0.281, Output efficiency: 0.264
mdot_h2: 11.09 g/s
Reynolds_number: 11,112,677
Stack prop output power: 436 kW, Pcomp: 3.9 kW
Cell efficiency: 0.281, Output efficiency: 0.264
mdot_h2: 11.09 g/s
Reynolds_number: 11,112,677
Stack prop output power: 436 kW, Pcomp: 22.5 kW
Cell efficiency: 0.300, Output efficiency: 0.271
mdot_h2: 10.83 g/s

-----------------------
ptotal_climb: 1,542 kW, mtom_est: 6,041 kg, mtom: 6,043 kg, residual: -2.28 kg

MTOM update: newton, relax=1.000 -> mtom_next=6,027.97 kg

======================================================
======================= ITER 5 =======================
Reynolds_number: 11,112,677
Stack prop output power: 584 kW, Pcomp: 30.1 kW
Cell efficiency: 0.300, Output efficiency: 0.271
mdot_h2: 14.51 g/s
Reynolds_number: 11,112,677
Stack prop output power: 584 kW, Pcomp: 30.1 kW
Cell efficiency: 0.300, Output efficiency: 0.271
mdot_h2: 14.51 g/s
Reynolds_number: 11,112,677
Stack prop output power: 434 kW, Pcomp: 3.9 kW
Cell efficiency: 0.281, Output efficiency: 0.264
mdot_h2: 11.06 g/s
Reynolds_number: 11,112,677
Stack prop output power: 434 kW, Pcomp: 3.9 kW
Cell efficiency: 0.281, Output efficiency: 0.264
mdot_h2: 11.06 g/s
Reynolds_number: 11,112,677
Stack prop output power: 434 kW, Pcomp: 22.4 kW
Cell efficiency: 0.300, Output efficiency: 0.271
mdot_h2: 10.80 g/s

-----------------------
ptotal_climb: 1,538 kW, mtom_est: 6,035 kg, mtom: 6,028 kg, residual: +7.16 kg

MTOM update: newton, relax=0.500 -> mtom_next=6,033.60 kg

======================================================
======================= ITER 6 =======================
Reynolds_number: 11,112,677
Stack prop output power: 584 kW, Pcomp: 30.1 kW
Cell efficiency: 0.300, Output efficiency: 0.271
mdot_h2: 14.53 g/s
Reynolds_number: 11,112,677
Stack prop output power: 584 kW, Pcomp: 30.1 kW
Cell efficiency: 0.300, Output efficiency: 0.271
mdot_h2: 14.53 g/s
Reynolds_number: 11,112,677
Stack prop output power: 435 kW, Pcomp: 3.9 kW
Cell efficiency: 0.281, Output efficiency: 0.264
mdot_h2: 11.07 g/s
Reynolds_number: 11,112,677
Stack prop output power: 435 kW, Pcomp: 3.9 kW
Cell efficiency: 0.281, Output efficiency: 0.264
mdot_h2: 11.07 g/s
Reynolds_number: 11,112,677
Stack prop output power: 435 kW, Pcomp: 22.4 kW
Cell efficiency: 0.300, Output efficiency: 0.271
mdot_h2: 10.81 g/s

-----------------------
ptotal_climb: 1,540 kW, mtom_est: 6,038 kg, mtom: 6,034 kg, residual: +4.74 kg

MTOM update: newton, relax=0.600 -> mtom_next=6,040.19 kg

======================================================
======================= ITER 7 =======================
Reynolds_number: 11,112,677
Stack prop output power: 585 kW, Pcomp: 30.2 kW
Cell efficiency: 0.300, Output efficiency: 0.271
mdot_h2: 14.54 g/s
Reynolds_number: 11,112,677
Stack prop output power: 585 kW, Pcomp: 30.2 kW
Cell efficiency: 0.300, Output efficiency: 0.271
mdot_h2: 14.54 g/s
Reynolds_number: 11,112,677
Stack prop output power: 435 kW, Pcomp: 3.9 kW
Cell efficiency: 0.281, Output efficiency: 0.264
mdot_h2: 11.09 g/s
Reynolds_number: 11,112,677
Stack prop output power: 435 kW, Pcomp: 3.9 kW
Cell efficiency: 0.281, Output efficiency: 0.264
mdot_h2: 11.09 g/s
Reynolds_number: 11,112,677
Stack prop output power: 435 kW, Pcomp: 22.5 kW
Cell efficiency: 0.300, Output efficiency: 0.271
mdot_h2: 10.82 g/s

-----------------------
ptotal_climb: 1,542 kW, mtom_est: 6,043 kg, mtom: 6,040 kg, residual: +2.87 kg

MTOM update: regula_falsi, relax=0.720 -> mtom_next=6,041.65 kg

======================================================
======================= ITER 8 =======================
Reynolds_number: 11,112,677
Stack prop output power: 585 kW, Pcomp: 30.2 kW
Cell efficiency: 0.300, Output efficiency: 0.271
mdot_h2: 14.55 g/s
Reynolds_number: 11,112,677
Stack prop output power: 435 kW, Pcomp: 3.9 kW
Cell efficiency: 0.281, Output efficiency: 0.264
mdot_h2: 11.09 g/s
Reynolds_number: 11,112,677
Stack prop output power: 435 kW, Pcomp: 22.5 kW
Cell efficiency: 0.300, Output efficiency: 0.271
mdot_h2: 10.83 g/s

-----------------------
ptotal_climb: 1,542 kW, mtom_est: 6,044 kg, mtom: 6,042 kg, residual: +2.24 kg

MTOM update: regula_falsi, relax=0.864 -> mtom_next=6,042.23 kg

======================================================
======================= ITER 9 =======================
Reynolds_number: 11,112,677
Stack prop output power: 585 kW, Pcomp: 30.2 kW
Cell efficiency: 0.300, Output efficiency: 0.271
mdot_h2: 14.55 g/s
Reynolds_number: 11,112,677
Stack prop output power: 435 kW, Pcomp: 3.9 kW
Cell efficiency: 0.281, Output efficiency: 0.264
mdot_h2: 11.09 g/s
Reynolds_number: 11,112,677
Stack prop output power: 435 kW, Pcomp: 22.5 kW
Cell efficiency: 0.300, Output efficiency: 0.271
mdot_h2: 10.83 g/s

-----------------------
ptotal_climb: 1,542 kW, mtom_est: 6,040 kg, mtom: 6,042 kg, residual: -2.02 kg

MTOM update: newton, relax=1.000 -> mtom_next=6,041.95 kg

======================================================
======================= ITER 10 =======================
Reynolds_number: 11,112,677
Stack prop output power: 585 kW, Pcomp: 30.2 kW
Cell efficiency: 0.300, Output efficiency: 0.271
mdot_h2: 14.55 g/s
Reynolds_number: 11,112,677
Stack prop output power: 435 kW, Pcomp: 3.9 kW
Cell efficiency: 0.281, Output efficiency: 0.264
mdot_h2: 11.09 g/s
Reynolds_number: 11,112,677
Stack prop output power: 435 kW, Pcomp: 22.5 kW
Cell efficiency: 0.300, Output efficiency: 0.271
mdot_h2: 10.83 g/s

-----------------------
ptotal_climb: 1,542 kW, mtom_est: 6,040 kg, mtom: 6,042 kg, residual: -1.91 kg

MTOM update: regula_falsi, relax=1.000 -> mtom_next=6,041.82 kg

======================================================
======================= ITER 11 =======================
Reynolds_number: 11,112,677
Stack prop output power: 585 kW, Pcomp: 30.2 kW
Cell efficiency: 0.300, Output efficiency: 0.271
mdot_h2: 14.55 g/s
Reynolds_number: 11,112,677
Stack prop output power: 435 kW, Pcomp: 3.9 kW
Cell efficiency: 0.281, Output efficiency: 0.264
mdot_h2: 11.09 g/s
Reynolds_number: 11,112,677
Stack prop output power: 435 kW, Pcomp: 22.5 kW
Cell efficiency: 0.300, Output efficiency: 0.271
mdot_h2: 10.83 g/s

-----------------------
ptotal_climb: 1,542 kW, mtom_est: 6,040 kg, mtom: 6,042 kg, residual: -1.85 kg

MTOM update: regula_falsi, relax=1.000 -> mtom_next=6,041.72 kg

======================================================
======================= ITER 12 =======================
Reynolds_number: 11,112,677
Stack prop output power: 585 kW, Pcomp: 30.2 kW
Cell efficiency: 0.300, Output efficiency: 0.271
mdot_h2: 14.55 g/s
Reynolds_number: 11,112,677
Stack prop output power: 435 kW, Pcomp: 3.9 kW
Cell efficiency: 0.281, Output efficiency: 0.264
mdot_h2: 11.09 g/s
Reynolds_number: 11,112,677
Stack prop output power: 435 kW, Pcomp: 22.5 kW
Cell efficiency: 0.300, Output efficiency: 0.271
mdot_h2: 10.83 g/s

-----------------------
ptotal_climb: 1,542 kW, mtom_est: 6,040 kg, mtom: 6,042 kg, residual: -1.80 kg

MTOM update: bisection(clamped), relax=1.000 -> mtom_next=6,041.68 kg

======================================================
======================= ITER 13 =======================
Reynolds_number: 11,112,677
Stack prop output power: 585 kW, Pcomp: 30.2 kW
Cell efficiency: 0.300, Output efficiency: 0.271
mdot_h2: 14.55 g/s
Reynolds_number: 11,112,677
Stack prop output power: 435 kW, Pcomp: 3.9 kW
Cell efficiency: 0.281, Output efficiency: 0.264
mdot_h2: 11.09 g/s
Reynolds_number: 11,112,677
Stack prop output power: 435 kW, Pcomp: 22.5 kW
Cell efficiency: 0.300, Output efficiency: 0.271
mdot_h2: 10.83 g/s

-----------------------
ptotal_climb: 1,542 kW, mtom_est: 6,040 kg, mtom: 6,042 kg, residual: -1.79 kg

MTOM update: bisection(clamped), relax=1.000 -> mtom_next=6,041.67 kg

======================================================
======================= ITER 14 =======================
Reynolds_number: 11,112,677
Stack prop output power: 585 kW, Pcomp: 30.2 kW
Cell efficiency: 0.300, Output efficiency: 0.271
mdot_h2: 14.55 g/s
Reynolds_number: 11,112,677
Stack prop output power: 435 kW, Pcomp: 3.9 kW
Cell efficiency: 0.281, Output efficiency: 0.264
mdot_h2: 11.09 g/s
Reynolds_number: 11,112,677
Stack prop output power: 435 kW, Pcomp: 22.5 kW
Cell efficiency: 0.300, Output efficiency: 0.271
mdot_h2: 10.83 g/s

-----------------------
ptotal_climb: 1,542 kW, mtom_est: 6,046 kg, mtom: 6,042 kg, residual: +4.80 kg

MTOM update: bisection(clamped), relax=0.500 -> mtom_next=6,041.68 kg

======================================================
======================= ITER 15 =======================
Reynolds_number: 11,112,677
Stack prop output power: 585 kW, Pcomp: 30.2 kW
Cell efficiency: 0.300, Output efficiency: 0.271
mdot_h2: 14.55 g/s
Reynolds_number: 11,112,677
Stack prop output power: 435 kW, Pcomp: 3.9 kW
Cell efficiency: 0.281, Output efficiency: 0.264
mdot_h2: 11.09 g/s
Reynolds_number: 11,112,677
Stack prop output power: 435 kW, Pcomp: 22.5 kW
Cell efficiency: 0.300, Output efficiency: 0.271
mdot_h2: 10.83 g/s

-----------------------
ptotal_climb: 1,542 kW, mtom_est: 6,040 kg, mtom: 6,042 kg, residual: -1.79 kg

MTOM update: bisection(clamped), relax=0.600 -> mtom_next=6,041.67 kg

======================================================
======================= ITER 16 =======================
Reynolds_number: 11,112,677
Stack prop output power: 585 kW, Pcomp: 30.2 kW
Cell efficiency: 0.300, Output efficiency: 0.271
mdot_h2: 14.55 g/s
Reynolds_number: 11,112,677
Stack prop output power: 435 kW, Pcomp: 3.9 kW
Cell efficiency: 0.281, Output efficiency: 0.264
mdot_h2: 11.09 g/s
Reynolds_number: 11,112,677
Stack prop output power: 435 kW, Pcomp: 22.5 kW
Cell efficiency: 0.300, Output efficiency: 0.271
mdot_h2: 10.83 g/s

-----------------------
ptotal_climb: 1,542 kW, mtom_est: 6,040 kg, mtom: 6,042 kg, residual: -1.78 kg

MTOM update: bisection(clamped), relax=0.720 -> mtom_next=6,041.67 kg

======================================================
======================= ITER 17 =======================
Reynolds_number: 11,112,677
Stack prop output power: 585 kW, Pcomp: 30.2 kW
Cell efficiency: 0.300, Output efficiency: 0.271
mdot_h2: 14.55 g/s
Reynolds_number: 11,112,677
Stack prop output power: 435 kW, Pcomp: 3.9 kW
Cell efficiency: 0.281, Output efficiency: 0.264
mdot_h2: 11.09 g/s
Reynolds_number: 11,112,677
Stack prop output power: 435 kW, Pcomp: 22.5 kW
Cell efficiency: 0.300, Output efficiency: 0.271
mdot_h2: 10.83 g/s

-----------------------
ptotal_climb: 1,542 kW, mtom_est: 6,040 kg, mtom: 6,042 kg, residual: -1.78 kg

MTOM update: bisection(clamped), relax=0.864 -> mtom_next=6,041.67 kg

======================================================
======================= ITER 18 =======================
Reynolds_number: 11,112,677
Stack prop output power: 585 kW, Pcomp: 30.2 kW
Cell efficiency: 0.300, Output efficiency: 0.271
mdot_h2: 14.55 g/s
Reynolds_number: 11,112,677
Stack prop output power: 435 kW, Pcomp: 3.9 kW
Cell efficiency: 0.281, Output efficiency: 0.264
mdot_h2: 11.09 g/s
Reynolds_number: 11,112,677
Stack prop output power: 435 kW, Pcomp: 22.5 kW
Cell efficiency: 0.300, Output efficiency: 0.271
mdot_h2: 10.83 g/s

-----------------------
ptotal_climb: 1,542 kW, mtom_est: 6,040 kg, mtom: 6,042 kg, residual: -1.78 kg

MTOM update: bisection(clamped), relax=1.000 -> mtom_next=6,041.67 kg

======================================================
======================= ITER 19 =======================
Reynolds_number: 11,112,677
Stack prop output power: 585 kW, Pcomp: 30.2 kW
Cell efficiency: 0.300, Output efficiency: 0.271
mdot_h2: 14.55 g/s
Reynolds_number: 11,112,677
Stack prop output power: 435 kW, Pcomp: 3.9 kW
Cell efficiency: 0.281, Output efficiency: 0.264
mdot_h2: 11.09 g/s
Reynolds_number: 11,112,677
Stack prop output power: 435 kW, Pcomp: 22.5 kW
Cell efficiency: 0.300, Output efficiency: 0.271
mdot_h2: 10.83 g/s

-----------------------
ptotal_climb: 1,542 kW, mtom_est: 6,040 kg, mtom: 6,042 kg, residual: -1.78 kg

MTOM update: bisection(clamped), relax=1.000 -> mtom_next=6,041.67 kg

======================================================
======================= ITER 20 =======================
Reynolds_number: 11,112,677
Stack prop output power: 585 kW, Pcomp: 30.2 kW
Cell efficiency: 0.300, Output efficiency: 0.271
mdot_h2: 14.55 g/s
Reynolds_number: 11,112,677
Stack prop output power: 435 kW, Pcomp: 3.9 kW
Cell efficiency: 0.281, Output efficiency: 0.264
mdot_h2: 11.09 g/s
Reynolds_number: 11,112,677
Stack prop output power: 435 kW, Pcomp: 22.5 kW
Cell efficiency: 0.300, Output efficiency: 0.271
mdot_h2: 10.83 g/s

-----------------------
ptotal_climb: 1,542 kW, mtom_est: 6,040 kg, mtom: 6,042 kg, residual: -1.78 kg

MTOM update: bisection(clamped), relax=1.000 -> mtom_next=6,041.67 kg

======================================================
======================= ITER 21 =======================
Reynolds_number: 11,112,677
Stack prop output power: 585 kW, Pcomp: 30.2 kW
Cell efficiency: 0.300, Output efficiency: 0.271
mdot_h2: 14.55 g/s
Reynolds_number: 11,112,677
Stack prop output power: 435 kW, Pcomp: 3.9 kW
Cell efficiency: 0.281, Output efficiency: 0.264
mdot_h2: 11.09 g/s
Reynolds_number: 11,112,677
Stack prop output power: 435 kW, Pcomp: 22.5 kW
Cell efficiency: 0.300, Output efficiency: 0.271
mdot_h2: 10.83 g/s

-----------------------
ptotal_climb: 1,542 kW, mtom_est: 6,040 kg, mtom: 6,042 kg, residual: -1.78 kg

MTOM update: bisection(clamped), relax=1.000 -> mtom_next=6,041.67 kg

======================================================
======================= ITER 22 =======================
Reynolds_number: 11,112,677
Stack prop output power: 585 kW, Pcomp: 30.2 kW
Cell efficiency: 0.300, Output efficiency: 0.271
mdot_h2: 14.55 g/s
Reynolds_number: 11,112,677
Stack prop output power: 435 kW, Pcomp: 3.9 kW
Cell efficiency: 0.281, Output efficiency: 0.264
mdot_h2: 11.09 g/s
Reynolds_number: 11,112,677
Stack prop output power: 435 kW, Pcomp: 22.5 kW
Cell efficiency: 0.300, Output efficiency: 0.271
mdot_h2: 10.83 g/s

-----------------------
ptotal_climb: 1,542 kW, mtom_est: 6,040 kg, mtom: 6,042 kg, residual: -1.78 kg

MTOM update: bisection(clamped), relax=1.000 -> mtom_next=6,041.67 kg

======================================================
======================= ITER 23 =======================
Reynolds_number: 11,112,677
Stack prop output power: 585 kW, Pcomp: 30.2 kW
Cell efficiency: 0.300, Output efficiency: 0.271
mdot_h2: 14.55 g/s
Reynolds_number: 11,112,677
Stack prop output power: 435 kW, Pcomp: 3.9 kW
Cell efficiency: 0.281, Output efficiency: 0.264
mdot_h2: 11.09 g/s
Reynolds_number: 11,112,677
Stack prop output power: 435 kW, Pcomp: 22.5 kW
Cell efficiency: 0.300, Output efficiency: 0.271
mdot_h2: 10.83 g/s

-----------------------
ptotal_climb: 1,542 kW, mtom_est: 6,042 kg, mtom: 6,042 kg, residual: +0.78 kg

Reynolds_number: 11,112,677
Stack prop output power: 585 kW, Pcomp: 30.2 kW
Cell efficiency: 0.300, Output efficiency: 0.271
mdot_h2: 14.55 g/s
Reynolds_number: 11,112,677
Stack prop output power: 585 kW, Pcomp: 30.2 kW
Cell efficiency: 0.300, Output efficiency: 0.271
mdot_h2: 14.55 g/s
Reynolds_number: 6,709,346
Stack prop output power: 435 kW, Pcomp: 3.8 kW
Cell efficiency: 0.305, Output efficiency: 0.287
mdot_h2: 10.21 g/s
Reynolds_number: 6,709,346
Stack prop output power: 435 kW, Pcomp: 3.8 kW
Cell efficiency: 0.305, Output efficiency: 0.287
mdot_h2: 10.21 g/s

CONVERGED
======================================================
======================= ITER 1 =======================
Reynolds_number: 11,112,677
Stack prop output power: 602 kW, Pcomp: 31.1 kW
Cell efficiency: 0.300, Output efficiency: 0.271
mdot_h2: 14.97 g/s
Reynolds_number: 11,112,677
Stack prop output power: 602 kW, Pcomp: 31.1 kW
Cell efficiency: 0.300, Output efficiency: 0.271
mdot_h2: 14.97 g/s
Reynolds_number: 11,112,677
Stack prop output power: 448 kW, Pcomp: 4.0 kW
Cell efficiency: 0.281, Output efficiency: 0.264
mdot_h2: 11.41 g/s
Reynolds_number: 11,112,677
Stack prop output power: 448 kW, Pcomp: 4.0 kW
Cell efficiency: 0.281, Output efficiency: 0.264
mdot_h2: 11.41 g/s
Reynolds_number: 11,112,677
Stack prop output power: 448 kW, Pcomp: 23.1 kW
Cell efficiency: 0.300, Output efficiency: 0.271
mdot_h2: 11.14 g/s

-----------------------
ptotal_climb: 1,587 kW, mtom_est: 6,118 kg, mtom: 6,042 kg, residual: +75.55 kg

MTOM update: fixed_point_fallback, relax=1.000 -> mtom_next=6,118.00 kg

======================================================
======================= ITER 2 =======================
Reynolds_number: 11,112,677
Stack prop output power: 610 kW, Pcomp: 31.4 kW
Cell efficiency: 0.300, Output efficiency: 0.271
mdot_h2: 15.16 g/s
Reynolds_number: 11,112,677
Stack prop output power: 610 kW, Pcomp: 31.4 kW
Cell efficiency: 0.300, Output efficiency: 0.271
mdot_h2: 15.16 g/s
Reynolds_number: 11,112,677
Stack prop output power: 454 kW, Pcomp: 4.1 kW
Cell efficiency: 0.281, Output efficiency: 0.264
mdot_h2: 11.56 g/s
Reynolds_number: 11,112,677
Stack prop output power: 454 kW, Pcomp: 4.1 kW
Cell efficiency: 0.281, Output efficiency: 0.264
mdot_h2: 11.56 g/s
Reynolds_number: 11,112,677
Stack prop output power: 454 kW, Pcomp: 23.4 kW
Cell efficiency: 0.300, Output efficiency: 0.271
mdot_h2: 11.28 g/s

-----------------------
ptotal_climb: 1,607 kW, mtom_est: 6,162 kg, mtom: 6,118 kg, residual: +44.27 kg

MTOM update: newton, relax=1.000 -> mtom_next=6,224.95 kg

======================================================
======================= ITER 3 =======================
Reynolds_number: 11,112,677
Stack prop output power: 620 kW, Pcomp: 32.0 kW
Cell efficiency: 0.300, Output efficiency: 0.271
mdot_h2: 15.43 g/s
Reynolds_number: 11,112,677
Stack prop output power: 620 kW, Pcomp: 32.0 kW
Cell efficiency: 0.300, Output efficiency: 0.271
mdot_h2: 15.43 g/s
Reynolds_number: 11,112,677
Stack prop output power: 462 kW, Pcomp: 4.2 kW
Cell efficiency: 0.281, Output efficiency: 0.264
mdot_h2: 11.76 g/s
Reynolds_number: 11,112,677
Stack prop output power: 462 kW, Pcomp: 4.2 kW
Cell efficiency: 0.281, Output efficiency: 0.264
mdot_h2: 11.76 g/s
Reynolds_number: 11,112,677
Stack prop output power: 462 kW, Pcomp: 23.8 kW
Cell efficiency: 0.300, Output efficiency: 0.271
mdot_h2: 11.48 g/s

-----------------------
ptotal_climb: 1,635 kW, mtom_est: 6,227 kg, mtom: 6,225 kg, residual: +2.47 kg

MTOM update: newton, relax=1.000 -> mtom_next=6,231.26 kg

======================================================
======================= ITER 4 =======================
Reynolds_number: 11,112,677
Stack prop output power: 621 kW, Pcomp: 32.0 kW
Cell efficiency: 0.300, Output efficiency: 0.271
mdot_h2: 15.44 g/s
Reynolds_number: 11,112,677
Stack prop output power: 621 kW, Pcomp: 32.0 kW
Cell efficiency: 0.300, Output efficiency: 0.271
mdot_h2: 15.44 g/s
Reynolds_number: 11,112,677
Stack prop output power: 462 kW, Pcomp: 4.2 kW
Cell efficiency: 0.281, Output efficiency: 0.264
mdot_h2: 11.77 g/s
Reynolds_number: 11,112,677
Stack prop output power: 462 kW, Pcomp: 4.2 kW
Cell efficiency: 0.281, Output efficiency: 0.264
mdot_h2: 11.77 g/s
Reynolds_number: 11,112,677
Stack prop output power: 462 kW, Pcomp: 23.8 kW
Cell efficiency: 0.300, Output efficiency: 0.271
mdot_h2: 11.49 g/s

-----------------------
ptotal_climb: 1,637 kW, mtom_est: 6,234 kg, mtom: 6,231 kg, residual: +2.42 kg

MTOM update: newton, relax=1.000 -> mtom_next=6,588.51 kg

======================================================
======================= ITER 5 =======================
Reynolds_number: 11,112,677
Stack prop output power: 657 kW, Pcomp: 33.9 kW
Cell efficiency: 0.300, Output efficiency: 0.271
mdot_h2: 16.33 g/s
Reynolds_number: 11,112,677
Stack prop output power: 657 kW, Pcomp: 33.9 kW
Cell efficiency: 0.300, Output efficiency: 0.271
mdot_h2: 16.33 g/s
Reynolds_number: 11,112,677
Stack prop output power: 489 kW, Pcomp: 4.4 kW
Cell efficiency: 0.281, Output efficiency: 0.264
mdot_h2: 12.45 g/s
Reynolds_number: 11,112,677
Stack prop output power: 489 kW, Pcomp: 4.4 kW
Cell efficiency: 0.281, Output efficiency: 0.264
mdot_h2: 12.45 g/s
Reynolds_number: 11,112,677
Stack prop output power: 489 kW, Pcomp: 25.2 kW
Cell efficiency: 0.300, Output efficiency: 0.271
mdot_h2: 12.15 g/s

-----------------------
ptotal_climb: 1,731 kW, mtom_est: 6,449 kg, mtom: 6,589 kg, residual: -139.39 kg

MTOM update: newton, relax=0.500 -> mtom_next=6,412.94 kg

======================================================
======================= ITER 6 =======================
Reynolds_number: 11,112,677
Stack prop output power: 639 kW, Pcomp: 33.0 kW
Cell efficiency: 0.300, Output efficiency: 0.271
mdot_h2: 15.89 g/s
Reynolds_number: 11,112,677
Stack prop output power: 639 kW, Pcomp: 33.0 kW
Cell efficiency: 0.300, Output efficiency: 0.271
mdot_h2: 15.89 g/s
Reynolds_number: 11,112,677
Stack prop output power: 476 kW, Pcomp: 4.3 kW
Cell efficiency: 0.281, Output efficiency: 0.264
mdot_h2: 12.11 g/s
Reynolds_number: 11,112,677
Stack prop output power: 476 kW, Pcomp: 4.3 kW
Cell efficiency: 0.281, Output efficiency: 0.264
mdot_h2: 12.11 g/s
Reynolds_number: 11,112,677
Stack prop output power: 476 kW, Pcomp: 24.5 kW
Cell efficiency: 0.300, Output efficiency: 0.271
mdot_h2: 11.83 g/s

-----------------------
ptotal_climb: 1,685 kW, mtom_est: 6,346 kg, mtom: 6,413 kg, residual: -67.05 kg

MTOM update: newton, relax=0.600 -> mtom_next=6,315.31 kg

======================================================
======================= ITER 7 =======================
Reynolds_number: 11,112,677
Stack prop output power: 629 kW, Pcomp: 32.5 kW
Cell efficiency: 0.300, Output efficiency: 0.271
mdot_h2: 15.65 g/s
Reynolds_number: 11,112,677
Stack prop output power: 629 kW, Pcomp: 32.5 kW
Cell efficiency: 0.300, Output efficiency: 0.271
mdot_h2: 15.65 g/s
Reynolds_number: 11,112,677
Stack prop output power: 468 kW, Pcomp: 4.2 kW
Cell efficiency: 0.281, Output efficiency: 0.264
mdot_h2: 11.93 g/s
Reynolds_number: 11,112,677
Stack prop output power: 468 kW, Pcomp: 4.2 kW
Cell efficiency: 0.281, Output efficiency: 0.264
mdot_h2: 11.93 g/s
Reynolds_number: 11,112,677
Stack prop output power: 468 kW, Pcomp: 24.2 kW
Cell efficiency: 0.300, Output efficiency: 0.271
mdot_h2: 11.65 g/s

-----------------------
ptotal_climb: 1,659 kW, mtom_est: 6,282 kg, mtom: 6,315 kg, residual: -33.35 kg

MTOM update: newton, relax=0.720 -> mtom_next=6,245.74 kg

======================================================
======================= ITER 8 =======================
Reynolds_number: 11,112,677
Stack prop output power: 623 kW, Pcomp: 32.1 kW
Cell efficiency: 0.300, Output efficiency: 0.271
mdot_h2: 15.48 g/s
Reynolds_number: 11,112,677
Stack prop output power: 623 kW, Pcomp: 32.1 kW
Cell efficiency: 0.300, Output efficiency: 0.271
mdot_h2: 15.48 g/s
Reynolds_number: 11,112,677
Stack prop output power: 463 kW, Pcomp: 4.2 kW
Cell efficiency: 0.281, Output efficiency: 0.264
mdot_h2: 11.80 g/s
Reynolds_number: 11,112,677
Stack prop output power: 463 kW, Pcomp: 4.2 kW
Cell efficiency: 0.281, Output efficiency: 0.264
mdot_h2: 11.80 g/s
Reynolds_number: 11,112,677
Stack prop output power: 463 kW, Pcomp: 23.9 kW
Cell efficiency: 0.300, Output efficiency: 0.271
mdot_h2: 11.52 g/s

-----------------------
ptotal_climb: 1,641 kW, mtom_est: 6,240 kg, mtom: 6,246 kg, residual: -6.24 kg

MTOM update: newton, relax=0.864 -> mtom_next=6,231.90 kg

======================================================
======================= ITER 9 =======================
Reynolds_number: 11,112,677
Stack prop output power: 621 kW, Pcomp: 32.0 kW
Cell efficiency: 0.300, Output efficiency: 0.271
mdot_h2: 15.44 g/s
Reynolds_number: 11,112,677
Stack prop output power: 621 kW, Pcomp: 32.0 kW
Cell efficiency: 0.300, Output efficiency: 0.271
mdot_h2: 15.44 g/s
Reynolds_number: 11,112,677
Stack prop output power: 462 kW, Pcomp: 4.2 kW
Cell efficiency: 0.281, Output efficiency: 0.264
mdot_h2: 11.77 g/s
Reynolds_number: 11,112,677
Stack prop output power: 462 kW, Pcomp: 4.2 kW
Cell efficiency: 0.281, Output efficiency: 0.264
mdot_h2: 11.77 g/s
Reynolds_number: 11,112,677
Stack prop output power: 462 kW, Pcomp: 23.8 kW
Cell efficiency: 0.300, Output efficiency: 0.271
mdot_h2: 11.49 g/s

-----------------------
ptotal_climb: 1,637 kW, mtom_est: 6,231 kg, mtom: 6,232 kg, residual: -0.44 kg

Reynolds_number: 11,112,677
Stack prop output power: 621 kW, Pcomp: 32.0 kW
Cell efficiency: 0.300, Output efficiency: 0.271
mdot_h2: 15.44 g/s
Reynolds_number: 11,112,677
Stack prop output power: 621 kW, Pcomp: 32.0 kW
Cell efficiency: 0.300, Output efficiency: 0.271
mdot_h2: 15.44 g/s
Reynolds_number: 6,709,346
Stack prop output power: 462 kW, Pcomp: 4.0 kW
Cell efficiency: 0.305, Output efficiency: 0.287
mdot_h2: 10.84 g/s
Reynolds_number: 6,709,346
Stack prop output power: 462 kW, Pcomp: 4.0 kW
Cell efficiency: 0.305, Output efficiency: 0.287
mdot_h2: 10.84 g/s

CONVERGED
======================================================
======================= ITER 1 =======================
Reynolds_number: 11,112,677
Stack prop output power: 639 kW, Pcomp: 33.0 kW
Cell efficiency: 0.300, Output efficiency: 0.271
mdot_h2: 15.89 g/s
Reynolds_number: 11,112,677
Stack prop output power: 639 kW, Pcomp: 33.0 kW
Cell efficiency: 0.300, Output efficiency: 0.271
mdot_h2: 15.89 g/s
Reynolds_number: 11,112,677
Stack prop output power: 476 kW, Pcomp: 4.3 kW
Cell efficiency: 0.281, Output efficiency: 0.264
mdot_h2: 12.11 g/s
Reynolds_number: 11,112,677
Stack prop output power: 476 kW, Pcomp: 4.3 kW
Cell efficiency: 0.281, Output efficiency: 0.264
mdot_h2: 12.11 g/s
Reynolds_number: 11,112,677
Stack prop output power: 476 kW, Pcomp: 24.5 kW
Cell efficiency: 0.300, Output efficiency: 0.271
mdot_h2: 11.82 g/s

-----------------------
ptotal_climb: 1,684 kW, mtom_est: 6,311 kg, mtom: 6,231 kg, residual: +79.18 kg

MTOM update: fixed_point_fallback, relax=1.000 -> mtom_next=6,310.63 kg

======================================================
======================= ITER 2 =======================
Reynolds_number: 11,112,677
Stack prop output power: 647 kW, Pcomp: 33.4 kW
Cell efficiency: 0.300, Output efficiency: 0.271
mdot_h2: 16.09 g/s
Reynolds_number: 11,112,677
Stack prop output power: 647 kW, Pcomp: 33.4 kW
Cell efficiency: 0.300, Output efficiency: 0.271
mdot_h2: 16.09 g/s
Reynolds_number: 11,112,677
Stack prop output power: 482 kW, Pcomp: 4.3 kW
Cell efficiency: 0.281, Output efficiency: 0.264
mdot_h2: 12.26 g/s
Reynolds_number: 11,112,677
Stack prop output power: 482 kW, Pcomp: 4.3 kW
Cell efficiency: 0.281, Output efficiency: 0.264
mdot_h2: 12.26 g/s
Reynolds_number: 11,112,677
Stack prop output power: 482 kW, Pcomp: 24.8 kW
Cell efficiency: 0.300, Output efficiency: 0.271
mdot_h2: 11.97 g/s

-----------------------
ptotal_climb: 1,705 kW, mtom_est: 6,360 kg, mtom: 6,311 kg, residual: +49.01 kg

MTOM update: newton, relax=1.000 -> mtom_next=6,439.25 kg

======================================================
======================= ITER 3 =======================
Reynolds_number: 11,112,677
Stack prop output power: 660 kW, Pcomp: 34.0 kW
Cell efficiency: 0.300, Output efficiency: 0.271
mdot_h2: 16.41 g/s
Reynolds_number: 11,112,677
Stack prop output power: 660 kW, Pcomp: 34.0 kW
Cell efficiency: 0.300, Output efficiency: 0.271
mdot_h2: 16.41 g/s
Reynolds_number: 11,112,677
Stack prop output power: 491 kW, Pcomp: 4.4 kW
Cell efficiency: 0.281, Output efficiency: 0.264
mdot_h2: 12.51 g/s
Reynolds_number: 11,112,677
Stack prop output power: 491 kW, Pcomp: 4.4 kW
Cell efficiency: 0.281, Output efficiency: 0.264
mdot_h2: 12.51 g/s
Reynolds_number: 11,112,677
Stack prop output power: 491 kW, Pcomp: 25.3 kW
Cell efficiency: 0.300, Output efficiency: 0.271
mdot_h2: 12.22 g/s

-----------------------
ptotal_climb: 1,740 kW, mtom_est: 6,440 kg, mtom: 6,439 kg, residual: +0.85 kg

Reynolds_number: 11,112,677
Stack prop output power: 660 kW, Pcomp: 34.0 kW
Cell efficiency: 0.300, Output efficiency: 0.271
mdot_h2: 16.41 g/s
Reynolds_number: 11,112,677
Stack prop output power: 660 kW, Pcomp: 34.0 kW
Cell efficiency: 0.300, Output efficiency: 0.271
mdot_h2: 16.41 g/s
Reynolds_number: 6,709,346
Stack prop output power: 491 kW, Pcomp: 4.3 kW
Cell efficiency: 0.305, Output efficiency: 0.287
mdot_h2: 11.52 g/s
Reynolds_number: 6,709,346
Stack prop output power: 491 kW, Pcomp: 4.3 kW
Cell efficiency: 0.305, Output efficiency: 0.287
mdot_h2: 11.52 g/s

CONVERGED
======================================================
======================= ITER 1 =======================
Reynolds_number: 11,112,677
Stack prop output power: 679 kW, Pcomp: 35.0 kW
Cell efficiency: 0.300, Output efficiency: 0.271
mdot_h2: 16.88 g/s
Reynolds_number: 11,112,677
Stack prop output power: 679 kW, Pcomp: 35.0 kW
Cell efficiency: 0.300, Output efficiency: 0.271
mdot_h2: 16.88 g/s
Reynolds_number: 11,112,677
Stack prop output power: 505 kW, Pcomp: 4.5 kW
Cell efficiency: 0.281, Output efficiency: 0.264
mdot_h2: 12.87 g/s
Reynolds_number: 11,112,677
Stack prop output power: 505 kW, Pcomp: 4.5 kW
Cell efficiency: 0.281, Output efficiency: 0.264
mdot_h2: 12.87 g/s
Reynolds_number: 11,112,677
Stack prop output power: 505 kW, Pcomp: 26.1 kW
Cell efficiency: 0.300, Output efficiency: 0.271
mdot_h2: 12.56 g/s

-----------------------
ptotal_climb: 1,789 kW, mtom_est: 6,524 kg, mtom: 6,440 kg, residual: +83.58 kg

MTOM update: fixed_point_fallback, relax=1.000 -> mtom_next=6,523.68 kg

======================================================
======================= ITER 2 =======================
Reynolds_number: 11,112,677
Stack prop output power: 688 kW, Pcomp: 35.5 kW
Cell efficiency: 0.300, Output efficiency: 0.271
mdot_h2: 17.10 g/s
Reynolds_number: 11,112,677
Stack prop output power: 688 kW, Pcomp: 35.5 kW
Cell efficiency: 0.300, Output efficiency: 0.271
mdot_h2: 17.10 g/s
Reynolds_number: 11,112,677
Stack prop output power: 512 kW, Pcomp: 4.6 kW
Cell efficiency: 0.281, Output efficiency: 0.264
mdot_h2: 13.03 g/s
Reynolds_number: 11,112,677
Stack prop output power: 512 kW, Pcomp: 4.6 kW
Cell efficiency: 0.281, Output efficiency: 0.264
mdot_h2: 13.03 g/s
Reynolds_number: 11,112,677
Stack prop output power: 512 kW, Pcomp: 26.4 kW
Cell efficiency: 0.300, Output efficiency: 0.271
mdot_h2: 12.73 g/s

-----------------------
ptotal_climb: 1,812 kW, mtom_est: 6,576 kg, mtom: 6,524 kg, residual: +52.74 kg

MTOM update: newton, relax=1.000 -> mtom_next=6,666.59 kg

======================================================
======================= ITER 3 =======================
Reynolds_number: 11,112,677
Stack prop output power: 703 kW, Pcomp: 36.2 kW
Cell efficiency: 0.300, Output efficiency: 0.271
mdot_h2: 17.47 g/s
Reynolds_number: 11,112,677
Stack prop output power: 703 kW, Pcomp: 36.2 kW
Cell efficiency: 0.300, Output efficiency: 0.271
mdot_h2: 17.47 g/s
Reynolds_number: 11,112,677
Stack prop output power: 523 kW, Pcomp: 4.7 kW
Cell efficiency: 0.281, Output efficiency: 0.264
mdot_h2: 13.32 g/s
Reynolds_number: 11,112,677
Stack prop output power: 523 kW, Pcomp: 4.7 kW
Cell efficiency: 0.281, Output efficiency: 0.264
mdot_h2: 13.32 g/s
Reynolds_number: 11,112,677
Stack prop output power: 523 kW, Pcomp: 27.0 kW
Cell efficiency: 0.300, Output efficiency: 0.271
mdot_h2: 13.00 g/s

-----------------------
ptotal_climb: 1,852 kW, mtom_est: 6,667 kg, mtom: 6,667 kg, residual: +0.70 kg

Reynolds_number: 11,112,677
Stack prop output power: 703 kW, Pcomp: 36.2 kW
Cell efficiency: 0.300, Output efficiency: 0.271
mdot_h2: 17.47 g/s
Reynolds_number: 11,112,677
Stack prop output power: 703 kW, Pcomp: 36.2 kW
Cell efficiency: 0.300, Output efficiency: 0.271
mdot_h2: 17.47 g/s
Reynolds_number: 6,709,346
Stack prop output power: 523 kW, Pcomp: 4.6 kW
Cell efficiency: 0.305, Output efficiency: 0.287
mdot_h2: 12.26 g/s
Reynolds_number: 6,709,346
Stack prop output power: 523 kW, Pcomp: 4.6 kW
Cell efficiency: 0.305, Output efficiency: 0.287
mdot_h2: 12.26 g/s

CONVERGED
======================================================
======================= ITER 1 =======================
Reynolds_number: 11,112,677
Stack prop output power: 722 kW, Pcomp: 37.2 kW
Cell efficiency: 0.300, Output efficiency: 0.271
mdot_h2: 17.96 g/s
Reynolds_number: 11,112,677
Stack prop output power: 722 kW, Pcomp: 37.2 kW
Cell efficiency: 0.300, Output efficiency: 0.271
mdot_h2: 17.96 g/s
Reynolds_number: 11,112,677
Stack prop output power: 538 kW, Pcomp: 4.8 kW
Cell efficiency: 0.281, Output efficiency: 0.264
mdot_h2: 13.69 g/s
Reynolds_number: 11,112,677
Stack prop output power: 538 kW, Pcomp: 4.8 kW
Cell efficiency: 0.281, Output efficiency: 0.264
mdot_h2: 13.69 g/s
Reynolds_number: 11,112,677
Stack prop output power: 538 kW, Pcomp: 27.7 kW
Cell efficiency: 0.300, Output efficiency: 0.271
mdot_h2: 13.36 g/s

-----------------------
ptotal_climb: 1,903 kW, mtom_est: 6,757 kg, mtom: 6,667 kg, residual: +90.13 kg

MTOM update: fixed_point_fallback, relax=1.000 -> mtom_next=6,757.42 kg

======================================================
======================= ITER 2 =======================
Reynolds_number: 11,112,677
Stack prop output power: 732 kW, Pcomp: 37.8 kW
Cell efficiency: 0.300, Output efficiency: 0.271
mdot_h2: 18.20 g/s
Reynolds_number: 11,112,677
Stack prop output power: 732 kW, Pcomp: 37.8 kW
Cell efficiency: 0.300, Output efficiency: 0.271
mdot_h2: 18.20 g/s
Reynolds_number: 11,112,677
Stack prop output power: 545 kW, Pcomp: 4.9 kW
Cell efficiency: 0.281, Output efficiency: 0.264
mdot_h2: 13.87 g/s
Reynolds_number: 11,112,677
Stack prop output power: 545 kW, Pcomp: 4.9 kW
Cell efficiency: 0.281, Output efficiency: 0.264
mdot_h2: 13.87 g/s
Reynolds_number: 11,112,677
Stack prop output power: 545 kW, Pcomp: 28.1 kW
Cell efficiency: 0.300, Output efficiency: 0.271
mdot_h2: 13.55 g/s

-----------------------
ptotal_climb: 1,929 kW, mtom_est: 6,814 kg, mtom: 6,757 kg, residual: +56.31 kg

MTOM update: newton, relax=1.000 -> mtom_next=6,907.49 kg

======================================================
======================= ITER 3 =======================
Reynolds_number: 11,112,677
Stack prop output power: 748 kW, Pcomp: 38.6 kW
Cell efficiency: 0.300, Output efficiency: 0.271
mdot_h2: 18.60 g/s
Reynolds_number: 11,112,677
Stack prop output power: 748 kW, Pcomp: 38.6 kW
Cell efficiency: 0.300, Output efficiency: 0.271
mdot_h2: 18.60 g/s
Reynolds_number: 11,112,677
Stack prop output power: 557 kW, Pcomp: 5.0 kW
Cell efficiency: 0.281, Output efficiency: 0.264
mdot_h2: 14.18 g/s
Reynolds_number: 11,112,677
Stack prop output power: 557 kW, Pcomp: 5.0 kW
Cell efficiency: 0.281, Output efficiency: 0.264
mdot_h2: 14.18 g/s
Reynolds_number: 11,112,677
Stack prop output power: 557 kW, Pcomp: 28.7 kW
Cell efficiency: 0.300, Output efficiency: 0.271
mdot_h2: 13.85 g/s

-----------------------
ptotal_climb: 1,972 kW, mtom_est: 6,911 kg, mtom: 6,907 kg, residual: +3.51 kg

MTOM update: newton, relax=1.000 -> mtom_next=6,917.48 kg

======================================================
======================= ITER 4 =======================
Reynolds_number: 11,112,677
Stack prop output power: 749 kW, Pcomp: 38.6 kW
Cell efficiency: 0.300, Output efficiency: 0.271
mdot_h2: 18.63 g/s
Reynolds_number: 11,112,677
Stack prop output power: 749 kW, Pcomp: 38.6 kW
Cell efficiency: 0.300, Output efficiency: 0.271
mdot_h2: 18.63 g/s
Reynolds_number: 11,112,677
Stack prop output power: 558 kW, Pcomp: 5.0 kW
Cell efficiency: 0.281, Output efficiency: 0.264
mdot_h2: 14.20 g/s
Reynolds_number: 11,112,677
Stack prop output power: 558 kW, Pcomp: 5.0 kW
Cell efficiency: 0.281, Output efficiency: 0.264
mdot_h2: 14.20 g/s
Reynolds_number: 11,112,677
Stack prop output power: 558 kW, Pcomp: 28.8 kW
Cell efficiency: 0.300, Output efficiency: 0.271
mdot_h2: 13.87 g/s

-----------------------
ptotal_climb: 1,975 kW, mtom_est: 6,917 kg, mtom: 6,917 kg, residual: -0.29 kg

Reynolds_number: 11,112,677
Stack prop output power: 749 kW, Pcomp: 38.6 kW
Cell efficiency: 0.300, Output efficiency: 0.271
mdot_h2: 18.63 g/s
Reynolds_number: 11,112,677
Stack prop output power: 749 kW, Pcomp: 38.6 kW
Cell efficiency: 0.300, Output efficiency: 0.271
mdot_h2: 18.63 g/s
Reynolds_number: 6,709,346
Stack prop output power: 558 kW, Pcomp: 4.9 kW
Cell efficiency: 0.305, Output efficiency: 0.287
mdot_h2: 13.08 g/s
Reynolds_number: 6,709,346
Stack prop output power: 558 kW, Pcomp: 4.9 kW
Cell efficiency: 0.305, Output efficiency: 0.287
mdot_h2: 13.08 g/s

CONVERGED
ADRpy+HFCAD coupled sizing (min_mtom): W/S=2100.0 Pa (214.14 kg/m^2), MTOM=5447.4 kg, P/W_TO=0.12619, P/W_climb=0.12619, P/W_cruise=0.12619 (kW/kg)
Chromium init'ed with kwargs {}
Found chromium path: /usr/bin/google-chrome
Temp directory created: /tmp/tmpspx0ijjg.
Opening browser.
Temp directory created: /tmp/tmpsj86jvv9.
ldd failed. e: Command '['ldd', '/usr/bin/google-chrome']' returned non-zero exit status 1., stderr: None
Temporary directory at: /tmp/tmpsj86jvv9
Conforming 1 to file:///tmp/tmpspx0ijjg/index.html
Waiting on all navigates
All navigates done, putting them all in queue.
Getting tab from queue (has 1)
Got EB85
Processing fig.png
Sending big command for fig.png.
Sent big command for fig.png.
Reloading tab EB85 before return.
Putting tab EB85 back (queue size: 0).
Waiting for all cleanups to finish.
Exiting Kaleido
TemporaryDirectory.cleanup() worked.
shutil.rmtree worked.
Cancelling tasks.
Exiting Kaleido/Choreo
Closing browser.
TemporaryDirectory.cleanup() worked.
shutil.rmtree worked.
Cancelling tasks.
Exiting Kaleido/Choreo
Closing browser.
TemporaryDirectory.cleanup() worked.
shutil.rmtree worked.
Pfuel_ready: 62 kW, Pfuel_taxing: 125 kW, Pfuel_climb: 1,012 kW, Pfuel_cruise: 1,380 kW, Pfuel_cruise_charger: 1,380 kW, Pbat_climb: 235 kW, Pbat_charge: 0 kW
TemporaryDirectory.cleanup() worked.
shutil.rmtree worked.
qt.qpa.plugin: From 6.5.0, xcb-cursor0 or libxcb-cursor0 is needed to load the Qt xcb platform plugin.
qt.qpa.plugin: Could not load the Qt platform plugin "xcb" in "" even though it was found.
This application failed to start because no Qt platform plugin could be initialized. Reinstalling the application may fix this problem.

Available platform plugins are: linuxfb, xcb, wayland-brcm, wayland-egl, wayland, minimal, eglfs, offscreen, vkkhrdisplay, minimalegl, vnc.

