[command] /home/shoh95/anaconda3/envs/aerofc/bin/python /home/shoh95/Programming/HFCAD/app/main.py -i /home/shoh95/Programming/HFCAD/app/input_sweep_r77/h3500_CK210.ini --outdir /home/shoh95/Programming/HFCAD/results/input_sweep_r77
[start] 2026-02-21 03:10:50

Auto-widening W/S scan window for min_combined_pw: 1900.0..2600.0 -> 1725.0..2775.0 Pa (factor 1.500, lower_hit=True, upper_hit=False, min_on_edge=False).
Auto-widening W/S scan window for min_combined_pw: 1725.0..2775.0 -> 1462.5..3037.5 Pa (factor 1.500, lower_hit=True, upper_hit=False, min_on_edge=False).
ADRpy constraint sizing (min_combined_pw): W/S=2212.5 Pa (225.61 kg/m^2), P/W_TO=0.18089 kW/kg, P/W_climb=0.18040 kW/kg, P/W_cruise=0.09488 kW/kg
Curve minimum (combined/combined): W/S=2212.5 Pa (225.61 kg/m^2), P/W=0.18089 kW/kg
Curve minimum (takeoff/take-off): W/S=1462.5 Pa (149.13 kg/m^2), P/W=0.10196 kW/kg
Curve minimum (climb/climb): W/S=2312.5 Pa (235.81 kg/m^2), P/W=0.17915 kW/kg
Curve minimum (cruise/cruise): W/S=2312.5 Pa (235.81 kg/m^2), P/W=0.09279 kW/kg
======================================================
======================= ITER 1 =======================
Fuel-cell system mass representative phase: takeoff (P_fc_sys=933.979 kW).

-----------------------
ptotal_climb: 1,240 kW, mtom_est: 5,801 kg, mtom: 5,000 kg, residual: +801.27 kg

MTOM update: initial_bracket_probe_1, relax=1.000 -> mtom_next=5,325.00 kg

======================================================
======================= ITER 2 =======================
Fuel-cell system mass representative phase: takeoff (P_fc_sys=994.682 kW).

-----------------------
ptotal_climb: 1,320 kW, mtom_est: 6,023 kg, mtom: 5,325 kg, residual: +697.52 kg

MTOM update: initial_bracket_probe_2, relax=1.000 -> mtom_next=5,650.00 kg

======================================================
======================= ITER 3 =======================
Fuel-cell system mass representative phase: takeoff (P_fc_sys=1055.390 kW).

-----------------------
ptotal_climb: 1,401 kW, mtom_est: 6,246 kg, mtom: 5,650 kg, residual: +595.79 kg

MTOM update: newton_prebracket, relax=1.000 -> mtom_next=7,553.52 kg

======================================================
======================= ITER 4 =======================
Fuel-cell system mass representative phase: takeoff (P_fc_sys=1410.966 kW).

-----------------------
ptotal_climb: 1,873 kW, mtom_est: 7,561 kg, mtom: 7,554 kg, residual: +7.78 kg

MTOM update: newton_prebracket, relax=1.000 -> mtom_next=7,578.71 kg

======================================================
======================= ITER 5 =======================
Fuel-cell system mass representative phase: takeoff (P_fc_sys=1415.671 kW).

-----------------------
ptotal_climb: 1,879 kW, mtom_est: 7,580 kg, mtom: 7,579 kg, residual: +1.20 kg


CONVERGED

CONVERGED STATE [MTOM iteration 5]
  MTOM=7,580 kg | Wing loading=225.65 kg/m^2 | P/W(climb)=247.87 W/kg
  Phase power: climb=1,878.8 kW | cruise=1,053.9 kW | loiter=843.1 kW | takeoff=1,883.5 kW | cruise+charger=1,053.9 kW
  Power split (climb): FC=1,399.5 kW | Battery=466.5 kW | Compressor=12.8 kW | Cooling=618.9 kW | H2=36.838 g/s
  Compressor max across phases: 65.0 kW (cruise)
  FC representative phase (mass sizing): takeoff (1,415.7 kW)
  Mass summary: MTOM=7,580 kg | Powertrain=2,687 kg | Tank=579.2 kg | Fuel=257.4 kg | Battery=318.6 kg | Nacelle power density=0.62 kW/kg
  Geometry: Main wing area=33.59 m^2 | Horizontal tail area=5.606 m^2 | Horizontal tail location=11.975 m | Vertical tail area=5.772 m^2 | Vertical tail location=11.379 m
  Config: wing loading input=225.61 kg/m^2 | P/W TO/Cl/Cr/Lo=0.18089/0.18040/0.09488/0.07590 kW/kg

=============================================================
========================= CONVERGED =========================
=============================================================
Constraint sizing: ENABLED (min_combined_pw)
Input W/S: 225.61 kg/m^2 (2,212.5 Pa)
Input P/W [kW/kg]: takeoff 0.18089, climb 0.18040, cruise 0.09488, loiter 0.07590
Converged P/W [kW/kg]: takeoff 0.24848, climb 0.24787, cruise 0.13904, loiter 0.11123
-------------------------------------------------------------

# Mission Time
Climb time: 8.83 min (0.15 h)
Cruise time: 135.09 min (2.25 h)
Total flight time: 165.93 min (2.77 h)

# Phase Power Breakdown
Phase      Time[min]     Total[kW]    FC Stack[kW]   Battery[kW]   Compressor[kW]   Cooling[kW]   mdot_H2[g/s]
--------------------------------------------------------------------------------------------------------------
ready           0.00          93.9            93.9           0.0              0.0           0.0         0.0
taxi            5.00         187.9           187.9           0.0              0.0           0.0         3.7
takeoff         1.00       1,883.5         1,403.3         467.8             12.3         535.8        33.2
climb           8.83       1,878.8         1,399.5         466.5             12.8         618.9        36.8
cruise        135.09       1,053.9           989.0           0.0             65.0         433.2        26.6
loiter         15.00         843.1           791.2           0.0             51.9         349.5        21.4
landing         1.00           0.0             0.0           0.0              0.0           0.0         0.0

Pcomp_max (solved phases): 65.0 kW (cruise)
Pnet (climb): 1,697 kW
Pelectricnet (climb): 1,866 kW
eta_pt: 0.9031

# Geometry
Main Wing Area: 33.59 m^2
Wingspan: 17.39 m
Fuselage Length: 14.17 m
Hydrogen Tank Length: 5.16 m
Horizontal Tail Area: 5.61 m^2
Vertical Tail Area: 5.77 m^2
Horizontal Tail span: 5.02 m
Vertical Tail span: 3.31 m
Horizontal Tail X_Position: 11.97 m
Vertical Tail X_Position: 11.38 m

# Single Nacelle (1/2)
Stack(1/2): 380 kg, Compressor: 21 kg, Humidifier: 114 kg, HX: 625 kg
Fuelcell System(FCS; Stack+Compressor+Humidifier+Hx): 1,139 kg
Representative FC phase: takeoff
Specific Power of Fuelcell System: 0.622 kW/kg
Stack dimension: dX=0.360 m, dY=0.343 m, dZ=0.343 m
Heat Exchanger dimension: dX=1.905 m, dY=1.905 m, dZ=0.192 m

# ALL Nacelles
FCS_total: 2,278 kg
PMAD: 162 kg
Motors: 248 kg

# Total Mass Breakdown
-----------------------
Powertrain (FCS_total+PMAD+Motors): 2,687 kg
-----------------------
Main Wing: 572 kg
Horizontal Tail: 42 kg
Vertical Tail: 73 kg
Fuselage: 452 kg
Landing gear(main): 243 kg
Landing gear(nose): 65 kg
Flight Control System: 366 kg
Electric System: 300 kg
Instruments: 106 kg
Hydraulics: 91 kg
Furnishing: 428 kg
-----------------------
Operating Empty Mass(OEM): 2,737 kg
-----------------------
Hydrogen Tank: 579 kg
Hydrogen Fuel: 257.4 kg
Battery: 318.6 kg
-----------------------
Payload: 1,000 kg
-----------------------
Maximum Takeoff Mass(MTOM): 7,580 kg
-----------------------

Wing loading (MTOM/S_wing): 225.65 kg/m^2
Power-to-weight (maxPow/MTOM): 247.87 W/kg

mdot_H2(cruise): 26.6 g/s
Hydrogen Tank Volume: 11.0 m^3
========================== END ==============================


=============================================================
Execution time: 3.7 seconds
=============================================================
