[command] /home/shoh95/anaconda3/envs/aerofc/bin/python /home/shoh95/Programming/HFCAD/app/main.py -i /home/shoh95/Programming/HFCAD/app/input_sweep_r77/h4500_CK190.ini --outdir /home/shoh95/Programming/HFCAD/results/input_sweep_r77
[start] 2026-02-21 03:11:08

Auto-widening W/S scan window for min_combined_pw: 1900.0..2600.0 -> 1725.0..2775.0 Pa (factor 1.500, lower_hit=True, upper_hit=False, min_on_edge=False).
Auto-widening W/S scan window for min_combined_pw: 1725.0..2775.0 -> 1462.5..3037.5 Pa (factor 1.500, lower_hit=True, upper_hit=False, min_on_edge=False).
ADRpy constraint sizing (min_combined_pw): W/S=2262.5 Pa (230.71 kg/m^2), P/W_TO=0.18667 kW/kg, P/W_climb=0.18932 kW/kg, P/W_cruise=0.07560 kW/kg
Curve minimum (combined/combined): W/S=2262.5 Pa (230.71 kg/m^2), P/W=0.18932 kW/kg
Curve minimum (takeoff/take-off): W/S=1462.5 Pa (149.13 kg/m^2), P/W=0.10196 kW/kg
Curve minimum (climb/climb): W/S=2312.5 Pa (235.81 kg/m^2), P/W=0.18867 kW/kg
Curve minimum (cruise/cruise): W/S=2312.5 Pa (235.81 kg/m^2), P/W=0.07522 kW/kg
======================================================
======================= ITER 1 =======================
Fuel-cell system mass representative phase: climb (P_fc_sys=978.044 kW).

-----------------------
ptotal_climb: 1,301 kW, mtom_est: 5,906 kg, mtom: 5,000 kg, residual: +905.57 kg

MTOM update: initial_bracket_probe_1, relax=1.000 -> mtom_next=5,325.00 kg

======================================================
======================= ITER 2 =======================
Fuel-cell system mass representative phase: climb (P_fc_sys=1041.610 kW).

-----------------------
ptotal_climb: 1,386 kW, mtom_est: 6,134 kg, mtom: 5,325 kg, residual: +809.46 kg

MTOM update: initial_bracket_probe_2, relax=1.000 -> mtom_next=5,650.00 kg

======================================================
======================= ITER 3 =======================
Fuel-cell system mass representative phase: climb (P_fc_sys=1105.183 kW).

-----------------------
ptotal_climb: 1,470 kW, mtom_est: 6,366 kg, mtom: 5,650 kg, residual: +716.06 kg

MTOM update: newton_prebracket, relax=1.000 -> mtom_next=7,627.50 kg

======================================================
======================= ITER 4 =======================
Fuel-cell system mass representative phase: climb (P_fc_sys=1492.006 kW).

-----------------------
ptotal_climb: 1,985 kW, mtom_est: 7,784 kg, mtom: 7,628 kg, residual: +156.24 kg

MTOM update: newton_prebracket, relax=1.000 -> mtom_next=8,179.41 kg

======================================================
======================= ITER 5 =======================
Fuel-cell system mass representative phase: climb (P_fc_sys=1599.965 kW).

-----------------------
ptotal_climb: 2,128 kW, mtom_est: 8,181 kg, mtom: 8,179 kg, residual: +1.53 kg


CONVERGED

CONVERGED STATE [MTOM iteration 5]
  MTOM=8,181 kg | Wing loading=230.75 kg/m^2 | P/W(climb)=260.16 W/kg
  Phase power: climb=2,128.3 kW | cruise=927.2 kW | loiter=741.7 kW | takeoff=2,097.6 kW | cruise+charger=927.2 kW
  Power split (climb): FC=1,585.1 kW | Battery=528.4 kW | Compressor=14.8 kW | Cooling=736.9 kW | H2=43.907 g/s
  Compressor max across phases: 76.7 kW (cruise)
  FC representative phase (mass sizing): climb (1,600.0 kW)
  Mass summary: MTOM=8,181 kg | Powertrain=3,074 kg | Tank=597.2 kg | Fuel=265.4 kg | Battery=452.9 kg | Nacelle power density=0.61 kW/kg
  Geometry: Main wing area=35.45 m^2 | Horizontal tail area=6.039 m^2 | Horizontal tail location=12.075 m | Vertical tail area=6.239 m^2 | Vertical tail location=11.442 m
  Config: wing loading input=230.71 kg/m^2 | P/W TO/Cl/Cr/Lo=0.18667/0.18932/0.07560/0.06048 kW/kg

=============================================================
========================= CONVERGED =========================
=============================================================
Constraint sizing: ENABLED (min_combined_pw)
Input W/S: 230.71 kg/m^2 (2,262.5 Pa)
Input P/W [kW/kg]: takeoff 0.18667, climb 0.18932, cruise 0.07560, loiter 0.06048
Converged P/W [kW/kg]: takeoff 0.25640, climb 0.26016, cruise 0.11334, loiter 0.09067
-------------------------------------------------------------

# Mission Time
Climb time: 11.36 min (0.19 h)
Cruise time: 148.50 min (2.47 h)
Total flight time: 181.86 min (3.03 h)

# Phase Power Breakdown
Phase      Time[min]     Total[kW]    FC Stack[kW]   Battery[kW]   Compressor[kW]   Cooling[kW]   mdot_H2[g/s]
--------------------------------------------------------------------------------------------------------------
ready           0.00         106.4           106.4           0.0              0.0           0.0         0.0
taxi            5.00         212.8           212.8           0.0              0.0           0.0         4.4
takeoff         1.00       2,097.6         1,562.9         521.0             13.7         586.0        37.0
climb          11.36       2,128.3         1,585.1         528.4             14.8         736.9        43.9
cruise        148.50         927.2           850.5           0.0             76.7         386.7        24.1
loiter         15.00         741.7           680.4           0.0             61.3         311.8        19.4
landing         1.00           0.0             0.0           0.0              0.0           0.0         0.0

Pcomp_max (solved phases): 76.7 kW (cruise)
Pnet (climb): 1,922 kW
Pelectricnet (climb): 2,113 kW
eta_pt: 0.9031

# Geometry
Main Wing Area: 35.45 m^2
Wingspan: 17.86 m
Fuselage Length: 14.33 m
Hydrogen Tank Length: 5.32 m
Horizontal Tail Area: 6.04 m^2
Vertical Tail Area: 6.24 m^2
Horizontal Tail span: 5.21 m
Vertical Tail span: 3.44 m
Horizontal Tail X_Position: 12.08 m
Vertical Tail X_Position: 11.44 m

# Single Nacelle (1/2)
Stack(1/2): 495 kg, Compressor: 38 kg, Humidifier: 230 kg, HX: 541 kg
Fuelcell System(FCS; Stack+Compressor+Humidifier+Hx): 1,304 kg
Representative FC phase: climb
Specific Power of Fuelcell System: 0.613 kW/kg
Stack dimension: dX=0.413 m, dY=0.365 m, dZ=0.365 m
Heat Exchanger dimension: dX=1.722 m, dY=1.722 m, dZ=0.203 m

# ALL Nacelles
FCS_total: 2,608 kg
PMAD: 186 kg
Motors: 281 kg

# Total Mass Breakdown
-----------------------
Powertrain (FCS_total+PMAD+Motors): 3,074 kg
-----------------------
Main Wing: 617 kg
Horizontal Tail: 47 kg
Vertical Tail: 79 kg
Fuselage: 431 kg
Landing gear(main): 243 kg
Landing gear(nose): 65 kg
Flight Control System: 366 kg
Electric System: 300 kg
Instruments: 114 kg
Hydraulics: 98 kg
Furnishing: 432 kg
-----------------------
Operating Empty Mass(OEM): 2,791 kg
-----------------------
Hydrogen Tank: 597 kg
Hydrogen Fuel: 265.4 kg
Battery: 452.9 kg
-----------------------
Payload: 1,000 kg
-----------------------
Maximum Takeoff Mass(MTOM): 8,181 kg
-----------------------

Wing loading (MTOM/S_wing): 230.75 kg/m^2
Power-to-weight (maxPow/MTOM): 260.16 W/kg

mdot_H2(cruise): 24.1 g/s
Hydrogen Tank Volume: 11.4 m^3
========================== END ==============================


=============================================================
Execution time: 3.9 seconds
=============================================================
