======================================================
======================= ITER 1 =======================
Reynolds_number: 11,112,677
Stack prop output power: 473 kW, Pcomp: 24.4 kW
Cell efficiency: 0.300, Output efficiency: 0.271
mdot_h2: 11.75 g/s
Reynolds_number: 11,112,677
Stack prop output power: 473 kW, Pcomp: 24.4 kW
Cell efficiency: 0.300, Output efficiency: 0.271
mdot_h2: 11.75 g/s
Reynolds_number: 11,112,677
Stack prop output power: 352 kW, Pcomp: 3.2 kW
Cell efficiency: 0.281, Output efficiency: 0.264
mdot_h2: 8.96 g/s
Reynolds_number: 11,112,677
Stack prop output power: 352 kW, Pcomp: 3.2 kW
Cell efficiency: 0.281, Output efficiency: 0.264
mdot_h2: 8.96 g/s
Reynolds_number: 11,112,677
Stack prop output power: 352 kW, Pcomp: 18.1 kW
Cell efficiency: 0.300, Output efficiency: 0.271
mdot_h2: 8.75 g/s

-----------------------
ptotal_climb: 1,246 kW, mtom_est: 5,662 kg, mtom: 5,000 kg, residual: +661.70 kg

MTOM update: fixed_point_fallback, relax=1.000 -> mtom_next=5,330.85 kg

======================================================
======================= ITER 2 =======================
Reynolds_number: 11,112,677
Stack prop output power: 504 kW, Pcomp: 26.0 kW
Cell efficiency: 0.300, Output efficiency: 0.271
mdot_h2: 12.53 g/s
Reynolds_number: 11,112,677
Stack prop output power: 504 kW, Pcomp: 26.0 kW
Cell efficiency: 0.300, Output efficiency: 0.271
mdot_h2: 12.53 g/s
Reynolds_number: 11,112,677
Stack prop output power: 375 kW, Pcomp: 3.4 kW
Cell efficiency: 0.281, Output efficiency: 0.264
mdot_h2: 9.55 g/s
Reynolds_number: 11,112,677
Stack prop output power: 375 kW, Pcomp: 3.4 kW
Cell efficiency: 0.281, Output efficiency: 0.264
mdot_h2: 9.55 g/s
Reynolds_number: 11,112,677
Stack prop output power: 375 kW, Pcomp: 19.3 kW
Cell efficiency: 0.300, Output efficiency: 0.271
mdot_h2: 9.33 g/s

-----------------------
ptotal_climb: 1,329 kW, mtom_est: 5,922 kg, mtom: 5,331 kg, residual: +590.73 kg

MTOM update: newton, relax=1.000 -> mtom_next=5,863.94 kg

======================================================
======================= ITER 3 =======================
Reynolds_number: 11,112,677
Stack prop output power: 554 kW, Pcomp: 28.6 kW
Cell efficiency: 0.300, Output efficiency: 0.271
mdot_h2: 13.79 g/s
Reynolds_number: 11,112,677
Stack prop output power: 554 kW, Pcomp: 28.6 kW
Cell efficiency: 0.300, Output efficiency: 0.271
mdot_h2: 13.79 g/s
Reynolds_number: 11,112,677
Stack prop output power: 413 kW, Pcomp: 3.7 kW
Cell efficiency: 0.281, Output efficiency: 0.264
mdot_h2: 10.51 g/s
Reynolds_number: 11,112,677
Stack prop output power: 413 kW, Pcomp: 3.7 kW
Cell efficiency: 0.281, Output efficiency: 0.264
mdot_h2: 10.51 g/s
Reynolds_number: 11,112,677
Stack prop output power: 413 kW, Pcomp: 21.3 kW
Cell efficiency: 0.300, Output efficiency: 0.271
mdot_h2: 10.26 g/s

-----------------------
ptotal_climb: 1,461 kW, mtom_est: 6,335 kg, mtom: 5,864 kg, residual: +471.49 kg

MTOM update: newton, relax=1.000 -> mtom_next=6,450.33 kg

======================================================
======================= ITER 4 =======================
Reynolds_number: 11,112,677
Stack prop output power: 610 kW, Pcomp: 31.5 kW
Cell efficiency: 0.300, Output efficiency: 0.271
mdot_h2: 15.16 g/s
Reynolds_number: 11,112,677
Stack prop output power: 610 kW, Pcomp: 31.5 kW
Cell efficiency: 0.300, Output efficiency: 0.271
mdot_h2: 15.16 g/s
Reynolds_number: 11,112,677
Stack prop output power: 454 kW, Pcomp: 4.1 kW
Cell efficiency: 0.281, Output efficiency: 0.264
mdot_h2: 11.56 g/s
Reynolds_number: 11,112,677
Stack prop output power: 454 kW, Pcomp: 4.1 kW
Cell efficiency: 0.281, Output efficiency: 0.264
mdot_h2: 11.56 g/s
Reynolds_number: 11,112,677
Stack prop output power: 454 kW, Pcomp: 23.4 kW
Cell efficiency: 0.300, Output efficiency: 0.271
mdot_h2: 11.29 g/s

-----------------------
ptotal_climb: 1,607 kW, mtom_est: 6,794 kg, mtom: 6,450 kg, residual: +343.81 kg

MTOM update: newton, relax=1.000 -> mtom_next=7,095.36 kg

======================================================
======================= ITER 5 =======================
Reynolds_number: 11,112,677
Stack prop output power: 671 kW, Pcomp: 34.6 kW
Cell efficiency: 0.300, Output efficiency: 0.271
mdot_h2: 16.68 g/s
Reynolds_number: 11,112,677
Stack prop output power: 671 kW, Pcomp: 34.6 kW
Cell efficiency: 0.300, Output efficiency: 0.271
mdot_h2: 16.68 g/s
Reynolds_number: 11,112,677
Stack prop output power: 499 kW, Pcomp: 4.5 kW
Cell efficiency: 0.281, Output efficiency: 0.264
mdot_h2: 12.71 g/s
Reynolds_number: 11,112,677
Stack prop output power: 499 kW, Pcomp: 4.5 kW
Cell efficiency: 0.281, Output efficiency: 0.264
mdot_h2: 12.71 g/s
Reynolds_number: 11,112,677
Stack prop output power: 499 kW, Pcomp: 25.8 kW
Cell efficiency: 0.300, Output efficiency: 0.271
mdot_h2: 12.41 g/s

-----------------------
ptotal_climb: 1,768 kW, mtom_est: 7,304 kg, mtom: 7,095 kg, residual: +208.41 kg

MTOM update: newton, relax=1.000 -> mtom_next=7,804.90 kg

======================================================
======================= ITER 6 =======================
Reynolds_number: 11,112,677
Stack prop output power: 738 kW, Pcomp: 38.1 kW
Cell efficiency: 0.300, Output efficiency: 0.271
mdot_h2: 18.35 g/s
Reynolds_number: 11,112,677
Stack prop output power: 738 kW, Pcomp: 38.1 kW
Cell efficiency: 0.300, Output efficiency: 0.271
mdot_h2: 18.35 g/s
Reynolds_number: 11,112,677
Stack prop output power: 549 kW, Pcomp: 4.9 kW
Cell efficiency: 0.281, Output efficiency: 0.264
mdot_h2: 13.99 g/s
Reynolds_number: 11,112,677
Stack prop output power: 549 kW, Pcomp: 4.9 kW
Cell efficiency: 0.281, Output efficiency: 0.264
mdot_h2: 13.99 g/s
Reynolds_number: 11,112,677
Stack prop output power: 549 kW, Pcomp: 28.3 kW
Cell efficiency: 0.300, Output efficiency: 0.271
mdot_h2: 13.66 g/s

-----------------------
ptotal_climb: 1,945 kW, mtom_est: 7,859 kg, mtom: 7,805 kg, residual: +54.07 kg

MTOM update: newton, relax=1.000 -> mtom_next=8,053.45 kg

======================================================
======================= ITER 7 =======================
Reynolds_number: 11,112,677
Stack prop output power: 761 kW, Pcomp: 39.3 kW
Cell efficiency: 0.300, Output efficiency: 0.271
mdot_h2: 18.93 g/s
Reynolds_number: 11,112,677
Stack prop output power: 761 kW, Pcomp: 39.3 kW
Cell efficiency: 0.300, Output efficiency: 0.271
mdot_h2: 18.93 g/s
Reynolds_number: 11,112,677
Stack prop output power: 567 kW, Pcomp: 5.1 kW
Cell efficiency: 0.281, Output efficiency: 0.264
mdot_h2: 14.43 g/s
Reynolds_number: 11,112,677
Stack prop output power: 567 kW, Pcomp: 5.1 kW
Cell efficiency: 0.281, Output efficiency: 0.264
mdot_h2: 14.43 g/s
Reynolds_number: 11,112,677
Stack prop output power: 567 kW, Pcomp: 29.2 kW
Cell efficiency: 0.300, Output efficiency: 0.271
mdot_h2: 14.09 g/s

-----------------------
ptotal_climb: 2,007 kW, mtom_est: 8,055 kg, mtom: 8,053 kg, residual: +1.81 kg

Reynolds_number: 11,112,677
Stack prop output power: 761 kW, Pcomp: 39.3 kW
Cell efficiency: 0.300, Output efficiency: 0.271
mdot_h2: 18.93 g/s
Reynolds_number: 11,112,677
Stack prop output power: 761 kW, Pcomp: 39.3 kW
Cell efficiency: 0.300, Output efficiency: 0.271
mdot_h2: 18.93 g/s
Reynolds_number: 6,709,346
Stack prop output power: 567 kW, Pcomp: 4.9 kW
Cell efficiency: 0.305, Output efficiency: 0.287
mdot_h2: 13.29 g/s
Reynolds_number: 6,709,346
Stack prop output power: 567 kW, Pcomp: 4.9 kW
Cell efficiency: 0.305, Output efficiency: 0.287
mdot_h2: 13.29 g/s

CONVERGED
======================================================
======================= ITER 1 =======================
Reynolds_number: 11,112,677
Stack prop output power: 761 kW, Pcomp: 39.2 kW
Cell efficiency: 0.300, Output efficiency: 0.271
mdot_h2: 18.92 g/s
Reynolds_number: 11,112,677
Stack prop output power: 761 kW, Pcomp: 39.2 kW
Cell efficiency: 0.300, Output efficiency: 0.271
mdot_h2: 18.92 g/s
Reynolds_number: 11,112,677
Stack prop output power: 566 kW, Pcomp: 5.1 kW
Cell efficiency: 0.281, Output efficiency: 0.264
mdot_h2: 14.42 g/s
Reynolds_number: 11,112,677
Stack prop output power: 566 kW, Pcomp: 5.1 kW
Cell efficiency: 0.281, Output efficiency: 0.264
mdot_h2: 14.42 g/s
Reynolds_number: 11,112,677
Stack prop output power: 566 kW, Pcomp: 29.2 kW
Cell efficiency: 0.300, Output efficiency: 0.271
mdot_h2: 14.08 g/s

-----------------------
ptotal_climb: 2,006 kW, mtom_est: 8,040 kg, mtom: 8,055 kg, residual: -14.96 kg

MTOM update: fixed_point_fallback, relax=1.000 -> mtom_next=8,047.78 kg

======================================================
======================= ITER 2 =======================
Reynolds_number: 11,112,677
Stack prop output power: 760 kW, Pcomp: 39.2 kW
Cell efficiency: 0.300, Output efficiency: 0.271
mdot_h2: 18.90 g/s
Reynolds_number: 11,112,677
Stack prop output power: 760 kW, Pcomp: 39.2 kW
Cell efficiency: 0.300, Output efficiency: 0.271
mdot_h2: 18.90 g/s
Reynolds_number: 11,112,677
Stack prop output power: 566 kW, Pcomp: 5.1 kW
Cell efficiency: 0.281, Output efficiency: 0.264
mdot_h2: 14.41 g/s
Reynolds_number: 11,112,677
Stack prop output power: 566 kW, Pcomp: 5.1 kW
Cell efficiency: 0.281, Output efficiency: 0.264
mdot_h2: 14.41 g/s
Reynolds_number: 11,112,677
Stack prop output power: 566 kW, Pcomp: 29.2 kW
Cell efficiency: 0.300, Output efficiency: 0.271
mdot_h2: 14.07 g/s

-----------------------
ptotal_climb: 2,004 kW, mtom_est: 8,035 kg, mtom: 8,048 kg, residual: -13.18 kg

MTOM update: newton, relax=1.000 -> mtom_next=7,992.62 kg

======================================================
======================= ITER 3 =======================
Reynolds_number: 11,112,677
Stack prop output power: 755 kW, Pcomp: 38.9 kW
Cell efficiency: 0.300, Output efficiency: 0.271
mdot_h2: 18.77 g/s
Reynolds_number: 11,112,677
Stack prop output power: 755 kW, Pcomp: 38.9 kW
Cell efficiency: 0.300, Output efficiency: 0.271
mdot_h2: 18.77 g/s
Reynolds_number: 11,112,677
Stack prop output power: 562 kW, Pcomp: 5.1 kW
Cell efficiency: 0.281, Output efficiency: 0.264
mdot_h2: 14.31 g/s
Reynolds_number: 11,112,677
Stack prop output power: 562 kW, Pcomp: 5.1 kW
Cell efficiency: 0.281, Output efficiency: 0.264
mdot_h2: 14.31 g/s
Reynolds_number: 11,112,677
Stack prop output power: 562 kW, Pcomp: 29.0 kW
Cell efficiency: 0.300, Output efficiency: 0.271
mdot_h2: 13.97 g/s

-----------------------
ptotal_climb: 1,990 kW, mtom_est: 7,992 kg, mtom: 7,993 kg, residual: -1.11 kg

Reynolds_number: 11,112,677
Stack prop output power: 755 kW, Pcomp: 38.9 kW
Cell efficiency: 0.300, Output efficiency: 0.271
mdot_h2: 18.77 g/s
Reynolds_number: 11,112,677
Stack prop output power: 755 kW, Pcomp: 38.9 kW
Cell efficiency: 0.300, Output efficiency: 0.271
mdot_h2: 18.77 g/s
Reynolds_number: 6,709,346
Stack prop output power: 562 kW, Pcomp: 4.9 kW
Cell efficiency: 0.305, Output efficiency: 0.287
mdot_h2: 13.18 g/s
Reynolds_number: 6,709,346
Stack prop output power: 562 kW, Pcomp: 4.9 kW
Cell efficiency: 0.305, Output efficiency: 0.287
mdot_h2: 13.18 g/s

CONVERGED
======================================================
======================= ITER 1 =======================
Reynolds_number: 11,112,677
Stack prop output power: 766 kW, Pcomp: 39.5 kW
Cell efficiency: 0.300, Output efficiency: 0.271
mdot_h2: 19.06 g/s
Reynolds_number: 11,112,677
Stack prop output power: 766 kW, Pcomp: 39.5 kW
Cell efficiency: 0.300, Output efficiency: 0.271
mdot_h2: 19.06 g/s
Reynolds_number: 11,112,677
Stack prop output power: 570 kW, Pcomp: 5.1 kW
Cell efficiency: 0.281, Output efficiency: 0.264
mdot_h2: 14.53 g/s
Reynolds_number: 11,112,677
Stack prop output power: 570 kW, Pcomp: 5.1 kW
Cell efficiency: 0.281, Output efficiency: 0.264
mdot_h2: 14.53 g/s
Reynolds_number: 11,112,677
Stack prop output power: 570 kW, Pcomp: 29.4 kW
Cell efficiency: 0.300, Output efficiency: 0.271
mdot_h2: 14.18 g/s

-----------------------
ptotal_climb: 2,020 kW, mtom_est: 8,055 kg, mtom: 7,992 kg, residual: +63.98 kg

MTOM update: fixed_point_fallback, relax=1.000 -> mtom_next=8,023.50 kg

======================================================
======================= ITER 2 =======================
Reynolds_number: 11,112,677
Stack prop output power: 770 kW, Pcomp: 39.7 kW
Cell efficiency: 0.300, Output efficiency: 0.271
mdot_h2: 19.13 g/s
Reynolds_number: 11,112,677
Stack prop output power: 770 kW, Pcomp: 39.7 kW
Cell efficiency: 0.300, Output efficiency: 0.271
mdot_h2: 19.13 g/s
Reynolds_number: 11,112,677
Stack prop output power: 573 kW, Pcomp: 5.1 kW
Cell efficiency: 0.281, Output efficiency: 0.264
mdot_h2: 14.58 g/s
Reynolds_number: 11,112,677
Stack prop output power: 573 kW, Pcomp: 5.1 kW
Cell efficiency: 0.281, Output efficiency: 0.264
mdot_h2: 14.58 g/s
Reynolds_number: 11,112,677
Stack prop output power: 573 kW, Pcomp: 29.5 kW
Cell efficiency: 0.300, Output efficiency: 0.271
mdot_h2: 14.24 g/s

-----------------------
ptotal_climb: 2,028 kW, mtom_est: 8,081 kg, mtom: 8,024 kg, residual: +57.70 kg

MTOM update: newton, relax=1.000 -> mtom_next=8,317.23 kg

======================================================
======================= ITER 3 =======================
Reynolds_number: 11,112,677
Stack prop output power: 798 kW, Pcomp: 41.1 kW
Cell efficiency: 0.300, Output efficiency: 0.271
mdot_h2: 19.83 g/s
Reynolds_number: 11,112,677
Stack prop output power: 798 kW, Pcomp: 41.1 kW
Cell efficiency: 0.300, Output efficiency: 0.271
mdot_h2: 19.83 g/s
Reynolds_number: 11,112,677
Stack prop output power: 594 kW, Pcomp: 5.3 kW
Cell efficiency: 0.281, Output efficiency: 0.264
mdot_h2: 15.12 g/s
Reynolds_number: 11,112,677
Stack prop output power: 594 kW, Pcomp: 5.3 kW
Cell efficiency: 0.281, Output efficiency: 0.264
mdot_h2: 15.12 g/s
Reynolds_number: 11,112,677
Stack prop output power: 594 kW, Pcomp: 30.6 kW
Cell efficiency: 0.300, Output efficiency: 0.271
mdot_h2: 14.76 g/s

-----------------------
ptotal_climb: 2,102 kW, mtom_est: 8,315 kg, mtom: 8,317 kg, residual: -2.18 kg

Reynolds_number: 11,112,677
Stack prop output power: 798 kW, Pcomp: 41.1 kW
Cell efficiency: 0.300, Output efficiency: 0.271
mdot_h2: 19.83 g/s
Reynolds_number: 11,112,677
Stack prop output power: 798 kW, Pcomp: 41.1 kW
Cell efficiency: 0.300, Output efficiency: 0.271
mdot_h2: 19.83 g/s
Reynolds_number: 6,709,346
Stack prop output power: 594 kW, Pcomp: 5.2 kW
Cell efficiency: 0.305, Output efficiency: 0.287
mdot_h2: 13.92 g/s
Reynolds_number: 6,709,346
Stack prop output power: 594 kW, Pcomp: 5.2 kW
Cell efficiency: 0.305, Output efficiency: 0.287
mdot_h2: 13.92 g/s

CONVERGED
======================================================
======================= ITER 1 =======================
Reynolds_number: 11,112,677
Stack prop output power: 823 kW, Pcomp: 42.5 kW
Cell efficiency: 0.300, Output efficiency: 0.271
mdot_h2: 20.47 g/s
Reynolds_number: 11,112,677
Stack prop output power: 823 kW, Pcomp: 42.5 kW
Cell efficiency: 0.300, Output efficiency: 0.271
mdot_h2: 20.47 g/s
Reynolds_number: 11,112,677
Stack prop output power: 613 kW, Pcomp: 5.5 kW
Cell efficiency: 0.281, Output efficiency: 0.264
mdot_h2: 15.60 g/s
Reynolds_number: 11,112,677
Stack prop output power: 613 kW, Pcomp: 5.5 kW
Cell efficiency: 0.281, Output efficiency: 0.264
mdot_h2: 15.60 g/s
Reynolds_number: 11,112,677
Stack prop output power: 613 kW, Pcomp: 31.6 kW
Cell efficiency: 0.300, Output efficiency: 0.271
mdot_h2: 15.23 g/s

-----------------------
ptotal_climb: 2,169 kW, mtom_est: 8,475 kg, mtom: 8,315 kg, residual: +160.36 kg

MTOM update: fixed_point_fallback, relax=1.000 -> mtom_next=8,395.24 kg

======================================================
======================= ITER 2 =======================
Reynolds_number: 11,112,677
Stack prop output power: 831 kW, Pcomp: 42.9 kW
Cell efficiency: 0.300, Output efficiency: 0.271
mdot_h2: 20.66 g/s
Reynolds_number: 11,112,677
Stack prop output power: 831 kW, Pcomp: 42.9 kW
Cell efficiency: 0.300, Output efficiency: 0.271
mdot_h2: 20.66 g/s
Reynolds_number: 11,112,677
Stack prop output power: 619 kW, Pcomp: 5.6 kW
Cell efficiency: 0.281, Output efficiency: 0.264
mdot_h2: 15.75 g/s
Reynolds_number: 11,112,677
Stack prop output power: 619 kW, Pcomp: 5.6 kW
Cell efficiency: 0.281, Output efficiency: 0.264
mdot_h2: 15.75 g/s
Reynolds_number: 11,112,677
Stack prop output power: 619 kW, Pcomp: 31.9 kW
Cell efficiency: 0.300, Output efficiency: 0.271
mdot_h2: 15.38 g/s

-----------------------
ptotal_climb: 2,190 kW, mtom_est: 8,541 kg, mtom: 8,395 kg, residual: +145.73 kg

MTOM update: newton, relax=1.000 -> mtom_next=9,193.81 kg

======================================================
======================= ITER 3 =======================
Reynolds_number: 11,112,677
Stack prop output power: 910 kW, Pcomp: 46.9 kW
Cell efficiency: 0.300, Output efficiency: 0.271
mdot_h2: 22.63 g/s
Reynolds_number: 11,112,677
Stack prop output power: 910 kW, Pcomp: 46.9 kW
Cell efficiency: 0.300, Output efficiency: 0.271
mdot_h2: 22.63 g/s
Reynolds_number: 11,112,677
Stack prop output power: 677 kW, Pcomp: 6.1 kW
Cell efficiency: 0.281, Output efficiency: 0.264
mdot_h2: 17.25 g/s
Reynolds_number: 11,112,677
Stack prop output power: 677 kW, Pcomp: 6.1 kW
Cell efficiency: 0.281, Output efficiency: 0.264
mdot_h2: 17.25 g/s
Reynolds_number: 11,112,677
Stack prop output power: 677 kW, Pcomp: 34.9 kW
Cell efficiency: 0.300, Output efficiency: 0.271
mdot_h2: 16.84 g/s

-----------------------
ptotal_climb: 2,398 kW, mtom_est: 9,195 kg, mtom: 9,194 kg, residual: +0.79 kg

Reynolds_number: 11,112,677
Stack prop output power: 910 kW, Pcomp: 46.9 kW
Cell efficiency: 0.300, Output efficiency: 0.271
mdot_h2: 22.63 g/s
Reynolds_number: 11,112,677
Stack prop output power: 910 kW, Pcomp: 46.9 kW
Cell efficiency: 0.300, Output efficiency: 0.271
mdot_h2: 22.63 g/s
Reynolds_number: 6,709,346
Stack prop output power: 677 kW, Pcomp: 5.9 kW
Cell efficiency: 0.305, Output efficiency: 0.287
mdot_h2: 15.88 g/s
Reynolds_number: 6,709,346
Stack prop output power: 677 kW, Pcomp: 5.9 kW
Cell efficiency: 0.305, Output efficiency: 0.287
mdot_h2: 15.88 g/s

CONVERGED
======================================================
======================= ITER 1 =======================
Reynolds_number: 11,112,677
Stack prop output power: 939 kW, Pcomp: 48.4 kW
Cell efficiency: 0.300, Output efficiency: 0.271
mdot_h2: 23.34 g/s
Reynolds_number: 11,112,677
Stack prop output power: 939 kW, Pcomp: 48.4 kW
Cell efficiency: 0.300, Output efficiency: 0.271
mdot_h2: 23.34 g/s
Reynolds_number: 11,112,677
Stack prop output power: 699 kW, Pcomp: 6.3 kW
Cell efficiency: 0.281, Output efficiency: 0.264
mdot_h2: 17.79 g/s
Reynolds_number: 11,112,677
Stack prop output power: 699 kW, Pcomp: 6.3 kW
Cell efficiency: 0.281, Output efficiency: 0.264
mdot_h2: 17.79 g/s
Reynolds_number: 11,112,677
Stack prop output power: 699 kW, Pcomp: 36.0 kW
Cell efficiency: 0.300, Output efficiency: 0.271
mdot_h2: 17.37 g/s

-----------------------
ptotal_climb: 2,474 kW, mtom_est: 9,378 kg, mtom: 9,195 kg, residual: +183.19 kg

MTOM update: fixed_point_fallback, relax=1.000 -> mtom_next=9,286.20 kg

======================================================
======================= ITER 2 =======================
Reynolds_number: 11,112,677
Stack prop output power: 948 kW, Pcomp: 48.9 kW
Cell efficiency: 0.300, Output efficiency: 0.271
mdot_h2: 23.58 g/s
Reynolds_number: 11,112,677
Stack prop output power: 948 kW, Pcomp: 48.9 kW
Cell efficiency: 0.300, Output efficiency: 0.271
mdot_h2: 23.58 g/s
Reynolds_number: 11,112,677
Stack prop output power: 706 kW, Pcomp: 6.3 kW
Cell efficiency: 0.281, Output efficiency: 0.264
mdot_h2: 17.97 g/s
Reynolds_number: 11,112,677
Stack prop output power: 706 kW, Pcomp: 6.3 kW
Cell efficiency: 0.281, Output efficiency: 0.264
mdot_h2: 17.97 g/s
Reynolds_number: 11,112,677
Stack prop output power: 706 kW, Pcomp: 36.4 kW
Cell efficiency: 0.300, Output efficiency: 0.271
mdot_h2: 17.55 g/s

-----------------------
ptotal_climb: 2,499 kW, mtom_est: 9,459 kg, mtom: 9,286 kg, residual: +172.91 kg

MTOM update: newton, relax=1.000 -> mtom_next=10,214.82 kg

======================================================
======================= ITER 3 =======================
Reynolds_number: 11,112,677
Stack prop output power: 1,043 kW, Pcomp: 53.8 kW
Cell efficiency: 0.300, Output efficiency: 0.271
mdot_h2: 25.93 g/s
Reynolds_number: 11,112,677
Stack prop output power: 1,043 kW, Pcomp: 53.8 kW
Cell efficiency: 0.300, Output efficiency: 0.271
mdot_h2: 25.93 g/s
Reynolds_number: 11,112,677
Stack prop output power: 776 kW, Pcomp: 7.0 kW
Cell efficiency: 0.281, Output efficiency: 0.264
mdot_h2: 19.77 g/s
Reynolds_number: 11,112,677
Stack prop output power: 776 kW, Pcomp: 7.0 kW
Cell efficiency: 0.281, Output efficiency: 0.264
mdot_h2: 19.77 g/s
Reynolds_number: 11,112,677
Stack prop output power: 776 kW, Pcomp: 40.0 kW
Cell efficiency: 0.300, Output efficiency: 0.271
mdot_h2: 19.30 g/s

-----------------------
ptotal_climb: 2,749 kW, mtom_est: 10,236 kg, mtom: 10,215 kg, residual: +20.98 kg

MTOM update: newton, relax=1.000 -> mtom_next=10,343.05 kg

======================================================
======================= ITER 4 =======================
Reynolds_number: 11,112,677
Stack prop output power: 1,056 kW, Pcomp: 54.5 kW
Cell efficiency: 0.300, Output efficiency: 0.271
mdot_h2: 26.26 g/s
Reynolds_number: 11,112,677
Stack prop output power: 1,056 kW, Pcomp: 54.5 kW
Cell efficiency: 0.300, Output efficiency: 0.271
mdot_h2: 26.26 g/s
Reynolds_number: 11,112,677
Stack prop output power: 786 kW, Pcomp: 7.1 kW
Cell efficiency: 0.281, Output efficiency: 0.264
mdot_h2: 20.02 g/s
Reynolds_number: 11,112,677
Stack prop output power: 786 kW, Pcomp: 7.1 kW
Cell efficiency: 0.281, Output efficiency: 0.264
mdot_h2: 20.02 g/s
Reynolds_number: 11,112,677
Stack prop output power: 786 kW, Pcomp: 40.5 kW
Cell efficiency: 0.300, Output efficiency: 0.271
mdot_h2: 19.54 g/s

-----------------------
ptotal_climb: 2,783 kW, mtom_est: 10,344 kg, mtom: 10,343 kg, residual: +1.10 kg

Reynolds_number: 11,112,677
Stack prop output power: 1,056 kW, Pcomp: 54.5 kW
Cell efficiency: 0.300, Output efficiency: 0.271
mdot_h2: 26.26 g/s
Reynolds_number: 11,112,677
Stack prop output power: 1,056 kW, Pcomp: 54.5 kW
Cell efficiency: 0.300, Output efficiency: 0.271
mdot_h2: 26.26 g/s
Reynolds_number: 6,709,346
Stack prop output power: 786 kW, Pcomp: 6.8 kW
Cell efficiency: 0.305, Output efficiency: 0.287
mdot_h2: 18.43 g/s
Reynolds_number: 6,709,346
Stack prop output power: 786 kW, Pcomp: 6.8 kW
Cell efficiency: 0.305, Output efficiency: 0.287
mdot_h2: 18.43 g/s

CONVERGED
======================================================
======================= ITER 1 =======================
Reynolds_number: 11,112,677
Stack prop output power: 1,089 kW, Pcomp: 56.2 kW
Cell efficiency: 0.300, Output efficiency: 0.271
mdot_h2: 27.07 g/s
Reynolds_number: 11,112,677
Stack prop output power: 1,089 kW, Pcomp: 56.2 kW
Cell efficiency: 0.300, Output efficiency: 0.271
mdot_h2: 27.07 g/s
Reynolds_number: 11,112,677
Stack prop output power: 810 kW, Pcomp: 7.3 kW
Cell efficiency: 0.281, Output efficiency: 0.264
mdot_h2: 20.64 g/s
Reynolds_number: 11,112,677
Stack prop output power: 810 kW, Pcomp: 7.3 kW
Cell efficiency: 0.281, Output efficiency: 0.264
mdot_h2: 20.64 g/s
Reynolds_number: 11,112,677
Stack prop output power: 810 kW, Pcomp: 41.8 kW
Cell efficiency: 0.300, Output efficiency: 0.271
mdot_h2: 20.15 g/s

-----------------------
ptotal_climb: 2,869 kW, mtom_est: 10,553 kg, mtom: 10,344 kg, residual: +208.58 kg

MTOM update: fixed_point_fallback, relax=1.000 -> mtom_next=10,448.44 kg

======================================================
======================= ITER 2 =======================
Reynolds_number: 11,112,677
Stack prop output power: 1,100 kW, Pcomp: 56.7 kW
Cell efficiency: 0.300, Output efficiency: 0.271
mdot_h2: 27.34 g/s
Reynolds_number: 11,112,677
Stack prop output power: 1,100 kW, Pcomp: 56.7 kW
Cell efficiency: 0.300, Output efficiency: 0.271
mdot_h2: 27.34 g/s
Reynolds_number: 11,112,677
Stack prop output power: 819 kW, Pcomp: 7.4 kW
Cell efficiency: 0.281, Output efficiency: 0.264
mdot_h2: 20.84 g/s
Reynolds_number: 11,112,677
Stack prop output power: 819 kW, Pcomp: 7.4 kW
Cell efficiency: 0.281, Output efficiency: 0.264
mdot_h2: 20.84 g/s
Reynolds_number: 11,112,677
Stack prop output power: 819 kW, Pcomp: 42.2 kW
Cell efficiency: 0.300, Output efficiency: 0.271
mdot_h2: 20.35 g/s

-----------------------
ptotal_climb: 2,898 kW, mtom_est: 10,642 kg, mtom: 10,448 kg, residual: +193.93 kg

MTOM update: newton, relax=1.000 -> mtom_next=11,493.28 kg

======================================================
======================= ITER 3 =======================
Reynolds_number: 11,112,677
Stack prop output power: 1,210 kW, Pcomp: 62.4 kW
Cell efficiency: 0.300, Output efficiency: 0.271
mdot_h2: 30.08 g/s
Reynolds_number: 11,112,677
Stack prop output power: 1,210 kW, Pcomp: 62.4 kW
Cell efficiency: 0.300, Output efficiency: 0.271
mdot_h2: 30.08 g/s
Reynolds_number: 11,112,677
Stack prop output power: 900 kW, Pcomp: 8.1 kW
Cell efficiency: 0.281, Output efficiency: 0.264
mdot_h2: 22.93 g/s
Reynolds_number: 11,112,677
Stack prop output power: 900 kW, Pcomp: 8.1 kW
Cell efficiency: 0.281, Output efficiency: 0.264
mdot_h2: 22.93 g/s
Reynolds_number: 11,112,677
Stack prop output power: 900 kW, Pcomp: 46.4 kW
Cell efficiency: 0.300, Output efficiency: 0.271
mdot_h2: 22.39 g/s

-----------------------
ptotal_climb: 3,188 kW, mtom_est: 11,547 kg, mtom: 11,493 kg, residual: +53.96 kg

MTOM update: newton, relax=1.000 -> mtom_next=11,896.12 kg

======================================================
======================= ITER 4 =======================
Reynolds_number: 11,112,677
Stack prop output power: 1,252 kW, Pcomp: 64.6 kW
Cell efficiency: 0.300, Output efficiency: 0.271
mdot_h2: 31.13 g/s
Reynolds_number: 11,112,677
Stack prop output power: 1,252 kW, Pcomp: 64.6 kW
Cell efficiency: 0.300, Output efficiency: 0.271
mdot_h2: 31.13 g/s
Reynolds_number: 11,112,677
Stack prop output power: 932 kW, Pcomp: 8.4 kW
Cell efficiency: 0.281, Output efficiency: 0.264
mdot_h2: 23.73 g/s
Reynolds_number: 11,112,677
Stack prop output power: 932 kW, Pcomp: 8.4 kW
Cell efficiency: 0.281, Output efficiency: 0.264
mdot_h2: 23.73 g/s
Reynolds_number: 11,112,677
Stack prop output power: 932 kW, Pcomp: 48.1 kW
Cell efficiency: 0.300, Output efficiency: 0.271
mdot_h2: 23.17 g/s

-----------------------
ptotal_climb: 3,300 kW, mtom_est: 11,896 kg, mtom: 11,896 kg, residual: +0.10 kg

Reynolds_number: 11,112,677
Stack prop output power: 1,252 kW, Pcomp: 64.6 kW
Cell efficiency: 0.300, Output efficiency: 0.271
mdot_h2: 31.13 g/s
Reynolds_number: 11,112,677
Stack prop output power: 1,252 kW, Pcomp: 64.6 kW
Cell efficiency: 0.300, Output efficiency: 0.271
mdot_h2: 31.13 g/s
Reynolds_number: 6,709,346
Stack prop output power: 932 kW, Pcomp: 8.1 kW
Cell efficiency: 0.305, Output efficiency: 0.287
mdot_h2: 21.85 g/s
Reynolds_number: 6,709,346
Stack prop output power: 932 kW, Pcomp: 8.1 kW
Cell efficiency: 0.305, Output efficiency: 0.287
mdot_h2: 21.85 g/s

CONVERGED
======================================================
======================= ITER 1 =======================
Reynolds_number: 11,112,677
Stack prop output power: 1,290 kW, Pcomp: 66.5 kW
Cell efficiency: 0.300, Output efficiency: 0.271
mdot_h2: 32.07 g/s
Reynolds_number: 11,112,677
Stack prop output power: 1,290 kW, Pcomp: 66.5 kW
Cell efficiency: 0.300, Output efficiency: 0.271
mdot_h2: 32.07 g/s
Reynolds_number: 11,112,677
Stack prop output power: 960 kW, Pcomp: 8.6 kW
Cell efficiency: 0.281, Output efficiency: 0.264
mdot_h2: 24.45 g/s
Reynolds_number: 11,112,677
Stack prop output power: 960 kW, Pcomp: 8.6 kW
Cell efficiency: 0.281, Output efficiency: 0.264
mdot_h2: 24.45 g/s
Reynolds_number: 11,112,677
Stack prop output power: 960 kW, Pcomp: 49.5 kW
Cell efficiency: 0.300, Output efficiency: 0.271
mdot_h2: 23.87 g/s

-----------------------
ptotal_climb: 3,399 kW, mtom_est: 12,138 kg, mtom: 11,896 kg, residual: +241.49 kg

MTOM update: fixed_point_fallback, relax=1.000 -> mtom_next=12,016.96 kg

======================================================
======================= ITER 2 =======================
Reynolds_number: 11,112,677
Stack prop output power: 1,303 kW, Pcomp: 67.2 kW
Cell efficiency: 0.300, Output efficiency: 0.271
mdot_h2: 32.40 g/s
Reynolds_number: 11,112,677
Stack prop output power: 1,303 kW, Pcomp: 67.2 kW
Cell efficiency: 0.300, Output efficiency: 0.271
mdot_h2: 32.40 g/s
Reynolds_number: 11,112,677
Stack prop output power: 970 kW, Pcomp: 8.7 kW
Cell efficiency: 0.281, Output efficiency: 0.264
mdot_h2: 24.70 g/s
Reynolds_number: 11,112,677
Stack prop output power: 970 kW, Pcomp: 8.7 kW
Cell efficiency: 0.281, Output efficiency: 0.264
mdot_h2: 24.70 g/s
Reynolds_number: 11,112,677
Stack prop output power: 970 kW, Pcomp: 50.0 kW
Cell efficiency: 0.300, Output efficiency: 0.271
mdot_h2: 24.11 g/s

-----------------------
ptotal_climb: 3,434 kW, mtom_est: 12,246 kg, mtom: 12,017 kg, residual: +228.76 kg

MTOM update: newton, relax=1.000 -> mtom_next=13,218.66 kg

======================================================
======================= ITER 3 =======================
Reynolds_number: 11,112,677
Stack prop output power: 1,433 kW, Pcomp: 73.9 kW
Cell efficiency: 0.300, Output efficiency: 0.271
mdot_h2: 35.64 g/s
Reynolds_number: 11,112,677
Stack prop output power: 1,433 kW, Pcomp: 73.9 kW
Cell efficiency: 0.300, Output efficiency: 0.271
mdot_h2: 35.64 g/s
Reynolds_number: 11,112,677
Stack prop output power: 1,067 kW, Pcomp: 9.6 kW
Cell efficiency: 0.281, Output efficiency: 0.264
mdot_h2: 27.17 g/s
Reynolds_number: 11,112,677
Stack prop output power: 1,067 kW, Pcomp: 9.6 kW
Cell efficiency: 0.281, Output efficiency: 0.264
mdot_h2: 27.17 g/s
Reynolds_number: 11,112,677
Stack prop output power: 1,067 kW, Pcomp: 55.0 kW
Cell efficiency: 0.300, Output efficiency: 0.271
mdot_h2: 26.53 g/s

-----------------------
ptotal_climb: 3,777 kW, mtom_est: 13,317 kg, mtom: 13,219 kg, residual: +98.49 kg

MTOM update: newton, relax=1.000 -> mtom_next=14,127.19 kg

======================================================
======================= ITER 4 =======================
Reynolds_number: 11,112,677
Stack prop output power: 1,532 kW, Pcomp: 79.0 kW
Cell efficiency: 0.300, Output efficiency: 0.271
mdot_h2: 38.09 g/s
Reynolds_number: 11,112,677
Stack prop output power: 1,532 kW, Pcomp: 79.0 kW
Cell efficiency: 0.300, Output efficiency: 0.271
mdot_h2: 38.09 g/s
Reynolds_number: 11,112,677
Stack prop output power: 1,140 kW, Pcomp: 10.2 kW
Cell efficiency: 0.281, Output efficiency: 0.264
mdot_h2: 29.03 g/s
Reynolds_number: 11,112,677
Stack prop output power: 1,140 kW, Pcomp: 10.2 kW
Cell efficiency: 0.281, Output efficiency: 0.264
mdot_h2: 29.03 g/s
Reynolds_number: 11,112,677
Stack prop output power: 1,140 kW, Pcomp: 58.8 kW
Cell efficiency: 0.300, Output efficiency: 0.271
mdot_h2: 28.35 g/s

-----------------------
ptotal_climb: 4,037 kW, mtom_est: 14,116 kg, mtom: 14,127 kg, residual: -10.85 kg

MTOM update: newton, relax=1.000 -> mtom_next=14,037.02 kg

======================================================
======================= ITER 5 =======================
Reynolds_number: 11,112,677
Stack prop output power: 1,522 kW, Pcomp: 78.5 kW
Cell efficiency: 0.300, Output efficiency: 0.271
mdot_h2: 37.85 g/s
Reynolds_number: 11,112,677
Stack prop output power: 1,522 kW, Pcomp: 78.5 kW
Cell efficiency: 0.300, Output efficiency: 0.271
mdot_h2: 37.85 g/s
Reynolds_number: 11,112,677
Stack prop output power: 1,133 kW, Pcomp: 10.2 kW
Cell efficiency: 0.281, Output efficiency: 0.264
mdot_h2: 28.85 g/s
Reynolds_number: 11,112,677
Stack prop output power: 1,133 kW, Pcomp: 10.2 kW
Cell efficiency: 0.281, Output efficiency: 0.264
mdot_h2: 28.85 g/s
Reynolds_number: 11,112,677
Stack prop output power: 1,133 kW, Pcomp: 58.4 kW
Cell efficiency: 0.300, Output efficiency: 0.271
mdot_h2: 28.17 g/s

-----------------------
ptotal_climb: 4,011 kW, mtom_est: 14,049 kg, mtom: 14,037 kg, residual: +11.66 kg

MTOM update: newton, relax=0.300 -> mtom_next=14,051.03 kg

======================================================
======================= ITER 6 =======================
Reynolds_number: 11,112,677
Stack prop output power: 1,524 kW, Pcomp: 78.6 kW
Cell efficiency: 0.300, Output efficiency: 0.271
mdot_h2: 37.88 g/s
Reynolds_number: 11,112,677
Stack prop output power: 1,524 kW, Pcomp: 78.6 kW
Cell efficiency: 0.300, Output efficiency: 0.271
mdot_h2: 37.88 g/s
Reynolds_number: 11,112,677
Stack prop output power: 1,134 kW, Pcomp: 10.2 kW
Cell efficiency: 0.281, Output efficiency: 0.264
mdot_h2: 28.88 g/s
Reynolds_number: 11,112,677
Stack prop output power: 1,134 kW, Pcomp: 10.2 kW
Cell efficiency: 0.281, Output efficiency: 0.264
mdot_h2: 28.88 g/s
Reynolds_number: 11,112,677
Stack prop output power: 1,134 kW, Pcomp: 58.5 kW
Cell efficiency: 0.300, Output efficiency: 0.271
mdot_h2: 28.20 g/s

-----------------------
ptotal_climb: 4,015 kW, mtom_est: 14,061 kg, mtom: 14,051 kg, residual: +9.76 kg

MTOM update: newton, relax=0.360 -> mtom_next=14,076.99 kg

======================================================
======================= ITER 7 =======================
Reynolds_number: 11,112,677
Stack prop output power: 1,527 kW, Pcomp: 78.7 kW
Cell efficiency: 0.300, Output efficiency: 0.271
mdot_h2: 37.95 g/s
Reynolds_number: 11,112,677
Stack prop output power: 1,527 kW, Pcomp: 78.7 kW
Cell efficiency: 0.300, Output efficiency: 0.271
mdot_h2: 37.95 g/s
Reynolds_number: 11,112,677
Stack prop output power: 1,136 kW, Pcomp: 10.2 kW
Cell efficiency: 0.281, Output efficiency: 0.264
mdot_h2: 28.93 g/s
Reynolds_number: 11,112,677
Stack prop output power: 1,136 kW, Pcomp: 10.2 kW
Cell efficiency: 0.281, Output efficiency: 0.264
mdot_h2: 28.93 g/s
Reynolds_number: 11,112,677
Stack prop output power: 1,136 kW, Pcomp: 58.6 kW
Cell efficiency: 0.300, Output efficiency: 0.271
mdot_h2: 28.25 g/s

-----------------------
ptotal_climb: 4,022 kW, mtom_est: 14,085 kg, mtom: 14,077 kg, residual: +7.83 kg

MTOM update: newton, relax=0.432 -> mtom_next=14,122.46 kg

======================================================
======================= ITER 8 =======================
Reynolds_number: 11,112,677
Stack prop output power: 1,531 kW, Pcomp: 79.0 kW
Cell efficiency: 0.300, Output efficiency: 0.271
mdot_h2: 38.08 g/s
Reynolds_number: 11,112,677
Stack prop output power: 1,531 kW, Pcomp: 79.0 kW
Cell efficiency: 0.300, Output efficiency: 0.271
mdot_h2: 38.08 g/s
Reynolds_number: 11,112,677
Stack prop output power: 1,140 kW, Pcomp: 10.2 kW
Cell efficiency: 0.281, Output efficiency: 0.264
mdot_h2: 29.02 g/s
Reynolds_number: 11,112,677
Stack prop output power: 1,140 kW, Pcomp: 10.2 kW
Cell efficiency: 0.281, Output efficiency: 0.264
mdot_h2: 29.02 g/s
Reynolds_number: 11,112,677
Stack prop output power: 1,140 kW, Pcomp: 58.8 kW
Cell efficiency: 0.300, Output efficiency: 0.271
mdot_h2: 28.34 g/s

-----------------------
ptotal_climb: 4,035 kW, mtom_est: 14,111 kg, mtom: 14,122 kg, residual: -11.79 kg

MTOM update: newton, relax=0.130 -> mtom_next=14,118.91 kg

======================================================
======================= ITER 9 =======================
Reynolds_number: 11,112,677
Stack prop output power: 1,531 kW, Pcomp: 79.0 kW
Cell efficiency: 0.300, Output efficiency: 0.271
mdot_h2: 38.07 g/s
Reynolds_number: 11,112,677
Stack prop output power: 1,531 kW, Pcomp: 79.0 kW
Cell efficiency: 0.300, Output efficiency: 0.271
mdot_h2: 38.07 g/s
Reynolds_number: 11,112,677
Stack prop output power: 1,140 kW, Pcomp: 10.2 kW
Cell efficiency: 0.281, Output efficiency: 0.264
mdot_h2: 29.02 g/s
Reynolds_number: 11,112,677
Stack prop output power: 1,140 kW, Pcomp: 10.2 kW
Cell efficiency: 0.281, Output efficiency: 0.264
mdot_h2: 29.02 g/s
Reynolds_number: 11,112,677
Stack prop output power: 1,140 kW, Pcomp: 58.8 kW
Cell efficiency: 0.300, Output efficiency: 0.271
mdot_h2: 28.33 g/s

-----------------------
ptotal_climb: 4,034 kW, mtom_est: 14,108 kg, mtom: 14,119 kg, residual: -11.31 kg

MTOM update: newton, relax=0.156 -> mtom_next=14,105.93 kg

======================================================
======================= ITER 10 =======================
Reynolds_number: 11,112,677
Stack prop output power: 1,530 kW, Pcomp: 78.9 kW
Cell efficiency: 0.300, Output efficiency: 0.271
mdot_h2: 38.03 g/s
Reynolds_number: 11,112,677
Stack prop output power: 1,530 kW, Pcomp: 78.9 kW
Cell efficiency: 0.300, Output efficiency: 0.271
mdot_h2: 38.03 g/s
Reynolds_number: 11,112,677
Stack prop output power: 1,138 kW, Pcomp: 10.2 kW
Cell efficiency: 0.281, Output efficiency: 0.264
mdot_h2: 28.99 g/s
Reynolds_number: 11,112,677
Stack prop output power: 1,138 kW, Pcomp: 10.2 kW
Cell efficiency: 0.281, Output efficiency: 0.264
mdot_h2: 28.99 g/s
Reynolds_number: 11,112,677
Stack prop output power: 1,138 kW, Pcomp: 58.7 kW
Cell efficiency: 0.300, Output efficiency: 0.271
mdot_h2: 28.31 g/s

-----------------------
ptotal_climb: 4,031 kW, mtom_est: 14,110 kg, mtom: 14,106 kg, residual: +3.92 kg

Reynolds_number: 11,112,677
Stack prop output power: 1,530 kW, Pcomp: 78.9 kW
Cell efficiency: 0.300, Output efficiency: 0.271
mdot_h2: 38.03 g/s
Reynolds_number: 11,112,677
Stack prop output power: 1,530 kW, Pcomp: 78.9 kW
Cell efficiency: 0.300, Output efficiency: 0.271
mdot_h2: 38.03 g/s
Reynolds_number: 6,709,346
Stack prop output power: 1,138 kW, Pcomp: 9.9 kW
Cell efficiency: 0.305, Output efficiency: 0.287
mdot_h2: 26.70 g/s
Reynolds_number: 6,709,346
Stack prop output power: 1,138 kW, Pcomp: 9.9 kW
Cell efficiency: 0.305, Output efficiency: 0.287
mdot_h2: 26.70 g/s

CONVERGED
======================================================
======================= ITER 1 =======================
Reynolds_number: 11,112,677
Stack prop output power: 1,575 kW, Pcomp: 81.2 kW
Cell efficiency: 0.300, Output efficiency: 0.271
mdot_h2: 39.17 g/s
Reynolds_number: 11,112,677
Stack prop output power: 1,575 kW, Pcomp: 81.2 kW
Cell efficiency: 0.300, Output efficiency: 0.271
mdot_h2: 39.17 g/s
Reynolds_number: 11,112,677
Stack prop output power: 1,173 kW, Pcomp: 10.5 kW
Cell efficiency: 0.281, Output efficiency: 0.264
mdot_h2: 29.86 g/s
Reynolds_number: 11,112,677
Stack prop output power: 1,173 kW, Pcomp: 10.5 kW
Cell efficiency: 0.281, Output efficiency: 0.264
mdot_h2: 29.86 g/s
Reynolds_number: 11,112,677
Stack prop output power: 1,173 kW, Pcomp: 60.5 kW
Cell efficiency: 0.300, Output efficiency: 0.271
mdot_h2: 29.15 g/s

-----------------------
ptotal_climb: 4,151 kW, mtom_est: 14,408 kg, mtom: 14,110 kg, residual: +297.96 kg

MTOM update: fixed_point_fallback, relax=1.000 -> mtom_next=14,258.83 kg

======================================================
======================= ITER 2 =======================
Reynolds_number: 11,112,677
Stack prop output power: 1,592 kW, Pcomp: 82.1 kW
Cell efficiency: 0.300, Output efficiency: 0.271
mdot_h2: 39.58 g/s
Reynolds_number: 11,112,677
Stack prop output power: 1,592 kW, Pcomp: 82.1 kW
Cell efficiency: 0.300, Output efficiency: 0.271
mdot_h2: 39.58 g/s
Reynolds_number: 11,112,677
Stack prop output power: 1,185 kW, Pcomp: 10.6 kW
Cell efficiency: 0.281, Output efficiency: 0.264
mdot_h2: 30.17 g/s
Reynolds_number: 11,112,677
Stack prop output power: 1,185 kW, Pcomp: 10.6 kW
Cell efficiency: 0.281, Output efficiency: 0.264
mdot_h2: 30.17 g/s
Reynolds_number: 11,112,677
Stack prop output power: 1,185 kW, Pcomp: 61.1 kW
Cell efficiency: 0.300, Output efficiency: 0.271
mdot_h2: 29.46 g/s

-----------------------
ptotal_climb: 4,195 kW, mtom_est: 14,541 kg, mtom: 14,259 kg, residual: +281.95 kg

MTOM update: newton, relax=1.000 -> mtom_next=15,684.71 kg

======================================================
======================= ITER 3 =======================
Reynolds_number: 11,112,677
Stack prop output power: 1,751 kW, Pcomp: 90.3 kW
Cell efficiency: 0.300, Output efficiency: 0.271
mdot_h2: 43.54 g/s
Reynolds_number: 11,112,677
Stack prop output power: 1,751 kW, Pcomp: 90.3 kW
Cell efficiency: 0.300, Output efficiency: 0.271
mdot_h2: 43.54 g/s
Reynolds_number: 11,112,677
Stack prop output power: 1,303 kW, Pcomp: 11.7 kW
Cell efficiency: 0.281, Output efficiency: 0.264
mdot_h2: 33.19 g/s
Reynolds_number: 11,112,677
Stack prop output power: 1,303 kW, Pcomp: 11.7 kW
Cell efficiency: 0.281, Output efficiency: 0.264
mdot_h2: 33.19 g/s
Reynolds_number: 11,112,677
Stack prop output power: 1,303 kW, Pcomp: 67.2 kW
Cell efficiency: 0.300, Output efficiency: 0.271
mdot_h2: 32.41 g/s

-----------------------
ptotal_climb: 4,615 kW, mtom_est: 15,854 kg, mtom: 15,685 kg, residual: +169.49 kg

MTOM update: newton, relax=1.000 -> mtom_next=17,253.18 kg

======================================================
======================= ITER 4 =======================
Reynolds_number: 11,112,677
Stack prop output power: 1,926 kW, Pcomp: 99.4 kW
Cell efficiency: 0.300, Output efficiency: 0.271
mdot_h2: 47.90 g/s
Reynolds_number: 11,112,677
Stack prop output power: 1,926 kW, Pcomp: 99.4 kW
Cell efficiency: 0.300, Output efficiency: 0.271
mdot_h2: 47.90 g/s
Reynolds_number: 11,112,677
Stack prop output power: 1,434 kW, Pcomp: 12.9 kW
Cell efficiency: 0.281, Output efficiency: 0.264
mdot_h2: 36.51 g/s
Reynolds_number: 11,112,677
Stack prop output power: 1,434 kW, Pcomp: 12.9 kW
Cell efficiency: 0.281, Output efficiency: 0.264
mdot_h2: 36.51 g/s
Reynolds_number: 11,112,677
Stack prop output power: 1,434 kW, Pcomp: 73.9 kW
Cell efficiency: 0.300, Output efficiency: 0.271
mdot_h2: 35.65 g/s

-----------------------
ptotal_climb: 5,076 kW, mtom_est: 17,298 kg, mtom: 17,253 kg, residual: +45.08 kg

MTOM update: newton, relax=1.000 -> mtom_next=17,821.56 kg

======================================================
======================= ITER 5 =======================
Reynolds_number: 11,112,677
Stack prop output power: 1,990 kW, Pcomp: 102.6 kW
Cell efficiency: 0.300, Output efficiency: 0.271
mdot_h2: 49.47 g/s
Reynolds_number: 11,112,677
Stack prop output power: 1,990 kW, Pcomp: 102.6 kW
Cell efficiency: 0.300, Output efficiency: 0.271
mdot_h2: 49.47 g/s
Reynolds_number: 11,112,677
Stack prop output power: 1,481 kW, Pcomp: 13.3 kW
Cell efficiency: 0.281, Output efficiency: 0.264
mdot_h2: 37.71 g/s
Reynolds_number: 11,112,677
Stack prop output power: 1,481 kW, Pcomp: 13.3 kW
Cell efficiency: 0.281, Output efficiency: 0.264
mdot_h2: 37.71 g/s
Reynolds_number: 11,112,677
Stack prop output power: 1,481 kW, Pcomp: 76.4 kW
Cell efficiency: 0.300, Output efficiency: 0.271
mdot_h2: 36.82 g/s

-----------------------
ptotal_climb: 5,243 kW, mtom_est: 17,824 kg, mtom: 17,822 kg, residual: +2.66 kg

Reynolds_number: 11,112,677
Stack prop output power: 1,990 kW, Pcomp: 102.6 kW
Cell efficiency: 0.300, Output efficiency: 0.271
mdot_h2: 49.47 g/s
Reynolds_number: 11,112,677
Stack prop output power: 1,990 kW, Pcomp: 102.6 kW
Cell efficiency: 0.300, Output efficiency: 0.271
mdot_h2: 49.47 g/s
Reynolds_number: 6,709,346
Stack prop output power: 1,481 kW, Pcomp: 12.9 kW
Cell efficiency: 0.305, Output efficiency: 0.287
mdot_h2: 34.73 g/s
Reynolds_number: 6,709,346
Stack prop output power: 1,481 kW, Pcomp: 12.9 kW
Cell efficiency: 0.305, Output efficiency: 0.287
mdot_h2: 34.73 g/s

CONVERGED
======================================================
======================= ITER 1 =======================
Reynolds_number: 11,112,677
Stack prop output power: 2,048 kW, Pcomp: 105.6 kW
Cell efficiency: 0.300, Output efficiency: 0.271
mdot_h2: 50.92 g/s
Reynolds_number: 11,112,677
Stack prop output power: 2,048 kW, Pcomp: 105.6 kW
Cell efficiency: 0.300, Output efficiency: 0.271
mdot_h2: 50.92 g/s
Reynolds_number: 11,112,677
Stack prop output power: 1,524 kW, Pcomp: 13.7 kW
Cell efficiency: 0.281, Output efficiency: 0.264
mdot_h2: 38.81 g/s
Reynolds_number: 11,112,677
Stack prop output power: 1,524 kW, Pcomp: 13.7 kW
Cell efficiency: 0.281, Output efficiency: 0.264
mdot_h2: 38.81 g/s
Reynolds_number: 11,112,677
Stack prop output power: 1,524 kW, Pcomp: 78.6 kW
Cell efficiency: 0.300, Output efficiency: 0.271
mdot_h2: 37.90 g/s

-----------------------
ptotal_climb: 5,396 kW, mtom_est: 18,206 kg, mtom: 17,824 kg, residual: +381.66 kg

MTOM update: fixed_point_fallback, relax=1.000 -> mtom_next=18,015.06 kg

======================================================
======================= ITER 2 =======================
Reynolds_number: 11,112,677
Stack prop output power: 2,070 kW, Pcomp: 106.8 kW
Cell efficiency: 0.300, Output efficiency: 0.271
mdot_h2: 51.46 g/s
Reynolds_number: 11,112,677
Stack prop output power: 2,070 kW, Pcomp: 106.8 kW
Cell efficiency: 0.300, Output efficiency: 0.271
mdot_h2: 51.46 g/s
Reynolds_number: 11,112,677
Stack prop output power: 1,541 kW, Pcomp: 13.8 kW
Cell efficiency: 0.281, Output efficiency: 0.264
mdot_h2: 39.23 g/s
Reynolds_number: 11,112,677
Stack prop output power: 1,541 kW, Pcomp: 13.8 kW
Cell efficiency: 0.281, Output efficiency: 0.264
mdot_h2: 39.23 g/s
Reynolds_number: 11,112,677
Stack prop output power: 1,541 kW, Pcomp: 79.4 kW
Cell efficiency: 0.300, Output efficiency: 0.271
mdot_h2: 38.30 g/s

-----------------------
ptotal_climb: 5,454 kW, mtom_est: 18,379 kg, mtom: 18,015 kg, residual: +364.40 kg

MTOM update: newton, relax=1.000 -> mtom_next=19,816.56 kg

======================================================
======================= ITER 3 =======================
Reynolds_number: 11,112,677
Stack prop output power: 2,277 kW, Pcomp: 117.4 kW
Cell efficiency: 0.300, Output efficiency: 0.271
mdot_h2: 56.61 g/s
Reynolds_number: 11,112,677
Stack prop output power: 2,277 kW, Pcomp: 117.4 kW
Cell efficiency: 0.300, Output efficiency: 0.271
mdot_h2: 56.61 g/s
Reynolds_number: 11,112,677
Stack prop output power: 1,695 kW, Pcomp: 15.2 kW
Cell efficiency: 0.281, Output efficiency: 0.264
mdot_h2: 43.15 g/s
Reynolds_number: 11,112,677
Stack prop output power: 1,695 kW, Pcomp: 15.2 kW
Cell efficiency: 0.281, Output efficiency: 0.264
mdot_h2: 43.15 g/s
Reynolds_number: 11,112,677
Stack prop output power: 1,695 kW, Pcomp: 87.4 kW
Cell efficiency: 0.300, Output efficiency: 0.271
mdot_h2: 42.13 g/s

-----------------------
ptotal_climb: 5,999 kW, mtom_est: 20,095 kg, mtom: 19,817 kg, residual: +278.69 kg

MTOM update: newton, relax=1.000 -> mtom_next=21,798.22 kg

======================================================
======================= ITER 4 =======================
Reynolds_number: 11,112,677
Stack prop output power: 2,505 kW, Pcomp: 129.2 kW
Cell efficiency: 0.300, Output efficiency: 0.271
mdot_h2: 62.27 g/s
Reynolds_number: 11,112,677
Stack prop output power: 2,505 kW, Pcomp: 129.2 kW
Cell efficiency: 0.300, Output efficiency: 0.271
mdot_h2: 62.27 g/s
Reynolds_number: 11,112,677
Stack prop output power: 1,864 kW, Pcomp: 16.8 kW
Cell efficiency: 0.281, Output efficiency: 0.264
mdot_h2: 47.47 g/s
Reynolds_number: 11,112,677
Stack prop output power: 1,864 kW, Pcomp: 16.8 kW
Cell efficiency: 0.281, Output efficiency: 0.264
mdot_h2: 47.47 g/s
Reynolds_number: 11,112,677
Stack prop output power: 1,864 kW, Pcomp: 96.1 kW
Cell efficiency: 0.300, Output efficiency: 0.271
mdot_h2: 46.35 g/s

-----------------------
ptotal_climb: 6,599 kW, mtom_est: 21,988 kg, mtom: 21,798 kg, residual: +189.48 kg

MTOM update: newton, relax=1.000 -> mtom_next=23,978.04 kg

======================================================
======================= ITER 5 =======================
Reynolds_number: 11,112,677
Stack prop output power: 2,755 kW, Pcomp: 142.1 kW
Cell efficiency: 0.300, Output efficiency: 0.271
mdot_h2: 68.50 g/s
Reynolds_number: 11,112,677
Stack prop output power: 2,755 kW, Pcomp: 142.1 kW
Cell efficiency: 0.300, Output efficiency: 0.271
mdot_h2: 68.50 g/s
Reynolds_number: 11,112,677
Stack prop output power: 2,050 kW, Pcomp: 18.4 kW
Cell efficiency: 0.281, Output efficiency: 0.264
mdot_h2: 52.21 g/s
Reynolds_number: 11,112,677
Stack prop output power: 2,050 kW, Pcomp: 18.4 kW
Cell efficiency: 0.281, Output efficiency: 0.264
mdot_h2: 52.21 g/s
Reynolds_number: 11,112,677
Stack prop output power: 2,050 kW, Pcomp: 105.7 kW
Cell efficiency: 0.300, Output efficiency: 0.271
mdot_h2: 50.98 g/s

-----------------------
ptotal_climb: 7,259 kW, mtom_est: 24,073 kg, mtom: 23,978 kg, residual: +94.86 kg

MTOM update: newton, relax=1.000 -> mtom_next=26,163.37 kg

======================================================
======================= ITER 6 =======================
Reynolds_number: 11,112,677
Stack prop output power: 3,006 kW, Pcomp: 155.0 kW
Cell efficiency: 0.300, Output efficiency: 0.271
mdot_h2: 74.74 g/s
Reynolds_number: 11,112,677
Stack prop output power: 3,006 kW, Pcomp: 155.0 kW
Cell efficiency: 0.300, Output efficiency: 0.271
mdot_h2: 74.74 g/s
Reynolds_number: 11,112,677
Stack prop output power: 2,237 kW, Pcomp: 20.1 kW
Cell efficiency: 0.281, Output efficiency: 0.264
mdot_h2: 56.97 g/s
Reynolds_number: 11,112,677
Stack prop output power: 2,237 kW, Pcomp: 20.1 kW
Cell efficiency: 0.281, Output efficiency: 0.264
mdot_h2: 56.97 g/s
Reynolds_number: 11,112,677
Stack prop output power: 2,237 kW, Pcomp: 115.4 kW
Cell efficiency: 0.300, Output efficiency: 0.271
mdot_h2: 55.63 g/s

-----------------------
ptotal_climb: 7,921 kW, mtom_est: 26,179 kg, mtom: 26,163 kg, residual: +15.98 kg

MTOM update: newton, relax=1.000 -> mtom_next=26,606.22 kg

======================================================
======================= ITER 7 =======================
Reynolds_number: 11,112,677
Stack prop output power: 3,057 kW, Pcomp: 157.7 kW
Cell efficiency: 0.300, Output efficiency: 0.271
mdot_h2: 76.01 g/s
Reynolds_number: 11,112,677
Stack prop output power: 3,057 kW, Pcomp: 157.7 kW
Cell efficiency: 0.300, Output efficiency: 0.271
mdot_h2: 76.01 g/s
Reynolds_number: 11,112,677
Stack prop output power: 2,275 kW, Pcomp: 20.4 kW
Cell efficiency: 0.281, Output efficiency: 0.264
mdot_h2: 57.94 g/s
Reynolds_number: 11,112,677
Stack prop output power: 2,275 kW, Pcomp: 20.4 kW
Cell efficiency: 0.281, Output efficiency: 0.264
mdot_h2: 57.94 g/s
Reynolds_number: 11,112,677
Stack prop output power: 2,275 kW, Pcomp: 117.3 kW
Cell efficiency: 0.300, Output efficiency: 0.271
mdot_h2: 56.57 g/s

-----------------------
ptotal_climb: 8,055 kW, mtom_est: 26,615 kg, mtom: 26,606 kg, residual: +8.80 kg

MTOM update: newton, relax=1.000 -> mtom_next=27,148.20 kg

======================================================
======================= ITER 8 =======================
Reynolds_number: 11,112,677
Stack prop output power: 3,119 kW, Pcomp: 160.9 kW
Cell efficiency: 0.300, Output efficiency: 0.271
mdot_h2: 77.56 g/s
Reynolds_number: 11,112,677
Stack prop output power: 3,119 kW, Pcomp: 160.9 kW
Cell efficiency: 0.300, Output efficiency: 0.271
mdot_h2: 77.56 g/s
Reynolds_number: 11,112,677
Stack prop output power: 2,322 kW, Pcomp: 20.9 kW
Cell efficiency: 0.281, Output efficiency: 0.264
mdot_h2: 59.12 g/s
Reynolds_number: 11,112,677
Stack prop output power: 2,322 kW, Pcomp: 20.9 kW
Cell efficiency: 0.281, Output efficiency: 0.264
mdot_h2: 59.12 g/s
Reynolds_number: 11,112,677
Stack prop output power: 2,322 kW, Pcomp: 119.7 kW
Cell efficiency: 0.300, Output efficiency: 0.271
mdot_h2: 57.72 g/s

-----------------------
ptotal_climb: 8,219 kW, mtom_est: 27,131 kg, mtom: 27,148 kg, residual: -17.36 kg

MTOM update: newton, relax=0.300 -> mtom_next=27,040.29 kg

======================================================
======================= ITER 9 =======================
Reynolds_number: 11,112,677
Stack prop output power: 3,107 kW, Pcomp: 160.2 kW
Cell efficiency: 0.300, Output efficiency: 0.271
mdot_h2: 77.25 g/s
Reynolds_number: 11,112,677
Stack prop output power: 3,107 kW, Pcomp: 160.2 kW
Cell efficiency: 0.300, Output efficiency: 0.271
mdot_h2: 77.25 g/s
Reynolds_number: 11,112,677
Stack prop output power: 2,312 kW, Pcomp: 20.8 kW
Cell efficiency: 0.281, Output efficiency: 0.264
mdot_h2: 58.88 g/s
Reynolds_number: 11,112,677
Stack prop output power: 2,312 kW, Pcomp: 20.8 kW
Cell efficiency: 0.281, Output efficiency: 0.264
mdot_h2: 58.88 g/s
Reynolds_number: 11,112,677
Stack prop output power: 2,312 kW, Pcomp: 119.3 kW
Cell efficiency: 0.300, Output efficiency: 0.271
mdot_h2: 57.49 g/s

-----------------------
ptotal_climb: 8,186 kW, mtom_est: 27,025 kg, mtom: 27,040 kg, residual: -14.87 kg

MTOM update: newton, relax=0.360 -> mtom_next=26,807.71 kg

======================================================
======================= ITER 10 =======================
Reynolds_number: 11,112,677
Stack prop output power: 3,080 kW, Pcomp: 158.9 kW
Cell efficiency: 0.300, Output efficiency: 0.271
mdot_h2: 76.58 g/s
Reynolds_number: 11,112,677
Stack prop output power: 3,080 kW, Pcomp: 158.9 kW
Cell efficiency: 0.300, Output efficiency: 0.271
mdot_h2: 76.58 g/s
Reynolds_number: 11,112,677
Stack prop output power: 2,292 kW, Pcomp: 20.6 kW
Cell efficiency: 0.281, Output efficiency: 0.264
mdot_h2: 58.37 g/s
Reynolds_number: 11,112,677
Stack prop output power: 2,292 kW, Pcomp: 20.6 kW
Cell efficiency: 0.281, Output efficiency: 0.264
mdot_h2: 58.37 g/s
Reynolds_number: 11,112,677
Stack prop output power: 2,292 kW, Pcomp: 118.2 kW
Cell efficiency: 0.300, Output efficiency: 0.271
mdot_h2: 57.00 g/s

-----------------------
ptotal_climb: 8,116 kW, mtom_est: 26,801 kg, mtom: 26,808 kg, residual: -6.47 kg

MTOM update: newton, relax=0.432 -> mtom_next=26,730.43 kg

======================================================
======================= ITER 11 =======================
Reynolds_number: 11,112,677
Stack prop output power: 3,071 kW, Pcomp: 158.4 kW
Cell efficiency: 0.300, Output efficiency: 0.271
mdot_h2: 76.36 g/s
Reynolds_number: 11,112,677
Stack prop output power: 3,071 kW, Pcomp: 158.4 kW
Cell efficiency: 0.300, Output efficiency: 0.271
mdot_h2: 76.36 g/s
Reynolds_number: 11,112,677
Stack prop output power: 2,286 kW, Pcomp: 20.5 kW
Cell efficiency: 0.281, Output efficiency: 0.264
mdot_h2: 58.21 g/s
Reynolds_number: 11,112,677
Stack prop output power: 2,286 kW, Pcomp: 20.5 kW
Cell efficiency: 0.281, Output efficiency: 0.264
mdot_h2: 58.21 g/s
Reynolds_number: 11,112,677
Stack prop output power: 2,286 kW, Pcomp: 117.9 kW
Cell efficiency: 0.300, Output efficiency: 0.271
mdot_h2: 56.83 g/s

-----------------------
ptotal_climb: 8,092 kW, mtom_est: 26,707 kg, mtom: 26,730 kg, residual: -23.19 kg

MTOM update: regula_falsi, relax=0.130 -> mtom_next=26,640.38 kg

======================================================
======================= ITER 12 =======================
Reynolds_number: 11,112,677
Stack prop output power: 3,061 kW, Pcomp: 157.9 kW
Cell efficiency: 0.300, Output efficiency: 0.271
mdot_h2: 76.10 g/s
Reynolds_number: 11,112,677
Stack prop output power: 3,061 kW, Pcomp: 157.9 kW
Cell efficiency: 0.300, Output efficiency: 0.271
mdot_h2: 76.10 g/s
Reynolds_number: 11,112,677
Stack prop output power: 2,278 kW, Pcomp: 20.5 kW
Cell efficiency: 0.281, Output efficiency: 0.264
mdot_h2: 58.01 g/s
Reynolds_number: 11,112,677
Stack prop output power: 2,278 kW, Pcomp: 20.5 kW
Cell efficiency: 0.281, Output efficiency: 0.264
mdot_h2: 58.01 g/s
Reynolds_number: 11,112,677
Stack prop output power: 2,278 kW, Pcomp: 117.5 kW
Cell efficiency: 0.300, Output efficiency: 0.271
mdot_h2: 56.64 g/s

-----------------------
ptotal_climb: 8,065 kW, mtom_est: 26,640 kg, mtom: 26,640 kg, residual: +0.01 kg

Reynolds_number: 11,112,677
Stack prop output power: 3,061 kW, Pcomp: 157.9 kW
Cell efficiency: 0.300, Output efficiency: 0.271
mdot_h2: 76.10 g/s
Reynolds_number: 11,112,677
Stack prop output power: 3,061 kW, Pcomp: 157.9 kW
Cell efficiency: 0.300, Output efficiency: 0.271
mdot_h2: 76.10 g/s
Reynolds_number: 6,709,346
Stack prop output power: 2,278 kW, Pcomp: 19.8 kW
Cell efficiency: 0.305, Output efficiency: 0.287
mdot_h2: 53.42 g/s
Reynolds_number: 6,709,346
Stack prop output power: 2,278 kW, Pcomp: 19.8 kW
Cell efficiency: 0.305, Output efficiency: 0.287
mdot_h2: 53.42 g/s

CONVERGED
======================================================
======================= ITER 1 =======================
Reynolds_number: 11,112,677
Stack prop output power: 3,148 kW, Pcomp: 162.4 kW
Cell efficiency: 0.300, Output efficiency: 0.271
mdot_h2: 78.27 g/s
Reynolds_number: 11,112,677
Stack prop output power: 3,148 kW, Pcomp: 162.4 kW
Cell efficiency: 0.300, Output efficiency: 0.271
mdot_h2: 78.27 g/s
Reynolds_number: 11,112,677
Stack prop output power: 2,343 kW, Pcomp: 21.1 kW
Cell efficiency: 0.281, Output efficiency: 0.264
mdot_h2: 59.66 g/s
Reynolds_number: 11,112,677
Stack prop output power: 2,343 kW, Pcomp: 21.1 kW
Cell efficiency: 0.281, Output efficiency: 0.264
mdot_h2: 59.66 g/s
Reynolds_number: 11,112,677
Stack prop output power: 2,343 kW, Pcomp: 120.8 kW
Cell efficiency: 0.300, Output efficiency: 0.271
mdot_h2: 58.25 g/s

-----------------------
ptotal_climb: 8,295 kW, mtom_est: 27,207 kg, mtom: 26,640 kg, residual: +566.28 kg

MTOM update: fixed_point_fallback, relax=1.000 -> mtom_next=26,923.53 kg

======================================================
======================= ITER 2 =======================
Reynolds_number: 11,112,677
Stack prop output power: 3,182 kW, Pcomp: 164.1 kW
Cell efficiency: 0.300, Output efficiency: 0.271
mdot_h2: 79.10 g/s
Reynolds_number: 11,112,677
Stack prop output power: 3,182 kW, Pcomp: 164.1 kW
Cell efficiency: 0.300, Output efficiency: 0.271
mdot_h2: 79.10 g/s
Reynolds_number: 11,112,677
Stack prop output power: 2,368 kW, Pcomp: 21.3 kW
Cell efficiency: 0.281, Output efficiency: 0.264
mdot_h2: 60.30 g/s
Reynolds_number: 11,112,677
Stack prop output power: 2,368 kW, Pcomp: 21.3 kW
Cell efficiency: 0.281, Output efficiency: 0.264
mdot_h2: 60.30 g/s
Reynolds_number: 11,112,677
Stack prop output power: 2,368 kW, Pcomp: 122.1 kW
Cell efficiency: 0.300, Output efficiency: 0.271
mdot_h2: 58.87 g/s

-----------------------
ptotal_climb: 8,383 kW, mtom_est: 27,486 kg, mtom: 26,924 kg, residual: +562.63 kg

MTOM update: newton, relax=1.000 -> mtom_next=29,615.88 kg

======================================================
======================= ITER 3 =======================
Reynolds_number: 11,112,677
Stack prop output power: 3,500 kW, Pcomp: 180.5 kW
Cell efficiency: 0.300, Output efficiency: 0.271
mdot_h2: 87.02 g/s
Reynolds_number: 11,112,677
Stack prop output power: 3,500 kW, Pcomp: 180.5 kW
Cell efficiency: 0.300, Output efficiency: 0.271
mdot_h2: 87.02 g/s
Reynolds_number: 11,112,677
Traceback (most recent call last):
  File "/home/shoh95/Programming/HFCAD/app/main.py", line 2669, in <module>
    main()
  File "/home/shoh95/Programming/HFCAD/app/main.py", line 2643, in main
    cfg_used, phases, mass, _trade_df = runner.run(out_dir=out_dir)
                                        ^^^^^^^^^^^^^^^^^^^^^^^^^^^
  File "/home/shoh95/Programming/HFCAD/app/main.py", line 2145, in run
    return self._run_min_mtom(out_dir=out_dir)
           ^^^^^^^^^^^^^^^^^^^^^^^^^^^^^^^^^^^
  File "/home/shoh95/Programming/HFCAD/app/main.py", line 2245, in _run_min_mtom
    phases_i, mass_i = design.run(initial_mtom_kg=mtom_seed, initial_total_power_guess_w=p_seed)
                       ^^^^^^^^^^^^^^^^^^^^^^^^^^^^^^^^^^^^^^^^^^^^^^^^^^^^^^^^^^^^^^^^^^^^^^^^^
  File "/home/shoh95/Programming/HFCAD/app/main.py", line 1745, in run
    phases["climb"] = self._phase_solver.solve(
                      ^^^^^^^^^^^^^^^^^^^^^^^^^
  File "/home/shoh95/Programming/HFCAD/app/main.py", line 1257, in solve
    nacelle = self._fc.size_nacelle(
              ^^^^^^^^^^^^^^^^^^^^^^
  File "/home/shoh95/Programming/HFCAD/app/main.py", line 1114, in size_nacelle
    geom_comp, power_comp, rho_humid_in, m_dot_comp = compressor_performance_model(
                                                      ^^^^^^^^^^^^^^^^^^^^^^^^^^^^^
  File "/home/shoh95/Programming/HFCAD/app/models/compressor_performance.py", line 100, in compressor_performance_model
    raise ValueError("Rotor outlet enthalpy too high. Reduce RPM!")
ValueError: Rotor outlet enthalpy too high. Reduce RPM!

[run_sweep] FAIL criteria: artifact not found or empty
[run_sweep] expected artifact: results/input_sweep_r7/h3000_M0.35_R2000km_PL350kg/ConvergedData.txt
[run_sweep] exit code: 1
