Auto-widening W/S scan window for min_combined_pw: 1900.0..2600.0 -> 1725.0..2775.0 Pa (factor 1.500, lower_hit=True, upper_hit=False, min_on_edge=False).
Auto-widening W/S scan window for min_combined_pw: 1725.0..2775.0 -> 1462.5..3037.5 Pa (factor 1.500, lower_hit=True, upper_hit=False, min_on_edge=False).
ADRpy constraint sizing (min_combined_pw): W/S=2062.5 Pa (210.32 kg/m^2), P/W_TO=0.16394 kW/kg, P/W_climb=0.16919 kW/kg, P/W_cruise=0.09079 kW/kg
Curve minimum (combined/combined): W/S=2062.5 Pa (210.32 kg/m^2), P/W=0.16919 kW/kg
Curve minimum (takeoff/take-off): W/S=1462.5 Pa (149.13 kg/m^2), P/W=0.10196 kW/kg
Curve minimum (climb/climb): W/S=2312.5 Pa (235.81 kg/m^2), P/W=0.16586 kW/kg
Curve minimum (cruise/cruise): W/S=2312.5 Pa (235.81 kg/m^2), P/W=0.08550 kW/kg
======================================================
======================= ITER 1 =======================
Reynolds_number: 10,476,435
Stack prop output power: 500 kW, Pcomp: 16.1 kW
Cell efficiency: 0.300, Output efficiency: 0.276
mdot_h2: 12.20 g/s
Reynolds_number: 10,476,435
Stack prop output power: 328 kW, Pcomp: 10.6 kW
Cell efficiency: 0.300, Output efficiency: 0.276
mdot_h2: 8.01 g/s
Reynolds_number: 10,476,435
Stack prop output power: 323 kW, Pcomp: 10.4 kW
Cell efficiency: 0.300, Output efficiency: 0.276
mdot_h2: 7.87 g/s
Reynolds_number: 8,695,441
Stack prop output power: 500 kW, Pcomp: 16.1 kW
Cell efficiency: 0.298, Output efficiency: 0.275
mdot_h2: 12.26 g/s
Reynolds_number: 8,695,441
Stack prop output power: 266 kW, Pcomp: 8.5 kW
Cell efficiency: 0.298, Output efficiency: 0.275
mdot_h2: 6.52 g/s
Reynolds_number: 8,695,441
Stack prop output power: 258 kW, Pcomp: 8.3 kW
Cell efficiency: 0.298, Output efficiency: 0.275
mdot_h2: 6.33 g/s
Reynolds_number: 10,476,435
Stack prop output power: 356 kW, Pcomp: 3.2 kW
Cell efficiency: 0.290, Output efficiency: 0.273
mdot_h2: 8.77 g/s
Reynolds_number: 10,476,435
Stack prop output power: 436 kW, Pcomp: 3.9 kW
Cell efficiency: 0.290, Output efficiency: 0.273
mdot_h2: 10.76 g/s
Reynolds_number: 10,476,435
Stack prop output power: 437 kW, Pcomp: 3.9 kW
Cell efficiency: 0.290, Output efficiency: 0.273
mdot_h2: 10.78 g/s
Reynolds_number: 6,709,346
Stack prop output power: 360 kW, Pcomp: 3.1 kW
Cell efficiency: 0.305, Output efficiency: 0.287
mdot_h2: 8.45 g/s
Reynolds_number: 6,709,346
Stack prop output power: 423 kW, Pcomp: 3.7 kW
Cell efficiency: 0.305, Output efficiency: 0.287
mdot_h2: 9.91 g/s
Reynolds_number: 6,709,346
Stack prop output power: 423 kW, Pcomp: 3.7 kW
Cell efficiency: 0.305, Output efficiency: 0.287
mdot_h2: 9.92 g/s
Reynolds_number: 10,476,435
Stack prop output power: 500 kW, Pcomp: 16.1 kW
Cell efficiency: 0.300, Output efficiency: 0.276
mdot_h2: 12.20 g/s
Reynolds_number: 10,476,435
Stack prop output power: 328 kW, Pcomp: 10.6 kW
Cell efficiency: 0.300, Output efficiency: 0.276
mdot_h2: 8.01 g/s
Reynolds_number: 10,476,435
Stack prop output power: 323 kW, Pcomp: 10.4 kW
Cell efficiency: 0.300, Output efficiency: 0.276
mdot_h2: 7.87 g/s
Fuel-cell system mass representative phase: climb (P_fc_sys=873.689 kW).

-----------------------
ptotal_climb: 1,162 kW, mtom_est: 5,411 kg, mtom: 5,000 kg, residual: +411.08 kg

MTOM update: initial_bracket_probe_1, relax=1.000 -> mtom_next=5,325.00 kg

======================================================
======================= ITER 2 =======================
Reynolds_number: 10,476,435
Stack prop output power: 323 kW, Pcomp: 10.4 kW
Cell efficiency: 0.300, Output efficiency: 0.276
mdot_h2: 7.87 g/s
Reynolds_number: 10,476,435
Stack prop output power: 343 kW, Pcomp: 11.0 kW
Cell efficiency: 0.300, Output efficiency: 0.276
mdot_h2: 8.36 g/s
Reynolds_number: 10,476,435
Stack prop output power: 343 kW, Pcomp: 11.0 kW
Cell efficiency: 0.300, Output efficiency: 0.276
mdot_h2: 8.38 g/s
Reynolds_number: 8,695,441
Stack prop output power: 258 kW, Pcomp: 8.3 kW
Cell efficiency: 0.298, Output efficiency: 0.275
mdot_h2: 6.32 g/s
Reynolds_number: 8,695,441
Stack prop output power: 274 kW, Pcomp: 8.8 kW
Cell efficiency: 0.298, Output efficiency: 0.275
mdot_h2: 6.72 g/s
Reynolds_number: 8,695,441
Stack prop output power: 275 kW, Pcomp: 8.8 kW
Cell efficiency: 0.298, Output efficiency: 0.275
mdot_h2: 6.74 g/s
Reynolds_number: 10,476,435
Stack prop output power: 427 kW, Pcomp: 3.8 kW
Cell efficiency: 0.290, Output efficiency: 0.273
mdot_h2: 10.55 g/s
Reynolds_number: 10,476,435
Stack prop output power: 465 kW, Pcomp: 4.1 kW
Cell efficiency: 0.290, Output efficiency: 0.273
mdot_h2: 11.47 g/s
Reynolds_number: 6,709,346
Stack prop output power: 414 kW, Pcomp: 3.6 kW
Cell efficiency: 0.305, Output efficiency: 0.287
mdot_h2: 9.71 g/s
Reynolds_number: 6,709,346
Stack prop output power: 450 kW, Pcomp: 3.9 kW
Cell efficiency: 0.305, Output efficiency: 0.287
mdot_h2: 10.56 g/s
Reynolds_number: 10,476,435
Stack prop output power: 323 kW, Pcomp: 10.4 kW
Cell efficiency: 0.300, Output efficiency: 0.276
mdot_h2: 7.87 g/s
Reynolds_number: 10,476,435
Stack prop output power: 343 kW, Pcomp: 11.0 kW
Cell efficiency: 0.300, Output efficiency: 0.276
mdot_h2: 8.36 g/s
Reynolds_number: 10,476,435
Stack prop output power: 343 kW, Pcomp: 11.0 kW
Cell efficiency: 0.300, Output efficiency: 0.276
mdot_h2: 8.38 g/s
Fuel-cell system mass representative phase: climb (P_fc_sys=930.473 kW).

-----------------------
ptotal_climb: 1,238 kW, mtom_est: 5,627 kg, mtom: 5,325 kg, residual: +302.05 kg

MTOM update: initial_bracket_probe_2, relax=1.000 -> mtom_next=5,650.00 kg

======================================================
======================= ITER 3 =======================
Reynolds_number: 10,476,435
Stack prop output power: 344 kW, Pcomp: 11.0 kW
Cell efficiency: 0.300, Output efficiency: 0.276
mdot_h2: 8.38 g/s
Reynolds_number: 10,476,435
Stack prop output power: 364 kW, Pcomp: 11.7 kW
Cell efficiency: 0.300, Output efficiency: 0.276
mdot_h2: 8.87 g/s
Reynolds_number: 10,476,435
Stack prop output power: 364 kW, Pcomp: 11.7 kW
Cell efficiency: 0.300, Output efficiency: 0.276
mdot_h2: 8.89 g/s
Reynolds_number: 8,695,441
Stack prop output power: 275 kW, Pcomp: 8.8 kW
Cell efficiency: 0.298, Output efficiency: 0.275
mdot_h2: 6.74 g/s
Reynolds_number: 8,695,441
Stack prop output power: 291 kW, Pcomp: 9.4 kW
Cell efficiency: 0.298, Output efficiency: 0.275
mdot_h2: 7.13 g/s
Reynolds_number: 8,695,441
Stack prop output power: 292 kW, Pcomp: 9.4 kW
Cell efficiency: 0.298, Output efficiency: 0.275
mdot_h2: 7.15 g/s
Reynolds_number: 10,476,435
Stack prop output power: 456 kW, Pcomp: 4.0 kW
Cell efficiency: 0.290, Output efficiency: 0.273
mdot_h2: 11.25 g/s
Reynolds_number: 10,476,435
Stack prop output power: 493 kW, Pcomp: 4.4 kW
Cell efficiency: 0.290, Output efficiency: 0.273
mdot_h2: 12.17 g/s
Reynolds_number: 6,709,346
Stack prop output power: 442 kW, Pcomp: 3.8 kW
Cell efficiency: 0.305, Output efficiency: 0.287
mdot_h2: 10.36 g/s
Reynolds_number: 6,709,346
Stack prop output power: 478 kW, Pcomp: 4.2 kW
Cell efficiency: 0.305, Output efficiency: 0.287
mdot_h2: 11.21 g/s
Reynolds_number: 10,476,435
Stack prop output power: 344 kW, Pcomp: 11.0 kW
Cell efficiency: 0.300, Output efficiency: 0.276
mdot_h2: 8.38 g/s
Reynolds_number: 10,476,435
Stack prop output power: 364 kW, Pcomp: 11.7 kW
Cell efficiency: 0.300, Output efficiency: 0.276
mdot_h2: 8.87 g/s
Reynolds_number: 10,476,435
Stack prop output power: 364 kW, Pcomp: 11.7 kW
Cell efficiency: 0.300, Output efficiency: 0.276
mdot_h2: 8.89 g/s
Fuel-cell system mass representative phase: climb (P_fc_sys=987.263 kW).

-----------------------
ptotal_climb: 1,313 kW, mtom_est: 5,844 kg, mtom: 5,650 kg, residual: +194.25 kg

MTOM update: newton_prebracket, relax=1.000 -> mtom_next=6,235.64 kg

======================================================
======================= ITER 4 =======================
Reynolds_number: 10,476,435
Stack prop output power: 364 kW, Pcomp: 11.7 kW
Cell efficiency: 0.300, Output efficiency: 0.276
mdot_h2: 8.89 g/s
Reynolds_number: 10,476,435
Stack prop output power: 401 kW, Pcomp: 12.9 kW
Cell efficiency: 0.300, Output efficiency: 0.276
mdot_h2: 9.78 g/s
Reynolds_number: 10,476,435
Stack prop output power: 402 kW, Pcomp: 12.9 kW
Cell efficiency: 0.300, Output efficiency: 0.276
mdot_h2: 9.81 g/s
Reynolds_number: 8,695,441
Stack prop output power: 292 kW, Pcomp: 9.4 kW
Cell efficiency: 0.298, Output efficiency: 0.275
mdot_h2: 7.15 g/s
Reynolds_number: 8,695,441
Stack prop output power: 321 kW, Pcomp: 10.3 kW
Cell efficiency: 0.298, Output efficiency: 0.275
mdot_h2: 7.86 g/s
Reynolds_number: 8,695,441
Stack prop output power: 322 kW, Pcomp: 10.3 kW
Cell efficiency: 0.298, Output efficiency: 0.275
mdot_h2: 7.89 g/s
Reynolds_number: 10,476,435
Stack prop output power: 477 kW, Pcomp: 4.2 kW
Cell efficiency: 0.290, Output efficiency: 0.273
mdot_h2: 11.76 g/s
Reynolds_number: 10,476,435
Stack prop output power: 544 kW, Pcomp: 4.8 kW
Cell efficiency: 0.290, Output efficiency: 0.273
mdot_h2: 13.43 g/s
Reynolds_number: 10,476,435
Stack prop output power: 545 kW, Pcomp: 4.8 kW
Cell efficiency: 0.290, Output efficiency: 0.273
mdot_h2: 13.44 g/s
Reynolds_number: 6,709,346
Stack prop output power: 462 kW, Pcomp: 4.0 kW
Cell efficiency: 0.305, Output efficiency: 0.287
mdot_h2: 10.83 g/s
Reynolds_number: 6,709,346
Stack prop output power: 527 kW, Pcomp: 4.6 kW
Cell efficiency: 0.305, Output efficiency: 0.287
mdot_h2: 12.36 g/s
Reynolds_number: 6,709,346
Stack prop output power: 528 kW, Pcomp: 4.6 kW
Cell efficiency: 0.305, Output efficiency: 0.287
mdot_h2: 12.38 g/s
Reynolds_number: 10,476,435
Stack prop output power: 364 kW, Pcomp: 11.7 kW
Cell efficiency: 0.300, Output efficiency: 0.276
mdot_h2: 8.89 g/s
Reynolds_number: 10,476,435
Stack prop output power: 401 kW, Pcomp: 12.9 kW
Cell efficiency: 0.300, Output efficiency: 0.276
mdot_h2: 9.78 g/s
Reynolds_number: 10,476,435
Stack prop output power: 402 kW, Pcomp: 12.9 kW
Cell efficiency: 0.300, Output efficiency: 0.276
mdot_h2: 9.81 g/s
Fuel-cell system mass representative phase: climb (P_fc_sys=1089.603 kW).

-----------------------
ptotal_climb: 1,450 kW, mtom_est: 6,239 kg, mtom: 6,236 kg, residual: +3.77 kg


CONVERGED

CONVERGED STATE [MTOM iteration 4]
  MTOM=6,239 kg | Wing loading=210.44 kg/m^2 | P/W(climb)=232.33 W/kg
  Phase power: climb=1,449.6 kW | cruise=804.5 kW | loiter=643.6 kW | takeoff=1,404.4 kW | cruise+charger=804.5 kW
  Power split (climb): FC=1,079.9 kW | Battery=360.0 kW | Compressor=9.7 kW | Cooling=454.8 kW | H2=26.881 g/s
  Compressor max across phases: 25.9 kW (cruise)
  FC representative phase (mass sizing): climb (1,089.6 kW)
  Mass summary: MTOM=6,239 kg | Powertrain=1,805 kg | Tank=675.0 kg | Fuel=300.0 kg | Battery=150.4 kg | Nacelle power density=0.73 kW/kg
  Geometry: Main wing area=29.65 m^2 | Horizontal tail area=4.194 m^2 | Horizontal tail location=13.044 m | Vertical tail area=4.253 m^2 | Vertical tail location=12.586 m
  Config: wing loading input=210.32 kg/m^2 | P/W TO/Cl/Cr/Lo=0.16394/0.16919/0.09079/0.07263 kW/kg

=============================================================
========================= CONVERGED =========================
=============================================================
Constraint sizing: ENABLED (min_combined_pw)
Input W/S: 210.32 kg/m^2 (2,062.5 Pa)
Input P/W [kW/kg]: takeoff 0.16394, climb 0.16919, cruise 0.09079, loiter 0.07263
Converged P/W [kW/kg]: takeoff 0.22509, climb 0.23233, cruise 0.12894, loiter 0.10315
-------------------------------------------------------------

Mission Time
Climb time: 5.05 min (0.08 h)
Cruise time: 233.88 min (3.90 h)
Total flight time: 260.93 min (4.35 h)

Phase Power Breakdown
Phase      Time[min]     Total[kW]    FC Stack[kW]   Battery[kW]   Compressor[kW]   Cooling[kW]   mdot_H2[g/s]
--------------------------------------------------------------------------------------------------------------
ready           0.00          72.5            72.5           0.0              0.0           0.0         0.0
taxi            5.00         145.0           145.0           0.0              0.0           0.0         2.7
takeoff         1.00       1,404.4         1,046.4         348.8              9.2         410.6        24.8
climb           5.05       1,449.6         1,079.9         360.0              9.7         454.8        26.9
cruise        233.88         804.5           778.7           0.0             25.9         327.8        19.6
loiter         15.00         643.6           622.9           0.0             20.7         264.1        15.8
landing         1.00           0.0             0.0           0.0              0.0           0.0         0.0

Pcomp_max (solved phases): 25.9 kW (cruise)
Pnet (climb): 1,309 kW
Pelectricnet (climb): 1,440 kW
eta_pt: 0.9031

Geometry
S_wing: 29.65 m^2
b_wing: 16.34 m
Lfus: 15.02 m
Ltank: 6.01 m
S_HT: 4.19 m^2
S_VT: 4.25 m^2
b_HT: 4.34 m
b_VT: 2.84 m
X_HT_act: 13.04 m
X_VT_act: 12.59 m

One Nacelle (1/2)
Stack(1/2): 306 kg, Compressor: 20 kg, Humidifier: 109 kg, HX: 311 kg
W_FCS_single_nacelle (W_Stack+W_Compressor+W_Humidifier+W_Hx): 745 kg
Representative FC phase: climb
Specific Power of Nacelle System: 0.731 kW/kg
dim_hx: dX=1.275 m, dY=1.275 m, dZ=0.213 m
dim_stack: dX=0.376 m, dY=0.301 m, dZ=0.301 m

ALL Nacelles
W_FCS_total: 1,490 kg
W_PMAD: 123 kg
W_Motors: 191 kg

-----------------------
W_Powertrain (W_FCS_total+W_PMAD+W_Motors): 1,805 kg
-----------------------
W_wing: 473 kg
W_Htail: 30 kg
W_Vtail: 56 kg
W_fuselage: 464 kg
W_lnd_gear_main: 243 kg
W_lnd_gear_nose: 65 kg
W_flight_control: 366 kg
W_electric_system: 300 kg
W_iae: 90 kg
W_hydraulics: 75 kg
W_fur: 448 kg
-----------------------
OEM: 2,609 kg
-----------------------
W_tank: 675 kg
W_fuel: 300.0 kg
W_batt: 150.4 kg
-----------------------
W_payload: 700 kg
-----------------------
MTOM_grouped (OEM+W_tank+W_fuel+W_batt+W_Powertrain+W_payload): 6,239 kg
MTOM: 6,239 kg
-----------------------

Wing loading (MTOM/S_wing): 210.44 kg/m^2
Power-to-weight (converged): 232.33 W/kg

mdot_H2(cruise): 19.6 g/s
Vtankex: 12.9 m^3
========================== END ==============================


=============================================================
Execution time: 58.0 seconds
=============================================================
