Auto-widening W/S scan window for min_combined_pw: 1900.0..2600.0 -> 1725.0..2775.0 Pa (factor 1.500, lower_hit=True, upper_hit=False, min_on_edge=False).
Auto-widening W/S scan window for min_combined_pw: 1725.0..2775.0 -> 1462.5..3037.5 Pa (factor 1.500, lower_hit=True, upper_hit=False, min_on_edge=False).
ADRpy constraint sizing (min_combined_pw): W/S=2062.5 Pa (210.32 kg/m^2), P/W_TO=0.16394 kW/kg, P/W_climb=0.16919 kW/kg, P/W_cruise=0.09079 kW/kg
Curve minimum (combined/combined): W/S=2062.5 Pa (210.32 kg/m^2), P/W=0.16919 kW/kg
Curve minimum (takeoff/take-off): W/S=1462.5 Pa (149.13 kg/m^2), P/W=0.10196 kW/kg
Curve minimum (climb/climb): W/S=2312.5 Pa (235.81 kg/m^2), P/W=0.16586 kW/kg
Curve minimum (cruise/cruise): W/S=2312.5 Pa (235.81 kg/m^2), P/W=0.08550 kW/kg
======================================================
======================= ITER 1 =======================
Reynolds_number: 10,476,435
Stack prop output power: 500 kW, Pcomp: 16.1 kW
Cell efficiency: 0.300, Output efficiency: 0.276
mdot_h2: 12.20 g/s
Reynolds_number: 10,476,435
Stack prop output power: 328 kW, Pcomp: 10.6 kW
Cell efficiency: 0.300, Output efficiency: 0.276
mdot_h2: 8.01 g/s
Reynolds_number: 10,476,435
Stack prop output power: 323 kW, Pcomp: 10.4 kW
Cell efficiency: 0.300, Output efficiency: 0.276
mdot_h2: 7.87 g/s
Reynolds_number: 8,695,441
Stack prop output power: 500 kW, Pcomp: 16.1 kW
Cell efficiency: 0.298, Output efficiency: 0.275
mdot_h2: 12.26 g/s
Reynolds_number: 8,695,441
Stack prop output power: 266 kW, Pcomp: 8.5 kW
Cell efficiency: 0.298, Output efficiency: 0.275
mdot_h2: 6.52 g/s
Reynolds_number: 8,695,441
Stack prop output power: 258 kW, Pcomp: 8.3 kW
Cell efficiency: 0.298, Output efficiency: 0.275
mdot_h2: 6.33 g/s
Reynolds_number: 10,476,435
Stack prop output power: 356 kW, Pcomp: 3.2 kW
Cell efficiency: 0.290, Output efficiency: 0.273
mdot_h2: 8.77 g/s
Reynolds_number: 10,476,435
Stack prop output power: 436 kW, Pcomp: 3.9 kW
Cell efficiency: 0.290, Output efficiency: 0.273
mdot_h2: 10.76 g/s
Reynolds_number: 10,476,435
Stack prop output power: 437 kW, Pcomp: 3.9 kW
Cell efficiency: 0.290, Output efficiency: 0.273
mdot_h2: 10.78 g/s
Reynolds_number: 6,709,346
Stack prop output power: 360 kW, Pcomp: 3.1 kW
Cell efficiency: 0.305, Output efficiency: 0.287
mdot_h2: 8.45 g/s
Reynolds_number: 6,709,346
Stack prop output power: 423 kW, Pcomp: 3.7 kW
Cell efficiency: 0.305, Output efficiency: 0.287
mdot_h2: 9.91 g/s
Reynolds_number: 6,709,346
Stack prop output power: 423 kW, Pcomp: 3.7 kW
Cell efficiency: 0.305, Output efficiency: 0.287
mdot_h2: 9.92 g/s
Reynolds_number: 10,476,435
Stack prop output power: 500 kW, Pcomp: 16.1 kW
Cell efficiency: 0.300, Output efficiency: 0.276
mdot_h2: 12.20 g/s
Reynolds_number: 10,476,435
Stack prop output power: 328 kW, Pcomp: 10.6 kW
Cell efficiency: 0.300, Output efficiency: 0.276
mdot_h2: 8.01 g/s
Reynolds_number: 10,476,435
Stack prop output power: 323 kW, Pcomp: 10.4 kW
Cell efficiency: 0.300, Output efficiency: 0.276
mdot_h2: 7.87 g/s
Fuel-cell system mass representative phase: climb (P_fc_sys=873.689 kW).

-----------------------
ptotal_climb: 1,162 kW, mtom_est: 5,542 kg, mtom: 5,000 kg, residual: +541.67 kg

MTOM update: initial_bracket_probe_1, relax=1.000 -> mtom_next=5,325.00 kg

======================================================
======================= ITER 2 =======================
Reynolds_number: 10,476,435
Stack prop output power: 323 kW, Pcomp: 10.4 kW
Cell efficiency: 0.300, Output efficiency: 0.276
mdot_h2: 7.87 g/s
Reynolds_number: 10,476,435
Stack prop output power: 343 kW, Pcomp: 11.0 kW
Cell efficiency: 0.300, Output efficiency: 0.276
mdot_h2: 8.36 g/s
Reynolds_number: 10,476,435
Stack prop output power: 343 kW, Pcomp: 11.0 kW
Cell efficiency: 0.300, Output efficiency: 0.276
mdot_h2: 8.38 g/s
Reynolds_number: 8,695,441
Stack prop output power: 258 kW, Pcomp: 8.3 kW
Cell efficiency: 0.298, Output efficiency: 0.275
mdot_h2: 6.32 g/s
Reynolds_number: 8,695,441
Stack prop output power: 274 kW, Pcomp: 8.8 kW
Cell efficiency: 0.298, Output efficiency: 0.275
mdot_h2: 6.72 g/s
Reynolds_number: 8,695,441
Stack prop output power: 275 kW, Pcomp: 8.8 kW
Cell efficiency: 0.298, Output efficiency: 0.275
mdot_h2: 6.74 g/s
Reynolds_number: 10,476,435
Stack prop output power: 427 kW, Pcomp: 3.8 kW
Cell efficiency: 0.290, Output efficiency: 0.273
mdot_h2: 10.55 g/s
Reynolds_number: 10,476,435
Stack prop output power: 465 kW, Pcomp: 4.1 kW
Cell efficiency: 0.290, Output efficiency: 0.273
mdot_h2: 11.47 g/s
Reynolds_number: 6,709,346
Stack prop output power: 414 kW, Pcomp: 3.6 kW
Cell efficiency: 0.305, Output efficiency: 0.287
mdot_h2: 9.71 g/s
Reynolds_number: 6,709,346
Stack prop output power: 450 kW, Pcomp: 3.9 kW
Cell efficiency: 0.305, Output efficiency: 0.287
mdot_h2: 10.56 g/s
Reynolds_number: 10,476,435
Stack prop output power: 323 kW, Pcomp: 10.4 kW
Cell efficiency: 0.300, Output efficiency: 0.276
mdot_h2: 7.87 g/s
Reynolds_number: 10,476,435
Stack prop output power: 343 kW, Pcomp: 11.0 kW
Cell efficiency: 0.300, Output efficiency: 0.276
mdot_h2: 8.36 g/s
Reynolds_number: 10,476,435
Stack prop output power: 343 kW, Pcomp: 11.0 kW
Cell efficiency: 0.300, Output efficiency: 0.276
mdot_h2: 8.38 g/s
Fuel-cell system mass representative phase: climb (P_fc_sys=930.473 kW).

-----------------------
ptotal_climb: 1,238 kW, mtom_est: 5,747 kg, mtom: 5,325 kg, residual: +421.76 kg

MTOM update: initial_bracket_probe_2, relax=1.000 -> mtom_next=5,650.00 kg

======================================================
======================= ITER 3 =======================
Reynolds_number: 10,476,435
Stack prop output power: 344 kW, Pcomp: 11.0 kW
Cell efficiency: 0.300, Output efficiency: 0.276
mdot_h2: 8.38 g/s
Reynolds_number: 10,476,435
Stack prop output power: 364 kW, Pcomp: 11.7 kW
Cell efficiency: 0.300, Output efficiency: 0.276
mdot_h2: 8.87 g/s
Reynolds_number: 10,476,435
Stack prop output power: 364 kW, Pcomp: 11.7 kW
Cell efficiency: 0.300, Output efficiency: 0.276
mdot_h2: 8.89 g/s
Reynolds_number: 8,695,441
Stack prop output power: 275 kW, Pcomp: 8.8 kW
Cell efficiency: 0.298, Output efficiency: 0.275
mdot_h2: 6.74 g/s
Reynolds_number: 8,695,441
Stack prop output power: 291 kW, Pcomp: 9.4 kW
Cell efficiency: 0.298, Output efficiency: 0.275
mdot_h2: 7.13 g/s
Reynolds_number: 8,695,441
Stack prop output power: 292 kW, Pcomp: 9.4 kW
Cell efficiency: 0.298, Output efficiency: 0.275
mdot_h2: 7.15 g/s
Reynolds_number: 10,476,435
Stack prop output power: 456 kW, Pcomp: 4.0 kW
Cell efficiency: 0.290, Output efficiency: 0.273
mdot_h2: 11.25 g/s
Reynolds_number: 10,476,435
Stack prop output power: 493 kW, Pcomp: 4.4 kW
Cell efficiency: 0.290, Output efficiency: 0.273
mdot_h2: 12.17 g/s
Reynolds_number: 6,709,346
Stack prop output power: 442 kW, Pcomp: 3.8 kW
Cell efficiency: 0.305, Output efficiency: 0.287
mdot_h2: 10.36 g/s
Reynolds_number: 6,709,346
Stack prop output power: 478 kW, Pcomp: 4.2 kW
Cell efficiency: 0.305, Output efficiency: 0.287
mdot_h2: 11.21 g/s
Reynolds_number: 10,476,435
Stack prop output power: 344 kW, Pcomp: 11.0 kW
Cell efficiency: 0.300, Output efficiency: 0.276
mdot_h2: 8.38 g/s
Reynolds_number: 10,476,435
Stack prop output power: 364 kW, Pcomp: 11.7 kW
Cell efficiency: 0.300, Output efficiency: 0.276
mdot_h2: 8.87 g/s
Reynolds_number: 10,476,435
Stack prop output power: 364 kW, Pcomp: 11.7 kW
Cell efficiency: 0.300, Output efficiency: 0.276
mdot_h2: 8.89 g/s
Fuel-cell system mass representative phase: climb (P_fc_sys=987.263 kW).

-----------------------
ptotal_climb: 1,313 kW, mtom_est: 5,953 kg, mtom: 5,650 kg, residual: +303.00 kg

MTOM update: newton_prebracket, relax=1.000 -> mtom_next=6,479.19 kg

======================================================
======================= ITER 4 =======================
Reynolds_number: 10,476,435
Stack prop output power: 364 kW, Pcomp: 11.7 kW
Cell efficiency: 0.300, Output efficiency: 0.276
mdot_h2: 8.89 g/s
Reynolds_number: 10,476,435
Stack prop output power: 416 kW, Pcomp: 13.4 kW
Cell efficiency: 0.300, Output efficiency: 0.276
mdot_h2: 10.15 g/s
Reynolds_number: 10,476,435
Stack prop output power: 418 kW, Pcomp: 13.4 kW
Cell efficiency: 0.300, Output efficiency: 0.276
mdot_h2: 10.19 g/s
Reynolds_number: 8,695,441
Stack prop output power: 292 kW, Pcomp: 9.4 kW
Cell efficiency: 0.298, Output efficiency: 0.275
mdot_h2: 7.15 g/s
Reynolds_number: 8,695,441
Stack prop output power: 333 kW, Pcomp: 10.7 kW
Cell efficiency: 0.298, Output efficiency: 0.275
mdot_h2: 8.16 g/s
Reynolds_number: 8,695,441
Stack prop output power: 334 kW, Pcomp: 10.7 kW
Cell efficiency: 0.298, Output efficiency: 0.275
mdot_h2: 8.19 g/s
Reynolds_number: 10,476,435
Stack prop output power: 470 kW, Pcomp: 4.2 kW
Cell efficiency: 0.290, Output efficiency: 0.273
mdot_h2: 11.59 g/s
Reynolds_number: 10,476,435
Stack prop output power: 565 kW, Pcomp: 5.0 kW
Cell efficiency: 0.290, Output efficiency: 0.273
mdot_h2: 13.94 g/s
Reynolds_number: 10,476,435
Stack prop output power: 566 kW, Pcomp: 5.0 kW
Cell efficiency: 0.290, Output efficiency: 0.273
mdot_h2: 13.97 g/s
Reynolds_number: 6,709,346
Stack prop output power: 455 kW, Pcomp: 4.0 kW
Cell efficiency: 0.305, Output efficiency: 0.287
mdot_h2: 10.67 g/s
Reynolds_number: 6,709,346
Stack prop output power: 548 kW, Pcomp: 4.8 kW
Cell efficiency: 0.305, Output efficiency: 0.287
mdot_h2: 12.84 g/s
Reynolds_number: 6,709,346
Stack prop output power: 548 kW, Pcomp: 4.8 kW
Cell efficiency: 0.305, Output efficiency: 0.287
mdot_h2: 12.86 g/s
Reynolds_number: 10,476,435
Stack prop output power: 364 kW, Pcomp: 11.7 kW
Cell efficiency: 0.300, Output efficiency: 0.276
mdot_h2: 8.89 g/s
Reynolds_number: 10,476,435
Stack prop output power: 416 kW, Pcomp: 13.4 kW
Cell efficiency: 0.300, Output efficiency: 0.276
mdot_h2: 10.15 g/s
Reynolds_number: 10,476,435
Stack prop output power: 418 kW, Pcomp: 13.4 kW
Cell efficiency: 0.300, Output efficiency: 0.276
mdot_h2: 10.19 g/s
Fuel-cell system mass representative phase: climb (P_fc_sys=1132.159 kW).

-----------------------
ptotal_climb: 1,506 kW, mtom_est: 6,482 kg, mtom: 6,479 kg, residual: +2.78 kg


CONVERGED

CONVERGED STATE [MTOM iteration 4]
  MTOM=6,482 kg | Wing loading=210.41 kg/m^2 | P/W(climb)=232.37 W/kg
  Phase power: climb=1,506.2 kW | cruise=835.9 kW | loiter=668.7 kW | takeoff=1,459.3 kW | cruise+charger=835.9 kW
  Power split (climb): FC=1,122.1 kW | Battery=374.0 kW | Compressor=10.0 kW | Cooling=472.6 kW | H2=27.930 g/s
  Compressor max across phases: 26.9 kW (cruise)
  FC representative phase (mass sizing): climb (1,132.2 kW)
  Mass summary: MTOM=6,482 kg | Powertrain=1,873 kg | Tank=586.4 kg | Fuel=260.6 kg | Battery=156.3 kg | Nacelle power density=0.73 kW/kg
  Geometry: Main wing area=30.81 m^2 | Horizontal tail area=4.818 m^2 | Horizontal tail location=12.156 m | Vertical tail area=4.923 m^2 | Vertical tail location=11.634 m
  Config: wing loading input=210.32 kg/m^2 | P/W TO/Cl/Cr/Lo=0.16394/0.16919/0.09079/0.07263 kW/kg

=============================================================
========================= CONVERGED =========================
=============================================================
Constraint sizing: ENABLED (min_combined_pw)
Input W/S: 210.32 kg/m^2 (2,062.5 Pa)
Input P/W [kW/kg]: takeoff 0.16394, climb 0.16919, cruise 0.09079, loiter 0.07263
Converged P/W [kW/kg]: takeoff 0.22513, climb 0.23237, cruise 0.12896, loiter 0.10317
-------------------------------------------------------------

Mission Time
Climb time: 5.05 min (0.08 h)
Cruise time: 192.13 min (3.20 h)
Total flight time: 219.18 min (3.65 h)

Phase Power Breakdown
Phase      Time[min]     Total[kW]    FC Stack[kW]   Battery[kW]   Compressor[kW]   Cooling[kW]   mdot_H2[g/s]
--------------------------------------------------------------------------------------------------------------
ready           0.00          75.3            75.3           0.0              0.0           0.0         0.0
taxi            5.00         150.6           150.6           0.0              0.0           0.0         2.8
takeoff         1.00       1,459.3         1,087.3         362.4              9.6         426.6        25.7
climb           5.05       1,506.2         1,122.1         374.0             10.0         472.6        27.9
cruise        192.13         835.9           809.1           0.0             26.9         340.6        20.4
loiter         15.00         668.7           647.3           0.0             21.5         274.4        16.4
landing         1.00           0.0             0.0           0.0              0.0           0.0         0.0

Pcomp_max (solved phases): 26.9 kW (cruise)
Pnet (climb): 1,360 kW
Pelectricnet (climb): 1,496 kW
eta_pt: 0.9031

Geometry
S_wing: 30.81 m^2
b_wing: 16.65 m
Lfus: 14.23 m
Ltank: 5.22 m
S_HT: 4.82 m^2
S_VT: 4.92 m^2
b_HT: 4.66 m
b_VT: 3.06 m
X_HT_act: 12.16 m
X_VT_act: 11.63 m

One Nacelle (1/2)
Stack(1/2): 318 kg, Compressor: 19 kg, Humidifier: 114 kg, HX: 323 kg
W_FCS_single_nacelle (W_Stack+W_Compressor+W_Humidifier+W_Hx): 773 kg
Representative FC phase: climb
Specific Power of Nacelle System: 0.732 kW/kg
dim_hx: dX=1.299 m, dY=1.299 m, dZ=0.213 m
dim_stack: dX=0.376 m, dY=0.307 m, dZ=0.307 m

ALL Nacelles
W_FCS_total: 1,546 kg
W_PMAD: 128 kg
W_Motors: 199 kg

-----------------------
W_Powertrain (W_FCS_total+W_PMAD+W_Motors): 1,873 kg
-----------------------
W_wing: 496 kg
W_Htail: 34 kg
W_Vtail: 62 kg
W_fuselage: 441 kg
W_lnd_gear_main: 243 kg
W_lnd_gear_nose: 65 kg
W_flight_control: 366 kg
W_electric_system: 300 kg
W_iae: 93 kg
W_hydraulics: 78 kg
W_fur: 429 kg
-----------------------
OEM: 2,606 kg
-----------------------
W_tank: 586 kg
W_fuel: 260.6 kg
W_batt: 156.3 kg
-----------------------
W_payload: 1,000 kg
-----------------------
MTOM_grouped (OEM+W_tank+W_fuel+W_batt+W_Powertrain+W_payload): 6,482 kg
MTOM: 6,482 kg
-----------------------

Wing loading (MTOM/S_wing): 210.41 kg/m^2
Power-to-weight (converged): 232.37 W/kg

mdot_H2(cruise): 20.4 g/s
Vtankex: 11.2 m^3
========================== END ==============================


=============================================================
Execution time: 56.5 seconds
=============================================================
