Auto-widening W/S scan window for min_combined_pw: 1900.0..2600.0 -> 1725.0..2775.0 Pa (factor 1.500, lower_hit=True, upper_hit=False, min_on_edge=False).
Auto-widening W/S scan window for min_combined_pw: 1725.0..2775.0 -> 1462.5..3037.5 Pa (factor 1.500, lower_hit=True, upper_hit=False, min_on_edge=False).
ADRpy constraint sizing (min_combined_pw): W/S=2062.5 Pa (210.32 kg/m^2), P/W_TO=0.16394 kW/kg, P/W_climb=0.16919 kW/kg, P/W_cruise=0.09079 kW/kg
Curve minimum (combined/combined): W/S=2062.5 Pa (210.32 kg/m^2), P/W=0.16919 kW/kg
Curve minimum (takeoff/take-off): W/S=1462.5 Pa (149.13 kg/m^2), P/W=0.10196 kW/kg
Curve minimum (climb/climb): W/S=2312.5 Pa (235.81 kg/m^2), P/W=0.16586 kW/kg
Curve minimum (cruise/cruise): W/S=2312.5 Pa (235.81 kg/m^2), P/W=0.08550 kW/kg
======================================================
======================= ITER 1 =======================
Reynolds_number: 10,476,435
Stack prop output power: 500 kW, Pcomp: 16.1 kW
Cell efficiency: 0.300, Output efficiency: 0.276
mdot_h2: 12.20 g/s
Reynolds_number: 10,476,435
Stack prop output power: 328 kW, Pcomp: 10.6 kW
Cell efficiency: 0.300, Output efficiency: 0.276
mdot_h2: 8.01 g/s
Reynolds_number: 10,476,435
Stack prop output power: 323 kW, Pcomp: 10.4 kW
Cell efficiency: 0.300, Output efficiency: 0.276
mdot_h2: 7.87 g/s
Reynolds_number: 8,695,441
Stack prop output power: 500 kW, Pcomp: 16.1 kW
Cell efficiency: 0.298, Output efficiency: 0.275
mdot_h2: 12.26 g/s
Reynolds_number: 8,695,441
Stack prop output power: 266 kW, Pcomp: 8.5 kW
Cell efficiency: 0.298, Output efficiency: 0.275
mdot_h2: 6.52 g/s
Reynolds_number: 8,695,441
Stack prop output power: 258 kW, Pcomp: 8.3 kW
Cell efficiency: 0.298, Output efficiency: 0.275
mdot_h2: 6.33 g/s
Reynolds_number: 10,476,435
Stack prop output power: 356 kW, Pcomp: 3.2 kW
Cell efficiency: 0.290, Output efficiency: 0.273
mdot_h2: 8.77 g/s
Reynolds_number: 10,476,435
Stack prop output power: 436 kW, Pcomp: 3.9 kW
Cell efficiency: 0.290, Output efficiency: 0.273
mdot_h2: 10.76 g/s
Reynolds_number: 10,476,435
Stack prop output power: 437 kW, Pcomp: 3.9 kW
Cell efficiency: 0.290, Output efficiency: 0.273
mdot_h2: 10.78 g/s
Reynolds_number: 6,709,346
Stack prop output power: 360 kW, Pcomp: 3.1 kW
Cell efficiency: 0.305, Output efficiency: 0.287
mdot_h2: 8.45 g/s
Reynolds_number: 6,709,346
Stack prop output power: 423 kW, Pcomp: 3.7 kW
Cell efficiency: 0.305, Output efficiency: 0.287
mdot_h2: 9.91 g/s
Reynolds_number: 6,709,346
Stack prop output power: 423 kW, Pcomp: 3.7 kW
Cell efficiency: 0.305, Output efficiency: 0.287
mdot_h2: 9.92 g/s
Reynolds_number: 10,476,435
Stack prop output power: 500 kW, Pcomp: 16.1 kW
Cell efficiency: 0.300, Output efficiency: 0.276
mdot_h2: 12.20 g/s
Reynolds_number: 10,476,435
Stack prop output power: 328 kW, Pcomp: 10.6 kW
Cell efficiency: 0.300, Output efficiency: 0.276
mdot_h2: 8.01 g/s
Reynolds_number: 10,476,435
Stack prop output power: 323 kW, Pcomp: 10.4 kW
Cell efficiency: 0.300, Output efficiency: 0.276
mdot_h2: 7.87 g/s
Fuel-cell system mass representative phase: climb (P_fc_sys=873.689 kW).

-----------------------
ptotal_climb: 1,162 kW, mtom_est: 5,711 kg, mtom: 5,000 kg, residual: +711.08 kg

MTOM update: initial_bracket_probe_1, relax=1.000 -> mtom_next=5,325.00 kg

======================================================
======================= ITER 2 =======================
Reynolds_number: 10,476,435
Stack prop output power: 323 kW, Pcomp: 10.4 kW
Cell efficiency: 0.300, Output efficiency: 0.276
mdot_h2: 7.87 g/s
Reynolds_number: 10,476,435
Stack prop output power: 343 kW, Pcomp: 11.0 kW
Cell efficiency: 0.300, Output efficiency: 0.276
mdot_h2: 8.36 g/s
Reynolds_number: 10,476,435
Stack prop output power: 343 kW, Pcomp: 11.0 kW
Cell efficiency: 0.300, Output efficiency: 0.276
mdot_h2: 8.38 g/s
Reynolds_number: 8,695,441
Stack prop output power: 258 kW, Pcomp: 8.3 kW
Cell efficiency: 0.298, Output efficiency: 0.275
mdot_h2: 6.32 g/s
Reynolds_number: 8,695,441
Stack prop output power: 274 kW, Pcomp: 8.8 kW
Cell efficiency: 0.298, Output efficiency: 0.275
mdot_h2: 6.72 g/s
Reynolds_number: 8,695,441
Stack prop output power: 275 kW, Pcomp: 8.8 kW
Cell efficiency: 0.298, Output efficiency: 0.275
mdot_h2: 6.74 g/s
Reynolds_number: 10,476,435
Stack prop output power: 427 kW, Pcomp: 3.8 kW
Cell efficiency: 0.290, Output efficiency: 0.273
mdot_h2: 10.55 g/s
Reynolds_number: 10,476,435
Stack prop output power: 465 kW, Pcomp: 4.1 kW
Cell efficiency: 0.290, Output efficiency: 0.273
mdot_h2: 11.47 g/s
Reynolds_number: 6,709,346
Stack prop output power: 414 kW, Pcomp: 3.6 kW
Cell efficiency: 0.305, Output efficiency: 0.287
mdot_h2: 9.71 g/s
Reynolds_number: 6,709,346
Stack prop output power: 450 kW, Pcomp: 3.9 kW
Cell efficiency: 0.305, Output efficiency: 0.287
mdot_h2: 10.56 g/s
Reynolds_number: 10,476,435
Stack prop output power: 323 kW, Pcomp: 10.4 kW
Cell efficiency: 0.300, Output efficiency: 0.276
mdot_h2: 7.87 g/s
Reynolds_number: 10,476,435
Stack prop output power: 343 kW, Pcomp: 11.0 kW
Cell efficiency: 0.300, Output efficiency: 0.276
mdot_h2: 8.36 g/s
Reynolds_number: 10,476,435
Stack prop output power: 343 kW, Pcomp: 11.0 kW
Cell efficiency: 0.300, Output efficiency: 0.276
mdot_h2: 8.38 g/s
Fuel-cell system mass representative phase: climb (P_fc_sys=930.473 kW).

-----------------------
ptotal_climb: 1,238 kW, mtom_est: 5,927 kg, mtom: 5,325 kg, residual: +602.05 kg

MTOM update: initial_bracket_probe_2, relax=1.000 -> mtom_next=5,650.00 kg

======================================================
======================= ITER 3 =======================
Reynolds_number: 10,476,435
Stack prop output power: 344 kW, Pcomp: 11.0 kW
Cell efficiency: 0.300, Output efficiency: 0.276
mdot_h2: 8.38 g/s
Reynolds_number: 10,476,435
Stack prop output power: 364 kW, Pcomp: 11.7 kW
Cell efficiency: 0.300, Output efficiency: 0.276
mdot_h2: 8.87 g/s
Reynolds_number: 10,476,435
Stack prop output power: 364 kW, Pcomp: 11.7 kW
Cell efficiency: 0.300, Output efficiency: 0.276
mdot_h2: 8.89 g/s
Reynolds_number: 8,695,441
Stack prop output power: 275 kW, Pcomp: 8.8 kW
Cell efficiency: 0.298, Output efficiency: 0.275
mdot_h2: 6.74 g/s
Reynolds_number: 8,695,441
Stack prop output power: 291 kW, Pcomp: 9.4 kW
Cell efficiency: 0.298, Output efficiency: 0.275
mdot_h2: 7.13 g/s
Reynolds_number: 8,695,441
Stack prop output power: 292 kW, Pcomp: 9.4 kW
Cell efficiency: 0.298, Output efficiency: 0.275
mdot_h2: 7.15 g/s
Reynolds_number: 10,476,435
Stack prop output power: 456 kW, Pcomp: 4.0 kW
Cell efficiency: 0.290, Output efficiency: 0.273
mdot_h2: 11.25 g/s
Reynolds_number: 10,476,435
Stack prop output power: 493 kW, Pcomp: 4.4 kW
Cell efficiency: 0.290, Output efficiency: 0.273
mdot_h2: 12.17 g/s
Reynolds_number: 6,709,346
Stack prop output power: 442 kW, Pcomp: 3.8 kW
Cell efficiency: 0.305, Output efficiency: 0.287
mdot_h2: 10.36 g/s
Reynolds_number: 6,709,346
Stack prop output power: 478 kW, Pcomp: 4.2 kW
Cell efficiency: 0.305, Output efficiency: 0.287
mdot_h2: 11.21 g/s
Reynolds_number: 10,476,435
Stack prop output power: 344 kW, Pcomp: 11.0 kW
Cell efficiency: 0.300, Output efficiency: 0.276
mdot_h2: 8.38 g/s
Reynolds_number: 10,476,435
Stack prop output power: 364 kW, Pcomp: 11.7 kW
Cell efficiency: 0.300, Output efficiency: 0.276
mdot_h2: 8.87 g/s
Reynolds_number: 10,476,435
Stack prop output power: 364 kW, Pcomp: 11.7 kW
Cell efficiency: 0.300, Output efficiency: 0.276
mdot_h2: 8.89 g/s
Fuel-cell system mass representative phase: climb (P_fc_sys=987.263 kW).

-----------------------
ptotal_climb: 1,313 kW, mtom_est: 6,144 kg, mtom: 5,650 kg, residual: +494.25 kg

MTOM update: newton_prebracket, relax=1.000 -> mtom_next=7,140.12 kg

======================================================
======================= ITER 4 =======================
Reynolds_number: 10,476,435
Stack prop output power: 364 kW, Pcomp: 11.7 kW
Cell efficiency: 0.300, Output efficiency: 0.276
mdot_h2: 8.89 g/s
Reynolds_number: 10,476,435
Stack prop output power: 458 kW, Pcomp: 14.7 kW
Cell efficiency: 0.300, Output efficiency: 0.276
mdot_h2: 11.16 g/s
Reynolds_number: 10,476,435
Stack prop output power: 461 kW, Pcomp: 14.8 kW
Cell efficiency: 0.300, Output efficiency: 0.276
mdot_h2: 11.23 g/s
Reynolds_number: 8,695,441
Stack prop output power: 292 kW, Pcomp: 9.4 kW
Cell efficiency: 0.298, Output efficiency: 0.275
mdot_h2: 7.15 g/s
Reynolds_number: 8,695,441
Stack prop output power: 366 kW, Pcomp: 11.8 kW
Cell efficiency: 0.298, Output efficiency: 0.275
mdot_h2: 8.97 g/s
Reynolds_number: 8,695,441
Stack prop output power: 368 kW, Pcomp: 11.8 kW
Cell efficiency: 0.298, Output efficiency: 0.275
mdot_h2: 9.03 g/s
Reynolds_number: 10,476,435
Stack prop output power: 451 kW, Pcomp: 4.0 kW
Cell efficiency: 0.290, Output efficiency: 0.273
mdot_h2: 11.12 g/s
Reynolds_number: 10,476,435
Stack prop output power: 622 kW, Pcomp: 5.5 kW
Cell efficiency: 0.290, Output efficiency: 0.273
mdot_h2: 15.35 g/s
Reynolds_number: 10,476,435
Stack prop output power: 624 kW, Pcomp: 5.5 kW
Cell efficiency: 0.290, Output efficiency: 0.273
mdot_h2: 15.39 g/s
Reynolds_number: 6,709,346
Stack prop output power: 437 kW, Pcomp: 3.8 kW
Cell efficiency: 0.305, Output efficiency: 0.287
mdot_h2: 10.24 g/s
Reynolds_number: 6,709,346
Stack prop output power: 603 kW, Pcomp: 5.3 kW
Cell efficiency: 0.305, Output efficiency: 0.287
mdot_h2: 14.14 g/s
Reynolds_number: 6,709,346
Stack prop output power: 604 kW, Pcomp: 5.3 kW
Cell efficiency: 0.305, Output efficiency: 0.287
mdot_h2: 14.17 g/s
Reynolds_number: 10,476,435
Stack prop output power: 364 kW, Pcomp: 11.7 kW
Cell efficiency: 0.300, Output efficiency: 0.276
mdot_h2: 8.89 g/s
Reynolds_number: 10,476,435
Stack prop output power: 458 kW, Pcomp: 14.7 kW
Cell efficiency: 0.300, Output efficiency: 0.276
mdot_h2: 11.16 g/s
Reynolds_number: 10,476,435
Stack prop output power: 461 kW, Pcomp: 14.8 kW
Cell efficiency: 0.300, Output efficiency: 0.276
mdot_h2: 11.23 g/s
Fuel-cell system mass representative phase: climb (P_fc_sys=1247.649 kW).

-----------------------
ptotal_climb: 1,660 kW, mtom_est: 7,152 kg, mtom: 7,140 kg, residual: +11.55 kg

MTOM update: newton_prebracket, relax=1.000 -> mtom_next=7,175.77 kg

======================================================
======================= ITER 5 =======================
Reynolds_number: 10,476,435
Stack prop output power: 461 kW, Pcomp: 14.8 kW
Cell efficiency: 0.300, Output efficiency: 0.276
mdot_h2: 11.24 g/s
Reynolds_number: 10,476,435
Stack prop output power: 463 kW, Pcomp: 14.9 kW
Cell efficiency: 0.300, Output efficiency: 0.276
mdot_h2: 11.29 g/s
Reynolds_number: 8,695,441
Stack prop output power: 368 kW, Pcomp: 11.8 kW
Cell efficiency: 0.298, Output efficiency: 0.275
mdot_h2: 9.03 g/s
Reynolds_number: 8,695,441
Stack prop output power: 370 kW, Pcomp: 11.9 kW
Cell efficiency: 0.298, Output efficiency: 0.275
mdot_h2: 9.08 g/s
Reynolds_number: 10,476,435
Stack prop output power: 623 kW, Pcomp: 5.5 kW
Cell efficiency: 0.290, Output efficiency: 0.273
mdot_h2: 15.36 g/s
Reynolds_number: 10,476,435
Stack prop output power: 627 kW, Pcomp: 5.6 kW
Cell efficiency: 0.290, Output efficiency: 0.273
mdot_h2: 15.47 g/s
Reynolds_number: 6,709,346
Stack prop output power: 603 kW, Pcomp: 5.3 kW
Cell efficiency: 0.305, Output efficiency: 0.287
mdot_h2: 14.15 g/s
Reynolds_number: 6,709,346
Stack prop output power: 607 kW, Pcomp: 5.3 kW
Cell efficiency: 0.305, Output efficiency: 0.287
mdot_h2: 14.24 g/s
Reynolds_number: 10,476,435
Stack prop output power: 461 kW, Pcomp: 14.8 kW
Cell efficiency: 0.300, Output efficiency: 0.276
mdot_h2: 11.24 g/s
Reynolds_number: 10,476,435
Stack prop output power: 463 kW, Pcomp: 14.9 kW
Cell efficiency: 0.300, Output efficiency: 0.276
mdot_h2: 11.29 g/s
Fuel-cell system mass representative phase: climb (P_fc_sys=1253.877 kW).

-----------------------
ptotal_climb: 1,668 kW, mtom_est: 7,178 kg, mtom: 7,176 kg, residual: +1.90 kg


CONVERGED

CONVERGED STATE [MTOM iteration 5]
  MTOM=7,178 kg | Wing loading=210.37 kg/m^2 | P/W(climb)=232.41 W/kg
  Phase power: climb=1,668.1 kW | cruise=925.8 kW | loiter=740.6 kW | takeoff=1,616.2 kW | cruise+charger=925.8 kW
  Power split (climb): FC=1,242.8 kW | Battery=414.3 kW | Compressor=11.1 kW | Cooling=523.3 kW | H2=30.932 g/s
  Compressor max across phases: 29.8 kW (cruise)
  FC representative phase (mass sizing): climb (1,253.9 kW)
  Mass summary: MTOM=7,178 kg | Powertrain=2,079 kg | Tank=776.7 kg | Fuel=345.2 kg | Battery=173.1 kg | Nacelle power density=0.73 kW/kg
  Geometry: Main wing area=34.12 m^2 | Horizontal tail area=4.878 m^2 | Horizontal tail location=13.842 m | Vertical tail area=4.963 m^2 | Vertical tail location=13.320 m
  Config: wing loading input=210.32 kg/m^2 | P/W TO/Cl/Cr/Lo=0.16394/0.16919/0.09079/0.07263 kW/kg

=============================================================
========================= CONVERGED =========================
=============================================================
Constraint sizing: ENABLED (min_combined_pw)
Input W/S: 210.32 kg/m^2 (2,062.5 Pa)
Input P/W [kW/kg]: takeoff 0.16394, climb 0.16919, cruise 0.09079, loiter 0.07263
Converged P/W [kW/kg]: takeoff 0.22517, climb 0.23241, cruise 0.12898, loiter 0.10318
-------------------------------------------------------------

Mission Time
Climb time: 5.05 min (0.08 h)
Cruise time: 233.88 min (3.90 h)
Total flight time: 260.93 min (4.35 h)

Phase Power Breakdown
Phase      Time[min]     Total[kW]    FC Stack[kW]   Battery[kW]   Compressor[kW]   Cooling[kW]   mdot_H2[g/s]
--------------------------------------------------------------------------------------------------------------
ready           0.00          83.4            83.4           0.0              0.0           0.0         0.0
taxi            5.00         166.8           166.8           0.0              0.0           0.0         3.1
takeoff         1.00       1,616.2         1,204.2         401.4             10.6         472.4        28.5
climb           5.05       1,668.1         1,242.8         414.3             11.1         523.3        30.9
cruise        233.88         925.8           896.0           0.0             29.8         377.1        22.6
loiter         15.00         740.6           716.8           0.0             23.8         303.8        18.2
landing         1.00           0.0             0.0           0.0              0.0           0.0         0.0

Pcomp_max (solved phases): 29.8 kW (cruise)
Pnet (climb): 1,506 kW
Pelectricnet (climb): 1,657 kW
eta_pt: 0.9031

Geometry
S_wing: 34.12 m^2
b_wing: 17.52 m
Lfus: 15.93 m
Ltank: 6.92 m
S_HT: 4.88 m^2
S_VT: 4.96 m^2
b_HT: 4.69 m
b_VT: 3.07 m
X_HT_act: 13.84 m
X_VT_act: 13.32 m

One Nacelle (1/2)
Stack(1/2): 352 kg, Compressor: 24 kg, Humidifier: 125 kg, HX: 357 kg
W_FCS_single_nacelle (W_Stack+W_Compressor+W_Humidifier+W_Hx): 859 kg
Representative FC phase: climb
Specific Power of Nacelle System: 0.730 kW/kg
dim_hx: dX=1.368 m, dY=1.368 m, dZ=0.213 m
dim_stack: dX=0.376 m, dY=0.323 m, dZ=0.323 m

ALL Nacelles
W_FCS_total: 1,717 kg
W_PMAD: 142 kg
W_Motors: 220 kg

-----------------------
W_Powertrain (W_FCS_total+W_PMAD+W_Motors): 2,079 kg
-----------------------
W_wing: 563 kg
W_Htail: 37 kg
W_Vtail: 65 kg
W_fuselage: 508 kg
W_lnd_gear_main: 243 kg
W_lnd_gear_nose: 65 kg
W_flight_control: 366 kg
W_electric_system: 300 kg
W_iae: 101 kg
W_hydraulics: 86 kg
W_fur: 470 kg
-----------------------
OEM: 2,803 kg
-----------------------
W_tank: 777 kg
W_fuel: 345.2 kg
W_batt: 173.1 kg
-----------------------
W_payload: 1,000 kg
-----------------------
MTOM_grouped (OEM+W_tank+W_fuel+W_batt+W_Powertrain+W_payload): 7,178 kg
MTOM: 7,178 kg
-----------------------

Wing loading (MTOM/S_wing): 210.37 kg/m^2
Power-to-weight (converged): 232.41 W/kg

mdot_H2(cruise): 22.6 g/s
Vtankex: 14.8 m^3
========================== END ==============================


=============================================================
Execution time: 64.6 seconds
=============================================================
