Auto-widening W/S scan window for min_combined_pw: 1900.0..2600.0 -> 1725.0..2775.0 Pa (factor 1.500, lower_hit=True, upper_hit=False, min_on_edge=False).
Auto-widening W/S scan window for min_combined_pw: 1725.0..2775.0 -> 1462.5..3037.5 Pa (factor 1.500, lower_hit=True, upper_hit=False, min_on_edge=False).
ADRpy constraint sizing (min_combined_pw): W/S=2112.5 Pa (215.42 kg/m^2), P/W_TO=0.16953 kW/kg, P/W_climb=0.16894 kW/kg, P/W_cruise=0.12706 kW/kg
Curve minimum (combined/combined): W/S=2112.5 Pa (215.42 kg/m^2), P/W=0.16953 kW/kg
Curve minimum (takeoff/take-off): W/S=1462.5 Pa (149.13 kg/m^2), P/W=0.10196 kW/kg
Curve minimum (climb/climb): W/S=2312.5 Pa (235.81 kg/m^2), P/W=0.16652 kW/kg
Curve minimum (cruise/cruise): W/S=2312.5 Pa (235.81 kg/m^2), P/W=0.11922 kW/kg
======================================================
======================= ITER 1 =======================
Reynolds_number: 12,204,507
Stack prop output power: 500 kW, Pcomp: 16.1 kW
Cell efficiency: 0.301, Output efficiency: 0.277
mdot_h2: 12.13 g/s
Reynolds_number: 12,204,507
Stack prop output power: 453 kW, Pcomp: 14.6 kW
Cell efficiency: 0.301, Output efficiency: 0.277
mdot_h2: 10.99 g/s
Reynolds_number: 12,204,507
Stack prop output power: 451 kW, Pcomp: 14.5 kW
Cell efficiency: 0.301, Output efficiency: 0.277
mdot_h2: 10.95 g/s
Reynolds_number: 10,129,741
Stack prop output power: 500 kW, Pcomp: 16.1 kW
Cell efficiency: 0.299, Output efficiency: 0.276
mdot_h2: 12.21 g/s
Reynolds_number: 10,129,741
Stack prop output power: 366 kW, Pcomp: 11.8 kW
Cell efficiency: 0.299, Output efficiency: 0.276
mdot_h2: 8.93 g/s
Reynolds_number: 10,129,741
Stack prop output power: 361 kW, Pcomp: 11.6 kW
Cell efficiency: 0.299, Output efficiency: 0.276
mdot_h2: 8.82 g/s
Reynolds_number: 12,204,507
Stack prop output power: 356 kW, Pcomp: 3.2 kW
Cell efficiency: 0.292, Output efficiency: 0.275
mdot_h2: 8.72 g/s
Reynolds_number: 12,204,507
Stack prop output power: 435 kW, Pcomp: 3.9 kW
Cell efficiency: 0.292, Output efficiency: 0.275
mdot_h2: 10.68 g/s
Reynolds_number: 12,204,507
Stack prop output power: 436 kW, Pcomp: 3.9 kW
Cell efficiency: 0.292, Output efficiency: 0.275
mdot_h2: 10.69 g/s
Reynolds_number: 6,709,346
Stack prop output power: 355 kW, Pcomp: 3.1 kW
Cell efficiency: 0.305, Output efficiency: 0.287
mdot_h2: 8.33 g/s
Reynolds_number: 6,709,346
Stack prop output power: 437 kW, Pcomp: 3.8 kW
Cell efficiency: 0.305, Output efficiency: 0.287
mdot_h2: 10.25 g/s
Reynolds_number: 6,709,346
Stack prop output power: 438 kW, Pcomp: 3.8 kW
Cell efficiency: 0.305, Output efficiency: 0.287
mdot_h2: 10.26 g/s
Reynolds_number: 12,204,507
Stack prop output power: 500 kW, Pcomp: 16.1 kW
Cell efficiency: 0.301, Output efficiency: 0.277
mdot_h2: 12.13 g/s
Reynolds_number: 12,204,507
Stack prop output power: 453 kW, Pcomp: 14.6 kW
Cell efficiency: 0.301, Output efficiency: 0.277
mdot_h2: 10.99 g/s
Reynolds_number: 12,204,507
Stack prop output power: 451 kW, Pcomp: 14.5 kW
Cell efficiency: 0.301, Output efficiency: 0.277
mdot_h2: 10.95 g/s
Fuel-cell system mass representative phase: cruise (P_fc_sys=902.844 kW).

-----------------------
ptotal_climb: 1,161 kW, mtom_est: 6,845 kg, mtom: 5,000 kg, residual: +1,844.76 kg

MTOM update: initial_bracket_probe_1, relax=1.000 -> mtom_next=5,325.00 kg

======================================================
======================= ITER 2 =======================
Reynolds_number: 12,204,507
Stack prop output power: 451 kW, Pcomp: 14.5 kW
Cell efficiency: 0.301, Output efficiency: 0.277
mdot_h2: 10.95 g/s
Reynolds_number: 12,204,507
Stack prop output power: 480 kW, Pcomp: 15.4 kW
Cell efficiency: 0.301, Output efficiency: 0.277
mdot_h2: 11.64 g/s
Reynolds_number: 12,204,507
Stack prop output power: 481 kW, Pcomp: 15.5 kW
Cell efficiency: 0.301, Output efficiency: 0.277
mdot_h2: 11.66 g/s
Reynolds_number: 10,129,741
Stack prop output power: 361 kW, Pcomp: 11.6 kW
Cell efficiency: 0.299, Output efficiency: 0.276
mdot_h2: 8.82 g/s
Reynolds_number: 10,129,741
Stack prop output power: 384 kW, Pcomp: 12.3 kW
Cell efficiency: 0.299, Output efficiency: 0.276
mdot_h2: 9.37 g/s
Reynolds_number: 10,129,741
Stack prop output power: 385 kW, Pcomp: 12.4 kW
Cell efficiency: 0.299, Output efficiency: 0.276
mdot_h2: 9.39 g/s
Reynolds_number: 12,204,507
Stack prop output power: 427 kW, Pcomp: 3.8 kW
Cell efficiency: 0.292, Output efficiency: 0.275
mdot_h2: 10.46 g/s
Reynolds_number: 12,204,507
Stack prop output power: 464 kW, Pcomp: 4.1 kW
Cell efficiency: 0.292, Output efficiency: 0.275
mdot_h2: 11.38 g/s
Reynolds_number: 6,709,346
Stack prop output power: 428 kW, Pcomp: 3.7 kW
Cell efficiency: 0.305, Output efficiency: 0.287
mdot_h2: 10.04 g/s
Reynolds_number: 6,709,346
Stack prop output power: 466 kW, Pcomp: 4.1 kW
Cell efficiency: 0.305, Output efficiency: 0.287
mdot_h2: 10.92 g/s
Reynolds_number: 12,204,507
Stack prop output power: 451 kW, Pcomp: 14.5 kW
Cell efficiency: 0.301, Output efficiency: 0.277
mdot_h2: 10.95 g/s
Reynolds_number: 12,204,507
Stack prop output power: 480 kW, Pcomp: 15.4 kW
Cell efficiency: 0.301, Output efficiency: 0.277
mdot_h2: 11.64 g/s
Reynolds_number: 12,204,507
Stack prop output power: 481 kW, Pcomp: 15.5 kW
Cell efficiency: 0.301, Output efficiency: 0.277
mdot_h2: 11.66 g/s
Fuel-cell system mass representative phase: cruise (P_fc_sys=961.524 kW).

-----------------------
ptotal_climb: 1,236 kW, mtom_est: 7,099 kg, mtom: 5,325 kg, residual: +1,773.61 kg

MTOM update: initial_bracket_probe_2, relax=1.000 -> mtom_next=5,650.00 kg

======================================================
======================= ITER 3 =======================
Reynolds_number: 12,204,507
Stack prop output power: 481 kW, Pcomp: 15.5 kW
Cell efficiency: 0.301, Output efficiency: 0.277
mdot_h2: 11.66 g/s
Reynolds_number: 12,204,507
Stack prop output power: 509 kW, Pcomp: 16.4 kW
Cell efficiency: 0.301, Output efficiency: 0.277
mdot_h2: 12.35 g/s
Reynolds_number: 12,204,507
Stack prop output power: 510 kW, Pcomp: 16.4 kW
Cell efficiency: 0.301, Output efficiency: 0.277
mdot_h2: 12.38 g/s
Reynolds_number: 10,129,741
Stack prop output power: 385 kW, Pcomp: 12.4 kW
Cell efficiency: 0.299, Output efficiency: 0.276
mdot_h2: 9.39 g/s
Reynolds_number: 10,129,741
Stack prop output power: 407 kW, Pcomp: 13.1 kW
Cell efficiency: 0.299, Output efficiency: 0.276
mdot_h2: 9.95 g/s
Reynolds_number: 10,129,741
Stack prop output power: 408 kW, Pcomp: 13.1 kW
Cell efficiency: 0.299, Output efficiency: 0.276
mdot_h2: 9.96 g/s
Reynolds_number: 12,204,507
Stack prop output power: 455 kW, Pcomp: 4.0 kW
Cell efficiency: 0.292, Output efficiency: 0.275
mdot_h2: 11.16 g/s
Reynolds_number: 12,204,507
Stack prop output power: 493 kW, Pcomp: 4.4 kW
Cell efficiency: 0.292, Output efficiency: 0.275
mdot_h2: 12.08 g/s
Reynolds_number: 6,709,346
Stack prop output power: 457 kW, Pcomp: 4.0 kW
Cell efficiency: 0.305, Output efficiency: 0.287
mdot_h2: 10.71 g/s
Reynolds_number: 6,709,346
Stack prop output power: 494 kW, Pcomp: 4.3 kW
Cell efficiency: 0.305, Output efficiency: 0.287
mdot_h2: 11.59 g/s
Reynolds_number: 12,204,507
Stack prop output power: 481 kW, Pcomp: 15.5 kW
Cell efficiency: 0.301, Output efficiency: 0.277
mdot_h2: 11.66 g/s
Reynolds_number: 12,204,507
Stack prop output power: 509 kW, Pcomp: 16.4 kW
Cell efficiency: 0.301, Output efficiency: 0.277
mdot_h2: 12.35 g/s
Reynolds_number: 12,204,507
Stack prop output power: 510 kW, Pcomp: 16.4 kW
Cell efficiency: 0.301, Output efficiency: 0.277
mdot_h2: 12.38 g/s
Fuel-cell system mass representative phase: cruise (P_fc_sys=1020.209 kW).

-----------------------
ptotal_climb: 1,312 kW, mtom_est: 7,353 kg, mtom: 5,650 kg, residual: +1,702.76 kg

MTOM update: newton_prebracket, relax=1.000 -> mtom_next=7,627.50 kg

======================================================
======================= ITER 4 =======================
Reynolds_number: 12,204,507
Stack prop output power: 510 kW, Pcomp: 16.4 kW
Cell efficiency: 0.301, Output efficiency: 0.277
mdot_h2: 12.38 g/s
Reynolds_number: 12,204,507
Stack prop output power: 683 kW, Pcomp: 22.0 kW
Cell efficiency: 0.301, Output efficiency: 0.277
mdot_h2: 16.57 g/s
Reynolds_number: 12,204,507
Stack prop output power: 688 kW, Pcomp: 22.2 kW
Cell efficiency: 0.301, Output efficiency: 0.277
mdot_h2: 16.70 g/s
Reynolds_number: 10,129,741
Stack prop output power: 408 kW, Pcomp: 13.1 kW
Cell efficiency: 0.299, Output efficiency: 0.276
mdot_h2: 9.96 g/s
Reynolds_number: 10,129,741
Stack prop output power: 546 kW, Pcomp: 17.6 kW
Cell efficiency: 0.299, Output efficiency: 0.276
mdot_h2: 13.34 g/s
Reynolds_number: 10,129,741
Stack prop output power: 551 kW, Pcomp: 17.7 kW
Cell efficiency: 0.299, Output efficiency: 0.276
mdot_h2: 13.45 g/s
Reynolds_number: 12,204,507
Stack prop output power: 436 kW, Pcomp: 3.9 kW
Cell efficiency: 0.292, Output efficiency: 0.275
mdot_h2: 10.69 g/s
Reynolds_number: 12,204,507
Stack prop output power: 663 kW, Pcomp: 5.9 kW
Cell efficiency: 0.292, Output efficiency: 0.275
mdot_h2: 16.26 g/s
Reynolds_number: 12,204,507
Stack prop output power: 665 kW, Pcomp: 5.9 kW
Cell efficiency: 0.292, Output efficiency: 0.275
mdot_h2: 16.31 g/s
Reynolds_number: 6,709,346
Stack prop output power: 437 kW, Pcomp: 3.8 kW
Cell efficiency: 0.305, Output efficiency: 0.287
mdot_h2: 10.26 g/s
Reynolds_number: 6,709,346
Stack prop output power: 666 kW, Pcomp: 5.8 kW
Cell efficiency: 0.305, Output efficiency: 0.287
mdot_h2: 15.61 g/s
Reynolds_number: 6,709,346
Stack prop output power: 668 kW, Pcomp: 5.8 kW
Cell efficiency: 0.305, Output efficiency: 0.287
mdot_h2: 15.65 g/s
Reynolds_number: 12,204,507
Stack prop output power: 510 kW, Pcomp: 16.4 kW
Cell efficiency: 0.301, Output efficiency: 0.277
mdot_h2: 12.38 g/s
Reynolds_number: 12,204,507
Stack prop output power: 683 kW, Pcomp: 22.0 kW
Cell efficiency: 0.301, Output efficiency: 0.277
mdot_h2: 16.57 g/s
Reynolds_number: 12,204,507
Stack prop output power: 688 kW, Pcomp: 22.2 kW
Cell efficiency: 0.301, Output efficiency: 0.277
mdot_h2: 16.70 g/s
Fuel-cell system mass representative phase: cruise (P_fc_sys=1377.272 kW).

-----------------------
ptotal_climb: 1,771 kW, mtom_est: 8,910 kg, mtom: 7,628 kg, residual: +1,282.77 kg

MTOM update: newton_prebracket, relax=1.000 -> mtom_next=10,297.12 kg

======================================================
======================= ITER 5 =======================
Reynolds_number: 12,204,507
Stack prop output power: 689 kW, Pcomp: 22.2 kW
Cell efficiency: 0.301, Output efficiency: 0.277
mdot_h2: 16.71 g/s
Reynolds_number: 12,204,507
Stack prop output power: 922 kW, Pcomp: 29.7 kW
Cell efficiency: 0.301, Output efficiency: 0.277
mdot_h2: 22.37 g/s
Reynolds_number: 12,204,507
Stack prop output power: 929 kW, Pcomp: 29.9 kW
Cell efficiency: 0.301, Output efficiency: 0.277
mdot_h2: 22.55 g/s
Reynolds_number: 10,129,741
Stack prop output power: 551 kW, Pcomp: 17.7 kW
Cell efficiency: 0.299, Output efficiency: 0.276
mdot_h2: 13.45 g/s
Reynolds_number: 10,129,741
Stack prop output power: 738 kW, Pcomp: 23.7 kW
Cell efficiency: 0.299, Output efficiency: 0.276
mdot_h2: 18.01 g/s
Reynolds_number: 10,129,741
Stack prop output power: 744 kW, Pcomp: 23.9 kW
Cell efficiency: 0.299, Output efficiency: 0.276
mdot_h2: 18.16 g/s
Reynolds_number: 12,204,507
Stack prop output power: 588 kW, Pcomp: 5.2 kW
Cell efficiency: 0.292, Output efficiency: 0.275
mdot_h2: 14.43 g/s
Reynolds_number: 12,204,507
Stack prop output power: 896 kW, Pcomp: 7.9 kW
Cell efficiency: 0.292, Output efficiency: 0.275
mdot_h2: 21.95 g/s
Reynolds_number: 12,204,507
Stack prop output power: 898 kW, Pcomp: 8.0 kW
Cell efficiency: 0.292, Output efficiency: 0.275
mdot_h2: 22.02 g/s
Reynolds_number: 6,709,346
Stack prop output power: 590 kW, Pcomp: 5.1 kW
Cell efficiency: 0.305, Output efficiency: 0.287
mdot_h2: 13.84 g/s
Reynolds_number: 6,709,346
Stack prop output power: 899 kW, Pcomp: 7.8 kW
Cell efficiency: 0.305, Output efficiency: 0.287
mdot_h2: 21.07 g/s
Reynolds_number: 6,709,346
Stack prop output power: 901 kW, Pcomp: 7.8 kW
Cell efficiency: 0.305, Output efficiency: 0.287
mdot_h2: 21.13 g/s
Reynolds_number: 12,204,507
Stack prop output power: 689 kW, Pcomp: 22.2 kW
Cell efficiency: 0.301, Output efficiency: 0.277
mdot_h2: 16.71 g/s
Reynolds_number: 12,204,507
Stack prop output power: 922 kW, Pcomp: 29.7 kW
Cell efficiency: 0.301, Output efficiency: 0.277
mdot_h2: 22.37 g/s
Reynolds_number: 12,204,507
Stack prop output power: 929 kW, Pcomp: 29.9 kW
Cell efficiency: 0.301, Output efficiency: 0.277
mdot_h2: 22.55 g/s
Fuel-cell system mass representative phase: cruise (P_fc_sys=1859.318 kW).

-----------------------
ptotal_climb: 2,390 kW, mtom_est: 11,033 kg, mtom: 10,297 kg, residual: +736.37 kg

MTOM update: newton_prebracket, relax=1.000 -> mtom_next=13,894.91 kg

======================================================
======================= ITER 6 =======================
Reynolds_number: 12,204,507
Stack prop output power: 930 kW, Pcomp: 29.9 kW
Cell efficiency: 0.301, Output efficiency: 0.277
mdot_h2: 22.56 g/s
Reynolds_number: 12,204,507
Stack prop output power: 1,244 kW, Pcomp: 40.0 kW
Cell efficiency: 0.301, Output efficiency: 0.277
mdot_h2: 30.18 g/s
Reynolds_number: 12,204,507
Stack prop output power: 1,254 kW, Pcomp: 40.4 kW
Cell efficiency: 0.301, Output efficiency: 0.277
mdot_h2: 30.43 g/s
Reynolds_number: 10,129,741
Stack prop output power: 744 kW, Pcomp: 23.9 kW
Cell efficiency: 0.299, Output efficiency: 0.276
mdot_h2: 18.16 g/s
Reynolds_number: 10,129,741
Stack prop output power: 995 kW, Pcomp: 32.0 kW
Cell efficiency: 0.299, Output efficiency: 0.276
mdot_h2: 24.30 g/s
Reynolds_number: 10,129,741
Stack prop output power: 1,003 kW, Pcomp: 32.3 kW
Cell efficiency: 0.299, Output efficiency: 0.276
mdot_h2: 24.50 g/s
Reynolds_number: 12,204,507
Stack prop output power: 795 kW, Pcomp: 7.0 kW
Cell efficiency: 0.292, Output efficiency: 0.275
mdot_h2: 19.48 g/s
Reynolds_number: 12,204,507
Stack prop output power: 1,209 kW, Pcomp: 10.7 kW
Cell efficiency: 0.292, Output efficiency: 0.275
mdot_h2: 29.63 g/s
Reynolds_number: 12,204,507
Stack prop output power: 1,212 kW, Pcomp: 10.7 kW
Cell efficiency: 0.292, Output efficiency: 0.275
mdot_h2: 29.72 g/s
Reynolds_number: 6,709,346
Stack prop output power: 797 kW, Pcomp: 6.9 kW
Cell efficiency: 0.305, Output efficiency: 0.287
mdot_h2: 18.69 g/s
Reynolds_number: 6,709,346
Stack prop output power: 1,213 kW, Pcomp: 10.6 kW
Cell efficiency: 0.305, Output efficiency: 0.287
mdot_h2: 28.43 g/s
Reynolds_number: 6,709,346
Stack prop output power: 1,216 kW, Pcomp: 10.6 kW
Cell efficiency: 0.305, Output efficiency: 0.287
mdot_h2: 28.52 g/s
Reynolds_number: 12,204,507
Stack prop output power: 930 kW, Pcomp: 29.9 kW
Cell efficiency: 0.301, Output efficiency: 0.277
mdot_h2: 22.56 g/s
Reynolds_number: 12,204,507
Stack prop output power: 1,244 kW, Pcomp: 40.0 kW
Cell efficiency: 0.301, Output efficiency: 0.277
mdot_h2: 30.18 g/s
Reynolds_number: 12,204,507
Stack prop output power: 1,254 kW, Pcomp: 40.4 kW
Cell efficiency: 0.301, Output efficiency: 0.277
mdot_h2: 30.43 g/s
Fuel-cell system mass representative phase: cruise (P_fc_sys=2508.957 kW).

-----------------------
ptotal_climb: 3,225 kW, mtom_est: 13,930 kg, mtom: 13,895 kg, residual: +34.94 kg

MTOM update: newton_prebracket, relax=1.000 -> mtom_next=14,074.13 kg

======================================================
======================= ITER 7 =======================
Reynolds_number: 12,204,507
Stack prop output power: 1,254 kW, Pcomp: 40.4 kW
Cell efficiency: 0.301, Output efficiency: 0.277
mdot_h2: 30.44 g/s
Reynolds_number: 12,204,507
Stack prop output power: 1,270 kW, Pcomp: 40.9 kW
Cell efficiency: 0.301, Output efficiency: 0.277
mdot_h2: 30.82 g/s
Reynolds_number: 12,204,507
Stack prop output power: 1,271 kW, Pcomp: 40.9 kW
Cell efficiency: 0.301, Output efficiency: 0.277
mdot_h2: 30.83 g/s
Reynolds_number: 10,129,741
Stack prop output power: 1,004 kW, Pcomp: 32.3 kW
Cell efficiency: 0.299, Output efficiency: 0.276
mdot_h2: 24.50 g/s
Reynolds_number: 10,129,741
Stack prop output power: 1,016 kW, Pcomp: 32.7 kW
Cell efficiency: 0.299, Output efficiency: 0.276
mdot_h2: 24.81 g/s
Reynolds_number: 12,204,507
Stack prop output power: 1,207 kW, Pcomp: 10.7 kW
Cell efficiency: 0.292, Output efficiency: 0.275
mdot_h2: 29.59 g/s
Reynolds_number: 12,204,507
Stack prop output power: 1,228 kW, Pcomp: 10.9 kW
Cell efficiency: 0.292, Output efficiency: 0.275
mdot_h2: 30.10 g/s
Reynolds_number: 6,709,346
Stack prop output power: 1,211 kW, Pcomp: 10.5 kW
Cell efficiency: 0.305, Output efficiency: 0.287
mdot_h2: 28.40 g/s
Reynolds_number: 6,709,346
Stack prop output power: 1,232 kW, Pcomp: 10.7 kW
Cell efficiency: 0.305, Output efficiency: 0.287
mdot_h2: 28.88 g/s
Reynolds_number: 12,204,507
Stack prop output power: 1,254 kW, Pcomp: 40.4 kW
Cell efficiency: 0.301, Output efficiency: 0.277
mdot_h2: 30.44 g/s
Reynolds_number: 12,204,507
Stack prop output power: 1,270 kW, Pcomp: 40.9 kW
Cell efficiency: 0.301, Output efficiency: 0.277
mdot_h2: 30.82 g/s
Reynolds_number: 12,204,507
Stack prop output power: 1,271 kW, Pcomp: 40.9 kW
Cell efficiency: 0.301, Output efficiency: 0.277
mdot_h2: 30.83 g/s
Fuel-cell system mass representative phase: cruise (P_fc_sys=2541.340 kW).

-----------------------
ptotal_climb: 3,267 kW, mtom_est: 14,076 kg, mtom: 14,074 kg, residual: +1.68 kg


CONVERGED

CONVERGED STATE [MTOM iteration 7]
  MTOM=14,076 kg | Wing loading=215.44 kg/m^2 | P/W(climb)=232.10 W/kg
  Phase power: climb=3,267.0 kW | cruise=2,541.3 kW | loiter=2,033.0 kW | takeoff=3,278.0 kW | cruise+charger=2,541.3 kW
  Power split (climb): FC=2,433.9 kW | Battery=811.3 kW | Compressor=21.8 kW | Cooling=1,015.3 kW | H2=60.190 g/s
  Compressor max across phases: 81.8 kW (cruise)
  FC representative phase (mass sizing): cruise (2,541.3 kW)
  Mass summary: MTOM=14,076 kg | Powertrain=3,966 kg | Tank=2,406.6 kg | Fuel=1,069.6 kg | Battery=340.9 kg | Nacelle power density=0.78 kW/kg
  Geometry: Main wing area=65.33 m^2 | Horizontal tail area=6.096 m^2 | Horizontal tail location=28.185 m | Vertical tail area=6.129 m^2 | Vertical tail location=27.582 m
  Config: wing loading input=215.42 kg/m^2 | P/W TO/Cl/Cr/Lo=0.16953/0.16894/0.12706/0.10165 kW/kg

=============================================================
========================= CONVERGED =========================
=============================================================
Constraint sizing: ENABLED (min_combined_pw)
Input W/S: 215.42 kg/m^2 (2,112.5 Pa)
Input P/W [kW/kg]: takeoff 0.16953, climb 0.16894, cruise 0.12706, loiter 0.10165
Converged P/W [kW/kg]: takeoff 0.23288, climb 0.23210, cruise 0.18055, loiter 0.14443
-------------------------------------------------------------

Mission Time
Climb time: 5.05 min (0.08 h)
Cruise time: 270.68 min (4.51 h)
Total flight time: 297.73 min (4.96 h)

Phase Power Breakdown
Phase      Time[min]     Total[kW]    FC Stack[kW]   Battery[kW]   Compressor[kW]   Cooling[kW]   mdot_H2[g/s]
--------------------------------------------------------------------------------------------------------------
ready           0.00         163.3           163.3           0.0              0.0           0.0         0.0
taxi            5.00         326.7           326.7           0.0              0.0           0.0         6.0
takeoff         1.00       3,278.0         2,442.4         814.1             21.5         957.5        57.8
climb           5.05       3,267.0         2,433.9         811.3             21.8       1,015.3        60.2
cruise        270.68       2,541.3         2,459.6           0.0             81.8       1,026.7        61.7
loiter         15.00       2,033.0         1,967.6           0.0             65.3         828.4        49.6
landing         1.00           0.0             0.0           0.0              0.0           0.0         0.0

Pcomp_max (solved phases): 81.8 kW (cruise)
Pnet (climb): 2,950 kW
Pelectricnet (climb): 3,245 kW
eta_pt: 0.9031

Geometry
S_wing: 65.33 m^2
b_wing: 24.25 m
Lfus: 30.45 m
Ltank: 21.44 m
S_HT: 6.10 m^2
S_VT: 6.13 m^2
b_HT: 5.24 m
b_VT: 3.41 m
X_HT_act: 28.19 m
X_VT_act: 27.58 m

One Nacelle (1/2)
Stack(1/2): 704 kg, Compressor: 76 kg, Humidifier: 227 kg, HX: 622 kg
W_FCS_single_nacelle (W_Stack+W_Compressor+W_Humidifier+W_Hx): 1,629 kg
Representative FC phase: cruise
Specific Power of Nacelle System: 0.780 kW/kg
dim_hx: dX=1.770 m, dY=1.770 m, dZ=0.222 m
dim_stack: dX=0.363 m, dY=0.465 m, dZ=0.465 m

ALL Nacelles
W_FCS_total: 3,258 kg
W_PMAD: 278 kg
W_Motors: 431 kg

-----------------------
W_Powertrain (W_FCS_total+W_PMAD+W_Motors): 3,966 kg
-----------------------
W_wing: 1,285 kg
W_Htail: 67 kg
W_Vtail: 106 kg
W_fuselage: 1,230 kg
W_lnd_gear_main: 243 kg
W_lnd_gear_nose: 65 kg
W_flight_control: 366 kg
W_electric_system: 300 kg
W_iae: 186 kg
W_hydraulics: 169 kg
W_fur: 778 kg
-----------------------
OEM: 4,793 kg
-----------------------
W_tank: 2,407 kg
W_fuel: 1,069.6 kg
W_batt: 340.9 kg
-----------------------
W_payload: 1,500 kg
-----------------------
MTOM_grouped (OEM+W_tank+W_fuel+W_batt+W_Powertrain+W_payload): 14,076 kg
MTOM: 14,076 kg
-----------------------

Wing loading (MTOM/S_wing): 215.44 kg/m^2
Power-to-weight (converged): 232.10 W/kg

mdot_H2(cruise): 61.7 g/s
Vtankex: 45.8 m^3
========================== END ==============================


=============================================================
Execution time: 96.8 seconds
=============================================================
