Auto-widening W/S scan window for min_combined_pw: 1900.0..2600.0 -> 1725.0..2775.0 Pa (factor 1.500, lower_hit=True, upper_hit=False, min_on_edge=False).
Auto-widening W/S scan window for min_combined_pw: 1725.0..2775.0 -> 1462.5..3037.5 Pa (factor 1.500, lower_hit=True, upper_hit=False, min_on_edge=False).
ADRpy constraint sizing (min_combined_pw): W/S=2112.5 Pa (215.42 kg/m^2), P/W_TO=0.16953 kW/kg, P/W_climb=0.17369 kW/kg, P/W_cruise=0.16944 kW/kg
Curve minimum (combined/combined): W/S=2112.5 Pa (215.42 kg/m^2), P/W=0.17369 kW/kg
Curve minimum (takeoff/take-off): W/S=1462.5 Pa (149.13 kg/m^2), P/W=0.10196 kW/kg
Curve minimum (climb/climb): W/S=2312.5 Pa (235.81 kg/m^2), P/W=0.17133 kW/kg
Curve minimum (cruise/cruise): W/S=2312.5 Pa (235.81 kg/m^2), P/W=0.15770 kW/kg
======================================================
======================= ITER 1 =======================
Reynolds_number: 13,318,653
Stack prop output power: 500 kW, Pcomp: 20.9 kW
Cell efficiency: 0.302, Output efficiency: 0.276
mdot_h2: 12.21 g/s
Reynolds_number: 13,318,653
Stack prop output power: 604 kW, Pcomp: 25.2 kW
Cell efficiency: 0.302, Output efficiency: 0.276
mdot_h2: 14.73 g/s
Reynolds_number: 13,318,653
Stack prop output power: 608 kW, Pcomp: 25.4 kW
Cell efficiency: 0.302, Output efficiency: 0.276
mdot_h2: 14.84 g/s
Reynolds_number: 11,054,482
Stack prop output power: 500 kW, Pcomp: 20.9 kW
Cell efficiency: 0.300, Output efficiency: 0.274
mdot_h2: 12.30 g/s
Reynolds_number: 11,054,482
Stack prop output power: 487 kW, Pcomp: 20.3 kW
Cell efficiency: 0.300, Output efficiency: 0.274
mdot_h2: 11.98 g/s
Reynolds_number: 11,054,482
Stack prop output power: 486 kW, Pcomp: 20.3 kW
Cell efficiency: 0.300, Output efficiency: 0.274
mdot_h2: 11.97 g/s
Reynolds_number: 13,318,653
Stack prop output power: 352 kW, Pcomp: 3.1 kW
Cell efficiency: 0.288, Output efficiency: 0.272
mdot_h2: 8.72 g/s
Reynolds_number: 13,318,653
Stack prop output power: 448 kW, Pcomp: 4.0 kW
Cell efficiency: 0.288, Output efficiency: 0.272
mdot_h2: 11.09 g/s
Reynolds_number: 13,318,653
Stack prop output power: 448 kW, Pcomp: 4.0 kW
Cell efficiency: 0.288, Output efficiency: 0.272
mdot_h2: 11.11 g/s
Reynolds_number: 6,709,346
Stack prop output power: 355 kW, Pcomp: 3.1 kW
Cell efficiency: 0.305, Output efficiency: 0.287
mdot_h2: 8.33 g/s
Reynolds_number: 6,709,346
Stack prop output power: 437 kW, Pcomp: 3.8 kW
Cell efficiency: 0.305, Output efficiency: 0.287
mdot_h2: 10.25 g/s
Reynolds_number: 6,709,346
Stack prop output power: 438 kW, Pcomp: 3.8 kW
Cell efficiency: 0.305, Output efficiency: 0.287
mdot_h2: 10.26 g/s
Reynolds_number: 13,318,653
Stack prop output power: 500 kW, Pcomp: 20.9 kW
Cell efficiency: 0.302, Output efficiency: 0.276
mdot_h2: 12.21 g/s
Reynolds_number: 13,318,653
Stack prop output power: 604 kW, Pcomp: 25.2 kW
Cell efficiency: 0.302, Output efficiency: 0.276
mdot_h2: 14.73 g/s
Reynolds_number: 13,318,653
Stack prop output power: 608 kW, Pcomp: 25.4 kW
Cell efficiency: 0.302, Output efficiency: 0.276
mdot_h2: 14.84 g/s
Fuel-cell system mass representative phase: cruise (P_fc_sys=1216.085 kW).

-----------------------
ptotal_climb: 1,193 kW, mtom_est: 6,607 kg, mtom: 5,000 kg, residual: +1,607.39 kg

MTOM update: initial_bracket_probe_1, relax=1.000 -> mtom_next=5,325.00 kg

======================================================
======================= ITER 2 =======================
Reynolds_number: 13,318,653
Stack prop output power: 608 kW, Pcomp: 25.4 kW
Cell efficiency: 0.302, Output efficiency: 0.276
mdot_h2: 14.84 g/s
Reynolds_number: 13,318,653
Stack prop output power: 646 kW, Pcomp: 27.0 kW
Cell efficiency: 0.302, Output efficiency: 0.276
mdot_h2: 15.77 g/s
Reynolds_number: 13,318,653
Stack prop output power: 648 kW, Pcomp: 27.1 kW
Cell efficiency: 0.302, Output efficiency: 0.276
mdot_h2: 15.81 g/s
Reynolds_number: 11,054,482
Stack prop output power: 486 kW, Pcomp: 20.3 kW
Cell efficiency: 0.300, Output efficiency: 0.274
mdot_h2: 11.97 g/s
Reynolds_number: 11,054,482
Stack prop output power: 517 kW, Pcomp: 21.6 kW
Cell efficiency: 0.300, Output efficiency: 0.274
mdot_h2: 12.71 g/s
Reynolds_number: 11,054,482
Stack prop output power: 518 kW, Pcomp: 21.6 kW
Cell efficiency: 0.300, Output efficiency: 0.274
mdot_h2: 12.75 g/s
Reynolds_number: 13,318,653
Stack prop output power: 439 kW, Pcomp: 3.9 kW
Cell efficiency: 0.288, Output efficiency: 0.272
mdot_h2: 10.87 g/s
Reynolds_number: 13,318,653
Stack prop output power: 477 kW, Pcomp: 4.3 kW
Cell efficiency: 0.288, Output efficiency: 0.272
mdot_h2: 11.83 g/s
Reynolds_number: 6,709,346
Stack prop output power: 428 kW, Pcomp: 3.7 kW
Cell efficiency: 0.305, Output efficiency: 0.287
mdot_h2: 10.04 g/s
Reynolds_number: 6,709,346
Stack prop output power: 466 kW, Pcomp: 4.1 kW
Cell efficiency: 0.305, Output efficiency: 0.287
mdot_h2: 10.92 g/s
Reynolds_number: 13,318,653
Stack prop output power: 608 kW, Pcomp: 25.4 kW
Cell efficiency: 0.302, Output efficiency: 0.276
mdot_h2: 14.84 g/s
Reynolds_number: 13,318,653
Stack prop output power: 646 kW, Pcomp: 27.0 kW
Cell efficiency: 0.302, Output efficiency: 0.276
mdot_h2: 15.77 g/s
Reynolds_number: 13,318,653
Stack prop output power: 648 kW, Pcomp: 27.1 kW
Cell efficiency: 0.302, Output efficiency: 0.276
mdot_h2: 15.81 g/s
Fuel-cell system mass representative phase: cruise (P_fc_sys=1295.141 kW).

-----------------------
ptotal_climb: 1,271 kW, mtom_est: 6,852 kg, mtom: 5,325 kg, residual: +1,526.76 kg

MTOM update: initial_bracket_probe_2, relax=1.000 -> mtom_next=5,650.00 kg

======================================================
======================= ITER 3 =======================
Reynolds_number: 13,318,653
Stack prop output power: 648 kW, Pcomp: 27.1 kW
Cell efficiency: 0.302, Output efficiency: 0.276
mdot_h2: 15.81 g/s
Reynolds_number: 13,318,653
Stack prop output power: 685 kW, Pcomp: 28.6 kW
Cell efficiency: 0.302, Output efficiency: 0.276
mdot_h2: 16.73 g/s
Reynolds_number: 13,318,653
Stack prop output power: 687 kW, Pcomp: 28.7 kW
Cell efficiency: 0.302, Output efficiency: 0.276
mdot_h2: 16.77 g/s
Reynolds_number: 11,054,482
Stack prop output power: 518 kW, Pcomp: 21.6 kW
Cell efficiency: 0.300, Output efficiency: 0.274
mdot_h2: 12.75 g/s
Reynolds_number: 11,054,482
Stack prop output power: 548 kW, Pcomp: 22.9 kW
Cell efficiency: 0.300, Output efficiency: 0.274
mdot_h2: 13.49 g/s
Reynolds_number: 11,054,482
Stack prop output power: 550 kW, Pcomp: 22.9 kW
Cell efficiency: 0.300, Output efficiency: 0.274
mdot_h2: 13.52 g/s
Reynolds_number: 13,318,653
Stack prop output power: 468 kW, Pcomp: 4.2 kW
Cell efficiency: 0.288, Output efficiency: 0.272
mdot_h2: 11.60 g/s
Reynolds_number: 13,318,653
Stack prop output power: 506 kW, Pcomp: 4.5 kW
Cell efficiency: 0.288, Output efficiency: 0.272
mdot_h2: 12.55 g/s
Reynolds_number: 6,709,346
Stack prop output power: 457 kW, Pcomp: 4.0 kW
Cell efficiency: 0.305, Output efficiency: 0.287
mdot_h2: 10.71 g/s
Reynolds_number: 6,709,346
Stack prop output power: 494 kW, Pcomp: 4.3 kW
Cell efficiency: 0.305, Output efficiency: 0.287
mdot_h2: 11.59 g/s
Reynolds_number: 13,318,653
Stack prop output power: 648 kW, Pcomp: 27.1 kW
Cell efficiency: 0.302, Output efficiency: 0.276
mdot_h2: 15.81 g/s
Reynolds_number: 13,318,653
Stack prop output power: 685 kW, Pcomp: 28.6 kW
Cell efficiency: 0.302, Output efficiency: 0.276
mdot_h2: 16.73 g/s
Reynolds_number: 13,318,653
Stack prop output power: 687 kW, Pcomp: 28.7 kW
Cell efficiency: 0.302, Output efficiency: 0.276
mdot_h2: 16.77 g/s
Fuel-cell system mass representative phase: cruise (P_fc_sys=1374.188 kW).

-----------------------
ptotal_climb: 1,348 kW, mtom_est: 7,088 kg, mtom: 5,650 kg, residual: +1,438.45 kg

MTOM update: newton_prebracket, relax=1.000 -> mtom_next=7,627.50 kg

======================================================
======================= ITER 4 =======================
Reynolds_number: 13,318,653
Stack prop output power: 687 kW, Pcomp: 28.7 kW
Cell efficiency: 0.302, Output efficiency: 0.276
mdot_h2: 16.77 g/s
Reynolds_number: 13,318,653
Stack prop output power: 918 kW, Pcomp: 38.4 kW
Cell efficiency: 0.302, Output efficiency: 0.276
mdot_h2: 22.40 g/s
Reynolds_number: 13,318,653
Stack prop output power: 927 kW, Pcomp: 38.8 kW
Cell efficiency: 0.302, Output efficiency: 0.276
mdot_h2: 22.63 g/s
Reynolds_number: 11,054,482
Stack prop output power: 550 kW, Pcomp: 22.9 kW
Cell efficiency: 0.300, Output efficiency: 0.274
mdot_h2: 13.53 g/s
Reynolds_number: 11,054,482
Stack prop output power: 734 kW, Pcomp: 30.6 kW
Cell efficiency: 0.300, Output efficiency: 0.274
mdot_h2: 18.06 g/s
Reynolds_number: 11,054,482
Stack prop output power: 742 kW, Pcomp: 30.9 kW
Cell efficiency: 0.300, Output efficiency: 0.274
mdot_h2: 18.25 g/s
Reynolds_number: 13,318,653
Stack prop output power: 448 kW, Pcomp: 4.0 kW
Cell efficiency: 0.288, Output efficiency: 0.272
mdot_h2: 11.10 g/s
Reynolds_number: 13,318,653
Stack prop output power: 682 kW, Pcomp: 6.1 kW
Cell efficiency: 0.288, Output efficiency: 0.272
mdot_h2: 16.90 g/s
Reynolds_number: 13,318,653
Stack prop output power: 684 kW, Pcomp: 6.1 kW
Cell efficiency: 0.288, Output efficiency: 0.272
mdot_h2: 16.95 g/s
Reynolds_number: 6,709,346
Stack prop output power: 437 kW, Pcomp: 3.8 kW
Cell efficiency: 0.305, Output efficiency: 0.287
mdot_h2: 10.26 g/s
Reynolds_number: 6,709,346
Stack prop output power: 666 kW, Pcomp: 5.8 kW
Cell efficiency: 0.305, Output efficiency: 0.287
mdot_h2: 15.61 g/s
Reynolds_number: 6,709,346
Stack prop output power: 668 kW, Pcomp: 5.8 kW
Cell efficiency: 0.305, Output efficiency: 0.287
mdot_h2: 15.65 g/s
Reynolds_number: 13,318,653
Stack prop output power: 687 kW, Pcomp: 28.7 kW
Cell efficiency: 0.302, Output efficiency: 0.276
mdot_h2: 16.77 g/s
Reynolds_number: 13,318,653
Stack prop output power: 918 kW, Pcomp: 38.4 kW
Cell efficiency: 0.302, Output efficiency: 0.276
mdot_h2: 22.40 g/s
Reynolds_number: 13,318,653
Stack prop output power: 927 kW, Pcomp: 38.8 kW
Cell efficiency: 0.302, Output efficiency: 0.276
mdot_h2: 22.63 g/s
Fuel-cell system mass representative phase: cruise (P_fc_sys=1855.126 kW).

-----------------------
ptotal_climb: 1,820 kW, mtom_est: 8,537 kg, mtom: 7,628 kg, residual: +909.21 kg

MTOM update: newton_prebracket, relax=1.000 -> mtom_next=10,297.12 kg

======================================================
======================= ITER 5 =======================
Reynolds_number: 13,318,653
Stack prop output power: 928 kW, Pcomp: 38.8 kW
Cell efficiency: 0.302, Output efficiency: 0.276
mdot_h2: 22.64 g/s
Reynolds_number: 13,318,653
Stack prop output power: 1,239 kW, Pcomp: 51.8 kW
Cell efficiency: 0.302, Output efficiency: 0.276
mdot_h2: 30.24 g/s
Reynolds_number: 13,318,653
Stack prop output power: 1,252 kW, Pcomp: 52.3 kW
Cell efficiency: 0.302, Output efficiency: 0.276
mdot_h2: 30.55 g/s
Reynolds_number: 13,318,653
Stack prop output power: 1,252 kW, Pcomp: 52.3 kW
Cell efficiency: 0.302, Output efficiency: 0.276
mdot_h2: 30.57 g/s
Reynolds_number: 11,054,482
Stack prop output power: 742 kW, Pcomp: 31.0 kW
Cell efficiency: 0.300, Output efficiency: 0.274
mdot_h2: 18.26 g/s
Reynolds_number: 11,054,482
Stack prop output power: 991 kW, Pcomp: 41.3 kW
Cell efficiency: 0.300, Output efficiency: 0.274
mdot_h2: 24.38 g/s
Reynolds_number: 11,054,482
Stack prop output power: 1,001 kW, Pcomp: 41.8 kW
Cell efficiency: 0.300, Output efficiency: 0.274
mdot_h2: 24.64 g/s
Reynolds_number: 13,318,653
Stack prop output power: 605 kW, Pcomp: 5.4 kW
Cell efficiency: 0.288, Output efficiency: 0.272
mdot_h2: 14.99 g/s
Reynolds_number: 13,318,653
Stack prop output power: 921 kW, Pcomp: 8.2 kW
Cell efficiency: 0.288, Output efficiency: 0.272
mdot_h2: 22.81 g/s
Reynolds_number: 13,318,653
Stack prop output power: 924 kW, Pcomp: 8.2 kW
Cell efficiency: 0.288, Output efficiency: 0.272
mdot_h2: 22.88 g/s
Reynolds_number: 6,709,346
Stack prop output power: 590 kW, Pcomp: 5.1 kW
Cell efficiency: 0.305, Output efficiency: 0.287
mdot_h2: 13.84 g/s
Reynolds_number: 6,709,346
Stack prop output power: 899 kW, Pcomp: 7.8 kW
Cell efficiency: 0.305, Output efficiency: 0.287
mdot_h2: 21.07 g/s
Reynolds_number: 6,709,346
Stack prop output power: 901 kW, Pcomp: 7.8 kW
Cell efficiency: 0.305, Output efficiency: 0.287
mdot_h2: 21.13 g/s
Reynolds_number: 13,318,653
Stack prop output power: 928 kW, Pcomp: 38.8 kW
Cell efficiency: 0.302, Output efficiency: 0.276
mdot_h2: 22.64 g/s
Reynolds_number: 13,318,653
Stack prop output power: 1,239 kW, Pcomp: 51.8 kW
Cell efficiency: 0.302, Output efficiency: 0.276
mdot_h2: 30.24 g/s
Reynolds_number: 13,318,653
Stack prop output power: 1,252 kW, Pcomp: 52.3 kW
Cell efficiency: 0.302, Output efficiency: 0.276
mdot_h2: 30.55 g/s
Reynolds_number: 13,318,653
Stack prop output power: 1,252 kW, Pcomp: 52.3 kW
Cell efficiency: 0.302, Output efficiency: 0.276
mdot_h2: 30.57 g/s
Fuel-cell system mass representative phase: cruise (P_fc_sys=2504.465 kW).

-----------------------
ptotal_climb: 2,457 kW, mtom_est: 10,516 kg, mtom: 10,297 kg, residual: +218.53 kg

MTOM update: newton_prebracket, relax=1.000 -> mtom_next=11,141.78 kg

======================================================
======================= ITER 6 =======================
Reynolds_number: 13,318,653
Stack prop output power: 1,252 kW, Pcomp: 52.3 kW
Cell efficiency: 0.302, Output efficiency: 0.276
mdot_h2: 30.57 g/s
Reynolds_number: 13,318,653
Stack prop output power: 1,351 kW, Pcomp: 56.5 kW
Cell efficiency: 0.302, Output efficiency: 0.276
mdot_h2: 32.97 g/s
Reynolds_number: 13,318,653
Stack prop output power: 1,355 kW, Pcomp: 56.6 kW
Cell efficiency: 0.302, Output efficiency: 0.276
mdot_h2: 33.07 g/s
Reynolds_number: 11,054,482
Stack prop output power: 1,002 kW, Pcomp: 41.8 kW
Cell efficiency: 0.300, Output efficiency: 0.274
mdot_h2: 24.65 g/s
Reynolds_number: 11,054,482
Stack prop output power: 1,080 kW, Pcomp: 45.1 kW
Cell efficiency: 0.300, Output efficiency: 0.274
mdot_h2: 26.59 g/s
Reynolds_number: 11,054,482
Stack prop output power: 1,084 kW, Pcomp: 45.2 kW
Cell efficiency: 0.300, Output efficiency: 0.274
mdot_h2: 26.67 g/s
Reynolds_number: 13,318,653
Stack prop output power: 899 kW, Pcomp: 8.0 kW
Cell efficiency: 0.288, Output efficiency: 0.272
mdot_h2: 22.26 g/s
Reynolds_number: 13,318,653
Stack prop output power: 998 kW, Pcomp: 8.9 kW
Cell efficiency: 0.288, Output efficiency: 0.272
mdot_h2: 24.74 g/s
Reynolds_number: 13,318,653
Stack prop output power: 999 kW, Pcomp: 8.9 kW
Cell efficiency: 0.288, Output efficiency: 0.272
mdot_h2: 24.76 g/s
Reynolds_number: 6,709,346
Stack prop output power: 877 kW, Pcomp: 7.6 kW
Cell efficiency: 0.305, Output efficiency: 0.287
mdot_h2: 20.56 g/s
Reynolds_number: 6,709,346
Stack prop output power: 974 kW, Pcomp: 8.5 kW
Cell efficiency: 0.305, Output efficiency: 0.287
mdot_h2: 22.85 g/s
Reynolds_number: 6,709,346
Stack prop output power: 975 kW, Pcomp: 8.5 kW
Cell efficiency: 0.305, Output efficiency: 0.287
mdot_h2: 22.87 g/s
Reynolds_number: 13,318,653
Stack prop output power: 1,252 kW, Pcomp: 52.3 kW
Cell efficiency: 0.302, Output efficiency: 0.276
mdot_h2: 30.57 g/s
Reynolds_number: 13,318,653
Stack prop output power: 1,351 kW, Pcomp: 56.5 kW
Cell efficiency: 0.302, Output efficiency: 0.276
mdot_h2: 32.97 g/s
Reynolds_number: 13,318,653
Stack prop output power: 1,355 kW, Pcomp: 56.6 kW
Cell efficiency: 0.302, Output efficiency: 0.276
mdot_h2: 33.07 g/s
Fuel-cell system mass representative phase: cruise (P_fc_sys=2709.890 kW).

-----------------------
ptotal_climb: 2,659 kW, mtom_est: 11,149 kg, mtom: 11,142 kg, residual: +6.86 kg

MTOM update: newton_prebracket, relax=1.000 -> mtom_next=11,169.16 kg

======================================================
======================= ITER 7 =======================
Reynolds_number: 13,318,653
Stack prop output power: 1,355 kW, Pcomp: 56.6 kW
Cell efficiency: 0.302, Output efficiency: 0.276
mdot_h2: 33.08 g/s
Reynolds_number: 13,318,653
Stack prop output power: 1,358 kW, Pcomp: 56.8 kW
Cell efficiency: 0.302, Output efficiency: 0.276
mdot_h2: 33.15 g/s
Reynolds_number: 11,054,482
Stack prop output power: 1,084 kW, Pcomp: 45.2 kW
Cell efficiency: 0.300, Output efficiency: 0.274
mdot_h2: 26.67 g/s
Reynolds_number: 11,054,482
Stack prop output power: 1,086 kW, Pcomp: 45.3 kW
Cell efficiency: 0.300, Output efficiency: 0.274
mdot_h2: 26.73 g/s
Reynolds_number: 13,318,653
Stack prop output power: 999 kW, Pcomp: 8.9 kW
Cell efficiency: 0.288, Output efficiency: 0.272
mdot_h2: 24.74 g/s
Reynolds_number: 13,318,653
Stack prop output power: 1,002 kW, Pcomp: 8.9 kW
Cell efficiency: 0.288, Output efficiency: 0.272
mdot_h2: 24.82 g/s
Reynolds_number: 6,709,346
Stack prop output power: 974 kW, Pcomp: 8.5 kW
Cell efficiency: 0.305, Output efficiency: 0.287
mdot_h2: 22.85 g/s
Reynolds_number: 6,709,346
Stack prop output power: 978 kW, Pcomp: 8.5 kW
Cell efficiency: 0.305, Output efficiency: 0.287
mdot_h2: 22.92 g/s
Reynolds_number: 13,318,653
Stack prop output power: 1,355 kW, Pcomp: 56.6 kW
Cell efficiency: 0.302, Output efficiency: 0.276
mdot_h2: 33.08 g/s
Reynolds_number: 13,318,653
Stack prop output power: 1,358 kW, Pcomp: 56.8 kW
Cell efficiency: 0.302, Output efficiency: 0.276
mdot_h2: 33.15 g/s
Fuel-cell system mass representative phase: cruise (P_fc_sys=2716.551 kW).

-----------------------
ptotal_climb: 2,666 kW, mtom_est: 11,165 kg, mtom: 11,169 kg, residual: -3.84 kg


CONVERGED

CONVERGED STATE [MTOM iteration 7]
  MTOM=11,165 kg | Wing loading=215.34 kg/m^2 | P/W(climb)=238.74 W/kg
  Phase power: climb=2,665.6 kW | cruise=2,716.6 kW | loiter=2,173.1 kW | takeoff=2,601.4 kW | cruise+charger=2,716.6 kW
  Power split (climb): FC=1,985.8 kW | Battery=661.9 kW | Compressor=17.9 kW | Cooling=833.4 kW | H2=49.644 g/s
  Compressor max across phases: 113.5 kW (cruise)
  FC representative phase (mass sizing): cruise (2,716.6 kW)
  Mass summary: MTOM=11,165 kg | Powertrain=3,985 kg | Tank=1,141.9 kg | Fuel=507.5 kg | Battery=334.9 kg | Nacelle power density=0.80 kW/kg
  Geometry: Main wing area=51.85 m^2 | Horizontal tail area=7.547 m^2 | Horizontal tail location=16.732 m | Vertical tail area=7.747 m^2 | Vertical tail location=15.997 m
  Config: wing loading input=215.42 kg/m^2 | P/W TO/Cl/Cr/Lo=0.16953/0.17369/0.16944/0.13556 kW/kg

=============================================================
========================= CONVERGED =========================
=============================================================
Constraint sizing: ENABLED (min_combined_pw)
Input W/S: 215.42 kg/m^2 (2,112.5 Pa)
Input P/W [kW/kg]: takeoff 0.16953, climb 0.17369, cruise 0.16944, loiter 0.13556
Converged P/W [kW/kg]: takeoff 0.23299, climb 0.23874, cruise 0.24330, loiter 0.19463
-------------------------------------------------------------

Mission Time
Climb time: 6.31 min (0.11 h)
Cruise time: 109.68 min (1.83 h)
Total flight time: 137.99 min (2.30 h)

Phase Power Breakdown
Phase      Time[min]     Total[kW]    FC Stack[kW]   Battery[kW]   Compressor[kW]   Cooling[kW]   mdot_H2[g/s]
--------------------------------------------------------------------------------------------------------------
ready           0.00         133.3           133.3           0.0              0.0           0.0         0.0
taxi            5.00         266.6           266.6           0.0              0.0           0.0         5.0
takeoff         1.00       2,601.4         1,938.3         646.1             17.0         753.3        45.8
climb           6.31       2,665.6         1,985.8         661.9             17.9         833.4        49.6
cruise        109.68       2,716.6         2,603.0           0.0            113.5       1,092.7        66.3
loiter         15.00       2,173.1         2,082.4           0.0             90.7         884.1        53.5
landing         1.00           0.0             0.0           0.0              0.0           0.0         0.0

Pcomp_max (solved phases): 113.5 kW (cruise)
Pnet (climb): 2,407 kW
Pelectricnet (climb): 2,648 kW
eta_pt: 0.9031

Geometry
S_wing: 51.85 m^2
b_wing: 21.60 m
Lfus: 19.18 m
Ltank: 10.17 m
S_HT: 7.55 m^2
S_VT: 7.75 m^2
b_HT: 5.83 m
b_VT: 3.84 m
X_HT_act: 16.73 m
X_VT_act: 16.00 m

One Nacelle (1/2)
Stack(1/2): 758 kg, Compressor: 101 kg, Humidifier: 244 kg, HX: 600 kg
W_FCS_single_nacelle (W_Stack+W_Compressor+W_Humidifier+W_Hx): 1,703 kg
Representative FC phase: cruise
Specific Power of Nacelle System: 0.797 kW/kg
dim_hx: dX=1.716 m, dY=1.716 m, dZ=0.228 m
dim_stack: dX=0.362 m, dY=0.483 m, dZ=0.483 m

ALL Nacelles
W_FCS_total: 3,406 kg
W_PMAD: 227 kg
W_Motors: 351 kg

-----------------------
W_Powertrain (W_FCS_total+W_PMAD+W_Motors): 3,985 kg
-----------------------
W_wing: 964 kg
W_Htail: 67 kg
W_Vtail: 104 kg
W_fuselage: 760 kg
W_lnd_gear_main: 243 kg
W_lnd_gear_nose: 65 kg
W_flight_control: 366 kg
W_electric_system: 300 kg
W_iae: 150 kg
W_hydraulics: 134 kg
W_fur: 543 kg
-----------------------
OEM: 3,696 kg
-----------------------
W_tank: 1,142 kg
W_fuel: 507.5 kg
W_batt: 334.9 kg
-----------------------
W_payload: 1,500 kg
-----------------------
MTOM_grouped (OEM+W_tank+W_fuel+W_batt+W_Powertrain+W_payload): 11,165 kg
MTOM: 11,165 kg
-----------------------

Wing loading (MTOM/S_wing): 215.34 kg/m^2
Power-to-weight (converged): 238.74 W/kg

mdot_H2(cruise): 66.3 g/s
Vtankex: 21.8 m^3
========================== END ==============================


=============================================================
Execution time: 95.9 seconds
=============================================================
