Auto-widening W/S scan window for min_combined_pw: 1900.0..2600.0 -> 1725.0..2775.0 Pa (factor 1.500, lower_hit=True, upper_hit=False, min_on_edge=False).
Auto-widening W/S scan window for min_combined_pw: 1725.0..2775.0 -> 1462.5..3037.5 Pa (factor 1.500, lower_hit=True, upper_hit=False, min_on_edge=False).
ADRpy constraint sizing (min_combined_pw): W/S=2162.5 Pa (220.51 kg/m^2), P/W_TO=0.17518 kW/kg, P/W_climb=0.17682 kW/kg, P/W_cruise=0.11410 kW/kg
Curve minimum (combined/combined): W/S=2162.5 Pa (220.51 kg/m^2), P/W=0.17682 kW/kg
Curve minimum (takeoff/take-off): W/S=1462.5 Pa (149.13 kg/m^2), P/W=0.10196 kW/kg
Curve minimum (climb/climb): W/S=2312.5 Pa (235.81 kg/m^2), P/W=0.17496 kW/kg
Curve minimum (cruise/cruise): W/S=2312.5 Pa (235.81 kg/m^2), P/W=0.10936 kW/kg
======================================================
======================= ITER 1 =======================
Reynolds_number: 11,135,029
Stack prop output power: 500 kW, Pcomp: 25.8 kW
Cell efficiency: 0.300, Output efficiency: 0.271
mdot_h2: 12.43 g/s
Reynolds_number: 11,135,029
Stack prop output power: 418 kW, Pcomp: 21.6 kW
Cell efficiency: 0.300, Output efficiency: 0.271
mdot_h2: 10.39 g/s
Reynolds_number: 11,135,029
Stack prop output power: 414 kW, Pcomp: 21.3 kW
Cell efficiency: 0.300, Output efficiency: 0.271
mdot_h2: 10.29 g/s
Reynolds_number: 9,242,074
Stack prop output power: 500 kW, Pcomp: 25.8 kW
Cell efficiency: 0.298, Output efficiency: 0.269
mdot_h2: 12.51 g/s
Reynolds_number: 9,242,074
Stack prop output power: 340 kW, Pcomp: 17.5 kW
Cell efficiency: 0.298, Output efficiency: 0.269
mdot_h2: 8.50 g/s
Reynolds_number: 9,242,074
Stack prop output power: 331 kW, Pcomp: 17.1 kW
Cell efficiency: 0.298, Output efficiency: 0.269
mdot_h2: 8.29 g/s
Reynolds_number: 11,135,029
Stack prop output power: 349 kW, Pcomp: 3.1 kW
Cell efficiency: 0.281, Output efficiency: 0.264
mdot_h2: 8.89 g/s
Reynolds_number: 11,135,029
Stack prop output power: 456 kW, Pcomp: 4.1 kW
Cell efficiency: 0.281, Output efficiency: 0.264
mdot_h2: 11.60 g/s
Reynolds_number: 11,135,029
Stack prop output power: 457 kW, Pcomp: 4.1 kW
Cell efficiency: 0.281, Output efficiency: 0.264
mdot_h2: 11.63 g/s
Reynolds_number: 6,709,346
Stack prop output power: 351 kW, Pcomp: 3.1 kW
Cell efficiency: 0.305, Output efficiency: 0.287
mdot_h2: 8.22 g/s
Reynolds_number: 6,709,346
Stack prop output power: 451 kW, Pcomp: 3.9 kW
Cell efficiency: 0.305, Output efficiency: 0.287
mdot_h2: 10.58 g/s
Reynolds_number: 6,709,346
Stack prop output power: 452 kW, Pcomp: 3.9 kW
Cell efficiency: 0.305, Output efficiency: 0.287
mdot_h2: 10.60 g/s
Reynolds_number: 11,135,029
Stack prop output power: 500 kW, Pcomp: 25.8 kW
Cell efficiency: 0.300, Output efficiency: 0.271
mdot_h2: 12.43 g/s
Reynolds_number: 11,135,029
Stack prop output power: 418 kW, Pcomp: 21.6 kW
Cell efficiency: 0.300, Output efficiency: 0.271
mdot_h2: 10.39 g/s
Reynolds_number: 11,135,029
Stack prop output power: 414 kW, Pcomp: 21.3 kW
Cell efficiency: 0.300, Output efficiency: 0.271
mdot_h2: 10.29 g/s
Fuel-cell system mass representative phase: climb (P_fc_sys=913.206 kW).

-----------------------
ptotal_climb: 1,215 kW, mtom_est: 6,483 kg, mtom: 5,000 kg, residual: +1,482.82 kg

MTOM update: initial_bracket_probe_1, relax=1.000 -> mtom_next=5,325.00 kg

======================================================
======================= ITER 2 =======================
Reynolds_number: 11,135,029
Stack prop output power: 414 kW, Pcomp: 21.3 kW
Cell efficiency: 0.300, Output efficiency: 0.271
mdot_h2: 10.28 g/s
Reynolds_number: 11,135,029
Stack prop output power: 439 kW, Pcomp: 22.6 kW
Cell efficiency: 0.300, Output efficiency: 0.271
mdot_h2: 10.92 g/s
Reynolds_number: 11,135,029
Stack prop output power: 440 kW, Pcomp: 22.7 kW
Cell efficiency: 0.300, Output efficiency: 0.271
mdot_h2: 10.95 g/s
Reynolds_number: 9,242,074
Stack prop output power: 331 kW, Pcomp: 17.1 kW
Cell efficiency: 0.298, Output efficiency: 0.269
mdot_h2: 8.28 g/s
Reynolds_number: 9,242,074
Stack prop output power: 351 kW, Pcomp: 18.1 kW
Cell efficiency: 0.298, Output efficiency: 0.269
mdot_h2: 8.79 g/s
Reynolds_number: 9,242,074
Stack prop output power: 352 kW, Pcomp: 18.2 kW
Cell efficiency: 0.298, Output efficiency: 0.269
mdot_h2: 8.82 g/s
Reynolds_number: 11,135,029
Stack prop output power: 447 kW, Pcomp: 4.0 kW
Cell efficiency: 0.281, Output efficiency: 0.264
mdot_h2: 11.38 g/s
Reynolds_number: 11,135,029
Stack prop output power: 486 kW, Pcomp: 4.4 kW
Cell efficiency: 0.281, Output efficiency: 0.264
mdot_h2: 12.37 g/s
Reynolds_number: 6,709,346
Stack prop output power: 443 kW, Pcomp: 3.9 kW
Cell efficiency: 0.305, Output efficiency: 0.287
mdot_h2: 10.38 g/s
Reynolds_number: 6,709,346
Stack prop output power: 481 kW, Pcomp: 4.2 kW
Cell efficiency: 0.305, Output efficiency: 0.287
mdot_h2: 11.29 g/s
Reynolds_number: 11,135,029
Stack prop output power: 414 kW, Pcomp: 21.3 kW
Cell efficiency: 0.300, Output efficiency: 0.271
mdot_h2: 10.28 g/s
Reynolds_number: 11,135,029
Stack prop output power: 439 kW, Pcomp: 22.6 kW
Cell efficiency: 0.300, Output efficiency: 0.271
mdot_h2: 10.92 g/s
Reynolds_number: 11,135,029
Stack prop output power: 440 kW, Pcomp: 22.7 kW
Cell efficiency: 0.300, Output efficiency: 0.271
mdot_h2: 10.95 g/s
Fuel-cell system mass representative phase: climb (P_fc_sys=972.558 kW).

-----------------------
ptotal_climb: 1,294 kW, mtom_est: 6,717 kg, mtom: 5,325 kg, residual: +1,392.19 kg

MTOM update: initial_bracket_probe_2, relax=1.000 -> mtom_next=5,650.00 kg

======================================================
======================= ITER 3 =======================
Reynolds_number: 11,135,029
Stack prop output power: 441 kW, Pcomp: 22.7 kW
Cell efficiency: 0.300, Output efficiency: 0.271
mdot_h2: 10.95 g/s
Reynolds_number: 11,135,029
Stack prop output power: 466 kW, Pcomp: 24.0 kW
Cell efficiency: 0.300, Output efficiency: 0.271
mdot_h2: 11.59 g/s
Reynolds_number: 11,135,029
Stack prop output power: 467 kW, Pcomp: 24.1 kW
Cell efficiency: 0.300, Output efficiency: 0.271
mdot_h2: 11.62 g/s
Reynolds_number: 9,242,074
Stack prop output power: 352 kW, Pcomp: 18.2 kW
Cell efficiency: 0.298, Output efficiency: 0.269
mdot_h2: 8.82 g/s
Reynolds_number: 9,242,074
Stack prop output power: 373 kW, Pcomp: 19.2 kW
Cell efficiency: 0.298, Output efficiency: 0.269
mdot_h2: 9.33 g/s
Reynolds_number: 9,242,074
Stack prop output power: 374 kW, Pcomp: 19.3 kW
Cell efficiency: 0.298, Output efficiency: 0.269
mdot_h2: 9.36 g/s
Reynolds_number: 11,135,029
Stack prop output power: 476 kW, Pcomp: 4.3 kW
Cell efficiency: 0.281, Output efficiency: 0.264
mdot_h2: 12.13 g/s
Reynolds_number: 11,135,029
Stack prop output power: 516 kW, Pcomp: 4.6 kW
Cell efficiency: 0.281, Output efficiency: 0.264
mdot_h2: 13.13 g/s
Reynolds_number: 6,709,346
Stack prop output power: 472 kW, Pcomp: 4.1 kW
Cell efficiency: 0.305, Output efficiency: 0.287
mdot_h2: 11.07 g/s
Reynolds_number: 6,709,346
Stack prop output power: 511 kW, Pcomp: 4.4 kW
Cell efficiency: 0.305, Output efficiency: 0.287
mdot_h2: 11.98 g/s
Reynolds_number: 11,135,029
Stack prop output power: 441 kW, Pcomp: 22.7 kW
Cell efficiency: 0.300, Output efficiency: 0.271
mdot_h2: 10.95 g/s
Reynolds_number: 11,135,029
Stack prop output power: 466 kW, Pcomp: 24.0 kW
Cell efficiency: 0.300, Output efficiency: 0.271
mdot_h2: 11.59 g/s
Reynolds_number: 11,135,029
Stack prop output power: 467 kW, Pcomp: 24.1 kW
Cell efficiency: 0.300, Output efficiency: 0.271
mdot_h2: 11.62 g/s
Fuel-cell system mass representative phase: climb (P_fc_sys=1031.916 kW).

-----------------------
ptotal_climb: 1,373 kW, mtom_est: 6,950 kg, mtom: 5,650 kg, residual: +1,299.94 kg

MTOM update: newton_prebracket, relax=1.000 -> mtom_next=7,627.50 kg

======================================================
======================= ITER 4 =======================
Reynolds_number: 11,135,029
Stack prop output power: 467 kW, Pcomp: 24.1 kW
Cell efficiency: 0.300, Output efficiency: 0.271
mdot_h2: 11.62 g/s
Reynolds_number: 11,135,029
Stack prop output power: 623 kW, Pcomp: 32.1 kW
Cell efficiency: 0.300, Output efficiency: 0.271
mdot_h2: 15.48 g/s
Reynolds_number: 11,135,029
Stack prop output power: 631 kW, Pcomp: 32.5 kW
Cell efficiency: 0.300, Output efficiency: 0.271
mdot_h2: 15.68 g/s
Reynolds_number: 9,242,074
Stack prop output power: 374 kW, Pcomp: 19.3 kW
Cell efficiency: 0.298, Output efficiency: 0.269
mdot_h2: 9.36 g/s
Reynolds_number: 9,242,074
Stack prop output power: 498 kW, Pcomp: 25.7 kW
Cell efficiency: 0.298, Output efficiency: 0.269
mdot_h2: 12.46 g/s
Reynolds_number: 9,242,074
Stack prop output power: 504 kW, Pcomp: 26.0 kW
Cell efficiency: 0.298, Output efficiency: 0.269
mdot_h2: 12.62 g/s
Reynolds_number: 11,135,029
Stack prop output power: 456 kW, Pcomp: 4.1 kW
Cell efficiency: 0.281, Output efficiency: 0.264
mdot_h2: 11.62 g/s
Reynolds_number: 11,135,029
Stack prop output power: 694 kW, Pcomp: 6.2 kW
Cell efficiency: 0.281, Output efficiency: 0.264
mdot_h2: 17.68 g/s
Reynolds_number: 11,135,029
Stack prop output power: 697 kW, Pcomp: 6.3 kW
Cell efficiency: 0.281, Output efficiency: 0.264
mdot_h2: 17.73 g/s
Reynolds_number: 6,709,346
Stack prop output power: 452 kW, Pcomp: 3.9 kW
Cell efficiency: 0.305, Output efficiency: 0.287
mdot_h2: 10.60 g/s
Reynolds_number: 6,709,346
Stack prop output power: 688 kW, Pcomp: 6.0 kW
Cell efficiency: 0.305, Output efficiency: 0.287
mdot_h2: 16.13 g/s
Reynolds_number: 6,709,346
Stack prop output power: 690 kW, Pcomp: 6.0 kW
Cell efficiency: 0.305, Output efficiency: 0.287
mdot_h2: 16.18 g/s
Reynolds_number: 11,135,029
Stack prop output power: 467 kW, Pcomp: 24.1 kW
Cell efficiency: 0.300, Output efficiency: 0.271
mdot_h2: 11.62 g/s
Reynolds_number: 11,135,029
Stack prop output power: 623 kW, Pcomp: 32.1 kW
Cell efficiency: 0.300, Output efficiency: 0.271
mdot_h2: 15.48 g/s
Reynolds_number: 11,135,029
Stack prop output power: 631 kW, Pcomp: 32.5 kW
Cell efficiency: 0.300, Output efficiency: 0.271
mdot_h2: 15.68 g/s
Fuel-cell system mass representative phase: climb (P_fc_sys=1393.095 kW).

-----------------------
ptotal_climb: 1,853 kW, mtom_est: 8,390 kg, mtom: 7,628 kg, residual: +762.79 kg

MTOM update: newton_prebracket, relax=1.000 -> mtom_next=10,297.12 kg

======================================================
======================= ITER 5 =======================
Reynolds_number: 11,135,029
Stack prop output power: 631 kW, Pcomp: 32.5 kW
Cell efficiency: 0.300, Output efficiency: 0.271
mdot_h2: 15.69 g/s
Reynolds_number: 11,135,029
Stack prop output power: 841 kW, Pcomp: 43.3 kW
Cell efficiency: 0.300, Output efficiency: 0.271
mdot_h2: 20.90 g/s
Reynolds_number: 11,135,029
Stack prop output power: 851 kW, Pcomp: 43.9 kW
Cell efficiency: 0.300, Output efficiency: 0.271
mdot_h2: 21.16 g/s
Reynolds_number: 11,135,029
Stack prop output power: 852 kW, Pcomp: 43.9 kW
Cell efficiency: 0.300, Output efficiency: 0.271
mdot_h2: 21.18 g/s
Reynolds_number: 9,242,074
Stack prop output power: 505 kW, Pcomp: 26.0 kW
Cell efficiency: 0.298, Output efficiency: 0.269
mdot_h2: 12.63 g/s
Reynolds_number: 9,242,074
Stack prop output power: 672 kW, Pcomp: 34.6 kW
Cell efficiency: 0.298, Output efficiency: 0.269
mdot_h2: 16.82 g/s
Reynolds_number: 9,242,074
Stack prop output power: 681 kW, Pcomp: 35.1 kW
Cell efficiency: 0.298, Output efficiency: 0.269
mdot_h2: 17.04 g/s
Reynolds_number: 11,135,029
Stack prop output power: 616 kW, Pcomp: 5.5 kW
Cell efficiency: 0.281, Output efficiency: 0.264
mdot_h2: 15.68 g/s
Reynolds_number: 11,135,029
Stack prop output power: 937 kW, Pcomp: 8.4 kW
Cell efficiency: 0.281, Output efficiency: 0.264
mdot_h2: 23.87 g/s
Reynolds_number: 11,135,029
Stack prop output power: 940 kW, Pcomp: 8.5 kW
Cell efficiency: 0.281, Output efficiency: 0.264
mdot_h2: 23.94 g/s
Reynolds_number: 6,709,346
Stack prop output power: 610 kW, Pcomp: 5.3 kW
Cell efficiency: 0.305, Output efficiency: 0.287
mdot_h2: 14.31 g/s
Reynolds_number: 6,709,346
Stack prop output power: 929 kW, Pcomp: 8.1 kW
Cell efficiency: 0.305, Output efficiency: 0.287
mdot_h2: 21.77 g/s
Reynolds_number: 6,709,346
Stack prop output power: 931 kW, Pcomp: 8.1 kW
Cell efficiency: 0.305, Output efficiency: 0.287
mdot_h2: 21.84 g/s
Reynolds_number: 11,135,029
Stack prop output power: 631 kW, Pcomp: 32.5 kW
Cell efficiency: 0.300, Output efficiency: 0.271
mdot_h2: 15.69 g/s
Reynolds_number: 11,135,029
Stack prop output power: 841 kW, Pcomp: 43.3 kW
Cell efficiency: 0.300, Output efficiency: 0.271
mdot_h2: 20.90 g/s
Reynolds_number: 11,135,029
Stack prop output power: 851 kW, Pcomp: 43.9 kW
Cell efficiency: 0.300, Output efficiency: 0.271
mdot_h2: 21.16 g/s
Reynolds_number: 11,135,029
Stack prop output power: 852 kW, Pcomp: 43.9 kW
Cell efficiency: 0.300, Output efficiency: 0.271
mdot_h2: 21.18 g/s
Fuel-cell system mass representative phase: climb (P_fc_sys=1880.678 kW).

-----------------------
ptotal_climb: 2,502 kW, mtom_est: 10,360 kg, mtom: 10,297 kg, residual: +62.48 kg

MTOM update: newton_prebracket, relax=1.000 -> mtom_next=10,535.29 kg

======================================================
======================= ITER 6 =======================
Reynolds_number: 11,135,029
Stack prop output power: 852 kW, Pcomp: 43.9 kW
Cell efficiency: 0.300, Output efficiency: 0.271
mdot_h2: 21.18 g/s
Reynolds_number: 11,135,029
Stack prop output power: 871 kW, Pcomp: 44.9 kW
Cell efficiency: 0.300, Output efficiency: 0.271
mdot_h2: 21.64 g/s
Reynolds_number: 11,135,029
Stack prop output power: 872 kW, Pcomp: 44.9 kW
Cell efficiency: 0.300, Output efficiency: 0.271
mdot_h2: 21.67 g/s
Reynolds_number: 9,242,074
Stack prop output power: 681 kW, Pcomp: 35.1 kW
Cell efficiency: 0.298, Output efficiency: 0.269
mdot_h2: 17.05 g/s
Reynolds_number: 9,242,074
Stack prop output power: 696 kW, Pcomp: 35.9 kW
Cell efficiency: 0.298, Output efficiency: 0.269
mdot_h2: 17.43 g/s
Reynolds_number: 9,242,074
Stack prop output power: 697 kW, Pcomp: 35.9 kW
Cell efficiency: 0.298, Output efficiency: 0.269
mdot_h2: 17.45 g/s
Reynolds_number: 11,135,029
Stack prop output power: 933 kW, Pcomp: 8.4 kW
Cell efficiency: 0.281, Output efficiency: 0.264
mdot_h2: 23.76 g/s
Reynolds_number: 11,135,029
Stack prop output power: 962 kW, Pcomp: 8.6 kW
Cell efficiency: 0.281, Output efficiency: 0.264
mdot_h2: 24.49 g/s
Reynolds_number: 6,709,346
Stack prop output power: 924 kW, Pcomp: 8.0 kW
Cell efficiency: 0.305, Output efficiency: 0.287
mdot_h2: 21.67 g/s
Reynolds_number: 6,709,346
Stack prop output power: 953 kW, Pcomp: 8.3 kW
Cell efficiency: 0.305, Output efficiency: 0.287
mdot_h2: 22.34 g/s
Reynolds_number: 11,135,029
Stack prop output power: 852 kW, Pcomp: 43.9 kW
Cell efficiency: 0.300, Output efficiency: 0.271
mdot_h2: 21.18 g/s
Reynolds_number: 11,135,029
Stack prop output power: 871 kW, Pcomp: 44.9 kW
Cell efficiency: 0.300, Output efficiency: 0.271
mdot_h2: 21.64 g/s
Reynolds_number: 11,135,029
Stack prop output power: 872 kW, Pcomp: 44.9 kW
Cell efficiency: 0.300, Output efficiency: 0.271
mdot_h2: 21.67 g/s
Fuel-cell system mass representative phase: climb (P_fc_sys=1924.173 kW).

-----------------------
ptotal_climb: 2,560 kW, mtom_est: 10,536 kg, mtom: 10,535 kg, residual: +0.31 kg


CONVERGED

CONVERGED STATE [MTOM iteration 6]
  MTOM=10,536 kg | Wing loading=220.52 kg/m^2 | P/W(climb)=242.97 W/kg
  Phase power: climb=2,559.8 kW | cruise=1,743.2 kW | loiter=1,394.5 kW | takeoff=2,535.5 kW | cruise+charger=1,743.2 kW
  Power split (climb): FC=1,906.9 kW | Battery=635.6 kW | Compressor=17.3 kW | Cooling=823.1 kW | H2=48.979 g/s
  Compressor max across phases: 89.9 kW (cruise)
  FC representative phase (mass sizing): climb (1,924.2 kW)
  Mass summary: MTOM=10,536 kg | Powertrain=3,201 kg | Tank=1,294.8 kg | Fuel=575.5 kg | Battery=377.9 kg | Nacelle power density=0.73 kW/kg
  Geometry: Main wing area=47.78 m^2 | Horizontal tail area=6.026 m^2 | Horizontal tail location=18.291 m | Vertical tail area=6.119 m^2 | Vertical tail location=17.680 m
  Config: wing loading input=220.51 kg/m^2 | P/W TO/Cl/Cr/Lo=0.17518/0.17682/0.11410/0.09128 kW/kg

=============================================================
========================= CONVERGED =========================
=============================================================
Constraint sizing: ENABLED (min_combined_pw)
Input W/S: 220.51 kg/m^2 (2,162.5 Pa)
Input P/W [kW/kg]: takeoff 0.17518, climb 0.17682, cruise 0.11410, loiter 0.09128
Converged P/W [kW/kg]: takeoff 0.24066, climb 0.24297, cruise 0.16546, loiter 0.13236
-------------------------------------------------------------

Mission Time
Climb time: 7.57 min (0.13 h)
Cruise time: 199.09 min (3.32 h)
Total flight time: 228.66 min (3.81 h)

Phase Power Breakdown
Phase      Time[min]     Total[kW]    FC Stack[kW]   Battery[kW]   Compressor[kW]   Cooling[kW]   mdot_H2[g/s]
--------------------------------------------------------------------------------------------------------------
ready           0.00         128.0           128.0           0.0              0.0           0.0         0.0
taxi            5.00         256.0           256.0           0.0              0.0           0.0         4.9
takeoff         1.00       2,535.5         1,889.2         629.7             16.6         727.5        44.7
climb           7.57       2,559.8         1,906.9         635.6             17.3         823.1        49.0
cruise        199.09       1,743.2         1,653.3           0.0             89.9         710.5        43.3
loiter         15.00       1,394.5         1,322.7           0.0             71.8         573.6        34.9
landing         1.00           0.0             0.0           0.0              0.0           0.0         0.0

Pcomp_max (solved phases): 89.9 kW (cruise)
Pnet (climb): 2,312 kW
Pelectricnet (climb): 2,543 kW
eta_pt: 0.9031

Geometry
S_wing: 47.78 m^2
b_wing: 20.74 m
Lfus: 20.54 m
Ltank: 11.53 m
S_HT: 6.03 m^2
S_VT: 6.12 m^2
b_HT: 5.21 m
b_VT: 3.41 m
X_HT_act: 18.29 m
X_VT_act: 17.68 m

One Nacelle (1/2)
Stack(1/2): 556 kg, Compressor: 43 kg, Humidifier: 216 kg, HX: 508 kg
W_FCS_single_nacelle (W_Stack+W_Compressor+W_Humidifier+W_Hx): 1,322 kg
Representative FC phase: climb
Specific Power of Nacelle System: 0.728 kW/kg
dim_hx: dX=1.614 m, dY=1.614 m, dZ=0.218 m
dim_stack: dX=0.386 m, dY=0.400 m, dZ=0.400 m

ALL Nacelles
W_FCS_total: 2,644 kg
W_PMAD: 219 kg
W_Motors: 338 kg

-----------------------
W_Powertrain (W_FCS_total+W_PMAD+W_Motors): 3,201 kg
-----------------------
W_wing: 879 kg
W_Htail: 55 kg
W_Vtail: 90 kg
W_fuselage: 747 kg
W_lnd_gear_main: 243 kg
W_lnd_gear_nose: 65 kg
W_flight_control: 366 kg
W_electric_system: 300 kg
W_iae: 142 kg
W_hydraulics: 126 kg
W_fur: 573 kg
-----------------------
OEM: 3,586 kg
-----------------------
W_tank: 1,295 kg
W_fuel: 575.5 kg
W_batt: 377.9 kg
-----------------------
W_payload: 1,500 kg
-----------------------
MTOM_grouped (OEM+W_tank+W_fuel+W_batt+W_Powertrain+W_payload): 10,536 kg
MTOM: 10,536 kg
-----------------------

Wing loading (MTOM/S_wing): 220.52 kg/m^2
Power-to-weight (converged): 242.97 W/kg

mdot_H2(cruise): 43.3 g/s
Vtankex: 24.7 m^3
========================== END ==============================


=============================================================
Execution time: 87.3 seconds
=============================================================
