Auto-widening W/S scan window for min_combined_pw: 1900.0..2600.0 -> 1725.0..2775.0 Pa (factor 1.500, lower_hit=True, upper_hit=False, min_on_edge=False).
Auto-widening W/S scan window for min_combined_pw: 1725.0..2775.0 -> 1462.5..3037.5 Pa (factor 1.500, lower_hit=True, upper_hit=False, min_on_edge=False).
ADRpy constraint sizing (min_combined_pw): W/S=2162.5 Pa (220.51 kg/m^2), P/W_TO=0.17518 kW/kg, P/W_climb=0.17660 kW/kg, P/W_cruise=0.06207 kW/kg
Curve minimum (combined/combined): W/S=2162.5 Pa (220.51 kg/m^2), P/W=0.17660 kW/kg
Curve minimum (takeoff/take-off): W/S=1462.5 Pa (149.13 kg/m^2), P/W=0.10196 kW/kg
Curve minimum (climb/climb): W/S=2312.5 Pa (235.81 kg/m^2), P/W=0.17460 kW/kg
Curve minimum (cruise/cruise): W/S=2312.5 Pa (235.81 kg/m^2), P/W=0.06177 kW/kg
======================================================
======================= ITER 1 =======================
Reynolds_number: 7,953,592
Stack prop output power: 500 kW, Pcomp: 25.7 kW
Cell efficiency: 0.297, Output efficiency: 0.268
mdot_h2: 12.56 g/s
Reynolds_number: 7,953,592
Stack prop output power: 239 kW, Pcomp: 12.3 kW
Cell efficiency: 0.297, Output efficiency: 0.268
mdot_h2: 6.01 g/s
Reynolds_number: 7,953,592
Stack prop output power: 226 kW, Pcomp: 11.6 kW
Cell efficiency: 0.297, Output efficiency: 0.268
mdot_h2: 5.67 g/s
Reynolds_number: 7,953,592
Stack prop output power: 225 kW, Pcomp: 11.6 kW
Cell efficiency: 0.297, Output efficiency: 0.268
mdot_h2: 5.65 g/s
Reynolds_number: 6,601,481
Stack prop output power: 500 kW, Pcomp: 25.7 kW
Cell efficiency: 0.295, Output efficiency: 0.267
mdot_h2: 12.61 g/s
Reynolds_number: 6,601,481
Stack prop output power: 196 kW, Pcomp: 10.1 kW
Cell efficiency: 0.295, Output efficiency: 0.267
mdot_h2: 4.95 g/s
Reynolds_number: 6,601,481
Stack prop output power: 181 kW, Pcomp: 9.3 kW
Cell efficiency: 0.295, Output efficiency: 0.267
mdot_h2: 4.56 g/s
Reynolds_number: 6,601,481
Stack prop output power: 180 kW, Pcomp: 9.3 kW
Cell efficiency: 0.295, Output efficiency: 0.267
mdot_h2: 4.54 g/s
Reynolds_number: 7,953,592
Stack prop output power: 349 kW, Pcomp: 3.1 kW
Cell efficiency: 0.277, Output efficiency: 0.261
mdot_h2: 9.02 g/s
Reynolds_number: 7,953,592
Stack prop output power: 455 kW, Pcomp: 4.1 kW
Cell efficiency: 0.277, Output efficiency: 0.261
mdot_h2: 11.74 g/s
Reynolds_number: 7,953,592
Stack prop output power: 456 kW, Pcomp: 4.1 kW
Cell efficiency: 0.277, Output efficiency: 0.261
mdot_h2: 11.77 g/s
Reynolds_number: 6,709,346
Stack prop output power: 351 kW, Pcomp: 3.1 kW
Cell efficiency: 0.305, Output efficiency: 0.287
mdot_h2: 8.22 g/s
Reynolds_number: 6,709,346
Stack prop output power: 451 kW, Pcomp: 3.9 kW
Cell efficiency: 0.305, Output efficiency: 0.287
mdot_h2: 10.58 g/s
Reynolds_number: 6,709,346
Stack prop output power: 452 kW, Pcomp: 3.9 kW
Cell efficiency: 0.305, Output efficiency: 0.287
mdot_h2: 10.60 g/s
Reynolds_number: 7,953,592
Stack prop output power: 500 kW, Pcomp: 25.7 kW
Cell efficiency: 0.297, Output efficiency: 0.268
mdot_h2: 12.56 g/s
Reynolds_number: 7,953,592
Stack prop output power: 239 kW, Pcomp: 12.3 kW
Cell efficiency: 0.297, Output efficiency: 0.268
mdot_h2: 6.01 g/s
Reynolds_number: 7,953,592
Stack prop output power: 226 kW, Pcomp: 11.6 kW
Cell efficiency: 0.297, Output efficiency: 0.268
mdot_h2: 5.67 g/s
Reynolds_number: 7,953,592
Stack prop output power: 225 kW, Pcomp: 11.6 kW
Cell efficiency: 0.297, Output efficiency: 0.268
mdot_h2: 5.65 g/s
Fuel-cell system mass representative phase: climb (P_fc_sys=912.102 kW).

-----------------------
ptotal_climb: 1,213 kW, mtom_est: 6,339 kg, mtom: 5,000 kg, residual: +1,338.53 kg

MTOM update: initial_bracket_probe_1, relax=1.000 -> mtom_next=5,325.00 kg

======================================================
======================= ITER 2 =======================
Reynolds_number: 7,953,592
Stack prop output power: 225 kW, Pcomp: 11.6 kW
Cell efficiency: 0.297, Output efficiency: 0.268
mdot_h2: 5.65 g/s
Reynolds_number: 7,953,592
Stack prop output power: 239 kW, Pcomp: 12.3 kW
Cell efficiency: 0.297, Output efficiency: 0.268
mdot_h2: 6.00 g/s
Reynolds_number: 7,953,592
Stack prop output power: 240 kW, Pcomp: 12.3 kW
Cell efficiency: 0.297, Output efficiency: 0.268
mdot_h2: 6.02 g/s
Reynolds_number: 6,601,481
Stack prop output power: 180 kW, Pcomp: 9.3 kW
Cell efficiency: 0.295, Output efficiency: 0.267
mdot_h2: 4.54 g/s
Reynolds_number: 6,601,481
Stack prop output power: 191 kW, Pcomp: 9.8 kW
Cell efficiency: 0.295, Output efficiency: 0.267
mdot_h2: 4.82 g/s
Reynolds_number: 6,601,481
Stack prop output power: 192 kW, Pcomp: 9.9 kW
Cell efficiency: 0.295, Output efficiency: 0.267
mdot_h2: 4.83 g/s
Reynolds_number: 7,953,592
Stack prop output power: 446 kW, Pcomp: 4.0 kW
Cell efficiency: 0.277, Output efficiency: 0.261
mdot_h2: 11.52 g/s
Reynolds_number: 7,953,592
Stack prop output power: 485 kW, Pcomp: 4.4 kW
Cell efficiency: 0.277, Output efficiency: 0.261
mdot_h2: 12.52 g/s
Reynolds_number: 6,709,346
Stack prop output power: 443 kW, Pcomp: 3.9 kW
Cell efficiency: 0.305, Output efficiency: 0.287
mdot_h2: 10.38 g/s
Reynolds_number: 6,709,346
Stack prop output power: 481 kW, Pcomp: 4.2 kW
Cell efficiency: 0.305, Output efficiency: 0.287
mdot_h2: 11.29 g/s
Reynolds_number: 7,953,592
Stack prop output power: 225 kW, Pcomp: 11.6 kW
Cell efficiency: 0.297, Output efficiency: 0.268
mdot_h2: 5.65 g/s
Reynolds_number: 7,953,592
Stack prop output power: 239 kW, Pcomp: 12.3 kW
Cell efficiency: 0.297, Output efficiency: 0.268
mdot_h2: 6.00 g/s
Reynolds_number: 7,953,592
Stack prop output power: 240 kW, Pcomp: 12.3 kW
Cell efficiency: 0.297, Output efficiency: 0.268
mdot_h2: 6.02 g/s
Fuel-cell system mass representative phase: climb (P_fc_sys=971.382 kW).

-----------------------
ptotal_climb: 1,292 kW, mtom_est: 6,564 kg, mtom: 5,325 kg, residual: +1,239.03 kg

MTOM update: initial_bracket_probe_2, relax=1.000 -> mtom_next=5,650.00 kg

======================================================
======================= ITER 3 =======================
Reynolds_number: 7,953,592
Stack prop output power: 240 kW, Pcomp: 12.3 kW
Cell efficiency: 0.297, Output efficiency: 0.268
mdot_h2: 6.02 g/s
Reynolds_number: 7,953,592
Stack prop output power: 254 kW, Pcomp: 13.1 kW
Cell efficiency: 0.297, Output efficiency: 0.268
mdot_h2: 6.37 g/s
Reynolds_number: 7,953,592
Stack prop output power: 254 kW, Pcomp: 13.1 kW
Cell efficiency: 0.297, Output efficiency: 0.268
mdot_h2: 6.39 g/s
Reynolds_number: 6,601,481
Stack prop output power: 192 kW, Pcomp: 9.9 kW
Cell efficiency: 0.295, Output efficiency: 0.267
mdot_h2: 4.83 g/s
Reynolds_number: 6,601,481
Stack prop output power: 203 kW, Pcomp: 10.4 kW
Cell efficiency: 0.295, Output efficiency: 0.267
mdot_h2: 5.11 g/s
Reynolds_number: 6,601,481
Stack prop output power: 203 kW, Pcomp: 10.5 kW
Cell efficiency: 0.295, Output efficiency: 0.267
mdot_h2: 5.13 g/s
Reynolds_number: 7,953,592
Stack prop output power: 476 kW, Pcomp: 4.3 kW
Cell efficiency: 0.277, Output efficiency: 0.261
mdot_h2: 12.28 g/s
Reynolds_number: 7,953,592
Stack prop output power: 515 kW, Pcomp: 4.6 kW
Cell efficiency: 0.277, Output efficiency: 0.261
mdot_h2: 13.29 g/s
Reynolds_number: 6,709,346
Stack prop output power: 472 kW, Pcomp: 4.1 kW
Cell efficiency: 0.305, Output efficiency: 0.287
mdot_h2: 11.07 g/s
Reynolds_number: 6,709,346
Stack prop output power: 511 kW, Pcomp: 4.4 kW
Cell efficiency: 0.305, Output efficiency: 0.287
mdot_h2: 11.98 g/s
Reynolds_number: 7,953,592
Stack prop output power: 240 kW, Pcomp: 12.3 kW
Cell efficiency: 0.297, Output efficiency: 0.268
mdot_h2: 6.02 g/s
Reynolds_number: 7,953,592
Stack prop output power: 254 kW, Pcomp: 13.1 kW
Cell efficiency: 0.297, Output efficiency: 0.268
mdot_h2: 6.37 g/s
Reynolds_number: 7,953,592
Stack prop output power: 254 kW, Pcomp: 13.1 kW
Cell efficiency: 0.297, Output efficiency: 0.268
mdot_h2: 6.39 g/s
Fuel-cell system mass representative phase: climb (P_fc_sys=1030.669 kW).

-----------------------
ptotal_climb: 1,371 kW, mtom_est: 6,792 kg, mtom: 5,650 kg, residual: +1,141.73 kg

MTOM update: newton_prebracket, relax=1.000 -> mtom_next=7,627.50 kg

======================================================
======================= ITER 4 =======================
Reynolds_number: 7,953,592
Stack prop output power: 254 kW, Pcomp: 13.1 kW
Cell efficiency: 0.297, Output efficiency: 0.268
mdot_h2: 6.39 g/s
Reynolds_number: 7,953,592
Stack prop output power: 339 kW, Pcomp: 17.4 kW
Cell efficiency: 0.297, Output efficiency: 0.268
mdot_h2: 8.51 g/s
Reynolds_number: 7,953,592
Stack prop output power: 343 kW, Pcomp: 17.7 kW
Cell efficiency: 0.297, Output efficiency: 0.268
mdot_h2: 8.62 g/s
Reynolds_number: 6,601,481
Stack prop output power: 203 kW, Pcomp: 10.5 kW
Cell efficiency: 0.295, Output efficiency: 0.267
mdot_h2: 5.13 g/s
Reynolds_number: 6,601,481
Stack prop output power: 271 kW, Pcomp: 14.0 kW
Cell efficiency: 0.295, Output efficiency: 0.267
mdot_h2: 6.83 g/s
Reynolds_number: 6,601,481
Stack prop output power: 274 kW, Pcomp: 14.1 kW
Cell efficiency: 0.295, Output efficiency: 0.267
mdot_h2: 6.92 g/s
Reynolds_number: 7,953,592
Stack prop output power: 456 kW, Pcomp: 4.1 kW
Cell efficiency: 0.277, Output efficiency: 0.261
mdot_h2: 11.76 g/s
Reynolds_number: 7,953,592
Stack prop output power: 694 kW, Pcomp: 6.2 kW
Cell efficiency: 0.277, Output efficiency: 0.261
mdot_h2: 17.90 g/s
Reynolds_number: 7,953,592
Stack prop output power: 696 kW, Pcomp: 6.3 kW
Cell efficiency: 0.277, Output efficiency: 0.261
mdot_h2: 17.95 g/s
Reynolds_number: 6,709,346
Stack prop output power: 452 kW, Pcomp: 3.9 kW
Cell efficiency: 0.305, Output efficiency: 0.287
mdot_h2: 10.60 g/s
Reynolds_number: 6,709,346
Stack prop output power: 688 kW, Pcomp: 6.0 kW
Cell efficiency: 0.305, Output efficiency: 0.287
mdot_h2: 16.13 g/s
Reynolds_number: 6,709,346
Stack prop output power: 690 kW, Pcomp: 6.0 kW
Cell efficiency: 0.305, Output efficiency: 0.287
mdot_h2: 16.18 g/s
Reynolds_number: 7,953,592
Stack prop output power: 254 kW, Pcomp: 13.1 kW
Cell efficiency: 0.297, Output efficiency: 0.268
mdot_h2: 6.39 g/s
Reynolds_number: 7,953,592
Stack prop output power: 339 kW, Pcomp: 17.4 kW
Cell efficiency: 0.297, Output efficiency: 0.268
mdot_h2: 8.51 g/s
Reynolds_number: 7,953,592
Stack prop output power: 343 kW, Pcomp: 17.7 kW
Cell efficiency: 0.297, Output efficiency: 0.268
mdot_h2: 8.62 g/s
Fuel-cell system mass representative phase: climb (P_fc_sys=1391.411 kW).

-----------------------
ptotal_climb: 1,851 kW, mtom_est: 8,187 kg, mtom: 7,628 kg, residual: +559.32 kg

MTOM update: newton_prebracket, relax=1.000 -> mtom_next=9,526.61 kg

======================================================
======================= ITER 5 =======================
Reynolds_number: 7,953,592
Stack prop output power: 343 kW, Pcomp: 17.7 kW
Cell efficiency: 0.297, Output efficiency: 0.268
mdot_h2: 8.62 g/s
Reynolds_number: 7,953,592
Stack prop output power: 424 kW, Pcomp: 21.9 kW
Cell efficiency: 0.297, Output efficiency: 0.268
mdot_h2: 10.66 g/s
Reynolds_number: 7,953,592
Stack prop output power: 429 kW, Pcomp: 22.1 kW
Cell efficiency: 0.297, Output efficiency: 0.268
mdot_h2: 10.76 g/s
Reynolds_number: 6,601,481
Stack prop output power: 275 kW, Pcomp: 14.1 kW
Cell efficiency: 0.295, Output efficiency: 0.267
mdot_h2: 6.92 g/s
Reynolds_number: 6,601,481
Stack prop output power: 339 kW, Pcomp: 17.5 kW
Cell efficiency: 0.295, Output efficiency: 0.267
mdot_h2: 8.56 g/s
Reynolds_number: 6,601,481
Stack prop output power: 343 kW, Pcomp: 17.7 kW
Cell efficiency: 0.295, Output efficiency: 0.267
mdot_h2: 8.64 g/s
Reynolds_number: 7,953,592
Stack prop output power: 638 kW, Pcomp: 5.7 kW
Cell efficiency: 0.277, Output efficiency: 0.261
mdot_h2: 16.48 g/s
Reynolds_number: 7,953,592
Stack prop output power: 867 kW, Pcomp: 7.8 kW
Cell efficiency: 0.277, Output efficiency: 0.261
mdot_h2: 22.37 g/s
Reynolds_number: 7,953,592
Stack prop output power: 869 kW, Pcomp: 7.8 kW
Cell efficiency: 0.277, Output efficiency: 0.261
mdot_h2: 22.42 g/s
Reynolds_number: 6,709,346
Stack prop output power: 633 kW, Pcomp: 5.5 kW
Cell efficiency: 0.305, Output efficiency: 0.287
mdot_h2: 14.85 g/s
Reynolds_number: 6,709,346
Stack prop output power: 860 kW, Pcomp: 7.5 kW
Cell efficiency: 0.305, Output efficiency: 0.287
mdot_h2: 20.16 g/s
Reynolds_number: 6,709,346
Stack prop output power: 862 kW, Pcomp: 7.5 kW
Cell efficiency: 0.305, Output efficiency: 0.287
mdot_h2: 20.20 g/s
Reynolds_number: 7,953,592
Stack prop output power: 343 kW, Pcomp: 17.7 kW
Cell efficiency: 0.297, Output efficiency: 0.268
mdot_h2: 8.62 g/s
Reynolds_number: 7,953,592
Stack prop output power: 424 kW, Pcomp: 21.9 kW
Cell efficiency: 0.297, Output efficiency: 0.268
mdot_h2: 10.66 g/s
Reynolds_number: 7,953,592
Stack prop output power: 429 kW, Pcomp: 22.1 kW
Cell efficiency: 0.297, Output efficiency: 0.268
mdot_h2: 10.76 g/s
Fuel-cell system mass representative phase: climb (P_fc_sys=1737.848 kW).

-----------------------
ptotal_climb: 2,312 kW, mtom_est: 9,542 kg, mtom: 9,527 kg, residual: +15.12 kg

MTOM update: newton_prebracket, relax=1.000 -> mtom_next=9,579.37 kg

======================================================
======================= ITER 6 =======================
Reynolds_number: 7,953,592
Stack prop output power: 429 kW, Pcomp: 22.1 kW
Cell efficiency: 0.297, Output efficiency: 0.268
mdot_h2: 10.77 g/s
Reynolds_number: 7,953,592
Stack prop output power: 431 kW, Pcomp: 22.2 kW
Cell efficiency: 0.297, Output efficiency: 0.268
mdot_h2: 10.83 g/s
Reynolds_number: 6,601,481
Stack prop output power: 343 kW, Pcomp: 17.7 kW
Cell efficiency: 0.295, Output efficiency: 0.267
mdot_h2: 8.65 g/s
Reynolds_number: 6,601,481
Stack prop output power: 345 kW, Pcomp: 17.8 kW
Cell efficiency: 0.295, Output efficiency: 0.267
mdot_h2: 8.69 g/s
Reynolds_number: 7,953,592
Stack prop output power: 867 kW, Pcomp: 7.8 kW
Cell efficiency: 0.277, Output efficiency: 0.261
mdot_h2: 22.38 g/s
Reynolds_number: 7,953,592
Stack prop output power: 874 kW, Pcomp: 7.9 kW
Cell efficiency: 0.277, Output efficiency: 0.261
mdot_h2: 22.55 g/s
Reynolds_number: 6,709,346
Stack prop output power: 860 kW, Pcomp: 7.5 kW
Cell efficiency: 0.305, Output efficiency: 0.287
mdot_h2: 20.17 g/s
Reynolds_number: 6,709,346
Stack prop output power: 866 kW, Pcomp: 7.5 kW
Cell efficiency: 0.305, Output efficiency: 0.287
mdot_h2: 20.32 g/s
Reynolds_number: 7,953,592
Stack prop output power: 429 kW, Pcomp: 22.1 kW
Cell efficiency: 0.297, Output efficiency: 0.268
mdot_h2: 10.77 g/s
Reynolds_number: 7,953,592
Stack prop output power: 431 kW, Pcomp: 22.2 kW
Cell efficiency: 0.297, Output efficiency: 0.268
mdot_h2: 10.83 g/s
Fuel-cell system mass representative phase: climb (P_fc_sys=1747.472 kW).

-----------------------
ptotal_climb: 2,325 kW, mtom_est: 9,579 kg, mtom: 9,579 kg, residual: -0.26 kg


CONVERGED

CONVERGED STATE [MTOM iteration 6]
  MTOM=9,579 kg | Wing loading=220.51 kg/m^2 | P/W(climb)=242.69 W/kg
  Phase power: climb=2,324.7 kW | cruise=862.2 kW | loiter=689.8 kW | takeoff=2,305.5 kW | cruise+charger=862.2 kW
  Power split (climb): FC=1,731.7 kW | Battery=577.2 kW | Compressor=15.7 kW | Cooling=761.5 kW | H2=45.092 g/s
  Compressor max across phases: 44.4 kW (cruise)
  FC representative phase (mass sizing): climb (1,747.5 kW)
  Mass summary: MTOM=9,579 kg | Powertrain=3,253 kg | Tank=919.2 kg | Fuel=408.5 kg | Battery=343.3 kg | Nacelle power density=0.64 kW/kg
  Geometry: Main wing area=43.44 m^2 | Horizontal tail area=6.543 m^2 | Horizontal tail location=14.875 m | Vertical tail area=6.714 m^2 | Vertical tail location=14.212 m
  Config: wing loading input=220.51 kg/m^2 | P/W TO/Cl/Cr/Lo=0.17518/0.17660/0.06207/0.04966 kW/kg

=============================================================
========================= CONVERGED =========================
=============================================================
Constraint sizing: ENABLED (min_combined_pw)
Input W/S: 220.51 kg/m^2 (2,162.5 Pa)
Input P/W [kW/kg]: takeoff 0.17518, climb 0.17660, cruise 0.06207, loiter 0.04966
Converged P/W [kW/kg]: takeoff 0.24068, climb 0.24269, cruise 0.09001, loiter 0.07201
-------------------------------------------------------------

Mission Time
Climb time: 7.57 min (0.13 h)
Cruise time: 283.70 min (4.73 h)
Total flight time: 313.28 min (5.22 h)

Phase Power Breakdown
Phase      Time[min]     Total[kW]    FC Stack[kW]   Battery[kW]   Compressor[kW]   Cooling[kW]   mdot_H2[g/s]
--------------------------------------------------------------------------------------------------------------
ready           0.00         116.2           116.2           0.0              0.0           0.0         0.0
taxi            5.00         232.5           232.5           0.0              0.0           0.0         4.5
takeoff         1.00       2,305.5         1,717.8         572.6             15.1         661.7        40.6
climb           7.57       2,324.7         1,731.7         577.2             15.7         761.5        45.1
cruise        283.70         862.2           817.8           0.0             44.4         356.7        21.7
loiter         15.00         689.8           654.3           0.0             35.5         287.0        17.4
landing         1.00           0.0             0.0           0.0              0.0           0.0         0.0

Pcomp_max (solved phases): 44.4 kW (cruise)
Pnet (climb): 2,099 kW
Pelectricnet (climb): 2,309 kW
eta_pt: 0.9031

Geometry
S_wing: 43.44 m^2
b_wing: 19.77 m
Lfus: 17.20 m
Ltank: 8.19 m
S_HT: 6.54 m^2
S_VT: 6.71 m^2
b_HT: 5.43 m
b_VT: 3.57 m
X_HT_act: 14.88 m
X_VT_act: 14.21 m

One Nacelle (1/2)
Stack(1/2): 511 kg, Compressor: 40 kg, Humidifier: 205 kg, HX: 618 kg
W_FCS_single_nacelle (W_Stack+W_Compressor+W_Humidifier+W_Hx): 1,373 kg
Representative FC phase: climb
Specific Power of Nacelle System: 0.636 kW/kg
dim_hx: dX=1.854 m, dY=1.854 m, dZ=0.201 m
dim_stack: dX=0.391 m, dY=0.381 m, dZ=0.381 m

ALL Nacelles
W_FCS_total: 2,746 kg
W_PMAD: 200 kg
W_Motors: 307 kg

-----------------------
W_Powertrain (W_FCS_total+W_PMAD+W_Motors): 3,253 kg
-----------------------
W_wing: 777 kg
W_Htail: 55 kg
W_Vtail: 89 kg
W_fuselage: 517 kg
W_lnd_gear_main: 243 kg
W_lnd_gear_nose: 65 kg
W_flight_control: 366 kg
W_electric_system: 300 kg
W_iae: 131 kg
W_hydraulics: 115 kg
W_fur: 499 kg
-----------------------
OEM: 3,156 kg
-----------------------
W_tank: 919 kg
W_fuel: 408.5 kg
W_batt: 343.3 kg
-----------------------
W_payload: 1,500 kg
-----------------------
MTOM_grouped (OEM+W_tank+W_fuel+W_batt+W_Powertrain+W_payload): 9,579 kg
MTOM: 9,579 kg
-----------------------

Wing loading (MTOM/S_wing): 220.51 kg/m^2
Power-to-weight (converged): 242.69 W/kg

mdot_H2(cruise): 21.7 g/s
Vtankex: 17.5 m^3
========================== END ==============================


=============================================================
Execution time: 85.7 seconds
=============================================================
