Auto-widening W/S scan window for min_combined_pw: 1900.0..2600.0 -> 1725.0..2775.0 Pa (factor 1.500, lower_hit=True, upper_hit=False, min_on_edge=False).
Auto-widening W/S scan window for min_combined_pw: 1725.0..2775.0 -> 1462.5..3037.5 Pa (factor 1.500, lower_hit=True, upper_hit=False, min_on_edge=False).
ADRpy constraint sizing (min_combined_pw): W/S=2212.5 Pa (225.61 kg/m^2), P/W_TO=0.18089 kW/kg, P/W_climb=0.18058 kW/kg, P/W_cruise=0.06135 kW/kg
Curve minimum (combined/combined): W/S=2212.5 Pa (225.61 kg/m^2), P/W=0.18089 kW/kg
Curve minimum (takeoff/take-off): W/S=1462.5 Pa (149.13 kg/m^2), P/W=0.10196 kW/kg
Curve minimum (climb/climb): W/S=2312.5 Pa (235.81 kg/m^2), P/W=0.17920 kW/kg
Curve minimum (cruise/cruise): W/S=2262.5 Pa (230.71 kg/m^2), P/W=0.06134 kW/kg
======================================================
======================= ITER 1 =======================
Reynolds_number: 7,577,968
Stack prop output power: 500 kW, Pcomp: 30.8 kW
Cell efficiency: 0.296, Output efficiency: 0.265
mdot_h2: 12.72 g/s
Reynolds_number: 7,577,968
Stack prop output power: 242 kW, Pcomp: 14.9 kW
Cell efficiency: 0.296, Output efficiency: 0.265
mdot_h2: 6.15 g/s
Reynolds_number: 7,577,968
Stack prop output power: 226 kW, Pcomp: 13.9 kW
Cell efficiency: 0.296, Output efficiency: 0.265
mdot_h2: 5.75 g/s
Reynolds_number: 7,577,968
Stack prop output power: 225 kW, Pcomp: 13.9 kW
Cell efficiency: 0.296, Output efficiency: 0.265
mdot_h2: 5.72 g/s
Reynolds_number: 6,289,713
Stack prop output power: 500 kW, Pcomp: 30.8 kW
Cell efficiency: 0.295, Output efficiency: 0.264
mdot_h2: 12.77 g/s
Reynolds_number: 6,289,713
Stack prop output power: 200 kW, Pcomp: 12.3 kW
Cell efficiency: 0.295, Output efficiency: 0.264
mdot_h2: 5.10 g/s
Reynolds_number: 6,289,713
Stack prop output power: 181 kW, Pcomp: 11.2 kW
Cell efficiency: 0.295, Output efficiency: 0.264
mdot_h2: 4.62 g/s
Reynolds_number: 6,289,713
Stack prop output power: 180 kW, Pcomp: 11.1 kW
Cell efficiency: 0.295, Output efficiency: 0.264
mdot_h2: 4.59 g/s
Reynolds_number: 7,577,968
Stack prop output power: 346 kW, Pcomp: 3.1 kW
Cell efficiency: 0.271, Output efficiency: 0.255
mdot_h2: 9.12 g/s
Reynolds_number: 7,577,968
Stack prop output power: 465 kW, Pcomp: 4.2 kW
Cell efficiency: 0.271, Output efficiency: 0.255
mdot_h2: 12.27 g/s
Reynolds_number: 7,577,968
Stack prop output power: 466 kW, Pcomp: 4.2 kW
Cell efficiency: 0.271, Output efficiency: 0.255
mdot_h2: 12.30 g/s
Reynolds_number: 6,709,346
Stack prop output power: 346 kW, Pcomp: 3.0 kW
Cell efficiency: 0.305, Output efficiency: 0.287
mdot_h2: 8.11 g/s
Reynolds_number: 6,709,346
Stack prop output power: 466 kW, Pcomp: 4.1 kW
Cell efficiency: 0.305, Output efficiency: 0.287
mdot_h2: 10.93 g/s
Reynolds_number: 6,709,346
Stack prop output power: 467 kW, Pcomp: 4.1 kW
Cell efficiency: 0.305, Output efficiency: 0.287
mdot_h2: 10.95 g/s
Reynolds_number: 7,577,968
Stack prop output power: 500 kW, Pcomp: 30.8 kW
Cell efficiency: 0.296, Output efficiency: 0.265
mdot_h2: 12.72 g/s
Reynolds_number: 7,577,968
Stack prop output power: 242 kW, Pcomp: 14.9 kW
Cell efficiency: 0.296, Output efficiency: 0.265
mdot_h2: 6.15 g/s
Reynolds_number: 7,577,968
Stack prop output power: 226 kW, Pcomp: 13.9 kW
Cell efficiency: 0.296, Output efficiency: 0.265
mdot_h2: 5.75 g/s
Reynolds_number: 7,577,968
Stack prop output power: 225 kW, Pcomp: 13.9 kW
Cell efficiency: 0.296, Output efficiency: 0.265
mdot_h2: 5.72 g/s
Fuel-cell system mass representative phase: takeoff (P_fc_sys=933.979 kW).

-----------------------
ptotal_climb: 1,241 kW, mtom_est: 5,163 kg, mtom: 5,000 kg, residual: +162.90 kg

MTOM update: initial_bracket_probe_1, relax=1.000 -> mtom_next=5,325.00 kg

======================================================
======================= ITER 2 =======================
Reynolds_number: 7,577,968
Stack prop output power: 225 kW, Pcomp: 13.8 kW
Cell efficiency: 0.296, Output efficiency: 0.265
mdot_h2: 5.72 g/s
Reynolds_number: 7,577,968
Stack prop output power: 239 kW, Pcomp: 14.7 kW
Cell efficiency: 0.296, Output efficiency: 0.265
mdot_h2: 6.07 g/s
Reynolds_number: 7,577,968
Stack prop output power: 239 kW, Pcomp: 14.7 kW
Cell efficiency: 0.296, Output efficiency: 0.265
mdot_h2: 6.09 g/s
Reynolds_number: 6,289,713
Stack prop output power: 180 kW, Pcomp: 11.1 kW
Cell efficiency: 0.295, Output efficiency: 0.264
mdot_h2: 4.59 g/s
Reynolds_number: 6,289,713
Stack prop output power: 191 kW, Pcomp: 11.8 kW
Cell efficiency: 0.295, Output efficiency: 0.264
mdot_h2: 4.87 g/s
Reynolds_number: 6,289,713
Stack prop output power: 191 kW, Pcomp: 11.8 kW
Cell efficiency: 0.295, Output efficiency: 0.264
mdot_h2: 4.89 g/s
Reynolds_number: 7,577,968
Stack prop output power: 456 kW, Pcomp: 4.1 kW
Cell efficiency: 0.271, Output efficiency: 0.255
mdot_h2: 12.04 g/s
Reynolds_number: 7,577,968
Stack prop output power: 496 kW, Pcomp: 4.5 kW
Cell efficiency: 0.271, Output efficiency: 0.255
mdot_h2: 13.09 g/s
Reynolds_number: 6,709,346
Stack prop output power: 457 kW, Pcomp: 4.0 kW
Cell efficiency: 0.305, Output efficiency: 0.287
mdot_h2: 10.72 g/s
Reynolds_number: 6,709,346
Stack prop output power: 497 kW, Pcomp: 4.3 kW
Cell efficiency: 0.305, Output efficiency: 0.287
mdot_h2: 11.65 g/s
Reynolds_number: 7,577,968
Stack prop output power: 225 kW, Pcomp: 13.8 kW
Cell efficiency: 0.296, Output efficiency: 0.265
mdot_h2: 5.72 g/s
Reynolds_number: 7,577,968
Stack prop output power: 239 kW, Pcomp: 14.7 kW
Cell efficiency: 0.296, Output efficiency: 0.265
mdot_h2: 6.07 g/s
Reynolds_number: 7,577,968
Stack prop output power: 239 kW, Pcomp: 14.7 kW
Cell efficiency: 0.296, Output efficiency: 0.265
mdot_h2: 6.09 g/s
Fuel-cell system mass representative phase: takeoff (P_fc_sys=994.682 kW).

-----------------------
ptotal_climb: 1,321 kW, mtom_est: 5,386 kg, mtom: 5,325 kg, residual: +61.33 kg

MTOM update: initial_bracket_probe_2, relax=1.000 -> mtom_next=5,650.00 kg

======================================================
======================= ITER 3 =======================
Reynolds_number: 7,577,968
Stack prop output power: 239 kW, Pcomp: 14.7 kW
Cell efficiency: 0.296, Output efficiency: 0.265
mdot_h2: 6.09 g/s
Reynolds_number: 7,577,968
Stack prop output power: 253 kW, Pcomp: 15.6 kW
Cell efficiency: 0.296, Output efficiency: 0.265
mdot_h2: 6.44 g/s
Reynolds_number: 7,577,968
Stack prop output power: 254 kW, Pcomp: 15.6 kW
Cell efficiency: 0.296, Output efficiency: 0.265
mdot_h2: 6.46 g/s
Reynolds_number: 6,289,713
Stack prop output power: 192 kW, Pcomp: 11.8 kW
Cell efficiency: 0.295, Output efficiency: 0.264
mdot_h2: 4.89 g/s
Reynolds_number: 6,289,713
Stack prop output power: 202 kW, Pcomp: 12.5 kW
Cell efficiency: 0.295, Output efficiency: 0.264
mdot_h2: 5.17 g/s
Reynolds_number: 6,289,713
Stack prop output power: 203 kW, Pcomp: 12.5 kW
Cell efficiency: 0.295, Output efficiency: 0.264
mdot_h2: 5.19 g/s
Reynolds_number: 7,577,968
Stack prop output power: 487 kW, Pcomp: 4.4 kW
Cell efficiency: 0.271, Output efficiency: 0.255
mdot_h2: 12.83 g/s
Reynolds_number: 7,577,968
Stack prop output power: 527 kW, Pcomp: 4.8 kW
Cell efficiency: 0.271, Output efficiency: 0.255
mdot_h2: 13.89 g/s
Reynolds_number: 6,709,346
Stack prop output power: 487 kW, Pcomp: 4.2 kW
Cell efficiency: 0.305, Output efficiency: 0.287
mdot_h2: 11.43 g/s
Reynolds_number: 6,709,346
Stack prop output power: 527 kW, Pcomp: 4.6 kW
Cell efficiency: 0.305, Output efficiency: 0.287
mdot_h2: 12.37 g/s
Reynolds_number: 7,577,968
Stack prop output power: 239 kW, Pcomp: 14.7 kW
Cell efficiency: 0.296, Output efficiency: 0.265
mdot_h2: 6.09 g/s
Reynolds_number: 7,577,968
Stack prop output power: 253 kW, Pcomp: 15.6 kW
Cell efficiency: 0.296, Output efficiency: 0.265
mdot_h2: 6.44 g/s
Reynolds_number: 7,577,968
Stack prop output power: 254 kW, Pcomp: 15.6 kW
Cell efficiency: 0.296, Output efficiency: 0.265
mdot_h2: 6.46 g/s
Fuel-cell system mass representative phase: takeoff (P_fc_sys=1055.390 kW).

-----------------------
ptotal_climb: 1,402 kW, mtom_est: 5,612 kg, mtom: 5,650 kg, residual: -38.05 kg

MTOM update: newton, relax=1.000 -> mtom_next=5,525.56 kg

======================================================
======================= ITER 4 =======================
Reynolds_number: 7,577,968
Stack prop output power: 254 kW, Pcomp: 15.6 kW
Cell efficiency: 0.296, Output efficiency: 0.265
mdot_h2: 6.46 g/s
Reynolds_number: 7,577,968
Stack prop output power: 249 kW, Pcomp: 15.3 kW
Cell efficiency: 0.296, Output efficiency: 0.265
mdot_h2: 6.33 g/s
Reynolds_number: 6,289,713
Stack prop output power: 203 kW, Pcomp: 12.5 kW
Cell efficiency: 0.295, Output efficiency: 0.264
mdot_h2: 5.19 g/s
Reynolds_number: 6,289,713
Stack prop output power: 199 kW, Pcomp: 12.3 kW
Cell efficiency: 0.295, Output efficiency: 0.264
mdot_h2: 5.08 g/s
Reynolds_number: 7,577,968
Stack prop output power: 531 kW, Pcomp: 4.8 kW
Cell efficiency: 0.271, Output efficiency: 0.255
mdot_h2: 14.00 g/s
Reynolds_number: 7,577,968
Stack prop output power: 516 kW, Pcomp: 4.7 kW
Cell efficiency: 0.271, Output efficiency: 0.255
mdot_h2: 13.60 g/s
Reynolds_number: 6,709,346
Stack prop output power: 532 kW, Pcomp: 4.6 kW
Cell efficiency: 0.305, Output efficiency: 0.287
mdot_h2: 12.46 g/s
Reynolds_number: 6,709,346
Stack prop output power: 516 kW, Pcomp: 4.5 kW
Cell efficiency: 0.305, Output efficiency: 0.287
mdot_h2: 12.10 g/s
Reynolds_number: 7,577,968
Stack prop output power: 254 kW, Pcomp: 15.6 kW
Cell efficiency: 0.296, Output efficiency: 0.265
mdot_h2: 6.46 g/s
Reynolds_number: 7,577,968
Stack prop output power: 249 kW, Pcomp: 15.3 kW
Cell efficiency: 0.296, Output efficiency: 0.265
mdot_h2: 6.33 g/s
Fuel-cell system mass representative phase: takeoff (P_fc_sys=1032.153 kW).

-----------------------
ptotal_climb: 1,371 kW, mtom_est: 5,528 kg, mtom: 5,526 kg, residual: +2.51 kg


CONVERGED

CONVERGED STATE [MTOM iteration 4]
  MTOM=5,528 kg | Wing loading=225.71 kg/m^2 | P/W(climb)=248.05 W/kg
  Phase power: climb=1,371.2 kW | cruise=496.9 kW | loiter=397.5 kW | takeoff=1,373.2 kW | cruise+charger=496.9 kW
  Power split (climb): FC=1,021.4 kW | Battery=340.5 kW | Compressor=9.4 kW | Cooling=458.8 kW | H2=27.192 g/s
  Compressor max across phases: 30.7 kW (cruise)
  FC representative phase (mass sizing): takeoff (1,032.2 kW)
  Mass summary: MTOM=5,528 kg | Powertrain=1,962 kg | Tank=456.9 kg | Fuel=203.1 kg | Battery=232.5 kg | Nacelle power density=0.62 kW/kg
  Geometry: Main wing area=24.49 m^2 | Horizontal tail area=3.707 m^2 | Horizontal tail location=11.184 m | Vertical tail area=3.759 m^2 | Vertical tail location=10.771 m
  Config: wing loading input=225.61 kg/m^2 | P/W TO/Cl/Cr/Lo=0.18089/0.18058/0.06135/0.04908 kW/kg

=============================================================
========================= CONVERGED =========================
=============================================================
Constraint sizing: ENABLED (min_combined_pw)
Input W/S: 225.61 kg/m^2 (2,212.5 Pa)
Input P/W [kW/kg]: takeoff 0.18089, climb 0.18058, cruise 0.06135, loiter 0.04908
Converged P/W [kW/kg]: takeoff 0.24841, climb 0.24805, cruise 0.08989, loiter 0.07191
-------------------------------------------------------------

Mission Time
Climb time: 8.83 min (0.15 h)
Cruise time: 233.36 min (3.89 h)
Total flight time: 264.19 min (4.40 h)

Phase Power Breakdown
Phase      Time[min]     Total[kW]    FC Stack[kW]   Battery[kW]   Compressor[kW]   Cooling[kW]   mdot_H2[g/s]
--------------------------------------------------------------------------------------------------------------
ready           0.00          68.6            68.6           0.0              0.0           0.0         0.0
taxi            5.00         137.1           137.1           0.0              0.0           0.0         2.7
takeoff         1.00       1,373.2         1,023.2         341.1              9.0         390.9        24.2
climb           8.83       1,371.2         1,021.4         340.5              9.4         458.8        27.2
cruise        233.36         496.9           466.3           0.0             30.7         207.2        12.7
loiter         15.00         397.5           373.0           0.0             24.5         166.7        10.2
landing         1.00           0.0             0.0           0.0              0.0           0.0         0.0

Pcomp_max (solved phases): 30.7 kW (cruise)
Pnet (climb): 1,238 kW
Pelectricnet (climb): 1,362 kW
eta_pt: 0.9031

Geometry
S_wing: 24.49 m^2
b_wing: 14.85 m
Lfus: 13.08 m
Ltank: 4.07 m
S_HT: 3.71 m^2
S_VT: 3.76 m^2
b_HT: 4.08 m
b_VT: 2.67 m
X_HT_act: 11.18 m
X_VT_act: 10.77 m

One Nacelle (1/2)
Stack(1/2): 277 kg, Compressor: 16 kg, Humidifier: 83 kg, HX: 455 kg
W_FCS_single_nacelle (W_Stack+W_Compressor+W_Humidifier+W_Hx): 831 kg
Representative FC phase: takeoff
Specific Power of Nacelle System: 0.621 kW/kg
dim_hx: dX=1.626 m, dY=1.626 m, dZ=0.192 m
dim_stack: dX=0.360 m, dY=0.293 m, dZ=0.293 m

ALL Nacelles
W_FCS_total: 1,663 kg
W_PMAD: 119 kg
W_Motors: 181 kg

-----------------------
W_Powertrain (W_FCS_total+W_PMAD+W_Motors): 1,962 kg
-----------------------
W_wing: 384 kg
W_Htail: 25 kg
W_Vtail: 49 kg
W_fuselage: 342 kg
W_lnd_gear_main: 243 kg
W_lnd_gear_nose: 65 kg
W_flight_control: 366 kg
W_electric_system: 300 kg
W_iae: 81 kg
W_hydraulics: 66 kg
W_fur: 402 kg
-----------------------
OEM: 2,323 kg
-----------------------
W_tank: 457 kg
W_fuel: 203.1 kg
W_batt: 232.5 kg
-----------------------
W_payload: 350 kg
-----------------------
MTOM_grouped (OEM+W_tank+W_fuel+W_batt+W_Powertrain+W_payload): 5,528 kg
MTOM: 5,528 kg
-----------------------

Wing loading (MTOM/S_wing): 225.71 kg/m^2
Power-to-weight (converged): 248.05 W/kg

mdot_H2(cruise): 12.7 g/s
Vtankex: 8.7 m^3
========================== END ==============================


=============================================================
Execution time: 55.1 seconds
=============================================================
