Auto-widening W/S scan window for min_combined_pw: 1900.0..2600.0 -> 1725.0..2775.0 Pa (factor 1.500, lower_hit=True, upper_hit=False, min_on_edge=False).
Auto-widening W/S scan window for min_combined_pw: 1725.0..2775.0 -> 1462.5..3037.5 Pa (factor 1.500, lower_hit=True, upper_hit=False, min_on_edge=False).
ADRpy constraint sizing (min_combined_pw): W/S=2212.5 Pa (225.61 kg/m^2), P/W_TO=0.18089 kW/kg, P/W_climb=0.18058 kW/kg, P/W_cruise=0.06135 kW/kg
Curve minimum (combined/combined): W/S=2212.5 Pa (225.61 kg/m^2), P/W=0.18089 kW/kg
Curve minimum (takeoff/take-off): W/S=1462.5 Pa (149.13 kg/m^2), P/W=0.10196 kW/kg
Curve minimum (climb/climb): W/S=2312.5 Pa (235.81 kg/m^2), P/W=0.17920 kW/kg
Curve minimum (cruise/cruise): W/S=2262.5 Pa (230.71 kg/m^2), P/W=0.06134 kW/kg
======================================================
======================= ITER 1 =======================
Reynolds_number: 7,577,968
Stack prop output power: 500 kW, Pcomp: 30.8 kW
Cell efficiency: 0.296, Output efficiency: 0.265
mdot_h2: 12.72 g/s
Reynolds_number: 7,577,968
Stack prop output power: 242 kW, Pcomp: 14.9 kW
Cell efficiency: 0.296, Output efficiency: 0.265
mdot_h2: 6.15 g/s
Reynolds_number: 7,577,968
Stack prop output power: 226 kW, Pcomp: 13.9 kW
Cell efficiency: 0.296, Output efficiency: 0.265
mdot_h2: 5.75 g/s
Reynolds_number: 7,577,968
Stack prop output power: 225 kW, Pcomp: 13.9 kW
Cell efficiency: 0.296, Output efficiency: 0.265
mdot_h2: 5.72 g/s
Reynolds_number: 6,289,713
Stack prop output power: 500 kW, Pcomp: 30.8 kW
Cell efficiency: 0.295, Output efficiency: 0.264
mdot_h2: 12.77 g/s
Reynolds_number: 6,289,713
Stack prop output power: 200 kW, Pcomp: 12.3 kW
Cell efficiency: 0.295, Output efficiency: 0.264
mdot_h2: 5.10 g/s
Reynolds_number: 6,289,713
Stack prop output power: 181 kW, Pcomp: 11.2 kW
Cell efficiency: 0.295, Output efficiency: 0.264
mdot_h2: 4.62 g/s
Reynolds_number: 6,289,713
Stack prop output power: 180 kW, Pcomp: 11.1 kW
Cell efficiency: 0.295, Output efficiency: 0.264
mdot_h2: 4.59 g/s
Reynolds_number: 7,577,968
Stack prop output power: 346 kW, Pcomp: 3.1 kW
Cell efficiency: 0.271, Output efficiency: 0.255
mdot_h2: 9.12 g/s
Reynolds_number: 7,577,968
Stack prop output power: 465 kW, Pcomp: 4.2 kW
Cell efficiency: 0.271, Output efficiency: 0.255
mdot_h2: 12.27 g/s
Reynolds_number: 7,577,968
Stack prop output power: 466 kW, Pcomp: 4.2 kW
Cell efficiency: 0.271, Output efficiency: 0.255
mdot_h2: 12.30 g/s
Reynolds_number: 6,709,346
Stack prop output power: 346 kW, Pcomp: 3.0 kW
Cell efficiency: 0.305, Output efficiency: 0.287
mdot_h2: 8.11 g/s
Reynolds_number: 6,709,346
Stack prop output power: 466 kW, Pcomp: 4.1 kW
Cell efficiency: 0.305, Output efficiency: 0.287
mdot_h2: 10.93 g/s
Reynolds_number: 6,709,346
Stack prop output power: 467 kW, Pcomp: 4.1 kW
Cell efficiency: 0.305, Output efficiency: 0.287
mdot_h2: 10.95 g/s
Reynolds_number: 7,577,968
Stack prop output power: 500 kW, Pcomp: 30.8 kW
Cell efficiency: 0.296, Output efficiency: 0.265
mdot_h2: 12.72 g/s
Reynolds_number: 7,577,968
Stack prop output power: 242 kW, Pcomp: 14.9 kW
Cell efficiency: 0.296, Output efficiency: 0.265
mdot_h2: 6.15 g/s
Reynolds_number: 7,577,968
Stack prop output power: 226 kW, Pcomp: 13.9 kW
Cell efficiency: 0.296, Output efficiency: 0.265
mdot_h2: 5.75 g/s
Reynolds_number: 7,577,968
Stack prop output power: 225 kW, Pcomp: 13.9 kW
Cell efficiency: 0.296, Output efficiency: 0.265
mdot_h2: 5.72 g/s
Fuel-cell system mass representative phase: takeoff (P_fc_sys=933.979 kW).

-----------------------
ptotal_climb: 1,241 kW, mtom_est: 6,461 kg, mtom: 5,000 kg, residual: +1,460.51 kg

MTOM update: initial_bracket_probe_1, relax=1.000 -> mtom_next=5,325.00 kg

======================================================
======================= ITER 2 =======================
Reynolds_number: 7,577,968
Stack prop output power: 225 kW, Pcomp: 13.8 kW
Cell efficiency: 0.296, Output efficiency: 0.265
mdot_h2: 5.72 g/s
Reynolds_number: 7,577,968
Stack prop output power: 239 kW, Pcomp: 14.7 kW
Cell efficiency: 0.296, Output efficiency: 0.265
mdot_h2: 6.07 g/s
Reynolds_number: 7,577,968
Stack prop output power: 239 kW, Pcomp: 14.7 kW
Cell efficiency: 0.296, Output efficiency: 0.265
mdot_h2: 6.09 g/s
Reynolds_number: 6,289,713
Stack prop output power: 180 kW, Pcomp: 11.1 kW
Cell efficiency: 0.295, Output efficiency: 0.264
mdot_h2: 4.59 g/s
Reynolds_number: 6,289,713
Stack prop output power: 191 kW, Pcomp: 11.8 kW
Cell efficiency: 0.295, Output efficiency: 0.264
mdot_h2: 4.87 g/s
Reynolds_number: 6,289,713
Stack prop output power: 191 kW, Pcomp: 11.8 kW
Cell efficiency: 0.295, Output efficiency: 0.264
mdot_h2: 4.89 g/s
Reynolds_number: 7,577,968
Stack prop output power: 456 kW, Pcomp: 4.1 kW
Cell efficiency: 0.271, Output efficiency: 0.255
mdot_h2: 12.04 g/s
Reynolds_number: 7,577,968
Stack prop output power: 496 kW, Pcomp: 4.5 kW
Cell efficiency: 0.271, Output efficiency: 0.255
mdot_h2: 13.09 g/s
Reynolds_number: 6,709,346
Stack prop output power: 457 kW, Pcomp: 4.0 kW
Cell efficiency: 0.305, Output efficiency: 0.287
mdot_h2: 10.72 g/s
Reynolds_number: 6,709,346
Stack prop output power: 497 kW, Pcomp: 4.3 kW
Cell efficiency: 0.305, Output efficiency: 0.287
mdot_h2: 11.65 g/s
Reynolds_number: 7,577,968
Stack prop output power: 225 kW, Pcomp: 13.8 kW
Cell efficiency: 0.296, Output efficiency: 0.265
mdot_h2: 5.72 g/s
Reynolds_number: 7,577,968
Stack prop output power: 239 kW, Pcomp: 14.7 kW
Cell efficiency: 0.296, Output efficiency: 0.265
mdot_h2: 6.07 g/s
Reynolds_number: 7,577,968
Stack prop output power: 239 kW, Pcomp: 14.7 kW
Cell efficiency: 0.296, Output efficiency: 0.265
mdot_h2: 6.09 g/s
Fuel-cell system mass representative phase: takeoff (P_fc_sys=994.682 kW).

-----------------------
ptotal_climb: 1,321 kW, mtom_est: 6,693 kg, mtom: 5,325 kg, residual: +1,368.39 kg

MTOM update: initial_bracket_probe_2, relax=1.000 -> mtom_next=5,650.00 kg

======================================================
======================= ITER 3 =======================
Reynolds_number: 7,577,968
Stack prop output power: 239 kW, Pcomp: 14.7 kW
Cell efficiency: 0.296, Output efficiency: 0.265
mdot_h2: 6.09 g/s
Reynolds_number: 7,577,968
Stack prop output power: 253 kW, Pcomp: 15.6 kW
Cell efficiency: 0.296, Output efficiency: 0.265
mdot_h2: 6.44 g/s
Reynolds_number: 7,577,968
Stack prop output power: 254 kW, Pcomp: 15.6 kW
Cell efficiency: 0.296, Output efficiency: 0.265
mdot_h2: 6.46 g/s
Reynolds_number: 6,289,713
Stack prop output power: 192 kW, Pcomp: 11.8 kW
Cell efficiency: 0.295, Output efficiency: 0.264
mdot_h2: 4.89 g/s
Reynolds_number: 6,289,713
Stack prop output power: 202 kW, Pcomp: 12.5 kW
Cell efficiency: 0.295, Output efficiency: 0.264
mdot_h2: 5.17 g/s
Reynolds_number: 6,289,713
Stack prop output power: 203 kW, Pcomp: 12.5 kW
Cell efficiency: 0.295, Output efficiency: 0.264
mdot_h2: 5.19 g/s
Reynolds_number: 7,577,968
Stack prop output power: 487 kW, Pcomp: 4.4 kW
Cell efficiency: 0.271, Output efficiency: 0.255
mdot_h2: 12.83 g/s
Reynolds_number: 7,577,968
Stack prop output power: 527 kW, Pcomp: 4.8 kW
Cell efficiency: 0.271, Output efficiency: 0.255
mdot_h2: 13.89 g/s
Reynolds_number: 6,709,346
Stack prop output power: 487 kW, Pcomp: 4.2 kW
Cell efficiency: 0.305, Output efficiency: 0.287
mdot_h2: 11.43 g/s
Reynolds_number: 6,709,346
Stack prop output power: 527 kW, Pcomp: 4.6 kW
Cell efficiency: 0.305, Output efficiency: 0.287
mdot_h2: 12.37 g/s
Reynolds_number: 7,577,968
Stack prop output power: 239 kW, Pcomp: 14.7 kW
Cell efficiency: 0.296, Output efficiency: 0.265
mdot_h2: 6.09 g/s
Reynolds_number: 7,577,968
Stack prop output power: 253 kW, Pcomp: 15.6 kW
Cell efficiency: 0.296, Output efficiency: 0.265
mdot_h2: 6.44 g/s
Reynolds_number: 7,577,968
Stack prop output power: 254 kW, Pcomp: 15.6 kW
Cell efficiency: 0.296, Output efficiency: 0.265
mdot_h2: 6.46 g/s
Fuel-cell system mass representative phase: takeoff (P_fc_sys=1055.390 kW).

-----------------------
ptotal_climb: 1,402 kW, mtom_est: 6,929 kg, mtom: 5,650 kg, residual: +1,278.52 kg

MTOM update: newton_prebracket, relax=1.000 -> mtom_next=7,627.50 kg

======================================================
======================= ITER 4 =======================
Reynolds_number: 7,577,968
Stack prop output power: 254 kW, Pcomp: 15.6 kW
Cell efficiency: 0.296, Output efficiency: 0.265
mdot_h2: 6.46 g/s
Reynolds_number: 7,577,968
Stack prop output power: 337 kW, Pcomp: 20.8 kW
Cell efficiency: 0.296, Output efficiency: 0.265
mdot_h2: 8.59 g/s
Reynolds_number: 7,577,968
Stack prop output power: 343 kW, Pcomp: 21.1 kW
Cell efficiency: 0.296, Output efficiency: 0.265
mdot_h2: 8.72 g/s
Reynolds_number: 6,289,713
Stack prop output power: 203 kW, Pcomp: 12.5 kW
Cell efficiency: 0.295, Output efficiency: 0.264
mdot_h2: 5.19 g/s
Reynolds_number: 6,289,713
Stack prop output power: 270 kW, Pcomp: 16.6 kW
Cell efficiency: 0.295, Output efficiency: 0.264
mdot_h2: 6.89 g/s
Reynolds_number: 6,289,713
Stack prop output power: 274 kW, Pcomp: 16.9 kW
Cell efficiency: 0.295, Output efficiency: 0.264
mdot_h2: 7.00 g/s
Reynolds_number: 7,577,968
Stack prop output power: 466 kW, Pcomp: 4.2 kW
Cell efficiency: 0.271, Output efficiency: 0.255
mdot_h2: 12.29 g/s
Reynolds_number: 7,577,968
Stack prop output power: 709 kW, Pcomp: 6.4 kW
Cell efficiency: 0.271, Output efficiency: 0.255
mdot_h2: 18.70 g/s
Reynolds_number: 7,577,968
Stack prop output power: 711 kW, Pcomp: 6.5 kW
Cell efficiency: 0.271, Output efficiency: 0.255
mdot_h2: 18.76 g/s
Reynolds_number: 6,709,346
Stack prop output power: 467 kW, Pcomp: 4.1 kW
Cell efficiency: 0.305, Output efficiency: 0.287
mdot_h2: 10.94 g/s
Reynolds_number: 6,709,346
Stack prop output power: 710 kW, Pcomp: 6.2 kW
Cell efficiency: 0.305, Output efficiency: 0.287
mdot_h2: 16.65 g/s
Reynolds_number: 6,709,346
Stack prop output power: 712 kW, Pcomp: 6.2 kW
Cell efficiency: 0.305, Output efficiency: 0.287
mdot_h2: 16.70 g/s
Reynolds_number: 7,577,968
Stack prop output power: 254 kW, Pcomp: 15.6 kW
Cell efficiency: 0.296, Output efficiency: 0.265
mdot_h2: 6.46 g/s
Reynolds_number: 7,577,968
Stack prop output power: 337 kW, Pcomp: 20.8 kW
Cell efficiency: 0.296, Output efficiency: 0.265
mdot_h2: 8.59 g/s
Reynolds_number: 7,577,968
Stack prop output power: 343 kW, Pcomp: 21.1 kW
Cell efficiency: 0.296, Output efficiency: 0.265
mdot_h2: 8.72 g/s
Fuel-cell system mass representative phase: takeoff (P_fc_sys=1424.785 kW).

-----------------------
ptotal_climb: 1,893 kW, mtom_est: 8,369 kg, mtom: 7,628 kg, residual: +741.67 kg

MTOM update: newton_prebracket, relax=1.000 -> mtom_next=10,297.12 kg

======================================================
======================= ITER 5 =======================
Reynolds_number: 7,577,968
Stack prop output power: 343 kW, Pcomp: 21.1 kW
Cell efficiency: 0.296, Output efficiency: 0.265
mdot_h2: 8.73 g/s
Reynolds_number: 7,577,968
Stack prop output power: 456 kW, Pcomp: 28.1 kW
Cell efficiency: 0.296, Output efficiency: 0.265
mdot_h2: 11.59 g/s
Reynolds_number: 7,577,968
Stack prop output power: 463 kW, Pcomp: 28.5 kW
Cell efficiency: 0.296, Output efficiency: 0.265
mdot_h2: 11.77 g/s
Reynolds_number: 6,289,713
Stack prop output power: 274 kW, Pcomp: 16.9 kW
Cell efficiency: 0.295, Output efficiency: 0.264
mdot_h2: 7.01 g/s
Reynolds_number: 6,289,713
Stack prop output power: 364 kW, Pcomp: 22.4 kW
Cell efficiency: 0.295, Output efficiency: 0.264
mdot_h2: 9.31 g/s
Reynolds_number: 6,289,713
Stack prop output power: 370 kW, Pcomp: 22.8 kW
Cell efficiency: 0.295, Output efficiency: 0.264
mdot_h2: 9.45 g/s
Reynolds_number: 7,577,968
Stack prop output power: 629 kW, Pcomp: 5.7 kW
Cell efficiency: 0.271, Output efficiency: 0.255
mdot_h2: 16.59 g/s
Reynolds_number: 7,577,968
Stack prop output power: 957 kW, Pcomp: 8.7 kW
Cell efficiency: 0.271, Output efficiency: 0.255
mdot_h2: 25.25 g/s
Reynolds_number: 7,577,968
Stack prop output power: 960 kW, Pcomp: 8.7 kW
Cell efficiency: 0.271, Output efficiency: 0.255
mdot_h2: 25.33 g/s
Reynolds_number: 6,709,346
Stack prop output power: 630 kW, Pcomp: 5.5 kW
Cell efficiency: 0.305, Output efficiency: 0.287
mdot_h2: 14.77 g/s
Reynolds_number: 6,709,346
Stack prop output power: 959 kW, Pcomp: 8.4 kW
Cell efficiency: 0.305, Output efficiency: 0.287
mdot_h2: 22.48 g/s
Reynolds_number: 6,709,346
Stack prop output power: 962 kW, Pcomp: 8.4 kW
Cell efficiency: 0.305, Output efficiency: 0.287
mdot_h2: 22.55 g/s
Reynolds_number: 7,577,968
Stack prop output power: 343 kW, Pcomp: 21.1 kW
Cell efficiency: 0.296, Output efficiency: 0.265
mdot_h2: 8.73 g/s
Reynolds_number: 7,577,968
Stack prop output power: 456 kW, Pcomp: 28.1 kW
Cell efficiency: 0.296, Output efficiency: 0.265
mdot_h2: 11.59 g/s
Reynolds_number: 7,577,968
Stack prop output power: 463 kW, Pcomp: 28.5 kW
Cell efficiency: 0.296, Output efficiency: 0.265
mdot_h2: 11.77 g/s
Fuel-cell system mass representative phase: takeoff (P_fc_sys=1923.460 kW).

-----------------------
ptotal_climb: 2,555 kW, mtom_est: 10,332 kg, mtom: 10,297 kg, residual: +35.01 kg

MTOM update: newton_prebracket, relax=1.000 -> mtom_next=10,429.39 kg

======================================================
======================= ITER 6 =======================
Reynolds_number: 7,577,968
Stack prop output power: 463 kW, Pcomp: 28.5 kW
Cell efficiency: 0.296, Output efficiency: 0.265
mdot_h2: 11.78 g/s
Reynolds_number: 7,577,968
Stack prop output power: 469 kW, Pcomp: 28.9 kW
Cell efficiency: 0.296, Output efficiency: 0.265
mdot_h2: 11.92 g/s
Reynolds_number: 6,289,713
Stack prop output power: 370 kW, Pcomp: 22.8 kW
Cell efficiency: 0.295, Output efficiency: 0.264
mdot_h2: 9.46 g/s
Reynolds_number: 6,289,713
Stack prop output power: 375 kW, Pcomp: 23.1 kW
Cell efficiency: 0.295, Output efficiency: 0.264
mdot_h2: 9.57 g/s
Reynolds_number: 7,577,968
Stack prop output power: 956 kW, Pcomp: 8.7 kW
Cell efficiency: 0.271, Output efficiency: 0.255
mdot_h2: 25.22 g/s
Reynolds_number: 7,577,968
Stack prop output power: 973 kW, Pcomp: 8.8 kW
Cell efficiency: 0.271, Output efficiency: 0.255
mdot_h2: 25.65 g/s
Reynolds_number: 6,709,346
Stack prop output power: 958 kW, Pcomp: 8.3 kW
Cell efficiency: 0.305, Output efficiency: 0.287
mdot_h2: 22.46 g/s
Reynolds_number: 6,709,346
Stack prop output power: 974 kW, Pcomp: 8.5 kW
Cell efficiency: 0.305, Output efficiency: 0.287
mdot_h2: 22.84 g/s
Reynolds_number: 7,577,968
Stack prop output power: 463 kW, Pcomp: 28.5 kW
Cell efficiency: 0.296, Output efficiency: 0.265
mdot_h2: 11.78 g/s
Reynolds_number: 7,577,968
