[command] /home/shoh95/anaconda3/envs/aerofc/bin/python /home/shoh95/Programming/HFCAD/app/main.py -i /home/shoh95/Programming/HFCAD/app/input_sweep_r22/h2000_M0.25_R2000km_PL700kg.ini --outdir /home/shoh95/Programming/HFCAD/results/input_sweep_r22
[start] 2026-02-21 00:40:17

Auto-widening W/S scan window for min_combined_pw: 1900.0..2600.0 -> 1725.0..2775.0 Pa (factor 1.500, lower_hit=True, upper_hit=False, min_on_edge=False).
Auto-widening W/S scan window for min_combined_pw: 1725.0..2775.0 -> 1462.5..3037.5 Pa (factor 1.500, lower_hit=True, upper_hit=False, min_on_edge=False).
ADRpy constraint sizing (min_combined_pw): W/S=2062.5 Pa (210.32 kg/m^2), P/W_TO=0.16394 kW/kg, P/W_climb=0.16915 kW/kg, P/W_cruise=0.06497 kW/kg
Curve minimum (combined/combined): W/S=2062.5 Pa (210.32 kg/m^2), P/W=0.16915 kW/kg
Curve minimum (takeoff/take-off): W/S=1462.5 Pa (149.13 kg/m^2), P/W=0.10196 kW/kg
Curve minimum (climb/climb): W/S=2312.5 Pa (235.81 kg/m^2), P/W=0.16577 kW/kg
Curve minimum (cruise/cruise): W/S=2312.5 Pa (235.81 kg/m^2), P/W=0.06336 kW/kg
======================================================
======================= ITER 1 =======================
Fuel-cell system mass representative phase: climb (P_fc_sys=873.463 kW).

-----------------------
ptotal_climb: 1,162 kW, mtom_est: 5,616 kg, mtom: 5,000 kg, residual: +615.60 kg

MTOM update: initial_bracket_probe_1, relax=1.000 -> mtom_next=5,325.00 kg

======================================================
======================= ITER 2 =======================
Fuel-cell system mass representative phase: climb (P_fc_sys=930.233 kW).

-----------------------
ptotal_climb: 1,238 kW, mtom_est: 5,842 kg, mtom: 5,325 kg, residual: +517.31 kg

MTOM update: initial_bracket_probe_2, relax=1.000 -> mtom_next=5,650.00 kg

======================================================
======================= ITER 3 =======================
Fuel-cell system mass representative phase: climb (P_fc_sys=987.008 kW).

-----------------------
ptotal_climb: 1,313 kW, mtom_est: 6,074 kg, mtom: 5,650 kg, residual: +424.44 kg

MTOM update: newton_prebracket, relax=1.000 -> mtom_next=7,135.46 kg

======================================================
======================= ITER 4 =======================
Fuel-cell system mass representative phase: climb (P_fc_sys=1246.513 kW).

-----------------------
ptotal_climb: 1,658 kW, mtom_est: 7,143 kg, mtom: 7,135 kg, residual: +7.49 kg

MTOM update: newton_prebracket, relax=1.000 -> mtom_next=7,162.14 kg

======================================================
======================= ITER 5 =======================
Fuel-cell system mass representative phase: climb (P_fc_sys=1251.173 kW).

-----------------------
ptotal_climb: 1,665 kW, mtom_est: 7,163 kg, mtom: 7,162 kg, residual: +0.41 kg


CONVERGED

CONVERGED STATE [MTOM iteration 5]
  MTOM=7,163 kg | Wing loading=210.33 kg/m^2 | P/W(climb)=232.39 W/kg
  Phase power: climb=1,664.5 kW | cruise=661.2 kW | loiter=529.0 kW | takeoff=1,613.1 kW | cruise+charger=661.2 kW
  Power split (climb): FC=1,240.1 kW | Battery=413.4 kW | Compressor=11.1 kW | Cooling=526.1 kW | H2=31.032 g/s
  Compressor max across phases: 21.2 kW (cruise)
  FC representative phase (mass sizing): climb (1,251.2 kW)
  Mass summary: MTOM=7,163 kg | Powertrain=2,196 kg | Tank=890.2 kg | Fuel=395.6 kg | Battery=172.7 kg | Nacelle power density=0.68 kW/kg
  Geometry: Main wing area=34.05 m^2 | Horizontal tail area=4.476 m^2 | Horizontal tail location=14.915 m | Vertical tail area=4.531 m^2 | Vertical tail location=14.434 m
  Config: wing loading input=210.32 kg/m^2 | P/W TO/Cl/Cr/Lo=0.16394/0.16915/0.06497/0.05198 kW/kg

=============================================================
========================= CONVERGED =========================
=============================================================
Constraint sizing: ENABLED (min_combined_pw)
Input W/S: 210.32 kg/m^2 (2,062.5 Pa)
Input P/W [kW/kg]: takeoff 0.16394, climb 0.16915, cruise 0.06497, loiter 0.05198
Converged P/W [kW/kg]: takeoff 0.22521, climb 0.23239, cruise 0.09232, loiter 0.07385
-------------------------------------------------------------

# Mission Time
Climb time: 5.05 min (0.08 h)
Cruise time: 382.53 min (6.38 h)
Total flight time: 409.58 min (6.83 h)

# Phase Power Breakdown
Phase      Time[min]     Total[kW]    FC Stack[kW]   Battery[kW]   Compressor[kW]   Cooling[kW]   mdot_H2[g/s]
--------------------------------------------------------------------------------------------------------------
ready           0.00          83.2            83.2           0.0              0.0           0.0         0.0
taxi            5.00         166.5           166.5           0.0              0.0           0.0         3.1
takeoff         1.00       1,613.1         1,201.9         400.6             10.6         471.5        28.4
climb           5.05       1,664.5         1,240.1         413.4             11.1         526.1        31.0
cruise        382.53         661.2           640.0           0.0             21.2         271.3        16.2
loiter         15.00         529.0           512.0           0.0             17.0         218.2        13.0
landing         1.00           0.0             0.0           0.0              0.0           0.0         0.0

Pcomp_max (solved phases): 21.2 kW (cruise)
Pnet (climb): 1,503 kW
Pelectricnet (climb): 1,653 kW
eta_pt: 0.9031

# Geometry
Main Wing Area: 34.05 m^2
Wingspan: 17.51 m
Fuselage Length: 16.94 m
Hydrogen Tank Length: 7.93 m
Horizontal Tail Area: 4.48 m^2
Vertical Tail Area: 4.53 m^2
Horizontal Tail span: 4.49 m
Vertical Tail span: 2.93 m
Horizontal Tail X_Position: 14.92 m
Vertical Tail X_Position: 14.43 m

# Single Nacelle (1/2)
Stack(1/2): 353 kg, Compressor: 22 kg, Humidifier: 128 kg, HX: 415 kg
Fuelcell System(FCS; Stack+Compressor+Humidifier+Hx): 917 kg
Representative FC phase: climb
Specific Power of Fuelcell System: 0.682 kW/kg
Stack dimension: dX=0.378 m, dY=0.323 m, dZ=0.323 m
Heat Exchanger dimension: dX=1.506 m, dY=1.506 m, dZ=0.205 m

# ALL Nacelles
FCS_total: 1,835 kg
PMAD: 142 kg
Motors: 219 kg

# Total Mass Breakdown
-----------------------
Powertrain (FCS_total+PMAD+Motors): 2,196 kg
-----------------------
Main Wing: 561 kg
Horizontal Tail: 34 kg
Vertical Tail: 62 kg
Fuselage: 497 kg
Landing gear(main): 243 kg
Landing gear(nose): 65 kg
Flight Control System: 366 kg
Electric System: 300 kg
Instruments: 101 kg
Hydraulics: 86 kg
Furnishing: 493 kg
-----------------------
Operating Empty Mass(OEM): 2,808 kg
-----------------------
Hydrogen Tank: 890 kg
Hydrogen Fuel: 395.6 kg
Battery: 172.7 kg
-----------------------
Payload: 700 kg
-----------------------
Maximum Takeoff Mass(MTOM): 7,163 kg
-----------------------

Wing loading (MTOM/S_wing): 210.33 kg/m^2
Power-to-weight (maxPow/MTOM): 232.39 W/kg

mdot_H2(cruise): 16.2 g/s
Hydrogen Tank Volume: 17.0 m^3
========================== END ==============================


=============================================================
Execution time: 3.1 seconds
=============================================================
