[command] /home/shoh95/anaconda3/envs/aerofc/bin/python /home/shoh95/Programming/HFCAD/app/main.py -i /home/shoh95/Programming/HFCAD/app/input_sweep_r22/h2000_M0.35_R2000km_PL700kg.ini --outdir /home/shoh95/Programming/HFCAD/results/input_sweep_r22
[start] 2026-02-21 00:40:34

Auto-widening W/S scan window for min_combined_pw: 1900.0..2600.0 -> 1725.0..2775.0 Pa (factor 1.500, lower_hit=True, upper_hit=False, min_on_edge=False).
Auto-widening W/S scan window for min_combined_pw: 1725.0..2775.0 -> 1462.5..3037.5 Pa (factor 1.500, lower_hit=True, upper_hit=False, min_on_edge=False).
ADRpy constraint sizing (min_combined_pw): W/S=2112.5 Pa (215.42 kg/m^2), P/W_TO=0.16953 kW/kg, P/W_climb=0.16894 kW/kg, P/W_cruise=0.12706 kW/kg
Curve minimum (combined/combined): W/S=2112.5 Pa (215.42 kg/m^2), P/W=0.16953 kW/kg
Curve minimum (takeoff/take-off): W/S=1462.5 Pa (149.13 kg/m^2), P/W=0.10196 kW/kg
Curve minimum (climb/climb): W/S=2312.5 Pa (235.81 kg/m^2), P/W=0.16652 kW/kg
Curve minimum (cruise/cruise): W/S=2312.5 Pa (235.81 kg/m^2), P/W=0.11922 kW/kg
======================================================
======================= ITER 1 =======================
Fuel-cell system mass representative phase: cruise (P_fc_sys=902.844 kW).

-----------------------
ptotal_climb: 1,161 kW, mtom_est: 6,045 kg, mtom: 5,000 kg, residual: +1,044.50 kg

MTOM update: initial_bracket_probe_1, relax=1.000 -> mtom_next=5,325.00 kg

======================================================
======================= ITER 2 =======================
Fuel-cell system mass representative phase: cruise (P_fc_sys=961.524 kW).

-----------------------
ptotal_climb: 1,236 kW, mtom_est: 6,298 kg, mtom: 5,325 kg, residual: +973.36 kg

MTOM update: initial_bracket_probe_2, relax=1.000 -> mtom_next=5,650.00 kg

======================================================
======================= ITER 3 =======================
Fuel-cell system mass representative phase: cruise (P_fc_sys=1020.209 kW).

-----------------------
ptotal_climb: 1,312 kW, mtom_est: 6,553 kg, mtom: 5,650 kg, residual: +902.51 kg

MTOM update: newton_prebracket, relax=1.000 -> mtom_next=7,627.50 kg

======================================================
======================= ITER 4 =======================
Fuel-cell system mass representative phase: cruise (P_fc_sys=1377.272 kW).

-----------------------
ptotal_climb: 1,771 kW, mtom_est: 8,110 kg, mtom: 7,628 kg, residual: +482.45 kg

MTOM update: newton_prebracket, relax=1.000 -> mtom_next=9,898.65 kg

======================================================
======================= ITER 5 =======================
Fuel-cell system mass representative phase: cruise (P_fc_sys=1787.367 kW).

-----------------------
ptotal_climb: 2,298 kW, mtom_est: 9,915 kg, mtom: 9,899 kg, residual: +16.41 kg

MTOM update: newton_prebracket, relax=1.000 -> mtom_next=9,978.60 kg

======================================================
======================= ITER 6 =======================
Fuel-cell system mass representative phase: cruise (P_fc_sys=1801.803 kW).

-----------------------
ptotal_climb: 2,316 kW, mtom_est: 9,979 kg, mtom: 9,979 kg, residual: +0.34 kg


CONVERGED

CONVERGED STATE [MTOM iteration 6]
  MTOM=9,979 kg | Wing loading=215.42 kg/m^2 | P/W(climb)=232.12 W/kg
  Phase power: climb=2,316.3 kW | cruise=1,801.8 kW | loiter=1,441.4 kW | takeoff=2,324.1 kW | cruise+charger=1,801.8 kW
  Power split (climb): FC=1,725.7 kW | Battery=575.2 kW | Compressor=15.4 kW | Cooling=720.1 kW | H2=42.678 g/s
  Compressor max across phases: 58.0 kW (cruise)
  FC representative phase (mass sizing): cruise (1,801.8 kW)
  Mass summary: MTOM=9,979 kg | Powertrain=2,830 kg | Tank=1,705.9 kg | Fuel=758.2 kg | Battery=241.7 kg | Nacelle power density=0.77 kW/kg
  Geometry: Main wing area=46.32 m^2 | Horizontal tail area=4.664 m^2 | Horizontal tail location=22.152 m | Vertical tail area=4.685 m^2 | Vertical tail location=21.663 m
  Config: wing loading input=215.42 kg/m^2 | P/W TO/Cl/Cr/Lo=0.16953/0.16894/0.12706/0.10165 kW/kg

=============================================================
========================= CONVERGED =========================
=============================================================
Constraint sizing: ENABLED (min_combined_pw)
Input W/S: 215.42 kg/m^2 (2,112.5 Pa)
Input P/W [kW/kg]: takeoff 0.16953, climb 0.16894, cruise 0.12706, loiter 0.10165
Converged P/W [kW/kg]: takeoff 0.23290, climb 0.23212, cruise 0.18056, loiter 0.14444
-------------------------------------------------------------

# Mission Time
Climb time: 5.05 min (0.08 h)
Cruise time: 270.68 min (4.51 h)
Total flight time: 297.73 min (4.96 h)

# Phase Power Breakdown
Phase      Time[min]     Total[kW]    FC Stack[kW]   Battery[kW]   Compressor[kW]   Cooling[kW]   mdot_H2[g/s]
--------------------------------------------------------------------------------------------------------------
ready           0.00         115.8           115.8           0.0              0.0           0.0         0.0
taxi            5.00         231.6           231.6           0.0              0.0           0.0         4.3
takeoff         1.00       2,324.1         1,731.7         577.2             15.2         679.1        41.0
climb           5.05       2,316.3         1,725.7         575.2             15.4         720.1        42.7
cruise        270.68       1,801.8         1,743.8           0.0             58.0         727.9        43.7
loiter         15.00       1,441.4         1,395.1           0.0             46.3         587.6        35.2
landing         1.00           0.0             0.0           0.0              0.0           0.0         0.0

Pcomp_max (solved phases): 58.0 kW (cruise)
Pnet (climb): 2,092 kW
Pelectricnet (climb): 2,301 kW
eta_pt: 0.9031

# Geometry
Main Wing Area: 46.32 m^2
Wingspan: 20.42 m
Fuselage Length: 24.21 m
Hydrogen Tank Length: 15.20 m
Horizontal Tail Area: 4.66 m^2
Vertical Tail Area: 4.69 m^2
Horizontal Tail span: 4.58 m
Vertical Tail span: 2.98 m
Horizontal Tail X_Position: 22.15 m
Vertical Tail X_Position: 21.66 m

# Single Nacelle (1/2)
Stack(1/2): 499 kg, Compressor: 63 kg, Humidifier: 161 kg, HX: 441 kg
Fuelcell System(FCS; Stack+Compressor+Humidifier+Hx): 1,164 kg
Representative FC phase: cruise
Specific Power of Fuelcell System: 0.774 kW/kg
Stack dimension: dX=0.363 m, dY=0.391 m, dZ=0.391 m
Heat Exchanger dimension: dX=1.491 m, dY=1.491 m, dZ=0.222 m

# ALL Nacelles
FCS_total: 2,328 kg
PMAD: 197 kg
Motors: 305 kg

# Total Mass Breakdown
-----------------------
Powertrain (FCS_total+PMAD+Motors): 2,830 kg
-----------------------
Main Wing: 836 kg
Horizontal Tail: 44 kg
Vertical Tail: 76 kg
Fuselage: 907 kg
Landing gear(main): 243 kg
Landing gear(nose): 65 kg
Flight Control System: 366 kg
Electric System: 300 kg
Instruments: 135 kg
Hydraulics: 120 kg
Furnishing: 651 kg
-----------------------
Operating Empty Mass(OEM): 3,743 kg
-----------------------
Hydrogen Tank: 1,706 kg
Hydrogen Fuel: 758.2 kg
Battery: 241.7 kg
-----------------------
Payload: 700 kg
-----------------------
Maximum Takeoff Mass(MTOM): 9,979 kg
-----------------------

Wing loading (MTOM/S_wing): 215.42 kg/m^2
Power-to-weight (maxPow/MTOM): 232.12 W/kg

mdot_H2(cruise): 43.7 g/s
Hydrogen Tank Volume: 32.5 m^3
========================== END ==============================


=============================================================
Execution time: 3.5 seconds
=============================================================
