[command] /home/shoh95/anaconda3/envs/aerofc/bin/python /home/shoh95/Programming/HFCAD/app/main.py -i /home/shoh95/Programming/HFCAD/app/input_sweep_r22/h2500_M0.3_R1000km_PL350kg.ini --outdir /home/shoh95/Programming/HFCAD/results/input_sweep_r22
[start] 2026-02-21 00:41:33

Auto-widening W/S scan window for min_combined_pw: 1900.0..2600.0 -> 1725.0..2775.0 Pa (factor 1.500, lower_hit=True, upper_hit=False, min_on_edge=False).
Auto-widening W/S scan window for min_combined_pw: 1725.0..2775.0 -> 1462.5..3037.5 Pa (factor 1.500, lower_hit=True, upper_hit=False, min_on_edge=False).
ADRpy constraint sizing (min_combined_pw): W/S=2112.5 Pa (215.42 kg/m^2), P/W_TO=0.16953 kW/kg, P/W_climb=0.17266 kW/kg, P/W_cruise=0.08631 kW/kg
Curve minimum (combined/combined): W/S=2112.5 Pa (215.42 kg/m^2), P/W=0.17266 kW/kg
Curve minimum (takeoff/take-off): W/S=1462.5 Pa (149.13 kg/m^2), P/W=0.10196 kW/kg
Curve minimum (climb/climb): W/S=2312.5 Pa (235.81 kg/m^2), P/W=0.17003 kW/kg
Curve minimum (cruise/cruise): W/S=2312.5 Pa (235.81 kg/m^2), P/W=0.08271 kW/kg
======================================================
======================= ITER 1 =======================
Fuel-cell system mass representative phase: climb (P_fc_sys=891.642 kW).

-----------------------
ptotal_climb: 1,186 kW, mtom_est: 4,793 kg, mtom: 5,000 kg, residual: -206.76 kg

MTOM update: initial_bracket_probe_1, relax=1.000 -> mtom_next=4,675.00 kg

======================================================
======================= ITER 2 =======================
Fuel-cell system mass representative phase: climb (P_fc_sys=833.692 kW).

-----------------------
ptotal_climb: 1,109 kW, mtom_est: 4,595 kg, mtom: 4,675 kg, residual: -80.15 kg

MTOM update: initial_bracket_probe_2, relax=1.000 -> mtom_next=4,350.00 kg

======================================================
======================= ITER 3 =======================
Fuel-cell system mass representative phase: climb (P_fc_sys=775.735 kW).

-----------------------
ptotal_climb: 1,032 kW, mtom_est: 4,395 kg, mtom: 4,350 kg, residual: +45.11 kg

MTOM update: newton, relax=1.000 -> mtom_next=4,467.05 kg

======================================================
======================= ITER 4 =======================
Fuel-cell system mass representative phase: climb (P_fc_sys=796.600 kW).

-----------------------
ptotal_climb: 1,060 kW, mtom_est: 4,464 kg, mtom: 4,467 kg, residual: -2.67 kg


CONVERGED

CONVERGED STATE [MTOM iteration 4]
  MTOM=4,464 kg | Wing loading=215.29 kg/m^2 | P/W(climb)=237.38 W/kg
  Phase power: climb=1,059.8 kW | cruise=553.3 kW | loiter=442.6 kW | takeoff=1,040.4 kW | cruise+charger=553.3 kW
  Power split (climb): FC=789.5 kW | Battery=263.2 kW | Compressor=7.1 kW | Cooling=338.2 kW | H2=20.016 g/s
  Compressor max across phases: 23.1 kW (cruise)
  FC representative phase (mass sizing): climb (796.6 kW)
  Mass summary: MTOM=4,464 kg | Powertrain=1,353 kg | Tank=319.8 kg | Fuel=142.1 kg | Battery=133.2 kg | Nacelle power density=0.71 kW/kg
  Geometry: Main wing area=20.74 m^2 | Horizontal tail area=3.232 m^2 | Horizontal tail location=10.048 m | Vertical tail area=3.270 m^2 | Vertical tail location=9.685 m
  Config: wing loading input=215.42 kg/m^2 | P/W TO/Cl/Cr/Lo=0.16953/0.17266/0.08631/0.06905 kW/kg

=============================================================
========================= CONVERGED =========================
=============================================================
Constraint sizing: ENABLED (min_combined_pw)
Input W/S: 215.42 kg/m^2 (2,112.5 Pa)
Input P/W [kW/kg]: takeoff 0.16953, climb 0.17266, cruise 0.08631, loiter 0.06905
Converged P/W [kW/kg]: takeoff 0.23305, climb 0.23738, cruise 0.12394, loiter 0.09915
-------------------------------------------------------------

# Mission Time
Climb time: 6.31 min (0.11 h)
Cruise time: 150.18 min (2.50 h)
Total flight time: 178.49 min (2.97 h)

# Phase Power Breakdown
Phase      Time[min]     Total[kW]    FC Stack[kW]   Battery[kW]   Compressor[kW]   Cooling[kW]   mdot_H2[g/s]
--------------------------------------------------------------------------------------------------------------
ready           0.00          53.0            53.0           0.0              0.0           0.0         0.0
taxi            5.00         106.0           106.0           0.0              0.0           0.0         2.0
takeoff         1.00       1,040.4           775.2         258.4              6.8         301.5        18.3
climb           6.31       1,059.8           789.5         263.2              7.1         338.2        20.0
cruise        150.18         553.3           530.3           0.0             23.1         226.4        13.6
loiter         15.00         442.6           424.2           0.0             18.4         182.5        11.0
landing         1.00           0.0             0.0           0.0              0.0           0.0         0.0

Pcomp_max (solved phases): 23.1 kW (cruise)
Pnet (climb): 957 kW
Pelectricnet (climb): 1,053 kW
eta_pt: 0.9031

# Geometry
Main Wing Area: 20.74 m^2
Wingspan: 13.66 m
Fuselage Length: 11.86 m
Hydrogen Tank Length: 2.85 m
Horizontal Tail Area: 3.23 m^2
Vertical Tail Area: 3.27 m^2
Horizontal Tail span: 3.81 m
Vertical Tail span: 2.49 m
Horizontal Tail X_Position: 10.05 m
Vertical Tail X_Position: 9.68 m

# Single Nacelle (1/2)
Stack(1/2): 227 kg, Compressor: 16 kg, Humidifier: 85 kg, HX: 233 kg
Fuelcell System(FCS; Stack+Compressor+Humidifier+Hx): 561 kg
Representative FC phase: climb
Specific Power of Fuelcell System: 0.709 kW/kg
Stack dimension: dX=0.382 m, dY=0.257 m, dZ=0.257 m
Heat Exchanger dimension: dX=1.113 m, dY=1.113 m, dZ=0.211 m

# ALL Nacelles
FCS_total: 1,123 kg
PMAD: 91 kg
Motors: 140 kg

# Total Mass Breakdown
-----------------------
Powertrain (FCS_total+PMAD+Motors): 1,353 kg
-----------------------
Main Wing: 306 kg
Horizontal Tail: 20 kg
Vertical Tail: 41 kg
Fuselage: 333 kg
Landing gear(main): 243 kg
Landing gear(nose): 65 kg
Flight Control System: 366 kg
Electric System: 300 kg
Instruments: 68 kg
Hydraulics: 54 kg
Furnishing: 371 kg
-----------------------
Operating Empty Mass(OEM): 2,166 kg
-----------------------
Hydrogen Tank: 320 kg
Hydrogen Fuel: 142.1 kg
Battery: 133.2 kg
-----------------------
Payload: 350 kg
-----------------------
Maximum Takeoff Mass(MTOM): 4,464 kg
-----------------------

Wing loading (MTOM/S_wing): 215.29 kg/m^2
Power-to-weight (maxPow/MTOM): 237.38 W/kg

mdot_H2(cruise): 13.6 g/s
Hydrogen Tank Volume: 6.1 m^3
========================== END ==============================


=============================================================
Execution time: 2.9 seconds
=============================================================
