[command] /home/shoh95/anaconda3/envs/aerofc/bin/python /home/shoh95/Programming/HFCAD/app/main.py -i /home/shoh95/Programming/HFCAD/app/input_sweep_r22/h2500_M0.35_R1500km_PL1500kg.ini --outdir /home/shoh95/Programming/HFCAD/results/input_sweep_r22
[start] 2026-02-21 00:41:23

Auto-widening W/S scan window for min_combined_pw: 1900.0..2600.0 -> 1725.0..2775.0 Pa (factor 1.500, lower_hit=True, upper_hit=False, min_on_edge=False).
Auto-widening W/S scan window for min_combined_pw: 1725.0..2775.0 -> 1462.5..3037.5 Pa (factor 1.500, lower_hit=True, upper_hit=False, min_on_edge=False).
ADRpy constraint sizing (min_combined_pw): W/S=2112.5 Pa (215.42 kg/m^2), P/W_TO=0.16953 kW/kg, P/W_climb=0.17317 kW/kg, P/W_cruise=0.12125 kW/kg
Curve minimum (combined/combined): W/S=2112.5 Pa (215.42 kg/m^2), P/W=0.17317 kW/kg
Curve minimum (takeoff/take-off): W/S=1462.5 Pa (149.13 kg/m^2), P/W=0.10196 kW/kg
Curve minimum (climb/climb): W/S=2312.5 Pa (235.81 kg/m^2), P/W=0.17066 kW/kg
Curve minimum (cruise/cruise): W/S=2312.5 Pa (235.81 kg/m^2), P/W=0.11409 kW/kg
======================================================
======================= ITER 1 =======================
Fuel-cell system mass representative phase: climb (P_fc_sys=894.305 kW).

-----------------------
ptotal_climb: 1,190 kW, mtom_est: 6,431 kg, mtom: 5,000 kg, residual: +1,430.84 kg

MTOM update: initial_bracket_probe_1, relax=1.000 -> mtom_next=5,325.00 kg

======================================================
======================= ITER 2 =======================
Fuel-cell system mass representative phase: climb (P_fc_sys=952.428 kW).

-----------------------
ptotal_climb: 1,267 kW, mtom_est: 6,660 kg, mtom: 5,325 kg, residual: +1,334.92 kg

MTOM update: initial_bracket_probe_2, relax=1.000 -> mtom_next=5,650.00 kg

======================================================
======================= ITER 3 =======================
Fuel-cell system mass representative phase: climb (P_fc_sys=1010.558 kW).

-----------------------
ptotal_climb: 1,344 kW, mtom_est: 6,891 kg, mtom: 5,650 kg, residual: +1,241.07 kg

MTOM update: newton_prebracket, relax=1.000 -> mtom_next=7,627.50 kg

======================================================
======================= ITER 4 =======================
Fuel-cell system mass representative phase: climb (P_fc_sys=1364.262 kW).

-----------------------
ptotal_climb: 1,815 kW, mtom_est: 8,308 kg, mtom: 7,628 kg, residual: +680.22 kg

MTOM update: newton_prebracket, relax=1.000 -> mtom_next=10,025.92 kg

======================================================
======================= ITER 5 =======================
Fuel-cell system mass representative phase: climb (P_fc_sys=1793.245 kW).

-----------------------
ptotal_climb: 2,386 kW, mtom_est: 10,043 kg, mtom: 10,026 kg, residual: +17.52 kg

MTOM update: newton_prebracket, relax=1.000 -> mtom_next=10,089.31 kg

======================================================
======================= ITER 6 =======================
Fuel-cell system mass representative phase: climb (P_fc_sys=1804.583 kW).

-----------------------
ptotal_climb: 2,401 kW, mtom_est: 10,090 kg, mtom: 10,089 kg, residual: +1.08 kg


CONVERGED

CONVERGED STATE [MTOM iteration 6]
  MTOM=10,090 kg | Wing loading=215.44 kg/m^2 | P/W(climb)=237.92 W/kg
  Phase power: climb=2,400.7 kW | cruise=1,755.9 kW | loiter=1,404.6 kW | takeoff=2,349.9 kW | cruise+charger=1,755.9 kW
  Power split (climb): FC=1,788.5 kW | Battery=596.2 kW | Compressor=16.1 kW | Cooling=758.4 kW | H2=45.047 g/s
  Compressor max across phases: 73.3 kW (cruise)
  FC representative phase (mass sizing): climb (1,804.6 kW)
  Mass summary: MTOM=10,090 kg | Powertrain=2,912 kg | Tank=1,275.6 kg | Fuel=566.9 kg | Battery=301.7 kg | Nacelle power density=0.75 kW/kg
  Geometry: Main wing area=46.84 m^2 | Horizontal tail area=5.898 m^2 | Horizontal tail location=18.138 m | Vertical tail area=5.987 m^2 | Vertical tail location=17.537 m
  Config: wing loading input=215.42 kg/m^2 | P/W TO/Cl/Cr/Lo=0.16953/0.17317/0.12125/0.09700 kW/kg

=============================================================
========================= CONVERGED =========================
=============================================================
Constraint sizing: ENABLED (min_combined_pw)
Input W/S: 215.42 kg/m^2 (2,112.5 Pa)
Input P/W [kW/kg]: takeoff 0.16953, climb 0.17317, cruise 0.12125, loiter 0.09700
Converged P/W [kW/kg]: takeoff 0.23288, climb 0.23792, cruise 0.17402, loiter 0.13921
-------------------------------------------------------------

# Mission Time
Climb time: 6.31 min (0.11 h)
Cruise time: 199.05 min (3.32 h)
Total flight time: 227.36 min (3.79 h)

# Phase Power Breakdown
Phase      Time[min]     Total[kW]    FC Stack[kW]   Battery[kW]   Compressor[kW]   Cooling[kW]   mdot_H2[g/s]
--------------------------------------------------------------------------------------------------------------
ready           0.00         120.0           120.0           0.0              0.0           0.0         0.0
taxi            5.00         240.1           240.1           0.0              0.0           0.0         4.5
takeoff         1.00       2,349.9         1,750.9         583.6             15.4         680.5        41.4
climb           6.31       2,400.7         1,788.5         596.2             16.1         758.4        45.0
cruise        199.05       1,755.9         1,682.6           0.0             73.3         712.3        43.1
loiter         15.00       1,404.6         1,346.1           0.0             58.6         575.1        34.7
landing         1.00           0.0             0.0           0.0              0.0           0.0         0.0

Pcomp_max (solved phases): 73.3 kW (cruise)
Pnet (climb): 2,168 kW
Pelectricnet (climb): 2,385 kW
eta_pt: 0.9031

# Geometry
Main Wing Area: 46.84 m^2
Wingspan: 20.53 m
Fuselage Length: 20.37 m
Hydrogen Tank Length: 11.36 m
Horizontal Tail Area: 5.90 m^2
Vertical Tail Area: 5.99 m^2
Horizontal Tail span: 5.15 m
Vertical Tail span: 3.37 m
Horizontal Tail X_Position: 18.14 m
Vertical Tail X_Position: 17.54 m

# Single Nacelle (1/2)
Stack(1/2): 512 kg, Compressor: 32 kg, Humidifier: 189 kg, HX: 463 kg
Fuelcell System(FCS; Stack+Compressor+Humidifier+Hx): 1,196 kg
Representative FC phase: climb
Specific Power of Fuelcell System: 0.755 kW/kg
Stack dimension: dX=0.380 m, dY=0.388 m, dZ=0.388 m
Heat Exchanger dimension: dX=1.536 m, dY=1.536 m, dZ=0.220 m

# ALL Nacelles
FCS_total: 2,391 kg
PMAD: 205 kg
Motors: 317 kg

# Total Mass Breakdown
-----------------------
Powertrain (FCS_total+PMAD+Motors): 2,912 kg
-----------------------
Main Wing: 848 kg
Horizontal Tail: 53 kg
Vertical Tail: 87 kg
Fuselage: 746 kg
Landing gear(main): 243 kg
Landing gear(nose): 65 kg
Flight Control System: 366 kg
Electric System: 300 kg
Instruments: 137 kg
Hydraulics: 121 kg
Furnishing: 570 kg
-----------------------
Operating Empty Mass(OEM): 3,534 kg
-----------------------
Hydrogen Tank: 1,276 kg
Hydrogen Fuel: 566.9 kg
Battery: 301.7 kg
-----------------------
Payload: 1,500 kg
-----------------------
Maximum Takeoff Mass(MTOM): 10,090 kg
-----------------------

Wing loading (MTOM/S_wing): 215.44 kg/m^2
Power-to-weight (maxPow/MTOM): 237.92 W/kg

mdot_H2(cruise): 43.1 g/s
Hydrogen Tank Volume: 24.3 m^3
========================== END ==============================


=============================================================
Execution time: 3.5 seconds
=============================================================
