[command] /home/shoh95/anaconda3/envs/aerofc/bin/python /home/shoh95/Programming/HFCAD/app/main.py -i /home/shoh95/Programming/HFCAD/app/input_sweep_r22/h3000_M0.35_R1250km_PL1000kg.ini --outdir /home/shoh95/Programming/HFCAD/results/input_sweep_r22
[start] 2026-02-21 00:42:16

Auto-widening W/S scan window for min_combined_pw: 1900.0..2600.0 -> 1725.0..2775.0 Pa (factor 1.500, lower_hit=True, upper_hit=False, min_on_edge=False).
Auto-widening W/S scan window for min_combined_pw: 1725.0..2775.0 -> 1462.5..3037.5 Pa (factor 1.500, lower_hit=True, upper_hit=False, min_on_edge=False).
ADRpy constraint sizing (min_combined_pw): W/S=2162.5 Pa (220.51 kg/m^2), P/W_TO=0.17518 kW/kg, P/W_climb=0.17682 kW/kg, P/W_cruise=0.11410 kW/kg
Curve minimum (combined/combined): W/S=2162.5 Pa (220.51 kg/m^2), P/W=0.17682 kW/kg
Curve minimum (takeoff/take-off): W/S=1462.5 Pa (149.13 kg/m^2), P/W=0.10196 kW/kg
Curve minimum (climb/climb): W/S=2312.5 Pa (235.81 kg/m^2), P/W=0.17496 kW/kg
Curve minimum (cruise/cruise): W/S=2312.5 Pa (235.81 kg/m^2), P/W=0.10936 kW/kg
======================================================
======================= ITER 1 =======================
Fuel-cell system mass representative phase: climb (P_fc_sys=913.206 kW).

-----------------------
ptotal_climb: 1,215 kW, mtom_est: 5,789 kg, mtom: 5,000 kg, residual: +788.82 kg

MTOM update: initial_bracket_probe_1, relax=1.000 -> mtom_next=5,325.00 kg

======================================================
======================= ITER 2 =======================
Fuel-cell system mass representative phase: climb (P_fc_sys=972.558 kW).

-----------------------
ptotal_climb: 1,294 kW, mtom_est: 6,009 kg, mtom: 5,325 kg, residual: +683.86 kg

MTOM update: initial_bracket_probe_2, relax=1.000 -> mtom_next=5,650.00 kg

======================================================
======================= ITER 3 =======================
Fuel-cell system mass representative phase: climb (P_fc_sys=1031.916 kW).

-----------------------
ptotal_climb: 1,373 kW, mtom_est: 6,230 kg, mtom: 5,650 kg, residual: +580.19 kg

MTOM update: newton_prebracket, relax=1.000 -> mtom_next=7,468.81 kg

======================================================
======================= ITER 4 =======================
Fuel-cell system mass representative phase: climb (P_fc_sys=1364.111 kW).

-----------------------
ptotal_climb: 1,815 kW, mtom_est: 7,481 kg, mtom: 7,469 kg, residual: +12.07 kg

MTOM update: newton_prebracket, relax=1.000 -> mtom_next=7,507.44 kg

======================================================
======================= ITER 5 =======================
Fuel-cell system mass representative phase: climb (P_fc_sys=1371.166 kW).

-----------------------
ptotal_climb: 1,824 kW, mtom_est: 7,508 kg, mtom: 7,507 kg, residual: +0.35 kg


CONVERGED

CONVERGED STATE [MTOM iteration 5]
  MTOM=7,508 kg | Wing loading=220.52 kg/m^2 | P/W(climb)=242.96 W/kg
  Phase power: climb=1,824.1 kW | cruise=1,242.2 kW | loiter=993.7 kW | takeoff=1,806.8 kW | cruise+charger=1,242.2 kW
  Power split (climb): FC=1,358.8 kW | Battery=452.9 kW | Compressor=12.3 kW | Cooling=586.8 kW | H2=34.910 g/s
  Compressor max across phases: 64.0 kW (cruise)
  FC representative phase (mass sizing): climb (1,371.2 kW)
  Mass summary: MTOM=7,508 kg | Powertrain=2,272 kg | Tank=771.8 kg | Fuel=343.0 kg | Battery=269.3 kg | Nacelle power density=0.73 kW/kg
  Geometry: Main wing area=34.05 m^2 | Horizontal tail area=4.879 m^2 | Horizontal tail location=13.797 m | Vertical tail area=4.965 m^2 | Vertical tail location=13.276 m
  Config: wing loading input=220.51 kg/m^2 | P/W TO/Cl/Cr/Lo=0.17518/0.17682/0.11410/0.09128 kW/kg

=============================================================
========================= CONVERGED =========================
=============================================================
Constraint sizing: ENABLED (min_combined_pw)
Input W/S: 220.51 kg/m^2 (2,162.5 Pa)
Input P/W [kW/kg]: takeoff 0.17518, climb 0.17682, cruise 0.11410, loiter 0.09128
Converged P/W [kW/kg]: takeoff 0.24066, climb 0.24296, cruise 0.16546, loiter 0.13236
-------------------------------------------------------------

# Mission Time
Climb time: 7.57 min (0.13 h)
Cruise time: 162.93 min (2.72 h)
Total flight time: 192.50 min (3.21 h)

# Phase Power Breakdown
Phase      Time[min]     Total[kW]    FC Stack[kW]   Battery[kW]   Compressor[kW]   Cooling[kW]   mdot_H2[g/s]
--------------------------------------------------------------------------------------------------------------
ready           0.00          91.2            91.2           0.0              0.0           0.0         0.0
taxi            5.00         182.4           182.4           0.0              0.0           0.0         3.5
takeoff         1.00       1,806.8         1,346.2         448.7             11.8         518.7        31.8
climb           7.57       1,824.1         1,358.8         452.9             12.3         586.8        34.9
cruise        162.93       1,242.2         1,178.2           0.0             64.0         506.3        30.9
loiter         15.00         993.7           942.5           0.0             51.2         408.8        24.9
landing         1.00           0.0             0.0           0.0              0.0           0.0         0.0

Pcomp_max (solved phases): 64.0 kW (cruise)
Pnet (climb): 1,647 kW
Pelectricnet (climb): 1,812 kW
eta_pt: 0.9031

# Geometry
Main Wing Area: 34.05 m^2
Wingspan: 17.50 m
Fuselage Length: 15.89 m
Hydrogen Tank Length: 6.88 m
Horizontal Tail Area: 4.88 m^2
Vertical Tail Area: 4.97 m^2
Horizontal Tail span: 4.69 m
Vertical Tail span: 3.07 m
Horizontal Tail X_Position: 13.80 m
Vertical Tail X_Position: 13.28 m

# Single Nacelle (1/2)
Stack(1/2): 396 kg, Compressor: 26 kg, Humidifier: 154 kg, HX: 362 kg
Fuelcell System(FCS; Stack+Compressor+Humidifier+Hx): 938 kg
Representative FC phase: climb
Specific Power of Fuelcell System: 0.731 kW/kg
Stack dimension: dX=0.386 m, dY=0.338 m, dZ=0.338 m
Heat Exchanger dimension: dX=1.365 m, dY=1.365 m, dZ=0.218 m

# ALL Nacelles
FCS_total: 1,876 kg
PMAD: 156 kg
Motors: 241 kg

# Total Mass Breakdown
-----------------------
Powertrain (FCS_total+PMAD+Motors): 2,272 kg
-----------------------
Main Wing: 576 kg
Horizontal Tail: 38 kg
Vertical Tail: 67 kg
Fuselage: 534 kg
Landing gear(main): 243 kg
Landing gear(nose): 65 kg
Flight Control System: 366 kg
Electric System: 300 kg
Instruments: 105 kg
Hydraulics: 90 kg
Furnishing: 468 kg
-----------------------
Operating Empty Mass(OEM): 2,851 kg
-----------------------
Hydrogen Tank: 772 kg
Hydrogen Fuel: 343.0 kg
Battery: 269.3 kg
-----------------------
Payload: 1,000 kg
-----------------------
Maximum Takeoff Mass(MTOM): 7,508 kg
-----------------------

Wing loading (MTOM/S_wing): 220.52 kg/m^2
Power-to-weight (maxPow/MTOM): 242.96 W/kg

mdot_H2(cruise): 30.9 g/s
Hydrogen Tank Volume: 14.7 m^3
========================== END ==============================


=============================================================
Execution time: 3.3 seconds
=============================================================
