[command] /home/shoh95/anaconda3/envs/aerofc/bin/python /home/shoh95/Programming/HFCAD/app/main.py -i /home/shoh95/Programming/HFCAD/app/input_sweep_r22/h3000_M0.25_R1500km_PL1500kg.ini --outdir /home/shoh95/Programming/HFCAD/results/input_sweep_r22
[start] 2026-02-21 00:42:07

Auto-widening W/S scan window for min_combined_pw: 1900.0..2600.0 -> 1725.0..2775.0 Pa (factor 1.500, lower_hit=True, upper_hit=False, min_on_edge=False).
Auto-widening W/S scan window for min_combined_pw: 1725.0..2775.0 -> 1462.5..3037.5 Pa (factor 1.500, lower_hit=True, upper_hit=False, min_on_edge=False).
ADRpy constraint sizing (min_combined_pw): W/S=2162.5 Pa (220.51 kg/m^2), P/W_TO=0.17518 kW/kg, P/W_climb=0.17660 kW/kg, P/W_cruise=0.06207 kW/kg
Curve minimum (combined/combined): W/S=2162.5 Pa (220.51 kg/m^2), P/W=0.17660 kW/kg
Curve minimum (takeoff/take-off): W/S=1462.5 Pa (149.13 kg/m^2), P/W=0.10196 kW/kg
Curve minimum (climb/climb): W/S=2312.5 Pa (235.81 kg/m^2), P/W=0.17460 kW/kg
Curve minimum (cruise/cruise): W/S=2312.5 Pa (235.81 kg/m^2), P/W=0.06177 kW/kg
======================================================
======================= ITER 1 =======================
Fuel-cell system mass representative phase: climb (P_fc_sys=912.102 kW).

-----------------------
ptotal_climb: 1,213 kW, mtom_est: 6,338 kg, mtom: 5,000 kg, residual: +1,337.75 kg

MTOM update: initial_bracket_probe_1, relax=1.000 -> mtom_next=5,325.00 kg

======================================================
======================= ITER 2 =======================
Fuel-cell system mass representative phase: climb (P_fc_sys=971.382 kW).

-----------------------
ptotal_climb: 1,292 kW, mtom_est: 6,563 kg, mtom: 5,325 kg, residual: +1,237.88 kg

MTOM update: initial_bracket_probe_2, relax=1.000 -> mtom_next=5,650.00 kg

======================================================
======================= ITER 3 =======================
Fuel-cell system mass representative phase: climb (P_fc_sys=1030.669 kW).

-----------------------
ptotal_climb: 1,371 kW, mtom_est: 6,790 kg, mtom: 5,650 kg, residual: +1,140.14 kg

MTOM update: newton_prebracket, relax=1.000 -> mtom_next=7,627.50 kg

======================================================
======================= ITER 4 =======================
Fuel-cell system mass representative phase: climb (P_fc_sys=1391.411 kW).

-----------------------
ptotal_climb: 1,851 kW, mtom_est: 8,181 kg, mtom: 7,628 kg, residual: +553.82 kg

MTOM update: newton_prebracket, relax=1.000 -> mtom_next=9,495.42 kg

======================================================
======================= ITER 5 =======================
Fuel-cell system mass representative phase: climb (P_fc_sys=1732.158 kW).

-----------------------
ptotal_climb: 2,304 kW, mtom_est: 9,508 kg, mtom: 9,495 kg, residual: +12.50 kg

MTOM update: newton_prebracket, relax=1.000 -> mtom_next=9,538.56 kg

======================================================
======================= ITER 6 =======================
Fuel-cell system mass representative phase: climb (P_fc_sys=1740.027 kW).

-----------------------
ptotal_climb: 2,315 kW, mtom_est: 9,539 kg, mtom: 9,539 kg, residual: +0.19 kg


CONVERGED

CONVERGED STATE [MTOM iteration 6]
  MTOM=9,539 kg | Wing loading=220.52 kg/m^2 | P/W(climb)=242.67 W/kg
  Phase power: climb=2,314.8 kW | cruise=858.6 kW | loiter=686.8 kW | takeoff=2,295.7 kW | cruise+charger=858.6 kW
  Power split (climb): FC=1,724.4 kW | Battery=574.8 kW | Compressor=15.7 kW | Cooling=758.3 kW | H2=44.901 g/s
  Compressor max across phases: 44.2 kW (cruise)
  FC representative phase (mass sizing): climb (1,740.0 kW)
  Mass summary: MTOM=9,539 kg | Powertrain=3,227 kg | Tank=915.3 kg | Fuel=406.8 kg | Battery=341.8 kg | Nacelle power density=0.64 kW/kg
  Geometry: Main wing area=43.26 m^2 | Horizontal tail area=6.515 m^2 | Horizontal tail location=14.844 m | Vertical tail area=6.685 m^2 | Vertical tail location=14.184 m
  Config: wing loading input=220.51 kg/m^2 | P/W TO/Cl/Cr/Lo=0.17518/0.17660/0.06207/0.04966 kW/kg

=============================================================
========================= CONVERGED =========================
=============================================================
Constraint sizing: ENABLED (min_combined_pw)
Input W/S: 220.51 kg/m^2 (2,162.5 Pa)
Input P/W [kW/kg]: takeoff 0.17518, climb 0.17660, cruise 0.06207, loiter 0.04966
Converged P/W [kW/kg]: takeoff 0.24067, climb 0.24267, cruise 0.09001, loiter 0.07201
-------------------------------------------------------------

# Mission Time
Climb time: 7.57 min (0.13 h)
Cruise time: 283.70 min (4.73 h)
Total flight time: 313.28 min (5.22 h)

# Phase Power Breakdown
Phase      Time[min]     Total[kW]    FC Stack[kW]   Battery[kW]   Compressor[kW]   Cooling[kW]   mdot_H2[g/s]
--------------------------------------------------------------------------------------------------------------
ready           0.00         115.7           115.7           0.0              0.0           0.0         0.0
taxi            5.00         231.5           231.5           0.0              0.0           0.0         4.5
takeoff         1.00       2,295.7         1,710.5         570.2             15.0         658.9        40.5
climb           7.57       2,314.8         1,724.4         574.8             15.7         758.3        44.9
cruise        283.70         858.6           814.4           0.0             44.2         355.2        21.6
loiter         15.00         686.8           651.5           0.0             35.4         285.8        17.3
landing         1.00           0.0             0.0           0.0              0.0           0.0         0.0

Pcomp_max (solved phases): 44.2 kW (cruise)
Pnet (climb): 2,090 kW
Pelectricnet (climb): 2,299 kW
eta_pt: 0.9031

# Geometry
Main Wing Area: 43.26 m^2
Wingspan: 19.73 m
Fuselage Length: 17.16 m
Hydrogen Tank Length: 8.15 m
Horizontal Tail Area: 6.52 m^2
Vertical Tail Area: 6.68 m^2
Horizontal Tail span: 5.41 m
Vertical Tail span: 3.56 m
Horizontal Tail X_Position: 14.84 m
Vertical Tail X_Position: 14.18 m

# Single Nacelle (1/2)
Stack(1/2): 509 kg, Compressor: 34 kg, Humidifier: 204 kg, HX: 615 kg
Fuelcell System(FCS; Stack+Compressor+Humidifier+Hx): 1,361 kg
Representative FC phase: climb
Specific Power of Fuelcell System: 0.639 kW/kg
Stack dimension: dX=0.391 m, dY=0.381 m, dZ=0.381 m
Heat Exchanger dimension: dX=1.851 m, dY=1.851 m, dZ=0.201 m

# ALL Nacelles
FCS_total: 2,723 kg
PMAD: 199 kg
Motors: 305 kg

# Total Mass Breakdown
-----------------------
Powertrain (FCS_total+PMAD+Motors): 3,227 kg
-----------------------
Main Wing: 773 kg
Horizontal Tail: 54 kg
Vertical Tail: 89 kg
Fuselage: 515 kg
Landing gear(main): 243 kg
Landing gear(nose): 65 kg
Flight Control System: 366 kg
Electric System: 300 kg
Instruments: 130 kg
Hydraulics: 114 kg
Furnishing: 498 kg
-----------------------
Operating Empty Mass(OEM): 3,148 kg
-----------------------
Hydrogen Tank: 915 kg
Hydrogen Fuel: 406.8 kg
Battery: 341.8 kg
-----------------------
Payload: 1,500 kg
-----------------------
Maximum Takeoff Mass(MTOM): 9,539 kg
-----------------------

Wing loading (MTOM/S_wing): 220.52 kg/m^2
Power-to-weight (maxPow/MTOM): 242.67 W/kg

mdot_H2(cruise): 21.6 g/s
Hydrogen Tank Volume: 17.4 m^3
========================== END ==============================


=============================================================
Execution time: 3.6 seconds
=============================================================
