[command] /home/shoh95/anaconda3/envs/aerofc/bin/python /home/shoh95/Programming/HFCAD/app/main.py -i /home/shoh95/Programming/HFCAD/app/input_sweep_r22/h3500_M0.25_R1000km_PL1500kg.ini --outdir /home/shoh95/Programming/HFCAD/results/input_sweep_r22
[start] 2026-02-21 00:43:00

Auto-widening W/S scan window for min_combined_pw: 1900.0..2600.0 -> 1725.0..2775.0 Pa (factor 1.500, lower_hit=True, upper_hit=False, min_on_edge=False).
Auto-widening W/S scan window for min_combined_pw: 1725.0..2775.0 -> 1462.5..3037.5 Pa (factor 1.500, lower_hit=True, upper_hit=False, min_on_edge=False).
ADRpy constraint sizing (min_combined_pw): W/S=2212.5 Pa (225.61 kg/m^2), P/W_TO=0.18089 kW/kg, P/W_climb=0.18058 kW/kg, P/W_cruise=0.06135 kW/kg
Curve minimum (combined/combined): W/S=2212.5 Pa (225.61 kg/m^2), P/W=0.18089 kW/kg
Curve minimum (takeoff/take-off): W/S=1462.5 Pa (149.13 kg/m^2), P/W=0.10196 kW/kg
Curve minimum (climb/climb): W/S=2312.5 Pa (235.81 kg/m^2), P/W=0.17920 kW/kg
Curve minimum (cruise/cruise): W/S=2262.5 Pa (230.71 kg/m^2), P/W=0.06134 kW/kg
======================================================
======================= ITER 1 =======================
Fuel-cell system mass representative phase: takeoff (P_fc_sys=933.979 kW).

-----------------------
ptotal_climb: 1,241 kW, mtom_est: 6,166 kg, mtom: 5,000 kg, residual: +1,165.84 kg

MTOM update: initial_bracket_probe_1, relax=1.000 -> mtom_next=5,325.00 kg

======================================================
======================= ITER 2 =======================
Fuel-cell system mass representative phase: takeoff (P_fc_sys=994.682 kW).

-----------------------
ptotal_climb: 1,321 kW, mtom_est: 6,380 kg, mtom: 5,325 kg, residual: +1,054.81 kg

MTOM update: initial_bracket_probe_2, relax=1.000 -> mtom_next=5,650.00 kg

======================================================
======================= ITER 3 =======================
Fuel-cell system mass representative phase: takeoff (P_fc_sys=1055.390 kW).

-----------------------
ptotal_climb: 1,402 kW, mtom_est: 6,596 kg, mtom: 5,650 kg, residual: +945.89 kg

MTOM update: newton_prebracket, relax=1.000 -> mtom_next=7,627.50 kg

======================================================
======================= ITER 4 =======================
Fuel-cell system mass representative phase: takeoff (P_fc_sys=1424.785 kW).

-----------------------
ptotal_climb: 1,893 kW, mtom_est: 7,920 kg, mtom: 7,628 kg, residual: +292.01 kg

MTOM update: newton_prebracket, relax=1.000 -> mtom_next=8,510.60 kg

======================================================
======================= ITER 5 =======================
Fuel-cell system mass representative phase: takeoff (P_fc_sys=1589.744 kW).

-----------------------
ptotal_climb: 2,112 kW, mtom_est: 8,516 kg, mtom: 8,511 kg, residual: +5.74 kg

MTOM update: newton_prebracket, relax=1.000 -> mtom_next=8,528.30 kg

======================================================
======================= ITER 6 =======================
Fuel-cell system mass representative phase: takeoff (P_fc_sys=1593.051 kW).

-----------------------
ptotal_climb: 2,116 kW, mtom_est: 8,528 kg, mtom: 8,528 kg, residual: -0.31 kg


CONVERGED

CONVERGED STATE [MTOM iteration 6]
  MTOM=8,528 kg | Wing loading=225.60 kg/m^2 | P/W(climb)=248.17 W/kg
  Phase power: climb=2,116.4 kW | cruise=766.9 kW | loiter=613.5 kW | takeoff=2,119.4 kW | cruise+charger=766.9 kW
  Power split (climb): FC=1,576.4 kW | Battery=525.5 kW | Compressor=14.5 kW | Cooling=707.6 kW | H2=41.956 g/s
  Compressor max across phases: 47.2 kW (cruise)
  FC representative phase (mass sizing): takeoff (1,593.1 kW)
  Mass summary: MTOM=8,528 kg | Powertrain=3,024 kg | Tank=570.1 kg | Fuel=253.4 kg | Battery=358.9 kg | Nacelle power density=0.62 kW/kg
  Geometry: Main wing area=37.80 m^2 | Horizontal tail area=6.907 m^2 | Horizontal tail location=11.719 m | Vertical tail area=7.201 m^2 | Vertical tail location=11.007 m
  Config: wing loading input=225.61 kg/m^2 | P/W TO/Cl/Cr/Lo=0.18089/0.18058/0.06135/0.04908 kW/kg

=============================================================
========================= CONVERGED =========================
=============================================================
Constraint sizing: ENABLED (min_combined_pw)
Input W/S: 225.61 kg/m^2 (2,212.5 Pa)
Input P/W [kW/kg]: takeoff 0.18089, climb 0.18058, cruise 0.06135, loiter 0.04908
Converged P/W [kW/kg]: takeoff 0.24853, climb 0.24817, cruise 0.08992, loiter 0.07194
-------------------------------------------------------------

# Mission Time
Climb time: 8.83 min (0.15 h)
Cruise time: 182.42 min (3.04 h)
Total flight time: 213.25 min (3.55 h)

# Phase Power Breakdown
Phase      Time[min]     Total[kW]    FC Stack[kW]   Battery[kW]   Compressor[kW]   Cooling[kW]   mdot_H2[g/s]
--------------------------------------------------------------------------------------------------------------
ready           0.00         105.8           105.8           0.0              0.0           0.0         0.0
taxi            5.00         211.6           211.6           0.0              0.0           0.0         4.2
takeoff         1.00       2,119.4         1,579.2         526.4             13.9         602.9        37.4
climb           8.83       2,116.4         1,576.4         525.5             14.5         707.6        42.0
cruise        182.42         766.9           719.6           0.0             47.2         319.0        19.5
loiter         15.00         613.5           575.7           0.0             37.8         256.6        15.7
landing         1.00           0.0             0.0           0.0              0.0           0.0         0.0

Pcomp_max (solved phases): 47.2 kW (cruise)
Pnet (climb): 1,911 kW
Pelectricnet (climb): 2,102 kW
eta_pt: 0.9031

# Geometry
Main Wing Area: 37.80 m^2
Wingspan: 18.44 m
Fuselage Length: 14.09 m
Hydrogen Tank Length: 5.08 m
Horizontal Tail Area: 6.91 m^2
Vertical Tail Area: 7.20 m^2
Horizontal Tail span: 5.57 m
Vertical Tail span: 3.70 m
Horizontal Tail X_Position: 11.72 m
Vertical Tail X_Position: 11.01 m

# Single Nacelle (1/2)
Stack(1/2): 427 kg, Compressor: 23 kg, Humidifier: 128 kg, HX: 703 kg
Fuelcell System(FCS; Stack+Compressor+Humidifier+Hx): 1,281 kg
Representative FC phase: takeoff
Specific Power of Fuelcell System: 0.622 kW/kg
Stack dimension: dX=0.360 m, dY=0.364 m, dZ=0.364 m
Heat Exchanger dimension: dX=2.019 m, dY=2.019 m, dZ=0.192 m

# ALL Nacelles
FCS_total: 2,562 kg
PMAD: 183 kg
Motors: 279 kg

# Total Mass Breakdown
-----------------------
Powertrain (FCS_total+PMAD+Motors): 3,024 kg
-----------------------
Main Wing: 660 kg
Horizontal Tail: 53 kg
Vertical Tail: 87 kg
Fuselage: 402 kg
Landing gear(main): 243 kg
Landing gear(nose): 65 kg
Flight Control System: 366 kg
Electric System: 300 kg
Instruments: 118 kg
Hydraulics: 102 kg
Furnishing: 426 kg
-----------------------
Operating Empty Mass(OEM): 2,821 kg
-----------------------
Hydrogen Tank: 570 kg
Hydrogen Fuel: 253.4 kg
Battery: 358.9 kg
-----------------------
Payload: 1,500 kg
-----------------------
Maximum Takeoff Mass(MTOM): 8,528 kg
-----------------------

Wing loading (MTOM/S_wing): 225.60 kg/m^2
Power-to-weight (maxPow/MTOM): 248.17 W/kg

mdot_H2(cruise): 19.5 g/s
Hydrogen Tank Volume: 10.9 m^3
========================== END ==============================


=============================================================
Execution time: 3.6 seconds
=============================================================
