[command] /home/shoh95/anaconda3/envs/aerofc/bin/python /home/shoh95/Programming/HFCAD/app/main.py -i /home/shoh95/Programming/HFCAD/app/input_sweep_r22/h3500_M0.3_R1500km_PL350kg.ini --outdir /home/shoh95/Programming/HFCAD/results/input_sweep_r22
[start] 2026-02-21 00:43:39

Auto-widening W/S scan window for min_combined_pw: 1900.0..2600.0 -> 1725.0..2775.0 Pa (factor 1.500, lower_hit=True, upper_hit=False, min_on_edge=False).
Auto-widening W/S scan window for min_combined_pw: 1725.0..2775.0 -> 1462.5..3037.5 Pa (factor 1.500, lower_hit=True, upper_hit=False, min_on_edge=False).
ADRpy constraint sizing (min_combined_pw): W/S=2212.5 Pa (225.61 kg/m^2), P/W_TO=0.18089 kW/kg, P/W_climb=0.18020 kW/kg, P/W_cruise=0.07857 kW/kg
Curve minimum (combined/combined): W/S=2212.5 Pa (225.61 kg/m^2), P/W=0.18089 kW/kg
Curve minimum (takeoff/take-off): W/S=1462.5 Pa (149.13 kg/m^2), P/W=0.10196 kW/kg
Curve minimum (climb/climb): W/S=2312.5 Pa (235.81 kg/m^2), P/W=0.17892 kW/kg
Curve minimum (cruise/cruise): W/S=2312.5 Pa (235.81 kg/m^2), P/W=0.07740 kW/kg
======================================================
======================= ITER 1 =======================
Fuel-cell system mass representative phase: takeoff (P_fc_sys=933.979 kW).

-----------------------
ptotal_climb: 1,238 kW, mtom_est: 5,398 kg, mtom: 5,000 kg, residual: +398.33 kg

MTOM update: initial_bracket_probe_1, relax=1.000 -> mtom_next=5,325.00 kg

======================================================
======================= ITER 2 =======================
Fuel-cell system mass representative phase: takeoff (P_fc_sys=994.682 kW).

-----------------------
ptotal_climb: 1,319 kW, mtom_est: 5,636 kg, mtom: 5,325 kg, residual: +310.96 kg

MTOM update: initial_bracket_probe_2, relax=1.000 -> mtom_next=5,650.00 kg

======================================================
======================= ITER 3 =======================
Fuel-cell system mass representative phase: takeoff (P_fc_sys=1055.390 kW).

-----------------------
ptotal_climb: 1,399 kW, mtom_est: 5,876 kg, mtom: 5,650 kg, residual: +225.75 kg

MTOM update: newton_prebracket, relax=1.000 -> mtom_next=6,511.14 kg

======================================================
======================= ITER 4 =======================
Fuel-cell system mass representative phase: takeoff (P_fc_sys=1216.254 kW).

-----------------------
ptotal_climb: 1,612 kW, mtom_est: 6,514 kg, mtom: 6,511 kg, residual: +2.44 kg


CONVERGED

CONVERGED STATE [MTOM iteration 4]
  MTOM=6,514 kg | Wing loading=225.70 kg/m^2 | P/W(climb)=247.54 W/kg
  Phase power: climb=1,612.4 kW | cruise=749.8 kW | loiter=599.8 kW | takeoff=1,618.1 kW | cruise+charger=749.8 kW
  Power split (climb): FC=1,201.0 kW | Battery=400.3 kW | Compressor=11.0 kW | Cooling=534.6 kW | H2=31.760 g/s
  Compressor max across phases: 46.2 kW (cruise)
  FC representative phase (mass sizing): takeoff (1,216.3 kW)
  Mass summary: MTOM=6,514 kg | Powertrain=2,310 kg | Tank=679.1 kg | Fuel=301.8 kg | Battery=273.5 kg | Nacelle power density=0.62 kW/kg
  Geometry: Main wing area=28.86 m^2 | Horizontal tail area=3.999 m^2 | Horizontal tail location=13.112 m | Vertical tail area=4.048 m^2 | Vertical tail location=12.674 m
  Config: wing loading input=225.61 kg/m^2 | P/W TO/Cl/Cr/Lo=0.18089/0.18020/0.07857/0.06285 kW/kg

=============================================================
========================= CONVERGED =========================
=============================================================
Constraint sizing: ENABLED (min_combined_pw)
Input W/S: 225.61 kg/m^2 (2,212.5 Pa)
Input P/W [kW/kg]: takeoff 0.18089, climb 0.18020, cruise 0.07857, loiter 0.06285
Converged P/W [kW/kg]: takeoff 0.24843, climb 0.24754, cruise 0.11511, loiter 0.09209
-------------------------------------------------------------

# Mission Time
Climb time: 8.83 min (0.15 h)
Cruise time: 235.88 min (3.93 h)
Total flight time: 266.71 min (4.45 h)

# Phase Power Breakdown
Phase      Time[min]     Total[kW]    FC Stack[kW]   Battery[kW]   Compressor[kW]   Cooling[kW]   mdot_H2[g/s]
--------------------------------------------------------------------------------------------------------------
ready           0.00          80.6            80.6           0.0              0.0           0.0         0.0
taxi            5.00         161.2           161.2           0.0              0.0           0.0         3.2
takeoff         1.00       1,618.1         1,205.7         401.9             10.6         460.4        28.5
climb           8.83       1,612.4         1,201.0         400.3             11.0         534.6        31.8
cruise        235.88         749.8           703.6           0.0             46.2         309.7        19.0
loiter         15.00         599.8           562.9           0.0             36.9         249.6        15.3
landing         1.00           0.0             0.0           0.0              0.0           0.0         0.0

Pcomp_max (solved phases): 46.2 kW (cruise)
Pnet (climb): 1,456 kW
Pelectricnet (climb): 1,601 kW
eta_pt: 0.9031

# Geometry
Main Wing Area: 28.86 m^2
Wingspan: 16.12 m
Fuselage Length: 15.06 m
Hydrogen Tank Length: 6.05 m
Horizontal Tail Area: 4.00 m^2
Vertical Tail Area: 4.05 m^2
Horizontal Tail span: 4.24 m
Vertical Tail span: 2.77 m
Horizontal Tail X_Position: 13.11 m
Vertical Tail X_Position: 12.67 m

# Single Nacelle (1/2)
Stack(1/2): 326 kg, Compressor: 18 kg, Humidifier: 98 kg, HX: 537 kg
Fuelcell System(FCS; Stack+Compressor+Humidifier+Hx): 979 kg
Representative FC phase: takeoff
Specific Power of Fuelcell System: 0.621 kW/kg
Stack dimension: dX=0.360 m, dY=0.318 m, dZ=0.318 m
Heat Exchanger dimension: dX=1.764 m, dY=1.764 m, dZ=0.192 m

# ALL Nacelles
FCS_total: 1,958 kg
PMAD: 139 kg
Motors: 213 kg

# Total Mass Breakdown
-----------------------
Powertrain (FCS_total+PMAD+Motors): 2,310 kg
-----------------------
Main Wing: 473 kg
Horizontal Tail: 30 kg
Vertical Tail: 56 kg
Fuselage: 448 kg
Landing gear(main): 243 kg
Landing gear(nose): 65 kg
Flight Control System: 366 kg
Electric System: 300 kg
Instruments: 93 kg
Hydraulics: 78 kg
Furnishing: 449 kg
-----------------------
Operating Empty Mass(OEM): 2,600 kg
-----------------------
Hydrogen Tank: 679 kg
Hydrogen Fuel: 301.8 kg
Battery: 273.5 kg
-----------------------
Payload: 350 kg
-----------------------
Maximum Takeoff Mass(MTOM): 6,514 kg
-----------------------

Wing loading (MTOM/S_wing): 225.70 kg/m^2
Power-to-weight (maxPow/MTOM): 247.54 W/kg

mdot_H2(cruise): 19.0 g/s
Hydrogen Tank Volume: 12.9 m^3
========================== END ==============================


=============================================================
Execution time: 3.2 seconds
=============================================================
