[command] /home/shoh95/anaconda3/envs/aerofc/bin/python /home/shoh95/Programming/HFCAD/app/main.py -i /home/shoh95/Programming/HFCAD/app/input_sweep_r22/h4500_M0.25_R1500km_PL700kg.ini --outdir /home/shoh95/Programming/HFCAD/results/input_sweep_r22
[start] 2026-02-21 00:45:13

Auto-widening W/S scan window for min_combined_pw: 1900.0..2600.0 -> 1725.0..2775.0 Pa (factor 1.500, lower_hit=True, upper_hit=False, min_on_edge=False).
Auto-widening W/S scan window for min_combined_pw: 1725.0..2775.0 -> 1462.5..3037.5 Pa (factor 1.500, lower_hit=True, upper_hit=False, min_on_edge=False).
ADRpy constraint sizing (min_combined_pw): W/S=2262.5 Pa (230.71 kg/m^2), P/W_TO=0.18667 kW/kg, P/W_climb=0.19016 kW/kg, P/W_cruise=0.06111 kW/kg
Curve minimum (combined/combined): W/S=2262.5 Pa (230.71 kg/m^2), P/W=0.19016 kW/kg
Curve minimum (takeoff/take-off): W/S=1462.5 Pa (149.13 kg/m^2), P/W=0.10196 kW/kg
Curve minimum (climb/climb): W/S=2312.5 Pa (235.81 kg/m^2), P/W=0.18959 kW/kg
Curve minimum (cruise/cruise): W/S=1962.5 Pa (200.12 kg/m^2), P/W=0.06057 kW/kg
======================================================
======================= ITER 1 =======================
Fuel-cell system mass representative phase: climb (P_fc_sys=982.400 kW).

-----------------------
ptotal_climb: 1,307 kW, mtom_est: 6,021 kg, mtom: 5,000 kg, residual: +1,021.04 kg

MTOM update: initial_bracket_probe_1, relax=1.000 -> mtom_next=5,325.00 kg

======================================================
======================= ITER 2 =======================
Fuel-cell system mass representative phase: climb (P_fc_sys=1046.249 kW).

-----------------------
ptotal_climb: 1,392 kW, mtom_est: 6,277 kg, mtom: 5,325 kg, residual: +951.96 kg

MTOM update: initial_bracket_probe_2, relax=1.000 -> mtom_next=5,650.00 kg

======================================================
======================= ITER 3 =======================
Fuel-cell system mass representative phase: climb (P_fc_sys=1110.105 kW).

-----------------------
ptotal_climb: 1,477 kW, mtom_est: 6,536 kg, mtom: 5,650 kg, residual: +886.13 kg

MTOM update: newton_prebracket, relax=1.000 -> mtom_next=7,627.50 kg

======================================================
======================= ITER 4 =======================
Fuel-cell system mass representative phase: climb (P_fc_sys=1498.651 kW).

-----------------------
ptotal_climb: 1,994 kW, mtom_est: 8,123 kg, mtom: 7,628 kg, residual: +495.28 kg

MTOM update: newton_prebracket, relax=1.000 -> mtom_next=10,133.40 kg

======================================================
======================= ITER 5 =======================
Fuel-cell system mass representative phase: climb (P_fc_sys=1991.011 kW).

-----------------------
ptotal_climb: 2,649 kW, mtom_est: 10,152 kg, mtom: 10,133 kg, residual: +18.88 kg

MTOM update: newton_prebracket, relax=1.000 -> mtom_next=10,232.70 kg

======================================================
======================= ITER 6 =======================
Fuel-cell system mass representative phase: climb (P_fc_sys=2010.519 kW).

-----------------------
ptotal_climb: 2,674 kW, mtom_est: 10,231 kg, mtom: 10,233 kg, residual: -1.25 kg


CONVERGED

CONVERGED STATE [MTOM iteration 6]
  MTOM=10,231 kg | Wing loading=230.68 kg/m^2 | P/W(climb)=261.40 W/kg
  Phase power: climb=2,674.5 kW | cruise=937.5 kW | loiter=750.0 kW | takeoff=2,624.2 kW | cruise+charger=937.5 kW
  Power split (climb): FC=1,991.8 kW | Battery=663.9 kW | Compressor=18.7 kW | Cooling=935.0 kW | H2=55.582 g/s
  Compressor max across phases: 77.5 kW (cruise)
  FC representative phase (mass sizing): climb (2,010.5 kW)
  Mass summary: MTOM=10,231 kg | Powertrain=4,139 kg | Tank=1,078.3 kg | Fuel=479.2 kg | Battery=568.9 kg | Nacelle power density=0.57 kW/kg
  Geometry: Main wing area=44.35 m^2 | Horizontal tail area=6.079 m^2 | Horizontal tail location=16.355 m | Vertical tail area=6.197 m^2 | Vertical tail location=15.735 m
  Config: wing loading input=230.71 kg/m^2 | P/W TO/Cl/Cr/Lo=0.18667/0.19016/0.06111/0.04889 kW/kg

=============================================================
========================= CONVERGED =========================
=============================================================
Constraint sizing: ENABLED (min_combined_pw)
Input W/S: 230.71 kg/m^2 (2,262.5 Pa)
Input P/W [kW/kg]: takeoff 0.18667, climb 0.19016, cruise 0.06111, loiter 0.04889
Converged P/W [kW/kg]: takeoff 0.25648, climb 0.26140, cruise 0.09163, loiter 0.07330
-------------------------------------------------------------

# Mission Time
Climb time: 11.36 min (0.19 h)
Cruise time: 285.51 min (4.76 h)
Total flight time: 318.86 min (5.31 h)

# Phase Power Breakdown
Phase      Time[min]     Total[kW]    FC Stack[kW]   Battery[kW]   Compressor[kW]   Cooling[kW]   mdot_H2[g/s]
--------------------------------------------------------------------------------------------------------------
ready           0.00         133.7           133.7           0.0              0.0           0.0         0.0
taxi            5.00         267.4           267.4           0.0              0.0           0.0         5.6
takeoff         1.00       2,624.2         1,955.3         651.8             17.2         732.8        46.2
climb          11.36       2,674.5         1,991.8         663.9             18.7         935.0        55.6
cruise        285.51         937.5           860.0           0.0             77.5         393.8        24.5
loiter         15.00         750.0           688.0           0.0             62.0         316.8        19.7
landing         1.00           0.0             0.0           0.0              0.0           0.0         0.0

Pcomp_max (solved phases): 77.5 kW (cruise)
Pnet (climb): 2,415 kW
Pelectricnet (climb): 2,656 kW
eta_pt: 0.9031

# Geometry
Main Wing Area: 44.35 m^2
Wingspan: 19.98 m
Fuselage Length: 18.62 m
Hydrogen Tank Length: 9.61 m
Horizontal Tail Area: 6.08 m^2
Vertical Tail Area: 6.20 m^2
Horizontal Tail span: 5.23 m
Vertical Tail span: 3.43 m
Horizontal Tail X_Position: 16.35 m
Vertical Tail X_Position: 15.74 m

# Single Nacelle (1/2)
Stack(1/2): 626 kg, Compressor: 52 kg, Humidifier: 295 kg, HX: 804 kg
Fuelcell System(FCS; Stack+Compressor+Humidifier+Hx): 1,776 kg
Representative FC phase: climb
Specific Power of Fuelcell System: 0.566 kW/kg
Stack dimension: dX=0.415 m, dY=0.410 m, dZ=0.410 m
Heat Exchanger dimension: dX=2.148 m, dY=2.148 m, dZ=0.195 m

# ALL Nacelles
FCS_total: 3,553 kg
PMAD: 234 kg
Motors: 353 kg

# Total Mass Breakdown
-----------------------
Powertrain (FCS_total+PMAD+Motors): 4,139 kg
-----------------------
Main Wing: 815 kg
Horizontal Tail: 54 kg
Vertical Tail: 89 kg
Fuselage: 543 kg
Landing gear(main): 243 kg
Landing gear(nose): 65 kg
Flight Control System: 366 kg
Electric System: 300 kg
Instruments: 139 kg
Hydraulics: 123 kg
Furnishing: 531 kg
-----------------------
Operating Empty Mass(OEM): 3,266 kg
-----------------------
Hydrogen Tank: 1,078 kg
Hydrogen Fuel: 479.2 kg
Battery: 568.9 kg
-----------------------
Payload: 700 kg
-----------------------
Maximum Takeoff Mass(MTOM): 10,231 kg
-----------------------

Wing loading (MTOM/S_wing): 230.68 kg/m^2
Power-to-weight (maxPow/MTOM): 261.40 W/kg

mdot_H2(cruise): 24.5 g/s
Hydrogen Tank Volume: 20.5 m^3
========================== END ==============================


=============================================================
Execution time: 3.6 seconds
=============================================================
