[command] /home/shoh95/anaconda3/envs/aerofc/bin/python /home/shoh95/Programming/HFCAD/app/main.py -i /home/shoh95/Programming/HFCAD/app/input_sweep_r22/h5000_M0.35_R1250km_PL1500kg.ini --outdir /home/shoh95/Programming/HFCAD/results/input_sweep_r22
[start] 2026-02-21 00:46:20

Auto-widening W/S scan window for min_combined_pw: 1900.0..2600.0 -> 1725.0..2775.0 Pa (factor 1.500, lower_hit=True, upper_hit=False, min_on_edge=False).
Auto-widening W/S scan window for min_combined_pw: 1725.0..2775.0 -> 1462.5..3037.5 Pa (factor 1.500, lower_hit=True, upper_hit=False, min_on_edge=True).
ADRpy minimum combined P/W remains on feasible W/S boundary (2312.5 Pa). Proceeding with current W/S range 1462.5..3037.5 Pa.
ADRpy constraint sizing (min_combined_pw): W/S=2312.5 Pa (235.81 kg/m^2), P/W_TO=0.19250 kW/kg, P/W_climb=0.19389 kW/kg, P/W_cruise=0.09272 kW/kg
Curve minimum (combined/combined): W/S=2312.5 Pa (235.81 kg/m^2), P/W=0.19389 kW/kg
Curve minimum (takeoff/take-off): W/S=1462.5 Pa (149.13 kg/m^2), P/W=0.10196 kW/kg
Curve minimum (climb/climb): W/S=2312.5 Pa (235.81 kg/m^2), P/W=0.19389 kW/kg
Curve minimum (cruise/cruise): W/S=2312.5 Pa (235.81 kg/m^2), P/W=0.09272 kW/kg
======================================================
======================= ITER 1 =======================
Fuel-cell system mass representative phase: climb (P_fc_sys=1001.737 kW).

-----------------------
ptotal_climb: 1,333 kW, mtom_est: 6,712 kg, mtom: 5,000 kg, residual: +1,712.19 kg

MTOM update: initial_bracket_probe_1, relax=1.000 -> mtom_next=5,325.00 kg

======================================================
======================= ITER 2 =======================
Fuel-cell system mass representative phase: climb (P_fc_sys=1066.842 kW).

-----------------------
ptotal_climb: 1,419 kW, mtom_est: 6,959 kg, mtom: 5,325 kg, residual: +1,634.23 kg

MTOM update: initial_bracket_probe_2, relax=1.000 -> mtom_next=5,650.00 kg

======================================================
======================= ITER 3 =======================
Fuel-cell system mass representative phase: climb (P_fc_sys=1131.955 kW).

-----------------------
ptotal_climb: 1,506 kW, mtom_est: 7,211 kg, mtom: 5,650 kg, residual: +1,560.63 kg

MTOM update: newton_prebracket, relax=1.000 -> mtom_next=7,627.50 kg

======================================================
======================= ITER 4 =======================
Fuel-cell system mass representative phase: climb (P_fc_sys=1528.149 kW).

-----------------------
ptotal_climb: 2,033 kW, mtom_est: 8,745 kg, mtom: 7,628 kg, residual: +1,117.29 kg

MTOM update: newton_prebracket, relax=1.000 -> mtom_next=10,297.12 kg

======================================================
======================= ITER 5 =======================
Fuel-cell system mass representative phase: climb (P_fc_sys=2063.002 kW).

-----------------------
ptotal_climb: 2,744 kW, mtom_est: 10,837 kg, mtom: 10,297 kg, residual: +539.49 kg

MTOM update: newton_prebracket, relax=1.000 -> mtom_next=12,789.74 kg

======================================================
======================= ITER 6 =======================
Fuel-cell system mass representative phase: climb (P_fc_sys=2562.390 kW).

-----------------------
ptotal_climb: 3,409 kW, mtom_est: 12,816 kg, mtom: 12,790 kg, residual: +25.84 kg

MTOM update: newton_prebracket, relax=1.000 -> mtom_next=12,915.13 kg

======================================================
======================= ITER 7 =======================
Fuel-cell system mass representative phase: climb (P_fc_sys=2587.509 kW).

-----------------------
ptotal_climb: 3,442 kW, mtom_est: 12,914 kg, mtom: 12,915 kg, residual: -0.96 kg


CONVERGED

CONVERGED STATE [MTOM iteration 7]
  MTOM=12,914 kg | Wing loading=235.79 kg/m^2 | P/W(climb)=266.52 W/kg
  Phase power: climb=3,441.9 kW | cruise=1,817.6 kW | loiter=1,454.0 kW | takeoff=3,415.6 kW | cruise+charger=1,817.6 kW
  Power split (climb): FC=2,563.3 kW | Battery=854.4 kW | Compressor=24.3 kW | Cooling=1,207.3 kW | H2=72.216 g/s
  Compressor max across phases: 170.5 kW (cruise)
  FC representative phase (mass sizing): climb (2,587.5 kW)
  Mass summary: MTOM=12,914 kg | Powertrain=4,925 kg | Tank=1,267.9 kg | Fuel=563.5 kg | Battery=807.6 kg | Nacelle power density=0.62 kW/kg
  Geometry: Main wing area=54.77 m^2 | Horizontal tail area=7.649 m^2 | Horizontal tail location=17.842 m | Vertical tail area=7.833 m^2 | Vertical tail location=17.104 m
  Config: wing loading input=235.81 kg/m^2 | P/W TO/Cl/Cr/Lo=0.19250/0.19389/0.09272/0.07418 kW/kg

=============================================================
========================= CONVERGED =========================
=============================================================
Constraint sizing: ENABLED (min_combined_pw)
Input W/S: 235.81 kg/m^2 (2,312.5 Pa)
Input P/W [kW/kg]: takeoff 0.19250, climb 0.19389, cruise 0.09272, loiter 0.07418
Converged P/W [kW/kg]: takeoff 0.26448, climb 0.26652, cruise 0.14075, loiter 0.11259
-------------------------------------------------------------

# Mission Time
Climb time: 12.62 min (0.21 h)
Cruise time: 164.05 min (2.73 h)
Total flight time: 198.67 min (3.31 h)

# Phase Power Breakdown
Phase      Time[min]     Total[kW]    FC Stack[kW]   Battery[kW]   Compressor[kW]   Cooling[kW]   mdot_H2[g/s]
--------------------------------------------------------------------------------------------------------------
ready           0.00         172.1           172.1           0.0              0.0           0.0         0.0
taxi            5.00         344.2           344.2           0.0              0.0           0.0         7.2
takeoff         1.00       3,415.6         2,544.9         848.3             22.4         945.1        60.2
climb          12.62       3,441.9         2,563.3         854.4             24.3       1,207.3        72.2
cruise        164.05       1,817.6         1,647.1           0.0            170.5         756.4        47.6
loiter         15.00       1,454.0         1,317.7           0.0            136.3         611.0        38.3
landing         1.00           0.0             0.0           0.0              0.0           0.0         0.0

Pcomp_max (solved phases): 170.5 kW (cruise)
Pnet (climb): 3,108 kW
Pelectricnet (climb): 3,418 kW
eta_pt: 0.9031

# Geometry
Main Wing Area: 54.77 m^2
Wingspan: 22.20 m
Fuselage Length: 20.30 m
Hydrogen Tank Length: 11.29 m
Horizontal Tail Area: 7.65 m^2
Vertical Tail Area: 7.83 m^2
Horizontal Tail span: 5.87 m
Vertical Tail span: 3.86 m
Horizontal Tail X_Position: 17.84 m
Vertical Tail X_Position: 17.10 m

# Single Nacelle (1/2)
Stack(1/2): 812 kg, Compressor: 76 kg, Humidifier: 393 kg, HX: 804 kg
Fuelcell System(FCS; Stack+Compressor+Humidifier+Hx): 2,085 kg
Representative FC phase: climb
Specific Power of Fuelcell System: 0.620 kW/kg
Stack dimension: dX=0.419 m, dY=0.465 m, dZ=0.465 m
Heat Exchanger dimension: dX=2.073 m, dY=2.073 m, dZ=0.209 m

# ALL Nacelles
FCS_total: 4,170 kg
PMAD: 301 kg
Motors: 454 kg

# Total Mass Breakdown
-----------------------
Powertrain (FCS_total+PMAD+Motors): 4,925 kg
-----------------------
Main Wing: 1,075 kg
Horizontal Tail: 75 kg
Vertical Tail: 114 kg
Fuselage: 719 kg
Landing gear(main): 243 kg
Landing gear(nose): 65 kg
Flight Control System: 366 kg
Electric System: 300 kg
Instruments: 171 kg
Hydraulics: 155 kg
Furnishing: 568 kg
-----------------------
Operating Empty Mass(OEM): 3,850 kg
-----------------------
Hydrogen Tank: 1,268 kg
Hydrogen Fuel: 563.5 kg
Battery: 807.6 kg
-----------------------
Payload: 1,500 kg
-----------------------
Maximum Takeoff Mass(MTOM): 12,914 kg
-----------------------

Wing loading (MTOM/S_wing): 235.79 kg/m^2
Power-to-weight (maxPow/MTOM): 266.52 W/kg

mdot_H2(cruise): 47.6 g/s
Hydrogen Tank Volume: 24.2 m^3
========================== END ==============================


=============================================================
Execution time: 4.4 seconds
=============================================================
