ADRpy constraint sizing (min_combined_pw): W/S=2350.0 Pa (239.63 kg/m^2), P/W_TO=0.13329 kW/kg, P/W_climb=0.13329 kW/kg, P/W_cruise=0.13329 kW/kg
======================================================
======================= ITER 1 =======================
Reynolds_number: 11,135,029
Stack prop output power: 500 kW, Pcomp: 25.8 kW
Cell efficiency: 0.300, Output efficiency: 0.271
mdot_h2: 12.43 g/s
Reynolds_number: 11,135,029
Stack prop output power: 484 kW, Pcomp: 25.0 kW
Cell efficiency: 0.300, Output efficiency: 0.271
mdot_h2: 12.04 g/s
Reynolds_number: 11,135,029
Stack prop output power: 483 kW, Pcomp: 24.9 kW
Cell efficiency: 0.300, Output efficiency: 0.271
mdot_h2: 12.01 g/s
Reynolds_number: 11,135,029
Stack prop output power: 386 kW, Pcomp: 3.5 kW
Cell efficiency: 0.281, Output efficiency: 0.264
mdot_h2: 9.84 g/s
Reynolds_number: 11,135,029
Stack prop output power: 345 kW, Pcomp: 3.1 kW
Cell efficiency: 0.281, Output efficiency: 0.264
mdot_h2: 8.77 g/s
Reynolds_number: 6,709,346
Stack prop output power: 386 kW, Pcomp: 3.4 kW
Cell efficiency: 0.305, Output efficiency: 0.287
mdot_h2: 9.06 g/s
Reynolds_number: 6,709,346
Stack prop output power: 344 kW, Pcomp: 3.0 kW
Cell efficiency: 0.305, Output efficiency: 0.287
mdot_h2: 8.08 g/s
Reynolds_number: 11,135,029
Stack prop output power: 500 kW, Pcomp: 25.8 kW
Cell efficiency: 0.300, Output efficiency: 0.271
mdot_h2: 12.43 g/s
Reynolds_number: 11,135,029
Stack prop output power: 484 kW, Pcomp: 25.0 kW
Cell efficiency: 0.300, Output efficiency: 0.271
mdot_h2: 12.04 g/s
Reynolds_number: 11,135,029
Stack prop output power: 483 kW, Pcomp: 24.9 kW
Cell efficiency: 0.300, Output efficiency: 0.271
mdot_h2: 12.01 g/s
Fuel-cell system mass representative phase: cruise (P_fc_sys=966.480 kW).

-----------------------
ptotal_climb: 916 kW, mtom_est: 5,559 kg, mtom: 5,000 kg, residual: +558.77 kg

MTOM update: initial_bracket_probe_1, relax=1.000 -> mtom_next=5,250.00 kg

======================================================
======================= ITER 2 =======================
Reynolds_number: 11,135,029
Stack prop output power: 483 kW, Pcomp: 24.9 kW
Cell efficiency: 0.300, Output efficiency: 0.271
mdot_h2: 12.01 g/s
Reynolds_number: 11,135,029
Stack prop output power: 506 kW, Pcomp: 26.1 kW
Cell efficiency: 0.300, Output efficiency: 0.271
mdot_h2: 12.58 g/s
Reynolds_number: 11,135,029
Stack prop output power: 507 kW, Pcomp: 26.2 kW
Cell efficiency: 0.300, Output efficiency: 0.271
mdot_h2: 12.61 g/s
Reynolds_number: 11,135,029
Stack prop output power: 339 kW, Pcomp: 3.0 kW
Cell efficiency: 0.281, Output efficiency: 0.264
mdot_h2: 8.62 g/s
Reynolds_number: 11,135,029
Stack prop output power: 361 kW, Pcomp: 3.2 kW
Cell efficiency: 0.281, Output efficiency: 0.264
mdot_h2: 9.20 g/s
Reynolds_number: 6,709,346
Stack prop output power: 338 kW, Pcomp: 2.9 kW
Cell efficiency: 0.305, Output efficiency: 0.287
mdot_h2: 7.94 g/s
Reynolds_number: 6,709,346
Stack prop output power: 361 kW, Pcomp: 3.1 kW
Cell efficiency: 0.305, Output efficiency: 0.287
mdot_h2: 8.47 g/s
Reynolds_number: 11,135,029
Stack prop output power: 483 kW, Pcomp: 24.9 kW
Cell efficiency: 0.300, Output efficiency: 0.271
mdot_h2: 12.01 g/s
Reynolds_number: 11,135,029
Stack prop output power: 506 kW, Pcomp: 26.1 kW
Cell efficiency: 0.300, Output efficiency: 0.271
mdot_h2: 12.58 g/s
Reynolds_number: 11,135,029
Stack prop output power: 507 kW, Pcomp: 26.2 kW
Cell efficiency: 0.300, Output efficiency: 0.271
mdot_h2: 12.61 g/s
Fuel-cell system mass representative phase: cruise (P_fc_sys=1014.793 kW).

-----------------------
ptotal_climb: 962 kW, mtom_est: 5,714 kg, mtom: 5,250 kg, residual: +464.22 kg

MTOM update: fixed_point_prebracket, relax=1.000 -> mtom_next=5,621.38 kg

======================================================
======================= ITER 3 =======================
Reynolds_number: 11,135,029
Stack prop output power: 507 kW, Pcomp: 26.2 kW
Cell efficiency: 0.300, Output efficiency: 0.271
mdot_h2: 12.61 g/s
Reynolds_number: 11,135,029
Stack prop output power: 541 kW, Pcomp: 27.9 kW
Cell efficiency: 0.300, Output efficiency: 0.271
mdot_h2: 13.46 g/s
Reynolds_number: 11,135,029
Stack prop output power: 543 kW, Pcomp: 28.0 kW
Cell efficiency: 0.300, Output efficiency: 0.271
mdot_h2: 13.50 g/s
Reynolds_number: 11,135,029
Stack prop output power: 353 kW, Pcomp: 3.2 kW
Cell efficiency: 0.281, Output efficiency: 0.264
mdot_h2: 8.99 g/s
Reynolds_number: 11,135,029
Stack prop output power: 387 kW, Pcomp: 3.5 kW
Cell efficiency: 0.281, Output efficiency: 0.264
mdot_h2: 9.84 g/s
Reynolds_number: 6,709,346
Stack prop output power: 353 kW, Pcomp: 3.1 kW
Cell efficiency: 0.305, Output efficiency: 0.287
mdot_h2: 8.27 g/s
Reynolds_number: 6,709,346
Stack prop output power: 387 kW, Pcomp: 3.4 kW
Cell efficiency: 0.305, Output efficiency: 0.287
mdot_h2: 9.06 g/s
Reynolds_number: 11,135,029
Stack prop output power: 507 kW, Pcomp: 26.2 kW
Cell efficiency: 0.300, Output efficiency: 0.271
mdot_h2: 12.61 g/s
Reynolds_number: 11,135,029
Stack prop output power: 541 kW, Pcomp: 27.9 kW
Cell efficiency: 0.300, Output efficiency: 0.271
mdot_h2: 13.46 g/s
Reynolds_number: 11,135,029
Stack prop output power: 543 kW, Pcomp: 28.0 kW
Cell efficiency: 0.300, Output efficiency: 0.271
mdot_h2: 13.50 g/s
Fuel-cell system mass representative phase: cruise (P_fc_sys=1086.575 kW).

-----------------------
ptotal_climb: 1,030 kW, mtom_est: 5,948 kg, mtom: 5,621 kg, residual: +326.43 kg

MTOM update: fixed_point_prebracket, relax=1.000 -> mtom_next=5,882.52 kg

======================================================
======================= ITER 4 =======================
Reynolds_number: 11,135,029
Stack prop output power: 543 kW, Pcomp: 28.0 kW
Cell efficiency: 0.300, Output efficiency: 0.271
mdot_h2: 13.51 g/s
Reynolds_number: 11,135,029
Stack prop output power: 567 kW, Pcomp: 29.3 kW
Cell efficiency: 0.300, Output efficiency: 0.271
mdot_h2: 14.10 g/s
Reynolds_number: 11,135,029
Stack prop output power: 568 kW, Pcomp: 29.3 kW
Cell efficiency: 0.300, Output efficiency: 0.271
mdot_h2: 14.13 g/s
Reynolds_number: 11,135,029
Stack prop output power: 381 kW, Pcomp: 3.4 kW
Cell efficiency: 0.281, Output efficiency: 0.264
mdot_h2: 9.70 g/s
Reynolds_number: 11,135,029
Stack prop output power: 405 kW, Pcomp: 3.6 kW
Cell efficiency: 0.281, Output efficiency: 0.264
mdot_h2: 10.31 g/s
Reynolds_number: 6,709,346
Stack prop output power: 381 kW, Pcomp: 3.3 kW
Cell efficiency: 0.305, Output efficiency: 0.287
mdot_h2: 8.93 g/s
Reynolds_number: 6,709,346
Stack prop output power: 405 kW, Pcomp: 3.5 kW
Cell efficiency: 0.305, Output efficiency: 0.287
mdot_h2: 9.49 g/s
Reynolds_number: 11,135,029
Stack prop output power: 543 kW, Pcomp: 28.0 kW
Cell efficiency: 0.300, Output efficiency: 0.271
mdot_h2: 13.51 g/s
Reynolds_number: 11,135,029
Stack prop output power: 567 kW, Pcomp: 29.3 kW
Cell efficiency: 0.300, Output efficiency: 0.271
mdot_h2: 14.10 g/s
Reynolds_number: 11,135,029
Stack prop output power: 568 kW, Pcomp: 29.3 kW
Cell efficiency: 0.300, Output efficiency: 0.271
mdot_h2: 14.13 g/s
Fuel-cell system mass representative phase: cruise (P_fc_sys=1137.056 kW).

-----------------------
ptotal_climb: 1,077 kW, mtom_est: 6,113 kg, mtom: 5,883 kg, residual: +230.21 kg

MTOM update: fixed_point_prebracket, relax=1.000 -> mtom_next=6,066.69 kg

======================================================
======================= ITER 5 =======================
Reynolds_number: 11,135,029
Stack prop output power: 569 kW, Pcomp: 29.3 kW
Cell efficiency: 0.300, Output efficiency: 0.271
mdot_h2: 14.13 g/s
Reynolds_number: 11,135,029
Stack prop output power: 585 kW, Pcomp: 30.2 kW
Cell efficiency: 0.300, Output efficiency: 0.271
mdot_h2: 14.55 g/s
Reynolds_number: 11,135,029
Stack prop output power: 586 kW, Pcomp: 30.2 kW
Cell efficiency: 0.300, Output efficiency: 0.271
mdot_h2: 14.58 g/s
Reynolds_number: 11,135,029
Stack prop output power: 401 kW, Pcomp: 3.6 kW
Cell efficiency: 0.281, Output efficiency: 0.264
mdot_h2: 10.20 g/s
Reynolds_number: 11,135,029
Stack prop output power: 417 kW, Pcomp: 3.8 kW
Cell efficiency: 0.281, Output efficiency: 0.264
mdot_h2: 10.63 g/s
Reynolds_number: 6,709,346
Stack prop output power: 401 kW, Pcomp: 3.5 kW
Cell efficiency: 0.305, Output efficiency: 0.287
mdot_h2: 9.39 g/s
Reynolds_number: 6,709,346
Stack prop output power: 417 kW, Pcomp: 3.6 kW
Cell efficiency: 0.305, Output efficiency: 0.287
mdot_h2: 9.79 g/s
Reynolds_number: 11,135,029
Stack prop output power: 569 kW, Pcomp: 29.3 kW
Cell efficiency: 0.300, Output efficiency: 0.271
mdot_h2: 14.13 g/s
Reynolds_number: 11,135,029
Stack prop output power: 585 kW, Pcomp: 30.2 kW
Cell efficiency: 0.300, Output efficiency: 0.271
mdot_h2: 14.55 g/s
Reynolds_number: 11,135,029
Stack prop output power: 586 kW, Pcomp: 30.2 kW
Cell efficiency: 0.300, Output efficiency: 0.271
mdot_h2: 14.58 g/s
Fuel-cell system mass representative phase: cruise (P_fc_sys=1172.657 kW).

-----------------------
ptotal_climb: 1,111 kW, mtom_est: 6,229 kg, mtom: 6,067 kg, residual: +162.25 kg

MTOM update: newton_prebracket, relax=1.000 -> mtom_next=6,506.38 kg

======================================================
======================= ITER 6 =======================
Reynolds_number: 11,135,029
Stack prop output power: 586 kW, Pcomp: 30.2 kW
Cell efficiency: 0.300, Output efficiency: 0.271
mdot_h2: 14.58 g/s
Reynolds_number: 11,135,029
Stack prop output power: 627 kW, Pcomp: 32.3 kW
Cell efficiency: 0.300, Output efficiency: 0.271
mdot_h2: 15.58 g/s
Reynolds_number: 11,135,029
Stack prop output power: 629 kW, Pcomp: 32.4 kW
Cell efficiency: 0.300, Output efficiency: 0.271
mdot_h2: 15.63 g/s
Reynolds_number: 11,135,029
Stack prop output power: 408 kW, Pcomp: 3.7 kW
Cell efficiency: 0.281, Output efficiency: 0.264
mdot_h2: 10.38 g/s
Reynolds_number: 11,135,029
Stack prop output power: 448 kW, Pcomp: 4.0 kW
Cell efficiency: 0.281, Output efficiency: 0.264
mdot_h2: 11.39 g/s
Reynolds_number: 6,709,346
Stack prop output power: 408 kW, Pcomp: 3.5 kW
Cell efficiency: 0.305, Output efficiency: 0.287
mdot_h2: 9.56 g/s
Reynolds_number: 6,709,346
Stack prop output power: 447 kW, Pcomp: 3.9 kW
Cell efficiency: 0.305, Output efficiency: 0.287
mdot_h2: 10.49 g/s
Reynolds_number: 11,135,029
Stack prop output power: 586 kW, Pcomp: 30.2 kW
Cell efficiency: 0.300, Output efficiency: 0.271
mdot_h2: 14.58 g/s
Reynolds_number: 11,135,029
Stack prop output power: 627 kW, Pcomp: 32.3 kW
Cell efficiency: 0.300, Output efficiency: 0.271
mdot_h2: 15.58 g/s
Reynolds_number: 11,135,029
Stack prop output power: 629 kW, Pcomp: 32.4 kW
Cell efficiency: 0.300, Output efficiency: 0.271
mdot_h2: 15.63 g/s
Fuel-cell system mass representative phase: cruise (P_fc_sys=1257.640 kW).

-----------------------
ptotal_climb: 1,192 kW, mtom_est: 6,506 kg, mtom: 6,506 kg, residual: +0.02 kg


CONVERGED

CONVERGED STATE [MTOM iteration 6]
  MTOM=6,506 kg | Wing loading=239.63 kg/m^2 | P/W(climb)=183.16 W/kg
  Phase power: climb=1,191.7 kW | cruise=1,257.6 kW | takeoff=1,191.4 kW | cruise+charger=1,257.6 kW
  Power split (climb): FC=887.7 kW | Battery=295.9 kW | Compressor=8.0 kW | Cooling=383.3 kW | H2=22.789 g/s
  Compressor max across phases: 64.8 kW (cruise)
  FC representative phase (mass sizing): cruise (1,257.6 kW)
  Mass summary: MTOM=6,506 kg | Powertrain=2,030 kg | Tank=561.4 kg | Fuel=249.5 kg | Battery=189.1 kg | Nacelle power density=0.71 kW/kg
  Geometry: Main wing area=27.15 m^2 | Horizontal tail area=4.734 m^2 | Horizontal tail location=10.385 m | Vertical tail area=4.868 m^2 | Vertical tail location=9.864 m
  Config: wing loading input=239.63 kg/m^2 | P/W TO/Cl/Cr=0.13329/0.13329/0.13329 kW/kg

=============================================================
========================= CONVERGED =========================
=============================================================
Constraint sizing: ENABLED (min_combined_pw)
Input W/S: 239.63 kg/m^2 (2,350.0 Pa)
Input P/W [kW/kg]: takeoff 0.13329, climb 0.13329, cruise 0.13329
-------------------------------------------------------------

Mission Time
Climb time: 8.20 min (0.14 h)
Cruise time: 124.50 min (2.08 h)
Total flight time: 154.71 min (2.58 h)

Phase Power Breakdown
Phase      Time[min]     Total[kW]    FC Stack[kW]   Battery[kW]   Compressor[kW]   Cooling[kW]
-----------------------------------------------------------------------------------------------
ready           0.00          59.6            59.6           0.0              0.0           0.0
taxi            5.00         119.2           119.2           0.0              0.0           0.0
takeoff         1.00       1,191.4           887.7         295.9              7.8         342.0
climb           8.20       1,191.7           887.7         295.9              8.0         383.3
cruise        124.50       1,257.6         1,192.8           0.0             64.8         512.7
loiter         15.00         125.8           119.3           0.0              6.5          51.3
landing         1.00           0.0             0.0           0.0              0.0           0.0

Pcomp_max (solved phases): 64.8 kW (cruise)
Pnet (climb): 1,076 kW
Pelectricnet (climb): 1,184 kW
eta_pt: 0.9031

Geometry
S_wing: 27.15 m^2
b_wing: 15.63 m
Lfus: 12.45 m
Ltank: 5.00 m
S_HT: 4.73 m^2
S_VT: 4.87 m^2
b_HT: 4.62 m
b_VT: 3.04 m
X_HT_act: 10.39 m
X_VT_act: 9.86 m

One Nacelle (1/2)
Stack(1/2): 357 kg, Compressor: 92 kg, Humidifier: 120 kg, HX: 316 kg
W_FCS_single_nacelle (W_Stack+W_Compressor+W_Humidifier+W_Hx): 885 kg
Representative FC phase: cruise
Specific Power of Nacelle System: 0.710 kW/kg
dim_hx: dX=1.275 m, dY=1.275 m, dZ=0.218 m
dim_stack: dX=0.365 m, dY=0.330 m, dZ=0.330 m

ALL Nacelles
W_FCS_total: 1,771 kg
W_PMAD: 102 kg
W_Motors: 157 kg

-----------------------
W_Powertrain (W_FCS_total+W_PMAD+W_Motors): 2,030 kg
-----------------------
W_wing: 452 kg
W_Htail: 34 kg
W_Vtail: 61 kg
W_fuselage: 399 kg
W_lnd_gear_main: 243 kg
W_lnd_gear_nose: 65 kg
W_flight_control: 366 kg
W_electric_system: 300 kg
W_iae: 93 kg
W_hydraulics: 78 kg
W_fur: 386 kg
-----------------------
OEM: 2,477 kg
-----------------------
W_tank: 561 kg
W_fuel: 249.5 kg
W_batt: 189.1 kg
-----------------------
W_payload: 1,000 kg
-----------------------
MTOM_grouped (OEM+W_tank+W_fuel+W_batt+W_Powertrain+W_payload): 6,506 kg
MTOM: 6,506 kg
-----------------------

Wing loading (MTOM/S_wing): 239.63 kg/m^2
Power-to-weight (converged): 183.16 W/kg

mdot_H2(cruise): 31.3 g/s
Vtankex: 10.7 m^3
========================== END ==============================


=============================================================
Execution time: 55.3 seconds
=============================================================
