ADRpy constraint sizing (min_combined_pw): W/S=2350.0 Pa (239.63 kg/m^2), P/W_TO=0.19930 kW/kg, P/W_climb=0.19930 kW/kg, P/W_cruise=0.19930 kW/kg
======================================================
======================= ITER 1 =======================
Reynolds_number: 14,266,755
Stack prop output power: 500 kW, Pcomp: 25.9 kW
Cell efficiency: 0.304, Output efficiency: 0.274
mdot_h2: 12.28 g/s
Reynolds_number: 14,266,755
Stack prop output power: 711 kW, Pcomp: 36.8 kW
Cell efficiency: 0.304, Output efficiency: 0.274
mdot_h2: 17.46 g/s
Reynolds_number: 14,266,755
Stack prop output power: 722 kW, Pcomp: 37.3 kW
Cell efficiency: 0.304, Output efficiency: 0.274
mdot_h2: 17.73 g/s
Reynolds_number: 14,266,755
Stack prop output power: 723 kW, Pcomp: 37.4 kW
Cell efficiency: 0.304, Output efficiency: 0.274
mdot_h2: 17.74 g/s
Reynolds_number: 14,266,755
Stack prop output power: 330 kW, Pcomp: 3.0 kW
Cell efficiency: 0.286, Output efficiency: 0.269
mdot_h2: 8.26 g/s
Reynolds_number: 14,266,755
Stack prop output power: 513 kW, Pcomp: 4.6 kW
Cell efficiency: 0.286, Output efficiency: 0.269
mdot_h2: 12.84 g/s
Reynolds_number: 14,266,755
Stack prop output power: 515 kW, Pcomp: 4.6 kW
Cell efficiency: 0.286, Output efficiency: 0.269
mdot_h2: 12.89 g/s
Reynolds_number: 6,709,346
Stack prop output power: 330 kW, Pcomp: 2.9 kW
Cell efficiency: 0.305, Output efficiency: 0.287
mdot_h2: 7.74 g/s
Reynolds_number: 6,709,346
Stack prop output power: 513 kW, Pcomp: 4.5 kW
Cell efficiency: 0.305, Output efficiency: 0.287
mdot_h2: 12.03 g/s
Reynolds_number: 6,709,346
Stack prop output power: 514 kW, Pcomp: 4.5 kW
Cell efficiency: 0.305, Output efficiency: 0.287
mdot_h2: 12.06 g/s
Reynolds_number: 14,266,755
Stack prop output power: 500 kW, Pcomp: 25.9 kW
Cell efficiency: 0.304, Output efficiency: 0.274
mdot_h2: 12.28 g/s
Reynolds_number: 14,266,755
Stack prop output power: 711 kW, Pcomp: 36.8 kW
Cell efficiency: 0.304, Output efficiency: 0.274
mdot_h2: 17.46 g/s
Reynolds_number: 14,266,755
Stack prop output power: 722 kW, Pcomp: 37.3 kW
Cell efficiency: 0.304, Output efficiency: 0.274
mdot_h2: 17.73 g/s
Reynolds_number: 14,266,755
Stack prop output power: 723 kW, Pcomp: 37.4 kW
Cell efficiency: 0.304, Output efficiency: 0.274
mdot_h2: 17.74 g/s
Fuel-cell system mass representative phase: cruise (P_fc_sys=1445.326 kW).

-----------------------
ptotal_climb: 1,369 kW, mtom_est: 6,231 kg, mtom: 5,000 kg, residual: +1,230.91 kg

MTOM update: initial_bracket_probe_1, relax=1.000 -> mtom_next=5,250.00 kg

======================================================
======================= ITER 2 =======================
Reynolds_number: 14,266,755
Stack prop output power: 723 kW, Pcomp: 37.4 kW
Cell efficiency: 0.304, Output efficiency: 0.274
mdot_h2: 17.74 g/s
Reynolds_number: 14,266,755
Stack prop output power: 757 kW, Pcomp: 39.1 kW
Cell efficiency: 0.304, Output efficiency: 0.274
mdot_h2: 18.58 g/s
Reynolds_number: 14,266,755
Stack prop output power: 759 kW, Pcomp: 39.2 kW
Cell efficiency: 0.304, Output efficiency: 0.274
mdot_h2: 18.63 g/s
Reynolds_number: 14,266,755
Stack prop output power: 506 kW, Pcomp: 4.5 kW
Cell efficiency: 0.286, Output efficiency: 0.269
mdot_h2: 12.67 g/s
Reynolds_number: 14,266,755
Stack prop output power: 540 kW, Pcomp: 4.8 kW
Cell efficiency: 0.286, Output efficiency: 0.269
mdot_h2: 13.52 g/s
Reynolds_number: 6,709,346
Stack prop output power: 506 kW, Pcomp: 4.4 kW
Cell efficiency: 0.305, Output efficiency: 0.287
mdot_h2: 11.87 g/s
Reynolds_number: 6,709,346
Stack prop output power: 540 kW, Pcomp: 4.7 kW
Cell efficiency: 0.305, Output efficiency: 0.287
mdot_h2: 12.66 g/s
Reynolds_number: 14,266,755
Stack prop output power: 723 kW, Pcomp: 37.4 kW
Cell efficiency: 0.304, Output efficiency: 0.274
mdot_h2: 17.74 g/s
Reynolds_number: 14,266,755
Stack prop output power: 757 kW, Pcomp: 39.1 kW
Cell efficiency: 0.304, Output efficiency: 0.274
mdot_h2: 18.58 g/s
Reynolds_number: 14,266,755
Stack prop output power: 759 kW, Pcomp: 39.2 kW
Cell efficiency: 0.304, Output efficiency: 0.274
mdot_h2: 18.63 g/s
Fuel-cell system mass representative phase: cruise (P_fc_sys=1517.586 kW).

-----------------------
ptotal_climb: 1,438 kW, mtom_est: 6,452 kg, mtom: 5,250 kg, residual: +1,202.00 kg

MTOM update: fixed_point_prebracket, relax=1.000 -> mtom_next=6,037.50 kg

======================================================
======================= ITER 3 =======================
Reynolds_number: 14,266,755
Stack prop output power: 759 kW, Pcomp: 39.2 kW
Cell efficiency: 0.304, Output efficiency: 0.274
mdot_h2: 18.63 g/s
Reynolds_number: 14,266,755
Stack prop output power: 867 kW, Pcomp: 44.8 kW
Cell efficiency: 0.304, Output efficiency: 0.274
mdot_h2: 21.28 g/s
Reynolds_number: 14,266,755
Stack prop output power: 872 kW, Pcomp: 45.1 kW
Cell efficiency: 0.304, Output efficiency: 0.274
mdot_h2: 21.42 g/s
Reynolds_number: 14,266,755
Stack prop output power: 514 kW, Pcomp: 4.6 kW
Cell efficiency: 0.286, Output efficiency: 0.269
mdot_h2: 12.86 g/s
Reynolds_number: 14,266,755
Stack prop output power: 620 kW, Pcomp: 5.6 kW
Cell efficiency: 0.286, Output efficiency: 0.269
mdot_h2: 15.54 g/s
Reynolds_number: 14,266,755
Stack prop output power: 621 kW, Pcomp: 5.6 kW
Cell efficiency: 0.286, Output efficiency: 0.269
mdot_h2: 15.56 g/s
Reynolds_number: 6,709,346
Stack prop output power: 513 kW, Pcomp: 4.5 kW
Cell efficiency: 0.305, Output efficiency: 0.287
mdot_h2: 12.04 g/s
Reynolds_number: 6,709,346
Stack prop output power: 620 kW, Pcomp: 5.4 kW
Cell efficiency: 0.305, Output efficiency: 0.287
mdot_h2: 14.55 g/s
Reynolds_number: 6,709,346
Stack prop output power: 621 kW, Pcomp: 5.4 kW
Cell efficiency: 0.305, Output efficiency: 0.287
mdot_h2: 14.57 g/s
Reynolds_number: 14,266,755
Stack prop output power: 759 kW, Pcomp: 39.2 kW
Cell efficiency: 0.304, Output efficiency: 0.274
mdot_h2: 18.63 g/s
Reynolds_number: 14,266,755
Stack prop output power: 867 kW, Pcomp: 44.8 kW
Cell efficiency: 0.304, Output efficiency: 0.274
mdot_h2: 21.28 g/s
Reynolds_number: 14,266,755
Stack prop output power: 872 kW, Pcomp: 45.1 kW
Cell efficiency: 0.304, Output efficiency: 0.274
mdot_h2: 21.42 g/s
Fuel-cell system mass representative phase: cruise (P_fc_sys=1745.203 kW).

-----------------------
ptotal_climb: 1,653 kW, mtom_est: 7,153 kg, mtom: 6,038 kg, residual: +1,115.38 kg

MTOM update: fixed_point_prebracket, relax=1.000 -> mtom_next=6,929.80 kg

======================================================
======================= ITER 4 =======================
Reynolds_number: 14,266,755
Stack prop output power: 873 kW, Pcomp: 45.1 kW
Cell efficiency: 0.304, Output efficiency: 0.274
mdot_h2: 21.42 g/s
Reynolds_number: 14,266,755
Stack prop output power: 995 kW, Pcomp: 51.5 kW
Cell efficiency: 0.304, Output efficiency: 0.274
mdot_h2: 24.43 g/s
Reynolds_number: 14,266,755
Stack prop output power: 1,001 kW, Pcomp: 51.8 kW
Cell efficiency: 0.304, Output efficiency: 0.274
mdot_h2: 24.58 g/s
Reynolds_number: 14,266,755
Stack prop output power: 591 kW, Pcomp: 5.3 kW
Cell efficiency: 0.286, Output efficiency: 0.269
mdot_h2: 14.80 g/s
Reynolds_number: 14,266,755
Stack prop output power: 712 kW, Pcomp: 6.4 kW
Cell efficiency: 0.286, Output efficiency: 0.269
mdot_h2: 17.83 g/s
Reynolds_number: 14,266,755
Stack prop output power: 713 kW, Pcomp: 6.4 kW
Cell efficiency: 0.286, Output efficiency: 0.269
mdot_h2: 17.86 g/s
Reynolds_number: 6,709,346
Stack prop output power: 591 kW, Pcomp: 5.1 kW
Cell efficiency: 0.305, Output efficiency: 0.287
mdot_h2: 13.86 g/s
Reynolds_number: 6,709,346
Stack prop output power: 712 kW, Pcomp: 6.2 kW
Cell efficiency: 0.305, Output efficiency: 0.287
mdot_h2: 16.70 g/s
Reynolds_number: 6,709,346
Stack prop output power: 713 kW, Pcomp: 6.2 kW
Cell efficiency: 0.305, Output efficiency: 0.287
mdot_h2: 16.72 g/s
Reynolds_number: 14,266,755
Stack prop output power: 873 kW, Pcomp: 45.1 kW
Cell efficiency: 0.304, Output efficiency: 0.274
mdot_h2: 21.42 g/s
Reynolds_number: 14,266,755
Stack prop output power: 995 kW, Pcomp: 51.5 kW
Cell efficiency: 0.304, Output efficiency: 0.274
mdot_h2: 24.43 g/s
Reynolds_number: 14,266,755
Stack prop output power: 1,001 kW, Pcomp: 51.8 kW
Cell efficiency: 0.304, Output efficiency: 0.274
mdot_h2: 24.58 g/s
Fuel-cell system mass representative phase: cruise (P_fc_sys=2003.133 kW).

-----------------------
ptotal_climb: 1,898 kW, mtom_est: 7,949 kg, mtom: 6,930 kg, residual: +1,019.65 kg

MTOM update: fixed_point_prebracket, relax=1.000 -> mtom_next=7,745.52 kg

======================================================
======================= ITER 5 =======================
Reynolds_number: 14,266,755
Stack prop output power: 1,002 kW, Pcomp: 51.8 kW
Cell efficiency: 0.304, Output efficiency: 0.274
mdot_h2: 24.59 g/s
Reynolds_number: 14,266,755
Stack prop output power: 1,113 kW, Pcomp: 57.6 kW
Cell efficiency: 0.304, Output efficiency: 0.274
mdot_h2: 27.33 g/s
Reynolds_number: 14,266,755
Stack prop output power: 1,119 kW, Pcomp: 57.9 kW
Cell efficiency: 0.304, Output efficiency: 0.274
mdot_h2: 27.48 g/s
Reynolds_number: 14,266,755
Stack prop output power: 686 kW, Pcomp: 6.2 kW
Cell efficiency: 0.286, Output efficiency: 0.269
mdot_h2: 17.16 g/s
Reynolds_number: 14,266,755
Stack prop output power: 796 kW, Pcomp: 7.1 kW
Cell efficiency: 0.286, Output efficiency: 0.269
mdot_h2: 19.94 g/s
Reynolds_number: 14,266,755
Stack prop output power: 797 kW, Pcomp: 7.2 kW
Cell efficiency: 0.286, Output efficiency: 0.269
mdot_h2: 19.96 g/s
Reynolds_number: 6,709,346
Stack prop output power: 685 kW, Pcomp: 6.0 kW
Cell efficiency: 0.305, Output efficiency: 0.287
mdot_h2: 16.07 g/s
Reynolds_number: 6,709,346
Stack prop output power: 796 kW, Pcomp: 6.9 kW
Cell efficiency: 0.305, Output efficiency: 0.287
mdot_h2: 18.67 g/s
Reynolds_number: 6,709,346
Stack prop output power: 797 kW, Pcomp: 6.9 kW
Cell efficiency: 0.305, Output efficiency: 0.287
mdot_h2: 18.69 g/s
Reynolds_number: 14,266,755
Stack prop output power: 1,002 kW, Pcomp: 51.8 kW
Cell efficiency: 0.304, Output efficiency: 0.274
mdot_h2: 24.59 g/s
Reynolds_number: 14,266,755
Stack prop output power: 1,113 kW, Pcomp: 57.6 kW
Cell efficiency: 0.304, Output efficiency: 0.274
mdot_h2: 27.33 g/s
Reynolds_number: 14,266,755
Stack prop output power: 1,119 kW, Pcomp: 57.9 kW
Cell efficiency: 0.304, Output efficiency: 0.274
mdot_h2: 27.48 g/s
Fuel-cell system mass representative phase: cruise (P_fc_sys=2238.932 kW).

-----------------------
ptotal_climb: 2,121 kW, mtom_est: 8,681 kg, mtom: 7,746 kg, residual: +935.83 kg

MTOM update: newton_prebracket, relax=1.000 -> mtom_next=8,907.35 kg

======================================================
======================= ITER 6 =======================
Reynolds_number: 14,266,755
Stack prop output power: 1,119 kW, Pcomp: 57.9 kW
Cell efficiency: 0.304, Output efficiency: 0.274
mdot_h2: 27.48 g/s
Reynolds_number: 14,266,755
Stack prop output power: 1,279 kW, Pcomp: 66.1 kW
Cell efficiency: 0.304, Output efficiency: 0.274
mdot_h2: 31.39 g/s
Reynolds_number: 14,266,755
Stack prop output power: 1,287 kW, Pcomp: 66.6 kW
Cell efficiency: 0.304, Output efficiency: 0.274
mdot_h2: 31.60 g/s
Reynolds_number: 14,266,755
Stack prop output power: 758 kW, Pcomp: 6.8 kW
Cell efficiency: 0.286, Output efficiency: 0.269
mdot_h2: 18.97 g/s
Reynolds_number: 14,266,755
Stack prop output power: 915 kW, Pcomp: 8.2 kW
Cell efficiency: 0.286, Output efficiency: 0.269
mdot_h2: 22.92 g/s
Reynolds_number: 14,266,755
Stack prop output power: 917 kW, Pcomp: 8.2 kW
Cell efficiency: 0.286, Output efficiency: 0.269
mdot_h2: 22.96 g/s
Reynolds_number: 6,709,346
Stack prop output power: 758 kW, Pcomp: 6.6 kW
Cell efficiency: 0.305, Output efficiency: 0.287
mdot_h2: 17.76 g/s
Reynolds_number: 6,709,346
Stack prop output power: 915 kW, Pcomp: 8.0 kW
Cell efficiency: 0.305, Output efficiency: 0.287
mdot_h2: 21.46 g/s
Reynolds_number: 6,709,346
Stack prop output power: 917 kW, Pcomp: 8.0 kW
Cell efficiency: 0.305, Output efficiency: 0.287
mdot_h2: 21.49 g/s
Reynolds_number: 14,266,755
Stack prop output power: 1,119 kW, Pcomp: 57.9 kW
Cell efficiency: 0.304, Output efficiency: 0.274
mdot_h2: 27.48 g/s
Reynolds_number: 14,266,755
Stack prop output power: 1,279 kW, Pcomp: 66.1 kW
Cell efficiency: 0.304, Output efficiency: 0.274
mdot_h2: 31.39 g/s
Reynolds_number: 14,266,755
Stack prop output power: 1,287 kW, Pcomp: 66.6 kW
Cell efficiency: 0.304, Output efficiency: 0.274
mdot_h2: 31.60 g/s
Fuel-cell system mass representative phase: cruise (P_fc_sys=2574.763 kW).

-----------------------
ptotal_climb: 2,439 kW, mtom_est: 9,731 kg, mtom: 8,907 kg, residual: +823.36 kg

MTOM update: newton_prebracket, relax=1.000 -> mtom_next=10,243.45 kg

======================================================
======================= ITER 7 =======================
Reynolds_number: 14,266,755
Stack prop output power: 1,287 kW, Pcomp: 66.6 kW
Cell efficiency: 0.304, Output efficiency: 0.274
mdot_h2: 31.61 g/s
Reynolds_number: 14,266,755
Stack prop output power: 1,471 kW, Pcomp: 76.0 kW
Cell efficiency: 0.304, Output efficiency: 0.274
mdot_h2: 36.10 g/s
Reynolds_number: 14,266,755
Stack prop output power: 1,480 kW, Pcomp: 76.5 kW
Cell efficiency: 0.304, Output efficiency: 0.274
mdot_h2: 36.34 g/s
Reynolds_number: 14,266,755
Stack prop output power: 871 kW, Pcomp: 7.8 kW
Cell efficiency: 0.286, Output efficiency: 0.269
mdot_h2: 21.82 g/s
Reynolds_number: 14,266,755
Stack prop output power: 1,053 kW, Pcomp: 9.4 kW
Cell efficiency: 0.286, Output efficiency: 0.269
mdot_h2: 26.36 g/s
Reynolds_number: 14,266,755
Stack prop output power: 1,054 kW, Pcomp: 9.5 kW
Cell efficiency: 0.286, Output efficiency: 0.269
mdot_h2: 26.40 g/s
Reynolds_number: 6,709,346
Stack prop output power: 871 kW, Pcomp: 7.6 kW
Cell efficiency: 0.305, Output efficiency: 0.287
mdot_h2: 20.43 g/s
Reynolds_number: 6,709,346
Stack prop output power: 1,052 kW, Pcomp: 9.2 kW
Cell efficiency: 0.305, Output efficiency: 0.287
mdot_h2: 24.68 g/s
Reynolds_number: 6,709,346
Stack prop output power: 1,054 kW, Pcomp: 9.2 kW
Cell efficiency: 0.305, Output efficiency: 0.287
mdot_h2: 24.72 g/s
Reynolds_number: 14,266,755
Stack prop output power: 1,287 kW, Pcomp: 66.6 kW
Cell efficiency: 0.304, Output efficiency: 0.274
mdot_h2: 31.61 g/s
Reynolds_number: 14,266,755
Stack prop output power: 1,471 kW, Pcomp: 76.0 kW
Cell efficiency: 0.304, Output efficiency: 0.274
mdot_h2: 36.10 g/s
Reynolds_number: 14,266,755
Stack prop output power: 1,480 kW, Pcomp: 76.5 kW
Cell efficiency: 0.304, Output efficiency: 0.274
mdot_h2: 36.34 g/s
Fuel-cell system mass representative phase: cruise (P_fc_sys=2960.977 kW).

-----------------------
ptotal_climb: 2,805 kW, mtom_est: 10,932 kg, mtom: 10,243 kg, residual: +688.86 kg

MTOM update: newton_prebracket, relax=1.000 -> mtom_next=11,779.96 kg

======================================================
======================= ITER 8 =======================
Reynolds_number: 14,266,755
Stack prop output power: 1,480 kW, Pcomp: 76.6 kW
Cell efficiency: 0.304, Output efficiency: 0.274
mdot_h2: 36.35 g/s
Reynolds_number: 14,266,755
Stack prop output power: 1,691 kW, Pcomp: 87.5 kW
Cell efficiency: 0.304, Output efficiency: 0.274
mdot_h2: 41.52 g/s
Reynolds_number: 14,266,755
Stack prop output power: 1,702 kW, Pcomp: 88.0 kW
Cell efficiency: 0.304, Output efficiency: 0.274
mdot_h2: 41.79 g/s
Reynolds_number: 14,266,755
Stack prop output power: 1,703 kW, Pcomp: 88.0 kW
Cell efficiency: 0.304, Output efficiency: 0.274
mdot_h2: 41.80 g/s
Reynolds_number: 14,266,755
Stack prop output power: 1,002 kW, Pcomp: 9.0 kW
Cell efficiency: 0.286, Output efficiency: 0.269
mdot_h2: 25.09 g/s
Reynolds_number: 14,266,755
Stack prop output power: 1,211 kW, Pcomp: 10.9 kW
Cell efficiency: 0.286, Output efficiency: 0.269
mdot_h2: 30.31 g/s
Reynolds_number: 14,266,755
Stack prop output power: 1,212 kW, Pcomp: 10.9 kW
Cell efficiency: 0.286, Output efficiency: 0.269
mdot_h2: 30.36 g/s
Reynolds_number: 6,709,346
Stack prop output power: 1,002 kW, Pcomp: 8.7 kW
Cell efficiency: 0.305, Output efficiency: 0.287
mdot_h2: 23.49 g/s
Reynolds_number: 6,709,346
Stack prop output power: 1,210 kW, Pcomp: 10.5 kW
Cell efficiency: 0.305, Output efficiency: 0.287
mdot_h2: 28.38 g/s
Reynolds_number: 6,709,346
Stack prop output power: 1,212 kW, Pcomp: 10.6 kW
Cell efficiency: 0.305, Output efficiency: 0.287
mdot_h2: 28.42 g/s
Reynolds_number: 14,266,755
Stack prop output power: 1,480 kW, Pcomp: 76.6 kW
Cell efficiency: 0.304, Output efficiency: 0.274
mdot_h2: 36.35 g/s
Reynolds_number: 14,266,755
Stack prop output power: 1,691 kW, Pcomp: 87.5 kW
Cell efficiency: 0.304, Output efficiency: 0.274
mdot_h2: 41.52 g/s
Reynolds_number: 14,266,755
Stack prop output power: 1,702 kW, Pcomp: 88.0 kW
Cell efficiency: 0.304, Output efficiency: 0.274
mdot_h2: 41.79 g/s
Reynolds_number: 14,266,755
Stack prop output power: 1,703 kW, Pcomp: 88.0 kW
Cell efficiency: 0.304, Output efficiency: 0.274
mdot_h2: 41.80 g/s
Fuel-cell system mass representative phase: cruise (P_fc_sys=3405.182 kW).

-----------------------
ptotal_climb: 3,226 kW, mtom_est: 12,328 kg, mtom: 11,780 kg, residual: +548.49 kg

MTOM update: newton_prebracket, relax=1.000 -> mtom_next=13,546.96 kg

======================================================
======================= ITER 9 =======================
Reynolds_number: 14,266,755
Stack prop output power: 1,703 kW, Pcomp: 88.0 kW
Cell efficiency: 0.304, Output efficiency: 0.274
mdot_h2: 41.80 g/s
Reynolds_number: 14,266,755
Stack prop output power: 1,945 kW, Pcomp: 100.6 kW
Cell efficiency: 0.304, Output efficiency: 0.274
mdot_h2: 47.75 g/s
Reynolds_number: 14,266,755
Stack prop output power: 1,957 kW, Pcomp: 101.2 kW
Cell efficiency: 0.304, Output efficiency: 0.274
mdot_h2: 48.05 g/s
Reynolds_number: 14,266,755
Stack prop output power: 1,958 kW, Pcomp: 101.3 kW
Cell efficiency: 0.304, Output efficiency: 0.274
mdot_h2: 48.07 g/s
Reynolds_number: 14,266,755
Stack prop output power: 1,152 kW, Pcomp: 10.3 kW
Cell efficiency: 0.286, Output efficiency: 0.269
mdot_h2: 28.85 g/s
Reynolds_number: 14,266,755
Stack prop output power: 1,392 kW, Pcomp: 12.5 kW
Cell efficiency: 0.286, Output efficiency: 0.269
mdot_h2: 34.86 g/s
Reynolds_number: 14,266,755
Stack prop output power: 1,394 kW, Pcomp: 12.5 kW
Cell efficiency: 0.286, Output efficiency: 0.269
mdot_h2: 34.91 g/s
Reynolds_number: 6,709,346
Stack prop output power: 1,152 kW, Pcomp: 10.0 kW
Cell efficiency: 0.305, Output efficiency: 0.287
mdot_h2: 27.02 g/s
Reynolds_number: 6,709,346
Stack prop output power: 1,392 kW, Pcomp: 12.1 kW
Cell efficiency: 0.305, Output efficiency: 0.287
mdot_h2: 32.64 g/s
Reynolds_number: 6,709,346
Stack prop output power: 1,394 kW, Pcomp: 12.1 kW
Cell efficiency: 0.305, Output efficiency: 0.287
mdot_h2: 32.69 g/s
Reynolds_number: 14,266,755
Stack prop output power: 1,703 kW, Pcomp: 88.0 kW
Cell efficiency: 0.304, Output efficiency: 0.274
mdot_h2: 41.80 g/s
Reynolds_number: 14,266,755
Stack prop output power: 1,945 kW, Pcomp: 100.6 kW
Cell efficiency: 0.304, Output efficiency: 0.274
mdot_h2: 47.75 g/s
Reynolds_number: 14,266,755
Stack prop output power: 1,957 kW, Pcomp: 101.2 kW
Cell efficiency: 0.304, Output efficiency: 0.274
mdot_h2: 48.05 g/s
Reynolds_number: 14,266,755
Stack prop output power: 1,958 kW, Pcomp: 101.3 kW
Cell efficiency: 0.304, Output efficiency: 0.274
mdot_h2: 48.07 g/s
Fuel-cell system mass representative phase: cruise (P_fc_sys=3915.959 kW).

-----------------------
ptotal_climb: 3,710 kW, mtom_est: 13,939 kg, mtom: 13,547 kg, residual: +391.88 kg

MTOM update: newton_prebracket, relax=1.000 -> mtom_next=15,579.00 kg

======================================================
======================= ITER 10 =======================
Reynolds_number: 14,266,755
Stack prop output power: 1,958 kW, Pcomp: 101.3 kW
Cell efficiency: 0.304, Output efficiency: 0.274
mdot_h2: 48.07 g/s
Reynolds_number: 14,266,755
Stack prop output power: 2,236 kW, Pcomp: 115.7 kW
Cell efficiency: 0.304, Output efficiency: 0.274
mdot_h2: 54.91 g/s
Reynolds_number: 14,266,755
Stack prop output power: 2,251 kW, Pcomp: 116.4 kW
Cell efficiency: 0.304, Output efficiency: 0.274
mdot_h2: 55.26 g/s
Reynolds_number: 14,266,755
Stack prop output power: 2,252 kW, Pcomp: 116.4 kW
Cell efficiency: 0.304, Output efficiency: 0.274
mdot_h2: 55.28 g/s
Reynolds_number: 14,266,755
Stack prop output power: 1,325 kW, Pcomp: 11.9 kW
Cell efficiency: 0.286, Output efficiency: 0.269
mdot_h2: 33.18 g/s
Reynolds_number: 14,266,755
Stack prop output power: 1,601 kW, Pcomp: 14.4 kW
Cell efficiency: 0.286, Output efficiency: 0.269
mdot_h2: 40.09 g/s
Reynolds_number: 14,266,755
Stack prop output power: 1,604 kW, Pcomp: 14.4 kW
Cell efficiency: 0.286, Output efficiency: 0.269
mdot_h2: 40.15 g/s
Reynolds_number: 6,709,346
Stack prop output power: 1,325 kW, Pcomp: 11.5 kW
Cell efficiency: 0.305, Output efficiency: 0.287
mdot_h2: 31.07 g/s
Reynolds_number: 6,709,346
Stack prop output power: 1,601 kW, Pcomp: 13.9 kW
Cell efficiency: 0.305, Output efficiency: 0.287
mdot_h2: 37.53 g/s
Reynolds_number: 6,709,346
Stack prop output power: 1,603 kW, Pcomp: 14.0 kW
Cell efficiency: 0.305, Output efficiency: 0.287
mdot_h2: 37.59 g/s
Reynolds_number: 14,266,755
Stack prop output power: 1,958 kW, Pcomp: 101.3 kW
Cell efficiency: 0.304, Output efficiency: 0.274
mdot_h2: 48.07 g/s
Reynolds_number: 14,266,755
Stack prop output power: 2,236 kW, Pcomp: 115.7 kW
Cell efficiency: 0.304, Output efficiency: 0.274
mdot_h2: 54.91 g/s
Reynolds_number: 14,266,755
Stack prop output power: 2,251 kW, Pcomp: 116.4 kW
Cell efficiency: 0.304, Output efficiency: 0.274
mdot_h2: 55.26 g/s
Reynolds_number: 14,266,755
Stack prop output power: 2,252 kW, Pcomp: 116.4 kW
Cell efficiency: 0.304, Output efficiency: 0.274
mdot_h2: 55.28 g/s
Fuel-cell system mass representative phase: cruise (P_fc_sys=4503.353 kW).

-----------------------
ptotal_climb: 4,266 kW, mtom_est: 15,808 kg, mtom: 15,579 kg, residual: +228.86 kg

MTOM update: newton_prebracket, relax=1.000 -> mtom_next=17,915.85 kg

======================================================
======================= ITER 11 =======================
Reynolds_number: 14,266,755
Stack prop output power: 2,252 kW, Pcomp: 116.4 kW
Cell efficiency: 0.304, Output efficiency: 0.274
mdot_h2: 55.28 g/s
Reynolds_number: 14,266,755
Stack prop output power: 2,572 kW, Pcomp: 133.0 kW
Cell efficiency: 0.304, Output efficiency: 0.274
mdot_h2: 63.14 g/s
Reynolds_number: 14,266,755
Stack prop output power: 2,589 kW, Pcomp: 133.9 kW
Cell efficiency: 0.304, Output efficiency: 0.274
mdot_h2: 63.55 g/s
Reynolds_number: 14,266,755
Stack prop output power: 2,589 kW, Pcomp: 133.9 kW
Cell efficiency: 0.304, Output efficiency: 0.274
mdot_h2: 63.57 g/s
Reynolds_number: 14,266,755
Stack prop output power: 1,524 kW, Pcomp: 13.7 kW
Cell efficiency: 0.286, Output efficiency: 0.269
mdot_h2: 38.16 g/s
Reynolds_number: 14,266,755
Stack prop output power: 1,841 kW, Pcomp: 16.5 kW
Cell efficiency: 0.286, Output efficiency: 0.269
mdot_h2: 46.10 g/s
Reynolds_number: 14,266,755
Stack prop output power: 1,844 kW, Pcomp: 16.5 kW
Cell efficiency: 0.286, Output efficiency: 0.269
mdot_h2: 46.17 g/s
Reynolds_number: 6,709,346
Stack prop output power: 1,524 kW, Pcomp: 13.3 kW
Cell efficiency: 0.305, Output efficiency: 0.287
mdot_h2: 35.73 g/s
Reynolds_number: 6,709,346
Stack prop output power: 1,841 kW, Pcomp: 16.0 kW
Cell efficiency: 0.305, Output efficiency: 0.287
mdot_h2: 43.16 g/s
Reynolds_number: 6,709,346
Stack prop output power: 1,844 kW, Pcomp: 16.1 kW
Cell efficiency: 0.305, Output efficiency: 0.287
mdot_h2: 43.23 g/s
Reynolds_number: 14,266,755
Stack prop output power: 2,252 kW, Pcomp: 116.4 kW
Cell efficiency: 0.304, Output efficiency: 0.274
mdot_h2: 55.28 g/s
Reynolds_number: 14,266,755
Stack prop output power: 2,572 kW, Pcomp: 133.0 kW
Cell efficiency: 0.304, Output efficiency: 0.274
mdot_h2: 63.14 g/s
Reynolds_number: 14,266,755
Stack prop output power: 2,589 kW, Pcomp: 133.9 kW
Cell efficiency: 0.304, Output efficiency: 0.274
mdot_h2: 63.55 g/s
Reynolds_number: 14,266,755
Stack prop output power: 2,589 kW, Pcomp: 133.9 kW
Cell efficiency: 0.304, Output efficiency: 0.274
mdot_h2: 63.57 g/s
Fuel-cell system mass representative phase: cruise (P_fc_sys=5178.856 kW).

-----------------------
ptotal_climb: 4,906 kW, mtom_est: 17,952 kg, mtom: 17,916 kg, residual: +36.18 kg

MTOM update: newton_prebracket, relax=1.000 -> mtom_next=18,354.70 kg

======================================================
======================= ITER 12 =======================
Reynolds_number: 14,266,755
Stack prop output power: 2,589 kW, Pcomp: 133.9 kW
Cell efficiency: 0.304, Output efficiency: 0.274
mdot_h2: 63.57 g/s
Reynolds_number: 14,266,755
Stack prop output power: 2,650 kW, Pcomp: 137.0 kW
Cell efficiency: 0.304, Output efficiency: 0.274
mdot_h2: 65.05 g/s
Reynolds_number: 14,266,755
Stack prop output power: 2,653 kW, Pcomp: 137.2 kW
Cell efficiency: 0.304, Output efficiency: 0.274
mdot_h2: 65.13 g/s
Reynolds_number: 14,266,755
Stack prop output power: 1,829 kW, Pcomp: 16.4 kW
Cell efficiency: 0.286, Output efficiency: 0.269
mdot_h2: 45.80 g/s
Reynolds_number: 14,266,755
Stack prop output power: 1,889 kW, Pcomp: 16.9 kW
Cell efficiency: 0.286, Output efficiency: 0.269
mdot_h2: 47.29 g/s
Reynolds_number: 14,266,755
Stack prop output power: 1,889 kW, Pcomp: 17.0 kW
Cell efficiency: 0.286, Output efficiency: 0.269
mdot_h2: 47.30 g/s
Reynolds_number: 6,709,346
Stack prop output power: 1,829 kW, Pcomp: 15.9 kW
Cell efficiency: 0.305, Output efficiency: 0.287
mdot_h2: 42.88 g/s
Reynolds_number: 6,709,346
Stack prop output power: 1,888 kW, Pcomp: 16.4 kW
Cell efficiency: 0.305, Output efficiency: 0.287
mdot_h2: 44.28 g/s
Reynolds_number: 6,709,346
Stack prop output power: 1,889 kW, Pcomp: 16.4 kW
Cell efficiency: 0.305, Output efficiency: 0.287
mdot_h2: 44.29 g/s
Reynolds_number: 14,266,755
Stack prop output power: 2,589 kW, Pcomp: 133.9 kW
Cell efficiency: 0.304, Output efficiency: 0.274
mdot_h2: 63.57 g/s
Reynolds_number: 14,266,755
Stack prop output power: 2,650 kW, Pcomp: 137.0 kW
Cell efficiency: 0.304, Output efficiency: 0.274
mdot_h2: 65.05 g/s
Reynolds_number: 14,266,755
Stack prop output power: 2,653 kW, Pcomp: 137.2 kW
Cell efficiency: 0.304, Output efficiency: 0.274
mdot_h2: 65.13 g/s
Fuel-cell system mass representative phase: cruise (P_fc_sys=5305.700 kW).

-----------------------
ptotal_climb: 5,027 kW, mtom_est: 18,357 kg, mtom: 18,355 kg, residual: +2.62 kg


CONVERGED

CONVERGED STATE [MTOM iteration 12]
  MTOM=18,357 kg | Wing loading=239.67 kg/m^2 | P/W(climb)=273.82 W/kg
  Phase power: climb=5,026.6 kW | cruise=5,305.7 kW | takeoff=5,025.6 kW | cruise+charger=5,305.7 kW
  Power split (climb): FC=3,744.5 kW | Battery=1,248.2 kW | Compressor=33.9 kW | Cooling=1,579.6 kW | H2=94.606 g/s
  Compressor max across phases: 274.4 kW (cruise)
  FC representative phase (mass sizing): cruise (5,305.7 kW)
  Mass summary: MTOM=18,357 kg | Powertrain=7,546 kg | Tank=2,792.8 kg | Fuel=1,241.2 kg | Battery=797.6 kg | Nacelle power density=0.82 kW/kg
  Geometry: Main wing area=76.59 m^2 | Horizontal tail area=7.297 m^2 | Horizontal tail location=29.909 m | Vertical tail area=7.351 m^2 | Vertical tail location=29.218 m
  Config: wing loading input=239.63 kg/m^2 | P/W TO/Cl/Cr=0.19930/0.19930/0.19930 kW/kg

=============================================================
========================= CONVERGED =========================
=============================================================
Constraint sizing: ENABLED (min_combined_pw)
Input W/S: 239.63 kg/m^2 (2,350.0 Pa)
Input P/W [kW/kg]: takeoff 0.19930, climb 0.19930, cruise 0.19930
-------------------------------------------------------------

Mission Time
Climb time: 8.20 min (0.14 h)
Cruise time: 150.32 min (2.51 h)
Total flight time: 180.53 min (3.01 h)

Phase Power Breakdown
Phase      Time[min]     Total[kW]    FC Stack[kW]   Battery[kW]   Compressor[kW]   Cooling[kW]
-----------------------------------------------------------------------------------------------
ready           0.00         251.3           251.3           0.0              0.0           0.0
taxi            5.00         502.7           502.7           0.0              0.0           0.0
takeoff         1.00       5,025.6         3,744.5       1,248.2             32.9       1,441.8
climb           8.20       5,026.6         3,744.5       1,248.2             33.9       1,579.6
cruise        150.32       5,305.7         5,031.3           0.0            274.4       2,123.5
loiter         15.00         530.6           503.1           0.0             27.4         212.4
landing         1.00           0.0             0.0           0.0              0.0           0.0

Pcomp_max (solved phases): 274.4 kW (cruise)
Pnet (climb): 4,539 kW
Pelectricnet (climb): 4,993 kW
eta_pt: 0.9031

Geometry
S_wing: 76.59 m^2
b_wing: 26.26 m
Lfus: 32.33 m
Ltank: 24.88 m
S_HT: 7.30 m^2
S_VT: 7.35 m^2
b_HT: 5.73 m
b_VT: 3.74 m
X_HT_act: 29.91 m
X_VT_act: 29.22 m

One Nacelle (1/2)
Stack(1/2): 1,489 kg, Compressor: 186 kg, Humidifier: 479 kg, HX: 1,074 kg
W_FCS_single_nacelle (W_Stack+W_Compressor+W_Humidifier+W_Hx): 3,228 kg
Representative FC phase: cruise
Specific Power of Nacelle System: 0.822 kW/kg
dim_hx: dX=2.268 m, dY=2.268 m, dZ=0.233 m
dim_stack: dX=0.361 m, dY=0.678 m, dZ=0.678 m

ALL Nacelles
W_FCS_total: 6,455 kg
W_PMAD: 428 kg
W_Motors: 663 kg

-----------------------
W_Powertrain (W_FCS_total+W_PMAD+W_Motors): 7,546 kg
-----------------------
W_wing: 1,654 kg
W_Htail: 90 kg
W_Vtail: 134 kg
W_fuselage: 1,505 kg
W_lnd_gear_main: 243 kg
W_lnd_gear_nose: 65 kg
W_flight_control: 366 kg
W_electric_system: 300 kg
W_iae: 238 kg
W_hydraulics: 220 kg
W_fur: 814 kg
-----------------------
OEM: 5,630 kg
-----------------------
W_tank: 2,793 kg
W_fuel: 1,241.2 kg
W_batt: 797.6 kg
-----------------------
W_payload: 350 kg
-----------------------
MTOM_grouped (OEM+W_tank+W_fuel+W_batt+W_Powertrain+W_payload): 18,357 kg
MTOM: 18,357 kg
-----------------------

Wing loading (MTOM/S_wing): 239.67 kg/m^2
Power-to-weight (converged): 273.82 W/kg

mdot_H2(cruise): 130.3 g/s
Vtankex: 53.2 m^3
========================== END ==============================


=============================================================
Execution time: 134.3 seconds
=============================================================
