======================================================
======================= ITER 1 =======================
Reynolds_number: 14,287,728
Stack prop output power: 786 kW, Pcomp: 40.7 kW
Cell efficiency: 0.304, Output efficiency: 0.274
mdot_h2: 19.31 g/s
Reynolds_number: 14,287,728
Stack prop output power: 786 kW, Pcomp: 40.7 kW
Cell efficiency: 0.304, Output efficiency: 0.274
mdot_h2: 19.31 g/s
Reynolds_number: 14,287,728
Stack prop output power: 585 kW, Pcomp: 5.3 kW
Cell efficiency: 0.286, Output efficiency: 0.269
mdot_h2: 14.65 g/s
Reynolds_number: 14,287,728
Stack prop output power: 585 kW, Pcomp: 5.3 kW
Cell efficiency: 0.286, Output efficiency: 0.269
mdot_h2: 14.65 g/s
Reynolds_number: 14,287,728
Stack prop output power: 585 kW, Pcomp: 30.3 kW
Cell efficiency: 0.304, Output efficiency: 0.274
mdot_h2: 14.37 g/s

-----------------------
ptotal_climb: 2,061 kW, mtom_est: 6,480 kg, mtom: 5,000 kg, residual: +1,479.91 kg

MTOM update: initial_bracket_probe_1, relax=1.000 -> mtom_next=5,350.00 kg

======================================================
======================= ITER 2 =======================
Reynolds_number: 14,287,728
Stack prop output power: 841 kW, Pcomp: 43.5 kW
Cell efficiency: 0.304, Output efficiency: 0.274
mdot_h2: 20.66 g/s
Reynolds_number: 14,287,728
Stack prop output power: 841 kW, Pcomp: 43.5 kW
Cell efficiency: 0.304, Output efficiency: 0.274
mdot_h2: 20.66 g/s
Reynolds_number: 14,287,728
Stack prop output power: 626 kW, Pcomp: 5.6 kW
Cell efficiency: 0.286, Output efficiency: 0.269
mdot_h2: 15.68 g/s
Reynolds_number: 14,287,728
Stack prop output power: 626 kW, Pcomp: 5.6 kW
Cell efficiency: 0.286, Output efficiency: 0.269
mdot_h2: 15.68 g/s
Reynolds_number: 14,287,728
Stack prop output power: 626 kW, Pcomp: 32.4 kW
Cell efficiency: 0.304, Output efficiency: 0.274
mdot_h2: 15.37 g/s

-----------------------
ptotal_climb: 2,205 kW, mtom_est: 6,762 kg, mtom: 5,350 kg, residual: +1,412.45 kg

MTOM update: initial_bracket_probe_2, relax=1.000 -> mtom_next=5,700.00 kg

======================================================
======================= ITER 3 =======================
Reynolds_number: 14,287,728
Stack prop output power: 897 kW, Pcomp: 46.4 kW
Cell efficiency: 0.304, Output efficiency: 0.274
mdot_h2: 22.01 g/s
Reynolds_number: 14,287,728
Stack prop output power: 897 kW, Pcomp: 46.4 kW
Cell efficiency: 0.304, Output efficiency: 0.274
mdot_h2: 22.01 g/s
Reynolds_number: 14,287,728
Stack prop output power: 667 kW, Pcomp: 6.0 kW
Cell efficiency: 0.286, Output efficiency: 0.269
mdot_h2: 16.70 g/s
Reynolds_number: 14,287,728
Stack prop output power: 667 kW, Pcomp: 6.0 kW
Cell efficiency: 0.286, Output efficiency: 0.269
mdot_h2: 16.70 g/s
Reynolds_number: 14,287,728
Stack prop output power: 667 kW, Pcomp: 34.5 kW
Cell efficiency: 0.304, Output efficiency: 0.274
mdot_h2: 16.38 g/s

-----------------------
ptotal_climb: 2,349 kW, mtom_est: 7,044 kg, mtom: 5,700 kg, residual: +1,343.71 kg

MTOM update: fixed_point_prebracket, relax=1.000 -> mtom_next=6,270.00 kg

======================================================
======================= ITER 4 =======================
Reynolds_number: 14,287,728
Stack prop output power: 986 kW, Pcomp: 51.0 kW
Cell efficiency: 0.304, Output efficiency: 0.274
mdot_h2: 24.21 g/s
Reynolds_number: 14,287,728
Stack prop output power: 986 kW, Pcomp: 51.0 kW
Cell efficiency: 0.304, Output efficiency: 0.274
mdot_h2: 24.21 g/s
Reynolds_number: 14,287,728
Stack prop output power: 734 kW, Pcomp: 6.6 kW
Cell efficiency: 0.286, Output efficiency: 0.269
mdot_h2: 18.38 g/s
Reynolds_number: 14,287,728
Stack prop output power: 734 kW, Pcomp: 6.6 kW
Cell efficiency: 0.286, Output efficiency: 0.269
mdot_h2: 18.38 g/s
Reynolds_number: 14,287,728
Stack prop output power: 734 kW, Pcomp: 38.0 kW
Cell efficiency: 0.304, Output efficiency: 0.274
mdot_h2: 18.02 g/s

-----------------------
ptotal_climb: 2,584 kW, mtom_est: 7,504 kg, mtom: 6,270 kg, residual: +1,234.28 kg

MTOM update: fixed_point_prebracket, relax=1.000 -> mtom_next=6,887.14 kg

======================================================
======================= ITER 5 =======================
Reynolds_number: 14,287,728
Stack prop output power: 1,083 kW, Pcomp: 56.0 kW
Cell efficiency: 0.304, Output efficiency: 0.274
mdot_h2: 26.59 g/s
Reynolds_number: 14,287,728
Stack prop output power: 1,083 kW, Pcomp: 56.0 kW
Cell efficiency: 0.304, Output efficiency: 0.274
mdot_h2: 26.59 g/s
Reynolds_number: 14,287,728
Stack prop output power: 806 kW, Pcomp: 7.2 kW
Cell efficiency: 0.286, Output efficiency: 0.269
mdot_h2: 20.18 g/s
Reynolds_number: 14,287,728
Stack prop output power: 806 kW, Pcomp: 7.2 kW
Cell efficiency: 0.286, Output efficiency: 0.269
mdot_h2: 20.18 g/s
Reynolds_number: 14,287,728
Stack prop output power: 806 kW, Pcomp: 41.7 kW
Cell efficiency: 0.304, Output efficiency: 0.274
mdot_h2: 19.79 g/s

-----------------------
ptotal_climb: 2,839 kW, mtom_est: 8,005 kg, mtom: 6,887 kg, residual: +1,117.68 kg

MTOM update: fixed_point_prebracket, relax=1.000 -> mtom_next=7,445.98 kg

======================================================
======================= ITER 6 =======================
Reynolds_number: 14,287,728
Stack prop output power: 1,171 kW, Pcomp: 60.6 kW
Cell efficiency: 0.304, Output efficiency: 0.274
mdot_h2: 28.75 g/s
Reynolds_number: 14,287,728
Stack prop output power: 1,171 kW, Pcomp: 60.6 kW
Cell efficiency: 0.304, Output efficiency: 0.274
mdot_h2: 28.75 g/s
Reynolds_number: 14,287,728
Stack prop output power: 872 kW, Pcomp: 7.8 kW
Cell efficiency: 0.286, Output efficiency: 0.269
mdot_h2: 21.82 g/s
Reynolds_number: 14,287,728
Stack prop output power: 872 kW, Pcomp: 7.8 kW
Cell efficiency: 0.286, Output efficiency: 0.269
mdot_h2: 21.82 g/s
Reynolds_number: 14,287,728
Stack prop output power: 872 kW, Pcomp: 45.1 kW
Cell efficiency: 0.304, Output efficiency: 0.274
mdot_h2: 21.40 g/s

-----------------------
ptotal_climb: 3,069 kW, mtom_est: 8,464 kg, mtom: 7,446 kg, residual: +1,017.98 kg

MTOM update: fixed_point_prebracket, relax=1.000 -> mtom_next=7,954.97 kg

======================================================
======================= ITER 7 =======================
Reynolds_number: 14,287,728
Stack prop output power: 1,251 kW, Pcomp: 64.7 kW
Cell efficiency: 0.304, Output efficiency: 0.274
mdot_h2: 30.72 g/s
Reynolds_number: 14,287,728
Stack prop output power: 1,251 kW, Pcomp: 64.7 kW
Cell efficiency: 0.304, Output efficiency: 0.274
mdot_h2: 30.72 g/s
Reynolds_number: 14,287,728
Stack prop output power: 931 kW, Pcomp: 8.4 kW
Cell efficiency: 0.286, Output efficiency: 0.269
mdot_h2: 23.31 g/s
Reynolds_number: 14,287,728
Stack prop output power: 931 kW, Pcomp: 8.4 kW
Cell efficiency: 0.286, Output efficiency: 0.269
mdot_h2: 23.31 g/s
Reynolds_number: 14,287,728
Stack prop output power: 931 kW, Pcomp: 48.2 kW
Cell efficiency: 0.304, Output efficiency: 0.274
mdot_h2: 22.86 g/s

-----------------------
ptotal_climb: 3,279 kW, mtom_est: 8,873 kg, mtom: 7,955 kg, residual: +917.64 kg

MTOM update: fixed_point_prebracket, relax=1.000 -> mtom_next=8,413.78 kg

======================================================
======================= ITER 8 =======================
Reynolds_number: 14,287,728
Stack prop output power: 1,323 kW, Pcomp: 68.4 kW
Cell efficiency: 0.304, Output efficiency: 0.274
mdot_h2: 32.49 g/s
Reynolds_number: 14,287,728
Stack prop output power: 1,323 kW, Pcomp: 68.4 kW
Cell efficiency: 0.304, Output efficiency: 0.274
mdot_h2: 32.49 g/s
Reynolds_number: 14,287,728
Stack prop output power: 985 kW, Pcomp: 8.8 kW
Cell efficiency: 0.286, Output efficiency: 0.269
mdot_h2: 24.66 g/s
Reynolds_number: 14,287,728
Stack prop output power: 985 kW, Pcomp: 8.8 kW
Cell efficiency: 0.286, Output efficiency: 0.269
mdot_h2: 24.66 g/s
Reynolds_number: 14,287,728
Stack prop output power: 985 kW, Pcomp: 50.9 kW
Cell efficiency: 0.304, Output efficiency: 0.274
mdot_h2: 24.18 g/s

-----------------------
ptotal_climb: 3,468 kW, mtom_est: 9,247 kg, mtom: 8,414 kg, residual: +833.64 kg

MTOM update: fixed_point_prebracket, relax=1.000 -> mtom_next=8,830.60 kg

======================================================
======================= ITER 9 =======================
Reynolds_number: 14,287,728
Stack prop output power: 1,389 kW, Pcomp: 71.8 kW
Cell efficiency: 0.304, Output efficiency: 0.274
mdot_h2: 34.10 g/s
Reynolds_number: 14,287,728
Stack prop output power: 1,389 kW, Pcomp: 71.8 kW
Cell efficiency: 0.304, Output efficiency: 0.274
mdot_h2: 34.10 g/s
Reynolds_number: 14,287,728
Stack prop output power: 1,034 kW, Pcomp: 9.3 kW
Cell efficiency: 0.286, Output efficiency: 0.269
mdot_h2: 25.88 g/s
Reynolds_number: 14,287,728
Stack prop output power: 1,034 kW, Pcomp: 9.3 kW
Cell efficiency: 0.286, Output efficiency: 0.269
mdot_h2: 25.88 g/s
Reynolds_number: 14,287,728
Stack prop output power: 1,034 kW, Pcomp: 53.5 kW
Cell efficiency: 0.304, Output efficiency: 0.274
mdot_h2: 25.38 g/s

-----------------------
ptotal_climb: 3,640 kW, mtom_est: 9,588 kg, mtom: 8,831 kg, residual: +757.39 kg

MTOM update: newton_prebracket, relax=1.000 -> mtom_next=9,713.66 kg

======================================================
======================= ITER 10 =======================
Reynolds_number: 14,287,728
Stack prop output power: 1,528 kW, Pcomp: 79.0 kW
Cell efficiency: 0.304, Output efficiency: 0.274
mdot_h2: 37.51 g/s
Reynolds_number: 14,287,728
Stack prop output power: 1,528 kW, Pcomp: 79.0 kW
Cell efficiency: 0.304, Output efficiency: 0.274
mdot_h2: 37.51 g/s
Reynolds_number: 14,287,728
Stack prop output power: 1,137 kW, Pcomp: 10.2 kW
Cell efficiency: 0.286, Output efficiency: 0.269
mdot_h2: 28.47 g/s
Reynolds_number: 14,287,728
Stack prop output power: 1,137 kW, Pcomp: 10.2 kW
Cell efficiency: 0.286, Output efficiency: 0.269
mdot_h2: 28.47 g/s
Reynolds_number: 14,287,728
Stack prop output power: 1,137 kW, Pcomp: 58.8 kW
Cell efficiency: 0.304, Output efficiency: 0.274
mdot_h2: 27.91 g/s

-----------------------
ptotal_climb: 4,003 kW, mtom_est: 10,312 kg, mtom: 9,714 kg, residual: +598.46 kg

MTOM update: newton_prebracket, relax=1.000 -> mtom_next=10,685.03 kg

======================================================
======================= ITER 11 =======================
Reynolds_number: 14,287,728
Stack prop output power: 1,681 kW, Pcomp: 86.9 kW
Cell efficiency: 0.304, Output efficiency: 0.274
mdot_h2: 41.26 g/s
Reynolds_number: 14,287,728
Stack prop output power: 1,681 kW, Pcomp: 86.9 kW
Cell efficiency: 0.304, Output efficiency: 0.274
mdot_h2: 41.26 g/s
Reynolds_number: 14,287,728
Stack prop output power: 1,251 kW, Pcomp: 11.2 kW
Cell efficiency: 0.286, Output efficiency: 0.269
mdot_h2: 31.31 g/s
Reynolds_number: 14,287,728
Stack prop output power: 1,251 kW, Pcomp: 11.2 kW
Cell efficiency: 0.286, Output efficiency: 0.269
mdot_h2: 31.31 g/s
Reynolds_number: 14,287,728
Stack prop output power: 1,251 kW, Pcomp: 64.7 kW
Cell efficiency: 0.304, Output efficiency: 0.274
mdot_h2: 30.71 g/s

-----------------------
ptotal_climb: 4,404 kW, mtom_est: 11,111 kg, mtom: 10,685 kg, residual: +426.17 kg

MTOM update: newton_prebracket, relax=1.000 -> mtom_next=11,753.53 kg

======================================================
======================= ITER 12 =======================
Reynolds_number: 14,287,728
Stack prop output power: 1,849 kW, Pcomp: 95.6 kW
Cell efficiency: 0.304, Output efficiency: 0.274
mdot_h2: 45.38 g/s
Reynolds_number: 14,287,728
Stack prop output power: 1,849 kW, Pcomp: 95.6 kW
Cell efficiency: 0.304, Output efficiency: 0.274
mdot_h2: 45.38 g/s
Reynolds_number: 14,287,728
Stack prop output power: 1,376 kW, Pcomp: 12.3 kW
Cell efficiency: 0.286, Output efficiency: 0.269
mdot_h2: 34.45 g/s
Reynolds_number: 14,287,728
Stack prop output power: 1,376 kW, Pcomp: 12.3 kW
Cell efficiency: 0.286, Output efficiency: 0.269
mdot_h2: 34.45 g/s
Reynolds_number: 14,287,728
Stack prop output power: 1,376 kW, Pcomp: 71.2 kW
Cell efficiency: 0.304, Output efficiency: 0.274
mdot_h2: 33.78 g/s

-----------------------
ptotal_climb: 4,844 kW, mtom_est: 11,993 kg, mtom: 11,754 kg, residual: +239.46 kg

MTOM update: newton_prebracket, relax=1.000 -> mtom_next=12,928.88 kg

======================================================
======================= ITER 13 =======================
Reynolds_number: 14,287,728
Stack prop output power: 2,034 kW, Pcomp: 105.2 kW
Cell efficiency: 0.304, Output efficiency: 0.274
mdot_h2: 49.92 g/s
Reynolds_number: 14,287,728
Stack prop output power: 2,034 kW, Pcomp: 105.2 kW
Cell efficiency: 0.304, Output efficiency: 0.274
mdot_h2: 49.92 g/s
Reynolds_number: 14,287,728
Stack prop output power: 1,513 kW, Pcomp: 13.6 kW
Cell efficiency: 0.286, Output efficiency: 0.269
mdot_h2: 37.89 g/s
Reynolds_number: 14,287,728
Stack prop output power: 1,513 kW, Pcomp: 13.6 kW
Cell efficiency: 0.286, Output efficiency: 0.269
mdot_h2: 37.89 g/s
Reynolds_number: 14,287,728
Stack prop output power: 1,513 kW, Pcomp: 78.3 kW
Cell efficiency: 0.304, Output efficiency: 0.274
mdot_h2: 37.15 g/s

-----------------------
ptotal_climb: 5,328 kW, mtom_est: 12,974 kg, mtom: 12,929 kg, residual: +45.39 kg

MTOM update: newton_prebracket, relax=1.000 -> mtom_next=13,203.75 kg

======================================================
======================= ITER 14 =======================
Reynolds_number: 14,287,728
Stack prop output power: 2,077 kW, Pcomp: 107.4 kW
Cell efficiency: 0.304, Output efficiency: 0.274
mdot_h2: 50.98 g/s
Reynolds_number: 14,287,728
Stack prop output power: 2,077 kW, Pcomp: 107.4 kW
Cell efficiency: 0.304, Output efficiency: 0.274
mdot_h2: 50.98 g/s
Reynolds_number: 14,287,728
Stack prop output power: 1,546 kW, Pcomp: 13.9 kW
Cell efficiency: 0.286, Output efficiency: 0.269
mdot_h2: 38.70 g/s
Reynolds_number: 14,287,728
Stack prop output power: 1,546 kW, Pcomp: 13.9 kW
Cell efficiency: 0.286, Output efficiency: 0.269
mdot_h2: 38.70 g/s
Reynolds_number: 14,287,728
Stack prop output power: 1,546 kW, Pcomp: 79.9 kW
Cell efficiency: 0.304, Output efficiency: 0.274
mdot_h2: 37.94 g/s

-----------------------
ptotal_climb: 5,442 kW, mtom_est: 13,195 kg, mtom: 13,204 kg, residual: -8.37 kg

MTOM update: newton, relax=1.000 -> mtom_next=13,160.94 kg

======================================================
======================= ITER 15 =======================
Reynolds_number: 14,287,728
Stack prop output power: 2,070 kW, Pcomp: 107.1 kW
Cell efficiency: 0.304, Output efficiency: 0.274
mdot_h2: 50.82 g/s
Reynolds_number: 14,287,728
Stack prop output power: 2,070 kW, Pcomp: 107.1 kW
Cell efficiency: 0.304, Output efficiency: 0.274
mdot_h2: 50.82 g/s
Reynolds_number: 14,287,728
Stack prop output power: 1,541 kW, Pcomp: 13.8 kW
Cell efficiency: 0.286, Output efficiency: 0.269
mdot_h2: 38.57 g/s
Reynolds_number: 14,287,728
Stack prop output power: 1,541 kW, Pcomp: 13.8 kW
Cell efficiency: 0.286, Output efficiency: 0.269
mdot_h2: 38.57 g/s
Reynolds_number: 14,287,728
Stack prop output power: 1,541 kW, Pcomp: 79.7 kW
Cell efficiency: 0.304, Output efficiency: 0.274
mdot_h2: 37.82 g/s

-----------------------
ptotal_climb: 5,424 kW, mtom_est: 13,160 kg, mtom: 13,161 kg, residual: -1.13 kg

Reynolds_number: 14,287,728
Stack prop output power: 2,070 kW, Pcomp: 107.1 kW
Cell efficiency: 0.304, Output efficiency: 0.274
mdot_h2: 50.82 g/s
Reynolds_number: 14,287,728
Stack prop output power: 2,070 kW, Pcomp: 107.1 kW
Cell efficiency: 0.304, Output efficiency: 0.274
mdot_h2: 50.82 g/s
Reynolds_number: 6,709,346
Stack prop output power: 1,541 kW, Pcomp: 13.4 kW
Cell efficiency: 0.305, Output efficiency: 0.287
mdot_h2: 36.13 g/s
Reynolds_number: 6,709,346
Stack prop output power: 1,541 kW, Pcomp: 13.4 kW
Cell efficiency: 0.305, Output efficiency: 0.287
mdot_h2: 36.13 g/s

CONVERGED
======================================================
======================= ITER 1 =======================
Reynolds_number: 14,287,728
Stack prop output power: 2,026 kW, Pcomp: 104.8 kW
Cell efficiency: 0.304, Output efficiency: 0.274
mdot_h2: 49.73 g/s
Reynolds_number: 14,287,728
Stack prop output power: 2,026 kW, Pcomp: 104.8 kW
Cell efficiency: 0.304, Output efficiency: 0.274
mdot_h2: 49.73 g/s
Reynolds_number: 14,287,728
Stack prop output power: 1,508 kW, Pcomp: 13.5 kW
Cell efficiency: 0.286, Output efficiency: 0.269
mdot_h2: 37.75 g/s
Reynolds_number: 14,287,728
Stack prop output power: 1,508 kW, Pcomp: 13.5 kW
Cell efficiency: 0.286, Output efficiency: 0.269
mdot_h2: 37.75 g/s
Reynolds_number: 14,287,728
Stack prop output power: 1,508 kW, Pcomp: 78.0 kW
Cell efficiency: 0.304, Output efficiency: 0.274
mdot_h2: 37.01 g/s

-----------------------
ptotal_climb: 5,308 kW, mtom_est: 12,948 kg, mtom: 13,160 kg, residual: -211.31 kg

MTOM update: initial_bracket_probe_1, relax=1.000 -> mtom_next=12,238.62 kg

======================================================
======================= ITER 2 =======================
Reynolds_number: 14,287,728
Stack prop output power: 1,884 kW, Pcomp: 97.4 kW
Cell efficiency: 0.304, Output efficiency: 0.274
mdot_h2: 46.25 g/s
Reynolds_number: 14,287,728
Stack prop output power: 1,884 kW, Pcomp: 97.4 kW
Cell efficiency: 0.304, Output efficiency: 0.274
mdot_h2: 46.25 g/s
Reynolds_number: 14,287,728
Stack prop output power: 1,402 kW, Pcomp: 12.6 kW
Cell efficiency: 0.286, Output efficiency: 0.269
mdot_h2: 35.10 g/s
Reynolds_number: 14,287,728
Stack prop output power: 1,402 kW, Pcomp: 12.6 kW
Cell efficiency: 0.286, Output efficiency: 0.269
mdot_h2: 35.10 g/s
Reynolds_number: 14,287,728
Stack prop output power: 1,402 kW, Pcomp: 72.5 kW
Cell efficiency: 0.304, Output efficiency: 0.274
mdot_h2: 34.42 g/s

-----------------------
ptotal_climb: 4,937 kW, mtom_est: 12,199 kg, mtom: 12,239 kg, residual: -39.49 kg

MTOM update: initial_bracket_probe_2, relax=1.000 -> mtom_next=11,317.43 kg

======================================================
======================= ITER 3 =======================
Reynolds_number: 14,287,728
Stack prop output power: 1,742 kW, Pcomp: 90.1 kW
Cell efficiency: 0.304, Output efficiency: 0.274
mdot_h2: 42.77 g/s
Reynolds_number: 14,287,728
Stack prop output power: 1,742 kW, Pcomp: 90.1 kW
Cell efficiency: 0.304, Output efficiency: 0.274
mdot_h2: 42.77 g/s
Reynolds_number: 14,287,728
Stack prop output power: 1,297 kW, Pcomp: 11.6 kW
Cell efficiency: 0.286, Output efficiency: 0.269
mdot_h2: 32.46 g/s
Reynolds_number: 14,287,728
Stack prop output power: 1,297 kW, Pcomp: 11.6 kW
Cell efficiency: 0.286, Output efficiency: 0.269
mdot_h2: 32.46 g/s
Reynolds_number: 14,287,728
Stack prop output power: 1,297 kW, Pcomp: 67.1 kW
Cell efficiency: 0.304, Output efficiency: 0.274
mdot_h2: 31.83 g/s

-----------------------
ptotal_climb: 4,565 kW, mtom_est: 11,452 kg, mtom: 11,317 kg, residual: +134.39 kg

MTOM update: newton, relax=0.300 -> mtom_next=11,531.03 kg

======================================================
======================= ITER 4 =======================
Reynolds_number: 14,287,728
Stack prop output power: 1,775 kW, Pcomp: 91.8 kW
Cell efficiency: 0.304, Output efficiency: 0.274
mdot_h2: 43.58 g/s
Reynolds_number: 14,287,728
Stack prop output power: 1,775 kW, Pcomp: 91.8 kW
Cell efficiency: 0.304, Output efficiency: 0.274
mdot_h2: 43.58 g/s
Reynolds_number: 14,287,728
Stack prop output power: 1,321 kW, Pcomp: 11.9 kW
Cell efficiency: 0.286, Output efficiency: 0.269
mdot_h2: 33.07 g/s
Reynolds_number: 14,287,728
Stack prop output power: 1,321 kW, Pcomp: 11.9 kW
Cell efficiency: 0.286, Output efficiency: 0.269
mdot_h2: 33.07 g/s
Reynolds_number: 14,287,728
Stack prop output power: 1,321 kW, Pcomp: 68.3 kW
Cell efficiency: 0.304, Output efficiency: 0.274
mdot_h2: 32.43 g/s

-----------------------
ptotal_climb: 4,651 kW, mtom_est: 11,624 kg, mtom: 11,531 kg, residual: +93.18 kg

MTOM update: newton, relax=0.360 -> mtom_next=11,704.86 kg

======================================================
======================= ITER 5 =======================
Reynolds_number: 14,287,728
Stack prop output power: 1,802 kW, Pcomp: 93.2 kW
Cell efficiency: 0.304, Output efficiency: 0.274
mdot_h2: 44.23 g/s
Reynolds_number: 14,287,728
Stack prop output power: 1,802 kW, Pcomp: 93.2 kW
Cell efficiency: 0.304, Output efficiency: 0.274
mdot_h2: 44.23 g/s
Reynolds_number: 14,287,728
Stack prop output power: 1,341 kW, Pcomp: 12.0 kW
Cell efficiency: 0.286, Output efficiency: 0.269
mdot_h2: 33.57 g/s
Reynolds_number: 14,287,728
Stack prop output power: 1,341 kW, Pcomp: 12.0 kW
Cell efficiency: 0.286, Output efficiency: 0.269
mdot_h2: 33.57 g/s
Reynolds_number: 14,287,728
Stack prop output power: 1,341 kW, Pcomp: 69.4 kW
Cell efficiency: 0.304, Output efficiency: 0.274
mdot_h2: 32.92 g/s

-----------------------
ptotal_climb: 4,721 kW, mtom_est: 11,766 kg, mtom: 11,705 kg, residual: +61.34 kg

MTOM update: newton, relax=0.432 -> mtom_next=11,849.54 kg

======================================================
======================= ITER 6 =======================
Reynolds_number: 14,287,728
Stack prop output power: 1,824 kW, Pcomp: 94.3 kW
Cell efficiency: 0.304, Output efficiency: 0.274
mdot_h2: 44.78 g/s
Reynolds_number: 14,287,728
Stack prop output power: 1,824 kW, Pcomp: 94.3 kW
Cell efficiency: 0.304, Output efficiency: 0.274
mdot_h2: 44.78 g/s
Reynolds_number: 14,287,728
Stack prop output power: 1,358 kW, Pcomp: 12.2 kW
Cell efficiency: 0.286, Output efficiency: 0.269
mdot_h2: 33.99 g/s
Reynolds_number: 14,287,728
Stack prop output power: 1,358 kW, Pcomp: 12.2 kW
Cell efficiency: 0.286, Output efficiency: 0.269
mdot_h2: 33.99 g/s
Reynolds_number: 14,287,728
Stack prop output power: 1,358 kW, Pcomp: 70.2 kW
Cell efficiency: 0.304, Output efficiency: 0.274
mdot_h2: 33.33 g/s

-----------------------
ptotal_climb: 4,780 kW, mtom_est: 11,883 kg, mtom: 11,850 kg, residual: +33.00 kg

MTOM update: newton, relax=0.518 -> mtom_next=11,936.89 kg

======================================================
======================= ITER 7 =======================
Reynolds_number: 14,287,728
Stack prop output power: 1,838 kW, Pcomp: 95.0 kW
Cell efficiency: 0.304, Output efficiency: 0.274
mdot_h2: 45.11 g/s
Reynolds_number: 14,287,728
Stack prop output power: 1,838 kW, Pcomp: 95.0 kW
Cell efficiency: 0.304, Output efficiency: 0.274
mdot_h2: 45.11 g/s
Reynolds_number: 14,287,728
Stack prop output power: 1,368 kW, Pcomp: 12.3 kW
Cell efficiency: 0.286, Output efficiency: 0.269
mdot_h2: 34.24 g/s
Reynolds_number: 14,287,728
Stack prop output power: 1,368 kW, Pcomp: 12.3 kW
Cell efficiency: 0.286, Output efficiency: 0.269
mdot_h2: 34.24 g/s
Reynolds_number: 14,287,728
Stack prop output power: 1,368 kW, Pcomp: 70.7 kW
Cell efficiency: 0.304, Output efficiency: 0.274
mdot_h2: 33.57 g/s

-----------------------
ptotal_climb: 4,815 kW, mtom_est: 11,959 kg, mtom: 11,937 kg, residual: +22.28 kg

MTOM update: newton, relax=0.622 -> mtom_next=12,049.87 kg

======================================================
======================= ITER 8 =======================
Reynolds_number: 14,287,728
Stack prop output power: 1,855 kW, Pcomp: 95.9 kW
Cell efficiency: 0.304, Output efficiency: 0.274
mdot_h2: 45.54 g/s
Reynolds_number: 14,287,728
Stack prop output power: 1,855 kW, Pcomp: 95.9 kW
Cell efficiency: 0.304, Output efficiency: 0.274
mdot_h2: 45.54 g/s
Reynolds_number: 14,287,728
Stack prop output power: 1,381 kW, Pcomp: 12.4 kW
Cell efficiency: 0.286, Output efficiency: 0.269
mdot_h2: 34.56 g/s
Reynolds_number: 14,287,728
Stack prop output power: 1,381 kW, Pcomp: 12.4 kW
Cell efficiency: 0.286, Output efficiency: 0.269
mdot_h2: 34.56 g/s
Reynolds_number: 14,287,728
Stack prop output power: 1,381 kW, Pcomp: 71.4 kW
Cell efficiency: 0.304, Output efficiency: 0.274
mdot_h2: 33.89 g/s

-----------------------
ptotal_climb: 4,860 kW, mtom_est: 12,045 kg, mtom: 12,050 kg, residual: -4.66 kg

Reynolds_number: 14,287,728
Stack prop output power: 1,855 kW, Pcomp: 95.9 kW
Cell efficiency: 0.304, Output efficiency: 0.274
mdot_h2: 45.54 g/s
Reynolds_number: 14,287,728
Stack prop output power: 1,855 kW, Pcomp: 95.9 kW
Cell efficiency: 0.304, Output efficiency: 0.274
mdot_h2: 45.54 g/s
Reynolds_number: 6,709,346
Stack prop output power: 1,381 kW, Pcomp: 12.0 kW
Cell efficiency: 0.305, Output efficiency: 0.287
mdot_h2: 32.37 g/s
Reynolds_number: 6,709,346
Stack prop output power: 1,381 kW, Pcomp: 12.0 kW
Cell efficiency: 0.305, Output efficiency: 0.287
mdot_h2: 32.37 g/s

CONVERGED
======================================================
======================= ITER 1 =======================
Reynolds_number: 14,287,728
Stack prop output power: 1,816 kW, Pcomp: 93.9 kW
Cell efficiency: 0.304, Output efficiency: 0.274
mdot_h2: 44.58 g/s
Reynolds_number: 14,287,728
Stack prop output power: 1,816 kW, Pcomp: 93.9 kW
Cell efficiency: 0.304, Output efficiency: 0.274
mdot_h2: 44.58 g/s
Reynolds_number: 14,287,728
Stack prop output power: 1,352 kW, Pcomp: 12.1 kW
Cell efficiency: 0.286, Output efficiency: 0.269
mdot_h2: 33.84 g/s
Reynolds_number: 14,287,728
Stack prop output power: 1,352 kW, Pcomp: 12.1 kW
Cell efficiency: 0.286, Output efficiency: 0.269
mdot_h2: 33.84 g/s
Reynolds_number: 14,287,728
Stack prop output power: 1,352 kW, Pcomp: 69.9 kW
Cell efficiency: 0.304, Output efficiency: 0.274
mdot_h2: 33.18 g/s

-----------------------
ptotal_climb: 4,758 kW, mtom_est: 11,858 kg, mtom: 12,045 kg, residual: -186.74 kg

MTOM update: initial_bracket_probe_1, relax=1.000 -> mtom_next=11,202.05 kg

======================================================
======================= ITER 2 =======================
Reynolds_number: 14,287,728
Stack prop output power: 1,689 kW, Pcomp: 87.3 kW
Cell efficiency: 0.304, Output efficiency: 0.274
mdot_h2: 41.46 g/s
Reynolds_number: 14,287,728
Stack prop output power: 1,689 kW, Pcomp: 87.3 kW
Cell efficiency: 0.304, Output efficiency: 0.274
mdot_h2: 41.46 g/s
Reynolds_number: 14,287,728
Stack prop output power: 1,257 kW, Pcomp: 11.3 kW
Cell efficiency: 0.286, Output efficiency: 0.269
mdot_h2: 31.47 g/s
Reynolds_number: 14,287,728
Stack prop output power: 1,257 kW, Pcomp: 11.3 kW
Cell efficiency: 0.286, Output efficiency: 0.269
mdot_h2: 31.47 g/s
Reynolds_number: 14,287,728
Stack prop output power: 1,257 kW, Pcomp: 65.0 kW
Cell efficiency: 0.304, Output efficiency: 0.274
mdot_h2: 30.86 g/s

-----------------------
ptotal_climb: 4,425 kW, mtom_est: 11,188 kg, mtom: 11,202 kg, residual: -13.95 kg

MTOM update: initial_bracket_probe_2, relax=1.000 -> mtom_next=10,358.88 kg

======================================================
======================= ITER 3 =======================
Reynolds_number: 14,287,728
Stack prop output power: 1,562 kW, Pcomp: 80.8 kW
Cell efficiency: 0.304, Output efficiency: 0.274
mdot_h2: 38.34 g/s
Reynolds_number: 14,287,728
Stack prop output power: 1,562 kW, Pcomp: 80.8 kW
Cell efficiency: 0.304, Output efficiency: 0.274
mdot_h2: 38.34 g/s
Reynolds_number: 14,287,728
Stack prop output power: 1,162 kW, Pcomp: 10.4 kW
Cell efficiency: 0.286, Output efficiency: 0.269
mdot_h2: 29.10 g/s
Reynolds_number: 14,287,728
Stack prop output power: 1,162 kW, Pcomp: 10.4 kW
Cell efficiency: 0.286, Output efficiency: 0.269
mdot_h2: 29.10 g/s
Reynolds_number: 14,287,728
Stack prop output power: 1,162 kW, Pcomp: 60.1 kW
Cell efficiency: 0.304, Output efficiency: 0.274
mdot_h2: 28.53 g/s

-----------------------
ptotal_climb: 4,092 kW, mtom_est: 10,521 kg, mtom: 10,359 kg, residual: +162.10 kg

MTOM update: newton, relax=0.300 -> mtom_next=10,591.78 kg

======================================================
======================= ITER 4 =======================
Reynolds_number: 14,287,728
Stack prop output power: 1,597 kW, Pcomp: 82.6 kW
Cell efficiency: 0.304, Output efficiency: 0.274
mdot_h2: 39.20 g/s
Reynolds_number: 14,287,728
Stack prop output power: 1,597 kW, Pcomp: 82.6 kW
Cell efficiency: 0.304, Output efficiency: 0.274
mdot_h2: 39.20 g/s
Reynolds_number: 14,287,728
Stack prop output power: 1,188 kW, Pcomp: 10.7 kW
Cell efficiency: 0.286, Output efficiency: 0.269
mdot_h2: 29.75 g/s
Reynolds_number: 14,287,728
Stack prop output power: 1,188 kW, Pcomp: 10.7 kW
Cell efficiency: 0.286, Output efficiency: 0.269
mdot_h2: 29.75 g/s
Reynolds_number: 14,287,728
Stack prop output power: 1,188 kW, Pcomp: 61.5 kW
Cell efficiency: 0.304, Output efficiency: 0.274
mdot_h2: 29.17 g/s

-----------------------
ptotal_climb: 4,184 kW, mtom_est: 10,705 kg, mtom: 10,592 kg, residual: +113.45 kg

MTOM update: newton, relax=0.360 -> mtom_next=10,787.32 kg

======================================================
======================= ITER 5 =======================
Reynolds_number: 14,287,728
Stack prop output power: 1,626 kW, Pcomp: 84.1 kW
Cell efficiency: 0.304, Output efficiency: 0.274
mdot_h2: 39.92 g/s
Reynolds_number: 14,287,728
Stack prop output power: 1,626 kW, Pcomp: 84.1 kW
Cell efficiency: 0.304, Output efficiency: 0.274
mdot_h2: 39.92 g/s
Reynolds_number: 14,287,728
Stack prop output power: 1,210 kW, Pcomp: 10.9 kW
Cell efficiency: 0.286, Output efficiency: 0.269
mdot_h2: 30.30 g/s
Reynolds_number: 14,287,728
Stack prop output power: 1,210 kW, Pcomp: 10.9 kW
Cell efficiency: 0.286, Output efficiency: 0.269
mdot_h2: 30.30 g/s
Reynolds_number: 14,287,728
Stack prop output power: 1,210 kW, Pcomp: 62.6 kW
Cell efficiency: 0.304, Output efficiency: 0.274
mdot_h2: 29.71 g/s

-----------------------
ptotal_climb: 4,261 kW, mtom_est: 10,860 kg, mtom: 10,787 kg, residual: +72.75 kg

MTOM update: newton, relax=0.432 -> mtom_next=10,938.31 kg

======================================================
======================= ITER 6 =======================
Reynolds_number: 14,287,728
Stack prop output power: 1,649 kW, Pcomp: 85.3 kW
Cell efficiency: 0.304, Output efficiency: 0.274
mdot_h2: 40.48 g/s
Reynolds_number: 14,287,728
Stack prop output power: 1,649 kW, Pcomp: 85.3 kW
Cell efficiency: 0.304, Output efficiency: 0.274
mdot_h2: 40.48 g/s
Reynolds_number: 14,287,728
Stack prop output power: 1,227 kW, Pcomp: 11.0 kW
Cell efficiency: 0.286, Output efficiency: 0.269
mdot_h2: 30.73 g/s
Reynolds_number: 14,287,728
Stack prop output power: 1,227 kW, Pcomp: 11.0 kW
Cell efficiency: 0.286, Output efficiency: 0.269
mdot_h2: 30.73 g/s
Reynolds_number: 14,287,728
Stack prop output power: 1,227 kW, Pcomp: 63.5 kW
Cell efficiency: 0.304, Output efficiency: 0.274
mdot_h2: 30.13 g/s

-----------------------
ptotal_climb: 4,321 kW, mtom_est: 10,980 kg, mtom: 10,938 kg, residual: +41.67 kg

MTOM update: newton, relax=0.518 -> mtom_next=11,043.25 kg

======================================================
======================= ITER 7 =======================
Reynolds_number: 14,287,728
Stack prop output power: 1,665 kW, Pcomp: 86.1 kW
Cell efficiency: 0.304, Output efficiency: 0.274
mdot_h2: 40.87 g/s
Reynolds_number: 14,287,728
Stack prop output power: 1,665 kW, Pcomp: 86.1 kW
Cell efficiency: 0.304, Output efficiency: 0.274
mdot_h2: 40.87 g/s
Reynolds_number: 14,287,728
Stack prop output power: 1,239 kW, Pcomp: 11.1 kW
Cell efficiency: 0.286, Output efficiency: 0.269
mdot_h2: 31.02 g/s
Reynolds_number: 14,287,728
Stack prop output power: 1,239 kW, Pcomp: 11.1 kW
Cell efficiency: 0.286, Output efficiency: 0.269
mdot_h2: 31.02 g/s
Reynolds_number: 14,287,728
Stack prop output power: 1,239 kW, Pcomp: 64.1 kW
Cell efficiency: 0.304, Output efficiency: 0.274
mdot_h2: 30.42 g/s

-----------------------
ptotal_climb: 4,362 kW, mtom_est: 11,062 kg, mtom: 11,043 kg, residual: +18.88 kg

MTOM update: newton, relax=0.622 -> mtom_next=11,097.32 kg

======================================================
======================= ITER 8 =======================
Reynolds_number: 14,287,728
Stack prop output power: 1,673 kW, Pcomp: 86.5 kW
Cell efficiency: 0.304, Output efficiency: 0.274
mdot_h2: 41.07 g/s
Reynolds_number: 14,287,728
Stack prop output power: 1,673 kW, Pcomp: 86.5 kW
Cell efficiency: 0.304, Output efficiency: 0.274
mdot_h2: 41.07 g/s
Reynolds_number: 14,287,728
Stack prop output power: 1,245 kW, Pcomp: 11.2 kW
Cell efficiency: 0.286, Output efficiency: 0.269
mdot_h2: 31.17 g/s
Reynolds_number: 14,287,728
Stack prop output power: 1,245 kW, Pcomp: 11.2 kW
Cell efficiency: 0.286, Output efficiency: 0.269
mdot_h2: 31.17 g/s
Reynolds_number: 14,287,728
Stack prop output power: 1,245 kW, Pcomp: 64.4 kW
Cell efficiency: 0.304, Output efficiency: 0.274
mdot_h2: 30.57 g/s

-----------------------
ptotal_climb: 4,384 kW, mtom_est: 11,106 kg, mtom: 11,097 kg, residual: +8.71 kg

MTOM update: newton, relax=0.746 -> mtom_next=11,131.92 kg

======================================================
======================= ITER 9 =======================
Reynolds_number: 14,287,728
Stack prop output power: 1,678 kW, Pcomp: 86.8 kW
Cell efficiency: 0.304, Output efficiency: 0.274
mdot_h2: 41.20 g/s
Reynolds_number: 14,287,728
Stack prop output power: 1,678 kW, Pcomp: 86.8 kW
Cell efficiency: 0.304, Output efficiency: 0.274
mdot_h2: 41.20 g/s
Reynolds_number: 14,287,728
Stack prop output power: 1,249 kW, Pcomp: 11.2 kW
Cell efficiency: 0.286, Output efficiency: 0.269
mdot_h2: 31.27 g/s
Reynolds_number: 14,287,728
Stack prop output power: 1,249 kW, Pcomp: 11.2 kW
Cell efficiency: 0.286, Output efficiency: 0.269
mdot_h2: 31.27 g/s
Reynolds_number: 14,287,728
Stack prop output power: 1,249 kW, Pcomp: 64.6 kW
Cell efficiency: 0.304, Output efficiency: 0.274
mdot_h2: 30.66 g/s

-----------------------
ptotal_climb: 4,398 kW, mtom_est: 11,136 kg, mtom: 11,132 kg, residual: +3.91 kg

Reynolds_number: 14,287,728
Stack prop output power: 1,678 kW, Pcomp: 86.8 kW
Cell efficiency: 0.304, Output efficiency: 0.274
mdot_h2: 41.20 g/s
Reynolds_number: 14,287,728
Stack prop output power: 1,678 kW, Pcomp: 86.8 kW
Cell efficiency: 0.304, Output efficiency: 0.274
mdot_h2: 41.20 g/s
Reynolds_number: 6,709,346
Stack prop output power: 1,249 kW, Pcomp: 10.9 kW
Cell efficiency: 0.305, Output efficiency: 0.287
mdot_h2: 29.29 g/s
Reynolds_number: 6,709,346
Stack prop output power: 1,249 kW, Pcomp: 10.9 kW
Cell efficiency: 0.305, Output efficiency: 0.287
mdot_h2: 29.29 g/s

CONVERGED
======================================================
======================= ITER 1 =======================
Reynolds_number: 14,287,728
Stack prop output power: 1,645 kW, Pcomp: 85.1 kW
Cell efficiency: 0.304, Output efficiency: 0.274
mdot_h2: 40.39 g/s
Reynolds_number: 14,287,728
Stack prop output power: 1,645 kW, Pcomp: 85.1 kW
Cell efficiency: 0.304, Output efficiency: 0.274
mdot_h2: 40.39 g/s
Reynolds_number: 14,287,728
Stack prop output power: 1,224 kW, Pcomp: 11.0 kW
Cell efficiency: 0.286, Output efficiency: 0.269
mdot_h2: 30.65 g/s
Reynolds_number: 14,287,728
Stack prop output power: 1,224 kW, Pcomp: 11.0 kW
Cell efficiency: 0.286, Output efficiency: 0.269
mdot_h2: 30.65 g/s
Reynolds_number: 14,287,728
Stack prop output power: 1,224 kW, Pcomp: 63.3 kW
Cell efficiency: 0.304, Output efficiency: 0.274
mdot_h2: 30.06 g/s

-----------------------
ptotal_climb: 4,311 kW, mtom_est: 10,975 kg, mtom: 11,136 kg, residual: -160.48 kg

MTOM update: initial_bracket_probe_1, relax=1.000 -> mtom_next=10,356.32 kg

======================================================
======================= ITER 2 =======================
Reynolds_number: 14,287,728
Stack prop output power: 1,530 kW, Pcomp: 79.1 kW
Cell efficiency: 0.304, Output efficiency: 0.274
mdot_h2: 37.56 g/s
Reynolds_number: 14,287,728
Stack prop output power: 1,530 kW, Pcomp: 79.1 kW
Cell efficiency: 0.304, Output efficiency: 0.274
mdot_h2: 37.56 g/s
Reynolds_number: 14,287,728
Stack prop output power: 1,139 kW, Pcomp: 10.2 kW
Cell efficiency: 0.286, Output efficiency: 0.269
mdot_h2: 28.51 g/s
Reynolds_number: 14,287,728
Stack prop output power: 1,139 kW, Pcomp: 10.2 kW
Cell efficiency: 0.286, Output efficiency: 0.269
mdot_h2: 28.51 g/s
Reynolds_number: 14,287,728
Stack prop output power: 1,139 kW, Pcomp: 58.9 kW
Cell efficiency: 0.304, Output efficiency: 0.274
mdot_h2: 27.96 g/s

-----------------------
ptotal_climb: 4,009 kW, mtom_est: 10,375 kg, mtom: 10,356 kg, residual: +18.32 kg

MTOM update: newton, relax=1.000 -> mtom_next=10,436.19 kg

======================================================
======================= ITER 3 =======================
Reynolds_number: 14,287,728
Stack prop output power: 1,542 kW, Pcomp: 79.7 kW
Cell efficiency: 0.304, Output efficiency: 0.274
mdot_h2: 37.85 g/s
Reynolds_number: 14,287,728
Stack prop output power: 1,542 kW, Pcomp: 79.7 kW
Cell efficiency: 0.304, Output efficiency: 0.274
mdot_h2: 37.85 g/s
Reynolds_number: 14,287,728
Stack prop output power: 1,148 kW, Pcomp: 10.3 kW
Cell efficiency: 0.286, Output efficiency: 0.269
mdot_h2: 28.73 g/s
Reynolds_number: 14,287,728
Stack prop output power: 1,148 kW, Pcomp: 10.3 kW
Cell efficiency: 0.286, Output efficiency: 0.269
mdot_h2: 28.73 g/s
Reynolds_number: 14,287,728
Stack prop output power: 1,148 kW, Pcomp: 59.3 kW
Cell efficiency: 0.304, Output efficiency: 0.274
mdot_h2: 28.17 g/s

-----------------------
ptotal_climb: 4,040 kW, mtom_est: 10,431 kg, mtom: 10,436 kg, residual: -5.14 kg

MTOM update: newton, relax=1.000 -> mtom_next=10,418.69 kg

======================================================
======================= ITER 4 =======================
Reynolds_number: 14,287,728
Stack prop output power: 1,539 kW, Pcomp: 79.6 kW
Cell efficiency: 0.304, Output efficiency: 0.274
mdot_h2: 37.79 g/s
Reynolds_number: 14,287,728
Stack prop output power: 1,539 kW, Pcomp: 79.6 kW
Cell efficiency: 0.304, Output efficiency: 0.274
mdot_h2: 37.79 g/s
Reynolds_number: 14,287,728
Stack prop output power: 1,146 kW, Pcomp: 10.3 kW
Cell efficiency: 0.286, Output efficiency: 0.269
mdot_h2: 28.68 g/s
Reynolds_number: 14,287,728
Stack prop output power: 1,146 kW, Pcomp: 10.3 kW
Cell efficiency: 0.286, Output efficiency: 0.269
mdot_h2: 28.68 g/s
Reynolds_number: 14,287,728
Stack prop output power: 1,146 kW, Pcomp: 59.2 kW
Cell efficiency: 0.304, Output efficiency: 0.274
mdot_h2: 28.12 g/s

-----------------------
ptotal_climb: 4,033 kW, mtom_est: 10,418 kg, mtom: 10,419 kg, residual: -0.53 kg

Reynolds_number: 14,287,728
Stack prop output power: 1,539 kW, Pcomp: 79.6 kW
Cell efficiency: 0.304, Output efficiency: 0.274
mdot_h2: 37.79 g/s
Reynolds_number: 14,287,728
Stack prop output power: 1,539 kW, Pcomp: 79.6 kW
Cell efficiency: 0.304, Output efficiency: 0.274
mdot_h2: 37.79 g/s
Reynolds_number: 6,709,346
Stack prop output power: 1,146 kW, Pcomp: 10.0 kW
Cell efficiency: 0.305, Output efficiency: 0.287
mdot_h2: 26.86 g/s
Reynolds_number: 6,709,346
Stack prop output power: 1,146 kW, Pcomp: 10.0 kW
Cell efficiency: 0.305, Output efficiency: 0.287
mdot_h2: 26.86 g/s

CONVERGED
======================================================
======================= ITER 1 =======================
Reynolds_number: 14,287,728
Stack prop output power: 1,509 kW, Pcomp: 78.1 kW
Cell efficiency: 0.304, Output efficiency: 0.274
mdot_h2: 37.05 g/s
Reynolds_number: 14,287,728
Stack prop output power: 1,509 kW, Pcomp: 78.1 kW
Cell efficiency: 0.304, Output efficiency: 0.274
mdot_h2: 37.05 g/s
Reynolds_number: 14,287,728
Stack prop output power: 1,123 kW, Pcomp: 10.1 kW
Cell efficiency: 0.286, Output efficiency: 0.269
mdot_h2: 28.12 g/s
Reynolds_number: 14,287,728
Stack prop output power: 1,123 kW, Pcomp: 10.1 kW
Cell efficiency: 0.286, Output efficiency: 0.269
mdot_h2: 28.12 g/s
Reynolds_number: 14,287,728
Stack prop output power: 1,123 kW, Pcomp: 58.1 kW
Cell efficiency: 0.304, Output efficiency: 0.274
mdot_h2: 27.58 g/s

-----------------------
ptotal_climb: 3,955 kW, mtom_est: 10,275 kg, mtom: 10,418 kg, residual: -142.76 kg

MTOM update: initial_bracket_probe_1, relax=1.000 -> mtom_next=9,688.89 kg

======================================================
======================= ITER 2 =======================
Reynolds_number: 14,287,728
Stack prop output power: 1,404 kW, Pcomp: 72.6 kW
Cell efficiency: 0.304, Output efficiency: 0.274
mdot_h2: 34.46 g/s
Reynolds_number: 14,287,728
Stack prop output power: 1,404 kW, Pcomp: 72.6 kW
Cell efficiency: 0.304, Output efficiency: 0.274
mdot_h2: 34.46 g/s
Reynolds_number: 14,287,728
Stack prop output power: 1,045 kW, Pcomp: 9.4 kW
Cell efficiency: 0.286, Output efficiency: 0.269
mdot_h2: 26.15 g/s
Reynolds_number: 14,287,728
Stack prop output power: 1,045 kW, Pcomp: 9.4 kW
Cell efficiency: 0.286, Output efficiency: 0.269
mdot_h2: 26.15 g/s
Reynolds_number: 14,287,728
Stack prop output power: 1,045 kW, Pcomp: 54.0 kW
Cell efficiency: 0.304, Output efficiency: 0.274
mdot_h2: 25.65 g/s

-----------------------
ptotal_climb: 3,678 kW, mtom_est: 9,720 kg, mtom: 9,689 kg, residual: +31.37 kg

MTOM update: newton, relax=1.000 -> mtom_next=9,820.26 kg

======================================================
======================= ITER 3 =======================
Reynolds_number: 14,287,728
Stack prop output power: 1,423 kW, Pcomp: 73.6 kW
Cell efficiency: 0.304, Output efficiency: 0.274
mdot_h2: 34.93 g/s
Reynolds_number: 14,287,728
Stack prop output power: 1,423 kW, Pcomp: 73.6 kW
Cell efficiency: 0.304, Output efficiency: 0.274
mdot_h2: 34.93 g/s
Reynolds_number: 14,287,728
Stack prop output power: 1,059 kW, Pcomp: 9.5 kW
Cell efficiency: 0.286, Output efficiency: 0.269
mdot_h2: 26.51 g/s
Reynolds_number: 14,287,728
Stack prop output power: 1,059 kW, Pcomp: 9.5 kW
Cell efficiency: 0.286, Output efficiency: 0.269
mdot_h2: 26.51 g/s
Reynolds_number: 14,287,728
Stack prop output power: 1,059 kW, Pcomp: 54.8 kW
Cell efficiency: 0.304, Output efficiency: 0.274
mdot_h2: 25.99 g/s

-----------------------
ptotal_climb: 3,728 kW, mtom_est: 9,819 kg, mtom: 9,820 kg, residual: -0.81 kg

Reynolds_number: 14,287,728
Stack prop output power: 1,423 kW, Pcomp: 73.6 kW
Cell efficiency: 0.304, Output efficiency: 0.274
mdot_h2: 34.93 g/s
Reynolds_number: 14,287,728
Stack prop output power: 1,423 kW, Pcomp: 73.6 kW
Cell efficiency: 0.304, Output efficiency: 0.274
mdot_h2: 34.93 g/s
Reynolds_number: 6,709,346
Stack prop output power: 1,059 kW, Pcomp: 9.2 kW
Cell efficiency: 0.305, Output efficiency: 0.287
mdot_h2: 24.83 g/s
Reynolds_number: 6,709,346
Stack prop output power: 1,059 kW, Pcomp: 9.2 kW
Cell efficiency: 0.305, Output efficiency: 0.287
mdot_h2: 24.83 g/s

CONVERGED
======================================================
======================= ITER 1 =======================
Reynolds_number: 14,287,728
Stack prop output power: 1,396 kW, Pcomp: 72.2 kW
Cell efficiency: 0.304, Output efficiency: 0.274
mdot_h2: 34.26 g/s
Reynolds_number: 14,287,728
Stack prop output power: 1,396 kW, Pcomp: 72.2 kW
Cell efficiency: 0.304, Output efficiency: 0.274
mdot_h2: 34.26 g/s
Reynolds_number: 14,287,728
Stack prop output power: 1,039 kW, Pcomp: 9.3 kW
Cell efficiency: 0.286, Output efficiency: 0.269
mdot_h2: 26.01 g/s
Reynolds_number: 14,287,728
Stack prop output power: 1,039 kW, Pcomp: 9.3 kW
Cell efficiency: 0.286, Output efficiency: 0.269
mdot_h2: 26.01 g/s
Reynolds_number: 14,287,728
Stack prop output power: 1,039 kW, Pcomp: 53.7 kW
Cell efficiency: 0.304, Output efficiency: 0.274
mdot_h2: 25.50 g/s

-----------------------
ptotal_climb: 3,657 kW, mtom_est: 9,691 kg, mtom: 9,819 kg, residual: -128.65 kg

MTOM update: initial_bracket_probe_1, relax=1.000 -> mtom_next=9,132.09 kg

======================================================
======================= ITER 2 =======================
Reynolds_number: 14,287,728
Stack prop output power: 1,298 kW, Pcomp: 67.1 kW
Cell efficiency: 0.304, Output efficiency: 0.274
mdot_h2: 31.87 g/s
Reynolds_number: 14,287,728
Stack prop output power: 1,298 kW, Pcomp: 67.1 kW
Cell efficiency: 0.304, Output efficiency: 0.274
mdot_h2: 31.87 g/s
Reynolds_number: 14,287,728
Stack prop output power: 966 kW, Pcomp: 8.7 kW
Cell efficiency: 0.286, Output efficiency: 0.269
mdot_h2: 24.19 g/s
Reynolds_number: 14,287,728
Stack prop output power: 966 kW, Pcomp: 8.7 kW
Cell efficiency: 0.286, Output efficiency: 0.269
mdot_h2: 24.19 g/s
Reynolds_number: 14,287,728
Stack prop output power: 966 kW, Pcomp: 50.0 kW
Cell efficiency: 0.304, Output efficiency: 0.274
mdot_h2: 23.72 g/s

-----------------------
ptotal_climb: 3,401 kW, mtom_est: 9,178 kg, mtom: 9,132 kg, residual: +46.31 kg

MTOM update: newton, relax=1.000 -> mtom_next=9,314.03 kg

======================================================
======================= ITER 3 =======================
Reynolds_number: 14,287,728
Stack prop output power: 1,324 kW, Pcomp: 68.5 kW
Cell efficiency: 0.304, Output efficiency: 0.274
mdot_h2: 32.50 g/s
Reynolds_number: 14,287,728
Stack prop output power: 1,324 kW, Pcomp: 68.5 kW
Cell efficiency: 0.304, Output efficiency: 0.274
mdot_h2: 32.50 g/s
Reynolds_number: 14,287,728
Stack prop output power: 985 kW, Pcomp: 8.8 kW
Cell efficiency: 0.286, Output efficiency: 0.269
mdot_h2: 24.67 g/s
Reynolds_number: 14,287,728
Stack prop output power: 985 kW, Pcomp: 8.8 kW
Cell efficiency: 0.286, Output efficiency: 0.269
mdot_h2: 24.67 g/s
Reynolds_number: 14,287,728
Stack prop output power: 985 kW, Pcomp: 51.0 kW
Cell efficiency: 0.304, Output efficiency: 0.274
mdot_h2: 24.19 g/s

-----------------------
ptotal_climb: 3,469 kW, mtom_est: 9,314 kg, mtom: 9,314 kg, residual: +0.11 kg

Reynolds_number: 14,287,728
Stack prop output power: 1,324 kW, Pcomp: 68.5 kW
Cell efficiency: 0.304, Output efficiency: 0.274
mdot_h2: 32.50 g/s
Reynolds_number: 14,287,728
Stack prop output power: 1,324 kW, Pcomp: 68.5 kW
Cell efficiency: 0.304, Output efficiency: 0.274
mdot_h2: 32.50 g/s
Reynolds_number: 6,709,346
Stack prop output power: 985 kW, Pcomp: 8.6 kW
Cell efficiency: 0.305, Output efficiency: 0.287
mdot_h2: 23.10 g/s
Reynolds_number: 6,709,346
Stack prop output power: 985 kW, Pcomp: 8.6 kW
Cell efficiency: 0.305, Output efficiency: 0.287
mdot_h2: 23.10 g/s

CONVERGED
======================================================
======================= ITER 1 =======================
Reynolds_number: 14,287,728
Stack prop output power: 1,300 kW, Pcomp: 67.2 kW
Cell efficiency: 0.304, Output efficiency: 0.274
mdot_h2: 31.91 g/s
Reynolds_number: 14,287,728
Stack prop output power: 1,300 kW, Pcomp: 67.2 kW
Cell efficiency: 0.304, Output efficiency: 0.274
mdot_h2: 31.91 g/s
Reynolds_number: 14,287,728
Stack prop output power: 967 kW, Pcomp: 8.7 kW
Cell efficiency: 0.286, Output efficiency: 0.269
mdot_h2: 24.22 g/s
Reynolds_number: 14,287,728
Stack prop output power: 967 kW, Pcomp: 8.7 kW
Cell efficiency: 0.286, Output efficiency: 0.269
mdot_h2: 24.22 g/s
Reynolds_number: 14,287,728
Stack prop output power: 967 kW, Pcomp: 50.0 kW
Cell efficiency: 0.304, Output efficiency: 0.274
mdot_h2: 23.75 g/s

-----------------------
ptotal_climb: 3,406 kW, mtom_est: 9,200 kg, mtom: 9,314 kg, residual: -114.55 kg

MTOM update: initial_bracket_probe_1, relax=1.000 -> mtom_next=8,662.16 kg

======================================================
======================= ITER 2 =======================
Reynolds_number: 14,287,728
Stack prop output power: 1,209 kW, Pcomp: 62.5 kW
Cell efficiency: 0.304, Output efficiency: 0.274
mdot_h2: 29.67 g/s
Reynolds_number: 14,287,728
Stack prop output power: 1,209 kW, Pcomp: 62.5 kW
Cell efficiency: 0.304, Output efficiency: 0.274
mdot_h2: 29.67 g/s
Reynolds_number: 14,287,728
Stack prop output power: 900 kW, Pcomp: 8.1 kW
Cell efficiency: 0.286, Output efficiency: 0.269
mdot_h2: 22.52 g/s
Reynolds_number: 14,287,728
Stack prop output power: 900 kW, Pcomp: 8.1 kW
Cell efficiency: 0.286, Output efficiency: 0.269
mdot_h2: 22.52 g/s
Reynolds_number: 14,287,728
Stack prop output power: 900 kW, Pcomp: 46.5 kW
Cell efficiency: 0.304, Output efficiency: 0.274
mdot_h2: 22.08 g/s

-----------------------
ptotal_climb: 3,167 kW, mtom_est: 8,722 kg, mtom: 8,662 kg, residual: +59.77 kg

MTOM update: newton, relax=1.000 -> mtom_next=8,885.71 kg

======================================================
======================= ITER 3 =======================
Reynolds_number: 14,287,728
Stack prop output power: 1,240 kW, Pcomp: 64.1 kW
Cell efficiency: 0.304, Output efficiency: 0.274
mdot_h2: 30.44 g/s
Reynolds_number: 14,287,728
Stack prop output power: 1,240 kW, Pcomp: 64.1 kW
Cell efficiency: 0.304, Output efficiency: 0.274
mdot_h2: 30.44 g/s
Reynolds_number: 14,287,728
Stack prop output power: 923 kW, Pcomp: 8.3 kW
Cell efficiency: 0.286, Output efficiency: 0.269
mdot_h2: 23.10 g/s
Reynolds_number: 14,287,728
Stack prop output power: 923 kW, Pcomp: 8.3 kW
Cell efficiency: 0.286, Output efficiency: 0.269
mdot_h2: 23.10 g/s
Reynolds_number: 14,287,728
Stack prop output power: 923 kW, Pcomp: 47.7 kW
Cell efficiency: 0.304, Output efficiency: 0.274
mdot_h2: 22.65 g/s

-----------------------
ptotal_climb: 3,249 kW, mtom_est: 8,885 kg, mtom: 8,886 kg, residual: -0.48 kg

Reynolds_number: 14,287,728
Stack prop output power: 1,240 kW, Pcomp: 64.1 kW
Cell efficiency: 0.304, Output efficiency: 0.274
mdot_h2: 30.44 g/s
Reynolds_number: 14,287,728
Stack prop output power: 1,240 kW, Pcomp: 64.1 kW
Cell efficiency: 0.304, Output efficiency: 0.274
mdot_h2: 30.44 g/s
Reynolds_number: 6,709,346
Stack prop output power: 923 kW, Pcomp: 8.0 kW
Cell efficiency: 0.305, Output efficiency: 0.287
mdot_h2: 21.64 g/s
Reynolds_number: 6,709,346
Stack prop output power: 923 kW, Pcomp: 8.0 kW
Cell efficiency: 0.305, Output efficiency: 0.287
mdot_h2: 21.64 g/s

CONVERGED
======================================================
======================= ITER 1 =======================
Reynolds_number: 14,287,728
Stack prop output power: 1,218 kW, Pcomp: 63.0 kW
Cell efficiency: 0.304, Output efficiency: 0.274
mdot_h2: 29.90 g/s
Reynolds_number: 14,287,728
Stack prop output power: 1,218 kW, Pcomp: 63.0 kW
Cell efficiency: 0.304, Output efficiency: 0.274
mdot_h2: 29.90 g/s
Reynolds_number: 14,287,728
Stack prop output power: 906 kW, Pcomp: 8.1 kW
Cell efficiency: 0.286, Output efficiency: 0.269
mdot_h2: 22.69 g/s
Reynolds_number: 14,287,728
Stack prop output power: 906 kW, Pcomp: 8.1 kW
Cell efficiency: 0.286, Output efficiency: 0.269
mdot_h2: 22.69 g/s
Reynolds_number: 14,287,728
Stack prop output power: 906 kW, Pcomp: 46.9 kW
Cell efficiency: 0.304, Output efficiency: 0.274
mdot_h2: 22.25 g/s

-----------------------
ptotal_climb: 3,191 kW, mtom_est: 8,784 kg, mtom: 8,885 kg, residual: -101.62 kg

MTOM update: initial_bracket_probe_1, relax=1.000 -> mtom_next=8,263.26 kg

======================================================
======================= ITER 2 =======================
Reynolds_number: 14,287,728
Stack prop output power: 1,133 kW, Pcomp: 58.6 kW
Cell efficiency: 0.304, Output efficiency: 0.274
mdot_h2: 27.80 g/s
Reynolds_number: 14,287,728
Stack prop output power: 1,133 kW, Pcomp: 58.6 kW
Cell efficiency: 0.304, Output efficiency: 0.274
mdot_h2: 27.80 g/s
Reynolds_number: 14,287,728
Stack prop output power: 843 kW, Pcomp: 7.6 kW
Cell efficiency: 0.286, Output efficiency: 0.269
mdot_h2: 21.10 g/s
Reynolds_number: 14,287,728
Stack prop output power: 843 kW, Pcomp: 7.6 kW
Cell efficiency: 0.286, Output efficiency: 0.269
mdot_h2: 21.10 g/s
Reynolds_number: 14,287,728
Stack prop output power: 843 kW, Pcomp: 43.6 kW
Cell efficiency: 0.304, Output efficiency: 0.274
mdot_h2: 20.69 g/s

-----------------------
ptotal_climb: 2,968 kW, mtom_est: 8,334 kg, mtom: 8,263 kg, residual: +70.38 kg

MTOM update: newton, relax=1.000 -> mtom_next=8,517.75 kg

======================================================
======================= ITER 3 =======================
Reynolds_number: 14,287,728
Stack prop output power: 1,167 kW, Pcomp: 60.4 kW
Cell efficiency: 0.304, Output efficiency: 0.274
mdot_h2: 28.66 g/s
Reynolds_number: 14,287,728
Stack prop output power: 1,167 kW, Pcomp: 60.4 kW
Cell efficiency: 0.304, Output efficiency: 0.274
mdot_h2: 28.66 g/s
Reynolds_number: 14,287,728
Stack prop output power: 869 kW, Pcomp: 7.8 kW
Cell efficiency: 0.286, Output efficiency: 0.269
mdot_h2: 21.75 g/s
Reynolds_number: 14,287,728
Stack prop output power: 869 kW, Pcomp: 7.8 kW
Cell efficiency: 0.286, Output efficiency: 0.269
mdot_h2: 21.75 g/s
Reynolds_number: 14,287,728
Stack prop output power: 869 kW, Pcomp: 44.9 kW
Cell efficiency: 0.304, Output efficiency: 0.274
mdot_h2: 21.33 g/s

-----------------------
ptotal_climb: 3,059 kW, mtom_est: 8,521 kg, mtom: 8,518 kg, residual: +3.41 kg

Reynolds_number: 14,287,728
Stack prop output power: 1,167 kW, Pcomp: 60.4 kW
Cell efficiency: 0.304, Output efficiency: 0.274
mdot_h2: 28.66 g/s
Reynolds_number: 14,287,728
Stack prop output power: 1,167 kW, Pcomp: 60.4 kW
Cell efficiency: 0.304, Output efficiency: 0.274
mdot_h2: 28.66 g/s
Reynolds_number: 6,709,346
Stack prop output power: 869 kW, Pcomp: 7.6 kW
Cell efficiency: 0.305, Output efficiency: 0.287
mdot_h2: 20.37 g/s
Reynolds_number: 6,709,346
Stack prop output power: 869 kW, Pcomp: 7.6 kW
Cell efficiency: 0.305, Output efficiency: 0.287
mdot_h2: 20.37 g/s

CONVERGED
======================================================
======================= ITER 1 =======================
Reynolds_number: 14,287,728
Stack prop output power: 1,148 kW, Pcomp: 59.4 kW
Cell efficiency: 0.304, Output efficiency: 0.274
mdot_h2: 28.18 g/s
Reynolds_number: 14,287,728
Stack prop output power: 1,148 kW, Pcomp: 59.4 kW
Cell efficiency: 0.304, Output efficiency: 0.274
mdot_h2: 28.18 g/s
Reynolds_number: 14,287,728
Stack prop output power: 854 kW, Pcomp: 7.7 kW
Cell efficiency: 0.286, Output efficiency: 0.269
mdot_h2: 21.38 g/s
Reynolds_number: 14,287,728
Stack prop output power: 854 kW, Pcomp: 7.7 kW
Cell efficiency: 0.286, Output efficiency: 0.269
mdot_h2: 21.38 g/s
Reynolds_number: 14,287,728
Stack prop output power: 854 kW, Pcomp: 44.2 kW
Cell efficiency: 0.304, Output efficiency: 0.274
mdot_h2: 20.97 g/s

-----------------------
ptotal_climb: 3,008 kW, mtom_est: 8,423 kg, mtom: 8,521 kg, residual: -98.49 kg

MTOM update: initial_bracket_probe_1, relax=1.000 -> mtom_next=7,924.68 kg

======================================================
======================= ITER 2 =======================
Reynolds_number: 14,287,728
Stack prop output power: 1,067 kW, Pcomp: 55.2 kW
Cell efficiency: 0.304, Output efficiency: 0.274
mdot_h2: 26.20 g/s
Reynolds_number: 14,287,728
Stack prop output power: 1,067 kW, Pcomp: 55.2 kW
Cell efficiency: 0.304, Output efficiency: 0.274
mdot_h2: 26.20 g/s
Reynolds_number: 14,287,728
Stack prop output power: 794 kW, Pcomp: 7.1 kW
Cell efficiency: 0.286, Output efficiency: 0.269
mdot_h2: 19.89 g/s
Reynolds_number: 14,287,728
Stack prop output power: 794 kW, Pcomp: 7.1 kW
Cell efficiency: 0.286, Output efficiency: 0.269
mdot_h2: 19.89 g/s
Reynolds_number: 14,287,728
Stack prop output power: 794 kW, Pcomp: 41.1 kW
Cell efficiency: 0.304, Output efficiency: 0.274
mdot_h2: 19.50 g/s

-----------------------
ptotal_climb: 2,797 kW, mtom_est: 8,001 kg, mtom: 7,925 kg, residual: +76.49 kg

MTOM update: newton, relax=1.000 -> mtom_next=8,185.42 kg

======================================================
======================= ITER 3 =======================
Reynolds_number: 14,287,728
Stack prop output power: 1,103 kW, Pcomp: 57.0 kW
Cell efficiency: 0.304, Output efficiency: 0.274
mdot_h2: 27.07 g/s
Reynolds_number: 14,287,728
Stack prop output power: 1,103 kW, Pcomp: 57.0 kW
Cell efficiency: 0.304, Output efficiency: 0.274
mdot_h2: 27.07 g/s
Reynolds_number: 14,287,728
Stack prop output power: 821 kW, Pcomp: 7.4 kW
Cell efficiency: 0.286, Output efficiency: 0.269
mdot_h2: 20.54 g/s
Reynolds_number: 14,287,728
Stack prop output power: 821 kW, Pcomp: 7.4 kW
Cell efficiency: 0.286, Output efficiency: 0.269
mdot_h2: 20.54 g/s
Reynolds_number: 14,287,728
Stack prop output power: 821 kW, Pcomp: 42.4 kW
Cell efficiency: 0.304, Output efficiency: 0.274
mdot_h2: 20.14 g/s

-----------------------
ptotal_climb: 2,889 kW, mtom_est: 8,186 kg, mtom: 8,185 kg, residual: +0.52 kg

Reynolds_number: 14,287,728
Stack prop output power: 1,103 kW, Pcomp: 57.0 kW
Cell efficiency: 0.304, Output efficiency: 0.274
mdot_h2: 27.07 g/s
Reynolds_number: 14,287,728
Stack prop output power: 1,103 kW, Pcomp: 57.0 kW
Cell efficiency: 0.304, Output efficiency: 0.274
mdot_h2: 27.07 g/s
Reynolds_number: 6,709,346
Stack prop output power: 821 kW, Pcomp: 7.1 kW
Cell efficiency: 0.305, Output efficiency: 0.287
mdot_h2: 19.24 g/s
Reynolds_number: 6,709,346
Stack prop output power: 821 kW, Pcomp: 7.1 kW
Cell efficiency: 0.305, Output efficiency: 0.287
mdot_h2: 19.24 g/s

CONVERGED
======================================================
======================= ITER 1 =======================
Reynolds_number: 14,287,728
Stack prop output power: 1,084 kW, Pcomp: 56.1 kW
Cell efficiency: 0.304, Output efficiency: 0.274
mdot_h2: 26.61 g/s
Reynolds_number: 14,287,728
Stack prop output power: 1,084 kW, Pcomp: 56.1 kW
Cell efficiency: 0.304, Output efficiency: 0.274
mdot_h2: 26.61 g/s
Reynolds_number: 14,287,728
Stack prop output power: 807 kW, Pcomp: 7.2 kW
Cell efficiency: 0.286, Output efficiency: 0.269
mdot_h2: 20.20 g/s
Reynolds_number: 14,287,728
Stack prop output power: 807 kW, Pcomp: 7.2 kW
Cell efficiency: 0.286, Output efficiency: 0.269
mdot_h2: 20.20 g/s
Reynolds_number: 14,287,728
Stack prop output power: 807 kW, Pcomp: 41.7 kW
Cell efficiency: 0.304, Output efficiency: 0.274
mdot_h2: 19.81 g/s

-----------------------
ptotal_climb: 2,841 kW, mtom_est: 8,098 kg, mtom: 8,186 kg, residual: -87.89 kg

MTOM update: initial_bracket_probe_1, relax=1.000 -> mtom_next=7,612.92 kg

======================================================
======================= ITER 2 =======================
Reynolds_number: 14,287,728
Stack prop output power: 1,008 kW, Pcomp: 52.1 kW
Cell efficiency: 0.304, Output efficiency: 0.274
mdot_h2: 24.75 g/s
Reynolds_number: 14,287,728
Stack prop output power: 1,008 kW, Pcomp: 52.1 kW
Cell efficiency: 0.304, Output efficiency: 0.274
mdot_h2: 24.75 g/s
Reynolds_number: 14,287,728
Stack prop output power: 750 kW, Pcomp: 6.7 kW
Cell efficiency: 0.286, Output efficiency: 0.269
mdot_h2: 18.78 g/s
Reynolds_number: 14,287,728
Stack prop output power: 750 kW, Pcomp: 6.7 kW
Cell efficiency: 0.286, Output efficiency: 0.269
mdot_h2: 18.78 g/s
Reynolds_number: 14,287,728
Stack prop output power: 750 kW, Pcomp: 38.8 kW
Cell efficiency: 0.304, Output efficiency: 0.274
mdot_h2: 18.42 g/s

-----------------------
ptotal_climb: 2,642 kW, mtom_est: 7,701 kg, mtom: 7,613 kg, residual: +87.78 kg

MTOM update: newton, relax=1.000 -> mtom_next=7,899.24 kg

======================================================
======================= ITER 3 =======================
Reynolds_number: 14,287,728
Stack prop output power: 1,046 kW, Pcomp: 54.1 kW
Cell efficiency: 0.304, Output efficiency: 0.274
mdot_h2: 25.68 g/s
Reynolds_number: 14,287,728
Stack prop output power: 1,046 kW, Pcomp: 54.1 kW
Cell efficiency: 0.304, Output efficiency: 0.274
mdot_h2: 25.68 g/s
Reynolds_number: 14,287,728
Stack prop output power: 779 kW, Pcomp: 7.0 kW
Cell efficiency: 0.286, Output efficiency: 0.269
mdot_h2: 19.49 g/s
Reynolds_number: 14,287,728
Stack prop output power: 779 kW, Pcomp: 7.0 kW
Cell efficiency: 0.286, Output efficiency: 0.269
mdot_h2: 19.49 g/s
Reynolds_number: 14,287,728
Stack prop output power: 779 kW, Pcomp: 40.3 kW
Cell efficiency: 0.304, Output efficiency: 0.274
mdot_h2: 19.11 g/s

-----------------------
ptotal_climb: 2,741 kW, mtom_est: 7,899 kg, mtom: 7,899 kg, residual: -0.20 kg

Reynolds_number: 14,287,728
Stack prop output power: 1,046 kW, Pcomp: 54.1 kW
Cell efficiency: 0.304, Output efficiency: 0.274
mdot_h2: 25.68 g/s
Reynolds_number: 14,287,728
Stack prop output power: 1,046 kW, Pcomp: 54.1 kW
Cell efficiency: 0.304, Output efficiency: 0.274
mdot_h2: 25.68 g/s
Reynolds_number: 6,709,346
Stack prop output power: 779 kW, Pcomp: 6.8 kW
Cell efficiency: 0.305, Output efficiency: 0.287
mdot_h2: 18.26 g/s
Reynolds_number: 6,709,346
Stack prop output power: 779 kW, Pcomp: 6.8 kW
Cell efficiency: 0.305, Output efficiency: 0.287
mdot_h2: 18.26 g/s

CONVERGED
======================================================
======================= ITER 1 =======================
Reynolds_number: 14,287,728
Stack prop output power: 1,029 kW, Pcomp: 53.2 kW
Cell efficiency: 0.304, Output efficiency: 0.274
mdot_h2: 25.26 g/s
Reynolds_number: 14,287,728
Stack prop output power: 1,029 kW, Pcomp: 53.2 kW
Cell efficiency: 0.304, Output efficiency: 0.274
mdot_h2: 25.26 g/s
Reynolds_number: 14,287,728
Stack prop output power: 766 kW, Pcomp: 6.9 kW
Cell efficiency: 0.286, Output efficiency: 0.269
mdot_h2: 19.17 g/s
Reynolds_number: 14,287,728
Stack prop output power: 766 kW, Pcomp: 6.9 kW
Cell efficiency: 0.286, Output efficiency: 0.269
mdot_h2: 19.17 g/s
Reynolds_number: 14,287,728
Stack prop output power: 766 kW, Pcomp: 39.6 kW
Cell efficiency: 0.304, Output efficiency: 0.274
mdot_h2: 18.80 g/s

-----------------------
ptotal_climb: 2,697 kW, mtom_est: 7,817 kg, mtom: 7,899 kg, residual: -81.74 kg

MTOM update: initial_bracket_probe_1, relax=1.000 -> mtom_next=7,346.11 kg

======================================================
======================= ITER 2 =======================
Reynolds_number: 14,287,728
Stack prop output power: 957 kW, Pcomp: 49.5 kW
Cell efficiency: 0.304, Output efficiency: 0.274
mdot_h2: 23.49 g/s
Reynolds_number: 14,287,728
Stack prop output power: 957 kW, Pcomp: 49.5 kW
Cell efficiency: 0.304, Output efficiency: 0.274
mdot_h2: 23.49 g/s
Reynolds_number: 14,287,728
Stack prop output power: 712 kW, Pcomp: 6.4 kW
Cell efficiency: 0.286, Output efficiency: 0.269
mdot_h2: 17.83 g/s
Reynolds_number: 14,287,728
Stack prop output power: 712 kW, Pcomp: 6.4 kW
Cell efficiency: 0.286, Output efficiency: 0.269
mdot_h2: 17.83 g/s
Reynolds_number: 14,287,728
Stack prop output power: 712 kW, Pcomp: 36.8 kW
Cell efficiency: 0.304, Output efficiency: 0.274
mdot_h2: 17.48 g/s

-----------------------
ptotal_climb: 2,508 kW, mtom_est: 7,441 kg, mtom: 7,346 kg, residual: +94.81 kg

MTOM update: newton, relax=0.300 -> mtom_next=7,435.19 kg

======================================================
======================= ITER 3 =======================
Reynolds_number: 14,287,728
Stack prop output power: 969 kW, Pcomp: 50.1 kW
Cell efficiency: 0.304, Output efficiency: 0.274
mdot_h2: 23.78 g/s
Reynolds_number: 14,287,728
Stack prop output power: 969 kW, Pcomp: 50.1 kW
Cell efficiency: 0.304, Output efficiency: 0.274
mdot_h2: 23.78 g/s
Reynolds_number: 14,287,728
Stack prop output power: 721 kW, Pcomp: 6.5 kW
Cell efficiency: 0.286, Output efficiency: 0.269
mdot_h2: 18.05 g/s
Reynolds_number: 14,287,728
Stack prop output power: 721 kW, Pcomp: 6.5 kW
Cell efficiency: 0.286, Output efficiency: 0.269
mdot_h2: 18.05 g/s
Reynolds_number: 14,287,728
Stack prop output power: 721 kW, Pcomp: 37.3 kW
Cell efficiency: 0.304, Output efficiency: 0.274
mdot_h2: 17.70 g/s

-----------------------
ptotal_climb: 2,538 kW, mtom_est: 7,501 kg, mtom: 7,435 kg, residual: +65.76 kg

MTOM update: newton, relax=0.360 -> mtom_next=7,507.76 kg

======================================================
======================= ITER 4 =======================
Reynolds_number: 14,287,728
Stack prop output power: 978 kW, Pcomp: 50.6 kW
Cell efficiency: 0.304, Output efficiency: 0.274
mdot_h2: 24.01 g/s
Reynolds_number: 14,287,728
Stack prop output power: 978 kW, Pcomp: 50.6 kW
Cell efficiency: 0.304, Output efficiency: 0.274
mdot_h2: 24.01 g/s
Reynolds_number: 14,287,728
Stack prop output power: 728 kW, Pcomp: 6.5 kW
Cell efficiency: 0.286, Output efficiency: 0.269
mdot_h2: 18.22 g/s
Reynolds_number: 14,287,728
Stack prop output power: 728 kW, Pcomp: 6.5 kW
Cell efficiency: 0.286, Output efficiency: 0.269
mdot_h2: 18.22 g/s
Reynolds_number: 14,287,728
Stack prop output power: 728 kW, Pcomp: 37.6 kW
Cell efficiency: 0.304, Output efficiency: 0.274
mdot_h2: 17.87 g/s

-----------------------
ptotal_climb: 2,563 kW, mtom_est: 7,550 kg, mtom: 7,508 kg, residual: +42.57 kg

MTOM update: newton, relax=0.432 -> mtom_next=7,565.30 kg

======================================================
======================= ITER 5 =======================
Reynolds_number: 14,287,728
Stack prop output power: 986 kW, Pcomp: 51.0 kW
Cell efficiency: 0.304, Output efficiency: 0.274
mdot_h2: 24.19 g/s
Reynolds_number: 14,287,728
Stack prop output power: 986 kW, Pcomp: 51.0 kW
Cell efficiency: 0.304, Output efficiency: 0.274
mdot_h2: 24.19 g/s
Reynolds_number: 14,287,728
Stack prop output power: 733 kW, Pcomp: 6.6 kW
Cell efficiency: 0.286, Output efficiency: 0.269
mdot_h2: 18.36 g/s
Reynolds_number: 14,287,728
Stack prop output power: 733 kW, Pcomp: 6.6 kW
Cell efficiency: 0.286, Output efficiency: 0.269
mdot_h2: 18.36 g/s
Reynolds_number: 14,287,728
Stack prop output power: 733 kW, Pcomp: 37.9 kW
Cell efficiency: 0.304, Output efficiency: 0.274
mdot_h2: 18.01 g/s

-----------------------
ptotal_climb: 2,583 kW, mtom_est: 7,590 kg, mtom: 7,565 kg, residual: +24.71 kg

MTOM update: newton, relax=0.518 -> mtom_next=7,606.58 kg

======================================================
======================= ITER 6 =======================
Reynolds_number: 14,287,728
Stack prop output power: 991 kW, Pcomp: 51.2 kW
Cell efficiency: 0.304, Output efficiency: 0.274
mdot_h2: 24.33 g/s
Reynolds_number: 14,287,728
Stack prop output power: 991 kW, Pcomp: 51.2 kW
Cell efficiency: 0.304, Output efficiency: 0.274
mdot_h2: 24.33 g/s
Reynolds_number: 14,287,728
Stack prop output power: 737 kW, Pcomp: 6.6 kW
Cell efficiency: 0.286, Output efficiency: 0.269
mdot_h2: 18.46 g/s
Reynolds_number: 14,287,728
Stack prop output power: 737 kW, Pcomp: 6.6 kW
Cell efficiency: 0.286, Output efficiency: 0.269
mdot_h2: 18.46 g/s
Reynolds_number: 14,287,728
Stack prop output power: 737 kW, Pcomp: 38.1 kW
Cell efficiency: 0.304, Output efficiency: 0.274
mdot_h2: 18.10 g/s

-----------------------
ptotal_climb: 2,597 kW, mtom_est: 7,618 kg, mtom: 7,607 kg, residual: +11.37 kg

MTOM update: newton, relax=0.622 -> mtom_next=7,628.47 kg

======================================================
======================= ITER 7 =======================
Reynolds_number: 14,287,728
Stack prop output power: 994 kW, Pcomp: 51.4 kW
Cell efficiency: 0.304, Output efficiency: 0.274
mdot_h2: 24.40 g/s
Reynolds_number: 14,287,728
Stack prop output power: 994 kW, Pcomp: 51.4 kW
Cell efficiency: 0.304, Output efficiency: 0.274
mdot_h2: 24.40 g/s
Reynolds_number: 14,287,728
Stack prop output power: 740 kW, Pcomp: 6.6 kW
Cell efficiency: 0.286, Output efficiency: 0.269
mdot_h2: 18.52 g/s
Reynolds_number: 14,287,728
Stack prop output power: 740 kW, Pcomp: 6.6 kW
Cell efficiency: 0.286, Output efficiency: 0.269
mdot_h2: 18.52 g/s
Reynolds_number: 14,287,728
Stack prop output power: 740 kW, Pcomp: 38.2 kW
Cell efficiency: 0.304, Output efficiency: 0.274
mdot_h2: 18.16 g/s

-----------------------
ptotal_climb: 2,604 kW, mtom_est: 7,633 kg, mtom: 7,628 kg, residual: +4.88 kg

Reynolds_number: 14,287,728
Stack prop output power: 994 kW, Pcomp: 51.4 kW
Cell efficiency: 0.304, Output efficiency: 0.274
mdot_h2: 24.40 g/s
Reynolds_number: 14,287,728
Stack prop output power: 994 kW, Pcomp: 51.4 kW
Cell efficiency: 0.304, Output efficiency: 0.274
mdot_h2: 24.40 g/s
Reynolds_number: 6,709,346
Stack prop output power: 740 kW, Pcomp: 6.4 kW
Cell efficiency: 0.305, Output efficiency: 0.287
mdot_h2: 17.34 g/s
Reynolds_number: 6,709,346
Stack prop output power: 740 kW, Pcomp: 6.4 kW
Cell efficiency: 0.305, Output efficiency: 0.287
mdot_h2: 17.34 g/s

CONVERGED
======================================================
======================= ITER 1 =======================
Reynolds_number: 14,287,728
Stack prop output power: 979 kW, Pcomp: 50.6 kW
Cell efficiency: 0.304, Output efficiency: 0.274
mdot_h2: 24.02 g/s
Reynolds_number: 14,287,728
Stack prop output power: 979 kW, Pcomp: 50.6 kW
Cell efficiency: 0.304, Output efficiency: 0.274
mdot_h2: 24.02 g/s
Reynolds_number: 14,287,728
Stack prop output power: 728 kW, Pcomp: 6.5 kW
Cell efficiency: 0.286, Output efficiency: 0.269
mdot_h2: 18.23 g/s
Reynolds_number: 14,287,728
Stack prop output power: 728 kW, Pcomp: 6.5 kW
Cell efficiency: 0.286, Output efficiency: 0.269
mdot_h2: 18.23 g/s
Reynolds_number: 14,287,728
Stack prop output power: 728 kW, Pcomp: 37.7 kW
Cell efficiency: 0.304, Output efficiency: 0.274
mdot_h2: 17.88 g/s

-----------------------
ptotal_climb: 2,565 kW, mtom_est: 7,562 kg, mtom: 7,633 kg, residual: -71.27 kg

MTOM update: initial_bracket_probe_1, relax=1.000 -> mtom_next=7,099.02 kg

======================================================
======================= ITER 2 =======================
Reynolds_number: 14,287,728
Stack prop output power: 910 kW, Pcomp: 47.1 kW
Cell efficiency: 0.304, Output efficiency: 0.274
mdot_h2: 22.34 g/s
Reynolds_number: 14,287,728
Stack prop output power: 910 kW, Pcomp: 47.1 kW
Cell efficiency: 0.304, Output efficiency: 0.274
mdot_h2: 22.34 g/s
Reynolds_number: 14,287,728
Stack prop output power: 677 kW, Pcomp: 6.1 kW
Cell efficiency: 0.286, Output efficiency: 0.269
mdot_h2: 16.96 g/s
Reynolds_number: 14,287,728
Stack prop output power: 677 kW, Pcomp: 6.1 kW
Cell efficiency: 0.286, Output efficiency: 0.269
mdot_h2: 16.96 g/s
Reynolds_number: 14,287,728
Stack prop output power: 677 kW, Pcomp: 35.0 kW
Cell efficiency: 0.304, Output efficiency: 0.274
mdot_h2: 16.63 g/s

-----------------------
ptotal_climb: 2,385 kW, mtom_est: 7,203 kg, mtom: 7,099 kg, residual: +103.49 kg

MTOM update: newton, relax=0.300 -> mtom_next=7,193.95 kg

======================================================
======================= ITER 3 =======================
Reynolds_number: 14,287,728
Stack prop output power: 922 kW, Pcomp: 47.7 kW
Cell efficiency: 0.304, Output efficiency: 0.274
mdot_h2: 22.64 g/s
Reynolds_number: 14,287,728
Stack prop output power: 922 kW, Pcomp: 47.7 kW
Cell efficiency: 0.304, Output efficiency: 0.274
mdot_h2: 22.64 g/s
Reynolds_number: 14,287,728
Stack prop output power: 686 kW, Pcomp: 6.2 kW
Cell efficiency: 0.286, Output efficiency: 0.269
mdot_h2: 17.18 g/s
Reynolds_number: 14,287,728
Stack prop output power: 686 kW, Pcomp: 6.2 kW
Cell efficiency: 0.286, Output efficiency: 0.269
mdot_h2: 17.18 g/s
Reynolds_number: 14,287,728
Stack prop output power: 686 kW, Pcomp: 35.5 kW
Cell efficiency: 0.304, Output efficiency: 0.274
mdot_h2: 16.85 g/s

-----------------------
ptotal_climb: 2,417 kW, mtom_est: 7,266 kg, mtom: 7,194 kg, residual: +72.52 kg

MTOM update: newton, relax=0.360 -> mtom_next=7,273.97 kg

======================================================
======================= ITER 4 =======================
Reynolds_number: 14,287,728
Stack prop output power: 933 kW, Pcomp: 48.2 kW
Cell efficiency: 0.304, Output efficiency: 0.274
mdot_h2: 22.89 g/s
Reynolds_number: 14,287,728
Stack prop output power: 933 kW, Pcomp: 48.2 kW
Cell efficiency: 0.304, Output efficiency: 0.274
mdot_h2: 22.89 g/s
Reynolds_number: 14,287,728
Stack prop output power: 694 kW, Pcomp: 6.2 kW
Cell efficiency: 0.286, Output efficiency: 0.269
mdot_h2: 17.38 g/s
Reynolds_number: 14,287,728
Stack prop output power: 694 kW, Pcomp: 6.2 kW
Cell efficiency: 0.286, Output efficiency: 0.269
mdot_h2: 17.38 g/s
Reynolds_number: 14,287,728
Stack prop output power: 694 kW, Pcomp: 35.9 kW
Cell efficiency: 0.304, Output efficiency: 0.274
mdot_h2: 17.04 g/s

-----------------------
ptotal_climb: 2,444 kW, mtom_est: 7,320 kg, mtom: 7,274 kg, residual: +45.81 kg

MTOM update: newton, relax=0.432 -> mtom_next=7,333.27 kg

======================================================
======================= ITER 5 =======================
Reynolds_number: 14,287,728
Stack prop output power: 940 kW, Pcomp: 48.6 kW
Cell efficiency: 0.304, Output efficiency: 0.274
mdot_h2: 23.08 g/s
Reynolds_number: 14,287,728
Stack prop output power: 940 kW, Pcomp: 48.6 kW
Cell efficiency: 0.304, Output efficiency: 0.274
mdot_h2: 23.08 g/s
Reynolds_number: 14,287,728
Stack prop output power: 700 kW, Pcomp: 6.3 kW
Cell efficiency: 0.286, Output efficiency: 0.269
mdot_h2: 17.52 g/s
Reynolds_number: 14,287,728
Stack prop output power: 700 kW, Pcomp: 6.3 kW
Cell efficiency: 0.286, Output efficiency: 0.269
mdot_h2: 17.52 g/s
Reynolds_number: 14,287,728
Stack prop output power: 700 kW, Pcomp: 36.2 kW
Cell efficiency: 0.304, Output efficiency: 0.274
mdot_h2: 17.18 g/s

-----------------------
ptotal_climb: 2,464 kW, mtom_est: 7,360 kg, mtom: 7,333 kg, residual: +26.67 kg

MTOM update: newton, relax=0.518 -> mtom_next=7,376.09 kg

======================================================
======================= ITER 6 =======================
Reynolds_number: 14,287,728
Stack prop output power: 946 kW, Pcomp: 48.9 kW
Cell efficiency: 0.304, Output efficiency: 0.274
mdot_h2: 23.21 g/s
Reynolds_number: 14,287,728
Stack prop output power: 946 kW, Pcomp: 48.9 kW
Cell efficiency: 0.304, Output efficiency: 0.274
mdot_h2: 23.21 g/s
Reynolds_number: 14,287,728
Stack prop output power: 704 kW, Pcomp: 6.3 kW
Cell efficiency: 0.286, Output efficiency: 0.269
mdot_h2: 17.62 g/s
Reynolds_number: 14,287,728
Stack prop output power: 704 kW, Pcomp: 6.3 kW
Cell efficiency: 0.286, Output efficiency: 0.269
mdot_h2: 17.62 g/s
Reynolds_number: 14,287,728
Stack prop output power: 704 kW, Pcomp: 36.4 kW
Cell efficiency: 0.304, Output efficiency: 0.274
mdot_h2: 17.28 g/s

-----------------------
ptotal_climb: 2,478 kW, mtom_est: 7,388 kg, mtom: 7,376 kg, residual: +12.32 kg

MTOM update: newton, relax=0.622 -> mtom_next=7,398.96 kg

======================================================
======================= ITER 7 =======================
Reynolds_number: 14,287,728
Stack prop output power: 949 kW, Pcomp: 49.1 kW
Cell efficiency: 0.304, Output efficiency: 0.274
mdot_h2: 23.29 g/s
Reynolds_number: 14,287,728
Stack prop output power: 949 kW, Pcomp: 49.1 kW
Cell efficiency: 0.304, Output efficiency: 0.274
mdot_h2: 23.29 g/s
Reynolds_number: 14,287,728
Stack prop output power: 706 kW, Pcomp: 6.3 kW
Cell efficiency: 0.286, Output efficiency: 0.269
mdot_h2: 17.67 g/s
Reynolds_number: 14,287,728
Stack prop output power: 706 kW, Pcomp: 6.3 kW
Cell efficiency: 0.286, Output efficiency: 0.269
mdot_h2: 17.67 g/s
Reynolds_number: 14,287,728
Stack prop output power: 706 kW, Pcomp: 36.5 kW
Cell efficiency: 0.304, Output efficiency: 0.274
mdot_h2: 17.33 g/s

-----------------------
ptotal_climb: 2,486 kW, mtom_est: 7,404 kg, mtom: 7,399 kg, residual: +5.23 kg

MTOM update: newton, relax=0.746 -> mtom_next=7,411.54 kg

======================================================
======================= ITER 8 =======================
Reynolds_number: 14,287,728
Stack prop output power: 950 kW, Pcomp: 49.1 kW
Cell efficiency: 0.304, Output efficiency: 0.274
mdot_h2: 23.33 g/s
Reynolds_number: 14,287,728
Stack prop output power: 950 kW, Pcomp: 49.1 kW
Cell efficiency: 0.304, Output efficiency: 0.274
mdot_h2: 23.33 g/s
Reynolds_number: 14,287,728
Stack prop output power: 707 kW, Pcomp: 6.3 kW
Cell efficiency: 0.286, Output efficiency: 0.269
mdot_h2: 17.70 g/s
Reynolds_number: 14,287,728
Stack prop output power: 707 kW, Pcomp: 6.3 kW
Cell efficiency: 0.286, Output efficiency: 0.269
mdot_h2: 17.70 g/s
Reynolds_number: 14,287,728
Stack prop output power: 707 kW, Pcomp: 36.6 kW
Cell efficiency: 0.304, Output efficiency: 0.274
mdot_h2: 17.36 g/s

-----------------------
ptotal_climb: 2,490 kW, mtom_est: 7,412 kg, mtom: 7,412 kg, residual: +0.66 kg

Reynolds_number: 14,287,728
Stack prop output power: 950 kW, Pcomp: 49.1 kW
Cell efficiency: 0.304, Output efficiency: 0.274
mdot_h2: 23.33 g/s
Reynolds_number: 14,287,728
Stack prop output power: 950 kW, Pcomp: 49.1 kW
Cell efficiency: 0.304, Output efficiency: 0.274
mdot_h2: 23.33 g/s
Reynolds_number: 6,709,346
Stack prop output power: 707 kW, Pcomp: 6.2 kW
Cell efficiency: 0.305, Output efficiency: 0.287
mdot_h2: 16.58 g/s
Reynolds_number: 6,709,346
Stack prop output power: 707 kW, Pcomp: 6.2 kW
Cell efficiency: 0.305, Output efficiency: 0.287
mdot_h2: 16.58 g/s

CONVERGED
======================================================
======================= ITER 1 =======================
Reynolds_number: 14,287,728
Stack prop output power: 950 kW, Pcomp: 49.1 kW
Cell efficiency: 0.304, Output efficiency: 0.274
mdot_h2: 23.32 g/s
Reynolds_number: 14,287,728
Stack prop output power: 950 kW, Pcomp: 49.1 kW
Cell efficiency: 0.304, Output efficiency: 0.274
mdot_h2: 23.32 g/s
Reynolds_number: 14,287,728
Stack prop output power: 707 kW, Pcomp: 6.3 kW
Cell efficiency: 0.286, Output efficiency: 0.269
mdot_h2: 17.70 g/s
Reynolds_number: 14,287,728
Stack prop output power: 707 kW, Pcomp: 36.6 kW
Cell efficiency: 0.304, Output efficiency: 0.274
mdot_h2: 17.36 g/s

-----------------------
ptotal_climb: 2,490 kW, mtom_est: 7,404 kg, mtom: 7,412 kg, residual: -7.81 kg

MTOM update: initial_bracket_probe_1, relax=1.000 -> mtom_next=6,893.34 kg

======================================================
======================= ITER 2 =======================
Reynolds_number: 14,287,728
Stack prop output power: 884 kW, Pcomp: 45.7 kW
Cell efficiency: 0.304, Output efficiency: 0.274
mdot_h2: 21.69 g/s
Reynolds_number: 14,287,728
Stack prop output power: 884 kW, Pcomp: 45.7 kW
Cell efficiency: 0.304, Output efficiency: 0.274
mdot_h2: 21.69 g/s
Reynolds_number: 14,287,728
Stack prop output power: 658 kW, Pcomp: 5.9 kW
Cell efficiency: 0.286, Output efficiency: 0.269
mdot_h2: 16.46 g/s
Reynolds_number: 14,287,728
Stack prop output power: 658 kW, Pcomp: 5.9 kW
Cell efficiency: 0.286, Output efficiency: 0.269
mdot_h2: 16.46 g/s
Reynolds_number: 14,287,728
Stack prop output power: 658 kW, Pcomp: 34.0 kW
Cell efficiency: 0.304, Output efficiency: 0.274
mdot_h2: 16.14 g/s

-----------------------
ptotal_climb: 2,315 kW, mtom_est: 7,057 kg, mtom: 6,893 kg, residual: +163.83 kg

MTOM update: newton, relax=0.300 -> mtom_next=7,041.92 kg

======================================================
======================= ITER 3 =======================
Reynolds_number: 14,287,728
Stack prop output power: 903 kW, Pcomp: 46.7 kW
Cell efficiency: 0.304, Output efficiency: 0.274
mdot_h2: 22.16 g/s
Reynolds_number: 14,287,728
Stack prop output power: 903 kW, Pcomp: 46.7 kW
Cell efficiency: 0.304, Output efficiency: 0.274
mdot_h2: 22.16 g/s
Reynolds_number: 14,287,728
Stack prop output power: 672 kW, Pcomp: 6.0 kW
Cell efficiency: 0.286, Output efficiency: 0.269
mdot_h2: 16.82 g/s
Reynolds_number: 14,287,728
Stack prop output power: 672 kW, Pcomp: 6.0 kW
Cell efficiency: 0.286, Output efficiency: 0.269
mdot_h2: 16.82 g/s
Reynolds_number: 14,287,728
Stack prop output power: 672 kW, Pcomp: 34.7 kW
Cell efficiency: 0.304, Output efficiency: 0.274
mdot_h2: 16.49 g/s

-----------------------
ptotal_climb: 2,365 kW, mtom_est: 7,157 kg, mtom: 7,042 kg, residual: +115.37 kg

MTOM update: newton, relax=0.360 -> mtom_next=7,169.26 kg

======================================================
======================= ITER 4 =======================
Reynolds_number: 14,287,728
Stack prop output power: 919 kW, Pcomp: 47.5 kW
Cell efficiency: 0.304, Output efficiency: 0.274
mdot_h2: 22.56 g/s
Reynolds_number: 14,287,728
Stack prop output power: 919 kW, Pcomp: 47.5 kW
Cell efficiency: 0.304, Output efficiency: 0.274
mdot_h2: 22.56 g/s
Reynolds_number: 14,287,728
Stack prop output power: 684 kW, Pcomp: 6.1 kW
Cell efficiency: 0.286, Output efficiency: 0.269
mdot_h2: 17.12 g/s
Reynolds_number: 14,287,728
Stack prop output power: 684 kW, Pcomp: 6.1 kW
Cell efficiency: 0.286, Output efficiency: 0.269
mdot_h2: 17.12 g/s
Reynolds_number: 14,287,728
Stack prop output power: 684 kW, Pcomp: 35.4 kW
Cell efficiency: 0.304, Output efficiency: 0.274
mdot_h2: 16.79 g/s

-----------------------
ptotal_climb: 2,408 kW, mtom_est: 7,242 kg, mtom: 7,169 kg, residual: +72.41 kg

MTOM update: newton, relax=0.432 -> mtom_next=7,261.97 kg

======================================================
======================= ITER 5 =======================
Reynolds_number: 14,287,728
Stack prop output power: 931 kW, Pcomp: 48.1 kW
Cell efficiency: 0.304, Output efficiency: 0.274
mdot_h2: 22.85 g/s
Reynolds_number: 14,287,728
Stack prop output power: 931 kW, Pcomp: 48.1 kW
Cell efficiency: 0.304, Output efficiency: 0.274
mdot_h2: 22.85 g/s
Reynolds_number: 14,287,728
Stack prop output power: 693 kW, Pcomp: 6.2 kW
Cell efficiency: 0.286, Output efficiency: 0.269
mdot_h2: 17.34 g/s
Reynolds_number: 14,287,728
Stack prop output power: 693 kW, Pcomp: 6.2 kW
Cell efficiency: 0.286, Output efficiency: 0.269
mdot_h2: 17.34 g/s
Reynolds_number: 14,287,728
Stack prop output power: 693 kW, Pcomp: 35.8 kW
Cell efficiency: 0.304, Output efficiency: 0.274
mdot_h2: 17.01 g/s

-----------------------
ptotal_climb: 2,439 kW, mtom_est: 7,304 kg, mtom: 7,262 kg, residual: +42.16 kg

MTOM update: newton, relax=0.518 -> mtom_next=7,328.95 kg

======================================================
======================= ITER 6 =======================
Reynolds_number: 14,287,728
Stack prop output power: 939 kW, Pcomp: 48.6 kW
Cell efficiency: 0.304, Output efficiency: 0.274
mdot_h2: 23.06 g/s
Reynolds_number: 14,287,728
Stack prop output power: 939 kW, Pcomp: 48.6 kW
Cell efficiency: 0.304, Output efficiency: 0.274
mdot_h2: 23.06 g/s
Reynolds_number: 14,287,728
Stack prop output power: 699 kW, Pcomp: 6.3 kW
Cell efficiency: 0.286, Output efficiency: 0.269
mdot_h2: 17.50 g/s
Reynolds_number: 14,287,728
Stack prop output power: 699 kW, Pcomp: 6.3 kW
Cell efficiency: 0.286, Output efficiency: 0.269
mdot_h2: 17.50 g/s
Reynolds_number: 14,287,728
Stack prop output power: 699 kW, Pcomp: 36.2 kW
Cell efficiency: 0.304, Output efficiency: 0.274
mdot_h2: 17.16 g/s

-----------------------
ptotal_climb: 2,462 kW, mtom_est: 7,349 kg, mtom: 7,329 kg, residual: +20.13 kg

MTOM update: newton, relax=0.622 -> mtom_next=7,367.02 kg

======================================================
======================= ITER 7 =======================
Reynolds_number: 14,287,728
Stack prop output power: 944 kW, Pcomp: 48.8 kW
Cell efficiency: 0.304, Output efficiency: 0.274
mdot_h2: 23.18 g/s
Reynolds_number: 14,287,728
Stack prop output power: 944 kW, Pcomp: 48.8 kW
Cell efficiency: 0.304, Output efficiency: 0.274
mdot_h2: 23.18 g/s
Reynolds_number: 14,287,728
Stack prop output power: 703 kW, Pcomp: 6.3 kW
Cell efficiency: 0.286, Output efficiency: 0.269
mdot_h2: 17.59 g/s
Reynolds_number: 14,287,728
Stack prop output power: 703 kW, Pcomp: 6.3 kW
Cell efficiency: 0.286, Output efficiency: 0.269
mdot_h2: 17.59 g/s
Reynolds_number: 14,287,728
Stack prop output power: 703 kW, Pcomp: 36.3 kW
Cell efficiency: 0.304, Output efficiency: 0.274
mdot_h2: 17.25 g/s

-----------------------
ptotal_climb: 2,474 kW, mtom_est: 7,374 kg, mtom: 7,367 kg, residual: +7.45 kg

MTOM update: newton, relax=0.746 -> mtom_next=7,383.73 kg

======================================================
======================= ITER 8 =======================
Reynolds_number: 14,287,728
Stack prop output power: 946 kW, Pcomp: 48.9 kW
Cell efficiency: 0.304, Output efficiency: 0.274
mdot_h2: 23.23 g/s
Reynolds_number: 14,287,728
Stack prop output power: 946 kW, Pcomp: 48.9 kW
Cell efficiency: 0.304, Output efficiency: 0.274
mdot_h2: 23.23 g/s
Reynolds_number: 14,287,728
Stack prop output power: 704 kW, Pcomp: 6.3 kW
Cell efficiency: 0.286, Output efficiency: 0.269
mdot_h2: 17.63 g/s
Reynolds_number: 14,287,728
Stack prop output power: 704 kW, Pcomp: 6.3 kW
Cell efficiency: 0.286, Output efficiency: 0.269
mdot_h2: 17.63 g/s
Reynolds_number: 14,287,728
Stack prop output power: 704 kW, Pcomp: 36.4 kW
Cell efficiency: 0.304, Output efficiency: 0.274
mdot_h2: 17.29 g/s

-----------------------
ptotal_climb: 2,480 kW, mtom_est: 7,386 kg, mtom: 7,384 kg, residual: +2.57 kg

Reynolds_number: 14,287,728
Stack prop output power: 946 kW, Pcomp: 48.9 kW
Cell efficiency: 0.304, Output efficiency: 0.274
mdot_h2: 23.23 g/s
Reynolds_number: 14,287,728
Stack prop output power: 946 kW, Pcomp: 48.9 kW
Cell efficiency: 0.304, Output efficiency: 0.274
mdot_h2: 23.23 g/s
Reynolds_number: 6,709,346
Stack prop output power: 704 kW, Pcomp: 6.1 kW
Cell efficiency: 0.305, Output efficiency: 0.287
mdot_h2: 16.52 g/s
Reynolds_number: 6,709,346
Stack prop output power: 704 kW, Pcomp: 6.1 kW
Cell efficiency: 0.305, Output efficiency: 0.287
mdot_h2: 16.52 g/s

CONVERGED
ADRpy+HFCAD coupled sizing (min_mtom): W/S=2600.0 Pa (265.13 kg/m^2), MTOM=7386.3 kg, P/W_TO=0.18638, P/W_climb=0.18638, P/W_cruise=0.18638 (kW/kg)
Chromium init'ed with kwargs {}
Found chromium path: /usr/bin/google-chrome
Temp directory created: /tmp/tmp0423q2ts.
Opening browser.
Temp directory created: /tmp/tmpqgs5sjc9.
ldd failed. e: Command '['ldd', '/usr/bin/google-chrome']' returned non-zero exit status 1., stderr: None
Temporary directory at: /tmp/tmpqgs5sjc9
Conforming 1 to file:///tmp/tmp0423q2ts/index.html
Waiting on all navigates
All navigates done, putting them all in queue.
Getting tab from queue (has 1)
Got A700
Processing fig.png
Sending big command for fig.png.
Sent big command for fig.png.
Reloading tab A700 before return.
Putting tab A700 back (queue size: 0).
Waiting for all cleanups to finish.
Exiting Kaleido
TemporaryDirectory.cleanup() worked.
shutil.rmtree worked.
Cancelling tasks.
Exiting Kaleido/Choreo
Closing browser.
TemporaryDirectory.cleanup() worked.
shutil.rmtree worked.
Cancelling tasks.
Exiting Kaleido/Choreo
Closing browser.
TemporaryDirectory.cleanup() worked.
shutil.rmtree worked.
Pfuel_ready: 124 kW, Pfuel_taxing: 248 kW, Pfuel_climb: 2,011 kW, Pfuel_cruise: 2,749 kW, Pfuel_cruise_charger: 2,749 kW, Pbat_climb: 470 kW, Pbat_charge: 0 kW
qt.qpa.plugin: From 6.5.0, xcb-cursor0 or libxcb-cursor0 is needed to load the Qt xcb platform plugin.
qt.qpa.plugin: Could not load the Qt platform plugin "xcb" in "" even though it was found.
This application failed to start because no Qt platform plugin could be initialized. Reinstalling the application may fix this problem.

Available platform plugins are: linuxfb, xcb, wayland-brcm, wayland-egl, wayland, minimal, eglfs, offscreen, vkkhrdisplay, minimalegl, vnc.

