======================================================
======================= ITER 1 =======================
Reynolds_number: 11,743,151
Stack prop output power: 617 kW, Pcomp: 58.0 kW
Cell efficiency: 0.300, Output efficiency: 0.261
mdot_h2: 15.93 g/s
Reynolds_number: 11,743,151
Stack prop output power: 617 kW, Pcomp: 58.0 kW
Cell efficiency: 0.300, Output efficiency: 0.261
mdot_h2: 15.93 g/s
Reynolds_number: 11,743,151
Stack prop output power: 459 kW, Pcomp: 4.3 kW
Cell efficiency: 0.261, Output efficiency: 0.246
mdot_h2: 12.55 g/s
Reynolds_number: 11,743,151
Stack prop output power: 459 kW, Pcomp: 4.3 kW
Cell efficiency: 0.261, Output efficiency: 0.246
mdot_h2: 12.55 g/s
Reynolds_number: 11,743,151
Stack prop output power: 459 kW, Pcomp: 43.1 kW
Cell efficiency: 0.300, Output efficiency: 0.261
mdot_h2: 11.86 g/s

-----------------------
ptotal_climb: 1,650 kW, mtom_est: 5,927 kg, mtom: 5,000 kg, residual: +927.03 kg

MTOM update: initial_bracket_probe_1, relax=1.000 -> mtom_next=5,400.00 kg

======================================================
======================= ITER 2 =======================
Reynolds_number: 11,743,151
Stack prop output power: 666 kW, Pcomp: 62.6 kW
Cell efficiency: 0.300, Output efficiency: 0.261
mdot_h2: 17.21 g/s
Reynolds_number: 11,743,151
Stack prop output power: 666 kW, Pcomp: 62.6 kW
Cell efficiency: 0.300, Output efficiency: 0.261
mdot_h2: 17.21 g/s
Reynolds_number: 11,743,151
Stack prop output power: 496 kW, Pcomp: 4.6 kW
Cell efficiency: 0.261, Output efficiency: 0.246
mdot_h2: 13.56 g/s
Reynolds_number: 11,743,151
Stack prop output power: 496 kW, Pcomp: 4.6 kW
Cell efficiency: 0.261, Output efficiency: 0.246
mdot_h2: 13.56 g/s
Reynolds_number: 11,743,151
Stack prop output power: 496 kW, Pcomp: 46.6 kW
Cell efficiency: 0.300, Output efficiency: 0.261
mdot_h2: 12.81 g/s

-----------------------
ptotal_climb: 1,782 kW, mtom_est: 6,245 kg, mtom: 5,400 kg, residual: +844.78 kg

MTOM update: initial_bracket_probe_2, relax=1.000 -> mtom_next=5,800.00 kg

======================================================
======================= ITER 3 =======================
Reynolds_number: 11,743,151
Stack prop output power: 715 kW, Pcomp: 67.2 kW
Cell efficiency: 0.300, Output efficiency: 0.261
mdot_h2: 18.48 g/s
Reynolds_number: 11,743,151
Stack prop output power: 715 kW, Pcomp: 67.2 kW
Cell efficiency: 0.300, Output efficiency: 0.261
mdot_h2: 18.48 g/s
Reynolds_number: 11,743,151
Stack prop output power: 532 kW, Pcomp: 5.0 kW
Cell efficiency: 0.261, Output efficiency: 0.246
mdot_h2: 14.56 g/s
Reynolds_number: 11,743,151
Stack prop output power: 532 kW, Pcomp: 5.0 kW
Cell efficiency: 0.261, Output efficiency: 0.246
mdot_h2: 14.56 g/s
Reynolds_number: 11,743,151
Stack prop output power: 532 kW, Pcomp: 50.0 kW
Cell efficiency: 0.300, Output efficiency: 0.261
mdot_h2: 13.75 g/s

-----------------------
ptotal_climb: 1,914 kW, mtom_est: 6,564 kg, mtom: 5,800 kg, residual: +763.79 kg

MTOM update: initial_bracket_probe_3, relax=1.000 -> mtom_next=6,380.00 kg

======================================================
======================= ITER 4 =======================
Reynolds_number: 11,743,151
Stack prop output power: 787 kW, Pcomp: 74.0 kW
Cell efficiency: 0.300, Output efficiency: 0.261
mdot_h2: 20.33 g/s
Reynolds_number: 11,743,151
Stack prop output power: 787 kW, Pcomp: 74.0 kW
Cell efficiency: 0.300, Output efficiency: 0.261
mdot_h2: 20.33 g/s
Reynolds_number: 11,743,151
Stack prop output power: 586 kW, Pcomp: 5.5 kW
Cell efficiency: 0.261, Output efficiency: 0.246
mdot_h2: 16.02 g/s
Reynolds_number: 11,743,151
Stack prop output power: 586 kW, Pcomp: 5.5 kW
Cell efficiency: 0.261, Output efficiency: 0.246
mdot_h2: 16.02 g/s
Reynolds_number: 11,743,151
Stack prop output power: 586 kW, Pcomp: 55.0 kW
Cell efficiency: 0.300, Output efficiency: 0.261
mdot_h2: 15.13 g/s

-----------------------
ptotal_climb: 2,105 kW, mtom_est: 7,027 kg, mtom: 6,380 kg, residual: +647.05 kg

MTOM update: fixed_point_prebracket, relax=1.000 -> mtom_next=6,703.53 kg

======================================================
======================= ITER 5 =======================
Reynolds_number: 11,743,151
Stack prop output power: 827 kW, Pcomp: 77.7 kW
Cell efficiency: 0.300, Output efficiency: 0.261
mdot_h2: 21.36 g/s
Reynolds_number: 11,743,151
Stack prop output power: 827 kW, Pcomp: 77.7 kW
Cell efficiency: 0.300, Output efficiency: 0.261
mdot_h2: 21.36 g/s
Reynolds_number: 11,743,151
Stack prop output power: 615 kW, Pcomp: 5.7 kW
Cell efficiency: 0.261, Output efficiency: 0.246
mdot_h2: 16.83 g/s
Reynolds_number: 11,743,151
Stack prop output power: 615 kW, Pcomp: 5.7 kW
Cell efficiency: 0.261, Output efficiency: 0.246
mdot_h2: 16.83 g/s
Reynolds_number: 11,743,151
Stack prop output power: 615 kW, Pcomp: 57.8 kW
Cell efficiency: 0.300, Output efficiency: 0.261
mdot_h2: 15.90 g/s

-----------------------
ptotal_climb: 2,212 kW, mtom_est: 7,286 kg, mtom: 6,704 kg, residual: +582.27 kg

MTOM update: fixed_point_prebracket, relax=1.000 -> mtom_next=6,994.66 kg

======================================================
======================= ITER 6 =======================
Reynolds_number: 11,743,151
Stack prop output power: 863 kW, Pcomp: 81.1 kW
Cell efficiency: 0.300, Output efficiency: 0.261
mdot_h2: 22.29 g/s
Reynolds_number: 11,743,151
Stack prop output power: 863 kW, Pcomp: 81.1 kW
Cell efficiency: 0.300, Output efficiency: 0.261
mdot_h2: 22.29 g/s
Reynolds_number: 11,743,151
Stack prop output power: 642 kW, Pcomp: 6.0 kW
Cell efficiency: 0.261, Output efficiency: 0.246
mdot_h2: 17.56 g/s
Reynolds_number: 11,743,151
Stack prop output power: 642 kW, Pcomp: 6.0 kW
Cell efficiency: 0.261, Output efficiency: 0.246
mdot_h2: 17.56 g/s
Reynolds_number: 11,743,151
Stack prop output power: 642 kW, Pcomp: 60.3 kW
Cell efficiency: 0.300, Output efficiency: 0.261
mdot_h2: 16.59 g/s

-----------------------
ptotal_climb: 2,308 kW, mtom_est: 7,519 kg, mtom: 6,995 kg, residual: +524.59 kg

MTOM update: fixed_point_prebracket, relax=1.000 -> mtom_next=7,256.96 kg

======================================================
======================= ITER 7 =======================
Reynolds_number: 11,743,151
Stack prop output power: 895 kW, Pcomp: 84.1 kW
Cell efficiency: 0.300, Output efficiency: 0.261
mdot_h2: 23.12 g/s
Reynolds_number: 11,743,151
Stack prop output power: 895 kW, Pcomp: 84.1 kW
Cell efficiency: 0.300, Output efficiency: 0.261
mdot_h2: 23.12 g/s
Reynolds_number: 11,743,151
Stack prop output power: 666 kW, Pcomp: 6.2 kW
Cell efficiency: 0.261, Output efficiency: 0.246
mdot_h2: 18.22 g/s
Reynolds_number: 11,743,151
Stack prop output power: 666 kW, Pcomp: 6.2 kW
Cell efficiency: 0.261, Output efficiency: 0.246
mdot_h2: 18.22 g/s
Reynolds_number: 11,743,151
Stack prop output power: 666 kW, Pcomp: 62.6 kW
Cell efficiency: 0.300, Output efficiency: 0.261
mdot_h2: 17.21 g/s

-----------------------
ptotal_climb: 2,394 kW, mtom_est: 7,730 kg, mtom: 7,257 kg, residual: +472.97 kg

MTOM update: fixed_point_prebracket, relax=1.000 -> mtom_next=7,493.44 kg

======================================================
======================= ITER 8 =======================
Reynolds_number: 11,743,151
Stack prop output power: 924 kW, Pcomp: 86.9 kW
Cell efficiency: 0.300, Output efficiency: 0.261
mdot_h2: 23.88 g/s
Reynolds_number: 11,743,151
Stack prop output power: 924 kW, Pcomp: 86.9 kW
Cell efficiency: 0.300, Output efficiency: 0.261
mdot_h2: 23.88 g/s
Reynolds_number: 11,743,151
Stack prop output power: 688 kW, Pcomp: 6.4 kW
Cell efficiency: 0.261, Output efficiency: 0.246
mdot_h2: 18.82 g/s
Reynolds_number: 11,743,151
Stack prop output power: 688 kW, Pcomp: 6.4 kW
Cell efficiency: 0.261, Output efficiency: 0.246
mdot_h2: 18.82 g/s
Reynolds_number: 11,743,151
Stack prop output power: 688 kW, Pcomp: 64.7 kW
Cell efficiency: 0.300, Output efficiency: 0.261
mdot_h2: 17.77 g/s

-----------------------
ptotal_climb: 2,472 kW, mtom_est: 7,920 kg, mtom: 7,493 kg, residual: +426.54 kg

MTOM update: fixed_point_prebracket, relax=1.000 -> mtom_next=7,706.71 kg

======================================================
======================= ITER 9 =======================
Reynolds_number: 11,743,151
Stack prop output power: 951 kW, Pcomp: 89.3 kW
Cell efficiency: 0.300, Output efficiency: 0.261
mdot_h2: 24.56 g/s
Reynolds_number: 11,743,151
Stack prop output power: 951 kW, Pcomp: 89.3 kW
Cell efficiency: 0.300, Output efficiency: 0.261
mdot_h2: 24.56 g/s
Reynolds_number: 11,743,151
Stack prop output power: 707 kW, Pcomp: 6.6 kW
Cell efficiency: 0.261, Output efficiency: 0.246
mdot_h2: 19.35 g/s
Reynolds_number: 11,743,151
Stack prop output power: 707 kW, Pcomp: 6.6 kW
Cell efficiency: 0.261, Output efficiency: 0.246
mdot_h2: 19.35 g/s
Reynolds_number: 11,743,151
Stack prop output power: 707 kW, Pcomp: 66.5 kW
Cell efficiency: 0.300, Output efficiency: 0.261
mdot_h2: 18.28 g/s

-----------------------
ptotal_climb: 2,543 kW, mtom_est: 8,091 kg, mtom: 7,707 kg, residual: +384.57 kg

MTOM update: fixed_point_prebracket, relax=1.000 -> mtom_next=7,899.00 kg

======================================================
======================= ITER 10 =======================
Reynolds_number: 11,743,151
Stack prop output power: 974 kW, Pcomp: 91.6 kW
Cell efficiency: 0.300, Output efficiency: 0.261
mdot_h2: 25.17 g/s
Reynolds_number: 11,743,151
Stack prop output power: 974 kW, Pcomp: 91.6 kW
Cell efficiency: 0.300, Output efficiency: 0.261
mdot_h2: 25.17 g/s
Reynolds_number: 11,743,151
Stack prop output power: 725 kW, Pcomp: 6.8 kW
Cell efficiency: 0.261, Output efficiency: 0.246
mdot_h2: 19.83 g/s
Reynolds_number: 11,743,151
Stack prop output power: 725 kW, Pcomp: 6.8 kW
Cell efficiency: 0.261, Output efficiency: 0.246
mdot_h2: 19.83 g/s
Reynolds_number: 11,743,151
Stack prop output power: 725 kW, Pcomp: 68.1 kW
Cell efficiency: 0.300, Output efficiency: 0.261
mdot_h2: 18.73 g/s

-----------------------
ptotal_climb: 2,606 kW, mtom_est: 8,255 kg, mtom: 7,899 kg, residual: +356.47 kg

MTOM update: fixed_point_prebracket, relax=1.000 -> mtom_next=8,077.23 kg

======================================================
======================= ITER 11 =======================
Reynolds_number: 11,743,151
Stack prop output power: 996 kW, Pcomp: 93.6 kW
Cell efficiency: 0.300, Output efficiency: 0.261
mdot_h2: 25.74 g/s
Reynolds_number: 11,743,151
Stack prop output power: 996 kW, Pcomp: 93.6 kW
Cell efficiency: 0.300, Output efficiency: 0.261
mdot_h2: 25.74 g/s
Reynolds_number: 11,743,151
Stack prop output power: 741 kW, Pcomp: 6.9 kW
Cell efficiency: 0.261, Output efficiency: 0.246
mdot_h2: 20.28 g/s
Reynolds_number: 11,743,151
Stack prop output power: 741 kW, Pcomp: 6.9 kW
Cell efficiency: 0.261, Output efficiency: 0.246
mdot_h2: 20.28 g/s
Reynolds_number: 11,743,151
Stack prop output power: 741 kW, Pcomp: 69.7 kW
Cell efficiency: 0.300, Output efficiency: 0.261
mdot_h2: 19.15 g/s

-----------------------
ptotal_climb: 2,665 kW, mtom_est: 8,390 kg, mtom: 8,077 kg, residual: +313.08 kg

MTOM update: newton_prebracket, relax=1.000 -> mtom_next=8,884.95 kg

======================================================
======================= ITER 12 =======================
Reynolds_number: 11,743,151
Stack prop output power: 1,096 kW, Pcomp: 103.0 kW
Cell efficiency: 0.300, Output efficiency: 0.261
mdot_h2: 28.31 g/s
Reynolds_number: 11,743,151
Stack prop output power: 1,096 kW, Pcomp: 103.0 kW
Cell efficiency: 0.300, Output efficiency: 0.261
mdot_h2: 28.31 g/s
Reynolds_number: 11,743,151
Stack prop output power: 816 kW, Pcomp: 7.6 kW
Cell efficiency: 0.261, Output efficiency: 0.246
mdot_h2: 22.31 g/s
Reynolds_number: 11,743,151
Stack prop output power: 816 kW, Pcomp: 7.6 kW
Cell efficiency: 0.261, Output efficiency: 0.246
mdot_h2: 22.31 g/s
Reynolds_number: 11,743,151
Stack prop output power: 816 kW, Pcomp: 76.7 kW
Cell efficiency: 0.300, Output efficiency: 0.261
mdot_h2: 21.07 g/s

-----------------------
ptotal_climb: 2,931 kW, mtom_est: 9,042 kg, mtom: 8,885 kg, residual: +157.43 kg

MTOM update: newton_prebracket, relax=1.000 -> mtom_next=9,701.91 kg

======================================================
======================= ITER 13 =======================
Reynolds_number: 11,743,151
Stack prop output power: 1,197 kW, Pcomp: 112.5 kW
Cell efficiency: 0.300, Output efficiency: 0.261
mdot_h2: 30.91 g/s
Reynolds_number: 11,743,151
Stack prop output power: 1,197 kW, Pcomp: 112.5 kW
Cell efficiency: 0.300, Output efficiency: 0.261
mdot_h2: 30.91 g/s
Reynolds_number: 11,743,151
Stack prop output power: 891 kW, Pcomp: 8.3 kW
Cell efficiency: 0.261, Output efficiency: 0.246
mdot_h2: 24.36 g/s
Reynolds_number: 11,743,151
Stack prop output power: 891 kW, Pcomp: 8.3 kW
Cell efficiency: 0.261, Output efficiency: 0.246
mdot_h2: 24.36 g/s
Reynolds_number: 11,743,151
Stack prop output power: 891 kW, Pcomp: 83.7 kW
Cell efficiency: 0.300, Output efficiency: 0.261
mdot_h2: 23.01 g/s

-----------------------
ptotal_climb: 3,201 kW, mtom_est: 9,705 kg, mtom: 9,702 kg, residual: +3.38 kg

Reynolds_number: 11,743,151
Stack prop output power: 1,197 kW, Pcomp: 112.5 kW
Cell efficiency: 0.300, Output efficiency: 0.261
mdot_h2: 30.91 g/s
Reynolds_number: 11,743,151
Stack prop output power: 1,197 kW, Pcomp: 112.5 kW
Cell efficiency: 0.300, Output efficiency: 0.261
mdot_h2: 30.91 g/s
Reynolds_number: 6,709,346
Stack prop output power: 891 kW, Pcomp: 7.8 kW
Cell efficiency: 0.305, Output efficiency: 0.287
mdot_h2: 20.88 g/s
Reynolds_number: 6,709,346
Stack prop output power: 891 kW, Pcomp: 7.8 kW
Cell efficiency: 0.305, Output efficiency: 0.287
mdot_h2: 20.88 g/s

CONVERGED
======================================================
======================= ITER 1 =======================
Reynolds_number: 11,743,151
Stack prop output power: 1,174 kW, Pcomp: 110.3 kW
Cell efficiency: 0.300, Output efficiency: 0.261
mdot_h2: 30.32 g/s
Reynolds_number: 11,743,151
Stack prop output power: 1,174 kW, Pcomp: 110.3 kW
Cell efficiency: 0.300, Output efficiency: 0.261
mdot_h2: 30.32 g/s
Reynolds_number: 11,743,151
Stack prop output power: 874 kW, Pcomp: 8.2 kW
Cell efficiency: 0.261, Output efficiency: 0.246
mdot_h2: 23.90 g/s
Reynolds_number: 11,743,151
Stack prop output power: 874 kW, Pcomp: 8.2 kW
Cell efficiency: 0.261, Output efficiency: 0.246
mdot_h2: 23.90 g/s
Reynolds_number: 11,743,151
Stack prop output power: 874 kW, Pcomp: 82.1 kW
Cell efficiency: 0.300, Output efficiency: 0.261
mdot_h2: 22.57 g/s

-----------------------
ptotal_climb: 3,140 kW, mtom_est: 9,568 kg, mtom: 9,705 kg, residual: -137.48 kg

MTOM update: initial_bracket_probe_1, relax=1.000 -> mtom_next=8,928.86 kg

======================================================
======================= ITER 2 =======================
Reynolds_number: 11,743,151
Stack prop output power: 1,080 kW, Pcomp: 101.5 kW
Cell efficiency: 0.300, Output efficiency: 0.261
mdot_h2: 27.90 g/s
Reynolds_number: 11,743,151
Stack prop output power: 1,080 kW, Pcomp: 101.5 kW
Cell efficiency: 0.300, Output efficiency: 0.261
mdot_h2: 27.90 g/s
Reynolds_number: 11,743,151
Stack prop output power: 804 kW, Pcomp: 7.5 kW
Cell efficiency: 0.261, Output efficiency: 0.246
mdot_h2: 21.98 g/s
Reynolds_number: 11,743,151
Stack prop output power: 804 kW, Pcomp: 7.5 kW
Cell efficiency: 0.261, Output efficiency: 0.246
mdot_h2: 21.98 g/s
Reynolds_number: 11,743,151
Stack prop output power: 804 kW, Pcomp: 75.5 kW
Cell efficiency: 0.300, Output efficiency: 0.261
mdot_h2: 20.76 g/s

-----------------------
ptotal_climb: 2,889 kW, mtom_est: 8,950 kg, mtom: 8,929 kg, residual: +21.44 kg

MTOM update: newton, relax=1.000 -> mtom_next=9,033.62 kg

======================================================
======================= ITER 3 =======================
Reynolds_number: 11,743,151
Stack prop output power: 1,093 kW, Pcomp: 102.7 kW
Cell efficiency: 0.300, Output efficiency: 0.261
mdot_h2: 28.23 g/s
Reynolds_number: 11,743,151
Stack prop output power: 1,093 kW, Pcomp: 102.7 kW
Cell efficiency: 0.300, Output efficiency: 0.261
mdot_h2: 28.23 g/s
Reynolds_number: 11,743,151
Stack prop output power: 813 kW, Pcomp: 7.6 kW
Cell efficiency: 0.261, Output efficiency: 0.246
mdot_h2: 22.24 g/s
Reynolds_number: 11,743,151
Stack prop output power: 813 kW, Pcomp: 7.6 kW
Cell efficiency: 0.261, Output efficiency: 0.246
mdot_h2: 22.24 g/s
Reynolds_number: 11,743,151
Stack prop output power: 813 kW, Pcomp: 76.4 kW
Cell efficiency: 0.300, Output efficiency: 0.261
mdot_h2: 21.01 g/s

-----------------------
ptotal_climb: 2,923 kW, mtom_est: 9,034 kg, mtom: 9,034 kg, residual: +0.24 kg

Reynolds_number: 11,743,151
Stack prop output power: 1,093 kW, Pcomp: 102.7 kW
Cell efficiency: 0.300, Output efficiency: 0.261
mdot_h2: 28.23 g/s
Reynolds_number: 11,743,151
Stack prop output power: 1,093 kW, Pcomp: 102.7 kW
Cell efficiency: 0.300, Output efficiency: 0.261
mdot_h2: 28.23 g/s
Reynolds_number: 6,709,346
Stack prop output power: 813 kW, Pcomp: 7.1 kW
Cell efficiency: 0.305, Output efficiency: 0.287
mdot_h2: 19.07 g/s
Reynolds_number: 6,709,346
Stack prop output power: 813 kW, Pcomp: 7.1 kW
Cell efficiency: 0.305, Output efficiency: 0.287
mdot_h2: 19.07 g/s

CONVERGED
======================================================
======================= ITER 1 =======================
Reynolds_number: 11,743,151
Stack prop output power: 1,072 kW, Pcomp: 100.8 kW
Cell efficiency: 0.300, Output efficiency: 0.261
mdot_h2: 27.70 g/s
Reynolds_number: 11,743,151
Stack prop output power: 1,072 kW, Pcomp: 100.8 kW
Cell efficiency: 0.300, Output efficiency: 0.261
mdot_h2: 27.70 g/s
Reynolds_number: 11,743,151
Stack prop output power: 798 kW, Pcomp: 7.4 kW
Cell efficiency: 0.261, Output efficiency: 0.246
mdot_h2: 21.83 g/s
Reynolds_number: 11,743,151
Stack prop output power: 798 kW, Pcomp: 7.4 kW
Cell efficiency: 0.261, Output efficiency: 0.246
mdot_h2: 21.83 g/s
Reynolds_number: 11,743,151
Stack prop output power: 798 kW, Pcomp: 75.0 kW
Cell efficiency: 0.300, Output efficiency: 0.261
mdot_h2: 20.61 g/s

-----------------------
ptotal_climb: 2,868 kW, mtom_est: 8,919 kg, mtom: 9,034 kg, residual: -114.68 kg

MTOM update: initial_bracket_probe_1, relax=1.000 -> mtom_next=8,311.15 kg

======================================================
======================= ITER 2 =======================
Reynolds_number: 11,743,151
Stack prop output power: 986 kW, Pcomp: 92.7 kW
Cell efficiency: 0.300, Output efficiency: 0.261
mdot_h2: 25.48 g/s
Reynolds_number: 11,743,151
Stack prop output power: 986 kW, Pcomp: 92.7 kW
Cell efficiency: 0.300, Output efficiency: 0.261
mdot_h2: 25.48 g/s
Reynolds_number: 11,743,151
Stack prop output power: 734 kW, Pcomp: 6.9 kW
Cell efficiency: 0.261, Output efficiency: 0.246
mdot_h2: 20.08 g/s
Reynolds_number: 11,743,151
Stack prop output power: 734 kW, Pcomp: 6.9 kW
Cell efficiency: 0.261, Output efficiency: 0.246
mdot_h2: 20.08 g/s
Reynolds_number: 11,743,151
Stack prop output power: 734 kW, Pcomp: 69.0 kW
Cell efficiency: 0.300, Output efficiency: 0.261
mdot_h2: 18.97 g/s

-----------------------
ptotal_climb: 2,639 kW, mtom_est: 8,347 kg, mtom: 8,311 kg, residual: +36.28 kg

MTOM update: newton, relax=1.000 -> mtom_next=8,484.85 kg

======================================================
======================= ITER 3 =======================
Reynolds_number: 11,743,151
Stack prop output power: 1,007 kW, Pcomp: 94.6 kW
Cell efficiency: 0.300, Output efficiency: 0.261
mdot_h2: 26.02 g/s
Reynolds_number: 11,743,151
Stack prop output power: 1,007 kW, Pcomp: 94.6 kW
Cell efficiency: 0.300, Output efficiency: 0.261
mdot_h2: 26.02 g/s
Reynolds_number: 11,743,151
Stack prop output power: 749 kW, Pcomp: 7.0 kW
Cell efficiency: 0.261, Output efficiency: 0.246
mdot_h2: 20.50 g/s
Reynolds_number: 11,743,151
Stack prop output power: 749 kW, Pcomp: 7.0 kW
Cell efficiency: 0.261, Output efficiency: 0.246
mdot_h2: 20.50 g/s
Reynolds_number: 11,743,151
Stack prop output power: 749 kW, Pcomp: 70.4 kW
Cell efficiency: 0.300, Output efficiency: 0.261
mdot_h2: 19.36 g/s

-----------------------
ptotal_climb: 2,694 kW, mtom_est: 8,482 kg, mtom: 8,485 kg, residual: -3.15 kg

Reynolds_number: 11,743,151
Stack prop output power: 1,007 kW, Pcomp: 94.6 kW
Cell efficiency: 0.300, Output efficiency: 0.261
mdot_h2: 26.02 g/s
Reynolds_number: 11,743,151
Stack prop output power: 1,007 kW, Pcomp: 94.6 kW
Cell efficiency: 0.300, Output efficiency: 0.261
mdot_h2: 26.02 g/s
Reynolds_number: 6,709,346
Stack prop output power: 749 kW, Pcomp: 6.5 kW
Cell efficiency: 0.305, Output efficiency: 0.287
mdot_h2: 17.57 g/s
Reynolds_number: 6,709,346
Stack prop output power: 749 kW, Pcomp: 6.5 kW
Cell efficiency: 0.305, Output efficiency: 0.287
mdot_h2: 17.57 g/s

CONVERGED
======================================================
======================= ITER 1 =======================
Reynolds_number: 11,743,151
Stack prop output power: 988 kW, Pcomp: 92.9 kW
Cell efficiency: 0.300, Output efficiency: 0.261
mdot_h2: 25.54 g/s
Reynolds_number: 11,743,151
Stack prop output power: 988 kW, Pcomp: 92.9 kW
Cell efficiency: 0.300, Output efficiency: 0.261
mdot_h2: 25.54 g/s
Reynolds_number: 11,743,151
Stack prop output power: 736 kW, Pcomp: 6.9 kW
Cell efficiency: 0.261, Output efficiency: 0.246
mdot_h2: 20.12 g/s
Reynolds_number: 11,743,151
Stack prop output power: 736 kW, Pcomp: 6.9 kW
Cell efficiency: 0.261, Output efficiency: 0.246
mdot_h2: 20.12 g/s
Reynolds_number: 11,743,151
Stack prop output power: 736 kW, Pcomp: 69.1 kW
Cell efficiency: 0.300, Output efficiency: 0.261
mdot_h2: 19.01 g/s

-----------------------
ptotal_climb: 2,644 kW, mtom_est: 8,370 kg, mtom: 8,482 kg, residual: -111.42 kg

MTOM update: initial_bracket_probe_1, relax=1.000 -> mtom_next=7,803.16 kg

======================================================
======================= ITER 2 =======================
Reynolds_number: 11,743,151
Stack prop output power: 909 kW, Pcomp: 85.5 kW
Cell efficiency: 0.300, Output efficiency: 0.261
mdot_h2: 23.49 g/s
Reynolds_number: 11,743,151
Stack prop output power: 909 kW, Pcomp: 85.5 kW
Cell efficiency: 0.300, Output efficiency: 0.261
mdot_h2: 23.49 g/s
Reynolds_number: 11,743,151
Stack prop output power: 677 kW, Pcomp: 6.3 kW
Cell efficiency: 0.261, Output efficiency: 0.246
mdot_h2: 18.51 g/s
Reynolds_number: 11,743,151
Stack prop output power: 677 kW, Pcomp: 6.3 kW
Cell efficiency: 0.261, Output efficiency: 0.246
mdot_h2: 18.51 g/s
Reynolds_number: 11,743,151
Stack prop output power: 677 kW, Pcomp: 63.6 kW
Cell efficiency: 0.300, Output efficiency: 0.261
mdot_h2: 17.48 g/s

-----------------------
ptotal_climb: 2,433 kW, mtom_est: 7,852 kg, mtom: 7,803 kg, residual: +49.29 kg

MTOM update: newton, relax=1.000 -> mtom_next=8,011.26 kg

======================================================
======================= ITER 3 =======================
Reynolds_number: 11,743,151
Stack prop output power: 934 kW, Pcomp: 87.8 kW
Cell efficiency: 0.300, Output efficiency: 0.261
mdot_h2: 24.12 g/s
Reynolds_number: 11,743,151
Stack prop output power: 934 kW, Pcomp: 87.8 kW
Cell efficiency: 0.300, Output efficiency: 0.261
mdot_h2: 24.12 g/s
Reynolds_number: 11,743,151
Stack prop output power: 695 kW, Pcomp: 6.5 kW
Cell efficiency: 0.261, Output efficiency: 0.246
mdot_h2: 19.01 g/s
Reynolds_number: 11,743,151
Stack prop output power: 695 kW, Pcomp: 6.5 kW
Cell efficiency: 0.261, Output efficiency: 0.246
mdot_h2: 19.01 g/s
Reynolds_number: 11,743,151
Stack prop output power: 695 kW, Pcomp: 65.3 kW
Cell efficiency: 0.300, Output efficiency: 0.261
mdot_h2: 17.95 g/s

-----------------------
ptotal_climb: 2,497 kW, mtom_est: 8,010 kg, mtom: 8,011 kg, residual: -0.94 kg

Reynolds_number: 11,743,151
Stack prop output power: 934 kW, Pcomp: 87.8 kW
Cell efficiency: 0.300, Output efficiency: 0.261
mdot_h2: 24.12 g/s
Reynolds_number: 11,743,151
Stack prop output power: 934 kW, Pcomp: 87.8 kW
Cell efficiency: 0.300, Output efficiency: 0.261
mdot_h2: 24.12 g/s
Reynolds_number: 6,709,346
Stack prop output power: 695 kW, Pcomp: 6.1 kW
Cell efficiency: 0.305, Output efficiency: 0.287
mdot_h2: 16.29 g/s
Reynolds_number: 6,709,346
Stack prop output power: 695 kW, Pcomp: 6.1 kW
Cell efficiency: 0.305, Output efficiency: 0.287
mdot_h2: 16.29 g/s

CONVERGED
======================================================
======================= ITER 1 =======================
Reynolds_number: 11,743,151
Stack prop output power: 917 kW, Pcomp: 86.2 kW
Cell efficiency: 0.300, Output efficiency: 0.261
mdot_h2: 23.70 g/s
Reynolds_number: 11,743,151
Stack prop output power: 917 kW, Pcomp: 86.2 kW
Cell efficiency: 0.300, Output efficiency: 0.261
mdot_h2: 23.70 g/s
Reynolds_number: 11,743,151
Stack prop output power: 683 kW, Pcomp: 6.4 kW
Cell efficiency: 0.261, Output efficiency: 0.246
mdot_h2: 18.67 g/s
Reynolds_number: 11,743,151
Stack prop output power: 683 kW, Pcomp: 6.4 kW
Cell efficiency: 0.261, Output efficiency: 0.246
mdot_h2: 18.67 g/s
Reynolds_number: 11,743,151
Stack prop output power: 683 kW, Pcomp: 64.2 kW
Cell efficiency: 0.300, Output efficiency: 0.261
mdot_h2: 17.64 g/s

-----------------------
ptotal_climb: 2,454 kW, mtom_est: 7,912 kg, mtom: 8,010 kg, residual: -98.62 kg

MTOM update: initial_bracket_probe_1, relax=1.000 -> mtom_next=7,369.49 kg

======================================================
======================= ITER 2 =======================
Reynolds_number: 11,743,151
Stack prop output power: 844 kW, Pcomp: 79.3 kW
Cell efficiency: 0.300, Output efficiency: 0.261
mdot_h2: 21.80 g/s
Reynolds_number: 11,743,151
Stack prop output power: 844 kW, Pcomp: 79.3 kW
Cell efficiency: 0.300, Output efficiency: 0.261
mdot_h2: 21.80 g/s
Reynolds_number: 11,743,151
Stack prop output power: 628 kW, Pcomp: 5.9 kW
Cell efficiency: 0.261, Output efficiency: 0.246
mdot_h2: 17.18 g/s
Reynolds_number: 11,743,151
Stack prop output power: 628 kW, Pcomp: 5.9 kW
Cell efficiency: 0.261, Output efficiency: 0.246
mdot_h2: 17.18 g/s
Reynolds_number: 11,743,151
Stack prop output power: 628 kW, Pcomp: 59.0 kW
Cell efficiency: 0.300, Output efficiency: 0.261
mdot_h2: 16.23 g/s

-----------------------
ptotal_climb: 2,257 kW, mtom_est: 7,431 kg, mtom: 7,369 kg, residual: +61.47 kg

MTOM update: newton, relax=1.000 -> mtom_next=7,615.55 kg

======================================================
======================= ITER 3 =======================
Reynolds_number: 11,743,151
Stack prop output power: 872 kW, Pcomp: 82.0 kW
Cell efficiency: 0.300, Output efficiency: 0.261
mdot_h2: 22.53 g/s
Reynolds_number: 11,743,151
Stack prop output power: 872 kW, Pcomp: 82.0 kW
Cell efficiency: 0.300, Output efficiency: 0.261
mdot_h2: 22.53 g/s
Reynolds_number: 11,743,151
Stack prop output power: 649 kW, Pcomp: 6.1 kW
Cell efficiency: 0.261, Output efficiency: 0.246
mdot_h2: 17.75 g/s
Reynolds_number: 11,743,151
Stack prop output power: 649 kW, Pcomp: 6.1 kW
Cell efficiency: 0.261, Output efficiency: 0.246
mdot_h2: 17.75 g/s
Reynolds_number: 11,743,151
Stack prop output power: 649 kW, Pcomp: 61.0 kW
Cell efficiency: 0.300, Output efficiency: 0.261
mdot_h2: 16.77 g/s

-----------------------
ptotal_climb: 2,333 kW, mtom_est: 7,615 kg, mtom: 7,616 kg, residual: -0.17 kg

Reynolds_number: 11,743,151
Stack prop output power: 872 kW, Pcomp: 82.0 kW
Cell efficiency: 0.300, Output efficiency: 0.261
mdot_h2: 22.53 g/s
Reynolds_number: 11,743,151
Stack prop output power: 872 kW, Pcomp: 82.0 kW
Cell efficiency: 0.300, Output efficiency: 0.261
mdot_h2: 22.53 g/s
Reynolds_number: 6,709,346
Stack prop output power: 649 kW, Pcomp: 5.7 kW
Cell efficiency: 0.305, Output efficiency: 0.287
mdot_h2: 15.22 g/s
Reynolds_number: 6,709,346
Stack prop output power: 649 kW, Pcomp: 5.7 kW
Cell efficiency: 0.305, Output efficiency: 0.287
mdot_h2: 15.22 g/s

CONVERGED
======================================================
======================= ITER 1 =======================
Reynolds_number: 11,743,151
Stack prop output power: 857 kW, Pcomp: 80.6 kW
Cell efficiency: 0.300, Output efficiency: 0.261
mdot_h2: 22.15 g/s
Reynolds_number: 11,743,151
Stack prop output power: 857 kW, Pcomp: 80.6 kW
Cell efficiency: 0.300, Output efficiency: 0.261
mdot_h2: 22.15 g/s
Reynolds_number: 11,743,151
Stack prop output power: 638 kW, Pcomp: 6.0 kW
Cell efficiency: 0.261, Output efficiency: 0.246
mdot_h2: 17.45 g/s
Reynolds_number: 11,743,151
Stack prop output power: 638 kW, Pcomp: 6.0 kW
Cell efficiency: 0.261, Output efficiency: 0.246
mdot_h2: 17.45 g/s
Reynolds_number: 11,743,151
Stack prop output power: 638 kW, Pcomp: 60.0 kW
Cell efficiency: 0.300, Output efficiency: 0.261
mdot_h2: 16.48 g/s

-----------------------
ptotal_climb: 2,293 kW, mtom_est: 7,528 kg, mtom: 7,615 kg, residual: -87.50 kg

MTOM update: initial_bracket_probe_1, relax=1.000 -> mtom_next=7,006.16 kg

======================================================
======================= ITER 2 =======================
Reynolds_number: 11,743,151
Stack prop output power: 789 kW, Pcomp: 74.1 kW
Cell efficiency: 0.300, Output efficiency: 0.261
mdot_h2: 20.38 g/s
Reynolds_number: 11,743,151
Stack prop output power: 789 kW, Pcomp: 74.1 kW
Cell efficiency: 0.300, Output efficiency: 0.261
mdot_h2: 20.38 g/s
Reynolds_number: 11,743,151
Stack prop output power: 587 kW, Pcomp: 5.5 kW
Cell efficiency: 0.261, Output efficiency: 0.246
mdot_h2: 16.06 g/s
Reynolds_number: 11,743,151
Stack prop output power: 587 kW, Pcomp: 5.5 kW
Cell efficiency: 0.261, Output efficiency: 0.246
mdot_h2: 16.06 g/s
Reynolds_number: 11,743,151
Stack prop output power: 587 kW, Pcomp: 55.2 kW
Cell efficiency: 0.300, Output efficiency: 0.261
mdot_h2: 15.17 g/s

-----------------------
ptotal_climb: 2,110 kW, mtom_est: 7,087 kg, mtom: 7,006 kg, residual: +80.46 kg

MTOM update: newton, relax=1.000 -> mtom_next=7,298.00 kg

======================================================
======================= ITER 3 =======================
Reynolds_number: 11,743,151
Stack prop output power: 822 kW, Pcomp: 77.2 kW
Cell efficiency: 0.300, Output efficiency: 0.261
mdot_h2: 21.23 g/s
Reynolds_number: 11,743,151
Stack prop output power: 822 kW, Pcomp: 77.2 kW
Cell efficiency: 0.300, Output efficiency: 0.261
mdot_h2: 21.23 g/s
Reynolds_number: 11,743,151
Stack prop output power: 611 kW, Pcomp: 5.7 kW
Cell efficiency: 0.261, Output efficiency: 0.246
mdot_h2: 16.73 g/s
Reynolds_number: 11,743,151
Stack prop output power: 611 kW, Pcomp: 5.7 kW
Cell efficiency: 0.261, Output efficiency: 0.246
mdot_h2: 16.73 g/s
Reynolds_number: 11,743,151
Stack prop output power: 611 kW, Pcomp: 57.5 kW
Cell efficiency: 0.300, Output efficiency: 0.261
mdot_h2: 15.80 g/s

-----------------------
ptotal_climb: 2,198 kW, mtom_est: 7,299 kg, mtom: 7,298 kg, residual: +1.12 kg

Reynolds_number: 11,743,151
Stack prop output power: 822 kW, Pcomp: 77.2 kW
Cell efficiency: 0.300, Output efficiency: 0.261
mdot_h2: 21.23 g/s
Reynolds_number: 11,743,151
Stack prop output power: 822 kW, Pcomp: 77.2 kW
Cell efficiency: 0.300, Output efficiency: 0.261
mdot_h2: 21.23 g/s
Reynolds_number: 6,709,346
Stack prop output power: 611 kW, Pcomp: 5.3 kW
Cell efficiency: 0.305, Output efficiency: 0.287
mdot_h2: 14.34 g/s
Reynolds_number: 6,709,346
Stack prop output power: 611 kW, Pcomp: 5.3 kW
Cell efficiency: 0.305, Output efficiency: 0.287
mdot_h2: 14.34 g/s

CONVERGED
======================================================
======================= ITER 1 =======================
Reynolds_number: 11,743,151
Stack prop output power: 808 kW, Pcomp: 76.0 kW
Cell efficiency: 0.300, Output efficiency: 0.261
mdot_h2: 20.88 g/s
Reynolds_number: 11,743,151
Stack prop output power: 808 kW, Pcomp: 76.0 kW
Cell efficiency: 0.300, Output efficiency: 0.261
mdot_h2: 20.88 g/s
Reynolds_number: 11,743,151
Stack prop output power: 602 kW, Pcomp: 5.6 kW
Cell efficiency: 0.261, Output efficiency: 0.246
mdot_h2: 16.46 g/s
Reynolds_number: 11,743,151
Stack prop output power: 602 kW, Pcomp: 5.6 kW
Cell efficiency: 0.261, Output efficiency: 0.246
mdot_h2: 16.46 g/s
Reynolds_number: 11,743,151
Stack prop output power: 602 kW, Pcomp: 56.5 kW
Cell efficiency: 0.300, Output efficiency: 0.261
mdot_h2: 15.54 g/s

-----------------------
ptotal_climb: 2,163 kW, mtom_est: 7,215 kg, mtom: 7,299 kg, residual: -84.26 kg

MTOM update: initial_bracket_probe_1, relax=1.000 -> mtom_next=6,715.19 kg

======================================================
======================= ITER 2 =======================
Reynolds_number: 11,743,151
Stack prop output power: 744 kW, Pcomp: 69.9 kW
Cell efficiency: 0.300, Output efficiency: 0.261
mdot_h2: 19.21 g/s
Reynolds_number: 11,743,151
Stack prop output power: 744 kW, Pcomp: 69.9 kW
Cell efficiency: 0.300, Output efficiency: 0.261
mdot_h2: 19.21 g/s
Reynolds_number: 11,743,151
Stack prop output power: 554 kW, Pcomp: 5.2 kW
Cell efficiency: 0.261, Output efficiency: 0.246
mdot_h2: 15.14 g/s
Reynolds_number: 11,743,151
Stack prop output power: 554 kW, Pcomp: 5.2 kW
Cell efficiency: 0.261, Output efficiency: 0.246
mdot_h2: 15.14 g/s
Reynolds_number: 11,743,151
Stack prop output power: 554 kW, Pcomp: 52.0 kW
Cell efficiency: 0.300, Output efficiency: 0.261
mdot_h2: 14.30 g/s

-----------------------
ptotal_climb: 1,990 kW, mtom_est: 6,792 kg, mtom: 6,715 kg, residual: +76.49 kg

MTOM update: newton, relax=1.000 -> mtom_next=6,993.03 kg

======================================================
======================= ITER 3 =======================
Reynolds_number: 11,743,151
Stack prop output power: 774 kW, Pcomp: 72.8 kW
Cell efficiency: 0.300, Output efficiency: 0.261
mdot_h2: 20.01 g/s
Reynolds_number: 11,743,151
Stack prop output power: 774 kW, Pcomp: 72.8 kW
Cell efficiency: 0.300, Output efficiency: 0.261
mdot_h2: 20.01 g/s
Reynolds_number: 11,743,151
Stack prop output power: 576 kW, Pcomp: 5.4 kW
Cell efficiency: 0.261, Output efficiency: 0.246
mdot_h2: 15.77 g/s
Reynolds_number: 11,743,151
Stack prop output power: 576 kW, Pcomp: 5.4 kW
Cell efficiency: 0.261, Output efficiency: 0.246
mdot_h2: 15.77 g/s
Reynolds_number: 11,743,151
Stack prop output power: 576 kW, Pcomp: 54.2 kW
Cell efficiency: 0.300, Output efficiency: 0.261
mdot_h2: 14.89 g/s

-----------------------
ptotal_climb: 2,072 kW, mtom_est: 6,993 kg, mtom: 6,993 kg, residual: -0.35 kg

Reynolds_number: 11,743,151
Stack prop output power: 774 kW, Pcomp: 72.8 kW
Cell efficiency: 0.300, Output efficiency: 0.261
mdot_h2: 20.01 g/s
Reynolds_number: 11,743,151
Stack prop output power: 774 kW, Pcomp: 72.8 kW
Cell efficiency: 0.300, Output efficiency: 0.261
mdot_h2: 20.01 g/s
Reynolds_number: 6,709,346
Stack prop output power: 576 kW, Pcomp: 5.0 kW
Cell efficiency: 0.305, Output efficiency: 0.287
mdot_h2: 13.52 g/s
Reynolds_number: 6,709,346
Stack prop output power: 576 kW, Pcomp: 5.0 kW
Cell efficiency: 0.305, Output efficiency: 0.287
mdot_h2: 13.52 g/s

CONVERGED
======================================================
======================= ITER 1 =======================
Reynolds_number: 11,743,151
Stack prop output power: 781 kW, Pcomp: 73.4 kW
Cell efficiency: 0.300, Output efficiency: 0.261
mdot_h2: 20.17 g/s
Reynolds_number: 11,743,151
Stack prop output power: 781 kW, Pcomp: 73.4 kW
Cell efficiency: 0.300, Output efficiency: 0.261
mdot_h2: 20.17 g/s
Reynolds_number: 11,743,151
Stack prop output power: 581 kW, Pcomp: 5.4 kW
Cell efficiency: 0.261, Output efficiency: 0.246
mdot_h2: 15.90 g/s
Reynolds_number: 11,743,151
Stack prop output power: 581 kW, Pcomp: 5.4 kW
Cell efficiency: 0.261, Output efficiency: 0.246
mdot_h2: 15.90 g/s
Reynolds_number: 11,743,151
Stack prop output power: 581 kW, Pcomp: 54.6 kW
Cell efficiency: 0.300, Output efficiency: 0.261
mdot_h2: 15.01 g/s

-----------------------
ptotal_climb: 2,089 kW, mtom_est: 7,017 kg, mtom: 6,993 kg, residual: +24.64 kg

MTOM update: initial_bracket_probe_1, relax=1.000 -> mtom_next=7,552.09 kg

======================================================
======================= ITER 2 =======================
Reynolds_number: 11,743,151
Stack prop output power: 843 kW, Pcomp: 79.3 kW
Cell efficiency: 0.300, Output efficiency: 0.261
mdot_h2: 21.79 g/s
Reynolds_number: 11,743,151
Stack prop output power: 843 kW, Pcomp: 79.3 kW
Cell efficiency: 0.300, Output efficiency: 0.261
mdot_h2: 21.79 g/s
Reynolds_number: 11,743,151
Stack prop output power: 628 kW, Pcomp: 5.9 kW
Cell efficiency: 0.261, Output efficiency: 0.246
mdot_h2: 17.17 g/s
Reynolds_number: 11,743,151
Stack prop output power: 628 kW, Pcomp: 5.9 kW
Cell efficiency: 0.261, Output efficiency: 0.246
mdot_h2: 17.17 g/s
Reynolds_number: 11,743,151
Stack prop output power: 628 kW, Pcomp: 59.0 kW
Cell efficiency: 0.300, Output efficiency: 0.261
mdot_h2: 16.21 g/s

-----------------------
ptotal_climb: 2,256 kW, mtom_est: 7,425 kg, mtom: 7,552 kg, residual: -127.03 kg

MTOM update: newton, relax=0.300 -> mtom_next=7,411.53 kg

======================================================
======================= ITER 3 =======================
Reynolds_number: 11,743,151
Stack prop output power: 828 kW, Pcomp: 77.8 kW
Cell efficiency: 0.300, Output efficiency: 0.261
mdot_h2: 21.38 g/s
Reynolds_number: 11,743,151
Stack prop output power: 828 kW, Pcomp: 77.8 kW
Cell efficiency: 0.300, Output efficiency: 0.261
mdot_h2: 21.38 g/s
Reynolds_number: 11,743,151
Stack prop output power: 616 kW, Pcomp: 5.7 kW
Cell efficiency: 0.261, Output efficiency: 0.246
mdot_h2: 16.85 g/s
Reynolds_number: 11,743,151
Stack prop output power: 616 kW, Pcomp: 5.7 kW
Cell efficiency: 0.261, Output efficiency: 0.246
mdot_h2: 16.85 g/s
Reynolds_number: 11,743,151
Stack prop output power: 616 kW, Pcomp: 57.9 kW
Cell efficiency: 0.300, Output efficiency: 0.261
mdot_h2: 15.91 g/s

-----------------------
ptotal_climb: 2,214 kW, mtom_est: 7,322 kg, mtom: 7,412 kg, residual: -89.07 kg

MTOM update: newton, relax=0.360 -> mtom_next=7,292.83 kg

======================================================
======================= ITER 4 =======================
Reynolds_number: 11,743,151
Stack prop output power: 814 kW, Pcomp: 76.5 kW
Cell efficiency: 0.300, Output efficiency: 0.261
mdot_h2: 21.04 g/s
Reynolds_number: 11,743,151
Stack prop output power: 814 kW, Pcomp: 76.5 kW
Cell efficiency: 0.300, Output efficiency: 0.261
mdot_h2: 21.04 g/s
Reynolds_number: 11,743,151
Stack prop output power: 606 kW, Pcomp: 5.7 kW
Cell efficiency: 0.261, Output efficiency: 0.246
mdot_h2: 16.58 g/s
Reynolds_number: 11,743,151
Stack prop output power: 606 kW, Pcomp: 5.7 kW
Cell efficiency: 0.261, Output efficiency: 0.246
mdot_h2: 16.58 g/s
Reynolds_number: 11,743,151
Stack prop output power: 606 kW, Pcomp: 57.0 kW
Cell efficiency: 0.300, Output efficiency: 0.261
mdot_h2: 15.66 g/s

-----------------------
ptotal_climb: 2,178 kW, mtom_est: 7,236 kg, mtom: 7,293 kg, residual: -56.46 kg

MTOM update: newton, relax=0.432 -> mtom_next=7,204.02 kg

======================================================
======================= ITER 5 =======================
Reynolds_number: 11,743,151
Stack prop output power: 804 kW, Pcomp: 75.6 kW
Cell efficiency: 0.300, Output efficiency: 0.261
mdot_h2: 20.78 g/s
Reynolds_number: 11,743,151
Stack prop output power: 804 kW, Pcomp: 75.6 kW
Cell efficiency: 0.300, Output efficiency: 0.261
mdot_h2: 20.78 g/s
Reynolds_number: 11,743,151
Stack prop output power: 599 kW, Pcomp: 5.6 kW
Cell efficiency: 0.261, Output efficiency: 0.246
mdot_h2: 16.38 g/s
Reynolds_number: 11,743,151
Stack prop output power: 599 kW, Pcomp: 5.6 kW
Cell efficiency: 0.261, Output efficiency: 0.246
mdot_h2: 16.38 g/s
Reynolds_number: 11,743,151
Stack prop output power: 599 kW, Pcomp: 56.3 kW
Cell efficiency: 0.300, Output efficiency: 0.261
mdot_h2: 15.47 g/s

-----------------------
ptotal_climb: 2,152 kW, mtom_est: 7,149 kg, mtom: 7,204 kg, residual: -55.30 kg

MTOM update: regula_falsi, relax=0.518 -> mtom_next=7,057.83 kg

======================================================
======================= ITER 6 =======================
Reynolds_number: 11,743,151
Stack prop output power: 788 kW, Pcomp: 74.1 kW
Cell efficiency: 0.300, Output efficiency: 0.261
mdot_h2: 20.36 g/s
Reynolds_number: 11,743,151
Stack prop output power: 788 kW, Pcomp: 74.1 kW
Cell efficiency: 0.300, Output efficiency: 0.261
mdot_h2: 20.36 g/s
Reynolds_number: 11,743,151
Stack prop output power: 587 kW, Pcomp: 5.5 kW
Cell efficiency: 0.261, Output efficiency: 0.246
mdot_h2: 16.04 g/s
Reynolds_number: 11,743,151
Stack prop output power: 587 kW, Pcomp: 5.5 kW
Cell efficiency: 0.261, Output efficiency: 0.246
mdot_h2: 16.04 g/s
Reynolds_number: 11,743,151
Stack prop output power: 587 kW, Pcomp: 55.1 kW
Cell efficiency: 0.300, Output efficiency: 0.261
mdot_h2: 15.15 g/s

-----------------------
ptotal_climb: 2,108 kW, mtom_est: 7,065 kg, mtom: 7,058 kg, residual: +7.05 kg

MTOM update: newton, relax=0.622 -> mtom_next=7,068.11 kg

======================================================
======================= ITER 7 =======================
Reynolds_number: 11,743,151
Stack prop output power: 789 kW, Pcomp: 74.2 kW
Cell efficiency: 0.300, Output efficiency: 0.261
mdot_h2: 20.39 g/s
Reynolds_number: 11,743,151
Stack prop output power: 789 kW, Pcomp: 74.2 kW
Cell efficiency: 0.300, Output efficiency: 0.261
mdot_h2: 20.39 g/s
Reynolds_number: 11,743,151
Stack prop output power: 587 kW, Pcomp: 5.5 kW
Cell efficiency: 0.261, Output efficiency: 0.246
mdot_h2: 16.07 g/s
Reynolds_number: 11,743,151
Stack prop output power: 587 kW, Pcomp: 5.5 kW
Cell efficiency: 0.261, Output efficiency: 0.246
mdot_h2: 16.07 g/s
Reynolds_number: 11,743,151
Stack prop output power: 587 kW, Pcomp: 55.2 kW
Cell efficiency: 0.300, Output efficiency: 0.261
mdot_h2: 15.17 g/s

-----------------------
ptotal_climb: 2,111 kW, mtom_est: 7,073 kg, mtom: 7,068 kg, residual: +5.08 kg

MTOM update: newton, relax=0.746 -> mtom_next=7,087.95 kg

======================================================
======================= ITER 8 =======================
Reynolds_number: 11,743,151
Stack prop output power: 791 kW, Pcomp: 74.4 kW
Cell efficiency: 0.300, Output efficiency: 0.261
mdot_h2: 20.45 g/s
Reynolds_number: 11,743,151
Stack prop output power: 791 kW, Pcomp: 74.4 kW
Cell efficiency: 0.300, Output efficiency: 0.261
mdot_h2: 20.45 g/s
Reynolds_number: 11,743,151
Stack prop output power: 589 kW, Pcomp: 5.5 kW
Cell efficiency: 0.261, Output efficiency: 0.246
mdot_h2: 16.11 g/s
Reynolds_number: 11,743,151
Stack prop output power: 589 kW, Pcomp: 5.5 kW
Cell efficiency: 0.261, Output efficiency: 0.246
mdot_h2: 16.11 g/s
Reynolds_number: 11,743,151
Stack prop output power: 589 kW, Pcomp: 55.4 kW
Cell efficiency: 0.300, Output efficiency: 0.261
mdot_h2: 15.22 g/s

-----------------------
ptotal_climb: 2,117 kW, mtom_est: 7,087 kg, mtom: 7,088 kg, residual: -0.99 kg

Reynolds_number: 11,743,151
Stack prop output power: 791 kW, Pcomp: 74.4 kW
Cell efficiency: 0.300, Output efficiency: 0.261
mdot_h2: 20.45 g/s
Reynolds_number: 11,743,151
Stack prop output power: 791 kW, Pcomp: 74.4 kW
Cell efficiency: 0.300, Output efficiency: 0.261
mdot_h2: 20.45 g/s
Reynolds_number: 6,709,346
Stack prop output power: 589 kW, Pcomp: 5.1 kW
Cell efficiency: 0.305, Output efficiency: 0.287
mdot_h2: 13.81 g/s
Reynolds_number: 6,709,346
Stack prop output power: 589 kW, Pcomp: 5.1 kW
Cell efficiency: 0.305, Output efficiency: 0.287
mdot_h2: 13.81 g/s

CONVERGED
======================================================
======================= ITER 1 =======================
Reynolds_number: 11,743,151
Stack prop output power: 814 kW, Pcomp: 76.5 kW
Cell efficiency: 0.300, Output efficiency: 0.261
mdot_h2: 21.04 g/s
Reynolds_number: 11,743,151
Stack prop output power: 814 kW, Pcomp: 76.5 kW
Cell efficiency: 0.300, Output efficiency: 0.261
mdot_h2: 21.04 g/s
Reynolds_number: 11,743,151
Stack prop output power: 606 kW, Pcomp: 5.7 kW
Cell efficiency: 0.261, Output efficiency: 0.246
mdot_h2: 16.58 g/s
Reynolds_number: 11,743,151
Stack prop output power: 606 kW, Pcomp: 5.7 kW
Cell efficiency: 0.261, Output efficiency: 0.246
mdot_h2: 16.58 g/s
Reynolds_number: 11,743,151
Stack prop output power: 606 kW, Pcomp: 57.0 kW
Cell efficiency: 0.300, Output efficiency: 0.261
mdot_h2: 15.66 g/s

-----------------------
ptotal_climb: 2,178 kW, mtom_est: 7,206 kg, mtom: 7,087 kg, residual: +119.41 kg

MTOM update: initial_bracket_probe_1, relax=1.000 -> mtom_next=7,653.92 kg

======================================================
======================= ITER 2 =======================
Reynolds_number: 11,743,151
Stack prop output power: 879 kW, Pcomp: 82.7 kW
Cell efficiency: 0.300, Output efficiency: 0.261
mdot_h2: 22.72 g/s
Reynolds_number: 11,743,151
Stack prop output power: 879 kW, Pcomp: 82.7 kW
Cell efficiency: 0.300, Output efficiency: 0.261
mdot_h2: 22.72 g/s
Reynolds_number: 11,743,151
Stack prop output power: 655 kW, Pcomp: 6.1 kW
Cell efficiency: 0.261, Output efficiency: 0.246
mdot_h2: 17.90 g/s
Reynolds_number: 11,743,151
Stack prop output power: 655 kW, Pcomp: 6.1 kW
Cell efficiency: 0.261, Output efficiency: 0.246
mdot_h2: 17.90 g/s
Reynolds_number: 11,743,151
Stack prop output power: 655 kW, Pcomp: 61.5 kW
Cell efficiency: 0.300, Output efficiency: 0.261
mdot_h2: 16.91 g/s

-----------------------
ptotal_climb: 2,353 kW, mtom_est: 7,623 kg, mtom: 7,654 kg, residual: -30.70 kg

MTOM update: newton, relax=1.000 -> mtom_next=7,537.95 kg

======================================================
======================= ITER 3 =======================
Reynolds_number: 11,743,151
Stack prop output power: 866 kW, Pcomp: 81.4 kW
Cell efficiency: 0.300, Output efficiency: 0.261
mdot_h2: 22.38 g/s
Reynolds_number: 11,743,151
Stack prop output power: 866 kW, Pcomp: 81.4 kW
Cell efficiency: 0.300, Output efficiency: 0.261
mdot_h2: 22.38 g/s
Reynolds_number: 11,743,151
Stack prop output power: 645 kW, Pcomp: 6.0 kW
Cell efficiency: 0.261, Output efficiency: 0.246
mdot_h2: 17.63 g/s
Reynolds_number: 11,743,151
Stack prop output power: 645 kW, Pcomp: 6.0 kW
Cell efficiency: 0.261, Output efficiency: 0.246
mdot_h2: 17.63 g/s
Reynolds_number: 11,743,151
Stack prop output power: 645 kW, Pcomp: 60.6 kW
Cell efficiency: 0.300, Output efficiency: 0.261
mdot_h2: 16.65 g/s

-----------------------
ptotal_climb: 2,317 kW, mtom_est: 7,542 kg, mtom: 7,538 kg, residual: +4.47 kg

Reynolds_number: 11,743,151
Stack prop output power: 866 kW, Pcomp: 81.4 kW
Cell efficiency: 0.300, Output efficiency: 0.261
mdot_h2: 22.38 g/s
Reynolds_number: 11,743,151
Stack prop output power: 866 kW, Pcomp: 81.4 kW
Cell efficiency: 0.300, Output efficiency: 0.261
mdot_h2: 22.38 g/s
Reynolds_number: 6,709,346
Stack prop output power: 645 kW, Pcomp: 5.6 kW
Cell efficiency: 0.305, Output efficiency: 0.287
mdot_h2: 15.12 g/s
Reynolds_number: 6,709,346
Stack prop output power: 645 kW, Pcomp: 5.6 kW
Cell efficiency: 0.305, Output efficiency: 0.287
mdot_h2: 15.12 g/s

CONVERGED
ADRpy+HFCAD coupled sizing (min_mtom): W/S=2300.0 Pa (234.53 kg/m^2), MTOM=6992.7 kg, P/W_TO=0.16105, P/W_climb=0.16105, P/W_cruise=0.16105 (kW/kg)
Chromium init'ed with kwargs {}
Found chromium path: /usr/bin/google-chrome
Temp directory created: /tmp/tmp4on2c_tz.
Opening browser.
Temp directory created: /tmp/tmpy6l_4sz3.
ldd failed. e: Command '['ldd', '/usr/bin/google-chrome']' returned non-zero exit status 1., stderr: None
Temporary directory at: /tmp/tmpy6l_4sz3
Conforming 1 to file:///tmp/tmp4on2c_tz/index.html
Waiting on all navigates
All navigates done, putting them all in queue.
Getting tab from queue (has 1)
Got C5A9
Processing fig.png
Sending big command for fig.png.
Sent big command for fig.png.
Reloading tab C5A9 before return.
Putting tab C5A9 back (queue size: 0).
Waiting for all cleanups to finish.
Exiting Kaleido
TemporaryDirectory.cleanup() worked.
shutil.rmtree worked.
Cancelling tasks.
Exiting Kaleido/Choreo
Closing browser.
TemporaryDirectory.cleanup() worked.
shutil.rmtree worked.
Cancelling tasks.
Exiting Kaleido/Choreo
Closing browser.
TemporaryDirectory.cleanup() worked.
shutil.rmtree worked.
Pfuel_ready: 104 kW, Pfuel_taxing: 207 kW, Pfuel_climb: 1,688 kW, Pfuel_cruise: 2,327 kW, Pfuel_cruise_charger: 2,327 kW, Pbat_climb: 384 kW, Pbat_charge: 0 kW
TemporaryDirectory.cleanup() worked.
shutil.rmtree worked.
qt.qpa.plugin: From 6.5.0, xcb-cursor0 or libxcb-cursor0 is needed to load the Qt xcb platform plugin.
qt.qpa.plugin: Could not load the Qt platform plugin "xcb" in "" even though it was found.
This application failed to start because no Qt platform plugin could be initialized. Reinstalling the application may fix this problem.

Available platform plugins are: linuxfb, xcb, wayland-brcm, wayland-egl, wayland, minimal, eglfs, offscreen, vkkhrdisplay, minimalegl, vnc.

