======================================================
======================= ITER 1 =======================
Reynolds_number: 14,287,728
Stack prop output power: 786 kW, Pcomp: 40.7 kW
Cell efficiency: 0.304, Output efficiency: 0.274
mdot_h2: 19.31 g/s
Reynolds_number: 14,287,728
Stack prop output power: 786 kW, Pcomp: 40.7 kW
Cell efficiency: 0.304, Output efficiency: 0.274
mdot_h2: 19.31 g/s
Reynolds_number: 14,287,728
Stack prop output power: 585 kW, Pcomp: 5.3 kW
Cell efficiency: 0.286, Output efficiency: 0.269
mdot_h2: 14.65 g/s
Reynolds_number: 14,287,728
Stack prop output power: 585 kW, Pcomp: 5.3 kW
Cell efficiency: 0.286, Output efficiency: 0.269
mdot_h2: 14.65 g/s
Reynolds_number: 14,287,728
Stack prop output power: 585 kW, Pcomp: 30.3 kW
Cell efficiency: 0.304, Output efficiency: 0.274
mdot_h2: 14.37 g/s

-----------------------
ptotal_climb: 2,061 kW, mtom_est: 7,073 kg, mtom: 5,000 kg, residual: +2,073.03 kg

MTOM update: initial_bracket_probe_1, relax=1.000 -> mtom_next=5,375.00 kg

======================================================
======================= ITER 2 =======================
Reynolds_number: 14,287,728
Stack prop output power: 845 kW, Pcomp: 43.7 kW
Cell efficiency: 0.304, Output efficiency: 0.274
mdot_h2: 20.75 g/s
Reynolds_number: 14,287,728
Stack prop output power: 845 kW, Pcomp: 43.7 kW
Cell efficiency: 0.304, Output efficiency: 0.274
mdot_h2: 20.75 g/s
Reynolds_number: 14,287,728
Stack prop output power: 629 kW, Pcomp: 5.6 kW
Cell efficiency: 0.286, Output efficiency: 0.269
mdot_h2: 15.75 g/s
Reynolds_number: 14,287,728
Stack prop output power: 629 kW, Pcomp: 5.6 kW
Cell efficiency: 0.286, Output efficiency: 0.269
mdot_h2: 15.75 g/s
Reynolds_number: 14,287,728
Stack prop output power: 629 kW, Pcomp: 32.5 kW
Cell efficiency: 0.304, Output efficiency: 0.274
mdot_h2: 15.45 g/s

-----------------------
ptotal_climb: 2,216 kW, mtom_est: 7,421 kg, mtom: 5,375 kg, residual: +2,046.49 kg

MTOM update: initial_bracket_probe_2, relax=1.000 -> mtom_next=5,750.00 kg

======================================================
======================= ITER 3 =======================
Reynolds_number: 14,287,728
Stack prop output power: 904 kW, Pcomp: 46.8 kW
Cell efficiency: 0.304, Output efficiency: 0.274
mdot_h2: 22.20 g/s
Reynolds_number: 14,287,728
Stack prop output power: 904 kW, Pcomp: 46.8 kW
Cell efficiency: 0.304, Output efficiency: 0.274
mdot_h2: 22.20 g/s
Reynolds_number: 14,287,728
Stack prop output power: 673 kW, Pcomp: 6.0 kW
Cell efficiency: 0.286, Output efficiency: 0.269
mdot_h2: 16.85 g/s
Reynolds_number: 14,287,728
Stack prop output power: 673 kW, Pcomp: 6.0 kW
Cell efficiency: 0.286, Output efficiency: 0.269
mdot_h2: 16.85 g/s
Reynolds_number: 14,287,728
Stack prop output power: 673 kW, Pcomp: 34.8 kW
Cell efficiency: 0.304, Output efficiency: 0.274
mdot_h2: 16.52 g/s

-----------------------
ptotal_climb: 2,370 kW, mtom_est: 7,769 kg, mtom: 5,750 kg, residual: +2,018.92 kg

MTOM update: initial_bracket_probe_3, relax=1.000 -> mtom_next=6,325.00 kg

======================================================
======================= ITER 4 =======================
Reynolds_number: 14,287,728
Stack prop output power: 995 kW, Pcomp: 51.4 kW
Cell efficiency: 0.304, Output efficiency: 0.274
mdot_h2: 24.42 g/s
Reynolds_number: 14,287,728
Stack prop output power: 995 kW, Pcomp: 51.4 kW
Cell efficiency: 0.304, Output efficiency: 0.274
mdot_h2: 24.42 g/s
Reynolds_number: 14,287,728
Stack prop output power: 740 kW, Pcomp: 6.6 kW
Cell efficiency: 0.286, Output efficiency: 0.269
mdot_h2: 18.54 g/s
Reynolds_number: 14,287,728
Stack prop output power: 740 kW, Pcomp: 6.6 kW
Cell efficiency: 0.286, Output efficiency: 0.269
mdot_h2: 18.54 g/s
Reynolds_number: 14,287,728
Stack prop output power: 740 kW, Pcomp: 38.3 kW
Cell efficiency: 0.304, Output efficiency: 0.274
mdot_h2: 18.18 g/s

-----------------------
ptotal_climb: 2,607 kW, mtom_est: 8,304 kg, mtom: 6,325 kg, residual: +1,978.98 kg

MTOM update: fixed_point_prebracket, relax=1.000 -> mtom_next=6,957.50 kg

======================================================
======================= ITER 5 =======================
Reynolds_number: 14,287,728
Stack prop output power: 1,094 kW, Pcomp: 56.6 kW
Cell efficiency: 0.304, Output efficiency: 0.274
mdot_h2: 26.86 g/s
Reynolds_number: 14,287,728
Stack prop output power: 1,094 kW, Pcomp: 56.6 kW
Cell efficiency: 0.304, Output efficiency: 0.274
mdot_h2: 26.86 g/s
Reynolds_number: 14,287,728
Stack prop output power: 814 kW, Pcomp: 7.3 kW
Cell efficiency: 0.286, Output efficiency: 0.269
mdot_h2: 20.39 g/s
Reynolds_number: 14,287,728
Stack prop output power: 814 kW, Pcomp: 7.3 kW
Cell efficiency: 0.286, Output efficiency: 0.269
mdot_h2: 20.39 g/s
Reynolds_number: 14,287,728
Stack prop output power: 814 kW, Pcomp: 42.1 kW
Cell efficiency: 0.304, Output efficiency: 0.274
mdot_h2: 19.99 g/s

-----------------------
ptotal_climb: 2,868 kW, mtom_est: 8,894 kg, mtom: 6,958 kg, residual: +1,936.82 kg

MTOM update: fixed_point_prebracket, relax=1.000 -> mtom_next=7,653.25 kg

======================================================
======================= ITER 6 =======================
Reynolds_number: 14,287,728
Stack prop output power: 1,204 kW, Pcomp: 62.3 kW
Cell efficiency: 0.304, Output efficiency: 0.274
mdot_h2: 29.55 g/s
Reynolds_number: 14,287,728
Stack prop output power: 1,204 kW, Pcomp: 62.3 kW
Cell efficiency: 0.304, Output efficiency: 0.274
mdot_h2: 29.55 g/s
Reynolds_number: 14,287,728
Stack prop output power: 896 kW, Pcomp: 8.0 kW
Cell efficiency: 0.286, Output efficiency: 0.269
mdot_h2: 22.43 g/s
Reynolds_number: 14,287,728
Stack prop output power: 896 kW, Pcomp: 8.0 kW
Cell efficiency: 0.286, Output efficiency: 0.269
mdot_h2: 22.43 g/s
Reynolds_number: 14,287,728
Stack prop output power: 896 kW, Pcomp: 46.3 kW
Cell efficiency: 0.304, Output efficiency: 0.274
mdot_h2: 21.99 g/s

-----------------------
ptotal_climb: 3,154 kW, mtom_est: 9,546 kg, mtom: 7,653 kg, residual: +1,892.44 kg

MTOM update: fixed_point_prebracket, relax=1.000 -> mtom_next=8,418.58 kg

======================================================
======================= ITER 7 =======================
Reynolds_number: 14,287,728
Stack prop output power: 1,324 kW, Pcomp: 68.5 kW
Cell efficiency: 0.304, Output efficiency: 0.274
mdot_h2: 32.51 g/s
Reynolds_number: 14,287,728
Stack prop output power: 1,324 kW, Pcomp: 68.5 kW
Cell efficiency: 0.304, Output efficiency: 0.274
mdot_h2: 32.51 g/s
Reynolds_number: 14,287,728
Stack prop output power: 985 kW, Pcomp: 8.8 kW
Cell efficiency: 0.286, Output efficiency: 0.269
mdot_h2: 24.67 g/s
Reynolds_number: 14,287,728
Stack prop output power: 985 kW, Pcomp: 8.8 kW
Cell efficiency: 0.286, Output efficiency: 0.269
mdot_h2: 24.67 g/s
Reynolds_number: 14,287,728
Stack prop output power: 985 kW, Pcomp: 51.0 kW
Cell efficiency: 0.304, Output efficiency: 0.274
mdot_h2: 24.19 g/s

-----------------------
ptotal_climb: 3,470 kW, mtom_est: 10,264 kg, mtom: 8,419 kg, residual: +1,845.88 kg

MTOM update: fixed_point_prebracket, relax=1.000 -> mtom_next=9,260.43 kg

======================================================
======================= ITER 8 =======================
Reynolds_number: 14,287,728
Stack prop output power: 1,457 kW, Pcomp: 75.3 kW
Cell efficiency: 0.304, Output efficiency: 0.274
mdot_h2: 35.76 g/s
Reynolds_number: 14,287,728
Stack prop output power: 1,457 kW, Pcomp: 75.3 kW
Cell efficiency: 0.304, Output efficiency: 0.274
mdot_h2: 35.76 g/s
Reynolds_number: 14,287,728
Stack prop output power: 1,084 kW, Pcomp: 9.7 kW
Cell efficiency: 0.286, Output efficiency: 0.269
mdot_h2: 27.14 g/s
Reynolds_number: 14,287,728
Stack prop output power: 1,084 kW, Pcomp: 9.7 kW
Cell efficiency: 0.286, Output efficiency: 0.269
mdot_h2: 27.14 g/s
Reynolds_number: 14,287,728
Stack prop output power: 1,084 kW, Pcomp: 56.1 kW
Cell efficiency: 0.304, Output efficiency: 0.274
mdot_h2: 26.61 g/s

-----------------------
ptotal_climb: 3,817 kW, mtom_est: 11,058 kg, mtom: 9,260 kg, residual: +1,797.17 kg

MTOM update: fixed_point_prebracket, relax=1.000 -> mtom_next=10,159.02 kg

======================================================
======================= ITER 9 =======================
Reynolds_number: 14,287,728
Stack prop output power: 1,598 kW, Pcomp: 82.6 kW
Cell efficiency: 0.304, Output efficiency: 0.274
mdot_h2: 39.23 g/s
Reynolds_number: 14,287,728
Stack prop output power: 1,598 kW, Pcomp: 82.6 kW
Cell efficiency: 0.304, Output efficiency: 0.274
mdot_h2: 39.23 g/s
Reynolds_number: 14,287,728
Stack prop output power: 1,189 kW, Pcomp: 10.7 kW
Cell efficiency: 0.286, Output efficiency: 0.269
mdot_h2: 29.77 g/s
Reynolds_number: 14,287,728
Stack prop output power: 1,189 kW, Pcomp: 10.7 kW
Cell efficiency: 0.286, Output efficiency: 0.269
mdot_h2: 29.77 g/s
Reynolds_number: 14,287,728
Stack prop output power: 1,189 kW, Pcomp: 61.5 kW
Cell efficiency: 0.304, Output efficiency: 0.274
mdot_h2: 29.19 g/s

-----------------------
ptotal_climb: 4,187 kW, mtom_est: 11,908 kg, mtom: 10,159 kg, residual: +1,749.02 kg

MTOM update: fixed_point_prebracket, relax=1.000 -> mtom_next=11,033.53 kg

======================================================
======================= ITER 10 =======================
Reynolds_number: 14,287,728
Stack prop output power: 1,735 kW, Pcomp: 89.7 kW
Cell efficiency: 0.304, Output efficiency: 0.274
mdot_h2: 42.60 g/s
Reynolds_number: 14,287,728
Stack prop output power: 1,735 kW, Pcomp: 89.7 kW
Cell efficiency: 0.304, Output efficiency: 0.274
mdot_h2: 42.60 g/s
Reynolds_number: 14,287,728
Stack prop output power: 1,292 kW, Pcomp: 11.6 kW
Cell efficiency: 0.286, Output efficiency: 0.269
mdot_h2: 32.34 g/s
Reynolds_number: 14,287,728
Stack prop output power: 1,292 kW, Pcomp: 11.6 kW
Cell efficiency: 0.286, Output efficiency: 0.269
mdot_h2: 32.34 g/s
Reynolds_number: 14,287,728
Stack prop output power: 1,292 kW, Pcomp: 66.8 kW
Cell efficiency: 0.304, Output efficiency: 0.274
mdot_h2: 31.71 g/s

-----------------------
ptotal_climb: 4,547 kW, mtom_est: 12,738 kg, mtom: 11,034 kg, residual: +1,704.53 kg

MTOM update: newton_prebracket, relax=1.000 -> mtom_next=12,136.88 kg

======================================================
======================= ITER 11 =======================
Reynolds_number: 14,287,728
Stack prop output power: 1,909 kW, Pcomp: 98.7 kW
Cell efficiency: 0.304, Output efficiency: 0.274
mdot_h2: 46.86 g/s
Reynolds_number: 14,287,728
Stack prop output power: 1,909 kW, Pcomp: 98.7 kW
Cell efficiency: 0.304, Output efficiency: 0.274
mdot_h2: 46.86 g/s
Reynolds_number: 14,287,728
Stack prop output power: 1,421 kW, Pcomp: 12.7 kW
Cell efficiency: 0.286, Output efficiency: 0.269
mdot_h2: 35.57 g/s
Reynolds_number: 14,287,728
Stack prop output power: 1,421 kW, Pcomp: 12.7 kW
Cell efficiency: 0.286, Output efficiency: 0.269
mdot_h2: 35.57 g/s
Reynolds_number: 14,287,728
Stack prop output power: 1,421 kW, Pcomp: 73.5 kW
Cell efficiency: 0.304, Output efficiency: 0.274
mdot_h2: 34.88 g/s

-----------------------
ptotal_climb: 5,002 kW, mtom_est: 13,789 kg, mtom: 12,137 kg, residual: +1,652.58 kg

MTOM update: newton_prebracket, relax=1.000 -> mtom_next=13,350.57 kg

======================================================
======================= ITER 12 =======================
Reynolds_number: 14,287,728
Stack prop output power: 2,100 kW, Pcomp: 108.6 kW
Cell efficiency: 0.304, Output efficiency: 0.274
mdot_h2: 51.55 g/s
Reynolds_number: 14,287,728
Stack prop output power: 2,100 kW, Pcomp: 108.6 kW
Cell efficiency: 0.304, Output efficiency: 0.274
mdot_h2: 51.55 g/s
Reynolds_number: 14,287,728
Stack prop output power: 1,563 kW, Pcomp: 14.0 kW
Cell efficiency: 0.286, Output efficiency: 0.269
mdot_h2: 39.13 g/s
Reynolds_number: 14,287,728
Stack prop output power: 1,563 kW, Pcomp: 14.0 kW
Cell efficiency: 0.286, Output efficiency: 0.269
mdot_h2: 39.13 g/s
Reynolds_number: 14,287,728
Stack prop output power: 1,563 kW, Pcomp: 80.8 kW
Cell efficiency: 0.304, Output efficiency: 0.274
mdot_h2: 38.37 g/s

-----------------------
ptotal_climb: 5,502 kW, mtom_est: 14,950 kg, mtom: 13,351 kg, residual: +1,599.42 kg

MTOM update: newton_prebracket, relax=1.000 -> mtom_next=14,685.62 kg

======================================================
======================= ITER 13 =======================
Reynolds_number: 14,287,728
Stack prop output power: 2,310 kW, Pcomp: 119.5 kW
Cell efficiency: 0.304, Output efficiency: 0.274
mdot_h2: 56.70 g/s
Reynolds_number: 14,287,728
Stack prop output power: 2,310 kW, Pcomp: 119.5 kW
Cell efficiency: 0.304, Output efficiency: 0.274
mdot_h2: 56.70 g/s
Reynolds_number: 14,287,728
Stack prop output power: 1,719 kW, Pcomp: 15.4 kW
Cell efficiency: 0.286, Output efficiency: 0.269
mdot_h2: 43.04 g/s
Reynolds_number: 14,287,728
Stack prop output power: 1,719 kW, Pcomp: 15.4 kW
Cell efficiency: 0.286, Output efficiency: 0.269
mdot_h2: 43.04 g/s
Reynolds_number: 14,287,728
Stack prop output power: 1,719 kW, Pcomp: 88.9 kW
Cell efficiency: 0.304, Output efficiency: 0.274
mdot_h2: 42.20 g/s

-----------------------
ptotal_climb: 6,052 kW, mtom_est: 16,231 kg, mtom: 14,686 kg, residual: +1,545.42 kg

MTOM update: newton_prebracket, relax=1.000 -> mtom_next=16,154.19 kg

======================================================
======================= ITER 14 =======================
Reynolds_number: 14,287,728
Stack prop output power: 2,541 kW, Pcomp: 131.4 kW
Cell efficiency: 0.304, Output efficiency: 0.274
mdot_h2: 62.38 g/s
Reynolds_number: 14,287,728
Stack prop output power: 2,541 kW, Pcomp: 131.4 kW
Cell efficiency: 0.304, Output efficiency: 0.274
mdot_h2: 62.38 g/s
Reynolds_number: 14,287,728
Stack prop output power: 1,891 kW, Pcomp: 17.0 kW
Cell efficiency: 0.286, Output efficiency: 0.269
mdot_h2: 47.34 g/s
Reynolds_number: 14,287,728
Stack prop output power: 1,891 kW, Pcomp: 17.0 kW
Cell efficiency: 0.286, Output efficiency: 0.269
mdot_h2: 47.34 g/s
Reynolds_number: 14,287,728
Stack prop output power: 1,891 kW, Pcomp: 97.8 kW
Cell efficiency: 0.304, Output efficiency: 0.274
mdot_h2: 46.42 g/s

-----------------------
ptotal_climb: 6,657 kW, mtom_est: 17,647 kg, mtom: 16,154 kg, residual: +1,493.08 kg

MTOM update: newton_prebracket, relax=1.000 -> mtom_next=17,769.61 kg

======================================================
======================= ITER 15 =======================
Reynolds_number: 14,287,728
Stack prop output power: 2,795 kW, Pcomp: 144.5 kW
Cell efficiency: 0.304, Output efficiency: 0.274
mdot_h2: 68.61 g/s
Reynolds_number: 14,287,728
Stack prop output power: 2,795 kW, Pcomp: 144.5 kW
Cell efficiency: 0.304, Output efficiency: 0.274
mdot_h2: 68.61 g/s
Reynolds_number: 14,287,728
Stack prop output power: 2,080 kW, Pcomp: 18.7 kW
Cell efficiency: 0.286, Output efficiency: 0.269
mdot_h2: 52.08 g/s
Reynolds_number: 14,287,728
Stack prop output power: 2,080 kW, Pcomp: 18.7 kW
Cell efficiency: 0.286, Output efficiency: 0.269
mdot_h2: 52.08 g/s
Reynolds_number: 14,287,728
Stack prop output power: 2,080 kW, Pcomp: 107.6 kW
Cell efficiency: 0.304, Output efficiency: 0.274
mdot_h2: 51.06 g/s

-----------------------
ptotal_climb: 7,323 kW, mtom_est: 19,213 kg, mtom: 17,770 kg, residual: +1,443.34 kg

MTOM update: newton_prebracket, relax=1.000 -> mtom_next=19,546.57 kg

======================================================
======================= ITER 16 =======================
Reynolds_number: 14,287,728
Stack prop output power: 3,074 kW, Pcomp: 159.0 kW
Cell efficiency: 0.304, Output efficiency: 0.274
mdot_h2: 75.47 g/s
Reynolds_number: 14,287,728
Stack prop output power: 3,074 kW, Pcomp: 159.0 kW
Cell efficiency: 0.304, Output efficiency: 0.274
mdot_h2: 75.47 g/s
Reynolds_number: 14,287,728
Stack prop output power: 2,288 kW, Pcomp: 20.5 kW
Cell efficiency: 0.286, Output efficiency: 0.269
mdot_h2: 57.28 g/s
Reynolds_number: 14,287,728
Stack prop output power: 2,288 kW, Pcomp: 20.5 kW
Cell efficiency: 0.286, Output efficiency: 0.269
mdot_h2: 57.28 g/s
Reynolds_number: 14,287,728
Stack prop output power: 2,288 kW, Pcomp: 118.3 kW
Cell efficiency: 0.304, Output efficiency: 0.274
mdot_h2: 56.17 g/s

-----------------------
ptotal_climb: 8,055 kW, mtom_est: 20,942 kg, mtom: 19,547 kg, residual: +1,395.13 kg

MTOM update: newton_prebracket, relax=1.000 -> mtom_next=21,501.22 kg

======================================================
======================= ITER 17 =======================
Reynolds_number: 14,287,728
Stack prop output power: 3,382 kW, Pcomp: 174.9 kW
Cell efficiency: 0.304, Output efficiency: 0.274
mdot_h2: 83.02 g/s
Reynolds_number: 14,287,728
Stack prop output power: 3,382 kW, Pcomp: 174.9 kW
Cell efficiency: 0.304, Output efficiency: 0.274
mdot_h2: 83.02 g/s
Reynolds_number: 14,287,728
Stack prop output power: 2,517 kW, Pcomp: 22.6 kW
Cell efficiency: 0.286, Output efficiency: 0.269
mdot_h2: 63.01 g/s
Reynolds_number: 14,287,728
Stack prop output power: 2,517 kW, Pcomp: 22.6 kW
Cell efficiency: 0.286, Output efficiency: 0.269
mdot_h2: 63.01 g/s
Reynolds_number: 14,287,728
Stack prop output power: 2,517 kW, Pcomp: 130.2 kW
Cell efficiency: 0.304, Output efficiency: 0.274
mdot_h2: 61.79 g/s

-----------------------
ptotal_climb: 8,861 kW, mtom_est: 22,853 kg, mtom: 21,501 kg, residual: +1,351.77 kg

MTOM update: newton_prebracket, relax=1.000 -> mtom_next=23,651.35 kg

======================================================
======================= ITER 18 =======================
Reynolds_number: 14,287,728
Stack prop output power: 3,720 kW, Pcomp: 192.4 kW
Cell efficiency: 0.304, Output efficiency: 0.274
mdot_h2: 91.32 g/s
Reynolds_number: 14,287,728
Stack prop output power: 3,720 kW, Pcomp: 192.4 kW
Cell efficiency: 0.304, Output efficiency: 0.274
mdot_h2: 91.32 g/s
Reynolds_number: 14,287,728
Traceback (most recent call last):
  File "/home/shoh95/Programming/HFCAD/app/main.py", line 2786, in <module>
    main()
  File "/home/shoh95/Programming/HFCAD/app/main.py", line 2760, in main
    cfg_used, phases, mass, _trade_df = runner.run(out_dir=out_dir)
                                        ^^^^^^^^^^^^^^^^^^^^^^^^^^^
  File "/home/shoh95/Programming/HFCAD/app/main.py", line 2262, in run
    return self._run_min_mtom(out_dir=out_dir)
           ^^^^^^^^^^^^^^^^^^^^^^^^^^^^^^^^^^^
  File "/home/shoh95/Programming/HFCAD/app/main.py", line 2362, in _run_min_mtom
    phases_i, mass_i = design.run(initial_mtom_kg=mtom_seed, initial_total_power_guess_w=p_seed)
                       ^^^^^^^^^^^^^^^^^^^^^^^^^^^^^^^^^^^^^^^^^^^^^^^^^^^^^^^^^^^^^^^^^^^^^^^^^
  File "/home/shoh95/Programming/HFCAD/app/main.py", line 1770, in run
    phases["climb"] = self._phase_solver.solve(
                      ^^^^^^^^^^^^^^^^^^^^^^^^^
  File "/home/shoh95/Programming/HFCAD/app/main.py", line 1276, in solve
    nacelle = self._fc.size_nacelle(
              ^^^^^^^^^^^^^^^^^^^^^^
  File "/home/shoh95/Programming/HFCAD/app/main.py", line 1133, in size_nacelle
    geom_comp, power_comp, rho_humid_in, m_dot_comp = compressor_performance_model(
                                                      ^^^^^^^^^^^^^^^^^^^^^^^^^^^^^
  File "/home/shoh95/Programming/HFCAD/app/models/compressor_performance.py", line 100, in compressor_performance_model
    raise ValueError("Rotor outlet enthalpy too high. Reduce RPM!")
ValueError: Rotor outlet enthalpy too high. Reduce RPM!

[run_sweep] FAIL criteria: artifact not found or empty
[run_sweep] expected artifact: results/input_sweep_r7/h3000_M0.45_R1500km_PL1000kg/ConvergedData.txt
[run_sweep] exit code: 1
