ADRpy feasible W/S window (seed): 2000.0 .. 2350.0 Pa (203.94 .. 239.63 kg/m^2), 8 points
ADRpy minimum combined P/W seed is on the feasible W/S boundary (2350.0 Pa). Consider widening ws_min_pa/ws_max_pa for min_mtom.
min_mtom seed from ADRpy min combined P/W: W/S=2350.0 Pa, combined P/W=0.13329 kW/kg; initial focus window 2230.0..2470.0 Pa (7 points)
ADRpy feasible W/S window (focus pass 0): 2230.0 .. 2350.0 Pa (227.40 .. 239.63 kg/m^2), 4 points
======================================================
======================= ITER 1 =======================
Reynolds_number: 11,112,677
Stack prop output power: 459 kW, Pcomp: 23.7 kW
Cell efficiency: 0.300, Output efficiency: 0.271
mdot_h2: 11.41 g/s
Reynolds_number: 11,112,677
Stack prop output power: 459 kW, Pcomp: 23.7 kW
Cell efficiency: 0.300, Output efficiency: 0.271
mdot_h2: 11.41 g/s
Reynolds_number: 11,112,677
Stack prop output power: 341 kW, Pcomp: 3.1 kW
Cell efficiency: 0.281, Output efficiency: 0.264
mdot_h2: 8.69 g/s
Reynolds_number: 11,112,677
Stack prop output power: 341 kW, Pcomp: 3.1 kW
Cell efficiency: 0.281, Output efficiency: 0.264
mdot_h2: 8.69 g/s
Reynolds_number: 11,112,677
Stack prop output power: 341 kW, Pcomp: 17.6 kW
Cell efficiency: 0.300, Output efficiency: 0.271
mdot_h2: 8.49 g/s

-----------------------
ptotal_climb: 1,209 kW, mtom_est: 5,538 kg, mtom: 5,000 kg, residual: +538.50 kg

MTOM update: initial_bracket_probe_1, relax=1.000 -> mtom_next=5,350.00 kg

======================================================
======================= ITER 2 =======================
Reynolds_number: 11,112,677
Stack prop output power: 491 kW, Pcomp: 25.3 kW
Cell efficiency: 0.300, Output efficiency: 0.271
mdot_h2: 12.20 g/s
Reynolds_number: 11,112,677
Stack prop output power: 491 kW, Pcomp: 25.3 kW
Cell efficiency: 0.300, Output efficiency: 0.271
mdot_h2: 12.20 g/s
Reynolds_number: 11,112,677
Stack prop output power: 365 kW, Pcomp: 3.3 kW
Cell efficiency: 0.281, Output efficiency: 0.264
mdot_h2: 9.30 g/s
Reynolds_number: 11,112,677
Stack prop output power: 365 kW, Pcomp: 3.3 kW
Cell efficiency: 0.281, Output efficiency: 0.264
mdot_h2: 9.30 g/s
Reynolds_number: 11,112,677
Stack prop output power: 365 kW, Pcomp: 18.8 kW
Cell efficiency: 0.300, Output efficiency: 0.271
mdot_h2: 9.08 g/s

-----------------------
ptotal_climb: 1,294 kW, mtom_est: 5,801 kg, mtom: 5,350 kg, residual: +451.18 kg

MTOM update: initial_bracket_probe_2, relax=1.000 -> mtom_next=5,700.00 kg

======================================================
======================= ITER 3 =======================
Reynolds_number: 11,112,677
Stack prop output power: 523 kW, Pcomp: 27.0 kW
Cell efficiency: 0.300, Output efficiency: 0.271
mdot_h2: 13.00 g/s
Reynolds_number: 11,112,677
Stack prop output power: 523 kW, Pcomp: 27.0 kW
Cell efficiency: 0.300, Output efficiency: 0.271
mdot_h2: 13.00 g/s
Reynolds_number: 11,112,677
Stack prop output power: 389 kW, Pcomp: 3.5 kW
Cell efficiency: 0.281, Output efficiency: 0.264
mdot_h2: 9.91 g/s
Reynolds_number: 11,112,677
Stack prop output power: 389 kW, Pcomp: 3.5 kW
Cell efficiency: 0.281, Output efficiency: 0.264
mdot_h2: 9.91 g/s
Reynolds_number: 11,112,677
Stack prop output power: 389 kW, Pcomp: 20.1 kW
Cell efficiency: 0.300, Output efficiency: 0.271
mdot_h2: 9.68 g/s

-----------------------
ptotal_climb: 1,378 kW, mtom_est: 6,065 kg, mtom: 5,700 kg, residual: +364.69 kg

MTOM update: fixed_point_prebracket, relax=1.000 -> mtom_next=5,882.35 kg

======================================================
======================= ITER 4 =======================
Reynolds_number: 11,112,677
Stack prop output power: 540 kW, Pcomp: 27.8 kW
Cell efficiency: 0.300, Output efficiency: 0.271
mdot_h2: 13.42 g/s
Reynolds_number: 11,112,677
Stack prop output power: 540 kW, Pcomp: 27.8 kW
Cell efficiency: 0.300, Output efficiency: 0.271
mdot_h2: 13.42 g/s
Reynolds_number: 11,112,677
Stack prop output power: 402 kW, Pcomp: 3.6 kW
Cell efficiency: 0.281, Output efficiency: 0.264
mdot_h2: 10.23 g/s
Reynolds_number: 11,112,677
Stack prop output power: 402 kW, Pcomp: 3.6 kW
Cell efficiency: 0.281, Output efficiency: 0.264
mdot_h2: 10.23 g/s
Reynolds_number: 11,112,677
Stack prop output power: 402 kW, Pcomp: 20.7 kW
Cell efficiency: 0.300, Output efficiency: 0.271
mdot_h2: 9.99 g/s

-----------------------
ptotal_climb: 1,422 kW, mtom_est: 6,202 kg, mtom: 5,882 kg, residual: +319.75 kg

MTOM update: fixed_point_prebracket, relax=1.000 -> mtom_next=6,042.22 kg

======================================================
======================= ITER 5 =======================
Reynolds_number: 11,112,677
Stack prop output power: 554 kW, Pcomp: 28.6 kW
Cell efficiency: 0.300, Output efficiency: 0.271
mdot_h2: 13.78 g/s
Reynolds_number: 11,112,677
Stack prop output power: 554 kW, Pcomp: 28.6 kW
Cell efficiency: 0.300, Output efficiency: 0.271
mdot_h2: 13.78 g/s
Reynolds_number: 11,112,677
Stack prop output power: 413 kW, Pcomp: 3.7 kW
Cell efficiency: 0.281, Output efficiency: 0.264
mdot_h2: 10.51 g/s
Reynolds_number: 11,112,677
Stack prop output power: 413 kW, Pcomp: 3.7 kW
Cell efficiency: 0.281, Output efficiency: 0.264
mdot_h2: 10.51 g/s
Reynolds_number: 11,112,677
Stack prop output power: 413 kW, Pcomp: 21.3 kW
Cell efficiency: 0.300, Output efficiency: 0.271
mdot_h2: 10.26 g/s

-----------------------
ptotal_climb: 1,461 kW, mtom_est: 6,327 kg, mtom: 6,042 kg, residual: +285.09 kg

MTOM update: fixed_point_prebracket, relax=1.000 -> mtom_next=6,184.77 kg

======================================================
======================= ITER 6 =======================
Reynolds_number: 11,112,677
Stack prop output power: 567 kW, Pcomp: 29.3 kW
Cell efficiency: 0.300, Output efficiency: 0.271
mdot_h2: 14.11 g/s
Reynolds_number: 11,112,677
Stack prop output power: 567 kW, Pcomp: 29.3 kW
Cell efficiency: 0.300, Output efficiency: 0.271
mdot_h2: 14.11 g/s
Reynolds_number: 11,112,677
Stack prop output power: 422 kW, Pcomp: 3.8 kW
Cell efficiency: 0.281, Output efficiency: 0.264
mdot_h2: 10.75 g/s
Reynolds_number: 11,112,677
Stack prop output power: 422 kW, Pcomp: 3.8 kW
Cell efficiency: 0.281, Output efficiency: 0.264
mdot_h2: 10.75 g/s
Reynolds_number: 11,112,677
Stack prop output power: 422 kW, Pcomp: 21.8 kW
Cell efficiency: 0.300, Output efficiency: 0.271
mdot_h2: 10.50 g/s

-----------------------
ptotal_climb: 1,496 kW, mtom_est: 6,430 kg, mtom: 6,185 kg, residual: +245.41 kg

MTOM update: fixed_point_prebracket, relax=1.000 -> mtom_next=6,307.47 kg

======================================================
======================= ITER 7 =======================
Reynolds_number: 11,112,677
Stack prop output power: 579 kW, Pcomp: 29.8 kW
Cell efficiency: 0.300, Output efficiency: 0.271
mdot_h2: 14.39 g/s
Reynolds_number: 11,112,677
Stack prop output power: 579 kW, Pcomp: 29.8 kW
Cell efficiency: 0.300, Output efficiency: 0.271
mdot_h2: 14.39 g/s
Reynolds_number: 11,112,677
Stack prop output power: 431 kW, Pcomp: 3.9 kW
Cell efficiency: 0.281, Output efficiency: 0.264
mdot_h2: 10.97 g/s
Reynolds_number: 11,112,677
Stack prop output power: 431 kW, Pcomp: 3.9 kW
Cell efficiency: 0.281, Output efficiency: 0.264
mdot_h2: 10.97 g/s
Reynolds_number: 11,112,677
Stack prop output power: 431 kW, Pcomp: 22.2 kW
Cell efficiency: 0.300, Output efficiency: 0.271
mdot_h2: 10.71 g/s

-----------------------
ptotal_climb: 1,525 kW, mtom_est: 6,524 kg, mtom: 6,307 kg, residual: +216.14 kg

MTOM update: fixed_point_prebracket, relax=1.000 -> mtom_next=6,415.54 kg

======================================================
======================= ITER 8 =======================
Reynolds_number: 11,112,677
Stack prop output power: 589 kW, Pcomp: 30.4 kW
Cell efficiency: 0.300, Output efficiency: 0.271
mdot_h2: 14.63 g/s
Reynolds_number: 11,112,677
Stack prop output power: 589 kW, Pcomp: 30.4 kW
Cell efficiency: 0.300, Output efficiency: 0.271
mdot_h2: 14.63 g/s
Reynolds_number: 11,112,677
Stack prop output power: 438 kW, Pcomp: 3.9 kW
Cell efficiency: 0.281, Output efficiency: 0.264
mdot_h2: 11.16 g/s
Reynolds_number: 11,112,677
Stack prop output power: 438 kW, Pcomp: 3.9 kW
Cell efficiency: 0.281, Output efficiency: 0.264
mdot_h2: 11.16 g/s
Reynolds_number: 11,112,677
Stack prop output power: 438 kW, Pcomp: 22.6 kW
Cell efficiency: 0.300, Output efficiency: 0.271
mdot_h2: 10.89 g/s

-----------------------
ptotal_climb: 1,551 kW, mtom_est: 6,605 kg, mtom: 6,416 kg, residual: +189.93 kg

MTOM update: fixed_point_prebracket, relax=1.000 -> mtom_next=6,510.51 kg

======================================================
======================= ITER 9 =======================
Reynolds_number: 11,112,677
Stack prop output power: 597 kW, Pcomp: 30.8 kW
Cell efficiency: 0.300, Output efficiency: 0.271
mdot_h2: 14.85 g/s
Reynolds_number: 11,112,677
Stack prop output power: 597 kW, Pcomp: 30.8 kW
Cell efficiency: 0.300, Output efficiency: 0.271
mdot_h2: 14.85 g/s
Reynolds_number: 11,112,677
Stack prop output power: 445 kW, Pcomp: 4.0 kW
Cell efficiency: 0.281, Output efficiency: 0.264
mdot_h2: 11.32 g/s
Reynolds_number: 11,112,677
Stack prop output power: 445 kW, Pcomp: 4.0 kW
Cell efficiency: 0.281, Output efficiency: 0.264
mdot_h2: 11.32 g/s
Reynolds_number: 11,112,677
Stack prop output power: 445 kW, Pcomp: 22.9 kW
Cell efficiency: 0.300, Output efficiency: 0.271
mdot_h2: 11.05 g/s

-----------------------
ptotal_climb: 1,574 kW, mtom_est: 6,677 kg, mtom: 6,511 kg, residual: +166.33 kg

MTOM update: newton_prebracket, relax=1.000 -> mtom_next=7,161.56 kg

======================================================
======================= ITER 10 =======================
Reynolds_number: 11,112,677
Stack prop output power: 657 kW, Pcomp: 33.9 kW
Cell efficiency: 0.300, Output efficiency: 0.271
mdot_h2: 16.34 g/s
Reynolds_number: 11,112,677
Stack prop output power: 657 kW, Pcomp: 33.9 kW
Cell efficiency: 0.300, Output efficiency: 0.271
mdot_h2: 16.34 g/s
Reynolds_number: 11,112,677
Stack prop output power: 489 kW, Pcomp: 4.4 kW
Cell efficiency: 0.281, Output efficiency: 0.264
mdot_h2: 12.45 g/s
Reynolds_number: 11,112,677
Stack prop output power: 489 kW, Pcomp: 4.4 kW
Cell efficiency: 0.281, Output efficiency: 0.264
mdot_h2: 12.45 g/s
Reynolds_number: 11,112,677
Stack prop output power: 489 kW, Pcomp: 25.2 kW
Cell efficiency: 0.300, Output efficiency: 0.271
mdot_h2: 12.16 g/s

-----------------------
ptotal_climb: 1,732 kW, mtom_est: 7,171 kg, mtom: 7,162 kg, residual: +9.23 kg

MTOM update: newton_prebracket, relax=1.000 -> mtom_next=7,199.79 kg

======================================================
======================= ITER 11 =======================
Reynolds_number: 11,112,677
Stack prop output power: 661 kW, Pcomp: 34.1 kW
Cell efficiency: 0.300, Output efficiency: 0.271
mdot_h2: 16.42 g/s
Reynolds_number: 11,112,677
Stack prop output power: 661 kW, Pcomp: 34.1 kW
Cell efficiency: 0.300, Output efficiency: 0.271
mdot_h2: 16.42 g/s
Reynolds_number: 11,112,677
Stack prop output power: 492 kW, Pcomp: 4.4 kW
Cell efficiency: 0.281, Output efficiency: 0.264
mdot_h2: 12.52 g/s
Reynolds_number: 11,112,677
Stack prop output power: 492 kW, Pcomp: 4.4 kW
Cell efficiency: 0.281, Output efficiency: 0.264
mdot_h2: 12.52 g/s
Reynolds_number: 11,112,677
