Auto-widening W/S scan window for min_combined_pw: 1900.0..2600.0 -> 1725.0..2775.0 Pa (factor 1.500, lower_hit=True, upper_hit=False, min_on_edge=False).
Auto-widening W/S scan window for min_combined_pw: 1725.0..2775.0 -> 1462.5..3037.5 Pa (factor 1.500, lower_hit=True, upper_hit=False, min_on_edge=False).
ADRpy constraint sizing (min_combined_pw): W/S=2062.5 Pa (210.32 kg/m^2), P/W_TO=0.16394 kW/kg, P/W_climb=0.16915 kW/kg, P/W_cruise=0.06497 kW/kg
Curve minimum (combined/combined): W/S=2062.5 Pa (210.32 kg/m^2), P/W=0.16915 kW/kg
Curve minimum (takeoff/take-off): W/S=1462.5 Pa (149.13 kg/m^2), P/W=0.10196 kW/kg
Curve minimum (climb/climb): W/S=2312.5 Pa (235.81 kg/m^2), P/W=0.16577 kW/kg
Curve minimum (cruise/cruise): W/S=2312.5 Pa (235.81 kg/m^2), P/W=0.06336 kW/kg
======================================================
======================= ITER 1 =======================
Reynolds_number: 8,748,363
Stack prop output power: 500 kW, Pcomp: 16.1 kW
Cell efficiency: 0.298, Output efficiency: 0.275
mdot_h2: 12.25 g/s
Reynolds_number: 8,748,363
Stack prop output power: 239 kW, Pcomp: 7.7 kW
Cell efficiency: 0.298, Output efficiency: 0.275
mdot_h2: 5.87 g/s
Reynolds_number: 8,748,363
Stack prop output power: 231 kW, Pcomp: 7.4 kW
Cell efficiency: 0.298, Output efficiency: 0.275
mdot_h2: 5.66 g/s
Reynolds_number: 8,748,363
Stack prop output power: 356 kW, Pcomp: 3.2 kW
Cell efficiency: 0.288, Output efficiency: 0.271
mdot_h2: 8.82 g/s
Reynolds_number: 8,748,363
Stack prop output power: 436 kW, Pcomp: 3.9 kW
Cell efficiency: 0.288, Output efficiency: 0.271
mdot_h2: 10.81 g/s
Reynolds_number: 8,748,363
Stack prop output power: 437 kW, Pcomp: 3.9 kW
Cell efficiency: 0.288, Output efficiency: 0.271
mdot_h2: 10.83 g/s
Reynolds_number: 6,709,346
Stack prop output power: 360 kW, Pcomp: 3.1 kW
Cell efficiency: 0.305, Output efficiency: 0.287
mdot_h2: 8.45 g/s
Reynolds_number: 6,709,346
Stack prop output power: 423 kW, Pcomp: 3.7 kW
Cell efficiency: 0.305, Output efficiency: 0.287
mdot_h2: 9.91 g/s
Reynolds_number: 6,709,346
Stack prop output power: 423 kW, Pcomp: 3.7 kW
Cell efficiency: 0.305, Output efficiency: 0.287
mdot_h2: 9.92 g/s
Reynolds_number: 8,748,363
Stack prop output power: 500 kW, Pcomp: 16.1 kW
Cell efficiency: 0.298, Output efficiency: 0.275
mdot_h2: 12.25 g/s
Reynolds_number: 8,748,363
Stack prop output power: 239 kW, Pcomp: 7.7 kW
Cell efficiency: 0.298, Output efficiency: 0.275
mdot_h2: 5.87 g/s
Reynolds_number: 8,748,363
Stack prop output power: 231 kW, Pcomp: 7.4 kW
Cell efficiency: 0.298, Output efficiency: 0.275
mdot_h2: 5.66 g/s
Fuel-cell system mass representative phase: climb (P_fc_sys=873.463 kW).

-----------------------
ptotal_climb: 1,162 kW, mtom_est: 5,031 kg, mtom: 5,000 kg, residual: +30.91 kg

MTOM update: initial_bracket_probe_1, relax=1.000 -> mtom_next=5,325.00 kg

======================================================
======================= ITER 2 =======================
Reynolds_number: 8,748,363
Stack prop output power: 231 kW, Pcomp: 7.4 kW
Cell efficiency: 0.298, Output efficiency: 0.275
mdot_h2: 5.66 g/s
Reynolds_number: 8,748,363
Stack prop output power: 245 kW, Pcomp: 7.9 kW
Cell efficiency: 0.298, Output efficiency: 0.275
mdot_h2: 6.01 g/s
Reynolds_number: 8,748,363
Stack prop output power: 427 kW, Pcomp: 3.8 kW
Cell efficiency: 0.288, Output efficiency: 0.271
mdot_h2: 10.60 g/s
Reynolds_number: 8,748,363
Stack prop output power: 465 kW, Pcomp: 4.1 kW
Cell efficiency: 0.288, Output efficiency: 0.271
mdot_h2: 11.53 g/s
Reynolds_number: 6,709,346
Stack prop output power: 414 kW, Pcomp: 3.6 kW
Cell efficiency: 0.305, Output efficiency: 0.287
mdot_h2: 9.71 g/s
Reynolds_number: 6,709,346
Stack prop output power: 450 kW, Pcomp: 3.9 kW
Cell efficiency: 0.305, Output efficiency: 0.287
mdot_h2: 10.56 g/s
Reynolds_number: 8,748,363
Stack prop output power: 231 kW, Pcomp: 7.4 kW
Cell efficiency: 0.298, Output efficiency: 0.275
mdot_h2: 5.66 g/s
Reynolds_number: 8,748,363
Stack prop output power: 245 kW, Pcomp: 7.9 kW
Cell efficiency: 0.298, Output efficiency: 0.275
mdot_h2: 6.01 g/s
Fuel-cell system mass representative phase: climb (P_fc_sys=930.233 kW).

-----------------------
ptotal_climb: 1,238 kW, mtom_est: 5,222 kg, mtom: 5,325 kg, residual: -103.42 kg

MTOM update: newton, relax=0.500 -> mtom_next=5,199.89 kg

======================================================
======================= ITER 3 =======================
Reynolds_number: 8,748,363
Stack prop output power: 246 kW, Pcomp: 7.9 kW
Cell efficiency: 0.298, Output efficiency: 0.275
mdot_h2: 6.02 g/s
Reynolds_number: 8,748,363
Stack prop output power: 240 kW, Pcomp: 7.7 kW
Cell efficiency: 0.298, Output efficiency: 0.275
mdot_h2: 5.89 g/s
Reynolds_number: 8,748,363
Stack prop output power: 469 kW, Pcomp: 4.2 kW
Cell efficiency: 0.288, Output efficiency: 0.271
mdot_h2: 11.63 g/s
Reynolds_number: 8,748,363
Stack prop output power: 454 kW, Pcomp: 4.0 kW
Cell efficiency: 0.288, Output efficiency: 0.271
mdot_h2: 11.27 g/s
Reynolds_number: 6,709,346
Stack prop output power: 454 kW, Pcomp: 4.0 kW
Cell efficiency: 0.305, Output efficiency: 0.287
mdot_h2: 10.65 g/s
Reynolds_number: 6,709,346
Stack prop output power: 440 kW, Pcomp: 3.8 kW
Cell efficiency: 0.305, Output efficiency: 0.287
mdot_h2: 10.32 g/s
Reynolds_number: 8,748,363
Stack prop output power: 246 kW, Pcomp: 7.9 kW
Cell efficiency: 0.298, Output efficiency: 0.275
mdot_h2: 6.02 g/s
Reynolds_number: 8,748,363
Stack prop output power: 240 kW, Pcomp: 7.7 kW
Cell efficiency: 0.298, Output efficiency: 0.275
mdot_h2: 5.89 g/s
Fuel-cell system mass representative phase: climb (P_fc_sys=908.386 kW).

-----------------------
ptotal_climb: 1,208 kW, mtom_est: 5,150 kg, mtom: 5,200 kg, residual: -49.59 kg

MTOM update: newton, relax=0.650 -> mtom_next=5,124.96 kg

======================================================
======================= ITER 4 =======================
Reynolds_number: 8,748,363
Stack prop output power: 240 kW, Pcomp: 7.7 kW
Cell efficiency: 0.298, Output efficiency: 0.275
mdot_h2: 5.88 g/s
Reynolds_number: 8,748,363
Stack prop output power: 237 kW, Pcomp: 7.6 kW
Cell efficiency: 0.298, Output efficiency: 0.275
mdot_h2: 5.80 g/s
Reynolds_number: 8,748,363
Stack prop output power: 456 kW, Pcomp: 4.0 kW
Cell efficiency: 0.288, Output efficiency: 0.271
mdot_h2: 11.32 g/s
Reynolds_number: 8,748,363
Stack prop output power: 448 kW, Pcomp: 4.0 kW
Cell efficiency: 0.288, Output efficiency: 0.271
mdot_h2: 11.11 g/s
Reynolds_number: 6,709,346
Stack prop output power: 442 kW, Pcomp: 3.9 kW
Cell efficiency: 0.305, Output efficiency: 0.287
mdot_h2: 10.37 g/s
Reynolds_number: 6,709,346
Stack prop output power: 434 kW, Pcomp: 3.8 kW
Cell efficiency: 0.305, Output efficiency: 0.287
mdot_h2: 10.17 g/s
Reynolds_number: 8,748,363
Stack prop output power: 240 kW, Pcomp: 7.7 kW
Cell efficiency: 0.298, Output efficiency: 0.275
mdot_h2: 5.88 g/s
Reynolds_number: 8,748,363
Stack prop output power: 237 kW, Pcomp: 7.6 kW
Cell efficiency: 0.298, Output efficiency: 0.275
mdot_h2: 5.80 g/s
Fuel-cell system mass representative phase: climb (P_fc_sys=895.295 kW).

-----------------------
ptotal_climb: 1,191 kW, mtom_est: 5,106 kg, mtom: 5,125 kg, residual: -19.33 kg

MTOM update: newton, relax=0.845 -> mtom_next=5,084.52 kg

======================================================
======================= ITER 5 =======================
Reynolds_number: 8,748,363
Stack prop output power: 237 kW, Pcomp: 7.6 kW
Cell efficiency: 0.298, Output efficiency: 0.275
mdot_h2: 5.80 g/s
Reynolds_number: 8,748,363
Stack prop output power: 235 kW, Pcomp: 7.5 kW
Cell efficiency: 0.298, Output efficiency: 0.275
mdot_h2: 5.75 g/s
Reynolds_number: 8,748,363
Stack prop output power: 449 kW, Pcomp: 4.0 kW
Cell efficiency: 0.288, Output efficiency: 0.271
mdot_h2: 11.13 g/s
Reynolds_number: 8,748,363
Stack prop output power: 444 kW, Pcomp: 3.9 kW
Cell efficiency: 0.288, Output efficiency: 0.271
mdot_h2: 11.02 g/s
Reynolds_number: 6,709,346
Stack prop output power: 435 kW, Pcomp: 3.8 kW
Cell efficiency: 0.305, Output efficiency: 0.287
mdot_h2: 10.20 g/s
Reynolds_number: 6,709,346
Stack prop output power: 430 kW, Pcomp: 3.7 kW
Cell efficiency: 0.305, Output efficiency: 0.287
mdot_h2: 10.09 g/s
Reynolds_number: 8,748,363
Stack prop output power: 237 kW, Pcomp: 7.6 kW
Cell efficiency: 0.298, Output efficiency: 0.275
mdot_h2: 5.80 g/s
Reynolds_number: 8,748,363
Stack prop output power: 235 kW, Pcomp: 7.5 kW
Cell efficiency: 0.298, Output efficiency: 0.275
mdot_h2: 5.75 g/s
Fuel-cell system mass representative phase: climb (P_fc_sys=888.230 kW).

-----------------------
ptotal_climb: 1,182 kW, mtom_est: 5,081 kg, mtom: 5,085 kg, residual: -3.68 kg


CONVERGED

CONVERGED STATE [MTOM iteration 5]
  MTOM=5,081 kg | Wing loading=210.16 kg/m^2 | P/W(climb)=232.58 W/kg
  Phase power: climb=1,181.7 kW | cruise=469.4 kW | takeoff=1,145.2 kW | cruise+charger=469.4 kW
  Power split (climb): FC=880.4 kW | Battery=293.5 kW | Compressor=7.9 kW | Cooling=373.7 kW | H2=22.033 g/s
  Compressor max across phases: 15.1 kW (cruise)
  FC representative phase (mass sizing): climb (888.2 kW)
  Mass summary: MTOM=5,081 kg | Powertrain=1,561 kg | Tank=371.6 kg | Fuel=165.2 kg | Battery=19.8 kg | Nacelle power density=0.68 kW/kg
  Geometry: Main wing area=24.18 m^2 | Horizontal tail area=3.953 m^2 | Horizontal tail location=10.381 m | Vertical tail area=4.029 m^2 | Vertical tail location=9.940 m
  Config: wing loading input=210.32 kg/m^2 | P/W TO/Cl/Cr=0.16394/0.16915/0.06497 kW/kg

=============================================================
========================= CONVERGED =========================
=============================================================
Constraint sizing: ENABLED (min_combined_pw)
Input W/S: 210.32 kg/m^2 (2,062.5 Pa)
Input P/W [kW/kg]: takeoff 0.16394, climb 0.16915, cruise 0.06497
-------------------------------------------------------------

Mission Time
Climb time: 0.00 min (0.00 h)
Cruise time: 234.98 min (3.92 h)
Total flight time: 256.98 min (4.28 h)

Phase Power Breakdown
Phase      Time[min]     Total[kW]    FC Stack[kW]   Battery[kW]   Compressor[kW]   Cooling[kW]
-----------------------------------------------------------------------------------------------
ready           0.00          59.1            59.1           0.0              0.0           0.0
taxi            5.00         118.2           118.2           0.0              0.0           0.0
takeoff         1.00       1,145.2           853.3         284.4              7.5         335.0
climb           0.00       1,181.7           880.4         293.5              7.9         373.7
cruise        234.98         469.4           454.3           0.0             15.1         192.8
loiter         15.00          46.9            45.4           0.0              1.5          19.3
landing         1.00           0.0             0.0           0.0              0.0           0.0

Pcomp_max (solved phases): 15.1 kW (cruise)
Pnet (climb): 1,067 kW
Pelectricnet (climb): 1,174 kW
eta_pt: 0.9031

Geometry
S_wing: 24.18 m^2
b_wing: 14.75 m
Lfus: 12.32 m
Ltank: 3.31 m
S_HT: 3.95 m^2
S_VT: 4.03 m^2
b_HT: 4.22 m
b_VT: 2.77 m
X_HT_act: 10.38 m
X_VT_act: 9.94 m

One Nacelle (1/2)
Stack(1/2): 251 kg, Compressor: 17 kg, Humidifier: 91 kg, HX: 295 kg
W_FCS_single_nacelle (W_Stack+W_Compressor+W_Humidifier+W_Hx): 652 kg
Representative FC phase: climb
Specific Power of Nacelle System: 0.681 kW/kg
dim_hx: dX=1.269 m, dY=1.269 m, dZ=0.205 m
dim_stack: dX=0.378 m, dY=0.272 m, dZ=0.272 m

ALL Nacelles
W_FCS_total: 1,305 kg
W_PMAD: 101 kg
W_Motors: 156 kg

-----------------------
W_Powertrain (W_FCS_total+W_PMAD+W_Motors): 1,561 kg
-----------------------
W_wing: 366 kg
W_Htail: 25 kg
W_Vtail: 49 kg
W_fuselage: 331 kg
W_lnd_gear_main: 243 kg
W_lnd_gear_nose: 65 kg
W_flight_control: 366 kg
W_electric_system: 300 kg
W_iae: 76 kg
W_hydraulics: 61 kg
W_fur: 383 kg
-----------------------
OEM: 2,263 kg
-----------------------
W_tank: 372 kg
W_fuel: 165.2 kg
W_batt: 19.8 kg
-----------------------
W_payload: 700 kg
-----------------------
MTOM_grouped (OEM+W_tank+W_fuel+W_batt+W_Powertrain+W_payload): 5,081 kg
MTOM: 5,081 kg
-----------------------

Wing loading (MTOM/S_wing): 210.16 kg/m^2
Power-to-weight (converged): 232.58 W/kg

mdot_H2(cruise): 11.5 g/s
Vtankex: 7.1 m^3
========================== END ==============================


=============================================================
Execution time: 45.4 seconds
=============================================================
