Auto-widening W/S scan window for min_combined_pw: 1900.0..2600.0 -> 1725.0..2775.0 Pa (factor 1.500, lower_hit=True, upper_hit=False, min_on_edge=False).
Auto-widening W/S scan window for min_combined_pw: 1725.0..2775.0 -> 1462.5..3037.5 Pa (factor 1.500, lower_hit=True, upper_hit=False, min_on_edge=False).
ADRpy constraint sizing (min_combined_pw): W/S=2062.5 Pa (210.32 kg/m^2), P/W_TO=0.16394 kW/kg, P/W_climb=0.16919 kW/kg, P/W_cruise=0.09079 kW/kg
Curve minimum (combined/combined): W/S=2062.5 Pa (210.32 kg/m^2), P/W=0.16919 kW/kg
Curve minimum (takeoff/take-off): W/S=1462.5 Pa (149.13 kg/m^2), P/W=0.10196 kW/kg
Curve minimum (climb/climb): W/S=2312.5 Pa (235.81 kg/m^2), P/W=0.16586 kW/kg
Curve minimum (cruise/cruise): W/S=2312.5 Pa (235.81 kg/m^2), P/W=0.08550 kW/kg
======================================================
======================= ITER 1 =======================
Reynolds_number: 10,476,435
Stack prop output power: 500 kW, Pcomp: 16.1 kW
Cell efficiency: 0.300, Output efficiency: 0.276
mdot_h2: 12.20 g/s
Reynolds_number: 10,476,435
Stack prop output power: 328 kW, Pcomp: 10.6 kW
Cell efficiency: 0.300, Output efficiency: 0.276
mdot_h2: 8.01 g/s
Reynolds_number: 10,476,435
Stack prop output power: 323 kW, Pcomp: 10.4 kW
Cell efficiency: 0.300, Output efficiency: 0.276
mdot_h2: 7.87 g/s
Reynolds_number: 10,476,435
Stack prop output power: 356 kW, Pcomp: 3.2 kW
Cell efficiency: 0.290, Output efficiency: 0.273
mdot_h2: 8.77 g/s
Reynolds_number: 10,476,435
Stack prop output power: 436 kW, Pcomp: 3.9 kW
Cell efficiency: 0.290, Output efficiency: 0.273
mdot_h2: 10.76 g/s
Reynolds_number: 10,476,435
Stack prop output power: 437 kW, Pcomp: 3.9 kW
Cell efficiency: 0.290, Output efficiency: 0.273
mdot_h2: 10.78 g/s
Reynolds_number: 6,709,346
Stack prop output power: 360 kW, Pcomp: 3.1 kW
Cell efficiency: 0.305, Output efficiency: 0.287
mdot_h2: 8.45 g/s
Reynolds_number: 6,709,346
Stack prop output power: 423 kW, Pcomp: 3.7 kW
Cell efficiency: 0.305, Output efficiency: 0.287
mdot_h2: 9.91 g/s
Reynolds_number: 6,709,346
Stack prop output power: 423 kW, Pcomp: 3.7 kW
Cell efficiency: 0.305, Output efficiency: 0.287
mdot_h2: 9.92 g/s
Reynolds_number: 10,476,435
Stack prop output power: 500 kW, Pcomp: 16.1 kW
Cell efficiency: 0.300, Output efficiency: 0.276
mdot_h2: 12.20 g/s
Reynolds_number: 10,476,435
Stack prop output power: 328 kW, Pcomp: 10.6 kW
Cell efficiency: 0.300, Output efficiency: 0.276
mdot_h2: 8.01 g/s
Reynolds_number: 10,476,435
Stack prop output power: 323 kW, Pcomp: 10.4 kW
Cell efficiency: 0.300, Output efficiency: 0.276
mdot_h2: 7.87 g/s
Fuel-cell system mass representative phase: climb (P_fc_sys=873.689 kW).

-----------------------
ptotal_climb: 1,162 kW, mtom_est: 6,385 kg, mtom: 5,000 kg, residual: +1,384.77 kg

MTOM update: initial_bracket_probe_1, relax=1.000 -> mtom_next=5,325.00 kg

======================================================
======================= ITER 2 =======================
Reynolds_number: 10,476,435
Stack prop output power: 323 kW, Pcomp: 10.4 kW
Cell efficiency: 0.300, Output efficiency: 0.276
mdot_h2: 7.87 g/s
Reynolds_number: 10,476,435
Stack prop output power: 343 kW, Pcomp: 11.0 kW
Cell efficiency: 0.300, Output efficiency: 0.276
mdot_h2: 8.36 g/s
Reynolds_number: 10,476,435
Stack prop output power: 343 kW, Pcomp: 11.0 kW
Cell efficiency: 0.300, Output efficiency: 0.276
mdot_h2: 8.38 g/s
Reynolds_number: 10,476,435
Stack prop output power: 427 kW, Pcomp: 3.8 kW
Cell efficiency: 0.290, Output efficiency: 0.273
mdot_h2: 10.55 g/s
Reynolds_number: 10,476,435
Stack prop output power: 465 kW, Pcomp: 4.1 kW
Cell efficiency: 0.290, Output efficiency: 0.273
mdot_h2: 11.47 g/s
Reynolds_number: 6,709,346
Stack prop output power: 414 kW, Pcomp: 3.6 kW
Cell efficiency: 0.305, Output efficiency: 0.287
mdot_h2: 9.71 g/s
Reynolds_number: 6,709,346
Stack prop output power: 450 kW, Pcomp: 3.9 kW
Cell efficiency: 0.305, Output efficiency: 0.287
mdot_h2: 10.56 g/s
Reynolds_number: 10,476,435
Stack prop output power: 323 kW, Pcomp: 10.4 kW
Cell efficiency: 0.300, Output efficiency: 0.276
mdot_h2: 7.87 g/s
Reynolds_number: 10,476,435
Stack prop output power: 343 kW, Pcomp: 11.0 kW
Cell efficiency: 0.300, Output efficiency: 0.276
mdot_h2: 8.36 g/s
Reynolds_number: 10,476,435
Stack prop output power: 343 kW, Pcomp: 11.0 kW
Cell efficiency: 0.300, Output efficiency: 0.276
mdot_h2: 8.38 g/s
Fuel-cell system mass representative phase: climb (P_fc_sys=930.473 kW).

-----------------------
ptotal_climb: 1,238 kW, mtom_est: 6,612 kg, mtom: 5,325 kg, residual: +1,286.90 kg

MTOM update: initial_bracket_probe_2, relax=1.000 -> mtom_next=5,650.00 kg

======================================================
======================= ITER 3 =======================
Reynolds_number: 10,476,435
Stack prop output power: 344 kW, Pcomp: 11.0 kW
Cell efficiency: 0.300, Output efficiency: 0.276
mdot_h2: 8.38 g/s
Reynolds_number: 10,476,435
Stack prop output power: 364 kW, Pcomp: 11.7 kW
Cell efficiency: 0.300, Output efficiency: 0.276
mdot_h2: 8.87 g/s
Reynolds_number: 10,476,435
Stack prop output power: 364 kW, Pcomp: 11.7 kW
Cell efficiency: 0.300, Output efficiency: 0.276
mdot_h2: 8.89 g/s
Reynolds_number: 10,476,435
Stack prop output power: 456 kW, Pcomp: 4.0 kW
Cell efficiency: 0.290, Output efficiency: 0.273
mdot_h2: 11.25 g/s
Reynolds_number: 10,476,435
Stack prop output power: 493 kW, Pcomp: 4.4 kW
Cell efficiency: 0.290, Output efficiency: 0.273
mdot_h2: 12.17 g/s
Reynolds_number: 6,709,346
Stack prop output power: 442 kW, Pcomp: 3.8 kW
Cell efficiency: 0.305, Output efficiency: 0.287
mdot_h2: 10.36 g/s
Reynolds_number: 6,709,346
Stack prop output power: 478 kW, Pcomp: 4.2 kW
Cell efficiency: 0.305, Output efficiency: 0.287
mdot_h2: 11.21 g/s
Reynolds_number: 10,476,435
Stack prop output power: 344 kW, Pcomp: 11.0 kW
Cell efficiency: 0.300, Output efficiency: 0.276
mdot_h2: 8.38 g/s
Reynolds_number: 10,476,435
Stack prop output power: 364 kW, Pcomp: 11.7 kW
Cell efficiency: 0.300, Output efficiency: 0.276
mdot_h2: 8.87 g/s
Reynolds_number: 10,476,435
Stack prop output power: 364 kW, Pcomp: 11.7 kW
Cell efficiency: 0.300, Output efficiency: 0.276
mdot_h2: 8.89 g/s
Fuel-cell system mass representative phase: climb (P_fc_sys=987.263 kW).

-----------------------
ptotal_climb: 1,313 kW, mtom_est: 6,840 kg, mtom: 5,650 kg, residual: +1,190.42 kg

MTOM update: fixed_point_prebracket, relax=1.000 -> mtom_next=6,497.50 kg

======================================================
======================= ITER 4 =======================
Reynolds_number: 10,476,435
Stack prop output power: 364 kW, Pcomp: 11.7 kW
Cell efficiency: 0.300, Output efficiency: 0.276
mdot_h2: 8.89 g/s
Reynolds_number: 10,476,435
Stack prop output power: 417 kW, Pcomp: 13.4 kW
Cell efficiency: 0.300, Output efficiency: 0.276
mdot_h2: 10.18 g/s
Reynolds_number: 10,476,435
Stack prop output power: 419 kW, Pcomp: 13.5 kW
Cell efficiency: 0.300, Output efficiency: 0.276
mdot_h2: 10.22 g/s
Reynolds_number: 10,476,435
Stack prop output power: 469 kW, Pcomp: 4.2 kW
Cell efficiency: 0.290, Output efficiency: 0.273
mdot_h2: 11.57 g/s
Reynolds_number: 10,476,435
Stack prop output power: 567 kW, Pcomp: 5.0 kW
Cell efficiency: 0.290, Output efficiency: 0.273
mdot_h2: 13.98 g/s
Reynolds_number: 10,476,435
Stack prop output power: 568 kW, Pcomp: 5.0 kW
Cell efficiency: 0.290, Output efficiency: 0.273
mdot_h2: 14.00 g/s
Reynolds_number: 6,709,346
Stack prop output power: 455 kW, Pcomp: 4.0 kW
Cell efficiency: 0.305, Output efficiency: 0.287
mdot_h2: 10.66 g/s
Reynolds_number: 6,709,346
Stack prop output power: 549 kW, Pcomp: 4.8 kW
Cell efficiency: 0.305, Output efficiency: 0.287
mdot_h2: 12.88 g/s
Reynolds_number: 6,709,346
Stack prop output power: 550 kW, Pcomp: 4.8 kW
Cell efficiency: 0.305, Output efficiency: 0.287
mdot_h2: 12.90 g/s
Reynolds_number: 10,476,435
Stack prop output power: 364 kW, Pcomp: 11.7 kW
Cell efficiency: 0.300, Output efficiency: 0.276
mdot_h2: 8.89 g/s
Reynolds_number: 10,476,435
Stack prop output power: 417 kW, Pcomp: 13.4 kW
Cell efficiency: 0.300, Output efficiency: 0.276
mdot_h2: 10.18 g/s
Reynolds_number: 10,476,435
Stack prop output power: 419 kW, Pcomp: 13.5 kW
Cell efficiency: 0.300, Output efficiency: 0.276
mdot_h2: 10.22 g/s
Fuel-cell system mass representative phase: climb (P_fc_sys=1135.359 kW).

-----------------------
ptotal_climb: 1,510 kW, mtom_est: 7,442 kg, mtom: 6,498 kg, residual: +944.07 kg

MTOM update: fixed_point_prebracket, relax=1.000 -> mtom_next=7,252.76 kg

======================================================
======================= ITER 5 =======================
Reynolds_number: 10,476,435
Stack prop output power: 419 kW, Pcomp: 13.5 kW
Cell efficiency: 0.300, Output efficiency: 0.276
mdot_h2: 10.22 g/s
Reynolds_number: 10,476,435
Stack prop output power: 466 kW, Pcomp: 15.0 kW
Cell efficiency: 0.300, Output efficiency: 0.276
mdot_h2: 11.37 g/s
Reynolds_number: 10,476,435
Stack prop output power: 468 kW, Pcomp: 15.0 kW
Cell efficiency: 0.300, Output efficiency: 0.276
mdot_h2: 11.41 g/s
Reynolds_number: 10,476,435
Stack prop output power: 546 kW, Pcomp: 4.8 kW
Cell efficiency: 0.290, Output efficiency: 0.273
mdot_h2: 13.47 g/s
Reynolds_number: 10,476,435
Stack prop output power: 633 kW, Pcomp: 5.6 kW
Cell efficiency: 0.290, Output efficiency: 0.273
mdot_h2: 15.61 g/s
Reynolds_number: 10,476,435
Stack prop output power: 634 kW, Pcomp: 5.6 kW
Cell efficiency: 0.290, Output efficiency: 0.273
mdot_h2: 15.63 g/s
Reynolds_number: 6,709,346
Stack prop output power: 529 kW, Pcomp: 4.6 kW
Cell efficiency: 0.305, Output efficiency: 0.287
mdot_h2: 12.40 g/s
Reynolds_number: 6,709,346
Stack prop output power: 613 kW, Pcomp: 5.3 kW
Cell efficiency: 0.305, Output efficiency: 0.287
mdot_h2: 14.38 g/s
Reynolds_number: 6,709,346
Stack prop output power: 614 kW, Pcomp: 5.3 kW
Cell efficiency: 0.305, Output efficiency: 0.287
mdot_h2: 14.40 g/s
Reynolds_number: 10,476,435
Stack prop output power: 419 kW, Pcomp: 13.5 kW
Cell efficiency: 0.300, Output efficiency: 0.276
mdot_h2: 10.22 g/s
Reynolds_number: 10,476,435
Stack prop output power: 466 kW, Pcomp: 15.0 kW
Cell efficiency: 0.300, Output efficiency: 0.276
mdot_h2: 11.37 g/s
Reynolds_number: 10,476,435
Stack prop output power: 468 kW, Pcomp: 15.0 kW
Cell efficiency: 0.300, Output efficiency: 0.276
mdot_h2: 11.41 g/s
Fuel-cell system mass representative phase: climb (P_fc_sys=1267.332 kW).

-----------------------
ptotal_climb: 1,686 kW, mtom_est: 7,979 kg, mtom: 7,253 kg, residual: +725.80 kg

MTOM update: fixed_point_prebracket, relax=1.000 -> mtom_next=7,833.40 kg

======================================================
======================= ITER 6 =======================
Reynolds_number: 10,476,435
Stack prop output power: 468 kW, Pcomp: 15.0 kW
Cell efficiency: 0.300, Output efficiency: 0.276
mdot_h2: 11.41 g/s
Reynolds_number: 10,476,435
Stack prop output power: 504 kW, Pcomp: 16.2 kW
Cell efficiency: 0.300, Output efficiency: 0.276
mdot_h2: 12.30 g/s
Reynolds_number: 10,476,435
Stack prop output power: 505 kW, Pcomp: 16.2 kW
Cell efficiency: 0.300, Output efficiency: 0.276
mdot_h2: 12.33 g/s
Reynolds_number: 10,476,435
Stack prop output power: 617 kW, Pcomp: 5.5 kW
Cell efficiency: 0.290, Output efficiency: 0.273
mdot_h2: 15.22 g/s
Reynolds_number: 10,476,435
Stack prop output power: 684 kW, Pcomp: 6.1 kW
Cell efficiency: 0.290, Output efficiency: 0.273
mdot_h2: 16.87 g/s
Reynolds_number: 10,476,435
Stack prop output power: 684 kW, Pcomp: 6.1 kW
Cell efficiency: 0.290, Output efficiency: 0.273
mdot_h2: 16.88 g/s
Reynolds_number: 6,709,346
Stack prop output power: 598 kW, Pcomp: 5.2 kW
Cell efficiency: 0.305, Output efficiency: 0.287
mdot_h2: 14.01 g/s
Reynolds_number: 6,709,346
Stack prop output power: 662 kW, Pcomp: 5.8 kW
Cell efficiency: 0.305, Output efficiency: 0.287
mdot_h2: 15.53 g/s
Reynolds_number: 6,709,346
Stack prop output power: 663 kW, Pcomp: 5.8 kW
Cell efficiency: 0.305, Output efficiency: 0.287
mdot_h2: 15.55 g/s
Reynolds_number: 10,476,435
Stack prop output power: 468 kW, Pcomp: 15.0 kW
Cell efficiency: 0.300, Output efficiency: 0.276
mdot_h2: 11.41 g/s
Reynolds_number: 10,476,435
Stack prop output power: 504 kW, Pcomp: 16.2 kW
Cell efficiency: 0.300, Output efficiency: 0.276
mdot_h2: 12.30 g/s
Reynolds_number: 10,476,435
Stack prop output power: 505 kW, Pcomp: 16.2 kW
Cell efficiency: 0.300, Output efficiency: 0.276
mdot_h2: 12.33 g/s
Fuel-cell system mass representative phase: climb (P_fc_sys=1368.791 kW).

-----------------------
ptotal_climb: 1,821 kW, mtom_est: 8,394 kg, mtom: 7,833 kg, residual: +560.61 kg

MTOM update: fixed_point_prebracket, relax=1.000 -> mtom_next=8,281.88 kg

======================================================
======================= ITER 7 =======================
Reynolds_number: 10,476,435
Stack prop output power: 505 kW, Pcomp: 16.2 kW
Cell efficiency: 0.300, Output efficiency: 0.276
mdot_h2: 12.33 g/s
Reynolds_number: 10,476,435
Stack prop output power: 533 kW, Pcomp: 17.1 kW
Cell efficiency: 0.300, Output efficiency: 0.276
mdot_h2: 13.01 g/s
Reynolds_number: 10,476,435
Stack prop output power: 534 kW, Pcomp: 17.2 kW
Cell efficiency: 0.300, Output efficiency: 0.276
mdot_h2: 13.03 g/s
Reynolds_number: 10,476,435
Stack prop output power: 671 kW, Pcomp: 5.9 kW
Cell efficiency: 0.290, Output efficiency: 0.273
mdot_h2: 16.56 g/s
Reynolds_number: 10,476,435
Stack prop output power: 723 kW, Pcomp: 6.4 kW
Cell efficiency: 0.290, Output efficiency: 0.273
mdot_h2: 17.84 g/s
Reynolds_number: 6,709,346
Stack prop output power: 651 kW, Pcomp: 5.7 kW
Cell efficiency: 0.305, Output efficiency: 0.287
mdot_h2: 15.25 g/s
Reynolds_number: 6,709,346
Stack prop output power: 701 kW, Pcomp: 6.1 kW
Cell efficiency: 0.305, Output efficiency: 0.287
mdot_h2: 16.43 g/s
Reynolds_number: 10,476,435
Stack prop output power: 505 kW, Pcomp: 16.2 kW
Cell efficiency: 0.300, Output efficiency: 0.276
mdot_h2: 12.33 g/s
Reynolds_number: 10,476,435
Stack prop output power: 533 kW, Pcomp: 17.1 kW
Cell efficiency: 0.300, Output efficiency: 0.276
mdot_h2: 13.01 g/s
Reynolds_number: 10,476,435
Stack prop output power: 534 kW, Pcomp: 17.2 kW
Cell efficiency: 0.300, Output efficiency: 0.276
mdot_h2: 13.03 g/s
Fuel-cell system mass representative phase: climb (P_fc_sys=1447.150 kW).

-----------------------
ptotal_climb: 1,925 kW, mtom_est: 8,714 kg, mtom: 8,282 kg, residual: +431.89 kg

MTOM update: fixed_point_prebracket, relax=1.000 -> mtom_next=8,627.39 kg

======================================================
======================= ITER 8 =======================
Reynolds_number: 10,476,435
Stack prop output power: 534 kW, Pcomp: 17.2 kW
Cell efficiency: 0.300, Output efficiency: 0.276
mdot_h2: 13.03 g/s
Reynolds_number: 10,476,435
Stack prop output power: 556 kW, Pcomp: 17.9 kW
Cell efficiency: 0.300, Output efficiency: 0.276
mdot_h2: 13.56 g/s
Reynolds_number: 10,476,435
Stack prop output power: 557 kW, Pcomp: 17.9 kW
Cell efficiency: 0.300, Output efficiency: 0.276
mdot_h2: 13.58 g/s
Reynolds_number: 10,476,435
Stack prop output power: 714 kW, Pcomp: 6.3 kW
Cell efficiency: 0.290, Output efficiency: 0.273
mdot_h2: 17.60 g/s
Reynolds_number: 10,476,435
Stack prop output power: 753 kW, Pcomp: 6.7 kW
Cell efficiency: 0.290, Output efficiency: 0.273
mdot_h2: 18.59 g/s
Reynolds_number: 6,709,346
Stack prop output power: 691 kW, Pcomp: 6.0 kW
Cell efficiency: 0.305, Output efficiency: 0.287
mdot_h2: 16.21 g/s
Reynolds_number: 6,709,346
Stack prop output power: 730 kW, Pcomp: 6.4 kW
Cell efficiency: 0.305, Output efficiency: 0.287
mdot_h2: 17.12 g/s
Reynolds_number: 10,476,435
Stack prop output power: 534 kW, Pcomp: 17.2 kW
Cell efficiency: 0.300, Output efficiency: 0.276
mdot_h2: 13.03 g/s
Reynolds_number: 10,476,435
Stack prop output power: 556 kW, Pcomp: 17.9 kW
Cell efficiency: 0.300, Output efficiency: 0.276
mdot_h2: 13.56 g/s
Reynolds_number: 10,476,435
Stack prop output power: 557 kW, Pcomp: 17.9 kW
Cell efficiency: 0.300, Output efficiency: 0.276
mdot_h2: 13.58 g/s
Fuel-cell system mass representative phase: climb (P_fc_sys=1507.526 kW).

-----------------------
ptotal_climb: 2,006 kW, mtom_est: 8,962 kg, mtom: 8,627 kg, residual: +334.29 kg

MTOM update: newton_prebracket, relax=1.000 -> mtom_next=9,810.82 kg

======================================================
======================= ITER 9 =======================
Reynolds_number: 10,476,435
Stack prop output power: 557 kW, Pcomp: 17.9 kW
Cell efficiency: 0.300, Output efficiency: 0.276
mdot_h2: 13.58 g/s
Reynolds_number: 10,476,435
Stack prop output power: 630 kW, Pcomp: 20.3 kW
Cell efficiency: 0.300, Output efficiency: 0.276
mdot_h2: 15.38 g/s
Reynolds_number: 10,476,435
Stack prop output power: 633 kW, Pcomp: 20.3 kW
Cell efficiency: 0.300, Output efficiency: 0.276
mdot_h2: 15.44 g/s
Reynolds_number: 10,476,435
Stack prop output power: 720 kW, Pcomp: 6.4 kW
Cell efficiency: 0.290, Output efficiency: 0.273
mdot_h2: 17.75 g/s
Reynolds_number: 10,476,435
Stack prop output power: 856 kW, Pcomp: 7.6 kW
Cell efficiency: 0.290, Output efficiency: 0.273
mdot_h2: 21.12 g/s
Reynolds_number: 10,476,435
Stack prop output power: 857 kW, Pcomp: 7.6 kW
Cell efficiency: 0.290, Output efficiency: 0.273
mdot_h2: 21.15 g/s
Reynolds_number: 6,709,346
Stack prop output power: 697 kW, Pcomp: 6.1 kW
Cell efficiency: 0.305, Output efficiency: 0.287
mdot_h2: 16.35 g/s
Reynolds_number: 6,709,346
Stack prop output power: 829 kW, Pcomp: 7.2 kW
Cell efficiency: 0.305, Output efficiency: 0.287
mdot_h2: 19.45 g/s
Reynolds_number: 6,709,346
Stack prop output power: 830 kW, Pcomp: 7.2 kW
Cell efficiency: 0.305, Output efficiency: 0.287
mdot_h2: 19.47 g/s
Reynolds_number: 10,476,435
Stack prop output power: 557 kW, Pcomp: 17.9 kW
Cell efficiency: 0.300, Output efficiency: 0.276
mdot_h2: 13.58 g/s
Reynolds_number: 10,476,435
Stack prop output power: 630 kW, Pcomp: 20.3 kW
Cell efficiency: 0.300, Output efficiency: 0.276
mdot_h2: 15.38 g/s
Reynolds_number: 10,476,435
Stack prop output power: 633 kW, Pcomp: 20.3 kW
Cell efficiency: 0.300, Output efficiency: 0.276
mdot_h2: 15.44 g/s
Fuel-cell system mass representative phase: climb (P_fc_sys=1714.322 kW).

-----------------------
ptotal_climb: 2,281 kW, mtom_est: 9,818 kg, mtom: 9,811 kg, residual: +6.93 kg

MTOM update: newton_prebracket, relax=1.000 -> mtom_next=9,835.86 kg

======================================================
======================= ITER 10 =======================
Reynolds_number: 10,476,435
Stack prop output power: 633 kW, Pcomp: 20.3 kW
Cell efficiency: 0.300, Output efficiency: 0.276
mdot_h2: 15.44 g/s
Reynolds_number: 10,476,435
Stack prop output power: 634 kW, Pcomp: 20.4 kW
Cell efficiency: 0.300, Output efficiency: 0.276
mdot_h2: 15.48 g/s
Reynolds_number: 10,476,435
Stack prop output power: 856 kW, Pcomp: 7.6 kW
Cell efficiency: 0.290, Output efficiency: 0.273
mdot_h2: 21.13 g/s
Reynolds_number: 10,476,435
Stack prop output power: 859 kW, Pcomp: 7.6 kW
Cell efficiency: 0.290, Output efficiency: 0.273
mdot_h2: 21.20 g/s
Reynolds_number: 6,709,346
Stack prop output power: 830 kW, Pcomp: 7.2 kW
Cell efficiency: 0.305, Output efficiency: 0.287
mdot_h2: 19.46 g/s
Reynolds_number: 6,709,346
Stack prop output power: 833 kW, Pcomp: 7.3 kW
Cell efficiency: 0.305, Output efficiency: 0.287
mdot_h2: 19.52 g/s
Reynolds_number: 10,476,435
Stack prop output power: 633 kW, Pcomp: 20.3 kW
Cell efficiency: 0.300, Output efficiency: 0.276
mdot_h2: 15.44 g/s
Reynolds_number: 10,476,435
Stack prop output power: 634 kW, Pcomp: 20.4 kW
Cell efficiency: 0.300, Output efficiency: 0.276
mdot_h2: 15.48 g/s
Fuel-cell system mass representative phase: climb (P_fc_sys=1718.697 kW).

-----------------------
ptotal_climb: 2,287 kW, mtom_est: 9,833 kg, mtom: 9,836 kg, residual: -2.90 kg


CONVERGED

CONVERGED STATE [MTOM iteration 10]
  MTOM=9,833 kg | Wing loading=210.25 kg/m^2 | P/W(climb)=232.54 W/kg
  Phase power: climb=2,286.5 kW | cruise=1,269.0 kW | takeoff=2,215.3 kW | cruise+charger=1,269.0 kW
  Power split (climb): FC=1,703.5 kW | Battery=567.8 kW | Compressor=15.2 kW | Cooling=717.1 kW | H2=42.400 g/s
  Compressor max across phases: 40.8 kW (cruise)
  FC representative phase (mass sizing): climb (1,718.7 kW)
  Mass summary: MTOM=9,833 kg | Powertrain=2,848 kg | Tank=1,347.4 kg | Fuel=598.8 kg | Battery=38.2 kg | Nacelle power density=0.73 kW/kg
  Geometry: Main wing area=46.77 m^2 | Horizontal tail area=5.654 m^2 | Horizontal tail location=18.811 m | Vertical tail area=5.726 m^2 | Vertical tail location=18.232 m
  Config: wing loading input=210.32 kg/m^2 | P/W TO/Cl/Cr=0.16394/0.16919/0.09079 kW/kg

=============================================================
========================= CONVERGED =========================
=============================================================
Constraint sizing: ENABLED (min_combined_pw)
Input W/S: 210.32 kg/m^2 (2,062.5 Pa)
Input P/W [kW/kg]: takeoff 0.16394, climb 0.16919, cruise 0.09079
-------------------------------------------------------------

Mission Time
Climb time: 0.00 min (0.00 h)
Cruise time: 318.99 min (5.32 h)
Total flight time: 340.99 min (5.68 h)

Phase Power Breakdown
Phase      Time[min]     Total[kW]    FC Stack[kW]   Battery[kW]   Compressor[kW]   Cooling[kW]
-----------------------------------------------------------------------------------------------
ready           0.00         114.3           114.3           0.0              0.0           0.0
taxi            5.00         228.7           228.7           0.0              0.0           0.0
takeoff         1.00       2,215.3         1,650.6         550.2             14.5         647.4
climb           0.00       2,286.5         1,703.5         567.8             15.2         717.1
cruise        318.99       1,269.0         1,228.2           0.0             40.8         516.8
loiter         15.00         126.9           122.8           0.0              4.1          51.7
landing         1.00           0.0             0.0           0.0              0.0           0.0

Pcomp_max (solved phases): 40.8 kW (cruise)
Pnet (climb): 2,065 kW
Pelectricnet (climb): 2,271 kW
eta_pt: 0.9031

Geometry
S_wing: 46.77 m^2
b_wing: 20.52 m
Lfus: 21.01 m
Ltank: 12.00 m
S_HT: 5.65 m^2
S_VT: 5.73 m^2
b_HT: 5.04 m
b_VT: 3.30 m
X_HT_act: 18.81 m
X_VT_act: 18.23 m

One Nacelle (1/2)
Stack(1/2): 482 kg, Compressor: 32 kg, Humidifier: 172 kg, HX: 490 kg
W_FCS_single_nacelle (W_Stack+W_Compressor+W_Humidifier+W_Hx): 1,176 kg
Representative FC phase: climb
Specific Power of Nacelle System: 0.731 kW/kg
dim_hx: dX=1.602 m, dY=1.602 m, dZ=0.213 m
dim_stack: dX=0.376 m, dY=0.378 m, dZ=0.378 m

ALL Nacelles
W_FCS_total: 2,352 kg
W_PMAD: 195 kg
W_Motors: 302 kg

-----------------------
W_Powertrain (W_FCS_total+W_PMAD+W_Motors): 2,848 kg
-----------------------
W_wing: 835 kg
W_Htail: 50 kg
W_Vtail: 84 kg
W_fuselage: 723 kg
W_lnd_gear_main: 243 kg
W_lnd_gear_nose: 65 kg
W_flight_control: 366 kg
W_electric_system: 300 kg
W_iae: 134 kg
W_hydraulics: 118 kg
W_fur: 583 kg
-----------------------
OEM: 3,501 kg
-----------------------
W_tank: 1,347 kg
W_fuel: 598.8 kg
W_batt: 38.2 kg
-----------------------
W_payload: 1,500 kg
-----------------------
MTOM_grouped (OEM+W_tank+W_fuel+W_batt+W_Powertrain+W_payload): 9,833 kg
MTOM: 9,833 kg
-----------------------

Wing loading (MTOM/S_wing): 210.25 kg/m^2
Power-to-weight (converged): 232.54 W/kg

mdot_H2(cruise): 31.0 g/s
Vtankex: 25.7 m^3
========================== END ==============================


=============================================================
Execution time: 106.0 seconds
=============================================================
