Auto-widening W/S scan window for min_combined_pw: 1900.0..2600.0 -> 1725.0..2775.0 Pa (factor 1.500, lower_hit=True, upper_hit=False, min_on_edge=False).
Auto-widening W/S scan window for min_combined_pw: 1725.0..2775.0 -> 1462.5..3037.5 Pa (factor 1.500, lower_hit=True, upper_hit=False, min_on_edge=False).
ADRpy constraint sizing (min_combined_pw): W/S=2112.5 Pa (215.42 kg/m^2), P/W_TO=0.16953 kW/kg, P/W_climb=0.16894 kW/kg, P/W_cruise=0.12706 kW/kg
Curve minimum (combined/combined): W/S=2112.5 Pa (215.42 kg/m^2), P/W=0.16953 kW/kg
Curve minimum (takeoff/take-off): W/S=1462.5 Pa (149.13 kg/m^2), P/W=0.10196 kW/kg
Curve minimum (climb/climb): W/S=2312.5 Pa (235.81 kg/m^2), P/W=0.16652 kW/kg
Curve minimum (cruise/cruise): W/S=2312.5 Pa (235.81 kg/m^2), P/W=0.11922 kW/kg
======================================================
======================= ITER 1 =======================
Reynolds_number: 12,204,507
Stack prop output power: 500 kW, Pcomp: 16.1 kW
Cell efficiency: 0.301, Output efficiency: 0.277
mdot_h2: 12.13 g/s
Reynolds_number: 12,204,507
Stack prop output power: 453 kW, Pcomp: 14.6 kW
Cell efficiency: 0.301, Output efficiency: 0.277
mdot_h2: 10.99 g/s
Reynolds_number: 12,204,507
Stack prop output power: 451 kW, Pcomp: 14.5 kW
Cell efficiency: 0.301, Output efficiency: 0.277
mdot_h2: 10.95 g/s
Reynolds_number: 12,204,507
Stack prop output power: 356 kW, Pcomp: 3.2 kW
Cell efficiency: 0.292, Output efficiency: 0.275
mdot_h2: 8.72 g/s
Reynolds_number: 12,204,507
Stack prop output power: 435 kW, Pcomp: 3.9 kW
Cell efficiency: 0.292, Output efficiency: 0.275
mdot_h2: 10.68 g/s
Reynolds_number: 12,204,507
Stack prop output power: 436 kW, Pcomp: 3.9 kW
Cell efficiency: 0.292, Output efficiency: 0.275
mdot_h2: 10.69 g/s
Reynolds_number: 6,709,346
Stack prop output power: 355 kW, Pcomp: 3.1 kW
Cell efficiency: 0.305, Output efficiency: 0.287
mdot_h2: 8.33 g/s
Reynolds_number: 6,709,346
Stack prop output power: 437 kW, Pcomp: 3.8 kW
Cell efficiency: 0.305, Output efficiency: 0.287
mdot_h2: 10.25 g/s
Reynolds_number: 6,709,346
Stack prop output power: 438 kW, Pcomp: 3.8 kW
Cell efficiency: 0.305, Output efficiency: 0.287
mdot_h2: 10.26 g/s
Reynolds_number: 12,204,507
Stack prop output power: 500 kW, Pcomp: 16.1 kW
Cell efficiency: 0.301, Output efficiency: 0.277
mdot_h2: 12.13 g/s
Reynolds_number: 12,204,507
Stack prop output power: 453 kW, Pcomp: 14.6 kW
Cell efficiency: 0.301, Output efficiency: 0.277
mdot_h2: 10.99 g/s
Reynolds_number: 12,204,507
Stack prop output power: 451 kW, Pcomp: 14.5 kW
Cell efficiency: 0.301, Output efficiency: 0.277
mdot_h2: 10.95 g/s
Fuel-cell system mass representative phase: cruise (P_fc_sys=902.844 kW).

-----------------------
ptotal_climb: 1,161 kW, mtom_est: 6,250 kg, mtom: 5,000 kg, residual: +1,250.42 kg

MTOM update: initial_bracket_probe_1, relax=1.000 -> mtom_next=5,325.00 kg

======================================================
======================= ITER 2 =======================
Reynolds_number: 12,204,507
Stack prop output power: 451 kW, Pcomp: 14.5 kW
Cell efficiency: 0.301, Output efficiency: 0.277
mdot_h2: 10.95 g/s
Reynolds_number: 12,204,507
Stack prop output power: 480 kW, Pcomp: 15.4 kW
Cell efficiency: 0.301, Output efficiency: 0.277
mdot_h2: 11.64 g/s
Reynolds_number: 12,204,507
Stack prop output power: 481 kW, Pcomp: 15.5 kW
Cell efficiency: 0.301, Output efficiency: 0.277
mdot_h2: 11.66 g/s
Reynolds_number: 12,204,507
Stack prop output power: 427 kW, Pcomp: 3.8 kW
Cell efficiency: 0.292, Output efficiency: 0.275
mdot_h2: 10.46 g/s
Reynolds_number: 12,204,507
Stack prop output power: 464 kW, Pcomp: 4.1 kW
Cell efficiency: 0.292, Output efficiency: 0.275
mdot_h2: 11.38 g/s
Reynolds_number: 6,709,346
Stack prop output power: 428 kW, Pcomp: 3.7 kW
Cell efficiency: 0.305, Output efficiency: 0.287
mdot_h2: 10.04 g/s
Reynolds_number: 6,709,346
Stack prop output power: 466 kW, Pcomp: 4.1 kW
Cell efficiency: 0.305, Output efficiency: 0.287
mdot_h2: 10.92 g/s
Reynolds_number: 12,204,507
Stack prop output power: 451 kW, Pcomp: 14.5 kW
Cell efficiency: 0.301, Output efficiency: 0.277
mdot_h2: 10.95 g/s
Reynolds_number: 12,204,507
Stack prop output power: 480 kW, Pcomp: 15.4 kW
Cell efficiency: 0.301, Output efficiency: 0.277
mdot_h2: 11.64 g/s
Reynolds_number: 12,204,507
Stack prop output power: 481 kW, Pcomp: 15.5 kW
Cell efficiency: 0.301, Output efficiency: 0.277
mdot_h2: 11.66 g/s
Fuel-cell system mass representative phase: cruise (P_fc_sys=961.524 kW).

-----------------------
ptotal_climb: 1,236 kW, mtom_est: 6,466 kg, mtom: 5,325 kg, residual: +1,140.52 kg

MTOM update: initial_bracket_probe_2, relax=1.000 -> mtom_next=5,650.00 kg

======================================================
======================= ITER 3 =======================
Reynolds_number: 12,204,507
Stack prop output power: 481 kW, Pcomp: 15.5 kW
Cell efficiency: 0.301, Output efficiency: 0.277
mdot_h2: 11.66 g/s
Reynolds_number: 12,204,507
Stack prop output power: 509 kW, Pcomp: 16.4 kW
Cell efficiency: 0.301, Output efficiency: 0.277
mdot_h2: 12.35 g/s
Reynolds_number: 12,204,507
Stack prop output power: 510 kW, Pcomp: 16.4 kW
Cell efficiency: 0.301, Output efficiency: 0.277
mdot_h2: 12.38 g/s
Reynolds_number: 12,204,507
Stack prop output power: 455 kW, Pcomp: 4.0 kW
Cell efficiency: 0.292, Output efficiency: 0.275
mdot_h2: 11.16 g/s
Reynolds_number: 12,204,507
Stack prop output power: 493 kW, Pcomp: 4.4 kW
Cell efficiency: 0.292, Output efficiency: 0.275
mdot_h2: 12.08 g/s
Reynolds_number: 6,709,346
Stack prop output power: 457 kW, Pcomp: 4.0 kW
Cell efficiency: 0.305, Output efficiency: 0.287
mdot_h2: 10.71 g/s
Reynolds_number: 6,709,346
Stack prop output power: 494 kW, Pcomp: 4.3 kW
Cell efficiency: 0.305, Output efficiency: 0.287
mdot_h2: 11.59 g/s
Reynolds_number: 12,204,507
Stack prop output power: 481 kW, Pcomp: 15.5 kW
Cell efficiency: 0.301, Output efficiency: 0.277
mdot_h2: 11.66 g/s
Reynolds_number: 12,204,507
Stack prop output power: 509 kW, Pcomp: 16.4 kW
Cell efficiency: 0.301, Output efficiency: 0.277
mdot_h2: 12.35 g/s
Reynolds_number: 12,204,507
Stack prop output power: 510 kW, Pcomp: 16.4 kW
Cell efficiency: 0.301, Output efficiency: 0.277
mdot_h2: 12.38 g/s
Fuel-cell system mass representative phase: cruise (P_fc_sys=1020.209 kW).

-----------------------
ptotal_climb: 1,312 kW, mtom_est: 6,681 kg, mtom: 5,650 kg, residual: +1,030.78 kg

MTOM update: fixed_point_prebracket, relax=1.000 -> mtom_next=6,474.62 kg

======================================================
======================= ITER 4 =======================
Reynolds_number: 12,204,507
Stack prop output power: 510 kW, Pcomp: 16.4 kW
Cell efficiency: 0.301, Output efficiency: 0.277
mdot_h2: 12.38 g/s
Reynolds_number: 12,204,507
Stack prop output power: 582 kW, Pcomp: 18.7 kW
Cell efficiency: 0.301, Output efficiency: 0.277
mdot_h2: 14.13 g/s
Reynolds_number: 12,204,507
Stack prop output power: 584 kW, Pcomp: 18.8 kW
Cell efficiency: 0.301, Output efficiency: 0.277
mdot_h2: 14.18 g/s
Reynolds_number: 12,204,507
Stack prop output power: 469 kW, Pcomp: 4.2 kW
Cell efficiency: 0.292, Output efficiency: 0.275
mdot_h2: 11.50 g/s
Reynolds_number: 12,204,507
Stack prop output power: 564 kW, Pcomp: 5.0 kW
Cell efficiency: 0.292, Output efficiency: 0.275
mdot_h2: 13.83 g/s
Reynolds_number: 12,204,507
Stack prop output power: 565 kW, Pcomp: 5.0 kW
Cell efficiency: 0.292, Output efficiency: 0.275
mdot_h2: 13.85 g/s
Reynolds_number: 6,709,346
Stack prop output power: 471 kW, Pcomp: 4.1 kW
Cell efficiency: 0.305, Output efficiency: 0.287
mdot_h2: 11.04 g/s
Reynolds_number: 6,709,346
Stack prop output power: 566 kW, Pcomp: 4.9 kW
Cell efficiency: 0.305, Output efficiency: 0.287
mdot_h2: 13.27 g/s
Reynolds_number: 6,709,346
Stack prop output power: 567 kW, Pcomp: 4.9 kW
Cell efficiency: 0.305, Output efficiency: 0.287
mdot_h2: 13.29 g/s
Reynolds_number: 12,204,507
Stack prop output power: 510 kW, Pcomp: 16.4 kW
Cell efficiency: 0.301, Output efficiency: 0.277
mdot_h2: 12.38 g/s
Reynolds_number: 12,204,507
Stack prop output power: 582 kW, Pcomp: 18.7 kW
Cell efficiency: 0.301, Output efficiency: 0.277
mdot_h2: 14.13 g/s
Reynolds_number: 12,204,507
Stack prop output power: 584 kW, Pcomp: 18.8 kW
Cell efficiency: 0.301, Output efficiency: 0.277
mdot_h2: 14.18 g/s
Fuel-cell system mass representative phase: cruise (P_fc_sys=1169.106 kW).

-----------------------
ptotal_climb: 1,503 kW, mtom_est: 7,230 kg, mtom: 6,475 kg, residual: +754.92 kg

MTOM update: fixed_point_prebracket, relax=1.000 -> mtom_next=7,078.56 kg

======================================================
======================= ITER 5 =======================
Reynolds_number: 12,204,507
Stack prop output power: 585 kW, Pcomp: 18.8 kW
Cell efficiency: 0.301, Output efficiency: 0.277
mdot_h2: 14.18 g/s
Reynolds_number: 12,204,507
Stack prop output power: 637 kW, Pcomp: 20.5 kW
Cell efficiency: 0.301, Output efficiency: 0.277
mdot_h2: 15.46 g/s
Reynolds_number: 12,204,507
Stack prop output power: 639 kW, Pcomp: 20.6 kW
Cell efficiency: 0.301, Output efficiency: 0.277
mdot_h2: 15.51 g/s
Reynolds_number: 12,204,507
Stack prop output power: 547 kW, Pcomp: 4.9 kW
Cell efficiency: 0.292, Output efficiency: 0.275
mdot_h2: 13.42 g/s
Reynolds_number: 12,204,507
Stack prop output power: 617 kW, Pcomp: 5.5 kW
Cell efficiency: 0.292, Output efficiency: 0.275
mdot_h2: 15.12 g/s
Reynolds_number: 12,204,507
Stack prop output power: 618 kW, Pcomp: 5.5 kW
Cell efficiency: 0.292, Output efficiency: 0.275
mdot_h2: 15.14 g/s
Reynolds_number: 6,709,346
Stack prop output power: 549 kW, Pcomp: 4.8 kW
Cell efficiency: 0.305, Output efficiency: 0.287
mdot_h2: 12.88 g/s
Reynolds_number: 6,709,346
Stack prop output power: 619 kW, Pcomp: 5.4 kW
Cell efficiency: 0.305, Output efficiency: 0.287
mdot_h2: 14.51 g/s
Reynolds_number: 6,709,346
Stack prop output power: 620 kW, Pcomp: 5.4 kW
Cell efficiency: 0.305, Output efficiency: 0.287
mdot_h2: 14.53 g/s
Reynolds_number: 12,204,507
Stack prop output power: 585 kW, Pcomp: 18.8 kW
Cell efficiency: 0.301, Output efficiency: 0.277
mdot_h2: 14.18 g/s
Reynolds_number: 12,204,507
Stack prop output power: 637 kW, Pcomp: 20.5 kW
Cell efficiency: 0.301, Output efficiency: 0.277
mdot_h2: 15.46 g/s
Reynolds_number: 12,204,507
Stack prop output power: 639 kW, Pcomp: 20.6 kW
Cell efficiency: 0.301, Output efficiency: 0.277
mdot_h2: 15.51 g/s
Fuel-cell system mass representative phase: cruise (P_fc_sys=1278.159 kW).

-----------------------
ptotal_climb: 1,643 kW, mtom_est: 7,633 kg, mtom: 7,079 kg, residual: +554.38 kg

MTOM update: fixed_point_prebracket, relax=1.000 -> mtom_next=7,522.06 kg

======================================================
======================= ITER 6 =======================
Reynolds_number: 12,204,507
Stack prop output power: 639 kW, Pcomp: 20.6 kW
Cell efficiency: 0.301, Output efficiency: 0.277
mdot_h2: 15.51 g/s
Reynolds_number: 12,204,507
Stack prop output power: 678 kW, Pcomp: 21.8 kW
Cell efficiency: 0.301, Output efficiency: 0.277
mdot_h2: 16.45 g/s
Reynolds_number: 12,204,507
Stack prop output power: 679 kW, Pcomp: 21.9 kW
Cell efficiency: 0.301, Output efficiency: 0.277
mdot_h2: 16.48 g/s
Reynolds_number: 12,204,507
Stack prop output power: 605 kW, Pcomp: 5.4 kW
Cell efficiency: 0.292, Output efficiency: 0.275
mdot_h2: 14.83 g/s
Reynolds_number: 12,204,507
Stack prop output power: 656 kW, Pcomp: 5.8 kW
Cell efficiency: 0.292, Output efficiency: 0.275
mdot_h2: 16.08 g/s
Reynolds_number: 6,709,346
Stack prop output power: 607 kW, Pcomp: 5.3 kW
Cell efficiency: 0.305, Output efficiency: 0.287
mdot_h2: 14.23 g/s
Reynolds_number: 6,709,346
Stack prop output power: 658 kW, Pcomp: 5.7 kW
Cell efficiency: 0.305, Output efficiency: 0.287
mdot_h2: 15.43 g/s
Reynolds_number: 12,204,507
Stack prop output power: 639 kW, Pcomp: 20.6 kW
Cell efficiency: 0.301, Output efficiency: 0.277
mdot_h2: 15.51 g/s
Reynolds_number: 12,204,507
Stack prop output power: 678 kW, Pcomp: 21.8 kW
Cell efficiency: 0.301, Output efficiency: 0.277
mdot_h2: 16.45 g/s
Reynolds_number: 12,204,507
Stack prop output power: 679 kW, Pcomp: 21.9 kW
Cell efficiency: 0.301, Output efficiency: 0.277
mdot_h2: 16.48 g/s
Fuel-cell system mass representative phase: cruise (P_fc_sys=1358.243 kW).

-----------------------
ptotal_climb: 1,746 kW, mtom_est: 7,935 kg, mtom: 7,522 kg, residual: +413.30 kg

MTOM update: fixed_point_prebracket, relax=1.000 -> mtom_next=7,852.70 kg

======================================================
======================= ITER 7 =======================
Reynolds_number: 12,204,507
Stack prop output power: 679 kW, Pcomp: 21.9 kW
Cell efficiency: 0.301, Output efficiency: 0.277
mdot_h2: 16.48 g/s
Reynolds_number: 12,204,507
Stack prop output power: 708 kW, Pcomp: 22.8 kW
Cell efficiency: 0.301, Output efficiency: 0.277
mdot_h2: 17.18 g/s
Reynolds_number: 12,204,507
Stack prop output power: 709 kW, Pcomp: 22.8 kW
Cell efficiency: 0.301, Output efficiency: 0.277
mdot_h2: 17.20 g/s
Reynolds_number: 12,204,507
Stack prop output power: 647 kW, Pcomp: 5.7 kW
Cell efficiency: 0.292, Output efficiency: 0.275
mdot_h2: 15.85 g/s
Reynolds_number: 12,204,507
Stack prop output power: 685 kW, Pcomp: 6.1 kW
Cell efficiency: 0.292, Output efficiency: 0.275
mdot_h2: 16.79 g/s
Reynolds_number: 6,709,346
Stack prop output power: 649 kW, Pcomp: 5.7 kW
Cell efficiency: 0.305, Output efficiency: 0.287
mdot_h2: 15.21 g/s
Reynolds_number: 6,709,346
Stack prop output power: 687 kW, Pcomp: 6.0 kW
Cell efficiency: 0.305, Output efficiency: 0.287
mdot_h2: 16.11 g/s
Reynolds_number: 12,204,507
Stack prop output power: 679 kW, Pcomp: 21.9 kW
Cell efficiency: 0.301, Output efficiency: 0.277
mdot_h2: 16.48 g/s
Reynolds_number: 12,204,507
Stack prop output power: 708 kW, Pcomp: 22.8 kW
Cell efficiency: 0.301, Output efficiency: 0.277
mdot_h2: 17.18 g/s
Reynolds_number: 12,204,507
Stack prop output power: 709 kW, Pcomp: 22.8 kW
Cell efficiency: 0.301, Output efficiency: 0.277
mdot_h2: 17.20 g/s
Fuel-cell system mass representative phase: cruise (P_fc_sys=1417.946 kW).

-----------------------
ptotal_climb: 1,823 kW, mtom_est: 8,153 kg, mtom: 7,853 kg, residual: +300.64 kg

MTOM update: fixed_point_prebracket, relax=1.000 -> mtom_next=8,093.21 kg

======================================================
======================= ITER 8 =======================
Reynolds_number: 12,204,507
Stack prop output power: 709 kW, Pcomp: 22.8 kW
Cell efficiency: 0.301, Output efficiency: 0.277
mdot_h2: 17.20 g/s
Reynolds_number: 12,204,507
Stack prop output power: 730 kW, Pcomp: 23.5 kW
Cell efficiency: 0.301, Output efficiency: 0.277
mdot_h2: 17.71 g/s
Reynolds_number: 12,204,507
Stack prop output power: 731 kW, Pcomp: 23.5 kW
Cell efficiency: 0.301, Output efficiency: 0.277
mdot_h2: 17.73 g/s
Reynolds_number: 12,204,507
Stack prop output power: 678 kW, Pcomp: 6.0 kW
Cell efficiency: 0.292, Output efficiency: 0.275
mdot_h2: 16.62 g/s
Reynolds_number: 12,204,507
Stack prop output power: 706 kW, Pcomp: 6.3 kW
Cell efficiency: 0.292, Output efficiency: 0.275
mdot_h2: 17.30 g/s
Reynolds_number: 6,709,346
Stack prop output power: 680 kW, Pcomp: 5.9 kW
Cell efficiency: 0.305, Output efficiency: 0.287
mdot_h2: 15.95 g/s
Reynolds_number: 6,709,346
Stack prop output power: 708 kW, Pcomp: 6.2 kW
Cell efficiency: 0.305, Output efficiency: 0.287
mdot_h2: 16.61 g/s
Reynolds_number: 12,204,507
Stack prop output power: 709 kW, Pcomp: 22.8 kW
Cell efficiency: 0.301, Output efficiency: 0.277
mdot_h2: 17.20 g/s
Reynolds_number: 12,204,507
Stack prop output power: 730 kW, Pcomp: 23.5 kW
Cell efficiency: 0.301, Output efficiency: 0.277
mdot_h2: 17.71 g/s
Reynolds_number: 12,204,507
Stack prop output power: 731 kW, Pcomp: 23.5 kW
Cell efficiency: 0.301, Output efficiency: 0.277
mdot_h2: 17.73 g/s
Fuel-cell system mass representative phase: cruise (P_fc_sys=1461.376 kW).

-----------------------
ptotal_climb: 1,879 kW, mtom_est: 8,315 kg, mtom: 8,093 kg, residual: +221.49 kg

MTOM update: newton_prebracket, relax=1.000 -> mtom_next=8,766.21 kg

======================================================
======================= ITER 9 =======================
Reynolds_number: 12,204,507
Stack prop output power: 731 kW, Pcomp: 23.5 kW
Cell efficiency: 0.301, Output efficiency: 0.277
mdot_h2: 17.73 g/s
Reynolds_number: 12,204,507
Stack prop output power: 789 kW, Pcomp: 25.4 kW
Cell efficiency: 0.301, Output efficiency: 0.277
mdot_h2: 19.16 g/s
Reynolds_number: 12,204,507
Stack prop output power: 791 kW, Pcomp: 25.5 kW
Cell efficiency: 0.301, Output efficiency: 0.277
mdot_h2: 19.20 g/s
Reynolds_number: 12,204,507
Stack prop output power: 687 kW, Pcomp: 6.1 kW
Cell efficiency: 0.292, Output efficiency: 0.275
mdot_h2: 16.83 g/s
Reynolds_number: 12,204,507
Stack prop output power: 764 kW, Pcomp: 6.8 kW
Cell efficiency: 0.292, Output efficiency: 0.275
mdot_h2: 18.73 g/s
Reynolds_number: 12,204,507
Stack prop output power: 765 kW, Pcomp: 6.8 kW
Cell efficiency: 0.292, Output efficiency: 0.275
mdot_h2: 18.75 g/s
Reynolds_number: 6,709,346
Stack prop output power: 689 kW, Pcomp: 6.0 kW
Cell efficiency: 0.305, Output efficiency: 0.287
mdot_h2: 16.15 g/s
Reynolds_number: 6,709,346
Stack prop output power: 767 kW, Pcomp: 6.7 kW
Cell efficiency: 0.305, Output efficiency: 0.287
mdot_h2: 17.98 g/s
Reynolds_number: 6,709,346
Stack prop output power: 767 kW, Pcomp: 6.7 kW
Cell efficiency: 0.305, Output efficiency: 0.287
mdot_h2: 17.99 g/s
Reynolds_number: 12,204,507
Stack prop output power: 731 kW, Pcomp: 23.5 kW
Cell efficiency: 0.301, Output efficiency: 0.277
mdot_h2: 17.73 g/s
Reynolds_number: 12,204,507
Stack prop output power: 789 kW, Pcomp: 25.4 kW
Cell efficiency: 0.301, Output efficiency: 0.277
mdot_h2: 19.16 g/s
Reynolds_number: 12,204,507
Stack prop output power: 791 kW, Pcomp: 25.5 kW
Cell efficiency: 0.301, Output efficiency: 0.277
mdot_h2: 19.20 g/s
Fuel-cell system mass representative phase: cruise (P_fc_sys=1582.894 kW).

-----------------------
ptotal_climb: 2,035 kW, mtom_est: 8,768 kg, mtom: 8,766 kg, residual: +1.50 kg


CONVERGED

CONVERGED STATE [MTOM iteration 9]
  MTOM=8,768 kg | Wing loading=215.45 kg/m^2 | P/W(climb)=232.09 W/kg
  Phase power: climb=2,034.9 kW | cruise=1,582.9 kW | takeoff=2,041.7 kW | cruise+charger=1,582.9 kW
  Power split (climb): FC=1,516.0 kW | Battery=505.3 kW | Compressor=13.6 kW | Cooling=632.7 kW | H2=37.495 g/s
  Compressor max across phases: 50.9 kW (cruise)
  FC representative phase (mass sizing): cruise (1,582.9 kW)
  Mass summary: MTOM=8,768 kg | Powertrain=2,494 kg | Tank=1,052.2 kg | Fuel=467.6 kg | Battery=35.2 kg | Nacelle power density=0.77 kW/kg
  Geometry: Main wing area=40.69 m^2 | Horizontal tail area=5.370 m^2 | Horizontal tail location=16.223 m | Vertical tail area=5.454 m^2 | Vertical tail location=15.663 m
  Config: wing loading input=215.42 kg/m^2 | P/W TO/Cl/Cr=0.16953/0.16894/0.12706 kW/kg

=============================================================
========================= CONVERGED =========================
=============================================================
Constraint sizing: ENABLED (min_combined_pw)
Input W/S: 215.42 kg/m^2 (2,112.5 Pa)
Input P/W [kW/kg]: takeoff 0.16953, climb 0.16894, cruise 0.12706
-------------------------------------------------------------

Mission Time
Climb time: 0.00 min (0.00 h)
Cruise time: 200.03 min (3.33 h)
Total flight time: 222.03 min (3.70 h)

Phase Power Breakdown
Phase      Time[min]     Total[kW]    FC Stack[kW]   Battery[kW]   Compressor[kW]   Cooling[kW]
-----------------------------------------------------------------------------------------------
ready           0.00         101.7           101.7           0.0              0.0           0.0
taxi            5.00         203.5           203.5           0.0              0.0           0.0
takeoff         1.00       2,041.7         1,521.3         507.1             13.4         596.7
climb           0.00       2,034.9         1,516.0         505.3             13.6         632.7
cruise        200.03       1,582.9         1,532.0           0.0             50.9         639.7
loiter         15.00         158.3           153.2           0.0              5.1          64.0
landing         1.00           0.0             0.0           0.0              0.0           0.0

Pcomp_max (solved phases): 50.9 kW (cruise)
Pnet (climb): 1,838 kW
Pelectricnet (climb): 2,021 kW
eta_pt: 0.9031

Geometry
S_wing: 40.69 m^2
b_wing: 19.14 m
Lfus: 18.38 m
Ltank: 9.37 m
S_HT: 5.37 m^2
S_VT: 5.45 m^2
b_HT: 4.92 m
b_VT: 3.22 m
X_HT_act: 16.22 m
X_VT_act: 15.66 m

One Nacelle (1/2)
Stack(1/2): 439 kg, Compressor: 59 kg, Humidifier: 141 kg, HX: 387 kg
W_FCS_single_nacelle (W_Stack+W_Compressor+W_Humidifier+W_Hx): 1,026 kg
Representative FC phase: cruise
Specific Power of Nacelle System: 0.771 kW/kg
dim_hx: dX=1.398 m, dY=1.398 m, dZ=0.222 m
dim_stack: dX=0.363 m, dY=0.367 m, dZ=0.367 m

ALL Nacelles
W_FCS_total: 2,053 kg
W_PMAD: 173 kg
W_Motors: 268 kg

-----------------------
W_Powertrain (W_FCS_total+W_PMAD+W_Motors): 2,494 kg
-----------------------
W_wing: 712 kg
W_Htail: 45 kg
W_Vtail: 77 kg
W_fuselage: 661 kg
W_lnd_gear_main: 243 kg
W_lnd_gear_nose: 65 kg
W_flight_control: 366 kg
W_electric_system: 300 kg
W_iae: 121 kg
W_hydraulics: 105 kg
W_fur: 526 kg
-----------------------
OEM: 3,218 kg
-----------------------
W_tank: 1,052 kg
W_fuel: 467.6 kg
W_batt: 35.2 kg
-----------------------
W_payload: 1,500 kg
-----------------------
MTOM_grouped (OEM+W_tank+W_fuel+W_batt+W_Powertrain+W_payload): 8,768 kg
MTOM: 8,768 kg
-----------------------

Wing loading (MTOM/S_wing): 215.45 kg/m^2
Power-to-weight (converged): 232.09 W/kg

mdot_H2(cruise): 38.4 g/s
Vtankex: 20.0 m^3
========================== END ==============================


=============================================================
Execution time: 95.6 seconds
=============================================================
