Auto-widening W/S scan window for min_combined_pw: 1900.0..2600.0 -> 1725.0..2775.0 Pa (factor 1.500, lower_hit=True, upper_hit=False, min_on_edge=False).
Auto-widening W/S scan window for min_combined_pw: 1725.0..2775.0 -> 1462.5..3037.5 Pa (factor 1.500, lower_hit=True, upper_hit=False, min_on_edge=False).
ADRpy constraint sizing (min_combined_pw): W/S=2112.5 Pa (215.42 kg/m^2), P/W_TO=0.16953 kW/kg, P/W_climb=0.16894 kW/kg, P/W_cruise=0.12706 kW/kg
Curve minimum (combined/combined): W/S=2112.5 Pa (215.42 kg/m^2), P/W=0.16953 kW/kg
Curve minimum (takeoff/take-off): W/S=1462.5 Pa (149.13 kg/m^2), P/W=0.10196 kW/kg
Curve minimum (climb/climb): W/S=2312.5 Pa (235.81 kg/m^2), P/W=0.16652 kW/kg
Curve minimum (cruise/cruise): W/S=2312.5 Pa (235.81 kg/m^2), P/W=0.11922 kW/kg
======================================================
======================= ITER 1 =======================
Reynolds_number: 12,204,507
Stack prop output power: 500 kW, Pcomp: 16.1 kW
Cell efficiency: 0.301, Output efficiency: 0.277
mdot_h2: 12.13 g/s
Reynolds_number: 12,204,507
Stack prop output power: 453 kW, Pcomp: 14.6 kW
Cell efficiency: 0.301, Output efficiency: 0.277
mdot_h2: 10.99 g/s
Reynolds_number: 12,204,507
Stack prop output power: 451 kW, Pcomp: 14.5 kW
Cell efficiency: 0.301, Output efficiency: 0.277
mdot_h2: 10.95 g/s
Reynolds_number: 12,204,507
Stack prop output power: 356 kW, Pcomp: 3.2 kW
Cell efficiency: 0.292, Output efficiency: 0.275
mdot_h2: 8.72 g/s
Reynolds_number: 12,204,507
Stack prop output power: 435 kW, Pcomp: 3.9 kW
Cell efficiency: 0.292, Output efficiency: 0.275
mdot_h2: 10.68 g/s
Reynolds_number: 12,204,507
Stack prop output power: 436 kW, Pcomp: 3.9 kW
Cell efficiency: 0.292, Output efficiency: 0.275
mdot_h2: 10.69 g/s
Reynolds_number: 6,709,346
Stack prop output power: 355 kW, Pcomp: 3.1 kW
Cell efficiency: 0.305, Output efficiency: 0.287
mdot_h2: 8.33 g/s
Reynolds_number: 6,709,346
Stack prop output power: 437 kW, Pcomp: 3.8 kW
Cell efficiency: 0.305, Output efficiency: 0.287
mdot_h2: 10.25 g/s
Reynolds_number: 6,709,346
Stack prop output power: 438 kW, Pcomp: 3.8 kW
Cell efficiency: 0.305, Output efficiency: 0.287
mdot_h2: 10.26 g/s
Reynolds_number: 12,204,507
Stack prop output power: 500 kW, Pcomp: 16.1 kW
Cell efficiency: 0.301, Output efficiency: 0.277
mdot_h2: 12.13 g/s
Reynolds_number: 12,204,507
Stack prop output power: 453 kW, Pcomp: 14.6 kW
Cell efficiency: 0.301, Output efficiency: 0.277
mdot_h2: 10.99 g/s
Reynolds_number: 12,204,507
Stack prop output power: 451 kW, Pcomp: 14.5 kW
Cell efficiency: 0.301, Output efficiency: 0.277
mdot_h2: 10.95 g/s
Fuel-cell system mass representative phase: cruise (P_fc_sys=902.844 kW).

-----------------------
ptotal_climb: 1,161 kW, mtom_est: 5,841 kg, mtom: 5,000 kg, residual: +840.93 kg

MTOM update: initial_bracket_probe_1, relax=1.000 -> mtom_next=5,325.00 kg

======================================================
======================= ITER 2 =======================
Reynolds_number: 12,204,507
Stack prop output power: 451 kW, Pcomp: 14.5 kW
Cell efficiency: 0.301, Output efficiency: 0.277
mdot_h2: 10.95 g/s
Reynolds_number: 12,204,507
Stack prop output power: 480 kW, Pcomp: 15.4 kW
Cell efficiency: 0.301, Output efficiency: 0.277
mdot_h2: 11.64 g/s
Reynolds_number: 12,204,507
Stack prop output power: 481 kW, Pcomp: 15.5 kW
Cell efficiency: 0.301, Output efficiency: 0.277
mdot_h2: 11.66 g/s
Reynolds_number: 12,204,507
Stack prop output power: 427 kW, Pcomp: 3.8 kW
Cell efficiency: 0.292, Output efficiency: 0.275
mdot_h2: 10.46 g/s
Reynolds_number: 12,204,507
Stack prop output power: 464 kW, Pcomp: 4.1 kW
Cell efficiency: 0.292, Output efficiency: 0.275
mdot_h2: 11.38 g/s
Reynolds_number: 6,709,346
Stack prop output power: 428 kW, Pcomp: 3.7 kW
Cell efficiency: 0.305, Output efficiency: 0.287
mdot_h2: 10.04 g/s
Reynolds_number: 6,709,346
Stack prop output power: 466 kW, Pcomp: 4.1 kW
Cell efficiency: 0.305, Output efficiency: 0.287
mdot_h2: 10.92 g/s
Reynolds_number: 12,204,507
Stack prop output power: 451 kW, Pcomp: 14.5 kW
Cell efficiency: 0.301, Output efficiency: 0.277
mdot_h2: 10.95 g/s
Reynolds_number: 12,204,507
Stack prop output power: 480 kW, Pcomp: 15.4 kW
Cell efficiency: 0.301, Output efficiency: 0.277
mdot_h2: 11.64 g/s
Reynolds_number: 12,204,507
Stack prop output power: 481 kW, Pcomp: 15.5 kW
Cell efficiency: 0.301, Output efficiency: 0.277
mdot_h2: 11.66 g/s
Fuel-cell system mass representative phase: cruise (P_fc_sys=961.524 kW).

-----------------------
ptotal_climb: 1,236 kW, mtom_est: 6,029 kg, mtom: 5,325 kg, residual: +704.50 kg

MTOM update: initial_bracket_probe_2, relax=1.000 -> mtom_next=5,650.00 kg

======================================================
======================= ITER 3 =======================
Reynolds_number: 12,204,507
Stack prop output power: 481 kW, Pcomp: 15.5 kW
Cell efficiency: 0.301, Output efficiency: 0.277
mdot_h2: 11.66 g/s
Reynolds_number: 12,204,507
Stack prop output power: 509 kW, Pcomp: 16.4 kW
Cell efficiency: 0.301, Output efficiency: 0.277
mdot_h2: 12.35 g/s
Reynolds_number: 12,204,507
Stack prop output power: 510 kW, Pcomp: 16.4 kW
Cell efficiency: 0.301, Output efficiency: 0.277
mdot_h2: 12.38 g/s
Reynolds_number: 12,204,507
Stack prop output power: 455 kW, Pcomp: 4.0 kW
Cell efficiency: 0.292, Output efficiency: 0.275
mdot_h2: 11.16 g/s
Reynolds_number: 12,204,507
Stack prop output power: 493 kW, Pcomp: 4.4 kW
Cell efficiency: 0.292, Output efficiency: 0.275
mdot_h2: 12.08 g/s
Reynolds_number: 6,709,346
Stack prop output power: 457 kW, Pcomp: 4.0 kW
Cell efficiency: 0.305, Output efficiency: 0.287
mdot_h2: 10.71 g/s
Reynolds_number: 6,709,346
Stack prop output power: 494 kW, Pcomp: 4.3 kW
Cell efficiency: 0.305, Output efficiency: 0.287
mdot_h2: 11.59 g/s
Reynolds_number: 12,204,507
Stack prop output power: 481 kW, Pcomp: 15.5 kW
Cell efficiency: 0.301, Output efficiency: 0.277
mdot_h2: 11.66 g/s
Reynolds_number: 12,204,507
Stack prop output power: 509 kW, Pcomp: 16.4 kW
Cell efficiency: 0.301, Output efficiency: 0.277
mdot_h2: 12.35 g/s
Reynolds_number: 12,204,507
Stack prop output power: 510 kW, Pcomp: 16.4 kW
Cell efficiency: 0.301, Output efficiency: 0.277
mdot_h2: 12.38 g/s
Fuel-cell system mass representative phase: cruise (P_fc_sys=1020.209 kW).

-----------------------
ptotal_climb: 1,312 kW, mtom_est: 6,218 kg, mtom: 5,650 kg, residual: +568.17 kg

MTOM update: fixed_point_prebracket, relax=1.000 -> mtom_next=6,104.54 kg

======================================================
======================= ITER 4 =======================
Reynolds_number: 12,204,507
Stack prop output power: 510 kW, Pcomp: 16.4 kW
Cell efficiency: 0.301, Output efficiency: 0.277
mdot_h2: 12.38 g/s
Reynolds_number: 12,204,507
Stack prop output power: 550 kW, Pcomp: 17.7 kW
Cell efficiency: 0.301, Output efficiency: 0.277
mdot_h2: 13.34 g/s
Reynolds_number: 12,204,507
Stack prop output power: 551 kW, Pcomp: 17.7 kW
Cell efficiency: 0.301, Output efficiency: 0.277
mdot_h2: 13.37 g/s
Reynolds_number: 12,204,507
Stack prop output power: 480 kW, Pcomp: 4.3 kW
Cell efficiency: 0.292, Output efficiency: 0.275
mdot_h2: 11.76 g/s
Reynolds_number: 12,204,507
Stack prop output power: 532 kW, Pcomp: 4.7 kW
Cell efficiency: 0.292, Output efficiency: 0.275
mdot_h2: 13.04 g/s
Reynolds_number: 6,709,346
Stack prop output power: 481 kW, Pcomp: 4.2 kW
Cell efficiency: 0.305, Output efficiency: 0.287
mdot_h2: 11.29 g/s
Reynolds_number: 6,709,346
Stack prop output power: 534 kW, Pcomp: 4.6 kW
Cell efficiency: 0.305, Output efficiency: 0.287
mdot_h2: 12.52 g/s
Reynolds_number: 12,204,507
Stack prop output power: 510 kW, Pcomp: 16.4 kW
Cell efficiency: 0.301, Output efficiency: 0.277
mdot_h2: 12.38 g/s
Reynolds_number: 12,204,507
Stack prop output power: 550 kW, Pcomp: 17.7 kW
Cell efficiency: 0.301, Output efficiency: 0.277
mdot_h2: 13.34 g/s
Reynolds_number: 12,204,507
Stack prop output power: 551 kW, Pcomp: 17.7 kW
Cell efficiency: 0.301, Output efficiency: 0.277
mdot_h2: 13.37 g/s
Fuel-cell system mass representative phase: cruise (P_fc_sys=1102.283 kW).

-----------------------
ptotal_climb: 1,417 kW, mtom_est: 6,483 kg, mtom: 6,105 kg, residual: +378.70 kg

MTOM update: fixed_point_prebracket, relax=1.000 -> mtom_next=6,407.50 kg

======================================================
======================= ITER 5 =======================
Reynolds_number: 12,204,507
Stack prop output power: 551 kW, Pcomp: 17.7 kW
Cell efficiency: 0.301, Output efficiency: 0.277
mdot_h2: 13.37 g/s
Reynolds_number: 12,204,507
Stack prop output power: 578 kW, Pcomp: 18.6 kW
Cell efficiency: 0.301, Output efficiency: 0.277
mdot_h2: 14.01 g/s
Reynolds_number: 12,204,507
Stack prop output power: 578 kW, Pcomp: 18.6 kW
Cell efficiency: 0.301, Output efficiency: 0.277
mdot_h2: 14.04 g/s
Reynolds_number: 12,204,507
Stack prop output power: 524 kW, Pcomp: 4.6 kW
Cell efficiency: 0.292, Output efficiency: 0.275
mdot_h2: 12.84 g/s
Reynolds_number: 12,204,507
Stack prop output power: 559 kW, Pcomp: 5.0 kW
Cell efficiency: 0.292, Output efficiency: 0.275
mdot_h2: 13.70 g/s
Reynolds_number: 6,709,346
Stack prop output power: 526 kW, Pcomp: 4.6 kW
Cell efficiency: 0.305, Output efficiency: 0.287
mdot_h2: 12.32 g/s
Reynolds_number: 6,709,346
Stack prop output power: 561 kW, Pcomp: 4.9 kW
Cell efficiency: 0.305, Output efficiency: 0.287
mdot_h2: 13.14 g/s
Reynolds_number: 12,204,507
Stack prop output power: 551 kW, Pcomp: 17.7 kW
Cell efficiency: 0.301, Output efficiency: 0.277
mdot_h2: 13.37 g/s
Reynolds_number: 12,204,507
Stack prop output power: 578 kW, Pcomp: 18.6 kW
Cell efficiency: 0.301, Output efficiency: 0.277
mdot_h2: 14.01 g/s
Reynolds_number: 12,204,507
Stack prop output power: 578 kW, Pcomp: 18.6 kW
Cell efficiency: 0.301, Output efficiency: 0.277
mdot_h2: 14.04 g/s
Fuel-cell system mass representative phase: cruise (P_fc_sys=1156.989 kW).

-----------------------
ptotal_climb: 1,487 kW, mtom_est: 6,660 kg, mtom: 6,408 kg, residual: +252.93 kg

MTOM update: fixed_point_prebracket, relax=1.000 -> mtom_next=6,609.84 kg

======================================================
======================= ITER 6 =======================
Reynolds_number: 12,204,507
Stack prop output power: 578 kW, Pcomp: 18.6 kW
Cell efficiency: 0.301, Output efficiency: 0.277
mdot_h2: 14.04 g/s
Reynolds_number: 12,204,507
Stack prop output power: 596 kW, Pcomp: 19.2 kW
Cell efficiency: 0.301, Output efficiency: 0.277
mdot_h2: 14.47 g/s
Reynolds_number: 12,204,507
Stack prop output power: 597 kW, Pcomp: 19.2 kW
Cell efficiency: 0.301, Output efficiency: 0.277
mdot_h2: 14.48 g/s
Reynolds_number: 12,204,507
Stack prop output power: 553 kW, Pcomp: 4.9 kW
Cell efficiency: 0.292, Output efficiency: 0.275
mdot_h2: 13.56 g/s
Reynolds_number: 12,204,507
Stack prop output power: 576 kW, Pcomp: 5.1 kW
Cell efficiency: 0.292, Output efficiency: 0.275
mdot_h2: 14.13 g/s
Reynolds_number: 6,709,346
Stack prop output power: 555 kW, Pcomp: 4.8 kW
Cell efficiency: 0.305, Output efficiency: 0.287
mdot_h2: 13.01 g/s
Reynolds_number: 6,709,346
Stack prop output power: 578 kW, Pcomp: 5.0 kW
Cell efficiency: 0.305, Output efficiency: 0.287
mdot_h2: 13.56 g/s
Reynolds_number: 12,204,507
Stack prop output power: 578 kW, Pcomp: 18.6 kW
Cell efficiency: 0.301, Output efficiency: 0.277
mdot_h2: 14.04 g/s
Reynolds_number: 12,204,507
Stack prop output power: 596 kW, Pcomp: 19.2 kW
Cell efficiency: 0.301, Output efficiency: 0.277
mdot_h2: 14.47 g/s
Reynolds_number: 12,204,507
Stack prop output power: 597 kW, Pcomp: 19.2 kW
Cell efficiency: 0.301, Output efficiency: 0.277
mdot_h2: 14.48 g/s
Fuel-cell system mass representative phase: cruise (P_fc_sys=1193.527 kW).

-----------------------
ptotal_climb: 1,534 kW, mtom_est: 6,779 kg, mtom: 6,610 kg, residual: +169.25 kg

MTOM update: fixed_point_prebracket, relax=1.000 -> mtom_next=6,745.24 kg

======================================================
======================= ITER 7 =======================
Reynolds_number: 12,204,507
Stack prop output power: 597 kW, Pcomp: 19.2 kW
Cell efficiency: 0.301, Output efficiency: 0.277
mdot_h2: 14.48 g/s
Reynolds_number: 12,204,507
Stack prop output power: 609 kW, Pcomp: 19.6 kW
Cell efficiency: 0.301, Output efficiency: 0.277
mdot_h2: 14.77 g/s
Reynolds_number: 12,204,507
Stack prop output power: 573 kW, Pcomp: 5.1 kW
Cell efficiency: 0.292, Output efficiency: 0.275
mdot_h2: 14.04 g/s
Reynolds_number: 12,204,507
Stack prop output power: 588 kW, Pcomp: 5.2 kW
Cell efficiency: 0.292, Output efficiency: 0.275
mdot_h2: 14.42 g/s
Reynolds_number: 6,709,346
Stack prop output power: 575 kW, Pcomp: 5.0 kW
Cell efficiency: 0.305, Output efficiency: 0.287
mdot_h2: 13.47 g/s
Reynolds_number: 6,709,346
Stack prop output power: 590 kW, Pcomp: 5.1 kW
Cell efficiency: 0.305, Output efficiency: 0.287
mdot_h2: 13.84 g/s
Reynolds_number: 12,204,507
Stack prop output power: 597 kW, Pcomp: 19.2 kW
Cell efficiency: 0.301, Output efficiency: 0.277
mdot_h2: 14.48 g/s
Reynolds_number: 12,204,507
Stack prop output power: 609 kW, Pcomp: 19.6 kW
Cell efficiency: 0.301, Output efficiency: 0.277
mdot_h2: 14.77 g/s
Fuel-cell system mass representative phase: cruise (P_fc_sys=1217.951 kW).

-----------------------
ptotal_climb: 1,566 kW, mtom_est: 6,857 kg, mtom: 6,745 kg, residual: +111.93 kg

MTOM update: fixed_point_prebracket, relax=1.000 -> mtom_next=6,834.79 kg

======================================================
======================= ITER 8 =======================
Reynolds_number: 12,204,507
Stack prop output power: 609 kW, Pcomp: 19.6 kW
Cell efficiency: 0.301, Output efficiency: 0.277
mdot_h2: 14.78 g/s
Reynolds_number: 12,204,507
Stack prop output power: 617 kW, Pcomp: 19.8 kW
Cell efficiency: 0.301, Output efficiency: 0.277
mdot_h2: 14.97 g/s
Reynolds_number: 12,204,507
Stack prop output power: 586 kW, Pcomp: 5.2 kW
Cell efficiency: 0.292, Output efficiency: 0.275
mdot_h2: 14.36 g/s
Reynolds_number: 12,204,507
Stack prop output power: 596 kW, Pcomp: 5.3 kW
Cell efficiency: 0.292, Output efficiency: 0.275
mdot_h2: 14.61 g/s
Reynolds_number: 6,709,346
Stack prop output power: 588 kW, Pcomp: 5.1 kW
Cell efficiency: 0.305, Output efficiency: 0.287
mdot_h2: 13.78 g/s
Reynolds_number: 6,709,346
Stack prop output power: 598 kW, Pcomp: 5.2 kW
Cell efficiency: 0.305, Output efficiency: 0.287
mdot_h2: 14.03 g/s
Reynolds_number: 12,204,507
Stack prop output power: 609 kW, Pcomp: 19.6 kW
Cell efficiency: 0.301, Output efficiency: 0.277
mdot_h2: 14.78 g/s
Reynolds_number: 12,204,507
Stack prop output power: 617 kW, Pcomp: 19.8 kW
Cell efficiency: 0.301, Output efficiency: 0.277
mdot_h2: 14.97 g/s
Fuel-cell system mass representative phase: cruise (P_fc_sys=1234.129 kW).

-----------------------
ptotal_climb: 1,587 kW, mtom_est: 6,911 kg, mtom: 6,835 kg, residual: +75.94 kg

MTOM update: newton_prebracket, relax=1.000 -> mtom_next=7,023.68 kg

======================================================
======================= ITER 9 =======================
Reynolds_number: 12,204,507
Stack prop output power: 617 kW, Pcomp: 19.9 kW
Cell efficiency: 0.301, Output efficiency: 0.277
mdot_h2: 14.97 g/s
Reynolds_number: 12,204,507
Stack prop output power: 634 kW, Pcomp: 20.4 kW
Cell efficiency: 0.301, Output efficiency: 0.277
mdot_h2: 15.37 g/s
Reynolds_number: 12,204,507
Stack prop output power: 634 kW, Pcomp: 20.4 kW
Cell efficiency: 0.301, Output efficiency: 0.277
mdot_h2: 15.39 g/s
Reynolds_number: 12,204,507
Stack prop output power: 591 kW, Pcomp: 5.2 kW
Cell efficiency: 0.292, Output efficiency: 0.275
mdot_h2: 14.48 g/s
Reynolds_number: 12,204,507
Stack prop output power: 613 kW, Pcomp: 5.4 kW
Cell efficiency: 0.292, Output efficiency: 0.275
mdot_h2: 15.02 g/s
Reynolds_number: 6,709,346
Stack prop output power: 593 kW, Pcomp: 5.2 kW
Cell efficiency: 0.305, Output efficiency: 0.287
mdot_h2: 13.90 g/s
Reynolds_number: 6,709,346
Stack prop output power: 615 kW, Pcomp: 5.4 kW
Cell efficiency: 0.305, Output efficiency: 0.287
mdot_h2: 14.41 g/s
Reynolds_number: 12,204,507
Stack prop output power: 617 kW, Pcomp: 19.9 kW
Cell efficiency: 0.301, Output efficiency: 0.277
mdot_h2: 14.97 g/s
Reynolds_number: 12,204,507
Stack prop output power: 634 kW, Pcomp: 20.4 kW
Cell efficiency: 0.301, Output efficiency: 0.277
mdot_h2: 15.37 g/s
Reynolds_number: 12,204,507
Stack prop output power: 634 kW, Pcomp: 20.4 kW
Cell efficiency: 0.301, Output efficiency: 0.277
mdot_h2: 15.39 g/s
Fuel-cell system mass representative phase: cruise (P_fc_sys=1268.252 kW).

-----------------------
ptotal_climb: 1,630 kW, mtom_est: 7,022 kg, mtom: 7,024 kg, residual: -1.50 kg


CONVERGED

CONVERGED STATE [MTOM iteration 9]
  MTOM=7,022 kg | Wing loading=215.37 kg/m^2 | P/W(climb)=232.18 W/kg
  Phase power: climb=1,630.4 kW | cruise=1,268.3 kW | takeoff=1,635.9 kW | cruise+charger=1,268.3 kW
  Power split (climb): FC=1,214.6 kW | Battery=404.9 kW | Compressor=10.9 kW | Cooling=506.9 kW | H2=30.033 g/s
  Compressor max across phases: 40.8 kW (cruise)
  FC representative phase (mass sizing): cruise (1,268.3 kW)
  Mass summary: MTOM=7,022 kg | Powertrain=2,012 kg | Tank=545.3 kg | Fuel=242.4 kg | Battery=28.2 kg | Nacelle power density=0.76 kW/kg
  Geometry: Main wing area=32.61 m^2 | Horizontal tail area=5.501 m^2 | Horizontal tail location=11.688 m | Vertical tail area=5.666 m^2 | Vertical tail location=11.101 m
  Config: wing loading input=215.42 kg/m^2 | P/W TO/Cl/Cr=0.16953/0.16894/0.12706 kW/kg

=============================================================
========================= CONVERGED =========================
=============================================================
Constraint sizing: ENABLED (min_combined_pw)
Input W/S: 215.42 kg/m^2 (2,112.5 Pa)
Input P/W [kW/kg]: takeoff 0.16953, climb 0.16894, cruise 0.12706
-------------------------------------------------------------

Mission Time
Climb time: 0.00 min (0.00 h)
Cruise time: 128.35 min (2.14 h)
Total flight time: 150.35 min (2.51 h)

Phase Power Breakdown
Phase      Time[min]     Total[kW]    FC Stack[kW]   Battery[kW]   Compressor[kW]   Cooling[kW]
-----------------------------------------------------------------------------------------------
ready           0.00          81.5            81.5           0.0              0.0           0.0
taxi            5.00         163.0           163.0           0.0              0.0           0.0
takeoff         1.00       1,635.9         1,218.9         406.3             10.7         478.1
climb           0.00       1,630.4         1,214.6         404.9             10.9         506.9
cruise        128.35       1,268.3         1,227.4           0.0             40.8         512.6
loiter         15.00         126.8           122.7           0.0              4.1          51.3
landing         1.00           0.0             0.0           0.0              0.0           0.0

Pcomp_max (solved phases): 40.8 kW (cruise)
Pnet (climb): 1,472 kW
Pelectricnet (climb): 1,620 kW
eta_pt: 0.9031

Geometry
S_wing: 32.61 m^2
b_wing: 17.13 m
Lfus: 13.87 m
Ltank: 4.86 m
S_HT: 5.50 m^2
S_VT: 5.67 m^2
b_HT: 4.98 m
b_VT: 3.28 m
X_HT_act: 11.69 m
X_VT_act: 11.10 m

One Nacelle (1/2)
Stack(1/2): 351 kg, Compressor: 54 kg, Humidifier: 114 kg, HX: 310 kg
W_FCS_single_nacelle (W_Stack+W_Compressor+W_Humidifier+W_Hx): 829 kg
Representative FC phase: cruise
Specific Power of Nacelle System: 0.765 kW/kg
dim_hx: dX=1.251 m, dY=1.251 m, dZ=0.222 m
dim_stack: dX=0.363 m, dY=0.328 m, dZ=0.328 m

ALL Nacelles
W_FCS_total: 1,658 kg
W_PMAD: 139 kg
W_Motors: 215 kg

-----------------------
W_Powertrain (W_FCS_total+W_PMAD+W_Motors): 2,012 kg
-----------------------
W_wing: 540 kg
W_Htail: 39 kg
W_Vtail: 69 kg
W_fuselage: 469 kg
W_lnd_gear_main: 243 kg
W_lnd_gear_nose: 65 kg
W_flight_control: 366 kg
W_electric_system: 300 kg
W_iae: 99 kg
W_hydraulics: 84 kg
W_fur: 421 kg
-----------------------
OEM: 2,695 kg
-----------------------
W_tank: 545 kg
W_fuel: 242.4 kg
W_batt: 28.2 kg
-----------------------
W_payload: 1,500 kg
-----------------------
MTOM_grouped (OEM+W_tank+W_fuel+W_batt+W_Powertrain+W_payload): 7,022 kg
MTOM: 7,022 kg
-----------------------

Wing loading (MTOM/S_wing): 215.37 kg/m^2
Power-to-weight (converged): 232.18 W/kg

mdot_H2(cruise): 30.8 g/s
Vtankex: 10.4 m^3
========================== END ==============================


=============================================================
Execution time: 86.9 seconds
=============================================================
