Auto-widening W/S scan window for min_combined_pw: 1900.0..2600.0 -> 1725.0..2775.0 Pa (factor 1.500, lower_hit=True, upper_hit=False, min_on_edge=False).
Auto-widening W/S scan window for min_combined_pw: 1725.0..2775.0 -> 1462.5..3037.5 Pa (factor 1.500, lower_hit=True, upper_hit=False, min_on_edge=False).
ADRpy constraint sizing (min_combined_pw): W/S=2162.5 Pa (220.51 kg/m^2), P/W_TO=0.17518 kW/kg, P/W_climb=0.16876 kW/kg, P/W_cruise=0.17683 kW/kg
Curve minimum (combined/combined): W/S=2162.5 Pa (220.51 kg/m^2), P/W=0.17683 kW/kg
Curve minimum (takeoff/take-off): W/S=1462.5 Pa (149.13 kg/m^2), P/W=0.10196 kW/kg
Curve minimum (climb/climb): W/S=2312.5 Pa (235.81 kg/m^2), P/W=0.16713 kW/kg
Curve minimum (cruise/cruise): W/S=2312.5 Pa (235.81 kg/m^2), P/W=0.16744 kW/kg
======================================================
======================= ITER 1 =======================
Reynolds_number: 13,986,581
Stack prop output power: 500 kW, Pcomp: 16.1 kW
Cell efficiency: 0.303, Output efficiency: 0.279
mdot_h2: 12.06 g/s
Reynolds_number: 13,986,581
Stack prop output power: 624 kW, Pcomp: 20.1 kW
Cell efficiency: 0.303, Output efficiency: 0.279
mdot_h2: 15.05 g/s
Reynolds_number: 13,986,581
Stack prop output power: 628 kW, Pcomp: 20.2 kW
Cell efficiency: 0.303, Output efficiency: 0.279
mdot_h2: 15.15 g/s
Reynolds_number: 13,986,581
Stack prop output power: 356 kW, Pcomp: 3.2 kW
Cell efficiency: 0.294, Output efficiency: 0.277
mdot_h2: 8.66 g/s
Reynolds_number: 13,986,581
Stack prop output power: 435 kW, Pcomp: 3.9 kW
Cell efficiency: 0.294, Output efficiency: 0.277
mdot_h2: 10.59 g/s
Reynolds_number: 13,986,581
Stack prop output power: 436 kW, Pcomp: 3.9 kW
Cell efficiency: 0.294, Output efficiency: 0.277
mdot_h2: 10.60 g/s
Reynolds_number: 6,709,346
Stack prop output power: 351 kW, Pcomp: 3.1 kW
Cell efficiency: 0.305, Output efficiency: 0.287
mdot_h2: 8.22 g/s
Reynolds_number: 6,709,346
Stack prop output power: 451 kW, Pcomp: 3.9 kW
Cell efficiency: 0.305, Output efficiency: 0.287
mdot_h2: 10.58 g/s
Reynolds_number: 6,709,346
Stack prop output power: 452 kW, Pcomp: 3.9 kW
Cell efficiency: 0.305, Output efficiency: 0.287
mdot_h2: 10.60 g/s
Reynolds_number: 13,986,581
Stack prop output power: 500 kW, Pcomp: 16.1 kW
Cell efficiency: 0.303, Output efficiency: 0.279
mdot_h2: 12.06 g/s
Reynolds_number: 13,986,581
Stack prop output power: 624 kW, Pcomp: 20.1 kW
Cell efficiency: 0.303, Output efficiency: 0.279
mdot_h2: 15.05 g/s
Reynolds_number: 13,986,581
Stack prop output power: 628 kW, Pcomp: 20.2 kW
Cell efficiency: 0.303, Output efficiency: 0.279
mdot_h2: 15.15 g/s
Fuel-cell system mass representative phase: cruise (P_fc_sys=1256.527 kW).

-----------------------
ptotal_climb: 1,159 kW, mtom_est: 6,369 kg, mtom: 5,000 kg, residual: +1,369.48 kg

MTOM update: initial_bracket_probe_1, relax=1.000 -> mtom_next=5,325.00 kg

======================================================
======================= ITER 2 =======================
Reynolds_number: 13,986,581
Stack prop output power: 628 kW, Pcomp: 20.2 kW
Cell efficiency: 0.303, Output efficiency: 0.279
mdot_h2: 15.15 g/s
Reynolds_number: 13,986,581
Stack prop output power: 668 kW, Pcomp: 21.5 kW
Cell efficiency: 0.303, Output efficiency: 0.279
mdot_h2: 16.11 g/s
Reynolds_number: 13,986,581
Stack prop output power: 669 kW, Pcomp: 21.6 kW
Cell efficiency: 0.303, Output efficiency: 0.279
mdot_h2: 16.14 g/s
Reynolds_number: 13,986,581
Stack prop output power: 426 kW, Pcomp: 3.8 kW
Cell efficiency: 0.294, Output efficiency: 0.277
mdot_h2: 10.38 g/s
Reynolds_number: 13,986,581
Stack prop output power: 464 kW, Pcomp: 4.1 kW
Cell efficiency: 0.294, Output efficiency: 0.277
mdot_h2: 11.28 g/s
Reynolds_number: 6,709,346
Stack prop output power: 443 kW, Pcomp: 3.9 kW
Cell efficiency: 0.305, Output efficiency: 0.287
mdot_h2: 10.38 g/s
Reynolds_number: 6,709,346
Stack prop output power: 481 kW, Pcomp: 4.2 kW
Cell efficiency: 0.305, Output efficiency: 0.287
mdot_h2: 11.29 g/s
Reynolds_number: 13,986,581
Stack prop output power: 628 kW, Pcomp: 20.2 kW
Cell efficiency: 0.303, Output efficiency: 0.279
mdot_h2: 15.15 g/s
Reynolds_number: 13,986,581
Stack prop output power: 668 kW, Pcomp: 21.5 kW
Cell efficiency: 0.303, Output efficiency: 0.279
mdot_h2: 16.11 g/s
Reynolds_number: 13,986,581
Stack prop output power: 669 kW, Pcomp: 21.6 kW
Cell efficiency: 0.303, Output efficiency: 0.279
mdot_h2: 16.14 g/s
Fuel-cell system mass representative phase: cruise (P_fc_sys=1338.208 kW).

-----------------------
ptotal_climb: 1,235 kW, mtom_est: 6,592 kg, mtom: 5,325 kg, residual: +1,267.33 kg

MTOM update: initial_bracket_probe_2, relax=1.000 -> mtom_next=5,650.00 kg

======================================================
======================= ITER 3 =======================
Reynolds_number: 13,986,581
Stack prop output power: 669 kW, Pcomp: 21.6 kW
Cell efficiency: 0.303, Output efficiency: 0.279
mdot_h2: 16.14 g/s
Reynolds_number: 13,986,581
Stack prop output power: 709 kW, Pcomp: 22.8 kW
Cell efficiency: 0.303, Output efficiency: 0.279
mdot_h2: 17.09 g/s
Reynolds_number: 13,986,581
Stack prop output power: 710 kW, Pcomp: 22.9 kW
Cell efficiency: 0.303, Output efficiency: 0.279
mdot_h2: 17.12 g/s
Reynolds_number: 13,986,581
Stack prop output power: 455 kW, Pcomp: 4.0 kW
Cell efficiency: 0.294, Output efficiency: 0.277
mdot_h2: 11.07 g/s
Reynolds_number: 13,986,581
Stack prop output power: 492 kW, Pcomp: 4.4 kW
Cell efficiency: 0.294, Output efficiency: 0.277
mdot_h2: 11.97 g/s
Reynolds_number: 6,709,346
Stack prop output power: 472 kW, Pcomp: 4.1 kW
Cell efficiency: 0.305, Output efficiency: 0.287
mdot_h2: 11.07 g/s
Reynolds_number: 6,709,346
Stack prop output power: 511 kW, Pcomp: 4.4 kW
Cell efficiency: 0.305, Output efficiency: 0.287
mdot_h2: 11.98 g/s
Reynolds_number: 13,986,581
Stack prop output power: 669 kW, Pcomp: 21.6 kW
Cell efficiency: 0.303, Output efficiency: 0.279
mdot_h2: 16.14 g/s
Reynolds_number: 13,986,581
Stack prop output power: 709 kW, Pcomp: 22.8 kW
Cell efficiency: 0.303, Output efficiency: 0.279
mdot_h2: 17.09 g/s
Reynolds_number: 13,986,581
Stack prop output power: 710 kW, Pcomp: 22.9 kW
Cell efficiency: 0.303, Output efficiency: 0.279
mdot_h2: 17.12 g/s
Fuel-cell system mass representative phase: cruise (P_fc_sys=1419.882 kW).

-----------------------
ptotal_climb: 1,310 kW, mtom_est: 6,815 kg, mtom: 5,650 kg, residual: +1,164.63 kg

MTOM update: fixed_point_prebracket, relax=1.000 -> mtom_next=6,497.50 kg

======================================================
======================= ITER 4 =======================
Reynolds_number: 13,986,581
Stack prop output power: 710 kW, Pcomp: 22.9 kW
Cell efficiency: 0.303, Output efficiency: 0.279
mdot_h2: 17.12 g/s
Reynolds_number: 13,986,581
Stack prop output power: 813 kW, Pcomp: 26.2 kW
Cell efficiency: 0.303, Output efficiency: 0.279
mdot_h2: 19.61 g/s
Reynolds_number: 13,986,581
Stack prop output power: 816 kW, Pcomp: 26.3 kW
Cell efficiency: 0.303, Output efficiency: 0.279
mdot_h2: 19.69 g/s
Reynolds_number: 13,986,581
Stack prop output power: 468 kW, Pcomp: 4.1 kW
Cell efficiency: 0.294, Output efficiency: 0.277
mdot_h2: 11.39 g/s
Reynolds_number: 13,986,581
Stack prop output power: 565 kW, Pcomp: 5.0 kW
Cell efficiency: 0.294, Output efficiency: 0.277
mdot_h2: 13.76 g/s
Reynolds_number: 13,986,581
Stack prop output power: 566 kW, Pcomp: 5.0 kW
Cell efficiency: 0.294, Output efficiency: 0.277
mdot_h2: 13.78 g/s
Reynolds_number: 6,709,346
Stack prop output power: 486 kW, Pcomp: 4.2 kW
Cell efficiency: 0.305, Output efficiency: 0.287
mdot_h2: 11.39 g/s
Reynolds_number: 6,709,346
Stack prop output power: 587 kW, Pcomp: 5.1 kW
Cell efficiency: 0.305, Output efficiency: 0.287
mdot_h2: 13.76 g/s
Reynolds_number: 6,709,346
Stack prop output power: 588 kW, Pcomp: 5.1 kW
Cell efficiency: 0.305, Output efficiency: 0.287
mdot_h2: 13.78 g/s
Reynolds_number: 13,986,581
Stack prop output power: 710 kW, Pcomp: 22.9 kW
Cell efficiency: 0.303, Output efficiency: 0.279
mdot_h2: 17.12 g/s
Reynolds_number: 13,986,581
Stack prop output power: 813 kW, Pcomp: 26.2 kW
Cell efficiency: 0.303, Output efficiency: 0.279
mdot_h2: 19.61 g/s
Reynolds_number: 13,986,581
Stack prop output power: 816 kW, Pcomp: 26.3 kW
Cell efficiency: 0.303, Output efficiency: 0.279
mdot_h2: 19.69 g/s
Fuel-cell system mass representative phase: cruise (P_fc_sys=1632.861 kW).

-----------------------
ptotal_climb: 1,507 kW, mtom_est: 7,396 kg, mtom: 6,498 kg, residual: +898.86 kg

MTOM update: fixed_point_prebracket, relax=1.000 -> mtom_next=7,216.59 kg

======================================================
======================= ITER 5 =======================
Reynolds_number: 13,986,581
Stack prop output power: 816 kW, Pcomp: 26.3 kW
Cell efficiency: 0.303, Output efficiency: 0.279
mdot_h2: 19.69 g/s
Reynolds_number: 13,986,581
Stack prop output power: 904 kW, Pcomp: 29.1 kW
Cell efficiency: 0.303, Output efficiency: 0.279
mdot_h2: 21.80 g/s
Reynolds_number: 13,986,581
Stack prop output power: 907 kW, Pcomp: 29.2 kW
Cell efficiency: 0.303, Output efficiency: 0.279
mdot_h2: 21.87 g/s
Reynolds_number: 13,986,581
Stack prop output power: 546 kW, Pcomp: 4.8 kW
Cell efficiency: 0.294, Output efficiency: 0.277
mdot_h2: 13.28 g/s
Reynolds_number: 13,986,581
Stack prop output power: 628 kW, Pcomp: 5.6 kW
Cell efficiency: 0.294, Output efficiency: 0.277
mdot_h2: 15.29 g/s
Reynolds_number: 13,986,581
Stack prop output power: 629 kW, Pcomp: 5.6 kW
Cell efficiency: 0.294, Output efficiency: 0.277
mdot_h2: 15.30 g/s
Reynolds_number: 6,709,346
Stack prop output power: 566 kW, Pcomp: 4.9 kW
Cell efficiency: 0.305, Output efficiency: 0.287
mdot_h2: 13.28 g/s
Reynolds_number: 6,709,346
Stack prop output power: 652 kW, Pcomp: 5.7 kW
Cell efficiency: 0.305, Output efficiency: 0.287
mdot_h2: 15.29 g/s
Reynolds_number: 6,709,346
Stack prop output power: 653 kW, Pcomp: 5.7 kW
Cell efficiency: 0.305, Output efficiency: 0.287
mdot_h2: 15.31 g/s
Reynolds_number: 13,986,581
Stack prop output power: 816 kW, Pcomp: 26.3 kW
Cell efficiency: 0.303, Output efficiency: 0.279
mdot_h2: 19.69 g/s
Reynolds_number: 13,986,581
Stack prop output power: 904 kW, Pcomp: 29.1 kW
Cell efficiency: 0.303, Output efficiency: 0.279
mdot_h2: 21.80 g/s
Reynolds_number: 13,986,581
Stack prop output power: 907 kW, Pcomp: 29.2 kW
Cell efficiency: 0.303, Output efficiency: 0.279
mdot_h2: 21.87 g/s
Fuel-cell system mass representative phase: cruise (P_fc_sys=1813.575 kW).

-----------------------
ptotal_climb: 1,673 kW, mtom_est: 7,892 kg, mtom: 7,217 kg, residual: +675.77 kg

MTOM update: fixed_point_prebracket, relax=1.000 -> mtom_next=7,757.21 kg

======================================================
======================= ITER 6 =======================
Reynolds_number: 13,986,581
Stack prop output power: 907 kW, Pcomp: 29.2 kW
Cell efficiency: 0.303, Output efficiency: 0.279
mdot_h2: 21.87 g/s
Reynolds_number: 13,986,581
Stack prop output power: 973 kW, Pcomp: 31.3 kW
Cell efficiency: 0.303, Output efficiency: 0.279
mdot_h2: 23.46 g/s
Reynolds_number: 13,986,581
Stack prop output power: 975 kW, Pcomp: 31.4 kW
Cell efficiency: 0.303, Output efficiency: 0.279
mdot_h2: 23.51 g/s
Reynolds_number: 13,986,581
Stack prop output power: 613 kW, Pcomp: 5.4 kW
Cell efficiency: 0.294, Output efficiency: 0.277
mdot_h2: 14.93 g/s
Reynolds_number: 13,986,581
Stack prop output power: 675 kW, Pcomp: 6.0 kW
Cell efficiency: 0.294, Output efficiency: 0.277
mdot_h2: 16.44 g/s
Reynolds_number: 13,986,581
Stack prop output power: 676 kW, Pcomp: 6.0 kW
Cell efficiency: 0.294, Output efficiency: 0.277
mdot_h2: 16.45 g/s
Reynolds_number: 6,709,346
Stack prop output power: 637 kW, Pcomp: 5.5 kW
Cell efficiency: 0.305, Output efficiency: 0.287
mdot_h2: 14.93 g/s
Reynolds_number: 6,709,346
Stack prop output power: 701 kW, Pcomp: 6.1 kW
Cell efficiency: 0.305, Output efficiency: 0.287
mdot_h2: 16.44 g/s
Reynolds_number: 6,709,346
Stack prop output power: 702 kW, Pcomp: 6.1 kW
Cell efficiency: 0.305, Output efficiency: 0.287
mdot_h2: 16.45 g/s
Reynolds_number: 13,986,581
Stack prop output power: 907 kW, Pcomp: 29.2 kW
Cell efficiency: 0.303, Output efficiency: 0.279
mdot_h2: 21.87 g/s
Reynolds_number: 13,986,581
Stack prop output power: 973 kW, Pcomp: 31.3 kW
Cell efficiency: 0.303, Output efficiency: 0.279
mdot_h2: 23.46 g/s
Reynolds_number: 13,986,581
Stack prop output power: 975 kW, Pcomp: 31.4 kW
Cell efficiency: 0.303, Output efficiency: 0.279
mdot_h2: 23.51 g/s
Fuel-cell system mass representative phase: cruise (P_fc_sys=1949.437 kW).

-----------------------
ptotal_climb: 1,799 kW, mtom_est: 8,259 kg, mtom: 7,757 kg, residual: +501.69 kg

MTOM update: fixed_point_prebracket, relax=1.000 -> mtom_next=8,158.56 kg

======================================================
======================= ITER 7 =======================
Reynolds_number: 13,986,581
Stack prop output power: 975 kW, Pcomp: 31.4 kW
Cell efficiency: 0.303, Output efficiency: 0.279
mdot_h2: 23.51 g/s
Reynolds_number: 13,986,581
Stack prop output power: 1,024 kW, Pcomp: 33.0 kW
Cell efficiency: 0.303, Output efficiency: 0.279
mdot_h2: 24.69 g/s
Reynolds_number: 13,986,581
Stack prop output power: 1,025 kW, Pcomp: 33.0 kW
Cell efficiency: 0.303, Output efficiency: 0.279
mdot_h2: 24.72 g/s
Reynolds_number: 13,986,581
Stack prop output power: 664 kW, Pcomp: 5.9 kW
Cell efficiency: 0.294, Output efficiency: 0.277
mdot_h2: 16.17 g/s
Reynolds_number: 13,986,581
Stack prop output power: 711 kW, Pcomp: 6.3 kW
Cell efficiency: 0.294, Output efficiency: 0.277
mdot_h2: 17.29 g/s
Reynolds_number: 6,709,346
Stack prop output power: 690 kW, Pcomp: 6.0 kW
Cell efficiency: 0.305, Output efficiency: 0.287
mdot_h2: 16.17 g/s
Reynolds_number: 6,709,346
Stack prop output power: 738 kW, Pcomp: 6.4 kW
Cell efficiency: 0.305, Output efficiency: 0.287
mdot_h2: 17.29 g/s
Reynolds_number: 13,986,581
Stack prop output power: 975 kW, Pcomp: 31.4 kW
Cell efficiency: 0.303, Output efficiency: 0.279
mdot_h2: 23.51 g/s
Reynolds_number: 13,986,581
Stack prop output power: 1,024 kW, Pcomp: 33.0 kW
Cell efficiency: 0.303, Output efficiency: 0.279
mdot_h2: 24.69 g/s
Reynolds_number: 13,986,581
Stack prop output power: 1,025 kW, Pcomp: 33.0 kW
Cell efficiency: 0.303, Output efficiency: 0.279
mdot_h2: 24.72 g/s
Fuel-cell system mass representative phase: cruise (P_fc_sys=2050.300 kW).

-----------------------
ptotal_climb: 1,892 kW, mtom_est: 8,546 kg, mtom: 8,159 kg, residual: +387.28 kg

MTOM update: fixed_point_prebracket, relax=1.000 -> mtom_next=8,468.38 kg

======================================================
======================= ITER 8 =======================
Reynolds_number: 13,986,581
Stack prop output power: 1,025 kW, Pcomp: 33.0 kW
Cell efficiency: 0.303, Output efficiency: 0.279
mdot_h2: 24.73 g/s
Reynolds_number: 13,986,581
Stack prop output power: 1,063 kW, Pcomp: 34.3 kW
Cell efficiency: 0.303, Output efficiency: 0.279
mdot_h2: 25.63 g/s
Reynolds_number: 13,986,581
Stack prop output power: 1,064 kW, Pcomp: 34.3 kW
Cell efficiency: 0.303, Output efficiency: 0.279
mdot_h2: 25.66 g/s
Reynolds_number: 13,986,581
Stack prop output power: 702 kW, Pcomp: 6.2 kW
Cell efficiency: 0.294, Output efficiency: 0.277
mdot_h2: 17.09 g/s
Reynolds_number: 13,986,581
Stack prop output power: 738 kW, Pcomp: 6.5 kW
Cell efficiency: 0.294, Output efficiency: 0.277
mdot_h2: 17.95 g/s
Reynolds_number: 6,709,346
Stack prop output power: 729 kW, Pcomp: 6.3 kW
Cell efficiency: 0.305, Output efficiency: 0.287
mdot_h2: 17.09 g/s
Reynolds_number: 6,709,346
Stack prop output power: 766 kW, Pcomp: 6.7 kW
Cell efficiency: 0.305, Output efficiency: 0.287
mdot_h2: 17.95 g/s
Reynolds_number: 13,986,581
Stack prop output power: 1,025 kW, Pcomp: 33.0 kW
Cell efficiency: 0.303, Output efficiency: 0.279
mdot_h2: 24.73 g/s
Reynolds_number: 13,986,581
Stack prop output power: 1,063 kW, Pcomp: 34.3 kW
Cell efficiency: 0.303, Output efficiency: 0.279
mdot_h2: 25.63 g/s
Reynolds_number: 13,986,581
Stack prop output power: 1,064 kW, Pcomp: 34.3 kW
Cell efficiency: 0.303, Output efficiency: 0.279
mdot_h2: 25.66 g/s
Fuel-cell system mass representative phase: cruise (P_fc_sys=2128.161 kW).

-----------------------
ptotal_climb: 1,964 kW, mtom_est: 8,758 kg, mtom: 8,468 kg, residual: +290.07 kg

MTOM update: newton_prebracket, relax=1.000 -> mtom_next=9,392.86 kg

======================================================
======================= ITER 9 =======================
Reynolds_number: 13,986,581
Stack prop output power: 1,064 kW, Pcomp: 34.3 kW
Cell efficiency: 0.303, Output efficiency: 0.279
mdot_h2: 25.66 g/s
Reynolds_number: 13,986,581
Stack prop output power: 1,177 kW, Pcomp: 37.9 kW
Cell efficiency: 0.303, Output efficiency: 0.279
mdot_h2: 28.38 g/s
Reynolds_number: 13,986,581
Stack prop output power: 1,180 kW, Pcomp: 38.0 kW
Cell efficiency: 0.303, Output efficiency: 0.279
mdot_h2: 28.46 g/s
Reynolds_number: 13,986,581
Stack prop output power: 711 kW, Pcomp: 6.3 kW
Cell efficiency: 0.294, Output efficiency: 0.277
mdot_h2: 17.31 g/s
Reynolds_number: 13,986,581
Stack prop output power: 818 kW, Pcomp: 7.2 kW
Cell efficiency: 0.294, Output efficiency: 0.277
mdot_h2: 19.90 g/s
Reynolds_number: 13,986,581
Stack prop output power: 819 kW, Pcomp: 7.3 kW
Cell efficiency: 0.294, Output efficiency: 0.277
mdot_h2: 19.92 g/s
Reynolds_number: 6,709,346
Stack prop output power: 738 kW, Pcomp: 6.4 kW
Cell efficiency: 0.305, Output efficiency: 0.287
mdot_h2: 17.31 g/s
Reynolds_number: 6,709,346
Stack prop output power: 849 kW, Pcomp: 7.4 kW
Cell efficiency: 0.305, Output efficiency: 0.287
mdot_h2: 19.90 g/s
Reynolds_number: 6,709,346
Stack prop output power: 850 kW, Pcomp: 7.4 kW
Cell efficiency: 0.305, Output efficiency: 0.287
mdot_h2: 19.92 g/s
Reynolds_number: 13,986,581
Stack prop output power: 1,064 kW, Pcomp: 34.3 kW
Cell efficiency: 0.303, Output efficiency: 0.279
mdot_h2: 25.66 g/s
Reynolds_number: 13,986,581
Stack prop output power: 1,177 kW, Pcomp: 37.9 kW
Cell efficiency: 0.303, Output efficiency: 0.279
mdot_h2: 28.38 g/s
Reynolds_number: 13,986,581
Stack prop output power: 1,180 kW, Pcomp: 38.0 kW
Cell efficiency: 0.303, Output efficiency: 0.279
mdot_h2: 28.46 g/s
Fuel-cell system mass representative phase: cruise (P_fc_sys=2360.484 kW).

-----------------------
ptotal_climb: 2,178 kW, mtom_est: 9,402 kg, mtom: 9,393 kg, residual: +9.02 kg

MTOM update: newton_prebracket, relax=1.000 -> mtom_next=9,422.52 kg

======================================================
======================= ITER 10 =======================
Reynolds_number: 13,986,581
Stack prop output power: 1,180 kW, Pcomp: 38.0 kW
Cell efficiency: 0.303, Output efficiency: 0.279
mdot_h2: 28.47 g/s
Reynolds_number: 13,986,581
Stack prop output power: 1,184 kW, Pcomp: 38.2 kW
Cell efficiency: 0.303, Output efficiency: 0.279
mdot_h2: 28.55 g/s
Reynolds_number: 13,986,581
Stack prop output power: 818 kW, Pcomp: 7.2 kW
Cell efficiency: 0.294, Output efficiency: 0.277
mdot_h2: 19.90 g/s
Reynolds_number: 13,986,581
Stack prop output power: 821 kW, Pcomp: 7.3 kW
Cell efficiency: 0.294, Output efficiency: 0.277
mdot_h2: 19.98 g/s
Reynolds_number: 6,709,346
Stack prop output power: 849 kW, Pcomp: 7.4 kW
Cell efficiency: 0.305, Output efficiency: 0.287
mdot_h2: 19.90 g/s
Reynolds_number: 6,709,346
Stack prop output power: 852 kW, Pcomp: 7.4 kW
Cell efficiency: 0.305, Output efficiency: 0.287
mdot_h2: 19.98 g/s
Reynolds_number: 13,986,581
Stack prop output power: 1,180 kW, Pcomp: 38.0 kW
Cell efficiency: 0.303, Output efficiency: 0.279
mdot_h2: 28.47 g/s
Reynolds_number: 13,986,581
Stack prop output power: 1,184 kW, Pcomp: 38.2 kW
Cell efficiency: 0.303, Output efficiency: 0.279
mdot_h2: 28.55 g/s
Fuel-cell system mass representative phase: cruise (P_fc_sys=2367.937 kW).

-----------------------
ptotal_climb: 2,185 kW, mtom_est: 9,426 kg, mtom: 9,423 kg, residual: +3.65 kg


CONVERGED

CONVERGED STATE [MTOM iteration 10]
  MTOM=9,426 kg | Wing loading=220.60 kg/m^2 | P/W(climb)=231.78 W/kg
  Phase power: climb=2,184.8 kW | cruise=2,367.9 kW | takeoff=2,267.7 kW | cruise+charger=2,367.9 kW
  Power split (climb): FC=1,627.7 kW | Battery=542.6 kW | Compressor=14.6 kW | Cooling=672.4 kW | H2=39.964 g/s
  Compressor max across phases: 76.3 kW (cruise)
  FC representative phase (mass sizing): cruise (2,367.9 kW)
  Mass summary: MTOM=9,426 kg | Powertrain=3,372 kg | Tank=868.4 kg | Fuel=385.9 kg | Battery=39.1 kg | Nacelle power density=0.82 kW/kg
  Geometry: Main wing area=42.73 m^2 | Horizontal tail area=6.607 m^2 | Horizontal tail location=14.414 m | Vertical tail area=6.792 m^2 | Vertical tail location=13.744 m
  Config: wing loading input=220.51 kg/m^2 | P/W TO/Cl/Cr=0.17518/0.16876/0.17683 kW/kg

=============================================================
========================= CONVERGED =========================
=============================================================
Constraint sizing: ENABLED (min_combined_pw)
Input W/S: 220.51 kg/m^2 (2,162.5 Pa)
Input P/W [kW/kg]: takeoff 0.17518, climb 0.16876, cruise 0.17683
-------------------------------------------------------------

Mission Time
Climb time: 0.00 min (0.00 h)
Cruise time: 110.09 min (1.83 h)
Total flight time: 132.09 min (2.20 h)

Phase Power Breakdown
Phase      Time[min]     Total[kW]    FC Stack[kW]   Battery[kW]   Compressor[kW]   Cooling[kW]
-----------------------------------------------------------------------------------------------
ready           0.00         109.2           109.2           0.0              0.0           0.0
taxi            5.00         218.5           218.5           0.0              0.0           0.0
takeoff         1.00       2,267.7         1,689.7         563.2             14.8         662.7
climb           0.00       2,184.8         1,627.7         542.6             14.6         672.4
cruise        110.09       2,367.9         2,291.6           0.0             76.3         948.6
loiter         15.00         236.8           229.2           0.0              7.6          94.9
landing         1.00           0.0             0.0           0.0              0.0           0.0

Pcomp_max (solved phases): 76.3 kW (cruise)
Pnet (climb): 1,973 kW
Pelectricnet (climb): 2,170 kW
eta_pt: 0.9031

Geometry
S_wing: 42.73 m^2
b_wing: 19.61 m
Lfus: 16.75 m
Ltank: 7.74 m
S_HT: 6.61 m^2
S_VT: 6.79 m^2
b_HT: 5.45 m
b_VT: 3.59 m
X_HT_act: 14.41 m
X_VT_act: 13.74 m

One Nacelle (1/2)
Stack(1/2): 653 kg, Compressor: 75 kg, Humidifier: 206 kg, HX: 516 kg
W_FCS_single_nacelle (W_Stack+W_Compressor+W_Humidifier+W_Hx): 1,449 kg
Representative FC phase: cruise
Specific Power of Nacelle System: 0.817 kW/kg
dim_hx: dX=1.584 m, dY=1.584 m, dZ=0.230 m
dim_stack: dX=0.362 m, dY=0.449 m, dZ=0.449 m

ALL Nacelles
W_FCS_total: 2,899 kg
W_PMAD: 185 kg
W_Motors: 288 kg

-----------------------
W_Powertrain (W_FCS_total+W_PMAD+W_Motors): 3,372 kg
-----------------------
W_wing: 766 kg
W_Htail: 55 kg
W_Vtail: 89 kg
W_fuselage: 647 kg
W_lnd_gear_main: 243 kg
W_lnd_gear_nose: 65 kg
W_flight_control: 366 kg
W_electric_system: 300 kg
W_iae: 129 kg
W_hydraulics: 113 kg
W_fur: 488 kg
-----------------------
OEM: 3,260 kg
-----------------------
W_tank: 868 kg
W_fuel: 385.9 kg
W_batt: 39.1 kg
-----------------------
W_payload: 1,500 kg
-----------------------
MTOM_grouped (OEM+W_tank+W_fuel+W_batt+W_Powertrain+W_payload): 9,426 kg
MTOM: 9,426 kg
-----------------------

Wing loading (MTOM/S_wing): 220.60 kg/m^2
Power-to-weight (converged): 231.78 W/kg

mdot_H2(cruise): 57.1 g/s
Vtankex: 16.5 m^3
========================== END ==============================


=============================================================
Execution time: 104.6 seconds
=============================================================
