Auto-widening W/S scan window for min_combined_pw: 1900.0..2600.0 -> 1725.0..2775.0 Pa (factor 1.500, lower_hit=True, upper_hit=False, min_on_edge=False).
Auto-widening W/S scan window for min_combined_pw: 1725.0..2775.0 -> 1462.5..3037.5 Pa (factor 1.500, lower_hit=True, upper_hit=False, min_on_edge=False).
ADRpy constraint sizing (min_combined_pw): W/S=2162.5 Pa (220.51 kg/m^2), P/W_TO=0.17518 kW/kg, P/W_climb=0.16876 kW/kg, P/W_cruise=0.17683 kW/kg
Curve minimum (combined/combined): W/S=2162.5 Pa (220.51 kg/m^2), P/W=0.17683 kW/kg
Curve minimum (takeoff/take-off): W/S=1462.5 Pa (149.13 kg/m^2), P/W=0.10196 kW/kg
Curve minimum (climb/climb): W/S=2312.5 Pa (235.81 kg/m^2), P/W=0.16713 kW/kg
Curve minimum (cruise/cruise): W/S=2312.5 Pa (235.81 kg/m^2), P/W=0.16744 kW/kg
======================================================
======================= ITER 1 =======================
Reynolds_number: 13,986,581
Stack prop output power: 500 kW, Pcomp: 16.1 kW
Cell efficiency: 0.303, Output efficiency: 0.279
mdot_h2: 12.06 g/s
Reynolds_number: 13,986,581
Stack prop output power: 624 kW, Pcomp: 20.1 kW
Cell efficiency: 0.303, Output efficiency: 0.279
mdot_h2: 15.05 g/s
Reynolds_number: 13,986,581
Stack prop output power: 628 kW, Pcomp: 20.2 kW
Cell efficiency: 0.303, Output efficiency: 0.279
mdot_h2: 15.15 g/s
Reynolds_number: 13,986,581
Stack prop output power: 356 kW, Pcomp: 3.2 kW
Cell efficiency: 0.294, Output efficiency: 0.277
mdot_h2: 8.66 g/s
Reynolds_number: 13,986,581
Stack prop output power: 435 kW, Pcomp: 3.9 kW
Cell efficiency: 0.294, Output efficiency: 0.277
mdot_h2: 10.59 g/s
Reynolds_number: 13,986,581
Stack prop output power: 436 kW, Pcomp: 3.9 kW
Cell efficiency: 0.294, Output efficiency: 0.277
mdot_h2: 10.60 g/s
Reynolds_number: 6,709,346
Stack prop output power: 351 kW, Pcomp: 3.1 kW
Cell efficiency: 0.305, Output efficiency: 0.287
mdot_h2: 8.22 g/s
Reynolds_number: 6,709,346
Stack prop output power: 451 kW, Pcomp: 3.9 kW
Cell efficiency: 0.305, Output efficiency: 0.287
mdot_h2: 10.58 g/s
Reynolds_number: 6,709,346
Stack prop output power: 452 kW, Pcomp: 3.9 kW
Cell efficiency: 0.305, Output efficiency: 0.287
mdot_h2: 10.60 g/s
Reynolds_number: 13,986,581
Stack prop output power: 500 kW, Pcomp: 16.1 kW
Cell efficiency: 0.303, Output efficiency: 0.279
mdot_h2: 12.06 g/s
Reynolds_number: 13,986,581
Stack prop output power: 624 kW, Pcomp: 20.1 kW
Cell efficiency: 0.303, Output efficiency: 0.279
mdot_h2: 15.05 g/s
Reynolds_number: 13,986,581
Stack prop output power: 628 kW, Pcomp: 20.2 kW
Cell efficiency: 0.303, Output efficiency: 0.279
mdot_h2: 15.15 g/s
Fuel-cell system mass representative phase: cruise (P_fc_sys=1256.527 kW).

-----------------------
ptotal_climb: 1,159 kW, mtom_est: 6,619 kg, mtom: 5,000 kg, residual: +1,619.49 kg

MTOM update: initial_bracket_probe_1, relax=1.000 -> mtom_next=5,325.00 kg

======================================================
======================= ITER 2 =======================
Reynolds_number: 13,986,581
Stack prop output power: 628 kW, Pcomp: 20.2 kW
Cell efficiency: 0.303, Output efficiency: 0.279
mdot_h2: 15.15 g/s
Reynolds_number: 13,986,581
Stack prop output power: 668 kW, Pcomp: 21.5 kW
Cell efficiency: 0.303, Output efficiency: 0.279
mdot_h2: 16.11 g/s
Reynolds_number: 13,986,581
Stack prop output power: 669 kW, Pcomp: 21.6 kW
Cell efficiency: 0.303, Output efficiency: 0.279
mdot_h2: 16.14 g/s
Reynolds_number: 13,986,581
Stack prop output power: 426 kW, Pcomp: 3.8 kW
Cell efficiency: 0.294, Output efficiency: 0.277
mdot_h2: 10.38 g/s
Reynolds_number: 13,986,581
Stack prop output power: 464 kW, Pcomp: 4.1 kW
Cell efficiency: 0.294, Output efficiency: 0.277
mdot_h2: 11.28 g/s
Reynolds_number: 6,709,346
Stack prop output power: 443 kW, Pcomp: 3.9 kW
Cell efficiency: 0.305, Output efficiency: 0.287
mdot_h2: 10.38 g/s
Reynolds_number: 6,709,346
Stack prop output power: 481 kW, Pcomp: 4.2 kW
Cell efficiency: 0.305, Output efficiency: 0.287
mdot_h2: 11.29 g/s
Reynolds_number: 13,986,581
Stack prop output power: 628 kW, Pcomp: 20.2 kW
Cell efficiency: 0.303, Output efficiency: 0.279
mdot_h2: 15.15 g/s
Reynolds_number: 13,986,581
Stack prop output power: 668 kW, Pcomp: 21.5 kW
Cell efficiency: 0.303, Output efficiency: 0.279
mdot_h2: 16.11 g/s
Reynolds_number: 13,986,581
Stack prop output power: 669 kW, Pcomp: 21.6 kW
Cell efficiency: 0.303, Output efficiency: 0.279
mdot_h2: 16.14 g/s
Fuel-cell system mass representative phase: cruise (P_fc_sys=1338.208 kW).

-----------------------
ptotal_climb: 1,235 kW, mtom_est: 6,859 kg, mtom: 5,325 kg, residual: +1,533.70 kg

MTOM update: initial_bracket_probe_2, relax=1.000 -> mtom_next=5,650.00 kg

======================================================
======================= ITER 3 =======================
Reynolds_number: 13,986,581
Stack prop output power: 669 kW, Pcomp: 21.6 kW
Cell efficiency: 0.303, Output efficiency: 0.279
mdot_h2: 16.14 g/s
Reynolds_number: 13,986,581
Stack prop output power: 709 kW, Pcomp: 22.8 kW
Cell efficiency: 0.303, Output efficiency: 0.279
mdot_h2: 17.09 g/s
Reynolds_number: 13,986,581
Stack prop output power: 710 kW, Pcomp: 22.9 kW
Cell efficiency: 0.303, Output efficiency: 0.279
mdot_h2: 17.12 g/s
Reynolds_number: 13,986,581
Stack prop output power: 455 kW, Pcomp: 4.0 kW
Cell efficiency: 0.294, Output efficiency: 0.277
mdot_h2: 11.07 g/s
Reynolds_number: 13,986,581
Stack prop output power: 492 kW, Pcomp: 4.4 kW
Cell efficiency: 0.294, Output efficiency: 0.277
mdot_h2: 11.97 g/s
Reynolds_number: 6,709,346
Stack prop output power: 472 kW, Pcomp: 4.1 kW
Cell efficiency: 0.305, Output efficiency: 0.287
mdot_h2: 11.07 g/s
Reynolds_number: 6,709,346
Stack prop output power: 511 kW, Pcomp: 4.4 kW
Cell efficiency: 0.305, Output efficiency: 0.287
mdot_h2: 11.98 g/s
Reynolds_number: 13,986,581
Stack prop output power: 669 kW, Pcomp: 21.6 kW
Cell efficiency: 0.303, Output efficiency: 0.279
mdot_h2: 16.14 g/s
Reynolds_number: 13,986,581
Stack prop output power: 709 kW, Pcomp: 22.8 kW
Cell efficiency: 0.303, Output efficiency: 0.279
mdot_h2: 17.09 g/s
Reynolds_number: 13,986,581
Stack prop output power: 710 kW, Pcomp: 22.9 kW
Cell efficiency: 0.303, Output efficiency: 0.279
mdot_h2: 17.12 g/s
Fuel-cell system mass representative phase: cruise (P_fc_sys=1419.882 kW).

-----------------------
ptotal_climb: 1,310 kW, mtom_est: 7,097 kg, mtom: 5,650 kg, residual: +1,447.32 kg

MTOM update: fixed_point_prebracket, relax=1.000 -> mtom_next=6,497.50 kg

======================================================
======================= ITER 4 =======================
Reynolds_number: 13,986,581
Stack prop output power: 710 kW, Pcomp: 22.9 kW
Cell efficiency: 0.303, Output efficiency: 0.279
mdot_h2: 17.12 g/s
Reynolds_number: 13,986,581
Stack prop output power: 813 kW, Pcomp: 26.2 kW
Cell efficiency: 0.303, Output efficiency: 0.279
mdot_h2: 19.61 g/s
Reynolds_number: 13,986,581
Stack prop output power: 816 kW, Pcomp: 26.3 kW
Cell efficiency: 0.303, Output efficiency: 0.279
mdot_h2: 19.69 g/s
Reynolds_number: 13,986,581
Stack prop output power: 468 kW, Pcomp: 4.1 kW
Cell efficiency: 0.294, Output efficiency: 0.277
mdot_h2: 11.39 g/s
Reynolds_number: 13,986,581
Stack prop output power: 565 kW, Pcomp: 5.0 kW
Cell efficiency: 0.294, Output efficiency: 0.277
mdot_h2: 13.76 g/s
Reynolds_number: 13,986,581
Stack prop output power: 566 kW, Pcomp: 5.0 kW
Cell efficiency: 0.294, Output efficiency: 0.277
mdot_h2: 13.78 g/s
Reynolds_number: 6,709,346
Stack prop output power: 486 kW, Pcomp: 4.2 kW
Cell efficiency: 0.305, Output efficiency: 0.287
mdot_h2: 11.39 g/s
Reynolds_number: 6,709,346
Stack prop output power: 587 kW, Pcomp: 5.1 kW
Cell efficiency: 0.305, Output efficiency: 0.287
mdot_h2: 13.76 g/s
Reynolds_number: 6,709,346
Stack prop output power: 588 kW, Pcomp: 5.1 kW
Cell efficiency: 0.305, Output efficiency: 0.287
mdot_h2: 13.78 g/s
Reynolds_number: 13,986,581
Stack prop output power: 710 kW, Pcomp: 22.9 kW
Cell efficiency: 0.303, Output efficiency: 0.279
mdot_h2: 17.12 g/s
Reynolds_number: 13,986,581
Stack prop output power: 813 kW, Pcomp: 26.2 kW
Cell efficiency: 0.303, Output efficiency: 0.279
mdot_h2: 19.61 g/s
Reynolds_number: 13,986,581
Stack prop output power: 816 kW, Pcomp: 26.3 kW
Cell efficiency: 0.303, Output efficiency: 0.279
mdot_h2: 19.69 g/s
Fuel-cell system mass representative phase: cruise (P_fc_sys=1632.861 kW).

-----------------------
ptotal_climb: 1,507 kW, mtom_est: 7,722 kg, mtom: 6,498 kg, residual: +1,224.07 kg

MTOM update: fixed_point_prebracket, relax=1.000 -> mtom_next=7,472.12 kg

======================================================
======================= ITER 5 =======================
Reynolds_number: 13,986,581
Stack prop output power: 816 kW, Pcomp: 26.3 kW
Cell efficiency: 0.303, Output efficiency: 0.279
mdot_h2: 19.69 g/s
Reynolds_number: 13,986,581
Stack prop output power: 935 kW, Pcomp: 30.1 kW
Cell efficiency: 0.303, Output efficiency: 0.279
mdot_h2: 22.55 g/s
Reynolds_number: 13,986,581
Stack prop output power: 939 kW, Pcomp: 30.3 kW
Cell efficiency: 0.303, Output efficiency: 0.279
mdot_h2: 22.64 g/s
Reynolds_number: 13,986,581
Stack prop output power: 538 kW, Pcomp: 4.8 kW
Cell efficiency: 0.294, Output efficiency: 0.277
mdot_h2: 13.10 g/s
Reynolds_number: 13,986,581
Stack prop output power: 650 kW, Pcomp: 5.8 kW
Cell efficiency: 0.294, Output efficiency: 0.277
mdot_h2: 15.82 g/s
Reynolds_number: 13,986,581
Stack prop output power: 651 kW, Pcomp: 5.8 kW
Cell efficiency: 0.294, Output efficiency: 0.277
mdot_h2: 15.85 g/s
Reynolds_number: 6,709,346
Stack prop output power: 559 kW, Pcomp: 4.9 kW
Cell efficiency: 0.305, Output efficiency: 0.287
mdot_h2: 13.10 g/s
Reynolds_number: 6,709,346
Stack prop output power: 675 kW, Pcomp: 5.9 kW
Cell efficiency: 0.305, Output efficiency: 0.287
mdot_h2: 15.82 g/s
Reynolds_number: 6,709,346
Stack prop output power: 676 kW, Pcomp: 5.9 kW
Cell efficiency: 0.305, Output efficiency: 0.287
mdot_h2: 15.85 g/s
Reynolds_number: 13,986,581
Stack prop output power: 816 kW, Pcomp: 26.3 kW
Cell efficiency: 0.303, Output efficiency: 0.279
mdot_h2: 19.69 g/s
Reynolds_number: 13,986,581
Stack prop output power: 935 kW, Pcomp: 30.1 kW
Cell efficiency: 0.303, Output efficiency: 0.279
mdot_h2: 22.55 g/s
Reynolds_number: 13,986,581
Stack prop output power: 939 kW, Pcomp: 30.3 kW
Cell efficiency: 0.303, Output efficiency: 0.279
mdot_h2: 22.64 g/s
Fuel-cell system mass representative phase: cruise (P_fc_sys=1877.790 kW).

-----------------------
ptotal_climb: 1,733 kW, mtom_est: 8,443 kg, mtom: 7,472 kg, residual: +970.58 kg

MTOM update: fixed_point_prebracket, relax=1.000 -> mtom_next=8,248.59 kg

======================================================
======================= ITER 6 =======================
Reynolds_number: 13,986,581
Stack prop output power: 939 kW, Pcomp: 30.3 kW
Cell efficiency: 0.303, Output efficiency: 0.279
mdot_h2: 22.65 g/s
Reynolds_number: 13,986,581
Stack prop output power: 1,033 kW, Pcomp: 33.3 kW
Cell efficiency: 0.303, Output efficiency: 0.279
mdot_h2: 24.92 g/s
Reynolds_number: 13,986,581
Stack prop output power: 1,036 kW, Pcomp: 33.4 kW
Cell efficiency: 0.303, Output efficiency: 0.279
mdot_h2: 25.00 g/s
Reynolds_number: 13,986,581
Stack prop output power: 629 kW, Pcomp: 5.6 kW
Cell efficiency: 0.294, Output efficiency: 0.277
mdot_h2: 15.30 g/s
Reynolds_number: 13,986,581
Stack prop output power: 718 kW, Pcomp: 6.4 kW
Cell efficiency: 0.294, Output efficiency: 0.277
mdot_h2: 17.47 g/s
Reynolds_number: 13,986,581
Stack prop output power: 719 kW, Pcomp: 6.4 kW
Cell efficiency: 0.294, Output efficiency: 0.277
mdot_h2: 17.49 g/s
Reynolds_number: 6,709,346
Stack prop output power: 653 kW, Pcomp: 5.7 kW
Cell efficiency: 0.305, Output efficiency: 0.287
mdot_h2: 15.30 g/s
Reynolds_number: 6,709,346
Stack prop output power: 745 kW, Pcomp: 6.5 kW
Cell efficiency: 0.305, Output efficiency: 0.287
mdot_h2: 17.48 g/s
Reynolds_number: 6,709,346
Stack prop output power: 746 kW, Pcomp: 6.5 kW
Cell efficiency: 0.305, Output efficiency: 0.287
mdot_h2: 17.49 g/s
Reynolds_number: 13,986,581
Stack prop output power: 939 kW, Pcomp: 30.3 kW
Cell efficiency: 0.303, Output efficiency: 0.279
mdot_h2: 22.65 g/s
Reynolds_number: 13,986,581
Stack prop output power: 1,033 kW, Pcomp: 33.3 kW
Cell efficiency: 0.303, Output efficiency: 0.279
mdot_h2: 24.92 g/s
Reynolds_number: 13,986,581
Stack prop output power: 1,036 kW, Pcomp: 33.4 kW
Cell efficiency: 0.303, Output efficiency: 0.279
mdot_h2: 25.00 g/s
Fuel-cell system mass representative phase: cruise (P_fc_sys=2072.923 kW).

-----------------------
ptotal_climb: 1,913 kW, mtom_est: 9,020 kg, mtom: 8,249 kg, residual: +771.06 kg

MTOM update: fixed_point_prebracket, relax=1.000 -> mtom_next=8,865.44 kg

======================================================
======================= ITER 7 =======================
Reynolds_number: 13,986,581
Stack prop output power: 1,036 kW, Pcomp: 33.4 kW
Cell efficiency: 0.303, Output efficiency: 0.279
mdot_h2: 25.00 g/s
Reynolds_number: 13,986,581
Stack prop output power: 1,111 kW, Pcomp: 35.8 kW
Cell efficiency: 0.303, Output efficiency: 0.279
mdot_h2: 26.81 g/s
Reynolds_number: 13,986,581
Stack prop output power: 1,114 kW, Pcomp: 35.9 kW
Cell efficiency: 0.303, Output efficiency: 0.279
mdot_h2: 26.87 g/s
Reynolds_number: 13,986,581
Stack prop output power: 701 kW, Pcomp: 6.2 kW
Cell efficiency: 0.294, Output efficiency: 0.277
mdot_h2: 17.06 g/s
Reynolds_number: 13,986,581
Stack prop output power: 772 kW, Pcomp: 6.8 kW
Cell efficiency: 0.294, Output efficiency: 0.277
mdot_h2: 18.79 g/s
Reynolds_number: 13,986,581
Stack prop output power: 773 kW, Pcomp: 6.8 kW
Cell efficiency: 0.294, Output efficiency: 0.277
mdot_h2: 18.80 g/s
Reynolds_number: 6,709,346
Stack prop output power: 728 kW, Pcomp: 6.3 kW
Cell efficiency: 0.305, Output efficiency: 0.287
mdot_h2: 17.06 g/s
Reynolds_number: 6,709,346
Stack prop output power: 801 kW, Pcomp: 7.0 kW
Cell efficiency: 0.305, Output efficiency: 0.287
mdot_h2: 18.79 g/s
Reynolds_number: 6,709,346
Stack prop output power: 802 kW, Pcomp: 7.0 kW
Cell efficiency: 0.305, Output efficiency: 0.287
mdot_h2: 18.80 g/s
Reynolds_number: 13,986,581
Stack prop output power: 1,036 kW, Pcomp: 33.4 kW
Cell efficiency: 0.303, Output efficiency: 0.279
mdot_h2: 25.00 g/s
Reynolds_number: 13,986,581
Stack prop output power: 1,111 kW, Pcomp: 35.8 kW
Cell efficiency: 0.303, Output efficiency: 0.279
mdot_h2: 26.81 g/s
Reynolds_number: 13,986,581
Stack prop output power: 1,114 kW, Pcomp: 35.9 kW
Cell efficiency: 0.303, Output efficiency: 0.279
mdot_h2: 26.87 g/s
Fuel-cell system mass representative phase: cruise (P_fc_sys=2227.942 kW).

-----------------------
ptotal_climb: 2,056 kW, mtom_est: 9,479 kg, mtom: 8,865 kg, residual: +613.51 kg

MTOM update: fixed_point_prebracket, relax=1.000 -> mtom_next=9,356.24 kg

======================================================
======================= ITER 8 =======================
Reynolds_number: 13,986,581
Stack prop output power: 1,114 kW, Pcomp: 35.9 kW
Cell efficiency: 0.303, Output efficiency: 0.279
mdot_h2: 26.87 g/s
Reynolds_number: 13,986,581
Stack prop output power: 1,174 kW, Pcomp: 37.8 kW
Cell efficiency: 0.303, Output efficiency: 0.279
mdot_h2: 28.31 g/s
Reynolds_number: 13,986,581
Stack prop output power: 1,176 kW, Pcomp: 37.9 kW
Cell efficiency: 0.303, Output efficiency: 0.279
mdot_h2: 28.35 g/s
Reynolds_number: 13,986,581
Stack prop output power: 758 kW, Pcomp: 6.7 kW
Cell efficiency: 0.294, Output efficiency: 0.277
mdot_h2: 18.46 g/s
Reynolds_number: 13,986,581
Stack prop output power: 815 kW, Pcomp: 7.2 kW
Cell efficiency: 0.294, Output efficiency: 0.277
mdot_h2: 19.83 g/s
Reynolds_number: 6,709,346
Stack prop output power: 787 kW, Pcomp: 6.9 kW
Cell efficiency: 0.305, Output efficiency: 0.287
mdot_h2: 18.46 g/s
Reynolds_number: 6,709,346
Stack prop output power: 846 kW, Pcomp: 7.4 kW
Cell efficiency: 0.305, Output efficiency: 0.287
mdot_h2: 19.83 g/s
Reynolds_number: 6,709,346
Stack prop output power: 846 kW, Pcomp: 7.4 kW
Cell efficiency: 0.305, Output efficiency: 0.287
mdot_h2: 19.84 g/s
Reynolds_number: 13,986,581
Stack prop output power: 1,114 kW, Pcomp: 35.9 kW
Cell efficiency: 0.303, Output efficiency: 0.279
mdot_h2: 26.87 g/s
Reynolds_number: 13,986,581
Stack prop output power: 1,174 kW, Pcomp: 37.8 kW
Cell efficiency: 0.303, Output efficiency: 0.279
mdot_h2: 28.31 g/s
Reynolds_number: 13,986,581
Stack prop output power: 1,176 kW, Pcomp: 37.9 kW
Cell efficiency: 0.303, Output efficiency: 0.279
mdot_h2: 28.35 g/s
Fuel-cell system mass representative phase: cruise (P_fc_sys=2351.286 kW).

-----------------------
ptotal_climb: 2,169 kW, mtom_est: 9,845 kg, mtom: 9,356 kg, residual: +489.12 kg

MTOM update: newton_prebracket, relax=1.000 -> mtom_next=10,759.68 kg

======================================================
======================= ITER 9 =======================
Reynolds_number: 13,986,581
Stack prop output power: 1,176 kW, Pcomp: 37.9 kW
Cell efficiency: 0.303, Output efficiency: 0.279
mdot_h2: 28.36 g/s
Reynolds_number: 13,986,581
Stack prop output power: 1,346 kW, Pcomp: 43.4 kW
Cell efficiency: 0.303, Output efficiency: 0.279
mdot_h2: 32.47 g/s
Reynolds_number: 13,986,581
Stack prop output power: 1,352 kW, Pcomp: 43.6 kW
Cell efficiency: 0.303, Output efficiency: 0.279
mdot_h2: 32.60 g/s
Reynolds_number: 13,986,581
Stack prop output power: 775 kW, Pcomp: 6.9 kW
Cell efficiency: 0.294, Output efficiency: 0.277
mdot_h2: 18.86 g/s
Reynolds_number: 13,986,581
Stack prop output power: 936 kW, Pcomp: 8.3 kW
Cell efficiency: 0.294, Output efficiency: 0.277
mdot_h2: 22.78 g/s
Reynolds_number: 13,986,581
Stack prop output power: 938 kW, Pcomp: 8.3 kW
Cell efficiency: 0.294, Output efficiency: 0.277
mdot_h2: 22.82 g/s
Reynolds_number: 6,709,346
Stack prop output power: 804 kW, Pcomp: 7.0 kW
Cell efficiency: 0.305, Output efficiency: 0.287
mdot_h2: 18.86 g/s
Reynolds_number: 6,709,346
Stack prop output power: 972 kW, Pcomp: 8.5 kW
Cell efficiency: 0.305, Output efficiency: 0.287
mdot_h2: 22.79 g/s
Reynolds_number: 6,709,346
Stack prop output power: 973 kW, Pcomp: 8.5 kW
Cell efficiency: 0.305, Output efficiency: 0.287
mdot_h2: 22.82 g/s
Reynolds_number: 13,986,581
Stack prop output power: 1,176 kW, Pcomp: 37.9 kW
Cell efficiency: 0.303, Output efficiency: 0.279
mdot_h2: 28.36 g/s
Reynolds_number: 13,986,581
Stack prop output power: 1,346 kW, Pcomp: 43.4 kW
Cell efficiency: 0.303, Output efficiency: 0.279
mdot_h2: 32.47 g/s
Reynolds_number: 13,986,581
Stack prop output power: 1,352 kW, Pcomp: 43.6 kW
Cell efficiency: 0.303, Output efficiency: 0.279
mdot_h2: 32.60 g/s
Fuel-cell system mass representative phase: cruise (P_fc_sys=2703.972 kW).

-----------------------
ptotal_climb: 2,495 kW, mtom_est: 10,898 kg, mtom: 10,760 kg, residual: +138.16 kg

MTOM update: newton_prebracket, relax=1.000 -> mtom_next=11,312.13 kg

======================================================
======================= ITER 10 =======================
Reynolds_number: 13,986,581
Stack prop output power: 1,352 kW, Pcomp: 43.6 kW
Cell efficiency: 0.303, Output efficiency: 0.279
mdot_h2: 32.61 g/s
Reynolds_number: 13,986,581
Stack prop output power: 1,419 kW, Pcomp: 45.7 kW
Cell efficiency: 0.303, Output efficiency: 0.279
mdot_h2: 34.23 g/s
Reynolds_number: 13,986,581
Stack prop output power: 1,421 kW, Pcomp: 45.8 kW
Cell efficiency: 0.303, Output efficiency: 0.279
mdot_h2: 34.28 g/s
Reynolds_number: 13,986,581
Stack prop output power: 922 kW, Pcomp: 8.2 kW
Cell efficiency: 0.294, Output efficiency: 0.277
mdot_h2: 22.43 g/s
Reynolds_number: 13,986,581
Stack prop output power: 985 kW, Pcomp: 8.7 kW
Cell efficiency: 0.294, Output efficiency: 0.277
mdot_h2: 23.98 g/s
Reynolds_number: 13,986,581
Stack prop output power: 986 kW, Pcomp: 8.7 kW
Cell efficiency: 0.294, Output efficiency: 0.277
mdot_h2: 23.99 g/s
Reynolds_number: 6,709,346
Stack prop output power: 957 kW, Pcomp: 8.3 kW
Cell efficiency: 0.305, Output efficiency: 0.287
mdot_h2: 22.43 g/s
Reynolds_number: 6,709,346
Stack prop output power: 1,023 kW, Pcomp: 8.9 kW
Cell efficiency: 0.305, Output efficiency: 0.287
mdot_h2: 23.98 g/s
Reynolds_number: 6,709,346
Stack prop output power: 1,023 kW, Pcomp: 8.9 kW
Cell efficiency: 0.305, Output efficiency: 0.287
mdot_h2: 23.99 g/s
Reynolds_number: 13,986,581
Stack prop output power: 1,352 kW, Pcomp: 43.6 kW
Cell efficiency: 0.303, Output efficiency: 0.279
mdot_h2: 32.61 g/s
Reynolds_number: 13,986,581
Stack prop output power: 1,419 kW, Pcomp: 45.7 kW
Cell efficiency: 0.303, Output efficiency: 0.279
mdot_h2: 34.23 g/s
Reynolds_number: 13,986,581
Stack prop output power: 1,421 kW, Pcomp: 45.8 kW
Cell efficiency: 0.303, Output efficiency: 0.279
mdot_h2: 34.28 g/s
Fuel-cell system mass representative phase: cruise (P_fc_sys=2842.813 kW).

-----------------------
ptotal_climb: 2,623 kW, mtom_est: 11,316 kg, mtom: 11,312 kg, residual: +3.49 kg


CONVERGED

CONVERGED STATE [MTOM iteration 10]
  MTOM=11,316 kg | Wing loading=220.58 kg/m^2 | P/W(climb)=231.80 W/kg
  Phase power: climb=2,623.0 kW | cruise=2,842.8 kW | takeoff=2,722.5 kW | cruise+charger=2,842.8 kW
  Power split (climb): FC=1,954.1 kW | Battery=651.4 kW | Compressor=17.5 kW | Cooling=807.2 kW | H2=47.981 g/s
  Compressor max across phases: 91.6 kW (cruise)
  FC representative phase (mass sizing): cruise (2,842.8 kW)
  Mass summary: MTOM=11,316 kg | Powertrain=4,034 kg | Tank=1,332.0 kg | Fuel=592.0 kg | Battery=47.0 kg | Nacelle power density=0.82 kW/kg
  Geometry: Main wing area=51.30 m^2 | Horizontal tail area=6.625 m^2 | Horizontal tail location=18.542 m | Vertical tail area=6.743 m^2 | Vertical tail location=17.884 m
  Config: wing loading input=220.51 kg/m^2 | P/W TO/Cl/Cr=0.17518/0.16876/0.17683 kW/kg

=============================================================
========================= CONVERGED =========================
=============================================================
Constraint sizing: ENABLED (min_combined_pw)
Input W/S: 220.51 kg/m^2 (2,162.5 Pa)
Input P/W [kW/kg]: takeoff 0.17518, climb 0.16876, cruise 0.17683
-------------------------------------------------------------

Mission Time
Climb time: 0.00 min (0.00 h)
Cruise time: 141.36 min (2.36 h)
Total flight time: 163.36 min (2.72 h)

Phase Power Breakdown
Phase      Time[min]     Total[kW]    FC Stack[kW]   Battery[kW]   Compressor[kW]   Cooling[kW]
-----------------------------------------------------------------------------------------------
ready           0.00         131.1           131.1           0.0              0.0           0.0
taxi            5.00         262.3           262.3           0.0              0.0           0.0
takeoff         1.00       2,722.5         2,028.5         676.2             17.8         795.5
climb           0.00       2,623.0         1,954.1         651.4             17.5         807.2
cruise        141.36       2,842.8         2,751.2           0.0             91.6       1,138.8
loiter         15.00         284.3           275.1           0.0              9.2         113.9
landing         1.00           0.0             0.0           0.0              0.0           0.0

Pcomp_max (solved phases): 91.6 kW (cruise)
Pnet (climb): 2,369 kW
Pelectricnet (climb): 2,606 kW
eta_pt: 0.9031

Geometry
S_wing: 51.30 m^2
b_wing: 21.49 m
Lfus: 20.88 m
Ltank: 11.87 m
S_HT: 6.62 m^2
S_VT: 6.74 m^2
b_HT: 5.46 m
b_VT: 3.58 m
X_HT_act: 18.54 m
X_VT_act: 17.88 m

One Nacelle (1/2)
Stack(1/2): 784 kg, Compressor: 82 kg, Humidifier: 248 kg, HX: 620 kg
W_FCS_single_nacelle (W_Stack+W_Compressor+W_Humidifier+W_Hx): 1,733 kg
Representative FC phase: cruise
Specific Power of Nacelle System: 0.820 kW/kg
dim_hx: dX=1.734 m, dY=1.734 m, dZ=0.230 m
dim_stack: dX=0.362 m, dY=0.492 m, dZ=0.492 m

ALL Nacelles
W_FCS_total: 3,466 kg
W_PMAD: 222 kg
W_Motors: 346 kg

-----------------------
W_Powertrain (W_FCS_total+W_PMAD+W_Motors): 4,034 kg
-----------------------
W_wing: 963 kg
W_Htail: 62 kg
W_Vtail: 98 kg
W_fuselage: 847 kg
W_lnd_gear_main: 243 kg
W_lnd_gear_nose: 65 kg
W_flight_control: 366 kg
W_electric_system: 300 kg
W_iae: 152 kg
W_hydraulics: 136 kg
W_fur: 581 kg
-----------------------
OEM: 3,810 kg
-----------------------
W_tank: 1,332 kg
W_fuel: 592.0 kg
W_batt: 47.0 kg
-----------------------
W_payload: 1,500 kg
-----------------------
MTOM_grouped (OEM+W_tank+W_fuel+W_batt+W_Powertrain+W_payload): 11,316 kg
MTOM: 11,316 kg
-----------------------

Wing loading (MTOM/S_wing): 220.58 kg/m^2
Power-to-weight (converged): 231.80 W/kg

mdot_H2(cruise): 68.6 g/s
Vtankex: 25.4 m^3
========================== END ==============================


=============================================================
Execution time: 111.6 seconds
=============================================================
