Auto-widening W/S scan window for min_combined_pw: 1900.0..2600.0 -> 1725.0..2775.0 Pa (factor 1.500, lower_hit=True, upper_hit=False, min_on_edge=False).
Auto-widening W/S scan window for min_combined_pw: 1725.0..2775.0 -> 1462.5..3037.5 Pa (factor 1.500, lower_hit=True, upper_hit=False, min_on_edge=False).
ADRpy constraint sizing (min_combined_pw): W/S=2162.5 Pa (220.51 kg/m^2), P/W_TO=0.17518 kW/kg, P/W_climb=0.16876 kW/kg, P/W_cruise=0.17683 kW/kg
Curve minimum (combined/combined): W/S=2162.5 Pa (220.51 kg/m^2), P/W=0.17683 kW/kg
Curve minimum (takeoff/take-off): W/S=1462.5 Pa (149.13 kg/m^2), P/W=0.10196 kW/kg
Curve minimum (climb/climb): W/S=2312.5 Pa (235.81 kg/m^2), P/W=0.16713 kW/kg
Curve minimum (cruise/cruise): W/S=2312.5 Pa (235.81 kg/m^2), P/W=0.16744 kW/kg
======================================================
======================= ITER 1 =======================
Reynolds_number: 13,986,581
Stack prop output power: 500 kW, Pcomp: 16.1 kW
Cell efficiency: 0.303, Output efficiency: 0.279
mdot_h2: 12.06 g/s
Reynolds_number: 13,986,581
Stack prop output power: 624 kW, Pcomp: 20.1 kW
Cell efficiency: 0.303, Output efficiency: 0.279
mdot_h2: 15.05 g/s
Reynolds_number: 13,986,581
Stack prop output power: 628 kW, Pcomp: 20.2 kW
Cell efficiency: 0.303, Output efficiency: 0.279
mdot_h2: 15.15 g/s
Reynolds_number: 13,986,581
Stack prop output power: 356 kW, Pcomp: 3.2 kW
Cell efficiency: 0.294, Output efficiency: 0.277
mdot_h2: 8.66 g/s
Reynolds_number: 13,986,581
Stack prop output power: 435 kW, Pcomp: 3.9 kW
Cell efficiency: 0.294, Output efficiency: 0.277
mdot_h2: 10.59 g/s
Reynolds_number: 13,986,581
Stack prop output power: 436 kW, Pcomp: 3.9 kW
Cell efficiency: 0.294, Output efficiency: 0.277
mdot_h2: 10.60 g/s
Reynolds_number: 6,709,346
Stack prop output power: 351 kW, Pcomp: 3.1 kW
Cell efficiency: 0.305, Output efficiency: 0.287
mdot_h2: 8.22 g/s
Reynolds_number: 6,709,346
Stack prop output power: 451 kW, Pcomp: 3.9 kW
Cell efficiency: 0.305, Output efficiency: 0.287
mdot_h2: 10.58 g/s
Reynolds_number: 6,709,346
Stack prop output power: 452 kW, Pcomp: 3.9 kW
Cell efficiency: 0.305, Output efficiency: 0.287
mdot_h2: 10.60 g/s
Reynolds_number: 13,986,581
Stack prop output power: 500 kW, Pcomp: 16.1 kW
Cell efficiency: 0.303, Output efficiency: 0.279
mdot_h2: 12.06 g/s
Reynolds_number: 13,986,581
Stack prop output power: 624 kW, Pcomp: 20.1 kW
Cell efficiency: 0.303, Output efficiency: 0.279
mdot_h2: 15.05 g/s
Reynolds_number: 13,986,581
Stack prop output power: 628 kW, Pcomp: 20.2 kW
Cell efficiency: 0.303, Output efficiency: 0.279
mdot_h2: 15.15 g/s
Fuel-cell system mass representative phase: cruise (P_fc_sys=1256.527 kW).

-----------------------
ptotal_climb: 1,159 kW, mtom_est: 6,871 kg, mtom: 5,000 kg, residual: +1,870.77 kg

MTOM update: initial_bracket_probe_1, relax=1.000 -> mtom_next=5,325.00 kg

======================================================
======================= ITER 2 =======================
Reynolds_number: 13,986,581
Stack prop output power: 628 kW, Pcomp: 20.2 kW
Cell efficiency: 0.303, Output efficiency: 0.279
mdot_h2: 15.15 g/s
Reynolds_number: 13,986,581
Stack prop output power: 668 kW, Pcomp: 21.5 kW
Cell efficiency: 0.303, Output efficiency: 0.279
mdot_h2: 16.11 g/s
Reynolds_number: 13,986,581
Stack prop output power: 669 kW, Pcomp: 21.6 kW
Cell efficiency: 0.303, Output efficiency: 0.279
mdot_h2: 16.14 g/s
Reynolds_number: 13,986,581
Stack prop output power: 426 kW, Pcomp: 3.8 kW
Cell efficiency: 0.294, Output efficiency: 0.277
mdot_h2: 10.38 g/s
Reynolds_number: 13,986,581
Stack prop output power: 464 kW, Pcomp: 4.1 kW
Cell efficiency: 0.294, Output efficiency: 0.277
mdot_h2: 11.28 g/s
Reynolds_number: 6,709,346
Stack prop output power: 443 kW, Pcomp: 3.9 kW
Cell efficiency: 0.305, Output efficiency: 0.287
mdot_h2: 10.38 g/s
Reynolds_number: 6,709,346
Stack prop output power: 481 kW, Pcomp: 4.2 kW
Cell efficiency: 0.305, Output efficiency: 0.287
mdot_h2: 11.29 g/s
Reynolds_number: 13,986,581
Stack prop output power: 628 kW, Pcomp: 20.2 kW
Cell efficiency: 0.303, Output efficiency: 0.279
mdot_h2: 15.15 g/s
Reynolds_number: 13,986,581
Stack prop output power: 668 kW, Pcomp: 21.5 kW
Cell efficiency: 0.303, Output efficiency: 0.279
mdot_h2: 16.11 g/s
Reynolds_number: 13,986,581
Stack prop output power: 669 kW, Pcomp: 21.6 kW
Cell efficiency: 0.303, Output efficiency: 0.279
mdot_h2: 16.14 g/s
Fuel-cell system mass representative phase: cruise (P_fc_sys=1338.208 kW).

-----------------------
ptotal_climb: 1,235 kW, mtom_est: 7,159 kg, mtom: 5,325 kg, residual: +1,834.47 kg

MTOM update: initial_bracket_probe_2, relax=1.000 -> mtom_next=5,650.00 kg

======================================================
======================= ITER 3 =======================
Reynolds_number: 13,986,581
Stack prop output power: 669 kW, Pcomp: 21.6 kW
Cell efficiency: 0.303, Output efficiency: 0.279
mdot_h2: 16.14 g/s
Reynolds_number: 13,986,581
Stack prop output power: 709 kW, Pcomp: 22.8 kW
Cell efficiency: 0.303, Output efficiency: 0.279
mdot_h2: 17.09 g/s
Reynolds_number: 13,986,581
Stack prop output power: 710 kW, Pcomp: 22.9 kW
Cell efficiency: 0.303, Output efficiency: 0.279
mdot_h2: 17.12 g/s
Reynolds_number: 13,986,581
Stack prop output power: 455 kW, Pcomp: 4.0 kW
Cell efficiency: 0.294, Output efficiency: 0.277
mdot_h2: 11.07 g/s
Reynolds_number: 13,986,581
Stack prop output power: 492 kW, Pcomp: 4.4 kW
Cell efficiency: 0.294, Output efficiency: 0.277
mdot_h2: 11.97 g/s
Reynolds_number: 6,709,346
Stack prop output power: 472 kW, Pcomp: 4.1 kW
Cell efficiency: 0.305, Output efficiency: 0.287
mdot_h2: 11.07 g/s
Reynolds_number: 6,709,346
Stack prop output power: 511 kW, Pcomp: 4.4 kW
Cell efficiency: 0.305, Output efficiency: 0.287
mdot_h2: 11.98 g/s
Reynolds_number: 13,986,581
Stack prop output power: 669 kW, Pcomp: 21.6 kW
Cell efficiency: 0.303, Output efficiency: 0.279
mdot_h2: 16.14 g/s
Reynolds_number: 13,986,581
Stack prop output power: 709 kW, Pcomp: 22.8 kW
Cell efficiency: 0.303, Output efficiency: 0.279
mdot_h2: 17.09 g/s
Reynolds_number: 13,986,581
Stack prop output power: 710 kW, Pcomp: 22.9 kW
Cell efficiency: 0.303, Output efficiency: 0.279
mdot_h2: 17.12 g/s
Fuel-cell system mass representative phase: cruise (P_fc_sys=1419.882 kW).

-----------------------
ptotal_climb: 1,310 kW, mtom_est: 7,448 kg, mtom: 5,650 kg, residual: +1,797.51 kg

MTOM update: fixed_point_prebracket, relax=1.000 -> mtom_next=6,497.50 kg

======================================================
======================= ITER 4 =======================
Reynolds_number: 13,986,581
Stack prop output power: 710 kW, Pcomp: 22.9 kW
Cell efficiency: 0.303, Output efficiency: 0.279
mdot_h2: 17.12 g/s
Reynolds_number: 13,986,581
Stack prop output power: 813 kW, Pcomp: 26.2 kW
Cell efficiency: 0.303, Output efficiency: 0.279
mdot_h2: 19.61 g/s
Reynolds_number: 13,986,581
Stack prop output power: 816 kW, Pcomp: 26.3 kW
Cell efficiency: 0.303, Output efficiency: 0.279
mdot_h2: 19.69 g/s
Reynolds_number: 13,986,581
Stack prop output power: 468 kW, Pcomp: 4.1 kW
Cell efficiency: 0.294, Output efficiency: 0.277
mdot_h2: 11.39 g/s
Reynolds_number: 13,986,581
Stack prop output power: 565 kW, Pcomp: 5.0 kW
Cell efficiency: 0.294, Output efficiency: 0.277
mdot_h2: 13.76 g/s
Reynolds_number: 13,986,581
Stack prop output power: 566 kW, Pcomp: 5.0 kW
Cell efficiency: 0.294, Output efficiency: 0.277
mdot_h2: 13.78 g/s
Reynolds_number: 6,709,346
Stack prop output power: 486 kW, Pcomp: 4.2 kW
Cell efficiency: 0.305, Output efficiency: 0.287
mdot_h2: 11.39 g/s
Reynolds_number: 6,709,346
Stack prop output power: 587 kW, Pcomp: 5.1 kW
Cell efficiency: 0.305, Output efficiency: 0.287
mdot_h2: 13.76 g/s
Reynolds_number: 6,709,346
Stack prop output power: 588 kW, Pcomp: 5.1 kW
Cell efficiency: 0.305, Output efficiency: 0.287
mdot_h2: 13.78 g/s
Reynolds_number: 13,986,581
Stack prop output power: 710 kW, Pcomp: 22.9 kW
Cell efficiency: 0.303, Output efficiency: 0.279
mdot_h2: 17.12 g/s
Reynolds_number: 13,986,581
Stack prop output power: 813 kW, Pcomp: 26.2 kW
Cell efficiency: 0.303, Output efficiency: 0.279
mdot_h2: 19.61 g/s
Reynolds_number: 13,986,581
Stack prop output power: 816 kW, Pcomp: 26.3 kW
Cell efficiency: 0.303, Output efficiency: 0.279
mdot_h2: 19.69 g/s
Fuel-cell system mass representative phase: cruise (P_fc_sys=1632.861 kW).

-----------------------
ptotal_climb: 1,507 kW, mtom_est: 8,201 kg, mtom: 6,498 kg, residual: +1,703.21 kg

MTOM update: fixed_point_prebracket, relax=1.000 -> mtom_next=7,472.12 kg

======================================================
======================= ITER 5 =======================
Reynolds_number: 13,986,581
Stack prop output power: 816 kW, Pcomp: 26.3 kW
Cell efficiency: 0.303, Output efficiency: 0.279
mdot_h2: 19.69 g/s
Reynolds_number: 13,986,581
Stack prop output power: 935 kW, Pcomp: 30.1 kW
Cell efficiency: 0.303, Output efficiency: 0.279
mdot_h2: 22.55 g/s
Reynolds_number: 13,986,581
Stack prop output power: 939 kW, Pcomp: 30.3 kW
Cell efficiency: 0.303, Output efficiency: 0.279
mdot_h2: 22.64 g/s
Reynolds_number: 13,986,581
Stack prop output power: 538 kW, Pcomp: 4.8 kW
Cell efficiency: 0.294, Output efficiency: 0.277
mdot_h2: 13.10 g/s
Reynolds_number: 13,986,581
Stack prop output power: 650 kW, Pcomp: 5.8 kW
Cell efficiency: 0.294, Output efficiency: 0.277
mdot_h2: 15.82 g/s
Reynolds_number: 13,986,581
Stack prop output power: 651 kW, Pcomp: 5.8 kW
Cell efficiency: 0.294, Output efficiency: 0.277
mdot_h2: 15.85 g/s
Reynolds_number: 6,709,346
Stack prop output power: 559 kW, Pcomp: 4.9 kW
Cell efficiency: 0.305, Output efficiency: 0.287
mdot_h2: 13.10 g/s
Reynolds_number: 6,709,346
Stack prop output power: 675 kW, Pcomp: 5.9 kW
Cell efficiency: 0.305, Output efficiency: 0.287
mdot_h2: 15.82 g/s
Reynolds_number: 6,709,346
Stack prop output power: 676 kW, Pcomp: 5.9 kW
Cell efficiency: 0.305, Output efficiency: 0.287
mdot_h2: 15.85 g/s
Reynolds_number: 13,986,581
Stack prop output power: 816 kW, Pcomp: 26.3 kW
Cell efficiency: 0.303, Output efficiency: 0.279
mdot_h2: 19.69 g/s
Reynolds_number: 13,986,581
Stack prop output power: 935 kW, Pcomp: 30.1 kW
Cell efficiency: 0.303, Output efficiency: 0.279
mdot_h2: 22.55 g/s
Reynolds_number: 13,986,581
Stack prop output power: 939 kW, Pcomp: 30.3 kW
Cell efficiency: 0.303, Output efficiency: 0.279
mdot_h2: 22.64 g/s
Fuel-cell system mass representative phase: cruise (P_fc_sys=1877.790 kW).

-----------------------
ptotal_climb: 1,733 kW, mtom_est: 9,071 kg, mtom: 7,472 kg, residual: +1,598.43 kg

MTOM update: fixed_point_prebracket, relax=1.000 -> mtom_next=8,592.94 kg

======================================================
======================= ITER 6 =======================
Reynolds_number: 13,986,581
Stack prop output power: 939 kW, Pcomp: 30.3 kW
Cell efficiency: 0.303, Output efficiency: 0.279
mdot_h2: 22.65 g/s
Reynolds_number: 13,986,581
Stack prop output power: 1,075 kW, Pcomp: 34.7 kW
Cell efficiency: 0.303, Output efficiency: 0.279
mdot_h2: 25.93 g/s
Reynolds_number: 13,986,581
Stack prop output power: 1,080 kW, Pcomp: 34.8 kW
Cell efficiency: 0.303, Output efficiency: 0.279
mdot_h2: 26.04 g/s
Reynolds_number: 13,986,581
Stack prop output power: 619 kW, Pcomp: 5.5 kW
Cell efficiency: 0.294, Output efficiency: 0.277
mdot_h2: 15.06 g/s
Reynolds_number: 13,986,581
Stack prop output power: 748 kW, Pcomp: 6.6 kW
Cell efficiency: 0.294, Output efficiency: 0.277
mdot_h2: 18.20 g/s
Reynolds_number: 13,986,581
Stack prop output power: 749 kW, Pcomp: 6.6 kW
Cell efficiency: 0.294, Output efficiency: 0.277
mdot_h2: 18.22 g/s
Reynolds_number: 6,709,346
Stack prop output power: 642 kW, Pcomp: 5.6 kW
Cell efficiency: 0.305, Output efficiency: 0.287
mdot_h2: 15.06 g/s
Reynolds_number: 6,709,346
Stack prop output power: 776 kW, Pcomp: 6.8 kW
Cell efficiency: 0.305, Output efficiency: 0.287
mdot_h2: 18.20 g/s
Reynolds_number: 6,709,346
Stack prop output power: 777 kW, Pcomp: 6.8 kW
Cell efficiency: 0.305, Output efficiency: 0.287
mdot_h2: 18.22 g/s
Reynolds_number: 13,986,581
Stack prop output power: 939 kW, Pcomp: 30.3 kW
Cell efficiency: 0.303, Output efficiency: 0.279
mdot_h2: 22.65 g/s
Reynolds_number: 13,986,581
Stack prop output power: 1,075 kW, Pcomp: 34.7 kW
Cell efficiency: 0.303, Output efficiency: 0.279
mdot_h2: 25.93 g/s
Reynolds_number: 13,986,581
Stack prop output power: 1,080 kW, Pcomp: 34.8 kW
Cell efficiency: 0.303, Output efficiency: 0.279
mdot_h2: 26.04 g/s
Fuel-cell system mass representative phase: cruise (P_fc_sys=2159.458 kW).

-----------------------
ptotal_climb: 1,992 kW, mtom_est: 10,078 kg, mtom: 8,593 kg, residual: +1,485.04 kg

MTOM update: fixed_point_prebracket, relax=1.000 -> mtom_next=9,780.98 kg

======================================================
======================= ITER 7 =======================
Reynolds_number: 13,986,581
Stack prop output power: 1,080 kW, Pcomp: 34.8 kW
Cell efficiency: 0.303, Output efficiency: 0.279
mdot_h2: 26.04 g/s
Reynolds_number: 13,986,581
Stack prop output power: 1,224 kW, Pcomp: 39.5 kW
Cell efficiency: 0.303, Output efficiency: 0.279
mdot_h2: 29.53 g/s
Reynolds_number: 13,986,581
Stack prop output power: 1,229 kW, Pcomp: 39.6 kW
Cell efficiency: 0.303, Output efficiency: 0.279
mdot_h2: 29.64 g/s
Reynolds_number: 13,986,581
Stack prop output power: 715 kW, Pcomp: 6.3 kW
Cell efficiency: 0.294, Output efficiency: 0.277
mdot_h2: 17.39 g/s
Reynolds_number: 13,986,581
Stack prop output power: 851 kW, Pcomp: 7.5 kW
Cell efficiency: 0.294, Output efficiency: 0.277
mdot_h2: 20.71 g/s
Reynolds_number: 13,986,581
Stack prop output power: 852 kW, Pcomp: 7.6 kW
Cell efficiency: 0.294, Output efficiency: 0.277
mdot_h2: 20.74 g/s
Reynolds_number: 6,709,346
Stack prop output power: 742 kW, Pcomp: 6.5 kW
Cell efficiency: 0.305, Output efficiency: 0.287
mdot_h2: 17.39 g/s
Reynolds_number: 6,709,346
Stack prop output power: 883 kW, Pcomp: 7.7 kW
Cell efficiency: 0.305, Output efficiency: 0.287
mdot_h2: 20.72 g/s
Reynolds_number: 6,709,346
Stack prop output power: 885 kW, Pcomp: 7.7 kW
Cell efficiency: 0.305, Output efficiency: 0.287
mdot_h2: 20.74 g/s
Reynolds_number: 13,986,581
Stack prop output power: 1,080 kW, Pcomp: 34.8 kW
Cell efficiency: 0.303, Output efficiency: 0.279
mdot_h2: 26.04 g/s
Reynolds_number: 13,986,581
Stack prop output power: 1,224 kW, Pcomp: 39.5 kW
Cell efficiency: 0.303, Output efficiency: 0.279
mdot_h2: 29.53 g/s
Reynolds_number: 13,986,581
Stack prop output power: 1,229 kW, Pcomp: 39.6 kW
Cell efficiency: 0.303, Output efficiency: 0.279
mdot_h2: 29.64 g/s
Fuel-cell system mass representative phase: cruise (P_fc_sys=2458.019 kW).

-----------------------
ptotal_climb: 2,268 kW, mtom_est: 11,145 kg, mtom: 9,781 kg, residual: +1,363.54 kg

MTOM update: fixed_point_prebracket, relax=1.000 -> mtom_next=10,871.81 kg

======================================================
======================= ITER 8 =======================
Reynolds_number: 13,986,581
Stack prop output power: 1,229 kW, Pcomp: 39.6 kW
Cell efficiency: 0.303, Output efficiency: 0.279
mdot_h2: 29.64 g/s
Reynolds_number: 13,986,581
Stack prop output power: 1,362 kW, Pcomp: 43.9 kW
Cell efficiency: 0.303, Output efficiency: 0.279
mdot_h2: 32.84 g/s
Reynolds_number: 13,986,581
Stack prop output power: 1,366 kW, Pcomp: 44.0 kW
Cell efficiency: 0.303, Output efficiency: 0.279
mdot_h2: 32.95 g/s
Reynolds_number: 13,986,581
Stack prop output power: 821 kW, Pcomp: 7.3 kW
Cell efficiency: 0.294, Output efficiency: 0.277
mdot_h2: 19.98 g/s
Reynolds_number: 13,986,581
Stack prop output power: 946 kW, Pcomp: 8.4 kW
Cell efficiency: 0.294, Output efficiency: 0.277
mdot_h2: 23.03 g/s
Reynolds_number: 13,986,581
Stack prop output power: 947 kW, Pcomp: 8.4 kW
Cell efficiency: 0.294, Output efficiency: 0.277
mdot_h2: 23.06 g/s
Reynolds_number: 6,709,346
Stack prop output power: 852 kW, Pcomp: 7.4 kW
Cell efficiency: 0.305, Output efficiency: 0.287
mdot_h2: 19.98 g/s
Reynolds_number: 6,709,346
Stack prop output power: 982 kW, Pcomp: 8.6 kW
Cell efficiency: 0.305, Output efficiency: 0.287
mdot_h2: 23.03 g/s
Reynolds_number: 6,709,346
Stack prop output power: 983 kW, Pcomp: 8.6 kW
Cell efficiency: 0.305, Output efficiency: 0.287
mdot_h2: 23.06 g/s
Reynolds_number: 13,986,581
Stack prop output power: 1,229 kW, Pcomp: 39.6 kW
Cell efficiency: 0.303, Output efficiency: 0.279
mdot_h2: 29.64 g/s
Reynolds_number: 13,986,581
Stack prop output power: 1,362 kW, Pcomp: 43.9 kW
Cell efficiency: 0.303, Output efficiency: 0.279
mdot_h2: 32.84 g/s
Reynolds_number: 13,986,581
Stack prop output power: 1,366 kW, Pcomp: 44.0 kW
Cell efficiency: 0.303, Output efficiency: 0.279
mdot_h2: 32.95 g/s
Fuel-cell system mass representative phase: cruise (P_fc_sys=2732.155 kW).

-----------------------
ptotal_climb: 2,521 kW, mtom_est: 12,134 kg, mtom: 10,872 kg, residual: +1,262.39 kg

MTOM update: newton_prebracket, relax=1.000 -> mtom_next=12,502.59 kg

======================================================
======================= ITER 9 =======================
Reynolds_number: 13,986,581
Stack prop output power: 1,366 kW, Pcomp: 44.0 kW
Cell efficiency: 0.303, Output efficiency: 0.279
mdot_h2: 32.95 g/s
Reynolds_number: 13,986,581
Stack prop output power: 1,564 kW, Pcomp: 50.4 kW
Cell efficiency: 0.303, Output efficiency: 0.279
mdot_h2: 37.73 g/s
Reynolds_number: 13,986,581
Stack prop output power: 1,571 kW, Pcomp: 50.6 kW
Cell efficiency: 0.303, Output efficiency: 0.279
mdot_h2: 37.89 g/s
Reynolds_number: 13,986,581
Stack prop output power: 900 kW, Pcomp: 8.0 kW
Cell efficiency: 0.294, Output efficiency: 0.277
mdot_h2: 21.91 g/s
Reynolds_number: 13,986,581
Stack prop output power: 1,088 kW, Pcomp: 9.6 kW
Cell efficiency: 0.294, Output efficiency: 0.277
mdot_h2: 26.47 g/s
Reynolds_number: 13,986,581
Stack prop output power: 1,090 kW, Pcomp: 9.7 kW
Cell efficiency: 0.294, Output efficiency: 0.277
mdot_h2: 26.51 g/s
Reynolds_number: 6,709,346
Stack prop output power: 935 kW, Pcomp: 8.1 kW
Cell efficiency: 0.305, Output efficiency: 0.287
mdot_h2: 21.92 g/s
Reynolds_number: 6,709,346
Stack prop output power: 1,129 kW, Pcomp: 9.8 kW
Cell efficiency: 0.305, Output efficiency: 0.287
mdot_h2: 26.48 g/s
Reynolds_number: 6,709,346
Stack prop output power: 1,131 kW, Pcomp: 9.8 kW
Cell efficiency: 0.305, Output efficiency: 0.287
mdot_h2: 26.52 g/s
Reynolds_number: 13,986,581
Stack prop output power: 1,366 kW, Pcomp: 44.0 kW
Cell efficiency: 0.303, Output efficiency: 0.279
mdot_h2: 32.95 g/s
Reynolds_number: 13,986,581
Stack prop output power: 1,564 kW, Pcomp: 50.4 kW
Cell efficiency: 0.303, Output efficiency: 0.279
mdot_h2: 37.73 g/s
Reynolds_number: 13,986,581
Stack prop output power: 1,571 kW, Pcomp: 50.6 kW
Cell efficiency: 0.303, Output efficiency: 0.279
mdot_h2: 37.89 g/s
Fuel-cell system mass representative phase: cruise (P_fc_sys=3141.975 kW).

-----------------------
ptotal_climb: 2,899 kW, mtom_est: 13,612 kg, mtom: 12,503 kg, residual: +1,109.28 kg

MTOM update: newton_prebracket, relax=1.000 -> mtom_next=14,377.97 kg

======================================================
======================= ITER 10 =======================
Reynolds_number: 13,986,581
Stack prop output power: 1,571 kW, Pcomp: 50.6 kW
Cell efficiency: 0.303, Output efficiency: 0.279
mdot_h2: 37.89 g/s
Reynolds_number: 13,986,581
Stack prop output power: 1,799 kW, Pcomp: 58.0 kW
Cell efficiency: 0.303, Output efficiency: 0.279
mdot_h2: 43.39 g/s
Reynolds_number: 13,986,581
Stack prop output power: 1,806 kW, Pcomp: 58.2 kW
Cell efficiency: 0.303, Output efficiency: 0.279
mdot_h2: 43.57 g/s
Reynolds_number: 13,986,581
Stack prop output power: 1,036 kW, Pcomp: 9.2 kW
Cell efficiency: 0.294, Output efficiency: 0.277
mdot_h2: 25.20 g/s
Reynolds_number: 13,986,581
Stack prop output power: 1,251 kW, Pcomp: 11.1 kW
Cell efficiency: 0.294, Output efficiency: 0.277
mdot_h2: 30.45 g/s
Reynolds_number: 13,986,581
Stack prop output power: 1,253 kW, Pcomp: 11.1 kW
Cell efficiency: 0.294, Output efficiency: 0.277
mdot_h2: 30.49 g/s
Reynolds_number: 6,709,346
Stack prop output power: 1,075 kW, Pcomp: 9.4 kW
Cell efficiency: 0.305, Output efficiency: 0.287
mdot_h2: 25.20 g/s
Reynolds_number: 6,709,346
Stack prop output power: 1,298 kW, Pcomp: 11.3 kW
Cell efficiency: 0.305, Output efficiency: 0.287
mdot_h2: 30.45 g/s
Reynolds_number: 6,709,346
Stack prop output power: 1,300 kW, Pcomp: 11.3 kW
Cell efficiency: 0.305, Output efficiency: 0.287
mdot_h2: 30.49 g/s
Reynolds_number: 13,986,581
Stack prop output power: 1,571 kW, Pcomp: 50.6 kW
Cell efficiency: 0.303, Output efficiency: 0.279
mdot_h2: 37.89 g/s
Reynolds_number: 13,986,581
Stack prop output power: 1,799 kW, Pcomp: 58.0 kW
Cell efficiency: 0.303, Output efficiency: 0.279
mdot_h2: 43.39 g/s
Reynolds_number: 13,986,581
Stack prop output power: 1,806 kW, Pcomp: 58.2 kW
Cell efficiency: 0.303, Output efficiency: 0.279
mdot_h2: 43.57 g/s
Fuel-cell system mass representative phase: cruise (P_fc_sys=3613.271 kW).

-----------------------
ptotal_climb: 3,334 kW, mtom_est: 15,325 kg, mtom: 14,378 kg, residual: +947.31 kg

MTOM update: newton_prebracket, relax=1.000 -> mtom_next=16,534.67 kg

======================================================
======================= ITER 11 =======================
Reynolds_number: 13,986,581
Stack prop output power: 1,807 kW, Pcomp: 58.2 kW
Cell efficiency: 0.303, Output efficiency: 0.279
mdot_h2: 43.57 g/s
Reynolds_number: 13,986,581
Stack prop output power: 2,069 kW, Pcomp: 66.7 kW
Cell efficiency: 0.303, Output efficiency: 0.279
mdot_h2: 49.90 g/s
Reynolds_number: 13,986,581
Stack prop output power: 2,077 kW, Pcomp: 66.9 kW
Cell efficiency: 0.303, Output efficiency: 0.279
mdot_h2: 50.10 g/s
Reynolds_number: 13,986,581
Stack prop output power: 1,191 kW, Pcomp: 10.6 kW
Cell efficiency: 0.294, Output efficiency: 0.277
mdot_h2: 28.98 g/s
Reynolds_number: 13,986,581
Stack prop output power: 1,439 kW, Pcomp: 12.8 kW
Cell efficiency: 0.294, Output efficiency: 0.277
mdot_h2: 35.01 g/s
Reynolds_number: 13,986,581
Stack prop output power: 1,441 kW, Pcomp: 12.8 kW
Cell efficiency: 0.294, Output efficiency: 0.277
mdot_h2: 35.07 g/s
Reynolds_number: 6,709,346
Stack prop output power: 1,236 kW, Pcomp: 10.8 kW
Cell efficiency: 0.305, Output efficiency: 0.287
mdot_h2: 28.98 g/s
Reynolds_number: 6,709,346
Stack prop output power: 1,493 kW, Pcomp: 13.0 kW
Cell efficiency: 0.305, Output efficiency: 0.287
mdot_h2: 35.02 g/s
Reynolds_number: 6,709,346
Stack prop output power: 1,496 kW, Pcomp: 13.0 kW
Cell efficiency: 0.305, Output efficiency: 0.287
mdot_h2: 35.07 g/s
Reynolds_number: 13,986,581
Stack prop output power: 1,807 kW, Pcomp: 58.2 kW
Cell efficiency: 0.303, Output efficiency: 0.279
mdot_h2: 43.57 g/s
Reynolds_number: 13,986,581
Stack prop output power: 2,069 kW, Pcomp: 66.7 kW
Cell efficiency: 0.303, Output efficiency: 0.279
mdot_h2: 49.90 g/s
Reynolds_number: 13,986,581
Stack prop output power: 2,077 kW, Pcomp: 66.9 kW
Cell efficiency: 0.303, Output efficiency: 0.279
mdot_h2: 50.10 g/s
Fuel-cell system mass representative phase: cruise (P_fc_sys=4155.262 kW).

-----------------------
ptotal_climb: 3,834 kW, mtom_est: 17,309 kg, mtom: 16,535 kg, residual: +774.71 kg

MTOM update: newton_prebracket, relax=1.000 -> mtom_next=19,014.87 kg

======================================================
======================= ITER 12 =======================
Reynolds_number: 13,986,581
Stack prop output power: 2,078 kW, Pcomp: 67.0 kW
Cell efficiency: 0.303, Output efficiency: 0.279
mdot_h2: 50.11 g/s
Reynolds_number: 13,986,581
Stack prop output power: 2,379 kW, Pcomp: 76.7 kW
Cell efficiency: 0.303, Output efficiency: 0.279
mdot_h2: 57.39 g/s
Reynolds_number: 13,986,581
Stack prop output power: 2,389 kW, Pcomp: 77.0 kW
Cell efficiency: 0.303, Output efficiency: 0.279
mdot_h2: 57.62 g/s
Reynolds_number: 13,986,581
Stack prop output power: 1,370 kW, Pcomp: 12.1 kW
Cell efficiency: 0.294, Output efficiency: 0.277
mdot_h2: 33.33 g/s
Reynolds_number: 13,986,581
Stack prop output power: 1,655 kW, Pcomp: 14.7 kW
Cell efficiency: 0.294, Output efficiency: 0.277
mdot_h2: 40.26 g/s
Reynolds_number: 13,986,581
Stack prop output power: 1,657 kW, Pcomp: 14.7 kW
Cell efficiency: 0.294, Output efficiency: 0.277
mdot_h2: 40.33 g/s
Reynolds_number: 6,709,346
Stack prop output power: 1,421 kW, Pcomp: 12.4 kW
Cell efficiency: 0.305, Output efficiency: 0.287
mdot_h2: 33.33 g/s
Reynolds_number: 6,709,346
Stack prop output power: 1,717 kW, Pcomp: 15.0 kW
Cell efficiency: 0.305, Output efficiency: 0.287
mdot_h2: 40.27 g/s
Reynolds_number: 6,709,346
Stack prop output power: 1,720 kW, Pcomp: 15.0 kW
Cell efficiency: 0.305, Output efficiency: 0.287
mdot_h2: 40.33 g/s
Reynolds_number: 13,986,581
Stack prop output power: 2,078 kW, Pcomp: 67.0 kW
Cell efficiency: 0.303, Output efficiency: 0.279
mdot_h2: 50.11 g/s
Reynolds_number: 13,986,581
Stack prop output power: 2,379 kW, Pcomp: 76.7 kW
Cell efficiency: 0.303, Output efficiency: 0.279
mdot_h2: 57.39 g/s
Reynolds_number: 13,986,581
Stack prop output power: 2,389 kW, Pcomp: 77.0 kW
Cell efficiency: 0.303, Output efficiency: 0.279
mdot_h2: 57.62 g/s
Fuel-cell system mass representative phase: cruise (P_fc_sys=4778.551 kW).

-----------------------
ptotal_climb: 4,409 kW, mtom_est: 19,601 kg, mtom: 19,015 kg, residual: +586.10 kg

MTOM update: newton_prebracket, relax=1.000 -> mtom_next=21,867.10 kg

======================================================
======================= ITER 13 =======================
Reynolds_number: 13,986,581
Stack prop output power: 2,389 kW, Pcomp: 77.0 kW
Cell efficiency: 0.303, Output efficiency: 0.279
mdot_h2: 57.63 g/s
Reynolds_number: 13,986,581
Stack prop output power: 2,736 kW, Pcomp: 88.2 kW
Cell efficiency: 0.303, Output efficiency: 0.279
mdot_h2: 65.99 g/s
Reynolds_number: 13,986,581
Stack prop output power: 2,747 kW, Pcomp: 88.5 kW
Cell efficiency: 0.303, Output efficiency: 0.279
mdot_h2: 66.26 g/s
Reynolds_number: 13,986,581
Stack prop output power: 1,575 kW, Pcomp: 14.0 kW
Cell efficiency: 0.294, Output efficiency: 0.277
mdot_h2: 38.33 g/s
Reynolds_number: 13,986,581
Stack prop output power: 1,903 kW, Pcomp: 16.9 kW
Cell efficiency: 0.294, Output efficiency: 0.277
mdot_h2: 46.30 g/s
Reynolds_number: 13,986,581
Stack prop output power: 1,906 kW, Pcomp: 16.9 kW
Cell efficiency: 0.294, Output efficiency: 0.277
mdot_h2: 46.37 g/s
Reynolds_number: 6,709,346
Stack prop output power: 1,635 kW, Pcomp: 14.2 kW
Cell efficiency: 0.305, Output efficiency: 0.287
mdot_h2: 38.33 g/s
Reynolds_number: 6,709,346
Stack prop output power: 1,975 kW, Pcomp: 17.2 kW
Cell efficiency: 0.305, Output efficiency: 0.287
mdot_h2: 46.31 g/s
Reynolds_number: 6,709,346
Stack prop output power: 1,978 kW, Pcomp: 17.2 kW
Cell efficiency: 0.305, Output efficiency: 0.287
mdot_h2: 46.38 g/s
Reynolds_number: 13,986,581
Stack prop output power: 2,389 kW, Pcomp: 77.0 kW
Cell efficiency: 0.303, Output efficiency: 0.279
mdot_h2: 57.63 g/s
Reynolds_number: 13,986,581
Stack prop output power: 2,736 kW, Pcomp: 88.2 kW
Cell efficiency: 0.303, Output efficiency: 0.279
mdot_h2: 65.99 g/s
Reynolds_number: 13,986,581
Stack prop output power: 2,747 kW, Pcomp: 88.5 kW
Cell efficiency: 0.303, Output efficiency: 0.279
mdot_h2: 66.26 g/s
Fuel-cell system mass representative phase: cruise (P_fc_sys=5495.334 kW).

-----------------------
ptotal_climb: 5,070 kW, mtom_est: 22,248 kg, mtom: 21,867 kg, residual: +381.35 kg

MTOM update: newton_prebracket, relax=1.000 -> mtom_next=25,147.17 kg

======================================================
======================= ITER 14 =======================
Reynolds_number: 13,986,581
Stack prop output power: 2,748 kW, Pcomp: 88.6 kW
Cell efficiency: 0.303, Output efficiency: 0.279
mdot_h2: 66.27 g/s
Reynolds_number: 13,986,581
Stack prop output power: 3,147 kW, Pcomp: 101.4 kW
Cell efficiency: 0.303, Output efficiency: 0.279
mdot_h2: 75.89 g/s
Reynolds_number: 13,986,581
Stack prop output power: 3,159 kW, Pcomp: 101.8 kW
Cell efficiency: 0.303, Output efficiency: 0.279
mdot_h2: 76.20 g/s
Reynolds_number: 13,986,581
Stack prop output power: 1,811 kW, Pcomp: 16.1 kW
Cell efficiency: 0.294, Output efficiency: 0.277
mdot_h2: 44.08 g/s
Reynolds_number: 13,986,581
Stack prop output power: 2,188 kW, Pcomp: 19.4 kW
Cell efficiency: 0.294, Output efficiency: 0.277
mdot_h2: 53.25 g/s
Reynolds_number: 13,986,581
Stack prop output power: 2,191 kW, Pcomp: 19.4 kW
Cell efficiency: 0.294, Output efficiency: 0.277
mdot_h2: 53.33 g/s
Reynolds_number: 6,709,346
Stack prop output power: 1,880 kW, Pcomp: 16.4 kW
Cell efficiency: 0.305, Output efficiency: 0.287
mdot_h2: 44.08 g/s
Reynolds_number: 6,709,346
Stack prop output power: 2,271 kW, Pcomp: 19.8 kW
Cell efficiency: 0.305, Output efficiency: 0.287
mdot_h2: 53.25 g/s
Reynolds_number: 6,709,346
Stack prop output power: 2,274 kW, Pcomp: 19.8 kW
Cell efficiency: 0.305, Output efficiency: 0.287
mdot_h2: 53.33 g/s
Reynolds_number: 13,986,581
Stack prop output power: 2,748 kW, Pcomp: 88.6 kW
Cell efficiency: 0.303, Output efficiency: 0.279
mdot_h2: 66.27 g/s
Reynolds_number: 13,986,581
Stack prop output power: 3,147 kW, Pcomp: 101.4 kW
Cell efficiency: 0.303, Output efficiency: 0.279
mdot_h2: 75.89 g/s
Reynolds_number: 13,986,581
Stack prop output power: 3,159 kW, Pcomp: 101.8 kW
Cell efficiency: 0.303, Output efficiency: 0.279
mdot_h2: 76.20 g/s
Fuel-cell system mass representative phase: cruise (P_fc_sys=6319.634 kW).

-----------------------
ptotal_climb: 5,831 kW, mtom_est: 25,315 kg, mtom: 25,147 kg, residual: +167.81 kg

MTOM update: newton_prebracket, relax=1.000 -> mtom_next=27,724.70 kg

======================================================
======================= ITER 15 =======================
Reynolds_number: 13,986,581
Stack prop output power: 3,160 kW, Pcomp: 101.8 kW
Cell efficiency: 0.303, Output efficiency: 0.279
mdot_h2: 76.21 g/s
Reynolds_number: 13,986,581
Stack prop output power: 3,473 kW, Pcomp: 111.9 kW
Cell efficiency: 0.303, Output efficiency: 0.279
mdot_h2: 83.77 g/s
Reynolds_number: 13,986,581
Stack prop output power: 3,483 kW, Pcomp: 112.3 kW
Cell efficiency: 0.303, Output efficiency: 0.279
mdot_h2: 84.02 g/s
Reynolds_number: 13,986,581
Stack prop output power: 2,117 kW, Pcomp: 18.8 kW
Cell efficiency: 0.294, Output efficiency: 0.277
mdot_h2: 51.53 g/s
Reynolds_number: 13,986,581
Stack prop output power: 2,413 kW, Pcomp: 21.4 kW
Cell efficiency: 0.294, Output efficiency: 0.277
mdot_h2: 58.73 g/s
Reynolds_number: 13,986,581
Stack prop output power: 2,416 kW, Pcomp: 21.4 kW
Cell efficiency: 0.294, Output efficiency: 0.277
mdot_h2: 58.80 g/s
Reynolds_number: 6,709,346
Stack prop output power: 2,197 kW, Pcomp: 19.1 kW
Cell efficiency: 0.305, Output efficiency: 0.287
mdot_h2: 51.53 g/s
Reynolds_number: 6,709,346
Stack prop output power: 2,505 kW, Pcomp: 21.8 kW
Cell efficiency: 0.305, Output efficiency: 0.287
mdot_h2: 58.74 g/s
Reynolds_number: 6,709,346
Stack prop output power: 2,508 kW, Pcomp: 21.8 kW
Cell efficiency: 0.305, Output efficiency: 0.287
mdot_h2: 58.80 g/s
Reynolds_number: 13,986,581
Stack prop output power: 3,160 kW, Pcomp: 101.8 kW
Cell efficiency: 0.303, Output efficiency: 0.279
mdot_h2: 76.21 g/s
Reynolds_number: 13,986,581
Stack prop output power: 3,473 kW, Pcomp: 111.9 kW
Cell efficiency: 0.303, Output efficiency: 0.279
mdot_h2: 83.77 g/s
Reynolds_number: 13,986,581
Stack prop output power: 3,483 kW, Pcomp: 112.3 kW
Cell efficiency: 0.303, Output efficiency: 0.279
mdot_h2: 84.02 g/s
Fuel-cell system mass representative phase: cruise (P_fc_sys=6967.391 kW).

-----------------------
ptotal_climb: 6,429 kW, mtom_est: 27,742 kg, mtom: 27,725 kg, residual: +17.19 kg

MTOM update: newton_prebracket, relax=1.000 -> mtom_next=28,018.93 kg

======================================================
======================= ITER 16 =======================
Reynolds_number: 13,986,581
Stack prop output power: 3,484 kW, Pcomp: 112.3 kW
Cell efficiency: 0.303, Output efficiency: 0.279
mdot_h2: 84.02 g/s
Reynolds_number: 13,986,581
Stack prop output power: 3,519 kW, Pcomp: 113.4 kW
Cell efficiency: 0.303, Output efficiency: 0.279
mdot_h2: 84.89 g/s
Reynolds_number: 13,986,581
Stack prop output power: 3,521 kW, Pcomp: 113.5 kW
Cell efficiency: 0.303, Output efficiency: 0.279
mdot_h2: 84.91 g/s
Reynolds_number: 13,986,581
Stack prop output power: 2,408 kW, Pcomp: 21.3 kW
Cell efficiency: 0.294, Output efficiency: 0.277
mdot_h2: 58.59 g/s
Reynolds_number: 13,986,581
Stack prop output power: 2,441 kW, Pcomp: 21.6 kW
Cell efficiency: 0.294, Output efficiency: 0.277
mdot_h2: 59.41 g/s
Reynolds_number: 6,709,346
Stack prop output power: 2,499 kW, Pcomp: 21.8 kW
Cell efficiency: 0.305, Output efficiency: 0.287
mdot_h2: 58.60 g/s
Reynolds_number: 6,709,346
Stack prop output power: 2,534 kW, Pcomp: 22.1 kW
Cell efficiency: 0.305, Output efficiency: 0.287
mdot_h2: 59.42 g/s
Reynolds_number: 13,986,581
Stack prop output power: 3,484 kW, Pcomp: 112.3 kW
Cell efficiency: 0.303, Output efficiency: 0.279
mdot_h2: 84.02 g/s
Reynolds_number: 13,986,581
Stack prop output power: 3,519 kW, Pcomp: 113.4 kW
Cell efficiency: 0.303, Output efficiency: 0.279
mdot_h2: 84.89 g/s
Reynolds_number: 13,986,581
Stack prop output power: 3,521 kW, Pcomp: 113.5 kW
Cell efficiency: 0.303, Output efficiency: 0.279
mdot_h2: 84.91 g/s
Fuel-cell system mass representative phase: cruise (P_fc_sys=7041.354 kW).

-----------------------
ptotal_climb: 6,497 kW, mtom_est: 28,021 kg, mtom: 28,019 kg, residual: +2.53 kg


CONVERGED

CONVERGED STATE [MTOM iteration 16]
  MTOM=28,021 kg | Wing loading=220.53 kg/m^2 | P/W(climb)=231.85 W/kg
  Phase power: climb=6,496.9 kW | cruise=7,041.4 kW | takeoff=6,743.3 kW | cruise+charger=7,041.4 kW
  Power split (climb): FC=4,840.2 kW | Battery=1,613.4 kW | Compressor=43.3 kW | Cooling=1,998.3 kW | H2=118.829 g/s
  Compressor max across phases: 226.9 kW (cruise)
  FC representative phase (mass sizing): cruise (7,041.4 kW)
  Mass summary: MTOM=28,021 kg | Powertrain=9,905 kg | Tank=5,450.3 kg | Fuel=2,422.3 kg | Battery=116.3 kg | Nacelle power density=0.83 kW/kg
  Geometry: Main wing area=127.06 m^2 | Horizontal tail area=8.280 m^2 | Horizontal tail location=55.023 m | Vertical tail area=8.279 m^2 | Vertical tail location=54.279 m
  Config: wing loading input=220.51 kg/m^2 | P/W TO/Cl/Cr=0.17518/0.16876/0.17683 kW/kg

=============================================================
========================= CONVERGED =========================
=============================================================
Constraint sizing: ENABLED (min_combined_pw)
Input W/S: 220.51 kg/m^2 (2,162.5 Pa)
Input P/W [kW/kg]: takeoff 0.17518, climb 0.16876, cruise 0.17683
-------------------------------------------------------------

Mission Time
Climb time: 0.00 min (0.00 h)
Cruise time: 235.17 min (3.92 h)
Total flight time: 257.17 min (4.29 h)

Phase Power Breakdown
Phase      Time[min]     Total[kW]    FC Stack[kW]   Battery[kW]   Compressor[kW]   Cooling[kW]
-----------------------------------------------------------------------------------------------
ready           0.00         324.8           324.8           0.0              0.0           0.0
taxi            5.00         649.7           649.7           0.0              0.0           0.0
takeoff         1.00       6,743.3         5,024.4       1,674.8             44.1       1,969.3
climb           0.00       6,496.9         4,840.2       1,613.4             43.3       1,998.3
cruise        235.17       7,041.4         6,814.4           0.0            226.9       2,819.9
loiter         15.00         704.1           681.4           0.0             22.7         282.0
landing         1.00           0.0             0.0           0.0              0.0           0.0

Pcomp_max (solved phases): 226.9 kW (cruise)
Pnet (climb): 5,867 kW
Pelectricnet (climb): 6,454 kW
eta_pt: 0.9031

Geometry
S_wing: 127.06 m^2
b_wing: 33.82 m
Lfus: 57.56 m
Ltank: 48.55 m
S_HT: 8.28 m^2
S_VT: 8.28 m^2
b_HT: 6.10 m
b_VT: 3.97 m
X_HT_act: 55.02 m
X_VT_act: 54.28 m

One Nacelle (1/2)
Stack(1/2): 1,941 kg, Compressor: 160 kg, Humidifier: 613 kg, HX: 1,535 kg
W_FCS_single_nacelle (W_Stack+W_Compressor+W_Humidifier+W_Hx): 4,249 kg
Representative FC phase: cruise
Specific Power of Nacelle System: 0.829 kW/kg
dim_hx: dX=2.727 m, dY=2.727 m, dZ=0.230 m
dim_stack: dX=0.362 m, dY=0.774 m, dZ=0.774 m

ALL Nacelles
W_FCS_total: 8,497 kg
W_PMAD: 551 kg
W_Motors: 857 kg

-----------------------
W_Powertrain (W_FCS_total+W_PMAD+W_Motors): 9,905 kg
-----------------------
W_wing: 2,986 kg
W_Htail: 130 kg
W_Vtail: 180 kg
W_fuselage: 2,901 kg
W_lnd_gear_main: 243 kg
W_lnd_gear_nose: 65 kg
W_flight_control: 366 kg
W_electric_system: 300 kg
W_iae: 356 kg
W_hydraulics: 336 kg
W_fur: 1,266 kg
-----------------------
OEM: 9,128 kg
-----------------------
W_tank: 5,450 kg
W_fuel: 2,422.3 kg
W_batt: 116.3 kg
-----------------------
W_payload: 1,000 kg
-----------------------
MTOM_grouped (OEM+W_tank+W_fuel+W_batt+W_Powertrain+W_payload): 28,021 kg
MTOM: 28,021 kg
-----------------------

Wing loading (MTOM/S_wing): 220.53 kg/m^2
Power-to-weight (converged): 231.85 W/kg

mdot_H2(cruise): 169.8 g/s
Vtankex: 103.8 m^3
========================== END ==============================


=============================================================
Execution time: 179.9 seconds
=============================================================
