Auto-widening W/S scan window for min_combined_pw: 1900.0..2600.0 -> 1725.0..2775.0 Pa (factor 1.500, lower_hit=True, upper_hit=False, min_on_edge=False).
Auto-widening W/S scan window for min_combined_pw: 1725.0..2775.0 -> 1462.5..3037.5 Pa (factor 1.500, lower_hit=True, upper_hit=False, min_on_edge=False).
ADRpy constraint sizing (min_combined_pw): W/S=2112.5 Pa (215.42 kg/m^2), P/W_TO=0.16953 kW/kg, P/W_climb=0.17317 kW/kg, P/W_cruise=0.12125 kW/kg
Curve minimum (combined/combined): W/S=2112.5 Pa (215.42 kg/m^2), P/W=0.17317 kW/kg
Curve minimum (takeoff/take-off): W/S=1462.5 Pa (149.13 kg/m^2), P/W=0.10196 kW/kg
Curve minimum (climb/climb): W/S=2312.5 Pa (235.81 kg/m^2), P/W=0.17066 kW/kg
Curve minimum (cruise/cruise): W/S=2312.5 Pa (235.81 kg/m^2), P/W=0.11409 kW/kg
======================================================
======================= ITER 1 =======================
Reynolds_number: 11,660,299
Stack prop output power: 500 kW, Pcomp: 20.9 kW
Cell efficiency: 0.301, Output efficiency: 0.274
mdot_h2: 12.28 g/s
Reynolds_number: 11,660,299
Stack prop output power: 438 kW, Pcomp: 18.3 kW
Cell efficiency: 0.301, Output efficiency: 0.274
mdot_h2: 10.75 g/s
Reynolds_number: 11,660,299
Stack prop output power: 435 kW, Pcomp: 18.2 kW
Cell efficiency: 0.301, Output efficiency: 0.274
mdot_h2: 10.69 g/s
Reynolds_number: 11,660,299
Stack prop output power: 352 kW, Pcomp: 3.1 kW
Cell efficiency: 0.286, Output efficiency: 0.270
mdot_h2: 8.79 g/s
Reynolds_number: 11,660,299
Stack prop output power: 446 kW, Pcomp: 4.0 kW
Cell efficiency: 0.286, Output efficiency: 0.270
mdot_h2: 11.14 g/s
Reynolds_number: 11,660,299
Stack prop output power: 447 kW, Pcomp: 4.0 kW
Cell efficiency: 0.286, Output efficiency: 0.270
mdot_h2: 11.16 g/s
Reynolds_number: 6,709,346
Stack prop output power: 355 kW, Pcomp: 3.1 kW
Cell efficiency: 0.305, Output efficiency: 0.287
mdot_h2: 8.33 g/s
Reynolds_number: 6,709,346
Stack prop output power: 437 kW, Pcomp: 3.8 kW
Cell efficiency: 0.305, Output efficiency: 0.287
mdot_h2: 10.25 g/s
Reynolds_number: 6,709,346
Stack prop output power: 438 kW, Pcomp: 3.8 kW
Cell efficiency: 0.305, Output efficiency: 0.287
mdot_h2: 10.26 g/s
Reynolds_number: 11,660,299
Stack prop output power: 500 kW, Pcomp: 20.9 kW
Cell efficiency: 0.301, Output efficiency: 0.274
mdot_h2: 12.28 g/s
Reynolds_number: 11,660,299
Stack prop output power: 438 kW, Pcomp: 18.3 kW
Cell efficiency: 0.301, Output efficiency: 0.274
mdot_h2: 10.75 g/s
Reynolds_number: 11,660,299
Stack prop output power: 435 kW, Pcomp: 18.2 kW
Cell efficiency: 0.301, Output efficiency: 0.274
mdot_h2: 10.69 g/s
Fuel-cell system mass representative phase: climb (P_fc_sys=894.305 kW).

-----------------------
ptotal_climb: 1,190 kW, mtom_est: 5,316 kg, mtom: 5,000 kg, residual: +316.38 kg

MTOM update: initial_bracket_probe_1, relax=1.000 -> mtom_next=5,325.00 kg

======================================================
======================= ITER 2 =======================
Reynolds_number: 11,660,299
Stack prop output power: 435 kW, Pcomp: 18.2 kW
Cell efficiency: 0.301, Output efficiency: 0.274
mdot_h2: 10.68 g/s
Reynolds_number: 11,660,299
Stack prop output power: 462 kW, Pcomp: 19.3 kW
Cell efficiency: 0.301, Output efficiency: 0.274
mdot_h2: 11.35 g/s
Reynolds_number: 11,660,299
Stack prop output power: 463 kW, Pcomp: 19.3 kW
Cell efficiency: 0.301, Output efficiency: 0.274
mdot_h2: 11.38 g/s
Reynolds_number: 11,660,299
Stack prop output power: 438 kW, Pcomp: 3.9 kW
Cell efficiency: 0.286, Output efficiency: 0.270
mdot_h2: 10.92 g/s
Reynolds_number: 11,660,299
Stack prop output power: 476 kW, Pcomp: 4.2 kW
Cell efficiency: 0.286, Output efficiency: 0.270
mdot_h2: 11.88 g/s
Reynolds_number: 6,709,346
Stack prop output power: 428 kW, Pcomp: 3.7 kW
Cell efficiency: 0.305, Output efficiency: 0.287
mdot_h2: 10.04 g/s
Reynolds_number: 6,709,346
Stack prop output power: 466 kW, Pcomp: 4.1 kW
Cell efficiency: 0.305, Output efficiency: 0.287
mdot_h2: 10.92 g/s
Reynolds_number: 11,660,299
Stack prop output power: 435 kW, Pcomp: 18.2 kW
Cell efficiency: 0.301, Output efficiency: 0.274
mdot_h2: 10.68 g/s
Reynolds_number: 11,660,299
Stack prop output power: 462 kW, Pcomp: 19.3 kW
Cell efficiency: 0.301, Output efficiency: 0.274
mdot_h2: 11.35 g/s
Reynolds_number: 11,660,299
Stack prop output power: 463 kW, Pcomp: 19.3 kW
Cell efficiency: 0.301, Output efficiency: 0.274
mdot_h2: 11.38 g/s
Fuel-cell system mass representative phase: climb (P_fc_sys=952.428 kW).

-----------------------
ptotal_climb: 1,267 kW, mtom_est: 5,506 kg, mtom: 5,325 kg, residual: +180.99 kg

MTOM update: initial_bracket_probe_2, relax=1.000 -> mtom_next=5,650.00 kg

======================================================
======================= ITER 3 =======================
Reynolds_number: 11,660,299
Stack prop output power: 463 kW, Pcomp: 19.3 kW
Cell efficiency: 0.301, Output efficiency: 0.274
mdot_h2: 11.38 g/s
Reynolds_number: 11,660,299
Stack prop output power: 490 kW, Pcomp: 20.5 kW
Cell efficiency: 0.301, Output efficiency: 0.274
mdot_h2: 12.04 g/s
Reynolds_number: 11,660,299
Stack prop output power: 492 kW, Pcomp: 20.5 kW
Cell efficiency: 0.301, Output efficiency: 0.274
mdot_h2: 12.07 g/s
Reynolds_number: 11,660,299
Stack prop output power: 467 kW, Pcomp: 4.2 kW
Cell efficiency: 0.286, Output efficiency: 0.270
mdot_h2: 11.65 g/s
Reynolds_number: 11,660,299
Stack prop output power: 505 kW, Pcomp: 4.5 kW
Cell efficiency: 0.286, Output efficiency: 0.270
mdot_h2: 12.61 g/s
Reynolds_number: 6,709,346
Stack prop output power: 457 kW, Pcomp: 4.0 kW
Cell efficiency: 0.305, Output efficiency: 0.287
mdot_h2: 10.71 g/s
Reynolds_number: 6,709,346
Stack prop output power: 494 kW, Pcomp: 4.3 kW
Cell efficiency: 0.305, Output efficiency: 0.287
mdot_h2: 11.59 g/s
Reynolds_number: 11,660,299
Stack prop output power: 463 kW, Pcomp: 19.3 kW
Cell efficiency: 0.301, Output efficiency: 0.274
mdot_h2: 11.38 g/s
Reynolds_number: 11,660,299
Stack prop output power: 490 kW, Pcomp: 20.5 kW
Cell efficiency: 0.301, Output efficiency: 0.274
mdot_h2: 12.04 g/s
Reynolds_number: 11,660,299
Stack prop output power: 492 kW, Pcomp: 20.5 kW
Cell efficiency: 0.301, Output efficiency: 0.274
mdot_h2: 12.07 g/s
Fuel-cell system mass representative phase: climb (P_fc_sys=1010.558 kW).

-----------------------
ptotal_climb: 1,344 kW, mtom_est: 5,698 kg, mtom: 5,650 kg, residual: +47.50 kg

MTOM update: fixed_point_prebracket, relax=1.000 -> mtom_next=5,688.00 kg

======================================================
======================= ITER 4 =======================
Reynolds_number: 11,660,299
Stack prop output power: 492 kW, Pcomp: 20.5 kW
Cell efficiency: 0.301, Output efficiency: 0.274
mdot_h2: 12.07 g/s
Reynolds_number: 11,660,299
Stack prop output power: 495 kW, Pcomp: 20.7 kW
Cell efficiency: 0.301, Output efficiency: 0.274
mdot_h2: 12.15 g/s
Reynolds_number: 11,660,299
Stack prop output power: 504 kW, Pcomp: 4.5 kW
Cell efficiency: 0.286, Output efficiency: 0.270
mdot_h2: 12.59 g/s
Reynolds_number: 11,660,299
Stack prop output power: 509 kW, Pcomp: 4.5 kW
Cell efficiency: 0.286, Output efficiency: 0.270
mdot_h2: 12.70 g/s
Reynolds_number: 6,709,346
Stack prop output power: 493 kW, Pcomp: 4.3 kW
Cell efficiency: 0.305, Output efficiency: 0.287
mdot_h2: 11.57 g/s
Reynolds_number: 6,709,346
Stack prop output power: 498 kW, Pcomp: 4.3 kW
Cell efficiency: 0.305, Output efficiency: 0.287
mdot_h2: 11.67 g/s
Reynolds_number: 11,660,299
Stack prop output power: 492 kW, Pcomp: 20.5 kW
Cell efficiency: 0.301, Output efficiency: 0.274
mdot_h2: 12.07 g/s
Reynolds_number: 11,660,299
Stack prop output power: 495 kW, Pcomp: 20.7 kW
Cell efficiency: 0.301, Output efficiency: 0.274
mdot_h2: 12.15 g/s
Fuel-cell system mass representative phase: climb (P_fc_sys=1017.361 kW).

-----------------------
ptotal_climb: 1,353 kW, mtom_est: 5,721 kg, mtom: 5,688 kg, residual: +33.30 kg

MTOM update: fixed_point_prebracket, relax=1.000 -> mtom_next=5,714.64 kg

======================================================
======================= ITER 5 =======================
Reynolds_number: 11,660,299
Stack prop output power: 495 kW, Pcomp: 20.7 kW
Cell efficiency: 0.301, Output efficiency: 0.274
mdot_h2: 12.15 g/s
Reynolds_number: 11,660,299
Stack prop output power: 497 kW, Pcomp: 20.8 kW
Cell efficiency: 0.301, Output efficiency: 0.274
mdot_h2: 12.21 g/s
Reynolds_number: 11,660,299
Stack prop output power: 508 kW, Pcomp: 4.5 kW
Cell efficiency: 0.286, Output efficiency: 0.270
mdot_h2: 12.68 g/s
Reynolds_number: 11,660,299
Stack prop output power: 511 kW, Pcomp: 4.6 kW
Cell efficiency: 0.286, Output efficiency: 0.270
mdot_h2: 12.76 g/s
Reynolds_number: 6,709,346
Stack prop output power: 497 kW, Pcomp: 4.3 kW
Cell efficiency: 0.305, Output efficiency: 0.287
mdot_h2: 11.66 g/s
Reynolds_number: 6,709,346
Stack prop output power: 500 kW, Pcomp: 4.4 kW
Cell efficiency: 0.305, Output efficiency: 0.287
mdot_h2: 11.73 g/s
Reynolds_number: 11,660,299
Stack prop output power: 495 kW, Pcomp: 20.7 kW
Cell efficiency: 0.301, Output efficiency: 0.274
mdot_h2: 12.15 g/s
Reynolds_number: 11,660,299
Stack prop output power: 497 kW, Pcomp: 20.8 kW
Cell efficiency: 0.301, Output efficiency: 0.274
mdot_h2: 12.21 g/s
Fuel-cell system mass representative phase: climb (P_fc_sys=1022.125 kW).

-----------------------
ptotal_climb: 1,360 kW, mtom_est: 5,737 kg, mtom: 5,715 kg, residual: +22.61 kg

MTOM update: fixed_point_prebracket, relax=1.000 -> mtom_next=5,732.73 kg

======================================================
======================= ITER 6 =======================
Reynolds_number: 11,660,299
Stack prop output power: 497 kW, Pcomp: 20.8 kW
Cell efficiency: 0.301, Output efficiency: 0.274
mdot_h2: 12.21 g/s
Reynolds_number: 11,660,299
Stack prop output power: 499 kW, Pcomp: 20.8 kW
Cell efficiency: 0.301, Output efficiency: 0.274
mdot_h2: 12.25 g/s
Reynolds_number: 11,660,299
Stack prop output power: 511 kW, Pcomp: 4.6 kW
Cell efficiency: 0.286, Output efficiency: 0.270
mdot_h2: 12.74 g/s
Reynolds_number: 11,660,299
Stack prop output power: 513 kW, Pcomp: 4.6 kW
Cell efficiency: 0.286, Output efficiency: 0.270
mdot_h2: 12.80 g/s
Reynolds_number: 6,709,346
Stack prop output power: 500 kW, Pcomp: 4.4 kW
Cell efficiency: 0.305, Output efficiency: 0.287
mdot_h2: 11.72 g/s
Reynolds_number: 6,709,346
Stack prop output power: 502 kW, Pcomp: 4.4 kW
Cell efficiency: 0.305, Output efficiency: 0.287
mdot_h2: 11.77 g/s
Reynolds_number: 11,660,299
Stack prop output power: 497 kW, Pcomp: 20.8 kW
Cell efficiency: 0.301, Output efficiency: 0.274
mdot_h2: 12.21 g/s
Reynolds_number: 11,660,299
Stack prop output power: 499 kW, Pcomp: 20.8 kW
Cell efficiency: 0.301, Output efficiency: 0.274
mdot_h2: 12.25 g/s
Fuel-cell system mass representative phase: climb (P_fc_sys=1025.361 kW).

-----------------------
ptotal_climb: 1,364 kW, mtom_est: 5,747 kg, mtom: 5,733 kg, residual: +14.61 kg

MTOM update: fixed_point_prebracket, relax=1.000 -> mtom_next=5,744.41 kg

======================================================
======================= ITER 7 =======================
Reynolds_number: 11,660,299
Stack prop output power: 499 kW, Pcomp: 20.8 kW
Cell efficiency: 0.301, Output efficiency: 0.274
mdot_h2: 12.25 g/s
Reynolds_number: 11,660,299
Stack prop output power: 500 kW, Pcomp: 20.9 kW
Cell efficiency: 0.301, Output efficiency: 0.274
mdot_h2: 12.27 g/s
Reynolds_number: 11,660,299
Stack prop output power: 512 kW, Pcomp: 4.6 kW
Cell efficiency: 0.286, Output efficiency: 0.270
mdot_h2: 12.79 g/s
Reynolds_number: 11,660,299
Stack prop output power: 514 kW, Pcomp: 4.6 kW
Cell efficiency: 0.286, Output efficiency: 0.270
mdot_h2: 12.82 g/s
Reynolds_number: 6,709,346
Stack prop output power: 501 kW, Pcomp: 4.4 kW
Cell efficiency: 0.305, Output efficiency: 0.287
mdot_h2: 11.76 g/s
Reynolds_number: 6,709,346
Stack prop output power: 503 kW, Pcomp: 4.4 kW
Cell efficiency: 0.305, Output efficiency: 0.287
mdot_h2: 11.79 g/s
Reynolds_number: 11,660,299
Stack prop output power: 499 kW, Pcomp: 20.8 kW
Cell efficiency: 0.301, Output efficiency: 0.274
mdot_h2: 12.25 g/s
Reynolds_number: 11,660,299
Stack prop output power: 500 kW, Pcomp: 20.9 kW
Cell efficiency: 0.301, Output efficiency: 0.274
mdot_h2: 12.27 g/s
Fuel-cell system mass representative phase: climb (P_fc_sys=1027.451 kW).

-----------------------
ptotal_climb: 1,367 kW, mtom_est: 5,755 kg, mtom: 5,744 kg, residual: +10.56 kg

MTOM update: fixed_point_prebracket, relax=1.000 -> mtom_next=5,752.86 kg

======================================================
======================= ITER 8 =======================
Reynolds_number: 11,660,299
Stack prop output power: 500 kW, Pcomp: 20.9 kW
Cell efficiency: 0.301, Output efficiency: 0.274
mdot_h2: 12.27 g/s
Reynolds_number: 11,660,299
Stack prop output power: 501 kW, Pcomp: 20.9 kW
Cell efficiency: 0.301, Output efficiency: 0.274
mdot_h2: 12.29 g/s
Reynolds_number: 11,660,299
Stack prop output power: 513 kW, Pcomp: 4.6 kW
Cell efficiency: 0.286, Output efficiency: 0.270
mdot_h2: 12.82 g/s
Reynolds_number: 11,660,299
Stack prop output power: 514 kW, Pcomp: 4.6 kW
Cell efficiency: 0.286, Output efficiency: 0.270
mdot_h2: 12.84 g/s
Reynolds_number: 6,709,346
Stack prop output power: 503 kW, Pcomp: 4.4 kW
Cell efficiency: 0.305, Output efficiency: 0.287
mdot_h2: 11.78 g/s
Reynolds_number: 6,709,346
Stack prop output power: 504 kW, Pcomp: 4.4 kW
Cell efficiency: 0.305, Output efficiency: 0.287
mdot_h2: 11.81 g/s
Reynolds_number: 11,660,299
Stack prop output power: 500 kW, Pcomp: 20.9 kW
Cell efficiency: 0.301, Output efficiency: 0.274
mdot_h2: 12.27 g/s
Reynolds_number: 11,660,299
Stack prop output power: 501 kW, Pcomp: 20.9 kW
Cell efficiency: 0.301, Output efficiency: 0.274
mdot_h2: 12.29 g/s
Fuel-cell system mass representative phase: climb (P_fc_sys=1028.962 kW).

-----------------------
ptotal_climb: 1,369 kW, mtom_est: 5,760 kg, mtom: 5,753 kg, residual: +6.82 kg

MTOM update: newton_prebracket, relax=1.000 -> mtom_next=5,768.25 kg

======================================================
======================= ITER 9 =======================
Reynolds_number: 11,660,299
Stack prop output power: 501 kW, Pcomp: 20.9 kW
Cell efficiency: 0.301, Output efficiency: 0.274
mdot_h2: 12.29 g/s
Reynolds_number: 11,660,299
Stack prop output power: 502 kW, Pcomp: 20.9 kW
Cell efficiency: 0.301, Output efficiency: 0.274
mdot_h2: 12.32 g/s
Reynolds_number: 11,660,299
Stack prop output power: 514 kW, Pcomp: 4.6 kW
Cell efficiency: 0.286, Output efficiency: 0.270
mdot_h2: 12.83 g/s
Reynolds_number: 11,660,299
Stack prop output power: 516 kW, Pcomp: 4.6 kW
Cell efficiency: 0.286, Output efficiency: 0.270
mdot_h2: 12.88 g/s
Reynolds_number: 6,709,346
Stack prop output power: 503 kW, Pcomp: 4.4 kW
Cell efficiency: 0.305, Output efficiency: 0.287
mdot_h2: 11.80 g/s
Reynolds_number: 6,709,346
Stack prop output power: 505 kW, Pcomp: 4.4 kW
Cell efficiency: 0.305, Output efficiency: 0.287
mdot_h2: 11.84 g/s
Reynolds_number: 11,660,299
Stack prop output power: 501 kW, Pcomp: 20.9 kW
Cell efficiency: 0.301, Output efficiency: 0.274
mdot_h2: 12.29 g/s
Reynolds_number: 11,660,299
Stack prop output power: 502 kW, Pcomp: 20.9 kW
Cell efficiency: 0.301, Output efficiency: 0.274
mdot_h2: 12.32 g/s
Fuel-cell system mass representative phase: climb (P_fc_sys=1031.713 kW).

-----------------------
ptotal_climb: 1,373 kW, mtom_est: 5,768 kg, mtom: 5,768 kg, residual: -0.11 kg


CONVERGED

CONVERGED STATE [MTOM iteration 9]
  MTOM=5,768 kg | Wing loading=215.41 kg/m^2 | P/W(climb)=237.95 W/kg
  Phase power: climb=1,372.6 kW | cruise=1,003.9 kW | takeoff=1,343.5 kW | cruise+charger=1,003.9 kW
  Power split (climb): FC=1,022.5 kW | Battery=340.8 kW | Compressor=9.2 kW | Cooling=433.8 kW | H2=25.755 g/s
  Compressor max across phases: 41.9 kW (cruise)
  FC representative phase (mass sizing): climb (1,031.7 kW)
  Mass summary: MTOM=5,768 kg | Powertrain=1,668 kg | Tank=439.1 kg | Fuel=195.2 kg | Battery=23.2 kg | Nacelle power density=0.75 kW/kg
  Geometry: Main wing area=26.78 m^2 | Horizontal tail area=4.378 m^2 | Horizontal tail location=10.913 m | Vertical tail area=4.475 m^2 | Vertical tail location=10.430 m
  Config: wing loading input=215.42 kg/m^2 | P/W TO/Cl/Cr=0.16953/0.17317/0.12125 kW/kg

=============================================================
========================= CONVERGED =========================
=============================================================
Constraint sizing: ENABLED (min_combined_pw)
Input W/S: 215.42 kg/m^2 (2,112.5 Pa)
Input P/W [kW/kg]: takeoff 0.16953, climb 0.17317, cruise 0.12125
-------------------------------------------------------------

Mission Time
Climb time: 0.00 min (0.00 h)
Cruise time: 128.99 min (2.15 h)
Total flight time: 150.99 min (2.52 h)

Phase Power Breakdown
Phase      Time[min]     Total[kW]    FC Stack[kW]   Battery[kW]   Compressor[kW]   Cooling[kW]
-----------------------------------------------------------------------------------------------
ready           0.00          68.6            68.6           0.0              0.0           0.0
taxi            5.00         137.3           137.3           0.0              0.0           0.0
takeoff         1.00       1,343.5         1,001.0         333.7              8.8         389.3
climb           0.00       1,372.6         1,022.5         340.8              9.2         433.8
cruise        128.99       1,003.9           962.0           0.0             41.9         407.5
loiter         15.00         100.4            96.2           0.0              4.2          40.8
landing         1.00           0.0             0.0           0.0              0.0           0.0

Pcomp_max (solved phases): 41.9 kW (cruise)
Pnet (climb): 1,240 kW
Pelectricnet (climb): 1,363 kW
eta_pt: 0.9031

Geometry
S_wing: 26.78 m^2
b_wing: 15.52 m
Lfus: 12.92 m
Ltank: 3.91 m
S_HT: 4.38 m^2
S_VT: 4.47 m^2
b_HT: 4.44 m
b_VT: 2.92 m
X_HT_act: 10.91 m
X_VT_act: 10.43 m

One Nacelle (1/2)
Stack(1/2): 293 kg, Compressor: 19 kg, Humidifier: 108 kg, HX: 265 kg
W_FCS_single_nacelle (W_Stack+W_Compressor+W_Humidifier+W_Hx): 685 kg
Representative FC phase: climb
Specific Power of Nacelle System: 0.753 kW/kg
dim_hx: dX=1.161 m, dY=1.161 m, dZ=0.220 m
dim_stack: dX=0.380 m, dY=0.293 m, dZ=0.293 m

ALL Nacelles
W_FCS_total: 1,369 kg
W_PMAD: 117 kg
W_Motors: 181 kg

-----------------------
W_Powertrain (W_FCS_total+W_PMAD+W_Motors): 1,668 kg
-----------------------
W_wing: 422 kg
W_Htail: 29 kg
W_Vtail: 55 kg
W_fuselage: 413 kg
W_lnd_gear_main: 243 kg
W_lnd_gear_nose: 65 kg
W_flight_control: 366 kg
W_electric_system: 300 kg
W_iae: 84 kg
W_hydraulics: 69 kg
W_fur: 398 kg
-----------------------
OEM: 2,443 kg
-----------------------
W_tank: 439 kg
W_fuel: 195.2 kg
W_batt: 23.2 kg
-----------------------
W_payload: 1,000 kg
-----------------------
MTOM_grouped (OEM+W_tank+W_fuel+W_batt+W_Powertrain+W_payload): 5,768 kg
MTOM: 5,768 kg
-----------------------

Wing loading (MTOM/S_wing): 215.41 kg/m^2
Power-to-weight (converged): 237.95 W/kg

mdot_H2(cruise): 24.6 g/s
Vtankex: 8.4 m^3
========================== END ==============================


=============================================================
Execution time: 82.8 seconds
=============================================================
