Auto-widening W/S scan window for min_combined_pw: 1900.0..2600.0 -> 1725.0..2775.0 Pa (factor 1.500, lower_hit=True, upper_hit=False, min_on_edge=False).
Auto-widening W/S scan window for min_combined_pw: 1725.0..2775.0 -> 1462.5..3037.5 Pa (factor 1.500, lower_hit=True, upper_hit=False, min_on_edge=False).
ADRpy constraint sizing (min_combined_pw): W/S=2112.5 Pa (215.42 kg/m^2), P/W_TO=0.16953 kW/kg, P/W_climb=0.17266 kW/kg, P/W_cruise=0.08631 kW/kg
Curve minimum (combined/combined): W/S=2112.5 Pa (215.42 kg/m^2), P/W=0.17266 kW/kg
Curve minimum (takeoff/take-off): W/S=1462.5 Pa (149.13 kg/m^2), P/W=0.10196 kW/kg
Curve minimum (climb/climb): W/S=2312.5 Pa (235.81 kg/m^2), P/W=0.17003 kW/kg
Curve minimum (cruise/cruise): W/S=2312.5 Pa (235.81 kg/m^2), P/W=0.08271 kW/kg
======================================================
======================= ITER 1 =======================
Reynolds_number: 10,001,946
Stack prop output power: 500 kW, Pcomp: 20.9 kW
Cell efficiency: 0.299, Output efficiency: 0.273
mdot_h2: 12.35 g/s
Reynolds_number: 10,001,946
Stack prop output power: 318 kW, Pcomp: 13.2 kW
Cell efficiency: 0.299, Output efficiency: 0.273
mdot_h2: 7.84 g/s
Reynolds_number: 10,001,946
Stack prop output power: 310 kW, Pcomp: 12.9 kW
Cell efficiency: 0.299, Output efficiency: 0.273
mdot_h2: 7.65 g/s
Reynolds_number: 10,001,946
Stack prop output power: 353 kW, Pcomp: 3.1 kW
Cell efficiency: 0.284, Output efficiency: 0.268
mdot_h2: 8.87 g/s
Reynolds_number: 10,001,946
Stack prop output power: 445 kW, Pcomp: 4.0 kW
Cell efficiency: 0.284, Output efficiency: 0.268
mdot_h2: 11.18 g/s
Reynolds_number: 10,001,946
Stack prop output power: 446 kW, Pcomp: 4.0 kW
Cell efficiency: 0.284, Output efficiency: 0.268
mdot_h2: 11.21 g/s
Reynolds_number: 6,709,346
Stack prop output power: 355 kW, Pcomp: 3.1 kW
Cell efficiency: 0.305, Output efficiency: 0.287
mdot_h2: 8.33 g/s
Reynolds_number: 6,709,346
Stack prop output power: 437 kW, Pcomp: 3.8 kW
Cell efficiency: 0.305, Output efficiency: 0.287
mdot_h2: 10.25 g/s
Reynolds_number: 6,709,346
Stack prop output power: 438 kW, Pcomp: 3.8 kW
Cell efficiency: 0.305, Output efficiency: 0.287
mdot_h2: 10.26 g/s
Reynolds_number: 10,001,946
Stack prop output power: 500 kW, Pcomp: 20.9 kW
Cell efficiency: 0.299, Output efficiency: 0.273
mdot_h2: 12.35 g/s
Reynolds_number: 10,001,946
Stack prop output power: 318 kW, Pcomp: 13.2 kW
Cell efficiency: 0.299, Output efficiency: 0.273
mdot_h2: 7.84 g/s
Reynolds_number: 10,001,946
Stack prop output power: 310 kW, Pcomp: 12.9 kW
Cell efficiency: 0.299, Output efficiency: 0.273
mdot_h2: 7.65 g/s
Fuel-cell system mass representative phase: climb (P_fc_sys=891.642 kW).

-----------------------
ptotal_climb: 1,186 kW, mtom_est: 5,414 kg, mtom: 5,000 kg, residual: +414.24 kg

MTOM update: initial_bracket_probe_1, relax=1.000 -> mtom_next=5,325.00 kg

======================================================
======================= ITER 2 =======================
Reynolds_number: 10,001,946
Stack prop output power: 310 kW, Pcomp: 12.9 kW
Cell efficiency: 0.299, Output efficiency: 0.273
mdot_h2: 7.65 g/s
Reynolds_number: 10,001,946
Stack prop output power: 329 kW, Pcomp: 13.7 kW
Cell efficiency: 0.299, Output efficiency: 0.273
mdot_h2: 8.12 g/s
Reynolds_number: 10,001,946
Stack prop output power: 330 kW, Pcomp: 13.8 kW
Cell efficiency: 0.299, Output efficiency: 0.273
mdot_h2: 8.14 g/s
Reynolds_number: 10,001,946
Stack prop output power: 436 kW, Pcomp: 3.9 kW
Cell efficiency: 0.284, Output efficiency: 0.268
mdot_h2: 10.97 g/s
Reynolds_number: 10,001,946
Stack prop output power: 474 kW, Pcomp: 4.2 kW
Cell efficiency: 0.284, Output efficiency: 0.268
mdot_h2: 11.93 g/s
Reynolds_number: 6,709,346
Stack prop output power: 428 kW, Pcomp: 3.7 kW
Cell efficiency: 0.305, Output efficiency: 0.287
mdot_h2: 10.04 g/s
Reynolds_number: 6,709,346
Stack prop output power: 466 kW, Pcomp: 4.1 kW
Cell efficiency: 0.305, Output efficiency: 0.287
mdot_h2: 10.92 g/s
Reynolds_number: 10,001,946
Stack prop output power: 310 kW, Pcomp: 12.9 kW
Cell efficiency: 0.299, Output efficiency: 0.273
mdot_h2: 7.65 g/s
Reynolds_number: 10,001,946
Stack prop output power: 329 kW, Pcomp: 13.7 kW
Cell efficiency: 0.299, Output efficiency: 0.273
mdot_h2: 8.12 g/s
Reynolds_number: 10,001,946
Stack prop output power: 330 kW, Pcomp: 13.8 kW
Cell efficiency: 0.299, Output efficiency: 0.273
mdot_h2: 8.14 g/s
Fuel-cell system mass representative phase: climb (P_fc_sys=949.593 kW).

-----------------------
ptotal_climb: 1,263 kW, mtom_est: 5,609 kg, mtom: 5,325 kg, residual: +284.03 kg

MTOM update: initial_bracket_probe_2, relax=1.000 -> mtom_next=5,650.00 kg

======================================================
======================= ITER 3 =======================
Reynolds_number: 10,001,946
Stack prop output power: 330 kW, Pcomp: 13.8 kW
Cell efficiency: 0.299, Output efficiency: 0.273
mdot_h2: 8.14 g/s
Reynolds_number: 10,001,946
Stack prop output power: 349 kW, Pcomp: 14.6 kW
Cell efficiency: 0.299, Output efficiency: 0.273
mdot_h2: 8.62 g/s
Reynolds_number: 10,001,946
Stack prop output power: 350 kW, Pcomp: 14.6 kW
Cell efficiency: 0.299, Output efficiency: 0.273
mdot_h2: 8.64 g/s
Reynolds_number: 10,001,946
Stack prop output power: 465 kW, Pcomp: 4.2 kW
Cell efficiency: 0.284, Output efficiency: 0.268
mdot_h2: 11.69 g/s
Reynolds_number: 10,001,946
Stack prop output power: 503 kW, Pcomp: 4.5 kW
Cell efficiency: 0.284, Output efficiency: 0.268
mdot_h2: 12.65 g/s
Reynolds_number: 6,709,346
Stack prop output power: 457 kW, Pcomp: 4.0 kW
Cell efficiency: 0.305, Output efficiency: 0.287
mdot_h2: 10.71 g/s
Reynolds_number: 6,709,346
Stack prop output power: 494 kW, Pcomp: 4.3 kW
Cell efficiency: 0.305, Output efficiency: 0.287
mdot_h2: 11.59 g/s
Reynolds_number: 10,001,946
Stack prop output power: 330 kW, Pcomp: 13.8 kW
Cell efficiency: 0.299, Output efficiency: 0.273
mdot_h2: 8.14 g/s
Reynolds_number: 10,001,946
Stack prop output power: 349 kW, Pcomp: 14.6 kW
Cell efficiency: 0.299, Output efficiency: 0.273
mdot_h2: 8.62 g/s
Reynolds_number: 10,001,946
Stack prop output power: 350 kW, Pcomp: 14.6 kW
Cell efficiency: 0.299, Output efficiency: 0.273
mdot_h2: 8.64 g/s
Fuel-cell system mass representative phase: climb (P_fc_sys=1007.550 kW).

-----------------------
ptotal_climb: 1,340 kW, mtom_est: 5,808 kg, mtom: 5,650 kg, residual: +157.54 kg

MTOM update: fixed_point_prebracket, relax=1.000 -> mtom_next=5,776.04 kg

======================================================
======================= ITER 4 =======================
Reynolds_number: 10,001,946
Stack prop output power: 350 kW, Pcomp: 14.6 kW
Cell efficiency: 0.299, Output efficiency: 0.273
mdot_h2: 8.64 g/s
Reynolds_number: 10,001,946
Stack prop output power: 357 kW, Pcomp: 14.9 kW
Cell efficiency: 0.299, Output efficiency: 0.273
mdot_h2: 8.82 g/s
Reynolds_number: 10,001,946
Stack prop output power: 500 kW, Pcomp: 4.5 kW
Cell efficiency: 0.284, Output efficiency: 0.268
mdot_h2: 12.57 g/s
Reynolds_number: 10,001,946
Stack prop output power: 515 kW, Pcomp: 4.6 kW
Cell efficiency: 0.284, Output efficiency: 0.268
mdot_h2: 12.94 g/s
Reynolds_number: 6,709,346
Stack prop output power: 491 kW, Pcomp: 4.3 kW
Cell efficiency: 0.305, Output efficiency: 0.287
mdot_h2: 11.51 g/s
Reynolds_number: 6,709,346
Stack prop output power: 505 kW, Pcomp: 4.4 kW
Cell efficiency: 0.305, Output efficiency: 0.287
mdot_h2: 11.85 g/s
Reynolds_number: 10,001,946
Stack prop output power: 350 kW, Pcomp: 14.6 kW
Cell efficiency: 0.299, Output efficiency: 0.273
mdot_h2: 8.64 g/s
Reynolds_number: 10,001,946
Stack prop output power: 357 kW, Pcomp: 14.9 kW
Cell efficiency: 0.299, Output efficiency: 0.273
mdot_h2: 8.82 g/s
Fuel-cell system mass representative phase: climb (P_fc_sys=1030.029 kW).

-----------------------
ptotal_climb: 1,370 kW, mtom_est: 5,885 kg, mtom: 5,776 kg, residual: +109.35 kg

MTOM update: fixed_point_prebracket, relax=1.000 -> mtom_next=5,863.51 kg

======================================================
======================= ITER 5 =======================
Reynolds_number: 10,001,946
Stack prop output power: 358 kW, Pcomp: 14.9 kW
Cell efficiency: 0.299, Output efficiency: 0.273
mdot_h2: 8.83 g/s
Reynolds_number: 10,001,946
Stack prop output power: 363 kW, Pcomp: 15.1 kW
Cell efficiency: 0.299, Output efficiency: 0.273
mdot_h2: 8.96 g/s
Reynolds_number: 10,001,946
Stack prop output power: 512 kW, Pcomp: 4.6 kW
Cell efficiency: 0.284, Output efficiency: 0.268
mdot_h2: 12.88 g/s
Reynolds_number: 10,001,946
Stack prop output power: 523 kW, Pcomp: 4.7 kW
Cell efficiency: 0.284, Output efficiency: 0.268
mdot_h2: 13.14 g/s
Reynolds_number: 6,709,346
Stack prop output power: 503 kW, Pcomp: 4.4 kW
Cell efficiency: 0.305, Output efficiency: 0.287
mdot_h2: 11.80 g/s
Reynolds_number: 6,709,346
Stack prop output power: 513 kW, Pcomp: 4.5 kW
Cell efficiency: 0.305, Output efficiency: 0.287
mdot_h2: 12.03 g/s
Reynolds_number: 10,001,946
Stack prop output power: 358 kW, Pcomp: 14.9 kW
Cell efficiency: 0.299, Output efficiency: 0.273
mdot_h2: 8.83 g/s
Reynolds_number: 10,001,946
Stack prop output power: 363 kW, Pcomp: 15.1 kW
Cell efficiency: 0.299, Output efficiency: 0.273
mdot_h2: 8.96 g/s
Fuel-cell system mass representative phase: climb (P_fc_sys=1045.630 kW).

-----------------------
ptotal_climb: 1,391 kW, mtom_est: 5,938 kg, mtom: 5,864 kg, residual: +74.79 kg

MTOM update: fixed_point_prebracket, relax=1.000 -> mtom_next=5,923.35 kg

======================================================
======================= ITER 6 =======================
Reynolds_number: 10,001,946
Stack prop output power: 363 kW, Pcomp: 15.1 kW
Cell efficiency: 0.299, Output efficiency: 0.273
mdot_h2: 8.97 g/s
Reynolds_number: 10,001,946
Stack prop output power: 367 kW, Pcomp: 15.3 kW
Cell efficiency: 0.299, Output efficiency: 0.273
mdot_h2: 9.05 g/s
Reynolds_number: 10,001,946
Stack prop output power: 521 kW, Pcomp: 4.6 kW
Cell efficiency: 0.284, Output efficiency: 0.268
mdot_h2: 13.10 g/s
Reynolds_number: 10,001,946
Stack prop output power: 528 kW, Pcomp: 4.7 kW
Cell efficiency: 0.284, Output efficiency: 0.268
mdot_h2: 13.27 g/s
Reynolds_number: 6,709,346
Stack prop output power: 512 kW, Pcomp: 4.5 kW
Cell efficiency: 0.305, Output efficiency: 0.287
mdot_h2: 11.99 g/s
Reynolds_number: 6,709,346
Stack prop output power: 518 kW, Pcomp: 4.5 kW
Cell efficiency: 0.305, Output efficiency: 0.287
mdot_h2: 12.16 g/s
Reynolds_number: 10,001,946
Stack prop output power: 363 kW, Pcomp: 15.1 kW
Cell efficiency: 0.299, Output efficiency: 0.273
mdot_h2: 8.97 g/s
Reynolds_number: 10,001,946
Stack prop output power: 367 kW, Pcomp: 15.3 kW
Cell efficiency: 0.299, Output efficiency: 0.273
mdot_h2: 9.05 g/s
Fuel-cell system mass representative phase: climb (P_fc_sys=1056.301 kW).

-----------------------
ptotal_climb: 1,405 kW, mtom_est: 5,975 kg, mtom: 5,923 kg, residual: +51.92 kg

MTOM update: fixed_point_prebracket, relax=1.000 -> mtom_next=5,964.89 kg

======================================================
======================= ITER 7 =======================
Reynolds_number: 10,001,946
Stack prop output power: 367 kW, Pcomp: 15.3 kW
Cell efficiency: 0.299, Output efficiency: 0.273
mdot_h2: 9.06 g/s
Reynolds_number: 10,001,946
Stack prop output power: 369 kW, Pcomp: 15.4 kW
Cell efficiency: 0.299, Output efficiency: 0.273
mdot_h2: 9.12 g/s
Reynolds_number: 10,001,946
Stack prop output power: 527 kW, Pcomp: 4.7 kW
Cell efficiency: 0.284, Output efficiency: 0.268
mdot_h2: 13.24 g/s
Reynolds_number: 10,001,946
Stack prop output power: 532 kW, Pcomp: 4.7 kW
Cell efficiency: 0.284, Output efficiency: 0.268
mdot_h2: 13.37 g/s
Reynolds_number: 6,709,346
Stack prop output power: 517 kW, Pcomp: 4.5 kW
Cell efficiency: 0.305, Output efficiency: 0.287
mdot_h2: 12.13 g/s
Reynolds_number: 6,709,346
Stack prop output power: 522 kW, Pcomp: 4.5 kW
Cell efficiency: 0.305, Output efficiency: 0.287
mdot_h2: 12.24 g/s
Reynolds_number: 10,001,946
Stack prop output power: 367 kW, Pcomp: 15.3 kW
Cell efficiency: 0.299, Output efficiency: 0.273
mdot_h2: 9.06 g/s
Reynolds_number: 10,001,946
Stack prop output power: 369 kW, Pcomp: 15.4 kW
Cell efficiency: 0.299, Output efficiency: 0.273
mdot_h2: 9.12 g/s
Fuel-cell system mass representative phase: climb (P_fc_sys=1063.709 kW).

-----------------------
ptotal_climb: 1,415 kW, mtom_est: 6,002 kg, mtom: 5,965 kg, residual: +36.75 kg

MTOM update: fixed_point_prebracket, relax=1.000 -> mtom_next=5,994.29 kg

======================================================
======================= ITER 8 =======================
Reynolds_number: 10,001,946
Stack prop output power: 369 kW, Pcomp: 15.4 kW
Cell efficiency: 0.299, Output efficiency: 0.273
mdot_h2: 9.12 g/s
Reynolds_number: 10,001,946
Stack prop output power: 371 kW, Pcomp: 15.5 kW
Cell efficiency: 0.299, Output efficiency: 0.273
mdot_h2: 9.16 g/s
Reynolds_number: 10,001,946
Stack prop output power: 531 kW, Pcomp: 4.7 kW
Cell efficiency: 0.284, Output efficiency: 0.268
mdot_h2: 13.35 g/s
Reynolds_number: 10,001,946
Stack prop output power: 534 kW, Pcomp: 4.8 kW
Cell efficiency: 0.284, Output efficiency: 0.268
mdot_h2: 13.43 g/s
Reynolds_number: 6,709,346
Stack prop output power: 521 kW, Pcomp: 4.5 kW
Cell efficiency: 0.305, Output efficiency: 0.287
mdot_h2: 12.22 g/s
Reynolds_number: 6,709,346
Stack prop output power: 525 kW, Pcomp: 4.6 kW
Cell efficiency: 0.305, Output efficiency: 0.287
mdot_h2: 12.30 g/s
Reynolds_number: 10,001,946
Stack prop output power: 369 kW, Pcomp: 15.4 kW
Cell efficiency: 0.299, Output efficiency: 0.273
mdot_h2: 9.12 g/s
Reynolds_number: 10,001,946
Stack prop output power: 371 kW, Pcomp: 15.5 kW
Cell efficiency: 0.299, Output efficiency: 0.273
mdot_h2: 9.16 g/s
Fuel-cell system mass representative phase: climb (P_fc_sys=1068.952 kW).

-----------------------
ptotal_climb: 1,422 kW, mtom_est: 6,020 kg, mtom: 5,994 kg, residual: +25.54 kg

MTOM update: newton_prebracket, relax=1.000 -> mtom_next=6,061.28 kg

======================================================
======================= ITER 9 =======================
Reynolds_number: 10,001,946
Stack prop output power: 371 kW, Pcomp: 15.5 kW
Cell efficiency: 0.299, Output efficiency: 0.273
mdot_h2: 9.17 g/s
Reynolds_number: 10,001,946
Stack prop output power: 375 kW, Pcomp: 15.6 kW
Cell efficiency: 0.299, Output efficiency: 0.273
mdot_h2: 9.26 g/s
Reynolds_number: 10,001,946
Stack prop output power: 533 kW, Pcomp: 4.8 kW
Cell efficiency: 0.284, Output efficiency: 0.268
mdot_h2: 13.38 g/s
Reynolds_number: 10,001,946
Stack prop output power: 540 kW, Pcomp: 4.8 kW
Cell efficiency: 0.284, Output efficiency: 0.268
mdot_h2: 13.58 g/s
Reynolds_number: 6,709,346
Stack prop output power: 523 kW, Pcomp: 4.6 kW
Cell efficiency: 0.305, Output efficiency: 0.287
mdot_h2: 12.26 g/s
Reynolds_number: 6,709,346
Stack prop output power: 530 kW, Pcomp: 4.6 kW
Cell efficiency: 0.305, Output efficiency: 0.287
mdot_h2: 12.44 g/s
Reynolds_number: 10,001,946
Stack prop output power: 371 kW, Pcomp: 15.5 kW
Cell efficiency: 0.299, Output efficiency: 0.273
mdot_h2: 9.17 g/s
Reynolds_number: 10,001,946
Stack prop output power: 375 kW, Pcomp: 15.6 kW
Cell efficiency: 0.299, Output efficiency: 0.273
mdot_h2: 9.26 g/s
Fuel-cell system mass representative phase: climb (P_fc_sys=1080.897 kW).

-----------------------
ptotal_climb: 1,438 kW, mtom_est: 6,060 kg, mtom: 6,061 kg, residual: -0.89 kg


CONVERGED

CONVERGED STATE [MTOM iteration 9]
  MTOM=6,060 kg | Wing loading=215.38 kg/m^2 | P/W(climb)=237.28 W/kg
  Phase power: climb=1,438.0 kW | cruise=750.8 kW | takeoff=1,411.7 kW | cruise+charger=750.8 kW
  Power split (climb): FC=1,071.3 kW | Battery=357.1 kW | Compressor=9.6 kW | Cooling=458.7 kW | H2=27.165 g/s
  Compressor max across phases: 31.3 kW (cruise)
  FC representative phase (mass sizing): climb (1,080.9 kW)
  Mass summary: MTOM=6,060 kg | Powertrain=1,836 kg | Tank=496.3 kg | Fuel=220.6 kg | Battery=24.3 kg | Nacelle power density=0.71 kW/kg
  Geometry: Main wing area=28.14 m^2 | Horizontal tail area=4.499 m^2 | Horizontal tail location=11.403 m | Vertical tail area=4.596 m^2 | Vertical tail location=10.909 m
  Config: wing loading input=215.42 kg/m^2 | P/W TO/Cl/Cr=0.16953/0.17266/0.08631 kW/kg

=============================================================
========================= CONVERGED =========================
=============================================================
Constraint sizing: ENABLED (min_combined_pw)
Input W/S: 215.42 kg/m^2 (2,112.5 Pa)
Input P/W [kW/kg]: takeoff 0.16953, climb 0.17266, cruise 0.08631
-------------------------------------------------------------

Mission Time
Climb time: 0.00 min (0.00 h)
Cruise time: 194.83 min (3.25 h)
Total flight time: 216.83 min (3.61 h)

Phase Power Breakdown
Phase      Time[min]     Total[kW]    FC Stack[kW]   Battery[kW]   Compressor[kW]   Cooling[kW]
-----------------------------------------------------------------------------------------------
ready           0.00          71.9            71.9           0.0              0.0           0.0
taxi            5.00         143.8           143.8           0.0              0.0           0.0
takeoff         1.00       1,411.7         1,051.9         350.6              9.2         409.0
climb           0.00       1,438.0         1,071.3         357.1              9.6         458.7
cruise        194.83         750.8           719.5           0.0             31.3         307.2
loiter         15.00          75.1            72.0           0.0              3.1          30.7
landing         1.00           0.0             0.0           0.0              0.0           0.0

Pcomp_max (solved phases): 31.3 kW (cruise)
Pnet (climb): 1,299 kW
Pelectricnet (climb): 1,428 kW
eta_pt: 0.9031

Geometry
S_wing: 28.14 m^2
b_wing: 15.91 m
Lfus: 13.43 m
Ltank: 4.42 m
S_HT: 4.50 m^2
S_VT: 4.60 m^2
b_HT: 4.50 m
b_VT: 2.95 m
X_HT_act: 11.40 m
X_VT_act: 10.91 m

One Nacelle (1/2)
Stack(1/2): 309 kg, Compressor: 21 kg, Humidifier: 116 kg, HX: 317 kg
W_FCS_single_nacelle (W_Stack+W_Compressor+W_Humidifier+W_Hx): 762 kg
Representative FC phase: climb
Specific Power of Nacelle System: 0.710 kW/kg
dim_hx: dX=1.293 m, dY=1.293 m, dZ=0.211 m
dim_stack: dX=0.382 m, dY=0.300 m, dZ=0.300 m

ALL Nacelles
W_FCS_total: 1,523 kg
W_PMAD: 123 kg
W_Motors: 190 kg

-----------------------
W_Powertrain (W_FCS_total+W_PMAD+W_Motors): 1,836 kg
-----------------------
W_wing: 448 kg
W_Htail: 31 kg
W_Vtail: 57 kg
W_fuselage: 403 kg
W_lnd_gear_main: 243 kg
W_lnd_gear_nose: 65 kg
W_flight_control: 366 kg
W_electric_system: 300 kg
W_iae: 88 kg
W_hydraulics: 73 kg
W_fur: 410 kg
-----------------------
OEM: 2,483 kg
-----------------------
W_tank: 496 kg
W_fuel: 220.6 kg
W_batt: 24.3 kg
-----------------------
W_payload: 1,000 kg
-----------------------
MTOM_grouped (OEM+W_tank+W_fuel+W_batt+W_Powertrain+W_payload): 6,060 kg
MTOM: 6,060 kg
-----------------------

Wing loading (MTOM/S_wing): 215.38 kg/m^2
Power-to-weight (converged): 237.28 W/kg

mdot_H2(cruise): 18.5 g/s
Vtankex: 9.5 m^3
========================== END ==============================


=============================================================
Execution time: 82.1 seconds
=============================================================
