Auto-widening W/S scan window for min_combined_pw: 1900.0..2600.0 -> 1725.0..2775.0 Pa (factor 1.500, lower_hit=True, upper_hit=False, min_on_edge=False).
Auto-widening W/S scan window for min_combined_pw: 1725.0..2775.0 -> 1462.5..3037.5 Pa (factor 1.500, lower_hit=True, upper_hit=False, min_on_edge=False).
ADRpy constraint sizing (min_combined_pw): W/S=2112.5 Pa (215.42 kg/m^2), P/W_TO=0.16953 kW/kg, P/W_climb=0.17266 kW/kg, P/W_cruise=0.08631 kW/kg
Curve minimum (combined/combined): W/S=2112.5 Pa (215.42 kg/m^2), P/W=0.17266 kW/kg
Curve minimum (takeoff/take-off): W/S=1462.5 Pa (149.13 kg/m^2), P/W=0.10196 kW/kg
Curve minimum (climb/climb): W/S=2312.5 Pa (235.81 kg/m^2), P/W=0.17003 kW/kg
Curve minimum (cruise/cruise): W/S=2312.5 Pa (235.81 kg/m^2), P/W=0.08271 kW/kg
======================================================
======================= ITER 1 =======================
Reynolds_number: 10,001,946
Stack prop output power: 500 kW, Pcomp: 20.9 kW
Cell efficiency: 0.299, Output efficiency: 0.273
mdot_h2: 12.35 g/s
Reynolds_number: 10,001,946
Stack prop output power: 318 kW, Pcomp: 13.2 kW
Cell efficiency: 0.299, Output efficiency: 0.273
mdot_h2: 7.84 g/s
Reynolds_number: 10,001,946
Stack prop output power: 310 kW, Pcomp: 12.9 kW
Cell efficiency: 0.299, Output efficiency: 0.273
mdot_h2: 7.65 g/s
Reynolds_number: 10,001,946
Stack prop output power: 353 kW, Pcomp: 3.1 kW
Cell efficiency: 0.284, Output efficiency: 0.268
mdot_h2: 8.87 g/s
Reynolds_number: 10,001,946
Stack prop output power: 445 kW, Pcomp: 4.0 kW
Cell efficiency: 0.284, Output efficiency: 0.268
mdot_h2: 11.18 g/s
Reynolds_number: 10,001,946
Stack prop output power: 446 kW, Pcomp: 4.0 kW
Cell efficiency: 0.284, Output efficiency: 0.268
mdot_h2: 11.21 g/s
Reynolds_number: 6,709,346
Stack prop output power: 355 kW, Pcomp: 3.1 kW
Cell efficiency: 0.305, Output efficiency: 0.287
mdot_h2: 8.33 g/s
Reynolds_number: 6,709,346
Stack prop output power: 437 kW, Pcomp: 3.8 kW
Cell efficiency: 0.305, Output efficiency: 0.287
mdot_h2: 10.25 g/s
Reynolds_number: 6,709,346
Stack prop output power: 438 kW, Pcomp: 3.8 kW
Cell efficiency: 0.305, Output efficiency: 0.287
mdot_h2: 10.26 g/s
Reynolds_number: 10,001,946
Stack prop output power: 500 kW, Pcomp: 20.9 kW
Cell efficiency: 0.299, Output efficiency: 0.273
mdot_h2: 12.35 g/s
Reynolds_number: 10,001,946
Stack prop output power: 318 kW, Pcomp: 13.2 kW
Cell efficiency: 0.299, Output efficiency: 0.273
mdot_h2: 7.84 g/s
Reynolds_number: 10,001,946
Stack prop output power: 310 kW, Pcomp: 12.9 kW
Cell efficiency: 0.299, Output efficiency: 0.273
mdot_h2: 7.65 g/s
Fuel-cell system mass representative phase: climb (P_fc_sys=891.642 kW).

-----------------------
ptotal_climb: 1,186 kW, mtom_est: 4,949 kg, mtom: 5,000 kg, residual: -50.62 kg

MTOM update: initial_bracket_probe_1, relax=1.000 -> mtom_next=4,675.00 kg

======================================================
======================= ITER 2 =======================
Reynolds_number: 10,001,946
Stack prop output power: 310 kW, Pcomp: 12.9 kW
Cell efficiency: 0.299, Output efficiency: 0.273
mdot_h2: 7.65 g/s
Reynolds_number: 10,001,946
Stack prop output power: 290 kW, Pcomp: 12.1 kW
Cell efficiency: 0.299, Output efficiency: 0.273
mdot_h2: 7.17 g/s
Reynolds_number: 10,001,946
Stack prop output power: 290 kW, Pcomp: 12.1 kW
Cell efficiency: 0.299, Output efficiency: 0.273
mdot_h2: 7.15 g/s
Reynolds_number: 10,001,946
Stack prop output power: 455 kW, Pcomp: 4.1 kW
Cell efficiency: 0.284, Output efficiency: 0.268
mdot_h2: 11.45 g/s
Reynolds_number: 10,001,946
Stack prop output power: 417 kW, Pcomp: 3.7 kW
Cell efficiency: 0.284, Output efficiency: 0.268
mdot_h2: 10.49 g/s
Reynolds_number: 6,709,346
Stack prop output power: 447 kW, Pcomp: 3.9 kW
Cell efficiency: 0.305, Output efficiency: 0.287
mdot_h2: 10.48 g/s
Reynolds_number: 6,709,346
Stack prop output power: 410 kW, Pcomp: 3.6 kW
Cell efficiency: 0.305, Output efficiency: 0.287
mdot_h2: 9.60 g/s
Reynolds_number: 10,001,946
Stack prop output power: 310 kW, Pcomp: 12.9 kW
Cell efficiency: 0.299, Output efficiency: 0.273
mdot_h2: 7.65 g/s
Reynolds_number: 10,001,946
Stack prop output power: 290 kW, Pcomp: 12.1 kW
Cell efficiency: 0.299, Output efficiency: 0.273
mdot_h2: 7.17 g/s
Reynolds_number: 10,001,946
Stack prop output power: 290 kW, Pcomp: 12.1 kW
Cell efficiency: 0.299, Output efficiency: 0.273
mdot_h2: 7.15 g/s
Fuel-cell system mass representative phase: climb (P_fc_sys=833.692 kW).

-----------------------
ptotal_climb: 1,109 kW, mtom_est: 4,761 kg, mtom: 4,675 kg, residual: +86.32 kg

MTOM update: newton, relax=0.500 -> mtom_next=4,777.43 kg

======================================================
======================= ITER 3 =======================
Reynolds_number: 10,001,946
Stack prop output power: 290 kW, Pcomp: 12.1 kW
Cell efficiency: 0.299, Output efficiency: 0.273
mdot_h2: 7.15 g/s
Reynolds_number: 10,001,946
Stack prop output power: 296 kW, Pcomp: 12.3 kW
Cell efficiency: 0.299, Output efficiency: 0.273
mdot_h2: 7.30 g/s
Reynolds_number: 10,001,946
Stack prop output power: 414 kW, Pcomp: 3.7 kW
Cell efficiency: 0.284, Output efficiency: 0.268
mdot_h2: 10.40 g/s
Reynolds_number: 10,001,946
Stack prop output power: 426 kW, Pcomp: 3.8 kW
Cell efficiency: 0.284, Output efficiency: 0.268
mdot_h2: 10.70 g/s
Reynolds_number: 6,709,346
Stack prop output power: 406 kW, Pcomp: 3.5 kW
Cell efficiency: 0.305, Output efficiency: 0.287
mdot_h2: 9.53 g/s
Reynolds_number: 6,709,346
Stack prop output power: 418 kW, Pcomp: 3.6 kW
Cell efficiency: 0.305, Output efficiency: 0.287
mdot_h2: 9.80 g/s
Reynolds_number: 10,001,946
Stack prop output power: 290 kW, Pcomp: 12.1 kW
Cell efficiency: 0.299, Output efficiency: 0.273
mdot_h2: 7.15 g/s
Reynolds_number: 10,001,946
Stack prop output power: 296 kW, Pcomp: 12.3 kW
Cell efficiency: 0.299, Output efficiency: 0.273
mdot_h2: 7.30 g/s
Fuel-cell system mass representative phase: climb (P_fc_sys=851.950 kW).

-----------------------
ptotal_climb: 1,133 kW, mtom_est: 4,818 kg, mtom: 4,777 kg, residual: +40.28 kg

MTOM update: newton, relax=0.650 -> mtom_next=4,835.70 kg

======================================================
======================= ITER 4 =======================
Reynolds_number: 10,001,946
Stack prop output power: 296 kW, Pcomp: 12.3 kW
Cell efficiency: 0.299, Output efficiency: 0.273
mdot_h2: 7.31 g/s
Reynolds_number: 10,001,946
Stack prop output power: 299 kW, Pcomp: 12.5 kW
Cell efficiency: 0.299, Output efficiency: 0.273
mdot_h2: 7.39 g/s
Reynolds_number: 10,001,946
Stack prop output power: 424 kW, Pcomp: 3.8 kW
Cell efficiency: 0.284, Output efficiency: 0.268
mdot_h2: 10.66 g/s
Reynolds_number: 10,001,946
Stack prop output power: 431 kW, Pcomp: 3.8 kW
Cell efficiency: 0.284, Output efficiency: 0.268
mdot_h2: 10.84 g/s
Reynolds_number: 6,709,346
Stack prop output power: 416 kW, Pcomp: 3.6 kW
Cell efficiency: 0.305, Output efficiency: 0.287
mdot_h2: 9.77 g/s
Reynolds_number: 6,709,346
Stack prop output power: 423 kW, Pcomp: 3.7 kW
Cell efficiency: 0.305, Output efficiency: 0.287
mdot_h2: 9.92 g/s
Reynolds_number: 10,001,946
Stack prop output power: 296 kW, Pcomp: 12.3 kW
Cell efficiency: 0.299, Output efficiency: 0.273
mdot_h2: 7.31 g/s
Reynolds_number: 10,001,946
Stack prop output power: 299 kW, Pcomp: 12.5 kW
Cell efficiency: 0.299, Output efficiency: 0.273
mdot_h2: 7.39 g/s
Fuel-cell system mass representative phase: climb (P_fc_sys=862.341 kW).

-----------------------
ptotal_climb: 1,147 kW, mtom_est: 4,851 kg, mtom: 4,836 kg, residual: +15.74 kg

MTOM update: newton, relax=0.845 -> mtom_next=4,867.28 kg

======================================================
======================= ITER 5 =======================
Reynolds_number: 10,001,946
Stack prop output power: 299 kW, Pcomp: 12.5 kW
Cell efficiency: 0.299, Output efficiency: 0.273
mdot_h2: 7.39 g/s
Reynolds_number: 10,001,946
Stack prop output power: 301 kW, Pcomp: 12.6 kW
Cell efficiency: 0.299, Output efficiency: 0.273
mdot_h2: 7.44 g/s
Reynolds_number: 10,001,946
Stack prop output power: 430 kW, Pcomp: 3.8 kW
Cell efficiency: 0.284, Output efficiency: 0.268
mdot_h2: 10.81 g/s
Reynolds_number: 10,001,946
Stack prop output power: 434 kW, Pcomp: 3.9 kW
Cell efficiency: 0.284, Output efficiency: 0.268
mdot_h2: 10.91 g/s
Reynolds_number: 6,709,346
Stack prop output power: 422 kW, Pcomp: 3.7 kW
Cell efficiency: 0.305, Output efficiency: 0.287
mdot_h2: 9.90 g/s
Reynolds_number: 6,709,346
Stack prop output power: 426 kW, Pcomp: 3.7 kW
Cell efficiency: 0.305, Output efficiency: 0.287
mdot_h2: 9.99 g/s
Reynolds_number: 10,001,946
Stack prop output power: 299 kW, Pcomp: 12.5 kW
Cell efficiency: 0.299, Output efficiency: 0.273
mdot_h2: 7.39 g/s
Reynolds_number: 10,001,946
Stack prop output power: 301 kW, Pcomp: 12.6 kW
Cell efficiency: 0.299, Output efficiency: 0.273
mdot_h2: 7.44 g/s
Fuel-cell system mass representative phase: climb (P_fc_sys=867.973 kW).

-----------------------
ptotal_climb: 1,155 kW, mtom_est: 4,871 kg, mtom: 4,867 kg, residual: +3.42 kg


CONVERGED

CONVERGED STATE [MTOM iteration 5]
  MTOM=4,871 kg | Wing loading=215.57 kg/m^2 | P/W(climb)=237.07 W/kg
  Phase power: climb=1,154.7 kW | cruise=602.9 kW | takeoff=1,133.6 kW | cruise+charger=602.9 kW
  Power split (climb): FC=860.2 kW | Battery=286.7 kW | Compressor=7.7 kW | Cooling=368.5 kW | H2=21.815 g/s
  Compressor max across phases: 25.1 kW (cruise)
  FC representative phase (mass sizing): climb (868.0 kW)
  Mass summary: MTOM=4,871 kg | Powertrain=1,475 kg | Tank=314.3 kg | Fuel=139.7 kg | Battery=19.6 kg | Nacelle power density=0.71 kW/kg
  Geometry: Main wing area=22.59 m^2 | Horizontal tail area=3.754 m^2 | Horizontal tail location=9.905 m | Vertical tail area=3.824 m^2 | Vertical tail location=9.483 m
  Config: wing loading input=215.42 kg/m^2 | P/W TO/Cl/Cr=0.16953/0.17266/0.08631 kW/kg

=============================================================
========================= CONVERGED =========================
=============================================================
Constraint sizing: ENABLED (min_combined_pw)
Input W/S: 215.42 kg/m^2 (2,112.5 Pa)
Input P/W [kW/kg]: takeoff 0.16953, climb 0.17266, cruise 0.08631
-------------------------------------------------------------

Mission Time
Climb time: 0.00 min (0.00 h)
Cruise time: 152.86 min (2.55 h)
Total flight time: 174.86 min (2.91 h)

Phase Power Breakdown
Phase      Time[min]     Total[kW]    FC Stack[kW]   Battery[kW]   Compressor[kW]   Cooling[kW]
-----------------------------------------------------------------------------------------------
ready           0.00          57.7            57.7           0.0              0.0           0.0
taxi            5.00         115.5           115.5           0.0              0.0           0.0
takeoff         1.00       1,133.6           844.6         281.5              7.4         328.6
climb           0.00       1,154.7           860.2         286.7              7.7         368.5
cruise        152.86         602.9           577.8           0.0             25.1         246.8
loiter         15.00          60.3            57.8           0.0              2.5          24.7
landing         1.00           0.0             0.0           0.0              0.0           0.0

Pcomp_max (solved phases): 25.1 kW (cruise)
Pnet (climb): 1,043 kW
Pelectricnet (climb): 1,147 kW
eta_pt: 0.9031

Geometry
S_wing: 22.59 m^2
b_wing: 14.26 m
Lfus: 11.81 m
Ltank: 2.80 m
S_HT: 3.75 m^2
S_VT: 3.82 m^2
b_HT: 4.11 m
b_VT: 2.70 m
X_HT_act: 9.90 m
X_VT_act: 9.48 m

One Nacelle (1/2)
Stack(1/2): 248 kg, Compressor: 17 kg, Humidifier: 93 kg, HX: 254 kg
W_FCS_single_nacelle (W_Stack+W_Compressor+W_Humidifier+W_Hx): 612 kg
Representative FC phase: climb
Specific Power of Nacelle System: 0.709 kW/kg
dim_hx: dX=1.161 m, dY=1.161 m, dZ=0.211 m
dim_stack: dX=0.382 m, dY=0.269 m, dZ=0.269 m

ALL Nacelles
W_FCS_total: 1,224 kg
W_PMAD: 99 kg
W_Motors: 152 kg

-----------------------
W_Powertrain (W_FCS_total+W_PMAD+W_Motors): 1,475 kg
-----------------------
W_wing: 341 kg
W_Htail: 23 kg
W_Vtail: 46 kg
W_fuselage: 337 kg
W_lnd_gear_main: 243 kg
W_lnd_gear_nose: 65 kg
W_flight_control: 366 kg
W_electric_system: 300 kg
W_iae: 73 kg
W_hydraulics: 58 kg
W_fur: 370 kg
-----------------------
OEM: 2,222 kg
-----------------------
W_tank: 314 kg
W_fuel: 139.7 kg
W_batt: 19.6 kg
-----------------------
W_payload: 700 kg
-----------------------
MTOM_grouped (OEM+W_tank+W_fuel+W_batt+W_Powertrain+W_payload): 4,871 kg
MTOM: 4,871 kg
-----------------------

Wing loading (MTOM/S_wing): 215.57 kg/m^2
Power-to-weight (converged): 237.07 W/kg

mdot_H2(cruise): 14.9 g/s
Vtankex: 6.0 m^3
========================== END ==============================


=============================================================
Execution time: 49.5 seconds
=============================================================
