Auto-widening W/S scan window for min_combined_pw: 1900.0..2600.0 -> 1725.0..2775.0 Pa (factor 1.500, lower_hit=True, upper_hit=False, min_on_edge=False).
Auto-widening W/S scan window for min_combined_pw: 1725.0..2775.0 -> 1462.5..3037.5 Pa (factor 1.500, lower_hit=True, upper_hit=False, min_on_edge=False).
ADRpy constraint sizing (min_combined_pw): W/S=2162.5 Pa (220.51 kg/m^2), P/W_TO=0.17518 kW/kg, P/W_climb=0.17660 kW/kg, P/W_cruise=0.06207 kW/kg
Curve minimum (combined/combined): W/S=2162.5 Pa (220.51 kg/m^2), P/W=0.17660 kW/kg
Curve minimum (takeoff/take-off): W/S=1462.5 Pa (149.13 kg/m^2), P/W=0.10196 kW/kg
Curve minimum (climb/climb): W/S=2312.5 Pa (235.81 kg/m^2), P/W=0.17460 kW/kg
Curve minimum (cruise/cruise): W/S=2312.5 Pa (235.81 kg/m^2), P/W=0.06177 kW/kg
======================================================
======================= ITER 1 =======================
Reynolds_number: 7,953,592
Stack prop output power: 500 kW, Pcomp: 25.7 kW
Cell efficiency: 0.297, Output efficiency: 0.268
mdot_h2: 12.56 g/s
Reynolds_number: 7,953,592
Stack prop output power: 239 kW, Pcomp: 12.3 kW
Cell efficiency: 0.297, Output efficiency: 0.268
mdot_h2: 6.01 g/s
Reynolds_number: 7,953,592
Stack prop output power: 226 kW, Pcomp: 11.6 kW
Cell efficiency: 0.297, Output efficiency: 0.268
mdot_h2: 5.67 g/s
Reynolds_number: 7,953,592
Stack prop output power: 225 kW, Pcomp: 11.6 kW
Cell efficiency: 0.297, Output efficiency: 0.268
mdot_h2: 5.65 g/s
Reynolds_number: 7,953,592
Stack prop output power: 349 kW, Pcomp: 3.1 kW
Cell efficiency: 0.277, Output efficiency: 0.261
mdot_h2: 9.02 g/s
Reynolds_number: 7,953,592
Stack prop output power: 455 kW, Pcomp: 4.1 kW
Cell efficiency: 0.277, Output efficiency: 0.261
mdot_h2: 11.74 g/s
Reynolds_number: 7,953,592
Stack prop output power: 456 kW, Pcomp: 4.1 kW
Cell efficiency: 0.277, Output efficiency: 0.261
mdot_h2: 11.77 g/s
Reynolds_number: 6,709,346
Stack prop output power: 351 kW, Pcomp: 3.1 kW
Cell efficiency: 0.305, Output efficiency: 0.287
mdot_h2: 8.22 g/s
Reynolds_number: 6,709,346
Stack prop output power: 451 kW, Pcomp: 3.9 kW
Cell efficiency: 0.305, Output efficiency: 0.287
mdot_h2: 10.58 g/s
Reynolds_number: 6,709,346
Stack prop output power: 452 kW, Pcomp: 3.9 kW
Cell efficiency: 0.305, Output efficiency: 0.287
mdot_h2: 10.60 g/s
Reynolds_number: 7,953,592
Stack prop output power: 500 kW, Pcomp: 25.7 kW
Cell efficiency: 0.297, Output efficiency: 0.268
mdot_h2: 12.56 g/s
Reynolds_number: 7,953,592
Stack prop output power: 239 kW, Pcomp: 12.3 kW
Cell efficiency: 0.297, Output efficiency: 0.268
mdot_h2: 6.01 g/s
Reynolds_number: 7,953,592
Stack prop output power: 226 kW, Pcomp: 11.6 kW
Cell efficiency: 0.297, Output efficiency: 0.268
mdot_h2: 5.67 g/s
Reynolds_number: 7,953,592
Stack prop output power: 225 kW, Pcomp: 11.6 kW
Cell efficiency: 0.297, Output efficiency: 0.268
mdot_h2: 5.65 g/s
Fuel-cell system mass representative phase: climb (P_fc_sys=912.102 kW).

-----------------------
ptotal_climb: 1,213 kW, mtom_est: 5,829 kg, mtom: 5,000 kg, residual: +829.28 kg

MTOM update: initial_bracket_probe_1, relax=1.000 -> mtom_next=5,325.00 kg

======================================================
======================= ITER 2 =======================
Reynolds_number: 7,953,592
Stack prop output power: 225 kW, Pcomp: 11.6 kW
Cell efficiency: 0.297, Output efficiency: 0.268
mdot_h2: 5.65 g/s
Reynolds_number: 7,953,592
Stack prop output power: 239 kW, Pcomp: 12.3 kW
Cell efficiency: 0.297, Output efficiency: 0.268
mdot_h2: 6.00 g/s
Reynolds_number: 7,953,592
Stack prop output power: 240 kW, Pcomp: 12.3 kW
Cell efficiency: 0.297, Output efficiency: 0.268
mdot_h2: 6.02 g/s
Reynolds_number: 7,953,592
Stack prop output power: 446 kW, Pcomp: 4.0 kW
Cell efficiency: 0.277, Output efficiency: 0.261
mdot_h2: 11.52 g/s
Reynolds_number: 7,953,592
Stack prop output power: 485 kW, Pcomp: 4.4 kW
Cell efficiency: 0.277, Output efficiency: 0.261
mdot_h2: 12.52 g/s
Reynolds_number: 6,709,346
Stack prop output power: 443 kW, Pcomp: 3.9 kW
Cell efficiency: 0.305, Output efficiency: 0.287
mdot_h2: 10.38 g/s
Reynolds_number: 6,709,346
Stack prop output power: 481 kW, Pcomp: 4.2 kW
Cell efficiency: 0.305, Output efficiency: 0.287
mdot_h2: 11.29 g/s
Reynolds_number: 7,953,592
Stack prop output power: 225 kW, Pcomp: 11.6 kW
Cell efficiency: 0.297, Output efficiency: 0.268
mdot_h2: 5.65 g/s
Reynolds_number: 7,953,592
Stack prop output power: 239 kW, Pcomp: 12.3 kW
Cell efficiency: 0.297, Output efficiency: 0.268
mdot_h2: 6.00 g/s
Reynolds_number: 7,953,592
Stack prop output power: 240 kW, Pcomp: 12.3 kW
Cell efficiency: 0.297, Output efficiency: 0.268
mdot_h2: 6.02 g/s
Fuel-cell system mass representative phase: climb (P_fc_sys=971.382 kW).

-----------------------
ptotal_climb: 1,292 kW, mtom_est: 6,022 kg, mtom: 5,325 kg, residual: +697.11 kg

MTOM update: initial_bracket_probe_2, relax=1.000 -> mtom_next=5,650.00 kg

======================================================
======================= ITER 3 =======================
Reynolds_number: 7,953,592
Stack prop output power: 240 kW, Pcomp: 12.3 kW
Cell efficiency: 0.297, Output efficiency: 0.268
mdot_h2: 6.02 g/s
Reynolds_number: 7,953,592
Stack prop output power: 254 kW, Pcomp: 13.1 kW
Cell efficiency: 0.297, Output efficiency: 0.268
mdot_h2: 6.37 g/s
Reynolds_number: 7,953,592
Stack prop output power: 254 kW, Pcomp: 13.1 kW
Cell efficiency: 0.297, Output efficiency: 0.268
mdot_h2: 6.39 g/s
Reynolds_number: 7,953,592
Stack prop output power: 476 kW, Pcomp: 4.3 kW
Cell efficiency: 0.277, Output efficiency: 0.261
mdot_h2: 12.28 g/s
Reynolds_number: 7,953,592
Stack prop output power: 515 kW, Pcomp: 4.6 kW
Cell efficiency: 0.277, Output efficiency: 0.261
mdot_h2: 13.29 g/s
Reynolds_number: 6,709,346
Stack prop output power: 472 kW, Pcomp: 4.1 kW
Cell efficiency: 0.305, Output efficiency: 0.287
mdot_h2: 11.07 g/s
Reynolds_number: 6,709,346
Stack prop output power: 511 kW, Pcomp: 4.4 kW
Cell efficiency: 0.305, Output efficiency: 0.287
mdot_h2: 11.98 g/s
Reynolds_number: 7,953,592
Stack prop output power: 240 kW, Pcomp: 12.3 kW
Cell efficiency: 0.297, Output efficiency: 0.268
mdot_h2: 6.02 g/s
Reynolds_number: 7,953,592
Stack prop output power: 254 kW, Pcomp: 13.1 kW
Cell efficiency: 0.297, Output efficiency: 0.268
mdot_h2: 6.37 g/s
Reynolds_number: 7,953,592
Stack prop output power: 254 kW, Pcomp: 13.1 kW
Cell efficiency: 0.297, Output efficiency: 0.268
mdot_h2: 6.39 g/s
Fuel-cell system mass representative phase: climb (P_fc_sys=1030.669 kW).

-----------------------
ptotal_climb: 1,371 kW, mtom_est: 6,217 kg, mtom: 5,650 kg, residual: +567.05 kg

MTOM update: fixed_point_prebracket, relax=1.000 -> mtom_next=6,103.64 kg

======================================================
======================= ITER 4 =======================
Reynolds_number: 7,953,592
Stack prop output power: 254 kW, Pcomp: 13.1 kW
Cell efficiency: 0.297, Output efficiency: 0.268
mdot_h2: 6.39 g/s
Reynolds_number: 7,953,592
Stack prop output power: 274 kW, Pcomp: 14.1 kW
Cell efficiency: 0.297, Output efficiency: 0.268
mdot_h2: 6.87 g/s
Reynolds_number: 7,953,592
Stack prop output power: 275 kW, Pcomp: 14.1 kW
Cell efficiency: 0.297, Output efficiency: 0.268
mdot_h2: 6.90 g/s
Reynolds_number: 7,953,592
Stack prop output power: 502 kW, Pcomp: 4.5 kW
Cell efficiency: 0.277, Output efficiency: 0.261
mdot_h2: 12.95 g/s
Reynolds_number: 7,953,592
Stack prop output power: 556 kW, Pcomp: 5.0 kW
Cell efficiency: 0.277, Output efficiency: 0.261
mdot_h2: 14.35 g/s
Reynolds_number: 6,709,346
Stack prop output power: 497 kW, Pcomp: 4.3 kW
Cell efficiency: 0.305, Output efficiency: 0.287
mdot_h2: 11.67 g/s
Reynolds_number: 6,709,346
Stack prop output power: 552 kW, Pcomp: 4.8 kW
Cell efficiency: 0.305, Output efficiency: 0.287
mdot_h2: 12.93 g/s
Reynolds_number: 7,953,592
Stack prop output power: 254 kW, Pcomp: 13.1 kW
Cell efficiency: 0.297, Output efficiency: 0.268
mdot_h2: 6.39 g/s
Reynolds_number: 7,953,592
Stack prop output power: 274 kW, Pcomp: 14.1 kW
Cell efficiency: 0.297, Output efficiency: 0.268
mdot_h2: 6.87 g/s
Reynolds_number: 7,953,592
Stack prop output power: 275 kW, Pcomp: 14.1 kW
Cell efficiency: 0.297, Output efficiency: 0.268
mdot_h2: 6.90 g/s
Fuel-cell system mass representative phase: climb (P_fc_sys=1113.420 kW).

-----------------------
ptotal_climb: 1,481 kW, mtom_est: 6,491 kg, mtom: 6,104 kg, residual: +387.16 kg

MTOM update: fixed_point_prebracket, relax=1.000 -> mtom_next=6,413.37 kg

======================================================
======================= ITER 5 =======================
Reynolds_number: 7,953,592
Stack prop output power: 275 kW, Pcomp: 14.1 kW
Cell efficiency: 0.297, Output efficiency: 0.268
mdot_h2: 6.90 g/s
Reynolds_number: 7,953,592
Stack prop output power: 288 kW, Pcomp: 14.8 kW
Cell efficiency: 0.297, Output efficiency: 0.268
mdot_h2: 7.23 g/s
Reynolds_number: 7,953,592
Stack prop output power: 289 kW, Pcomp: 14.9 kW
Cell efficiency: 0.297, Output efficiency: 0.268
mdot_h2: 7.25 g/s
Reynolds_number: 7,953,592
Stack prop output power: 547 kW, Pcomp: 4.9 kW
Cell efficiency: 0.277, Output efficiency: 0.261
mdot_h2: 14.13 g/s
Reynolds_number: 7,953,592
Stack prop output power: 585 kW, Pcomp: 5.3 kW
Cell efficiency: 0.277, Output efficiency: 0.261
mdot_h2: 15.09 g/s
Reynolds_number: 6,709,346
Stack prop output power: 543 kW, Pcomp: 4.7 kW
Cell efficiency: 0.305, Output efficiency: 0.287
mdot_h2: 12.73 g/s
Reynolds_number: 6,709,346
Stack prop output power: 580 kW, Pcomp: 5.0 kW
Cell efficiency: 0.305, Output efficiency: 0.287
mdot_h2: 13.59 g/s
Reynolds_number: 7,953,592
Stack prop output power: 275 kW, Pcomp: 14.1 kW
Cell efficiency: 0.297, Output efficiency: 0.268
mdot_h2: 6.90 g/s
Reynolds_number: 7,953,592
Stack prop output power: 288 kW, Pcomp: 14.8 kW
Cell efficiency: 0.297, Output efficiency: 0.268
mdot_h2: 7.23 g/s
Reynolds_number: 7,953,592
Stack prop output power: 289 kW, Pcomp: 14.9 kW
Cell efficiency: 0.297, Output efficiency: 0.268
mdot_h2: 7.25 g/s
Fuel-cell system mass representative phase: climb (P_fc_sys=1169.923 kW).

-----------------------
ptotal_climb: 1,556 kW, mtom_est: 6,677 kg, mtom: 6,413 kg, residual: +264.10 kg

MTOM update: fixed_point_prebracket, relax=1.000 -> mtom_next=6,624.65 kg

======================================================
======================= ITER 6 =======================
Reynolds_number: 7,953,592
Stack prop output power: 289 kW, Pcomp: 14.9 kW
Cell efficiency: 0.297, Output efficiency: 0.268
mdot_h2: 7.25 g/s
Reynolds_number: 7,953,592
Stack prop output power: 298 kW, Pcomp: 15.3 kW
Cell efficiency: 0.297, Output efficiency: 0.268
mdot_h2: 7.48 g/s
Reynolds_number: 7,953,592
Stack prop output power: 579 kW, Pcomp: 5.2 kW
Cell efficiency: 0.277, Output efficiency: 0.261
mdot_h2: 14.93 g/s
Reynolds_number: 7,953,592
Stack prop output power: 604 kW, Pcomp: 5.4 kW
Cell efficiency: 0.277, Output efficiency: 0.261
mdot_h2: 15.59 g/s
Reynolds_number: 6,709,346
Stack prop output power: 574 kW, Pcomp: 5.0 kW
Cell efficiency: 0.305, Output efficiency: 0.287
mdot_h2: 13.45 g/s
Reynolds_number: 6,709,346
Stack prop output power: 599 kW, Pcomp: 5.2 kW
Cell efficiency: 0.305, Output efficiency: 0.287
mdot_h2: 14.05 g/s
Reynolds_number: 7,953,592
Stack prop output power: 289 kW, Pcomp: 14.9 kW
Cell efficiency: 0.297, Output efficiency: 0.268
mdot_h2: 7.25 g/s
Reynolds_number: 7,953,592
Stack prop output power: 298 kW, Pcomp: 15.3 kW
Cell efficiency: 0.297, Output efficiency: 0.268
mdot_h2: 7.48 g/s
Fuel-cell system mass representative phase: climb (P_fc_sys=1208.467 kW).

-----------------------
ptotal_climb: 1,608 kW, mtom_est: 6,804 kg, mtom: 6,625 kg, residual: +179.43 kg

MTOM update: fixed_point_prebracket, relax=1.000 -> mtom_next=6,768.19 kg

======================================================
======================= ITER 7 =======================
Reynolds_number: 7,953,592
Stack prop output power: 298 kW, Pcomp: 15.4 kW
Cell efficiency: 0.297, Output efficiency: 0.268
mdot_h2: 7.49 g/s
Reynolds_number: 7,953,592
Stack prop output power: 304 kW, Pcomp: 15.7 kW
Cell efficiency: 0.297, Output efficiency: 0.268
mdot_h2: 7.64 g/s
Reynolds_number: 7,953,592
Stack prop output power: 600 kW, Pcomp: 5.4 kW
Cell efficiency: 0.277, Output efficiency: 0.261
mdot_h2: 15.48 g/s
Reynolds_number: 7,953,592
Stack prop output power: 617 kW, Pcomp: 5.6 kW
Cell efficiency: 0.277, Output efficiency: 0.261
mdot_h2: 15.93 g/s
Reynolds_number: 6,709,346
Stack prop output power: 595 kW, Pcomp: 5.2 kW
Cell efficiency: 0.305, Output efficiency: 0.287
mdot_h2: 13.95 g/s
Reynolds_number: 6,709,346
Stack prop output power: 612 kW, Pcomp: 5.3 kW
Cell efficiency: 0.305, Output efficiency: 0.287
mdot_h2: 14.35 g/s
Reynolds_number: 7,953,592
Stack prop output power: 298 kW, Pcomp: 15.4 kW
Cell efficiency: 0.297, Output efficiency: 0.268
mdot_h2: 7.49 g/s
Reynolds_number: 7,953,592
Stack prop output power: 304 kW, Pcomp: 15.7 kW
Cell efficiency: 0.297, Output efficiency: 0.268
mdot_h2: 7.64 g/s
Fuel-cell system mass representative phase: climb (P_fc_sys=1234.653 kW).

-----------------------
ptotal_climb: 1,643 kW, mtom_est: 6,892 kg, mtom: 6,768 kg, residual: +124.01 kg

MTOM update: fixed_point_prebracket, relax=1.000 -> mtom_next=6,867.40 kg

======================================================
======================= ITER 8 =======================
Reynolds_number: 7,953,592
Stack prop output power: 305 kW, Pcomp: 15.7 kW
Cell efficiency: 0.297, Output efficiency: 0.268
mdot_h2: 7.65 g/s
Reynolds_number: 7,953,592
Stack prop output power: 309 kW, Pcomp: 15.9 kW
Cell efficiency: 0.297, Output efficiency: 0.268
mdot_h2: 7.76 g/s
Reynolds_number: 7,953,592
Stack prop output power: 614 kW, Pcomp: 5.5 kW
Cell efficiency: 0.277, Output efficiency: 0.261
mdot_h2: 15.85 g/s
Reynolds_number: 7,953,592
Stack prop output power: 626 kW, Pcomp: 5.6 kW
Cell efficiency: 0.277, Output efficiency: 0.261
mdot_h2: 16.16 g/s
Reynolds_number: 6,709,346
Stack prop output power: 609 kW, Pcomp: 5.3 kW
Cell efficiency: 0.305, Output efficiency: 0.287
mdot_h2: 14.29 g/s
Reynolds_number: 6,709,346
Stack prop output power: 621 kW, Pcomp: 5.4 kW
Cell efficiency: 0.305, Output efficiency: 0.287
mdot_h2: 14.56 g/s
Reynolds_number: 7,953,592
Stack prop output power: 305 kW, Pcomp: 15.7 kW
Cell efficiency: 0.297, Output efficiency: 0.268
mdot_h2: 7.65 g/s
Reynolds_number: 7,953,592
Stack prop output power: 309 kW, Pcomp: 15.9 kW
Cell efficiency: 0.297, Output efficiency: 0.268
mdot_h2: 7.76 g/s
Fuel-cell system mass representative phase: climb (P_fc_sys=1252.752 kW).

-----------------------
ptotal_climb: 1,667 kW, mtom_est: 6,952 kg, mtom: 6,867 kg, residual: +84.64 kg

MTOM update: newton_prebracket, relax=1.000 -> mtom_next=7,080.69 kg

======================================================
======================= ITER 9 =======================
Reynolds_number: 7,953,592
Stack prop output power: 309 kW, Pcomp: 15.9 kW
Cell efficiency: 0.297, Output efficiency: 0.268
mdot_h2: 7.76 g/s
Reynolds_number: 7,953,592
Stack prop output power: 318 kW, Pcomp: 16.4 kW
Cell efficiency: 0.297, Output efficiency: 0.268
mdot_h2: 7.99 g/s
Reynolds_number: 7,953,592
Stack prop output power: 620 kW, Pcomp: 5.6 kW
Cell efficiency: 0.277, Output efficiency: 0.261
mdot_h2: 16.00 g/s
Reynolds_number: 7,953,592
Stack prop output power: 646 kW, Pcomp: 5.8 kW
Cell efficiency: 0.277, Output efficiency: 0.261
mdot_h2: 16.66 g/s
Reynolds_number: 6,709,346
Stack prop output power: 615 kW, Pcomp: 5.4 kW
Cell efficiency: 0.305, Output efficiency: 0.287
mdot_h2: 14.42 g/s
Reynolds_number: 6,709,346
Stack prop output power: 640 kW, Pcomp: 5.6 kW
Cell efficiency: 0.305, Output efficiency: 0.287
mdot_h2: 15.01 g/s
Reynolds_number: 7,953,592
Stack prop output power: 309 kW, Pcomp: 15.9 kW
Cell efficiency: 0.297, Output efficiency: 0.268
mdot_h2: 7.76 g/s
Reynolds_number: 7,953,592
Stack prop output power: 318 kW, Pcomp: 16.4 kW
Cell efficiency: 0.297, Output efficiency: 0.268
mdot_h2: 7.99 g/s
Fuel-cell system mass representative phase: climb (P_fc_sys=1291.659 kW).

-----------------------
ptotal_climb: 1,718 kW, mtom_est: 7,081 kg, mtom: 7,081 kg, residual: -0.11 kg


CONVERGED

CONVERGED STATE [MTOM iteration 9]
  MTOM=7,081 kg | Wing loading=220.51 kg/m^2 | P/W(climb)=242.68 W/kg
  Phase power: climb=1,718.3 kW | cruise=637.3 kW | takeoff=1,704.1 kW | cruise+charger=637.3 kW
  Power split (climb): FC=1,280.0 kW | Battery=426.7 kW | Compressor=11.6 kW | Cooling=562.8 kW | H2=33.321 g/s
  Compressor max across phases: 32.8 kW (cruise)
  FC representative phase (mass sizing): climb (1,291.7 kW)
  Mass summary: MTOM=7,081 kg | Powertrain=2,400 kg | Tank=414.1 kg | Fuel=184.1 kg | Battery=29.4 kg | Nacelle power density=0.64 kW/kg
  Geometry: Main wing area=32.11 m^2 | Horizontal tail area=6.119 m^2 | Horizontal tail location=10.433 m | Vertical tail area=6.384 m^2 | Vertical tail location=9.780 m
  Config: wing loading input=220.51 kg/m^2 | P/W TO/Cl/Cr=0.17518/0.17660/0.06207 kW/kg

=============================================================
========================= CONVERGED =========================
=============================================================
Constraint sizing: ENABLED (min_combined_pw)
Input W/S: 220.51 kg/m^2 (2,162.5 Pa)
Input P/W [kW/kg]: takeoff 0.17518, climb 0.17660, cruise 0.06207
-------------------------------------------------------------

Mission Time
Climb time: 0.00 min (0.00 h)
Cruise time: 187.48 min (3.12 h)
Total flight time: 209.48 min (3.49 h)

Phase Power Breakdown
Phase      Time[min]     Total[kW]    FC Stack[kW]   Battery[kW]   Compressor[kW]   Cooling[kW]
-----------------------------------------------------------------------------------------------
ready           0.00          85.9            85.9           0.0              0.0           0.0
taxi            5.00         171.8           171.8           0.0              0.0           0.0
takeoff         1.00       1,704.1         1,269.7         423.2             11.2         489.1
climb           0.00       1,718.3         1,280.0         426.7             11.6         562.8
cruise        187.48         637.3           604.5           0.0             32.8         263.5
loiter         15.00          63.7            60.5           0.0              3.3          26.4
landing         1.00           0.0             0.0           0.0              0.0           0.0

Pcomp_max (solved phases): 32.8 kW (cruise)
Pnet (climb): 1,552 kW
Pelectricnet (climb): 1,707 kW
eta_pt: 0.9031

Geometry
S_wing: 32.11 m^2
b_wing: 17.00 m
Lfus: 12.70 m
Ltank: 3.69 m
S_HT: 6.12 m^2
S_VT: 6.38 m^2
b_HT: 5.25 m
b_VT: 3.48 m
X_HT_act: 10.43 m
X_VT_act: 9.78 m

One Nacelle (1/2)
Stack(1/2): 377 kg, Compressor: 27 kg, Humidifier: 152 kg, HX: 456 kg
W_FCS_single_nacelle (W_Stack+W_Compressor+W_Humidifier+W_Hx): 1,013 kg
Representative FC phase: climb
Specific Power of Nacelle System: 0.638 kW/kg
dim_hx: dX=1.593 m, dY=1.593 m, dZ=0.201 m
dim_stack: dX=0.391 m, dY=0.328 m, dZ=0.328 m

ALL Nacelles
W_FCS_total: 2,026 kg
W_PMAD: 148 kg
W_Motors: 227 kg

-----------------------
W_Powertrain (W_FCS_total+W_PMAD+W_Motors): 2,400 kg
-----------------------
W_wing: 533 kg
W_Htail: 43 kg
W_Vtail: 74 kg
W_fuselage: 353 kg
W_lnd_gear_main: 243 kg
W_lnd_gear_nose: 65 kg
W_flight_control: 366 kg
W_electric_system: 300 kg
W_iae: 100 kg
W_hydraulics: 85 kg
W_fur: 392 kg
-----------------------
OEM: 2,553 kg
-----------------------
W_tank: 414 kg
W_fuel: 184.1 kg
W_batt: 29.4 kg
-----------------------
W_payload: 1,500 kg
-----------------------
MTOM_grouped (OEM+W_tank+W_fuel+W_batt+W_Powertrain+W_payload): 7,081 kg
MTOM: 7,081 kg
-----------------------

Wing loading (MTOM/S_wing): 220.51 kg/m^2
Power-to-weight (converged): 242.68 W/kg

mdot_H2(cruise): 16.0 g/s
Vtankex: 7.9 m^3
========================== END ==============================


=============================================================
Execution time: 88.1 seconds
=============================================================
