Auto-widening W/S scan window for min_combined_pw: 1900.0..2600.0 -> 1725.0..2775.0 Pa (factor 1.500, lower_hit=True, upper_hit=False, min_on_edge=False).
Auto-widening W/S scan window for min_combined_pw: 1725.0..2775.0 -> 1462.5..3037.5 Pa (factor 1.500, lower_hit=True, upper_hit=False, min_on_edge=False).
ADRpy constraint sizing (min_combined_pw): W/S=2162.5 Pa (220.51 kg/m^2), P/W_TO=0.17518 kW/kg, P/W_climb=0.17632 kW/kg, P/W_cruise=0.08248 kW/kg
Curve minimum (combined/combined): W/S=2162.5 Pa (220.51 kg/m^2), P/W=0.17632 kW/kg
Curve minimum (takeoff/take-off): W/S=1462.5 Pa (149.13 kg/m^2), P/W=0.10196 kW/kg
Curve minimum (climb/climb): W/S=2312.5 Pa (235.81 kg/m^2), P/W=0.17438 kW/kg
Curve minimum (cruise/cruise): W/S=2312.5 Pa (235.81 kg/m^2), P/W=0.08024 kW/kg
======================================================
======================= ITER 1 =======================
Reynolds_number: 9,544,310
Stack prop output power: 500 kW, Pcomp: 25.8 kW
Cell efficiency: 0.298, Output efficiency: 0.269
mdot_h2: 12.50 g/s
Reynolds_number: 9,544,310
Stack prop output power: 309 kW, Pcomp: 15.9 kW
Cell efficiency: 0.298, Output efficiency: 0.269
mdot_h2: 7.73 g/s
Reynolds_number: 9,544,310
Stack prop output power: 300 kW, Pcomp: 15.4 kW
Cell efficiency: 0.298, Output efficiency: 0.269
mdot_h2: 7.49 g/s
Reynolds_number: 9,544,310
Stack prop output power: 299 kW, Pcomp: 15.4 kW
Cell efficiency: 0.298, Output efficiency: 0.269
mdot_h2: 7.48 g/s
Reynolds_number: 9,544,310
Stack prop output power: 350 kW, Pcomp: 3.1 kW
Cell efficiency: 0.279, Output efficiency: 0.262
mdot_h2: 8.97 g/s
Reynolds_number: 9,544,310
Stack prop output power: 454 kW, Pcomp: 4.1 kW
Cell efficiency: 0.279, Output efficiency: 0.262
mdot_h2: 11.65 g/s
Reynolds_number: 9,544,310
Stack prop output power: 455 kW, Pcomp: 4.1 kW
Cell efficiency: 0.279, Output efficiency: 0.262
mdot_h2: 11.68 g/s
Reynolds_number: 6,709,346
Stack prop output power: 351 kW, Pcomp: 3.1 kW
Cell efficiency: 0.305, Output efficiency: 0.287
mdot_h2: 8.22 g/s
Reynolds_number: 6,709,346
Stack prop output power: 451 kW, Pcomp: 3.9 kW
Cell efficiency: 0.305, Output efficiency: 0.287
mdot_h2: 10.58 g/s
Reynolds_number: 6,709,346
Stack prop output power: 452 kW, Pcomp: 3.9 kW
Cell efficiency: 0.305, Output efficiency: 0.287
mdot_h2: 10.60 g/s
Reynolds_number: 9,544,310
Stack prop output power: 500 kW, Pcomp: 25.8 kW
Cell efficiency: 0.298, Output efficiency: 0.269
mdot_h2: 12.50 g/s
Reynolds_number: 9,544,310
Stack prop output power: 309 kW, Pcomp: 15.9 kW
Cell efficiency: 0.298, Output efficiency: 0.269
mdot_h2: 7.73 g/s
Reynolds_number: 9,544,310
Stack prop output power: 300 kW, Pcomp: 15.4 kW
Cell efficiency: 0.298, Output efficiency: 0.269
mdot_h2: 7.49 g/s
Reynolds_number: 9,544,310
Stack prop output power: 299 kW, Pcomp: 15.4 kW
Cell efficiency: 0.298, Output efficiency: 0.269
mdot_h2: 7.48 g/s
Fuel-cell system mass representative phase: climb (P_fc_sys=910.627 kW).

-----------------------
ptotal_climb: 1,211 kW, mtom_est: 5,963 kg, mtom: 5,000 kg, residual: +962.52 kg

MTOM update: initial_bracket_probe_1, relax=1.000 -> mtom_next=5,325.00 kg

======================================================
======================= ITER 2 =======================
Reynolds_number: 9,544,310
Stack prop output power: 299 kW, Pcomp: 15.4 kW
Cell efficiency: 0.298, Output efficiency: 0.269
mdot_h2: 7.47 g/s
Reynolds_number: 9,544,310
Stack prop output power: 317 kW, Pcomp: 16.4 kW
Cell efficiency: 0.298, Output efficiency: 0.269
mdot_h2: 7.94 g/s
Reynolds_number: 9,544,310
Stack prop output power: 318 kW, Pcomp: 16.4 kW
Cell efficiency: 0.298, Output efficiency: 0.269
mdot_h2: 7.96 g/s
Reynolds_number: 9,544,310
Stack prop output power: 446 kW, Pcomp: 4.0 kW
Cell efficiency: 0.279, Output efficiency: 0.262
mdot_h2: 11.43 g/s
Reynolds_number: 9,544,310
Stack prop output power: 485 kW, Pcomp: 4.4 kW
Cell efficiency: 0.279, Output efficiency: 0.262
mdot_h2: 12.43 g/s
Reynolds_number: 6,709,346
Stack prop output power: 443 kW, Pcomp: 3.9 kW
Cell efficiency: 0.305, Output efficiency: 0.287
mdot_h2: 10.38 g/s
Reynolds_number: 6,709,346
Stack prop output power: 481 kW, Pcomp: 4.2 kW
Cell efficiency: 0.305, Output efficiency: 0.287
mdot_h2: 11.29 g/s
Reynolds_number: 9,544,310
Stack prop output power: 299 kW, Pcomp: 15.4 kW
Cell efficiency: 0.298, Output efficiency: 0.269
mdot_h2: 7.47 g/s
Reynolds_number: 9,544,310
Stack prop output power: 317 kW, Pcomp: 16.4 kW
Cell efficiency: 0.298, Output efficiency: 0.269
mdot_h2: 7.94 g/s
Reynolds_number: 9,544,310
Stack prop output power: 318 kW, Pcomp: 16.4 kW
Cell efficiency: 0.298, Output efficiency: 0.269
mdot_h2: 7.96 g/s
Fuel-cell system mass representative phase: climb (P_fc_sys=969.812 kW).

-----------------------
ptotal_climb: 1,290 kW, mtom_est: 6,163 kg, mtom: 5,325 kg, residual: +838.00 kg

MTOM update: initial_bracket_probe_2, relax=1.000 -> mtom_next=5,650.00 kg

======================================================
======================= ITER 3 =======================
Reynolds_number: 9,544,310
Stack prop output power: 318 kW, Pcomp: 16.4 kW
Cell efficiency: 0.298, Output efficiency: 0.269
mdot_h2: 7.96 g/s
Reynolds_number: 9,544,310
Stack prop output power: 337 kW, Pcomp: 17.4 kW
Cell efficiency: 0.298, Output efficiency: 0.269
mdot_h2: 8.42 g/s
Reynolds_number: 9,544,310
Stack prop output power: 338 kW, Pcomp: 17.4 kW
Cell efficiency: 0.298, Output efficiency: 0.269
mdot_h2: 8.45 g/s
Reynolds_number: 9,544,310
Stack prop output power: 475 kW, Pcomp: 4.3 kW
Cell efficiency: 0.279, Output efficiency: 0.262
mdot_h2: 12.18 g/s
Reynolds_number: 9,544,310
Stack prop output power: 514 kW, Pcomp: 4.6 kW
Cell efficiency: 0.279, Output efficiency: 0.262
mdot_h2: 13.19 g/s
Reynolds_number: 6,709,346
Stack prop output power: 472 kW, Pcomp: 4.1 kW
Cell efficiency: 0.305, Output efficiency: 0.287
mdot_h2: 11.07 g/s
Reynolds_number: 6,709,346
Stack prop output power: 511 kW, Pcomp: 4.4 kW
Cell efficiency: 0.305, Output efficiency: 0.287
mdot_h2: 11.98 g/s
Reynolds_number: 9,544,310
Stack prop output power: 318 kW, Pcomp: 16.4 kW
Cell efficiency: 0.298, Output efficiency: 0.269
mdot_h2: 7.96 g/s
Reynolds_number: 9,544,310
Stack prop output power: 337 kW, Pcomp: 17.4 kW
Cell efficiency: 0.298, Output efficiency: 0.269
mdot_h2: 8.42 g/s
Reynolds_number: 9,544,310
Stack prop output power: 338 kW, Pcomp: 17.4 kW
Cell efficiency: 0.298, Output efficiency: 0.269
mdot_h2: 8.45 g/s
Fuel-cell system mass representative phase: climb (P_fc_sys=1029.002 kW).

-----------------------
ptotal_climb: 1,369 kW, mtom_est: 6,364 kg, mtom: 5,650 kg, residual: +714.31 kg

MTOM update: fixed_point_prebracket, relax=1.000 -> mtom_next=6,221.45 kg

======================================================
======================= ITER 4 =======================
Reynolds_number: 9,544,310
Stack prop output power: 338 kW, Pcomp: 17.4 kW
Cell efficiency: 0.298, Output efficiency: 0.269
mdot_h2: 8.45 g/s
Reynolds_number: 9,544,310
Stack prop output power: 370 kW, Pcomp: 19.1 kW
Cell efficiency: 0.298, Output efficiency: 0.269
mdot_h2: 9.26 g/s
Reynolds_number: 9,544,310
Stack prop output power: 372 kW, Pcomp: 19.2 kW
Cell efficiency: 0.298, Output efficiency: 0.269
mdot_h2: 9.30 g/s
Reynolds_number: 9,544,310
Stack prop output power: 497 kW, Pcomp: 4.5 kW
Cell efficiency: 0.279, Output efficiency: 0.262
mdot_h2: 12.75 g/s
Reynolds_number: 9,544,310
Stack prop output power: 566 kW, Pcomp: 5.1 kW
Cell efficiency: 0.279, Output efficiency: 0.262
mdot_h2: 14.51 g/s
Reynolds_number: 9,544,310
Stack prop output power: 567 kW, Pcomp: 5.1 kW
Cell efficiency: 0.279, Output efficiency: 0.262
mdot_h2: 14.53 g/s
Reynolds_number: 6,709,346
Stack prop output power: 494 kW, Pcomp: 4.3 kW
Cell efficiency: 0.305, Output efficiency: 0.287
mdot_h2: 11.58 g/s
Reynolds_number: 6,709,346
Stack prop output power: 562 kW, Pcomp: 4.9 kW
Cell efficiency: 0.305, Output efficiency: 0.287
mdot_h2: 13.18 g/s
Reynolds_number: 6,709,346
Stack prop output power: 563 kW, Pcomp: 4.9 kW
Cell efficiency: 0.305, Output efficiency: 0.287
mdot_h2: 13.19 g/s
Reynolds_number: 9,544,310
Stack prop output power: 338 kW, Pcomp: 17.4 kW
Cell efficiency: 0.298, Output efficiency: 0.269
mdot_h2: 8.45 g/s
Reynolds_number: 9,544,310
Stack prop output power: 370 kW, Pcomp: 19.1 kW
Cell efficiency: 0.298, Output efficiency: 0.269
mdot_h2: 9.26 g/s
Reynolds_number: 9,544,310
Stack prop output power: 372 kW, Pcomp: 19.2 kW
Cell efficiency: 0.298, Output efficiency: 0.269
mdot_h2: 9.30 g/s
Fuel-cell system mass representative phase: climb (P_fc_sys=1133.084 kW).

-----------------------
ptotal_climb: 1,507 kW, mtom_est: 6,723 kg, mtom: 6,221 kg, residual: +501.85 kg

MTOM update: fixed_point_prebracket, relax=1.000 -> mtom_next=6,622.93 kg

======================================================
======================= ITER 5 =======================
Reynolds_number: 9,544,310
Stack prop output power: 372 kW, Pcomp: 19.2 kW
Cell efficiency: 0.298, Output efficiency: 0.269
mdot_h2: 9.30 g/s
Reynolds_number: 9,544,310
Stack prop output power: 395 kW, Pcomp: 20.3 kW
Cell efficiency: 0.298, Output efficiency: 0.269
mdot_h2: 9.87 g/s
Reynolds_number: 9,544,310
Stack prop output power: 396 kW, Pcomp: 20.4 kW
Cell efficiency: 0.298, Output efficiency: 0.269
mdot_h2: 9.90 g/s
Reynolds_number: 9,544,310
Stack prop output power: 554 kW, Pcomp: 5.0 kW
Cell efficiency: 0.279, Output efficiency: 0.262
mdot_h2: 14.22 g/s
Reynolds_number: 9,544,310
Stack prop output power: 603 kW, Pcomp: 5.4 kW
Cell efficiency: 0.279, Output efficiency: 0.262
mdot_h2: 15.45 g/s
Reynolds_number: 6,709,346
Stack prop output power: 551 kW, Pcomp: 4.8 kW
Cell efficiency: 0.305, Output efficiency: 0.287
mdot_h2: 12.91 g/s
Reynolds_number: 6,709,346
Stack prop output power: 599 kW, Pcomp: 5.2 kW
Cell efficiency: 0.305, Output efficiency: 0.287
mdot_h2: 14.04 g/s
Reynolds_number: 9,544,310
Stack prop output power: 372 kW, Pcomp: 19.2 kW
Cell efficiency: 0.298, Output efficiency: 0.269
mdot_h2: 9.30 g/s
Reynolds_number: 9,544,310
Stack prop output power: 395 kW, Pcomp: 20.3 kW
Cell efficiency: 0.298, Output efficiency: 0.269
mdot_h2: 9.87 g/s
Reynolds_number: 9,544,310
Stack prop output power: 396 kW, Pcomp: 20.4 kW
Cell efficiency: 0.298, Output efficiency: 0.269
mdot_h2: 9.90 g/s
Fuel-cell system mass representative phase: climb (P_fc_sys=1206.196 kW).

-----------------------
ptotal_climb: 1,605 kW, mtom_est: 6,973 kg, mtom: 6,623 kg, residual: +350.17 kg

MTOM update: fixed_point_prebracket, relax=1.000 -> mtom_next=6,903.06 kg

======================================================
======================= ITER 6 =======================
Reynolds_number: 9,544,310
Stack prop output power: 396 kW, Pcomp: 20.4 kW
Cell efficiency: 0.298, Output efficiency: 0.269
mdot_h2: 9.90 g/s
Reynolds_number: 9,544,310
Stack prop output power: 412 kW, Pcomp: 21.2 kW
Cell efficiency: 0.298, Output efficiency: 0.269
mdot_h2: 10.30 g/s
Reynolds_number: 9,544,310
Stack prop output power: 413 kW, Pcomp: 21.3 kW
Cell efficiency: 0.298, Output efficiency: 0.269
mdot_h2: 10.32 g/s
Reynolds_number: 9,544,310
Stack prop output power: 595 kW, Pcomp: 5.3 kW
Cell efficiency: 0.279, Output efficiency: 0.262
mdot_h2: 15.25 g/s
Reynolds_number: 9,544,310
Stack prop output power: 628 kW, Pcomp: 5.7 kW
Cell efficiency: 0.279, Output efficiency: 0.262
mdot_h2: 16.11 g/s
Reynolds_number: 6,709,346
Stack prop output power: 591 kW, Pcomp: 5.1 kW
Cell efficiency: 0.305, Output efficiency: 0.287
mdot_h2: 13.85 g/s
Reynolds_number: 6,709,346
Stack prop output power: 624 kW, Pcomp: 5.4 kW
Cell efficiency: 0.305, Output efficiency: 0.287
mdot_h2: 14.63 g/s
Reynolds_number: 9,544,310
Stack prop output power: 396 kW, Pcomp: 20.4 kW
Cell efficiency: 0.298, Output efficiency: 0.269
mdot_h2: 9.90 g/s
Reynolds_number: 9,544,310
Stack prop output power: 412 kW, Pcomp: 21.2 kW
Cell efficiency: 0.298, Output efficiency: 0.269
mdot_h2: 10.30 g/s
Reynolds_number: 9,544,310
Stack prop output power: 413 kW, Pcomp: 21.3 kW
Cell efficiency: 0.298, Output efficiency: 0.269
mdot_h2: 10.32 g/s
Fuel-cell system mass representative phase: climb (P_fc_sys=1257.218 kW).

-----------------------
ptotal_climb: 1,673 kW, mtom_est: 7,149 kg, mtom: 6,903 kg, residual: +246.15 kg

MTOM update: fixed_point_prebracket, relax=1.000 -> mtom_next=7,099.98 kg

======================================================
======================= ITER 7 =======================
Reynolds_number: 9,544,310
Stack prop output power: 413 kW, Pcomp: 21.3 kW
Cell efficiency: 0.298, Output efficiency: 0.269
mdot_h2: 10.32 g/s
Reynolds_number: 9,544,310
Stack prop output power: 424 kW, Pcomp: 21.8 kW
Cell efficiency: 0.298, Output efficiency: 0.269
mdot_h2: 10.60 g/s
Reynolds_number: 9,544,310
Stack prop output power: 425 kW, Pcomp: 21.9 kW
Cell efficiency: 0.298, Output efficiency: 0.269
mdot_h2: 10.61 g/s
Reynolds_number: 9,544,310
Stack prop output power: 623 kW, Pcomp: 5.6 kW
Cell efficiency: 0.279, Output efficiency: 0.262
mdot_h2: 15.97 g/s
Reynolds_number: 9,544,310
Stack prop output power: 646 kW, Pcomp: 5.8 kW
Cell efficiency: 0.279, Output efficiency: 0.262
mdot_h2: 16.57 g/s
Reynolds_number: 6,709,346
Stack prop output power: 618 kW, Pcomp: 5.4 kW
Cell efficiency: 0.305, Output efficiency: 0.287
mdot_h2: 14.50 g/s
Reynolds_number: 6,709,346
Stack prop output power: 642 kW, Pcomp: 5.6 kW
Cell efficiency: 0.305, Output efficiency: 0.287
mdot_h2: 15.05 g/s
Reynolds_number: 9,544,310
Stack prop output power: 413 kW, Pcomp: 21.3 kW
Cell efficiency: 0.298, Output efficiency: 0.269
mdot_h2: 10.32 g/s
Reynolds_number: 9,544,310
Stack prop output power: 424 kW, Pcomp: 21.8 kW
Cell efficiency: 0.298, Output efficiency: 0.269
mdot_h2: 10.60 g/s
Reynolds_number: 9,544,310
Stack prop output power: 425 kW, Pcomp: 21.9 kW
Cell efficiency: 0.298, Output efficiency: 0.269
mdot_h2: 10.61 g/s
Fuel-cell system mass representative phase: climb (P_fc_sys=1293.084 kW).

-----------------------
ptotal_climb: 1,720 kW, mtom_est: 7,273 kg, mtom: 7,100 kg, residual: +172.94 kg

MTOM update: fixed_point_prebracket, relax=1.000 -> mtom_next=7,238.34 kg

======================================================
======================= ITER 8 =======================
Reynolds_number: 9,544,310
Stack prop output power: 425 kW, Pcomp: 21.9 kW
Cell efficiency: 0.298, Output efficiency: 0.269
mdot_h2: 10.61 g/s
Reynolds_number: 9,544,310
Stack prop output power: 432 kW, Pcomp: 22.3 kW
Cell efficiency: 0.298, Output efficiency: 0.269
mdot_h2: 10.81 g/s
Reynolds_number: 9,544,310
Stack prop output power: 642 kW, Pcomp: 5.8 kW
Cell efficiency: 0.279, Output efficiency: 0.262
mdot_h2: 16.47 g/s
Reynolds_number: 9,544,310
Stack prop output power: 659 kW, Pcomp: 5.9 kW
Cell efficiency: 0.279, Output efficiency: 0.262
mdot_h2: 16.90 g/s
Reynolds_number: 6,709,346
Stack prop output power: 638 kW, Pcomp: 5.6 kW
Cell efficiency: 0.305, Output efficiency: 0.287
mdot_h2: 14.96 g/s
Reynolds_number: 6,709,346
Stack prop output power: 655 kW, Pcomp: 5.7 kW
Cell efficiency: 0.305, Output efficiency: 0.287
mdot_h2: 15.35 g/s
Reynolds_number: 9,544,310
Stack prop output power: 425 kW, Pcomp: 21.9 kW
Cell efficiency: 0.298, Output efficiency: 0.269
mdot_h2: 10.61 g/s
Reynolds_number: 9,544,310
Stack prop output power: 432 kW, Pcomp: 22.3 kW
Cell efficiency: 0.298, Output efficiency: 0.269
mdot_h2: 10.81 g/s
Fuel-cell system mass representative phase: climb (P_fc_sys=1318.282 kW).

-----------------------
ptotal_climb: 1,754 kW, mtom_est: 7,360 kg, mtom: 7,238 kg, residual: +121.68 kg

MTOM update: newton_prebracket, relax=1.000 -> mtom_next=7,566.75 kg

======================================================
======================= ITER 9 =======================
Reynolds_number: 9,544,310
Stack prop output power: 433 kW, Pcomp: 22.3 kW
Cell efficiency: 0.298, Output efficiency: 0.269
mdot_h2: 10.82 g/s
Reynolds_number: 9,544,310
Stack prop output power: 452 kW, Pcomp: 23.3 kW
Cell efficiency: 0.298, Output efficiency: 0.269
mdot_h2: 11.29 g/s
Reynolds_number: 9,544,310
Stack prop output power: 452 kW, Pcomp: 23.3 kW
Cell efficiency: 0.298, Output efficiency: 0.269
mdot_h2: 11.31 g/s
Reynolds_number: 9,544,310
Stack prop output power: 649 kW, Pcomp: 5.8 kW
Cell efficiency: 0.279, Output efficiency: 0.262
mdot_h2: 16.65 g/s
Reynolds_number: 9,544,310
Stack prop output power: 689 kW, Pcomp: 6.2 kW
Cell efficiency: 0.279, Output efficiency: 0.262
mdot_h2: 17.66 g/s
Reynolds_number: 6,709,346
Stack prop output power: 645 kW, Pcomp: 5.6 kW
Cell efficiency: 0.305, Output efficiency: 0.287
mdot_h2: 15.12 g/s
Reynolds_number: 6,709,346
Stack prop output power: 684 kW, Pcomp: 6.0 kW
Cell efficiency: 0.305, Output efficiency: 0.287
mdot_h2: 16.04 g/s
Reynolds_number: 9,544,310
Stack prop output power: 433 kW, Pcomp: 22.3 kW
Cell efficiency: 0.298, Output efficiency: 0.269
mdot_h2: 10.82 g/s
Reynolds_number: 9,544,310
Stack prop output power: 452 kW, Pcomp: 23.3 kW
Cell efficiency: 0.298, Output efficiency: 0.269
mdot_h2: 11.29 g/s
Reynolds_number: 9,544,310
Stack prop output power: 452 kW, Pcomp: 23.3 kW
Cell efficiency: 0.298, Output efficiency: 0.269
mdot_h2: 11.31 g/s
Fuel-cell system mass representative phase: climb (P_fc_sys=1378.091 kW).

-----------------------
ptotal_climb: 1,833 kW, mtom_est: 7,567 kg, mtom: 7,567 kg, residual: +0.47 kg


CONVERGED

CONVERGED STATE [MTOM iteration 9]
  MTOM=7,567 kg | Wing loading=220.53 kg/m^2 | P/W(climb)=242.27 W/kg
  Phase power: climb=1,833.3 kW | cruise=905.0 kW | takeoff=1,821.1 kW | cruise+charger=905.0 kW
  Power split (climb): FC=1,365.7 kW | Battery=455.2 kW | Compressor=12.4 kW | Cooling=595.3 kW | H2=35.322 g/s
  Compressor max across phases: 46.6 kW (cruise)
  FC representative phase (mass sizing): climb (1,378.1 kW)
  Mass summary: MTOM=7,567 kg | Powertrain=2,408 kg | Tank=609.6 kg | Fuel=270.9 kg | Battery=31.4 kg | Nacelle power density=0.69 kW/kg
  Geometry: Main wing area=34.31 m^2 | Horizontal tail area=5.652 m^2 | Horizontal tail location=12.239 m | Vertical tail area=5.816 m^2 | Vertical tail location=11.641 m
  Config: wing loading input=220.51 kg/m^2 | P/W TO/Cl/Cr=0.17518/0.17632/0.08248 kW/kg

=============================================================
========================= CONVERGED =========================
=============================================================
Constraint sizing: ENABLED (min_combined_pw)
Input W/S: 220.51 kg/m^2 (2,162.5 Pa)
Input P/W [kW/kg]: takeoff 0.17518, climb 0.17632, cruise 0.08248
-------------------------------------------------------------

Mission Time
Climb time: 0.00 min (0.00 h)
Cruise time: 195.92 min (3.27 h)
Total flight time: 217.92 min (3.63 h)

Phase Power Breakdown
Phase      Time[min]     Total[kW]    FC Stack[kW]   Battery[kW]   Compressor[kW]   Cooling[kW]
-----------------------------------------------------------------------------------------------
ready           0.00          91.7            91.7           0.0              0.0           0.0
taxi            5.00         183.3           183.3           0.0              0.0           0.0
takeoff         1.00       1,821.1         1,356.9         452.3             11.9         522.5
climb           0.00       1,833.3         1,365.7         455.2             12.4         595.3
cruise        195.92         905.0           858.4           0.0             46.6         371.9
loiter         15.00          90.5            85.8           0.0              4.7          37.2
landing         1.00           0.0             0.0           0.0              0.0           0.0

Pcomp_max (solved phases): 46.6 kW (cruise)
Pnet (climb): 1,656 kW
Pelectricnet (climb): 1,821 kW
eta_pt: 0.9031

Geometry
S_wing: 34.31 m^2
b_wing: 17.57 m
Lfus: 14.44 m
Ltank: 5.43 m
S_HT: 5.65 m^2
S_VT: 5.82 m^2
b_HT: 5.04 m
b_VT: 3.32 m
X_HT_act: 12.24 m
X_VT_act: 11.64 m

One Nacelle (1/2)
Stack(1/2): 400 kg, Compressor: 29 kg, Humidifier: 158 kg, HX: 416 kg
W_FCS_single_nacelle (W_Stack+W_Compressor+W_Humidifier+W_Hx): 1,004 kg
Representative FC phase: climb
Specific Power of Nacelle System: 0.686 kW/kg
dim_hx: dX=1.491 m, dY=1.491 m, dZ=0.209 m
dim_stack: dX=0.389 m, dY=0.339 m, dZ=0.339 m

ALL Nacelles
W_FCS_total: 2,008 kg
W_PMAD: 157 kg
W_Motors: 242 kg

-----------------------
W_Powertrain (W_FCS_total+W_PMAD+W_Motors): 2,408 kg
-----------------------
W_wing: 580 kg
W_Htail: 42 kg
W_Vtail: 73 kg
W_fuselage: 448 kg
W_lnd_gear_main: 243 kg
W_lnd_gear_nose: 65 kg
W_flight_control: 366 kg
W_electric_system: 300 kg
W_iae: 106 kg
W_hydraulics: 91 kg
W_fur: 434 kg
-----------------------
OEM: 2,748 kg
-----------------------
W_tank: 610 kg
W_fuel: 270.9 kg
W_batt: 31.4 kg
-----------------------
W_payload: 1,500 kg
-----------------------
MTOM_grouped (OEM+W_tank+W_fuel+W_batt+W_Powertrain+W_payload): 7,567 kg
MTOM: 7,567 kg
-----------------------

Wing loading (MTOM/S_wing): 220.53 kg/m^2
Power-to-weight (converged): 242.27 W/kg

mdot_H2(cruise): 22.6 g/s
Vtankex: 11.6 m^3
========================== END ==============================


=============================================================
Execution time: 95.0 seconds
=============================================================
