Auto-widening W/S scan window for min_combined_pw: 1900.0..2600.0 -> 1725.0..2775.0 Pa (factor 1.500, lower_hit=True, upper_hit=False, min_on_edge=False).
Auto-widening W/S scan window for min_combined_pw: 1725.0..2775.0 -> 1462.5..3037.5 Pa (factor 1.500, lower_hit=True, upper_hit=False, min_on_edge=False).
ADRpy constraint sizing (min_combined_pw): W/S=2162.5 Pa (220.51 kg/m^2), P/W_TO=0.17518 kW/kg, P/W_climb=0.17682 kW/kg, P/W_cruise=0.11410 kW/kg
Curve minimum (combined/combined): W/S=2162.5 Pa (220.51 kg/m^2), P/W=0.17682 kW/kg
Curve minimum (takeoff/take-off): W/S=1462.5 Pa (149.13 kg/m^2), P/W=0.10196 kW/kg
Curve minimum (climb/climb): W/S=2312.5 Pa (235.81 kg/m^2), P/W=0.17496 kW/kg
Curve minimum (cruise/cruise): W/S=2312.5 Pa (235.81 kg/m^2), P/W=0.10936 kW/kg
======================================================
======================= ITER 1 =======================
Reynolds_number: 11,135,029
Stack prop output power: 500 kW, Pcomp: 25.8 kW
Cell efficiency: 0.300, Output efficiency: 0.271
mdot_h2: 12.43 g/s
Reynolds_number: 11,135,029
Stack prop output power: 418 kW, Pcomp: 21.6 kW
Cell efficiency: 0.300, Output efficiency: 0.271
mdot_h2: 10.39 g/s
Reynolds_number: 11,135,029
Stack prop output power: 414 kW, Pcomp: 21.3 kW
Cell efficiency: 0.300, Output efficiency: 0.271
mdot_h2: 10.29 g/s
Reynolds_number: 11,135,029
Stack prop output power: 349 kW, Pcomp: 3.1 kW
Cell efficiency: 0.281, Output efficiency: 0.264
mdot_h2: 8.89 g/s
Reynolds_number: 11,135,029
Stack prop output power: 456 kW, Pcomp: 4.1 kW
Cell efficiency: 0.281, Output efficiency: 0.264
mdot_h2: 11.60 g/s
Reynolds_number: 11,135,029
Stack prop output power: 457 kW, Pcomp: 4.1 kW
Cell efficiency: 0.281, Output efficiency: 0.264
mdot_h2: 11.63 g/s
Reynolds_number: 6,709,346
Stack prop output power: 351 kW, Pcomp: 3.1 kW
Cell efficiency: 0.305, Output efficiency: 0.287
mdot_h2: 8.22 g/s
Reynolds_number: 6,709,346
Stack prop output power: 451 kW, Pcomp: 3.9 kW
Cell efficiency: 0.305, Output efficiency: 0.287
mdot_h2: 10.58 g/s
Reynolds_number: 6,709,346
Stack prop output power: 452 kW, Pcomp: 3.9 kW
Cell efficiency: 0.305, Output efficiency: 0.287
mdot_h2: 10.60 g/s
Reynolds_number: 11,135,029
Stack prop output power: 500 kW, Pcomp: 25.8 kW
Cell efficiency: 0.300, Output efficiency: 0.271
mdot_h2: 12.43 g/s
Reynolds_number: 11,135,029
Stack prop output power: 418 kW, Pcomp: 21.6 kW
Cell efficiency: 0.300, Output efficiency: 0.271
mdot_h2: 10.39 g/s
Reynolds_number: 11,135,029
Stack prop output power: 414 kW, Pcomp: 21.3 kW
Cell efficiency: 0.300, Output efficiency: 0.271
mdot_h2: 10.29 g/s
Fuel-cell system mass representative phase: climb (P_fc_sys=913.206 kW).

-----------------------
ptotal_climb: 1,215 kW, mtom_est: 5,474 kg, mtom: 5,000 kg, residual: +474.28 kg

MTOM update: initial_bracket_probe_1, relax=1.000 -> mtom_next=5,325.00 kg

======================================================
======================= ITER 2 =======================
Reynolds_number: 11,135,029
Stack prop output power: 414 kW, Pcomp: 21.3 kW
Cell efficiency: 0.300, Output efficiency: 0.271
mdot_h2: 10.28 g/s
Reynolds_number: 11,135,029
Stack prop output power: 439 kW, Pcomp: 22.6 kW
Cell efficiency: 0.300, Output efficiency: 0.271
mdot_h2: 10.92 g/s
Reynolds_number: 11,135,029
Stack prop output power: 440 kW, Pcomp: 22.7 kW
Cell efficiency: 0.300, Output efficiency: 0.271
mdot_h2: 10.95 g/s
Reynolds_number: 11,135,029
Stack prop output power: 447 kW, Pcomp: 4.0 kW
Cell efficiency: 0.281, Output efficiency: 0.264
mdot_h2: 11.38 g/s
Reynolds_number: 11,135,029
Stack prop output power: 486 kW, Pcomp: 4.4 kW
Cell efficiency: 0.281, Output efficiency: 0.264
mdot_h2: 12.37 g/s
Reynolds_number: 6,709,346
Stack prop output power: 443 kW, Pcomp: 3.9 kW
Cell efficiency: 0.305, Output efficiency: 0.287
mdot_h2: 10.38 g/s
Reynolds_number: 6,709,346
Stack prop output power: 481 kW, Pcomp: 4.2 kW
Cell efficiency: 0.305, Output efficiency: 0.287
mdot_h2: 11.29 g/s
Reynolds_number: 11,135,029
Stack prop output power: 414 kW, Pcomp: 21.3 kW
Cell efficiency: 0.300, Output efficiency: 0.271
mdot_h2: 10.28 g/s
Reynolds_number: 11,135,029
Stack prop output power: 439 kW, Pcomp: 22.6 kW
Cell efficiency: 0.300, Output efficiency: 0.271
mdot_h2: 10.92 g/s
Reynolds_number: 11,135,029
Stack prop output power: 440 kW, Pcomp: 22.7 kW
Cell efficiency: 0.300, Output efficiency: 0.271
mdot_h2: 10.95 g/s
Fuel-cell system mass representative phase: climb (P_fc_sys=972.558 kW).

-----------------------
ptotal_climb: 1,294 kW, mtom_est: 5,718 kg, mtom: 5,325 kg, residual: +392.80 kg

MTOM update: initial_bracket_probe_2, relax=1.000 -> mtom_next=5,650.00 kg

======================================================
======================= ITER 3 =======================
Reynolds_number: 11,135,029
Stack prop output power: 441 kW, Pcomp: 22.7 kW
Cell efficiency: 0.300, Output efficiency: 0.271
mdot_h2: 10.95 g/s
Reynolds_number: 11,135,029
Stack prop output power: 466 kW, Pcomp: 24.0 kW
Cell efficiency: 0.300, Output efficiency: 0.271
mdot_h2: 11.59 g/s
Reynolds_number: 11,135,029
Stack prop output power: 467 kW, Pcomp: 24.1 kW
Cell efficiency: 0.300, Output efficiency: 0.271
mdot_h2: 11.62 g/s
Reynolds_number: 11,135,029
Stack prop output power: 476 kW, Pcomp: 4.3 kW
Cell efficiency: 0.281, Output efficiency: 0.264
mdot_h2: 12.13 g/s
Reynolds_number: 11,135,029
Stack prop output power: 516 kW, Pcomp: 4.6 kW
Cell efficiency: 0.281, Output efficiency: 0.264
mdot_h2: 13.13 g/s
Reynolds_number: 6,709,346
Stack prop output power: 472 kW, Pcomp: 4.1 kW
Cell efficiency: 0.305, Output efficiency: 0.287
mdot_h2: 11.07 g/s
Reynolds_number: 6,709,346
Stack prop output power: 511 kW, Pcomp: 4.4 kW
Cell efficiency: 0.305, Output efficiency: 0.287
mdot_h2: 11.98 g/s
Reynolds_number: 11,135,029
Stack prop output power: 441 kW, Pcomp: 22.7 kW
Cell efficiency: 0.300, Output efficiency: 0.271
mdot_h2: 10.95 g/s
Reynolds_number: 11,135,029
Stack prop output power: 466 kW, Pcomp: 24.0 kW
Cell efficiency: 0.300, Output efficiency: 0.271
mdot_h2: 11.59 g/s
Reynolds_number: 11,135,029
Stack prop output power: 467 kW, Pcomp: 24.1 kW
Cell efficiency: 0.300, Output efficiency: 0.271
mdot_h2: 11.62 g/s
Fuel-cell system mass representative phase: climb (P_fc_sys=1031.916 kW).

-----------------------
ptotal_climb: 1,373 kW, mtom_est: 5,960 kg, mtom: 5,650 kg, residual: +309.88 kg

MTOM update: fixed_point_prebracket, relax=1.000 -> mtom_next=5,897.90 kg

======================================================
======================= ITER 4 =======================
Reynolds_number: 11,135,029
Stack prop output power: 467 kW, Pcomp: 24.1 kW
Cell efficiency: 0.300, Output efficiency: 0.271
mdot_h2: 11.62 g/s
Reynolds_number: 11,135,029
Stack prop output power: 487 kW, Pcomp: 25.1 kW
Cell efficiency: 0.300, Output efficiency: 0.271
mdot_h2: 12.10 g/s
Reynolds_number: 11,135,029
Stack prop output power: 488 kW, Pcomp: 25.2 kW
Cell efficiency: 0.300, Output efficiency: 0.271
mdot_h2: 12.13 g/s
Reynolds_number: 11,135,029
Stack prop output power: 508 kW, Pcomp: 4.6 kW
Cell efficiency: 0.281, Output efficiency: 0.264
mdot_h2: 12.95 g/s
Reynolds_number: 11,135,029
Stack prop output power: 538 kW, Pcomp: 4.8 kW
Cell efficiency: 0.281, Output efficiency: 0.264
mdot_h2: 13.71 g/s
Reynolds_number: 6,709,346
Stack prop output power: 504 kW, Pcomp: 4.4 kW
Cell efficiency: 0.305, Output efficiency: 0.287
mdot_h2: 11.81 g/s
Reynolds_number: 6,709,346
Stack prop output power: 533 kW, Pcomp: 4.6 kW
Cell efficiency: 0.305, Output efficiency: 0.287
mdot_h2: 12.50 g/s
Reynolds_number: 11,135,029
Stack prop output power: 467 kW, Pcomp: 24.1 kW
Cell efficiency: 0.300, Output efficiency: 0.271
mdot_h2: 11.62 g/s
Reynolds_number: 11,135,029
Stack prop output power: 487 kW, Pcomp: 25.1 kW
Cell efficiency: 0.300, Output efficiency: 0.271
mdot_h2: 12.10 g/s
Reynolds_number: 11,135,029
Stack prop output power: 488 kW, Pcomp: 25.2 kW
Cell efficiency: 0.300, Output efficiency: 0.271
mdot_h2: 12.13 g/s
Fuel-cell system mass representative phase: climb (P_fc_sys=1077.195 kW).

-----------------------
ptotal_climb: 1,433 kW, mtom_est: 6,147 kg, mtom: 5,898 kg, residual: +249.35 kg

MTOM update: fixed_point_prebracket, relax=1.000 -> mtom_next=6,097.38 kg

======================================================
======================= ITER 5 =======================
Reynolds_number: 11,135,029
Stack prop output power: 488 kW, Pcomp: 25.2 kW
Cell efficiency: 0.300, Output efficiency: 0.271
mdot_h2: 12.13 g/s
Reynolds_number: 11,135,029
Stack prop output power: 504 kW, Pcomp: 26.0 kW
Cell efficiency: 0.300, Output efficiency: 0.271
mdot_h2: 12.52 g/s
Reynolds_number: 11,135,029
Stack prop output power: 504 kW, Pcomp: 26.0 kW
Cell efficiency: 0.300, Output efficiency: 0.271
mdot_h2: 12.54 g/s
Reynolds_number: 11,135,029
Stack prop output power: 533 kW, Pcomp: 4.8 kW
Cell efficiency: 0.281, Output efficiency: 0.264
mdot_h2: 13.56 g/s
Reynolds_number: 11,135,029
Stack prop output power: 557 kW, Pcomp: 5.0 kW
Cell efficiency: 0.281, Output efficiency: 0.264
mdot_h2: 14.17 g/s
Reynolds_number: 6,709,346
Stack prop output power: 527 kW, Pcomp: 4.6 kW
Cell efficiency: 0.305, Output efficiency: 0.287
mdot_h2: 12.37 g/s
Reynolds_number: 6,709,346
Stack prop output power: 551 kW, Pcomp: 4.8 kW
Cell efficiency: 0.305, Output efficiency: 0.287
mdot_h2: 12.93 g/s
Reynolds_number: 11,135,029
Stack prop output power: 488 kW, Pcomp: 25.2 kW
Cell efficiency: 0.300, Output efficiency: 0.271
mdot_h2: 12.13 g/s
Reynolds_number: 11,135,029
Stack prop output power: 504 kW, Pcomp: 26.0 kW
Cell efficiency: 0.300, Output efficiency: 0.271
mdot_h2: 12.52 g/s
Reynolds_number: 11,135,029
Stack prop output power: 504 kW, Pcomp: 26.0 kW
Cell efficiency: 0.300, Output efficiency: 0.271
mdot_h2: 12.54 g/s
Fuel-cell system mass representative phase: climb (P_fc_sys=1113.629 kW).

-----------------------
ptotal_climb: 1,482 kW, mtom_est: 6,298 kg, mtom: 6,097 kg, residual: +200.68 kg

MTOM update: fixed_point_prebracket, relax=1.000 -> mtom_next=6,257.93 kg

======================================================
======================= ITER 6 =======================
Reynolds_number: 11,135,029
Stack prop output power: 504 kW, Pcomp: 26.0 kW
Cell efficiency: 0.300, Output efficiency: 0.271
mdot_h2: 12.54 g/s
Reynolds_number: 11,135,029
Stack prop output power: 517 kW, Pcomp: 26.7 kW
Cell efficiency: 0.300, Output efficiency: 0.271
mdot_h2: 12.85 g/s
Reynolds_number: 11,135,029
Stack prop output power: 518 kW, Pcomp: 26.7 kW
Cell efficiency: 0.300, Output efficiency: 0.271
mdot_h2: 12.87 g/s
Reynolds_number: 11,135,029
Stack prop output power: 552 kW, Pcomp: 5.0 kW
Cell efficiency: 0.281, Output efficiency: 0.264
mdot_h2: 14.05 g/s
Reynolds_number: 11,135,029
Stack prop output power: 571 kW, Pcomp: 5.1 kW
Cell efficiency: 0.281, Output efficiency: 0.264
mdot_h2: 14.55 g/s
Reynolds_number: 6,709,346
Stack prop output power: 547 kW, Pcomp: 4.8 kW
Cell efficiency: 0.305, Output efficiency: 0.287
mdot_h2: 12.82 g/s
Reynolds_number: 6,709,346
Stack prop output power: 566 kW, Pcomp: 4.9 kW
Cell efficiency: 0.305, Output efficiency: 0.287
mdot_h2: 13.27 g/s
Reynolds_number: 11,135,029
Stack prop output power: 504 kW, Pcomp: 26.0 kW
Cell efficiency: 0.300, Output efficiency: 0.271
mdot_h2: 12.54 g/s
Reynolds_number: 11,135,029
Stack prop output power: 517 kW, Pcomp: 26.7 kW
Cell efficiency: 0.300, Output efficiency: 0.271
mdot_h2: 12.85 g/s
Reynolds_number: 11,135,029
Stack prop output power: 518 kW, Pcomp: 26.7 kW
Cell efficiency: 0.300, Output efficiency: 0.271
mdot_h2: 12.87 g/s
Fuel-cell system mass representative phase: climb (P_fc_sys=1142.952 kW).

-----------------------
ptotal_climb: 1,521 kW, mtom_est: 6,419 kg, mtom: 6,258 kg, residual: +160.97 kg

MTOM update: fixed_point_prebracket, relax=1.000 -> mtom_next=6,386.71 kg

======================================================
======================= ITER 7 =======================
Reynolds_number: 11,135,029
Stack prop output power: 518 kW, Pcomp: 26.7 kW
Cell efficiency: 0.300, Output efficiency: 0.271
mdot_h2: 12.87 g/s
Reynolds_number: 11,135,029
Stack prop output power: 528 kW, Pcomp: 27.2 kW
Cell efficiency: 0.300, Output efficiency: 0.271
mdot_h2: 13.12 g/s
Reynolds_number: 11,135,029
Stack prop output power: 528 kW, Pcomp: 27.2 kW
Cell efficiency: 0.300, Output efficiency: 0.271
mdot_h2: 13.14 g/s
Reynolds_number: 11,135,029
Stack prop output power: 568 kW, Pcomp: 5.1 kW
Cell efficiency: 0.281, Output efficiency: 0.264
mdot_h2: 14.45 g/s
Reynolds_number: 11,135,029
Stack prop output power: 583 kW, Pcomp: 5.2 kW
Cell efficiency: 0.281, Output efficiency: 0.264
mdot_h2: 14.85 g/s
Reynolds_number: 6,709,346
Stack prop output power: 562 kW, Pcomp: 4.9 kW
Cell efficiency: 0.305, Output efficiency: 0.287
mdot_h2: 13.18 g/s
Reynolds_number: 6,709,346
Stack prop output power: 578 kW, Pcomp: 5.0 kW
Cell efficiency: 0.305, Output efficiency: 0.287
mdot_h2: 13.54 g/s
Reynolds_number: 11,135,029
Stack prop output power: 518 kW, Pcomp: 26.7 kW
Cell efficiency: 0.300, Output efficiency: 0.271
mdot_h2: 12.87 g/s
Reynolds_number: 11,135,029
Stack prop output power: 528 kW, Pcomp: 27.2 kW
Cell efficiency: 0.300, Output efficiency: 0.271
mdot_h2: 13.12 g/s
Reynolds_number: 11,135,029
Stack prop output power: 528 kW, Pcomp: 27.2 kW
Cell efficiency: 0.300, Output efficiency: 0.271
mdot_h2: 13.14 g/s
Fuel-cell system mass representative phase: climb (P_fc_sys=1166.473 kW).

-----------------------
ptotal_climb: 1,552 kW, mtom_est: 6,517 kg, mtom: 6,387 kg, residual: +130.47 kg

MTOM update: fixed_point_prebracket, relax=1.000 -> mtom_next=6,491.08 kg

======================================================
======================= ITER 8 =======================
Reynolds_number: 11,135,029
Stack prop output power: 528 kW, Pcomp: 27.3 kW
Cell efficiency: 0.300, Output efficiency: 0.271
mdot_h2: 13.14 g/s
Reynolds_number: 11,135,029
Stack prop output power: 537 kW, Pcomp: 27.7 kW
Cell efficiency: 0.300, Output efficiency: 0.271
mdot_h2: 13.34 g/s
Reynolds_number: 11,135,029
Stack prop output power: 580 kW, Pcomp: 5.2 kW
Cell efficiency: 0.281, Output efficiency: 0.264
mdot_h2: 14.77 g/s
Reynolds_number: 11,135,029
Stack prop output power: 593 kW, Pcomp: 5.3 kW
Cell efficiency: 0.281, Output efficiency: 0.264
mdot_h2: 15.09 g/s
Reynolds_number: 6,709,346
Stack prop output power: 575 kW, Pcomp: 5.0 kW
Cell efficiency: 0.305, Output efficiency: 0.287
mdot_h2: 13.47 g/s
Reynolds_number: 6,709,346
Stack prop output power: 587 kW, Pcomp: 5.1 kW
Cell efficiency: 0.305, Output efficiency: 0.287
mdot_h2: 13.76 g/s
Reynolds_number: 11,135,029
Stack prop output power: 528 kW, Pcomp: 27.3 kW
Cell efficiency: 0.300, Output efficiency: 0.271
mdot_h2: 13.14 g/s
Reynolds_number: 11,135,029
Stack prop output power: 537 kW, Pcomp: 27.7 kW
Cell efficiency: 0.300, Output efficiency: 0.271
mdot_h2: 13.34 g/s
Fuel-cell system mass representative phase: climb (P_fc_sys=1185.537 kW).

-----------------------
ptotal_climb: 1,577 kW, mtom_est: 6,594 kg, mtom: 6,491 kg, residual: +103.04 kg

MTOM update: newton_prebracket, relax=1.000 -> mtom_next=6,883.09 kg

======================================================
======================= ITER 9 =======================
Reynolds_number: 11,135,029
Stack prop output power: 537 kW, Pcomp: 27.7 kW
Cell efficiency: 0.300, Output efficiency: 0.271
mdot_h2: 13.35 g/s
Reynolds_number: 11,135,029
Stack prop output power: 568 kW, Pcomp: 29.3 kW
Cell efficiency: 0.300, Output efficiency: 0.271
mdot_h2: 14.12 g/s
Reynolds_number: 11,135,029
Stack prop output power: 569 kW, Pcomp: 29.4 kW
Cell efficiency: 0.300, Output efficiency: 0.271
mdot_h2: 14.15 g/s
Reynolds_number: 11,135,029
Stack prop output power: 581 kW, Pcomp: 5.2 kW
Cell efficiency: 0.281, Output efficiency: 0.264
mdot_h2: 14.79 g/s
Reynolds_number: 11,135,029
Stack prop output power: 628 kW, Pcomp: 5.6 kW
Cell efficiency: 0.281, Output efficiency: 0.264
mdot_h2: 15.99 g/s
Reynolds_number: 6,709,346
Stack prop output power: 575 kW, Pcomp: 5.0 kW
Cell efficiency: 0.305, Output efficiency: 0.287
mdot_h2: 13.49 g/s
Reynolds_number: 6,709,346
Stack prop output power: 622 kW, Pcomp: 5.4 kW
Cell efficiency: 0.305, Output efficiency: 0.287
mdot_h2: 14.59 g/s
Reynolds_number: 11,135,029
Stack prop output power: 537 kW, Pcomp: 27.7 kW
Cell efficiency: 0.300, Output efficiency: 0.271
mdot_h2: 13.35 g/s
Reynolds_number: 11,135,029
Stack prop output power: 568 kW, Pcomp: 29.3 kW
Cell efficiency: 0.300, Output efficiency: 0.271
mdot_h2: 14.12 g/s
Reynolds_number: 11,135,029
Stack prop output power: 569 kW, Pcomp: 29.4 kW
Cell efficiency: 0.300, Output efficiency: 0.271
mdot_h2: 14.15 g/s
Fuel-cell system mass representative phase: climb (P_fc_sys=1257.128 kW).

-----------------------
ptotal_climb: 1,672 kW, mtom_est: 6,893 kg, mtom: 6,883 kg, residual: +10.31 kg

MTOM update: newton_prebracket, relax=1.000 -> mtom_next=6,926.65 kg

======================================================
======================= ITER 10 =======================
Reynolds_number: 11,135,029
Stack prop output power: 569 kW, Pcomp: 29.4 kW
Cell efficiency: 0.300, Output efficiency: 0.271
mdot_h2: 14.16 g/s
Reynolds_number: 11,135,029
Stack prop output power: 573 kW, Pcomp: 29.5 kW
Cell efficiency: 0.300, Output efficiency: 0.271
mdot_h2: 14.24 g/s
Reynolds_number: 11,135,029
Stack prop output power: 627 kW, Pcomp: 5.6 kW
Cell efficiency: 0.281, Output efficiency: 0.264
mdot_h2: 15.97 g/s
Reynolds_number: 11,135,029
Stack prop output power: 632 kW, Pcomp: 5.7 kW
Cell efficiency: 0.281, Output efficiency: 0.264
mdot_h2: 16.10 g/s
Reynolds_number: 6,709,346
Stack prop output power: 621 kW, Pcomp: 5.4 kW
Cell efficiency: 0.305, Output efficiency: 0.287
mdot_h2: 14.57 g/s
Reynolds_number: 6,709,346
Stack prop output power: 626 kW, Pcomp: 5.5 kW
Cell efficiency: 0.305, Output efficiency: 0.287
mdot_h2: 14.69 g/s
Reynolds_number: 11,135,029
Stack prop output power: 569 kW, Pcomp: 29.4 kW
Cell efficiency: 0.300, Output efficiency: 0.271
mdot_h2: 14.16 g/s
Reynolds_number: 11,135,029
Stack prop output power: 573 kW, Pcomp: 29.5 kW
Cell efficiency: 0.300, Output efficiency: 0.271
mdot_h2: 14.24 g/s
Fuel-cell system mass representative phase: climb (P_fc_sys=1265.091 kW).

-----------------------
ptotal_climb: 1,683 kW, mtom_est: 6,925 kg, mtom: 6,927 kg, residual: -1.73 kg


CONVERGED

CONVERGED STATE [MTOM iteration 10]
  MTOM=6,925 kg | Wing loading=220.46 kg/m^2 | P/W(climb)=243.03 W/kg
  Phase power: climb=1,683.0 kW | cruise=1,146.1 kW | takeoff=1,667.0 kW | cruise+charger=1,146.1 kW
  Power split (climb): FC=1,253.7 kW | Battery=417.9 kW | Compressor=11.4 kW | Cooling=541.5 kW | H2=32.209 g/s
  Compressor max across phases: 59.1 kW (cruise)
  FC representative phase (mass sizing): climb (1,265.1 kW)
  Mass summary: MTOM=6,925 kg | Powertrain=2,100 kg | Tank=1,066.5 kg | Fuel=474.0 kg | Battery=28.8 kg | Nacelle power density=0.73 kW/kg
  Geometry: Main wing area=31.41 m^2 | Horizontal tail area=3.502 m^2 | Horizontal tail location=16.651 m | Vertical tail area=3.513 m^2 | Vertical tail location=16.268 m
  Config: wing loading input=220.51 kg/m^2 | P/W TO/Cl/Cr=0.17518/0.17682/0.11410 kW/kg

=============================================================
========================= CONVERGED =========================
=============================================================
Constraint sizing: ENABLED (min_combined_pw)
Input W/S: 220.51 kg/m^2 (2,162.5 Pa)
Input P/W [kW/kg]: takeoff 0.17518, climb 0.17682, cruise 0.11410
-------------------------------------------------------------

Mission Time
Climb time: 0.00 min (0.00 h)
Cruise time: 274.26 min (4.57 h)
Total flight time: 296.26 min (4.94 h)

Phase Power Breakdown
Phase      Time[min]     Total[kW]    FC Stack[kW]   Battery[kW]   Compressor[kW]   Cooling[kW]
-----------------------------------------------------------------------------------------------
ready           0.00          84.1            84.1           0.0              0.0           0.0
taxi            5.00         168.3           168.3           0.0              0.0           0.0
takeoff         1.00       1,667.0         1,242.1         414.0             10.9         478.6
climb           0.00       1,683.0         1,253.7         417.9             11.4         541.5
cruise        274.26       1,146.1         1,087.0           0.0             59.1         467.2
loiter         15.00         114.6           108.7           0.0              5.9          46.7
landing         1.00           0.0             0.0           0.0              0.0           0.0

Pcomp_max (solved phases): 59.1 kW (cruise)
Pnet (climb): 1,520 kW
Pelectricnet (climb): 1,672 kW
eta_pt: 0.9031

Geometry
S_wing: 31.41 m^2
b_wing: 16.81 m
Lfus: 18.51 m
Ltank: 9.50 m
S_HT: 3.50 m^2
S_VT: 3.51 m^2
b_HT: 3.97 m
b_VT: 2.58 m
X_HT_act: 16.65 m
X_VT_act: 16.27 m

One Nacelle (1/2)
Stack(1/2): 365 kg, Compressor: 26 kg, Humidifier: 142 kg, HX: 334 kg
W_FCS_single_nacelle (W_Stack+W_Compressor+W_Humidifier+W_Hx): 867 kg
Representative FC phase: climb
Specific Power of Nacelle System: 0.729 kW/kg
dim_hx: dX=1.311 m, dY=1.311 m, dZ=0.218 m
dim_stack: dX=0.386 m, dY=0.325 m, dZ=0.325 m

ALL Nacelles
W_FCS_total: 1,734 kg
W_PMAD: 144 kg
W_Motors: 222 kg

-----------------------
W_Powertrain (W_FCS_total+W_PMAD+W_Motors): 2,100 kg
-----------------------
W_wing: 521 kg
W_Htail: 28 kg
W_Vtail: 54 kg
W_fuselage: 619 kg
W_lnd_gear_main: 243 kg
W_lnd_gear_nose: 65 kg
W_flight_control: 366 kg
W_electric_system: 300 kg
W_iae: 98 kg
W_hydraulics: 83 kg
W_fur: 528 kg
-----------------------
OEM: 2,905 kg
-----------------------
W_tank: 1,067 kg
W_fuel: 474.0 kg
W_batt: 28.8 kg
-----------------------
W_payload: 350 kg
-----------------------
MTOM_grouped (OEM+W_tank+W_fuel+W_batt+W_Powertrain+W_payload): 6,925 kg
MTOM: 6,925 kg
-----------------------

Wing loading (MTOM/S_wing): 220.46 kg/m^2
Power-to-weight (converged): 243.03 W/kg

mdot_H2(cruise): 28.5 g/s
Vtankex: 20.3 m^3
========================== END ==============================


=============================================================
Execution time: 100.2 seconds
=============================================================
