Auto-widening W/S scan window for min_combined_pw: 1900.0..2600.0 -> 1725.0..2775.0 Pa (factor 1.500, lower_hit=True, upper_hit=False, min_on_edge=False).
Auto-widening W/S scan window for min_combined_pw: 1725.0..2775.0 -> 1462.5..3037.5 Pa (factor 1.500, lower_hit=True, upper_hit=False, min_on_edge=False).
ADRpy constraint sizing (min_combined_pw): W/S=2162.5 Pa (220.51 kg/m^2), P/W_TO=0.17518 kW/kg, P/W_climb=0.17660 kW/kg, P/W_cruise=0.06207 kW/kg
Curve minimum (combined/combined): W/S=2162.5 Pa (220.51 kg/m^2), P/W=0.17660 kW/kg
Curve minimum (takeoff/take-off): W/S=1462.5 Pa (149.13 kg/m^2), P/W=0.10196 kW/kg
Curve minimum (climb/climb): W/S=2312.5 Pa (235.81 kg/m^2), P/W=0.17460 kW/kg
Curve minimum (cruise/cruise): W/S=2312.5 Pa (235.81 kg/m^2), P/W=0.06177 kW/kg
======================================================
======================= ITER 1 =======================
Reynolds_number: 7,953,592
Stack prop output power: 500 kW, Pcomp: 25.7 kW
Cell efficiency: 0.297, Output efficiency: 0.268
mdot_h2: 12.56 g/s
Reynolds_number: 7,953,592
Stack prop output power: 239 kW, Pcomp: 12.3 kW
Cell efficiency: 0.297, Output efficiency: 0.268
mdot_h2: 6.01 g/s
Reynolds_number: 7,953,592
Stack prop output power: 226 kW, Pcomp: 11.6 kW
Cell efficiency: 0.297, Output efficiency: 0.268
mdot_h2: 5.67 g/s
Reynolds_number: 7,953,592
Stack prop output power: 225 kW, Pcomp: 11.6 kW
Cell efficiency: 0.297, Output efficiency: 0.268
mdot_h2: 5.65 g/s
Reynolds_number: 7,953,592
Stack prop output power: 349 kW, Pcomp: 3.1 kW
Cell efficiency: 0.277, Output efficiency: 0.261
mdot_h2: 9.02 g/s
Reynolds_number: 7,953,592
Stack prop output power: 455 kW, Pcomp: 4.1 kW
Cell efficiency: 0.277, Output efficiency: 0.261
mdot_h2: 11.74 g/s
Reynolds_number: 7,953,592
Stack prop output power: 456 kW, Pcomp: 4.1 kW
Cell efficiency: 0.277, Output efficiency: 0.261
mdot_h2: 11.77 g/s
Reynolds_number: 6,709,346
Stack prop output power: 351 kW, Pcomp: 3.1 kW
Cell efficiency: 0.305, Output efficiency: 0.287
mdot_h2: 8.22 g/s
Reynolds_number: 6,709,346
Stack prop output power: 451 kW, Pcomp: 3.9 kW
Cell efficiency: 0.305, Output efficiency: 0.287
mdot_h2: 10.58 g/s
Reynolds_number: 6,709,346
Stack prop output power: 452 kW, Pcomp: 3.9 kW
Cell efficiency: 0.305, Output efficiency: 0.287
mdot_h2: 10.60 g/s
Reynolds_number: 7,953,592
Stack prop output power: 500 kW, Pcomp: 25.7 kW
Cell efficiency: 0.297, Output efficiency: 0.268
mdot_h2: 12.56 g/s
Reynolds_number: 7,953,592
Stack prop output power: 239 kW, Pcomp: 12.3 kW
Cell efficiency: 0.297, Output efficiency: 0.268
mdot_h2: 6.01 g/s
Reynolds_number: 7,953,592
Stack prop output power: 226 kW, Pcomp: 11.6 kW
Cell efficiency: 0.297, Output efficiency: 0.268
mdot_h2: 5.67 g/s
Reynolds_number: 7,953,592
Stack prop output power: 225 kW, Pcomp: 11.6 kW
Cell efficiency: 0.297, Output efficiency: 0.268
mdot_h2: 5.65 g/s
Fuel-cell system mass representative phase: climb (P_fc_sys=912.102 kW).

-----------------------
ptotal_climb: 1,213 kW, mtom_est: 5,474 kg, mtom: 5,000 kg, residual: +474.03 kg

MTOM update: initial_bracket_probe_1, relax=1.000 -> mtom_next=5,325.00 kg

======================================================
======================= ITER 2 =======================
Reynolds_number: 7,953,592
Stack prop output power: 225 kW, Pcomp: 11.6 kW
Cell efficiency: 0.297, Output efficiency: 0.268
mdot_h2: 5.65 g/s
Reynolds_number: 7,953,592
Stack prop output power: 239 kW, Pcomp: 12.3 kW
Cell efficiency: 0.297, Output efficiency: 0.268
mdot_h2: 6.00 g/s
Reynolds_number: 7,953,592
Stack prop output power: 240 kW, Pcomp: 12.3 kW
Cell efficiency: 0.297, Output efficiency: 0.268
mdot_h2: 6.02 g/s
Reynolds_number: 7,953,592
Stack prop output power: 446 kW, Pcomp: 4.0 kW
Cell efficiency: 0.277, Output efficiency: 0.261
mdot_h2: 11.52 g/s
Reynolds_number: 7,953,592
Stack prop output power: 485 kW, Pcomp: 4.4 kW
Cell efficiency: 0.277, Output efficiency: 0.261
mdot_h2: 12.52 g/s
Reynolds_number: 6,709,346
Stack prop output power: 443 kW, Pcomp: 3.9 kW
Cell efficiency: 0.305, Output efficiency: 0.287
mdot_h2: 10.38 g/s
Reynolds_number: 6,709,346
Stack prop output power: 481 kW, Pcomp: 4.2 kW
Cell efficiency: 0.305, Output efficiency: 0.287
mdot_h2: 11.29 g/s
Reynolds_number: 7,953,592
Stack prop output power: 225 kW, Pcomp: 11.6 kW
Cell efficiency: 0.297, Output efficiency: 0.268
mdot_h2: 5.65 g/s
Reynolds_number: 7,953,592
Stack prop output power: 239 kW, Pcomp: 12.3 kW
Cell efficiency: 0.297, Output efficiency: 0.268
mdot_h2: 6.00 g/s
Reynolds_number: 7,953,592
Stack prop output power: 240 kW, Pcomp: 12.3 kW
Cell efficiency: 0.297, Output efficiency: 0.268
mdot_h2: 6.02 g/s
Fuel-cell system mass representative phase: climb (P_fc_sys=971.382 kW).

-----------------------
ptotal_climb: 1,292 kW, mtom_est: 5,676 kg, mtom: 5,325 kg, residual: +351.05 kg

MTOM update: initial_bracket_probe_2, relax=1.000 -> mtom_next=5,650.00 kg

======================================================
======================= ITER 3 =======================
Reynolds_number: 7,953,592
Stack prop output power: 240 kW, Pcomp: 12.3 kW
Cell efficiency: 0.297, Output efficiency: 0.268
mdot_h2: 6.02 g/s
Reynolds_number: 7,953,592
Stack prop output power: 254 kW, Pcomp: 13.1 kW
Cell efficiency: 0.297, Output efficiency: 0.268
mdot_h2: 6.37 g/s
Reynolds_number: 7,953,592
Stack prop output power: 254 kW, Pcomp: 13.1 kW
Cell efficiency: 0.297, Output efficiency: 0.268
mdot_h2: 6.39 g/s
Reynolds_number: 7,953,592
Stack prop output power: 476 kW, Pcomp: 4.3 kW
Cell efficiency: 0.277, Output efficiency: 0.261
mdot_h2: 12.28 g/s
Reynolds_number: 7,953,592
Stack prop output power: 515 kW, Pcomp: 4.6 kW
Cell efficiency: 0.277, Output efficiency: 0.261
mdot_h2: 13.29 g/s
Reynolds_number: 6,709,346
Stack prop output power: 472 kW, Pcomp: 4.1 kW
Cell efficiency: 0.305, Output efficiency: 0.287
mdot_h2: 11.07 g/s
Reynolds_number: 6,709,346
Stack prop output power: 511 kW, Pcomp: 4.4 kW
Cell efficiency: 0.305, Output efficiency: 0.287
mdot_h2: 11.98 g/s
Reynolds_number: 7,953,592
Stack prop output power: 240 kW, Pcomp: 12.3 kW
Cell efficiency: 0.297, Output efficiency: 0.268
mdot_h2: 6.02 g/s
Reynolds_number: 7,953,592
Stack prop output power: 254 kW, Pcomp: 13.1 kW
Cell efficiency: 0.297, Output efficiency: 0.268
mdot_h2: 6.37 g/s
Reynolds_number: 7,953,592
Stack prop output power: 254 kW, Pcomp: 13.1 kW
Cell efficiency: 0.297, Output efficiency: 0.268
mdot_h2: 6.39 g/s
Fuel-cell system mass representative phase: climb (P_fc_sys=1030.669 kW).

-----------------------
ptotal_climb: 1,371 kW, mtom_est: 5,880 kg, mtom: 5,650 kg, residual: +230.21 kg

MTOM update: fixed_point_prebracket, relax=1.000 -> mtom_next=5,834.17 kg

======================================================
======================= ITER 4 =======================
Reynolds_number: 7,953,592
Stack prop output power: 254 kW, Pcomp: 13.1 kW
Cell efficiency: 0.297, Output efficiency: 0.268
mdot_h2: 6.39 g/s
Reynolds_number: 7,953,592
Stack prop output power: 262 kW, Pcomp: 13.5 kW
Cell efficiency: 0.297, Output efficiency: 0.268
mdot_h2: 6.59 g/s
Reynolds_number: 7,953,592
Stack prop output power: 510 kW, Pcomp: 4.6 kW
Cell efficiency: 0.277, Output efficiency: 0.261
mdot_h2: 13.16 g/s
Reynolds_number: 7,953,592
Stack prop output power: 532 kW, Pcomp: 4.8 kW
Cell efficiency: 0.277, Output efficiency: 0.261
mdot_h2: 13.73 g/s
Reynolds_number: 6,709,346
Stack prop output power: 506 kW, Pcomp: 4.4 kW
Cell efficiency: 0.305, Output efficiency: 0.287
mdot_h2: 11.85 g/s
Reynolds_number: 6,709,346
Stack prop output power: 527 kW, Pcomp: 4.6 kW
Cell efficiency: 0.305, Output efficiency: 0.287
mdot_h2: 12.37 g/s
Reynolds_number: 7,953,592
Stack prop output power: 254 kW, Pcomp: 13.1 kW
Cell efficiency: 0.297, Output efficiency: 0.268
mdot_h2: 6.39 g/s
Reynolds_number: 7,953,592
Stack prop output power: 262 kW, Pcomp: 13.5 kW
Cell efficiency: 0.297, Output efficiency: 0.268
mdot_h2: 6.59 g/s
Fuel-cell system mass representative phase: climb (P_fc_sys=1064.267 kW).

-----------------------
ptotal_climb: 1,416 kW, mtom_est: 5,995 kg, mtom: 5,834 kg, residual: +160.42 kg

MTOM update: fixed_point_prebracket, relax=1.000 -> mtom_next=5,962.50 kg

======================================================
======================= ITER 5 =======================
Reynolds_number: 7,953,592
Stack prop output power: 263 kW, Pcomp: 13.5 kW
Cell efficiency: 0.297, Output efficiency: 0.268
mdot_h2: 6.60 g/s
Reynolds_number: 7,953,592
Stack prop output power: 268 kW, Pcomp: 13.8 kW
Cell efficiency: 0.297, Output efficiency: 0.268
mdot_h2: 6.73 g/s
Reynolds_number: 7,953,592
Stack prop output power: 528 kW, Pcomp: 4.8 kW
Cell efficiency: 0.277, Output efficiency: 0.261
mdot_h2: 13.63 g/s
Reynolds_number: 7,953,592
Stack prop output power: 544 kW, Pcomp: 4.9 kW
Cell efficiency: 0.277, Output efficiency: 0.261
mdot_h2: 14.03 g/s
Reynolds_number: 6,709,346
Stack prop output power: 524 kW, Pcomp: 4.6 kW
Cell efficiency: 0.305, Output efficiency: 0.287
mdot_h2: 12.28 g/s
Reynolds_number: 6,709,346
Stack prop output power: 539 kW, Pcomp: 4.7 kW
Cell efficiency: 0.305, Output efficiency: 0.287
mdot_h2: 12.64 g/s
Reynolds_number: 7,953,592
Stack prop output power: 263 kW, Pcomp: 13.5 kW
Cell efficiency: 0.297, Output efficiency: 0.268
mdot_h2: 6.60 g/s
Reynolds_number: 7,953,592
Stack prop output power: 268 kW, Pcomp: 13.8 kW
Cell efficiency: 0.297, Output efficiency: 0.268
mdot_h2: 6.73 g/s
Fuel-cell system mass representative phase: climb (P_fc_sys=1087.680 kW).

-----------------------
ptotal_climb: 1,447 kW, mtom_est: 6,077 kg, mtom: 5,963 kg, residual: +114.03 kg

MTOM update: fixed_point_prebracket, relax=1.000 -> mtom_next=6,053.73 kg

======================================================
======================= ITER 6 =======================
Reynolds_number: 7,953,592
Stack prop output power: 268 kW, Pcomp: 13.8 kW
Cell efficiency: 0.297, Output efficiency: 0.268
mdot_h2: 6.74 g/s
Reynolds_number: 7,953,592
Stack prop output power: 272 kW, Pcomp: 14.0 kW
Cell efficiency: 0.297, Output efficiency: 0.268
mdot_h2: 6.84 g/s
Reynolds_number: 7,953,592
Stack prop output power: 541 kW, Pcomp: 4.9 kW
Cell efficiency: 0.277, Output efficiency: 0.261
mdot_h2: 13.96 g/s
Reynolds_number: 7,953,592
Stack prop output power: 552 kW, Pcomp: 5.0 kW
Cell efficiency: 0.277, Output efficiency: 0.261
mdot_h2: 14.25 g/s
Reynolds_number: 6,709,346
Stack prop output power: 537 kW, Pcomp: 4.7 kW
Cell efficiency: 0.305, Output efficiency: 0.287
mdot_h2: 12.58 g/s
Reynolds_number: 6,709,346
Stack prop output power: 547 kW, Pcomp: 4.8 kW
Cell efficiency: 0.305, Output efficiency: 0.287
mdot_h2: 12.84 g/s
Reynolds_number: 7,953,592
Stack prop output power: 268 kW, Pcomp: 13.8 kW
Cell efficiency: 0.297, Output efficiency: 0.268
mdot_h2: 6.74 g/s
Reynolds_number: 7,953,592
Stack prop output power: 272 kW, Pcomp: 14.0 kW
Cell efficiency: 0.297, Output efficiency: 0.268
mdot_h2: 6.84 g/s
Fuel-cell system mass representative phase: climb (P_fc_sys=1104.322 kW).

-----------------------
ptotal_climb: 1,469 kW, mtom_est: 6,134 kg, mtom: 6,054 kg, residual: +80.44 kg

MTOM update: fixed_point_prebracket, relax=1.000 -> mtom_next=6,118.08 kg

======================================================
======================= ITER 7 =======================
Reynolds_number: 7,953,592
Stack prop output power: 272 kW, Pcomp: 14.0 kW
Cell efficiency: 0.297, Output efficiency: 0.268
mdot_h2: 6.84 g/s
Reynolds_number: 7,953,592
Stack prop output power: 275 kW, Pcomp: 14.2 kW
Cell efficiency: 0.297, Output efficiency: 0.268
mdot_h2: 6.91 g/s
Reynolds_number: 7,953,592
Stack prop output power: 550 kW, Pcomp: 5.0 kW
Cell efficiency: 0.277, Output efficiency: 0.261
mdot_h2: 14.20 g/s
Reynolds_number: 7,953,592
Stack prop output power: 558 kW, Pcomp: 5.0 kW
Cell efficiency: 0.277, Output efficiency: 0.261
mdot_h2: 14.40 g/s
Reynolds_number: 6,709,346
Stack prop output power: 546 kW, Pcomp: 4.8 kW
Cell efficiency: 0.305, Output efficiency: 0.287
mdot_h2: 12.79 g/s
Reynolds_number: 6,709,346
Stack prop output power: 553 kW, Pcomp: 4.8 kW
Cell efficiency: 0.305, Output efficiency: 0.287
mdot_h2: 12.97 g/s
Reynolds_number: 7,953,592
Stack prop output power: 272 kW, Pcomp: 14.0 kW
Cell efficiency: 0.297, Output efficiency: 0.268
mdot_h2: 6.84 g/s
Reynolds_number: 7,953,592
Stack prop output power: 275 kW, Pcomp: 14.2 kW
Cell efficiency: 0.297, Output efficiency: 0.268
mdot_h2: 6.91 g/s
Fuel-cell system mass representative phase: climb (P_fc_sys=1116.062 kW).

-----------------------
ptotal_climb: 1,485 kW, mtom_est: 6,175 kg, mtom: 6,118 kg, residual: +56.65 kg

MTOM update: fixed_point_prebracket, relax=1.000 -> mtom_next=6,163.41 kg

======================================================
======================= ITER 8 =======================
Reynolds_number: 7,953,592
Stack prop output power: 275 kW, Pcomp: 14.2 kW
Cell efficiency: 0.297, Output efficiency: 0.268
mdot_h2: 6.92 g/s
Reynolds_number: 7,953,592
Stack prop output power: 277 kW, Pcomp: 14.3 kW
Cell efficiency: 0.297, Output efficiency: 0.268
mdot_h2: 6.97 g/s
Reynolds_number: 7,953,592
Stack prop output power: 557 kW, Pcomp: 5.0 kW
Cell efficiency: 0.277, Output efficiency: 0.261
mdot_h2: 14.37 g/s
Reynolds_number: 7,953,592
Stack prop output power: 562 kW, Pcomp: 5.1 kW
Cell efficiency: 0.277, Output efficiency: 0.261
mdot_h2: 14.51 g/s
Reynolds_number: 6,709,346
Stack prop output power: 552 kW, Pcomp: 4.8 kW
Cell efficiency: 0.305, Output efficiency: 0.287
mdot_h2: 12.94 g/s
Reynolds_number: 6,709,346
Stack prop output power: 557 kW, Pcomp: 4.9 kW
Cell efficiency: 0.305, Output efficiency: 0.287
mdot_h2: 13.07 g/s
Reynolds_number: 7,953,592
Stack prop output power: 275 kW, Pcomp: 14.2 kW
Cell efficiency: 0.297, Output efficiency: 0.268
mdot_h2: 6.92 g/s
Reynolds_number: 7,953,592
Stack prop output power: 277 kW, Pcomp: 14.3 kW
Cell efficiency: 0.297, Output efficiency: 0.268
mdot_h2: 6.97 g/s
Fuel-cell system mass representative phase: climb (P_fc_sys=1124.330 kW).

-----------------------
ptotal_climb: 1,496 kW, mtom_est: 6,204 kg, mtom: 6,163 kg, residual: +40.65 kg

MTOM update: newton_prebracket, relax=1.000 -> mtom_next=6,278.52 kg

======================================================
======================= ITER 9 =======================
Reynolds_number: 7,953,592
Stack prop output power: 277 kW, Pcomp: 14.3 kW
Cell efficiency: 0.297, Output efficiency: 0.268
mdot_h2: 6.97 g/s
Reynolds_number: 7,953,592
Stack prop output power: 282 kW, Pcomp: 14.5 kW
Cell efficiency: 0.297, Output efficiency: 0.268
mdot_h2: 7.09 g/s
Reynolds_number: 7,953,592
Stack prop output power: 559 kW, Pcomp: 5.0 kW
Cell efficiency: 0.277, Output efficiency: 0.261
mdot_h2: 14.42 g/s
Reynolds_number: 7,953,592
Stack prop output power: 573 kW, Pcomp: 5.2 kW
Cell efficiency: 0.277, Output efficiency: 0.261
mdot_h2: 14.77 g/s
Reynolds_number: 6,709,346
Stack prop output power: 554 kW, Pcomp: 4.8 kW
Cell efficiency: 0.305, Output efficiency: 0.287
mdot_h2: 12.99 g/s
Reynolds_number: 6,709,346
Stack prop output power: 568 kW, Pcomp: 4.9 kW
Cell efficiency: 0.305, Output efficiency: 0.287
mdot_h2: 13.31 g/s
Reynolds_number: 7,953,592
Stack prop output power: 277 kW, Pcomp: 14.3 kW
Cell efficiency: 0.297, Output efficiency: 0.268
mdot_h2: 6.97 g/s
Reynolds_number: 7,953,592
Stack prop output power: 282 kW, Pcomp: 14.5 kW
Cell efficiency: 0.297, Output efficiency: 0.268
mdot_h2: 7.09 g/s
Fuel-cell system mass representative phase: climb (P_fc_sys=1145.328 kW).

-----------------------
ptotal_climb: 1,524 kW, mtom_est: 6,278 kg, mtom: 6,279 kg, residual: -0.36 kg


CONVERGED

CONVERGED STATE [MTOM iteration 9]
  MTOM=6,278 kg | Wing loading=220.50 kg/m^2 | P/W(climb)=242.69 W/kg
  Phase power: climb=1,523.7 kW | cruise=565.1 kW | takeoff=1,511.1 kW | cruise+charger=565.1 kW
  Power split (climb): FC=1,135.0 kW | Battery=378.3 kW | Compressor=10.3 kW | Cooling=499.2 kW | H2=29.550 g/s
  Compressor max across phases: 29.1 kW (cruise)
  FC representative phase (mass sizing): climb (1,145.3 kW)
  Mass summary: MTOM=6,278 kg | Powertrain=2,130 kg | Tank=464.4 kg | Fuel=206.4 kg | Battery=26.1 kg | Nacelle power density=0.64 kW/kg
  Geometry: Main wing area=28.47 m^2 | Horizontal tail area=4.734 m^2 | Horizontal tail location=11.081 m | Vertical tail area=4.852 m^2 | Vertical tail location=10.564 m
  Config: wing loading input=220.51 kg/m^2 | P/W TO/Cl/Cr=0.17518/0.17660/0.06207 kW/kg

=============================================================
========================= CONVERGED =========================
=============================================================
Constraint sizing: ENABLED (min_combined_pw)
Input W/S: 220.51 kg/m^2 (2,162.5 Pa)
Input P/W [kW/kg]: takeoff 0.17518, climb 0.17660, cruise 0.06207
-------------------------------------------------------------

Mission Time
Climb time: 0.00 min (0.00 h)
Cruise time: 238.10 min (3.97 h)
Total flight time: 260.10 min (4.34 h)

Phase Power Breakdown
Phase      Time[min]     Total[kW]    FC Stack[kW]   Battery[kW]   Compressor[kW]   Cooling[kW]
-----------------------------------------------------------------------------------------------
ready           0.00          76.2            76.2           0.0              0.0           0.0
taxi            5.00         152.4           152.4           0.0              0.0           0.0
takeoff         1.00       1,511.1         1,125.9         375.3              9.9         433.8
climb           0.00       1,523.7         1,135.0         378.3             10.3         499.2
cruise        238.10         565.1           536.0           0.0             29.1         233.9
loiter         15.00          56.5            53.6           0.0              2.9          23.4
landing         1.00           0.0             0.0           0.0              0.0           0.0

Pcomp_max (solved phases): 29.1 kW (cruise)
Pnet (climb): 1,376 kW
Pelectricnet (climb): 1,513 kW
eta_pt: 0.9031

Geometry
S_wing: 28.47 m^2
b_wing: 16.01 m
Lfus: 13.15 m
Ltank: 4.14 m
S_HT: 4.73 m^2
S_VT: 4.85 m^2
b_HT: 4.62 m
b_VT: 3.04 m
X_HT_act: 11.08 m
X_VT_act: 10.56 m

One Nacelle (1/2)
Stack(1/2): 335 kg, Compressor: 25 kg, Humidifier: 134 kg, HX: 405 kg
W_FCS_single_nacelle (W_Stack+W_Compressor+W_Humidifier+W_Hx): 899 kg
Representative FC phase: climb
Specific Power of Nacelle System: 0.637 kW/kg
dim_hx: dX=1.503 m, dY=1.503 m, dZ=0.201 m
dim_stack: dX=0.391 m, dY=0.309 m, dZ=0.309 m

ALL Nacelles
W_FCS_total: 1,798 kg
W_PMAD: 131 kg
W_Motors: 201 kg

-----------------------
W_Powertrain (W_FCS_total+W_PMAD+W_Motors): 2,130 kg
-----------------------
W_wing: 459 kg
W_Htail: 33 kg
W_Vtail: 60 kg
W_fuselage: 358 kg
W_lnd_gear_main: 243 kg
W_lnd_gear_nose: 65 kg
W_flight_control: 366 kg
W_electric_system: 300 kg
W_iae: 90 kg
W_hydraulics: 75 kg
W_fur: 403 kg
-----------------------
OEM: 2,452 kg
-----------------------
W_tank: 464 kg
W_fuel: 206.4 kg
W_batt: 26.1 kg
-----------------------
W_payload: 1,000 kg
-----------------------
MTOM_grouped (OEM+W_tank+W_fuel+W_batt+W_Powertrain+W_payload): 6,278 kg
MTOM: 6,278 kg
-----------------------

Wing loading (MTOM/S_wing): 220.50 kg/m^2
Power-to-weight (converged): 242.69 W/kg

mdot_H2(cruise): 14.2 g/s
Vtankex: 8.8 m^3
========================== END ==============================


=============================================================
Execution time: 83.3 seconds
=============================================================
