Auto-widening W/S scan window for min_combined_pw: 1900.0..2600.0 -> 1725.0..2775.0 Pa (factor 1.500, lower_hit=True, upper_hit=False, min_on_edge=False).
Auto-widening W/S scan window for min_combined_pw: 1725.0..2775.0 -> 1462.5..3037.5 Pa (factor 1.500, lower_hit=True, upper_hit=False, min_on_edge=False).
ADRpy constraint sizing (min_combined_pw): W/S=2162.5 Pa (220.51 kg/m^2), P/W_TO=0.17518 kW/kg, P/W_climb=0.17682 kW/kg, P/W_cruise=0.11410 kW/kg
Curve minimum (combined/combined): W/S=2162.5 Pa (220.51 kg/m^2), P/W=0.17682 kW/kg
Curve minimum (takeoff/take-off): W/S=1462.5 Pa (149.13 kg/m^2), P/W=0.10196 kW/kg
Curve minimum (climb/climb): W/S=2312.5 Pa (235.81 kg/m^2), P/W=0.17496 kW/kg
Curve minimum (cruise/cruise): W/S=2312.5 Pa (235.81 kg/m^2), P/W=0.10936 kW/kg
======================================================
======================= ITER 1 =======================
Reynolds_number: 11,135,029
Stack prop output power: 500 kW, Pcomp: 25.8 kW
Cell efficiency: 0.300, Output efficiency: 0.271
mdot_h2: 12.43 g/s
Reynolds_number: 11,135,029
Stack prop output power: 418 kW, Pcomp: 21.6 kW
Cell efficiency: 0.300, Output efficiency: 0.271
mdot_h2: 10.39 g/s
Reynolds_number: 11,135,029
Stack prop output power: 414 kW, Pcomp: 21.3 kW
Cell efficiency: 0.300, Output efficiency: 0.271
mdot_h2: 10.29 g/s
Reynolds_number: 11,135,029
Stack prop output power: 349 kW, Pcomp: 3.1 kW
Cell efficiency: 0.281, Output efficiency: 0.264
mdot_h2: 8.89 g/s
Reynolds_number: 11,135,029
Stack prop output power: 456 kW, Pcomp: 4.1 kW
Cell efficiency: 0.281, Output efficiency: 0.264
mdot_h2: 11.60 g/s
Reynolds_number: 11,135,029
Stack prop output power: 457 kW, Pcomp: 4.1 kW
Cell efficiency: 0.281, Output efficiency: 0.264
mdot_h2: 11.63 g/s
Reynolds_number: 6,709,346
Stack prop output power: 351 kW, Pcomp: 3.1 kW
Cell efficiency: 0.305, Output efficiency: 0.287
mdot_h2: 8.22 g/s
Reynolds_number: 6,709,346
Stack prop output power: 451 kW, Pcomp: 3.9 kW
Cell efficiency: 0.305, Output efficiency: 0.287
mdot_h2: 10.58 g/s
Reynolds_number: 6,709,346
Stack prop output power: 452 kW, Pcomp: 3.9 kW
Cell efficiency: 0.305, Output efficiency: 0.287
mdot_h2: 10.60 g/s
Reynolds_number: 11,135,029
Stack prop output power: 500 kW, Pcomp: 25.8 kW
Cell efficiency: 0.300, Output efficiency: 0.271
mdot_h2: 12.43 g/s
Reynolds_number: 11,135,029
Stack prop output power: 418 kW, Pcomp: 21.6 kW
Cell efficiency: 0.300, Output efficiency: 0.271
mdot_h2: 10.39 g/s
Reynolds_number: 11,135,029
Stack prop output power: 414 kW, Pcomp: 21.3 kW
Cell efficiency: 0.300, Output efficiency: 0.271
mdot_h2: 10.29 g/s
Fuel-cell system mass representative phase: climb (P_fc_sys=913.206 kW).

-----------------------
ptotal_climb: 1,215 kW, mtom_est: 5,087 kg, mtom: 5,000 kg, residual: +87.06 kg

MTOM update: initial_bracket_probe_1, relax=1.000 -> mtom_next=5,325.00 kg

======================================================
======================= ITER 2 =======================
Reynolds_number: 11,135,029
Stack prop output power: 414 kW, Pcomp: 21.3 kW
Cell efficiency: 0.300, Output efficiency: 0.271
mdot_h2: 10.28 g/s
Reynolds_number: 11,135,029
Stack prop output power: 439 kW, Pcomp: 22.6 kW
Cell efficiency: 0.300, Output efficiency: 0.271
mdot_h2: 10.92 g/s
Reynolds_number: 11,135,029
Stack prop output power: 440 kW, Pcomp: 22.7 kW
Cell efficiency: 0.300, Output efficiency: 0.271
mdot_h2: 10.95 g/s
Reynolds_number: 11,135,029
Stack prop output power: 447 kW, Pcomp: 4.0 kW
Cell efficiency: 0.281, Output efficiency: 0.264
mdot_h2: 11.38 g/s
Reynolds_number: 11,135,029
Stack prop output power: 486 kW, Pcomp: 4.4 kW
Cell efficiency: 0.281, Output efficiency: 0.264
mdot_h2: 12.37 g/s
Reynolds_number: 6,709,346
Stack prop output power: 443 kW, Pcomp: 3.9 kW
Cell efficiency: 0.305, Output efficiency: 0.287
mdot_h2: 10.38 g/s
Reynolds_number: 6,709,346
Stack prop output power: 481 kW, Pcomp: 4.2 kW
Cell efficiency: 0.305, Output efficiency: 0.287
mdot_h2: 11.29 g/s
Reynolds_number: 11,135,029
Stack prop output power: 414 kW, Pcomp: 21.3 kW
Cell efficiency: 0.300, Output efficiency: 0.271
mdot_h2: 10.28 g/s
Reynolds_number: 11,135,029
Stack prop output power: 439 kW, Pcomp: 22.6 kW
Cell efficiency: 0.300, Output efficiency: 0.271
mdot_h2: 10.92 g/s
Reynolds_number: 11,135,029
Stack prop output power: 440 kW, Pcomp: 22.7 kW
Cell efficiency: 0.300, Output efficiency: 0.271
mdot_h2: 10.95 g/s
Fuel-cell system mass representative phase: climb (P_fc_sys=972.558 kW).

-----------------------
ptotal_climb: 1,294 kW, mtom_est: 5,306 kg, mtom: 5,325 kg, residual: -19.44 kg

MTOM update: newton, relax=1.000 -> mtom_next=5,265.68 kg

======================================================
======================= ITER 3 =======================
Reynolds_number: 11,135,029
Stack prop output power: 441 kW, Pcomp: 22.7 kW
Cell efficiency: 0.300, Output efficiency: 0.271
mdot_h2: 10.95 g/s
Reynolds_number: 11,135,029
Stack prop output power: 436 kW, Pcomp: 22.5 kW
Cell efficiency: 0.300, Output efficiency: 0.271
mdot_h2: 10.84 g/s
Reynolds_number: 11,135,029
Stack prop output power: 488 kW, Pcomp: 4.4 kW
Cell efficiency: 0.281, Output efficiency: 0.264
mdot_h2: 12.43 g/s
Reynolds_number: 11,135,029
Stack prop output power: 481 kW, Pcomp: 4.3 kW
Cell efficiency: 0.281, Output efficiency: 0.264
mdot_h2: 12.25 g/s
Reynolds_number: 6,709,346
Stack prop output power: 483 kW, Pcomp: 4.2 kW
Cell efficiency: 0.305, Output efficiency: 0.287
mdot_h2: 11.34 g/s
Reynolds_number: 6,709,346
Stack prop output power: 476 kW, Pcomp: 4.1 kW
Cell efficiency: 0.305, Output efficiency: 0.287
mdot_h2: 11.17 g/s
Reynolds_number: 11,135,029
Stack prop output power: 441 kW, Pcomp: 22.7 kW
Cell efficiency: 0.300, Output efficiency: 0.271
mdot_h2: 10.95 g/s
Reynolds_number: 11,135,029
Stack prop output power: 436 kW, Pcomp: 22.5 kW
Cell efficiency: 0.300, Output efficiency: 0.271
mdot_h2: 10.84 g/s
Fuel-cell system mass representative phase: climb (P_fc_sys=961.731 kW).

-----------------------
ptotal_climb: 1,279 kW, mtom_est: 5,268 kg, mtom: 5,266 kg, residual: +1.96 kg


CONVERGED

CONVERGED STATE [MTOM iteration 3]
  MTOM=5,268 kg | Wing loading=220.60 kg/m^2 | P/W(climb)=242.88 W/kg
  Phase power: climb=1,279.4 kW | cruise=871.3 kW | takeoff=1,267.3 kW | cruise+charger=871.3 kW
  Power split (climb): FC=953.1 kW | Battery=317.7 kW | Compressor=8.6 kW | Cooling=411.8 kW | H2=24.490 g/s
  Compressor max across phases: 45.0 kW (cruise)
  FC representative phase (mass sizing): climb (961.7 kW)
  Mass summary: MTOM=5,268 kg | Powertrain=1,599 kg | Tank=599.9 kg | Fuel=266.6 kg | Battery=21.9 kg | Nacelle power density=0.73 kW/kg
  Geometry: Main wing area=23.88 m^2 | Horizontal tail area=3.130 m^2 | Horizontal tail location=12.563 m | Vertical tail area=3.146 m^2 | Vertical tail location=12.216 m
  Config: wing loading input=220.51 kg/m^2 | P/W TO/Cl/Cr=0.17518/0.17682/0.11410 kW/kg

=============================================================
========================= CONVERGED =========================
=============================================================
Constraint sizing: ENABLED (min_combined_pw)
Input W/S: 220.51 kg/m^2 (2,162.5 Pa)
Input P/W [kW/kg]: takeoff 0.17518, climb 0.17682, cruise 0.11410
-------------------------------------------------------------

Mission Time
Climb time: 0.00 min (0.00 h)
Cruise time: 201.95 min (3.37 h)
Total flight time: 223.95 min (3.73 h)

Phase Power Breakdown
Phase      Time[min]     Total[kW]    FC Stack[kW]   Battery[kW]   Compressor[kW]   Cooling[kW]
-----------------------------------------------------------------------------------------------
ready           0.00          64.0            64.0           0.0              0.0           0.0
taxi            5.00         127.9           127.9           0.0              0.0           0.0
takeoff         1.00       1,267.3           944.2         314.7              8.3         364.0
climb           0.00       1,279.4           953.1         317.7              8.6         411.8
cruise        201.95         871.3           826.4           0.0             45.0         355.6
loiter         15.00          87.1            82.6           0.0              4.5          35.6
landing         1.00           0.0             0.0           0.0              0.0           0.0

Pcomp_max (solved phases): 45.0 kW (cruise)
Pnet (climb): 1,155 kW
Pelectricnet (climb): 1,271 kW
eta_pt: 0.9031

Geometry
S_wing: 23.88 m^2
b_wing: 14.66 m
Lfus: 14.35 m
Ltank: 5.34 m
S_HT: 3.13 m^2
S_VT: 3.15 m^2
b_HT: 3.75 m
b_VT: 2.44 m
X_HT_act: 12.56 m
X_VT_act: 12.22 m

One Nacelle (1/2)
Stack(1/2): 278 kg, Compressor: 20 kg, Humidifier: 108 kg, HX: 254 kg
W_FCS_single_nacelle (W_Stack+W_Compressor+W_Humidifier+W_Hx): 660 kg
Representative FC phase: climb
Specific Power of Nacelle System: 0.728 kW/kg
dim_hx: dX=1.143 m, dY=1.143 m, dZ=0.218 m
dim_stack: dX=0.386 m, dY=0.283 m, dZ=0.283 m

ALL Nacelles
W_FCS_total: 1,321 kg
W_PMAD: 110 kg
W_Motors: 169 kg

-----------------------
W_Powertrain (W_FCS_total+W_PMAD+W_Motors): 1,599 kg
-----------------------
W_wing: 370 kg
W_Htail: 22 kg
W_Vtail: 44 kg
W_fuselage: 448 kg
W_lnd_gear_main: 243 kg
W_lnd_gear_nose: 65 kg
W_flight_control: 366 kg
W_electric_system: 300 kg
W_iae: 78 kg
W_hydraulics: 63 kg
W_fur: 432 kg
-----------------------
OEM: 2,430 kg
-----------------------
W_tank: 600 kg
W_fuel: 266.6 kg
W_batt: 21.9 kg
-----------------------
W_payload: 350 kg
-----------------------
MTOM_grouped (OEM+W_tank+W_fuel+W_batt+W_Powertrain+W_payload): 5,268 kg
MTOM: 5,268 kg
-----------------------

Wing loading (MTOM/S_wing): 220.60 kg/m^2
Power-to-weight (converged): 242.88 W/kg

mdot_H2(cruise): 21.7 g/s
Vtankex: 11.4 m^3
========================== END ==============================


=============================================================
Execution time: 32.4 seconds
=============================================================
