Auto-widening W/S scan window for min_combined_pw: 1900.0..2600.0 -> 1725.0..2775.0 Pa (factor 1.500, lower_hit=True, upper_hit=False, min_on_edge=False).
Auto-widening W/S scan window for min_combined_pw: 1725.0..2775.0 -> 1462.5..3037.5 Pa (factor 1.500, lower_hit=True, upper_hit=False, min_on_edge=False).
ADRpy constraint sizing (min_combined_pw): W/S=2162.5 Pa (220.51 kg/m^2), P/W_TO=0.17518 kW/kg, P/W_climb=0.17682 kW/kg, P/W_cruise=0.11410 kW/kg
Curve minimum (combined/combined): W/S=2162.5 Pa (220.51 kg/m^2), P/W=0.17682 kW/kg
Curve minimum (takeoff/take-off): W/S=1462.5 Pa (149.13 kg/m^2), P/W=0.10196 kW/kg
Curve minimum (climb/climb): W/S=2312.5 Pa (235.81 kg/m^2), P/W=0.17496 kW/kg
Curve minimum (cruise/cruise): W/S=2312.5 Pa (235.81 kg/m^2), P/W=0.10936 kW/kg
======================================================
======================= ITER 1 =======================
Reynolds_number: 11,135,029
Stack prop output power: 500 kW, Pcomp: 25.8 kW
Cell efficiency: 0.300, Output efficiency: 0.271
mdot_h2: 12.43 g/s
Reynolds_number: 11,135,029
Stack prop output power: 418 kW, Pcomp: 21.6 kW
Cell efficiency: 0.300, Output efficiency: 0.271
mdot_h2: 10.39 g/s
Reynolds_number: 11,135,029
Stack prop output power: 414 kW, Pcomp: 21.3 kW
Cell efficiency: 0.300, Output efficiency: 0.271
mdot_h2: 10.29 g/s
Reynolds_number: 11,135,029
Stack prop output power: 349 kW, Pcomp: 3.1 kW
Cell efficiency: 0.281, Output efficiency: 0.264
mdot_h2: 8.89 g/s
Reynolds_number: 11,135,029
Stack prop output power: 456 kW, Pcomp: 4.1 kW
Cell efficiency: 0.281, Output efficiency: 0.264
mdot_h2: 11.60 g/s
Reynolds_number: 11,135,029
Stack prop output power: 457 kW, Pcomp: 4.1 kW
Cell efficiency: 0.281, Output efficiency: 0.264
mdot_h2: 11.63 g/s
Reynolds_number: 6,709,346
Stack prop output power: 351 kW, Pcomp: 3.1 kW
Cell efficiency: 0.305, Output efficiency: 0.287
mdot_h2: 8.22 g/s
Reynolds_number: 6,709,346
Stack prop output power: 451 kW, Pcomp: 3.9 kW
Cell efficiency: 0.305, Output efficiency: 0.287
mdot_h2: 10.58 g/s
Reynolds_number: 6,709,346
Stack prop output power: 452 kW, Pcomp: 3.9 kW
Cell efficiency: 0.305, Output efficiency: 0.287
mdot_h2: 10.60 g/s
Reynolds_number: 11,135,029
Stack prop output power: 500 kW, Pcomp: 25.8 kW
Cell efficiency: 0.300, Output efficiency: 0.271
mdot_h2: 12.43 g/s
Reynolds_number: 11,135,029
Stack prop output power: 418 kW, Pcomp: 21.6 kW
Cell efficiency: 0.300, Output efficiency: 0.271
mdot_h2: 10.39 g/s
Reynolds_number: 11,135,029
Stack prop output power: 414 kW, Pcomp: 21.3 kW
Cell efficiency: 0.300, Output efficiency: 0.271
mdot_h2: 10.29 g/s
Fuel-cell system mass representative phase: climb (P_fc_sys=913.206 kW).

-----------------------
ptotal_climb: 1,215 kW, mtom_est: 5,051 kg, mtom: 5,000 kg, residual: +50.65 kg

MTOM update: initial_bracket_probe_1, relax=1.000 -> mtom_next=5,325.00 kg

======================================================
======================= ITER 2 =======================
Reynolds_number: 11,135,029
Stack prop output power: 414 kW, Pcomp: 21.3 kW
Cell efficiency: 0.300, Output efficiency: 0.271
mdot_h2: 10.28 g/s
Reynolds_number: 11,135,029
Stack prop output power: 439 kW, Pcomp: 22.6 kW
Cell efficiency: 0.300, Output efficiency: 0.271
mdot_h2: 10.92 g/s
Reynolds_number: 11,135,029
Stack prop output power: 440 kW, Pcomp: 22.7 kW
Cell efficiency: 0.300, Output efficiency: 0.271
mdot_h2: 10.95 g/s
Reynolds_number: 11,135,029
Stack prop output power: 447 kW, Pcomp: 4.0 kW
Cell efficiency: 0.281, Output efficiency: 0.264
mdot_h2: 11.38 g/s
Reynolds_number: 11,135,029
Stack prop output power: 486 kW, Pcomp: 4.4 kW
Cell efficiency: 0.281, Output efficiency: 0.264
mdot_h2: 12.37 g/s
Reynolds_number: 6,709,346
Stack prop output power: 443 kW, Pcomp: 3.9 kW
Cell efficiency: 0.305, Output efficiency: 0.287
mdot_h2: 10.38 g/s
Reynolds_number: 6,709,346
Stack prop output power: 481 kW, Pcomp: 4.2 kW
Cell efficiency: 0.305, Output efficiency: 0.287
mdot_h2: 11.29 g/s
Reynolds_number: 11,135,029
Stack prop output power: 414 kW, Pcomp: 21.3 kW
Cell efficiency: 0.300, Output efficiency: 0.271
mdot_h2: 10.28 g/s
Reynolds_number: 11,135,029
Stack prop output power: 439 kW, Pcomp: 22.6 kW
Cell efficiency: 0.300, Output efficiency: 0.271
mdot_h2: 10.92 g/s
Reynolds_number: 11,135,029
Stack prop output power: 440 kW, Pcomp: 22.7 kW
Cell efficiency: 0.300, Output efficiency: 0.271
mdot_h2: 10.95 g/s
Fuel-cell system mass representative phase: climb (P_fc_sys=972.558 kW).

-----------------------
ptotal_climb: 1,294 kW, mtom_est: 5,244 kg, mtom: 5,325 kg, residual: -80.62 kg

MTOM update: newton, relax=0.500 -> mtom_next=5,225.20 kg

======================================================
======================= ITER 3 =======================
Reynolds_number: 11,135,029
Stack prop output power: 441 kW, Pcomp: 22.7 kW
Cell efficiency: 0.300, Output efficiency: 0.271
mdot_h2: 10.95 g/s
Reynolds_number: 11,135,029
Stack prop output power: 433 kW, Pcomp: 22.3 kW
Cell efficiency: 0.300, Output efficiency: 0.271
mdot_h2: 10.76 g/s
Reynolds_number: 11,135,029
Stack prop output power: 489 kW, Pcomp: 4.4 kW
Cell efficiency: 0.281, Output efficiency: 0.264
mdot_h2: 12.46 g/s
Reynolds_number: 11,135,029
Stack prop output power: 477 kW, Pcomp: 4.3 kW
Cell efficiency: 0.281, Output efficiency: 0.264
mdot_h2: 12.15 g/s
Reynolds_number: 6,709,346
Stack prop output power: 485 kW, Pcomp: 4.2 kW
Cell efficiency: 0.305, Output efficiency: 0.287
mdot_h2: 11.36 g/s
Reynolds_number: 6,709,346
Stack prop output power: 473 kW, Pcomp: 4.1 kW
Cell efficiency: 0.305, Output efficiency: 0.287
mdot_h2: 11.08 g/s
Reynolds_number: 11,135,029
Stack prop output power: 441 kW, Pcomp: 22.7 kW
Cell efficiency: 0.300, Output efficiency: 0.271
mdot_h2: 10.95 g/s
Reynolds_number: 11,135,029
Stack prop output power: 433 kW, Pcomp: 22.3 kW
Cell efficiency: 0.300, Output efficiency: 0.271
mdot_h2: 10.76 g/s
Fuel-cell system mass representative phase: climb (P_fc_sys=954.338 kW).

-----------------------
ptotal_climb: 1,270 kW, mtom_est: 5,185 kg, mtom: 5,225 kg, residual: -40.31 kg

MTOM update: newton, relax=0.650 -> mtom_next=5,160.34 kg

======================================================
======================= ITER 4 =======================
Reynolds_number: 11,135,029
Stack prop output power: 432 kW, Pcomp: 22.3 kW
Cell efficiency: 0.300, Output efficiency: 0.271
mdot_h2: 10.75 g/s
Reynolds_number: 11,135,029
Stack prop output power: 427 kW, Pcomp: 22.0 kW
Cell efficiency: 0.300, Output efficiency: 0.271
mdot_h2: 10.62 g/s
Reynolds_number: 11,135,029
Stack prop output power: 479 kW, Pcomp: 4.3 kW
Cell efficiency: 0.281, Output efficiency: 0.264
mdot_h2: 12.20 g/s
Reynolds_number: 11,135,029
Stack prop output power: 471 kW, Pcomp: 4.2 kW
Cell efficiency: 0.281, Output efficiency: 0.264
mdot_h2: 12.00 g/s
Reynolds_number: 6,709,346
Stack prop output power: 475 kW, Pcomp: 4.1 kW
Cell efficiency: 0.305, Output efficiency: 0.287
mdot_h2: 11.13 g/s
Reynolds_number: 6,709,346
Stack prop output power: 467 kW, Pcomp: 4.1 kW
Cell efficiency: 0.305, Output efficiency: 0.287
mdot_h2: 10.95 g/s
Reynolds_number: 11,135,029
Stack prop output power: 432 kW, Pcomp: 22.3 kW
Cell efficiency: 0.300, Output efficiency: 0.271
mdot_h2: 10.75 g/s
Reynolds_number: 11,135,029
Stack prop output power: 427 kW, Pcomp: 22.0 kW
Cell efficiency: 0.300, Output efficiency: 0.271
mdot_h2: 10.62 g/s
Fuel-cell system mass representative phase: climb (P_fc_sys=942.492 kW).

-----------------------
ptotal_climb: 1,254 kW, mtom_est: 5,146 kg, mtom: 5,160 kg, residual: -13.98 kg

MTOM update: newton, relax=0.845 -> mtom_next=5,131.23 kg

======================================================
======================= ITER 5 =======================
Reynolds_number: 11,135,029
Stack prop output power: 427 kW, Pcomp: 22.0 kW
Cell efficiency: 0.300, Output efficiency: 0.271
mdot_h2: 10.61 g/s
Reynolds_number: 11,135,029
Stack prop output power: 425 kW, Pcomp: 21.9 kW
Cell efficiency: 0.300, Output efficiency: 0.271
mdot_h2: 10.56 g/s
Reynolds_number: 11,135,029
Stack prop output power: 472 kW, Pcomp: 4.2 kW
Cell efficiency: 0.281, Output efficiency: 0.264
mdot_h2: 12.02 g/s
Reynolds_number: 11,135,029
Stack prop output power: 469 kW, Pcomp: 4.2 kW
Cell efficiency: 0.281, Output efficiency: 0.264
mdot_h2: 11.93 g/s
Reynolds_number: 6,709,346
Stack prop output power: 468 kW, Pcomp: 4.1 kW
Cell efficiency: 0.305, Output efficiency: 0.287
mdot_h2: 10.97 g/s
Reynolds_number: 6,709,346
Stack prop output power: 464 kW, Pcomp: 4.0 kW
Cell efficiency: 0.305, Output efficiency: 0.287
mdot_h2: 10.88 g/s
Reynolds_number: 11,135,029
Stack prop output power: 427 kW, Pcomp: 22.0 kW
Cell efficiency: 0.300, Output efficiency: 0.271
mdot_h2: 10.61 g/s
Reynolds_number: 11,135,029
Stack prop output power: 425 kW, Pcomp: 21.9 kW
Cell efficiency: 0.300, Output efficiency: 0.271
mdot_h2: 10.56 g/s
Fuel-cell system mass representative phase: climb (P_fc_sys=937.174 kW).

-----------------------
ptotal_climb: 1,247 kW, mtom_est: 5,130 kg, mtom: 5,131 kg, residual: -1.45 kg


CONVERGED

CONVERGED STATE [MTOM iteration 5]
  MTOM=5,130 kg | Wing loading=220.45 kg/m^2 | P/W(climb)=243.04 W/kg
  Phase power: climb=1,246.8 kW | cruise=849.1 kW | takeoff=1,234.9 kW | cruise+charger=849.1 kW
  Power split (climb): FC=928.8 kW | Battery=309.6 kW | Compressor=8.4 kW | Cooling=401.3 kW | H2=23.863 g/s
  Compressor max across phases: 43.8 kW (cruise)
  FC representative phase (mass sizing): climb (937.2 kW)
  Mass summary: MTOM=5,130 kg | Powertrain=1,558 kg | Tank=378.3 kg | Fuel=168.1 kg | Battery=21.3 kg | Nacelle power density=0.73 kW/kg
  Geometry: Main wing area=23.27 m^2 | Horizontal tail area=3.682 m^2 | Horizontal tail location=10.488 m | Vertical tail area=3.740 m^2 | Vertical tail location=10.076 m
  Config: wing loading input=220.51 kg/m^2 | P/W TO/Cl/Cr=0.17518/0.17682/0.11410 kW/kg

=============================================================
========================= CONVERGED =========================
=============================================================
Constraint sizing: ENABLED (min_combined_pw)
Input W/S: 220.51 kg/m^2 (2,162.5 Pa)
Input P/W [kW/kg]: takeoff 0.17518, climb 0.17682, cruise 0.11410
-------------------------------------------------------------

Mission Time
Climb time: 0.00 min (0.00 h)
Cruise time: 129.63 min (2.16 h)
Total flight time: 151.63 min (2.53 h)

Phase Power Breakdown
Phase      Time[min]     Total[kW]    FC Stack[kW]   Battery[kW]   Compressor[kW]   Cooling[kW]
-----------------------------------------------------------------------------------------------
ready           0.00          62.3            62.3           0.0              0.0           0.0
taxi            5.00         124.7           124.7           0.0              0.0           0.0
takeoff         1.00       1,234.9           920.1         306.7              8.1         354.7
climb           0.00       1,246.8           928.8         309.6              8.4         401.3
cruise        129.63         849.1           805.3           0.0             43.8         346.4
loiter         15.00          84.9            80.5           0.0              4.4          34.6
landing         1.00           0.0             0.0           0.0              0.0           0.0

Pcomp_max (solved phases): 43.8 kW (cruise)
Pnet (climb): 1,126 kW
Pelectricnet (climb): 1,238 kW
eta_pt: 0.9031

Geometry
S_wing: 23.27 m^2
b_wing: 14.47 m
Lfus: 12.38 m
Ltank: 3.37 m
S_HT: 3.68 m^2
S_VT: 3.74 m^2
b_HT: 4.07 m
b_VT: 2.67 m
X_HT_act: 10.49 m
X_VT_act: 10.08 m

One Nacelle (1/2)
Stack(1/2): 271 kg, Compressor: 19 kg, Humidifier: 106 kg, HX: 248 kg
W_FCS_single_nacelle (W_Stack+W_Compressor+W_Humidifier+W_Hx): 643 kg
Representative FC phase: climb
Specific Power of Nacelle System: 0.728 kW/kg
dim_hx: dX=1.128 m, dY=1.128 m, dZ=0.218 m
dim_stack: dX=0.386 m, dY=0.279 m, dZ=0.279 m

ALL Nacelles
W_FCS_total: 1,287 kg
W_PMAD: 107 kg
W_Motors: 164 kg

-----------------------
W_Powertrain (W_FCS_total+W_PMAD+W_Motors): 1,558 kg
-----------------------
W_wing: 358 kg
W_Htail: 24 kg
W_Vtail: 47 kg
W_fuselage: 380 kg
W_lnd_gear_main: 243 kg
W_lnd_gear_nose: 65 kg
W_flight_control: 366 kg
W_electric_system: 300 kg
W_iae: 76 kg
W_hydraulics: 62 kg
W_fur: 384 kg
-----------------------
OEM: 2,304 kg
-----------------------
W_tank: 378 kg
W_fuel: 168.1 kg
W_batt: 21.3 kg
-----------------------
W_payload: 700 kg
-----------------------
MTOM_grouped (OEM+W_tank+W_fuel+W_batt+W_Powertrain+W_payload): 5,130 kg
MTOM: 5,130 kg
-----------------------

Wing loading (MTOM/S_wing): 220.45 kg/m^2
Power-to-weight (converged): 243.04 W/kg

mdot_H2(cruise): 21.1 g/s
Vtankex: 7.2 m^3
========================== END ==============================


=============================================================
Execution time: 48.1 seconds
=============================================================
