Auto-widening W/S scan window for min_combined_pw: 1900.0..2600.0 -> 1725.0..2775.0 Pa (factor 1.500, lower_hit=True, upper_hit=False, min_on_edge=False).
Auto-widening W/S scan window for min_combined_pw: 1725.0..2775.0 -> 1462.5..3037.5 Pa (factor 1.500, lower_hit=True, upper_hit=False, min_on_edge=False).
ADRpy constraint sizing (min_combined_pw): W/S=2162.5 Pa (220.51 kg/m^2), P/W_TO=0.17518 kW/kg, P/W_climb=0.17741 kW/kg, P/W_cruise=0.15650 kW/kg
Curve minimum (combined/combined): W/S=2162.5 Pa (220.51 kg/m^2), P/W=0.17741 kW/kg
Curve minimum (takeoff/take-off): W/S=1462.5 Pa (149.13 kg/m^2), P/W=0.10196 kW/kg
Curve minimum (climb/climb): W/S=2312.5 Pa (235.81 kg/m^2), P/W=0.17567 kW/kg
Curve minimum (cruise/cruise): W/S=2312.5 Pa (235.81 kg/m^2), P/W=0.14869 kW/kg
======================================================
======================= ITER 1 =======================
Reynolds_number: 12,676,037
Stack prop output power: 500 kW, Pcomp: 25.8 kW
Cell efficiency: 0.302, Output efficiency: 0.272
mdot_h2: 12.36 g/s
Reynolds_number: 12,676,037
Stack prop output power: 564 kW, Pcomp: 29.1 kW
Cell efficiency: 0.302, Output efficiency: 0.272
mdot_h2: 13.94 g/s
Reynolds_number: 12,676,037
Stack prop output power: 567 kW, Pcomp: 29.3 kW
Cell efficiency: 0.302, Output efficiency: 0.272
mdot_h2: 14.02 g/s
Reynolds_number: 12,676,037
Stack prop output power: 349 kW, Pcomp: 3.1 kW
Cell efficiency: 0.283, Output efficiency: 0.266
mdot_h2: 8.81 g/s
Reynolds_number: 12,676,037
Stack prop output power: 457 kW, Pcomp: 4.1 kW
Cell efficiency: 0.283, Output efficiency: 0.266
mdot_h2: 11.55 g/s
Reynolds_number: 12,676,037
Stack prop output power: 458 kW, Pcomp: 4.1 kW
Cell efficiency: 0.283, Output efficiency: 0.266
mdot_h2: 11.57 g/s
Reynolds_number: 6,709,346
Stack prop output power: 351 kW, Pcomp: 3.1 kW
Cell efficiency: 0.305, Output efficiency: 0.287
mdot_h2: 8.22 g/s
Reynolds_number: 6,709,346
Stack prop output power: 451 kW, Pcomp: 3.9 kW
Cell efficiency: 0.305, Output efficiency: 0.287
mdot_h2: 10.58 g/s
Reynolds_number: 6,709,346
Stack prop output power: 452 kW, Pcomp: 3.9 kW
Cell efficiency: 0.305, Output efficiency: 0.287
mdot_h2: 10.60 g/s
Reynolds_number: 12,676,037
Stack prop output power: 500 kW, Pcomp: 25.8 kW
Cell efficiency: 0.302, Output efficiency: 0.272
mdot_h2: 12.36 g/s
Reynolds_number: 12,676,037
Stack prop output power: 564 kW, Pcomp: 29.1 kW
Cell efficiency: 0.302, Output efficiency: 0.272
mdot_h2: 13.94 g/s
Reynolds_number: 12,676,037
Stack prop output power: 567 kW, Pcomp: 29.3 kW
Cell efficiency: 0.302, Output efficiency: 0.272
mdot_h2: 14.02 g/s
Fuel-cell system mass representative phase: cruise (P_fc_sys=1134.854 kW).

-----------------------
ptotal_climb: 1,219 kW, mtom_est: 5,142 kg, mtom: 5,000 kg, residual: +141.74 kg

MTOM update: initial_bracket_probe_1, relax=1.000 -> mtom_next=5,325.00 kg

======================================================
======================= ITER 2 =======================
Reynolds_number: 12,676,037
Stack prop output power: 567 kW, Pcomp: 29.3 kW
Cell efficiency: 0.302, Output efficiency: 0.272
mdot_h2: 14.02 g/s
Reynolds_number: 12,676,037
Stack prop output power: 602 kW, Pcomp: 31.1 kW
Cell efficiency: 0.302, Output efficiency: 0.272
mdot_h2: 14.89 g/s
Reynolds_number: 12,676,037
Stack prop output power: 604 kW, Pcomp: 31.2 kW
Cell efficiency: 0.302, Output efficiency: 0.272
mdot_h2: 14.93 g/s
Reynolds_number: 12,676,037
Stack prop output power: 448 kW, Pcomp: 4.0 kW
Cell efficiency: 0.283, Output efficiency: 0.266
mdot_h2: 11.32 g/s
Reynolds_number: 12,676,037
Stack prop output power: 488 kW, Pcomp: 4.4 kW
Cell efficiency: 0.283, Output efficiency: 0.266
mdot_h2: 12.32 g/s
Reynolds_number: 6,709,346
Stack prop output power: 443 kW, Pcomp: 3.9 kW
Cell efficiency: 0.305, Output efficiency: 0.287
mdot_h2: 10.38 g/s
Reynolds_number: 6,709,346
Stack prop output power: 481 kW, Pcomp: 4.2 kW
Cell efficiency: 0.305, Output efficiency: 0.287
mdot_h2: 11.29 g/s
Reynolds_number: 12,676,037
Stack prop output power: 567 kW, Pcomp: 29.3 kW
Cell efficiency: 0.302, Output efficiency: 0.272
mdot_h2: 14.02 g/s
Reynolds_number: 12,676,037
Stack prop output power: 602 kW, Pcomp: 31.1 kW
Cell efficiency: 0.302, Output efficiency: 0.272
mdot_h2: 14.89 g/s
Reynolds_number: 12,676,037
Stack prop output power: 604 kW, Pcomp: 31.2 kW
Cell efficiency: 0.302, Output efficiency: 0.272
mdot_h2: 14.93 g/s
Fuel-cell system mass representative phase: cruise (P_fc_sys=1208.630 kW).

-----------------------
ptotal_climb: 1,298 kW, mtom_est: 5,355 kg, mtom: 5,325 kg, residual: +29.95 kg

MTOM update: initial_bracket_probe_2, relax=1.000 -> mtom_next=5,650.00 kg

======================================================
======================= ITER 3 =======================
Reynolds_number: 12,676,037
Stack prop output power: 604 kW, Pcomp: 31.2 kW
Cell efficiency: 0.302, Output efficiency: 0.272
mdot_h2: 14.93 g/s
Reynolds_number: 12,676,037
Stack prop output power: 639 kW, Pcomp: 33.0 kW
Cell efficiency: 0.302, Output efficiency: 0.272
mdot_h2: 15.80 g/s
Reynolds_number: 12,676,037
Stack prop output power: 641 kW, Pcomp: 33.1 kW
Cell efficiency: 0.302, Output efficiency: 0.272
mdot_h2: 15.84 g/s
Reynolds_number: 12,676,037
Stack prop output power: 478 kW, Pcomp: 4.3 kW
Cell efficiency: 0.283, Output efficiency: 0.266
mdot_h2: 12.08 g/s
Reynolds_number: 12,676,037
Stack prop output power: 517 kW, Pcomp: 4.6 kW
Cell efficiency: 0.283, Output efficiency: 0.266
mdot_h2: 13.07 g/s
Reynolds_number: 6,709,346
Stack prop output power: 472 kW, Pcomp: 4.1 kW
Cell efficiency: 0.305, Output efficiency: 0.287
mdot_h2: 11.07 g/s
Reynolds_number: 6,709,346
Stack prop output power: 511 kW, Pcomp: 4.4 kW
Cell efficiency: 0.305, Output efficiency: 0.287
mdot_h2: 11.98 g/s
Reynolds_number: 12,676,037
Stack prop output power: 604 kW, Pcomp: 31.2 kW
Cell efficiency: 0.302, Output efficiency: 0.272
mdot_h2: 14.93 g/s
Reynolds_number: 12,676,037
Stack prop output power: 639 kW, Pcomp: 33.0 kW
Cell efficiency: 0.302, Output efficiency: 0.272
mdot_h2: 15.80 g/s
Reynolds_number: 12,676,037
Stack prop output power: 641 kW, Pcomp: 33.1 kW
Cell efficiency: 0.302, Output efficiency: 0.272
mdot_h2: 15.84 g/s
Fuel-cell system mass representative phase: cruise (P_fc_sys=1282.396 kW).

-----------------------
ptotal_climb: 1,377 kW, mtom_est: 5,569 kg, mtom: 5,650 kg, residual: -81.25 kg

MTOM update: newton, relax=0.500 -> mtom_next=5,531.26 kg

======================================================
======================= ITER 4 =======================
Reynolds_number: 12,676,037
Stack prop output power: 641 kW, Pcomp: 33.1 kW
Cell efficiency: 0.302, Output efficiency: 0.272
mdot_h2: 15.85 g/s
Reynolds_number: 12,676,037
Stack prop output power: 628 kW, Pcomp: 32.4 kW
Cell efficiency: 0.302, Output efficiency: 0.272
mdot_h2: 15.53 g/s
Reynolds_number: 12,676,037
Stack prop output power: 628 kW, Pcomp: 32.4 kW
Cell efficiency: 0.302, Output efficiency: 0.272
mdot_h2: 15.51 g/s
Reynolds_number: 12,676,037
Stack prop output power: 521 kW, Pcomp: 4.7 kW
Cell efficiency: 0.283, Output efficiency: 0.266
mdot_h2: 13.17 g/s
Reynolds_number: 12,676,037
Stack prop output power: 507 kW, Pcomp: 4.6 kW
Cell efficiency: 0.283, Output efficiency: 0.266
mdot_h2: 12.81 g/s
Reynolds_number: 6,709,346
Stack prop output power: 515 kW, Pcomp: 4.5 kW
Cell efficiency: 0.305, Output efficiency: 0.287
mdot_h2: 12.07 g/s
Reynolds_number: 6,709,346
Stack prop output power: 500 kW, Pcomp: 4.4 kW
Cell efficiency: 0.305, Output efficiency: 0.287
mdot_h2: 11.73 g/s
Reynolds_number: 12,676,037
Stack prop output power: 641 kW, Pcomp: 33.1 kW
Cell efficiency: 0.302, Output efficiency: 0.272
mdot_h2: 15.85 g/s
Reynolds_number: 12,676,037
Stack prop output power: 628 kW, Pcomp: 32.4 kW
Cell efficiency: 0.302, Output efficiency: 0.272
mdot_h2: 15.53 g/s
Reynolds_number: 12,676,037
Stack prop output power: 628 kW, Pcomp: 32.4 kW
Cell efficiency: 0.302, Output efficiency: 0.272
mdot_h2: 15.51 g/s
Fuel-cell system mass representative phase: cruise (P_fc_sys=1255.460 kW).

-----------------------
ptotal_climb: 1,348 kW, mtom_est: 5,492 kg, mtom: 5,531 kg, residual: -39.76 kg

MTOM update: newton, relax=0.650 -> mtom_next=5,457.31 kg

======================================================
======================= ITER 5 =======================
Reynolds_number: 12,676,037
Stack prop output power: 628 kW, Pcomp: 32.4 kW
Cell efficiency: 0.302, Output efficiency: 0.272
mdot_h2: 15.51 g/s
Reynolds_number: 12,676,037
Stack prop output power: 620 kW, Pcomp: 32.0 kW
Cell efficiency: 0.302, Output efficiency: 0.272
mdot_h2: 15.32 g/s
Reynolds_number: 12,676,037
Stack prop output power: 509 kW, Pcomp: 4.6 kW
Cell efficiency: 0.283, Output efficiency: 0.266
mdot_h2: 12.86 g/s
Reynolds_number: 12,676,037
Stack prop output power: 500 kW, Pcomp: 4.5 kW
Cell efficiency: 0.283, Output efficiency: 0.266
mdot_h2: 12.63 g/s
Reynolds_number: 6,709,346
Stack prop output power: 503 kW, Pcomp: 4.4 kW
Cell efficiency: 0.305, Output efficiency: 0.287
mdot_h2: 11.78 g/s
Reynolds_number: 6,709,346
Stack prop output power: 494 kW, Pcomp: 4.3 kW
Cell efficiency: 0.305, Output efficiency: 0.287
mdot_h2: 11.58 g/s
Reynolds_number: 12,676,037
Stack prop output power: 628 kW, Pcomp: 32.4 kW
Cell efficiency: 0.302, Output efficiency: 0.272
mdot_h2: 15.51 g/s
Reynolds_number: 12,676,037
Stack prop output power: 620 kW, Pcomp: 32.0 kW
Cell efficiency: 0.302, Output efficiency: 0.272
mdot_h2: 15.32 g/s
Fuel-cell system mass representative phase: cruise (P_fc_sys=1238.715 kW).

-----------------------
ptotal_climb: 1,330 kW, mtom_est: 5,444 kg, mtom: 5,457 kg, residual: -13.35 kg

MTOM update: newton, relax=0.845 -> mtom_next=5,425.71 kg

======================================================
======================= ITER 6 =======================
Reynolds_number: 12,676,037
Stack prop output power: 619 kW, Pcomp: 32.0 kW
Cell efficiency: 0.302, Output efficiency: 0.272
mdot_h2: 15.31 g/s
Reynolds_number: 12,676,037
Stack prop output power: 616 kW, Pcomp: 31.8 kW
Cell efficiency: 0.302, Output efficiency: 0.272
mdot_h2: 15.22 g/s
Reynolds_number: 12,676,037
Stack prop output power: 501 kW, Pcomp: 4.5 kW
Cell efficiency: 0.283, Output efficiency: 0.266
mdot_h2: 12.66 g/s
Reynolds_number: 12,676,037
Stack prop output power: 497 kW, Pcomp: 4.5 kW
Cell efficiency: 0.283, Output efficiency: 0.266
mdot_h2: 12.56 g/s
Reynolds_number: 6,709,346
Stack prop output power: 495 kW, Pcomp: 4.3 kW
Cell efficiency: 0.305, Output efficiency: 0.287
mdot_h2: 11.60 g/s
Reynolds_number: 6,709,346
Stack prop output power: 491 kW, Pcomp: 4.3 kW
Cell efficiency: 0.305, Output efficiency: 0.287
mdot_h2: 11.51 g/s
Reynolds_number: 12,676,037
Stack prop output power: 619 kW, Pcomp: 32.0 kW
Cell efficiency: 0.302, Output efficiency: 0.272
mdot_h2: 15.31 g/s
Reynolds_number: 12,676,037
Stack prop output power: 616 kW, Pcomp: 31.8 kW
Cell efficiency: 0.302, Output efficiency: 0.272
mdot_h2: 15.22 g/s
Fuel-cell system mass representative phase: cruise (P_fc_sys=1231.518 kW).

-----------------------
ptotal_climb: 1,323 kW, mtom_est: 5,422 kg, mtom: 5,426 kg, residual: -3.23 kg


CONVERGED

CONVERGED STATE [MTOM iteration 6]
  MTOM=5,422 kg | Wing loading=220.38 kg/m^2 | P/W(climb)=243.93 W/kg
  Phase power: climb=1,322.7 kW | cruise=1,231.5 kW | takeoff=1,305.8 kW | cruise+charger=1,231.5 kW
  Power split (climb): FC=985.3 kW | Battery=328.4 kW | Compressor=8.9 kW | Cooling=421.1 kW | H2=25.117 g/s
  Compressor max across phases: 63.6 kW (cruise)
  FC representative phase (mass sizing): cruise (1,231.5 kW)
  Mass summary: MTOM=5,422 kg | Powertrain=1,950 kg | Tank=471.5 kg | Fuel=209.5 kg | Battery=22.5 kg | Nacelle power density=0.74 kW/kg
  Geometry: Main wing area=24.60 m^2 | Horizontal tail area=3.685 m^2 | Horizontal tail location=11.317 m | Vertical tail area=3.734 m^2 | Vertical tail location=10.907 m
  Config: wing loading input=220.51 kg/m^2 | P/W TO/Cl/Cr=0.17518/0.17741/0.15650 kW/kg

=============================================================
========================= CONVERGED =========================
=============================================================
Constraint sizing: ENABLED (min_combined_pw)
Input W/S: 220.51 kg/m^2 (2,162.5 Pa)
Input P/W [kW/kg]: takeoff 0.17518, climb 0.17741, cruise 0.15650
-------------------------------------------------------------

Mission Time
Climb time: 0.00 min (0.00 h)
Cruise time: 112.05 min (1.87 h)
Total flight time: 134.05 min (2.23 h)

Phase Power Breakdown
Phase      Time[min]     Total[kW]    FC Stack[kW]   Battery[kW]   Compressor[kW]   Cooling[kW]
-----------------------------------------------------------------------------------------------
ready           0.00          66.1            66.1           0.0              0.0           0.0
taxi            5.00         132.3           132.3           0.0              0.0           0.0
takeoff         1.00       1,305.8           972.9         324.3              8.5         375.1
climb           0.00       1,322.7           985.3         328.4              8.9         421.1
cruise        112.05       1,231.5         1,167.9           0.0             63.6         498.1
loiter         15.00         123.2           116.8           0.0              6.4          49.8
landing         1.00           0.0             0.0           0.0              0.0           0.0

Pcomp_max (solved phases): 63.6 kW (cruise)
Pnet (climb): 1,194 kW
Pelectricnet (climb): 1,314 kW
eta_pt: 0.9031

Geometry
S_wing: 24.60 m^2
b_wing: 14.88 m
Lfus: 13.21 m
Ltank: 4.20 m
S_HT: 3.68 m^2
S_VT: 3.73 m^2
b_HT: 4.07 m
b_VT: 2.66 m
X_HT_act: 11.32 m
X_VT_act: 10.91 m

One Nacelle (1/2)
Stack(1/2): 348 kg, Compressor: 92 kg, Humidifier: 115 kg, HX: 277 kg
W_FCS_single_nacelle (W_Stack+W_Compressor+W_Humidifier+W_Hx): 831 kg
Representative FC phase: cruise
Specific Power of Nacelle System: 0.741 kW/kg
dim_hx: dX=1.173 m, dY=1.173 m, dZ=0.225 m
dim_stack: dX=0.363 m, dY=0.327 m, dZ=0.327 m

ALL Nacelles
W_FCS_total: 1,662 kg
W_PMAD: 113 kg
W_Motors: 174 kg

-----------------------
W_Powertrain (W_FCS_total+W_PMAD+W_Motors): 1,950 kg
-----------------------
W_wing: 384 kg
W_Htail: 25 kg
W_Vtail: 49 kg
W_fuselage: 438 kg
W_lnd_gear_main: 243 kg
W_lnd_gear_nose: 65 kg
W_flight_control: 366 kg
W_electric_system: 300 kg
W_iae: 80 kg
W_hydraulics: 65 kg
W_fur: 405 kg
-----------------------
OEM: 2,419 kg
-----------------------
W_tank: 471 kg
W_fuel: 209.5 kg
W_batt: 22.5 kg
-----------------------
W_payload: 350 kg
-----------------------
MTOM_grouped (OEM+W_tank+W_fuel+W_batt+W_Powertrain+W_payload): 5,422 kg
MTOM: 5,422 kg
-----------------------

Wing loading (MTOM/S_wing): 220.38 kg/m^2
Power-to-weight (converged): 243.93 W/kg

mdot_H2(cruise): 30.4 g/s
Vtankex: 9.0 m^3
========================== END ==============================


=============================================================
Execution time: 62.0 seconds
=============================================================
