Auto-widening W/S scan window for min_combined_pw: 1900.0..2600.0 -> 1725.0..2775.0 Pa (factor 1.500, lower_hit=True, upper_hit=False, min_on_edge=False).
Auto-widening W/S scan window for min_combined_pw: 1725.0..2775.0 -> 1462.5..3037.5 Pa (factor 1.500, lower_hit=True, upper_hit=False, min_on_edge=False).
ADRpy constraint sizing (min_combined_pw): W/S=2212.5 Pa (225.61 kg/m^2), P/W_TO=0.18089 kW/kg, P/W_climb=0.18020 kW/kg, P/W_cruise=0.07857 kW/kg
Curve minimum (combined/combined): W/S=2212.5 Pa (225.61 kg/m^2), P/W=0.18089 kW/kg
Curve minimum (takeoff/take-off): W/S=1462.5 Pa (149.13 kg/m^2), P/W=0.10196 kW/kg
Curve minimum (climb/climb): W/S=2312.5 Pa (235.81 kg/m^2), P/W=0.17892 kW/kg
Curve minimum (cruise/cruise): W/S=2312.5 Pa (235.81 kg/m^2), P/W=0.07740 kW/kg
======================================================
======================= ITER 1 =======================
Reynolds_number: 9,055,433
Stack prop output power: 500 kW, Pcomp: 30.8 kW
Cell efficiency: 0.297, Output efficiency: 0.266
mdot_h2: 12.66 g/s
Reynolds_number: 9,055,433
Stack prop output power: 301 kW, Pcomp: 18.5 kW
Cell efficiency: 0.297, Output efficiency: 0.266
mdot_h2: 7.62 g/s
Reynolds_number: 9,055,433
Stack prop output power: 289 kW, Pcomp: 17.8 kW
Cell efficiency: 0.297, Output efficiency: 0.266
mdot_h2: 7.31 g/s
Reynolds_number: 9,055,433
Stack prop output power: 288 kW, Pcomp: 17.7 kW
Cell efficiency: 0.297, Output efficiency: 0.266
mdot_h2: 7.29 g/s
Reynolds_number: 9,055,433
Stack prop output power: 346 kW, Pcomp: 3.1 kW
Cell efficiency: 0.273, Output efficiency: 0.257
mdot_h2: 9.07 g/s
Reynolds_number: 9,055,433
Stack prop output power: 464 kW, Pcomp: 4.2 kW
Cell efficiency: 0.273, Output efficiency: 0.257
mdot_h2: 12.17 g/s
Reynolds_number: 9,055,433
Stack prop output power: 465 kW, Pcomp: 4.2 kW
Cell efficiency: 0.273, Output efficiency: 0.257
mdot_h2: 12.19 g/s
Reynolds_number: 6,709,346
Stack prop output power: 346 kW, Pcomp: 3.0 kW
Cell efficiency: 0.305, Output efficiency: 0.287
mdot_h2: 8.11 g/s
Reynolds_number: 6,709,346
Stack prop output power: 466 kW, Pcomp: 4.1 kW
Cell efficiency: 0.305, Output efficiency: 0.287
mdot_h2: 10.93 g/s
Reynolds_number: 6,709,346
Stack prop output power: 467 kW, Pcomp: 4.1 kW
Cell efficiency: 0.305, Output efficiency: 0.287
mdot_h2: 10.95 g/s
Reynolds_number: 9,055,433
Stack prop output power: 500 kW, Pcomp: 30.8 kW
Cell efficiency: 0.297, Output efficiency: 0.266
mdot_h2: 12.66 g/s
Reynolds_number: 9,055,433
Stack prop output power: 301 kW, Pcomp: 18.5 kW
Cell efficiency: 0.297, Output efficiency: 0.266
mdot_h2: 7.62 g/s
Reynolds_number: 9,055,433
Stack prop output power: 289 kW, Pcomp: 17.8 kW
Cell efficiency: 0.297, Output efficiency: 0.266
mdot_h2: 7.31 g/s
Reynolds_number: 9,055,433
Stack prop output power: 288 kW, Pcomp: 17.7 kW
Cell efficiency: 0.297, Output efficiency: 0.266
mdot_h2: 7.29 g/s
Fuel-cell system mass representative phase: takeoff (P_fc_sys=933.979 kW).

-----------------------
ptotal_climb: 1,238 kW, mtom_est: 6,102 kg, mtom: 5,000 kg, residual: +1,101.95 kg

MTOM update: initial_bracket_probe_1, relax=1.000 -> mtom_next=5,325.00 kg

======================================================
======================= ITER 2 =======================
Reynolds_number: 9,055,433
Stack prop output power: 288 kW, Pcomp: 17.7 kW
Cell efficiency: 0.297, Output efficiency: 0.266
mdot_h2: 7.29 g/s
Reynolds_number: 9,055,433
Stack prop output power: 305 kW, Pcomp: 18.8 kW
Cell efficiency: 0.297, Output efficiency: 0.266
mdot_h2: 7.73 g/s
Reynolds_number: 9,055,433
Stack prop output power: 307 kW, Pcomp: 18.9 kW
Cell efficiency: 0.297, Output efficiency: 0.266
mdot_h2: 7.76 g/s
Reynolds_number: 9,055,433
Stack prop output power: 455 kW, Pcomp: 4.1 kW
Cell efficiency: 0.273, Output efficiency: 0.257
mdot_h2: 11.93 g/s
Reynolds_number: 9,055,433
Stack prop output power: 495 kW, Pcomp: 4.5 kW
Cell efficiency: 0.273, Output efficiency: 0.257
mdot_h2: 12.98 g/s
Reynolds_number: 6,709,346
Stack prop output power: 457 kW, Pcomp: 4.0 kW
Cell efficiency: 0.305, Output efficiency: 0.287
mdot_h2: 10.72 g/s
Reynolds_number: 6,709,346
Stack prop output power: 497 kW, Pcomp: 4.3 kW
Cell efficiency: 0.305, Output efficiency: 0.287
mdot_h2: 11.65 g/s
Reynolds_number: 9,055,433
Stack prop output power: 288 kW, Pcomp: 17.7 kW
Cell efficiency: 0.297, Output efficiency: 0.266
mdot_h2: 7.29 g/s
Reynolds_number: 9,055,433
Stack prop output power: 305 kW, Pcomp: 18.8 kW
Cell efficiency: 0.297, Output efficiency: 0.266
mdot_h2: 7.73 g/s
Reynolds_number: 9,055,433
Stack prop output power: 307 kW, Pcomp: 18.9 kW
Cell efficiency: 0.297, Output efficiency: 0.266
mdot_h2: 7.76 g/s
Fuel-cell system mass representative phase: takeoff (P_fc_sys=994.682 kW).

-----------------------
ptotal_climb: 1,319 kW, mtom_est: 6,343 kg, mtom: 5,325 kg, residual: +1,018.12 kg

MTOM update: initial_bracket_probe_2, relax=1.000 -> mtom_next=5,650.00 kg

======================================================
======================= ITER 3 =======================
Reynolds_number: 9,055,433
Stack prop output power: 307 kW, Pcomp: 18.9 kW
Cell efficiency: 0.297, Output efficiency: 0.266
mdot_h2: 7.76 g/s
Reynolds_number: 9,055,433
Stack prop output power: 324 kW, Pcomp: 20.0 kW
Cell efficiency: 0.297, Output efficiency: 0.266
mdot_h2: 8.21 g/s
Reynolds_number: 9,055,433
Stack prop output power: 325 kW, Pcomp: 20.0 kW
Cell efficiency: 0.297, Output efficiency: 0.266
mdot_h2: 8.24 g/s
Reynolds_number: 9,055,433
Stack prop output power: 486 kW, Pcomp: 4.4 kW
Cell efficiency: 0.273, Output efficiency: 0.257
mdot_h2: 12.73 g/s
Reynolds_number: 9,055,433
Stack prop output power: 525 kW, Pcomp: 4.8 kW
Cell efficiency: 0.273, Output efficiency: 0.257
mdot_h2: 13.77 g/s
Reynolds_number: 6,709,346
Stack prop output power: 487 kW, Pcomp: 4.2 kW
Cell efficiency: 0.305, Output efficiency: 0.287
mdot_h2: 11.43 g/s
Reynolds_number: 6,709,346
Stack prop output power: 527 kW, Pcomp: 4.6 kW
Cell efficiency: 0.305, Output efficiency: 0.287
mdot_h2: 12.37 g/s
Reynolds_number: 9,055,433
Stack prop output power: 307 kW, Pcomp: 18.9 kW
Cell efficiency: 0.297, Output efficiency: 0.266
mdot_h2: 7.76 g/s
Reynolds_number: 9,055,433
Stack prop output power: 324 kW, Pcomp: 20.0 kW
Cell efficiency: 0.297, Output efficiency: 0.266
mdot_h2: 8.21 g/s
Reynolds_number: 9,055,433
Stack prop output power: 325 kW, Pcomp: 20.0 kW
Cell efficiency: 0.297, Output efficiency: 0.266
mdot_h2: 8.24 g/s
Fuel-cell system mass representative phase: takeoff (P_fc_sys=1055.390 kW).

-----------------------
ptotal_climb: 1,399 kW, mtom_est: 6,587 kg, mtom: 5,650 kg, residual: +936.54 kg

MTOM update: fixed_point_prebracket, relax=1.000 -> mtom_next=6,399.23 kg

======================================================
======================= ITER 4 =======================
Reynolds_number: 9,055,433
Stack prop output power: 325 kW, Pcomp: 20.1 kW
Cell efficiency: 0.297, Output efficiency: 0.266
mdot_h2: 8.24 g/s
Reynolds_number: 9,055,433
Stack prop output power: 366 kW, Pcomp: 22.5 kW
Cell efficiency: 0.297, Output efficiency: 0.266
mdot_h2: 9.26 g/s
Reynolds_number: 9,055,433
Stack prop output power: 368 kW, Pcomp: 22.7 kW
Cell efficiency: 0.297, Output efficiency: 0.266
mdot_h2: 9.33 g/s
Reynolds_number: 9,055,433
Stack prop output power: 503 kW, Pcomp: 4.6 kW
Cell efficiency: 0.273, Output efficiency: 0.257
mdot_h2: 13.18 g/s
Reynolds_number: 9,055,433
Stack prop output power: 595 kW, Pcomp: 5.4 kW
Cell efficiency: 0.273, Output efficiency: 0.257
mdot_h2: 15.59 g/s
Reynolds_number: 9,055,433
Stack prop output power: 596 kW, Pcomp: 5.4 kW
Cell efficiency: 0.273, Output efficiency: 0.257
mdot_h2: 15.61 g/s
Reynolds_number: 6,709,346
Stack prop output power: 505 kW, Pcomp: 4.4 kW
Cell efficiency: 0.305, Output efficiency: 0.287
mdot_h2: 11.83 g/s
Reynolds_number: 6,709,346
Stack prop output power: 597 kW, Pcomp: 5.2 kW
Cell efficiency: 0.305, Output efficiency: 0.287
mdot_h2: 14.00 g/s
Reynolds_number: 6,709,346
Stack prop output power: 598 kW, Pcomp: 5.2 kW
Cell efficiency: 0.305, Output efficiency: 0.287
mdot_h2: 14.01 g/s
Reynolds_number: 9,055,433
Stack prop output power: 325 kW, Pcomp: 20.1 kW
Cell efficiency: 0.297, Output efficiency: 0.266
mdot_h2: 8.24 g/s
Reynolds_number: 9,055,433
Stack prop output power: 366 kW, Pcomp: 22.5 kW
Cell efficiency: 0.297, Output efficiency: 0.266
mdot_h2: 9.26 g/s
Reynolds_number: 9,055,433
Stack prop output power: 368 kW, Pcomp: 22.7 kW
Cell efficiency: 0.297, Output efficiency: 0.266
mdot_h2: 9.33 g/s
Fuel-cell system mass representative phase: takeoff (P_fc_sys=1195.350 kW).

-----------------------
ptotal_climb: 1,585 kW, mtom_est: 7,150 kg, mtom: 6,399 kg, residual: +750.73 kg

MTOM update: fixed_point_prebracket, relax=1.000 -> mtom_next=6,999.82 kg

======================================================
======================= ITER 5 =======================
Reynolds_number: 9,055,433
Stack prop output power: 368 kW, Pcomp: 22.7 kW
Cell efficiency: 0.297, Output efficiency: 0.266
mdot_h2: 9.33 g/s
Reynolds_number: 9,055,433
Stack prop output power: 401 kW, Pcomp: 24.7 kW
Cell efficiency: 0.297, Output efficiency: 0.266
mdot_h2: 10.15 g/s
Reynolds_number: 9,055,433
Stack prop output power: 403 kW, Pcomp: 24.8 kW
Cell efficiency: 0.297, Output efficiency: 0.266
mdot_h2: 10.20 g/s
Reynolds_number: 9,055,433
Stack prop output power: 577 kW, Pcomp: 5.2 kW
Cell efficiency: 0.273, Output efficiency: 0.257
mdot_h2: 15.12 g/s
Reynolds_number: 9,055,433
Stack prop output power: 651 kW, Pcomp: 5.9 kW
Cell efficiency: 0.273, Output efficiency: 0.257
mdot_h2: 17.05 g/s
Reynolds_number: 9,055,433
Stack prop output power: 651 kW, Pcomp: 5.9 kW
Cell efficiency: 0.273, Output efficiency: 0.257
mdot_h2: 17.07 g/s
Reynolds_number: 6,709,346
Stack prop output power: 579 kW, Pcomp: 5.0 kW
Cell efficiency: 0.305, Output efficiency: 0.287
mdot_h2: 13.58 g/s
Reynolds_number: 6,709,346
Stack prop output power: 653 kW, Pcomp: 5.7 kW
Cell efficiency: 0.305, Output efficiency: 0.287
mdot_h2: 15.31 g/s
Reynolds_number: 6,709,346
Stack prop output power: 654 kW, Pcomp: 5.7 kW
Cell efficiency: 0.305, Output efficiency: 0.287
mdot_h2: 15.33 g/s
Reynolds_number: 9,055,433
Stack prop output power: 368 kW, Pcomp: 22.7 kW
Cell efficiency: 0.297, Output efficiency: 0.266
mdot_h2: 9.33 g/s
Reynolds_number: 9,055,433
Stack prop output power: 401 kW, Pcomp: 24.7 kW
Cell efficiency: 0.297, Output efficiency: 0.266
mdot_h2: 10.15 g/s
Reynolds_number: 9,055,433
Stack prop output power: 403 kW, Pcomp: 24.8 kW
Cell efficiency: 0.297, Output efficiency: 0.266
mdot_h2: 10.20 g/s
Fuel-cell system mass representative phase: takeoff (P_fc_sys=1307.538 kW).

-----------------------
ptotal_climb: 1,733 kW, mtom_est: 7,603 kg, mtom: 7,000 kg, residual: +603.29 kg

MTOM update: fixed_point_prebracket, relax=1.000 -> mtom_next=7,482.46 kg

======================================================
======================= ITER 6 =======================
Reynolds_number: 9,055,433
Stack prop output power: 403 kW, Pcomp: 24.8 kW
Cell efficiency: 0.297, Output efficiency: 0.266
mdot_h2: 10.21 g/s
Reynolds_number: 9,055,433
Stack prop output power: 429 kW, Pcomp: 26.4 kW
Cell efficiency: 0.297, Output efficiency: 0.266
mdot_h2: 10.87 g/s
Reynolds_number: 9,055,433
Stack prop output power: 431 kW, Pcomp: 26.5 kW
Cell efficiency: 0.297, Output efficiency: 0.266
mdot_h2: 10.91 g/s
Reynolds_number: 9,055,433
Stack prop output power: 637 kW, Pcomp: 5.8 kW
Cell efficiency: 0.273, Output efficiency: 0.257
mdot_h2: 16.68 g/s
Reynolds_number: 9,055,433
Stack prop output power: 696 kW, Pcomp: 6.3 kW
Cell efficiency: 0.273, Output efficiency: 0.257
mdot_h2: 18.24 g/s
Reynolds_number: 9,055,433
Stack prop output power: 696 kW, Pcomp: 6.3 kW
Cell efficiency: 0.273, Output efficiency: 0.257
mdot_h2: 18.25 g/s
Reynolds_number: 6,709,346
Stack prop output power: 639 kW, Pcomp: 5.6 kW
Cell efficiency: 0.305, Output efficiency: 0.287
mdot_h2: 14.98 g/s
Reynolds_number: 6,709,346
Stack prop output power: 698 kW, Pcomp: 6.1 kW
Cell efficiency: 0.305, Output efficiency: 0.287
mdot_h2: 16.37 g/s
Reynolds_number: 6,709,346
Stack prop output power: 699 kW, Pcomp: 6.1 kW
Cell efficiency: 0.305, Output efficiency: 0.287
mdot_h2: 16.39 g/s
Reynolds_number: 9,055,433
Stack prop output power: 403 kW, Pcomp: 24.8 kW
Cell efficiency: 0.297, Output efficiency: 0.266
mdot_h2: 10.21 g/s
Reynolds_number: 9,055,433
Stack prop output power: 429 kW, Pcomp: 26.4 kW
Cell efficiency: 0.297, Output efficiency: 0.266
mdot_h2: 10.87 g/s
Reynolds_number: 9,055,433
Stack prop output power: 431 kW, Pcomp: 26.5 kW
Cell efficiency: 0.297, Output efficiency: 0.266
mdot_h2: 10.91 g/s
Fuel-cell system mass representative phase: takeoff (P_fc_sys=1397.692 kW).

-----------------------
ptotal_climb: 1,853 kW, mtom_est: 7,968 kg, mtom: 7,482 kg, residual: +485.61 kg

MTOM update: fixed_point_prebracket, relax=1.000 -> mtom_next=7,870.94 kg

======================================================
======================= ITER 7 =======================
Reynolds_number: 9,055,433
Stack prop output power: 431 kW, Pcomp: 26.6 kW
Cell efficiency: 0.297, Output efficiency: 0.266
mdot_h2: 10.91 g/s
Reynolds_number: 9,055,433
Stack prop output power: 452 kW, Pcomp: 27.8 kW
Cell efficiency: 0.297, Output efficiency: 0.266
mdot_h2: 11.44 g/s
Reynolds_number: 9,055,433
Stack prop output power: 453 kW, Pcomp: 27.9 kW
Cell efficiency: 0.297, Output efficiency: 0.266
mdot_h2: 11.47 g/s
Reynolds_number: 9,055,433
Stack prop output power: 684 kW, Pcomp: 6.2 kW
Cell efficiency: 0.273, Output efficiency: 0.257
mdot_h2: 17.94 g/s
Reynolds_number: 9,055,433
Stack prop output power: 732 kW, Pcomp: 6.6 kW
Cell efficiency: 0.273, Output efficiency: 0.257
mdot_h2: 19.19 g/s
Reynolds_number: 6,709,346
Stack prop output power: 687 kW, Pcomp: 6.0 kW
Cell efficiency: 0.305, Output efficiency: 0.287
mdot_h2: 16.11 g/s
Reynolds_number: 6,709,346
Stack prop output power: 735 kW, Pcomp: 6.4 kW
Cell efficiency: 0.305, Output efficiency: 0.287
mdot_h2: 17.23 g/s
Reynolds_number: 9,055,433
Stack prop output power: 431 kW, Pcomp: 26.6 kW
Cell efficiency: 0.297, Output efficiency: 0.266
mdot_h2: 10.91 g/s
Reynolds_number: 9,055,433
Stack prop output power: 452 kW, Pcomp: 27.8 kW
Cell efficiency: 0.297, Output efficiency: 0.266
mdot_h2: 11.44 g/s
Reynolds_number: 9,055,433
Stack prop output power: 453 kW, Pcomp: 27.9 kW
Cell efficiency: 0.297, Output efficiency: 0.266
mdot_h2: 11.47 g/s
Fuel-cell system mass representative phase: takeoff (P_fc_sys=1470.252 kW).

-----------------------
ptotal_climb: 1,949 kW, mtom_est: 8,261 kg, mtom: 7,871 kg, residual: +390.04 kg

MTOM update: fixed_point_prebracket, relax=1.000 -> mtom_next=8,182.97 kg

======================================================
======================= ITER 8 =======================
Reynolds_number: 9,055,433
Stack prop output power: 453 kW, Pcomp: 27.9 kW
Cell efficiency: 0.297, Output efficiency: 0.266
mdot_h2: 11.48 g/s
Reynolds_number: 9,055,433
Stack prop output power: 470 kW, Pcomp: 29.0 kW
Cell efficiency: 0.297, Output efficiency: 0.266
mdot_h2: 11.90 g/s
Reynolds_number: 9,055,433
Stack prop output power: 471 kW, Pcomp: 29.0 kW
Cell efficiency: 0.297, Output efficiency: 0.266
mdot_h2: 11.93 g/s
Reynolds_number: 9,055,433
Stack prop output power: 723 kW, Pcomp: 6.6 kW
Cell efficiency: 0.273, Output efficiency: 0.257
mdot_h2: 18.95 g/s
Reynolds_number: 9,055,433
Stack prop output power: 761 kW, Pcomp: 6.9 kW
Cell efficiency: 0.273, Output efficiency: 0.257
mdot_h2: 19.95 g/s
Reynolds_number: 6,709,346
Stack prop output power: 725 kW, Pcomp: 6.3 kW
Cell efficiency: 0.305, Output efficiency: 0.287
mdot_h2: 17.01 g/s
Reynolds_number: 6,709,346
Stack prop output power: 764 kW, Pcomp: 6.7 kW
Cell efficiency: 0.305, Output efficiency: 0.287
mdot_h2: 17.91 g/s
Reynolds_number: 9,055,433
Stack prop output power: 453 kW, Pcomp: 27.9 kW
Cell efficiency: 0.297, Output efficiency: 0.266
mdot_h2: 11.48 g/s
Reynolds_number: 9,055,433
Stack prop output power: 470 kW, Pcomp: 29.0 kW
Cell efficiency: 0.297, Output efficiency: 0.266
mdot_h2: 11.90 g/s
Reynolds_number: 9,055,433
Stack prop output power: 471 kW, Pcomp: 29.0 kW
Cell efficiency: 0.297, Output efficiency: 0.266
mdot_h2: 11.93 g/s
Fuel-cell system mass representative phase: takeoff (P_fc_sys=1528.540 kW).

-----------------------
ptotal_climb: 2,026 kW, mtom_est: 8,498 kg, mtom: 8,183 kg, residual: +315.06 kg

MTOM update: newton_prebracket, relax=1.000 -> mtom_next=9,410.42 kg

======================================================
======================= ITER 9 =======================
Reynolds_number: 9,055,433
Stack prop output power: 471 kW, Pcomp: 29.0 kW
Cell efficiency: 0.297, Output efficiency: 0.266
mdot_h2: 11.93 g/s
Reynolds_number: 9,055,433
Stack prop output power: 537 kW, Pcomp: 33.1 kW
Cell efficiency: 0.297, Output efficiency: 0.266
mdot_h2: 13.61 g/s
Reynolds_number: 9,055,433
Stack prop output power: 542 kW, Pcomp: 33.4 kW
Cell efficiency: 0.297, Output efficiency: 0.266
mdot_h2: 13.71 g/s
Reynolds_number: 9,055,433
Stack prop output power: 724 kW, Pcomp: 6.6 kW
Cell efficiency: 0.273, Output efficiency: 0.257
mdot_h2: 18.97 g/s
Reynolds_number: 9,055,433
Stack prop output power: 874 kW, Pcomp: 7.9 kW
Cell efficiency: 0.273, Output efficiency: 0.257
mdot_h2: 22.92 g/s
Reynolds_number: 9,055,433
Stack prop output power: 876 kW, Pcomp: 8.0 kW
Cell efficiency: 0.273, Output efficiency: 0.257
mdot_h2: 22.95 g/s
Reynolds_number: 6,709,346
Stack prop output power: 726 kW, Pcomp: 6.3 kW
Cell efficiency: 0.305, Output efficiency: 0.287
mdot_h2: 17.03 g/s
Reynolds_number: 6,709,346
Stack prop output power: 878 kW, Pcomp: 7.6 kW
Cell efficiency: 0.305, Output efficiency: 0.287
mdot_h2: 20.58 g/s
Reynolds_number: 6,709,346
Stack prop output power: 879 kW, Pcomp: 7.7 kW
Cell efficiency: 0.305, Output efficiency: 0.287
mdot_h2: 20.61 g/s
Reynolds_number: 9,055,433
Stack prop output power: 471 kW, Pcomp: 29.0 kW
Cell efficiency: 0.297, Output efficiency: 0.266
mdot_h2: 11.93 g/s
Reynolds_number: 9,055,433
Stack prop output power: 537 kW, Pcomp: 33.1 kW
Cell efficiency: 0.297, Output efficiency: 0.266
mdot_h2: 13.61 g/s
Reynolds_number: 9,055,433
Stack prop output power: 542 kW, Pcomp: 33.4 kW
Cell efficiency: 0.297, Output efficiency: 0.266
mdot_h2: 13.71 g/s
Fuel-cell system mass representative phase: takeoff (P_fc_sys=1757.827 kW).

-----------------------
ptotal_climb: 2,330 kW, mtom_est: 9,432 kg, mtom: 9,410 kg, residual: +21.96 kg

MTOM update: newton_prebracket, relax=1.000 -> mtom_next=9,502.38 kg

======================================================
======================= ITER 10 =======================
Reynolds_number: 9,055,433
Stack prop output power: 542 kW, Pcomp: 33.4 kW
Cell efficiency: 0.297, Output efficiency: 0.266
mdot_h2: 13.72 g/s
Reynolds_number: 9,055,433
Stack prop output power: 547 kW, Pcomp: 33.7 kW
Cell efficiency: 0.297, Output efficiency: 0.266
mdot_h2: 13.85 g/s
Reynolds_number: 9,055,433
Stack prop output power: 873 kW, Pcomp: 7.9 kW
Cell efficiency: 0.273, Output efficiency: 0.257
mdot_h2: 22.88 g/s
Reynolds_number: 9,055,433
Stack prop output power: 884 kW, Pcomp: 8.0 kW
Cell efficiency: 0.273, Output efficiency: 0.257
mdot_h2: 23.17 g/s
Reynolds_number: 6,709,346
Stack prop output power: 876 kW, Pcomp: 7.6 kW
Cell efficiency: 0.305, Output efficiency: 0.287
mdot_h2: 20.54 g/s
Reynolds_number: 6,709,346
Stack prop output power: 887 kW, Pcomp: 7.7 kW
Cell efficiency: 0.305, Output efficiency: 0.287
mdot_h2: 20.81 g/s
Reynolds_number: 9,055,433
Stack prop output power: 542 kW, Pcomp: 33.4 kW
Cell efficiency: 0.297, Output efficiency: 0.266
mdot_h2: 13.72 g/s
Reynolds_number: 9,055,433
Stack prop output power: 547 kW, Pcomp: 33.7 kW
Cell efficiency: 0.297, Output efficiency: 0.266
mdot_h2: 13.85 g/s
Fuel-cell system mass representative phase: takeoff (P_fc_sys=1775.003 kW).

-----------------------
ptotal_climb: 2,353 kW, mtom_est: 9,502 kg, mtom: 9,502 kg, residual: -0.55 kg


CONVERGED

CONVERGED STATE [MTOM iteration 10]
  MTOM=9,502 kg | Wing loading=225.60 kg/m^2 | P/W(climb)=247.64 W/kg
  Phase power: climb=2,353.1 kW | cruise=1,094.2 kW | takeoff=2,361.5 kW | cruise+charger=1,094.2 kW
  Power split (climb): FC=1,752.8 kW | Battery=584.3 kW | Compressor=16.1 kW | Cooling=779.8 kW | H2=46.346 g/s
  Compressor max across phases: 67.4 kW (cruise)
  FC representative phase (mass sizing): takeoff (1,775.0 kW)
  Mass summary: MTOM=9,502 kg | Powertrain=3,371 kg | Tank=1,233.2 kg | Fuel=548.1 kg | Battery=40.7 kg | Nacelle power density=0.62 kW/kg
  Geometry: Main wing area=42.12 m^2 | Horizontal tail area=5.088 m^2 | Horizontal tail location=17.876 m | Vertical tail area=5.145 m^2 | Vertical tail location=17.345 m
  Config: wing loading input=225.61 kg/m^2 | P/W TO/Cl/Cr=0.18089/0.18020/0.07857 kW/kg

=============================================================
========================= CONVERGED =========================
=============================================================
Constraint sizing: ENABLED (min_combined_pw)
Input W/S: 225.61 kg/m^2 (2,212.5 Pa)
Input P/W [kW/kg]: takeoff 0.18089, climb 0.18020, cruise 0.07857
-------------------------------------------------------------

Mission Time
Climb time: 0.00 min (0.00 h)
Cruise time: 326.03 min (5.43 h)
Total flight time: 348.03 min (5.80 h)

Phase Power Breakdown
Phase      Time[min]     Total[kW]    FC Stack[kW]   Battery[kW]   Compressor[kW]   Cooling[kW]
-----------------------------------------------------------------------------------------------
ready           0.00         117.7           117.7           0.0              0.0           0.0
taxi            5.00         235.3           235.3           0.0              0.0           0.0
takeoff         1.00       2,361.5         1,759.5         586.5             15.5         671.6
climb           0.00       2,353.1         1,752.8         584.3             16.1         779.8
cruise        326.03       1,094.2         1,026.8           0.0             67.4         451.7
loiter         15.00         109.4           102.7           0.0              6.7          45.2
landing         1.00           0.0             0.0           0.0              0.0           0.0

Pcomp_max (solved phases): 67.4 kW (cruise)
Pnet (climb): 2,125 kW
Pelectricnet (climb): 2,337 kW
eta_pt: 0.9031

Geometry
S_wing: 42.12 m^2
b_wing: 19.47 m
Lfus: 20.00 m
Ltank: 10.99 m
S_HT: 5.09 m^2
S_VT: 5.15 m^2
b_HT: 4.79 m
b_VT: 3.13 m
X_HT_act: 17.88 m
X_VT_act: 17.34 m

One Nacelle (1/2)
Stack(1/2): 476 kg, Compressor: 27 kg, Humidifier: 143 kg, HX: 783 kg
W_FCS_single_nacelle (W_Stack+W_Compressor+W_Humidifier+W_Hx): 1,429 kg
Representative FC phase: takeoff
Specific Power of Nacelle System: 0.621 kW/kg
dim_hx: dX=2.130 m, dY=2.130 m, dZ=0.192 m
dim_stack: dX=0.360 m, dY=0.384 m, dZ=0.384 m

ALL Nacelles
W_FCS_total: 2,858 kg
W_PMAD: 203 kg
W_Motors: 310 kg

-----------------------
W_Powertrain (W_FCS_total+W_PMAD+W_Motors): 3,371 kg
-----------------------
W_wing: 758 kg
W_Htail: 45 kg
W_Vtail: 78 kg
W_fuselage: 650 kg
W_lnd_gear_main: 243 kg
W_lnd_gear_nose: 65 kg
W_flight_control: 366 kg
W_electric_system: 300 kg
W_iae: 130 kg
W_hydraulics: 114 kg
W_fur: 561 kg
-----------------------
OEM: 3,309 kg
-----------------------
W_tank: 1,233 kg
W_fuel: 548.1 kg
W_batt: 40.7 kg
-----------------------
W_payload: 1,000 kg
-----------------------
MTOM_grouped (OEM+W_tank+W_fuel+W_batt+W_Powertrain+W_payload): 9,502 kg
MTOM: 9,502 kg
-----------------------

Wing loading (MTOM/S_wing): 225.60 kg/m^2
Power-to-weight (converged): 247.64 W/kg

mdot_H2(cruise): 27.7 g/s
Vtankex: 23.5 m^3
========================== END ==============================


=============================================================
Execution time: 108.0 seconds
=============================================================
