Auto-widening W/S scan window for min_combined_pw: 1900.0..2600.0 -> 1725.0..2775.0 Pa (factor 1.500, lower_hit=True, upper_hit=False, min_on_edge=False).
Auto-widening W/S scan window for min_combined_pw: 1725.0..2775.0 -> 1462.5..3037.5 Pa (factor 1.500, lower_hit=True, upper_hit=False, min_on_edge=False).
ADRpy constraint sizing (min_combined_pw): W/S=2212.5 Pa (225.61 kg/m^2), P/W_TO=0.18089 kW/kg, P/W_climb=0.18020 kW/kg, P/W_cruise=0.07857 kW/kg
Curve minimum (combined/combined): W/S=2212.5 Pa (225.61 kg/m^2), P/W=0.18089 kW/kg
Curve minimum (takeoff/take-off): W/S=1462.5 Pa (149.13 kg/m^2), P/W=0.10196 kW/kg
Curve minimum (climb/climb): W/S=2312.5 Pa (235.81 kg/m^2), P/W=0.17892 kW/kg
Curve minimum (cruise/cruise): W/S=2312.5 Pa (235.81 kg/m^2), P/W=0.07740 kW/kg
======================================================
======================= ITER 1 =======================
Reynolds_number: 9,055,433
Stack prop output power: 500 kW, Pcomp: 30.8 kW
Cell efficiency: 0.297, Output efficiency: 0.266
mdot_h2: 12.66 g/s
Reynolds_number: 9,055,433
Stack prop output power: 301 kW, Pcomp: 18.5 kW
Cell efficiency: 0.297, Output efficiency: 0.266
mdot_h2: 7.62 g/s
Reynolds_number: 9,055,433
Stack prop output power: 289 kW, Pcomp: 17.8 kW
Cell efficiency: 0.297, Output efficiency: 0.266
mdot_h2: 7.31 g/s
Reynolds_number: 9,055,433
Stack prop output power: 288 kW, Pcomp: 17.7 kW
Cell efficiency: 0.297, Output efficiency: 0.266
mdot_h2: 7.29 g/s
Reynolds_number: 9,055,433
Stack prop output power: 346 kW, Pcomp: 3.1 kW
Cell efficiency: 0.273, Output efficiency: 0.257
mdot_h2: 9.07 g/s
Reynolds_number: 9,055,433
Stack prop output power: 464 kW, Pcomp: 4.2 kW
Cell efficiency: 0.273, Output efficiency: 0.257
mdot_h2: 12.17 g/s
Reynolds_number: 9,055,433
Stack prop output power: 465 kW, Pcomp: 4.2 kW
Cell efficiency: 0.273, Output efficiency: 0.257
mdot_h2: 12.19 g/s
Reynolds_number: 6,709,346
Stack prop output power: 346 kW, Pcomp: 3.0 kW
Cell efficiency: 0.305, Output efficiency: 0.287
mdot_h2: 8.11 g/s
Reynolds_number: 6,709,346
Stack prop output power: 466 kW, Pcomp: 4.1 kW
Cell efficiency: 0.305, Output efficiency: 0.287
mdot_h2: 10.93 g/s
Reynolds_number: 6,709,346
Stack prop output power: 467 kW, Pcomp: 4.1 kW
Cell efficiency: 0.305, Output efficiency: 0.287
mdot_h2: 10.95 g/s
Reynolds_number: 9,055,433
Stack prop output power: 500 kW, Pcomp: 30.8 kW
Cell efficiency: 0.297, Output efficiency: 0.266
mdot_h2: 12.66 g/s
Reynolds_number: 9,055,433
Stack prop output power: 301 kW, Pcomp: 18.5 kW
Cell efficiency: 0.297, Output efficiency: 0.266
mdot_h2: 7.62 g/s
Reynolds_number: 9,055,433
Stack prop output power: 289 kW, Pcomp: 17.8 kW
Cell efficiency: 0.297, Output efficiency: 0.266
mdot_h2: 7.31 g/s
Reynolds_number: 9,055,433
Stack prop output power: 288 kW, Pcomp: 17.7 kW
Cell efficiency: 0.297, Output efficiency: 0.266
mdot_h2: 7.29 g/s
Fuel-cell system mass representative phase: takeoff (P_fc_sys=933.979 kW).

-----------------------
ptotal_climb: 1,238 kW, mtom_est: 6,602 kg, mtom: 5,000 kg, residual: +1,601.95 kg

MTOM update: initial_bracket_probe_1, relax=1.000 -> mtom_next=5,325.00 kg

======================================================
======================= ITER 2 =======================
Reynolds_number: 9,055,433
Stack prop output power: 288 kW, Pcomp: 17.7 kW
Cell efficiency: 0.297, Output efficiency: 0.266
mdot_h2: 7.29 g/s
Reynolds_number: 9,055,433
Stack prop output power: 305 kW, Pcomp: 18.8 kW
Cell efficiency: 0.297, Output efficiency: 0.266
mdot_h2: 7.73 g/s
Reynolds_number: 9,055,433
Stack prop output power: 307 kW, Pcomp: 18.9 kW
Cell efficiency: 0.297, Output efficiency: 0.266
mdot_h2: 7.76 g/s
Reynolds_number: 9,055,433
Stack prop output power: 455 kW, Pcomp: 4.1 kW
Cell efficiency: 0.273, Output efficiency: 0.257
mdot_h2: 11.93 g/s
Reynolds_number: 9,055,433
Stack prop output power: 495 kW, Pcomp: 4.5 kW
Cell efficiency: 0.273, Output efficiency: 0.257
mdot_h2: 12.98 g/s
Reynolds_number: 6,709,346
Stack prop output power: 457 kW, Pcomp: 4.0 kW
Cell efficiency: 0.305, Output efficiency: 0.287
mdot_h2: 10.72 g/s
Reynolds_number: 6,709,346
Stack prop output power: 497 kW, Pcomp: 4.3 kW
Cell efficiency: 0.305, Output efficiency: 0.287
mdot_h2: 11.65 g/s
Reynolds_number: 9,055,433
Stack prop output power: 288 kW, Pcomp: 17.7 kW
Cell efficiency: 0.297, Output efficiency: 0.266
mdot_h2: 7.29 g/s
Reynolds_number: 9,055,433
Stack prop output power: 305 kW, Pcomp: 18.8 kW
Cell efficiency: 0.297, Output efficiency: 0.266
mdot_h2: 7.73 g/s
Reynolds_number: 9,055,433
Stack prop output power: 307 kW, Pcomp: 18.9 kW
Cell efficiency: 0.297, Output efficiency: 0.266
mdot_h2: 7.76 g/s
Fuel-cell system mass representative phase: takeoff (P_fc_sys=994.682 kW).

-----------------------
ptotal_climb: 1,319 kW, mtom_est: 6,843 kg, mtom: 5,325 kg, residual: +1,518.12 kg

MTOM update: initial_bracket_probe_2, relax=1.000 -> mtom_next=5,650.00 kg

======================================================
======================= ITER 3 =======================
Reynolds_number: 9,055,433
Stack prop output power: 307 kW, Pcomp: 18.9 kW
Cell efficiency: 0.297, Output efficiency: 0.266
mdot_h2: 7.76 g/s
Reynolds_number: 9,055,433
Stack prop output power: 324 kW, Pcomp: 20.0 kW
Cell efficiency: 0.297, Output efficiency: 0.266
mdot_h2: 8.21 g/s
Reynolds_number: 9,055,433
Stack prop output power: 325 kW, Pcomp: 20.0 kW
Cell efficiency: 0.297, Output efficiency: 0.266
mdot_h2: 8.24 g/s
Reynolds_number: 9,055,433
Stack prop output power: 486 kW, Pcomp: 4.4 kW
Cell efficiency: 0.273, Output efficiency: 0.257
mdot_h2: 12.73 g/s
Reynolds_number: 9,055,433
Stack prop output power: 525 kW, Pcomp: 4.8 kW
Cell efficiency: 0.273, Output efficiency: 0.257
mdot_h2: 13.77 g/s
Reynolds_number: 6,709,346
Stack prop output power: 487 kW, Pcomp: 4.2 kW
Cell efficiency: 0.305, Output efficiency: 0.287
mdot_h2: 11.43 g/s
Reynolds_number: 6,709,346
Stack prop output power: 527 kW, Pcomp: 4.6 kW
Cell efficiency: 0.305, Output efficiency: 0.287
mdot_h2: 12.37 g/s
Reynolds_number: 9,055,433
Stack prop output power: 307 kW, Pcomp: 18.9 kW
Cell efficiency: 0.297, Output efficiency: 0.266
mdot_h2: 7.76 g/s
Reynolds_number: 9,055,433
Stack prop output power: 324 kW, Pcomp: 20.0 kW
Cell efficiency: 0.297, Output efficiency: 0.266
mdot_h2: 8.21 g/s
Reynolds_number: 9,055,433
Stack prop output power: 325 kW, Pcomp: 20.0 kW
Cell efficiency: 0.297, Output efficiency: 0.266
mdot_h2: 8.24 g/s
Fuel-cell system mass representative phase: takeoff (P_fc_sys=1055.390 kW).

-----------------------
ptotal_climb: 1,399 kW, mtom_est: 7,087 kg, mtom: 5,650 kg, residual: +1,436.54 kg

MTOM update: fixed_point_prebracket, relax=1.000 -> mtom_next=6,497.50 kg

======================================================
======================= ITER 4 =======================
Reynolds_number: 9,055,433
Stack prop output power: 325 kW, Pcomp: 20.1 kW
Cell efficiency: 0.297, Output efficiency: 0.266
mdot_h2: 8.24 g/s
Reynolds_number: 9,055,433
Stack prop output power: 371 kW, Pcomp: 22.9 kW
Cell efficiency: 0.297, Output efficiency: 0.266
mdot_h2: 9.40 g/s
Reynolds_number: 9,055,433
Stack prop output power: 374 kW, Pcomp: 23.0 kW
Cell efficiency: 0.297, Output efficiency: 0.266
mdot_h2: 9.47 g/s
Reynolds_number: 9,055,433
Stack prop output power: 500 kW, Pcomp: 4.5 kW
Cell efficiency: 0.273, Output efficiency: 0.257
mdot_h2: 13.10 g/s
Reynolds_number: 9,055,433
Stack prop output power: 604 kW, Pcomp: 5.5 kW
Cell efficiency: 0.273, Output efficiency: 0.257
mdot_h2: 15.82 g/s
Reynolds_number: 9,055,433
Stack prop output power: 605 kW, Pcomp: 5.5 kW
Cell efficiency: 0.273, Output efficiency: 0.257
mdot_h2: 15.85 g/s
Reynolds_number: 6,709,346
Stack prop output power: 502 kW, Pcomp: 4.4 kW
Cell efficiency: 0.305, Output efficiency: 0.287
mdot_h2: 11.76 g/s
Reynolds_number: 6,709,346
Stack prop output power: 606 kW, Pcomp: 5.3 kW
Cell efficiency: 0.305, Output efficiency: 0.287
mdot_h2: 14.21 g/s
Reynolds_number: 6,709,346
Stack prop output power: 607 kW, Pcomp: 5.3 kW
Cell efficiency: 0.305, Output efficiency: 0.287
mdot_h2: 14.23 g/s
Reynolds_number: 9,055,433
Stack prop output power: 325 kW, Pcomp: 20.1 kW
Cell efficiency: 0.297, Output efficiency: 0.266
mdot_h2: 8.24 g/s
Reynolds_number: 9,055,433
Stack prop output power: 371 kW, Pcomp: 22.9 kW
Cell efficiency: 0.297, Output efficiency: 0.266
mdot_h2: 9.40 g/s
Reynolds_number: 9,055,433
Stack prop output power: 374 kW, Pcomp: 23.0 kW
Cell efficiency: 0.297, Output efficiency: 0.266
mdot_h2: 9.47 g/s
Fuel-cell system mass representative phase: takeoff (P_fc_sys=1213.706 kW).

-----------------------
ptotal_climb: 1,609 kW, mtom_est: 7,724 kg, mtom: 6,498 kg, residual: +1,226.58 kg

MTOM update: fixed_point_prebracket, relax=1.000 -> mtom_next=7,472.12 kg

======================================================
======================= ITER 5 =======================
Reynolds_number: 9,055,433
Stack prop output power: 374 kW, Pcomp: 23.1 kW
Cell efficiency: 0.297, Output efficiency: 0.266
mdot_h2: 9.47 g/s
Reynolds_number: 9,055,433
Stack prop output power: 427 kW, Pcomp: 26.3 kW
Cell efficiency: 0.297, Output efficiency: 0.266
mdot_h2: 10.81 g/s
Reynolds_number: 9,055,433
Stack prop output power: 430 kW, Pcomp: 26.5 kW
Cell efficiency: 0.297, Output efficiency: 0.266
mdot_h2: 10.89 g/s
Reynolds_number: 9,055,433
Stack prop output power: 575 kW, Pcomp: 5.2 kW
Cell efficiency: 0.273, Output efficiency: 0.257
mdot_h2: 15.06 g/s
Reynolds_number: 9,055,433
Stack prop output power: 694 kW, Pcomp: 6.3 kW
Cell efficiency: 0.273, Output efficiency: 0.257
mdot_h2: 18.20 g/s
Reynolds_number: 9,055,433
Stack prop output power: 695 kW, Pcomp: 6.3 kW
Cell efficiency: 0.273, Output efficiency: 0.257
mdot_h2: 18.22 g/s
Reynolds_number: 6,709,346
Stack prop output power: 577 kW, Pcomp: 5.0 kW
Cell efficiency: 0.305, Output efficiency: 0.287
mdot_h2: 13.52 g/s
Reynolds_number: 6,709,346
Stack prop output power: 697 kW, Pcomp: 6.1 kW
Cell efficiency: 0.305, Output efficiency: 0.287
mdot_h2: 16.34 g/s
Reynolds_number: 6,709,346
Stack prop output power: 698 kW, Pcomp: 6.1 kW
Cell efficiency: 0.305, Output efficiency: 0.287
mdot_h2: 16.36 g/s
Reynolds_number: 9,055,433
Stack prop output power: 374 kW, Pcomp: 23.1 kW
Cell efficiency: 0.297, Output efficiency: 0.266
mdot_h2: 9.47 g/s
Reynolds_number: 9,055,433
Stack prop output power: 427 kW, Pcomp: 26.3 kW
Cell efficiency: 0.297, Output efficiency: 0.266
mdot_h2: 10.81 g/s
Reynolds_number: 9,055,433
Stack prop output power: 430 kW, Pcomp: 26.5 kW
Cell efficiency: 0.297, Output efficiency: 0.266
mdot_h2: 10.89 g/s
Fuel-cell system mass representative phase: takeoff (P_fc_sys=1395.762 kW).

-----------------------
ptotal_climb: 1,850 kW, mtom_est: 8,461 kg, mtom: 7,472 kg, residual: +988.39 kg

MTOM update: fixed_point_prebracket, relax=1.000 -> mtom_next=8,262.84 kg

======================================================
======================= ITER 6 =======================
Reynolds_number: 9,055,433
Stack prop output power: 430 kW, Pcomp: 26.5 kW
Cell efficiency: 0.297, Output efficiency: 0.266
mdot_h2: 10.89 g/s
Reynolds_number: 9,055,433
Stack prop output power: 473 kW, Pcomp: 29.1 kW
Cell efficiency: 0.297, Output efficiency: 0.266
mdot_h2: 11.98 g/s
Reynolds_number: 9,055,433
Stack prop output power: 476 kW, Pcomp: 29.3 kW
Cell efficiency: 0.297, Output efficiency: 0.266
mdot_h2: 12.04 g/s
Reynolds_number: 9,055,433
Stack prop output power: 671 kW, Pcomp: 6.1 kW
Cell efficiency: 0.273, Output efficiency: 0.257
mdot_h2: 17.59 g/s
Reynolds_number: 9,055,433
Stack prop output power: 768 kW, Pcomp: 7.0 kW
Cell efficiency: 0.273, Output efficiency: 0.257
mdot_h2: 20.13 g/s
Reynolds_number: 9,055,433
Stack prop output power: 769 kW, Pcomp: 7.0 kW
Cell efficiency: 0.273, Output efficiency: 0.257
mdot_h2: 20.15 g/s
Reynolds_number: 6,709,346
Stack prop output power: 673 kW, Pcomp: 5.9 kW
Cell efficiency: 0.305, Output efficiency: 0.287
mdot_h2: 15.79 g/s
Reynolds_number: 6,709,346
Stack prop output power: 771 kW, Pcomp: 6.7 kW
Cell efficiency: 0.305, Output efficiency: 0.287
mdot_h2: 18.08 g/s
Reynolds_number: 6,709,346
Stack prop output power: 772 kW, Pcomp: 6.7 kW
Cell efficiency: 0.305, Output efficiency: 0.287
mdot_h2: 18.10 g/s
Reynolds_number: 9,055,433
Stack prop output power: 430 kW, Pcomp: 26.5 kW
Cell efficiency: 0.297, Output efficiency: 0.266
mdot_h2: 10.89 g/s
Reynolds_number: 9,055,433
Stack prop output power: 473 kW, Pcomp: 29.1 kW
Cell efficiency: 0.297, Output efficiency: 0.266
mdot_h2: 11.98 g/s
Reynolds_number: 9,055,433
Stack prop output power: 476 kW, Pcomp: 29.3 kW
Cell efficiency: 0.297, Output efficiency: 0.266
mdot_h2: 12.04 g/s
Fuel-cell system mass representative phase: takeoff (P_fc_sys=1543.464 kW).

-----------------------
ptotal_climb: 2,046 kW, mtom_est: 9,056 kg, mtom: 8,263 kg, residual: +792.92 kg

MTOM update: fixed_point_prebracket, relax=1.000 -> mtom_next=8,897.18 kg

======================================================
======================= ITER 7 =======================
Reynolds_number: 9,055,433
Stack prop output power: 476 kW, Pcomp: 29.3 kW
Cell efficiency: 0.297, Output efficiency: 0.266
mdot_h2: 12.05 g/s
Reynolds_number: 9,055,433
Stack prop output power: 510 kW, Pcomp: 31.4 kW
Cell efficiency: 0.297, Output efficiency: 0.266
mdot_h2: 12.92 g/s
Reynolds_number: 9,055,433
Stack prop output power: 512 kW, Pcomp: 31.6 kW
Cell efficiency: 0.297, Output efficiency: 0.266
mdot_h2: 12.97 g/s
Reynolds_number: 9,055,433
Stack prop output power: 750 kW, Pcomp: 6.8 kW
Cell efficiency: 0.273, Output efficiency: 0.257
mdot_h2: 19.64 g/s
Reynolds_number: 9,055,433
Stack prop output power: 827 kW, Pcomp: 7.5 kW
Cell efficiency: 0.273, Output efficiency: 0.257
mdot_h2: 21.68 g/s
Reynolds_number: 9,055,433
Stack prop output power: 828 kW, Pcomp: 7.5 kW
Cell efficiency: 0.273, Output efficiency: 0.257
mdot_h2: 21.70 g/s
Reynolds_number: 6,709,346
Stack prop output power: 752 kW, Pcomp: 6.6 kW
Cell efficiency: 0.305, Output efficiency: 0.287
mdot_h2: 17.64 g/s
Reynolds_number: 6,709,346
Stack prop output power: 830 kW, Pcomp: 7.2 kW
Cell efficiency: 0.305, Output efficiency: 0.287
mdot_h2: 19.47 g/s
Reynolds_number: 6,709,346
Stack prop output power: 831 kW, Pcomp: 7.2 kW
Cell efficiency: 0.305, Output efficiency: 0.287
mdot_h2: 19.49 g/s
Reynolds_number: 9,055,433
Stack prop output power: 476 kW, Pcomp: 29.3 kW
Cell efficiency: 0.297, Output efficiency: 0.266
mdot_h2: 12.05 g/s
Reynolds_number: 9,055,433
Stack prop output power: 510 kW, Pcomp: 31.4 kW
Cell efficiency: 0.297, Output efficiency: 0.266
mdot_h2: 12.92 g/s
Reynolds_number: 9,055,433
Stack prop output power: 512 kW, Pcomp: 31.6 kW
Cell efficiency: 0.297, Output efficiency: 0.266
mdot_h2: 12.97 g/s
Fuel-cell system mass representative phase: takeoff (P_fc_sys=1661.955 kW).

-----------------------
ptotal_climb: 2,203 kW, mtom_est: 9,541 kg, mtom: 8,897 kg, residual: +643.67 kg

MTOM update: fixed_point_prebracket, relax=1.000 -> mtom_next=9,412.11 kg

======================================================
======================= ITER 8 =======================
Reynolds_number: 9,055,433
Stack prop output power: 512 kW, Pcomp: 31.6 kW
Cell efficiency: 0.297, Output efficiency: 0.266
mdot_h2: 12.97 g/s
Reynolds_number: 9,055,433
Stack prop output power: 540 kW, Pcomp: 33.3 kW
Cell efficiency: 0.297, Output efficiency: 0.266
mdot_h2: 13.68 g/s
Reynolds_number: 9,055,433
Stack prop output power: 542 kW, Pcomp: 33.4 kW
Cell efficiency: 0.297, Output efficiency: 0.266
mdot_h2: 13.72 g/s
Reynolds_number: 9,055,433
Stack prop output power: 812 kW, Pcomp: 7.4 kW
Cell efficiency: 0.273, Output efficiency: 0.257
mdot_h2: 21.29 g/s
Reynolds_number: 9,055,433
Stack prop output power: 875 kW, Pcomp: 7.9 kW
Cell efficiency: 0.273, Output efficiency: 0.257
mdot_h2: 22.94 g/s
Reynolds_number: 9,055,433
Stack prop output power: 876 kW, Pcomp: 8.0 kW
Cell efficiency: 0.273, Output efficiency: 0.257
mdot_h2: 22.96 g/s
Reynolds_number: 6,709,346
Stack prop output power: 815 kW, Pcomp: 7.1 kW
Cell efficiency: 0.305, Output efficiency: 0.287
mdot_h2: 19.11 g/s
Reynolds_number: 6,709,346
Stack prop output power: 879 kW, Pcomp: 7.7 kW
Cell efficiency: 0.305, Output efficiency: 0.287
mdot_h2: 20.60 g/s
Reynolds_number: 6,709,346
Stack prop output power: 879 kW, Pcomp: 7.7 kW
Cell efficiency: 0.305, Output efficiency: 0.287
mdot_h2: 20.61 g/s
Reynolds_number: 9,055,433
Stack prop output power: 512 kW, Pcomp: 31.6 kW
Cell efficiency: 0.297, Output efficiency: 0.266
mdot_h2: 12.97 g/s
Reynolds_number: 9,055,433
Stack prop output power: 540 kW, Pcomp: 33.3 kW
Cell efficiency: 0.297, Output efficiency: 0.266
mdot_h2: 13.68 g/s
Reynolds_number: 9,055,433
Stack prop output power: 542 kW, Pcomp: 33.4 kW
Cell efficiency: 0.297, Output efficiency: 0.266
mdot_h2: 13.72 g/s
Fuel-cell system mass representative phase: takeoff (P_fc_sys=1758.143 kW).

-----------------------
ptotal_climb: 2,331 kW, mtom_est: 9,934 kg, mtom: 9,412 kg, residual: +522.19 kg

MTOM update: newton_prebracket, relax=1.000 -> mtom_next=10,823.93 kg

======================================================
======================= ITER 9 =======================
Reynolds_number: 9,055,433
Stack prop output power: 542 kW, Pcomp: 33.4 kW
Cell efficiency: 0.297, Output efficiency: 0.266
mdot_h2: 13.72 g/s
Reynolds_number: 9,055,433
Stack prop output power: 618 kW, Pcomp: 38.1 kW
Cell efficiency: 0.297, Output efficiency: 0.266
mdot_h2: 15.65 g/s
Reynolds_number: 9,055,433
Stack prop output power: 623 kW, Pcomp: 38.4 kW
Cell efficiency: 0.297, Output efficiency: 0.266
mdot_h2: 15.77 g/s
Reynolds_number: 9,055,433
Stack prop output power: 833 kW, Pcomp: 7.6 kW
Cell efficiency: 0.273, Output efficiency: 0.257
mdot_h2: 21.82 g/s
Reynolds_number: 9,055,433
Stack prop output power: 1,006 kW, Pcomp: 9.1 kW
Cell efficiency: 0.273, Output efficiency: 0.257
mdot_h2: 26.36 g/s
Reynolds_number: 9,055,433
Stack prop output power: 1,007 kW, Pcomp: 9.1 kW
Cell efficiency: 0.273, Output efficiency: 0.257
mdot_h2: 26.40 g/s
Reynolds_number: 6,709,346
Stack prop output power: 836 kW, Pcomp: 7.3 kW
Cell efficiency: 0.305, Output efficiency: 0.287
mdot_h2: 19.59 g/s
Reynolds_number: 6,709,346
Stack prop output power: 1,009 kW, Pcomp: 8.8 kW
Cell efficiency: 0.305, Output efficiency: 0.287
mdot_h2: 23.67 g/s
Reynolds_number: 6,709,346
Stack prop output power: 1,011 kW, Pcomp: 8.8 kW
Cell efficiency: 0.305, Output efficiency: 0.287
mdot_h2: 23.70 g/s
Reynolds_number: 9,055,433
Stack prop output power: 542 kW, Pcomp: 33.4 kW
Cell efficiency: 0.297, Output efficiency: 0.266
mdot_h2: 13.72 g/s
Reynolds_number: 9,055,433
Stack prop output power: 618 kW, Pcomp: 38.1 kW
Cell efficiency: 0.297, Output efficiency: 0.266
mdot_h2: 15.65 g/s
Reynolds_number: 9,055,433
Stack prop output power: 623 kW, Pcomp: 38.4 kW
Cell efficiency: 0.297, Output efficiency: 0.266
mdot_h2: 15.77 g/s
Fuel-cell system mass representative phase: takeoff (P_fc_sys=2021.865 kW).

-----------------------
ptotal_climb: 2,680 kW, mtom_est: 11,013 kg, mtom: 10,824 kg, residual: +189.53 kg

MTOM update: newton_prebracket, relax=1.000 -> mtom_next=11,628.28 kg

======================================================
======================= ITER 10 =======================
Reynolds_number: 9,055,433
Stack prop output power: 623 kW, Pcomp: 38.4 kW
Cell efficiency: 0.297, Output efficiency: 0.266
mdot_h2: 15.78 g/s
Reynolds_number: 9,055,433
Stack prop output power: 667 kW, Pcomp: 41.1 kW
Cell efficiency: 0.297, Output efficiency: 0.266
mdot_h2: 16.88 g/s
Reynolds_number: 9,055,433
Stack prop output power: 669 kW, Pcomp: 41.3 kW
Cell efficiency: 0.297, Output efficiency: 0.266
mdot_h2: 16.95 g/s
Reynolds_number: 9,055,433
Stack prop output power: 983 kW, Pcomp: 8.9 kW
Cell efficiency: 0.273, Output efficiency: 0.257
mdot_h2: 25.75 g/s
Reynolds_number: 9,055,433
Stack prop output power: 1,081 kW, Pcomp: 9.8 kW
Cell efficiency: 0.273, Output efficiency: 0.257
mdot_h2: 28.34 g/s
Reynolds_number: 9,055,433
Stack prop output power: 1,082 kW, Pcomp: 9.8 kW
Cell efficiency: 0.273, Output efficiency: 0.257
mdot_h2: 28.36 g/s
Reynolds_number: 6,709,346
Stack prop output power: 986 kW, Pcomp: 8.6 kW
Cell efficiency: 0.305, Output efficiency: 0.287
mdot_h2: 23.12 g/s
Reynolds_number: 6,709,346
Stack prop output power: 1,085 kW, Pcomp: 9.5 kW
Cell efficiency: 0.305, Output efficiency: 0.287
mdot_h2: 25.45 g/s
Reynolds_number: 6,709,346
Stack prop output power: 1,086 kW, Pcomp: 9.5 kW
Cell efficiency: 0.305, Output efficiency: 0.287
mdot_h2: 25.47 g/s
Reynolds_number: 9,055,433
Stack prop output power: 623 kW, Pcomp: 38.4 kW
Cell efficiency: 0.297, Output efficiency: 0.266
mdot_h2: 15.78 g/s
Reynolds_number: 9,055,433
Stack prop output power: 667 kW, Pcomp: 41.1 kW
Cell efficiency: 0.297, Output efficiency: 0.266
mdot_h2: 16.88 g/s
Reynolds_number: 9,055,433
Stack prop output power: 669 kW, Pcomp: 41.3 kW
Cell efficiency: 0.297, Output efficiency: 0.266
mdot_h2: 16.95 g/s
Fuel-cell system mass representative phase: takeoff (P_fc_sys=2172.113 kW).

-----------------------
ptotal_climb: 2,880 kW, mtom_est: 11,631 kg, mtom: 11,628 kg, residual: +3.20 kg


CONVERGED

CONVERGED STATE [MTOM iteration 10]
  MTOM=11,631 kg | Wing loading=225.67 kg/m^2 | P/W(climb)=247.56 W/kg
  Phase power: climb=2,879.5 kW | cruise=1,339.1 kW | takeoff=2,889.8 kW | cruise+charger=1,339.1 kW
  Power split (climb): FC=2,144.9 kW | Battery=715.0 kW | Compressor=19.7 kW | Cooling=954.3 kW | H2=56.721 g/s
  Compressor max across phases: 82.5 kW (cruise)
  FC representative phase (mass sizing): takeoff (2,172.1 kW)
  Mass summary: MTOM=11,631 kg | Powertrain=4,126 kg | Tank=1,509.6 kg | Fuel=670.9 kg | Battery=49.8 kg | Nacelle power density=0.62 kW/kg
  Geometry: Main wing area=51.54 m^2 | Horizontal tail area=6.075 m^2 | Horizontal tail location=20.198 m | Vertical tail area=6.152 m^2 | Vertical tail location=19.587 m
  Config: wing loading input=225.61 kg/m^2 | P/W TO/Cl/Cr=0.18089/0.18020/0.07857 kW/kg

=============================================================
========================= CONVERGED =========================
=============================================================
Constraint sizing: ENABLED (min_combined_pw)
Input W/S: 225.61 kg/m^2 (2,212.5 Pa)
Input P/W [kW/kg]: takeoff 0.18089, climb 0.18020, cruise 0.07857
-------------------------------------------------------------

Mission Time
Climb time: 0.00 min (0.00 h)
Cruise time: 326.03 min (5.43 h)
Total flight time: 348.03 min (5.80 h)

Phase Power Breakdown
Phase      Time[min]     Total[kW]    FC Stack[kW]   Battery[kW]   Compressor[kW]   Cooling[kW]
-----------------------------------------------------------------------------------------------
ready           0.00         144.0           144.0           0.0              0.0           0.0
taxi            5.00         288.0           288.0           0.0              0.0           0.0
takeoff         1.00       2,889.8         2,153.2         717.7             18.9         821.8
climb           0.00       2,879.5         2,144.9         715.0             19.7         954.3
cruise        326.03       1,339.1         1,256.5           0.0             82.5         552.8
loiter         15.00         133.9           125.7           0.0              8.3          55.3
landing         1.00           0.0             0.0           0.0              0.0           0.0

Pcomp_max (solved phases): 82.5 kW (cruise)
Pnet (climb): 2,600 kW
Pelectricnet (climb): 2,860 kW
eta_pt: 0.9031

Geometry
S_wing: 51.54 m^2
b_wing: 21.54 m
Lfus: 22.46 m
Ltank: 13.45 m
S_HT: 6.08 m^2
S_VT: 6.15 m^2
b_HT: 5.23 m
b_VT: 3.42 m
X_HT_act: 20.20 m
X_VT_act: 19.59 m

One Nacelle (1/2)
Stack(1/2): 582 kg, Compressor: 33 kg, Humidifier: 175 kg, HX: 958 kg
W_FCS_single_nacelle (W_Stack+W_Compressor+W_Humidifier+W_Hx): 1,749 kg
Representative FC phase: takeoff
Specific Power of Nacelle System: 0.621 kW/kg
dim_hx: dX=2.358 m, dY=2.358 m, dZ=0.192 m
dim_stack: dX=0.360 m, dY=0.425 m, dZ=0.425 m

ALL Nacelles
W_FCS_total: 3,498 kg
W_PMAD: 248 kg
W_Motors: 380 kg

-----------------------
W_Powertrain (W_FCS_total+W_PMAD+W_Motors): 4,126 kg
-----------------------
W_wing: 975 kg
W_Htail: 59 kg
W_Vtail: 95 kg
W_fuselage: 763 kg
W_lnd_gear_main: 243 kg
W_lnd_gear_nose: 65 kg
W_flight_control: 366 kg
W_electric_system: 300 kg
W_iae: 156 kg
W_hydraulics: 140 kg
W_fur: 615 kg
-----------------------
OEM: 3,775 kg
-----------------------
W_tank: 1,510 kg
W_fuel: 670.9 kg
W_batt: 49.8 kg
-----------------------
W_payload: 1,500 kg
-----------------------
MTOM_grouped (OEM+W_tank+W_fuel+W_batt+W_Powertrain+W_payload): 11,631 kg
MTOM: 11,631 kg
-----------------------

Wing loading (MTOM/S_wing): 225.67 kg/m^2
Power-to-weight (converged): 247.56 W/kg

mdot_H2(cruise): 33.9 g/s
Vtankex: 28.8 m^3
========================== END ==============================


=============================================================
Execution time: 116.7 seconds
=============================================================
