Auto-widening W/S scan window for min_combined_pw: 1900.0..2600.0 -> 1725.0..2775.0 Pa (factor 1.500, lower_hit=True, upper_hit=False, min_on_edge=False).
Auto-widening W/S scan window for min_combined_pw: 1725.0..2775.0 -> 1462.5..3037.5 Pa (factor 1.500, lower_hit=True, upper_hit=False, min_on_edge=False).
ADRpy constraint sizing (min_combined_pw): W/S=2212.5 Pa (225.61 kg/m^2), P/W_TO=0.18089 kW/kg, P/W_climb=0.18132 kW/kg, P/W_cruise=0.14641 kW/kg
Curve minimum (combined/combined): W/S=2212.5 Pa (225.61 kg/m^2), P/W=0.18132 kW/kg
Curve minimum (takeoff/take-off): W/S=1462.5 Pa (149.13 kg/m^2), P/W=0.10196 kW/kg
Curve minimum (climb/climb): W/S=2312.5 Pa (235.81 kg/m^2), P/W=0.18016 kW/kg
Curve minimum (cruise/cruise): W/S=2312.5 Pa (235.81 kg/m^2), P/W=0.14175 kW/kg
======================================================
======================= ITER 1 =======================
Reynolds_number: 12,105,684
Stack prop output power: 500 kW, Pcomp: 30.9 kW
Cell efficiency: 0.301, Output efficiency: 0.269
mdot_h2: 12.51 g/s
Reynolds_number: 12,105,684
Stack prop output power: 534 kW, Pcomp: 33.0 kW
Cell efficiency: 0.301, Output efficiency: 0.269
mdot_h2: 13.37 g/s
Reynolds_number: 12,105,684
Stack prop output power: 536 kW, Pcomp: 33.1 kW
Cell efficiency: 0.301, Output efficiency: 0.269
mdot_h2: 13.42 g/s
Reynolds_number: 12,105,684
Stack prop output power: 345 kW, Pcomp: 3.1 kW
Cell efficiency: 0.277, Output efficiency: 0.261
mdot_h2: 8.90 g/s
Reynolds_number: 12,105,684
Stack prop output power: 467 kW, Pcomp: 4.2 kW
Cell efficiency: 0.277, Output efficiency: 0.261
mdot_h2: 12.04 g/s
Reynolds_number: 12,105,684
Stack prop output power: 468 kW, Pcomp: 4.2 kW
Cell efficiency: 0.277, Output efficiency: 0.261
mdot_h2: 12.07 g/s
Reynolds_number: 6,709,346
Stack prop output power: 346 kW, Pcomp: 3.0 kW
Cell efficiency: 0.305, Output efficiency: 0.287
mdot_h2: 8.11 g/s
Reynolds_number: 6,709,346
Stack prop output power: 466 kW, Pcomp: 4.1 kW
Cell efficiency: 0.305, Output efficiency: 0.287
mdot_h2: 10.93 g/s
Reynolds_number: 6,709,346
Stack prop output power: 467 kW, Pcomp: 4.1 kW
Cell efficiency: 0.305, Output efficiency: 0.287
mdot_h2: 10.95 g/s
Reynolds_number: 12,105,684
Stack prop output power: 500 kW, Pcomp: 30.9 kW
Cell efficiency: 0.301, Output efficiency: 0.269
mdot_h2: 12.51 g/s
Reynolds_number: 12,105,684
Stack prop output power: 534 kW, Pcomp: 33.0 kW
Cell efficiency: 0.301, Output efficiency: 0.269
mdot_h2: 13.37 g/s
Reynolds_number: 12,105,684
Stack prop output power: 536 kW, Pcomp: 33.1 kW
Cell efficiency: 0.301, Output efficiency: 0.269
mdot_h2: 13.42 g/s
Fuel-cell system mass representative phase: cruise (P_fc_sys=1073.138 kW).

-----------------------
ptotal_climb: 1,246 kW, mtom_est: 5,952 kg, mtom: 5,000 kg, residual: +952.29 kg

MTOM update: initial_bracket_probe_1, relax=1.000 -> mtom_next=5,325.00 kg

======================================================
======================= ITER 2 =======================
Reynolds_number: 12,105,684
Stack prop output power: 537 kW, Pcomp: 33.1 kW
Cell efficiency: 0.301, Output efficiency: 0.269
mdot_h2: 13.43 g/s
Reynolds_number: 12,105,684
Stack prop output power: 569 kW, Pcomp: 35.2 kW
Cell efficiency: 0.301, Output efficiency: 0.269
mdot_h2: 14.24 g/s
Reynolds_number: 12,105,684
Stack prop output power: 571 kW, Pcomp: 35.3 kW
Cell efficiency: 0.301, Output efficiency: 0.269
mdot_h2: 14.30 g/s
Reynolds_number: 12,105,684
Stack prop output power: 458 kW, Pcomp: 4.1 kW
Cell efficiency: 0.277, Output efficiency: 0.261
mdot_h2: 11.81 g/s
Reynolds_number: 12,105,684
Stack prop output power: 498 kW, Pcomp: 4.5 kW
Cell efficiency: 0.277, Output efficiency: 0.261
mdot_h2: 12.85 g/s
Reynolds_number: 6,709,346
Stack prop output power: 457 kW, Pcomp: 4.0 kW
Cell efficiency: 0.305, Output efficiency: 0.287
mdot_h2: 10.72 g/s
Reynolds_number: 6,709,346
Stack prop output power: 497 kW, Pcomp: 4.3 kW
Cell efficiency: 0.305, Output efficiency: 0.287
mdot_h2: 11.65 g/s
Reynolds_number: 12,105,684
Stack prop output power: 537 kW, Pcomp: 33.1 kW
Cell efficiency: 0.301, Output efficiency: 0.269
mdot_h2: 13.43 g/s
Reynolds_number: 12,105,684
Stack prop output power: 569 kW, Pcomp: 35.2 kW
Cell efficiency: 0.301, Output efficiency: 0.269
mdot_h2: 14.24 g/s
Reynolds_number: 12,105,684
Stack prop output power: 571 kW, Pcomp: 35.3 kW
Cell efficiency: 0.301, Output efficiency: 0.269
mdot_h2: 14.30 g/s
Fuel-cell system mass representative phase: cruise (P_fc_sys=1142.894 kW).

-----------------------
ptotal_climb: 1,327 kW, mtom_est: 6,187 kg, mtom: 5,325 kg, residual: +862.17 kg

MTOM update: initial_bracket_probe_2, relax=1.000 -> mtom_next=5,650.00 kg

======================================================
======================= ITER 3 =======================
Reynolds_number: 12,105,684
Stack prop output power: 571 kW, Pcomp: 35.3 kW
Cell efficiency: 0.301, Output efficiency: 0.269
mdot_h2: 14.30 g/s
Reynolds_number: 12,105,684
Stack prop output power: 604 kW, Pcomp: 37.3 kW
Cell efficiency: 0.301, Output efficiency: 0.269
mdot_h2: 15.12 g/s
Reynolds_number: 12,105,684
Stack prop output power: 606 kW, Pcomp: 37.4 kW
Cell efficiency: 0.301, Output efficiency: 0.269
mdot_h2: 15.17 g/s
Reynolds_number: 12,105,684
Stack prop output power: 489 kW, Pcomp: 4.4 kW
Cell efficiency: 0.277, Output efficiency: 0.261
mdot_h2: 12.60 g/s
Reynolds_number: 12,105,684
Stack prop output power: 529 kW, Pcomp: 4.8 kW
Cell efficiency: 0.277, Output efficiency: 0.261
mdot_h2: 13.63 g/s
Reynolds_number: 6,709,346
Stack prop output power: 487 kW, Pcomp: 4.2 kW
Cell efficiency: 0.305, Output efficiency: 0.287
mdot_h2: 11.43 g/s
Reynolds_number: 6,709,346
Stack prop output power: 527 kW, Pcomp: 4.6 kW
Cell efficiency: 0.305, Output efficiency: 0.287
mdot_h2: 12.37 g/s
Reynolds_number: 12,105,684
Stack prop output power: 571 kW, Pcomp: 35.3 kW
Cell efficiency: 0.301, Output efficiency: 0.269
mdot_h2: 14.30 g/s
Reynolds_number: 12,105,684
Stack prop output power: 604 kW, Pcomp: 37.3 kW
Cell efficiency: 0.301, Output efficiency: 0.269
mdot_h2: 15.12 g/s
Reynolds_number: 12,105,684
Stack prop output power: 606 kW, Pcomp: 37.4 kW
Cell efficiency: 0.301, Output efficiency: 0.269
mdot_h2: 15.17 g/s
Fuel-cell system mass representative phase: cruise (P_fc_sys=1212.649 kW).

-----------------------
ptotal_climb: 1,408 kW, mtom_est: 6,413 kg, mtom: 5,650 kg, residual: +763.27 kg

MTOM update: fixed_point_prebracket, relax=1.000 -> mtom_next=6,260.62 kg

======================================================
======================= ITER 4 =======================
Reynolds_number: 12,105,684
Stack prop output power: 606 kW, Pcomp: 37.4 kW
Cell efficiency: 0.301, Output efficiency: 0.269
mdot_h2: 15.17 g/s
Reynolds_number: 12,105,684
Stack prop output power: 668 kW, Pcomp: 41.2 kW
Cell efficiency: 0.301, Output efficiency: 0.269
mdot_h2: 16.71 g/s
Reynolds_number: 12,105,684
Stack prop output power: 672 kW, Pcomp: 41.5 kW
Cell efficiency: 0.301, Output efficiency: 0.269
mdot_h2: 16.80 g/s
Reynolds_number: 12,105,684
Stack prop output power: 510 kW, Pcomp: 4.6 kW
Cell efficiency: 0.277, Output efficiency: 0.261
mdot_h2: 13.16 g/s
Reynolds_number: 12,105,684
Stack prop output power: 586 kW, Pcomp: 5.3 kW
Cell efficiency: 0.277, Output efficiency: 0.261
mdot_h2: 15.10 g/s
Reynolds_number: 12,105,684
Stack prop output power: 586 kW, Pcomp: 5.3 kW
Cell efficiency: 0.277, Output efficiency: 0.261
mdot_h2: 15.12 g/s
Reynolds_number: 6,709,346
Stack prop output power: 509 kW, Pcomp: 4.4 kW
Cell efficiency: 0.305, Output efficiency: 0.287
mdot_h2: 11.93 g/s
Reynolds_number: 6,709,346
Stack prop output power: 584 kW, Pcomp: 5.1 kW
Cell efficiency: 0.305, Output efficiency: 0.287
mdot_h2: 13.70 g/s
Reynolds_number: 6,709,346
Stack prop output power: 585 kW, Pcomp: 5.1 kW
Cell efficiency: 0.305, Output efficiency: 0.287
mdot_h2: 13.71 g/s
Reynolds_number: 12,105,684
Stack prop output power: 606 kW, Pcomp: 37.4 kW
Cell efficiency: 0.301, Output efficiency: 0.269
mdot_h2: 15.17 g/s
Reynolds_number: 12,105,684
Stack prop output power: 668 kW, Pcomp: 41.2 kW
Cell efficiency: 0.301, Output efficiency: 0.269
mdot_h2: 16.71 g/s
Reynolds_number: 12,105,684
Stack prop output power: 672 kW, Pcomp: 41.5 kW
Cell efficiency: 0.301, Output efficiency: 0.269
mdot_h2: 16.80 g/s
Fuel-cell system mass representative phase: cruise (P_fc_sys=1343.692 kW).

-----------------------
ptotal_climb: 1,560 kW, mtom_est: 6,829 kg, mtom: 6,261 kg, residual: +568.25 kg

MTOM update: fixed_point_prebracket, relax=1.000 -> mtom_next=6,715.21 kg

======================================================
======================= ITER 5 =======================
Reynolds_number: 12,105,684
Stack prop output power: 672 kW, Pcomp: 41.5 kW
Cell efficiency: 0.301, Output efficiency: 0.269
mdot_h2: 16.81 g/s
Reynolds_number: 12,105,684
Stack prop output power: 718 kW, Pcomp: 44.3 kW
Cell efficiency: 0.301, Output efficiency: 0.269
mdot_h2: 17.96 g/s
Reynolds_number: 12,105,684
Stack prop output power: 720 kW, Pcomp: 44.5 kW
Cell efficiency: 0.301, Output efficiency: 0.269
mdot_h2: 18.03 g/s
Reynolds_number: 12,105,684
Stack prop output power: 572 kW, Pcomp: 5.2 kW
Cell efficiency: 0.277, Output efficiency: 0.261
mdot_h2: 14.75 g/s
Reynolds_number: 12,105,684
Stack prop output power: 628 kW, Pcomp: 5.7 kW
Cell efficiency: 0.277, Output efficiency: 0.261
mdot_h2: 16.20 g/s
Reynolds_number: 12,105,684
Stack prop output power: 629 kW, Pcomp: 5.7 kW
Cell efficiency: 0.277, Output efficiency: 0.261
mdot_h2: 16.21 g/s
Reynolds_number: 6,709,346
Stack prop output power: 571 kW, Pcomp: 5.0 kW
Cell efficiency: 0.305, Output efficiency: 0.287
mdot_h2: 13.38 g/s
Reynolds_number: 6,709,346
Stack prop output power: 627 kW, Pcomp: 5.5 kW
Cell efficiency: 0.305, Output efficiency: 0.287
mdot_h2: 14.70 g/s
Reynolds_number: 12,105,684
Stack prop output power: 672 kW, Pcomp: 41.5 kW
Cell efficiency: 0.301, Output efficiency: 0.269
mdot_h2: 16.81 g/s
Reynolds_number: 12,105,684
Stack prop output power: 718 kW, Pcomp: 44.3 kW
Cell efficiency: 0.301, Output efficiency: 0.269
mdot_h2: 17.96 g/s
Reynolds_number: 12,105,684
Stack prop output power: 720 kW, Pcomp: 44.5 kW
Cell efficiency: 0.301, Output efficiency: 0.269
mdot_h2: 18.03 g/s
Fuel-cell system mass representative phase: cruise (P_fc_sys=1441.270 kW).

-----------------------
ptotal_climb: 1,673 kW, mtom_est: 7,142 kg, mtom: 6,715 kg, residual: +426.90 kg

MTOM update: fixed_point_prebracket, relax=1.000 -> mtom_next=7,056.73 kg

======================================================
======================= ITER 6 =======================
Reynolds_number: 12,105,684
Stack prop output power: 721 kW, Pcomp: 44.5 kW
Cell efficiency: 0.301, Output efficiency: 0.269
mdot_h2: 18.03 g/s
Reynolds_number: 12,105,684
Stack prop output power: 755 kW, Pcomp: 46.6 kW
Cell efficiency: 0.301, Output efficiency: 0.269
mdot_h2: 18.89 g/s
Reynolds_number: 12,105,684
Stack prop output power: 757 kW, Pcomp: 46.8 kW
Cell efficiency: 0.301, Output efficiency: 0.269
mdot_h2: 18.95 g/s
Reynolds_number: 12,105,684
Stack prop output power: 618 kW, Pcomp: 5.6 kW
Cell efficiency: 0.277, Output efficiency: 0.261
mdot_h2: 15.94 g/s
Reynolds_number: 12,105,684
Stack prop output power: 660 kW, Pcomp: 6.0 kW
Cell efficiency: 0.277, Output efficiency: 0.261
mdot_h2: 17.03 g/s
Reynolds_number: 6,709,346
Stack prop output power: 617 kW, Pcomp: 5.4 kW
Cell efficiency: 0.305, Output efficiency: 0.287
mdot_h2: 14.46 g/s
Reynolds_number: 6,709,346
Stack prop output power: 659 kW, Pcomp: 5.7 kW
Cell efficiency: 0.305, Output efficiency: 0.287
mdot_h2: 15.45 g/s
Reynolds_number: 12,105,684
Stack prop output power: 721 kW, Pcomp: 44.5 kW
Cell efficiency: 0.301, Output efficiency: 0.269
mdot_h2: 18.03 g/s
Reynolds_number: 12,105,684
Stack prop output power: 755 kW, Pcomp: 46.6 kW
Cell efficiency: 0.301, Output efficiency: 0.269
mdot_h2: 18.89 g/s
Reynolds_number: 12,105,684
Stack prop output power: 757 kW, Pcomp: 46.8 kW
Cell efficiency: 0.301, Output efficiency: 0.269
mdot_h2: 18.95 g/s
Fuel-cell system mass representative phase: cruise (P_fc_sys=1514.578 kW).

-----------------------
ptotal_climb: 1,758 kW, mtom_est: 7,378 kg, mtom: 7,057 kg, residual: +321.25 kg

MTOM update: fixed_point_prebracket, relax=1.000 -> mtom_next=7,313.74 kg

======================================================
======================= ITER 7 =======================
Reynolds_number: 12,105,684
Stack prop output power: 757 kW, Pcomp: 46.8 kW
Cell efficiency: 0.301, Output efficiency: 0.269
mdot_h2: 18.95 g/s
Reynolds_number: 12,105,684
Stack prop output power: 783 kW, Pcomp: 48.4 kW
Cell efficiency: 0.301, Output efficiency: 0.269
mdot_h2: 19.60 g/s
Reynolds_number: 12,105,684
Stack prop output power: 785 kW, Pcomp: 48.5 kW
Cell efficiency: 0.301, Output efficiency: 0.269
mdot_h2: 19.64 g/s
Reynolds_number: 12,105,684
Stack prop output power: 653 kW, Pcomp: 5.9 kW
Cell efficiency: 0.277, Output efficiency: 0.261
mdot_h2: 16.83 g/s
Reynolds_number: 12,105,684
Stack prop output power: 685 kW, Pcomp: 6.2 kW
Cell efficiency: 0.277, Output efficiency: 0.261
mdot_h2: 17.65 g/s
Reynolds_number: 6,709,346
Stack prop output power: 651 kW, Pcomp: 5.7 kW
Cell efficiency: 0.305, Output efficiency: 0.287
mdot_h2: 15.27 g/s
Reynolds_number: 6,709,346
Stack prop output power: 683 kW, Pcomp: 5.9 kW
Cell efficiency: 0.305, Output efficiency: 0.287
mdot_h2: 16.01 g/s
Reynolds_number: 12,105,684
Stack prop output power: 757 kW, Pcomp: 46.8 kW
Cell efficiency: 0.301, Output efficiency: 0.269
mdot_h2: 18.95 g/s
Reynolds_number: 12,105,684
Stack prop output power: 783 kW, Pcomp: 48.4 kW
Cell efficiency: 0.301, Output efficiency: 0.269
mdot_h2: 19.60 g/s
Reynolds_number: 12,105,684
Stack prop output power: 785 kW, Pcomp: 48.5 kW
Cell efficiency: 0.301, Output efficiency: 0.269
mdot_h2: 19.64 g/s
Fuel-cell system mass representative phase: cruise (P_fc_sys=1569.742 kW).

-----------------------
ptotal_climb: 1,822 kW, mtom_est: 7,556 kg, mtom: 7,314 kg, residual: +241.89 kg

MTOM update: fixed_point_prebracket, relax=1.000 -> mtom_next=7,507.25 kg

======================================================
======================= ITER 8 =======================
Reynolds_number: 12,105,684
Stack prop output power: 785 kW, Pcomp: 48.5 kW
Cell efficiency: 0.301, Output efficiency: 0.269
mdot_h2: 19.64 g/s
Reynolds_number: 12,105,684
Stack prop output power: 804 kW, Pcomp: 49.7 kW
Cell efficiency: 0.301, Output efficiency: 0.269
mdot_h2: 20.13 g/s
Reynolds_number: 12,105,684
Stack prop output power: 806 kW, Pcomp: 49.7 kW
Cell efficiency: 0.301, Output efficiency: 0.269
mdot_h2: 20.16 g/s
Reynolds_number: 12,105,684
Stack prop output power: 679 kW, Pcomp: 6.1 kW
Cell efficiency: 0.277, Output efficiency: 0.261
mdot_h2: 17.51 g/s
Reynolds_number: 12,105,684
Stack prop output power: 703 kW, Pcomp: 6.4 kW
Cell efficiency: 0.277, Output efficiency: 0.261
mdot_h2: 18.12 g/s
Reynolds_number: 6,709,346
Stack prop output power: 677 kW, Pcomp: 5.9 kW
Cell efficiency: 0.305, Output efficiency: 0.287
mdot_h2: 15.88 g/s
Reynolds_number: 6,709,346
Stack prop output power: 701 kW, Pcomp: 6.1 kW
Cell efficiency: 0.305, Output efficiency: 0.287
mdot_h2: 16.44 g/s
Reynolds_number: 12,105,684
Stack prop output power: 785 kW, Pcomp: 48.5 kW
Cell efficiency: 0.301, Output efficiency: 0.269
mdot_h2: 19.64 g/s
Reynolds_number: 12,105,684
Stack prop output power: 804 kW, Pcomp: 49.7 kW
Cell efficiency: 0.301, Output efficiency: 0.269
mdot_h2: 20.13 g/s
Reynolds_number: 12,105,684
Stack prop output power: 806 kW, Pcomp: 49.7 kW
Cell efficiency: 0.301, Output efficiency: 0.269
mdot_h2: 20.16 g/s
Fuel-cell system mass representative phase: cruise (P_fc_sys=1611.280 kW).

-----------------------
ptotal_climb: 1,871 kW, mtom_est: 7,695 kg, mtom: 7,507 kg, residual: +187.65 kg

MTOM update: newton_prebracket, relax=1.000 -> mtom_next=8,176.74 kg

======================================================
======================= ITER 9 =======================
Reynolds_number: 12,105,684
Stack prop output power: 806 kW, Pcomp: 49.7 kW
Cell efficiency: 0.301, Output efficiency: 0.269
mdot_h2: 20.16 g/s
Reynolds_number: 12,105,684
Stack prop output power: 873 kW, Pcomp: 53.9 kW
Cell efficiency: 0.301, Output efficiency: 0.269
mdot_h2: 21.85 g/s
Reynolds_number: 12,105,684
Stack prop output power: 877 kW, Pcomp: 54.2 kW
Cell efficiency: 0.301, Output efficiency: 0.269
mdot_h2: 21.95 g/s
Reynolds_number: 12,105,684
Stack prop output power: 682 kW, Pcomp: 6.2 kW
Cell efficiency: 0.277, Output efficiency: 0.261
mdot_h2: 17.59 g/s
Reynolds_number: 12,105,684
Stack prop output power: 765 kW, Pcomp: 6.9 kW
Cell efficiency: 0.277, Output efficiency: 0.261
mdot_h2: 19.72 g/s
Reynolds_number: 12,105,684
Stack prop output power: 766 kW, Pcomp: 6.9 kW
Cell efficiency: 0.277, Output efficiency: 0.261
mdot_h2: 19.74 g/s
Reynolds_number: 6,709,346
Stack prop output power: 680 kW, Pcomp: 5.9 kW
Cell efficiency: 0.305, Output efficiency: 0.287
mdot_h2: 15.96 g/s
Reynolds_number: 6,709,346
Stack prop output power: 763 kW, Pcomp: 6.6 kW
Cell efficiency: 0.305, Output efficiency: 0.287
mdot_h2: 17.89 g/s
Reynolds_number: 6,709,346
Stack prop output power: 764 kW, Pcomp: 6.7 kW
Cell efficiency: 0.305, Output efficiency: 0.287
mdot_h2: 17.91 g/s
Reynolds_number: 12,105,684
Stack prop output power: 806 kW, Pcomp: 49.7 kW
Cell efficiency: 0.301, Output efficiency: 0.269
mdot_h2: 20.16 g/s
Reynolds_number: 12,105,684
Stack prop output power: 873 kW, Pcomp: 53.9 kW
Cell efficiency: 0.301, Output efficiency: 0.269
mdot_h2: 21.85 g/s
Reynolds_number: 12,105,684
Stack prop output power: 877 kW, Pcomp: 54.2 kW
Cell efficiency: 0.301, Output efficiency: 0.269
mdot_h2: 21.95 g/s
Fuel-cell system mass representative phase: cruise (P_fc_sys=1754.948 kW).

-----------------------
ptotal_climb: 2,037 kW, mtom_est: 8,153 kg, mtom: 8,177 kg, residual: -24.05 kg

MTOM update: newton, relax=1.000 -> mtom_next=8,100.69 kg

======================================================
======================= ITER 10 =======================
Reynolds_number: 12,105,684
Stack prop output power: 877 kW, Pcomp: 54.2 kW
Cell efficiency: 0.301, Output efficiency: 0.269
mdot_h2: 21.96 g/s
Reynolds_number: 12,105,684
Stack prop output power: 870 kW, Pcomp: 53.7 kW
Cell efficiency: 0.301, Output efficiency: 0.269
mdot_h2: 21.76 g/s
Reynolds_number: 12,105,684
Stack prop output power: 768 kW, Pcomp: 7.0 kW
Cell efficiency: 0.277, Output efficiency: 0.261
mdot_h2: 19.80 g/s
Reynolds_number: 12,105,684
Stack prop output power: 759 kW, Pcomp: 6.9 kW
Cell efficiency: 0.277, Output efficiency: 0.261
mdot_h2: 19.56 g/s
Reynolds_number: 6,709,346
Stack prop output power: 766 kW, Pcomp: 6.7 kW
Cell efficiency: 0.305, Output efficiency: 0.287
mdot_h2: 17.96 g/s
Reynolds_number: 6,709,346
Stack prop output power: 757 kW, Pcomp: 6.6 kW
Cell efficiency: 0.305, Output efficiency: 0.287
mdot_h2: 17.74 g/s
Reynolds_number: 12,105,684
Stack prop output power: 877 kW, Pcomp: 54.2 kW
Cell efficiency: 0.301, Output efficiency: 0.269
mdot_h2: 21.96 g/s
Reynolds_number: 12,105,684
Stack prop output power: 870 kW, Pcomp: 53.7 kW
Cell efficiency: 0.301, Output efficiency: 0.269
mdot_h2: 21.76 g/s
Fuel-cell system mass representative phase: cruise (P_fc_sys=1738.723 kW).

-----------------------
ptotal_climb: 2,018 kW, mtom_est: 8,103 kg, mtom: 8,101 kg, residual: +2.73 kg


CONVERGED

CONVERGED STATE [MTOM iteration 10]
  MTOM=8,103 kg | Wing loading=225.69 kg/m^2 | P/W(climb)=249.09 W/kg
  Phase power: climb=2,018.4 kW | cruise=1,738.7 kW | takeoff=2,013.2 kW | cruise+charger=1,738.7 kW
  Power split (climb): FC=1,503.5 kW | Battery=501.2 kW | Compressor=13.7 kW | Cooling=654.6 kW | H2=39.125 g/s
  Compressor max across phases: 107.4 kW (cruise)
  FC representative phase (mass sizing): cruise (1,738.7 kW)
  Mass summary: MTOM=8,103 kg | Powertrain=2,815 kg | Tank=865.0 kg | Fuel=384.5 kg | Battery=34.7 kg | Nacelle power density=0.73 kW/kg
  Geometry: Main wing area=35.91 m^2 | Horizontal tail area=4.969 m^2 | Horizontal tail location=14.615 m | Vertical tail area=5.050 m^2 | Vertical tail location=14.087 m
  Config: wing loading input=225.61 kg/m^2 | P/W TO/Cl/Cr=0.18089/0.18132/0.14641 kW/kg

=============================================================
========================= CONVERGED =========================
=============================================================
Constraint sizing: ENABLED (min_combined_pw)
Input W/S: 225.61 kg/m^2 (2,212.5 Pa)
Input P/W [kW/kg]: takeoff 0.18089, climb 0.18132, cruise 0.14641
-------------------------------------------------------------

Mission Time
Climb time: 0.00 min (0.00 h)
Cruise time: 144.44 min (2.41 h)
Total flight time: 166.44 min (2.77 h)

Phase Power Breakdown
Phase      Time[min]     Total[kW]    FC Stack[kW]   Battery[kW]   Compressor[kW]   Cooling[kW]
-----------------------------------------------------------------------------------------------
ready           0.00         100.9           100.9           0.0              0.0           0.0
taxi            5.00         201.8           201.8           0.0              0.0           0.0
takeoff         1.00       2,013.2         1,500.0         500.0             13.2         572.8
climb           0.00       2,018.4         1,503.5         501.2             13.7         654.6
cruise        144.44       1,738.7         1,631.3           0.0            107.4         706.4
loiter         15.00         173.9           163.1           0.0             10.7          70.6
landing         1.00           0.0             0.0           0.0              0.0           0.0

Pcomp_max (solved phases): 107.4 kW (cruise)
Pnet (climb): 1,823 kW
Pelectricnet (climb): 2,005 kW
eta_pt: 0.9031

Geometry
S_wing: 35.91 m^2
b_wing: 17.98 m
Lfus: 16.72 m
Ltank: 7.71 m
S_HT: 4.97 m^2
S_VT: 5.05 m^2
b_HT: 4.73 m
b_VT: 3.10 m
X_HT_act: 14.61 m
X_VT_act: 14.09 m

One Nacelle (1/2)
Stack(1/2): 497 kg, Compressor: 127 kg, Humidifier: 167 kg, HX: 397 kg
W_FCS_single_nacelle (W_Stack+W_Compressor+W_Humidifier+W_Hx): 1,188 kg
Representative FC phase: cruise
Specific Power of Nacelle System: 0.732 kW/kg
dim_hx: dX=1.410 m, dY=1.410 m, dZ=0.223 m
dim_stack: dX=0.364 m, dY=0.390 m, dZ=0.390 m

ALL Nacelles
W_FCS_total: 2,376 kg
W_PMAD: 173 kg
W_Motors: 266 kg

-----------------------
W_Powertrain (W_FCS_total+W_PMAD+W_Motors): 2,815 kg
-----------------------
W_wing: 623 kg
W_Htail: 40 kg
W_Vtail: 71 kg
W_fuselage: 600 kg
W_lnd_gear_main: 243 kg
W_lnd_gear_nose: 65 kg
W_flight_control: 366 kg
W_electric_system: 300 kg
W_iae: 113 kg
W_hydraulics: 97 kg
W_fur: 488 kg
-----------------------
OEM: 3,004 kg
-----------------------
W_tank: 865 kg
W_fuel: 384.5 kg
W_batt: 34.7 kg
-----------------------
W_payload: 1,000 kg
-----------------------
MTOM_grouped (OEM+W_tank+W_fuel+W_batt+W_Powertrain+W_payload): 8,103 kg
MTOM: 8,103 kg
-----------------------

Wing loading (MTOM/S_wing): 225.69 kg/m^2
Power-to-weight (converged): 249.09 W/kg

mdot_H2(cruise): 43.5 g/s
Vtankex: 16.5 m^3
========================== END ==============================


=============================================================
Execution time: 104.6 seconds
=============================================================
