Auto-widening W/S scan window for min_combined_pw: 1900.0..2600.0 -> 1725.0..2775.0 Pa (factor 1.500, lower_hit=True, upper_hit=False, min_on_edge=False).
Auto-widening W/S scan window for min_combined_pw: 1725.0..2775.0 -> 1462.5..3037.5 Pa (factor 1.500, lower_hit=True, upper_hit=False, min_on_edge=False).
ADRpy constraint sizing (min_combined_pw): W/S=2212.5 Pa (225.61 kg/m^2), P/W_TO=0.18089 kW/kg, P/W_climb=0.18058 kW/kg, P/W_cruise=0.06135 kW/kg
Curve minimum (combined/combined): W/S=2212.5 Pa (225.61 kg/m^2), P/W=0.18089 kW/kg
Curve minimum (takeoff/take-off): W/S=1462.5 Pa (149.13 kg/m^2), P/W=0.10196 kW/kg
Curve minimum (climb/climb): W/S=2312.5 Pa (235.81 kg/m^2), P/W=0.17920 kW/kg
Curve minimum (cruise/cruise): W/S=2262.5 Pa (230.71 kg/m^2), P/W=0.06134 kW/kg
======================================================
======================= ITER 1 =======================
Reynolds_number: 7,577,968
Stack prop output power: 500 kW, Pcomp: 30.8 kW
Cell efficiency: 0.296, Output efficiency: 0.265
mdot_h2: 12.72 g/s
Reynolds_number: 7,577,968
Stack prop output power: 242 kW, Pcomp: 14.9 kW
Cell efficiency: 0.296, Output efficiency: 0.265
mdot_h2: 6.15 g/s
Reynolds_number: 7,577,968
Stack prop output power: 226 kW, Pcomp: 13.9 kW
Cell efficiency: 0.296, Output efficiency: 0.265
mdot_h2: 5.75 g/s
Reynolds_number: 7,577,968
Stack prop output power: 225 kW, Pcomp: 13.9 kW
Cell efficiency: 0.296, Output efficiency: 0.265
mdot_h2: 5.72 g/s
Reynolds_number: 7,577,968
Stack prop output power: 346 kW, Pcomp: 3.1 kW
Cell efficiency: 0.271, Output efficiency: 0.255
mdot_h2: 9.12 g/s
Reynolds_number: 7,577,968
Stack prop output power: 465 kW, Pcomp: 4.2 kW
Cell efficiency: 0.271, Output efficiency: 0.255
mdot_h2: 12.27 g/s
Reynolds_number: 7,577,968
Stack prop output power: 466 kW, Pcomp: 4.2 kW
Cell efficiency: 0.271, Output efficiency: 0.255
mdot_h2: 12.30 g/s
Reynolds_number: 6,709,346
Stack prop output power: 346 kW, Pcomp: 3.0 kW
Cell efficiency: 0.305, Output efficiency: 0.287
mdot_h2: 8.11 g/s
Reynolds_number: 6,709,346
Stack prop output power: 466 kW, Pcomp: 4.1 kW
Cell efficiency: 0.305, Output efficiency: 0.287
mdot_h2: 10.93 g/s
Reynolds_number: 6,709,346
Stack prop output power: 467 kW, Pcomp: 4.1 kW
Cell efficiency: 0.305, Output efficiency: 0.287
mdot_h2: 10.95 g/s
Reynolds_number: 7,577,968
Stack prop output power: 500 kW, Pcomp: 30.8 kW
Cell efficiency: 0.296, Output efficiency: 0.265
mdot_h2: 12.72 g/s
Reynolds_number: 7,577,968
Stack prop output power: 242 kW, Pcomp: 14.9 kW
Cell efficiency: 0.296, Output efficiency: 0.265
mdot_h2: 6.15 g/s
Reynolds_number: 7,577,968
Stack prop output power: 226 kW, Pcomp: 13.9 kW
Cell efficiency: 0.296, Output efficiency: 0.265
mdot_h2: 5.75 g/s
Reynolds_number: 7,577,968
Stack prop output power: 225 kW, Pcomp: 13.9 kW
Cell efficiency: 0.296, Output efficiency: 0.265
mdot_h2: 5.72 g/s
Fuel-cell system mass representative phase: takeoff (P_fc_sys=933.979 kW).

-----------------------
ptotal_climb: 1,241 kW, mtom_est: 5,110 kg, mtom: 5,000 kg, residual: +109.53 kg

MTOM update: initial_bracket_probe_1, relax=1.000 -> mtom_next=5,325.00 kg

======================================================
======================= ITER 2 =======================
Reynolds_number: 7,577,968
Stack prop output power: 225 kW, Pcomp: 13.8 kW
Cell efficiency: 0.296, Output efficiency: 0.265
mdot_h2: 5.72 g/s
Reynolds_number: 7,577,968
Stack prop output power: 239 kW, Pcomp: 14.7 kW
Cell efficiency: 0.296, Output efficiency: 0.265
mdot_h2: 6.07 g/s
Reynolds_number: 7,577,968
Stack prop output power: 239 kW, Pcomp: 14.7 kW
Cell efficiency: 0.296, Output efficiency: 0.265
mdot_h2: 6.09 g/s
Reynolds_number: 7,577,968
Stack prop output power: 456 kW, Pcomp: 4.1 kW
Cell efficiency: 0.271, Output efficiency: 0.255
mdot_h2: 12.04 g/s
Reynolds_number: 7,577,968
Stack prop output power: 496 kW, Pcomp: 4.5 kW
Cell efficiency: 0.271, Output efficiency: 0.255
mdot_h2: 13.09 g/s
Reynolds_number: 6,709,346
Stack prop output power: 457 kW, Pcomp: 4.0 kW
Cell efficiency: 0.305, Output efficiency: 0.287
mdot_h2: 10.72 g/s
Reynolds_number: 6,709,346
Stack prop output power: 497 kW, Pcomp: 4.3 kW
Cell efficiency: 0.305, Output efficiency: 0.287
mdot_h2: 11.65 g/s
Reynolds_number: 7,577,968
Stack prop output power: 225 kW, Pcomp: 13.8 kW
Cell efficiency: 0.296, Output efficiency: 0.265
mdot_h2: 5.72 g/s
Reynolds_number: 7,577,968
Stack prop output power: 239 kW, Pcomp: 14.7 kW
Cell efficiency: 0.296, Output efficiency: 0.265
mdot_h2: 6.07 g/s
Reynolds_number: 7,577,968
Stack prop output power: 239 kW, Pcomp: 14.7 kW
Cell efficiency: 0.296, Output efficiency: 0.265
mdot_h2: 6.09 g/s
Fuel-cell system mass representative phase: takeoff (P_fc_sys=994.682 kW).

-----------------------
ptotal_climb: 1,321 kW, mtom_est: 5,307 kg, mtom: 5,325 kg, residual: -17.93 kg

MTOM update: newton, relax=1.000 -> mtom_next=5,279.28 kg

======================================================
======================= ITER 3 =======================
Reynolds_number: 7,577,968
Stack prop output power: 239 kW, Pcomp: 14.7 kW
Cell efficiency: 0.296, Output efficiency: 0.265
mdot_h2: 6.09 g/s
Reynolds_number: 7,577,968
Stack prop output power: 237 kW, Pcomp: 14.6 kW
Cell efficiency: 0.296, Output efficiency: 0.265
mdot_h2: 6.04 g/s
Reynolds_number: 7,577,968
Stack prop output power: 498 kW, Pcomp: 4.5 kW
Cell efficiency: 0.271, Output efficiency: 0.255
mdot_h2: 13.14 g/s
Reynolds_number: 7,577,968
Stack prop output power: 492 kW, Pcomp: 4.5 kW
Cell efficiency: 0.271, Output efficiency: 0.255
mdot_h2: 12.99 g/s
Reynolds_number: 6,709,346
Stack prop output power: 499 kW, Pcomp: 4.3 kW
Cell efficiency: 0.305, Output efficiency: 0.287
mdot_h2: 11.70 g/s
Reynolds_number: 6,709,346
Stack prop output power: 493 kW, Pcomp: 4.3 kW
Cell efficiency: 0.305, Output efficiency: 0.287
mdot_h2: 11.56 g/s
Reynolds_number: 7,577,968
Stack prop output power: 239 kW, Pcomp: 14.7 kW
Cell efficiency: 0.296, Output efficiency: 0.265
mdot_h2: 6.09 g/s
Reynolds_number: 7,577,968
Stack prop output power: 237 kW, Pcomp: 14.6 kW
Cell efficiency: 0.296, Output efficiency: 0.265
mdot_h2: 6.04 g/s
Fuel-cell system mass representative phase: takeoff (P_fc_sys=986.149 kW).

-----------------------
ptotal_climb: 1,310 kW, mtom_est: 5,281 kg, mtom: 5,279 kg, residual: +1.79 kg


CONVERGED

CONVERGED STATE [MTOM iteration 3]
  MTOM=5,281 kg | Wing loading=225.69 kg/m^2 | P/W(climb)=248.08 W/kg
  Phase power: climb=1,310.1 kW | cruise=474.7 kW | takeoff=1,312.0 kW | cruise+charger=474.7 kW
  Power split (climb): FC=975.9 kW | Battery=325.3 kW | Compressor=9.0 kW | Cooling=438.3 kW | H2=25.975 g/s
  Compressor max across phases: 29.3 kW (cruise)
  FC representative phase (mass sizing): takeoff (986.1 kW)
  Mass summary: MTOM=5,281 kg | Powertrain=1,876 kg | Tank=315.3 kg | Fuel=140.1 kg | Battery=22.6 kg | Nacelle power density=0.62 kW/kg
  Geometry: Main wing area=23.40 m^2 | Horizontal tail area=3.978 m^2 | Horizontal tail location=9.875 m | Vertical tail area=4.064 m^2 | Vertical tail location=9.429 m
  Config: wing loading input=225.61 kg/m^2 | P/W TO/Cl/Cr=0.18089/0.18058/0.06135 kW/kg

=============================================================
========================= CONVERGED =========================
=============================================================
Constraint sizing: ENABLED (min_combined_pw)
Input W/S: 225.61 kg/m^2 (2,212.5 Pa)
Input P/W [kW/kg]: takeoff 0.18089, climb 0.18058, cruise 0.06135
-------------------------------------------------------------

Mission Time
Climb time: 0.00 min (0.00 h)
Cruise time: 188.76 min (3.15 h)
Total flight time: 210.76 min (3.51 h)

Phase Power Breakdown
Phase      Time[min]     Total[kW]    FC Stack[kW]   Battery[kW]   Compressor[kW]   Cooling[kW]
-----------------------------------------------------------------------------------------------
ready           0.00          65.5            65.5           0.0              0.0           0.0
taxi            5.00         131.0           131.0           0.0              0.0           0.0
takeoff         1.00       1,312.0           977.6         325.9              8.6         373.5
climb           0.00       1,310.1           975.9         325.3              9.0         438.3
cruise        188.76         474.7           445.5           0.0             29.3         197.8
loiter         15.00          47.5            44.5           0.0              2.9          19.8
landing         1.00           0.0             0.0           0.0              0.0           0.0

Pcomp_max (solved phases): 29.3 kW (cruise)
Pnet (climb): 1,183 kW
Pelectricnet (climb): 1,301 kW
eta_pt: 0.9031

Geometry
S_wing: 23.40 m^2
b_wing: 14.51 m
Lfus: 11.82 m
Ltank: 2.81 m
S_HT: 3.98 m^2
S_VT: 4.06 m^2
b_HT: 4.23 m
b_VT: 2.78 m
X_HT_act: 9.88 m
X_VT_act: 9.43 m

One Nacelle (1/2)
Stack(1/2): 264 kg, Compressor: 15 kg, Humidifier: 80 kg, HX: 435 kg
W_FCS_single_nacelle (W_Stack+W_Compressor+W_Humidifier+W_Hx): 795 kg
Representative FC phase: takeoff
Specific Power of Nacelle System: 0.620 kW/kg
dim_hx: dX=1.590 m, dY=1.590 m, dZ=0.192 m
dim_stack: dX=0.360 m, dY=0.286 m, dZ=0.286 m

ALL Nacelles
W_FCS_total: 1,590 kg
W_PMAD: 113 kg
W_Motors: 173 kg

-----------------------
W_Powertrain (W_FCS_total+W_PMAD+W_Motors): 1,876 kg
-----------------------
W_wing: 363 kg
W_Htail: 26 kg
W_Vtail: 50 kg
W_fuselage: 304 kg
W_lnd_gear_main: 243 kg
W_lnd_gear_nose: 65 kg
W_flight_control: 366 kg
W_electric_system: 300 kg
W_iae: 78 kg
W_hydraulics: 63 kg
W_fur: 370 kg
-----------------------
OEM: 2,227 kg
-----------------------
W_tank: 315 kg
W_fuel: 140.1 kg
W_batt: 22.6 kg
-----------------------
W_payload: 700 kg
-----------------------
MTOM_grouped (OEM+W_tank+W_fuel+W_batt+W_Powertrain+W_payload): 5,281 kg
MTOM: 5,281 kg
-----------------------

Wing loading (MTOM/S_wing): 225.69 kg/m^2
Power-to-weight (converged): 248.08 W/kg

mdot_H2(cruise): 12.1 g/s
Vtankex: 6.0 m^3
========================== END ==============================


=============================================================
Execution time: 34.8 seconds
=============================================================
