Auto-widening W/S scan window for min_combined_pw: 1900.0..2600.0 -> 1725.0..2775.0 Pa (factor 1.500, lower_hit=True, upper_hit=False, min_on_edge=False).
Auto-widening W/S scan window for min_combined_pw: 1725.0..2775.0 -> 1462.5..3037.5 Pa (factor 1.500, lower_hit=True, upper_hit=False, min_on_edge=False).
ADRpy constraint sizing (min_combined_pw): W/S=2212.5 Pa (225.61 kg/m^2), P/W_TO=0.18089 kW/kg, P/W_climb=0.18063 kW/kg, P/W_cruise=0.10673 kW/kg
Curve minimum (combined/combined): W/S=2212.5 Pa (225.61 kg/m^2), P/W=0.18089 kW/kg
Curve minimum (takeoff/take-off): W/S=1462.5 Pa (149.13 kg/m^2), P/W=0.10196 kW/kg
Curve minimum (climb/climb): W/S=2312.5 Pa (235.81 kg/m^2), P/W=0.17940 kW/kg
Curve minimum (cruise/cruise): W/S=2312.5 Pa (235.81 kg/m^2), P/W=0.10402 kW/kg
======================================================
======================= ITER 1 =======================
Reynolds_number: 10,580,558
Stack prop output power: 500 kW, Pcomp: 30.8 kW
Cell efficiency: 0.299, Output efficiency: 0.267
mdot_h2: 12.59 g/s
Reynolds_number: 10,580,558
Stack prop output power: 398 kW, Pcomp: 24.5 kW
Cell efficiency: 0.299, Output efficiency: 0.267
mdot_h2: 10.02 g/s
Reynolds_number: 10,580,558
Stack prop output power: 392 kW, Pcomp: 24.1 kW
Cell efficiency: 0.299, Output efficiency: 0.267
mdot_h2: 9.86 g/s
Reynolds_number: 10,580,558
Stack prop output power: 346 kW, Pcomp: 3.1 kW
Cell efficiency: 0.275, Output efficiency: 0.259
mdot_h2: 9.00 g/s
Reynolds_number: 10,580,558
Stack prop output power: 465 kW, Pcomp: 4.2 kW
Cell efficiency: 0.275, Output efficiency: 0.259
mdot_h2: 12.10 g/s
Reynolds_number: 10,580,558
Stack prop output power: 466 kW, Pcomp: 4.2 kW
Cell efficiency: 0.275, Output efficiency: 0.259
mdot_h2: 12.13 g/s
Reynolds_number: 6,709,346
Stack prop output power: 346 kW, Pcomp: 3.0 kW
Cell efficiency: 0.305, Output efficiency: 0.287
mdot_h2: 8.11 g/s
Reynolds_number: 6,709,346
Stack prop output power: 466 kW, Pcomp: 4.1 kW
Cell efficiency: 0.305, Output efficiency: 0.287
mdot_h2: 10.93 g/s
Reynolds_number: 6,709,346
Stack prop output power: 467 kW, Pcomp: 4.1 kW
Cell efficiency: 0.305, Output efficiency: 0.287
mdot_h2: 10.95 g/s
Reynolds_number: 10,580,558
Stack prop output power: 500 kW, Pcomp: 30.8 kW
Cell efficiency: 0.299, Output efficiency: 0.267
mdot_h2: 12.59 g/s
Reynolds_number: 10,580,558
Stack prop output power: 398 kW, Pcomp: 24.5 kW
Cell efficiency: 0.299, Output efficiency: 0.267
mdot_h2: 10.02 g/s
Reynolds_number: 10,580,558
Stack prop output power: 392 kW, Pcomp: 24.1 kW
Cell efficiency: 0.299, Output efficiency: 0.267
mdot_h2: 9.86 g/s
Fuel-cell system mass representative phase: takeoff (P_fc_sys=933.979 kW).

-----------------------
ptotal_climb: 1,241 kW, mtom_est: 5,460 kg, mtom: 5,000 kg, residual: +460.47 kg

MTOM update: initial_bracket_probe_1, relax=1.000 -> mtom_next=5,325.00 kg

======================================================
======================= ITER 2 =======================
Reynolds_number: 10,580,558
Stack prop output power: 391 kW, Pcomp: 24.1 kW
Cell efficiency: 0.299, Output efficiency: 0.267
mdot_h2: 9.85 g/s
Reynolds_number: 10,580,558
Stack prop output power: 415 kW, Pcomp: 25.6 kW
Cell efficiency: 0.299, Output efficiency: 0.267
mdot_h2: 10.45 g/s
Reynolds_number: 10,580,558
Stack prop output power: 416 kW, Pcomp: 25.7 kW
Cell efficiency: 0.299, Output efficiency: 0.267
mdot_h2: 10.48 g/s
Reynolds_number: 10,580,558
Stack prop output power: 456 kW, Pcomp: 4.1 kW
Cell efficiency: 0.275, Output efficiency: 0.259
mdot_h2: 11.87 g/s
Reynolds_number: 10,580,558
Stack prop output power: 496 kW, Pcomp: 4.5 kW
Cell efficiency: 0.275, Output efficiency: 0.259
mdot_h2: 12.91 g/s
Reynolds_number: 6,709,346
Stack prop output power: 457 kW, Pcomp: 4.0 kW
Cell efficiency: 0.305, Output efficiency: 0.287
mdot_h2: 10.72 g/s
Reynolds_number: 6,709,346
Stack prop output power: 497 kW, Pcomp: 4.3 kW
Cell efficiency: 0.305, Output efficiency: 0.287
mdot_h2: 11.65 g/s
Reynolds_number: 10,580,558
Stack prop output power: 391 kW, Pcomp: 24.1 kW
Cell efficiency: 0.299, Output efficiency: 0.267
mdot_h2: 9.85 g/s
Reynolds_number: 10,580,558
Stack prop output power: 415 kW, Pcomp: 25.6 kW
Cell efficiency: 0.299, Output efficiency: 0.267
mdot_h2: 10.45 g/s
Reynolds_number: 10,580,558
Stack prop output power: 416 kW, Pcomp: 25.7 kW
Cell efficiency: 0.299, Output efficiency: 0.267
mdot_h2: 10.48 g/s
Fuel-cell system mass representative phase: takeoff (P_fc_sys=994.682 kW).

-----------------------
ptotal_climb: 1,322 kW, mtom_est: 5,678 kg, mtom: 5,325 kg, residual: +352.90 kg

MTOM update: initial_bracket_probe_2, relax=1.000 -> mtom_next=5,650.00 kg

======================================================
======================= ITER 3 =======================
Reynolds_number: 10,580,558
Stack prop output power: 417 kW, Pcomp: 25.7 kW
Cell efficiency: 0.299, Output efficiency: 0.267
mdot_h2: 10.49 g/s
Reynolds_number: 10,580,558
Stack prop output power: 440 kW, Pcomp: 27.2 kW
Cell efficiency: 0.299, Output efficiency: 0.267
mdot_h2: 11.09 g/s
Reynolds_number: 10,580,558
Stack prop output power: 442 kW, Pcomp: 27.3 kW
Cell efficiency: 0.299, Output efficiency: 0.267
mdot_h2: 11.12 g/s
Reynolds_number: 10,580,558
Stack prop output power: 487 kW, Pcomp: 4.4 kW
Cell efficiency: 0.275, Output efficiency: 0.259
mdot_h2: 12.66 g/s
Reynolds_number: 10,580,558
Stack prop output power: 527 kW, Pcomp: 4.8 kW
Cell efficiency: 0.275, Output efficiency: 0.259
mdot_h2: 13.70 g/s
Reynolds_number: 6,709,346
Stack prop output power: 487 kW, Pcomp: 4.2 kW
Cell efficiency: 0.305, Output efficiency: 0.287
mdot_h2: 11.43 g/s
Reynolds_number: 6,709,346
Stack prop output power: 527 kW, Pcomp: 4.6 kW
Cell efficiency: 0.305, Output efficiency: 0.287
mdot_h2: 12.37 g/s
Reynolds_number: 10,580,558
Stack prop output power: 417 kW, Pcomp: 25.7 kW
Cell efficiency: 0.299, Output efficiency: 0.267
mdot_h2: 10.49 g/s
Reynolds_number: 10,580,558
Stack prop output power: 440 kW, Pcomp: 27.2 kW
Cell efficiency: 0.299, Output efficiency: 0.267
mdot_h2: 11.09 g/s
Reynolds_number: 10,580,558
Stack prop output power: 442 kW, Pcomp: 27.3 kW
Cell efficiency: 0.299, Output efficiency: 0.267
mdot_h2: 11.12 g/s
Fuel-cell system mass representative phase: takeoff (P_fc_sys=1055.390 kW).

-----------------------
ptotal_climb: 1,402 kW, mtom_est: 5,898 kg, mtom: 5,650 kg, residual: +248.22 kg

MTOM update: fixed_point_prebracket, relax=1.000 -> mtom_next=5,848.57 kg

======================================================
======================= ITER 4 =======================
Reynolds_number: 10,580,558
Stack prop output power: 442 kW, Pcomp: 27.3 kW
Cell efficiency: 0.299, Output efficiency: 0.267
mdot_h2: 11.13 g/s
Reynolds_number: 10,580,558
Stack prop output power: 457 kW, Pcomp: 28.2 kW
Cell efficiency: 0.299, Output efficiency: 0.267
mdot_h2: 11.49 g/s
Reynolds_number: 10,580,558
Stack prop output power: 457 kW, Pcomp: 28.2 kW
Cell efficiency: 0.299, Output efficiency: 0.267
mdot_h2: 11.52 g/s
Reynolds_number: 10,580,558
Stack prop output power: 521 kW, Pcomp: 4.7 kW
Cell efficiency: 0.275, Output efficiency: 0.259
mdot_h2: 13.55 g/s
Reynolds_number: 10,580,558
Stack prop output power: 545 kW, Pcomp: 4.9 kW
Cell efficiency: 0.275, Output efficiency: 0.259
mdot_h2: 14.18 g/s
Reynolds_number: 6,709,346
Stack prop output power: 522 kW, Pcomp: 4.5 kW
Cell efficiency: 0.305, Output efficiency: 0.287
mdot_h2: 12.23 g/s
Reynolds_number: 6,709,346
Stack prop output power: 546 kW, Pcomp: 4.8 kW
Cell efficiency: 0.305, Output efficiency: 0.287
mdot_h2: 12.80 g/s
Reynolds_number: 10,580,558
Stack prop output power: 442 kW, Pcomp: 27.3 kW
Cell efficiency: 0.299, Output efficiency: 0.267
mdot_h2: 11.13 g/s
Reynolds_number: 10,580,558
Stack prop output power: 457 kW, Pcomp: 28.2 kW
Cell efficiency: 0.299, Output efficiency: 0.267
mdot_h2: 11.49 g/s
Reynolds_number: 10,580,558
Stack prop output power: 457 kW, Pcomp: 28.2 kW
Cell efficiency: 0.299, Output efficiency: 0.267
mdot_h2: 11.52 g/s
Fuel-cell system mass representative phase: takeoff (P_fc_sys=1092.486 kW).

-----------------------
ptotal_climb: 1,452 kW, mtom_est: 6,034 kg, mtom: 5,849 kg, residual: +185.00 kg

MTOM update: fixed_point_prebracket, relax=1.000 -> mtom_next=5,996.57 kg

======================================================
======================= ITER 5 =======================
Reynolds_number: 10,580,558
Stack prop output power: 457 kW, Pcomp: 28.2 kW
Cell efficiency: 0.299, Output efficiency: 0.267
mdot_h2: 11.52 g/s
Reynolds_number: 10,580,558
Stack prop output power: 468 kW, Pcomp: 28.9 kW
Cell efficiency: 0.299, Output efficiency: 0.267
mdot_h2: 11.79 g/s
Reynolds_number: 10,580,558
Stack prop output power: 469 kW, Pcomp: 28.9 kW
Cell efficiency: 0.299, Output efficiency: 0.267
mdot_h2: 11.81 g/s
Reynolds_number: 10,580,558
Stack prop output power: 541 kW, Pcomp: 4.9 kW
Cell efficiency: 0.275, Output efficiency: 0.259
mdot_h2: 14.07 g/s
Reynolds_number: 10,580,558
Stack prop output power: 559 kW, Pcomp: 5.1 kW
Cell efficiency: 0.275, Output efficiency: 0.259
mdot_h2: 14.55 g/s
Reynolds_number: 6,709,346
Stack prop output power: 542 kW, Pcomp: 4.7 kW
Cell efficiency: 0.305, Output efficiency: 0.287
mdot_h2: 12.70 g/s
Reynolds_number: 6,709,346
Stack prop output power: 560 kW, Pcomp: 4.9 kW
Cell efficiency: 0.305, Output efficiency: 0.287
mdot_h2: 13.13 g/s
Reynolds_number: 10,580,558
Stack prop output power: 457 kW, Pcomp: 28.2 kW
Cell efficiency: 0.299, Output efficiency: 0.267
mdot_h2: 11.52 g/s
Reynolds_number: 10,580,558
Stack prop output power: 468 kW, Pcomp: 28.9 kW
Cell efficiency: 0.299, Output efficiency: 0.267
mdot_h2: 11.79 g/s
Reynolds_number: 10,580,558
Stack prop output power: 469 kW, Pcomp: 28.9 kW
Cell efficiency: 0.299, Output efficiency: 0.267
mdot_h2: 11.81 g/s
Fuel-cell system mass representative phase: takeoff (P_fc_sys=1120.132 kW).

-----------------------
ptotal_climb: 1,488 kW, mtom_est: 6,134 kg, mtom: 5,997 kg, residual: +137.40 kg

MTOM update: fixed_point_prebracket, relax=1.000 -> mtom_next=6,106.49 kg

======================================================
======================= ITER 6 =======================
Reynolds_number: 10,580,558
Stack prop output power: 469 kW, Pcomp: 28.9 kW
Cell efficiency: 0.299, Output efficiency: 0.267
mdot_h2: 11.81 g/s
Reynolds_number: 10,580,558
Stack prop output power: 477 kW, Pcomp: 29.4 kW
Cell efficiency: 0.299, Output efficiency: 0.267
mdot_h2: 12.01 g/s
Reynolds_number: 10,580,558
Stack prop output power: 556 kW, Pcomp: 5.0 kW
Cell efficiency: 0.275, Output efficiency: 0.259
mdot_h2: 14.46 g/s
Reynolds_number: 10,580,558
Stack prop output power: 570 kW, Pcomp: 5.2 kW
Cell efficiency: 0.275, Output efficiency: 0.259
mdot_h2: 14.81 g/s
Reynolds_number: 6,709,346
Stack prop output power: 557 kW, Pcomp: 4.8 kW
Cell efficiency: 0.305, Output efficiency: 0.287
mdot_h2: 13.05 g/s
Reynolds_number: 6,709,346
Stack prop output power: 570 kW, Pcomp: 5.0 kW
Cell efficiency: 0.305, Output efficiency: 0.287
mdot_h2: 13.37 g/s
Reynolds_number: 10,580,558
Stack prop output power: 469 kW, Pcomp: 28.9 kW
Cell efficiency: 0.299, Output efficiency: 0.267
mdot_h2: 11.81 g/s
Reynolds_number: 10,580,558
Stack prop output power: 477 kW, Pcomp: 29.4 kW
Cell efficiency: 0.299, Output efficiency: 0.267
mdot_h2: 12.01 g/s
Fuel-cell system mass representative phase: takeoff (P_fc_sys=1140.665 kW).

-----------------------
ptotal_climb: 1,516 kW, mtom_est: 6,209 kg, mtom: 6,106 kg, residual: +102.10 kg

MTOM update: fixed_point_prebracket, relax=1.000 -> mtom_next=6,188.17 kg

======================================================
======================= ITER 7 =======================
Reynolds_number: 10,580,558
Stack prop output power: 478 kW, Pcomp: 29.5 kW
Cell efficiency: 0.299, Output efficiency: 0.267
mdot_h2: 12.03 g/s
Reynolds_number: 10,580,558
Stack prop output power: 484 kW, Pcomp: 29.8 kW
Cell efficiency: 0.299, Output efficiency: 0.267
mdot_h2: 12.18 g/s
Reynolds_number: 10,580,558
Stack prop output power: 567 kW, Pcomp: 5.1 kW
Cell efficiency: 0.275, Output efficiency: 0.259
mdot_h2: 14.75 g/s
Reynolds_number: 10,580,558
Stack prop output power: 577 kW, Pcomp: 5.2 kW
Cell efficiency: 0.275, Output efficiency: 0.259
mdot_h2: 15.01 g/s
Reynolds_number: 6,709,346
Stack prop output power: 568 kW, Pcomp: 4.9 kW
Cell efficiency: 0.305, Output efficiency: 0.287
mdot_h2: 13.31 g/s
Reynolds_number: 6,709,346
Stack prop output power: 578 kW, Pcomp: 5.0 kW
Cell efficiency: 0.305, Output efficiency: 0.287
mdot_h2: 13.55 g/s
Reynolds_number: 10,580,558
Stack prop output power: 478 kW, Pcomp: 29.5 kW
Cell efficiency: 0.299, Output efficiency: 0.267
mdot_h2: 12.03 g/s
Reynolds_number: 10,580,558
Stack prop output power: 484 kW, Pcomp: 29.8 kW
Cell efficiency: 0.299, Output efficiency: 0.267
mdot_h2: 12.18 g/s
Fuel-cell system mass representative phase: takeoff (P_fc_sys=1155.923 kW).

-----------------------
ptotal_climb: 1,536 kW, mtom_est: 6,264 kg, mtom: 6,188 kg, residual: +76.02 kg

MTOM update: fixed_point_prebracket, relax=1.000 -> mtom_next=6,248.99 kg

======================================================
======================= ITER 8 =======================
Reynolds_number: 10,580,558
Stack prop output power: 484 kW, Pcomp: 29.9 kW
Cell efficiency: 0.299, Output efficiency: 0.267
mdot_h2: 12.19 g/s
Reynolds_number: 10,580,558
Stack prop output power: 489 kW, Pcomp: 30.1 kW
Cell efficiency: 0.299, Output efficiency: 0.267
mdot_h2: 12.30 g/s
Reynolds_number: 10,580,558
Stack prop output power: 575 kW, Pcomp: 5.2 kW
Cell efficiency: 0.275, Output efficiency: 0.259
mdot_h2: 14.97 g/s
Reynolds_number: 10,580,558
Stack prop output power: 583 kW, Pcomp: 5.3 kW
Cell efficiency: 0.275, Output efficiency: 0.259
mdot_h2: 15.16 g/s
Reynolds_number: 6,709,346
Stack prop output power: 576 kW, Pcomp: 5.0 kW
Cell efficiency: 0.305, Output efficiency: 0.287
mdot_h2: 13.51 g/s
Reynolds_number: 6,709,346
Stack prop output power: 584 kW, Pcomp: 5.1 kW
Cell efficiency: 0.305, Output efficiency: 0.287
mdot_h2: 13.68 g/s
Reynolds_number: 10,580,558
Stack prop output power: 484 kW, Pcomp: 29.9 kW
Cell efficiency: 0.299, Output efficiency: 0.267
mdot_h2: 12.19 g/s
Reynolds_number: 10,580,558
Stack prop output power: 489 kW, Pcomp: 30.1 kW
Cell efficiency: 0.299, Output efficiency: 0.267
mdot_h2: 12.30 g/s
Fuel-cell system mass representative phase: takeoff (P_fc_sys=1167.283 kW).

-----------------------
ptotal_climb: 1,551 kW, mtom_est: 6,306 kg, mtom: 6,249 kg, residual: +57.15 kg

MTOM update: newton_prebracket, relax=1.000 -> mtom_next=6,433.22 kg

======================================================
======================= ITER 9 =======================
Reynolds_number: 10,580,558
Stack prop output power: 489 kW, Pcomp: 30.1 kW
Cell efficiency: 0.299, Output efficiency: 0.267
mdot_h2: 12.31 g/s
Reynolds_number: 10,580,558
Stack prop output power: 502 kW, Pcomp: 31.0 kW
Cell efficiency: 0.299, Output efficiency: 0.267
mdot_h2: 12.65 g/s
Reynolds_number: 10,580,558
Stack prop output power: 503 kW, Pcomp: 31.0 kW
Cell efficiency: 0.299, Output efficiency: 0.267
mdot_h2: 12.67 g/s
Reynolds_number: 10,580,558
Stack prop output power: 577 kW, Pcomp: 5.2 kW
Cell efficiency: 0.275, Output efficiency: 0.259
mdot_h2: 15.01 g/s
Reynolds_number: 10,580,558
Stack prop output power: 600 kW, Pcomp: 5.4 kW
Cell efficiency: 0.275, Output efficiency: 0.259
mdot_h2: 15.60 g/s
Reynolds_number: 6,709,346
Stack prop output power: 578 kW, Pcomp: 5.0 kW
Cell efficiency: 0.305, Output efficiency: 0.287
mdot_h2: 13.55 g/s
Reynolds_number: 6,709,346
Stack prop output power: 601 kW, Pcomp: 5.2 kW
Cell efficiency: 0.305, Output efficiency: 0.287
mdot_h2: 14.08 g/s
Reynolds_number: 10,580,558
Stack prop output power: 489 kW, Pcomp: 30.1 kW
Cell efficiency: 0.299, Output efficiency: 0.267
mdot_h2: 12.31 g/s
Reynolds_number: 10,580,558
Stack prop output power: 502 kW, Pcomp: 31.0 kW
Cell efficiency: 0.299, Output efficiency: 0.267
mdot_h2: 12.65 g/s
Reynolds_number: 10,580,558
Stack prop output power: 503 kW, Pcomp: 31.0 kW
Cell efficiency: 0.299, Output efficiency: 0.267
mdot_h2: 12.67 g/s
Fuel-cell system mass representative phase: takeoff (P_fc_sys=1201.696 kW).

-----------------------
ptotal_climb: 1,597 kW, mtom_est: 6,432 kg, mtom: 6,433 kg, residual: -1.70 kg


CONVERGED

CONVERGED STATE [MTOM iteration 9]
  MTOM=6,432 kg | Wing loading=225.55 kg/m^2 | P/W(climb)=248.28 W/kg
  Phase power: climb=1,596.8 kW | cruise=1,006.4 kW | takeoff=1,598.8 kW | cruise+charger=1,006.4 kW
  Power split (climb): FC=1,189.5 kW | Battery=396.5 kW | Compressor=10.9 kW | Cooling=523.9 kW | H2=31.208 g/s
  Compressor max across phases: 62.1 kW (cruise)
  FC representative phase (mass sizing): takeoff (1,201.7 kW)
  Mass summary: MTOM=6,432 kg | Powertrain=2,282 kg | Tank=583.7 kg | Fuel=259.4 kg | Battery=27.6 kg | Nacelle power density=0.62 kW/kg
  Geometry: Main wing area=28.51 m^2 | Horizontal tail area=4.247 m^2 | Horizontal tail location=12.222 m | Vertical tail area=4.317 m^2 | Vertical tail location=11.756 m
  Config: wing loading input=225.61 kg/m^2 | P/W TO/Cl/Cr=0.18089/0.18063/0.10673 kW/kg

=============================================================
========================= CONVERGED =========================
=============================================================
Constraint sizing: ENABLED (min_combined_pw)
Input W/S: 225.61 kg/m^2 (2,212.5 Pa)
Input P/W [kW/kg]: takeoff 0.18089, climb 0.18063, cruise 0.10673
-------------------------------------------------------------

Mission Time
Climb time: 0.00 min (0.00 h)
Cruise time: 167.42 min (2.79 h)
Total flight time: 189.42 min (3.16 h)

Phase Power Breakdown
Phase      Time[min]     Total[kW]    FC Stack[kW]   Battery[kW]   Compressor[kW]   Cooling[kW]
-----------------------------------------------------------------------------------------------
ready           0.00          79.8            79.8           0.0              0.0           0.0
taxi            5.00         159.7           159.7           0.0              0.0           0.0
takeoff         1.00       1,598.8         1,191.2         397.1             10.5         454.8
climb           0.00       1,596.8         1,189.5         396.5             10.9         523.9
cruise        167.42       1,006.4           944.4           0.0             62.1         412.4
loiter         15.00         100.6            94.4           0.0              6.2          41.2
landing         1.00           0.0             0.0           0.0              0.0           0.0

Pcomp_max (solved phases): 62.1 kW (cruise)
Pnet (climb): 1,442 kW
Pelectricnet (climb): 1,586 kW
eta_pt: 0.9031

Geometry
S_wing: 28.51 m^2
b_wing: 16.02 m
Lfus: 14.21 m
Ltank: 5.20 m
S_HT: 4.25 m^2
S_VT: 4.32 m^2
b_HT: 4.37 m
b_VT: 2.86 m
X_HT_act: 12.22 m
X_VT_act: 11.76 m

One Nacelle (1/2)
Stack(1/2): 322 kg, Compressor: 18 kg, Humidifier: 97 kg, HX: 530 kg
W_FCS_single_nacelle (W_Stack+W_Compressor+W_Humidifier+W_Hx): 967 kg
Representative FC phase: takeoff
Specific Power of Nacelle System: 0.621 kW/kg
dim_hx: dX=1.755 m, dY=1.755 m, dZ=0.192 m
dim_stack: dX=0.360 m, dY=0.316 m, dZ=0.316 m

ALL Nacelles
W_FCS_total: 1,935 kg
W_PMAD: 137 kg
W_Motors: 211 kg

-----------------------
W_Powertrain (W_FCS_total+W_PMAD+W_Motors): 2,282 kg
-----------------------
W_wing: 466 kg
W_Htail: 31 kg
W_Vtail: 57 kg
W_fuselage: 452 kg
W_lnd_gear_main: 243 kg
W_lnd_gear_nose: 65 kg
W_flight_control: 366 kg
W_electric_system: 300 kg
W_iae: 92 kg
W_hydraulics: 77 kg
W_fur: 429 kg
-----------------------
OEM: 2,578 kg
-----------------------
W_tank: 584 kg
W_fuel: 259.4 kg
W_batt: 27.6 kg
-----------------------
W_payload: 700 kg
-----------------------
MTOM_grouped (OEM+W_tank+W_fuel+W_batt+W_Powertrain+W_payload): 6,432 kg
MTOM: 6,432 kg
-----------------------

Wing loading (MTOM/S_wing): 225.55 kg/m^2
Power-to-weight (converged): 248.28 W/kg

mdot_H2(cruise): 25.3 g/s
Vtankex: 11.1 m^3
========================== END ==============================


=============================================================
Execution time: 88.0 seconds
=============================================================
