Auto-widening W/S scan window for min_combined_pw: 1900.0..2600.0 -> 1725.0..2775.0 Pa (factor 1.500, lower_hit=True, upper_hit=False, min_on_edge=False).
Auto-widening W/S scan window for min_combined_pw: 1725.0..2775.0 -> 1462.5..3037.5 Pa (factor 1.500, lower_hit=True, upper_hit=False, min_on_edge=False).
ADRpy constraint sizing (min_combined_pw): W/S=2212.5 Pa (225.61 kg/m^2), P/W_TO=0.18089 kW/kg, P/W_climb=0.18545 kW/kg, P/W_cruise=0.06102 kW/kg
Curve minimum (combined/combined): W/S=2212.5 Pa (225.61 kg/m^2), P/W=0.18545 kW/kg
Curve minimum (takeoff/take-off): W/S=1462.5 Pa (149.13 kg/m^2), P/W=0.10196 kW/kg
Curve minimum (climb/climb): W/S=2312.5 Pa (235.81 kg/m^2), P/W=0.18422 kW/kg
Curve minimum (cruise/cruise): W/S=2112.5 Pa (215.42 kg/m^2), P/W=0.06095 kW/kg
======================================================
======================= ITER 1 =======================
Reynolds_number: 7,216,330
Stack prop output power: 500 kW, Pcomp: 36.0 kW
Cell efficiency: 0.295, Output efficiency: 0.261
mdot_h2: 12.89 g/s
Reynolds_number: 7,216,330
Stack prop output power: 246 kW, Pcomp: 17.7 kW
Cell efficiency: 0.295, Output efficiency: 0.261
mdot_h2: 6.34 g/s
Reynolds_number: 7,216,330
Stack prop output power: 228 kW, Pcomp: 16.4 kW
Cell efficiency: 0.295, Output efficiency: 0.261
mdot_h2: 5.86 g/s
Reynolds_number: 7,216,330
Stack prop output power: 226 kW, Pcomp: 16.3 kW
Cell efficiency: 0.295, Output efficiency: 0.261
mdot_h2: 5.83 g/s
Reynolds_number: 7,216,330
Stack prop output power: 342 kW, Pcomp: 3.1 kW
Cell efficiency: 0.265, Output efficiency: 0.249
mdot_h2: 9.23 g/s
Reynolds_number: 7,216,330
Stack prop output power: 478 kW, Pcomp: 4.4 kW
Cell efficiency: 0.265, Output efficiency: 0.249
mdot_h2: 12.89 g/s
Reynolds_number: 7,216,330
Stack prop output power: 479 kW, Pcomp: 4.4 kW
Cell efficiency: 0.265, Output efficiency: 0.249
mdot_h2: 12.93 g/s
Reynolds_number: 6,709,346
Stack prop output power: 346 kW, Pcomp: 3.0 kW
Cell efficiency: 0.305, Output efficiency: 0.287
mdot_h2: 8.11 g/s
Reynolds_number: 6,709,346
Stack prop output power: 466 kW, Pcomp: 4.1 kW
Cell efficiency: 0.305, Output efficiency: 0.287
mdot_h2: 10.93 g/s
Reynolds_number: 6,709,346
Stack prop output power: 467 kW, Pcomp: 4.1 kW
Cell efficiency: 0.305, Output efficiency: 0.287
mdot_h2: 10.95 g/s
Reynolds_number: 7,216,330
Stack prop output power: 500 kW, Pcomp: 36.0 kW
Cell efficiency: 0.295, Output efficiency: 0.261
mdot_h2: 12.89 g/s
Reynolds_number: 7,216,330
Stack prop output power: 246 kW, Pcomp: 17.7 kW
Cell efficiency: 0.295, Output efficiency: 0.261
mdot_h2: 6.34 g/s
Reynolds_number: 7,216,330
Stack prop output power: 228 kW, Pcomp: 16.4 kW
Cell efficiency: 0.295, Output efficiency: 0.261
mdot_h2: 5.86 g/s
Reynolds_number: 7,216,330
Stack prop output power: 226 kW, Pcomp: 16.3 kW
Cell efficiency: 0.295, Output efficiency: 0.261
mdot_h2: 5.83 g/s
Fuel-cell system mass representative phase: climb (P_fc_sys=957.948 kW).

-----------------------
ptotal_climb: 1,274 kW, mtom_est: 6,196 kg, mtom: 5,000 kg, residual: +1,195.73 kg

MTOM update: initial_bracket_probe_1, relax=1.000 -> mtom_next=5,325.00 kg

======================================================
======================= ITER 2 =======================
Reynolds_number: 7,216,330
Stack prop output power: 226 kW, Pcomp: 16.3 kW
Cell efficiency: 0.295, Output efficiency: 0.261
mdot_h2: 5.83 g/s
Reynolds_number: 7,216,330
Stack prop output power: 240 kW, Pcomp: 17.3 kW
Cell efficiency: 0.295, Output efficiency: 0.261
mdot_h2: 6.18 g/s
Reynolds_number: 7,216,330
Stack prop output power: 241 kW, Pcomp: 17.3 kW
Cell efficiency: 0.295, Output efficiency: 0.261
mdot_h2: 6.20 g/s
Reynolds_number: 7,216,330
Stack prop output power: 469 kW, Pcomp: 4.3 kW
Cell efficiency: 0.265, Output efficiency: 0.249
mdot_h2: 12.65 g/s
Reynolds_number: 7,216,330
Stack prop output power: 510 kW, Pcomp: 4.7 kW
Cell efficiency: 0.265, Output efficiency: 0.249
mdot_h2: 13.76 g/s
Reynolds_number: 6,709,346
Stack prop output power: 457 kW, Pcomp: 4.0 kW
Cell efficiency: 0.305, Output efficiency: 0.287
mdot_h2: 10.72 g/s
Reynolds_number: 6,709,346
Stack prop output power: 497 kW, Pcomp: 4.3 kW
Cell efficiency: 0.305, Output efficiency: 0.287
mdot_h2: 11.65 g/s
Reynolds_number: 7,216,330
Stack prop output power: 226 kW, Pcomp: 16.3 kW
Cell efficiency: 0.295, Output efficiency: 0.261
mdot_h2: 5.83 g/s
Reynolds_number: 7,216,330
Stack prop output power: 240 kW, Pcomp: 17.3 kW
Cell efficiency: 0.295, Output efficiency: 0.261
mdot_h2: 6.18 g/s
Reynolds_number: 7,216,330
Stack prop output power: 241 kW, Pcomp: 17.3 kW
Cell efficiency: 0.295, Output efficiency: 0.261
mdot_h2: 6.20 g/s
Fuel-cell system mass representative phase: climb (P_fc_sys=1020.208 kW).

-----------------------
ptotal_climb: 1,357 kW, mtom_est: 6,412 kg, mtom: 5,325 kg, residual: +1,086.82 kg

MTOM update: initial_bracket_probe_2, relax=1.000 -> mtom_next=5,650.00 kg

======================================================
======================= ITER 3 =======================
Reynolds_number: 7,216,330
Stack prop output power: 241 kW, Pcomp: 17.3 kW
Cell efficiency: 0.295, Output efficiency: 0.261
mdot_h2: 6.21 g/s
Reynolds_number: 7,216,330
Stack prop output power: 254 kW, Pcomp: 18.3 kW
Cell efficiency: 0.295, Output efficiency: 0.261
mdot_h2: 6.56 g/s
Reynolds_number: 7,216,330
Stack prop output power: 255 kW, Pcomp: 18.4 kW
Cell efficiency: 0.295, Output efficiency: 0.261
mdot_h2: 6.58 g/s
Reynolds_number: 7,216,330
Stack prop output power: 500 kW, Pcomp: 4.6 kW
Cell efficiency: 0.265, Output efficiency: 0.249
mdot_h2: 13.49 g/s
Reynolds_number: 7,216,330
Stack prop output power: 541 kW, Pcomp: 5.0 kW
Cell efficiency: 0.265, Output efficiency: 0.249
mdot_h2: 14.60 g/s
Reynolds_number: 6,709,346
Stack prop output power: 487 kW, Pcomp: 4.2 kW
Cell efficiency: 0.305, Output efficiency: 0.287
mdot_h2: 11.43 g/s
Reynolds_number: 6,709,346
Stack prop output power: 527 kW, Pcomp: 4.6 kW
Cell efficiency: 0.305, Output efficiency: 0.287
mdot_h2: 12.37 g/s
Reynolds_number: 7,216,330
Stack prop output power: 241 kW, Pcomp: 17.3 kW
Cell efficiency: 0.295, Output efficiency: 0.261
mdot_h2: 6.21 g/s
Reynolds_number: 7,216,330
Stack prop output power: 254 kW, Pcomp: 18.3 kW
Cell efficiency: 0.295, Output efficiency: 0.261
mdot_h2: 6.56 g/s
Reynolds_number: 7,216,330
Stack prop output power: 255 kW, Pcomp: 18.4 kW
Cell efficiency: 0.295, Output efficiency: 0.261
mdot_h2: 6.58 g/s
Fuel-cell system mass representative phase: climb (P_fc_sys=1082.475 kW).

-----------------------
ptotal_climb: 1,440 kW, mtom_est: 6,631 kg, mtom: 5,650 kg, residual: +980.61 kg

MTOM update: fixed_point_prebracket, relax=1.000 -> mtom_next=6,434.49 kg

======================================================
======================= ITER 4 =======================
Reynolds_number: 7,216,330
Stack prop output power: 255 kW, Pcomp: 18.4 kW
Cell efficiency: 0.295, Output efficiency: 0.261
mdot_h2: 6.59 g/s
Reynolds_number: 7,216,330
Stack prop output power: 288 kW, Pcomp: 20.8 kW
Cell efficiency: 0.295, Output efficiency: 0.261
mdot_h2: 7.43 g/s
Reynolds_number: 7,216,330
Stack prop output power: 291 kW, Pcomp: 20.9 kW
Cell efficiency: 0.295, Output efficiency: 0.261
mdot_h2: 7.50 g/s
Reynolds_number: 7,216,330
Stack prop output power: 516 kW, Pcomp: 4.7 kW
Cell efficiency: 0.265, Output efficiency: 0.249
mdot_h2: 13.94 g/s
Reynolds_number: 7,216,330
Stack prop output power: 615 kW, Pcomp: 5.7 kW
Cell efficiency: 0.265, Output efficiency: 0.249
mdot_h2: 16.61 g/s
Reynolds_number: 7,216,330
Stack prop output power: 616 kW, Pcomp: 5.7 kW
Cell efficiency: 0.265, Output efficiency: 0.249
mdot_h2: 16.64 g/s
Reynolds_number: 6,709,346
Stack prop output power: 503 kW, Pcomp: 4.4 kW
Cell efficiency: 0.305, Output efficiency: 0.287
mdot_h2: 11.81 g/s
Reynolds_number: 6,709,346
Stack prop output power: 600 kW, Pcomp: 5.2 kW
Cell efficiency: 0.305, Output efficiency: 0.287
mdot_h2: 14.07 g/s
Reynolds_number: 6,709,346
Stack prop output power: 601 kW, Pcomp: 5.2 kW
Cell efficiency: 0.305, Output efficiency: 0.287
mdot_h2: 14.09 g/s
Reynolds_number: 7,216,330
Stack prop output power: 255 kW, Pcomp: 18.4 kW
Cell efficiency: 0.295, Output efficiency: 0.261
mdot_h2: 6.59 g/s
Reynolds_number: 7,216,330
Stack prop output power: 288 kW, Pcomp: 20.8 kW
Cell efficiency: 0.295, Output efficiency: 0.261
mdot_h2: 7.43 g/s
Reynolds_number: 7,216,330
Stack prop output power: 291 kW, Pcomp: 20.9 kW
Cell efficiency: 0.295, Output efficiency: 0.261
mdot_h2: 7.50 g/s
Fuel-cell system mass representative phase: climb (P_fc_sys=1232.781 kW).

-----------------------
ptotal_climb: 1,640 kW, mtom_est: 7,163 kg, mtom: 6,434 kg, residual: +728.75 kg

MTOM update: fixed_point_prebracket, relax=1.000 -> mtom_next=7,017.49 kg

======================================================
======================= ITER 5 =======================
Reynolds_number: 7,216,330
Stack prop output power: 291 kW, Pcomp: 20.9 kW
Cell efficiency: 0.295, Output efficiency: 0.261
mdot_h2: 7.50 g/s
Reynolds_number: 7,216,330
Stack prop output power: 315 kW, Pcomp: 22.7 kW
Cell efficiency: 0.295, Output efficiency: 0.261
mdot_h2: 8.13 g/s
Reynolds_number: 7,216,330
Stack prop output power: 317 kW, Pcomp: 22.8 kW
Cell efficiency: 0.295, Output efficiency: 0.261
mdot_h2: 8.18 g/s
Reynolds_number: 7,216,330
Stack prop output power: 598 kW, Pcomp: 5.5 kW
Cell efficiency: 0.265, Output efficiency: 0.249
mdot_h2: 16.14 g/s
Reynolds_number: 7,216,330
Stack prop output power: 672 kW, Pcomp: 6.2 kW
Cell efficiency: 0.265, Output efficiency: 0.249
mdot_h2: 18.12 g/s
Reynolds_number: 7,216,330
Stack prop output power: 672 kW, Pcomp: 6.2 kW
Cell efficiency: 0.265, Output efficiency: 0.249
mdot_h2: 18.14 g/s
Reynolds_number: 6,709,346
Stack prop output power: 583 kW, Pcomp: 5.1 kW
Cell efficiency: 0.305, Output efficiency: 0.287
mdot_h2: 13.67 g/s
Reynolds_number: 6,709,346
Stack prop output power: 655 kW, Pcomp: 5.7 kW
Cell efficiency: 0.305, Output efficiency: 0.287
mdot_h2: 15.35 g/s
Reynolds_number: 6,709,346
Stack prop output power: 655 kW, Pcomp: 5.7 kW
Cell efficiency: 0.305, Output efficiency: 0.287
mdot_h2: 15.37 g/s
Reynolds_number: 7,216,330
Stack prop output power: 291 kW, Pcomp: 20.9 kW
Cell efficiency: 0.295, Output efficiency: 0.261
mdot_h2: 7.50 g/s
Reynolds_number: 7,216,330
Stack prop output power: 315 kW, Pcomp: 22.7 kW
Cell efficiency: 0.295, Output efficiency: 0.261
mdot_h2: 8.13 g/s
Reynolds_number: 7,216,330
Stack prop output power: 317 kW, Pcomp: 22.8 kW
Cell efficiency: 0.295, Output efficiency: 0.261
mdot_h2: 8.18 g/s
Fuel-cell system mass representative phase: climb (P_fc_sys=1344.479 kW).

-----------------------
ptotal_climb: 1,789 kW, mtom_est: 7,563 kg, mtom: 7,017 kg, residual: +545.48 kg

MTOM update: fixed_point_prebracket, relax=1.000 -> mtom_next=7,453.87 kg

======================================================
======================= ITER 6 =======================
Reynolds_number: 7,216,330
Stack prop output power: 317 kW, Pcomp: 22.8 kW
Cell efficiency: 0.295, Output efficiency: 0.261
mdot_h2: 8.18 g/s
Reynolds_number: 7,216,330
Stack prop output power: 336 kW, Pcomp: 24.2 kW
Cell efficiency: 0.295, Output efficiency: 0.261
mdot_h2: 8.65 g/s
Reynolds_number: 7,216,330
Stack prop output power: 337 kW, Pcomp: 24.3 kW
Cell efficiency: 0.295, Output efficiency: 0.261
mdot_h2: 8.69 g/s
Reynolds_number: 7,216,330
Stack prop output power: 658 kW, Pcomp: 6.0 kW
Cell efficiency: 0.265, Output efficiency: 0.249
mdot_h2: 17.77 g/s
Reynolds_number: 7,216,330
Stack prop output power: 714 kW, Pcomp: 6.6 kW
Cell efficiency: 0.265, Output efficiency: 0.249
mdot_h2: 19.26 g/s
Reynolds_number: 7,216,330
Stack prop output power: 714 kW, Pcomp: 6.6 kW
Cell efficiency: 0.265, Output efficiency: 0.249
mdot_h2: 19.27 g/s
Reynolds_number: 6,709,346
Stack prop output power: 642 kW, Pcomp: 5.6 kW
Cell efficiency: 0.305, Output efficiency: 0.287
mdot_h2: 15.05 g/s
Reynolds_number: 6,709,346
Stack prop output power: 696 kW, Pcomp: 6.1 kW
Cell efficiency: 0.305, Output efficiency: 0.287
mdot_h2: 16.31 g/s
Reynolds_number: 7,216,330
Stack prop output power: 317 kW, Pcomp: 22.8 kW
Cell efficiency: 0.295, Output efficiency: 0.261
mdot_h2: 8.18 g/s
Reynolds_number: 7,216,330
Stack prop output power: 336 kW, Pcomp: 24.2 kW
Cell efficiency: 0.295, Output efficiency: 0.261
mdot_h2: 8.65 g/s
Reynolds_number: 7,216,330
Stack prop output power: 337 kW, Pcomp: 24.3 kW
Cell efficiency: 0.295, Output efficiency: 0.261
mdot_h2: 8.69 g/s
Fuel-cell system mass representative phase: climb (P_fc_sys=1428.085 kW).

-----------------------
ptotal_climb: 1,900 kW, mtom_est: 7,857 kg, mtom: 7,454 kg, residual: +403.05 kg

MTOM update: fixed_point_prebracket, relax=1.000 -> mtom_next=7,776.31 kg

======================================================
======================= ITER 7 =======================
Reynolds_number: 7,216,330
Stack prop output power: 337 kW, Pcomp: 24.3 kW
Cell efficiency: 0.295, Output efficiency: 0.261
mdot_h2: 8.69 g/s
Reynolds_number: 7,216,330
Stack prop output power: 351 kW, Pcomp: 25.2 kW
Cell efficiency: 0.295, Output efficiency: 0.261
mdot_h2: 9.04 g/s
Reynolds_number: 7,216,330
Stack prop output power: 352 kW, Pcomp: 25.3 kW
Cell efficiency: 0.295, Output efficiency: 0.261
mdot_h2: 9.06 g/s
Reynolds_number: 7,216,330
Stack prop output power: 704 kW, Pcomp: 6.5 kW
Cell efficiency: 0.265, Output efficiency: 0.249
mdot_h2: 19.00 g/s
Reynolds_number: 7,216,330
Stack prop output power: 745 kW, Pcomp: 6.8 kW
Cell efficiency: 0.265, Output efficiency: 0.249
mdot_h2: 20.10 g/s
Reynolds_number: 6,709,346
Stack prop output power: 686 kW, Pcomp: 6.0 kW
Cell efficiency: 0.305, Output efficiency: 0.287
mdot_h2: 16.09 g/s
Reynolds_number: 6,709,346
Stack prop output power: 726 kW, Pcomp: 6.3 kW
Cell efficiency: 0.305, Output efficiency: 0.287
mdot_h2: 17.02 g/s
Reynolds_number: 7,216,330
Stack prop output power: 337 kW, Pcomp: 24.3 kW
Cell efficiency: 0.295, Output efficiency: 0.261
mdot_h2: 8.69 g/s
Reynolds_number: 7,216,330
Stack prop output power: 351 kW, Pcomp: 25.2 kW
Cell efficiency: 0.295, Output efficiency: 0.261
mdot_h2: 9.04 g/s
Reynolds_number: 7,216,330
Stack prop output power: 352 kW, Pcomp: 25.3 kW
Cell efficiency: 0.295, Output efficiency: 0.261
mdot_h2: 9.06 g/s
Fuel-cell system mass representative phase: climb (P_fc_sys=1489.854 kW).

-----------------------
ptotal_climb: 1,982 kW, mtom_est: 8,076 kg, mtom: 7,776 kg, residual: +300.16 kg

MTOM update: fixed_point_prebracket, relax=1.000 -> mtom_next=8,016.43 kg

======================================================
======================= ITER 8 =======================
Reynolds_number: 7,216,330
Stack prop output power: 352 kW, Pcomp: 25.3 kW
Cell efficiency: 0.295, Output efficiency: 0.261
mdot_h2: 9.06 g/s
Reynolds_number: 7,216,330
Stack prop output power: 362 kW, Pcomp: 26.0 kW
Cell efficiency: 0.295, Output efficiency: 0.261
mdot_h2: 9.32 g/s
Reynolds_number: 7,216,330
Stack prop output power: 362 kW, Pcomp: 26.1 kW
Cell efficiency: 0.295, Output efficiency: 0.261
mdot_h2: 9.34 g/s
Reynolds_number: 7,216,330
Stack prop output power: 737 kW, Pcomp: 6.8 kW
Cell efficiency: 0.265, Output efficiency: 0.249
mdot_h2: 19.90 g/s
Reynolds_number: 7,216,330
Stack prop output power: 768 kW, Pcomp: 7.1 kW
Cell efficiency: 0.265, Output efficiency: 0.249
mdot_h2: 20.72 g/s
Reynolds_number: 6,709,346
Stack prop output power: 719 kW, Pcomp: 6.3 kW
Cell efficiency: 0.305, Output efficiency: 0.287
mdot_h2: 16.86 g/s
Reynolds_number: 6,709,346
Stack prop output power: 748 kW, Pcomp: 6.5 kW
Cell efficiency: 0.305, Output efficiency: 0.287
mdot_h2: 17.55 g/s
Reynolds_number: 7,216,330
Stack prop output power: 352 kW, Pcomp: 25.3 kW
Cell efficiency: 0.295, Output efficiency: 0.261
mdot_h2: 9.06 g/s
Reynolds_number: 7,216,330
Stack prop output power: 362 kW, Pcomp: 26.0 kW
Cell efficiency: 0.295, Output efficiency: 0.261
mdot_h2: 9.32 g/s
Reynolds_number: 7,216,330
Stack prop output power: 362 kW, Pcomp: 26.1 kW
Cell efficiency: 0.295, Output efficiency: 0.261
mdot_h2: 9.34 g/s
Fuel-cell system mass representative phase: climb (P_fc_sys=1535.861 kW).

-----------------------
ptotal_climb: 2,043 kW, mtom_est: 8,241 kg, mtom: 8,016 kg, residual: +224.88 kg

MTOM update: newton_prebracket, relax=1.000 -> mtom_next=8,733.77 kg

======================================================
======================= ITER 9 =======================
Reynolds_number: 7,216,330
Stack prop output power: 362 kW, Pcomp: 26.1 kW
Cell efficiency: 0.295, Output efficiency: 0.261
mdot_h2: 9.34 g/s
Reynolds_number: 7,216,330
Stack prop output power: 393 kW, Pcomp: 28.3 kW
Cell efficiency: 0.295, Output efficiency: 0.261
mdot_h2: 10.12 g/s
Reynolds_number: 7,216,330
Stack prop output power: 395 kW, Pcomp: 28.4 kW
Cell efficiency: 0.295, Output efficiency: 0.261
mdot_h2: 10.18 g/s
Reynolds_number: 7,216,330
Stack prop output power: 745 kW, Pcomp: 6.8 kW
Cell efficiency: 0.265, Output efficiency: 0.249
mdot_h2: 20.11 g/s
Reynolds_number: 7,216,330
Stack prop output power: 836 kW, Pcomp: 7.7 kW
Cell efficiency: 0.265, Output efficiency: 0.249
mdot_h2: 22.56 g/s
Reynolds_number: 7,216,330
Stack prop output power: 837 kW, Pcomp: 7.7 kW
Cell efficiency: 0.265, Output efficiency: 0.249
mdot_h2: 22.58 g/s
Reynolds_number: 6,709,346
Stack prop output power: 727 kW, Pcomp: 6.3 kW
Cell efficiency: 0.305, Output efficiency: 0.287
mdot_h2: 17.04 g/s
Reynolds_number: 6,709,346
Stack prop output power: 815 kW, Pcomp: 7.1 kW
Cell efficiency: 0.305, Output efficiency: 0.287
mdot_h2: 19.11 g/s
Reynolds_number: 6,709,346
Stack prop output power: 816 kW, Pcomp: 7.1 kW
Cell efficiency: 0.305, Output efficiency: 0.287
mdot_h2: 19.13 g/s
Reynolds_number: 7,216,330
Stack prop output power: 362 kW, Pcomp: 26.1 kW
Cell efficiency: 0.295, Output efficiency: 0.261
mdot_h2: 9.34 g/s
Reynolds_number: 7,216,330
Stack prop output power: 393 kW, Pcomp: 28.3 kW
Cell efficiency: 0.295, Output efficiency: 0.261
mdot_h2: 10.12 g/s
Reynolds_number: 7,216,330
Stack prop output power: 395 kW, Pcomp: 28.4 kW
Cell efficiency: 0.295, Output efficiency: 0.261
mdot_h2: 10.18 g/s
Fuel-cell system mass representative phase: climb (P_fc_sys=1673.301 kW).

-----------------------
ptotal_climb: 2,226 kW, mtom_est: 8,736 kg, mtom: 8,734 kg, residual: +2.28 kg


CONVERGED

CONVERGED STATE [MTOM iteration 9]
  MTOM=8,736 kg | Wing loading=225.67 kg/m^2 | P/W(climb)=254.80 W/kg
  Phase power: climb=2,225.9 kW | cruise=789.8 kW | takeoff=2,170.5 kW | cruise+charger=789.8 kW
  Power split (climb): FC=1,657.9 kW | Battery=552.6 kW | Compressor=15.4 kW | Cooling=760.7 kW | H2=45.161 g/s
  Compressor max across phases: 56.8 kW (cruise)
  FC representative phase (mass sizing): climb (1,673.3 kW)
  Mass summary: MTOM=8,736 kg | Powertrain=3,334 kg | Tank=675.3 kg | Fuel=300.1 kg | Battery=37.4 kg | Nacelle power density=0.59 kW/kg
  Geometry: Main wing area=38.71 m^2 | Horizontal tail area=6.536 m^2 | Horizontal tail location=12.704 m | Vertical tail area=6.760 m^2 | Vertical tail location=12.031 m
  Config: wing loading input=225.61 kg/m^2 | P/W TO/Cl/Cr=0.18089/0.18545/0.06102 kW/kg

=============================================================
========================= CONVERGED =========================
=============================================================
Constraint sizing: ENABLED (min_combined_pw)
Input W/S: 225.61 kg/m^2 (2,212.5 Pa)
Input P/W [kW/kg]: takeoff 0.18089, climb 0.18545, cruise 0.06102
-------------------------------------------------------------

Mission Time
Climb time: 0.00 min (0.00 h)
Cruise time: 241.31 min (4.02 h)
Total flight time: 263.31 min (4.39 h)

Phase Power Breakdown
Phase      Time[min]     Total[kW]    FC Stack[kW]   Battery[kW]   Compressor[kW]   Cooling[kW]
-----------------------------------------------------------------------------------------------
ready           0.00         111.3           111.3           0.0              0.0           0.0
taxi            5.00         222.6           222.6           0.0              0.0           0.0
takeoff         1.00       2,170.5         1,617.2         539.1             14.2         611.8
climb           0.00       2,225.9         1,657.9         552.6             15.4         760.7
cruise        241.31         789.8           733.0           0.0             56.8         330.2
loiter         15.00          79.0            73.3           0.0              5.7          33.0
landing         1.00           0.0             0.0           0.0              0.0           0.0

Pcomp_max (solved phases): 56.8 kW (cruise)
Pnet (climb): 2,010 kW
Pelectricnet (climb): 2,211 kW
eta_pt: 0.9031

Geometry
S_wing: 38.71 m^2
b_wing: 18.67 m
Lfus: 15.03 m
Ltank: 6.02 m
S_HT: 6.54 m^2
S_VT: 6.76 m^2
b_HT: 5.42 m
b_VT: 3.58 m
X_HT_act: 12.70 m
X_VT_act: 12.03 m

One Nacelle (1/2)
Stack(1/2): 509 kg, Compressor: 46 kg, Humidifier: 228 kg, HX: 640 kg
W_FCS_single_nacelle (W_Stack+W_Compressor+W_Humidifier+W_Hx): 1,423 kg
Representative FC phase: climb
Specific Power of Nacelle System: 0.588 kW/kg
dim_hx: dX=1.905 m, dY=1.905 m, dZ=0.197 m
dim_stack: dX=0.407 m, dY=0.374 m, dZ=0.374 m

ALL Nacelles
W_FCS_total: 2,847 kg
W_PMAD: 194 kg
W_Motors: 293 kg

-----------------------
W_Powertrain (W_FCS_total+W_PMAD+W_Motors): 3,334 kg
-----------------------
W_wing: 680 kg
W_Htail: 52 kg
W_Vtail: 85 kg
W_fuselage: 426 kg
W_lnd_gear_main: 243 kg
W_lnd_gear_nose: 65 kg
W_flight_control: 366 kg
W_electric_system: 300 kg
W_iae: 120 kg
W_hydraulics: 105 kg
W_fur: 448 kg
-----------------------
OEM: 2,890 kg
-----------------------
W_tank: 675 kg
W_fuel: 300.1 kg
W_batt: 37.4 kg
-----------------------
W_payload: 1,500 kg
-----------------------
MTOM_grouped (OEM+W_tank+W_fuel+W_batt+W_Powertrain+W_payload): 8,736 kg
MTOM: 8,736 kg
-----------------------

Wing loading (MTOM/S_wing): 225.67 kg/m^2
Power-to-weight (converged): 254.80 W/kg

mdot_H2(cruise): 20.4 g/s
Vtankex: 12.9 m^3
========================== END ==============================


=============================================================
Execution time: 101.1 seconds
=============================================================
