Auto-widening W/S scan window for min_combined_pw: 1900.0..2600.0 -> 1725.0..2775.0 Pa (factor 1.500, lower_hit=True, upper_hit=False, min_on_edge=False).
Auto-widening W/S scan window for min_combined_pw: 1725.0..2775.0 -> 1462.5..3037.5 Pa (factor 1.500, lower_hit=True, upper_hit=False, min_on_edge=False).
ADRpy constraint sizing (min_combined_pw): W/S=2212.5 Pa (225.61 kg/m^2), P/W_TO=0.18089 kW/kg, P/W_climb=0.18531 kW/kg, P/W_cruise=0.10256 kW/kg
Curve minimum (combined/combined): W/S=2212.5 Pa (225.61 kg/m^2), P/W=0.18531 kW/kg
Curve minimum (takeoff/take-off): W/S=1462.5 Pa (149.13 kg/m^2), P/W=0.10196 kW/kg
Curve minimum (climb/climb): W/S=2312.5 Pa (235.81 kg/m^2), P/W=0.18403 kW/kg
Curve minimum (cruise/cruise): W/S=2312.5 Pa (235.81 kg/m^2), P/W=0.10014 kW/kg
======================================================
======================= ITER 1 =======================
Reynolds_number: 10,093,728
Stack prop output power: 500 kW, Pcomp: 36.0 kW
Cell efficiency: 0.298, Output efficiency: 0.264
mdot_h2: 12.75 g/s
Reynolds_number: 10,093,728
Stack prop output power: 389 kW, Pcomp: 28.0 kW
Cell efficiency: 0.298, Output efficiency: 0.264
mdot_h2: 9.91 g/s
Reynolds_number: 10,093,728
Stack prop output power: 381 kW, Pcomp: 27.4 kW
Cell efficiency: 0.298, Output efficiency: 0.264
mdot_h2: 9.71 g/s
Reynolds_number: 10,093,728
Stack prop output power: 380 kW, Pcomp: 27.4 kW
Cell efficiency: 0.298, Output efficiency: 0.264
mdot_h2: 9.69 g/s
Reynolds_number: 10,093,728
Stack prop output power: 342 kW, Pcomp: 3.1 kW
Cell efficiency: 0.269, Output efficiency: 0.253
mdot_h2: 9.09 g/s
Reynolds_number: 10,093,728
Stack prop output power: 477 kW, Pcomp: 4.4 kW
Cell efficiency: 0.269, Output efficiency: 0.253
mdot_h2: 12.69 g/s
Reynolds_number: 10,093,728
Stack prop output power: 479 kW, Pcomp: 4.4 kW
Cell efficiency: 0.269, Output efficiency: 0.253
mdot_h2: 12.73 g/s
Reynolds_number: 6,709,346
Stack prop output power: 346 kW, Pcomp: 3.0 kW
Cell efficiency: 0.305, Output efficiency: 0.287
mdot_h2: 8.11 g/s
Reynolds_number: 6,709,346
Stack prop output power: 466 kW, Pcomp: 4.1 kW
Cell efficiency: 0.305, Output efficiency: 0.287
mdot_h2: 10.93 g/s
Reynolds_number: 6,709,346
Stack prop output power: 467 kW, Pcomp: 4.1 kW
Cell efficiency: 0.305, Output efficiency: 0.287
mdot_h2: 10.95 g/s
Reynolds_number: 10,093,728
Stack prop output power: 500 kW, Pcomp: 36.0 kW
Cell efficiency: 0.298, Output efficiency: 0.264
mdot_h2: 12.75 g/s
Reynolds_number: 10,093,728
Stack prop output power: 389 kW, Pcomp: 28.0 kW
Cell efficiency: 0.298, Output efficiency: 0.264
mdot_h2: 9.91 g/s
Reynolds_number: 10,093,728
Stack prop output power: 381 kW, Pcomp: 27.4 kW
Cell efficiency: 0.298, Output efficiency: 0.264
mdot_h2: 9.71 g/s
Reynolds_number: 10,093,728
Stack prop output power: 380 kW, Pcomp: 27.4 kW
Cell efficiency: 0.298, Output efficiency: 0.264
mdot_h2: 9.69 g/s
Fuel-cell system mass representative phase: climb (P_fc_sys=957.205 kW).

-----------------------
ptotal_climb: 1,273 kW, mtom_est: 5,359 kg, mtom: 5,000 kg, residual: +359.45 kg

MTOM update: initial_bracket_probe_1, relax=1.000 -> mtom_next=5,325.00 kg

======================================================
======================= ITER 2 =======================
Reynolds_number: 10,093,728
Stack prop output power: 380 kW, Pcomp: 27.4 kW
Cell efficiency: 0.298, Output efficiency: 0.264
mdot_h2: 9.69 g/s
Reynolds_number: 10,093,728
Stack prop output power: 403 kW, Pcomp: 29.0 kW
Cell efficiency: 0.298, Output efficiency: 0.264
mdot_h2: 10.28 g/s
Reynolds_number: 10,093,728
Stack prop output power: 405 kW, Pcomp: 29.2 kW
Cell efficiency: 0.298, Output efficiency: 0.264
mdot_h2: 10.32 g/s
Reynolds_number: 10,093,728
Stack prop output power: 468 kW, Pcomp: 4.3 kW
Cell efficiency: 0.269, Output efficiency: 0.253
mdot_h2: 12.45 g/s
Reynolds_number: 10,093,728
Stack prop output power: 509 kW, Pcomp: 4.7 kW
Cell efficiency: 0.269, Output efficiency: 0.253
mdot_h2: 13.54 g/s
Reynolds_number: 6,709,346
Stack prop output power: 457 kW, Pcomp: 4.0 kW
Cell efficiency: 0.305, Output efficiency: 0.287
mdot_h2: 10.72 g/s
Reynolds_number: 6,709,346
Stack prop output power: 497 kW, Pcomp: 4.3 kW
Cell efficiency: 0.305, Output efficiency: 0.287
mdot_h2: 11.65 g/s
Reynolds_number: 10,093,728
Stack prop output power: 380 kW, Pcomp: 27.4 kW
Cell efficiency: 0.298, Output efficiency: 0.264
mdot_h2: 9.69 g/s
Reynolds_number: 10,093,728
Stack prop output power: 403 kW, Pcomp: 29.0 kW
Cell efficiency: 0.298, Output efficiency: 0.264
mdot_h2: 10.28 g/s
Reynolds_number: 10,093,728
Stack prop output power: 405 kW, Pcomp: 29.2 kW
Cell efficiency: 0.298, Output efficiency: 0.264
mdot_h2: 10.32 g/s
Fuel-cell system mass representative phase: climb (P_fc_sys=1019.416 kW).

-----------------------
ptotal_climb: 1,356 kW, mtom_est: 5,572 kg, mtom: 5,325 kg, residual: +246.97 kg

MTOM update: initial_bracket_probe_2, relax=1.000 -> mtom_next=5,650.00 kg

======================================================
======================= ITER 3 =======================
Reynolds_number: 10,093,728
Stack prop output power: 405 kW, Pcomp: 29.2 kW
Cell efficiency: 0.298, Output efficiency: 0.264
mdot_h2: 10.32 g/s
Reynolds_number: 10,093,728
Stack prop output power: 428 kW, Pcomp: 30.8 kW
Cell efficiency: 0.298, Output efficiency: 0.264
mdot_h2: 10.91 g/s
Reynolds_number: 10,093,728
Stack prop output power: 429 kW, Pcomp: 30.9 kW
Cell efficiency: 0.298, Output efficiency: 0.264
mdot_h2: 10.95 g/s
Reynolds_number: 10,093,728
Stack prop output power: 499 kW, Pcomp: 4.6 kW
Cell efficiency: 0.269, Output efficiency: 0.253
mdot_h2: 13.28 g/s
Reynolds_number: 10,093,728
Stack prop output power: 540 kW, Pcomp: 5.0 kW
Cell efficiency: 0.269, Output efficiency: 0.253
mdot_h2: 14.37 g/s
Reynolds_number: 6,709,346
Stack prop output power: 487 kW, Pcomp: 4.2 kW
Cell efficiency: 0.305, Output efficiency: 0.287
mdot_h2: 11.43 g/s
Reynolds_number: 6,709,346
Stack prop output power: 527 kW, Pcomp: 4.6 kW
Cell efficiency: 0.305, Output efficiency: 0.287
mdot_h2: 12.37 g/s
Reynolds_number: 10,093,728
Stack prop output power: 405 kW, Pcomp: 29.2 kW
Cell efficiency: 0.298, Output efficiency: 0.264
mdot_h2: 10.32 g/s
Reynolds_number: 10,093,728
Stack prop output power: 428 kW, Pcomp: 30.8 kW
Cell efficiency: 0.298, Output efficiency: 0.264
mdot_h2: 10.91 g/s
Reynolds_number: 10,093,728
Stack prop output power: 429 kW, Pcomp: 30.9 kW
Cell efficiency: 0.298, Output efficiency: 0.264
mdot_h2: 10.95 g/s
Fuel-cell system mass representative phase: climb (P_fc_sys=1081.634 kW).

-----------------------
ptotal_climb: 1,439 kW, mtom_est: 5,787 kg, mtom: 5,650 kg, residual: +136.83 kg

MTOM update: fixed_point_prebracket, relax=1.000 -> mtom_next=5,759.46 kg

======================================================
======================= ITER 4 =======================
Reynolds_number: 10,093,728
Stack prop output power: 429 kW, Pcomp: 30.9 kW
Cell efficiency: 0.298, Output efficiency: 0.264
mdot_h2: 10.95 g/s
Reynolds_number: 10,093,728
Stack prop output power: 437 kW, Pcomp: 31.5 kW
Cell efficiency: 0.298, Output efficiency: 0.264
mdot_h2: 11.15 g/s
Reynolds_number: 10,093,728
Stack prop output power: 438 kW, Pcomp: 31.5 kW
Cell efficiency: 0.298, Output efficiency: 0.264
mdot_h2: 11.16 g/s
Reynolds_number: 10,093,728
Stack prop output power: 537 kW, Pcomp: 4.9 kW
Cell efficiency: 0.269, Output efficiency: 0.253
mdot_h2: 14.29 g/s
Reynolds_number: 10,093,728
Stack prop output power: 551 kW, Pcomp: 5.0 kW
Cell efficiency: 0.269, Output efficiency: 0.253
mdot_h2: 14.66 g/s
Reynolds_number: 6,709,346
Stack prop output power: 524 kW, Pcomp: 4.6 kW
Cell efficiency: 0.305, Output efficiency: 0.287
mdot_h2: 12.29 g/s
Reynolds_number: 6,709,346
Stack prop output power: 538 kW, Pcomp: 4.7 kW
Cell efficiency: 0.305, Output efficiency: 0.287
mdot_h2: 12.61 g/s
Reynolds_number: 10,093,728
Stack prop output power: 429 kW, Pcomp: 30.9 kW
Cell efficiency: 0.298, Output efficiency: 0.264
mdot_h2: 10.95 g/s
Reynolds_number: 10,093,728
Stack prop output power: 437 kW, Pcomp: 31.5 kW
Cell efficiency: 0.298, Output efficiency: 0.264
mdot_h2: 11.15 g/s
Reynolds_number: 10,093,728
Stack prop output power: 438 kW, Pcomp: 31.5 kW
Cell efficiency: 0.298, Output efficiency: 0.264
mdot_h2: 11.16 g/s
Fuel-cell system mass representative phase: climb (P_fc_sys=1102.595 kW).

-----------------------
ptotal_climb: 1,467 kW, mtom_est: 5,863 kg, mtom: 5,759 kg, residual: +103.91 kg

MTOM update: fixed_point_prebracket, relax=1.000 -> mtom_next=5,842.59 kg

======================================================
======================= ITER 5 =======================
Reynolds_number: 10,093,728
Stack prop output power: 438 kW, Pcomp: 31.5 kW
Cell efficiency: 0.298, Output efficiency: 0.264
mdot_h2: 11.16 g/s
Reynolds_number: 10,093,728
Stack prop output power: 444 kW, Pcomp: 32.0 kW
Cell efficiency: 0.298, Output efficiency: 0.264
mdot_h2: 11.31 g/s
Reynolds_number: 10,093,728
Stack prop output power: 549 kW, Pcomp: 5.0 kW
Cell efficiency: 0.269, Output efficiency: 0.253
mdot_h2: 14.59 g/s
Reynolds_number: 10,093,728
Stack prop output power: 559 kW, Pcomp: 5.1 kW
Cell efficiency: 0.269, Output efficiency: 0.253
mdot_h2: 14.87 g/s
Reynolds_number: 6,709,346
Stack prop output power: 535 kW, Pcomp: 4.7 kW
Cell efficiency: 0.305, Output efficiency: 0.287
mdot_h2: 12.55 g/s
Reynolds_number: 6,709,346
Stack prop output power: 546 kW, Pcomp: 4.8 kW
Cell efficiency: 0.305, Output efficiency: 0.287
mdot_h2: 12.79 g/s
Reynolds_number: 10,093,728
Stack prop output power: 438 kW, Pcomp: 31.5 kW
Cell efficiency: 0.298, Output efficiency: 0.264
mdot_h2: 11.16 g/s
Reynolds_number: 10,093,728
Stack prop output power: 444 kW, Pcomp: 32.0 kW
Cell efficiency: 0.298, Output efficiency: 0.264
mdot_h2: 11.31 g/s
Fuel-cell system mass representative phase: climb (P_fc_sys=1118.510 kW).

-----------------------
ptotal_climb: 1,488 kW, mtom_est: 5,911 kg, mtom: 5,843 kg, residual: +68.06 kg

MTOM update: fixed_point_prebracket, relax=1.000 -> mtom_next=5,897.04 kg

======================================================
======================= ITER 6 =======================
Reynolds_number: 10,093,728
Stack prop output power: 444 kW, Pcomp: 32.0 kW
Cell efficiency: 0.298, Output efficiency: 0.264
mdot_h2: 11.32 g/s
Reynolds_number: 10,093,728
Stack prop output power: 448 kW, Pcomp: 32.3 kW
Cell efficiency: 0.298, Output efficiency: 0.264
mdot_h2: 11.42 g/s
Reynolds_number: 10,093,728
Stack prop output power: 558 kW, Pcomp: 5.1 kW
Cell efficiency: 0.269, Output efficiency: 0.253
mdot_h2: 14.83 g/s
Reynolds_number: 10,093,728
Stack prop output power: 564 kW, Pcomp: 5.2 kW
Cell efficiency: 0.269, Output efficiency: 0.253
mdot_h2: 15.01 g/s
Reynolds_number: 6,709,346
Stack prop output power: 544 kW, Pcomp: 4.7 kW
Cell efficiency: 0.305, Output efficiency: 0.287
mdot_h2: 12.76 g/s
Reynolds_number: 6,709,346
Stack prop output power: 551 kW, Pcomp: 4.8 kW
Cell efficiency: 0.305, Output efficiency: 0.287
mdot_h2: 12.91 g/s
Reynolds_number: 10,093,728
Stack prop output power: 444 kW, Pcomp: 32.0 kW
Cell efficiency: 0.298, Output efficiency: 0.264
mdot_h2: 11.32 g/s
Reynolds_number: 10,093,728
Stack prop output power: 448 kW, Pcomp: 32.3 kW
Cell efficiency: 0.298, Output efficiency: 0.264
mdot_h2: 11.42 g/s
Fuel-cell system mass representative phase: climb (P_fc_sys=1128.934 kW).

-----------------------
ptotal_climb: 1,502 kW, mtom_est: 5,951 kg, mtom: 5,897 kg, residual: +54.35 kg

MTOM update: fixed_point_prebracket, relax=1.000 -> mtom_next=5,940.52 kg

======================================================
======================= ITER 7 =======================
Reynolds_number: 10,093,728
Stack prop output power: 448 kW, Pcomp: 32.3 kW
Cell efficiency: 0.298, Output efficiency: 0.264
mdot_h2: 11.43 g/s
Reynolds_number: 10,093,728
Stack prop output power: 451 kW, Pcomp: 32.5 kW
Cell efficiency: 0.298, Output efficiency: 0.264
mdot_h2: 11.51 g/s
Reynolds_number: 10,093,728
Stack prop output power: 563 kW, Pcomp: 5.2 kW
Cell efficiency: 0.269, Output efficiency: 0.253
mdot_h2: 14.97 g/s
Reynolds_number: 10,093,728
Stack prop output power: 569 kW, Pcomp: 5.2 kW
Cell efficiency: 0.269, Output efficiency: 0.253
mdot_h2: 15.12 g/s
Reynolds_number: 6,709,346
Stack prop output power: 549 kW, Pcomp: 4.8 kW
Cell efficiency: 0.305, Output efficiency: 0.287
mdot_h2: 12.88 g/s
Reynolds_number: 6,709,346
Stack prop output power: 555 kW, Pcomp: 4.8 kW
Cell efficiency: 0.305, Output efficiency: 0.287
mdot_h2: 13.01 g/s
Reynolds_number: 10,093,728
Stack prop output power: 448 kW, Pcomp: 32.3 kW
Cell efficiency: 0.298, Output efficiency: 0.264
mdot_h2: 11.43 g/s
Reynolds_number: 10,093,728
Stack prop output power: 451 kW, Pcomp: 32.5 kW
Cell efficiency: 0.298, Output efficiency: 0.264
mdot_h2: 11.51 g/s
Fuel-cell system mass representative phase: climb (P_fc_sys=1137.258 kW).

-----------------------
ptotal_climb: 1,513 kW, mtom_est: 5,980 kg, mtom: 5,941 kg, residual: +39.00 kg

MTOM update: fixed_point_prebracket, relax=1.000 -> mtom_next=5,971.72 kg

======================================================
======================= ITER 8 =======================
Reynolds_number: 10,093,728
Stack prop output power: 452 kW, Pcomp: 32.5 kW
Cell efficiency: 0.298, Output efficiency: 0.264
mdot_h2: 11.51 g/s
Reynolds_number: 10,093,728
Stack prop output power: 454 kW, Pcomp: 32.7 kW
Cell efficiency: 0.298, Output efficiency: 0.264
mdot_h2: 11.57 g/s
Reynolds_number: 10,093,728
Stack prop output power: 568 kW, Pcomp: 5.2 kW
Cell efficiency: 0.269, Output efficiency: 0.253
mdot_h2: 15.10 g/s
Reynolds_number: 10,093,728
Stack prop output power: 572 kW, Pcomp: 5.2 kW
Cell efficiency: 0.269, Output efficiency: 0.253
mdot_h2: 15.20 g/s
Reynolds_number: 6,709,346
Stack prop output power: 554 kW, Pcomp: 4.8 kW
Cell efficiency: 0.305, Output efficiency: 0.287
mdot_h2: 12.99 g/s
Reynolds_number: 6,709,346
Stack prop output power: 558 kW, Pcomp: 4.9 kW
Cell efficiency: 0.305, Output efficiency: 0.287
mdot_h2: 13.08 g/s
Reynolds_number: 10,093,728
Stack prop output power: 452 kW, Pcomp: 32.5 kW
Cell efficiency: 0.298, Output efficiency: 0.264
mdot_h2: 11.51 g/s
Reynolds_number: 10,093,728
Stack prop output power: 454 kW, Pcomp: 32.7 kW
Cell efficiency: 0.298, Output efficiency: 0.264
mdot_h2: 11.57 g/s
Fuel-cell system mass representative phase: climb (P_fc_sys=1143.231 kW).

-----------------------
ptotal_climb: 1,521 kW, mtom_est: 6,001 kg, mtom: 5,972 kg, residual: +29.74 kg

MTOM update: newton_prebracket, relax=1.000 -> mtom_next=6,071.88 kg

======================================================
======================= ITER 9 =======================
Reynolds_number: 10,093,728
Stack prop output power: 454 kW, Pcomp: 32.7 kW
Cell efficiency: 0.298, Output efficiency: 0.264
mdot_h2: 11.57 g/s
Reynolds_number: 10,093,728
Stack prop output power: 461 kW, Pcomp: 33.2 kW
Cell efficiency: 0.298, Output efficiency: 0.264
mdot_h2: 11.75 g/s
Reynolds_number: 10,093,728
Stack prop output power: 461 kW, Pcomp: 33.3 kW
Cell efficiency: 0.298, Output efficiency: 0.264
mdot_h2: 11.77 g/s
Reynolds_number: 10,093,728
Stack prop output power: 568 kW, Pcomp: 5.2 kW
Cell efficiency: 0.269, Output efficiency: 0.253
mdot_h2: 15.12 g/s
Reynolds_number: 10,093,728
Stack prop output power: 581 kW, Pcomp: 5.3 kW
Cell efficiency: 0.269, Output efficiency: 0.253
mdot_h2: 15.45 g/s
Reynolds_number: 6,709,346
Stack prop output power: 555 kW, Pcomp: 4.8 kW
Cell efficiency: 0.305, Output efficiency: 0.287
mdot_h2: 13.01 g/s
Reynolds_number: 6,709,346
Stack prop output power: 567 kW, Pcomp: 4.9 kW
Cell efficiency: 0.305, Output efficiency: 0.287
mdot_h2: 13.30 g/s
Reynolds_number: 10,093,728
Stack prop output power: 454 kW, Pcomp: 32.7 kW
Cell efficiency: 0.298, Output efficiency: 0.264
mdot_h2: 11.57 g/s
Reynolds_number: 10,093,728
Stack prop output power: 461 kW, Pcomp: 33.2 kW
Cell efficiency: 0.298, Output efficiency: 0.264
mdot_h2: 11.75 g/s
Reynolds_number: 10,093,728
Stack prop output power: 461 kW, Pcomp: 33.3 kW
Cell efficiency: 0.298, Output efficiency: 0.264
mdot_h2: 11.77 g/s
Fuel-cell system mass representative phase: climb (P_fc_sys=1162.405 kW).

-----------------------
ptotal_climb: 1,546 kW, mtom_est: 6,067 kg, mtom: 6,072 kg, residual: -4.93 kg


CONVERGED

CONVERGED STATE [MTOM iteration 9]
  MTOM=6,067 kg | Wing loading=225.43 kg/m^2 | P/W(climb)=254.88 W/kg
  Phase power: climb=1,546.3 kW | cruise=923.0 kW | takeoff=1,509.0 kW | cruise+charger=923.0 kW
  Power split (climb): FC=1,151.8 kW | Battery=383.9 kW | Compressor=10.6 kW | Cooling=518.1 kW | H2=30.906 g/s
  Compressor max across phases: 66.5 kW (cruise)
  FC representative phase (mass sizing): climb (1,162.4 kW)
  Mass summary: MTOM=6,067 kg | Powertrain=2,054 kg | Tank=545.0 kg | Fuel=242.2 kg | Battery=26.0 kg | Nacelle power density=0.68 kW/kg
  Geometry: Main wing area=26.91 m^2 | Horizontal tail area=3.994 m^2 | Horizontal tail location=11.919 m | Vertical tail area=4.054 m^2 | Vertical tail location=11.478 m
  Config: wing loading input=225.61 kg/m^2 | P/W TO/Cl/Cr=0.18089/0.18531/0.10256 kW/kg

=============================================================
========================= CONVERGED =========================
=============================================================
Constraint sizing: ENABLED (min_combined_pw)
Input W/S: 225.61 kg/m^2 (2,212.5 Pa)
Input P/W [kW/kg]: takeoff 0.18089, climb 0.18531, cruise 0.10256
-------------------------------------------------------------

Mission Time
Climb time: 0.00 min (0.00 h)
Cruise time: 168.24 min (2.80 h)
Total flight time: 190.24 min (3.17 h)

Phase Power Breakdown
Phase      Time[min]     Total[kW]    FC Stack[kW]   Battery[kW]   Compressor[kW]   Cooling[kW]
-----------------------------------------------------------------------------------------------
ready           0.00          77.3            77.3           0.0              0.0           0.0
taxi            5.00         154.6           154.6           0.0              0.0           0.0
takeoff         1.00       1,509.0         1,124.3         374.8              9.9         425.4
climb           0.00       1,546.3         1,151.8         383.9             10.6         518.1
cruise        168.24         923.0           856.5           0.0             66.5         380.1
loiter         15.00          92.3            85.6           0.0              6.7          38.0
landing         1.00           0.0             0.0           0.0              0.0           0.0

Pcomp_max (solved phases): 66.5 kW (cruise)
Pnet (climb): 1,396 kW
Pelectricnet (climb): 1,536 kW
eta_pt: 0.9031

Geometry
S_wing: 26.91 m^2
b_wing: 15.56 m
Lfus: 13.86 m
Ltank: 4.85 m
S_HT: 3.99 m^2
S_VT: 4.05 m^2
b_HT: 4.24 m
b_VT: 2.78 m
X_HT_act: 11.92 m
X_VT_act: 11.48 m

One Nacelle (1/2)
Stack(1/2): 349 kg, Compressor: 27 kg, Humidifier: 151 kg, HX: 331 kg
W_FCS_single_nacelle (W_Stack+W_Compressor+W_Humidifier+W_Hx): 858 kg
Representative FC phase: climb
Specific Power of Nacelle System: 0.677 kW/kg
dim_hx: dX=1.317 m, dY=1.317 m, dZ=0.213 m
dim_stack: dX=0.401 m, dY=0.311 m, dZ=0.311 m

ALL Nacelles
W_FCS_total: 1,716 kg
W_PMAD: 134 kg
W_Motors: 204 kg

-----------------------
W_Powertrain (W_FCS_total+W_PMAD+W_Motors): 2,054 kg
-----------------------
W_wing: 434 kg
W_Htail: 28 kg
W_Vtail: 54 kg
W_fuselage: 429 kg
W_lnd_gear_main: 243 kg
W_lnd_gear_nose: 65 kg
W_flight_control: 366 kg
W_electric_system: 300 kg
W_iae: 88 kg
W_hydraulics: 73 kg
W_fur: 421 kg
-----------------------
OEM: 2,500 kg
-----------------------
W_tank: 545 kg
W_fuel: 242.2 kg
W_batt: 26.0 kg
-----------------------
W_payload: 700 kg
-----------------------
MTOM_grouped (OEM+W_tank+W_fuel+W_batt+W_Powertrain+W_payload): 6,067 kg
MTOM: 6,067 kg
-----------------------

Wing loading (MTOM/S_wing): 225.43 kg/m^2
Power-to-weight (converged): 254.88 W/kg

mdot_H2(cruise): 23.5 g/s
Vtankex: 10.4 m^3
========================== END ==============================


=============================================================
Execution time: 81.6 seconds
=============================================================
