Auto-widening W/S scan window for min_combined_pw: 1900.0..2600.0 -> 1725.0..2775.0 Pa (factor 1.500, lower_hit=True, upper_hit=False, min_on_edge=False).
Auto-widening W/S scan window for min_combined_pw: 1725.0..2775.0 -> 1462.5..3037.5 Pa (factor 1.500, lower_hit=True, upper_hit=False, min_on_edge=False).
ADRpy constraint sizing (min_combined_pw): W/S=2212.5 Pa (225.61 kg/m^2), P/W_TO=0.18089 kW/kg, P/W_climb=0.18599 kW/kg, P/W_cruise=0.13824 kW/kg
Curve minimum (combined/combined): W/S=2212.5 Pa (225.61 kg/m^2), P/W=0.18599 kW/kg
Curve minimum (takeoff/take-off): W/S=1462.5 Pa (149.13 kg/m^2), P/W=0.10196 kW/kg
Curve minimum (climb/climb): W/S=2312.5 Pa (235.81 kg/m^2), P/W=0.18478 kW/kg
Curve minimum (cruise/cruise): W/S=2312.5 Pa (235.81 kg/m^2), P/W=0.13403 kW/kg
======================================================
======================= ITER 1 =======================
Reynolds_number: 11,509,590
Stack prop output power: 500 kW, Pcomp: 36.1 kW
Cell efficiency: 0.300, Output efficiency: 0.266
mdot_h2: 12.67 g/s
Reynolds_number: 11,509,590
Stack prop output power: 511 kW, Pcomp: 36.9 kW
Cell efficiency: 0.300, Output efficiency: 0.266
mdot_h2: 12.96 g/s
Reynolds_number: 11,509,590
Stack prop output power: 512 kW, Pcomp: 37.0 kW
Cell efficiency: 0.300, Output efficiency: 0.266
mdot_h2: 12.98 g/s
Reynolds_number: 11,509,590
Stack prop output power: 341 kW, Pcomp: 3.1 kW
Cell efficiency: 0.271, Output efficiency: 0.255
mdot_h2: 9.00 g/s
Reynolds_number: 11,509,590
Stack prop output power: 479 kW, Pcomp: 4.4 kW
Cell efficiency: 0.271, Output efficiency: 0.255
mdot_h2: 12.63 g/s
Reynolds_number: 11,509,590
Stack prop output power: 480 kW, Pcomp: 4.4 kW
Cell efficiency: 0.271, Output efficiency: 0.255
mdot_h2: 12.66 g/s
Reynolds_number: 6,709,346
Stack prop output power: 346 kW, Pcomp: 3.0 kW
Cell efficiency: 0.305, Output efficiency: 0.287
mdot_h2: 8.11 g/s
Reynolds_number: 6,709,346
Stack prop output power: 466 kW, Pcomp: 4.1 kW
Cell efficiency: 0.305, Output efficiency: 0.287
mdot_h2: 10.93 g/s
Reynolds_number: 6,709,346
Stack prop output power: 467 kW, Pcomp: 4.1 kW
Cell efficiency: 0.305, Output efficiency: 0.287
mdot_h2: 10.95 g/s
Reynolds_number: 11,509,590
Stack prop output power: 500 kW, Pcomp: 36.1 kW
Cell efficiency: 0.300, Output efficiency: 0.266
mdot_h2: 12.67 g/s
Reynolds_number: 11,509,590
Stack prop output power: 511 kW, Pcomp: 36.9 kW
Cell efficiency: 0.300, Output efficiency: 0.266
mdot_h2: 12.96 g/s
Reynolds_number: 11,509,590
Stack prop output power: 512 kW, Pcomp: 37.0 kW
Cell efficiency: 0.300, Output efficiency: 0.266
mdot_h2: 12.98 g/s
Fuel-cell system mass representative phase: cruise (P_fc_sys=1024.567 kW).

-----------------------
ptotal_climb: 1,278 kW, mtom_est: 5,872 kg, mtom: 5,000 kg, residual: +872.25 kg

MTOM update: initial_bracket_probe_1, relax=1.000 -> mtom_next=5,325.00 kg

======================================================
======================= ITER 2 =======================
Reynolds_number: 11,509,590
Stack prop output power: 512 kW, Pcomp: 37.0 kW
Cell efficiency: 0.300, Output efficiency: 0.266
mdot_h2: 12.98 g/s
Reynolds_number: 11,509,590
Stack prop output power: 543 kW, Pcomp: 39.2 kW
Cell efficiency: 0.300, Output efficiency: 0.266
mdot_h2: 13.77 g/s
Reynolds_number: 11,509,590
Stack prop output power: 545 kW, Pcomp: 39.3 kW
Cell efficiency: 0.300, Output efficiency: 0.266
mdot_h2: 13.82 g/s
Reynolds_number: 11,509,590
Stack prop output power: 470 kW, Pcomp: 4.3 kW
Cell efficiency: 0.271, Output efficiency: 0.255
mdot_h2: 12.39 g/s
Reynolds_number: 11,509,590
Stack prop output power: 511 kW, Pcomp: 4.7 kW
Cell efficiency: 0.271, Output efficiency: 0.255
mdot_h2: 13.47 g/s
Reynolds_number: 6,709,346
Stack prop output power: 457 kW, Pcomp: 4.0 kW
Cell efficiency: 0.305, Output efficiency: 0.287
mdot_h2: 10.72 g/s
Reynolds_number: 6,709,346
Stack prop output power: 497 kW, Pcomp: 4.3 kW
Cell efficiency: 0.305, Output efficiency: 0.287
mdot_h2: 11.65 g/s
Reynolds_number: 11,509,590
Stack prop output power: 512 kW, Pcomp: 37.0 kW
Cell efficiency: 0.300, Output efficiency: 0.266
mdot_h2: 12.98 g/s
Reynolds_number: 11,509,590
Stack prop output power: 543 kW, Pcomp: 39.2 kW
Cell efficiency: 0.300, Output efficiency: 0.266
mdot_h2: 13.77 g/s
Reynolds_number: 11,509,590
Stack prop output power: 545 kW, Pcomp: 39.3 kW
Cell efficiency: 0.300, Output efficiency: 0.266
mdot_h2: 13.82 g/s
Fuel-cell system mass representative phase: cruise (P_fc_sys=1091.149 kW).

-----------------------
ptotal_climb: 1,361 kW, mtom_est: 6,099 kg, mtom: 5,325 kg, residual: +773.94 kg

MTOM update: initial_bracket_probe_2, relax=1.000 -> mtom_next=5,650.00 kg

======================================================
======================= ITER 3 =======================
Reynolds_number: 11,509,590
Stack prop output power: 546 kW, Pcomp: 39.4 kW
Cell efficiency: 0.300, Output efficiency: 0.266
mdot_h2: 13.83 g/s
Reynolds_number: 11,509,590
Stack prop output power: 576 kW, Pcomp: 41.6 kW
Cell efficiency: 0.300, Output efficiency: 0.266
mdot_h2: 14.61 g/s
Reynolds_number: 11,509,590
Stack prop output power: 579 kW, Pcomp: 41.8 kW
Cell efficiency: 0.300, Output efficiency: 0.266
mdot_h2: 14.67 g/s
Reynolds_number: 11,509,590
Stack prop output power: 501 kW, Pcomp: 4.6 kW
Cell efficiency: 0.271, Output efficiency: 0.255
mdot_h2: 13.21 g/s
Reynolds_number: 11,509,590
Stack prop output power: 542 kW, Pcomp: 5.0 kW
Cell efficiency: 0.271, Output efficiency: 0.255
mdot_h2: 14.30 g/s
Reynolds_number: 6,709,346
Stack prop output power: 487 kW, Pcomp: 4.2 kW
Cell efficiency: 0.305, Output efficiency: 0.287
mdot_h2: 11.43 g/s
Reynolds_number: 6,709,346
Stack prop output power: 527 kW, Pcomp: 4.6 kW
Cell efficiency: 0.305, Output efficiency: 0.287
mdot_h2: 12.37 g/s
Reynolds_number: 11,509,590
Stack prop output power: 546 kW, Pcomp: 39.4 kW
Cell efficiency: 0.300, Output efficiency: 0.266
mdot_h2: 13.83 g/s
Reynolds_number: 11,509,590
Stack prop output power: 576 kW, Pcomp: 41.6 kW
Cell efficiency: 0.300, Output efficiency: 0.266
mdot_h2: 14.61 g/s
Reynolds_number: 11,509,590
Stack prop output power: 579 kW, Pcomp: 41.8 kW
Cell efficiency: 0.300, Output efficiency: 0.266
mdot_h2: 14.67 g/s
Fuel-cell system mass representative phase: cruise (P_fc_sys=1157.746 kW).

-----------------------
ptotal_climb: 1,444 kW, mtom_est: 6,333 kg, mtom: 5,650 kg, residual: +682.79 kg

MTOM update: fixed_point_prebracket, relax=1.000 -> mtom_next=6,196.23 kg

======================================================
======================= ITER 4 =======================
Reynolds_number: 11,509,590
Stack prop output power: 579 kW, Pcomp: 41.8 kW
Cell efficiency: 0.300, Output efficiency: 0.266
mdot_h2: 14.67 g/s
Reynolds_number: 11,509,590
Stack prop output power: 631 kW, Pcomp: 45.5 kW
Cell efficiency: 0.300, Output efficiency: 0.266
mdot_h2: 15.99 g/s
Reynolds_number: 11,509,590
Stack prop output power: 635 kW, Pcomp: 45.8 kW
Cell efficiency: 0.300, Output efficiency: 0.266
mdot_h2: 16.08 g/s
Reynolds_number: 11,509,590
Stack prop output power: 525 kW, Pcomp: 4.8 kW
Cell efficiency: 0.271, Output efficiency: 0.255
mdot_h2: 13.85 g/s
Reynolds_number: 11,509,590
Stack prop output power: 595 kW, Pcomp: 5.4 kW
Cell efficiency: 0.271, Output efficiency: 0.255
mdot_h2: 15.67 g/s
Reynolds_number: 11,509,590
Stack prop output power: 595 kW, Pcomp: 5.4 kW
Cell efficiency: 0.271, Output efficiency: 0.255
mdot_h2: 15.69 g/s
Reynolds_number: 6,709,346
Stack prop output power: 511 kW, Pcomp: 4.4 kW
Cell efficiency: 0.305, Output efficiency: 0.287
mdot_h2: 11.98 g/s
Reynolds_number: 6,709,346
Stack prop output power: 578 kW, Pcomp: 5.0 kW
Cell efficiency: 0.305, Output efficiency: 0.287
mdot_h2: 13.56 g/s
Reynolds_number: 6,709,346
Stack prop output power: 579 kW, Pcomp: 5.0 kW
Cell efficiency: 0.305, Output efficiency: 0.287
mdot_h2: 13.57 g/s
Reynolds_number: 11,509,590
Stack prop output power: 579 kW, Pcomp: 41.8 kW
Cell efficiency: 0.300, Output efficiency: 0.266
mdot_h2: 14.67 g/s
Reynolds_number: 11,509,590
Stack prop output power: 631 kW, Pcomp: 45.5 kW
Cell efficiency: 0.300, Output efficiency: 0.266
mdot_h2: 15.99 g/s
Reynolds_number: 11,509,590
Stack prop output power: 635 kW, Pcomp: 45.8 kW
Cell efficiency: 0.300, Output efficiency: 0.266
mdot_h2: 16.08 g/s
Fuel-cell system mass representative phase: cruise (P_fc_sys=1269.661 kW).

-----------------------
ptotal_climb: 1,584 kW, mtom_est: 6,726 kg, mtom: 6,196 kg, residual: +529.54 kg

MTOM update: fixed_point_prebracket, relax=1.000 -> mtom_next=6,619.87 kg

======================================================
======================= ITER 5 =======================
Reynolds_number: 11,509,590
Stack prop output power: 635 kW, Pcomp: 45.8 kW
Cell efficiency: 0.300, Output efficiency: 0.266
mdot_h2: 16.09 g/s
Reynolds_number: 11,509,590
Stack prop output power: 675 kW, Pcomp: 48.7 kW
Cell efficiency: 0.300, Output efficiency: 0.266
mdot_h2: 17.11 g/s
Reynolds_number: 11,509,590
Stack prop output power: 678 kW, Pcomp: 48.9 kW
Cell efficiency: 0.300, Output efficiency: 0.266
mdot_h2: 17.18 g/s
Reynolds_number: 11,509,590
Stack prop output power: 582 kW, Pcomp: 5.3 kW
Cell efficiency: 0.271, Output efficiency: 0.255
mdot_h2: 15.34 g/s
Reynolds_number: 11,509,590
Stack prop output power: 635 kW, Pcomp: 5.8 kW
Cell efficiency: 0.271, Output efficiency: 0.255
mdot_h2: 16.75 g/s
Reynolds_number: 6,709,346
Stack prop output power: 566 kW, Pcomp: 4.9 kW
Cell efficiency: 0.305, Output efficiency: 0.287
mdot_h2: 13.26 g/s
Reynolds_number: 6,709,346
Stack prop output power: 618 kW, Pcomp: 5.4 kW
Cell efficiency: 0.305, Output efficiency: 0.287
mdot_h2: 14.49 g/s
Reynolds_number: 11,509,590
Stack prop output power: 635 kW, Pcomp: 45.8 kW
Cell efficiency: 0.300, Output efficiency: 0.266
mdot_h2: 16.09 g/s
Reynolds_number: 11,509,590
Stack prop output power: 675 kW, Pcomp: 48.7 kW
Cell efficiency: 0.300, Output efficiency: 0.266
mdot_h2: 17.11 g/s
Reynolds_number: 11,509,590
Stack prop output power: 678 kW, Pcomp: 48.9 kW
Cell efficiency: 0.300, Output efficiency: 0.266
mdot_h2: 17.18 g/s
Fuel-cell system mass representative phase: cruise (P_fc_sys=1356.480 kW).

-----------------------
ptotal_climb: 1,692 kW, mtom_est: 7,038 kg, mtom: 6,620 kg, residual: +417.97 kg

MTOM update: fixed_point_prebracket, relax=1.000 -> mtom_next=6,954.25 kg

======================================================
======================= ITER 6 =======================
Reynolds_number: 11,509,590
Stack prop output power: 678 kW, Pcomp: 48.9 kW
Cell efficiency: 0.300, Output efficiency: 0.266
mdot_h2: 17.19 g/s
Reynolds_number: 11,509,590
Stack prop output power: 710 kW, Pcomp: 51.2 kW
Cell efficiency: 0.300, Output efficiency: 0.266
mdot_h2: 18.00 g/s
Reynolds_number: 11,509,590
Stack prop output power: 712 kW, Pcomp: 51.4 kW
Cell efficiency: 0.300, Output efficiency: 0.266
mdot_h2: 18.05 g/s
Reynolds_number: 11,509,590
Stack prop output power: 625 kW, Pcomp: 5.7 kW
Cell efficiency: 0.271, Output efficiency: 0.255
mdot_h2: 16.48 g/s
Reynolds_number: 11,509,590
Stack prop output power: 668 kW, Pcomp: 6.1 kW
Cell efficiency: 0.271, Output efficiency: 0.255
mdot_h2: 17.60 g/s
Reynolds_number: 6,709,346
Stack prop output power: 608 kW, Pcomp: 5.3 kW
Cell efficiency: 0.305, Output efficiency: 0.287
mdot_h2: 14.26 g/s
Reynolds_number: 6,709,346
Stack prop output power: 649 kW, Pcomp: 5.7 kW
Cell efficiency: 0.305, Output efficiency: 0.287
mdot_h2: 15.22 g/s
Reynolds_number: 11,509,590
Stack prop output power: 678 kW, Pcomp: 48.9 kW
Cell efficiency: 0.300, Output efficiency: 0.266
mdot_h2: 17.19 g/s
Reynolds_number: 11,509,590
Stack prop output power: 710 kW, Pcomp: 51.2 kW
Cell efficiency: 0.300, Output efficiency: 0.266
mdot_h2: 18.00 g/s
Reynolds_number: 11,509,590
Stack prop output power: 712 kW, Pcomp: 51.4 kW
Cell efficiency: 0.300, Output efficiency: 0.266
mdot_h2: 18.05 g/s
Fuel-cell system mass representative phase: cruise (P_fc_sys=1425.006 kW).

-----------------------
ptotal_climb: 1,778 kW, mtom_est: 7,274 kg, mtom: 6,954 kg, residual: +319.87 kg

MTOM update: fixed_point_prebracket, relax=1.000 -> mtom_next=7,210.14 kg

======================================================
======================= ITER 7 =======================
Reynolds_number: 11,509,590
Stack prop output power: 713 kW, Pcomp: 51.4 kW
Cell efficiency: 0.300, Output efficiency: 0.266
mdot_h2: 18.06 g/s
Reynolds_number: 11,509,590
Stack prop output power: 737 kW, Pcomp: 53.2 kW
Cell efficiency: 0.300, Output efficiency: 0.266
mdot_h2: 18.67 g/s
Reynolds_number: 11,509,590
Stack prop output power: 739 kW, Pcomp: 53.3 kW
Cell efficiency: 0.300, Output efficiency: 0.266
mdot_h2: 18.72 g/s
Reynolds_number: 11,509,590
Stack prop output power: 660 kW, Pcomp: 6.0 kW
Cell efficiency: 0.271, Output efficiency: 0.255
mdot_h2: 17.40 g/s
Reynolds_number: 11,509,590
Stack prop output power: 692 kW, Pcomp: 6.3 kW
Cell efficiency: 0.271, Output efficiency: 0.255
mdot_h2: 18.25 g/s
Reynolds_number: 6,709,346
Stack prop output power: 642 kW, Pcomp: 5.6 kW
Cell efficiency: 0.305, Output efficiency: 0.287
mdot_h2: 15.05 g/s
Reynolds_number: 6,709,346
Stack prop output power: 673 kW, Pcomp: 5.9 kW
Cell efficiency: 0.305, Output efficiency: 0.287
mdot_h2: 15.78 g/s
Reynolds_number: 11,509,590
Stack prop output power: 713 kW, Pcomp: 51.4 kW
Cell efficiency: 0.300, Output efficiency: 0.266
mdot_h2: 18.06 g/s
Reynolds_number: 11,509,590
Stack prop output power: 737 kW, Pcomp: 53.2 kW
Cell efficiency: 0.300, Output efficiency: 0.266
mdot_h2: 18.67 g/s
Reynolds_number: 11,509,590
Stack prop output power: 739 kW, Pcomp: 53.3 kW
Cell efficiency: 0.300, Output efficiency: 0.266
mdot_h2: 18.72 g/s
Fuel-cell system mass representative phase: cruise (P_fc_sys=1477.448 kW).

-----------------------
ptotal_climb: 1,843 kW, mtom_est: 7,460 kg, mtom: 7,210 kg, residual: +249.41 kg

MTOM update: fixed_point_prebracket, relax=1.000 -> mtom_next=7,409.67 kg

======================================================
======================= ITER 8 =======================
Reynolds_number: 11,509,590
Stack prop output power: 739 kW, Pcomp: 53.3 kW
Cell efficiency: 0.300, Output efficiency: 0.266
mdot_h2: 18.72 g/s
Reynolds_number: 11,509,590
Stack prop output power: 758 kW, Pcomp: 54.7 kW
Cell efficiency: 0.300, Output efficiency: 0.266
mdot_h2: 19.20 g/s
Reynolds_number: 11,509,590
Stack prop output power: 759 kW, Pcomp: 54.8 kW
Cell efficiency: 0.300, Output efficiency: 0.266
mdot_h2: 19.24 g/s
Reynolds_number: 11,509,590
Stack prop output power: 686 kW, Pcomp: 6.3 kW
Cell efficiency: 0.271, Output efficiency: 0.255
mdot_h2: 18.09 g/s
Reynolds_number: 11,509,590
Stack prop output power: 712 kW, Pcomp: 6.5 kW
Cell efficiency: 0.271, Output efficiency: 0.255
mdot_h2: 18.76 g/s
Reynolds_number: 6,709,346
Stack prop output power: 667 kW, Pcomp: 5.8 kW
Cell efficiency: 0.305, Output efficiency: 0.287
mdot_h2: 15.65 g/s
Reynolds_number: 6,709,346
Stack prop output power: 692 kW, Pcomp: 6.0 kW
Cell efficiency: 0.305, Output efficiency: 0.287
mdot_h2: 16.22 g/s
Reynolds_number: 11,509,590
Stack prop output power: 739 kW, Pcomp: 53.3 kW
Cell efficiency: 0.300, Output efficiency: 0.266
mdot_h2: 18.72 g/s
Reynolds_number: 11,509,590
Stack prop output power: 758 kW, Pcomp: 54.7 kW
Cell efficiency: 0.300, Output efficiency: 0.266
mdot_h2: 19.20 g/s
Reynolds_number: 11,509,590
Stack prop output power: 759 kW, Pcomp: 54.8 kW
Cell efficiency: 0.300, Output efficiency: 0.266
mdot_h2: 19.24 g/s
Fuel-cell system mass representative phase: cruise (P_fc_sys=1518.338 kW).

-----------------------
ptotal_climb: 1,894 kW, mtom_est: 7,604 kg, mtom: 7,410 kg, residual: +194.42 kg

MTOM update: newton_prebracket, relax=1.000 -> mtom_next=8,115.12 kg

======================================================
======================= ITER 9 =======================
Reynolds_number: 11,509,590
Stack prop output power: 759 kW, Pcomp: 54.8 kW
Cell efficiency: 0.300, Output efficiency: 0.266
mdot_h2: 19.24 g/s
Reynolds_number: 11,509,590
Stack prop output power: 826 kW, Pcomp: 59.6 kW
Cell efficiency: 0.300, Output efficiency: 0.266
mdot_h2: 20.94 g/s
Reynolds_number: 11,509,590
Stack prop output power: 831 kW, Pcomp: 60.0 kW
Cell efficiency: 0.300, Output efficiency: 0.266
mdot_h2: 21.06 g/s
Reynolds_number: 11,509,590
Stack prop output power: 689 kW, Pcomp: 6.3 kW
Cell efficiency: 0.271, Output efficiency: 0.255
mdot_h2: 18.17 g/s
Reynolds_number: 11,509,590
Stack prop output power: 779 kW, Pcomp: 7.1 kW
Cell efficiency: 0.271, Output efficiency: 0.255
mdot_h2: 20.53 g/s
Reynolds_number: 11,509,590
Stack prop output power: 780 kW, Pcomp: 7.1 kW
Cell efficiency: 0.271, Output efficiency: 0.255
mdot_h2: 20.55 g/s
Reynolds_number: 6,709,346
Stack prop output power: 670 kW, Pcomp: 5.8 kW
Cell efficiency: 0.305, Output efficiency: 0.287
mdot_h2: 15.72 g/s
Reynolds_number: 6,709,346
Stack prop output power: 757 kW, Pcomp: 6.6 kW
Cell efficiency: 0.305, Output efficiency: 0.287
mdot_h2: 17.75 g/s
Reynolds_number: 6,709,346
Stack prop output power: 758 kW, Pcomp: 6.6 kW
Cell efficiency: 0.305, Output efficiency: 0.287
mdot_h2: 17.77 g/s
Reynolds_number: 11,509,590
Stack prop output power: 759 kW, Pcomp: 54.8 kW
Cell efficiency: 0.300, Output efficiency: 0.266
mdot_h2: 19.24 g/s
Reynolds_number: 11,509,590
Stack prop output power: 826 kW, Pcomp: 59.6 kW
Cell efficiency: 0.300, Output efficiency: 0.266
mdot_h2: 20.94 g/s
Reynolds_number: 11,509,590
Stack prop output power: 831 kW, Pcomp: 60.0 kW
Cell efficiency: 0.300, Output efficiency: 0.266
mdot_h2: 21.06 g/s
Fuel-cell system mass representative phase: cruise (P_fc_sys=1662.859 kW).

-----------------------
ptotal_climb: 2,074 kW, mtom_est: 8,115 kg, mtom: 8,115 kg, residual: -0.15 kg


CONVERGED

CONVERGED STATE [MTOM iteration 9]
  MTOM=8,115 kg | Wing loading=225.61 kg/m^2 | P/W(climb)=255.61 W/kg
  Phase power: climb=2,074.2 kW | cruise=1,662.9 kW | takeoff=2,016.8 kW | cruise+charger=1,662.9 kW
  Power split (climb): FC=1,545.0 kW | Battery=515.0 kW | Compressor=14.3 kW | Cooling=686.8 kW | H2=41.101 g/s
  Compressor max across phases: 119.9 kW (cruise)
  FC representative phase (mass sizing): cruise (1,662.9 kW)
  Mass summary: MTOM=8,115 kg | Powertrain=2,819 kg | Tank=1,027.5 kg | Fuel=456.7 kg | Battery=34.8 kg | Nacelle power density=0.70 kW/kg
  Geometry: Main wing area=35.97 m^2 | Horizontal tail area=4.464 m^2 | Horizontal tail location=16.140 m | Vertical tail area=4.509 m^2 | Vertical tail location=15.662 m
  Config: wing loading input=225.61 kg/m^2 | P/W TO/Cl/Cr=0.18089/0.18599/0.13824 kW/kg

=============================================================
========================= CONVERGED =========================
=============================================================
Constraint sizing: ENABLED (min_combined_pw)
Input W/S: 225.61 kg/m^2 (2,212.5 Pa)
Input P/W [kW/kg]: takeoff 0.18089, climb 0.18599, cruise 0.13824
-------------------------------------------------------------

Mission Time
Climb time: 0.00 min (0.00 h)
Cruise time: 177.84 min (2.96 h)
Total flight time: 199.84 min (3.33 h)

Phase Power Breakdown
Phase      Time[min]     Total[kW]    FC Stack[kW]   Battery[kW]   Compressor[kW]   Cooling[kW]
-----------------------------------------------------------------------------------------------
ready           0.00         103.7           103.7           0.0              0.0           0.0
taxi            5.00         207.4           207.4           0.0              0.0           0.0
takeoff         1.00       2,016.8         1,502.7         500.9             13.2         568.5
climb           0.00       2,074.2         1,545.0         515.0             14.3         686.8
cruise        177.84       1,662.9         1,542.9           0.0            119.9         678.3
loiter         15.00         166.3           154.3           0.0             12.0          67.8
landing         1.00           0.0             0.0           0.0              0.0           0.0

Pcomp_max (solved phases): 119.9 kW (cruise)
Pnet (climb): 1,873 kW
Pelectricnet (climb): 2,060 kW
eta_pt: 0.9031

Geometry
S_wing: 35.97 m^2
b_wing: 17.99 m
Lfus: 18.16 m
Ltank: 9.15 m
S_HT: 4.46 m^2
S_VT: 4.51 m^2
b_HT: 4.48 m
b_VT: 2.93 m
X_HT_act: 16.14 m
X_VT_act: 15.66 m

One Nacelle (1/2)
Stack(1/2): 481 kg, Compressor: 150 kg, Humidifier: 165 kg, HX: 388 kg
W_FCS_single_nacelle (W_Stack+W_Compressor+W_Humidifier+W_Hx): 1,183 kg
Representative FC phase: cruise
Specific Power of Nacelle System: 0.703 kW/kg
dim_hx: dX=1.401 m, dY=1.401 m, dZ=0.221 m
dim_stack: dX=0.365 m, dY=0.383 m, dZ=0.383 m

ALL Nacelles
W_FCS_total: 2,367 kg
W_PMAD: 179 kg
W_Motors: 273 kg

-----------------------
W_Powertrain (W_FCS_total+W_PMAD+W_Motors): 2,819 kg
-----------------------
W_wing: 624 kg
W_Htail: 37 kg
W_Vtail: 67 kg
W_fuselage: 645 kg
W_lnd_gear_main: 243 kg
W_lnd_gear_nose: 65 kg
W_flight_control: 366 kg
W_electric_system: 300 kg
W_iae: 113 kg
W_hydraulics: 97 kg
W_fur: 521 kg
-----------------------
OEM: 3,077 kg
-----------------------
W_tank: 1,028 kg
W_fuel: 456.7 kg
W_batt: 34.8 kg
-----------------------
W_payload: 700 kg
-----------------------
MTOM_grouped (OEM+W_tank+W_fuel+W_batt+W_Powertrain+W_payload): 8,115 kg
MTOM: 8,115 kg
-----------------------

Wing loading (MTOM/S_wing): 225.61 kg/m^2
Power-to-weight (converged): 255.61 W/kg

mdot_H2(cruise): 42.1 g/s
Vtankex: 19.6 m^3
========================== END ==============================


=============================================================
Execution time: 94.5 seconds
=============================================================
