Auto-widening W/S scan window for min_combined_pw: 1900.0..2600.0 -> 1725.0..2775.0 Pa (factor 1.500, lower_hit=True, upper_hit=False, min_on_edge=False).
Auto-widening W/S scan window for min_combined_pw: 1725.0..2775.0 -> 1462.5..3037.5 Pa (factor 1.500, lower_hit=True, upper_hit=False, min_on_edge=False).
ADRpy constraint sizing (min_combined_pw): W/S=2212.5 Pa (225.61 kg/m^2), P/W_TO=0.18089 kW/kg, P/W_climb=0.18545 kW/kg, P/W_cruise=0.06102 kW/kg
Curve minimum (combined/combined): W/S=2212.5 Pa (225.61 kg/m^2), P/W=0.18545 kW/kg
Curve minimum (takeoff/take-off): W/S=1462.5 Pa (149.13 kg/m^2), P/W=0.10196 kW/kg
Curve minimum (climb/climb): W/S=2312.5 Pa (235.81 kg/m^2), P/W=0.18422 kW/kg
Curve minimum (cruise/cruise): W/S=2112.5 Pa (215.42 kg/m^2), P/W=0.06095 kW/kg
======================================================
======================= ITER 1 =======================
Reynolds_number: 7,216,330
Stack prop output power: 500 kW, Pcomp: 36.0 kW
Cell efficiency: 0.295, Output efficiency: 0.261
mdot_h2: 12.89 g/s
Reynolds_number: 7,216,330
Stack prop output power: 246 kW, Pcomp: 17.7 kW
Cell efficiency: 0.295, Output efficiency: 0.261
mdot_h2: 6.34 g/s
Reynolds_number: 7,216,330
Stack prop output power: 228 kW, Pcomp: 16.4 kW
Cell efficiency: 0.295, Output efficiency: 0.261
mdot_h2: 5.86 g/s
Reynolds_number: 7,216,330
Stack prop output power: 226 kW, Pcomp: 16.3 kW
Cell efficiency: 0.295, Output efficiency: 0.261
mdot_h2: 5.83 g/s
Reynolds_number: 7,216,330
Stack prop output power: 342 kW, Pcomp: 3.1 kW
Cell efficiency: 0.265, Output efficiency: 0.249
mdot_h2: 9.23 g/s
Reynolds_number: 7,216,330
Stack prop output power: 478 kW, Pcomp: 4.4 kW
Cell efficiency: 0.265, Output efficiency: 0.249
mdot_h2: 12.89 g/s
Reynolds_number: 7,216,330
Stack prop output power: 479 kW, Pcomp: 4.4 kW
Cell efficiency: 0.265, Output efficiency: 0.249
mdot_h2: 12.93 g/s
Reynolds_number: 6,709,346
Stack prop output power: 346 kW, Pcomp: 3.0 kW
Cell efficiency: 0.305, Output efficiency: 0.287
mdot_h2: 8.11 g/s
Reynolds_number: 6,709,346
Stack prop output power: 466 kW, Pcomp: 4.1 kW
Cell efficiency: 0.305, Output efficiency: 0.287
mdot_h2: 10.93 g/s
Reynolds_number: 6,709,346
Stack prop output power: 467 kW, Pcomp: 4.1 kW
Cell efficiency: 0.305, Output efficiency: 0.287
mdot_h2: 10.95 g/s
Reynolds_number: 7,216,330
Stack prop output power: 500 kW, Pcomp: 36.0 kW
Cell efficiency: 0.295, Output efficiency: 0.261
mdot_h2: 12.89 g/s
Reynolds_number: 7,216,330
Stack prop output power: 246 kW, Pcomp: 17.7 kW
Cell efficiency: 0.295, Output efficiency: 0.261
mdot_h2: 6.34 g/s
Reynolds_number: 7,216,330
Stack prop output power: 228 kW, Pcomp: 16.4 kW
Cell efficiency: 0.295, Output efficiency: 0.261
mdot_h2: 5.86 g/s
Reynolds_number: 7,216,330
Stack prop output power: 226 kW, Pcomp: 16.3 kW
Cell efficiency: 0.295, Output efficiency: 0.261
mdot_h2: 5.83 g/s
Fuel-cell system mass representative phase: climb (P_fc_sys=957.948 kW).

-----------------------
ptotal_climb: 1,274 kW, mtom_est: 6,649 kg, mtom: 5,000 kg, residual: +1,649.20 kg

MTOM update: initial_bracket_probe_1, relax=1.000 -> mtom_next=5,325.00 kg

======================================================
======================= ITER 2 =======================
Reynolds_number: 7,216,330
Stack prop output power: 226 kW, Pcomp: 16.3 kW
Cell efficiency: 0.295, Output efficiency: 0.261
mdot_h2: 5.83 g/s
Reynolds_number: 7,216,330
Stack prop output power: 240 kW, Pcomp: 17.3 kW
Cell efficiency: 0.295, Output efficiency: 0.261
mdot_h2: 6.18 g/s
Reynolds_number: 7,216,330
Stack prop output power: 241 kW, Pcomp: 17.3 kW
Cell efficiency: 0.295, Output efficiency: 0.261
mdot_h2: 6.20 g/s
Reynolds_number: 7,216,330
Stack prop output power: 469 kW, Pcomp: 4.3 kW
Cell efficiency: 0.265, Output efficiency: 0.249
mdot_h2: 12.65 g/s
Reynolds_number: 7,216,330
Stack prop output power: 510 kW, Pcomp: 4.7 kW
Cell efficiency: 0.265, Output efficiency: 0.249
mdot_h2: 13.76 g/s
Reynolds_number: 6,709,346
Stack prop output power: 457 kW, Pcomp: 4.0 kW
Cell efficiency: 0.305, Output efficiency: 0.287
mdot_h2: 10.72 g/s
Reynolds_number: 6,709,346
Stack prop output power: 497 kW, Pcomp: 4.3 kW
Cell efficiency: 0.305, Output efficiency: 0.287
mdot_h2: 11.65 g/s
Reynolds_number: 7,216,330
Stack prop output power: 226 kW, Pcomp: 16.3 kW
Cell efficiency: 0.295, Output efficiency: 0.261
mdot_h2: 5.83 g/s
Reynolds_number: 7,216,330
Stack prop output power: 240 kW, Pcomp: 17.3 kW
Cell efficiency: 0.295, Output efficiency: 0.261
mdot_h2: 6.18 g/s
Reynolds_number: 7,216,330
Stack prop output power: 241 kW, Pcomp: 17.3 kW
Cell efficiency: 0.295, Output efficiency: 0.261
mdot_h2: 6.20 g/s
Fuel-cell system mass representative phase: climb (P_fc_sys=1020.208 kW).

-----------------------
ptotal_climb: 1,357 kW, mtom_est: 6,894 kg, mtom: 5,325 kg, residual: +1,569.25 kg

MTOM update: initial_bracket_probe_2, relax=1.000 -> mtom_next=5,650.00 kg

======================================================
======================= ITER 3 =======================
Reynolds_number: 7,216,330
Stack prop output power: 241 kW, Pcomp: 17.3 kW
Cell efficiency: 0.295, Output efficiency: 0.261
mdot_h2: 6.21 g/s
Reynolds_number: 7,216,330
Stack prop output power: 254 kW, Pcomp: 18.3 kW
Cell efficiency: 0.295, Output efficiency: 0.261
mdot_h2: 6.56 g/s
Reynolds_number: 7,216,330
Stack prop output power: 255 kW, Pcomp: 18.4 kW
Cell efficiency: 0.295, Output efficiency: 0.261
mdot_h2: 6.58 g/s
Reynolds_number: 7,216,330
Stack prop output power: 500 kW, Pcomp: 4.6 kW
Cell efficiency: 0.265, Output efficiency: 0.249
mdot_h2: 13.49 g/s
Reynolds_number: 7,216,330
Stack prop output power: 541 kW, Pcomp: 5.0 kW
Cell efficiency: 0.265, Output efficiency: 0.249
mdot_h2: 14.60 g/s
Reynolds_number: 6,709,346
Stack prop output power: 487 kW, Pcomp: 4.2 kW
Cell efficiency: 0.305, Output efficiency: 0.287
mdot_h2: 11.43 g/s
Reynolds_number: 6,709,346
Stack prop output power: 527 kW, Pcomp: 4.6 kW
Cell efficiency: 0.305, Output efficiency: 0.287
mdot_h2: 12.37 g/s
Reynolds_number: 7,216,330
Stack prop output power: 241 kW, Pcomp: 17.3 kW
Cell efficiency: 0.295, Output efficiency: 0.261
mdot_h2: 6.21 g/s
Reynolds_number: 7,216,330
Stack prop output power: 254 kW, Pcomp: 18.3 kW
Cell efficiency: 0.295, Output efficiency: 0.261
mdot_h2: 6.56 g/s
Reynolds_number: 7,216,330
Stack prop output power: 255 kW, Pcomp: 18.4 kW
Cell efficiency: 0.295, Output efficiency: 0.261
mdot_h2: 6.58 g/s
Fuel-cell system mass representative phase: climb (P_fc_sys=1082.475 kW).

-----------------------
ptotal_climb: 1,440 kW, mtom_est: 7,142 kg, mtom: 5,650 kg, residual: +1,492.34 kg

MTOM update: fixed_point_prebracket, relax=1.000 -> mtom_next=6,497.50 kg

======================================================
======================= ITER 4 =======================
Reynolds_number: 7,216,330
Stack prop output power: 255 kW, Pcomp: 18.4 kW
Cell efficiency: 0.295, Output efficiency: 0.261
mdot_h2: 6.59 g/s
Reynolds_number: 7,216,330
Stack prop output power: 291 kW, Pcomp: 21.0 kW
Cell efficiency: 0.295, Output efficiency: 0.261
mdot_h2: 7.50 g/s
Reynolds_number: 7,216,330
Stack prop output power: 294 kW, Pcomp: 21.1 kW
Cell efficiency: 0.295, Output efficiency: 0.261
mdot_h2: 7.57 g/s
Reynolds_number: 7,216,330
Stack prop output power: 514 kW, Pcomp: 4.7 kW
Cell efficiency: 0.265, Output efficiency: 0.249
mdot_h2: 13.88 g/s
Reynolds_number: 7,216,330
Stack prop output power: 621 kW, Pcomp: 5.7 kW
Cell efficiency: 0.265, Output efficiency: 0.249
mdot_h2: 16.77 g/s
Reynolds_number: 7,216,330
Stack prop output power: 622 kW, Pcomp: 5.7 kW
Cell efficiency: 0.265, Output efficiency: 0.249
mdot_h2: 16.80 g/s
Reynolds_number: 6,709,346
Stack prop output power: 502 kW, Pcomp: 4.4 kW
Cell efficiency: 0.305, Output efficiency: 0.287
mdot_h2: 11.76 g/s
Reynolds_number: 6,709,346
Stack prop output power: 606 kW, Pcomp: 5.3 kW
Cell efficiency: 0.305, Output efficiency: 0.287
mdot_h2: 14.21 g/s
Reynolds_number: 6,709,346
Stack prop output power: 607 kW, Pcomp: 5.3 kW
Cell efficiency: 0.305, Output efficiency: 0.287
mdot_h2: 14.23 g/s
Reynolds_number: 7,216,330
Stack prop output power: 255 kW, Pcomp: 18.4 kW
Cell efficiency: 0.295, Output efficiency: 0.261
mdot_h2: 6.59 g/s
Reynolds_number: 7,216,330
Stack prop output power: 291 kW, Pcomp: 21.0 kW
Cell efficiency: 0.295, Output efficiency: 0.261
mdot_h2: 7.50 g/s
Reynolds_number: 7,216,330
Stack prop output power: 294 kW, Pcomp: 21.1 kW
Cell efficiency: 0.295, Output efficiency: 0.261
mdot_h2: 7.57 g/s
Fuel-cell system mass representative phase: climb (P_fc_sys=1244.854 kW).

-----------------------
ptotal_climb: 1,656 kW, mtom_est: 7,796 kg, mtom: 6,498 kg, residual: +1,298.79 kg

MTOM update: fixed_point_prebracket, relax=1.000 -> mtom_next=7,472.12 kg

======================================================
======================= ITER 5 =======================
Reynolds_number: 7,216,330
Stack prop output power: 294 kW, Pcomp: 21.2 kW
Cell efficiency: 0.295, Output efficiency: 0.261
mdot_h2: 7.57 g/s
Reynolds_number: 7,216,330
Stack prop output power: 335 kW, Pcomp: 24.1 kW
Cell efficiency: 0.295, Output efficiency: 0.261
mdot_h2: 8.63 g/s
Reynolds_number: 7,216,330
Stack prop output power: 338 kW, Pcomp: 24.3 kW
Cell efficiency: 0.295, Output efficiency: 0.261
mdot_h2: 8.70 g/s
Reynolds_number: 7,216,330
Stack prop output power: 592 kW, Pcomp: 5.4 kW
Cell efficiency: 0.265, Output efficiency: 0.249
mdot_h2: 15.97 g/s
Reynolds_number: 7,216,330
Stack prop output power: 715 kW, Pcomp: 6.6 kW
Cell efficiency: 0.265, Output efficiency: 0.249
mdot_h2: 19.29 g/s
Reynolds_number: 7,216,330
Stack prop output power: 716 kW, Pcomp: 6.6 kW
Cell efficiency: 0.265, Output efficiency: 0.249
mdot_h2: 19.32 g/s
Reynolds_number: 6,709,346
Stack prop output power: 577 kW, Pcomp: 5.0 kW
Cell efficiency: 0.305, Output efficiency: 0.287
mdot_h2: 13.52 g/s
Reynolds_number: 6,709,346
Stack prop output power: 697 kW, Pcomp: 6.1 kW
Cell efficiency: 0.305, Output efficiency: 0.287
mdot_h2: 16.34 g/s
Reynolds_number: 6,709,346
Stack prop output power: 698 kW, Pcomp: 6.1 kW
Cell efficiency: 0.305, Output efficiency: 0.287
mdot_h2: 16.36 g/s
Reynolds_number: 7,216,330
Stack prop output power: 294 kW, Pcomp: 21.2 kW
Cell efficiency: 0.295, Output efficiency: 0.261
mdot_h2: 7.57 g/s
Reynolds_number: 7,216,330
Stack prop output power: 335 kW, Pcomp: 24.1 kW
Cell efficiency: 0.295, Output efficiency: 0.261
mdot_h2: 8.63 g/s
Reynolds_number: 7,216,330
Stack prop output power: 338 kW, Pcomp: 24.3 kW
Cell efficiency: 0.295, Output efficiency: 0.261
mdot_h2: 8.70 g/s
Fuel-cell system mass representative phase: climb (P_fc_sys=1431.582 kW).

-----------------------
ptotal_climb: 1,904 kW, mtom_est: 8,545 kg, mtom: 7,472 kg, residual: +1,072.65 kg

MTOM update: fixed_point_prebracket, relax=1.000 -> mtom_next=8,330.24 kg

======================================================
======================= ITER 6 =======================
Reynolds_number: 7,216,330
Stack prop output power: 338 kW, Pcomp: 24.3 kW
Cell efficiency: 0.295, Output efficiency: 0.261
mdot_h2: 8.71 g/s
Reynolds_number: 7,216,330
Stack prop output power: 374 kW, Pcomp: 26.9 kW
Cell efficiency: 0.295, Output efficiency: 0.261
mdot_h2: 9.64 g/s
Reynolds_number: 7,216,330
Stack prop output power: 376 kW, Pcomp: 27.1 kW
Cell efficiency: 0.295, Output efficiency: 0.261
mdot_h2: 9.70 g/s
Reynolds_number: 7,216,330
Stack prop output power: 689 kW, Pcomp: 6.3 kW
Cell efficiency: 0.265, Output efficiency: 0.249
mdot_h2: 18.59 g/s
Reynolds_number: 7,216,330
Stack prop output power: 797 kW, Pcomp: 7.3 kW
Cell efficiency: 0.265, Output efficiency: 0.249
mdot_h2: 21.51 g/s
Reynolds_number: 7,216,330
Stack prop output power: 798 kW, Pcomp: 7.3 kW
Cell efficiency: 0.265, Output efficiency: 0.249
mdot_h2: 21.54 g/s
Reynolds_number: 6,709,346
Stack prop output power: 671 kW, Pcomp: 5.8 kW
Cell efficiency: 0.305, Output efficiency: 0.287
mdot_h2: 15.74 g/s
Reynolds_number: 6,709,346
Stack prop output power: 777 kW, Pcomp: 6.8 kW
Cell efficiency: 0.305, Output efficiency: 0.287
mdot_h2: 18.22 g/s
Reynolds_number: 6,709,346
Stack prop output power: 778 kW, Pcomp: 6.8 kW
Cell efficiency: 0.305, Output efficiency: 0.287
mdot_h2: 18.24 g/s
Reynolds_number: 7,216,330
Stack prop output power: 338 kW, Pcomp: 24.3 kW
Cell efficiency: 0.295, Output efficiency: 0.261
mdot_h2: 8.71 g/s
Reynolds_number: 7,216,330
Stack prop output power: 374 kW, Pcomp: 26.9 kW
Cell efficiency: 0.295, Output efficiency: 0.261
mdot_h2: 9.64 g/s
Reynolds_number: 7,216,330
Stack prop output power: 376 kW, Pcomp: 27.1 kW
Cell efficiency: 0.295, Output efficiency: 0.261
mdot_h2: 9.70 g/s
Fuel-cell system mass representative phase: climb (P_fc_sys=1595.988 kW).

-----------------------
ptotal_climb: 2,123 kW, mtom_est: 9,210 kg, mtom: 8,330 kg, residual: +880.20 kg

MTOM update: fixed_point_prebracket, relax=1.000 -> mtom_next=9,034.40 kg

======================================================
======================= ITER 7 =======================
Reynolds_number: 7,216,330
Stack prop output power: 377 kW, Pcomp: 27.1 kW
Cell efficiency: 0.295, Output efficiency: 0.261
mdot_h2: 9.71 g/s
Reynolds_number: 7,216,330
Stack prop output power: 406 kW, Pcomp: 29.2 kW
Cell efficiency: 0.295, Output efficiency: 0.261
mdot_h2: 10.47 g/s
Reynolds_number: 7,216,330
Stack prop output power: 408 kW, Pcomp: 29.4 kW
Cell efficiency: 0.295, Output efficiency: 0.261
mdot_h2: 10.53 g/s
Reynolds_number: 7,216,330
Stack prop output power: 776 kW, Pcomp: 7.1 kW
Cell efficiency: 0.265, Output efficiency: 0.249
mdot_h2: 20.94 g/s
Reynolds_number: 7,216,330
Stack prop output power: 865 kW, Pcomp: 7.9 kW
Cell efficiency: 0.265, Output efficiency: 0.249
mdot_h2: 23.34 g/s
Reynolds_number: 7,216,330
Stack prop output power: 865 kW, Pcomp: 8.0 kW
Cell efficiency: 0.265, Output efficiency: 0.249
mdot_h2: 23.36 g/s
Reynolds_number: 6,709,346
Stack prop output power: 756 kW, Pcomp: 6.6 kW
Cell efficiency: 0.305, Output efficiency: 0.287
mdot_h2: 17.73 g/s
Reynolds_number: 6,709,346
Stack prop output power: 843 kW, Pcomp: 7.3 kW
Cell efficiency: 0.305, Output efficiency: 0.287
mdot_h2: 19.77 g/s
Reynolds_number: 6,709,346
Stack prop output power: 844 kW, Pcomp: 7.3 kW
Cell efficiency: 0.305, Output efficiency: 0.287
mdot_h2: 19.79 g/s
Reynolds_number: 7,216,330
Stack prop output power: 377 kW, Pcomp: 27.1 kW
Cell efficiency: 0.295, Output efficiency: 0.261
mdot_h2: 9.71 g/s
Reynolds_number: 7,216,330
Stack prop output power: 406 kW, Pcomp: 29.2 kW
Cell efficiency: 0.295, Output efficiency: 0.261
mdot_h2: 10.47 g/s
Reynolds_number: 7,216,330
Stack prop output power: 408 kW, Pcomp: 29.4 kW
Cell efficiency: 0.295, Output efficiency: 0.261
mdot_h2: 10.53 g/s
Fuel-cell system mass representative phase: climb (P_fc_sys=1730.898 kW).

-----------------------
ptotal_climb: 2,303 kW, mtom_est: 9,760 kg, mtom: 9,034 kg, residual: +725.34 kg

MTOM update: fixed_point_prebracket, relax=1.000 -> mtom_next=9,614.67 kg

======================================================
======================= ITER 8 =======================
Reynolds_number: 7,216,330
Stack prop output power: 408 kW, Pcomp: 29.4 kW
Cell efficiency: 0.295, Output efficiency: 0.261
mdot_h2: 10.53 g/s
Reynolds_number: 7,216,330
Stack prop output power: 433 kW, Pcomp: 31.2 kW
Cell efficiency: 0.295, Output efficiency: 0.261
mdot_h2: 11.16 g/s
Reynolds_number: 7,216,330
Stack prop output power: 435 kW, Pcomp: 31.3 kW
Cell efficiency: 0.295, Output efficiency: 0.261
mdot_h2: 11.20 g/s
Reynolds_number: 7,216,330
Stack prop output power: 847 kW, Pcomp: 7.8 kW
Cell efficiency: 0.265, Output efficiency: 0.249
mdot_h2: 22.86 g/s
Reynolds_number: 7,216,330
Stack prop output power: 920 kW, Pcomp: 8.5 kW
Cell efficiency: 0.265, Output efficiency: 0.249
mdot_h2: 24.84 g/s
Reynolds_number: 7,216,330
Stack prop output power: 921 kW, Pcomp: 8.5 kW
Cell efficiency: 0.265, Output efficiency: 0.249
mdot_h2: 24.86 g/s
Reynolds_number: 6,709,346
Stack prop output power: 826 kW, Pcomp: 7.2 kW
Cell efficiency: 0.305, Output efficiency: 0.287
mdot_h2: 19.37 g/s
Reynolds_number: 6,709,346
Stack prop output power: 897 kW, Pcomp: 7.8 kW
Cell efficiency: 0.305, Output efficiency: 0.287
mdot_h2: 21.04 g/s
Reynolds_number: 6,709,346
Stack prop output power: 898 kW, Pcomp: 7.8 kW
Cell efficiency: 0.305, Output efficiency: 0.287
mdot_h2: 21.06 g/s
Reynolds_number: 7,216,330
Stack prop output power: 408 kW, Pcomp: 29.4 kW
Cell efficiency: 0.295, Output efficiency: 0.261
mdot_h2: 10.53 g/s
Reynolds_number: 7,216,330
Stack prop output power: 433 kW, Pcomp: 31.2 kW
Cell efficiency: 0.295, Output efficiency: 0.261
mdot_h2: 11.16 g/s
Reynolds_number: 7,216,330
Stack prop output power: 435 kW, Pcomp: 31.3 kW
Cell efficiency: 0.295, Output efficiency: 0.261
mdot_h2: 11.20 g/s
Fuel-cell system mass representative phase: climb (P_fc_sys=1842.072 kW).

-----------------------
ptotal_climb: 2,450 kW, mtom_est: 10,214 kg, mtom: 9,615 kg, residual: +598.92 kg

MTOM update: newton_prebracket, relax=1.000 -> mtom_next=11,056.87 kg

======================================================
======================= ITER 9 =======================
Reynolds_number: 7,216,330
Stack prop output power: 435 kW, Pcomp: 31.3 kW
Cell efficiency: 0.295, Output efficiency: 0.261
mdot_h2: 11.21 g/s
Reynolds_number: 7,216,330
Stack prop output power: 495 kW, Pcomp: 35.7 kW
Cell efficiency: 0.295, Output efficiency: 0.261
mdot_h2: 12.77 g/s
Reynolds_number: 7,216,330
Stack prop output power: 500 kW, Pcomp: 36.0 kW
Cell efficiency: 0.295, Output efficiency: 0.261
mdot_h2: 12.88 g/s
Reynolds_number: 7,216,330
Stack prop output power: 875 kW, Pcomp: 8.0 kW
Cell efficiency: 0.265, Output efficiency: 0.249
mdot_h2: 23.63 g/s
Reynolds_number: 7,216,330
Stack prop output power: 1,058 kW, Pcomp: 9.7 kW
Cell efficiency: 0.265, Output efficiency: 0.249
mdot_h2: 28.54 g/s
Reynolds_number: 7,216,330
Stack prop output power: 1,059 kW, Pcomp: 9.7 kW
Cell efficiency: 0.265, Output efficiency: 0.249
mdot_h2: 28.59 g/s
Reynolds_number: 6,709,346
Stack prop output power: 853 kW, Pcomp: 7.4 kW
Cell efficiency: 0.305, Output efficiency: 0.287
mdot_h2: 20.01 g/s
Reynolds_number: 6,709,346
Stack prop output power: 1,031 kW, Pcomp: 9.0 kW
Cell efficiency: 0.305, Output efficiency: 0.287
mdot_h2: 24.18 g/s
Reynolds_number: 6,709,346
Stack prop output power: 1,033 kW, Pcomp: 9.0 kW
Cell efficiency: 0.305, Output efficiency: 0.287
mdot_h2: 24.21 g/s
Reynolds_number: 7,216,330
Stack prop output power: 435 kW, Pcomp: 31.3 kW
Cell efficiency: 0.295, Output efficiency: 0.261
mdot_h2: 11.21 g/s
Reynolds_number: 7,216,330
Stack prop output power: 495 kW, Pcomp: 35.7 kW
Cell efficiency: 0.295, Output efficiency: 0.261
mdot_h2: 12.77 g/s
Reynolds_number: 7,216,330
Stack prop output power: 500 kW, Pcomp: 36.0 kW
Cell efficiency: 0.295, Output efficiency: 0.261
mdot_h2: 12.88 g/s
Fuel-cell system mass representative phase: climb (P_fc_sys=2118.382 kW).

-----------------------
ptotal_climb: 2,818 kW, mtom_est: 11,346 kg, mtom: 11,057 kg, residual: +288.75 kg

MTOM update: newton_prebracket, relax=1.000 -> mtom_next=12,399.45 kg

======================================================
======================= ITER 10 =======================
Reynolds_number: 7,216,330
Stack prop output power: 500 kW, Pcomp: 36.0 kW
Cell efficiency: 0.295, Output efficiency: 0.261
mdot_h2: 12.89 g/s
Reynolds_number: 7,216,330
Stack prop output power: 556 kW, Pcomp: 40.1 kW
Cell efficiency: 0.295, Output efficiency: 0.261
mdot_h2: 14.34 g/s
Reynolds_number: 7,216,330
Stack prop output power: 560 kW, Pcomp: 40.3 kW
Cell efficiency: 0.295, Output efficiency: 0.261
mdot_h2: 14.44 g/s
Reynolds_number: 7,216,330
Stack prop output power: 1,017 kW, Pcomp: 9.3 kW
Cell efficiency: 0.265, Output efficiency: 0.249
mdot_h2: 27.44 g/s
Reynolds_number: 7,216,330
Stack prop output power: 1,186 kW, Pcomp: 10.9 kW
Cell efficiency: 0.265, Output efficiency: 0.249
mdot_h2: 32.02 g/s
Reynolds_number: 7,216,330
Stack prop output power: 1,188 kW, Pcomp: 10.9 kW
Cell efficiency: 0.265, Output efficiency: 0.249
mdot_h2: 32.06 g/s
Reynolds_number: 6,709,346
Stack prop output power: 991 kW, Pcomp: 8.6 kW
Cell efficiency: 0.305, Output efficiency: 0.287
mdot_h2: 23.24 g/s
Reynolds_number: 6,709,346
Stack prop output power: 1,157 kW, Pcomp: 10.1 kW
Cell efficiency: 0.305, Output efficiency: 0.287
mdot_h2: 27.12 g/s
Reynolds_number: 6,709,346
Stack prop output power: 1,158 kW, Pcomp: 10.1 kW
Cell efficiency: 0.305, Output efficiency: 0.287
mdot_h2: 27.16 g/s
Reynolds_number: 7,216,330
Stack prop output power: 500 kW, Pcomp: 36.0 kW
Cell efficiency: 0.295, Output efficiency: 0.261
mdot_h2: 12.89 g/s
Reynolds_number: 7,216,330
Stack prop output power: 556 kW, Pcomp: 40.1 kW
Cell efficiency: 0.295, Output efficiency: 0.261
mdot_h2: 14.34 g/s
Reynolds_number: 7,216,330
Stack prop output power: 560 kW, Pcomp: 40.3 kW
Cell efficiency: 0.295, Output efficiency: 0.261
mdot_h2: 14.44 g/s
Fuel-cell system mass representative phase: climb (P_fc_sys=2375.606 kW).

-----------------------
ptotal_climb: 3,160 kW, mtom_est: 12,409 kg, mtom: 12,399 kg, residual: +9.90 kg

MTOM update: newton_prebracket, relax=1.000 -> mtom_next=12,447.09 kg

======================================================
======================= ITER 11 =======================
Reynolds_number: 7,216,330
Stack prop output power: 561 kW, Pcomp: 40.4 kW
Cell efficiency: 0.295, Output efficiency: 0.261
mdot_h2: 14.45 g/s
Reynolds_number: 7,216,330
Stack prop output power: 563 kW, Pcomp: 40.5 kW
Cell efficiency: 0.295, Output efficiency: 0.261
mdot_h2: 14.50 g/s
Reynolds_number: 7,216,330
Stack prop output power: 1,186 kW, Pcomp: 10.9 kW
Cell efficiency: 0.265, Output efficiency: 0.249
mdot_h2: 32.02 g/s
Reynolds_number: 7,216,330
Stack prop output power: 1,192 kW, Pcomp: 11.0 kW
Cell efficiency: 0.265, Output efficiency: 0.249
mdot_h2: 32.18 g/s
Reynolds_number: 6,709,346
Stack prop output power: 1,157 kW, Pcomp: 10.1 kW
Cell efficiency: 0.305, Output efficiency: 0.287
mdot_h2: 27.12 g/s
Reynolds_number: 6,709,346
Stack prop output power: 1,162 kW, Pcomp: 10.1 kW
Cell efficiency: 0.305, Output efficiency: 0.287
mdot_h2: 27.26 g/s
Reynolds_number: 7,216,330
Stack prop output power: 561 kW, Pcomp: 40.4 kW
Cell efficiency: 0.295, Output efficiency: 0.261
mdot_h2: 14.45 g/s
Reynolds_number: 7,216,330
Stack prop output power: 563 kW, Pcomp: 40.5 kW
Cell efficiency: 0.295, Output efficiency: 0.261
mdot_h2: 14.50 g/s
Fuel-cell system mass representative phase: climb (P_fc_sys=2384.733 kW).

-----------------------
ptotal_climb: 3,172 kW, mtom_est: 12,449 kg, mtom: 12,447 kg, residual: +2.24 kg


CONVERGED

CONVERGED STATE [MTOM iteration 11]
  MTOM=12,449 kg | Wing loading=225.65 kg/m^2 | P/W(climb)=254.82 W/kg
  Phase power: climb=3,172.3 kW | cruise=1,125.6 kW | takeoff=3,093.3 kW | cruise+charger=1,125.6 kW
  Power split (climb): FC=2,362.8 kW | Battery=787.6 kW | Compressor=21.9 kW | Cooling=1,083.8 kW | H2=64.360 g/s
  Compressor max across phases: 81.0 kW (cruise)
  FC representative phase (mass sizing): climb (2,384.7 kW)
  Mass summary: MTOM=12,449 kg | Powertrain=4,781 kg | Tank=1,564.8 kg | Fuel=695.5 kg | Battery=53.4 kg | Nacelle power density=0.58 kW/kg
  Geometry: Main wing area=55.17 m^2 | Horizontal tail area=6.595 m^2 | Horizontal tail location=20.620 m | Vertical tail area=6.690 m^2 | Vertical tail location=19.969 m
  Config: wing loading input=225.61 kg/m^2 | P/W TO/Cl/Cr=0.18089/0.18545/0.06102 kW/kg

=============================================================
========================= CONVERGED =========================
=============================================================
Constraint sizing: ENABLED (min_combined_pw)
Input W/S: 225.61 kg/m^2 (2,212.5 Pa)
Input P/W [kW/kg]: takeoff 0.18089, climb 0.18545, cruise 0.06102
-------------------------------------------------------------

Mission Time
Climb time: 0.00 min (0.00 h)
Cruise time: 395.09 min (6.58 h)
Total flight time: 417.09 min (6.95 h)

Phase Power Breakdown
Phase      Time[min]     Total[kW]    FC Stack[kW]   Battery[kW]   Compressor[kW]   Cooling[kW]
-----------------------------------------------------------------------------------------------
ready           0.00         158.6           158.6           0.0              0.0           0.0
taxi            5.00         317.2           317.2           0.0              0.0           0.0
takeoff         1.00       3,093.3         2,304.8         768.3             20.2         871.7
climb           0.00       3,172.3         2,362.8         787.6             21.9       1,083.8
cruise        395.09       1,125.6         1,044.6           0.0             81.0         470.4
loiter         15.00         112.6           104.5           0.0              8.1          47.0
landing         1.00           0.0             0.0           0.0              0.0           0.0

Pcomp_max (solved phases): 81.0 kW (cruise)
Pnet (climb): 2,865 kW
Pelectricnet (climb): 3,150 kW
eta_pt: 0.9031

Geometry
S_wing: 55.17 m^2
b_wing: 22.28 m
Lfus: 22.95 m
Ltank: 13.94 m
S_HT: 6.60 m^2
S_VT: 6.69 m^2
b_HT: 5.45 m
b_VT: 3.57 m
X_HT_act: 20.62 m
X_VT_act: 19.97 m

One Nacelle (1/2)
Stack(1/2): 726 kg, Compressor: 81 kg, Humidifier: 325 kg, HX: 912 kg
W_FCS_single_nacelle (W_Stack+W_Compressor+W_Humidifier+W_Hx): 2,044 kg
Representative FC phase: climb
Specific Power of Nacelle System: 0.583 kW/kg
dim_hx: dX=2.274 m, dY=2.274 m, dZ=0.197 m
dim_stack: dX=0.407 m, dY=0.446 m, dZ=0.446 m

ALL Nacelles
W_FCS_total: 4,087 kg
W_PMAD: 276 kg
W_Motors: 418 kg

-----------------------
W_Powertrain (W_FCS_total+W_PMAD+W_Motors): 4,781 kg
-----------------------
W_wing: 1,058 kg
W_Htail: 65 kg
W_Vtail: 103 kg
W_fuselage: 714 kg
W_lnd_gear_main: 243 kg
W_lnd_gear_nose: 65 kg
W_flight_control: 366 kg
W_electric_system: 300 kg
W_iae: 166 kg
W_hydraulics: 149 kg
W_fur: 625 kg
-----------------------
OEM: 3,854 kg
-----------------------
W_tank: 1,565 kg
W_fuel: 695.5 kg
W_batt: 53.4 kg
-----------------------
W_payload: 1,500 kg
-----------------------
MTOM_grouped (OEM+W_tank+W_fuel+W_batt+W_Powertrain+W_payload): 12,449 kg
MTOM: 12,449 kg
-----------------------

Wing loading (MTOM/S_wing): 225.65 kg/m^2
Power-to-weight (converged): 254.82 W/kg

mdot_H2(cruise): 29.0 g/s
Vtankex: 29.8 m^3
========================== END ==============================


=============================================================
Execution time: 121.3 seconds
=============================================================
