Auto-widening W/S scan window for min_combined_pw: 1900.0..2600.0 -> 1725.0..2775.0 Pa (factor 1.500, lower_hit=True, upper_hit=False, min_on_edge=False).
Auto-widening W/S scan window for min_combined_pw: 1725.0..2775.0 -> 1462.5..3037.5 Pa (factor 1.500, lower_hit=True, upper_hit=False, min_on_edge=False).
ADRpy constraint sizing (min_combined_pw): W/S=2262.5 Pa (230.71 kg/m^2), P/W_TO=0.18667 kW/kg, P/W_climb=0.19020 kW/kg, P/W_cruise=0.13001 kW/kg
Curve minimum (combined/combined): W/S=2262.5 Pa (230.71 kg/m^2), P/W=0.19020 kW/kg
Curve minimum (takeoff/take-off): W/S=1462.5 Pa (149.13 kg/m^2), P/W=0.10196 kW/kg
Curve minimum (climb/climb): W/S=2312.5 Pa (235.81 kg/m^2), P/W=0.18960 kW/kg
Curve minimum (cruise/cruise): W/S=2312.5 Pa (235.81 kg/m^2), P/W=0.12815 kW/kg
======================================================
======================= ITER 1 =======================
Reynolds_number: 10,980,528
Stack prop output power: 500 kW, Pcomp: 41.4 kW
Cell efficiency: 0.299, Output efficiency: 0.262
mdot_h2: 12.84 g/s
Reynolds_number: 10,980,528
Stack prop output power: 488 kW, Pcomp: 40.5 kW
Cell efficiency: 0.299, Output efficiency: 0.262
mdot_h2: 12.54 g/s
Reynolds_number: 10,980,528
Stack prop output power: 488 kW, Pcomp: 40.4 kW
Cell efficiency: 0.299, Output efficiency: 0.262
mdot_h2: 12.52 g/s
Reynolds_number: 10,980,528
Stack prop output power: 338 kW, Pcomp: 3.1 kW
Cell efficiency: 0.265, Output efficiency: 0.249
mdot_h2: 9.11 g/s
Reynolds_number: 10,980,528
Stack prop output power: 490 kW, Pcomp: 4.5 kW
Cell efficiency: 0.265, Output efficiency: 0.249
mdot_h2: 13.22 g/s
Reynolds_number: 10,980,528
Stack prop output power: 491 kW, Pcomp: 4.5 kW
Cell efficiency: 0.265, Output efficiency: 0.249
mdot_h2: 13.25 g/s
Reynolds_number: 6,709,346
Stack prop output power: 341 kW, Pcomp: 3.0 kW
Cell efficiency: 0.305, Output efficiency: 0.287
mdot_h2: 7.99 g/s
Reynolds_number: 6,709,346
Stack prop output power: 481 kW, Pcomp: 4.2 kW
Cell efficiency: 0.305, Output efficiency: 0.287
mdot_h2: 11.27 g/s
Reynolds_number: 6,709,346
Stack prop output power: 482 kW, Pcomp: 4.2 kW
Cell efficiency: 0.305, Output efficiency: 0.287
mdot_h2: 11.30 g/s
Reynolds_number: 10,980,528
Stack prop output power: 500 kW, Pcomp: 41.4 kW
Cell efficiency: 0.299, Output efficiency: 0.262
mdot_h2: 12.84 g/s
Reynolds_number: 10,980,528
Stack prop output power: 488 kW, Pcomp: 40.5 kW
Cell efficiency: 0.299, Output efficiency: 0.262
mdot_h2: 12.54 g/s
Reynolds_number: 10,980,528
Stack prop output power: 488 kW, Pcomp: 40.4 kW
Cell efficiency: 0.299, Output efficiency: 0.262
mdot_h2: 12.52 g/s
Fuel-cell system mass representative phase: climb (P_fc_sys=982.545 kW).

-----------------------
ptotal_climb: 1,307 kW, mtom_est: 5,154 kg, mtom: 5,000 kg, residual: +153.70 kg

MTOM update: initial_bracket_probe_1, relax=1.000 -> mtom_next=5,325.00 kg

======================================================
======================= ITER 2 =======================
Reynolds_number: 10,980,528
Stack prop output power: 487 kW, Pcomp: 40.4 kW
Cell efficiency: 0.299, Output efficiency: 0.262
mdot_h2: 12.51 g/s
Reynolds_number: 10,980,528
Stack prop output power: 516 kW, Pcomp: 42.8 kW
Cell efficiency: 0.299, Output efficiency: 0.262
mdot_h2: 13.26 g/s
Reynolds_number: 10,980,528
Stack prop output power: 519 kW, Pcomp: 43.0 kW
Cell efficiency: 0.299, Output efficiency: 0.262
mdot_h2: 13.32 g/s
Reynolds_number: 10,980,528
Stack prop output power: 481 kW, Pcomp: 4.4 kW
Cell efficiency: 0.265, Output efficiency: 0.249
mdot_h2: 12.97 g/s
Reynolds_number: 10,980,528
Stack prop output power: 523 kW, Pcomp: 4.8 kW
Cell efficiency: 0.265, Output efficiency: 0.249
mdot_h2: 14.10 g/s
Reynolds_number: 6,709,346
Stack prop output power: 472 kW, Pcomp: 4.1 kW
Cell efficiency: 0.305, Output efficiency: 0.287
mdot_h2: 11.06 g/s
Reynolds_number: 6,709,346
Stack prop output power: 513 kW, Pcomp: 4.5 kW
Cell efficiency: 0.305, Output efficiency: 0.287
mdot_h2: 12.03 g/s
Reynolds_number: 10,980,528
Stack prop output power: 487 kW, Pcomp: 40.4 kW
Cell efficiency: 0.299, Output efficiency: 0.262
mdot_h2: 12.51 g/s
Reynolds_number: 10,980,528
Stack prop output power: 516 kW, Pcomp: 42.8 kW
Cell efficiency: 0.299, Output efficiency: 0.262
mdot_h2: 13.26 g/s
Reynolds_number: 10,980,528
Stack prop output power: 519 kW, Pcomp: 43.0 kW
Cell efficiency: 0.299, Output efficiency: 0.262
mdot_h2: 13.32 g/s
Fuel-cell system mass representative phase: climb (P_fc_sys=1046.403 kW).

-----------------------
ptotal_climb: 1,392 kW, mtom_est: 5,378 kg, mtom: 5,325 kg, residual: +52.75 kg

MTOM update: initial_bracket_probe_2, relax=1.000 -> mtom_next=5,650.00 kg

======================================================
======================= ITER 3 =======================
Reynolds_number: 10,980,528
Stack prop output power: 519 kW, Pcomp: 43.0 kW
Cell efficiency: 0.299, Output efficiency: 0.262
mdot_h2: 13.33 g/s
Reynolds_number: 10,980,528
Stack prop output power: 548 kW, Pcomp: 45.4 kW
Cell efficiency: 0.299, Output efficiency: 0.262
mdot_h2: 14.07 g/s
Reynolds_number: 10,980,528
Stack prop output power: 551 kW, Pcomp: 45.6 kW
Cell efficiency: 0.299, Output efficiency: 0.262
mdot_h2: 14.13 g/s
Reynolds_number: 10,980,528
Stack prop output power: 513 kW, Pcomp: 4.7 kW
Cell efficiency: 0.265, Output efficiency: 0.249
mdot_h2: 13.83 g/s
Reynolds_number: 10,980,528
Stack prop output power: 555 kW, Pcomp: 5.1 kW
Cell efficiency: 0.265, Output efficiency: 0.249
mdot_h2: 14.97 g/s
Reynolds_number: 6,709,346
Stack prop output power: 503 kW, Pcomp: 4.4 kW
Cell efficiency: 0.305, Output efficiency: 0.287
mdot_h2: 11.79 g/s
Reynolds_number: 6,709,346
Stack prop output power: 544 kW, Pcomp: 4.7 kW
Cell efficiency: 0.305, Output efficiency: 0.287
mdot_h2: 12.76 g/s
Reynolds_number: 10,980,528
Stack prop output power: 519 kW, Pcomp: 43.0 kW
Cell efficiency: 0.299, Output efficiency: 0.262
mdot_h2: 13.33 g/s
Reynolds_number: 10,980,528
Stack prop output power: 548 kW, Pcomp: 45.4 kW
Cell efficiency: 0.299, Output efficiency: 0.262
mdot_h2: 14.07 g/s
Reynolds_number: 10,980,528
Stack prop output power: 551 kW, Pcomp: 45.6 kW
Cell efficiency: 0.299, Output efficiency: 0.262
mdot_h2: 14.13 g/s
Fuel-cell system mass representative phase: climb (P_fc_sys=1110.269 kW).

-----------------------
ptotal_climb: 1,477 kW, mtom_est: 5,598 kg, mtom: 5,650 kg, residual: -51.52 kg

MTOM update: newton, relax=1.000 -> mtom_next=5,489.41 kg

======================================================
======================= ITER 4 =======================
Reynolds_number: 10,980,528
Stack prop output power: 551 kW, Pcomp: 45.6 kW
Cell efficiency: 0.299, Output efficiency: 0.262
mdot_h2: 14.14 g/s
Reynolds_number: 10,980,528
Stack prop output power: 536 kW, Pcomp: 44.4 kW
Cell efficiency: 0.299, Output efficiency: 0.262
mdot_h2: 13.77 g/s
Reynolds_number: 10,980,528
Stack prop output power: 535 kW, Pcomp: 44.3 kW
Cell efficiency: 0.299, Output efficiency: 0.262
mdot_h2: 13.74 g/s
Reynolds_number: 10,980,528
Stack prop output power: 560 kW, Pcomp: 5.2 kW
Cell efficiency: 0.265, Output efficiency: 0.249
mdot_h2: 15.12 g/s
Reynolds_number: 10,980,528
Stack prop output power: 540 kW, Pcomp: 5.0 kW
Cell efficiency: 0.265, Output efficiency: 0.249
mdot_h2: 14.56 g/s
Reynolds_number: 6,709,346
Stack prop output power: 550 kW, Pcomp: 4.8 kW
Cell efficiency: 0.305, Output efficiency: 0.287
mdot_h2: 12.89 g/s
Reynolds_number: 6,709,346
Stack prop output power: 529 kW, Pcomp: 4.6 kW
Cell efficiency: 0.305, Output efficiency: 0.287
mdot_h2: 12.41 g/s
Reynolds_number: 10,980,528
Stack prop output power: 551 kW, Pcomp: 45.6 kW
Cell efficiency: 0.299, Output efficiency: 0.262
mdot_h2: 14.14 g/s
Reynolds_number: 10,980,528
Stack prop output power: 536 kW, Pcomp: 44.4 kW
Cell efficiency: 0.299, Output efficiency: 0.262
mdot_h2: 13.77 g/s
Reynolds_number: 10,980,528
Stack prop output power: 535 kW, Pcomp: 44.3 kW
Cell efficiency: 0.299, Output efficiency: 0.262
mdot_h2: 13.74 g/s
Fuel-cell system mass representative phase: climb (P_fc_sys=1078.723 kW).

-----------------------
ptotal_climb: 1,435 kW, mtom_est: 5,491 kg, mtom: 5,489 kg, residual: +1.36 kg


CONVERGED

CONVERGED STATE [MTOM iteration 4]
  MTOM=5,491 kg | Wing loading=230.77 kg/m^2 | P/W(climb)=261.34 W/kg
  Phase power: climb=1,435.0 kW | cruise=1,070.3 kW | takeoff=1,407.8 kW | cruise+charger=1,070.3 kW
  Power split (climb): FC=1,068.7 kW | Battery=356.2 kW | Compressor=10.0 kW | Cooling=486.0 kW | H2=29.112 g/s
  Compressor max across phases: 88.7 kW (cruise)
  FC representative phase (mass sizing): climb (1,078.7 kW)
  Mass summary: MTOM=5,491 kg | Powertrain=1,884 kg | Tank=553.8 kg | Fuel=246.1 kg | Battery=24.3 kg | Nacelle power density=0.69 kW/kg
  Geometry: Main wing area=23.79 m^2 | Horizontal tail area=3.236 m^2 | Horizontal tail location=12.132 m | Vertical tail area=3.258 m^2 | Vertical tail location=11.773 m
  Config: wing loading input=230.71 kg/m^2 | P/W TO/Cl/Cr=0.18667/0.19020/0.13001 kW/kg

=============================================================
========================= CONVERGED =========================
=============================================================
Constraint sizing: ENABLED (min_combined_pw)
Input W/S: 230.71 kg/m^2 (2,262.5 Pa)
Input P/W [kW/kg]: takeoff 0.18667, climb 0.19020, cruise 0.13001
-------------------------------------------------------------

Mission Time
Climb time: 0.00 min (0.00 h)
Cruise time: 146.34 min (2.44 h)
Total flight time: 168.34 min (2.81 h)

Phase Power Breakdown
Phase      Time[min]     Total[kW]    FC Stack[kW]   Battery[kW]   Compressor[kW]   Cooling[kW]
-----------------------------------------------------------------------------------------------
ready           0.00          71.7            71.7           0.0              0.0           0.0
taxi            5.00         143.5           143.5           0.0              0.0           0.0
takeoff         1.00       1,407.8         1,048.9         349.6              9.2         393.6
climb           0.00       1,435.0         1,068.7         356.2             10.0         486.0
cruise        146.34       1,070.3           981.6           0.0             88.7         439.2
loiter         15.00         107.0            98.2           0.0              8.9          43.9
landing         1.00           0.0             0.0           0.0              0.0           0.0

Pcomp_max (solved phases): 88.7 kW (cruise)
Pnet (climb): 1,296 kW
Pelectricnet (climb): 1,425 kW
eta_pt: 0.9031

Geometry
S_wing: 23.79 m^2
b_wing: 14.63 m
Lfus: 13.94 m
Ltank: 4.93 m
S_HT: 3.24 m^2
S_VT: 3.26 m^2
b_HT: 3.82 m
b_VT: 2.49 m
X_HT_act: 12.13 m
X_VT_act: 11.77 m

One Nacelle (1/2)
Stack(1/2): 328 kg, Compressor: 26 kg, Humidifier: 148 kg, HX: 283 kg
W_FCS_single_nacelle (W_Stack+W_Compressor+W_Humidifier+W_Hx): 785 kg
Representative FC phase: climb
Specific Power of Nacelle System: 0.687 kW/kg
dim_hx: dX=1.203 m, dY=1.203 m, dZ=0.219 m
dim_stack: dX=0.406 m, dY=0.300 m, dZ=0.300 m

ALL Nacelles
W_FCS_total: 1,571 kg
W_PMAD: 125 kg
W_Motors: 189 kg

-----------------------
W_Powertrain (W_FCS_total+W_PMAD+W_Motors): 1,884 kg
-----------------------
W_wing: 377 kg
W_Htail: 23 kg
W_Vtail: 46 kg
W_fuselage: 445 kg
W_lnd_gear_main: 243 kg
W_lnd_gear_nose: 65 kg
W_flight_control: 366 kg
W_electric_system: 300 kg
W_iae: 81 kg
W_hydraulics: 66 kg
W_fur: 422 kg
-----------------------
OEM: 2,432 kg
-----------------------
W_tank: 554 kg
W_fuel: 246.1 kg
W_batt: 24.3 kg
-----------------------
W_payload: 350 kg
-----------------------
MTOM_grouped (OEM+W_tank+W_fuel+W_batt+W_Powertrain+W_payload): 5,491 kg
MTOM: 5,491 kg
-----------------------

Wing loading (MTOM/S_wing): 230.77 kg/m^2
Power-to-weight (converged): 261.34 W/kg

mdot_H2(cruise): 27.5 g/s
Vtankex: 10.5 m^3
========================== END ==============================


=============================================================
Execution time: 43.4 seconds
=============================================================
