Auto-widening W/S scan window for min_combined_pw: 1900.0..2600.0 -> 1725.0..2775.0 Pa (factor 1.500, lower_hit=True, upper_hit=False, min_on_edge=False).
Auto-widening W/S scan window for min_combined_pw: 1725.0..2775.0 -> 1462.5..3037.5 Pa (factor 1.500, lower_hit=True, upper_hit=False, min_on_edge=False).
ADRpy constraint sizing (min_combined_pw): W/S=2262.5 Pa (230.71 kg/m^2), P/W_TO=0.18667 kW/kg, P/W_climb=0.18947 kW/kg, P/W_cruise=0.09679 kW/kg
Curve minimum (combined/combined): W/S=2262.5 Pa (230.71 kg/m^2), P/W=0.18947 kW/kg
Curve minimum (takeoff/take-off): W/S=1462.5 Pa (149.13 kg/m^2), P/W=0.10196 kW/kg
Curve minimum (climb/climb): W/S=2312.5 Pa (235.81 kg/m^2), P/W=0.18884 kW/kg
Curve minimum (cruise/cruise): W/S=2312.5 Pa (235.81 kg/m^2), P/W=0.09579 kW/kg
======================================================
======================= ITER 1 =======================
Reynolds_number: 9,580,620
Stack prop output power: 500 kW, Pcomp: 41.4 kW
Cell efficiency: 0.297, Output efficiency: 0.260
mdot_h2: 12.92 g/s
Reynolds_number: 9,580,620
Stack prop output power: 374 kW, Pcomp: 31.0 kW
Cell efficiency: 0.297, Output efficiency: 0.260
mdot_h2: 9.67 g/s
Reynolds_number: 9,580,620
Stack prop output power: 364 kW, Pcomp: 30.1 kW
Cell efficiency: 0.297, Output efficiency: 0.260
mdot_h2: 9.40 g/s
Reynolds_number: 9,580,620
Stack prop output power: 363 kW, Pcomp: 30.0 kW
Cell efficiency: 0.297, Output efficiency: 0.260
mdot_h2: 9.38 g/s
Reynolds_number: 9,580,620
Stack prop output power: 338 kW, Pcomp: 3.1 kW
Cell efficiency: 0.263, Output efficiency: 0.247
mdot_h2: 9.22 g/s
Reynolds_number: 9,580,620
Stack prop output power: 488 kW, Pcomp: 4.5 kW
Cell efficiency: 0.263, Output efficiency: 0.247
mdot_h2: 13.29 g/s
Reynolds_number: 9,580,620
Stack prop output power: 489 kW, Pcomp: 4.5 kW
Cell efficiency: 0.263, Output efficiency: 0.247
mdot_h2: 13.33 g/s
Reynolds_number: 6,709,346
Stack prop output power: 341 kW, Pcomp: 3.0 kW
Cell efficiency: 0.305, Output efficiency: 0.287
mdot_h2: 7.99 g/s
Reynolds_number: 6,709,346
Stack prop output power: 481 kW, Pcomp: 4.2 kW
Cell efficiency: 0.305, Output efficiency: 0.287
mdot_h2: 11.27 g/s
Reynolds_number: 6,709,346
Stack prop output power: 482 kW, Pcomp: 4.2 kW
Cell efficiency: 0.305, Output efficiency: 0.287
mdot_h2: 11.30 g/s
Reynolds_number: 9,580,620
Stack prop output power: 500 kW, Pcomp: 41.4 kW
Cell efficiency: 0.297, Output efficiency: 0.260
mdot_h2: 12.92 g/s
Reynolds_number: 9,580,620
Stack prop output power: 374 kW, Pcomp: 31.0 kW
Cell efficiency: 0.297, Output efficiency: 0.260
mdot_h2: 9.67 g/s
Reynolds_number: 9,580,620
Stack prop output power: 364 kW, Pcomp: 30.1 kW
Cell efficiency: 0.297, Output efficiency: 0.260
mdot_h2: 9.40 g/s
Reynolds_number: 9,580,620
Stack prop output power: 363 kW, Pcomp: 30.0 kW
Cell efficiency: 0.297, Output efficiency: 0.260
mdot_h2: 9.38 g/s
Fuel-cell system mass representative phase: climb (P_fc_sys=978.831 kW).

-----------------------
ptotal_climb: 1,302 kW, mtom_est: 5,250 kg, mtom: 5,000 kg, residual: +249.55 kg

MTOM update: initial_bracket_probe_1, relax=1.000 -> mtom_next=5,325.00 kg

======================================================
======================= ITER 2 =======================
Reynolds_number: 9,580,620
Stack prop output power: 363 kW, Pcomp: 30.0 kW
Cell efficiency: 0.297, Output efficiency: 0.260
mdot_h2: 9.38 g/s
Reynolds_number: 9,580,620
Stack prop output power: 384 kW, Pcomp: 31.8 kW
Cell efficiency: 0.297, Output efficiency: 0.260
mdot_h2: 9.94 g/s
Reynolds_number: 9,580,620
Stack prop output power: 386 kW, Pcomp: 32.0 kW
Cell efficiency: 0.297, Output efficiency: 0.260
mdot_h2: 9.98 g/s
Reynolds_number: 9,580,620
Stack prop output power: 479 kW, Pcomp: 4.4 kW
Cell efficiency: 0.263, Output efficiency: 0.247
mdot_h2: 13.04 g/s
Reynolds_number: 9,580,620
Stack prop output power: 521 kW, Pcomp: 4.8 kW
Cell efficiency: 0.263, Output efficiency: 0.247
mdot_h2: 14.18 g/s
Reynolds_number: 6,709,346
Stack prop output power: 472 kW, Pcomp: 4.1 kW
Cell efficiency: 0.305, Output efficiency: 0.287
mdot_h2: 11.06 g/s
Reynolds_number: 6,709,346
Stack prop output power: 513 kW, Pcomp: 4.5 kW
Cell efficiency: 0.305, Output efficiency: 0.287
mdot_h2: 12.03 g/s
Reynolds_number: 9,580,620
Stack prop output power: 363 kW, Pcomp: 30.0 kW
Cell efficiency: 0.297, Output efficiency: 0.260
mdot_h2: 9.38 g/s
Reynolds_number: 9,580,620
Stack prop output power: 384 kW, Pcomp: 31.8 kW
Cell efficiency: 0.297, Output efficiency: 0.260
mdot_h2: 9.94 g/s
Reynolds_number: 9,580,620
Stack prop output power: 386 kW, Pcomp: 32.0 kW
Cell efficiency: 0.297, Output efficiency: 0.260
mdot_h2: 9.98 g/s
Fuel-cell system mass representative phase: climb (P_fc_sys=1042.448 kW).

-----------------------
ptotal_climb: 1,387 kW, mtom_est: 5,456 kg, mtom: 5,325 kg, residual: +130.62 kg

MTOM update: initial_bracket_probe_2, relax=1.000 -> mtom_next=5,650.00 kg

======================================================
======================= ITER 3 =======================
Reynolds_number: 9,580,620
Stack prop output power: 386 kW, Pcomp: 32.0 kW
Cell efficiency: 0.297, Output efficiency: 0.260
mdot_h2: 9.99 g/s
Reynolds_number: 9,580,620
Stack prop output power: 408 kW, Pcomp: 33.8 kW
Cell efficiency: 0.297, Output efficiency: 0.260
mdot_h2: 10.55 g/s
Reynolds_number: 9,580,620
Stack prop output power: 410 kW, Pcomp: 33.9 kW
Cell efficiency: 0.297, Output efficiency: 0.260
mdot_h2: 10.59 g/s
Reynolds_number: 9,580,620
Stack prop output power: 511 kW, Pcomp: 4.7 kW
Cell efficiency: 0.263, Output efficiency: 0.247
mdot_h2: 13.91 g/s
Reynolds_number: 9,580,620
Stack prop output power: 553 kW, Pcomp: 5.1 kW
Cell efficiency: 0.263, Output efficiency: 0.247
mdot_h2: 15.05 g/s
Reynolds_number: 6,709,346
Stack prop output power: 503 kW, Pcomp: 4.4 kW
Cell efficiency: 0.305, Output efficiency: 0.287
mdot_h2: 11.79 g/s
Reynolds_number: 6,709,346
Stack prop output power: 544 kW, Pcomp: 4.7 kW
Cell efficiency: 0.305, Output efficiency: 0.287
mdot_h2: 12.76 g/s
Reynolds_number: 9,580,620
Stack prop output power: 386 kW, Pcomp: 32.0 kW
Cell efficiency: 0.297, Output efficiency: 0.260
mdot_h2: 9.99 g/s
Reynolds_number: 9,580,620
Stack prop output power: 408 kW, Pcomp: 33.8 kW
Cell efficiency: 0.297, Output efficiency: 0.260
mdot_h2: 10.55 g/s
Reynolds_number: 9,580,620
Stack prop output power: 410 kW, Pcomp: 33.9 kW
Cell efficiency: 0.297, Output efficiency: 0.260
mdot_h2: 10.59 g/s
Fuel-cell system mass representative phase: climb (P_fc_sys=1106.072 kW).

-----------------------
ptotal_climb: 1,471 kW, mtom_est: 5,664 kg, mtom: 5,650 kg, residual: +14.25 kg

MTOM update: fixed_point_prebracket, relax=1.000 -> mtom_next=5,661.40 kg

======================================================
======================= ITER 4 =======================
Reynolds_number: 9,580,620
Stack prop output power: 410 kW, Pcomp: 33.9 kW
Cell efficiency: 0.297, Output efficiency: 0.260
mdot_h2: 10.60 g/s
Reynolds_number: 9,580,620
Stack prop output power: 411 kW, Pcomp: 34.0 kW
Cell efficiency: 0.297, Output efficiency: 0.260
mdot_h2: 10.62 g/s
Reynolds_number: 9,580,620
Stack prop output power: 553 kW, Pcomp: 5.1 kW
Cell efficiency: 0.263, Output efficiency: 0.247
mdot_h2: 15.05 g/s
Reynolds_number: 9,580,620
Stack prop output power: 554 kW, Pcomp: 5.1 kW
Cell efficiency: 0.263, Output efficiency: 0.247
mdot_h2: 15.09 g/s
Reynolds_number: 6,709,346
Stack prop output power: 544 kW, Pcomp: 4.7 kW
Cell efficiency: 0.305, Output efficiency: 0.287
mdot_h2: 12.76 g/s
Reynolds_number: 6,709,346
Stack prop output power: 546 kW, Pcomp: 4.8 kW
Cell efficiency: 0.305, Output efficiency: 0.287
mdot_h2: 12.79 g/s
Reynolds_number: 9,580,620
Stack prop output power: 410 kW, Pcomp: 33.9 kW
Cell efficiency: 0.297, Output efficiency: 0.260
mdot_h2: 10.60 g/s
Reynolds_number: 9,580,620
Stack prop output power: 411 kW, Pcomp: 34.0 kW
Cell efficiency: 0.297, Output efficiency: 0.260
mdot_h2: 10.62 g/s
Fuel-cell system mass representative phase: climb (P_fc_sys=1108.311 kW).

-----------------------
ptotal_climb: 1,474 kW, mtom_est: 5,672 kg, mtom: 5,661 kg, residual: +10.69 kg

MTOM update: fixed_point_prebracket, relax=1.000 -> mtom_next=5,669.95 kg

======================================================
======================= ITER 5 =======================
Reynolds_number: 9,580,620
Stack prop output power: 411 kW, Pcomp: 34.0 kW
Cell efficiency: 0.297, Output efficiency: 0.260
mdot_h2: 10.62 g/s
Reynolds_number: 9,580,620
Stack prop output power: 411 kW, Pcomp: 34.1 kW
Cell efficiency: 0.297, Output efficiency: 0.260
mdot_h2: 10.63 g/s
Reynolds_number: 9,580,620
Stack prop output power: 554 kW, Pcomp: 5.1 kW
Cell efficiency: 0.263, Output efficiency: 0.247
mdot_h2: 15.08 g/s
Reynolds_number: 9,580,620
Stack prop output power: 555 kW, Pcomp: 5.1 kW
Cell efficiency: 0.263, Output efficiency: 0.247
mdot_h2: 15.11 g/s
Reynolds_number: 6,709,346
Stack prop output power: 545 kW, Pcomp: 4.7 kW
Cell efficiency: 0.305, Output efficiency: 0.287
mdot_h2: 12.79 g/s
Reynolds_number: 6,709,346
Stack prop output power: 546 kW, Pcomp: 4.8 kW
Cell efficiency: 0.305, Output efficiency: 0.287
mdot_h2: 12.81 g/s
Reynolds_number: 9,580,620
Stack prop output power: 411 kW, Pcomp: 34.0 kW
Cell efficiency: 0.297, Output efficiency: 0.260
mdot_h2: 10.62 g/s
Reynolds_number: 9,580,620
Stack prop output power: 411 kW, Pcomp: 34.1 kW
Cell efficiency: 0.297, Output efficiency: 0.260
mdot_h2: 10.63 g/s
Fuel-cell system mass representative phase: climb (P_fc_sys=1109.985 kW).

-----------------------
ptotal_climb: 1,477 kW, mtom_est: 5,678 kg, mtom: 5,670 kg, residual: +8.53 kg

MTOM update: fixed_point_prebracket, relax=1.000 -> mtom_next=5,676.77 kg

======================================================
======================= ITER 6 =======================
Reynolds_number: 9,580,620
Stack prop output power: 411 kW, Pcomp: 34.1 kW
Cell efficiency: 0.297, Output efficiency: 0.260
mdot_h2: 10.63 g/s
Reynolds_number: 9,580,620
Stack prop output power: 555 kW, Pcomp: 5.1 kW
Cell efficiency: 0.263, Output efficiency: 0.247
mdot_h2: 15.11 g/s
Reynolds_number: 9,580,620
Stack prop output power: 556 kW, Pcomp: 5.1 kW
Cell efficiency: 0.263, Output efficiency: 0.247
mdot_h2: 15.13 g/s
Reynolds_number: 6,709,346
Stack prop output power: 546 kW, Pcomp: 4.8 kW
Cell efficiency: 0.305, Output efficiency: 0.287
mdot_h2: 12.81 g/s
Reynolds_number: 6,709,346
Stack prop output power: 547 kW, Pcomp: 4.8 kW
Cell efficiency: 0.305, Output efficiency: 0.287
mdot_h2: 12.83 g/s
Reynolds_number: 9,580,620
Stack prop output power: 411 kW, Pcomp: 34.1 kW
Cell efficiency: 0.297, Output efficiency: 0.260
mdot_h2: 10.63 g/s
Fuel-cell system mass representative phase: climb (P_fc_sys=1111.321 kW).

-----------------------
ptotal_climb: 1,478 kW, mtom_est: 5,682 kg, mtom: 5,677 kg, residual: +4.91 kg


CONVERGED

CONVERGED STATE [MTOM iteration 6]
  MTOM=5,682 kg | Wing loading=230.91 kg/m^2 | P/W(climb)=260.19 W/kg
  Phase power: climb=1,478.3 kW | cruise=823.9 kW | takeoff=1,455.8 kW | cruise+charger=823.9 kW
  Power split (climb): FC=1,101.0 kW | Battery=367.0 kW | Compressor=10.3 kW | Cooling=506.8 kW | H2=30.265 g/s
  Compressor max across phases: 68.1 kW (cruise)
  FC representative phase (mass sizing): climb (1,111.3 kW)
  Mass summary: MTOM=5,682 kg | Powertrain=2,036 kg | Tank=391.5 kg | Fuel=174.0 kg | Battery=25.1 kg | Nacelle power density=0.65 kW/kg
  Geometry: Main wing area=24.61 m^2 | Horizontal tail area=3.988 m^2 | Horizontal tail location=10.553 m | Vertical tail area=4.064 m^2 | Vertical tail location=10.108 m
  Config: wing loading input=230.71 kg/m^2 | P/W TO/Cl/Cr=0.18667/0.18947/0.09679 kW/kg

=============================================================
========================= CONVERGED =========================
=============================================================
Constraint sizing: ENABLED (min_combined_pw)
Input W/S: 230.71 kg/m^2 (2,262.5 Pa)
Input P/W [kW/kg]: takeoff 0.18667, climb 0.18947, cruise 0.09679
-------------------------------------------------------------

Mission Time
Climb time: 0.00 min (0.00 h)
Cruise time: 132.93 min (2.22 h)
Total flight time: 154.93 min (2.58 h)

Phase Power Breakdown
Phase      Time[min]     Total[kW]    FC Stack[kW]   Battery[kW]   Compressor[kW]   Cooling[kW]
-----------------------------------------------------------------------------------------------
ready           0.00          73.9            73.9           0.0              0.0           0.0
taxi            5.00         147.8           147.8           0.0              0.0           0.0
takeoff         1.00       1,455.8         1,084.7         361.6              9.5         406.8
climb           0.00       1,478.3         1,101.0         367.0             10.3         506.8
cruise        132.93         823.9           755.7           0.0             68.1         340.9
loiter         15.00          82.4            75.6           0.0              6.8          34.1
landing         1.00           0.0             0.0           0.0              0.0           0.0

Pcomp_max (solved phases): 68.1 kW (cruise)
Pnet (climb): 1,335 kW
Pelectricnet (climb): 1,468 kW
eta_pt: 0.9031

Geometry
S_wing: 24.61 m^2
b_wing: 14.88 m
Lfus: 12.50 m
Ltank: 3.49 m
S_HT: 3.99 m^2
S_VT: 4.06 m^2
b_HT: 4.24 m
b_VT: 2.78 m
X_HT_act: 10.55 m
X_VT_act: 10.11 m

One Nacelle (1/2)
Stack(1/2): 341 kg, Compressor: 28 kg, Humidifier: 156 kg, HX: 331 kg
W_FCS_single_nacelle (W_Stack+W_Compressor+W_Humidifier+W_Hx): 856 kg
Representative FC phase: climb
Specific Power of Nacelle System: 0.649 kW/kg
dim_hx: dX=1.323 m, dY=1.323 m, dZ=0.211 m
dim_stack: dX=0.410 m, dY=0.304 m, dZ=0.304 m

ALL Nacelles
W_FCS_total: 1,713 kg
W_PMAD: 129 kg
W_Motors: 195 kg

-----------------------
W_Powertrain (W_FCS_total+W_PMAD+W_Motors): 2,036 kg
-----------------------
W_wing: 392 kg
W_Htail: 27 kg
W_Vtail: 52 kg
W_fuselage: 372 kg
W_lnd_gear_main: 243 kg
W_lnd_gear_nose: 65 kg
W_flight_control: 366 kg
W_electric_system: 300 kg
W_iae: 83 kg
W_hydraulics: 68 kg
W_fur: 387 kg
-----------------------
OEM: 2,355 kg
-----------------------
W_tank: 392 kg
W_fuel: 174.0 kg
W_batt: 25.1 kg
-----------------------
W_payload: 700 kg
-----------------------
MTOM_grouped (OEM+W_tank+W_fuel+W_batt+W_Powertrain+W_payload): 5,682 kg
MTOM: 5,682 kg
-----------------------

Wing loading (MTOM/S_wing): 230.91 kg/m^2
Power-to-weight (converged): 260.19 W/kg

mdot_H2(cruise): 21.3 g/s
Vtankex: 7.5 m^3
========================== END ==============================


=============================================================
Execution time: 55.8 seconds
=============================================================
