Auto-widening W/S scan window for min_combined_pw: 1900.0..2600.0 -> 1725.0..2775.0 Pa (factor 1.500, lower_hit=True, upper_hit=False, min_on_edge=False).
Auto-widening W/S scan window for min_combined_pw: 1725.0..2775.0 -> 1462.5..3037.5 Pa (factor 1.500, lower_hit=True, upper_hit=False, min_on_edge=False).
ADRpy constraint sizing (min_combined_pw): W/S=2262.5 Pa (230.71 kg/m^2), P/W_TO=0.18667 kW/kg, P/W_climb=0.18947 kW/kg, P/W_cruise=0.09679 kW/kg
Curve minimum (combined/combined): W/S=2262.5 Pa (230.71 kg/m^2), P/W=0.18947 kW/kg
Curve minimum (takeoff/take-off): W/S=1462.5 Pa (149.13 kg/m^2), P/W=0.10196 kW/kg
Curve minimum (climb/climb): W/S=2312.5 Pa (235.81 kg/m^2), P/W=0.18884 kW/kg
Curve minimum (cruise/cruise): W/S=2312.5 Pa (235.81 kg/m^2), P/W=0.09579 kW/kg
======================================================
======================= ITER 1 =======================
Reynolds_number: 9,580,620
Stack prop output power: 500 kW, Pcomp: 41.4 kW
Cell efficiency: 0.297, Output efficiency: 0.260
mdot_h2: 12.92 g/s
Reynolds_number: 9,580,620
Stack prop output power: 374 kW, Pcomp: 31.0 kW
Cell efficiency: 0.297, Output efficiency: 0.260
mdot_h2: 9.67 g/s
Reynolds_number: 9,580,620
Stack prop output power: 364 kW, Pcomp: 30.1 kW
Cell efficiency: 0.297, Output efficiency: 0.260
mdot_h2: 9.40 g/s
Reynolds_number: 9,580,620
Stack prop output power: 363 kW, Pcomp: 30.0 kW
Cell efficiency: 0.297, Output efficiency: 0.260
mdot_h2: 9.38 g/s
Reynolds_number: 9,580,620
Stack prop output power: 338 kW, Pcomp: 3.1 kW
Cell efficiency: 0.263, Output efficiency: 0.247
mdot_h2: 9.22 g/s
Reynolds_number: 9,580,620
Stack prop output power: 488 kW, Pcomp: 4.5 kW
Cell efficiency: 0.263, Output efficiency: 0.247
mdot_h2: 13.29 g/s
Reynolds_number: 9,580,620
Stack prop output power: 489 kW, Pcomp: 4.5 kW
Cell efficiency: 0.263, Output efficiency: 0.247
mdot_h2: 13.33 g/s
Reynolds_number: 6,709,346
Stack prop output power: 341 kW, Pcomp: 3.0 kW
Cell efficiency: 0.305, Output efficiency: 0.287
mdot_h2: 7.99 g/s
Reynolds_number: 6,709,346
Stack prop output power: 481 kW, Pcomp: 4.2 kW
Cell efficiency: 0.305, Output efficiency: 0.287
mdot_h2: 11.27 g/s
Reynolds_number: 6,709,346
Stack prop output power: 482 kW, Pcomp: 4.2 kW
Cell efficiency: 0.305, Output efficiency: 0.287
mdot_h2: 11.30 g/s
Reynolds_number: 9,580,620
Stack prop output power: 500 kW, Pcomp: 41.4 kW
Cell efficiency: 0.297, Output efficiency: 0.260
mdot_h2: 12.92 g/s
Reynolds_number: 9,580,620
Stack prop output power: 374 kW, Pcomp: 31.0 kW
Cell efficiency: 0.297, Output efficiency: 0.260
mdot_h2: 9.67 g/s
Reynolds_number: 9,580,620
Stack prop output power: 364 kW, Pcomp: 30.1 kW
Cell efficiency: 0.297, Output efficiency: 0.260
mdot_h2: 9.40 g/s
Reynolds_number: 9,580,620
Stack prop output power: 363 kW, Pcomp: 30.0 kW
Cell efficiency: 0.297, Output efficiency: 0.260
mdot_h2: 9.38 g/s
Fuel-cell system mass representative phase: climb (P_fc_sys=978.831 kW).

-----------------------
ptotal_climb: 1,302 kW, mtom_est: 6,407 kg, mtom: 5,000 kg, residual: +1,407.43 kg

MTOM update: initial_bracket_probe_1, relax=1.000 -> mtom_next=5,325.00 kg

======================================================
======================= ITER 2 =======================
Reynolds_number: 9,580,620
Stack prop output power: 363 kW, Pcomp: 30.0 kW
Cell efficiency: 0.297, Output efficiency: 0.260
mdot_h2: 9.38 g/s
Reynolds_number: 9,580,620
Stack prop output power: 384 kW, Pcomp: 31.8 kW
Cell efficiency: 0.297, Output efficiency: 0.260
mdot_h2: 9.94 g/s
Reynolds_number: 9,580,620
Stack prop output power: 386 kW, Pcomp: 32.0 kW
Cell efficiency: 0.297, Output efficiency: 0.260
mdot_h2: 9.98 g/s
Reynolds_number: 9,580,620
Stack prop output power: 479 kW, Pcomp: 4.4 kW
Cell efficiency: 0.263, Output efficiency: 0.247
mdot_h2: 13.04 g/s
Reynolds_number: 9,580,620
Stack prop output power: 521 kW, Pcomp: 4.8 kW
Cell efficiency: 0.263, Output efficiency: 0.247
mdot_h2: 14.18 g/s
Reynolds_number: 6,709,346
Stack prop output power: 472 kW, Pcomp: 4.1 kW
Cell efficiency: 0.305, Output efficiency: 0.287
mdot_h2: 11.06 g/s
Reynolds_number: 6,709,346
Stack prop output power: 513 kW, Pcomp: 4.5 kW
Cell efficiency: 0.305, Output efficiency: 0.287
mdot_h2: 12.03 g/s
Reynolds_number: 9,580,620
Stack prop output power: 363 kW, Pcomp: 30.0 kW
Cell efficiency: 0.297, Output efficiency: 0.260
mdot_h2: 9.38 g/s
Reynolds_number: 9,580,620
Stack prop output power: 384 kW, Pcomp: 31.8 kW
Cell efficiency: 0.297, Output efficiency: 0.260
mdot_h2: 9.94 g/s
Reynolds_number: 9,580,620
Stack prop output power: 386 kW, Pcomp: 32.0 kW
Cell efficiency: 0.297, Output efficiency: 0.260
mdot_h2: 9.98 g/s
Fuel-cell system mass representative phase: climb (P_fc_sys=1042.448 kW).

-----------------------
ptotal_climb: 1,387 kW, mtom_est: 6,636 kg, mtom: 5,325 kg, residual: +1,311.43 kg

MTOM update: initial_bracket_probe_2, relax=1.000 -> mtom_next=5,650.00 kg

======================================================
======================= ITER 3 =======================
Reynolds_number: 9,580,620
Stack prop output power: 386 kW, Pcomp: 32.0 kW
Cell efficiency: 0.297, Output efficiency: 0.260
mdot_h2: 9.99 g/s
Reynolds_number: 9,580,620
Stack prop output power: 408 kW, Pcomp: 33.8 kW
Cell efficiency: 0.297, Output efficiency: 0.260
mdot_h2: 10.55 g/s
Reynolds_number: 9,580,620
Stack prop output power: 410 kW, Pcomp: 33.9 kW
Cell efficiency: 0.297, Output efficiency: 0.260
mdot_h2: 10.59 g/s
Reynolds_number: 9,580,620
Stack prop output power: 511 kW, Pcomp: 4.7 kW
Cell efficiency: 0.263, Output efficiency: 0.247
mdot_h2: 13.91 g/s
Reynolds_number: 9,580,620
Stack prop output power: 553 kW, Pcomp: 5.1 kW
Cell efficiency: 0.263, Output efficiency: 0.247
mdot_h2: 15.05 g/s
Reynolds_number: 6,709,346
Stack prop output power: 503 kW, Pcomp: 4.4 kW
Cell efficiency: 0.305, Output efficiency: 0.287
mdot_h2: 11.79 g/s
Reynolds_number: 6,709,346
Stack prop output power: 544 kW, Pcomp: 4.7 kW
Cell efficiency: 0.305, Output efficiency: 0.287
mdot_h2: 12.76 g/s
Reynolds_number: 9,580,620
Stack prop output power: 386 kW, Pcomp: 32.0 kW
Cell efficiency: 0.297, Output efficiency: 0.260
mdot_h2: 9.99 g/s
Reynolds_number: 9,580,620
Stack prop output power: 408 kW, Pcomp: 33.8 kW
Cell efficiency: 0.297, Output efficiency: 0.260
mdot_h2: 10.55 g/s
Reynolds_number: 9,580,620
Stack prop output power: 410 kW, Pcomp: 33.9 kW
Cell efficiency: 0.297, Output efficiency: 0.260
mdot_h2: 10.59 g/s
Fuel-cell system mass representative phase: climb (P_fc_sys=1106.072 kW).

-----------------------
ptotal_climb: 1,471 kW, mtom_est: 6,868 kg, mtom: 5,650 kg, residual: +1,218.21 kg

MTOM update: fixed_point_prebracket, relax=1.000 -> mtom_next=6,497.50 kg

======================================================
======================= ITER 4 =======================
Reynolds_number: 9,580,620
Stack prop output power: 410 kW, Pcomp: 33.9 kW
Cell efficiency: 0.297, Output efficiency: 0.260
mdot_h2: 10.60 g/s
Reynolds_number: 9,580,620
Stack prop output power: 466 kW, Pcomp: 38.6 kW
Cell efficiency: 0.297, Output efficiency: 0.260
mdot_h2: 12.05 g/s
Reynolds_number: 9,580,620
Stack prop output power: 471 kW, Pcomp: 39.0 kW
Cell efficiency: 0.297, Output efficiency: 0.260
mdot_h2: 12.18 g/s
Reynolds_number: 9,580,620
Stack prop output power: 526 kW, Pcomp: 4.9 kW
Cell efficiency: 0.263, Output efficiency: 0.247
mdot_h2: 14.31 g/s
Reynolds_number: 9,580,620
Stack prop output power: 635 kW, Pcomp: 5.9 kW
Cell efficiency: 0.263, Output efficiency: 0.247
mdot_h2: 17.29 g/s
Reynolds_number: 9,580,620
Stack prop output power: 636 kW, Pcomp: 5.9 kW
Cell efficiency: 0.263, Output efficiency: 0.247
mdot_h2: 17.32 g/s
Reynolds_number: 6,709,346
Stack prop output power: 518 kW, Pcomp: 4.5 kW
Cell efficiency: 0.305, Output efficiency: 0.287
mdot_h2: 12.14 g/s
Reynolds_number: 6,709,346
Stack prop output power: 625 kW, Pcomp: 5.4 kW
Cell efficiency: 0.305, Output efficiency: 0.287
mdot_h2: 14.66 g/s
Reynolds_number: 6,709,346
Stack prop output power: 626 kW, Pcomp: 5.5 kW
Cell efficiency: 0.305, Output efficiency: 0.287
mdot_h2: 14.68 g/s
Reynolds_number: 9,580,620
Stack prop output power: 410 kW, Pcomp: 33.9 kW
Cell efficiency: 0.297, Output efficiency: 0.260
mdot_h2: 10.60 g/s
Reynolds_number: 9,580,620
Stack prop output power: 466 kW, Pcomp: 38.6 kW
Cell efficiency: 0.297, Output efficiency: 0.260
mdot_h2: 12.05 g/s
Reynolds_number: 9,580,620
Stack prop output power: 471 kW, Pcomp: 39.0 kW
Cell efficiency: 0.297, Output efficiency: 0.260
mdot_h2: 12.18 g/s
Fuel-cell system mass representative phase: climb (P_fc_sys=1271.991 kW).

-----------------------
ptotal_climb: 1,692 kW, mtom_est: 7,475 kg, mtom: 6,498 kg, residual: +977.92 kg

MTOM update: fixed_point_prebracket, relax=1.000 -> mtom_next=7,279.84 kg

======================================================
======================= ITER 5 =======================
Reynolds_number: 9,580,620
Stack prop output power: 472 kW, Pcomp: 39.0 kW
Cell efficiency: 0.297, Output efficiency: 0.260
mdot_h2: 12.19 g/s
Reynolds_number: 9,580,620
Stack prop output power: 524 kW, Pcomp: 43.3 kW
Cell efficiency: 0.297, Output efficiency: 0.260
mdot_h2: 13.53 g/s
Reynolds_number: 9,580,620
Stack prop output power: 528 kW, Pcomp: 43.7 kW
Cell efficiency: 0.297, Output efficiency: 0.260
mdot_h2: 13.64 g/s
Reynolds_number: 9,580,620
Stack prop output power: 611 kW, Pcomp: 5.7 kW
Cell efficiency: 0.263, Output efficiency: 0.247
mdot_h2: 16.63 g/s
Reynolds_number: 9,580,620
Stack prop output power: 712 kW, Pcomp: 6.6 kW
Cell efficiency: 0.263, Output efficiency: 0.247
mdot_h2: 19.38 g/s
Reynolds_number: 9,580,620
Stack prop output power: 713 kW, Pcomp: 6.6 kW
Cell efficiency: 0.263, Output efficiency: 0.247
mdot_h2: 19.41 g/s
Reynolds_number: 6,709,346
Stack prop output power: 601 kW, Pcomp: 5.2 kW
Cell efficiency: 0.305, Output efficiency: 0.287
mdot_h2: 14.10 g/s
Reynolds_number: 6,709,346
Stack prop output power: 701 kW, Pcomp: 6.1 kW
Cell efficiency: 0.305, Output efficiency: 0.287
mdot_h2: 16.43 g/s
Reynolds_number: 6,709,346
Stack prop output power: 702 kW, Pcomp: 6.1 kW
Cell efficiency: 0.305, Output efficiency: 0.287
mdot_h2: 16.45 g/s
Reynolds_number: 9,580,620
Stack prop output power: 472 kW, Pcomp: 39.0 kW
Cell efficiency: 0.297, Output efficiency: 0.260
mdot_h2: 12.19 g/s
Reynolds_number: 9,580,620
Stack prop output power: 524 kW, Pcomp: 43.3 kW
Cell efficiency: 0.297, Output efficiency: 0.260
mdot_h2: 13.53 g/s
Reynolds_number: 9,580,620
Stack prop output power: 528 kW, Pcomp: 43.7 kW
Cell efficiency: 0.297, Output efficiency: 0.260
mdot_h2: 13.64 g/s
Fuel-cell system mass representative phase: climb (P_fc_sys=1425.146 kW).

-----------------------
ptotal_climb: 1,896 kW, mtom_est: 8,035 kg, mtom: 7,280 kg, residual: +755.17 kg

MTOM update: fixed_point_prebracket, relax=1.000 -> mtom_next=7,883.97 kg

======================================================
======================= ITER 6 =======================
Reynolds_number: 9,580,620
Stack prop output power: 528 kW, Pcomp: 43.7 kW
Cell efficiency: 0.297, Output efficiency: 0.260
mdot_h2: 13.65 g/s
Reynolds_number: 9,580,620
Stack prop output power: 569 kW, Pcomp: 47.1 kW
Cell efficiency: 0.297, Output efficiency: 0.260
mdot_h2: 14.69 g/s
Reynolds_number: 9,580,620
Stack prop output power: 572 kW, Pcomp: 47.3 kW
Cell efficiency: 0.297, Output efficiency: 0.260
mdot_h2: 14.78 g/s
Reynolds_number: 9,580,620
Stack prop output power: 693 kW, Pcomp: 6.4 kW
Cell efficiency: 0.263, Output efficiency: 0.247
mdot_h2: 18.87 g/s
Reynolds_number: 9,580,620
Stack prop output power: 771 kW, Pcomp: 7.1 kW
Cell efficiency: 0.263, Output efficiency: 0.247
mdot_h2: 21.00 g/s
Reynolds_number: 9,580,620
Stack prop output power: 772 kW, Pcomp: 7.1 kW
Cell efficiency: 0.263, Output efficiency: 0.247
mdot_h2: 21.02 g/s
Reynolds_number: 6,709,346
Stack prop output power: 682 kW, Pcomp: 5.9 kW
Cell efficiency: 0.305, Output efficiency: 0.287
mdot_h2: 16.00 g/s
Reynolds_number: 6,709,346
Stack prop output power: 759 kW, Pcomp: 6.6 kW
Cell efficiency: 0.305, Output efficiency: 0.287
mdot_h2: 17.80 g/s
Reynolds_number: 6,709,346
Stack prop output power: 760 kW, Pcomp: 6.6 kW
Cell efficiency: 0.305, Output efficiency: 0.287
mdot_h2: 17.82 g/s
Reynolds_number: 9,580,620
Stack prop output power: 528 kW, Pcomp: 43.7 kW
Cell efficiency: 0.297, Output efficiency: 0.260
mdot_h2: 13.65 g/s
Reynolds_number: 9,580,620
Stack prop output power: 569 kW, Pcomp: 47.1 kW
Cell efficiency: 0.297, Output efficiency: 0.260
mdot_h2: 14.69 g/s
Reynolds_number: 9,580,620
Stack prop output power: 572 kW, Pcomp: 47.3 kW
Cell efficiency: 0.297, Output efficiency: 0.260
mdot_h2: 14.78 g/s
Fuel-cell system mass representative phase: climb (P_fc_sys=1543.416 kW).

-----------------------
ptotal_climb: 2,053 kW, mtom_est: 8,472 kg, mtom: 7,884 kg, residual: +588.25 kg

MTOM update: fixed_point_prebracket, relax=1.000 -> mtom_next=8,354.57 kg

======================================================
======================= ITER 7 =======================
Reynolds_number: 9,580,620
Stack prop output power: 572 kW, Pcomp: 47.4 kW
Cell efficiency: 0.297, Output efficiency: 0.260
mdot_h2: 14.79 g/s
Reynolds_number: 9,580,620
Stack prop output power: 603 kW, Pcomp: 50.0 kW
Cell efficiency: 0.297, Output efficiency: 0.260
mdot_h2: 15.60 g/s
Reynolds_number: 9,580,620
Stack prop output power: 606 kW, Pcomp: 50.2 kW
Cell efficiency: 0.297, Output efficiency: 0.260
mdot_h2: 15.66 g/s
Reynolds_number: 9,580,620
Stack prop output power: 756 kW, Pcomp: 7.0 kW
Cell efficiency: 0.263, Output efficiency: 0.247
mdot_h2: 20.60 g/s
Reynolds_number: 9,580,620
Stack prop output power: 817 kW, Pcomp: 7.6 kW
Cell efficiency: 0.263, Output efficiency: 0.247
mdot_h2: 22.26 g/s
Reynolds_number: 9,580,620
Stack prop output power: 818 kW, Pcomp: 7.6 kW
Cell efficiency: 0.263, Output efficiency: 0.247
mdot_h2: 22.27 g/s
Reynolds_number: 6,709,346
Stack prop output power: 745 kW, Pcomp: 6.5 kW
Cell efficiency: 0.305, Output efficiency: 0.287
mdot_h2: 17.47 g/s
Reynolds_number: 6,709,346
Stack prop output power: 805 kW, Pcomp: 7.0 kW
Cell efficiency: 0.305, Output efficiency: 0.287
mdot_h2: 18.87 g/s
Reynolds_number: 6,709,346
Stack prop output power: 805 kW, Pcomp: 7.0 kW
Cell efficiency: 0.305, Output efficiency: 0.287
mdot_h2: 18.88 g/s
Reynolds_number: 9,580,620
Stack prop output power: 572 kW, Pcomp: 47.4 kW
Cell efficiency: 0.297, Output efficiency: 0.260
mdot_h2: 14.79 g/s
Reynolds_number: 9,580,620
Stack prop output power: 603 kW, Pcomp: 50.0 kW
Cell efficiency: 0.297, Output efficiency: 0.260
mdot_h2: 15.60 g/s
Reynolds_number: 9,580,620
Stack prop output power: 606 kW, Pcomp: 50.2 kW
Cell efficiency: 0.297, Output efficiency: 0.260
mdot_h2: 15.66 g/s
Fuel-cell system mass representative phase: climb (P_fc_sys=1635.543 kW).

-----------------------
ptotal_climb: 2,176 kW, mtom_est: 8,818 kg, mtom: 8,355 kg, residual: +463.76 kg

MTOM update: fixed_point_prebracket, relax=1.000 -> mtom_next=8,725.58 kg

======================================================
======================= ITER 8 =======================
Reynolds_number: 9,580,620
Stack prop output power: 606 kW, Pcomp: 50.2 kW
Cell efficiency: 0.297, Output efficiency: 0.260
mdot_h2: 15.67 g/s
Reynolds_number: 9,580,620
Stack prop output power: 631 kW, Pcomp: 52.2 kW
Cell efficiency: 0.297, Output efficiency: 0.260
mdot_h2: 16.31 g/s
Reynolds_number: 9,580,620
Stack prop output power: 633 kW, Pcomp: 52.4 kW
Cell efficiency: 0.297, Output efficiency: 0.260
mdot_h2: 16.36 g/s
Reynolds_number: 9,580,620
Stack prop output power: 806 kW, Pcomp: 7.5 kW
Cell efficiency: 0.263, Output efficiency: 0.247
mdot_h2: 21.94 g/s
Reynolds_number: 9,580,620
Stack prop output power: 854 kW, Pcomp: 7.9 kW
Cell efficiency: 0.263, Output efficiency: 0.247
mdot_h2: 23.25 g/s
Reynolds_number: 6,709,346
Stack prop output power: 793 kW, Pcomp: 6.9 kW
Cell efficiency: 0.305, Output efficiency: 0.287
mdot_h2: 18.60 g/s
Reynolds_number: 6,709,346
Stack prop output power: 841 kW, Pcomp: 7.3 kW
Cell efficiency: 0.305, Output efficiency: 0.287
mdot_h2: 19.71 g/s
Reynolds_number: 9,580,620
Stack prop output power: 606 kW, Pcomp: 50.2 kW
Cell efficiency: 0.297, Output efficiency: 0.260
mdot_h2: 15.67 g/s
Reynolds_number: 9,580,620
Stack prop output power: 631 kW, Pcomp: 52.2 kW
Cell efficiency: 0.297, Output efficiency: 0.260
mdot_h2: 16.31 g/s
Reynolds_number: 9,580,620
Stack prop output power: 633 kW, Pcomp: 52.4 kW
Cell efficiency: 0.297, Output efficiency: 0.260
mdot_h2: 16.36 g/s
Fuel-cell system mass representative phase: climb (P_fc_sys=1708.166 kW).

-----------------------
ptotal_climb: 2,272 kW, mtom_est: 9,085 kg, mtom: 8,726 kg, residual: +359.38 kg

MTOM update: newton_prebracket, relax=1.000 -> mtom_next=10,002.90 kg

======================================================
======================= ITER 9 =======================
Reynolds_number: 9,580,620
Stack prop output power: 633 kW, Pcomp: 52.4 kW
Cell efficiency: 0.297, Output efficiency: 0.260
mdot_h2: 16.37 g/s
Reynolds_number: 9,580,620
Stack prop output power: 718 kW, Pcomp: 59.5 kW
Cell efficiency: 0.297, Output efficiency: 0.260
mdot_h2: 18.56 g/s
Reynolds_number: 9,580,620
Stack prop output power: 725 kW, Pcomp: 60.0 kW
Cell efficiency: 0.297, Output efficiency: 0.260
mdot_h2: 18.74 g/s
Reynolds_number: 9,580,620
Stack prop output power: 726 kW, Pcomp: 60.1 kW
Cell efficiency: 0.297, Output efficiency: 0.260
mdot_h2: 18.76 g/s
Reynolds_number: 9,580,620
Stack prop output power: 813 kW, Pcomp: 7.5 kW
Cell efficiency: 0.263, Output efficiency: 0.247
mdot_h2: 22.14 g/s
Reynolds_number: 9,580,620
Stack prop output power: 978 kW, Pcomp: 9.1 kW
Cell efficiency: 0.263, Output efficiency: 0.247
mdot_h2: 26.62 g/s
Reynolds_number: 9,580,620
Stack prop output power: 979 kW, Pcomp: 9.1 kW
Cell efficiency: 0.263, Output efficiency: 0.247
mdot_h2: 26.66 g/s
Reynolds_number: 6,709,346
Stack prop output power: 800 kW, Pcomp: 7.0 kW
Cell efficiency: 0.305, Output efficiency: 0.287
mdot_h2: 18.77 g/s
Reynolds_number: 6,709,346
Stack prop output power: 963 kW, Pcomp: 8.4 kW
Cell efficiency: 0.305, Output efficiency: 0.287
mdot_h2: 22.57 g/s
Reynolds_number: 6,709,346
Stack prop output power: 964 kW, Pcomp: 8.4 kW
Cell efficiency: 0.305, Output efficiency: 0.287
mdot_h2: 22.61 g/s
Reynolds_number: 9,580,620
Stack prop output power: 633 kW, Pcomp: 52.4 kW
Cell efficiency: 0.297, Output efficiency: 0.260
mdot_h2: 16.37 g/s
Reynolds_number: 9,580,620
Stack prop output power: 718 kW, Pcomp: 59.5 kW
Cell efficiency: 0.297, Output efficiency: 0.260
mdot_h2: 18.56 g/s
Reynolds_number: 9,580,620
Stack prop output power: 725 kW, Pcomp: 60.0 kW
Cell efficiency: 0.297, Output efficiency: 0.260
mdot_h2: 18.74 g/s
Reynolds_number: 9,580,620
Stack prop output power: 726 kW, Pcomp: 60.1 kW
Cell efficiency: 0.297, Output efficiency: 0.260
mdot_h2: 18.76 g/s
Fuel-cell system mass representative phase: climb (P_fc_sys=1958.230 kW).

-----------------------
ptotal_climb: 2,605 kW, mtom_est: 10,016 kg, mtom: 10,003 kg, residual: +12.77 kg

MTOM update: newton_prebracket, relax=1.000 -> mtom_next=10,049.98 kg

======================================================
======================= ITER 10 =======================
Reynolds_number: 9,580,620
Stack prop output power: 726 kW, Pcomp: 60.1 kW
Cell efficiency: 0.297, Output efficiency: 0.260
mdot_h2: 18.76 g/s
Reynolds_number: 9,580,620
Stack prop output power: 729 kW, Pcomp: 60.4 kW
Cell efficiency: 0.297, Output efficiency: 0.260
mdot_h2: 18.84 g/s
Reynolds_number: 9,580,620
Stack prop output power: 978 kW, Pcomp: 9.1 kW
Cell efficiency: 0.263, Output efficiency: 0.247
mdot_h2: 26.62 g/s
Reynolds_number: 9,580,620
Stack prop output power: 984 kW, Pcomp: 9.1 kW
Cell efficiency: 0.263, Output efficiency: 0.247
mdot_h2: 26.79 g/s
Reynolds_number: 6,709,346
Stack prop output power: 963 kW, Pcomp: 8.4 kW
Cell efficiency: 0.305, Output efficiency: 0.287
mdot_h2: 22.57 g/s
Reynolds_number: 6,709,346
Stack prop output power: 969 kW, Pcomp: 8.4 kW
Cell efficiency: 0.305, Output efficiency: 0.287
mdot_h2: 22.71 g/s
Reynolds_number: 9,580,620
Stack prop output power: 726 kW, Pcomp: 60.1 kW
Cell efficiency: 0.297, Output efficiency: 0.260
mdot_h2: 18.76 g/s
Reynolds_number: 9,580,620
Stack prop output power: 729 kW, Pcomp: 60.4 kW
Cell efficiency: 0.297, Output efficiency: 0.260
mdot_h2: 18.84 g/s
Fuel-cell system mass representative phase: climb (P_fc_sys=1967.445 kW).

-----------------------
ptotal_climb: 2,617 kW, mtom_est: 10,049 kg, mtom: 10,050 kg, residual: -1.34 kg


CONVERGED

CONVERGED STATE [MTOM iteration 10]
  MTOM=10,049 kg | Wing loading=230.68 kg/m^2 | P/W(climb)=260.45 W/kg
  Phase power: climb=2,617.2 kW | cruise=1,458.7 kW | takeoff=2,577.3 kW | cruise+charger=1,458.7 kW
  Power split (climb): FC=1,949.2 kW | Battery=649.7 kW | Compressor=18.2 kW | Cooling=896.8 kW | H2=53.577 g/s
  Compressor max across phases: 120.7 kW (cruise)
  FC representative phase (mass sizing): climb (1,967.4 kW)
  Mass summary: MTOM=10,049 kg | Powertrain=3,628 kg | Tank=1,070.0 kg | Fuel=475.5 kg | Battery=44.5 kg | Nacelle power density=0.64 kW/kg
  Geometry: Main wing area=43.56 m^2 | Horizontal tail area=5.934 m^2 | Horizontal tail location=16.301 m | Vertical tail area=6.045 m^2 | Vertical tail location=15.693 m
  Config: wing loading input=230.71 kg/m^2 | P/W TO/Cl/Cr=0.18667/0.18947/0.09679 kW/kg

=============================================================
========================= CONVERGED =========================
=============================================================
Constraint sizing: ENABLED (min_combined_pw)
Input W/S: 230.71 kg/m^2 (2,262.5 Pa)
Input P/W [kW/kg]: takeoff 0.18667, climb 0.18947, cruise 0.09679
-------------------------------------------------------------

Mission Time
Climb time: 0.00 min (0.00 h)
Cruise time: 206.90 min (3.45 h)
Total flight time: 228.90 min (3.82 h)

Phase Power Breakdown
Phase      Time[min]     Total[kW]    FC Stack[kW]   Battery[kW]   Compressor[kW]   Cooling[kW]
-----------------------------------------------------------------------------------------------
ready           0.00         130.9           130.9           0.0              0.0           0.0
taxi            5.00         261.7           261.7           0.0              0.0           0.0
takeoff         1.00       2,577.3         1,920.3         640.1             16.9         719.8
climb           0.00       2,617.2         1,949.2         649.7             18.2         896.8
cruise        206.90       1,458.7         1,337.9           0.0            120.7         603.6
loiter         15.00         145.9           133.8           0.0             12.1          60.4
landing         1.00           0.0             0.0           0.0              0.0           0.0

Pcomp_max (solved phases): 120.7 kW (cruise)
Pnet (climb): 2,364 kW
Pelectricnet (climb): 2,599 kW
eta_pt: 0.9031

Geometry
S_wing: 43.56 m^2
b_wing: 19.80 m
Lfus: 18.54 m
Ltank: 9.53 m
S_HT: 5.93 m^2
S_VT: 6.05 m^2
b_HT: 5.17 m
b_VT: 3.39 m
X_HT_act: 16.30 m
X_VT_act: 15.69 m

One Nacelle (1/2)
Stack(1/2): 604 kg, Compressor: 62 kg, Humidifier: 276 kg, HX: 585 kg
W_FCS_single_nacelle (W_Stack+W_Compressor+W_Humidifier+W_Hx): 1,527 kg
Representative FC phase: climb
Specific Power of Nacelle System: 0.644 kW/kg
dim_hx: dX=1.761 m, dY=1.761 m, dZ=0.211 m
dim_stack: dX=0.410 m, dY=0.405 m, dZ=0.405 m

ALL Nacelles
W_FCS_total: 3,055 kg
W_PMAD: 228 kg
W_Motors: 345 kg

-----------------------
W_Powertrain (W_FCS_total+W_PMAD+W_Motors): 3,628 kg
-----------------------
W_wing: 800 kg
W_Htail: 53 kg
W_Vtail: 87 kg
W_fuselage: 633 kg
W_lnd_gear_main: 243 kg
W_lnd_gear_nose: 65 kg
W_flight_control: 366 kg
W_electric_system: 300 kg
W_iae: 136 kg
W_hydraulics: 121 kg
W_fur: 529 kg
-----------------------
OEM: 3,331 kg
-----------------------
W_tank: 1,070 kg
W_fuel: 475.5 kg
W_batt: 44.5 kg
-----------------------
W_payload: 1,500 kg
-----------------------
MTOM_grouped (OEM+W_tank+W_fuel+W_batt+W_Powertrain+W_payload): 10,049 kg
MTOM: 10,049 kg
-----------------------

Wing loading (MTOM/S_wing): 230.68 kg/m^2
Power-to-weight (converged): 260.45 W/kg

mdot_H2(cruise): 37.7 g/s
Vtankex: 20.4 m^3
========================== END ==============================


=============================================================
Execution time: 111.5 seconds
=============================================================
