Auto-widening W/S scan window for min_combined_pw: 1900.0..2600.0 -> 1725.0..2775.0 Pa (factor 1.500, lower_hit=True, upper_hit=False, min_on_edge=False).
Auto-widening W/S scan window for min_combined_pw: 1725.0..2775.0 -> 1462.5..3037.5 Pa (factor 1.500, lower_hit=True, upper_hit=False, min_on_edge=False).
ADRpy constraint sizing (min_combined_pw): W/S=2262.5 Pa (230.71 kg/m^2), P/W_TO=0.18667 kW/kg, P/W_climb=0.19016 kW/kg, P/W_cruise=0.06111 kW/kg
Curve minimum (combined/combined): W/S=2262.5 Pa (230.71 kg/m^2), P/W=0.19016 kW/kg
Curve minimum (takeoff/take-off): W/S=1462.5 Pa (149.13 kg/m^2), P/W=0.10196 kW/kg
Curve minimum (climb/climb): W/S=2312.5 Pa (235.81 kg/m^2), P/W=0.18959 kW/kg
Curve minimum (cruise/cruise): W/S=1962.5 Pa (200.12 kg/m^2), P/W=0.06057 kW/kg
======================================================
======================= ITER 1 =======================
Reynolds_number: 6,868,298
Stack prop output power: 500 kW, Pcomp: 41.4 kW
Cell efficiency: 0.294, Output efficiency: 0.258
mdot_h2: 13.06 g/s
Reynolds_number: 6,868,298
Stack prop output power: 251 kW, Pcomp: 20.8 kW
Cell efficiency: 0.294, Output efficiency: 0.258
mdot_h2: 6.57 g/s
Reynolds_number: 6,868,298
Stack prop output power: 231 kW, Pcomp: 19.1 kW
Cell efficiency: 0.294, Output efficiency: 0.258
mdot_h2: 6.03 g/s
Reynolds_number: 6,868,298
Stack prop output power: 229 kW, Pcomp: 19.0 kW
Cell efficiency: 0.294, Output efficiency: 0.258
mdot_h2: 5.99 g/s
Reynolds_number: 6,868,298
Stack prop output power: 338 kW, Pcomp: 3.1 kW
Cell efficiency: 0.259, Output efficiency: 0.243
mdot_h2: 9.34 g/s
Reynolds_number: 6,868,298
Stack prop output power: 490 kW, Pcomp: 4.6 kW
Cell efficiency: 0.259, Output efficiency: 0.243
mdot_h2: 13.54 g/s
Reynolds_number: 6,868,298
Stack prop output power: 491 kW, Pcomp: 4.6 kW
Cell efficiency: 0.259, Output efficiency: 0.243
mdot_h2: 13.58 g/s
Reynolds_number: 6,709,346
Stack prop output power: 341 kW, Pcomp: 3.0 kW
Cell efficiency: 0.305, Output efficiency: 0.287
mdot_h2: 7.99 g/s
Reynolds_number: 6,709,346
Stack prop output power: 481 kW, Pcomp: 4.2 kW
Cell efficiency: 0.305, Output efficiency: 0.287
mdot_h2: 11.27 g/s
Reynolds_number: 6,709,346
Stack prop output power: 482 kW, Pcomp: 4.2 kW
Cell efficiency: 0.305, Output efficiency: 0.287
mdot_h2: 11.30 g/s
Reynolds_number: 6,868,298
Stack prop output power: 500 kW, Pcomp: 41.4 kW
Cell efficiency: 0.294, Output efficiency: 0.258
mdot_h2: 13.06 g/s
Reynolds_number: 6,868,298
Stack prop output power: 251 kW, Pcomp: 20.8 kW
Cell efficiency: 0.294, Output efficiency: 0.258
mdot_h2: 6.57 g/s
Reynolds_number: 6,868,298
Stack prop output power: 231 kW, Pcomp: 19.1 kW
Cell efficiency: 0.294, Output efficiency: 0.258
mdot_h2: 6.03 g/s
Reynolds_number: 6,868,298
Stack prop output power: 229 kW, Pcomp: 19.0 kW
Cell efficiency: 0.294, Output efficiency: 0.258
mdot_h2: 5.99 g/s
Fuel-cell system mass representative phase: climb (P_fc_sys=982.400 kW).

-----------------------
ptotal_climb: 1,307 kW, mtom_est: 5,999 kg, mtom: 5,000 kg, residual: +998.65 kg

MTOM update: initial_bracket_probe_1, relax=1.000 -> mtom_next=5,325.00 kg

======================================================
======================= ITER 2 =======================
Reynolds_number: 6,868,298
Stack prop output power: 229 kW, Pcomp: 18.9 kW
Cell efficiency: 0.294, Output efficiency: 0.258
mdot_h2: 5.98 g/s
Reynolds_number: 6,868,298
Stack prop output power: 243 kW, Pcomp: 20.1 kW
Cell efficiency: 0.294, Output efficiency: 0.258
mdot_h2: 6.34 g/s
Reynolds_number: 6,868,298
Stack prop output power: 244 kW, Pcomp: 20.2 kW
Cell efficiency: 0.294, Output efficiency: 0.258
mdot_h2: 6.37 g/s
Reynolds_number: 6,868,298
Stack prop output power: 481 kW, Pcomp: 4.5 kW
Cell efficiency: 0.259, Output efficiency: 0.243
mdot_h2: 13.29 g/s
Reynolds_number: 6,868,298
Stack prop output power: 523 kW, Pcomp: 4.9 kW
Cell efficiency: 0.259, Output efficiency: 0.243
mdot_h2: 14.45 g/s
Reynolds_number: 6,709,346
Stack prop output power: 472 kW, Pcomp: 4.1 kW
Cell efficiency: 0.305, Output efficiency: 0.287
mdot_h2: 11.06 g/s
Reynolds_number: 6,709,346
Stack prop output power: 513 kW, Pcomp: 4.5 kW
Cell efficiency: 0.305, Output efficiency: 0.287
mdot_h2: 12.03 g/s
Reynolds_number: 6,868,298
Stack prop output power: 229 kW, Pcomp: 18.9 kW
Cell efficiency: 0.294, Output efficiency: 0.258
mdot_h2: 5.98 g/s
Reynolds_number: 6,868,298
Stack prop output power: 243 kW, Pcomp: 20.1 kW
Cell efficiency: 0.294, Output efficiency: 0.258
mdot_h2: 6.34 g/s
Reynolds_number: 6,868,298
Stack prop output power: 244 kW, Pcomp: 20.2 kW
Cell efficiency: 0.294, Output efficiency: 0.258
mdot_h2: 6.37 g/s
Fuel-cell system mass representative phase: climb (P_fc_sys=1046.249 kW).

-----------------------
ptotal_climb: 1,392 kW, mtom_est: 6,255 kg, mtom: 5,325 kg, residual: +930.40 kg

MTOM update: initial_bracket_probe_2, relax=1.000 -> mtom_next=5,650.00 kg

======================================================
======================= ITER 3 =======================
Reynolds_number: 6,868,298
Stack prop output power: 244 kW, Pcomp: 20.2 kW
Cell efficiency: 0.294, Output efficiency: 0.258
mdot_h2: 6.37 g/s
Reynolds_number: 6,868,298
Stack prop output power: 258 kW, Pcomp: 21.3 kW
Cell efficiency: 0.294, Output efficiency: 0.258
mdot_h2: 6.73 g/s
Reynolds_number: 6,868,298
Stack prop output power: 259 kW, Pcomp: 21.4 kW
Cell efficiency: 0.294, Output efficiency: 0.258
mdot_h2: 6.76 g/s
Reynolds_number: 6,868,298
Stack prop output power: 513 kW, Pcomp: 4.8 kW
Cell efficiency: 0.259, Output efficiency: 0.243
mdot_h2: 14.17 g/s
Reynolds_number: 6,868,298
Stack prop output power: 555 kW, Pcomp: 5.2 kW
Cell efficiency: 0.259, Output efficiency: 0.243
mdot_h2: 15.34 g/s
Reynolds_number: 6,709,346
Stack prop output power: 503 kW, Pcomp: 4.4 kW
Cell efficiency: 0.305, Output efficiency: 0.287
mdot_h2: 11.79 g/s
Reynolds_number: 6,709,346
Stack prop output power: 544 kW, Pcomp: 4.7 kW
Cell efficiency: 0.305, Output efficiency: 0.287
mdot_h2: 12.76 g/s
Reynolds_number: 6,868,298
Stack prop output power: 244 kW, Pcomp: 20.2 kW
Cell efficiency: 0.294, Output efficiency: 0.258
mdot_h2: 6.37 g/s
Reynolds_number: 6,868,298
Stack prop output power: 258 kW, Pcomp: 21.3 kW
Cell efficiency: 0.294, Output efficiency: 0.258
mdot_h2: 6.73 g/s
Reynolds_number: 6,868,298
Stack prop output power: 259 kW, Pcomp: 21.4 kW
Cell efficiency: 0.294, Output efficiency: 0.258
mdot_h2: 6.76 g/s
Fuel-cell system mass representative phase: climb (P_fc_sys=1110.105 kW).

-----------------------
ptotal_climb: 1,477 kW, mtom_est: 6,512 kg, mtom: 5,650 kg, residual: +862.11 kg

MTOM update: fixed_point_prebracket, relax=1.000 -> mtom_next=6,339.69 kg

======================================================
======================= ITER 4 =======================
Reynolds_number: 6,868,298
Stack prop output power: 259 kW, Pcomp: 21.4 kW
Cell efficiency: 0.294, Output efficiency: 0.258
mdot_h2: 6.76 g/s
Reynolds_number: 6,868,298
Stack prop output power: 288 kW, Pcomp: 23.8 kW
Cell efficiency: 0.294, Output efficiency: 0.258
mdot_h2: 7.52 g/s
Reynolds_number: 6,868,298
Stack prop output power: 290 kW, Pcomp: 24.0 kW
Cell efficiency: 0.294, Output efficiency: 0.258
mdot_h2: 7.58 g/s
Reynolds_number: 6,868,298
Stack prop output power: 533 kW, Pcomp: 5.0 kW
Cell efficiency: 0.259, Output efficiency: 0.243
mdot_h2: 14.73 g/s
Reynolds_number: 6,868,298
Stack prop output power: 622 kW, Pcomp: 5.8 kW
Cell efficiency: 0.259, Output efficiency: 0.243
mdot_h2: 17.20 g/s
Reynolds_number: 6,868,298
Stack prop output power: 623 kW, Pcomp: 5.8 kW
Cell efficiency: 0.259, Output efficiency: 0.243
mdot_h2: 17.22 g/s
Reynolds_number: 6,709,346
Stack prop output power: 523 kW, Pcomp: 4.6 kW
Cell efficiency: 0.305, Output efficiency: 0.287
mdot_h2: 12.25 g/s
Reynolds_number: 6,709,346
Stack prop output power: 610 kW, Pcomp: 5.3 kW
Cell efficiency: 0.305, Output efficiency: 0.287
mdot_h2: 14.31 g/s
Reynolds_number: 6,709,346
Stack prop output power: 611 kW, Pcomp: 5.3 kW
Cell efficiency: 0.305, Output efficiency: 0.287
mdot_h2: 14.33 g/s
Reynolds_number: 6,868,298
Stack prop output power: 259 kW, Pcomp: 21.4 kW
Cell efficiency: 0.294, Output efficiency: 0.258
mdot_h2: 6.76 g/s
Reynolds_number: 6,868,298
Stack prop output power: 288 kW, Pcomp: 23.8 kW
Cell efficiency: 0.294, Output efficiency: 0.258
mdot_h2: 7.52 g/s
Reynolds_number: 6,868,298
Stack prop output power: 290 kW, Pcomp: 24.0 kW
Cell efficiency: 0.294, Output efficiency: 0.258
mdot_h2: 7.58 g/s
Fuel-cell system mass representative phase: climb (P_fc_sys=1245.622 kW).

-----------------------
ptotal_climb: 1,657 kW, mtom_est: 7,065 kg, mtom: 6,340 kg, residual: +725.44 kg

MTOM update: fixed_point_prebracket, relax=1.000 -> mtom_next=6,920.04 kg

======================================================
======================= ITER 5 =======================
Reynolds_number: 6,868,298
Stack prop output power: 290 kW, Pcomp: 24.0 kW
Cell efficiency: 0.294, Output efficiency: 0.258
mdot_h2: 7.59 g/s
Reynolds_number: 6,868,298
Stack prop output power: 315 kW, Pcomp: 26.0 kW
Cell efficiency: 0.294, Output efficiency: 0.258
mdot_h2: 8.22 g/s
Reynolds_number: 6,868,298
Stack prop output power: 317 kW, Pcomp: 26.2 kW
Cell efficiency: 0.294, Output efficiency: 0.258
mdot_h2: 8.28 g/s
Reynolds_number: 6,868,298
Stack prop output power: 604 kW, Pcomp: 5.6 kW
Cell efficiency: 0.259, Output efficiency: 0.243
mdot_h2: 16.70 g/s
Reynolds_number: 6,868,298
Stack prop output power: 679 kW, Pcomp: 6.3 kW
Cell efficiency: 0.259, Output efficiency: 0.243
mdot_h2: 18.78 g/s
Reynolds_number: 6,868,298
Stack prop output power: 680 kW, Pcomp: 6.3 kW
Cell efficiency: 0.259, Output efficiency: 0.243
mdot_h2: 18.80 g/s
Reynolds_number: 6,709,346
Stack prop output power: 593 kW, Pcomp: 5.2 kW
Cell efficiency: 0.305, Output efficiency: 0.287
mdot_h2: 13.89 g/s
Reynolds_number: 6,709,346
Stack prop output power: 666 kW, Pcomp: 5.8 kW
Cell efficiency: 0.305, Output efficiency: 0.287
mdot_h2: 15.62 g/s
Reynolds_number: 6,709,346
Stack prop output power: 667 kW, Pcomp: 5.8 kW
Cell efficiency: 0.305, Output efficiency: 0.287
mdot_h2: 15.64 g/s
Reynolds_number: 6,868,298
Stack prop output power: 290 kW, Pcomp: 24.0 kW
Cell efficiency: 0.294, Output efficiency: 0.258
mdot_h2: 7.59 g/s
Reynolds_number: 6,868,298
Stack prop output power: 315 kW, Pcomp: 26.0 kW
Cell efficiency: 0.294, Output efficiency: 0.258
mdot_h2: 8.22 g/s
Reynolds_number: 6,868,298
Stack prop output power: 317 kW, Pcomp: 26.2 kW
Cell efficiency: 0.294, Output efficiency: 0.258
mdot_h2: 8.28 g/s
Fuel-cell system mass representative phase: climb (P_fc_sys=1359.650 kW).

-----------------------
ptotal_climb: 1,809 kW, mtom_est: 7,528 kg, mtom: 6,920 kg, residual: +608.38 kg

MTOM update: fixed_point_prebracket, relax=1.000 -> mtom_next=7,406.75 kg

======================================================
======================= ITER 6 =======================
Reynolds_number: 6,868,298
Stack prop output power: 317 kW, Pcomp: 26.2 kW
Cell efficiency: 0.294, Output efficiency: 0.258
mdot_h2: 8.28 g/s
Reynolds_number: 6,868,298
Stack prop output power: 337 kW, Pcomp: 27.9 kW
Cell efficiency: 0.294, Output efficiency: 0.258
mdot_h2: 8.82 g/s
Reynolds_number: 6,868,298
Stack prop output power: 339 kW, Pcomp: 28.1 kW
Cell efficiency: 0.294, Output efficiency: 0.258
mdot_h2: 8.86 g/s
Reynolds_number: 6,868,298
Stack prop output power: 664 kW, Pcomp: 6.2 kW
Cell efficiency: 0.259, Output efficiency: 0.243
mdot_h2: 18.36 g/s
Reynolds_number: 6,868,298
Stack prop output power: 727 kW, Pcomp: 6.8 kW
Cell efficiency: 0.259, Output efficiency: 0.243
mdot_h2: 20.10 g/s
Reynolds_number: 6,868,298
Stack prop output power: 728 kW, Pcomp: 6.8 kW
Cell efficiency: 0.259, Output efficiency: 0.243
mdot_h2: 20.12 g/s
Reynolds_number: 6,709,346
Stack prop output power: 651 kW, Pcomp: 5.7 kW
Cell efficiency: 0.305, Output efficiency: 0.287
mdot_h2: 15.28 g/s
Reynolds_number: 6,709,346
Stack prop output power: 713 kW, Pcomp: 6.2 kW
Cell efficiency: 0.305, Output efficiency: 0.287
mdot_h2: 16.73 g/s
Reynolds_number: 6,709,346
Stack prop output power: 714 kW, Pcomp: 6.2 kW
Cell efficiency: 0.305, Output efficiency: 0.287
mdot_h2: 16.74 g/s
Reynolds_number: 6,868,298
Stack prop output power: 317 kW, Pcomp: 26.2 kW
Cell efficiency: 0.294, Output efficiency: 0.258
mdot_h2: 8.28 g/s
Reynolds_number: 6,868,298
Stack prop output power: 337 kW, Pcomp: 27.9 kW
Cell efficiency: 0.294, Output efficiency: 0.258
mdot_h2: 8.82 g/s
Reynolds_number: 6,868,298
Stack prop output power: 339 kW, Pcomp: 28.1 kW
Cell efficiency: 0.294, Output efficiency: 0.258
mdot_h2: 8.86 g/s
Fuel-cell system mass representative phase: climb (P_fc_sys=1455.277 kW).

-----------------------
ptotal_climb: 1,936 kW, mtom_est: 7,920 kg, mtom: 7,407 kg, residual: +512.79 kg

MTOM update: fixed_point_prebracket, relax=1.000 -> mtom_next=7,816.97 kg

======================================================
======================= ITER 7 =======================
Reynolds_number: 6,868,298
Stack prop output power: 339 kW, Pcomp: 28.1 kW
Cell efficiency: 0.294, Output efficiency: 0.258
mdot_h2: 8.86 g/s
Reynolds_number: 6,868,298
Stack prop output power: 357 kW, Pcomp: 29.5 kW
Cell efficiency: 0.294, Output efficiency: 0.258
mdot_h2: 9.31 g/s
Reynolds_number: 6,868,298
Stack prop output power: 358 kW, Pcomp: 29.6 kW
Cell efficiency: 0.294, Output efficiency: 0.258
mdot_h2: 9.35 g/s
Reynolds_number: 6,868,298
Stack prop output power: 714 kW, Pcomp: 6.6 kW
Cell efficiency: 0.259, Output efficiency: 0.243
mdot_h2: 19.75 g/s
Reynolds_number: 6,868,298
Stack prop output power: 767 kW, Pcomp: 7.1 kW
Cell efficiency: 0.259, Output efficiency: 0.243
mdot_h2: 21.22 g/s
Reynolds_number: 6,709,346
Stack prop output power: 701 kW, Pcomp: 6.1 kW
Cell efficiency: 0.305, Output efficiency: 0.287
mdot_h2: 16.43 g/s
Reynolds_number: 6,709,346
Stack prop output power: 753 kW, Pcomp: 6.6 kW
Cell efficiency: 0.305, Output efficiency: 0.287
mdot_h2: 17.66 g/s
Reynolds_number: 6,868,298
Stack prop output power: 339 kW, Pcomp: 28.1 kW
Cell efficiency: 0.294, Output efficiency: 0.258
mdot_h2: 8.86 g/s
Reynolds_number: 6,868,298
Stack prop output power: 357 kW, Pcomp: 29.5 kW
Cell efficiency: 0.294, Output efficiency: 0.258
mdot_h2: 9.31 g/s
Reynolds_number: 6,868,298
Stack prop output power: 358 kW, Pcomp: 29.6 kW
Cell efficiency: 0.294, Output efficiency: 0.258
mdot_h2: 9.35 g/s
Fuel-cell system mass representative phase: climb (P_fc_sys=1535.870 kW).

-----------------------
ptotal_climb: 2,043 kW, mtom_est: 8,247 kg, mtom: 7,817 kg, residual: +430.46 kg

MTOM update: fixed_point_prebracket, relax=1.000 -> mtom_next=8,161.35 kg

======================================================
======================= ITER 8 =======================
Reynolds_number: 6,868,298
Stack prop output power: 358 kW, Pcomp: 29.6 kW
Cell efficiency: 0.294, Output efficiency: 0.258
mdot_h2: 9.36 g/s
Reynolds_number: 6,868,298
Stack prop output power: 373 kW, Pcomp: 30.8 kW
Cell efficiency: 0.294, Output efficiency: 0.258
mdot_h2: 9.73 g/s
Reynolds_number: 6,868,298
Stack prop output power: 374 kW, Pcomp: 30.9 kW
Cell efficiency: 0.294, Output efficiency: 0.258
mdot_h2: 9.76 g/s
Reynolds_number: 6,868,298
Stack prop output power: 757 kW, Pcomp: 7.0 kW
Cell efficiency: 0.259, Output efficiency: 0.243
mdot_h2: 20.92 g/s
Reynolds_number: 6,868,298
Stack prop output power: 801 kW, Pcomp: 7.4 kW
Cell efficiency: 0.259, Output efficiency: 0.243
mdot_h2: 22.16 g/s
Reynolds_number: 6,709,346
Stack prop output power: 742 kW, Pcomp: 6.5 kW
Cell efficiency: 0.305, Output efficiency: 0.287
mdot_h2: 17.41 g/s
Reynolds_number: 6,709,346
Stack prop output power: 786 kW, Pcomp: 6.8 kW
Cell efficiency: 0.305, Output efficiency: 0.287
mdot_h2: 18.44 g/s
Reynolds_number: 6,868,298
Stack prop output power: 358 kW, Pcomp: 29.6 kW
Cell efficiency: 0.294, Output efficiency: 0.258
mdot_h2: 9.36 g/s
Reynolds_number: 6,868,298
Stack prop output power: 373 kW, Pcomp: 30.8 kW
Cell efficiency: 0.294, Output efficiency: 0.258
mdot_h2: 9.73 g/s
Reynolds_number: 6,868,298
Stack prop output power: 374 kW, Pcomp: 30.9 kW
Cell efficiency: 0.294, Output efficiency: 0.258
mdot_h2: 9.76 g/s
Fuel-cell system mass representative phase: climb (P_fc_sys=1603.533 kW).

-----------------------
ptotal_climb: 2,133 kW, mtom_est: 8,527 kg, mtom: 8,161 kg, residual: +366.04 kg

MTOM update: newton_prebracket, relax=1.000 -> mtom_next=9,385.55 kg

======================================================
======================= ITER 9 =======================
Reynolds_number: 6,868,298
Stack prop output power: 374 kW, Pcomp: 30.9 kW
Cell efficiency: 0.294, Output efficiency: 0.258
mdot_h2: 9.77 g/s
Reynolds_number: 6,868,298
Stack prop output power: 425 kW, Pcomp: 35.2 kW
Cell efficiency: 0.294, Output efficiency: 0.258
mdot_h2: 11.11 g/s
Reynolds_number: 6,868,298
Stack prop output power: 430 kW, Pcomp: 35.5 kW
Cell efficiency: 0.294, Output efficiency: 0.258
mdot_h2: 11.22 g/s
Reynolds_number: 6,868,298
Stack prop output power: 762 kW, Pcomp: 7.1 kW
Cell efficiency: 0.259, Output efficiency: 0.243
mdot_h2: 21.07 g/s
Reynolds_number: 6,868,298
Stack prop output power: 921 kW, Pcomp: 8.6 kW
Cell efficiency: 0.259, Output efficiency: 0.243
mdot_h2: 25.45 g/s
Reynolds_number: 6,868,298
Stack prop output power: 922 kW, Pcomp: 8.6 kW
Cell efficiency: 0.259, Output efficiency: 0.243
mdot_h2: 25.49 g/s
Reynolds_number: 6,709,346
Stack prop output power: 748 kW, Pcomp: 6.5 kW
Cell efficiency: 0.305, Output efficiency: 0.287
mdot_h2: 17.53 g/s
Reynolds_number: 6,709,346
Stack prop output power: 903 kW, Pcomp: 7.9 kW
Cell efficiency: 0.305, Output efficiency: 0.287
mdot_h2: 21.18 g/s
Reynolds_number: 6,709,346
Stack prop output power: 905 kW, Pcomp: 7.9 kW
Cell efficiency: 0.305, Output efficiency: 0.287
mdot_h2: 21.21 g/s
Reynolds_number: 6,868,298
Stack prop output power: 374 kW, Pcomp: 30.9 kW
Cell efficiency: 0.294, Output efficiency: 0.258
mdot_h2: 9.77 g/s
Reynolds_number: 6,868,298
Stack prop output power: 425 kW, Pcomp: 35.2 kW
Cell efficiency: 0.294, Output efficiency: 0.258
mdot_h2: 11.11 g/s
Reynolds_number: 6,868,298
Stack prop output power: 430 kW, Pcomp: 35.5 kW
Cell efficiency: 0.294, Output efficiency: 0.258
mdot_h2: 11.22 g/s
Fuel-cell system mass representative phase: climb (P_fc_sys=1844.072 kW).

-----------------------
ptotal_climb: 2,453 kW, mtom_est: 9,528 kg, mtom: 9,386 kg, residual: +142.36 kg

MTOM update: newton_prebracket, relax=1.000 -> mtom_next=10,164.71 kg

======================================================
======================= ITER 10 =======================
Reynolds_number: 6,868,298
Stack prop output power: 430 kW, Pcomp: 35.6 kW
Cell efficiency: 0.294, Output efficiency: 0.258
mdot_h2: 11.23 g/s
Reynolds_number: 6,868,298
Stack prop output power: 463 kW, Pcomp: 38.3 kW
Cell efficiency: 0.294, Output efficiency: 0.258
mdot_h2: 12.09 g/s
Reynolds_number: 6,868,298
Stack prop output power: 465 kW, Pcomp: 38.5 kW
Cell efficiency: 0.294, Output efficiency: 0.258
mdot_h2: 12.16 g/s
Reynolds_number: 6,868,298
Stack prop output power: 897 kW, Pcomp: 8.3 kW
Cell efficiency: 0.259, Output efficiency: 0.243
mdot_h2: 24.79 g/s
Reynolds_number: 6,868,298
Stack prop output power: 998 kW, Pcomp: 9.3 kW
Cell efficiency: 0.259, Output efficiency: 0.243
mdot_h2: 27.58 g/s
Reynolds_number: 6,868,298
Stack prop output power: 999 kW, Pcomp: 9.3 kW
Cell efficiency: 0.259, Output efficiency: 0.243
mdot_h2: 27.61 g/s
Reynolds_number: 6,709,346
Stack prop output power: 880 kW, Pcomp: 7.7 kW
Cell efficiency: 0.305, Output efficiency: 0.287
mdot_h2: 20.63 g/s
Reynolds_number: 6,709,346
Stack prop output power: 979 kW, Pcomp: 8.5 kW
Cell efficiency: 0.305, Output efficiency: 0.287
mdot_h2: 22.95 g/s
Reynolds_number: 6,709,346
Stack prop output power: 980 kW, Pcomp: 8.5 kW
Cell efficiency: 0.305, Output efficiency: 0.287
mdot_h2: 22.97 g/s
Reynolds_number: 6,868,298
Stack prop output power: 430 kW, Pcomp: 35.6 kW
Cell efficiency: 0.294, Output efficiency: 0.258
mdot_h2: 11.23 g/s
Reynolds_number: 6,868,298
Stack prop output power: 463 kW, Pcomp: 38.3 kW
Cell efficiency: 0.294, Output efficiency: 0.258
mdot_h2: 12.09 g/s
Reynolds_number: 6,868,298
Stack prop output power: 465 kW, Pcomp: 38.5 kW
Cell efficiency: 0.294, Output efficiency: 0.258
mdot_h2: 12.16 g/s
Fuel-cell system mass representative phase: climb (P_fc_sys=1997.163 kW).

-----------------------
ptotal_climb: 2,657 kW, mtom_est: 10,158 kg, mtom: 10,165 kg, residual: -6.50 kg

MTOM update: newton, relax=1.000 -> mtom_next=10,130.71 kg

======================================================
======================= ITER 11 =======================
Reynolds_number: 6,868,298
Stack prop output power: 466 kW, Pcomp: 38.5 kW
Cell efficiency: 0.294, Output efficiency: 0.258
mdot_h2: 12.16 g/s
Reynolds_number: 6,868,298
Stack prop output power: 464 kW, Pcomp: 38.4 kW
Cell efficiency: 0.294, Output efficiency: 0.258
mdot_h2: 12.13 g/s
Reynolds_number: 6,868,298
Stack prop output power: 1,000 kW, Pcomp: 9.3 kW
Cell efficiency: 0.259, Output efficiency: 0.243
mdot_h2: 27.64 g/s
Reynolds_number: 6,868,298
Stack prop output power: 995 kW, Pcomp: 9.3 kW
Cell efficiency: 0.259, Output efficiency: 0.243
mdot_h2: 27.52 g/s
Reynolds_number: 6,709,346
Stack prop output power: 981 kW, Pcomp: 8.5 kW
Cell efficiency: 0.305, Output efficiency: 0.287
mdot_h2: 23.00 g/s
Reynolds_number: 6,709,346
Stack prop output power: 976 kW, Pcomp: 8.5 kW
Cell efficiency: 0.305, Output efficiency: 0.287
mdot_h2: 22.90 g/s
Reynolds_number: 6,868,298
Stack prop output power: 466 kW, Pcomp: 38.5 kW
Cell efficiency: 0.294, Output efficiency: 0.258
mdot_h2: 12.16 g/s
Reynolds_number: 6,868,298
Stack prop output power: 464 kW, Pcomp: 38.4 kW
Cell efficiency: 0.294, Output efficiency: 0.258
mdot_h2: 12.13 g/s
Fuel-cell system mass representative phase: climb (P_fc_sys=1990.482 kW).

-----------------------
ptotal_climb: 2,648 kW, mtom_est: 10,133 kg, mtom: 10,131 kg, residual: +1.90 kg


CONVERGED

CONVERGED STATE [MTOM iteration 11]
  MTOM=10,133 kg | Wing loading=230.75 kg/m^2 | P/W(climb)=261.32 W/kg
  Phase power: climb=2,647.8 kW | cruise=928.3 kW | takeoff=2,598.0 kW | cruise+charger=928.3 kW
  Power split (climb): FC=1,972.0 kW | Battery=657.3 kW | Compressor=18.5 kW | Cooling=925.8 kW | H2=55.037 g/s
  Compressor max across phases: 76.8 kW (cruise)
  FC representative phase (mass sizing): climb (1,990.5 kW)
  Mass summary: MTOM=10,133 kg | Powertrain=4,134 kg | Tank=1,317.1 kg | Fuel=585.4 kg | Battery=44.8 kg | Nacelle power density=0.56 kW/kg
  Geometry: Main wing area=43.91 m^2 | Horizontal tail area=5.192 m^2 | Horizontal tail location=18.608 m | Vertical tail area=5.248 m^2 | Vertical tail location=18.068 m
  Config: wing loading input=230.71 kg/m^2 | P/W TO/Cl/Cr=0.18667/0.19016/0.06111 kW/kg

=============================================================
========================= CONVERGED =========================
=============================================================
Constraint sizing: ENABLED (min_combined_pw)
Input W/S: 230.71 kg/m^2 (2,262.5 Pa)
Input P/W [kW/kg]: takeoff 0.18667, climb 0.19016, cruise 0.06111
-------------------------------------------------------------

Mission Time
Climb time: 0.00 min (0.00 h)
Cruise time: 397.71 min (6.63 h)
Total flight time: 419.71 min (7.00 h)

Phase Power Breakdown
Phase      Time[min]     Total[kW]    FC Stack[kW]   Battery[kW]   Compressor[kW]   Cooling[kW]
-----------------------------------------------------------------------------------------------
ready           0.00         132.4           132.4           0.0              0.0           0.0
taxi            5.00         264.8           264.8           0.0              0.0           0.0
takeoff         1.00       2,598.0         1,935.8         645.3             17.0         725.7
climb           0.00       2,647.8         1,972.0         657.3             18.5         925.8
cruise        397.71         928.3           851.5           0.0             76.8         390.3
loiter         15.00          92.8            85.1           0.0              7.7          39.0
landing         1.00           0.0             0.0           0.0              0.0           0.0

Pcomp_max (solved phases): 76.8 kW (cruise)
Pnet (climb): 2,391 kW
Pelectricnet (climb): 2,629 kW
eta_pt: 0.9031

Geometry
S_wing: 43.91 m^2
b_wing: 19.88 m
Lfus: 20.74 m
Ltank: 11.73 m
S_HT: 5.19 m^2
S_VT: 5.25 m^2
b_HT: 4.83 m
b_VT: 3.16 m
X_HT_act: 18.61 m
X_VT_act: 18.07 m

One Nacelle (1/2)
Stack(1/2): 620 kg, Compressor: 69 kg, Humidifier: 293 kg, HX: 796 kg
W_FCS_single_nacelle (W_Stack+W_Compressor+W_Humidifier+W_Hx): 1,776 kg
Representative FC phase: climb
Specific Power of Nacelle System: 0.560 kW/kg
dim_hx: dX=2.136 m, dY=2.136 m, dZ=0.195 m
dim_stack: dX=0.415 m, dY=0.407 m, dZ=0.407 m

ALL Nacelles
W_FCS_total: 3,553 kg
W_PMAD: 232 kg
W_Motors: 349 kg

-----------------------
W_Powertrain (W_FCS_total+W_PMAD+W_Motors): 4,134 kg
-----------------------
W_wing: 804 kg
W_Htail: 48 kg
W_Vtail: 81 kg
W_fuselage: 608 kg
W_lnd_gear_main: 243 kg
W_lnd_gear_nose: 65 kg
W_flight_control: 366 kg
W_electric_system: 300 kg
W_iae: 137 kg
W_hydraulics: 122 kg
W_fur: 578 kg
-----------------------
OEM: 3,352 kg
-----------------------
W_tank: 1,317 kg
W_fuel: 585.4 kg
W_batt: 44.8 kg
-----------------------
W_payload: 700 kg
-----------------------
MTOM_grouped (OEM+W_tank+W_fuel+W_batt+W_Powertrain+W_payload): 10,133 kg
MTOM: 10,133 kg
-----------------------

Wing loading (MTOM/S_wing): 230.75 kg/m^2
Power-to-weight (converged): 261.32 W/kg

mdot_H2(cruise): 24.3 g/s
Vtankex: 25.1 m^3
========================== END ==============================


=============================================================
Execution time: 118.3 seconds
=============================================================
