Auto-widening W/S scan window for min_combined_pw: 1900.0..2600.0 -> 1725.0..2775.0 Pa (factor 1.500, lower_hit=True, upper_hit=False, min_on_edge=False).
Auto-widening W/S scan window for min_combined_pw: 1725.0..2775.0 -> 1462.5..3037.5 Pa (factor 1.500, lower_hit=True, upper_hit=False, min_on_edge=True).
ADRpy minimum combined P/W remains on feasible W/S boundary (2312.5 Pa). Proceeding with current W/S range 1462.5..3037.5 Pa.
ADRpy constraint sizing (min_combined_pw): W/S=2312.5 Pa (235.81 kg/m^2), P/W_TO=0.19250 kW/kg, P/W_climb=0.19395 kW/kg, P/W_cruise=0.07290 kW/kg
Curve minimum (combined/combined): W/S=2312.5 Pa (235.81 kg/m^2), P/W=0.19395 kW/kg
Curve minimum (takeoff/take-off): W/S=1462.5 Pa (149.13 kg/m^2), P/W=0.10196 kW/kg
Curve minimum (climb/climb): W/S=2312.5 Pa (235.81 kg/m^2), P/W=0.19395 kW/kg
Curve minimum (cruise/cruise): W/S=2312.5 Pa (235.81 kg/m^2), P/W=0.07290 kW/kg
======================================================
======================= ITER 1 =======================
Reynolds_number: 7,831,819
Stack prop output power: 500 kW, Pcomp: 46.9 kW
Cell efficiency: 0.294, Output efficiency: 0.255
mdot_h2: 13.17 g/s
Reynolds_number: 7,831,819
Stack prop output power: 298 kW, Pcomp: 27.9 kW
Cell efficiency: 0.294, Output efficiency: 0.255
mdot_h2: 7.84 g/s
Reynolds_number: 7,831,819
Stack prop output power: 279 kW, Pcomp: 26.1 kW
Cell efficiency: 0.294, Output efficiency: 0.255
mdot_h2: 7.34 g/s
Reynolds_number: 7,831,819
Stack prop output power: 277 kW, Pcomp: 26.0 kW
Cell efficiency: 0.294, Output efficiency: 0.255
mdot_h2: 7.29 g/s
Reynolds_number: 7,831,819
Stack prop output power: 335 kW, Pcomp: 3.1 kW
Cell efficiency: 0.254, Output efficiency: 0.239
mdot_h2: 9.42 g/s
Reynolds_number: 7,831,819
Stack prop output power: 499 kW, Pcomp: 4.7 kW
Cell efficiency: 0.254, Output efficiency: 0.239
mdot_h2: 14.06 g/s
Reynolds_number: 7,831,819
Stack prop output power: 501 kW, Pcomp: 4.7 kW
Cell efficiency: 0.254, Output efficiency: 0.239
mdot_h2: 14.10 g/s
Reynolds_number: 6,709,346
Stack prop output power: 336 kW, Pcomp: 2.9 kW
Cell efficiency: 0.305, Output efficiency: 0.287
mdot_h2: 7.87 g/s
Reynolds_number: 6,709,346
Stack prop output power: 496 kW, Pcomp: 4.3 kW
Cell efficiency: 0.305, Output efficiency: 0.287
mdot_h2: 11.62 g/s
Reynolds_number: 6,709,346
Stack prop output power: 497 kW, Pcomp: 4.3 kW
Cell efficiency: 0.305, Output efficiency: 0.287
mdot_h2: 11.65 g/s
Reynolds_number: 7,831,819
Stack prop output power: 500 kW, Pcomp: 46.9 kW
Cell efficiency: 0.294, Output efficiency: 0.255
mdot_h2: 13.17 g/s
Reynolds_number: 7,831,819
Stack prop output power: 298 kW, Pcomp: 27.9 kW
Cell efficiency: 0.294, Output efficiency: 0.255
mdot_h2: 7.84 g/s
Reynolds_number: 7,831,819
Stack prop output power: 279 kW, Pcomp: 26.1 kW
Cell efficiency: 0.294, Output efficiency: 0.255
mdot_h2: 7.34 g/s
Reynolds_number: 7,831,819
Stack prop output power: 277 kW, Pcomp: 26.0 kW
Cell efficiency: 0.294, Output efficiency: 0.255
mdot_h2: 7.29 g/s
Fuel-cell system mass representative phase: climb (P_fc_sys=1002.095 kW).

-----------------------
ptotal_climb: 1,333 kW, mtom_est: 5,845 kg, mtom: 5,000 kg, residual: +845.02 kg

MTOM update: initial_bracket_probe_1, relax=1.000 -> mtom_next=5,325.00 kg

======================================================
======================= ITER 2 =======================
Reynolds_number: 7,831,819
Stack prop output power: 277 kW, Pcomp: 25.9 kW
Cell efficiency: 0.294, Output efficiency: 0.255
mdot_h2: 7.29 g/s
Reynolds_number: 7,831,819
Stack prop output power: 293 kW, Pcomp: 27.5 kW
Cell efficiency: 0.294, Output efficiency: 0.255
mdot_h2: 7.72 g/s
Reynolds_number: 7,831,819
Stack prop output power: 294 kW, Pcomp: 27.6 kW
Cell efficiency: 0.294, Output efficiency: 0.255
mdot_h2: 7.76 g/s
Reynolds_number: 7,831,819
Stack prop output power: 490 kW, Pcomp: 4.6 kW
Cell efficiency: 0.254, Output efficiency: 0.239
mdot_h2: 13.80 g/s
Reynolds_number: 7,831,819
Stack prop output power: 533 kW, Pcomp: 5.0 kW
Cell efficiency: 0.254, Output efficiency: 0.239
mdot_h2: 15.01 g/s
Reynolds_number: 6,709,346
Stack prop output power: 486 kW, Pcomp: 4.2 kW
Cell efficiency: 0.305, Output efficiency: 0.287
mdot_h2: 11.40 g/s
Reynolds_number: 6,709,346
Stack prop output power: 529 kW, Pcomp: 4.6 kW
Cell efficiency: 0.305, Output efficiency: 0.287
mdot_h2: 12.40 g/s
Reynolds_number: 7,831,819
Stack prop output power: 277 kW, Pcomp: 25.9 kW
Cell efficiency: 0.294, Output efficiency: 0.255
mdot_h2: 7.29 g/s
Reynolds_number: 7,831,819
Stack prop output power: 293 kW, Pcomp: 27.5 kW
Cell efficiency: 0.294, Output efficiency: 0.255
mdot_h2: 7.72 g/s
Reynolds_number: 7,831,819
Stack prop output power: 294 kW, Pcomp: 27.6 kW
Cell efficiency: 0.294, Output efficiency: 0.255
mdot_h2: 7.76 g/s
Fuel-cell system mass representative phase: climb (P_fc_sys=1067.224 kW).

-----------------------
ptotal_climb: 1,420 kW, mtom_est: 6,070 kg, mtom: 5,325 kg, residual: +744.58 kg

MTOM update: initial_bracket_probe_2, relax=1.000 -> mtom_next=5,650.00 kg

======================================================
======================= ITER 3 =======================
Reynolds_number: 7,831,819
Stack prop output power: 295 kW, Pcomp: 27.6 kW
Cell efficiency: 0.294, Output efficiency: 0.255
mdot_h2: 7.76 g/s
Reynolds_number: 7,831,819
Stack prop output power: 311 kW, Pcomp: 29.2 kW
Cell efficiency: 0.294, Output efficiency: 0.255
mdot_h2: 8.19 g/s
Reynolds_number: 7,831,819
Stack prop output power: 312 kW, Pcomp: 29.3 kW
Cell efficiency: 0.294, Output efficiency: 0.255
mdot_h2: 8.23 g/s
Reynolds_number: 7,831,819
Stack prop output power: 523 kW, Pcomp: 4.9 kW
Cell efficiency: 0.254, Output efficiency: 0.239
mdot_h2: 14.72 g/s
Reynolds_number: 7,831,819
Stack prop output power: 566 kW, Pcomp: 5.3 kW
Cell efficiency: 0.254, Output efficiency: 0.239
mdot_h2: 15.93 g/s
Reynolds_number: 6,709,346
Stack prop output power: 519 kW, Pcomp: 4.5 kW
Cell efficiency: 0.305, Output efficiency: 0.287
mdot_h2: 12.16 g/s
Reynolds_number: 6,709,346
Stack prop output power: 561 kW, Pcomp: 4.9 kW
Cell efficiency: 0.305, Output efficiency: 0.287
mdot_h2: 13.16 g/s
Reynolds_number: 7,831,819
Stack prop output power: 295 kW, Pcomp: 27.6 kW
Cell efficiency: 0.294, Output efficiency: 0.255
mdot_h2: 7.76 g/s
Reynolds_number: 7,831,819
Stack prop output power: 311 kW, Pcomp: 29.2 kW
Cell efficiency: 0.294, Output efficiency: 0.255
mdot_h2: 8.19 g/s
Reynolds_number: 7,831,819
Stack prop output power: 312 kW, Pcomp: 29.3 kW
Cell efficiency: 0.294, Output efficiency: 0.255
mdot_h2: 8.23 g/s
Fuel-cell system mass representative phase: climb (P_fc_sys=1132.360 kW).

-----------------------
ptotal_climb: 1,506 kW, mtom_est: 6,299 kg, mtom: 5,650 kg, residual: +648.83 kg

MTOM update: fixed_point_prebracket, relax=1.000 -> mtom_next=6,169.06 kg

======================================================
======================= ITER 4 =======================
Reynolds_number: 7,831,819
Stack prop output power: 313 kW, Pcomp: 29.3 kW
Cell efficiency: 0.294, Output efficiency: 0.255
mdot_h2: 8.23 g/s
Reynolds_number: 7,831,819
Stack prop output power: 339 kW, Pcomp: 31.8 kW
Cell efficiency: 0.294, Output efficiency: 0.255
mdot_h2: 8.92 g/s
Reynolds_number: 7,831,819
Stack prop output power: 341 kW, Pcomp: 32.0 kW
Cell efficiency: 0.294, Output efficiency: 0.255
mdot_h2: 8.98 g/s
Reynolds_number: 7,831,819
Stack prop output power: 549 kW, Pcomp: 5.2 kW
Cell efficiency: 0.254, Output efficiency: 0.239
mdot_h2: 15.45 g/s
Reynolds_number: 7,831,819
Stack prop output power: 618 kW, Pcomp: 5.8 kW
Cell efficiency: 0.254, Output efficiency: 0.239
mdot_h2: 17.38 g/s
Reynolds_number: 7,831,819
Stack prop output power: 618 kW, Pcomp: 5.8 kW
Cell efficiency: 0.254, Output efficiency: 0.239
mdot_h2: 17.40 g/s
Reynolds_number: 6,709,346
Stack prop output power: 545 kW, Pcomp: 4.7 kW
Cell efficiency: 0.305, Output efficiency: 0.287
mdot_h2: 12.77 g/s
Reynolds_number: 6,709,346
Stack prop output power: 613 kW, Pcomp: 5.3 kW
Cell efficiency: 0.305, Output efficiency: 0.287
mdot_h2: 14.36 g/s
Reynolds_number: 6,709,346
Stack prop output power: 613 kW, Pcomp: 5.3 kW
Cell efficiency: 0.305, Output efficiency: 0.287
mdot_h2: 14.38 g/s
Reynolds_number: 7,831,819
Stack prop output power: 313 kW, Pcomp: 29.3 kW
Cell efficiency: 0.294, Output efficiency: 0.255
mdot_h2: 8.23 g/s
Reynolds_number: 7,831,819
Stack prop output power: 339 kW, Pcomp: 31.8 kW
Cell efficiency: 0.294, Output efficiency: 0.255
mdot_h2: 8.92 g/s
Reynolds_number: 7,831,819
Stack prop output power: 341 kW, Pcomp: 32.0 kW
Cell efficiency: 0.294, Output efficiency: 0.255
mdot_h2: 8.98 g/s
Fuel-cell system mass representative phase: climb (P_fc_sys=1236.398 kW).

-----------------------
ptotal_climb: 1,645 kW, mtom_est: 6,666 kg, mtom: 6,169 kg, residual: +496.55 kg

MTOM update: fixed_point_prebracket, relax=1.000 -> mtom_next=6,566.30 kg

======================================================
======================= ITER 5 =======================
Reynolds_number: 7,831,819
Stack prop output power: 341 kW, Pcomp: 32.0 kW
Cell efficiency: 0.294, Output efficiency: 0.255
mdot_h2: 8.99 g/s
Reynolds_number: 7,831,819
Stack prop output power: 361 kW, Pcomp: 33.9 kW
Cell efficiency: 0.294, Output efficiency: 0.255
mdot_h2: 9.52 g/s
Reynolds_number: 7,831,819
Stack prop output power: 363 kW, Pcomp: 34.0 kW
Cell efficiency: 0.294, Output efficiency: 0.255
mdot_h2: 9.57 g/s
Reynolds_number: 7,831,819
Stack prop output power: 605 kW, Pcomp: 5.7 kW
Cell efficiency: 0.254, Output efficiency: 0.239
mdot_h2: 17.03 g/s
Reynolds_number: 7,831,819
Stack prop output power: 658 kW, Pcomp: 6.2 kW
Cell efficiency: 0.254, Output efficiency: 0.239
mdot_h2: 18.51 g/s
Reynolds_number: 6,709,346
Stack prop output power: 600 kW, Pcomp: 5.2 kW
Cell efficiency: 0.305, Output efficiency: 0.287
mdot_h2: 14.07 g/s
Reynolds_number: 6,709,346
Stack prop output power: 652 kW, Pcomp: 5.7 kW
Cell efficiency: 0.305, Output efficiency: 0.287
mdot_h2: 15.29 g/s
Reynolds_number: 7,831,819
Stack prop output power: 341 kW, Pcomp: 32.0 kW
Cell efficiency: 0.294, Output efficiency: 0.255
mdot_h2: 8.99 g/s
Reynolds_number: 7,831,819
Stack prop output power: 361 kW, Pcomp: 33.9 kW
Cell efficiency: 0.294, Output efficiency: 0.255
mdot_h2: 9.52 g/s
Reynolds_number: 7,831,819
Stack prop output power: 363 kW, Pcomp: 34.0 kW
Cell efficiency: 0.294, Output efficiency: 0.255
mdot_h2: 9.57 g/s
Fuel-cell system mass representative phase: climb (P_fc_sys=1316.003 kW).

-----------------------
ptotal_climb: 1,751 kW, mtom_est: 6,945 kg, mtom: 6,566 kg, residual: +378.74 kg

MTOM update: fixed_point_prebracket, relax=1.000 -> mtom_next=6,869.29 kg

======================================================
======================= ITER 6 =======================
Reynolds_number: 7,831,819
Stack prop output power: 363 kW, Pcomp: 34.1 kW
Cell efficiency: 0.294, Output efficiency: 0.255
mdot_h2: 9.57 g/s
Reynolds_number: 7,831,819
Stack prop output power: 378 kW, Pcomp: 35.5 kW
Cell efficiency: 0.294, Output efficiency: 0.255
mdot_h2: 9.97 g/s
Reynolds_number: 7,831,819
Stack prop output power: 380 kW, Pcomp: 35.6 kW
Cell efficiency: 0.294, Output efficiency: 0.255
mdot_h2: 10.01 g/s
Reynolds_number: 7,831,819
Stack prop output power: 648 kW, Pcomp: 6.1 kW
Cell efficiency: 0.254, Output efficiency: 0.239
mdot_h2: 18.24 g/s
Reynolds_number: 7,831,819
Stack prop output power: 688 kW, Pcomp: 6.5 kW
Cell efficiency: 0.254, Output efficiency: 0.239
mdot_h2: 19.37 g/s
Reynolds_number: 6,709,346
Stack prop output power: 643 kW, Pcomp: 5.6 kW
Cell efficiency: 0.305, Output efficiency: 0.287
mdot_h2: 15.07 g/s
Reynolds_number: 6,709,346
Stack prop output power: 682 kW, Pcomp: 5.9 kW
Cell efficiency: 0.305, Output efficiency: 0.287
mdot_h2: 16.00 g/s
Reynolds_number: 7,831,819
Stack prop output power: 363 kW, Pcomp: 34.1 kW
Cell efficiency: 0.294, Output efficiency: 0.255
mdot_h2: 9.57 g/s
Reynolds_number: 7,831,819
Stack prop output power: 378 kW, Pcomp: 35.5 kW
Cell efficiency: 0.294, Output efficiency: 0.255
mdot_h2: 9.97 g/s
Reynolds_number: 7,831,819
Stack prop output power: 380 kW, Pcomp: 35.6 kW
Cell efficiency: 0.294, Output efficiency: 0.255
mdot_h2: 10.01 g/s
Fuel-cell system mass representative phase: climb (P_fc_sys=1376.731 kW).

-----------------------
ptotal_climb: 1,831 kW, mtom_est: 7,160 kg, mtom: 6,869 kg, residual: +291.12 kg

MTOM update: fixed_point_prebracket, relax=1.000 -> mtom_next=7,102.19 kg

======================================================
======================= ITER 7 =======================
Reynolds_number: 7,831,819
Stack prop output power: 380 kW, Pcomp: 35.6 kW
Cell efficiency: 0.294, Output efficiency: 0.255
mdot_h2: 10.01 g/s
Reynolds_number: 7,831,819
Stack prop output power: 392 kW, Pcomp: 36.7 kW
Cell efficiency: 0.294, Output efficiency: 0.255
mdot_h2: 10.32 g/s
Reynolds_number: 7,831,819
Stack prop output power: 393 kW, Pcomp: 36.8 kW
Cell efficiency: 0.294, Output efficiency: 0.255
mdot_h2: 10.35 g/s
Reynolds_number: 7,831,819
Stack prop output power: 681 kW, Pcomp: 6.4 kW
Cell efficiency: 0.254, Output efficiency: 0.239
mdot_h2: 19.16 g/s
Reynolds_number: 7,831,819
Stack prop output power: 711 kW, Pcomp: 6.7 kW
Cell efficiency: 0.254, Output efficiency: 0.239
mdot_h2: 20.03 g/s
Reynolds_number: 6,709,346
Stack prop output power: 675 kW, Pcomp: 5.9 kW
Cell efficiency: 0.305, Output efficiency: 0.287
mdot_h2: 15.83 g/s
Reynolds_number: 6,709,346
Stack prop output power: 706 kW, Pcomp: 6.1 kW
Cell efficiency: 0.305, Output efficiency: 0.287
mdot_h2: 16.55 g/s
Reynolds_number: 7,831,819
Stack prop output power: 380 kW, Pcomp: 35.6 kW
Cell efficiency: 0.294, Output efficiency: 0.255
mdot_h2: 10.01 g/s
Reynolds_number: 7,831,819
Stack prop output power: 392 kW, Pcomp: 36.7 kW
Cell efficiency: 0.294, Output efficiency: 0.255
mdot_h2: 10.32 g/s
Reynolds_number: 7,831,819
Stack prop output power: 393 kW, Pcomp: 36.8 kW
Cell efficiency: 0.294, Output efficiency: 0.255
mdot_h2: 10.35 g/s
Fuel-cell system mass representative phase: climb (P_fc_sys=1423.409 kW).

-----------------------
ptotal_climb: 1,893 kW, mtom_est: 7,319 kg, mtom: 7,102 kg, residual: +217.09 kg

MTOM update: fixed_point_prebracket, relax=1.000 -> mtom_next=7,275.86 kg

======================================================
======================= ITER 8 =======================
Reynolds_number: 7,831,819
Stack prop output power: 393 kW, Pcomp: 36.8 kW
Cell efficiency: 0.294, Output efficiency: 0.255
mdot_h2: 10.35 g/s
Reynolds_number: 7,831,819
Stack prop output power: 402 kW, Pcomp: 37.7 kW
Cell efficiency: 0.294, Output efficiency: 0.255
mdot_h2: 10.58 g/s
Reynolds_number: 7,831,819
Stack prop output power: 402 kW, Pcomp: 37.7 kW
Cell efficiency: 0.294, Output efficiency: 0.255
mdot_h2: 10.60 g/s
Reynolds_number: 7,831,819
Stack prop output power: 706 kW, Pcomp: 6.6 kW
Cell efficiency: 0.254, Output efficiency: 0.239
mdot_h2: 19.87 g/s
Reynolds_number: 7,831,819
Stack prop output power: 729 kW, Pcomp: 6.8 kW
Cell efficiency: 0.254, Output efficiency: 0.239
mdot_h2: 20.52 g/s
Reynolds_number: 6,709,346
Stack prop output power: 700 kW, Pcomp: 6.1 kW
Cell efficiency: 0.305, Output efficiency: 0.287
mdot_h2: 16.42 g/s
Reynolds_number: 6,709,346
Stack prop output power: 723 kW, Pcomp: 6.3 kW
Cell efficiency: 0.305, Output efficiency: 0.287
mdot_h2: 16.95 g/s
Reynolds_number: 7,831,819
Stack prop output power: 393 kW, Pcomp: 36.8 kW
Cell efficiency: 0.294, Output efficiency: 0.255
mdot_h2: 10.35 g/s
Reynolds_number: 7,831,819
Stack prop output power: 402 kW, Pcomp: 37.7 kW
Cell efficiency: 0.294, Output efficiency: 0.255
mdot_h2: 10.58 g/s
Reynolds_number: 7,831,819
Stack prop output power: 402 kW, Pcomp: 37.7 kW
Cell efficiency: 0.294, Output efficiency: 0.255
mdot_h2: 10.60 g/s
Fuel-cell system mass representative phase: climb (P_fc_sys=1458.218 kW).

-----------------------
ptotal_climb: 1,940 kW, mtom_est: 7,451 kg, mtom: 7,276 kg, residual: +174.89 kg

MTOM update: newton_prebracket, relax=1.000 -> mtom_next=7,995.49 kg

======================================================
======================= ITER 9 =======================
Reynolds_number: 7,831,819
Stack prop output power: 402 kW, Pcomp: 37.7 kW
Cell efficiency: 0.294, Output efficiency: 0.255
mdot_h2: 10.60 g/s
Reynolds_number: 7,831,819
Stack prop output power: 439 kW, Pcomp: 41.1 kW
Cell efficiency: 0.294, Output efficiency: 0.255
mdot_h2: 11.56 g/s
Reynolds_number: 7,831,819
Stack prop output power: 442 kW, Pcomp: 41.4 kW
Cell efficiency: 0.294, Output efficiency: 0.255
mdot_h2: 11.64 g/s
Reynolds_number: 7,831,819
Stack prop output power: 705 kW, Pcomp: 6.6 kW
Cell efficiency: 0.254, Output efficiency: 0.239
mdot_h2: 19.85 g/s
Reynolds_number: 7,831,819
Stack prop output power: 800 kW, Pcomp: 7.5 kW
Cell efficiency: 0.254, Output efficiency: 0.239
mdot_h2: 22.53 g/s
Reynolds_number: 7,831,819
Stack prop output power: 801 kW, Pcomp: 7.5 kW
Cell efficiency: 0.254, Output efficiency: 0.239
mdot_h2: 22.55 g/s
Reynolds_number: 6,709,346
Stack prop output power: 700 kW, Pcomp: 6.1 kW
Cell efficiency: 0.305, Output efficiency: 0.287
mdot_h2: 16.40 g/s
Reynolds_number: 6,709,346
Stack prop output power: 794 kW, Pcomp: 6.9 kW
Cell efficiency: 0.305, Output efficiency: 0.287
mdot_h2: 18.61 g/s
Reynolds_number: 6,709,346
Stack prop output power: 795 kW, Pcomp: 6.9 kW
Cell efficiency: 0.305, Output efficiency: 0.287
mdot_h2: 18.63 g/s
Reynolds_number: 7,831,819
Stack prop output power: 402 kW, Pcomp: 37.7 kW
Cell efficiency: 0.294, Output efficiency: 0.255
mdot_h2: 10.60 g/s
Reynolds_number: 7,831,819
Stack prop output power: 439 kW, Pcomp: 41.1 kW
Cell efficiency: 0.294, Output efficiency: 0.255
mdot_h2: 11.56 g/s
Reynolds_number: 7,831,819
Stack prop output power: 442 kW, Pcomp: 41.4 kW
Cell efficiency: 0.294, Output efficiency: 0.255
mdot_h2: 11.64 g/s
Fuel-cell system mass representative phase: climb (P_fc_sys=1602.448 kW).

-----------------------
ptotal_climb: 2,132 kW, mtom_est: 7,970 kg, mtom: 7,995 kg, residual: -25.75 kg

MTOM update: newton, relax=1.000 -> mtom_next=7,903.12 kg

======================================================
======================= ITER 10 =======================
Reynolds_number: 7,831,819
Stack prop output power: 442 kW, Pcomp: 41.5 kW
Cell efficiency: 0.294, Output efficiency: 0.255
mdot_h2: 11.65 g/s
Reynolds_number: 7,831,819
Stack prop output power: 438 kW, Pcomp: 41.0 kW
Cell efficiency: 0.294, Output efficiency: 0.255
mdot_h2: 11.53 g/s
Reynolds_number: 7,831,819
Stack prop output power: 804 kW, Pcomp: 7.6 kW
Cell efficiency: 0.254, Output efficiency: 0.239
mdot_h2: 22.64 g/s
Reynolds_number: 7,831,819
Stack prop output power: 792 kW, Pcomp: 7.4 kW
Cell efficiency: 0.254, Output efficiency: 0.239
mdot_h2: 22.30 g/s
Reynolds_number: 6,709,346
Stack prop output power: 798 kW, Pcomp: 6.9 kW
Cell efficiency: 0.305, Output efficiency: 0.287
mdot_h2: 18.71 g/s
Reynolds_number: 6,709,346
Stack prop output power: 786 kW, Pcomp: 6.8 kW
Cell efficiency: 0.305, Output efficiency: 0.287
mdot_h2: 18.42 g/s
Reynolds_number: 7,831,819
Stack prop output power: 442 kW, Pcomp: 41.5 kW
Cell efficiency: 0.294, Output efficiency: 0.255
mdot_h2: 11.65 g/s
Reynolds_number: 7,831,819
Stack prop output power: 438 kW, Pcomp: 41.0 kW
Cell efficiency: 0.294, Output efficiency: 0.255
mdot_h2: 11.53 g/s
Fuel-cell system mass representative phase: climb (P_fc_sys=1583.939 kW).

-----------------------
ptotal_climb: 2,107 kW, mtom_est: 7,902 kg, mtom: 7,903 kg, residual: -0.79 kg


CONVERGED

CONVERGED STATE [MTOM iteration 10]
  MTOM=7,902 kg | Wing loading=235.79 kg/m^2 | P/W(climb)=266.62 W/kg
  Phase power: climb=2,107.0 kW | cruise=874.5 kW | takeoff=2,090.1 kW | cruise+charger=874.5 kW
  Power split (climb): FC=1,569.1 kW | Battery=523.0 kW | Compressor=14.9 kW | Cooling=747.8 kW | H2=44.594 g/s
  Compressor max across phases: 82.1 kW (cruise)
  FC representative phase (mass sizing): climb (1,583.9 kW)
  Mass summary: MTOM=7,902 kg | Powertrain=3,196 kg | Tank=640.2 kg | Fuel=284.5 kg | Battery=36.0 kg | Nacelle power density=0.58 kW/kg
  Geometry: Main wing area=33.51 m^2 | Horizontal tail area=5.290 m^2 | Horizontal tail location=12.564 m | Vertical tail area=5.420 m^2 | Vertical tail location=12.000 m
  Config: wing loading input=235.81 kg/m^2 | P/W TO/Cl/Cr=0.19250/0.19395/0.07290 kW/kg

=============================================================
========================= CONVERGED =========================
=============================================================
Constraint sizing: ENABLED (min_combined_pw)
Input W/S: 235.81 kg/m^2 (2,312.5 Pa)
Input P/W [kW/kg]: takeoff 0.19250, climb 0.19395, cruise 0.07290
-------------------------------------------------------------

Mission Time
Climb time: 0.00 min (0.00 h)
Cruise time: 201.56 min (3.36 h)
Total flight time: 223.56 min (3.73 h)

Phase Power Breakdown
Phase      Time[min]     Total[kW]    FC Stack[kW]   Battery[kW]   Compressor[kW]   Cooling[kW]
-----------------------------------------------------------------------------------------------
ready           0.00         105.3           105.3           0.0              0.0           0.0
taxi            5.00         210.7           210.7           0.0              0.0           0.0
takeoff         1.00       2,090.1         1,557.3         519.1             13.7         578.7
climb           0.00       2,107.0         1,569.1         523.0             14.9         747.8
cruise        201.56         874.5           792.4           0.0             82.1         367.6
loiter         15.00          87.4            79.2           0.0              8.2          36.8
landing         1.00           0.0             0.0           0.0              0.0           0.0

Pcomp_max (solved phases): 82.1 kW (cruise)
Pnet (climb): 1,903 kW
Pelectricnet (climb): 2,092 kW
eta_pt: 0.9031

Geometry
S_wing: 33.51 m^2
b_wing: 17.37 m
Lfus: 14.71 m
Ltank: 5.70 m
S_HT: 5.29 m^2
S_VT: 5.42 m^2
b_HT: 4.88 m
b_VT: 3.21 m
X_HT_act: 12.56 m
X_VT_act: 12.00 m

One Nacelle (1/2)
Stack(1/2): 501 kg, Compressor: 52 kg, Humidifier: 247 kg, HX: 566 kg
W_FCS_single_nacelle (W_Stack+W_Compressor+W_Humidifier+W_Hx): 1,366 kg
Representative FC phase: climb
Specific Power of Nacelle System: 0.580 kW/kg
dim_hx: dX=1.773 m, dY=1.773 m, dZ=0.201 m
dim_stack: dX=0.422 m, dY=0.364 m, dZ=0.364 m

ALL Nacelles
W_FCS_total: 2,733 kg
W_PMAD: 185 kg
W_Motors: 278 kg

-----------------------
W_Powertrain (W_FCS_total+W_PMAD+W_Motors): 3,196 kg
-----------------------
W_wing: 581 kg
W_Htail: 41 kg
W_Vtail: 72 kg
W_fuselage: 432 kg
W_lnd_gear_main: 243 kg
W_lnd_gear_nose: 65 kg
W_flight_control: 366 kg
W_electric_system: 300 kg
W_iae: 110 kg
W_hydraulics: 95 kg
W_fur: 441 kg
-----------------------
OEM: 2,746 kg
-----------------------
W_tank: 640 kg
W_fuel: 284.5 kg
W_batt: 36.0 kg
-----------------------
W_payload: 1,000 kg
-----------------------
MTOM_grouped (OEM+W_tank+W_fuel+W_batt+W_Powertrain+W_payload): 7,902 kg
MTOM: 7,902 kg
-----------------------

Wing loading (MTOM/S_wing): 235.79 kg/m^2
Power-to-weight (converged): 266.62 W/kg

mdot_H2(cruise): 23.1 g/s
Vtankex: 12.2 m^3
========================== END ==============================


=============================================================
Execution time: 104.9 seconds
=============================================================
