Auto-widening W/S scan window for min_combined_pw: 1900.0..2600.0 -> 1725.0..2775.0 Pa (factor 1.500, lower_hit=True, upper_hit=False, min_on_edge=False).
Auto-widening W/S scan window for min_combined_pw: 1725.0..2775.0 -> 1462.5..3037.5 Pa (factor 1.500, lower_hit=True, upper_hit=False, min_on_edge=True).
ADRpy minimum combined P/W remains on feasible W/S boundary (2312.5 Pa). Proceeding with current W/S range 1462.5..3037.5 Pa.
ADRpy constraint sizing (min_combined_pw): W/S=2312.5 Pa (235.81 kg/m^2), P/W_TO=0.19250 kW/kg, P/W_climb=0.19457 kW/kg, P/W_cruise=0.12164 kW/kg
Curve minimum (combined/combined): W/S=2312.5 Pa (235.81 kg/m^2), P/W=0.19457 kW/kg
Curve minimum (takeoff/take-off): W/S=1462.5 Pa (149.13 kg/m^2), P/W=0.10196 kW/kg
Curve minimum (climb/climb): W/S=2312.5 Pa (235.81 kg/m^2), P/W=0.19457 kW/kg
Curve minimum (cruise/cruise): W/S=2312.5 Pa (235.81 kg/m^2), P/W=0.12164 kW/kg
======================================================
======================= ITER 1 =======================
Reynolds_number: 10,428,465
Stack prop output power: 500 kW, Pcomp: 46.9 kW
Cell efficiency: 0.298, Output efficiency: 0.259
mdot_h2: 13.01 g/s
Reynolds_number: 10,428,465
Stack prop output power: 465 kW, Pcomp: 43.7 kW
Cell efficiency: 0.298, Output efficiency: 0.259
mdot_h2: 12.10 g/s
Reynolds_number: 10,428,465
Stack prop output power: 462 kW, Pcomp: 43.4 kW
Cell efficiency: 0.298, Output efficiency: 0.259
mdot_h2: 12.02 g/s
Reynolds_number: 10,428,465
Stack prop output power: 334 kW, Pcomp: 3.1 kW
Cell efficiency: 0.259, Output efficiency: 0.243
mdot_h2: 9.24 g/s
Reynolds_number: 10,428,465
Stack prop output power: 501 kW, Pcomp: 4.7 kW
Cell efficiency: 0.259, Output efficiency: 0.243
mdot_h2: 13.85 g/s
Reynolds_number: 10,428,465
Stack prop output power: 503 kW, Pcomp: 4.7 kW
Cell efficiency: 0.259, Output efficiency: 0.243
mdot_h2: 13.90 g/s
Reynolds_number: 6,709,346
Stack prop output power: 336 kW, Pcomp: 2.9 kW
Cell efficiency: 0.305, Output efficiency: 0.287
mdot_h2: 7.87 g/s
Reynolds_number: 6,709,346
Stack prop output power: 496 kW, Pcomp: 4.3 kW
Cell efficiency: 0.305, Output efficiency: 0.287
mdot_h2: 11.62 g/s
Reynolds_number: 6,709,346
Stack prop output power: 497 kW, Pcomp: 4.3 kW
Cell efficiency: 0.305, Output efficiency: 0.287
mdot_h2: 11.65 g/s
Reynolds_number: 10,428,465
Stack prop output power: 500 kW, Pcomp: 46.9 kW
Cell efficiency: 0.298, Output efficiency: 0.259
mdot_h2: 13.01 g/s
Reynolds_number: 10,428,465
Stack prop output power: 465 kW, Pcomp: 43.7 kW
Cell efficiency: 0.298, Output efficiency: 0.259
mdot_h2: 12.10 g/s
Reynolds_number: 10,428,465
Stack prop output power: 462 kW, Pcomp: 43.4 kW
Cell efficiency: 0.298, Output efficiency: 0.259
mdot_h2: 12.02 g/s
Fuel-cell system mass representative phase: climb (P_fc_sys=1005.269 kW).

-----------------------
ptotal_climb: 1,337 kW, mtom_est: 5,419 kg, mtom: 5,000 kg, residual: +419.12 kg

MTOM update: initial_bracket_probe_1, relax=1.000 -> mtom_next=5,325.00 kg

======================================================
======================= ITER 2 =======================
Reynolds_number: 10,428,465
Stack prop output power: 462 kW, Pcomp: 43.3 kW
Cell efficiency: 0.298, Output efficiency: 0.259
mdot_h2: 12.01 g/s
Reynolds_number: 10,428,465
Stack prop output power: 489 kW, Pcomp: 45.9 kW
Cell efficiency: 0.298, Output efficiency: 0.259
mdot_h2: 12.72 g/s
Reynolds_number: 10,428,465
Stack prop output power: 491 kW, Pcomp: 46.1 kW
Cell efficiency: 0.298, Output efficiency: 0.259
mdot_h2: 12.78 g/s
Reynolds_number: 10,428,465
Stack prop output power: 492 kW, Pcomp: 4.6 kW
Cell efficiency: 0.259, Output efficiency: 0.243
mdot_h2: 13.60 g/s
Reynolds_number: 10,428,465
Stack prop output power: 535 kW, Pcomp: 5.0 kW
Cell efficiency: 0.259, Output efficiency: 0.243
mdot_h2: 14.79 g/s
Reynolds_number: 6,709,346
Stack prop output power: 486 kW, Pcomp: 4.2 kW
Cell efficiency: 0.305, Output efficiency: 0.287
mdot_h2: 11.40 g/s
Reynolds_number: 6,709,346
Stack prop output power: 529 kW, Pcomp: 4.6 kW
Cell efficiency: 0.305, Output efficiency: 0.287
mdot_h2: 12.40 g/s
Reynolds_number: 10,428,465
Stack prop output power: 462 kW, Pcomp: 43.3 kW
Cell efficiency: 0.298, Output efficiency: 0.259
mdot_h2: 12.01 g/s
Reynolds_number: 10,428,465
Stack prop output power: 489 kW, Pcomp: 45.9 kW
Cell efficiency: 0.298, Output efficiency: 0.259
mdot_h2: 12.72 g/s
Reynolds_number: 10,428,465
Stack prop output power: 491 kW, Pcomp: 46.1 kW
Cell efficiency: 0.298, Output efficiency: 0.259
mdot_h2: 12.78 g/s
Fuel-cell system mass representative phase: climb (P_fc_sys=1070.604 kW).

-----------------------
ptotal_climb: 1,424 kW, mtom_est: 5,660 kg, mtom: 5,325 kg, residual: +334.87 kg

MTOM update: initial_bracket_probe_2, relax=1.000 -> mtom_next=5,650.00 kg

======================================================
======================= ITER 3 =======================
Reynolds_number: 10,428,465
Stack prop output power: 492 kW, Pcomp: 46.1 kW
Cell efficiency: 0.298, Output efficiency: 0.259
mdot_h2: 12.79 g/s
Reynolds_number: 10,428,465
Stack prop output power: 519 kW, Pcomp: 48.7 kW
Cell efficiency: 0.298, Output efficiency: 0.259
mdot_h2: 13.50 g/s
Reynolds_number: 10,428,465
Stack prop output power: 521 kW, Pcomp: 48.9 kW
Cell efficiency: 0.298, Output efficiency: 0.259
mdot_h2: 13.56 g/s
Reynolds_number: 10,428,465
Stack prop output power: 525 kW, Pcomp: 4.9 kW
Cell efficiency: 0.259, Output efficiency: 0.243
mdot_h2: 14.50 g/s
Reynolds_number: 10,428,465
Stack prop output power: 568 kW, Pcomp: 5.3 kW
Cell efficiency: 0.259, Output efficiency: 0.243
mdot_h2: 15.69 g/s
Reynolds_number: 6,709,346
Stack prop output power: 519 kW, Pcomp: 4.5 kW
Cell efficiency: 0.305, Output efficiency: 0.287
mdot_h2: 12.16 g/s
Reynolds_number: 6,709,346
Stack prop output power: 561 kW, Pcomp: 4.9 kW
Cell efficiency: 0.305, Output efficiency: 0.287
mdot_h2: 13.16 g/s
Reynolds_number: 10,428,465
Stack prop output power: 492 kW, Pcomp: 46.1 kW
Cell efficiency: 0.298, Output efficiency: 0.259
mdot_h2: 12.79 g/s
Reynolds_number: 10,428,465
Stack prop output power: 519 kW, Pcomp: 48.7 kW
Cell efficiency: 0.298, Output efficiency: 0.259
mdot_h2: 13.50 g/s
Reynolds_number: 10,428,465
Stack prop output power: 521 kW, Pcomp: 48.9 kW
Cell efficiency: 0.298, Output efficiency: 0.259
mdot_h2: 13.56 g/s
Fuel-cell system mass representative phase: climb (P_fc_sys=1135.946 kW).

-----------------------
ptotal_climb: 1,511 kW, mtom_est: 5,899 kg, mtom: 5,650 kg, residual: +249.08 kg

MTOM update: fixed_point_prebracket, relax=1.000 -> mtom_next=5,849.27 kg

======================================================
======================= ITER 4 =======================
Reynolds_number: 10,428,465
Stack prop output power: 522 kW, Pcomp: 49.0 kW
Cell efficiency: 0.298, Output efficiency: 0.259
mdot_h2: 13.57 g/s
Reynolds_number: 10,428,465
Stack prop output power: 538 kW, Pcomp: 50.5 kW
Cell efficiency: 0.298, Output efficiency: 0.259
mdot_h2: 14.00 g/s
Reynolds_number: 10,428,465
Stack prop output power: 540 kW, Pcomp: 50.7 kW
Cell efficiency: 0.298, Output efficiency: 0.259
mdot_h2: 14.05 g/s
Reynolds_number: 10,428,465
Stack prop output power: 561 kW, Pcomp: 5.3 kW
Cell efficiency: 0.259, Output efficiency: 0.243
mdot_h2: 15.52 g/s
Reynolds_number: 10,428,465
Stack prop output power: 588 kW, Pcomp: 5.5 kW
Cell efficiency: 0.259, Output efficiency: 0.243
mdot_h2: 16.25 g/s
Reynolds_number: 6,709,346
Stack prop output power: 555 kW, Pcomp: 4.8 kW
Cell efficiency: 0.305, Output efficiency: 0.287
mdot_h2: 13.01 g/s
Reynolds_number: 6,709,346
Stack prop output power: 581 kW, Pcomp: 5.1 kW
Cell efficiency: 0.305, Output efficiency: 0.287
mdot_h2: 13.63 g/s
Reynolds_number: 10,428,465
Stack prop output power: 522 kW, Pcomp: 49.0 kW
Cell efficiency: 0.298, Output efficiency: 0.259
mdot_h2: 13.57 g/s
Reynolds_number: 10,428,465
Stack prop output power: 538 kW, Pcomp: 50.5 kW
Cell efficiency: 0.298, Output efficiency: 0.259
mdot_h2: 14.00 g/s
Reynolds_number: 10,428,465
Stack prop output power: 540 kW, Pcomp: 50.7 kW
Cell efficiency: 0.298, Output efficiency: 0.259
mdot_h2: 14.05 g/s
Fuel-cell system mass representative phase: climb (P_fc_sys=1176.013 kW).

-----------------------
ptotal_climb: 1,564 kW, mtom_est: 6,050 kg, mtom: 5,849 kg, residual: +200.32 kg

MTOM update: fixed_point_prebracket, relax=1.000 -> mtom_next=6,009.52 kg

======================================================
======================= ITER 5 =======================
Reynolds_number: 10,428,465
Stack prop output power: 540 kW, Pcomp: 50.7 kW
Cell efficiency: 0.298, Output efficiency: 0.259
mdot_h2: 14.05 g/s
Reynolds_number: 10,428,465
Stack prop output power: 553 kW, Pcomp: 52.0 kW
Cell efficiency: 0.298, Output efficiency: 0.259
mdot_h2: 14.40 g/s
Reynolds_number: 10,428,465
Stack prop output power: 555 kW, Pcomp: 52.1 kW
Cell efficiency: 0.298, Output efficiency: 0.259
mdot_h2: 14.43 g/s
Reynolds_number: 10,428,465
Stack prop output power: 583 kW, Pcomp: 5.5 kW
Cell efficiency: 0.259, Output efficiency: 0.243
mdot_h2: 16.11 g/s
Reynolds_number: 10,428,465
Stack prop output power: 604 kW, Pcomp: 5.6 kW
Cell efficiency: 0.259, Output efficiency: 0.243
mdot_h2: 16.70 g/s
Reynolds_number: 6,709,346
Stack prop output power: 576 kW, Pcomp: 5.0 kW
Cell efficiency: 0.305, Output efficiency: 0.287
mdot_h2: 13.51 g/s
Reynolds_number: 6,709,346
Stack prop output power: 597 kW, Pcomp: 5.2 kW
Cell efficiency: 0.305, Output efficiency: 0.287
mdot_h2: 14.00 g/s
Reynolds_number: 10,428,465
Stack prop output power: 540 kW, Pcomp: 50.7 kW
Cell efficiency: 0.298, Output efficiency: 0.259
mdot_h2: 14.05 g/s
Reynolds_number: 10,428,465
Stack prop output power: 553 kW, Pcomp: 52.0 kW
Cell efficiency: 0.298, Output efficiency: 0.259
mdot_h2: 14.40 g/s
Reynolds_number: 10,428,465
Stack prop output power: 555 kW, Pcomp: 52.1 kW
Cell efficiency: 0.298, Output efficiency: 0.259
mdot_h2: 14.43 g/s
Fuel-cell system mass representative phase: climb (P_fc_sys=1208.233 kW).

-----------------------
ptotal_climb: 1,607 kW, mtom_est: 6,167 kg, mtom: 6,010 kg, residual: +157.80 kg

MTOM update: fixed_point_prebracket, relax=1.000 -> mtom_next=6,135.76 kg

======================================================
======================= ITER 6 =======================
Reynolds_number: 10,428,465
Stack prop output power: 555 kW, Pcomp: 52.1 kW
Cell efficiency: 0.298, Output efficiency: 0.259
mdot_h2: 14.43 g/s
Reynolds_number: 10,428,465
Stack prop output power: 565 kW, Pcomp: 53.1 kW
Cell efficiency: 0.298, Output efficiency: 0.259
mdot_h2: 14.71 g/s
Reynolds_number: 10,428,465
Stack prop output power: 566 kW, Pcomp: 53.2 kW
Cell efficiency: 0.298, Output efficiency: 0.259
mdot_h2: 14.74 g/s
Reynolds_number: 10,428,465
Stack prop output power: 600 kW, Pcomp: 5.6 kW
Cell efficiency: 0.259, Output efficiency: 0.243
mdot_h2: 16.59 g/s
Reynolds_number: 10,428,465
Stack prop output power: 617 kW, Pcomp: 5.8 kW
Cell efficiency: 0.259, Output efficiency: 0.243
mdot_h2: 17.05 g/s
Reynolds_number: 6,709,346
Stack prop output power: 593 kW, Pcomp: 5.2 kW
Cell efficiency: 0.305, Output efficiency: 0.287
mdot_h2: 13.91 g/s
Reynolds_number: 6,709,346
Stack prop output power: 610 kW, Pcomp: 5.3 kW
Cell efficiency: 0.305, Output efficiency: 0.287
mdot_h2: 14.30 g/s
Reynolds_number: 10,428,465
Stack prop output power: 555 kW, Pcomp: 52.1 kW
Cell efficiency: 0.298, Output efficiency: 0.259
mdot_h2: 14.43 g/s
Reynolds_number: 10,428,465
Stack prop output power: 565 kW, Pcomp: 53.1 kW
Cell efficiency: 0.298, Output efficiency: 0.259
mdot_h2: 14.71 g/s
Reynolds_number: 10,428,465
Stack prop output power: 566 kW, Pcomp: 53.2 kW
Cell efficiency: 0.298, Output efficiency: 0.259
mdot_h2: 14.74 g/s
Fuel-cell system mass representative phase: climb (P_fc_sys=1233.616 kW).

-----------------------
ptotal_climb: 1,641 kW, mtom_est: 6,264 kg, mtom: 6,136 kg, residual: +128.02 kg

MTOM update: fixed_point_prebracket, relax=1.000 -> mtom_next=6,238.18 kg

======================================================
======================= ITER 7 =======================
Reynolds_number: 10,428,465
Stack prop output power: 566 kW, Pcomp: 53.2 kW
Cell efficiency: 0.298, Output efficiency: 0.259
mdot_h2: 14.74 g/s
Reynolds_number: 10,428,465
Stack prop output power: 575 kW, Pcomp: 54.0 kW
Cell efficiency: 0.298, Output efficiency: 0.259
mdot_h2: 14.96 g/s
Reynolds_number: 10,428,465
Stack prop output power: 576 kW, Pcomp: 54.1 kW
Cell efficiency: 0.298, Output efficiency: 0.259
mdot_h2: 14.98 g/s
Reynolds_number: 10,428,465
Stack prop output power: 613 kW, Pcomp: 5.7 kW
Cell efficiency: 0.259, Output efficiency: 0.243
mdot_h2: 16.96 g/s
Reynolds_number: 10,428,465
Stack prop output power: 627 kW, Pcomp: 5.9 kW
Cell efficiency: 0.259, Output efficiency: 0.243
mdot_h2: 17.34 g/s
Reynolds_number: 6,709,346
Stack prop output power: 606 kW, Pcomp: 5.3 kW
Cell efficiency: 0.305, Output efficiency: 0.287
mdot_h2: 14.22 g/s
Reynolds_number: 6,709,346
Stack prop output power: 620 kW, Pcomp: 5.4 kW
Cell efficiency: 0.305, Output efficiency: 0.287
mdot_h2: 14.54 g/s
Reynolds_number: 10,428,465
Stack prop output power: 566 kW, Pcomp: 53.2 kW
Cell efficiency: 0.298, Output efficiency: 0.259
mdot_h2: 14.74 g/s
Reynolds_number: 10,428,465
Stack prop output power: 575 kW, Pcomp: 54.0 kW
Cell efficiency: 0.298, Output efficiency: 0.259
mdot_h2: 14.96 g/s
Reynolds_number: 10,428,465
Stack prop output power: 576 kW, Pcomp: 54.1 kW
Cell efficiency: 0.298, Output efficiency: 0.259
mdot_h2: 14.98 g/s
Fuel-cell system mass representative phase: climb (P_fc_sys=1254.207 kW).

-----------------------
ptotal_climb: 1,668 kW, mtom_est: 6,340 kg, mtom: 6,238 kg, residual: +101.95 kg

MTOM update: fixed_point_prebracket, relax=1.000 -> mtom_next=6,319.74 kg

======================================================
======================= ITER 8 =======================
Reynolds_number: 10,428,465
Stack prop output power: 576 kW, Pcomp: 54.1 kW
Cell efficiency: 0.298, Output efficiency: 0.259
mdot_h2: 14.98 g/s
Reynolds_number: 10,428,465
Stack prop output power: 583 kW, Pcomp: 54.7 kW
Cell efficiency: 0.298, Output efficiency: 0.259
mdot_h2: 15.16 g/s
Reynolds_number: 10,428,465
Stack prop output power: 583 kW, Pcomp: 54.8 kW
Cell efficiency: 0.298, Output efficiency: 0.259
mdot_h2: 15.18 g/s
Reynolds_number: 10,428,465
Stack prop output power: 624 kW, Pcomp: 5.8 kW
Cell efficiency: 0.259, Output efficiency: 0.243
mdot_h2: 17.26 g/s
Reynolds_number: 10,428,465
Stack prop output power: 635 kW, Pcomp: 5.9 kW
Cell efficiency: 0.259, Output efficiency: 0.243
mdot_h2: 17.56 g/s
Reynolds_number: 6,709,346
Stack prop output power: 617 kW, Pcomp: 5.4 kW
Cell efficiency: 0.305, Output efficiency: 0.287
mdot_h2: 14.48 g/s
Reynolds_number: 6,709,346
Stack prop output power: 628 kW, Pcomp: 5.5 kW
Cell efficiency: 0.305, Output efficiency: 0.287
mdot_h2: 14.73 g/s
Reynolds_number: 10,428,465
Stack prop output power: 576 kW, Pcomp: 54.1 kW
Cell efficiency: 0.298, Output efficiency: 0.259
mdot_h2: 14.98 g/s
Reynolds_number: 10,428,465
Stack prop output power: 583 kW, Pcomp: 54.7 kW
Cell efficiency: 0.298, Output efficiency: 0.259
mdot_h2: 15.16 g/s
Reynolds_number: 10,428,465
Stack prop output power: 583 kW, Pcomp: 54.8 kW
Cell efficiency: 0.298, Output efficiency: 0.259
mdot_h2: 15.18 g/s
Fuel-cell system mass representative phase: climb (P_fc_sys=1270.605 kW).

-----------------------
ptotal_climb: 1,690 kW, mtom_est: 6,400 kg, mtom: 6,320 kg, residual: +79.89 kg

MTOM update: newton_prebracket, relax=1.000 -> mtom_next=6,615.04 kg

======================================================
======================= ITER 9 =======================
Reynolds_number: 10,428,465
Stack prop output power: 583 kW, Pcomp: 54.8 kW
Cell efficiency: 0.298, Output efficiency: 0.259
mdot_h2: 15.18 g/s
Reynolds_number: 10,428,465
Stack prop output power: 608 kW, Pcomp: 57.1 kW
Cell efficiency: 0.298, Output efficiency: 0.259
mdot_h2: 15.82 g/s
Reynolds_number: 10,428,465
Stack prop output power: 610 kW, Pcomp: 57.3 kW
Cell efficiency: 0.298, Output efficiency: 0.259
mdot_h2: 15.88 g/s
Reynolds_number: 10,428,465
Stack prop output power: 626 kW, Pcomp: 5.9 kW
Cell efficiency: 0.259, Output efficiency: 0.243
mdot_h2: 17.29 g/s
Reynolds_number: 10,428,465
Stack prop output power: 665 kW, Pcomp: 6.2 kW
Cell efficiency: 0.259, Output efficiency: 0.243
mdot_h2: 18.38 g/s
Reynolds_number: 6,709,346
Stack prop output power: 618 kW, Pcomp: 5.4 kW
Cell efficiency: 0.305, Output efficiency: 0.287
mdot_h2: 14.50 g/s
Reynolds_number: 6,709,346
Stack prop output power: 657 kW, Pcomp: 5.7 kW
Cell efficiency: 0.305, Output efficiency: 0.287
mdot_h2: 15.41 g/s
Reynolds_number: 10,428,465
Stack prop output power: 583 kW, Pcomp: 54.8 kW
Cell efficiency: 0.298, Output efficiency: 0.259
mdot_h2: 15.18 g/s
Reynolds_number: 10,428,465
Stack prop output power: 608 kW, Pcomp: 57.1 kW
Cell efficiency: 0.298, Output efficiency: 0.259
mdot_h2: 15.82 g/s
Reynolds_number: 10,428,465
Stack prop output power: 610 kW, Pcomp: 57.3 kW
Cell efficiency: 0.298, Output efficiency: 0.259
mdot_h2: 15.88 g/s
Fuel-cell system mass representative phase: climb (P_fc_sys=1329.971 kW).

-----------------------
ptotal_climb: 1,769 kW, mtom_est: 6,618 kg, mtom: 6,615 kg, residual: +3.07 kg


CONVERGED

CONVERGED STATE [MTOM iteration 9]
  MTOM=6,618 kg | Wing loading=235.92 kg/m^2 | P/W(climb)=267.32 W/kg
  Phase power: climb=1,769.2 kW | cruise=1,221.3 kW | takeoff=1,749.4 kW | cruise+charger=1,221.3 kW
  Power split (climb): FC=1,317.5 kW | Battery=439.2 kW | Compressor=12.4 kW | Cooling=612.8 kW | H2=36.752 g/s
  Compressor max across phases: 114.6 kW (cruise)
  FC representative phase (mass sizing): climb (1,330.0 kW)
  Mass summary: MTOM=6,618 kg | Powertrain=2,412 kg | Tank=785.7 kg | Fuel=349.2 kg | Battery=30.2 kg | Nacelle power density=0.66 kW/kg
  Geometry: Main wing area=28.05 m^2 | Horizontal tail area=3.519 m^2 | Horizontal tail location=14.146 m | Vertical tail area=3.541 m^2 | Vertical tail location=13.759 m
  Config: wing loading input=235.81 kg/m^2 | P/W TO/Cl/Cr=0.19250/0.19457/0.12164 kW/kg

=============================================================
========================= CONVERGED =========================
=============================================================
Constraint sizing: ENABLED (min_combined_pw)
Input W/S: 235.81 kg/m^2 (2,312.5 Pa)
Input P/W [kW/kg]: takeoff 0.19250, climb 0.19457, cruise 0.12164
-------------------------------------------------------------

Mission Time
Climb time: 0.00 min (0.00 h)
Cruise time: 180.17 min (3.00 h)
Total flight time: 202.17 min (3.37 h)

Phase Power Breakdown
Phase      Time[min]     Total[kW]    FC Stack[kW]   Battery[kW]   Compressor[kW]   Cooling[kW]
-----------------------------------------------------------------------------------------------
ready           0.00          88.5            88.5           0.0              0.0           0.0
taxi            5.00         176.9           176.9           0.0              0.0           0.0
takeoff         1.00       1,749.4         1,303.5         434.5             11.4         484.1
climb           0.00       1,769.2         1,317.5         439.2             12.4         612.8
cruise        180.17       1,221.3         1,106.7           0.0            114.6         503.6
loiter         15.00         122.1           110.7           0.0             11.5          50.4
landing         1.00           0.0             0.0           0.0              0.0           0.0

Pcomp_max (solved phases): 114.6 kW (cruise)
Pnet (climb): 1,598 kW
Pelectricnet (climb): 1,757 kW
eta_pt: 0.9031

Geometry
S_wing: 28.05 m^2
b_wing: 15.89 m
Lfus: 16.01 m
Ltank: 7.00 m
S_HT: 3.52 m^2
S_VT: 3.54 m^2
b_HT: 3.98 m
b_VT: 2.59 m
X_HT_act: 14.15 m
X_VT_act: 13.76 m

One Nacelle (1/2)
Stack(1/2): 414 kg, Compressor: 38 kg, Humidifier: 196 kg, HX: 364 kg
W_FCS_single_nacelle (W_Stack+W_Compressor+W_Humidifier+W_Hx): 1,012 kg
Representative FC phase: climb
Specific Power of Nacelle System: 0.657 kW/kg
dim_hx: dX=1.374 m, dY=1.374 m, dZ=0.216 m
dim_stack: dX=0.415 m, dY=0.333 m, dZ=0.333 m

ALL Nacelles
W_FCS_total: 2,024 kg
W_PMAD: 154 kg
W_Motors: 233 kg

-----------------------
W_Powertrain (W_FCS_total+W_PMAD+W_Motors): 2,412 kg
-----------------------
W_wing: 467 kg
W_Htail: 27 kg
W_Vtail: 53 kg
W_fuselage: 526 kg
W_lnd_gear_main: 243 kg
W_lnd_gear_nose: 65 kg
W_flight_control: 366 kg
W_electric_system: 300 kg
W_iae: 94 kg
W_hydraulics: 79 kg
W_fur: 471 kg
-----------------------
OEM: 2,691 kg
-----------------------
W_tank: 786 kg
W_fuel: 349.2 kg
W_batt: 30.2 kg
-----------------------
W_payload: 350 kg
-----------------------
MTOM_grouped (OEM+W_tank+W_fuel+W_batt+W_Powertrain+W_payload): 6,618 kg
MTOM: 6,618 kg
-----------------------

Wing loading (MTOM/S_wing): 235.92 kg/m^2
Power-to-weight (converged): 267.32 W/kg

mdot_H2(cruise): 31.8 g/s
Vtankex: 15.0 m^3
========================== END ==============================


=============================================================
Execution time: 89.7 seconds
=============================================================
