Auto-widening W/S scan window for min_combined_pw: 1900.0..2600.0 -> 1725.0..2775.0 Pa (factor 1.500, lower_hit=True, upper_hit=False, min_on_edge=False).
Auto-widening W/S scan window for min_combined_pw: 1725.0..2775.0 -> 1462.5..3037.5 Pa (factor 1.500, lower_hit=True, upper_hit=False, min_on_edge=True).
ADRpy minimum combined P/W remains on feasible W/S boundary (2312.5 Pa). Proceeding with current W/S range 1462.5..3037.5 Pa.
ADRpy constraint sizing (min_combined_pw): W/S=2312.5 Pa (235.81 kg/m^2), P/W_TO=0.19250 kW/kg, P/W_climb=0.19457 kW/kg, P/W_cruise=0.12164 kW/kg
Curve minimum (combined/combined): W/S=2312.5 Pa (235.81 kg/m^2), P/W=0.19457 kW/kg
Curve minimum (takeoff/take-off): W/S=1462.5 Pa (149.13 kg/m^2), P/W=0.10196 kW/kg
Curve minimum (climb/climb): W/S=2312.5 Pa (235.81 kg/m^2), P/W=0.19457 kW/kg
Curve minimum (cruise/cruise): W/S=2312.5 Pa (235.81 kg/m^2), P/W=0.12164 kW/kg
======================================================
======================= ITER 1 =======================
Reynolds_number: 10,428,465
Stack prop output power: 500 kW, Pcomp: 46.9 kW
Cell efficiency: 0.298, Output efficiency: 0.259
mdot_h2: 13.01 g/s
Reynolds_number: 10,428,465
Stack prop output power: 465 kW, Pcomp: 43.7 kW
Cell efficiency: 0.298, Output efficiency: 0.259
mdot_h2: 12.10 g/s
Reynolds_number: 10,428,465
Stack prop output power: 462 kW, Pcomp: 43.4 kW
Cell efficiency: 0.298, Output efficiency: 0.259
mdot_h2: 12.02 g/s
Reynolds_number: 10,428,465
Stack prop output power: 334 kW, Pcomp: 3.1 kW
Cell efficiency: 0.259, Output efficiency: 0.243
mdot_h2: 9.24 g/s
Reynolds_number: 10,428,465
Stack prop output power: 501 kW, Pcomp: 4.7 kW
Cell efficiency: 0.259, Output efficiency: 0.243
mdot_h2: 13.85 g/s
Reynolds_number: 10,428,465
Stack prop output power: 503 kW, Pcomp: 4.7 kW
Cell efficiency: 0.259, Output efficiency: 0.243
mdot_h2: 13.90 g/s
Reynolds_number: 6,709,346
Stack prop output power: 336 kW, Pcomp: 2.9 kW
Cell efficiency: 0.305, Output efficiency: 0.287
mdot_h2: 7.87 g/s
Reynolds_number: 6,709,346
Stack prop output power: 496 kW, Pcomp: 4.3 kW
Cell efficiency: 0.305, Output efficiency: 0.287
mdot_h2: 11.62 g/s
Reynolds_number: 6,709,346
Stack prop output power: 497 kW, Pcomp: 4.3 kW
Cell efficiency: 0.305, Output efficiency: 0.287
mdot_h2: 11.65 g/s
Reynolds_number: 10,428,465
Stack prop output power: 500 kW, Pcomp: 46.9 kW
Cell efficiency: 0.298, Output efficiency: 0.259
mdot_h2: 13.01 g/s
Reynolds_number: 10,428,465
Stack prop output power: 465 kW, Pcomp: 43.7 kW
Cell efficiency: 0.298, Output efficiency: 0.259
mdot_h2: 12.10 g/s
Reynolds_number: 10,428,465
Stack prop output power: 462 kW, Pcomp: 43.4 kW
Cell efficiency: 0.298, Output efficiency: 0.259
mdot_h2: 12.02 g/s
Fuel-cell system mass representative phase: climb (P_fc_sys=1005.269 kW).

-----------------------
ptotal_climb: 1,337 kW, mtom_est: 6,976 kg, mtom: 5,000 kg, residual: +1,976.50 kg

MTOM update: initial_bracket_probe_1, relax=1.000 -> mtom_next=5,325.00 kg

======================================================
======================= ITER 2 =======================
Reynolds_number: 10,428,465
Stack prop output power: 462 kW, Pcomp: 43.3 kW
Cell efficiency: 0.298, Output efficiency: 0.259
mdot_h2: 12.01 g/s
Reynolds_number: 10,428,465
Stack prop output power: 489 kW, Pcomp: 45.9 kW
Cell efficiency: 0.298, Output efficiency: 0.259
mdot_h2: 12.72 g/s
Reynolds_number: 10,428,465
Stack prop output power: 491 kW, Pcomp: 46.1 kW
Cell efficiency: 0.298, Output efficiency: 0.259
mdot_h2: 12.78 g/s
Reynolds_number: 10,428,465
Stack prop output power: 492 kW, Pcomp: 4.6 kW
Cell efficiency: 0.259, Output efficiency: 0.243
mdot_h2: 13.60 g/s
Reynolds_number: 10,428,465
Stack prop output power: 535 kW, Pcomp: 5.0 kW
Cell efficiency: 0.259, Output efficiency: 0.243
mdot_h2: 14.79 g/s
Reynolds_number: 6,709,346
Stack prop output power: 486 kW, Pcomp: 4.2 kW
Cell efficiency: 0.305, Output efficiency: 0.287
mdot_h2: 11.40 g/s
Reynolds_number: 6,709,346
Stack prop output power: 529 kW, Pcomp: 4.6 kW
Cell efficiency: 0.305, Output efficiency: 0.287
mdot_h2: 12.40 g/s
Reynolds_number: 10,428,465
Stack prop output power: 462 kW, Pcomp: 43.3 kW
Cell efficiency: 0.298, Output efficiency: 0.259
mdot_h2: 12.01 g/s
Reynolds_number: 10,428,465
Stack prop output power: 489 kW, Pcomp: 45.9 kW
Cell efficiency: 0.298, Output efficiency: 0.259
mdot_h2: 12.72 g/s
Reynolds_number: 10,428,465
Stack prop output power: 491 kW, Pcomp: 46.1 kW
Cell efficiency: 0.298, Output efficiency: 0.259
mdot_h2: 12.78 g/s
Fuel-cell system mass representative phase: climb (P_fc_sys=1070.604 kW).

-----------------------
ptotal_climb: 1,424 kW, mtom_est: 7,243 kg, mtom: 5,325 kg, residual: +1,918.37 kg

MTOM update: initial_bracket_probe_2, relax=1.000 -> mtom_next=5,650.00 kg

======================================================
======================= ITER 3 =======================
Reynolds_number: 10,428,465
Stack prop output power: 492 kW, Pcomp: 46.1 kW
Cell efficiency: 0.298, Output efficiency: 0.259
mdot_h2: 12.79 g/s
Reynolds_number: 10,428,465
Stack prop output power: 519 kW, Pcomp: 48.7 kW
Cell efficiency: 0.298, Output efficiency: 0.259
mdot_h2: 13.50 g/s
Reynolds_number: 10,428,465
Stack prop output power: 521 kW, Pcomp: 48.9 kW
Cell efficiency: 0.298, Output efficiency: 0.259
mdot_h2: 13.56 g/s
Reynolds_number: 10,428,465
Stack prop output power: 525 kW, Pcomp: 4.9 kW
Cell efficiency: 0.259, Output efficiency: 0.243
mdot_h2: 14.50 g/s
Reynolds_number: 10,428,465
Stack prop output power: 568 kW, Pcomp: 5.3 kW
Cell efficiency: 0.259, Output efficiency: 0.243
mdot_h2: 15.69 g/s
Reynolds_number: 6,709,346
Stack prop output power: 519 kW, Pcomp: 4.5 kW
Cell efficiency: 0.305, Output efficiency: 0.287
mdot_h2: 12.16 g/s
Reynolds_number: 6,709,346
Stack prop output power: 561 kW, Pcomp: 4.9 kW
Cell efficiency: 0.305, Output efficiency: 0.287
mdot_h2: 13.16 g/s
Reynolds_number: 10,428,465
Stack prop output power: 492 kW, Pcomp: 46.1 kW
Cell efficiency: 0.298, Output efficiency: 0.259
mdot_h2: 12.79 g/s
Reynolds_number: 10,428,465
Stack prop output power: 519 kW, Pcomp: 48.7 kW
Cell efficiency: 0.298, Output efficiency: 0.259
mdot_h2: 13.50 g/s
Reynolds_number: 10,428,465
Stack prop output power: 521 kW, Pcomp: 48.9 kW
Cell efficiency: 0.298, Output efficiency: 0.259
mdot_h2: 13.56 g/s
Fuel-cell system mass representative phase: climb (P_fc_sys=1135.946 kW).

-----------------------
ptotal_climb: 1,511 kW, mtom_est: 7,509 kg, mtom: 5,650 kg, residual: +1,859.26 kg

MTOM update: fixed_point_prebracket, relax=1.000 -> mtom_next=6,497.50 kg

======================================================
======================= ITER 4 =======================
Reynolds_number: 10,428,465
Stack prop output power: 522 kW, Pcomp: 49.0 kW
Cell efficiency: 0.298, Output efficiency: 0.259
mdot_h2: 13.57 g/s
Reynolds_number: 10,428,465
Stack prop output power: 592 kW, Pcomp: 55.6 kW
Cell efficiency: 0.298, Output efficiency: 0.259
mdot_h2: 15.42 g/s
Reynolds_number: 10,428,465
Stack prop output power: 599 kW, Pcomp: 56.2 kW
Cell efficiency: 0.298, Output efficiency: 0.259
mdot_h2: 15.59 g/s
Reynolds_number: 10,428,465
Stack prop output power: 600 kW, Pcomp: 56.3 kW
Cell efficiency: 0.298, Output efficiency: 0.259
mdot_h2: 15.61 g/s
Reynolds_number: 10,428,465
Stack prop output power: 540 kW, Pcomp: 5.0 kW
Cell efficiency: 0.259, Output efficiency: 0.243
mdot_h2: 14.93 g/s
Reynolds_number: 10,428,465
Stack prop output power: 652 kW, Pcomp: 6.1 kW
Cell efficiency: 0.259, Output efficiency: 0.243
mdot_h2: 18.03 g/s
Reynolds_number: 10,428,465
Stack prop output power: 653 kW, Pcomp: 6.1 kW
Cell efficiency: 0.259, Output efficiency: 0.243
mdot_h2: 18.06 g/s
Reynolds_number: 6,709,346
Stack prop output power: 534 kW, Pcomp: 4.6 kW
Cell efficiency: 0.305, Output efficiency: 0.287
mdot_h2: 12.52 g/s
Reynolds_number: 6,709,346
Stack prop output power: 645 kW, Pcomp: 5.6 kW
Cell efficiency: 0.305, Output efficiency: 0.287
mdot_h2: 15.12 g/s
Reynolds_number: 6,709,346
Stack prop output power: 646 kW, Pcomp: 5.6 kW
Cell efficiency: 0.305, Output efficiency: 0.287
mdot_h2: 15.14 g/s
Reynolds_number: 10,428,465
Stack prop output power: 522 kW, Pcomp: 49.0 kW
Cell efficiency: 0.298, Output efficiency: 0.259
mdot_h2: 13.57 g/s
Reynolds_number: 10,428,465
Stack prop output power: 592 kW, Pcomp: 55.6 kW
Cell efficiency: 0.298, Output efficiency: 0.259
mdot_h2: 15.42 g/s
Reynolds_number: 10,428,465
Stack prop output power: 599 kW, Pcomp: 56.2 kW
Cell efficiency: 0.298, Output efficiency: 0.259
mdot_h2: 15.59 g/s
Reynolds_number: 10,428,465
Stack prop output power: 600 kW, Pcomp: 56.3 kW
Cell efficiency: 0.298, Output efficiency: 0.259
mdot_h2: 15.61 g/s
Fuel-cell system mass representative phase: climb (P_fc_sys=1306.347 kW).

-----------------------
ptotal_climb: 1,738 kW, mtom_est: 8,212 kg, mtom: 6,498 kg, residual: +1,714.99 kg

MTOM update: fixed_point_prebracket, relax=1.000 -> mtom_next=7,472.12 kg

======================================================
======================= ITER 5 =======================
Reynolds_number: 10,428,465
Stack prop output power: 600 kW, Pcomp: 56.3 kW
Cell efficiency: 0.298, Output efficiency: 0.259
mdot_h2: 15.61 g/s
Reynolds_number: 10,428,465
Stack prop output power: 681 kW, Pcomp: 64.0 kW
Cell efficiency: 0.298, Output efficiency: 0.259
mdot_h2: 17.73 g/s
Reynolds_number: 10,428,465
Stack prop output power: 689 kW, Pcomp: 64.7 kW
Cell efficiency: 0.298, Output efficiency: 0.259
mdot_h2: 17.93 g/s
Reynolds_number: 10,428,465
Stack prop output power: 690 kW, Pcomp: 64.8 kW
Cell efficiency: 0.298, Output efficiency: 0.259
mdot_h2: 17.95 g/s
Reynolds_number: 10,428,465
Stack prop output power: 621 kW, Pcomp: 5.8 kW
Cell efficiency: 0.259, Output efficiency: 0.243
mdot_h2: 17.17 g/s
Reynolds_number: 10,428,465
Stack prop output power: 750 kW, Pcomp: 7.0 kW
Cell efficiency: 0.259, Output efficiency: 0.243
mdot_h2: 20.73 g/s
Reynolds_number: 10,428,465
Stack prop output power: 751 kW, Pcomp: 7.0 kW
Cell efficiency: 0.259, Output efficiency: 0.243
mdot_h2: 20.77 g/s
Reynolds_number: 6,709,346
Stack prop output power: 614 kW, Pcomp: 5.3 kW
Cell efficiency: 0.305, Output efficiency: 0.287
mdot_h2: 14.39 g/s
Reynolds_number: 6,709,346
Stack prop output power: 742 kW, Pcomp: 6.5 kW
Cell efficiency: 0.305, Output efficiency: 0.287
mdot_h2: 17.39 g/s
Reynolds_number: 6,709,346
Stack prop output power: 743 kW, Pcomp: 6.5 kW
Cell efficiency: 0.305, Output efficiency: 0.287
mdot_h2: 17.41 g/s
Reynolds_number: 10,428,465
Stack prop output power: 600 kW, Pcomp: 56.3 kW
Cell efficiency: 0.298, Output efficiency: 0.259
mdot_h2: 15.61 g/s
Reynolds_number: 10,428,465
Stack prop output power: 681 kW, Pcomp: 64.0 kW
Cell efficiency: 0.298, Output efficiency: 0.259
mdot_h2: 17.73 g/s
Reynolds_number: 10,428,465
Stack prop output power: 689 kW, Pcomp: 64.7 kW
Cell efficiency: 0.298, Output efficiency: 0.259
mdot_h2: 17.93 g/s
Reynolds_number: 10,428,465
Stack prop output power: 690 kW, Pcomp: 64.8 kW
Cell efficiency: 0.298, Output efficiency: 0.259
mdot_h2: 17.95 g/s
Fuel-cell system mass representative phase: climb (P_fc_sys=1502.299 kW).

-----------------------
ptotal_climb: 1,998 kW, mtom_est: 9,023 kg, mtom: 7,472 kg, residual: +1,551.14 kg

MTOM update: fixed_point_prebracket, relax=1.000 -> mtom_next=8,592.94 kg

======================================================
======================= ITER 6 =======================
Reynolds_number: 10,428,465
Stack prop output power: 690 kW, Pcomp: 64.8 kW
Cell efficiency: 0.298, Output efficiency: 0.259
mdot_h2: 17.95 g/s
Reynolds_number: 10,428,465
Stack prop output power: 784 kW, Pcomp: 73.6 kW
Cell efficiency: 0.298, Output efficiency: 0.259
mdot_h2: 20.39 g/s
Reynolds_number: 10,428,465
Stack prop output power: 792 kW, Pcomp: 74.4 kW
Cell efficiency: 0.298, Output efficiency: 0.259
mdot_h2: 20.62 g/s
Reynolds_number: 10,428,465
Stack prop output power: 793 kW, Pcomp: 74.5 kW
Cell efficiency: 0.298, Output efficiency: 0.259
mdot_h2: 20.64 g/s
Reynolds_number: 10,428,465
Stack prop output power: 714 kW, Pcomp: 6.7 kW
Cell efficiency: 0.259, Output efficiency: 0.243
mdot_h2: 19.74 g/s
Reynolds_number: 10,428,465
Stack prop output power: 862 kW, Pcomp: 8.1 kW
Cell efficiency: 0.259, Output efficiency: 0.243
mdot_h2: 23.85 g/s
Reynolds_number: 10,428,465
Stack prop output power: 864 kW, Pcomp: 8.1 kW
Cell efficiency: 0.259, Output efficiency: 0.243
mdot_h2: 23.88 g/s
Reynolds_number: 6,709,346
Stack prop output power: 706 kW, Pcomp: 6.1 kW
Cell efficiency: 0.305, Output efficiency: 0.287
mdot_h2: 16.55 g/s
Reynolds_number: 6,709,346
Stack prop output power: 853 kW, Pcomp: 7.4 kW
Cell efficiency: 0.305, Output efficiency: 0.287
mdot_h2: 20.00 g/s
Reynolds_number: 6,709,346
Stack prop output power: 854 kW, Pcomp: 7.4 kW
Cell efficiency: 0.305, Output efficiency: 0.287
mdot_h2: 20.03 g/s
Reynolds_number: 10,428,465
Stack prop output power: 690 kW, Pcomp: 64.8 kW
Cell efficiency: 0.298, Output efficiency: 0.259
mdot_h2: 17.95 g/s
Reynolds_number: 10,428,465
Stack prop output power: 784 kW, Pcomp: 73.6 kW
Cell efficiency: 0.298, Output efficiency: 0.259
mdot_h2: 20.39 g/s
Reynolds_number: 10,428,465
Stack prop output power: 792 kW, Pcomp: 74.4 kW
Cell efficiency: 0.298, Output efficiency: 0.259
mdot_h2: 20.62 g/s
Reynolds_number: 10,428,465
Stack prop output power: 793 kW, Pcomp: 74.5 kW
Cell efficiency: 0.298, Output efficiency: 0.259
mdot_h2: 20.64 g/s
Fuel-cell system mass representative phase: climb (P_fc_sys=1727.644 kW).

-----------------------
ptotal_climb: 2,298 kW, mtom_est: 9,963 kg, mtom: 8,593 kg, residual: +1,369.58 kg

MTOM update: fixed_point_prebracket, relax=1.000 -> mtom_next=9,688.61 kg

======================================================
======================= ITER 7 =======================
Reynolds_number: 10,428,465
Stack prop output power: 793 kW, Pcomp: 74.5 kW
Cell efficiency: 0.298, Output efficiency: 0.259
mdot_h2: 20.64 g/s
Reynolds_number: 10,428,465
Stack prop output power: 885 kW, Pcomp: 83.1 kW
Cell efficiency: 0.298, Output efficiency: 0.259
mdot_h2: 23.02 g/s
Reynolds_number: 10,428,465
Stack prop output power: 894 kW, Pcomp: 83.9 kW
Cell efficiency: 0.298, Output efficiency: 0.259
mdot_h2: 23.25 g/s
Reynolds_number: 10,428,465
Stack prop output power: 894 kW, Pcomp: 84.0 kW
Cell efficiency: 0.298, Output efficiency: 0.259
mdot_h2: 23.27 g/s
Reynolds_number: 10,428,465
Stack prop output power: 827 kW, Pcomp: 7.7 kW
Cell efficiency: 0.259, Output efficiency: 0.243
mdot_h2: 22.88 g/s
Reynolds_number: 10,428,465
Stack prop output power: 973 kW, Pcomp: 9.1 kW
Cell efficiency: 0.259, Output efficiency: 0.243
mdot_h2: 26.89 g/s
Reynolds_number: 10,428,465
Stack prop output power: 974 kW, Pcomp: 9.1 kW
Cell efficiency: 0.259, Output efficiency: 0.243
mdot_h2: 26.93 g/s
Reynolds_number: 6,709,346
Stack prop output power: 818 kW, Pcomp: 7.1 kW
Cell efficiency: 0.305, Output efficiency: 0.287
mdot_h2: 19.18 g/s
Reynolds_number: 6,709,346
Stack prop output power: 962 kW, Pcomp: 8.4 kW
Cell efficiency: 0.305, Output efficiency: 0.287
mdot_h2: 22.55 g/s
Reynolds_number: 6,709,346
Stack prop output power: 963 kW, Pcomp: 8.4 kW
Cell efficiency: 0.305, Output efficiency: 0.287
mdot_h2: 22.58 g/s
Reynolds_number: 10,428,465
Stack prop output power: 793 kW, Pcomp: 74.5 kW
Cell efficiency: 0.298, Output efficiency: 0.259
mdot_h2: 20.64 g/s
Reynolds_number: 10,428,465
Stack prop output power: 885 kW, Pcomp: 83.1 kW
Cell efficiency: 0.298, Output efficiency: 0.259
mdot_h2: 23.02 g/s
Reynolds_number: 10,428,465
Stack prop output power: 894 kW, Pcomp: 83.9 kW
Cell efficiency: 0.298, Output efficiency: 0.259
mdot_h2: 23.25 g/s
Reynolds_number: 10,428,465
Stack prop output power: 894 kW, Pcomp: 84.0 kW
Cell efficiency: 0.298, Output efficiency: 0.259
mdot_h2: 23.27 g/s
Fuel-cell system mass representative phase: climb (P_fc_sys=1947.931 kW).

-----------------------
ptotal_climb: 2,591 kW, mtom_est: 10,888 kg, mtom: 9,689 kg, residual: +1,199.37 kg

MTOM update: fixed_point_prebracket, relax=1.000 -> mtom_next=10,648.10 kg

======================================================
======================= ITER 8 =======================
Reynolds_number: 10,428,465
Stack prop output power: 894 kW, Pcomp: 84.0 kW
Cell efficiency: 0.298, Output efficiency: 0.259
mdot_h2: 23.27 g/s
Reynolds_number: 10,428,465
Stack prop output power: 975 kW, Pcomp: 91.5 kW
Cell efficiency: 0.298, Output efficiency: 0.259
mdot_h2: 25.36 g/s
Reynolds_number: 10,428,465
Stack prop output power: 982 kW, Pcomp: 92.2 kW
Cell efficiency: 0.298, Output efficiency: 0.259
mdot_h2: 25.56 g/s
Reynolds_number: 10,428,465
Stack prop output power: 983 kW, Pcomp: 92.3 kW
Cell efficiency: 0.298, Output efficiency: 0.259
mdot_h2: 25.57 g/s
Reynolds_number: 10,428,465
Stack prop output power: 942 kW, Pcomp: 8.8 kW
Cell efficiency: 0.259, Output efficiency: 0.243
mdot_h2: 26.05 g/s
Reynolds_number: 10,428,465
Stack prop output power: 1,069 kW, Pcomp: 10.0 kW
Cell efficiency: 0.259, Output efficiency: 0.243
mdot_h2: 29.56 g/s
Reynolds_number: 10,428,465
Stack prop output power: 1,070 kW, Pcomp: 10.0 kW
Cell efficiency: 0.259, Output efficiency: 0.243
mdot_h2: 29.60 g/s
Reynolds_number: 6,709,346
Stack prop output power: 931 kW, Pcomp: 8.1 kW
Cell efficiency: 0.305, Output efficiency: 0.287
mdot_h2: 21.84 g/s
Reynolds_number: 6,709,346
Stack prop output power: 1,057 kW, Pcomp: 9.2 kW
Cell efficiency: 0.305, Output efficiency: 0.287
mdot_h2: 24.79 g/s
Reynolds_number: 6,709,346
Stack prop output power: 1,058 kW, Pcomp: 9.2 kW
Cell efficiency: 0.305, Output efficiency: 0.287
mdot_h2: 24.82 g/s
Reynolds_number: 10,428,465
Stack prop output power: 894 kW, Pcomp: 84.0 kW
Cell efficiency: 0.298, Output efficiency: 0.259
mdot_h2: 23.27 g/s
Reynolds_number: 10,428,465
Stack prop output power: 975 kW, Pcomp: 91.5 kW
Cell efficiency: 0.298, Output efficiency: 0.259
mdot_h2: 25.36 g/s
Reynolds_number: 10,428,465
Stack prop output power: 982 kW, Pcomp: 92.2 kW
Cell efficiency: 0.298, Output efficiency: 0.259
mdot_h2: 25.56 g/s
Reynolds_number: 10,428,465
Stack prop output power: 983 kW, Pcomp: 92.3 kW
Cell efficiency: 0.298, Output efficiency: 0.259
mdot_h2: 25.57 g/s
Fuel-cell system mass representative phase: climb (P_fc_sys=2140.841 kW).

-----------------------
ptotal_climb: 2,848 kW, mtom_est: 11,714 kg, mtom: 10,648 kg, residual: +1,066.06 kg

MTOM update: newton_prebracket, relax=1.000 -> mtom_next=12,245.32 kg

======================================================
======================= ITER 9 =======================
Reynolds_number: 10,428,465
Stack prop output power: 983 kW, Pcomp: 92.3 kW
Cell efficiency: 0.298, Output efficiency: 0.259
mdot_h2: 25.58 g/s
Reynolds_number: 10,428,465
Stack prop output power: 1,117 kW, Pcomp: 104.8 kW
Cell efficiency: 0.298, Output efficiency: 0.259
mdot_h2: 29.05 g/s
Reynolds_number: 10,428,465
Stack prop output power: 1,129 kW, Pcomp: 106.0 kW
Cell efficiency: 0.298, Output efficiency: 0.259
mdot_h2: 29.38 g/s
Reynolds_number: 10,428,465
Stack prop output power: 1,130 kW, Pcomp: 106.1 kW
Cell efficiency: 0.298, Output efficiency: 0.259
mdot_h2: 29.41 g/s
Reynolds_number: 10,428,465
Stack prop output power: 1,017 kW, Pcomp: 9.5 kW
Cell efficiency: 0.259, Output efficiency: 0.243
mdot_h2: 28.13 g/s
Reynolds_number: 10,428,465
Stack prop output power: 1,229 kW, Pcomp: 11.5 kW
Cell efficiency: 0.259, Output efficiency: 0.243
mdot_h2: 33.98 g/s
Reynolds_number: 10,428,465
Stack prop output power: 1,231 kW, Pcomp: 11.5 kW
Cell efficiency: 0.259, Output efficiency: 0.243
mdot_h2: 34.04 g/s
Reynolds_number: 6,709,346
Stack prop output power: 1,006 kW, Pcomp: 8.8 kW
Cell efficiency: 0.305, Output efficiency: 0.287
mdot_h2: 23.59 g/s
Reynolds_number: 6,709,346
Stack prop output power: 1,215 kW, Pcomp: 10.6 kW
Cell efficiency: 0.305, Output efficiency: 0.287
mdot_h2: 28.50 g/s
Reynolds_number: 6,709,346
Stack prop output power: 1,217 kW, Pcomp: 10.6 kW
Cell efficiency: 0.305, Output efficiency: 0.287
mdot_h2: 28.54 g/s
Reynolds_number: 10,428,465
Stack prop output power: 983 kW, Pcomp: 92.3 kW
Cell efficiency: 0.298, Output efficiency: 0.259
mdot_h2: 25.58 g/s
Reynolds_number: 10,428,465
Stack prop output power: 1,117 kW, Pcomp: 104.8 kW
Cell efficiency: 0.298, Output efficiency: 0.259
mdot_h2: 29.05 g/s
Reynolds_number: 10,428,465
Stack prop output power: 1,129 kW, Pcomp: 106.0 kW
Cell efficiency: 0.298, Output efficiency: 0.259
mdot_h2: 29.38 g/s
Reynolds_number: 10,428,465
Stack prop output power: 1,130 kW, Pcomp: 106.1 kW
Cell efficiency: 0.298, Output efficiency: 0.259
mdot_h2: 29.41 g/s
Fuel-cell system mass representative phase: climb (P_fc_sys=2461.967 kW).

-----------------------
ptotal_climb: 3,275 kW, mtom_est: 13,071 kg, mtom: 12,245 kg, residual: +825.77 kg

MTOM update: newton_prebracket, relax=1.000 -> mtom_next=14,082.11 kg

======================================================
======================= ITER 10 =======================
Reynolds_number: 10,428,465
Stack prop output power: 1,130 kW, Pcomp: 106.1 kW
Cell efficiency: 0.298, Output efficiency: 0.259
mdot_h2: 29.41 g/s
Reynolds_number: 10,428,465
Stack prop output power: 1,284 kW, Pcomp: 120.6 kW
Cell efficiency: 0.298, Output efficiency: 0.259
mdot_h2: 33.41 g/s
Reynolds_number: 10,428,465
Stack prop output power: 1,299 kW, Pcomp: 121.9 kW
Cell efficiency: 0.298, Output efficiency: 0.259
mdot_h2: 33.79 g/s
Reynolds_number: 10,428,465
Stack prop output power: 1,300 kW, Pcomp: 122.0 kW
Cell efficiency: 0.298, Output efficiency: 0.259
mdot_h2: 33.82 g/s
Reynolds_number: 10,428,465
Stack prop output power: 1,170 kW, Pcomp: 10.9 kW
Cell efficiency: 0.259, Output efficiency: 0.243
mdot_h2: 32.35 g/s
Reynolds_number: 10,428,465
Stack prop output power: 1,413 kW, Pcomp: 13.2 kW
Cell efficiency: 0.259, Output efficiency: 0.243
mdot_h2: 39.08 g/s
Reynolds_number: 10,428,465
Stack prop output power: 1,416 kW, Pcomp: 13.2 kW
Cell efficiency: 0.259, Output efficiency: 0.243
mdot_h2: 39.14 g/s
Reynolds_number: 6,709,346
Stack prop output power: 1,157 kW, Pcomp: 10.1 kW
Cell efficiency: 0.305, Output efficiency: 0.287
mdot_h2: 27.12 g/s
Reynolds_number: 6,709,346
Stack prop output power: 1,398 kW, Pcomp: 12.2 kW
Cell efficiency: 0.305, Output efficiency: 0.287
mdot_h2: 32.77 g/s
Reynolds_number: 6,709,346
Stack prop output power: 1,400 kW, Pcomp: 12.2 kW
Cell efficiency: 0.305, Output efficiency: 0.287
mdot_h2: 32.82 g/s
Reynolds_number: 10,428,465
Stack prop output power: 1,130 kW, Pcomp: 106.1 kW
Cell efficiency: 0.298, Output efficiency: 0.259
mdot_h2: 29.41 g/s
Reynolds_number: 10,428,465
Stack prop output power: 1,284 kW, Pcomp: 120.6 kW
Cell efficiency: 0.298, Output efficiency: 0.259
mdot_h2: 33.41 g/s
Reynolds_number: 10,428,465
Stack prop output power: 1,299 kW, Pcomp: 121.9 kW
Cell efficiency: 0.298, Output efficiency: 0.259
mdot_h2: 33.79 g/s
Reynolds_number: 10,428,465
Stack prop output power: 1,300 kW, Pcomp: 122.0 kW
Cell efficiency: 0.298, Output efficiency: 0.259
mdot_h2: 33.82 g/s
Fuel-cell system mass representative phase: climb (P_fc_sys=2831.262 kW).

-----------------------
ptotal_climb: 3,766 kW, mtom_est: 14,664 kg, mtom: 14,082 kg, residual: +581.95 kg

MTOM update: newton_prebracket, relax=1.000 -> mtom_next=16,194.43 kg

======================================================
======================= ITER 11 =======================
Reynolds_number: 10,428,465
Stack prop output power: 1,300 kW, Pcomp: 122.0 kW
Cell efficiency: 0.298, Output efficiency: 0.259
mdot_h2: 33.82 g/s
Reynolds_number: 10,428,465
Stack prop output power: 1,477 kW, Pcomp: 138.6 kW
Cell efficiency: 0.298, Output efficiency: 0.259
mdot_h2: 38.42 g/s
Reynolds_number: 10,428,465
Stack prop output power: 1,493 kW, Pcomp: 140.2 kW
Cell efficiency: 0.298, Output efficiency: 0.259
mdot_h2: 38.85 g/s
Reynolds_number: 10,428,465
Stack prop output power: 1,495 kW, Pcomp: 140.3 kW
Cell efficiency: 0.298, Output efficiency: 0.259
mdot_h2: 38.89 g/s
Reynolds_number: 10,428,465
Stack prop output power: 1,346 kW, Pcomp: 12.6 kW
Cell efficiency: 0.259, Output efficiency: 0.243
mdot_h2: 37.20 g/s
Reynolds_number: 10,428,465
Stack prop output power: 1,625 kW, Pcomp: 15.2 kW
Cell efficiency: 0.259, Output efficiency: 0.243
mdot_h2: 44.94 g/s
Reynolds_number: 10,428,465
Stack prop output power: 1,628 kW, Pcomp: 15.2 kW
Cell efficiency: 0.259, Output efficiency: 0.243
mdot_h2: 45.01 g/s
Reynolds_number: 6,709,346
Stack prop output power: 1,330 kW, Pcomp: 11.6 kW
Cell efficiency: 0.305, Output efficiency: 0.287
mdot_h2: 31.19 g/s
Reynolds_number: 6,709,346
Stack prop output power: 1,607 kW, Pcomp: 14.0 kW
Cell efficiency: 0.305, Output efficiency: 0.287
mdot_h2: 37.69 g/s
Reynolds_number: 6,709,346
Stack prop output power: 1,610 kW, Pcomp: 14.0 kW
Cell efficiency: 0.305, Output efficiency: 0.287
mdot_h2: 37.74 g/s
Reynolds_number: 10,428,465
Stack prop output power: 1,300 kW, Pcomp: 122.0 kW
Cell efficiency: 0.298, Output efficiency: 0.259
mdot_h2: 33.82 g/s
Reynolds_number: 10,428,465
Stack prop output power: 1,477 kW, Pcomp: 138.6 kW
Cell efficiency: 0.298, Output efficiency: 0.259
mdot_h2: 38.42 g/s
Reynolds_number: 10,428,465
Stack prop output power: 1,493 kW, Pcomp: 140.2 kW
Cell efficiency: 0.298, Output efficiency: 0.259
mdot_h2: 38.85 g/s
Reynolds_number: 10,428,465
Stack prop output power: 1,495 kW, Pcomp: 140.3 kW
Cell efficiency: 0.298, Output efficiency: 0.259
mdot_h2: 38.89 g/s
Fuel-cell system mass representative phase: climb (P_fc_sys=3255.952 kW).

-----------------------
ptotal_climb: 4,331 kW, mtom_est: 16,518 kg, mtom: 16,194 kg, residual: +323.87 kg

MTOM update: newton_prebracket, relax=1.000 -> mtom_next=18,623.59 kg

======================================================
======================= ITER 12 =======================
Reynolds_number: 10,428,465
Stack prop output power: 1,495 kW, Pcomp: 140.4 kW
Cell efficiency: 0.298, Output efficiency: 0.259
mdot_h2: 38.90 g/s
Reynolds_number: 10,428,465
Stack prop output power: 1,698 kW, Pcomp: 159.4 kW
Cell efficiency: 0.298, Output efficiency: 0.259
mdot_h2: 44.19 g/s
Reynolds_number: 10,428,465
Stack prop output power: 1,717 kW, Pcomp: 161.2 kW
Cell efficiency: 0.298, Output efficiency: 0.259
mdot_h2: 44.68 g/s
Reynolds_number: 10,428,465
Stack prop output power: 1,719 kW, Pcomp: 161.4 kW
Cell efficiency: 0.298, Output efficiency: 0.259
mdot_h2: 44.73 g/s
Reynolds_number: 10,428,465
Stack prop output power: 1,547 kW, Pcomp: 14.5 kW
Cell efficiency: 0.259, Output efficiency: 0.243
mdot_h2: 42.78 g/s
Reynolds_number: 10,428,465
Traceback (most recent call last):
  File "/home/shoh95/Programming/HFCAD/app/main.py", line 4652, in <module>
    elapsed_time = main()
                   ^^^^^^
  File "/home/shoh95/Programming/HFCAD/app/main.py", line 4613, in main
    cfg_used, phases, mass, _trade_df = runner.run(out_dir=out_dir)
                                        ^^^^^^^^^^^^^^^^^^^^^^^^^^^
  File "/home/shoh95/Programming/HFCAD/app/main.py", line 2886, in run
    return self._run_min_combined_pw(out_dir=out_dir)
           ^^^^^^^^^^^^^^^^^^^^^^^^^^^^^^^^^^^^^^^^^^
  File "/home/shoh95/Programming/HFCAD/app/main.py", line 3028, in _run_min_combined_pw
    phases, mass = design.run()
                   ^^^^^^^^^^^^
  File "/home/shoh95/Programming/HFCAD/app/main.py", line 2355, in run
    phases["climb"] = self._phase_solver.solve(
                      ^^^^^^^^^^^^^^^^^^^^^^^^^
  File "/home/shoh95/Programming/HFCAD/app/main.py", line 1538, in solve
    nacelle = self._fc.size_nacelle(
              ^^^^^^^^^^^^^^^^^^^^^^
  File "/home/shoh95/Programming/HFCAD/app/main.py", line 1390, in size_nacelle
    geom_comp, power_comp_w, rho_humid_in, m_dot_comp = compressor_performance_model(
                                                        ^^^^^^^^^^^^^^^^^^^^^^^^^^^^^
  File "/home/shoh95/Programming/HFCAD/app/models/compressor_performance.py", line 100, in compressor_performance_model
    raise ValueError("Rotor outlet enthalpy too high. Reduce RPM!")
ValueError: Rotor outlet enthalpy too high. Reduce RPM!

[run_sweep] FAIL criteria: artifact not found or empty
[run_sweep] command exit: 1
[run_sweep] expected artifact: results/input_sweep_r15/h5000_M0.4_R2000km_PL1500kg/ConvergedData.txt
[run_sweep] exit code: 1
