Auto-widening W/S scan window for min_combined_pw: 1900.0..2600.0 -> 1725.0..2775.0 Pa (factor 1.500, lower_hit=True, upper_hit=False, min_on_edge=False).
Auto-widening W/S scan window for min_combined_pw: 1725.0..2775.0 -> 1462.5..3037.5 Pa (factor 1.500, lower_hit=True, upper_hit=False, min_on_edge=True).
ADRpy minimum combined P/W remains on feasible W/S boundary (2312.5 Pa). Proceeding with current W/S range 1462.5..3037.5 Pa.
ADRpy constraint sizing (min_combined_pw): W/S=2312.5 Pa (235.81 kg/m^2), P/W_TO=0.19250 kW/kg, P/W_climb=0.19457 kW/kg, P/W_cruise=0.12164 kW/kg
Curve minimum (combined/combined): W/S=2312.5 Pa (235.81 kg/m^2), P/W=0.19457 kW/kg
Curve minimum (takeoff/take-off): W/S=1462.5 Pa (149.13 kg/m^2), P/W=0.10196 kW/kg
Curve minimum (climb/climb): W/S=2312.5 Pa (235.81 kg/m^2), P/W=0.19457 kW/kg
Curve minimum (cruise/cruise): W/S=2312.5 Pa (235.81 kg/m^2), P/W=0.12164 kW/kg
======================================================
======================= ITER 1 =======================
Reynolds_number: 10,428,465
Stack prop output power: 500 kW, Pcomp: 46.9 kW
Cell efficiency: 0.298, Output efficiency: 0.259
mdot_h2: 13.01 g/s
Reynolds_number: 10,428,465
Stack prop output power: 465 kW, Pcomp: 43.7 kW
Cell efficiency: 0.298, Output efficiency: 0.259
mdot_h2: 12.10 g/s
Reynolds_number: 10,428,465
Stack prop output power: 462 kW, Pcomp: 43.4 kW
Cell efficiency: 0.298, Output efficiency: 0.259
mdot_h2: 12.02 g/s
Reynolds_number: 10,428,465
Stack prop output power: 334 kW, Pcomp: 3.1 kW
Cell efficiency: 0.259, Output efficiency: 0.243
mdot_h2: 9.24 g/s
Reynolds_number: 10,428,465
Stack prop output power: 501 kW, Pcomp: 4.7 kW
Cell efficiency: 0.259, Output efficiency: 0.243
mdot_h2: 13.85 g/s
Reynolds_number: 10,428,465
Stack prop output power: 503 kW, Pcomp: 4.7 kW
Cell efficiency: 0.259, Output efficiency: 0.243
mdot_h2: 13.90 g/s
Reynolds_number: 6,709,346
Stack prop output power: 336 kW, Pcomp: 2.9 kW
Cell efficiency: 0.305, Output efficiency: 0.287
mdot_h2: 7.87 g/s
Reynolds_number: 6,709,346
Stack prop output power: 496 kW, Pcomp: 4.3 kW
Cell efficiency: 0.305, Output efficiency: 0.287
mdot_h2: 11.62 g/s
Reynolds_number: 6,709,346
Stack prop output power: 497 kW, Pcomp: 4.3 kW
Cell efficiency: 0.305, Output efficiency: 0.287
mdot_h2: 11.65 g/s
Reynolds_number: 10,428,465
Stack prop output power: 500 kW, Pcomp: 46.9 kW
Cell efficiency: 0.298, Output efficiency: 0.259
mdot_h2: 13.01 g/s
Reynolds_number: 10,428,465
Stack prop output power: 465 kW, Pcomp: 43.7 kW
Cell efficiency: 0.298, Output efficiency: 0.259
mdot_h2: 12.10 g/s
Reynolds_number: 10,428,465
Stack prop output power: 462 kW, Pcomp: 43.4 kW
Cell efficiency: 0.298, Output efficiency: 0.259
mdot_h2: 12.02 g/s
Fuel-cell system mass representative phase: climb (P_fc_sys=1005.269 kW).

-----------------------
ptotal_climb: 1,337 kW, mtom_est: 5,866 kg, mtom: 5,000 kg, residual: +865.61 kg

MTOM update: initial_bracket_probe_1, relax=1.000 -> mtom_next=5,325.00 kg

======================================================
======================= ITER 2 =======================
Reynolds_number: 10,428,465
Stack prop output power: 462 kW, Pcomp: 43.3 kW
Cell efficiency: 0.298, Output efficiency: 0.259
mdot_h2: 12.01 g/s
Reynolds_number: 10,428,465
Stack prop output power: 489 kW, Pcomp: 45.9 kW
Cell efficiency: 0.298, Output efficiency: 0.259
mdot_h2: 12.72 g/s
Reynolds_number: 10,428,465
Stack prop output power: 491 kW, Pcomp: 46.1 kW
Cell efficiency: 0.298, Output efficiency: 0.259
mdot_h2: 12.78 g/s
Reynolds_number: 10,428,465
Stack prop output power: 492 kW, Pcomp: 4.6 kW
Cell efficiency: 0.259, Output efficiency: 0.243
mdot_h2: 13.60 g/s
Reynolds_number: 10,428,465
Stack prop output power: 535 kW, Pcomp: 5.0 kW
Cell efficiency: 0.259, Output efficiency: 0.243
mdot_h2: 14.79 g/s
Reynolds_number: 6,709,346
Stack prop output power: 486 kW, Pcomp: 4.2 kW
Cell efficiency: 0.305, Output efficiency: 0.287
mdot_h2: 11.40 g/s
Reynolds_number: 6,709,346
Stack prop output power: 529 kW, Pcomp: 4.6 kW
Cell efficiency: 0.305, Output efficiency: 0.287
mdot_h2: 12.40 g/s
Reynolds_number: 10,428,465
Stack prop output power: 462 kW, Pcomp: 43.3 kW
Cell efficiency: 0.298, Output efficiency: 0.259
mdot_h2: 12.01 g/s
Reynolds_number: 10,428,465
Stack prop output power: 489 kW, Pcomp: 45.9 kW
Cell efficiency: 0.298, Output efficiency: 0.259
mdot_h2: 12.72 g/s
Reynolds_number: 10,428,465
Stack prop output power: 491 kW, Pcomp: 46.1 kW
Cell efficiency: 0.298, Output efficiency: 0.259
mdot_h2: 12.78 g/s
Fuel-cell system mass representative phase: climb (P_fc_sys=1070.604 kW).

-----------------------
ptotal_climb: 1,424 kW, mtom_est: 6,093 kg, mtom: 5,325 kg, residual: +768.36 kg

MTOM update: initial_bracket_probe_2, relax=1.000 -> mtom_next=5,650.00 kg

======================================================
======================= ITER 3 =======================
Reynolds_number: 10,428,465
Stack prop output power: 492 kW, Pcomp: 46.1 kW
Cell efficiency: 0.298, Output efficiency: 0.259
mdot_h2: 12.79 g/s
Reynolds_number: 10,428,465
Stack prop output power: 519 kW, Pcomp: 48.7 kW
Cell efficiency: 0.298, Output efficiency: 0.259
mdot_h2: 13.50 g/s
Reynolds_number: 10,428,465
Stack prop output power: 521 kW, Pcomp: 48.9 kW
Cell efficiency: 0.298, Output efficiency: 0.259
mdot_h2: 13.56 g/s
Reynolds_number: 10,428,465
Stack prop output power: 525 kW, Pcomp: 4.9 kW
Cell efficiency: 0.259, Output efficiency: 0.243
mdot_h2: 14.50 g/s
Reynolds_number: 10,428,465
Stack prop output power: 568 kW, Pcomp: 5.3 kW
Cell efficiency: 0.259, Output efficiency: 0.243
mdot_h2: 15.69 g/s
Reynolds_number: 6,709,346
Stack prop output power: 519 kW, Pcomp: 4.5 kW
Cell efficiency: 0.305, Output efficiency: 0.287
mdot_h2: 12.16 g/s
Reynolds_number: 6,709,346
Stack prop output power: 561 kW, Pcomp: 4.9 kW
Cell efficiency: 0.305, Output efficiency: 0.287
mdot_h2: 13.16 g/s
Reynolds_number: 10,428,465
Stack prop output power: 492 kW, Pcomp: 46.1 kW
Cell efficiency: 0.298, Output efficiency: 0.259
mdot_h2: 12.79 g/s
Reynolds_number: 10,428,465
Stack prop output power: 519 kW, Pcomp: 48.7 kW
Cell efficiency: 0.298, Output efficiency: 0.259
mdot_h2: 13.50 g/s
Reynolds_number: 10,428,465
Stack prop output power: 521 kW, Pcomp: 48.9 kW
Cell efficiency: 0.298, Output efficiency: 0.259
mdot_h2: 13.56 g/s
Fuel-cell system mass representative phase: climb (P_fc_sys=1135.946 kW).

-----------------------
ptotal_climb: 1,511 kW, mtom_est: 6,319 kg, mtom: 5,650 kg, residual: +669.31 kg

MTOM update: fixed_point_prebracket, relax=1.000 -> mtom_next=6,185.45 kg

======================================================
======================= ITER 4 =======================
Reynolds_number: 10,428,465
Stack prop output power: 522 kW, Pcomp: 49.0 kW
Cell efficiency: 0.298, Output efficiency: 0.259
mdot_h2: 13.57 g/s
Reynolds_number: 10,428,465
Stack prop output power: 566 kW, Pcomp: 53.2 kW
Cell efficiency: 0.298, Output efficiency: 0.259
mdot_h2: 14.74 g/s
Reynolds_number: 10,428,465
Stack prop output power: 571 kW, Pcomp: 53.6 kW
Cell efficiency: 0.298, Output efficiency: 0.259
mdot_h2: 14.85 g/s
Reynolds_number: 10,428,465
Stack prop output power: 550 kW, Pcomp: 5.1 kW
Cell efficiency: 0.259, Output efficiency: 0.243
mdot_h2: 15.21 g/s
Reynolds_number: 10,428,465
Stack prop output power: 621 kW, Pcomp: 5.8 kW
Cell efficiency: 0.259, Output efficiency: 0.243
mdot_h2: 17.17 g/s
Reynolds_number: 10,428,465
Stack prop output power: 622 kW, Pcomp: 5.8 kW
Cell efficiency: 0.259, Output efficiency: 0.243
mdot_h2: 17.19 g/s
Reynolds_number: 6,709,346
Stack prop output power: 544 kW, Pcomp: 4.7 kW
Cell efficiency: 0.305, Output efficiency: 0.287
mdot_h2: 12.76 g/s
Reynolds_number: 6,709,346
Stack prop output power: 614 kW, Pcomp: 5.3 kW
Cell efficiency: 0.305, Output efficiency: 0.287
mdot_h2: 14.40 g/s
Reynolds_number: 6,709,346
Stack prop output power: 615 kW, Pcomp: 5.4 kW
Cell efficiency: 0.305, Output efficiency: 0.287
mdot_h2: 14.42 g/s
Reynolds_number: 10,428,465
Stack prop output power: 522 kW, Pcomp: 49.0 kW
Cell efficiency: 0.298, Output efficiency: 0.259
mdot_h2: 13.57 g/s
Reynolds_number: 10,428,465
Stack prop output power: 566 kW, Pcomp: 53.2 kW
Cell efficiency: 0.298, Output efficiency: 0.259
mdot_h2: 14.74 g/s
Reynolds_number: 10,428,465
Stack prop output power: 571 kW, Pcomp: 53.6 kW
Cell efficiency: 0.298, Output efficiency: 0.259
mdot_h2: 14.85 g/s
Fuel-cell system mass representative phase: climb (P_fc_sys=1243.607 kW).

-----------------------
ptotal_climb: 1,654 kW, mtom_est: 6,690 kg, mtom: 6,185 kg, residual: +504.70 kg

MTOM update: fixed_point_prebracket, relax=1.000 -> mtom_next=6,589.21 kg

======================================================
======================= ITER 5 =======================
Reynolds_number: 10,428,465
Stack prop output power: 571 kW, Pcomp: 53.6 kW
Cell efficiency: 0.298, Output efficiency: 0.259
mdot_h2: 14.86 g/s
Reynolds_number: 10,428,465
Stack prop output power: 605 kW, Pcomp: 56.8 kW
Cell efficiency: 0.298, Output efficiency: 0.259
mdot_h2: 15.74 g/s
Reynolds_number: 10,428,465
Stack prop output power: 608 kW, Pcomp: 57.1 kW
Cell efficiency: 0.298, Output efficiency: 0.259
mdot_h2: 15.82 g/s
Reynolds_number: 10,428,465
Stack prop output power: 608 kW, Pcomp: 5.7 kW
Cell efficiency: 0.259, Output efficiency: 0.243
mdot_h2: 16.82 g/s
Reynolds_number: 10,428,465
Stack prop output power: 662 kW, Pcomp: 6.2 kW
Cell efficiency: 0.259, Output efficiency: 0.243
mdot_h2: 18.30 g/s
Reynolds_number: 10,428,465
Stack prop output power: 662 kW, Pcomp: 6.2 kW
Cell efficiency: 0.259, Output efficiency: 0.243
mdot_h2: 18.31 g/s
Reynolds_number: 6,709,346
Stack prop output power: 602 kW, Pcomp: 5.2 kW
Cell efficiency: 0.305, Output efficiency: 0.287
mdot_h2: 14.10 g/s
Reynolds_number: 6,709,346
Stack prop output power: 654 kW, Pcomp: 5.7 kW
Cell efficiency: 0.305, Output efficiency: 0.287
mdot_h2: 15.35 g/s
Reynolds_number: 10,428,465
Stack prop output power: 571 kW, Pcomp: 53.6 kW
Cell efficiency: 0.298, Output efficiency: 0.259
mdot_h2: 14.86 g/s
Reynolds_number: 10,428,465
Stack prop output power: 605 kW, Pcomp: 56.8 kW
Cell efficiency: 0.298, Output efficiency: 0.259
mdot_h2: 15.74 g/s
Reynolds_number: 10,428,465
Stack prop output power: 608 kW, Pcomp: 57.1 kW
Cell efficiency: 0.298, Output efficiency: 0.259
mdot_h2: 15.82 g/s
Fuel-cell system mass representative phase: climb (P_fc_sys=1324.785 kW).

-----------------------
ptotal_climb: 1,762 kW, mtom_est: 6,981 kg, mtom: 6,589 kg, residual: +392.25 kg

MTOM update: fixed_point_prebracket, relax=1.000 -> mtom_next=6,903.00 kg

======================================================
======================= ITER 6 =======================
Reynolds_number: 10,428,465
Stack prop output power: 608 kW, Pcomp: 57.1 kW
Cell efficiency: 0.298, Output efficiency: 0.259
mdot_h2: 15.83 g/s
Reynolds_number: 10,428,465
Stack prop output power: 635 kW, Pcomp: 59.6 kW
Cell efficiency: 0.298, Output efficiency: 0.259
mdot_h2: 16.51 g/s
Reynolds_number: 10,428,465
Stack prop output power: 637 kW, Pcomp: 59.8 kW
Cell efficiency: 0.298, Output efficiency: 0.259
mdot_h2: 16.57 g/s
Reynolds_number: 10,428,465
Stack prop output power: 652 kW, Pcomp: 6.1 kW
Cell efficiency: 0.259, Output efficiency: 0.243
mdot_h2: 18.03 g/s
Reynolds_number: 10,428,465
Stack prop output power: 694 kW, Pcomp: 6.5 kW
Cell efficiency: 0.259, Output efficiency: 0.243
mdot_h2: 19.18 g/s
Reynolds_number: 6,709,346
Stack prop output power: 645 kW, Pcomp: 5.6 kW
Cell efficiency: 0.305, Output efficiency: 0.287
mdot_h2: 15.11 g/s
Reynolds_number: 6,709,346
Stack prop output power: 686 kW, Pcomp: 6.0 kW
Cell efficiency: 0.305, Output efficiency: 0.287
mdot_h2: 16.08 g/s
Reynolds_number: 10,428,465
Stack prop output power: 608 kW, Pcomp: 57.1 kW
Cell efficiency: 0.298, Output efficiency: 0.259
mdot_h2: 15.83 g/s
Reynolds_number: 10,428,465
Stack prop output power: 635 kW, Pcomp: 59.6 kW
Cell efficiency: 0.298, Output efficiency: 0.259
mdot_h2: 16.51 g/s
Reynolds_number: 10,428,465
Stack prop output power: 637 kW, Pcomp: 59.8 kW
Cell efficiency: 0.298, Output efficiency: 0.259
mdot_h2: 16.57 g/s
Fuel-cell system mass representative phase: climb (P_fc_sys=1387.868 kW).

-----------------------
ptotal_climb: 1,846 kW, mtom_est: 7,204 kg, mtom: 6,903 kg, residual: +300.99 kg

MTOM update: fixed_point_prebracket, relax=1.000 -> mtom_next=7,143.80 kg

======================================================
======================= ITER 7 =======================
Reynolds_number: 10,428,465
Stack prop output power: 637 kW, Pcomp: 59.8 kW
Cell efficiency: 0.298, Output efficiency: 0.259
mdot_h2: 16.58 g/s
Reynolds_number: 10,428,465
Stack prop output power: 657 kW, Pcomp: 61.7 kW
Cell efficiency: 0.298, Output efficiency: 0.259
mdot_h2: 17.10 g/s
Reynolds_number: 10,428,465
Stack prop output power: 659 kW, Pcomp: 61.9 kW
Cell efficiency: 0.298, Output efficiency: 0.259
mdot_h2: 17.15 g/s
Reynolds_number: 10,428,465
Stack prop output power: 686 kW, Pcomp: 6.4 kW
Cell efficiency: 0.259, Output efficiency: 0.243
mdot_h2: 18.97 g/s
Reynolds_number: 10,428,465
Stack prop output power: 718 kW, Pcomp: 6.7 kW
Cell efficiency: 0.259, Output efficiency: 0.243
mdot_h2: 19.85 g/s
Reynolds_number: 6,709,346
Stack prop output power: 678 kW, Pcomp: 5.9 kW
Cell efficiency: 0.305, Output efficiency: 0.287
mdot_h2: 15.90 g/s
Reynolds_number: 6,709,346
Stack prop output power: 710 kW, Pcomp: 6.2 kW
Cell efficiency: 0.305, Output efficiency: 0.287
mdot_h2: 16.64 g/s
Reynolds_number: 10,428,465
Stack prop output power: 637 kW, Pcomp: 59.8 kW
Cell efficiency: 0.298, Output efficiency: 0.259
mdot_h2: 16.58 g/s
Reynolds_number: 10,428,465
Stack prop output power: 657 kW, Pcomp: 61.7 kW
Cell efficiency: 0.298, Output efficiency: 0.259
mdot_h2: 17.10 g/s
Reynolds_number: 10,428,465
Stack prop output power: 659 kW, Pcomp: 61.9 kW
Cell efficiency: 0.298, Output efficiency: 0.259
mdot_h2: 17.15 g/s
Fuel-cell system mass representative phase: climb (P_fc_sys=1436.282 kW).

-----------------------
ptotal_climb: 1,911 kW, mtom_est: 7,375 kg, mtom: 7,144 kg, residual: +231.12 kg

MTOM update: fixed_point_prebracket, relax=1.000 -> mtom_next=7,328.69 kg

======================================================
======================= ITER 8 =======================
Reynolds_number: 10,428,465
Stack prop output power: 659 kW, Pcomp: 61.9 kW
Cell efficiency: 0.298, Output efficiency: 0.259
mdot_h2: 17.16 g/s
Reynolds_number: 10,428,465
Stack prop output power: 675 kW, Pcomp: 63.4 kW
Cell efficiency: 0.298, Output efficiency: 0.259
mdot_h2: 17.56 g/s
Reynolds_number: 10,428,465
Stack prop output power: 676 kW, Pcomp: 63.5 kW
Cell efficiency: 0.298, Output efficiency: 0.259
mdot_h2: 17.60 g/s
Reynolds_number: 10,428,465
Stack prop output power: 712 kW, Pcomp: 6.7 kW
Cell efficiency: 0.259, Output efficiency: 0.243
mdot_h2: 19.69 g/s
Reynolds_number: 10,428,465
Stack prop output power: 736 kW, Pcomp: 6.9 kW
Cell efficiency: 0.259, Output efficiency: 0.243
mdot_h2: 20.36 g/s
Reynolds_number: 6,709,346
Stack prop output power: 704 kW, Pcomp: 6.1 kW
Cell efficiency: 0.305, Output efficiency: 0.287
mdot_h2: 16.51 g/s
Reynolds_number: 6,709,346
Stack prop output power: 728 kW, Pcomp: 6.3 kW
Cell efficiency: 0.305, Output efficiency: 0.287
mdot_h2: 17.08 g/s
Reynolds_number: 10,428,465
Stack prop output power: 659 kW, Pcomp: 61.9 kW
Cell efficiency: 0.298, Output efficiency: 0.259
mdot_h2: 17.16 g/s
Reynolds_number: 10,428,465
Stack prop output power: 675 kW, Pcomp: 63.4 kW
Cell efficiency: 0.298, Output efficiency: 0.259
mdot_h2: 17.56 g/s
Reynolds_number: 10,428,465
Stack prop output power: 676 kW, Pcomp: 63.5 kW
Cell efficiency: 0.298, Output efficiency: 0.259
mdot_h2: 17.60 g/s
Fuel-cell system mass representative phase: climb (P_fc_sys=1473.457 kW).

-----------------------
ptotal_climb: 1,960 kW, mtom_est: 7,507 kg, mtom: 7,329 kg, residual: +177.98 kg

MTOM update: newton_prebracket, relax=1.000 -> mtom_next=7,947.90 kg

======================================================
======================= ITER 9 =======================
Reynolds_number: 10,428,465
Stack prop output power: 677 kW, Pcomp: 63.5 kW
Cell efficiency: 0.298, Output efficiency: 0.259
mdot_h2: 17.60 g/s
Reynolds_number: 10,428,465
Stack prop output power: 728 kW, Pcomp: 68.4 kW
Cell efficiency: 0.298, Output efficiency: 0.259
mdot_h2: 18.95 g/s
Reynolds_number: 10,428,465
Stack prop output power: 733 kW, Pcomp: 68.8 kW
Cell efficiency: 0.298, Output efficiency: 0.259
mdot_h2: 19.08 g/s
Reynolds_number: 10,428,465
Stack prop output power: 716 kW, Pcomp: 6.7 kW
Cell efficiency: 0.259, Output efficiency: 0.243
mdot_h2: 19.80 g/s
Reynolds_number: 10,428,465
Stack prop output power: 798 kW, Pcomp: 7.5 kW
Cell efficiency: 0.259, Output efficiency: 0.243
mdot_h2: 22.07 g/s
Reynolds_number: 10,428,465
Stack prop output power: 799 kW, Pcomp: 7.5 kW
Cell efficiency: 0.259, Output efficiency: 0.243
mdot_h2: 22.09 g/s
Reynolds_number: 6,709,346
Stack prop output power: 708 kW, Pcomp: 6.2 kW
Cell efficiency: 0.305, Output efficiency: 0.287
mdot_h2: 16.60 g/s
Reynolds_number: 6,709,346
Stack prop output power: 789 kW, Pcomp: 6.9 kW
Cell efficiency: 0.305, Output efficiency: 0.287
mdot_h2: 18.51 g/s
Reynolds_number: 6,709,346
Stack prop output power: 790 kW, Pcomp: 6.9 kW
Cell efficiency: 0.305, Output efficiency: 0.287
mdot_h2: 18.52 g/s
Reynolds_number: 10,428,465
Stack prop output power: 677 kW, Pcomp: 63.5 kW
Cell efficiency: 0.298, Output efficiency: 0.259
mdot_h2: 17.60 g/s
Reynolds_number: 10,428,465
Stack prop output power: 728 kW, Pcomp: 68.4 kW
Cell efficiency: 0.298, Output efficiency: 0.259
mdot_h2: 18.95 g/s
Reynolds_number: 10,428,465
Stack prop output power: 733 kW, Pcomp: 68.8 kW
Cell efficiency: 0.298, Output efficiency: 0.259
mdot_h2: 19.08 g/s
Fuel-cell system mass representative phase: climb (P_fc_sys=1597.955 kW).

-----------------------
ptotal_climb: 2,126 kW, mtom_est: 7,948 kg, mtom: 7,948 kg, residual: +0.58 kg


CONVERGED

CONVERGED STATE [MTOM iteration 9]
  MTOM=7,948 kg | Wing loading=235.83 kg/m^2 | P/W(climb)=267.43 W/kg
  Phase power: climb=2,125.6 kW | cruise=1,467.3 kW | takeoff=2,101.9 kW | cruise+charger=1,467.3 kW
  Power split (climb): FC=1,583.0 kW | Battery=527.7 kW | Compressor=14.9 kW | Cooling=736.6 kW | H2=44.182 g/s
  Compressor max across phases: 137.7 kW (cruise)
  FC representative phase (mass sizing): climb (1,598.0 kW)
  Mass summary: MTOM=7,948 kg | Powertrain=2,907 kg | Tank=776.2 kg | Fuel=345.0 kg | Battery=36.3 kg | Nacelle power density=0.65 kW/kg
  Geometry: Main wing area=33.70 m^2 | Horizontal tail area=4.783 m^2 | Horizontal tail location=13.851 m | Vertical tail area=4.863 m^2 | Vertical tail location=13.339 m
  Config: wing loading input=235.81 kg/m^2 | P/W TO/Cl/Cr=0.19250/0.19457/0.12164 kW/kg

=============================================================
========================= CONVERGED =========================
=============================================================
Constraint sizing: ENABLED (min_combined_pw)
Input W/S: 235.81 kg/m^2 (2,312.5 Pa)
Input P/W [kW/kg]: takeoff 0.19250, climb 0.19457, cruise 0.12164
-------------------------------------------------------------

Mission Time
Climb time: 0.00 min (0.00 h)
Cruise time: 147.64 min (2.46 h)
Total flight time: 169.64 min (2.83 h)

Phase Power Breakdown
Phase      Time[min]     Total[kW]    FC Stack[kW]   Battery[kW]   Compressor[kW]   Cooling[kW]
-----------------------------------------------------------------------------------------------
ready           0.00         106.3           106.3           0.0              0.0           0.0
taxi            5.00         212.6           212.6           0.0              0.0           0.0
takeoff         1.00       2,101.9         1,566.1         522.0             13.8         581.8
climb           0.00       2,125.6         1,583.0         527.7             14.9         736.6
cruise        147.64       1,467.3         1,329.7           0.0            137.7         604.8
loiter         15.00         146.7           133.0           0.0             13.8          60.5
landing         1.00           0.0             0.0           0.0              0.0           0.0

Pcomp_max (solved phases): 137.7 kW (cruise)
Pnet (climb): 1,920 kW
Pelectricnet (climb): 2,111 kW
eta_pt: 0.9031

Geometry
S_wing: 33.70 m^2
b_wing: 17.42 m
Lfus: 15.92 m
Ltank: 6.91 m
S_HT: 4.78 m^2
S_VT: 4.86 m^2
b_HT: 4.64 m
b_VT: 3.04 m
X_HT_act: 13.85 m
X_VT_act: 13.34 m

One Nacelle (1/2)
Stack(1/2): 497 kg, Compressor: 49 kg, Humidifier: 237 kg, HX: 438 kg
W_FCS_single_nacelle (W_Stack+W_Compressor+W_Humidifier+W_Hx): 1,221 kg
Representative FC phase: climb
Specific Power of Nacelle System: 0.654 kW/kg
dim_hx: dX=1.506 m, dY=1.506 m, dZ=0.216 m
dim_stack: dX=0.415 m, dY=0.365 m, dZ=0.365 m

ALL Nacelles
W_FCS_total: 2,442 kg
W_PMAD: 185 kg
W_Motors: 280 kg

-----------------------
W_Powertrain (W_FCS_total+W_PMAD+W_Motors): 2,907 kg
-----------------------
W_wing: 588 kg
W_Htail: 39 kg
W_Vtail: 68 kg
W_fuselage: 540 kg
W_lnd_gear_main: 243 kg
W_lnd_gear_nose: 65 kg
W_flight_control: 366 kg
W_electric_system: 300 kg
W_iae: 111 kg
W_hydraulics: 95 kg
W_fur: 469 kg
-----------------------
OEM: 2,884 kg
-----------------------
W_tank: 776 kg
W_fuel: 345.0 kg
W_batt: 36.3 kg
-----------------------
W_payload: 1,000 kg
-----------------------
MTOM_grouped (OEM+W_tank+W_fuel+W_batt+W_Powertrain+W_payload): 7,948 kg
MTOM: 7,948 kg
-----------------------

Wing loading (MTOM/S_wing): 235.83 kg/m^2
Power-to-weight (converged): 267.43 W/kg

mdot_H2(cruise): 38.2 g/s
Vtankex: 14.8 m^3
========================== END ==============================


=============================================================
Execution time: 95.4 seconds
=============================================================
