Auto-widening W/S scan window for min_combined_pw: 1900.0..2600.0 -> 1725.0..2775.0 Pa (factor 1.500, lower_hit=True, upper_hit=False, min_on_edge=False).
Auto-widening W/S scan window for min_combined_pw: 1725.0..2775.0 -> 1462.5..3037.5 Pa (factor 1.500, lower_hit=True, upper_hit=False, min_on_edge=True).
ADRpy minimum combined P/W remains on feasible W/S boundary (2312.5 Pa). Proceeding with current W/S range 1462.5..3037.5 Pa.
ADRpy constraint sizing (min_combined_pw): W/S=2312.5 Pa (235.81 kg/m^2), P/W_TO=0.19250 kW/kg, P/W_climb=0.19389 kW/kg, P/W_cruise=0.09272 kW/kg
Curve minimum (combined/combined): W/S=2312.5 Pa (235.81 kg/m^2), P/W=0.19389 kW/kg
Curve minimum (takeoff/take-off): W/S=1462.5 Pa (149.13 kg/m^2), P/W=0.10196 kW/kg
Curve minimum (climb/climb): W/S=2312.5 Pa (235.81 kg/m^2), P/W=0.19389 kW/kg
Curve minimum (cruise/cruise): W/S=2312.5 Pa (235.81 kg/m^2), P/W=0.09272 kW/kg
======================================================
======================= ITER 1 =======================
Reynolds_number: 9,130,142
Stack prop output power: 500 kW, Pcomp: 46.9 kW
Cell efficiency: 0.296, Output efficiency: 0.257
mdot_h2: 13.10 g/s
Reynolds_number: 9,130,142
Stack prop output power: 366 kW, Pcomp: 34.3 kW
Cell efficiency: 0.296, Output efficiency: 0.257
mdot_h2: 9.58 g/s
Reynolds_number: 9,130,142
Stack prop output power: 353 kW, Pcomp: 33.1 kW
Cell efficiency: 0.296, Output efficiency: 0.257
mdot_h2: 9.25 g/s
Reynolds_number: 9,130,142
Stack prop output power: 352 kW, Pcomp: 33.0 kW
Cell efficiency: 0.296, Output efficiency: 0.257
mdot_h2: 9.22 g/s
Reynolds_number: 9,130,142
Stack prop output power: 335 kW, Pcomp: 3.1 kW
Cell efficiency: 0.256, Output efficiency: 0.241
mdot_h2: 9.34 g/s
Reynolds_number: 9,130,142
Stack prop output power: 499 kW, Pcomp: 4.7 kW
Cell efficiency: 0.256, Output efficiency: 0.241
mdot_h2: 13.94 g/s
Reynolds_number: 9,130,142
Stack prop output power: 501 kW, Pcomp: 4.7 kW
Cell efficiency: 0.256, Output efficiency: 0.241
mdot_h2: 13.98 g/s
Reynolds_number: 6,709,346
Stack prop output power: 336 kW, Pcomp: 2.9 kW
Cell efficiency: 0.305, Output efficiency: 0.287
mdot_h2: 7.87 g/s
Reynolds_number: 6,709,346
Stack prop output power: 496 kW, Pcomp: 4.3 kW
Cell efficiency: 0.305, Output efficiency: 0.287
mdot_h2: 11.62 g/s
Reynolds_number: 6,709,346
Stack prop output power: 497 kW, Pcomp: 4.3 kW
Cell efficiency: 0.305, Output efficiency: 0.287
mdot_h2: 11.65 g/s
Reynolds_number: 9,130,142
Stack prop output power: 500 kW, Pcomp: 46.9 kW
Cell efficiency: 0.296, Output efficiency: 0.257
mdot_h2: 13.10 g/s
Reynolds_number: 9,130,142
Stack prop output power: 366 kW, Pcomp: 34.3 kW
Cell efficiency: 0.296, Output efficiency: 0.257
mdot_h2: 9.58 g/s
Reynolds_number: 9,130,142
Stack prop output power: 353 kW, Pcomp: 33.1 kW
Cell efficiency: 0.296, Output efficiency: 0.257
mdot_h2: 9.25 g/s
Reynolds_number: 9,130,142
Stack prop output power: 352 kW, Pcomp: 33.0 kW
Cell efficiency: 0.296, Output efficiency: 0.257
mdot_h2: 9.22 g/s
Fuel-cell system mass representative phase: climb (P_fc_sys=1001.737 kW).

-----------------------
ptotal_climb: 1,333 kW, mtom_est: 6,348 kg, mtom: 5,000 kg, residual: +1,347.51 kg

MTOM update: initial_bracket_probe_1, relax=1.000 -> mtom_next=5,325.00 kg

======================================================
======================= ITER 2 =======================
Reynolds_number: 9,130,142
Stack prop output power: 352 kW, Pcomp: 33.0 kW
Cell efficiency: 0.296, Output efficiency: 0.257
mdot_h2: 9.22 g/s
Reynolds_number: 9,130,142
Stack prop output power: 373 kW, Pcomp: 35.0 kW
Cell efficiency: 0.296, Output efficiency: 0.257
mdot_h2: 9.76 g/s
Reynolds_number: 9,130,142
Stack prop output power: 375 kW, Pcomp: 35.1 kW
Cell efficiency: 0.296, Output efficiency: 0.257
mdot_h2: 9.81 g/s
Reynolds_number: 9,130,142
Stack prop output power: 490 kW, Pcomp: 4.6 kW
Cell efficiency: 0.256, Output efficiency: 0.241
mdot_h2: 13.68 g/s
Reynolds_number: 9,130,142
Stack prop output power: 533 kW, Pcomp: 5.0 kW
Cell efficiency: 0.256, Output efficiency: 0.241
mdot_h2: 14.88 g/s
Reynolds_number: 6,709,346
Stack prop output power: 486 kW, Pcomp: 4.2 kW
Cell efficiency: 0.305, Output efficiency: 0.287
mdot_h2: 11.40 g/s
Reynolds_number: 6,709,346
Stack prop output power: 529 kW, Pcomp: 4.6 kW
Cell efficiency: 0.305, Output efficiency: 0.287
mdot_h2: 12.40 g/s
Reynolds_number: 9,130,142
Stack prop output power: 352 kW, Pcomp: 33.0 kW
Cell efficiency: 0.296, Output efficiency: 0.257
mdot_h2: 9.22 g/s
Reynolds_number: 9,130,142
Stack prop output power: 373 kW, Pcomp: 35.0 kW
Cell efficiency: 0.296, Output efficiency: 0.257
mdot_h2: 9.76 g/s
Reynolds_number: 9,130,142
Stack prop output power: 375 kW, Pcomp: 35.1 kW
Cell efficiency: 0.296, Output efficiency: 0.257
mdot_h2: 9.81 g/s
Fuel-cell system mass representative phase: climb (P_fc_sys=1066.842 kW).

-----------------------
ptotal_climb: 1,419 kW, mtom_est: 6,604 kg, mtom: 5,325 kg, residual: +1,278.91 kg

MTOM update: initial_bracket_probe_2, relax=1.000 -> mtom_next=5,650.00 kg

======================================================
======================= ITER 3 =======================
Reynolds_number: 9,130,142
Stack prop output power: 375 kW, Pcomp: 35.2 kW
Cell efficiency: 0.296, Output efficiency: 0.257
mdot_h2: 9.81 g/s
Reynolds_number: 9,130,142
Stack prop output power: 395 kW, Pcomp: 37.1 kW
Cell efficiency: 0.296, Output efficiency: 0.257
mdot_h2: 10.36 g/s
Reynolds_number: 9,130,142
Stack prop output power: 397 kW, Pcomp: 37.3 kW
Cell efficiency: 0.296, Output efficiency: 0.257
mdot_h2: 10.41 g/s
Reynolds_number: 9,130,142
Stack prop output power: 523 kW, Pcomp: 4.9 kW
Cell efficiency: 0.256, Output efficiency: 0.241
mdot_h2: 14.59 g/s
Reynolds_number: 9,130,142
Stack prop output power: 566 kW, Pcomp: 5.3 kW
Cell efficiency: 0.256, Output efficiency: 0.241
mdot_h2: 15.79 g/s
Reynolds_number: 6,709,346
Stack prop output power: 519 kW, Pcomp: 4.5 kW
Cell efficiency: 0.305, Output efficiency: 0.287
mdot_h2: 12.16 g/s
Reynolds_number: 6,709,346
Stack prop output power: 561 kW, Pcomp: 4.9 kW
Cell efficiency: 0.305, Output efficiency: 0.287
mdot_h2: 13.16 g/s
Reynolds_number: 9,130,142
Stack prop output power: 375 kW, Pcomp: 35.2 kW
Cell efficiency: 0.296, Output efficiency: 0.257
mdot_h2: 9.81 g/s
Reynolds_number: 9,130,142
Stack prop output power: 395 kW, Pcomp: 37.1 kW
Cell efficiency: 0.296, Output efficiency: 0.257
mdot_h2: 10.36 g/s
Reynolds_number: 9,130,142
Stack prop output power: 397 kW, Pcomp: 37.3 kW
Cell efficiency: 0.296, Output efficiency: 0.257
mdot_h2: 10.41 g/s
Fuel-cell system mass representative phase: climb (P_fc_sys=1131.955 kW).

-----------------------
ptotal_climb: 1,506 kW, mtom_est: 6,865 kg, mtom: 5,650 kg, residual: +1,215.18 kg

MTOM update: fixed_point_prebracket, relax=1.000 -> mtom_next=6,497.50 kg

======================================================
======================= ITER 4 =======================
Reynolds_number: 9,130,142
Stack prop output power: 398 kW, Pcomp: 37.3 kW
Cell efficiency: 0.296, Output efficiency: 0.257
mdot_h2: 10.41 g/s
Reynolds_number: 9,130,142
Stack prop output power: 452 kW, Pcomp: 42.4 kW
Cell efficiency: 0.296, Output efficiency: 0.257
mdot_h2: 11.83 g/s
Reynolds_number: 9,130,142
Stack prop output power: 457 kW, Pcomp: 42.8 kW
Cell efficiency: 0.296, Output efficiency: 0.257
mdot_h2: 11.96 g/s
Reynolds_number: 9,130,142
Stack prop output power: 538 kW, Pcomp: 5.0 kW
Cell efficiency: 0.256, Output efficiency: 0.241
mdot_h2: 15.02 g/s
Reynolds_number: 9,130,142
Stack prop output power: 650 kW, Pcomp: 6.1 kW
Cell efficiency: 0.256, Output efficiency: 0.241
mdot_h2: 18.14 g/s
Reynolds_number: 9,130,142
Stack prop output power: 651 kW, Pcomp: 6.1 kW
Cell efficiency: 0.256, Output efficiency: 0.241
mdot_h2: 18.17 g/s
Reynolds_number: 6,709,346
Stack prop output power: 534 kW, Pcomp: 4.6 kW
Cell efficiency: 0.305, Output efficiency: 0.287
mdot_h2: 12.52 g/s
Reynolds_number: 6,709,346
Stack prop output power: 645 kW, Pcomp: 5.6 kW
Cell efficiency: 0.305, Output efficiency: 0.287
mdot_h2: 15.12 g/s
Reynolds_number: 6,709,346
Stack prop output power: 646 kW, Pcomp: 5.6 kW
Cell efficiency: 0.305, Output efficiency: 0.287
mdot_h2: 15.14 g/s
Reynolds_number: 9,130,142
Stack prop output power: 398 kW, Pcomp: 37.3 kW
Cell efficiency: 0.296, Output efficiency: 0.257
mdot_h2: 10.41 g/s
Reynolds_number: 9,130,142
Stack prop output power: 452 kW, Pcomp: 42.4 kW
Cell efficiency: 0.296, Output efficiency: 0.257
mdot_h2: 11.83 g/s
Reynolds_number: 9,130,142
Stack prop output power: 457 kW, Pcomp: 42.8 kW
Cell efficiency: 0.296, Output efficiency: 0.257
mdot_h2: 11.96 g/s
Fuel-cell system mass representative phase: climb (P_fc_sys=1301.757 kW).

-----------------------
ptotal_climb: 1,732 kW, mtom_est: 7,546 kg, mtom: 6,498 kg, residual: +1,048.44 kg

MTOM update: fixed_point_prebracket, relax=1.000 -> mtom_next=7,336.25 kg

======================================================
======================= ITER 5 =======================
Reynolds_number: 9,130,142
Stack prop output power: 457 kW, Pcomp: 42.9 kW
Cell efficiency: 0.296, Output efficiency: 0.257
mdot_h2: 11.97 g/s
Reynolds_number: 9,130,142
Stack prop output power: 511 kW, Pcomp: 47.9 kW
Cell efficiency: 0.296, Output efficiency: 0.257
mdot_h2: 13.38 g/s
Reynolds_number: 9,130,142
Stack prop output power: 516 kW, Pcomp: 48.4 kW
Cell efficiency: 0.296, Output efficiency: 0.257
mdot_h2: 13.51 g/s
Reynolds_number: 9,130,142
Stack prop output power: 623 kW, Pcomp: 5.8 kW
Cell efficiency: 0.256, Output efficiency: 0.241
mdot_h2: 17.39 g/s
Reynolds_number: 9,130,142
Stack prop output power: 734 kW, Pcomp: 6.9 kW
Cell efficiency: 0.256, Output efficiency: 0.241
mdot_h2: 20.48 g/s
Reynolds_number: 9,130,142
Stack prop output power: 735 kW, Pcomp: 6.9 kW
Cell efficiency: 0.256, Output efficiency: 0.241
mdot_h2: 20.51 g/s
Reynolds_number: 6,709,346
Stack prop output power: 618 kW, Pcomp: 5.4 kW
Cell efficiency: 0.305, Output efficiency: 0.287
mdot_h2: 14.50 g/s
Reynolds_number: 6,709,346
Stack prop output power: 728 kW, Pcomp: 6.3 kW
Cell efficiency: 0.305, Output efficiency: 0.287
mdot_h2: 17.08 g/s
Reynolds_number: 6,709,346
Stack prop output power: 729 kW, Pcomp: 6.3 kW
Cell efficiency: 0.305, Output efficiency: 0.287
mdot_h2: 17.10 g/s
Reynolds_number: 9,130,142
Stack prop output power: 457 kW, Pcomp: 42.9 kW
Cell efficiency: 0.296, Output efficiency: 0.257
mdot_h2: 11.97 g/s
Reynolds_number: 9,130,142
Stack prop output power: 511 kW, Pcomp: 47.9 kW
Cell efficiency: 0.296, Output efficiency: 0.257
mdot_h2: 13.38 g/s
Reynolds_number: 9,130,142
Stack prop output power: 516 kW, Pcomp: 48.4 kW
Cell efficiency: 0.296, Output efficiency: 0.257
mdot_h2: 13.51 g/s
Fuel-cell system mass representative phase: climb (P_fc_sys=1469.799 kW).

-----------------------
ptotal_climb: 1,955 kW, mtom_est: 8,225 kg, mtom: 7,336 kg, residual: +888.38 kg

MTOM update: fixed_point_prebracket, relax=1.000 -> mtom_next=8,046.96 kg

======================================================
======================= ITER 6 =======================
Reynolds_number: 9,130,142
Stack prop output power: 516 kW, Pcomp: 48.4 kW
Cell efficiency: 0.296, Output efficiency: 0.257
mdot_h2: 13.52 g/s
Reynolds_number: 9,130,142
Stack prop output power: 562 kW, Pcomp: 52.7 kW
Cell efficiency: 0.296, Output efficiency: 0.257
mdot_h2: 14.71 g/s
Reynolds_number: 9,130,142
Stack prop output power: 566 kW, Pcomp: 53.1 kW
Cell efficiency: 0.296, Output efficiency: 0.257
mdot_h2: 14.82 g/s
Reynolds_number: 9,130,142
Stack prop output power: 711 kW, Pcomp: 6.7 kW
Cell efficiency: 0.256, Output efficiency: 0.241
mdot_h2: 19.86 g/s
Reynolds_number: 9,130,142
Stack prop output power: 805 kW, Pcomp: 7.5 kW
Cell efficiency: 0.256, Output efficiency: 0.241
mdot_h2: 22.48 g/s
Reynolds_number: 9,130,142
Stack prop output power: 806 kW, Pcomp: 7.6 kW
Cell efficiency: 0.256, Output efficiency: 0.241
mdot_h2: 22.50 g/s
Reynolds_number: 6,709,346
Stack prop output power: 706 kW, Pcomp: 6.1 kW
Cell efficiency: 0.305, Output efficiency: 0.287
mdot_h2: 16.55 g/s
Reynolds_number: 6,709,346
Stack prop output power: 799 kW, Pcomp: 7.0 kW
Cell efficiency: 0.305, Output efficiency: 0.287
mdot_h2: 18.73 g/s
Reynolds_number: 6,709,346
Stack prop output power: 800 kW, Pcomp: 7.0 kW
Cell efficiency: 0.305, Output efficiency: 0.287
mdot_h2: 18.75 g/s
Reynolds_number: 9,130,142
Stack prop output power: 516 kW, Pcomp: 48.4 kW
Cell efficiency: 0.296, Output efficiency: 0.257
mdot_h2: 13.52 g/s
Reynolds_number: 9,130,142
Stack prop output power: 562 kW, Pcomp: 52.7 kW
Cell efficiency: 0.296, Output efficiency: 0.257
mdot_h2: 14.71 g/s
Reynolds_number: 9,130,142
Stack prop output power: 566 kW, Pcomp: 53.1 kW
Cell efficiency: 0.296, Output efficiency: 0.257
mdot_h2: 14.82 g/s
Fuel-cell system mass representative phase: climb (P_fc_sys=1612.187 kW).

-----------------------
ptotal_climb: 2,145 kW, mtom_est: 8,802 kg, mtom: 8,047 kg, residual: +755.23 kg

MTOM update: fixed_point_prebracket, relax=1.000 -> mtom_next=8,651.14 kg

======================================================
======================= ITER 7 =======================
Reynolds_number: 9,130,142
Stack prop output power: 566 kW, Pcomp: 53.1 kW
Cell efficiency: 0.296, Output efficiency: 0.257
mdot_h2: 14.83 g/s
Reynolds_number: 9,130,142
Stack prop output power: 605 kW, Pcomp: 56.7 kW
Cell efficiency: 0.296, Output efficiency: 0.257
mdot_h2: 15.84 g/s
Reynolds_number: 9,130,142
Stack prop output power: 608 kW, Pcomp: 57.1 kW
Cell efficiency: 0.296, Output efficiency: 0.257
mdot_h2: 15.93 g/s
Reynolds_number: 9,130,142
Stack prop output power: 786 kW, Pcomp: 7.4 kW
Cell efficiency: 0.256, Output efficiency: 0.241
mdot_h2: 21.94 g/s
Reynolds_number: 9,130,142
Stack prop output power: 866 kW, Pcomp: 8.1 kW
Cell efficiency: 0.256, Output efficiency: 0.241
mdot_h2: 24.17 g/s
Reynolds_number: 9,130,142
Stack prop output power: 867 kW, Pcomp: 8.1 kW
Cell efficiency: 0.256, Output efficiency: 0.241
mdot_h2: 24.19 g/s
Reynolds_number: 6,709,346
Stack prop output power: 780 kW, Pcomp: 6.8 kW
Cell efficiency: 0.305, Output efficiency: 0.287
mdot_h2: 18.29 g/s
Reynolds_number: 6,709,346
Stack prop output power: 859 kW, Pcomp: 7.5 kW
Cell efficiency: 0.305, Output efficiency: 0.287
mdot_h2: 20.15 g/s
Reynolds_number: 6,709,346
Stack prop output power: 860 kW, Pcomp: 7.5 kW
Cell efficiency: 0.305, Output efficiency: 0.287
mdot_h2: 20.16 g/s
Reynolds_number: 9,130,142
Stack prop output power: 566 kW, Pcomp: 53.1 kW
Cell efficiency: 0.296, Output efficiency: 0.257
mdot_h2: 14.83 g/s
Reynolds_number: 9,130,142
Stack prop output power: 605 kW, Pcomp: 56.7 kW
Cell efficiency: 0.296, Output efficiency: 0.257
mdot_h2: 15.84 g/s
Reynolds_number: 9,130,142
Stack prop output power: 608 kW, Pcomp: 57.1 kW
Cell efficiency: 0.296, Output efficiency: 0.257
mdot_h2: 15.93 g/s
Fuel-cell system mass representative phase: climb (P_fc_sys=1733.234 kW).

-----------------------
ptotal_climb: 2,306 kW, mtom_est: 9,297 kg, mtom: 8,651 kg, residual: +645.57 kg

MTOM update: fixed_point_prebracket, relax=1.000 -> mtom_next=9,167.60 kg

======================================================
======================= ITER 8 =======================
Reynolds_number: 9,130,142
Stack prop output power: 609 kW, Pcomp: 57.1 kW
Cell efficiency: 0.296, Output efficiency: 0.257
mdot_h2: 15.94 g/s
Reynolds_number: 9,130,142
Stack prop output power: 642 kW, Pcomp: 60.2 kW
Cell efficiency: 0.296, Output efficiency: 0.257
mdot_h2: 16.81 g/s
Reynolds_number: 9,130,142
Stack prop output power: 645 kW, Pcomp: 60.5 kW
Cell efficiency: 0.296, Output efficiency: 0.257
mdot_h2: 16.89 g/s
Reynolds_number: 9,130,142
Stack prop output power: 850 kW, Pcomp: 8.0 kW
Cell efficiency: 0.256, Output efficiency: 0.241
mdot_h2: 23.71 g/s
Reynolds_number: 9,130,142
Stack prop output power: 918 kW, Pcomp: 8.6 kW
Cell efficiency: 0.256, Output efficiency: 0.241
mdot_h2: 25.62 g/s
Reynolds_number: 9,130,142
Stack prop output power: 918 kW, Pcomp: 8.6 kW
Cell efficiency: 0.256, Output efficiency: 0.241
mdot_h2: 25.63 g/s
Reynolds_number: 6,709,346
Stack prop output power: 843 kW, Pcomp: 7.3 kW
Cell efficiency: 0.305, Output efficiency: 0.287
mdot_h2: 19.76 g/s
Reynolds_number: 6,709,346
Stack prop output power: 911 kW, Pcomp: 7.9 kW
Cell efficiency: 0.305, Output efficiency: 0.287
mdot_h2: 21.35 g/s
Reynolds_number: 6,709,346
Stack prop output power: 911 kW, Pcomp: 7.9 kW
Cell efficiency: 0.305, Output efficiency: 0.287
mdot_h2: 21.37 g/s
Reynolds_number: 9,130,142
Stack prop output power: 609 kW, Pcomp: 57.1 kW
Cell efficiency: 0.296, Output efficiency: 0.257
mdot_h2: 15.94 g/s
Reynolds_number: 9,130,142
Stack prop output power: 642 kW, Pcomp: 60.2 kW
Cell efficiency: 0.296, Output efficiency: 0.257
mdot_h2: 16.81 g/s
Reynolds_number: 9,130,142
Stack prop output power: 645 kW, Pcomp: 60.5 kW
Cell efficiency: 0.296, Output efficiency: 0.257
mdot_h2: 16.89 g/s
Fuel-cell system mass representative phase: climb (P_fc_sys=1836.706 kW).

-----------------------
ptotal_climb: 2,443 kW, mtom_est: 9,719 kg, mtom: 9,168 kg, residual: +551.30 kg

MTOM update: newton_prebracket, relax=1.000 -> mtom_next=10,542.74 kg

======================================================
======================= ITER 9 =======================
Reynolds_number: 9,130,142
Stack prop output power: 645 kW, Pcomp: 60.5 kW
Cell efficiency: 0.296, Output efficiency: 0.257
mdot_h2: 16.90 g/s
Reynolds_number: 9,130,142
Stack prop output power: 733 kW, Pcomp: 68.8 kW
Cell efficiency: 0.296, Output efficiency: 0.257
mdot_h2: 19.19 g/s
Reynolds_number: 9,130,142
Stack prop output power: 741 kW, Pcomp: 69.5 kW
Cell efficiency: 0.296, Output efficiency: 0.257
mdot_h2: 19.41 g/s
Reynolds_number: 9,130,142
Stack prop output power: 742 kW, Pcomp: 69.6 kW
Cell efficiency: 0.296, Output efficiency: 0.257
mdot_h2: 19.43 g/s
Reynolds_number: 9,130,142
Stack prop output power: 873 kW, Pcomp: 8.2 kW
Cell efficiency: 0.256, Output efficiency: 0.241
mdot_h2: 24.36 g/s
Reynolds_number: 9,130,142
Stack prop output power: 1,054 kW, Pcomp: 9.9 kW
Cell efficiency: 0.256, Output efficiency: 0.241
mdot_h2: 29.43 g/s
Reynolds_number: 9,130,142
Stack prop output power: 1,056 kW, Pcomp: 9.9 kW
Cell efficiency: 0.256, Output efficiency: 0.241
mdot_h2: 29.48 g/s
Reynolds_number: 6,709,346
Stack prop output power: 866 kW, Pcomp: 7.5 kW
Cell efficiency: 0.305, Output efficiency: 0.287
mdot_h2: 20.31 g/s
Reynolds_number: 6,709,346
Stack prop output power: 1,046 kW, Pcomp: 9.1 kW
Cell efficiency: 0.305, Output efficiency: 0.287
mdot_h2: 24.53 g/s
Reynolds_number: 6,709,346
Stack prop output power: 1,048 kW, Pcomp: 9.1 kW
Cell efficiency: 0.305, Output efficiency: 0.287
mdot_h2: 24.57 g/s
Reynolds_number: 9,130,142
Stack prop output power: 645 kW, Pcomp: 60.5 kW
Cell efficiency: 0.296, Output efficiency: 0.257
mdot_h2: 16.90 g/s
Reynolds_number: 9,130,142
Stack prop output power: 733 kW, Pcomp: 68.8 kW
Cell efficiency: 0.296, Output efficiency: 0.257
mdot_h2: 19.19 g/s
Reynolds_number: 9,130,142
Stack prop output power: 741 kW, Pcomp: 69.5 kW
Cell efficiency: 0.296, Output efficiency: 0.257
mdot_h2: 19.41 g/s
Reynolds_number: 9,130,142
Stack prop output power: 742 kW, Pcomp: 69.6 kW
Cell efficiency: 0.296, Output efficiency: 0.257
mdot_h2: 19.43 g/s
Fuel-cell system mass representative phase: climb (P_fc_sys=2112.211 kW).

-----------------------
ptotal_climb: 2,810 kW, mtom_est: 10,854 kg, mtom: 10,543 kg, residual: +311.39 kg

MTOM update: newton_prebracket, relax=1.000 -> mtom_next=12,124.16 kg

======================================================
======================= ITER 10 =======================
Reynolds_number: 9,130,142
Stack prop output power: 742 kW, Pcomp: 69.6 kW
Cell efficiency: 0.296, Output efficiency: 0.257
mdot_h2: 19.43 g/s
Reynolds_number: 9,130,142
Stack prop output power: 843 kW, Pcomp: 79.1 kW
Cell efficiency: 0.296, Output efficiency: 0.257
mdot_h2: 22.07 g/s
Reynolds_number: 9,130,142
Stack prop output power: 852 kW, Pcomp: 80.0 kW
Cell efficiency: 0.296, Output efficiency: 0.257
mdot_h2: 22.32 g/s
Reynolds_number: 9,130,142
Stack prop output power: 853 kW, Pcomp: 80.0 kW
Cell efficiency: 0.296, Output efficiency: 0.257
mdot_h2: 22.34 g/s
Reynolds_number: 9,130,142
Stack prop output power: 1,004 kW, Pcomp: 9.4 kW
Cell efficiency: 0.256, Output efficiency: 0.241
mdot_h2: 28.02 g/s
Reynolds_number: 9,130,142
Stack prop output power: 1,213 kW, Pcomp: 11.4 kW
Cell efficiency: 0.256, Output efficiency: 0.241
mdot_h2: 33.85 g/s
Reynolds_number: 9,130,142
Stack prop output power: 1,215 kW, Pcomp: 11.4 kW
Cell efficiency: 0.256, Output efficiency: 0.241
mdot_h2: 33.90 g/s
Reynolds_number: 6,709,346
Stack prop output power: 996 kW, Pcomp: 8.7 kW
Cell efficiency: 0.305, Output efficiency: 0.287
mdot_h2: 23.35 g/s
Reynolds_number: 6,709,346
Stack prop output power: 1,203 kW, Pcomp: 10.5 kW
Cell efficiency: 0.305, Output efficiency: 0.287
mdot_h2: 28.21 g/s
Reynolds_number: 6,709,346
Stack prop output power: 1,205 kW, Pcomp: 10.5 kW
Cell efficiency: 0.305, Output efficiency: 0.287
mdot_h2: 28.26 g/s
Reynolds_number: 9,130,142
Stack prop output power: 742 kW, Pcomp: 69.6 kW
Cell efficiency: 0.296, Output efficiency: 0.257
mdot_h2: 19.43 g/s
Reynolds_number: 9,130,142
Stack prop output power: 843 kW, Pcomp: 79.1 kW
Cell efficiency: 0.296, Output efficiency: 0.257
mdot_h2: 22.07 g/s
Reynolds_number: 9,130,142
Stack prop output power: 852 kW, Pcomp: 80.0 kW
Cell efficiency: 0.296, Output efficiency: 0.257
mdot_h2: 22.32 g/s
Reynolds_number: 9,130,142
Stack prop output power: 853 kW, Pcomp: 80.0 kW
Cell efficiency: 0.296, Output efficiency: 0.257
mdot_h2: 22.34 g/s
Fuel-cell system mass representative phase: climb (P_fc_sys=2429.043 kW).

-----------------------
ptotal_climb: 3,231 kW, mtom_est: 12,171 kg, mtom: 12,124 kg, residual: +47.05 kg

MTOM update: newton_prebracket, relax=1.000 -> mtom_next=12,405.65 kg

======================================================
======================= ITER 11 =======================
Reynolds_number: 9,130,142
Stack prop output power: 853 kW, Pcomp: 80.0 kW
Cell efficiency: 0.296, Output efficiency: 0.257
mdot_h2: 22.34 g/s
Reynolds_number: 9,130,142
Stack prop output power: 871 kW, Pcomp: 81.7 kW
Cell efficiency: 0.296, Output efficiency: 0.257
mdot_h2: 22.82 g/s
Reynolds_number: 9,130,142
Stack prop output power: 873 kW, Pcomp: 81.9 kW
Cell efficiency: 0.296, Output efficiency: 0.257
mdot_h2: 22.86 g/s
Reynolds_number: 9,130,142
Stack prop output power: 1,205 kW, Pcomp: 11.3 kW
Cell efficiency: 0.256, Output efficiency: 0.241
mdot_h2: 33.64 g/s
Reynolds_number: 9,130,142
Stack prop output power: 1,242 kW, Pcomp: 11.6 kW
Cell efficiency: 0.256, Output efficiency: 0.241
mdot_h2: 34.68 g/s
Reynolds_number: 6,709,346
Stack prop output power: 1,196 kW, Pcomp: 10.4 kW
Cell efficiency: 0.305, Output efficiency: 0.287
mdot_h2: 28.04 g/s
Reynolds_number: 6,709,346
Stack prop output power: 1,233 kW, Pcomp: 10.7 kW
Cell efficiency: 0.305, Output efficiency: 0.287
mdot_h2: 28.90 g/s
Reynolds_number: 9,130,142
Stack prop output power: 853 kW, Pcomp: 80.0 kW
Cell efficiency: 0.296, Output efficiency: 0.257
mdot_h2: 22.34 g/s
Reynolds_number: 9,130,142
Stack prop output power: 871 kW, Pcomp: 81.7 kW
Cell efficiency: 0.296, Output efficiency: 0.257
mdot_h2: 22.82 g/s
Reynolds_number: 9,130,142
Stack prop output power: 873 kW, Pcomp: 81.9 kW
Cell efficiency: 0.296, Output efficiency: 0.257
mdot_h2: 22.86 g/s
Fuel-cell system mass representative phase: climb (P_fc_sys=2485.433 kW).

-----------------------
ptotal_climb: 3,306 kW, mtom_est: 12,408 kg, mtom: 12,406 kg, residual: +1.89 kg


CONVERGED

CONVERGED STATE [MTOM iteration 11]
  MTOM=12,408 kg | Wing loading=235.85 kg/m^2 | P/W(climb)=266.46 W/kg
  Phase power: climb=3,306.1 kW | cruise=1,745.9 kW | takeoff=3,280.8 kW | cruise+charger=1,745.9 kW
  Power split (climb): FC=2,462.1 kW | Battery=820.7 kW | Compressor=23.3 kW | Cooling=1,159.5 kW | H2=69.356 g/s
  Compressor max across phases: 163.8 kW (cruise)
  FC representative phase (mass sizing): climb (2,485.4 kW)
  Mass summary: MTOM=12,408 kg | Powertrain=4,801 kg | Tank=1,763.6 kg | Fuel=783.8 kg | Battery=56.6 kg | Nacelle power density=0.61 kW/kg
  Geometry: Main wing area=52.61 m^2 | Horizontal tail area=5.566 m^2 | Horizontal tail location=22.532 m | Vertical tail area=5.611 m^2 | Vertical tail location=21.966 m
  Config: wing loading input=235.81 kg/m^2 | P/W TO/Cl/Cr=0.19250/0.19389/0.09272 kW/kg

=============================================================
========================= CONVERGED =========================
=============================================================
Constraint sizing: ENABLED (min_combined_pw)
Input W/S: 235.81 kg/m^2 (2,312.5 Pa)
Input P/W [kW/kg]: takeoff 0.19250, climb 0.19389, cruise 0.09272
-------------------------------------------------------------

Mission Time
Climb time: 0.00 min (0.00 h)
Cruise time: 282.22 min (4.70 h)
Total flight time: 304.22 min (5.07 h)

Phase Power Breakdown
Phase      Time[min]     Total[kW]    FC Stack[kW]   Battery[kW]   Compressor[kW]   Cooling[kW]
-----------------------------------------------------------------------------------------------
ready           0.00         165.3           165.3           0.0              0.0           0.0
taxi            5.00         330.6           330.6           0.0              0.0           0.0
takeoff         1.00       3,280.8         2,444.5         814.8             21.5         907.7
climb           0.00       3,306.1         2,462.1         820.7             23.3       1,159.5
cruise        282.22       1,745.9         1,582.1           0.0            163.8         726.5
loiter         15.00         174.6           158.2           0.0             16.4          72.6
landing         1.00           0.0             0.0           0.0              0.0           0.0

Pcomp_max (solved phases): 163.8 kW (cruise)
Pnet (climb): 2,986 kW
Pelectricnet (climb): 3,283 kW
eta_pt: 0.9031

Geometry
S_wing: 52.61 m^2
b_wing: 21.76 m
Lfus: 24.72 m
Ltank: 15.71 m
S_HT: 5.57 m^2
S_VT: 5.61 m^2
b_HT: 5.00 m
b_VT: 3.26 m
X_HT_act: 22.53 m
X_VT_act: 21.97 m

One Nacelle (1/2)
Stack(1/2): 780 kg, Compressor: 108 kg, Humidifier: 378 kg, HX: 772 kg
W_FCS_single_nacelle (W_Stack+W_Compressor+W_Humidifier+W_Hx): 2,038 kg
Representative FC phase: climb
Specific Power of Nacelle System: 0.610 kW/kg
dim_hx: dX=2.031 m, dY=2.031 m, dZ=0.209 m
dim_stack: dX=0.419 m, dY=0.455 m, dZ=0.455 m

ALL Nacelles
W_FCS_total: 4,076 kg
W_PMAD: 289 kg
W_Motors: 436 kg

-----------------------
W_Powertrain (W_FCS_total+W_PMAD+W_Motors): 4,801 kg
-----------------------
W_wing: 1,022 kg
W_Htail: 57 kg
W_Vtail: 94 kg
W_fuselage: 879 kg
W_lnd_gear_main: 243 kg
W_lnd_gear_nose: 65 kg
W_flight_control: 366 kg
W_electric_system: 300 kg
W_iae: 165 kg
W_hydraulics: 149 kg
W_fur: 662 kg
-----------------------
OEM: 4,003 kg
-----------------------
W_tank: 1,764 kg
W_fuel: 783.8 kg
W_batt: 56.6 kg
-----------------------
W_payload: 1,000 kg
-----------------------
MTOM_grouped (OEM+W_tank+W_fuel+W_batt+W_Powertrain+W_payload): 12,408 kg
MTOM: 12,408 kg
-----------------------

Wing loading (MTOM/S_wing): 235.85 kg/m^2
Power-to-weight (converged): 266.46 W/kg

mdot_H2(cruise): 45.7 g/s
Vtankex: 33.6 m^3
========================== END ==============================


=============================================================
Execution time: 129.6 seconds
=============================================================
