Auto-widening W/S scan window for min_combined_pw: 1900.0..2600.0 -> 1725.0..2775.0 Pa (factor 1.500, lower_hit=True, upper_hit=False, min_on_edge=False).
Auto-widening W/S scan window for min_combined_pw: 1725.0..2775.0 -> 1462.5..3037.5 Pa (factor 1.500, lower_hit=True, upper_hit=False, min_on_edge=True).
ADRpy minimum combined P/W remains on feasible W/S boundary (2312.5 Pa). Proceeding with current W/S range 1462.5..3037.5 Pa.
ADRpy constraint sizing (min_combined_pw): W/S=2312.5 Pa (235.81 kg/m^2), P/W_TO=0.19250 kW/kg, P/W_climb=0.19395 kW/kg, P/W_cruise=0.07290 kW/kg
Curve minimum (combined/combined): W/S=2312.5 Pa (235.81 kg/m^2), P/W=0.19395 kW/kg
Curve minimum (takeoff/take-off): W/S=1462.5 Pa (149.13 kg/m^2), P/W=0.10196 kW/kg
Curve minimum (climb/climb): W/S=2312.5 Pa (235.81 kg/m^2), P/W=0.19395 kW/kg
Curve minimum (cruise/cruise): W/S=2312.5 Pa (235.81 kg/m^2), P/W=0.07290 kW/kg
======================================================
======================= ITER 1 =======================
Reynolds_number: 7,831,819
Stack prop output power: 500 kW, Pcomp: 46.9 kW
Cell efficiency: 0.294, Output efficiency: 0.255
mdot_h2: 13.17 g/s
Reynolds_number: 7,831,819
Stack prop output power: 298 kW, Pcomp: 27.9 kW
Cell efficiency: 0.294, Output efficiency: 0.255
mdot_h2: 7.84 g/s
Reynolds_number: 7,831,819
Stack prop output power: 279 kW, Pcomp: 26.1 kW
Cell efficiency: 0.294, Output efficiency: 0.255
mdot_h2: 7.34 g/s
Reynolds_number: 7,831,819
Stack prop output power: 277 kW, Pcomp: 26.0 kW
Cell efficiency: 0.294, Output efficiency: 0.255
mdot_h2: 7.29 g/s
Reynolds_number: 7,831,819
Stack prop output power: 335 kW, Pcomp: 3.1 kW
Cell efficiency: 0.254, Output efficiency: 0.239
mdot_h2: 9.42 g/s
Reynolds_number: 7,831,819
Stack prop output power: 499 kW, Pcomp: 4.7 kW
Cell efficiency: 0.254, Output efficiency: 0.239
mdot_h2: 14.06 g/s
Reynolds_number: 7,831,819
Stack prop output power: 501 kW, Pcomp: 4.7 kW
Cell efficiency: 0.254, Output efficiency: 0.239
mdot_h2: 14.10 g/s
Reynolds_number: 6,709,346
Stack prop output power: 336 kW, Pcomp: 2.9 kW
Cell efficiency: 0.305, Output efficiency: 0.287
mdot_h2: 7.87 g/s
Reynolds_number: 6,709,346
Stack prop output power: 496 kW, Pcomp: 4.3 kW
Cell efficiency: 0.305, Output efficiency: 0.287
mdot_h2: 11.62 g/s
Reynolds_number: 6,709,346
Stack prop output power: 497 kW, Pcomp: 4.3 kW
Cell efficiency: 0.305, Output efficiency: 0.287
mdot_h2: 11.65 g/s
Reynolds_number: 7,831,819
Stack prop output power: 500 kW, Pcomp: 46.9 kW
Cell efficiency: 0.294, Output efficiency: 0.255
mdot_h2: 13.17 g/s
Reynolds_number: 7,831,819
Stack prop output power: 298 kW, Pcomp: 27.9 kW
Cell efficiency: 0.294, Output efficiency: 0.255
mdot_h2: 7.84 g/s
Reynolds_number: 7,831,819
Stack prop output power: 279 kW, Pcomp: 26.1 kW
Cell efficiency: 0.294, Output efficiency: 0.255
mdot_h2: 7.34 g/s
Reynolds_number: 7,831,819
Stack prop output power: 277 kW, Pcomp: 26.0 kW
Cell efficiency: 0.294, Output efficiency: 0.255
mdot_h2: 7.29 g/s
Fuel-cell system mass representative phase: climb (P_fc_sys=1002.095 kW).

-----------------------
ptotal_climb: 1,333 kW, mtom_est: 6,328 kg, mtom: 5,000 kg, residual: +1,328.39 kg

MTOM update: initial_bracket_probe_1, relax=1.000 -> mtom_next=5,325.00 kg

======================================================
======================= ITER 2 =======================
Reynolds_number: 7,831,819
Stack prop output power: 277 kW, Pcomp: 25.9 kW
Cell efficiency: 0.294, Output efficiency: 0.255
mdot_h2: 7.29 g/s
Reynolds_number: 7,831,819
Stack prop output power: 293 kW, Pcomp: 27.5 kW
Cell efficiency: 0.294, Output efficiency: 0.255
mdot_h2: 7.72 g/s
Reynolds_number: 7,831,819
Stack prop output power: 294 kW, Pcomp: 27.6 kW
Cell efficiency: 0.294, Output efficiency: 0.255
mdot_h2: 7.76 g/s
Reynolds_number: 7,831,819
Stack prop output power: 490 kW, Pcomp: 4.6 kW
Cell efficiency: 0.254, Output efficiency: 0.239
mdot_h2: 13.80 g/s
Reynolds_number: 7,831,819
Stack prop output power: 533 kW, Pcomp: 5.0 kW
Cell efficiency: 0.254, Output efficiency: 0.239
mdot_h2: 15.01 g/s
Reynolds_number: 6,709,346
Stack prop output power: 486 kW, Pcomp: 4.2 kW
Cell efficiency: 0.305, Output efficiency: 0.287
mdot_h2: 11.40 g/s
Reynolds_number: 6,709,346
Stack prop output power: 529 kW, Pcomp: 4.6 kW
Cell efficiency: 0.305, Output efficiency: 0.287
mdot_h2: 12.40 g/s
Reynolds_number: 7,831,819
Stack prop output power: 277 kW, Pcomp: 25.9 kW
Cell efficiency: 0.294, Output efficiency: 0.255
mdot_h2: 7.29 g/s
Reynolds_number: 7,831,819
Stack prop output power: 293 kW, Pcomp: 27.5 kW
Cell efficiency: 0.294, Output efficiency: 0.255
mdot_h2: 7.72 g/s
Reynolds_number: 7,831,819
Stack prop output power: 294 kW, Pcomp: 27.6 kW
Cell efficiency: 0.294, Output efficiency: 0.255
mdot_h2: 7.76 g/s
Fuel-cell system mass representative phase: climb (P_fc_sys=1067.224 kW).

-----------------------
ptotal_climb: 1,420 kW, mtom_est: 6,584 kg, mtom: 5,325 kg, residual: +1,258.71 kg

MTOM update: initial_bracket_probe_2, relax=1.000 -> mtom_next=5,650.00 kg

======================================================
======================= ITER 3 =======================
Reynolds_number: 7,831,819
Stack prop output power: 295 kW, Pcomp: 27.6 kW
Cell efficiency: 0.294, Output efficiency: 0.255
mdot_h2: 7.76 g/s
Reynolds_number: 7,831,819
Stack prop output power: 311 kW, Pcomp: 29.2 kW
Cell efficiency: 0.294, Output efficiency: 0.255
mdot_h2: 8.19 g/s
Reynolds_number: 7,831,819
Stack prop output power: 312 kW, Pcomp: 29.3 kW
Cell efficiency: 0.294, Output efficiency: 0.255
mdot_h2: 8.23 g/s
Reynolds_number: 7,831,819
Stack prop output power: 523 kW, Pcomp: 4.9 kW
Cell efficiency: 0.254, Output efficiency: 0.239
mdot_h2: 14.72 g/s
Reynolds_number: 7,831,819
Stack prop output power: 566 kW, Pcomp: 5.3 kW
Cell efficiency: 0.254, Output efficiency: 0.239
mdot_h2: 15.93 g/s
Reynolds_number: 6,709,346
Stack prop output power: 519 kW, Pcomp: 4.5 kW
Cell efficiency: 0.305, Output efficiency: 0.287
mdot_h2: 12.16 g/s
Reynolds_number: 6,709,346
Stack prop output power: 561 kW, Pcomp: 4.9 kW
Cell efficiency: 0.305, Output efficiency: 0.287
mdot_h2: 13.16 g/s
Reynolds_number: 7,831,819
Stack prop output power: 295 kW, Pcomp: 27.6 kW
Cell efficiency: 0.294, Output efficiency: 0.255
mdot_h2: 7.76 g/s
Reynolds_number: 7,831,819
Stack prop output power: 311 kW, Pcomp: 29.2 kW
Cell efficiency: 0.294, Output efficiency: 0.255
mdot_h2: 8.19 g/s
Reynolds_number: 7,831,819
Stack prop output power: 312 kW, Pcomp: 29.3 kW
Cell efficiency: 0.294, Output efficiency: 0.255
mdot_h2: 8.23 g/s
Fuel-cell system mass representative phase: climb (P_fc_sys=1132.360 kW).

-----------------------
ptotal_climb: 1,506 kW, mtom_est: 6,844 kg, mtom: 5,650 kg, residual: +1,194.31 kg

MTOM update: fixed_point_prebracket, relax=1.000 -> mtom_next=6,497.50 kg

======================================================
======================= ITER 4 =======================
Reynolds_number: 7,831,819
Stack prop output power: 313 kW, Pcomp: 29.3 kW
Cell efficiency: 0.294, Output efficiency: 0.255
mdot_h2: 8.23 g/s
Reynolds_number: 7,831,819
Stack prop output power: 355 kW, Pcomp: 33.3 kW
Cell efficiency: 0.294, Output efficiency: 0.255
mdot_h2: 9.35 g/s
Reynolds_number: 7,831,819
Stack prop output power: 359 kW, Pcomp: 33.7 kW
Cell efficiency: 0.294, Output efficiency: 0.255
mdot_h2: 9.46 g/s
Reynolds_number: 7,831,819
Stack prop output power: 538 kW, Pcomp: 5.1 kW
Cell efficiency: 0.254, Output efficiency: 0.239
mdot_h2: 15.15 g/s
Reynolds_number: 7,831,819
Stack prop output power: 650 kW, Pcomp: 6.1 kW
Cell efficiency: 0.254, Output efficiency: 0.239
mdot_h2: 18.30 g/s
Reynolds_number: 7,831,819
Stack prop output power: 651 kW, Pcomp: 6.1 kW
Cell efficiency: 0.254, Output efficiency: 0.239
mdot_h2: 18.33 g/s
Reynolds_number: 6,709,346
Stack prop output power: 534 kW, Pcomp: 4.6 kW
Cell efficiency: 0.305, Output efficiency: 0.287
mdot_h2: 12.52 g/s
Reynolds_number: 6,709,346
Stack prop output power: 645 kW, Pcomp: 5.6 kW
Cell efficiency: 0.305, Output efficiency: 0.287
mdot_h2: 15.12 g/s
Reynolds_number: 6,709,346
Stack prop output power: 646 kW, Pcomp: 5.6 kW
Cell efficiency: 0.305, Output efficiency: 0.287
mdot_h2: 15.14 g/s
Reynolds_number: 7,831,819
Stack prop output power: 313 kW, Pcomp: 29.3 kW
Cell efficiency: 0.294, Output efficiency: 0.255
mdot_h2: 8.23 g/s
Reynolds_number: 7,831,819
Stack prop output power: 355 kW, Pcomp: 33.3 kW
Cell efficiency: 0.294, Output efficiency: 0.255
mdot_h2: 9.35 g/s
Reynolds_number: 7,831,819
Stack prop output power: 359 kW, Pcomp: 33.7 kW
Cell efficiency: 0.294, Output efficiency: 0.255
mdot_h2: 9.46 g/s
Fuel-cell system mass representative phase: climb (P_fc_sys=1302.223 kW).

-----------------------
ptotal_climb: 1,732 kW, mtom_est: 7,525 kg, mtom: 6,498 kg, residual: +1,027.52 kg

MTOM update: fixed_point_prebracket, relax=1.000 -> mtom_next=7,319.52 kg

======================================================
======================= ITER 5 =======================
Reynolds_number: 7,831,819
Stack prop output power: 359 kW, Pcomp: 33.7 kW
Cell efficiency: 0.294, Output efficiency: 0.255
mdot_h2: 9.47 g/s
Reynolds_number: 7,831,819
Stack prop output power: 401 kW, Pcomp: 37.6 kW
Cell efficiency: 0.294, Output efficiency: 0.255
mdot_h2: 10.56 g/s
Reynolds_number: 7,831,819
Stack prop output power: 405 kW, Pcomp: 37.9 kW
Cell efficiency: 0.294, Output efficiency: 0.255
mdot_h2: 10.66 g/s
Reynolds_number: 7,831,819
Stack prop output power: 624 kW, Pcomp: 5.9 kW
Cell efficiency: 0.254, Output efficiency: 0.239
mdot_h2: 17.56 g/s
Reynolds_number: 7,831,819
Stack prop output power: 732 kW, Pcomp: 6.9 kW
Cell efficiency: 0.254, Output efficiency: 0.239
mdot_h2: 20.62 g/s
Reynolds_number: 7,831,819
Stack prop output power: 733 kW, Pcomp: 6.9 kW
Cell efficiency: 0.254, Output efficiency: 0.239
mdot_h2: 20.65 g/s
Reynolds_number: 6,709,346
Stack prop output power: 619 kW, Pcomp: 5.4 kW
Cell efficiency: 0.305, Output efficiency: 0.287
mdot_h2: 14.51 g/s
Reynolds_number: 6,709,346
Stack prop output power: 727 kW, Pcomp: 6.3 kW
Cell efficiency: 0.305, Output efficiency: 0.287
mdot_h2: 17.04 g/s
Reynolds_number: 6,709,346
Stack prop output power: 727 kW, Pcomp: 6.3 kW
Cell efficiency: 0.305, Output efficiency: 0.287
mdot_h2: 17.06 g/s
Reynolds_number: 7,831,819
Stack prop output power: 359 kW, Pcomp: 33.7 kW
Cell efficiency: 0.294, Output efficiency: 0.255
mdot_h2: 9.47 g/s
Reynolds_number: 7,831,819
Stack prop output power: 401 kW, Pcomp: 37.6 kW
Cell efficiency: 0.294, Output efficiency: 0.255
mdot_h2: 10.56 g/s
Reynolds_number: 7,831,819
Stack prop output power: 405 kW, Pcomp: 37.9 kW
Cell efficiency: 0.294, Output efficiency: 0.255
mdot_h2: 10.66 g/s
Fuel-cell system mass representative phase: climb (P_fc_sys=1466.971 kW).

-----------------------
ptotal_climb: 1,951 kW, mtom_est: 8,188 kg, mtom: 7,320 kg, residual: +868.50 kg

MTOM update: fixed_point_prebracket, relax=1.000 -> mtom_next=8,014.31 kg

======================================================
======================= ITER 6 =======================
Reynolds_number: 7,831,819
Stack prop output power: 405 kW, Pcomp: 38.0 kW
Cell efficiency: 0.294, Output efficiency: 0.255
mdot_h2: 10.67 g/s
Reynolds_number: 7,831,819
Stack prop output power: 440 kW, Pcomp: 41.2 kW
Cell efficiency: 0.294, Output efficiency: 0.255
mdot_h2: 11.59 g/s
Reynolds_number: 7,831,819
Stack prop output power: 443 kW, Pcomp: 41.5 kW
Cell efficiency: 0.294, Output efficiency: 0.255
mdot_h2: 11.67 g/s
Reynolds_number: 7,831,819
Stack prop output power: 710 kW, Pcomp: 6.7 kW
Cell efficiency: 0.254, Output efficiency: 0.239
mdot_h2: 20.00 g/s
Reynolds_number: 7,831,819
Stack prop output power: 802 kW, Pcomp: 7.5 kW
Cell efficiency: 0.254, Output efficiency: 0.239
mdot_h2: 22.58 g/s
Reynolds_number: 7,831,819
Stack prop output power: 803 kW, Pcomp: 7.5 kW
Cell efficiency: 0.254, Output efficiency: 0.239
mdot_h2: 22.61 g/s
Reynolds_number: 6,709,346
Stack prop output power: 705 kW, Pcomp: 6.1 kW
Cell efficiency: 0.305, Output efficiency: 0.287
mdot_h2: 16.52 g/s
Reynolds_number: 6,709,346
Stack prop output power: 796 kW, Pcomp: 6.9 kW
Cell efficiency: 0.305, Output efficiency: 0.287
mdot_h2: 18.66 g/s
Reynolds_number: 6,709,346
Stack prop output power: 797 kW, Pcomp: 6.9 kW
Cell efficiency: 0.305, Output efficiency: 0.287
mdot_h2: 18.68 g/s
Reynolds_number: 7,831,819
Stack prop output power: 405 kW, Pcomp: 38.0 kW
Cell efficiency: 0.294, Output efficiency: 0.255
mdot_h2: 10.67 g/s
Reynolds_number: 7,831,819
Stack prop output power: 440 kW, Pcomp: 41.2 kW
Cell efficiency: 0.294, Output efficiency: 0.255
mdot_h2: 11.59 g/s
Reynolds_number: 7,831,819
Stack prop output power: 443 kW, Pcomp: 41.5 kW
Cell efficiency: 0.294, Output efficiency: 0.255
mdot_h2: 11.67 g/s
Fuel-cell system mass representative phase: climb (P_fc_sys=1606.222 kW).

-----------------------
ptotal_climb: 2,137 kW, mtom_est: 8,752 kg, mtom: 8,014 kg, residual: +737.82 kg

MTOM update: fixed_point_prebracket, relax=1.000 -> mtom_next=8,604.57 kg

======================================================
======================= ITER 7 =======================
Reynolds_number: 7,831,819
Stack prop output power: 443 kW, Pcomp: 41.6 kW
Cell efficiency: 0.294, Output efficiency: 0.255
mdot_h2: 11.68 g/s
Reynolds_number: 7,831,819
Stack prop output power: 473 kW, Pcomp: 44.4 kW
Cell efficiency: 0.294, Output efficiency: 0.255
mdot_h2: 12.46 g/s
Reynolds_number: 7,831,819
Stack prop output power: 476 kW, Pcomp: 44.6 kW
Cell efficiency: 0.294, Output efficiency: 0.255
mdot_h2: 12.53 g/s
Reynolds_number: 7,831,819
Stack prop output power: 784 kW, Pcomp: 7.4 kW
Cell efficiency: 0.254, Output efficiency: 0.239
mdot_h2: 22.06 g/s
Reynolds_number: 7,831,819
Stack prop output power: 862 kW, Pcomp: 8.1 kW
Cell efficiency: 0.254, Output efficiency: 0.239
mdot_h2: 24.25 g/s
Reynolds_number: 7,831,819
Stack prop output power: 862 kW, Pcomp: 8.1 kW
Cell efficiency: 0.254, Output efficiency: 0.239
mdot_h2: 24.27 g/s
Reynolds_number: 6,709,346
Stack prop output power: 777 kW, Pcomp: 6.8 kW
Cell efficiency: 0.305, Output efficiency: 0.287
mdot_h2: 18.22 g/s
Reynolds_number: 6,709,346
Stack prop output power: 855 kW, Pcomp: 7.4 kW
Cell efficiency: 0.305, Output efficiency: 0.287
mdot_h2: 20.04 g/s
Reynolds_number: 6,709,346
Stack prop output power: 855 kW, Pcomp: 7.4 kW
Cell efficiency: 0.305, Output efficiency: 0.287
mdot_h2: 20.05 g/s
Reynolds_number: 7,831,819
Stack prop output power: 443 kW, Pcomp: 41.6 kW
Cell efficiency: 0.294, Output efficiency: 0.255
mdot_h2: 11.68 g/s
Reynolds_number: 7,831,819
Stack prop output power: 473 kW, Pcomp: 44.4 kW
Cell efficiency: 0.294, Output efficiency: 0.255
mdot_h2: 12.46 g/s
Reynolds_number: 7,831,819
Stack prop output power: 476 kW, Pcomp: 44.6 kW
Cell efficiency: 0.294, Output efficiency: 0.255
mdot_h2: 12.53 g/s
Fuel-cell system mass representative phase: climb (P_fc_sys=1724.520 kW).

-----------------------
ptotal_climb: 2,294 kW, mtom_est: 9,233 kg, mtom: 8,605 kg, residual: +628.56 kg

MTOM update: fixed_point_prebracket, relax=1.000 -> mtom_next=9,107.42 kg

======================================================
======================= ITER 8 =======================
Reynolds_number: 7,831,819
Stack prop output power: 476 kW, Pcomp: 44.6 kW
Cell efficiency: 0.294, Output efficiency: 0.255
mdot_h2: 12.54 g/s
Reynolds_number: 7,831,819
Stack prop output power: 501 kW, Pcomp: 47.0 kW
Cell efficiency: 0.294, Output efficiency: 0.255
mdot_h2: 13.21 g/s
Reynolds_number: 7,831,819
Stack prop output power: 504 kW, Pcomp: 47.2 kW
Cell efficiency: 0.294, Output efficiency: 0.255
mdot_h2: 13.27 g/s
Reynolds_number: 7,831,819
Stack prop output power: 846 kW, Pcomp: 7.9 kW
Cell efficiency: 0.254, Output efficiency: 0.239
mdot_h2: 23.80 g/s
Reynolds_number: 7,831,819
Stack prop output power: 912 kW, Pcomp: 8.6 kW
Cell efficiency: 0.254, Output efficiency: 0.239
mdot_h2: 25.67 g/s
Reynolds_number: 7,831,819
Stack prop output power: 913 kW, Pcomp: 8.6 kW
Cell efficiency: 0.254, Output efficiency: 0.239
mdot_h2: 25.69 g/s
Reynolds_number: 6,709,346
Stack prop output power: 839 kW, Pcomp: 7.3 kW
Cell efficiency: 0.305, Output efficiency: 0.287
mdot_h2: 19.67 g/s
Reynolds_number: 6,709,346
Stack prop output power: 905 kW, Pcomp: 7.9 kW
Cell efficiency: 0.305, Output efficiency: 0.287
mdot_h2: 21.21 g/s
Reynolds_number: 6,709,346
Stack prop output power: 905 kW, Pcomp: 7.9 kW
Cell efficiency: 0.305, Output efficiency: 0.287
mdot_h2: 21.23 g/s
Reynolds_number: 7,831,819
Stack prop output power: 476 kW, Pcomp: 44.6 kW
Cell efficiency: 0.294, Output efficiency: 0.255
mdot_h2: 12.54 g/s
Reynolds_number: 7,831,819
Stack prop output power: 501 kW, Pcomp: 47.0 kW
Cell efficiency: 0.294, Output efficiency: 0.255
mdot_h2: 13.21 g/s
Reynolds_number: 7,831,819
Stack prop output power: 504 kW, Pcomp: 47.2 kW
Cell efficiency: 0.294, Output efficiency: 0.255
mdot_h2: 13.27 g/s
Fuel-cell system mass representative phase: climb (P_fc_sys=1825.302 kW).

-----------------------
ptotal_climb: 2,428 kW, mtom_est: 9,646 kg, mtom: 9,107 kg, residual: +538.25 kg

MTOM update: newton_prebracket, relax=1.000 -> mtom_next=10,473.54 kg

======================================================
======================= ITER 9 =======================
Reynolds_number: 7,831,819
Stack prop output power: 504 kW, Pcomp: 47.2 kW
Cell efficiency: 0.294, Output efficiency: 0.255
mdot_h2: 13.27 g/s
Reynolds_number: 7,831,819
Stack prop output power: 572 kW, Pcomp: 53.7 kW
Cell efficiency: 0.294, Output efficiency: 0.255
mdot_h2: 15.08 g/s
Reynolds_number: 7,831,819
Stack prop output power: 579 kW, Pcomp: 54.3 kW
Cell efficiency: 0.294, Output efficiency: 0.255
mdot_h2: 15.25 g/s
Reynolds_number: 7,831,819
Stack prop output power: 579 kW, Pcomp: 54.3 kW
Cell efficiency: 0.294, Output efficiency: 0.255
mdot_h2: 15.26 g/s
Reynolds_number: 7,831,819
Stack prop output power: 867 kW, Pcomp: 8.1 kW
Cell efficiency: 0.254, Output efficiency: 0.239
mdot_h2: 24.42 g/s
Reynolds_number: 7,831,819
Stack prop output power: 1,048 kW, Pcomp: 9.8 kW
Cell efficiency: 0.254, Output efficiency: 0.239
mdot_h2: 29.50 g/s
Reynolds_number: 7,831,819
Stack prop output power: 1,050 kW, Pcomp: 9.9 kW
Cell efficiency: 0.254, Output efficiency: 0.239
mdot_h2: 29.54 g/s
Reynolds_number: 6,709,346
Stack prop output power: 860 kW, Pcomp: 7.5 kW
Cell efficiency: 0.305, Output efficiency: 0.287
mdot_h2: 20.17 g/s
Reynolds_number: 6,709,346
Stack prop output power: 1,039 kW, Pcomp: 9.1 kW
Cell efficiency: 0.305, Output efficiency: 0.287
mdot_h2: 24.37 g/s
Reynolds_number: 6,709,346
Stack prop output power: 1,041 kW, Pcomp: 9.1 kW
Cell efficiency: 0.305, Output efficiency: 0.287
mdot_h2: 24.41 g/s
Reynolds_number: 7,831,819
Stack prop output power: 504 kW, Pcomp: 47.2 kW
Cell efficiency: 0.294, Output efficiency: 0.255
mdot_h2: 13.27 g/s
Reynolds_number: 7,831,819
Stack prop output power: 572 kW, Pcomp: 53.7 kW
Cell efficiency: 0.294, Output efficiency: 0.255
mdot_h2: 15.08 g/s
Reynolds_number: 7,831,819
Stack prop output power: 579 kW, Pcomp: 54.3 kW
Cell efficiency: 0.294, Output efficiency: 0.255
mdot_h2: 15.25 g/s
Reynolds_number: 7,831,819
Stack prop output power: 579 kW, Pcomp: 54.3 kW
Cell efficiency: 0.294, Output efficiency: 0.255
mdot_h2: 15.26 g/s
Fuel-cell system mass representative phase: climb (P_fc_sys=2099.097 kW).

-----------------------
ptotal_climb: 2,792 kW, mtom_est: 10,771 kg, mtom: 10,474 kg, residual: +297.61 kg

MTOM update: newton_prebracket, relax=1.000 -> mtom_next=12,044.57 kg

======================================================
======================= ITER 10 =======================
Reynolds_number: 7,831,819
Stack prop output power: 579 kW, Pcomp: 54.3 kW
Cell efficiency: 0.294, Output efficiency: 0.255
mdot_h2: 15.27 g/s
Reynolds_number: 7,831,819
Stack prop output power: 658 kW, Pcomp: 61.7 kW
Cell efficiency: 0.294, Output efficiency: 0.255
mdot_h2: 17.34 g/s
Reynolds_number: 7,831,819
Stack prop output power: 666 kW, Pcomp: 62.4 kW
Cell efficiency: 0.294, Output efficiency: 0.255
mdot_h2: 17.54 g/s
Reynolds_number: 7,831,819
Stack prop output power: 666 kW, Pcomp: 62.5 kW
Cell efficiency: 0.294, Output efficiency: 0.255
mdot_h2: 17.55 g/s
Reynolds_number: 7,831,819
Stack prop output power: 998 kW, Pcomp: 9.4 kW
Cell efficiency: 0.254, Output efficiency: 0.239
mdot_h2: 28.08 g/s
Reynolds_number: 7,831,819
Stack prop output power: 1,205 kW, Pcomp: 11.3 kW
Cell efficiency: 0.254, Output efficiency: 0.239
mdot_h2: 33.92 g/s
Reynolds_number: 7,831,819
Stack prop output power: 1,207 kW, Pcomp: 11.3 kW
Cell efficiency: 0.254, Output efficiency: 0.239
mdot_h2: 33.98 g/s
Reynolds_number: 6,709,346
Stack prop output power: 989 kW, Pcomp: 8.6 kW
Cell efficiency: 0.305, Output efficiency: 0.287
mdot_h2: 23.20 g/s
Reynolds_number: 6,709,346
Stack prop output power: 1,195 kW, Pcomp: 10.4 kW
Cell efficiency: 0.305, Output efficiency: 0.287
mdot_h2: 28.03 g/s
Reynolds_number: 6,709,346
Stack prop output power: 1,197 kW, Pcomp: 10.4 kW
Cell efficiency: 0.305, Output efficiency: 0.287
mdot_h2: 28.07 g/s
Reynolds_number: 7,831,819
Stack prop output power: 579 kW, Pcomp: 54.3 kW
Cell efficiency: 0.294, Output efficiency: 0.255
mdot_h2: 15.27 g/s
Reynolds_number: 7,831,819
Stack prop output power: 658 kW, Pcomp: 61.7 kW
Cell efficiency: 0.294, Output efficiency: 0.255
mdot_h2: 17.34 g/s
Reynolds_number: 7,831,819
Stack prop output power: 666 kW, Pcomp: 62.4 kW
Cell efficiency: 0.294, Output efficiency: 0.255
mdot_h2: 17.54 g/s
Reynolds_number: 7,831,819
Stack prop output power: 666 kW, Pcomp: 62.5 kW
Cell efficiency: 0.294, Output efficiency: 0.255
mdot_h2: 17.55 g/s
Fuel-cell system mass representative phase: climb (P_fc_sys=2413.961 kW).

-----------------------
ptotal_climb: 3,211 kW, mtom_est: 12,079 kg, mtom: 12,045 kg, residual: +34.83 kg

MTOM update: newton_prebracket, relax=1.000 -> mtom_next=12,252.78 kg

======================================================
======================= ITER 11 =======================
Reynolds_number: 7,831,819
Stack prop output power: 666 kW, Pcomp: 62.5 kW
Cell efficiency: 0.294, Output efficiency: 0.255
mdot_h2: 17.56 g/s
Reynolds_number: 7,831,819
Stack prop output power: 677 kW, Pcomp: 63.5 kW
Cell efficiency: 0.294, Output efficiency: 0.255
mdot_h2: 17.83 g/s
Reynolds_number: 7,831,819
Stack prop output power: 678 kW, Pcomp: 63.6 kW
Cell efficiency: 0.294, Output efficiency: 0.255
mdot_h2: 17.86 g/s
Reynolds_number: 7,831,819
Stack prop output power: 1,200 kW, Pcomp: 11.3 kW
Cell efficiency: 0.254, Output efficiency: 0.239
mdot_h2: 33.78 g/s
Reynolds_number: 7,831,819
Stack prop output power: 1,228 kW, Pcomp: 11.5 kW
Cell efficiency: 0.254, Output efficiency: 0.239
mdot_h2: 34.56 g/s
Reynolds_number: 6,709,346
Stack prop output power: 1,190 kW, Pcomp: 10.4 kW
Cell efficiency: 0.305, Output efficiency: 0.287
mdot_h2: 27.91 g/s
Reynolds_number: 6,709,346
Stack prop output power: 1,218 kW, Pcomp: 10.6 kW
Cell efficiency: 0.305, Output efficiency: 0.287
mdot_h2: 28.55 g/s
Reynolds_number: 7,831,819
Stack prop output power: 666 kW, Pcomp: 62.5 kW
Cell efficiency: 0.294, Output efficiency: 0.255
mdot_h2: 17.56 g/s
Reynolds_number: 7,831,819
Stack prop output power: 677 kW, Pcomp: 63.5 kW
Cell efficiency: 0.294, Output efficiency: 0.255
mdot_h2: 17.83 g/s
Reynolds_number: 7,831,819
Stack prop output power: 678 kW, Pcomp: 63.6 kW
Cell efficiency: 0.294, Output efficiency: 0.255
mdot_h2: 17.86 g/s
Fuel-cell system mass representative phase: climb (P_fc_sys=2455.687 kW).

-----------------------
ptotal_climb: 3,267 kW, mtom_est: 12,252 kg, mtom: 12,253 kg, residual: -0.30 kg


CONVERGED

CONVERGED STATE [MTOM iteration 11]
  MTOM=12,252 kg | Wing loading=235.80 kg/m^2 | P/W(climb)=266.60 W/kg
  Phase power: climb=3,266.6 kW | cruise=1,355.6 kW | takeoff=3,240.4 kW | cruise+charger=1,355.6 kW
  Power split (climb): FC=2,432.6 kW | Battery=810.9 kW | Compressor=23.1 kW | Cooling=1,158.6 kW | H2=69.113 g/s
  Compressor max across phases: 127.1 kW (cruise)
  FC representative phase (mass sizing): climb (2,455.7 kW)
  Mass summary: MTOM=12,252 kg | Powertrain=5,012 kg | Tank=1,617.8 kg | Fuel=719.0 kg | Battery=55.9 kg | Nacelle power density=0.57 kW/kg
  Geometry: Main wing area=51.96 m^2 | Horizontal tail area=5.836 m^2 | Horizontal tail location=21.195 m | Vertical tail area=5.897 m^2 | Vertical tail location=20.605 m
  Config: wing loading input=235.81 kg/m^2 | P/W TO/Cl/Cr=0.19250/0.19395/0.07290 kW/kg

=============================================================
========================= CONVERGED =========================
=============================================================
Constraint sizing: ENABLED (min_combined_pw)
Input W/S: 235.81 kg/m^2 (2,312.5 Pa)
Input P/W [kW/kg]: takeoff 0.19250, climb 0.19395, cruise 0.07290
-------------------------------------------------------------

Mission Time
Climb time: 0.00 min (0.00 h)
Cruise time: 331.50 min (5.52 h)
Total flight time: 353.50 min (5.89 h)

Phase Power Breakdown
Phase      Time[min]     Total[kW]    FC Stack[kW]   Battery[kW]   Compressor[kW]   Cooling[kW]
-----------------------------------------------------------------------------------------------
ready           0.00         163.3           163.3           0.0              0.0           0.0
taxi            5.00         326.7           326.7           0.0              0.0           0.0
takeoff         1.00       3,240.4         2,414.4         804.8             21.2         896.5
climb           0.00       3,266.6         2,432.6         810.9             23.1       1,158.6
cruise        331.50       1,355.6         1,228.5           0.0            127.1         568.9
loiter         15.00         135.6           122.9           0.0             12.7          56.9
landing         1.00           0.0             0.0           0.0              0.0           0.0

Pcomp_max (solved phases): 127.1 kW (cruise)
Pnet (climb): 2,950 kW
Pelectricnet (climb): 3,243 kW
eta_pt: 0.9031

Geometry
S_wing: 51.96 m^2
b_wing: 21.63 m
Lfus: 23.42 m
Ltank: 14.41 m
S_HT: 5.84 m^2
S_VT: 5.90 m^2
b_HT: 5.12 m
b_VT: 3.35 m
X_HT_act: 21.19 m
X_VT_act: 20.60 m

One Nacelle (1/2)
Stack(1/2): 777 kg, Compressor: 111 kg, Humidifier: 382 kg, HX: 877 kg
W_FCS_single_nacelle (W_Stack+W_Compressor+W_Humidifier+W_Hx): 2,147 kg
Representative FC phase: climb
Specific Power of Nacelle System: 0.572 kW/kg
dim_hx: dX=2.208 m, dY=2.208 m, dZ=0.201 m
dim_stack: dX=0.422 m, dY=0.453 m, dZ=0.453 m

ALL Nacelles
W_FCS_total: 4,295 kg
W_PMAD: 287 kg
W_Motors: 431 kg

-----------------------
W_Powertrain (W_FCS_total+W_PMAD+W_Motors): 5,012 kg
-----------------------
W_wing: 1,005 kg
W_Htail: 59 kg
W_Vtail: 96 kg
W_fuselage: 769 kg
W_lnd_gear_main: 243 kg
W_lnd_gear_nose: 65 kg
W_flight_control: 366 kg
W_electric_system: 300 kg
W_iae: 163 kg
W_hydraulics: 147 kg
W_fur: 635 kg
-----------------------
OEM: 3,848 kg
-----------------------
W_tank: 1,618 kg
W_fuel: 719.0 kg
W_batt: 55.9 kg
-----------------------
W_payload: 1,000 kg
-----------------------
MTOM_grouped (OEM+W_tank+W_fuel+W_batt+W_Powertrain+W_payload): 12,252 kg
MTOM: 12,252 kg
-----------------------

Wing loading (MTOM/S_wing): 235.80 kg/m^2
Power-to-weight (converged): 266.60 W/kg

mdot_H2(cruise): 35.7 g/s
Vtankex: 30.8 m^3
========================== END ==============================


=============================================================
Execution time: 130.3 seconds
=============================================================
