Auto-widening W/S scan window for min_combined_pw: 1900.0..2600.0 -> 1725.0..2775.0 Pa (factor 1.500, lower_hit=True, upper_hit=False, min_on_edge=False).
Auto-widening W/S scan window for min_combined_pw: 1725.0..2775.0 -> 1462.5..3037.5 Pa (factor 1.500, lower_hit=True, upper_hit=False, min_on_edge=True).
ADRpy minimum combined P/W remains on feasible W/S boundary (2312.5 Pa). Proceeding with current W/S range 1462.5..3037.5 Pa.
ADRpy constraint sizing (min_combined_pw): W/S=2312.5 Pa (235.81 kg/m^2), P/W_TO=0.19250 kW/kg, P/W_climb=0.19457 kW/kg, P/W_cruise=0.12164 kW/kg
Curve minimum (combined/combined): W/S=2312.5 Pa (235.81 kg/m^2), P/W=0.19457 kW/kg
Curve minimum (takeoff/take-off): W/S=1462.5 Pa (149.13 kg/m^2), P/W=0.10196 kW/kg
Curve minimum (climb/climb): W/S=2312.5 Pa (235.81 kg/m^2), P/W=0.19457 kW/kg
Curve minimum (cruise/cruise): W/S=2312.5 Pa (235.81 kg/m^2), P/W=0.12164 kW/kg
======================================================
======================= ITER 1 =======================
Reynolds_number: 10,428,465
Stack prop output power: 500 kW, Pcomp: 46.9 kW
Cell efficiency: 0.298, Output efficiency: 0.259
mdot_h2: 13.01 g/s
Reynolds_number: 10,428,465
Stack prop output power: 465 kW, Pcomp: 43.7 kW
Cell efficiency: 0.298, Output efficiency: 0.259
mdot_h2: 12.10 g/s
Reynolds_number: 10,428,465
Stack prop output power: 462 kW, Pcomp: 43.4 kW
Cell efficiency: 0.298, Output efficiency: 0.259
mdot_h2: 12.02 g/s
Reynolds_number: 10,428,465
Stack prop output power: 334 kW, Pcomp: 3.1 kW
Cell efficiency: 0.259, Output efficiency: 0.243
mdot_h2: 9.24 g/s
Reynolds_number: 10,428,465
Stack prop output power: 501 kW, Pcomp: 4.7 kW
Cell efficiency: 0.259, Output efficiency: 0.243
mdot_h2: 13.85 g/s
Reynolds_number: 10,428,465
Stack prop output power: 503 kW, Pcomp: 4.7 kW
Cell efficiency: 0.259, Output efficiency: 0.243
mdot_h2: 13.90 g/s
Reynolds_number: 6,709,346
Stack prop output power: 336 kW, Pcomp: 2.9 kW
Cell efficiency: 0.305, Output efficiency: 0.287
mdot_h2: 7.87 g/s
Reynolds_number: 6,709,346
Stack prop output power: 496 kW, Pcomp: 4.3 kW
Cell efficiency: 0.305, Output efficiency: 0.287
mdot_h2: 11.62 g/s
Reynolds_number: 6,709,346
Stack prop output power: 497 kW, Pcomp: 4.3 kW
Cell efficiency: 0.305, Output efficiency: 0.287
mdot_h2: 11.65 g/s
Reynolds_number: 10,428,465
Stack prop output power: 500 kW, Pcomp: 46.9 kW
Cell efficiency: 0.298, Output efficiency: 0.259
mdot_h2: 13.01 g/s
Reynolds_number: 10,428,465
Stack prop output power: 465 kW, Pcomp: 43.7 kW
Cell efficiency: 0.298, Output efficiency: 0.259
mdot_h2: 12.10 g/s
Reynolds_number: 10,428,465
Stack prop output power: 462 kW, Pcomp: 43.4 kW
Cell efficiency: 0.298, Output efficiency: 0.259
mdot_h2: 12.02 g/s
Fuel-cell system mass representative phase: climb (P_fc_sys=1005.269 kW).

-----------------------
ptotal_climb: 1,337 kW, mtom_est: 6,069 kg, mtom: 5,000 kg, residual: +1,069.12 kg

MTOM update: initial_bracket_probe_1, relax=1.000 -> mtom_next=5,325.00 kg

======================================================
======================= ITER 2 =======================
Reynolds_number: 10,428,465
Stack prop output power: 462 kW, Pcomp: 43.3 kW
Cell efficiency: 0.298, Output efficiency: 0.259
mdot_h2: 12.01 g/s
Reynolds_number: 10,428,465
Stack prop output power: 489 kW, Pcomp: 45.9 kW
Cell efficiency: 0.298, Output efficiency: 0.259
mdot_h2: 12.72 g/s
Reynolds_number: 10,428,465
Stack prop output power: 491 kW, Pcomp: 46.1 kW
Cell efficiency: 0.298, Output efficiency: 0.259
mdot_h2: 12.78 g/s
Reynolds_number: 10,428,465
Stack prop output power: 492 kW, Pcomp: 4.6 kW
Cell efficiency: 0.259, Output efficiency: 0.243
mdot_h2: 13.60 g/s
Reynolds_number: 10,428,465
Stack prop output power: 535 kW, Pcomp: 5.0 kW
Cell efficiency: 0.259, Output efficiency: 0.243
mdot_h2: 14.79 g/s
Reynolds_number: 6,709,346
Stack prop output power: 486 kW, Pcomp: 4.2 kW
Cell efficiency: 0.305, Output efficiency: 0.287
mdot_h2: 11.40 g/s
Reynolds_number: 6,709,346
Stack prop output power: 529 kW, Pcomp: 4.6 kW
Cell efficiency: 0.305, Output efficiency: 0.287
mdot_h2: 12.40 g/s
Reynolds_number: 10,428,465
Stack prop output power: 462 kW, Pcomp: 43.3 kW
Cell efficiency: 0.298, Output efficiency: 0.259
mdot_h2: 12.01 g/s
Reynolds_number: 10,428,465
Stack prop output power: 489 kW, Pcomp: 45.9 kW
Cell efficiency: 0.298, Output efficiency: 0.259
mdot_h2: 12.72 g/s
Reynolds_number: 10,428,465
Stack prop output power: 491 kW, Pcomp: 46.1 kW
Cell efficiency: 0.298, Output efficiency: 0.259
mdot_h2: 12.78 g/s
Fuel-cell system mass representative phase: climb (P_fc_sys=1070.604 kW).

-----------------------
ptotal_climb: 1,424 kW, mtom_est: 6,310 kg, mtom: 5,325 kg, residual: +984.87 kg

MTOM update: initial_bracket_probe_2, relax=1.000 -> mtom_next=5,650.00 kg

======================================================
======================= ITER 3 =======================
Reynolds_number: 10,428,465
Stack prop output power: 492 kW, Pcomp: 46.1 kW
Cell efficiency: 0.298, Output efficiency: 0.259
mdot_h2: 12.79 g/s
Reynolds_number: 10,428,465
Stack prop output power: 519 kW, Pcomp: 48.7 kW
Cell efficiency: 0.298, Output efficiency: 0.259
mdot_h2: 13.50 g/s
Reynolds_number: 10,428,465
Stack prop output power: 521 kW, Pcomp: 48.9 kW
Cell efficiency: 0.298, Output efficiency: 0.259
mdot_h2: 13.56 g/s
Reynolds_number: 10,428,465
Stack prop output power: 525 kW, Pcomp: 4.9 kW
Cell efficiency: 0.259, Output efficiency: 0.243
mdot_h2: 14.50 g/s
Reynolds_number: 10,428,465
Stack prop output power: 568 kW, Pcomp: 5.3 kW
Cell efficiency: 0.259, Output efficiency: 0.243
mdot_h2: 15.69 g/s
Reynolds_number: 6,709,346
Stack prop output power: 519 kW, Pcomp: 4.5 kW
Cell efficiency: 0.305, Output efficiency: 0.287
mdot_h2: 12.16 g/s
Reynolds_number: 6,709,346
Stack prop output power: 561 kW, Pcomp: 4.9 kW
Cell efficiency: 0.305, Output efficiency: 0.287
mdot_h2: 13.16 g/s
Reynolds_number: 10,428,465
Stack prop output power: 492 kW, Pcomp: 46.1 kW
Cell efficiency: 0.298, Output efficiency: 0.259
mdot_h2: 12.79 g/s
Reynolds_number: 10,428,465
Stack prop output power: 519 kW, Pcomp: 48.7 kW
Cell efficiency: 0.298, Output efficiency: 0.259
mdot_h2: 13.50 g/s
Reynolds_number: 10,428,465
Stack prop output power: 521 kW, Pcomp: 48.9 kW
Cell efficiency: 0.298, Output efficiency: 0.259
mdot_h2: 13.56 g/s
Fuel-cell system mass representative phase: climb (P_fc_sys=1135.946 kW).

-----------------------
ptotal_climb: 1,511 kW, mtom_est: 6,549 kg, mtom: 5,650 kg, residual: +899.08 kg

MTOM update: fixed_point_prebracket, relax=1.000 -> mtom_next=6,369.27 kg

======================================================
======================= ITER 4 =======================
Reynolds_number: 10,428,465
Stack prop output power: 522 kW, Pcomp: 49.0 kW
Cell efficiency: 0.298, Output efficiency: 0.259
mdot_h2: 13.57 g/s
Reynolds_number: 10,428,465
Stack prop output power: 582 kW, Pcomp: 54.6 kW
Cell efficiency: 0.298, Output efficiency: 0.259
mdot_h2: 15.14 g/s
Reynolds_number: 10,428,465
Stack prop output power: 587 kW, Pcomp: 55.1 kW
Cell efficiency: 0.298, Output efficiency: 0.259
mdot_h2: 15.28 g/s
Reynolds_number: 10,428,465
Stack prop output power: 588 kW, Pcomp: 55.2 kW
Cell efficiency: 0.298, Output efficiency: 0.259
mdot_h2: 15.30 g/s
Reynolds_number: 10,428,465
Stack prop output power: 544 kW, Pcomp: 5.1 kW
Cell efficiency: 0.259, Output efficiency: 0.243
mdot_h2: 15.04 g/s
Reynolds_number: 10,428,465
Stack prop output power: 639 kW, Pcomp: 6.0 kW
Cell efficiency: 0.259, Output efficiency: 0.243
mdot_h2: 17.68 g/s
Reynolds_number: 10,428,465
Stack prop output power: 640 kW, Pcomp: 6.0 kW
Cell efficiency: 0.259, Output efficiency: 0.243
mdot_h2: 17.70 g/s
Reynolds_number: 6,709,346
Stack prop output power: 538 kW, Pcomp: 4.7 kW
Cell efficiency: 0.305, Output efficiency: 0.287
mdot_h2: 12.61 g/s
Reynolds_number: 6,709,346
Stack prop output power: 632 kW, Pcomp: 5.5 kW
Cell efficiency: 0.305, Output efficiency: 0.287
mdot_h2: 14.82 g/s
Reynolds_number: 6,709,346
Stack prop output power: 633 kW, Pcomp: 5.5 kW
Cell efficiency: 0.305, Output efficiency: 0.287
mdot_h2: 14.84 g/s
Reynolds_number: 10,428,465
Stack prop output power: 522 kW, Pcomp: 49.0 kW
Cell efficiency: 0.298, Output efficiency: 0.259
mdot_h2: 13.57 g/s
Reynolds_number: 10,428,465
Stack prop output power: 582 kW, Pcomp: 54.6 kW
Cell efficiency: 0.298, Output efficiency: 0.259
mdot_h2: 15.14 g/s
Reynolds_number: 10,428,465
Stack prop output power: 587 kW, Pcomp: 55.1 kW
Cell efficiency: 0.298, Output efficiency: 0.259
mdot_h2: 15.28 g/s
Reynolds_number: 10,428,465
Stack prop output power: 588 kW, Pcomp: 55.2 kW
Cell efficiency: 0.298, Output efficiency: 0.259
mdot_h2: 15.30 g/s
Fuel-cell system mass representative phase: climb (P_fc_sys=1280.565 kW).

-----------------------
ptotal_climb: 1,703 kW, mtom_est: 7,087 kg, mtom: 6,369 kg, residual: +717.63 kg

MTOM update: fixed_point_prebracket, relax=1.000 -> mtom_next=6,943.37 kg

======================================================
======================= ITER 5 =======================
Reynolds_number: 10,428,465
Stack prop output power: 588 kW, Pcomp: 55.2 kW
Cell efficiency: 0.298, Output efficiency: 0.259
mdot_h2: 15.30 g/s
Reynolds_number: 10,428,465
Stack prop output power: 636 kW, Pcomp: 59.7 kW
Cell efficiency: 0.298, Output efficiency: 0.259
mdot_h2: 16.55 g/s
Reynolds_number: 10,428,465
Stack prop output power: 641 kW, Pcomp: 60.1 kW
Cell efficiency: 0.298, Output efficiency: 0.259
mdot_h2: 16.67 g/s
Reynolds_number: 10,428,465
Stack prop output power: 621 kW, Pcomp: 5.8 kW
Cell efficiency: 0.259, Output efficiency: 0.243
mdot_h2: 17.18 g/s
Reynolds_number: 10,428,465
Stack prop output power: 697 kW, Pcomp: 6.5 kW
Cell efficiency: 0.259, Output efficiency: 0.243
mdot_h2: 19.28 g/s
Reynolds_number: 10,428,465
Stack prop output power: 698 kW, Pcomp: 6.5 kW
Cell efficiency: 0.259, Output efficiency: 0.243
mdot_h2: 19.30 g/s
Reynolds_number: 6,709,346
Stack prop output power: 614 kW, Pcomp: 5.3 kW
Cell efficiency: 0.305, Output efficiency: 0.287
mdot_h2: 14.40 g/s
Reynolds_number: 6,709,346
Stack prop output power: 689 kW, Pcomp: 6.0 kW
Cell efficiency: 0.305, Output efficiency: 0.287
mdot_h2: 16.17 g/s
Reynolds_number: 6,709,346
Stack prop output power: 690 kW, Pcomp: 6.0 kW
Cell efficiency: 0.305, Output efficiency: 0.287
mdot_h2: 16.18 g/s
Reynolds_number: 10,428,465
Stack prop output power: 588 kW, Pcomp: 55.2 kW
Cell efficiency: 0.298, Output efficiency: 0.259
mdot_h2: 15.30 g/s
Reynolds_number: 10,428,465
Stack prop output power: 636 kW, Pcomp: 59.7 kW
Cell efficiency: 0.298, Output efficiency: 0.259
mdot_h2: 16.55 g/s
Reynolds_number: 10,428,465
Stack prop output power: 641 kW, Pcomp: 60.1 kW
Cell efficiency: 0.298, Output efficiency: 0.259
mdot_h2: 16.67 g/s
Fuel-cell system mass representative phase: climb (P_fc_sys=1395.990 kW).

-----------------------
ptotal_climb: 1,857 kW, mtom_est: 7,515 kg, mtom: 6,943 kg, residual: +571.42 kg

MTOM update: fixed_point_prebracket, relax=1.000 -> mtom_next=7,400.50 kg

======================================================
======================= ITER 6 =======================
Reynolds_number: 10,428,465
Stack prop output power: 641 kW, Pcomp: 60.2 kW
Cell efficiency: 0.298, Output efficiency: 0.259
mdot_h2: 16.68 g/s
Reynolds_number: 10,428,465
Stack prop output power: 679 kW, Pcomp: 63.8 kW
Cell efficiency: 0.298, Output efficiency: 0.259
mdot_h2: 17.67 g/s
Reynolds_number: 10,428,465
Stack prop output power: 683 kW, Pcomp: 64.1 kW
Cell efficiency: 0.298, Output efficiency: 0.259
mdot_h2: 17.77 g/s
Reynolds_number: 10,428,465
Stack prop output power: 683 kW, Pcomp: 6.4 kW
Cell efficiency: 0.259, Output efficiency: 0.243
mdot_h2: 18.88 g/s
Reynolds_number: 10,428,465
Stack prop output power: 743 kW, Pcomp: 7.0 kW
Cell efficiency: 0.259, Output efficiency: 0.243
mdot_h2: 20.55 g/s
Reynolds_number: 10,428,465
Stack prop output power: 744 kW, Pcomp: 7.0 kW
Cell efficiency: 0.259, Output efficiency: 0.243
mdot_h2: 20.57 g/s
Reynolds_number: 6,709,346
Stack prop output power: 675 kW, Pcomp: 5.9 kW
Cell efficiency: 0.305, Output efficiency: 0.287
mdot_h2: 15.83 g/s
Reynolds_number: 6,709,346
Stack prop output power: 735 kW, Pcomp: 6.4 kW
Cell efficiency: 0.305, Output efficiency: 0.287
mdot_h2: 17.24 g/s
Reynolds_number: 6,709,346
Stack prop output power: 736 kW, Pcomp: 6.4 kW
Cell efficiency: 0.305, Output efficiency: 0.287
mdot_h2: 17.25 g/s
Reynolds_number: 10,428,465
Stack prop output power: 641 kW, Pcomp: 60.2 kW
Cell efficiency: 0.298, Output efficiency: 0.259
mdot_h2: 16.68 g/s
Reynolds_number: 10,428,465
Stack prop output power: 679 kW, Pcomp: 63.8 kW
Cell efficiency: 0.298, Output efficiency: 0.259
mdot_h2: 17.67 g/s
Reynolds_number: 10,428,465
Stack prop output power: 683 kW, Pcomp: 64.1 kW
Cell efficiency: 0.298, Output efficiency: 0.259
mdot_h2: 17.77 g/s
Fuel-cell system mass representative phase: climb (P_fc_sys=1487.899 kW).

-----------------------
ptotal_climb: 1,979 kW, mtom_est: 7,864 kg, mtom: 7,401 kg, residual: +463.90 kg

MTOM update: fixed_point_prebracket, relax=1.000 -> mtom_next=7,771.62 kg

======================================================
======================= ITER 7 =======================
Reynolds_number: 10,428,465
Stack prop output power: 683 kW, Pcomp: 64.1 kW
Cell efficiency: 0.298, Output efficiency: 0.259
mdot_h2: 17.77 g/s
Reynolds_number: 10,428,465
Stack prop output power: 714 kW, Pcomp: 67.1 kW
Cell efficiency: 0.298, Output efficiency: 0.259
mdot_h2: 18.58 g/s
Reynolds_number: 10,428,465
Stack prop output power: 717 kW, Pcomp: 67.3 kW
Cell efficiency: 0.298, Output efficiency: 0.259
mdot_h2: 18.66 g/s
Reynolds_number: 10,428,465
Stack prop output power: 732 kW, Pcomp: 6.8 kW
Cell efficiency: 0.259, Output efficiency: 0.243
mdot_h2: 20.23 g/s
Reynolds_number: 10,428,465
Stack prop output power: 781 kW, Pcomp: 7.3 kW
Cell efficiency: 0.259, Output efficiency: 0.243
mdot_h2: 21.59 g/s
Reynolds_number: 6,709,346
Stack prop output power: 723 kW, Pcomp: 6.3 kW
Cell efficiency: 0.305, Output efficiency: 0.287
mdot_h2: 16.96 g/s
Reynolds_number: 6,709,346
Stack prop output power: 772 kW, Pcomp: 6.7 kW
Cell efficiency: 0.305, Output efficiency: 0.287
mdot_h2: 18.10 g/s
Reynolds_number: 10,428,465
Stack prop output power: 683 kW, Pcomp: 64.1 kW
Cell efficiency: 0.298, Output efficiency: 0.259
mdot_h2: 17.77 g/s
Reynolds_number: 10,428,465
Stack prop output power: 714 kW, Pcomp: 67.1 kW
Cell efficiency: 0.298, Output efficiency: 0.259
mdot_h2: 18.58 g/s
Reynolds_number: 10,428,465
Stack prop output power: 717 kW, Pcomp: 67.3 kW
Cell efficiency: 0.298, Output efficiency: 0.259
mdot_h2: 18.66 g/s
Fuel-cell system mass representative phase: climb (P_fc_sys=1562.506 kW).

-----------------------
ptotal_climb: 2,078 kW, mtom_est: 8,137 kg, mtom: 7,772 kg, residual: +365.49 kg

MTOM update: fixed_point_prebracket, relax=1.000 -> mtom_next=8,064.01 kg

======================================================
======================= ITER 8 =======================
Reynolds_number: 10,428,465
Stack prop output power: 717 kW, Pcomp: 67.4 kW
Cell efficiency: 0.298, Output efficiency: 0.259
mdot_h2: 18.67 g/s
Reynolds_number: 10,428,465
Stack prop output power: 742 kW, Pcomp: 69.7 kW
Cell efficiency: 0.298, Output efficiency: 0.259
mdot_h2: 19.30 g/s
Reynolds_number: 10,428,465
Stack prop output power: 744 kW, Pcomp: 69.9 kW
Cell efficiency: 0.298, Output efficiency: 0.259
mdot_h2: 19.36 g/s
Reynolds_number: 10,428,465
Stack prop output power: 772 kW, Pcomp: 7.2 kW
Cell efficiency: 0.259, Output efficiency: 0.243
mdot_h2: 21.33 g/s
Reynolds_number: 10,428,465
Stack prop output power: 810 kW, Pcomp: 7.6 kW
Cell efficiency: 0.259, Output efficiency: 0.243
mdot_h2: 22.40 g/s
Reynolds_number: 6,709,346
Stack prop output power: 763 kW, Pcomp: 6.6 kW
Cell efficiency: 0.305, Output efficiency: 0.287
mdot_h2: 17.89 g/s
Reynolds_number: 6,709,346
Stack prop output power: 801 kW, Pcomp: 7.0 kW
Cell efficiency: 0.305, Output efficiency: 0.287
mdot_h2: 18.79 g/s
Reynolds_number: 10,428,465
Stack prop output power: 717 kW, Pcomp: 67.4 kW
Cell efficiency: 0.298, Output efficiency: 0.259
mdot_h2: 18.67 g/s
Reynolds_number: 10,428,465
Stack prop output power: 742 kW, Pcomp: 69.7 kW
Cell efficiency: 0.298, Output efficiency: 0.259
mdot_h2: 19.30 g/s
Reynolds_number: 10,428,465
Stack prop output power: 744 kW, Pcomp: 69.9 kW
Cell efficiency: 0.298, Output efficiency: 0.259
mdot_h2: 19.36 g/s
Fuel-cell system mass representative phase: climb (P_fc_sys=1621.294 kW).

-----------------------
ptotal_climb: 2,157 kW, mtom_est: 8,359 kg, mtom: 8,064 kg, residual: +295.11 kg

MTOM update: newton_prebracket, relax=1.000 -> mtom_next=9,273.62 kg

======================================================
======================= ITER 9 =======================
Reynolds_number: 10,428,465
Stack prop output power: 744 kW, Pcomp: 69.9 kW
Cell efficiency: 0.298, Output efficiency: 0.259
mdot_h2: 19.37 g/s
Reynolds_number: 10,428,465
Stack prop output power: 846 kW, Pcomp: 79.4 kW
Cell efficiency: 0.298, Output efficiency: 0.259
mdot_h2: 22.00 g/s
Reynolds_number: 10,428,465
Stack prop output power: 855 kW, Pcomp: 80.3 kW
Cell efficiency: 0.298, Output efficiency: 0.259
mdot_h2: 22.25 g/s
Reynolds_number: 10,428,465
Stack prop output power: 856 kW, Pcomp: 80.4 kW
Cell efficiency: 0.298, Output efficiency: 0.259
mdot_h2: 22.27 g/s
Reynolds_number: 10,428,465
Stack prop output power: 770 kW, Pcomp: 7.2 kW
Cell efficiency: 0.259, Output efficiency: 0.243
mdot_h2: 21.30 g/s
Reynolds_number: 10,428,465
Stack prop output power: 931 kW, Pcomp: 8.7 kW
Cell efficiency: 0.259, Output efficiency: 0.243
mdot_h2: 25.73 g/s
Reynolds_number: 10,428,465
Stack prop output power: 932 kW, Pcomp: 8.7 kW
Cell efficiency: 0.259, Output efficiency: 0.243
mdot_h2: 25.78 g/s
Reynolds_number: 6,709,346
Stack prop output power: 762 kW, Pcomp: 6.6 kW
Cell efficiency: 0.305, Output efficiency: 0.287
mdot_h2: 17.86 g/s
Reynolds_number: 6,709,346
Stack prop output power: 920 kW, Pcomp: 8.0 kW
Cell efficiency: 0.305, Output efficiency: 0.287
mdot_h2: 21.58 g/s
Reynolds_number: 6,709,346
Stack prop output power: 922 kW, Pcomp: 8.0 kW
Cell efficiency: 0.305, Output efficiency: 0.287
mdot_h2: 21.61 g/s
Reynolds_number: 10,428,465
Stack prop output power: 744 kW, Pcomp: 69.9 kW
Cell efficiency: 0.298, Output efficiency: 0.259
mdot_h2: 19.37 g/s
Reynolds_number: 10,428,465
Stack prop output power: 846 kW, Pcomp: 79.4 kW
Cell efficiency: 0.298, Output efficiency: 0.259
mdot_h2: 22.00 g/s
Reynolds_number: 10,428,465
Stack prop output power: 855 kW, Pcomp: 80.3 kW
Cell efficiency: 0.298, Output efficiency: 0.259
mdot_h2: 22.25 g/s
Reynolds_number: 10,428,465
Stack prop output power: 856 kW, Pcomp: 80.4 kW
Cell efficiency: 0.298, Output efficiency: 0.259
mdot_h2: 22.27 g/s
Fuel-cell system mass representative phase: climb (P_fc_sys=1864.496 kW).

-----------------------
ptotal_climb: 2,480 kW, mtom_est: 9,278 kg, mtom: 9,274 kg, residual: +3.93 kg


CONVERGED

CONVERGED STATE [MTOM iteration 9]
  MTOM=9,278 kg | Wing loading=235.91 kg/m^2 | P/W(climb)=267.33 W/kg
  Phase power: climb=2,480.2 kW | cruise=1,712.2 kW | takeoff=2,452.5 kW | cruise+charger=1,712.2 kW
  Power split (climb): FC=1,847.1 kW | Battery=615.7 kW | Compressor=17.4 kW | Cooling=859.3 kW | H2=51.551 g/s
  Compressor max across phases: 160.7 kW (cruise)
  FC representative phase (mass sizing): climb (1,864.5 kW)
  Mass summary: MTOM=9,278 kg | Powertrain=3,400 kg | Tank=1,101.8 kg | Fuel=489.7 kg | Battery=42.3 kg | Nacelle power density=0.65 kW/kg
  Geometry: Main wing area=39.33 m^2 | Horizontal tail area=4.924 m^2 | Horizontal tail location=16.730 m | Vertical tail area=4.983 m^2 | Vertical tail location=16.211 m
  Config: wing loading input=235.81 kg/m^2 | P/W TO/Cl/Cr=0.19250/0.19457/0.12164 kW/kg

=============================================================
========================= CONVERGED =========================
=============================================================
Constraint sizing: ENABLED (min_combined_pw)
Input W/S: 235.81 kg/m^2 (2,312.5 Pa)
Input P/W [kW/kg]: takeoff 0.19250, climb 0.19457, cruise 0.12164
-------------------------------------------------------------

Mission Time
Climb time: 0.00 min (0.00 h)
Cruise time: 180.17 min (3.00 h)
Total flight time: 202.17 min (3.37 h)

Phase Power Breakdown
Phase      Time[min]     Total[kW]    FC Stack[kW]   Battery[kW]   Compressor[kW]   Cooling[kW]
-----------------------------------------------------------------------------------------------
ready           0.00         124.0           124.0           0.0              0.0           0.0
taxi            5.00         248.0           248.0           0.0              0.0           0.0
takeoff         1.00       2,452.5         1,827.4         609.1             16.1         678.8
climb           0.00       2,480.2         1,847.1         615.7             17.4         859.3
cruise        180.17       1,712.2         1,551.5           0.0            160.7         706.0
loiter         15.00         171.2           155.1           0.0             16.1          70.6
landing         1.00           0.0             0.0           0.0              0.0           0.0

Pcomp_max (solved phases): 160.7 kW (cruise)
Pnet (climb): 2,240 kW
Pelectricnet (climb): 2,463 kW
eta_pt: 0.9031

Geometry
S_wing: 39.33 m^2
b_wing: 18.81 m
Lfus: 18.82 m
Ltank: 9.81 m
S_HT: 4.92 m^2
S_VT: 4.98 m^2
b_HT: 4.71 m
b_VT: 3.08 m
X_HT_act: 16.73 m
X_VT_act: 16.21 m

One Nacelle (1/2)
Stack(1/2): 580 kg, Compressor: 62 kg, Humidifier: 275 kg, HX: 511 kg
W_FCS_single_nacelle (W_Stack+W_Compressor+W_Humidifier+W_Hx): 1,429 kg
Representative FC phase: climb
Specific Power of Nacelle System: 0.653 kW/kg
dim_hx: dX=1.626 m, dY=1.626 m, dZ=0.216 m
dim_stack: dX=0.415 m, dY=0.394 m, dZ=0.394 m

ALL Nacelles
W_FCS_total: 2,857 kg
W_PMAD: 216 kg
W_Motors: 327 kg

-----------------------
W_Powertrain (W_FCS_total+W_PMAD+W_Motors): 3,400 kg
-----------------------
W_wing: 712 kg
W_Htail: 43 kg
W_Vtail: 76 kg
W_fuselage: 665 kg
W_lnd_gear_main: 243 kg
W_lnd_gear_nose: 65 kg
W_flight_control: 366 kg
W_electric_system: 300 kg
W_iae: 127 kg
W_hydraulics: 111 kg
W_fur: 535 kg
-----------------------
OEM: 3,243 kg
-----------------------
W_tank: 1,102 kg
W_fuel: 489.7 kg
W_batt: 42.3 kg
-----------------------
W_payload: 1,000 kg
-----------------------
MTOM_grouped (OEM+W_tank+W_fuel+W_batt+W_Powertrain+W_payload): 9,278 kg
MTOM: 9,278 kg
-----------------------

Wing loading (MTOM/S_wing): 235.91 kg/m^2
Power-to-weight (converged): 267.33 W/kg

mdot_H2(cruise): 44.5 g/s
Vtankex: 21.0 m^3
========================== END ==============================


=============================================================
Execution time: 100.1 seconds
=============================================================
