======================================================
======================= ITER 1 =======================
Reynolds_number: 11,112,677
Stack prop output power: 446 kW, Pcomp: 23.0 kW
Cell efficiency: 0.300, Output efficiency: 0.271
mdot_h2: 11.09 g/s
Reynolds_number: 11,112,677
Stack prop output power: 446 kW, Pcomp: 23.0 kW
Cell efficiency: 0.300, Output efficiency: 0.271
mdot_h2: 11.09 g/s
Reynolds_number: 11,112,677
Stack prop output power: 332 kW, Pcomp: 3.0 kW
Cell efficiency: 0.281, Output efficiency: 0.264
mdot_h2: 8.46 g/s
Reynolds_number: 11,112,677
Stack prop output power: 332 kW, Pcomp: 3.0 kW
Cell efficiency: 0.281, Output efficiency: 0.264
mdot_h2: 8.46 g/s
Reynolds_number: 11,112,677
Stack prop output power: 332 kW, Pcomp: 17.1 kW
Cell efficiency: 0.300, Output efficiency: 0.271
mdot_h2: 8.26 g/s

-----------------------
ptotal_climb: 1,176 kW, mtom_est: 6,163 kg, mtom: 5,000 kg, residual: +1,163.46 kg

MTOM update: fixed_point_fallback, relax=1.000 -> mtom_next=5,500.00 kg

======================================================
======================= ITER 2 =======================
Reynolds_number: 11,112,677
Stack prop output power: 491 kW, Pcomp: 25.3 kW
Cell efficiency: 0.300, Output efficiency: 0.271
mdot_h2: 12.20 g/s
Reynolds_number: 11,112,677
Stack prop output power: 491 kW, Pcomp: 25.3 kW
Cell efficiency: 0.300, Output efficiency: 0.271
mdot_h2: 12.20 g/s
Reynolds_number: 11,112,677
Stack prop output power: 365 kW, Pcomp: 3.3 kW
Cell efficiency: 0.281, Output efficiency: 0.264
mdot_h2: 9.30 g/s
Reynolds_number: 11,112,677
Stack prop output power: 365 kW, Pcomp: 3.3 kW
Cell efficiency: 0.281, Output efficiency: 0.264
mdot_h2: 9.30 g/s
Reynolds_number: 11,112,677
Stack prop output power: 365 kW, Pcomp: 18.8 kW
Cell efficiency: 0.300, Output efficiency: 0.271
mdot_h2: 9.08 g/s

-----------------------
ptotal_climb: 1,294 kW, mtom_est: 6,538 kg, mtom: 5,500 kg, residual: +1,037.85 kg

MTOM update: newton, relax=1.000 -> mtom_next=6,050.00 kg

======================================================
======================= ITER 3 =======================
Reynolds_number: 11,112,677
Stack prop output power: 540 kW, Pcomp: 27.8 kW
Cell efficiency: 0.300, Output efficiency: 0.271
mdot_h2: 13.42 g/s
Reynolds_number: 11,112,677
Stack prop output power: 540 kW, Pcomp: 27.8 kW
Cell efficiency: 0.300, Output efficiency: 0.271
mdot_h2: 13.42 g/s
Reynolds_number: 11,112,677
Stack prop output power: 402 kW, Pcomp: 3.6 kW
Cell efficiency: 0.281, Output efficiency: 0.264
mdot_h2: 10.23 g/s
Reynolds_number: 11,112,677
Stack prop output power: 402 kW, Pcomp: 3.6 kW
Cell efficiency: 0.281, Output efficiency: 0.264
mdot_h2: 10.23 g/s
Reynolds_number: 11,112,677
Stack prop output power: 402 kW, Pcomp: 20.7 kW
Cell efficiency: 0.300, Output efficiency: 0.271
mdot_h2: 9.99 g/s

-----------------------
ptotal_climb: 1,423 kW, mtom_est: 6,955 kg, mtom: 6,050 kg, residual: +905.34 kg

MTOM update: newton, relax=1.000 -> mtom_next=6,655.00 kg

======================================================
======================= ITER 4 =======================
Reynolds_number: 11,112,677
Stack prop output power: 594 kW, Pcomp: 30.6 kW
Cell efficiency: 0.300, Output efficiency: 0.271
mdot_h2: 14.76 g/s
Reynolds_number: 11,112,677
Stack prop output power: 594 kW, Pcomp: 30.6 kW
Cell efficiency: 0.300, Output efficiency: 0.271
mdot_h2: 14.76 g/s
Reynolds_number: 11,112,677
Stack prop output power: 442 kW, Pcomp: 4.0 kW
Cell efficiency: 0.281, Output efficiency: 0.264
mdot_h2: 11.25 g/s
Reynolds_number: 11,112,677
Stack prop output power: 442 kW, Pcomp: 4.0 kW
Cell efficiency: 0.281, Output efficiency: 0.264
mdot_h2: 11.25 g/s
Reynolds_number: 11,112,677
Stack prop output power: 442 kW, Pcomp: 22.8 kW
Cell efficiency: 0.300, Output efficiency: 0.271
mdot_h2: 10.99 g/s

-----------------------
ptotal_climb: 1,565 kW, mtom_est: 7,412 kg, mtom: 6,655 kg, residual: +757.21 kg

MTOM update: newton, relax=1.000 -> mtom_next=7,320.50 kg

======================================================
======================= ITER 5 =======================
Reynolds_number: 11,112,677
Stack prop output power: 653 kW, Pcomp: 33.7 kW
Cell efficiency: 0.300, Output efficiency: 0.271
mdot_h2: 16.24 g/s
Reynolds_number: 11,112,677
Stack prop output power: 653 kW, Pcomp: 33.7 kW
Cell efficiency: 0.300, Output efficiency: 0.271
mdot_h2: 16.24 g/s
Reynolds_number: 11,112,677
Stack prop output power: 486 kW, Pcomp: 4.4 kW
Cell efficiency: 0.281, Output efficiency: 0.264
mdot_h2: 12.38 g/s
Reynolds_number: 11,112,677
Stack prop output power: 486 kW, Pcomp: 4.4 kW
Cell efficiency: 0.281, Output efficiency: 0.264
mdot_h2: 12.38 g/s
Reynolds_number: 11,112,677
Stack prop output power: 486 kW, Pcomp: 25.1 kW
Cell efficiency: 0.300, Output efficiency: 0.271
mdot_h2: 12.09 g/s

-----------------------
ptotal_climb: 1,722 kW, mtom_est: 7,913 kg, mtom: 7,320 kg, residual: +592.29 kg

MTOM update: newton, relax=1.000 -> mtom_next=8,052.55 kg

======================================================
======================= ITER 6 =======================
Reynolds_number: 11,112,677
Stack prop output power: 719 kW, Pcomp: 37.1 kW
Cell efficiency: 0.300, Output efficiency: 0.271
mdot_h2: 17.86 g/s
Reynolds_number: 11,112,677
Stack prop output power: 719 kW, Pcomp: 37.1 kW
Cell efficiency: 0.300, Output efficiency: 0.271
mdot_h2: 17.86 g/s
Reynolds_number: 11,112,677
Stack prop output power: 535 kW, Pcomp: 4.8 kW
Cell efficiency: 0.281, Output efficiency: 0.264
mdot_h2: 13.62 g/s
Reynolds_number: 11,112,677
Stack prop output power: 535 kW, Pcomp: 4.8 kW
Cell efficiency: 0.281, Output efficiency: 0.264
mdot_h2: 13.62 g/s
Reynolds_number: 11,112,677
Stack prop output power: 535 kW, Pcomp: 27.6 kW
Cell efficiency: 0.300, Output efficiency: 0.271
mdot_h2: 13.30 g/s

-----------------------
ptotal_climb: 1,894 kW, mtom_est: 8,469 kg, mtom: 8,053 kg, residual: +416.62 kg

MTOM update: newton, relax=1.000 -> mtom_next=8,857.81 kg

======================================================
======================= ITER 7 =======================
Reynolds_number: 11,112,677
Stack prop output power: 790 kW, Pcomp: 40.8 kW
Cell efficiency: 0.300, Output efficiency: 0.271
mdot_h2: 19.65 g/s
Reynolds_number: 11,112,677
Stack prop output power: 790 kW, Pcomp: 40.8 kW
Cell efficiency: 0.300, Output efficiency: 0.271
mdot_h2: 19.65 g/s
Reynolds_number: 11,112,677
Stack prop output power: 588 kW, Pcomp: 5.3 kW
Cell efficiency: 0.281, Output efficiency: 0.264
mdot_h2: 14.98 g/s
Reynolds_number: 11,112,677
Stack prop output power: 588 kW, Pcomp: 5.3 kW
Cell efficiency: 0.281, Output efficiency: 0.264
mdot_h2: 14.98 g/s
Reynolds_number: 11,112,677
Stack prop output power: 588 kW, Pcomp: 30.3 kW
Cell efficiency: 0.300, Output efficiency: 0.271
mdot_h2: 14.63 g/s

-----------------------
ptotal_climb: 2,083 kW, mtom_est: 9,084 kg, mtom: 8,858 kg, residual: +226.10 kg

MTOM update: newton, relax=1.000 -> mtom_next=9,743.59 kg

======================================================
======================= ITER 8 =======================
Reynolds_number: 11,112,677
Stack prop output power: 869 kW, Pcomp: 44.8 kW
Cell efficiency: 0.300, Output efficiency: 0.271
mdot_h2: 21.62 g/s
Reynolds_number: 11,112,677
Stack prop output power: 869 kW, Pcomp: 44.8 kW
Cell efficiency: 0.300, Output efficiency: 0.271
mdot_h2: 21.62 g/s
Reynolds_number: 11,112,677
Stack prop output power: 647 kW, Pcomp: 5.8 kW
Cell efficiency: 0.281, Output efficiency: 0.264
mdot_h2: 16.48 g/s
Reynolds_number: 11,112,677
Stack prop output power: 647 kW, Pcomp: 5.8 kW
Cell efficiency: 0.281, Output efficiency: 0.264
mdot_h2: 16.48 g/s
Reynolds_number: 11,112,677
Stack prop output power: 647 kW, Pcomp: 33.4 kW
Cell efficiency: 0.300, Output efficiency: 0.271
mdot_h2: 16.09 g/s

-----------------------
ptotal_climb: 2,291 kW, mtom_est: 9,764 kg, mtom: 9,744 kg, residual: +20.75 kg

MTOM update: newton, relax=1.000 -> mtom_next=9,833.09 kg

======================================================
======================= ITER 9 =======================
Reynolds_number: 11,112,677
Stack prop output power: 877 kW, Pcomp: 45.3 kW
Cell efficiency: 0.300, Output efficiency: 0.271
mdot_h2: 21.82 g/s
Reynolds_number: 11,112,677
Stack prop output power: 877 kW, Pcomp: 45.3 kW
Cell efficiency: 0.300, Output efficiency: 0.271
mdot_h2: 21.82 g/s
Reynolds_number: 11,112,677
Stack prop output power: 653 kW, Pcomp: 5.9 kW
Cell efficiency: 0.281, Output efficiency: 0.264
mdot_h2: 16.63 g/s
Reynolds_number: 11,112,677
Stack prop output power: 653 kW, Pcomp: 5.9 kW
Cell efficiency: 0.281, Output efficiency: 0.264
mdot_h2: 16.63 g/s
Reynolds_number: 11,112,677
Stack prop output power: 653 kW, Pcomp: 33.7 kW
Cell efficiency: 0.300, Output efficiency: 0.271
mdot_h2: 16.24 g/s

-----------------------
ptotal_climb: 2,312 kW, mtom_est: 9,832 kg, mtom: 9,833 kg, residual: -1.00 kg

Reynolds_number: 11,112,677
Stack prop output power: 877 kW, Pcomp: 45.3 kW
Cell efficiency: 0.300, Output efficiency: 0.271
mdot_h2: 21.82 g/s
Reynolds_number: 11,112,677
Stack prop output power: 877 kW, Pcomp: 45.3 kW
Cell efficiency: 0.300, Output efficiency: 0.271
mdot_h2: 21.82 g/s
Reynolds_number: 6,709,346
Stack prop output power: 653 kW, Pcomp: 5.7 kW
Cell efficiency: 0.305, Output efficiency: 0.287
mdot_h2: 15.31 g/s
Reynolds_number: 6,709,346
Stack prop output power: 653 kW, Pcomp: 5.7 kW
Cell efficiency: 0.305, Output efficiency: 0.287
mdot_h2: 15.31 g/s

CONVERGED
======================================================
======================= ITER 1 =======================
Reynolds_number: 11,112,677
Stack prop output power: 860 kW, Pcomp: 44.3 kW
Cell efficiency: 0.300, Output efficiency: 0.271
mdot_h2: 21.38 g/s
Reynolds_number: 11,112,677
Stack prop output power: 860 kW, Pcomp: 44.3 kW
Cell efficiency: 0.300, Output efficiency: 0.271
mdot_h2: 21.38 g/s
Reynolds_number: 11,112,677
Stack prop output power: 640 kW, Pcomp: 5.8 kW
Cell efficiency: 0.281, Output efficiency: 0.264
mdot_h2: 16.29 g/s
Reynolds_number: 11,112,677
Stack prop output power: 640 kW, Pcomp: 5.8 kW
Cell efficiency: 0.281, Output efficiency: 0.264
mdot_h2: 16.29 g/s
Reynolds_number: 11,112,677
Stack prop output power: 640 kW, Pcomp: 33.0 kW
Cell efficiency: 0.300, Output efficiency: 0.271
mdot_h2: 15.91 g/s

-----------------------
ptotal_climb: 2,266 kW, mtom_est: 9,693 kg, mtom: 9,832 kg, residual: -139.35 kg

MTOM update: fixed_point_fallback, relax=1.000 -> mtom_next=9,762.42 kg

======================================================
======================= ITER 2 =======================
Reynolds_number: 11,112,677
Stack prop output power: 854 kW, Pcomp: 44.0 kW
Cell efficiency: 0.300, Output efficiency: 0.271
mdot_h2: 21.22 g/s
Reynolds_number: 11,112,677
Stack prop output power: 854 kW, Pcomp: 44.0 kW
Cell efficiency: 0.300, Output efficiency: 0.271
mdot_h2: 21.22 g/s
Reynolds_number: 11,112,677
Stack prop output power: 635 kW, Pcomp: 5.7 kW
Cell efficiency: 0.281, Output efficiency: 0.264
mdot_h2: 16.18 g/s
Reynolds_number: 11,112,677
Stack prop output power: 635 kW, Pcomp: 5.7 kW
Cell efficiency: 0.281, Output efficiency: 0.264
mdot_h2: 16.18 g/s
Reynolds_number: 11,112,677
Stack prop output power: 635 kW, Pcomp: 32.8 kW
Cell efficiency: 0.300, Output efficiency: 0.271
mdot_h2: 15.80 g/s

-----------------------
ptotal_climb: 2,250 kW, mtom_est: 9,641 kg, mtom: 9,762 kg, residual: -121.68 kg

MTOM update: newton, relax=1.000 -> mtom_next=9,282.57 kg

======================================================
======================= ITER 3 =======================
Reynolds_number: 11,112,677
Stack prop output power: 812 kW, Pcomp: 41.9 kW
Cell efficiency: 0.300, Output efficiency: 0.271
mdot_h2: 20.18 g/s
Reynolds_number: 11,112,677
Stack prop output power: 812 kW, Pcomp: 41.9 kW
Cell efficiency: 0.300, Output efficiency: 0.271
mdot_h2: 20.18 g/s
Reynolds_number: 11,112,677
Stack prop output power: 604 kW, Pcomp: 5.4 kW
Cell efficiency: 0.281, Output efficiency: 0.264
mdot_h2: 15.38 g/s
Reynolds_number: 11,112,677
Stack prop output power: 604 kW, Pcomp: 5.4 kW
Cell efficiency: 0.281, Output efficiency: 0.264
mdot_h2: 15.38 g/s
Reynolds_number: 11,112,677
Stack prop output power: 604 kW, Pcomp: 31.2 kW
Cell efficiency: 0.300, Output efficiency: 0.271
mdot_h2: 15.02 g/s

-----------------------
ptotal_climb: 2,139 kW, mtom_est: 9,280 kg, mtom: 9,283 kg, residual: -3.05 kg

Reynolds_number: 11,112,677
Stack prop output power: 812 kW, Pcomp: 41.9 kW
Cell efficiency: 0.300, Output efficiency: 0.271
mdot_h2: 20.18 g/s
Reynolds_number: 11,112,677
Stack prop output power: 812 kW, Pcomp: 41.9 kW
Cell efficiency: 0.300, Output efficiency: 0.271
mdot_h2: 20.18 g/s
Reynolds_number: 6,709,346
Stack prop output power: 604 kW, Pcomp: 5.3 kW
Cell efficiency: 0.305, Output efficiency: 0.287
mdot_h2: 14.17 g/s
Reynolds_number: 6,709,346
Stack prop output power: 604 kW, Pcomp: 5.3 kW
Cell efficiency: 0.305, Output efficiency: 0.287
mdot_h2: 14.17 g/s

CONVERGED
======================================================
======================= ITER 1 =======================
Reynolds_number: 11,112,677
Stack prop output power: 801 kW, Pcomp: 41.3 kW
Cell efficiency: 0.300, Output efficiency: 0.271
mdot_h2: 19.91 g/s
Reynolds_number: 11,112,677
Stack prop output power: 801 kW, Pcomp: 41.3 kW
Cell efficiency: 0.300, Output efficiency: 0.271
mdot_h2: 19.91 g/s
Reynolds_number: 11,112,677
Stack prop output power: 596 kW, Pcomp: 5.4 kW
Cell efficiency: 0.281, Output efficiency: 0.264
mdot_h2: 15.18 g/s
Reynolds_number: 11,112,677
Stack prop output power: 596 kW, Pcomp: 5.4 kW
Cell efficiency: 0.281, Output efficiency: 0.264
mdot_h2: 15.18 g/s
Reynolds_number: 11,112,677
Stack prop output power: 596 kW, Pcomp: 30.7 kW
Cell efficiency: 0.300, Output efficiency: 0.271
mdot_h2: 14.82 g/s

-----------------------
ptotal_climb: 2,111 kW, mtom_est: 9,191 kg, mtom: 9,280 kg, residual: -88.42 kg

MTOM update: fixed_point_fallback, relax=1.000 -> mtom_next=9,235.31 kg

======================================================
======================= ITER 2 =======================
Reynolds_number: 11,112,677
Stack prop output power: 797 kW, Pcomp: 41.1 kW
Cell efficiency: 0.300, Output efficiency: 0.271
mdot_h2: 19.82 g/s
Reynolds_number: 11,112,677
Stack prop output power: 797 kW, Pcomp: 41.1 kW
Cell efficiency: 0.300, Output efficiency: 0.271
mdot_h2: 19.82 g/s
Reynolds_number: 11,112,677
Stack prop output power: 593 kW, Pcomp: 5.3 kW
Cell efficiency: 0.281, Output efficiency: 0.264
mdot_h2: 15.11 g/s
Reynolds_number: 11,112,677
Stack prop output power: 593 kW, Pcomp: 5.3 kW
Cell efficiency: 0.281, Output efficiency: 0.264
mdot_h2: 15.11 g/s
Reynolds_number: 11,112,677
Stack prop output power: 593 kW, Pcomp: 30.6 kW
Cell efficiency: 0.300, Output efficiency: 0.271
mdot_h2: 14.75 g/s

-----------------------
ptotal_climb: 2,101 kW, mtom_est: 9,158 kg, mtom: 9,235 kg, residual: -77.09 kg

MTOM update: newton, relax=1.000 -> mtom_next=8,934.61 kg

======================================================
======================= ITER 3 =======================
Reynolds_number: 11,112,677
Stack prop output power: 771 kW, Pcomp: 39.8 kW
Cell efficiency: 0.300, Output efficiency: 0.271
mdot_h2: 19.17 g/s
Reynolds_number: 11,112,677
Stack prop output power: 771 kW, Pcomp: 39.8 kW
Cell efficiency: 0.300, Output efficiency: 0.271
mdot_h2: 19.17 g/s
Reynolds_number: 11,112,677
Stack prop output power: 574 kW, Pcomp: 5.2 kW
Cell efficiency: 0.281, Output efficiency: 0.264
mdot_h2: 14.61 g/s
Reynolds_number: 11,112,677
Stack prop output power: 574 kW, Pcomp: 5.2 kW
Cell efficiency: 0.281, Output efficiency: 0.264
mdot_h2: 14.61 g/s
Reynolds_number: 11,112,677
Stack prop output power: 574 kW, Pcomp: 29.6 kW
Cell efficiency: 0.300, Output efficiency: 0.271
mdot_h2: 14.27 g/s

-----------------------
ptotal_climb: 2,032 kW, mtom_est: 8,936 kg, mtom: 8,935 kg, residual: +1.16 kg

Reynolds_number: 11,112,677
Stack prop output power: 771 kW, Pcomp: 39.8 kW
Cell efficiency: 0.300, Output efficiency: 0.271
mdot_h2: 19.17 g/s
Reynolds_number: 11,112,677
Stack prop output power: 771 kW, Pcomp: 39.8 kW
Cell efficiency: 0.300, Output efficiency: 0.271
mdot_h2: 19.17 g/s
Reynolds_number: 6,709,346
Stack prop output power: 574 kW, Pcomp: 5.0 kW
Cell efficiency: 0.305, Output efficiency: 0.287
mdot_h2: 13.46 g/s
Reynolds_number: 6,709,346
Stack prop output power: 574 kW, Pcomp: 5.0 kW
Cell efficiency: 0.305, Output efficiency: 0.287
mdot_h2: 13.46 g/s

CONVERGED
======================================================
======================= ITER 1 =======================
Reynolds_number: 11,112,677
Stack prop output power: 772 kW, Pcomp: 39.8 kW
Cell efficiency: 0.300, Output efficiency: 0.271
mdot_h2: 19.20 g/s
Reynolds_number: 11,112,677
Stack prop output power: 772 kW, Pcomp: 39.8 kW
Cell efficiency: 0.300, Output efficiency: 0.271
mdot_h2: 19.20 g/s
Reynolds_number: 11,112,677
Stack prop output power: 575 kW, Pcomp: 5.2 kW
Cell efficiency: 0.281, Output efficiency: 0.264
mdot_h2: 14.63 g/s
Reynolds_number: 11,112,677
Stack prop output power: 575 kW, Pcomp: 5.2 kW
Cell efficiency: 0.281, Output efficiency: 0.264
mdot_h2: 14.63 g/s
Reynolds_number: 11,112,677
Stack prop output power: 575 kW, Pcomp: 29.6 kW
Cell efficiency: 0.300, Output efficiency: 0.271
mdot_h2: 14.29 g/s

-----------------------
ptotal_climb: 2,035 kW, mtom_est: 8,925 kg, mtom: 8,936 kg, residual: -11.22 kg

MTOM update: fixed_point_fallback, relax=1.000 -> mtom_next=8,930.16 kg

======================================================
======================= ITER 2 =======================
Reynolds_number: 11,112,677
Stack prop output power: 772 kW, Pcomp: 39.8 kW
Cell efficiency: 0.300, Output efficiency: 0.271
mdot_h2: 19.19 g/s
Reynolds_number: 11,112,677
Stack prop output power: 772 kW, Pcomp: 39.8 kW
Cell efficiency: 0.300, Output efficiency: 0.271
mdot_h2: 19.19 g/s
Reynolds_number: 11,112,677
Stack prop output power: 574 kW, Pcomp: 5.2 kW
Cell efficiency: 0.281, Output efficiency: 0.264
mdot_h2: 14.62 g/s
Reynolds_number: 11,112,677
Stack prop output power: 574 kW, Pcomp: 5.2 kW
Cell efficiency: 0.281, Output efficiency: 0.264
mdot_h2: 14.62 g/s
Reynolds_number: 11,112,677
Stack prop output power: 574 kW, Pcomp: 29.6 kW
Cell efficiency: 0.300, Output efficiency: 0.271
mdot_h2: 14.28 g/s

-----------------------
ptotal_climb: 2,034 kW, mtom_est: 8,921 kg, mtom: 8,930 kg, residual: -9.62 kg

MTOM update: newton, relax=1.000 -> mtom_next=8,896.40 kg

======================================================
======================= ITER 3 =======================
Reynolds_number: 11,112,677
Stack prop output power: 769 kW, Pcomp: 39.6 kW
Cell efficiency: 0.300, Output efficiency: 0.271
mdot_h2: 19.11 g/s
Reynolds_number: 11,112,677
Stack prop output power: 769 kW, Pcomp: 39.6 kW
Cell efficiency: 0.300, Output efficiency: 0.271
mdot_h2: 19.11 g/s
Reynolds_number: 11,112,677
Stack prop output power: 572 kW, Pcomp: 5.1 kW
Cell efficiency: 0.281, Output efficiency: 0.264
mdot_h2: 14.57 g/s
Reynolds_number: 11,112,677
Stack prop output power: 572 kW, Pcomp: 5.1 kW
Cell efficiency: 0.281, Output efficiency: 0.264
mdot_h2: 14.57 g/s
Reynolds_number: 11,112,677
Stack prop output power: 572 kW, Pcomp: 29.5 kW
Cell efficiency: 0.300, Output efficiency: 0.271
mdot_h2: 14.23 g/s

-----------------------
ptotal_climb: 2,026 kW, mtom_est: 8,895 kg, mtom: 8,896 kg, residual: -1.12 kg

Reynolds_number: 11,112,677
Stack prop output power: 769 kW, Pcomp: 39.6 kW
Cell efficiency: 0.300, Output efficiency: 0.271
mdot_h2: 19.11 g/s
Reynolds_number: 11,112,677
Stack prop output power: 769 kW, Pcomp: 39.6 kW
Cell efficiency: 0.300, Output efficiency: 0.271
mdot_h2: 19.11 g/s
Reynolds_number: 6,709,346
Stack prop output power: 572 kW, Pcomp: 5.0 kW
Cell efficiency: 0.305, Output efficiency: 0.287
mdot_h2: 13.42 g/s
Reynolds_number: 6,709,346
Stack prop output power: 572 kW, Pcomp: 5.0 kW
Cell efficiency: 0.305, Output efficiency: 0.287
mdot_h2: 13.42 g/s

CONVERGED
======================================================
======================= ITER 1 =======================
Reynolds_number: 11,112,677
Stack prop output power: 770 kW, Pcomp: 39.7 kW
Cell efficiency: 0.300, Output efficiency: 0.271
mdot_h2: 19.14 g/s
Reynolds_number: 11,112,677
Stack prop output power: 770 kW, Pcomp: 39.7 kW
Cell efficiency: 0.300, Output efficiency: 0.271
mdot_h2: 19.14 g/s
Reynolds_number: 11,112,677
Stack prop output power: 573 kW, Pcomp: 5.1 kW
Cell efficiency: 0.281, Output efficiency: 0.264
mdot_h2: 14.59 g/s
Reynolds_number: 11,112,677
Stack prop output power: 573 kW, Pcomp: 5.1 kW
Cell efficiency: 0.281, Output efficiency: 0.264
mdot_h2: 14.59 g/s
Reynolds_number: 11,112,677
Stack prop output power: 573 kW, Pcomp: 29.5 kW
Cell efficiency: 0.300, Output efficiency: 0.271
mdot_h2: 14.24 g/s

-----------------------
ptotal_climb: 2,029 kW, mtom_est: 8,890 kg, mtom: 8,895 kg, residual: -5.38 kg

MTOM update: fixed_point_fallback, relax=1.000 -> mtom_next=8,892.59 kg

======================================================
======================= ITER 2 =======================
Reynolds_number: 11,112,677
Stack prop output power: 770 kW, Pcomp: 39.7 kW
Cell efficiency: 0.300, Output efficiency: 0.271
mdot_h2: 19.13 g/s
Reynolds_number: 11,112,677
Stack prop output power: 573 kW, Pcomp: 5.1 kW
Cell efficiency: 0.281, Output efficiency: 0.264
mdot_h2: 14.58 g/s
Reynolds_number: 11,112,677
Stack prop output power: 573 kW, Pcomp: 29.5 kW
Cell efficiency: 0.300, Output efficiency: 0.271
mdot_h2: 14.24 g/s

-----------------------
ptotal_climb: 2,028 kW, mtom_est: 8,885 kg, mtom: 8,893 kg, residual: -7.36 kg

MTOM update: newton, relax=0.300 -> mtom_next=8,895.58 kg

======================================================
======================= ITER 3 =======================
Reynolds_number: 11,112,677
Stack prop output power: 770 kW, Pcomp: 39.7 kW
Cell efficiency: 0.300, Output efficiency: 0.271
mdot_h2: 19.14 g/s
Reynolds_number: 11,112,677
Stack prop output power: 573 kW, Pcomp: 5.1 kW
Cell efficiency: 0.281, Output efficiency: 0.264
mdot_h2: 14.59 g/s
Reynolds_number: 11,112,677
Stack prop output power: 573 kW, Pcomp: 29.5 kW
Cell efficiency: 0.300, Output efficiency: 0.271
mdot_h2: 14.24 g/s

-----------------------
ptotal_climb: 2,029 kW, mtom_est: 8,887 kg, mtom: 8,896 kg, residual: -8.22 kg

MTOM update: newton, relax=0.090 -> mtom_next=8,893.00 kg

======================================================
======================= ITER 4 =======================
Reynolds_number: 11,112,677
Stack prop output power: 770 kW, Pcomp: 39.7 kW
Cell efficiency: 0.300, Output efficiency: 0.271
mdot_h2: 19.13 g/s
Reynolds_number: 11,112,677
Stack prop output power: 573 kW, Pcomp: 5.1 kW
Cell efficiency: 0.281, Output efficiency: 0.264
mdot_h2: 14.58 g/s
Reynolds_number: 11,112,677
Stack prop output power: 573 kW, Pcomp: 29.5 kW
Cell efficiency: 0.300, Output efficiency: 0.271
mdot_h2: 14.24 g/s

-----------------------
ptotal_climb: 2,028 kW, mtom_est: 8,886 kg, mtom: 8,893 kg, residual: -7.48 kg

MTOM update: newton, relax=0.108 -> mtom_next=8,890.17 kg

======================================================
======================= ITER 5 =======================
Reynolds_number: 11,112,677
Stack prop output power: 769 kW, Pcomp: 39.7 kW
Cell efficiency: 0.300, Output efficiency: 0.271
mdot_h2: 19.13 g/s
Reynolds_number: 11,112,677
Stack prop output power: 573 kW, Pcomp: 5.1 kW
Cell efficiency: 0.281, Output efficiency: 0.264
mdot_h2: 14.58 g/s
Reynolds_number: 11,112,677
Stack prop output power: 573 kW, Pcomp: 29.5 kW
Cell efficiency: 0.300, Output efficiency: 0.271
mdot_h2: 14.24 g/s

-----------------------
ptotal_climb: 2,027 kW, mtom_est: 8,884 kg, mtom: 8,890 kg, residual: -6.67 kg

MTOM update: newton, relax=0.130 -> mtom_next=8,887.15 kg

======================================================
======================= ITER 6 =======================
Reynolds_number: 11,112,677
Stack prop output power: 769 kW, Pcomp: 39.7 kW
Cell efficiency: 0.300, Output efficiency: 0.271
mdot_h2: 19.12 g/s
Reynolds_number: 11,112,677
Stack prop output power: 572 kW, Pcomp: 5.1 kW
Cell efficiency: 0.281, Output efficiency: 0.264
mdot_h2: 14.58 g/s
Reynolds_number: 11,112,677
Stack prop output power: 572 kW, Pcomp: 29.5 kW
Cell efficiency: 0.300, Output efficiency: 0.271
mdot_h2: 14.23 g/s

-----------------------
ptotal_climb: 2,027 kW, mtom_est: 8,875 kg, mtom: 8,887 kg, residual: -12.45 kg

MTOM update: newton, relax=0.050 -> mtom_next=8,887.48 kg

======================================================
======================= ITER 7 =======================
Reynolds_number: 11,112,677
Stack prop output power: 769 kW, Pcomp: 39.7 kW
Cell efficiency: 0.300, Output efficiency: 0.271
mdot_h2: 19.12 g/s
Reynolds_number: 11,112,677
Stack prop output power: 572 kW, Pcomp: 5.1 kW
Cell efficiency: 0.281, Output efficiency: 0.264
mdot_h2: 14.58 g/s
Reynolds_number: 11,112,677
Stack prop output power: 572 kW, Pcomp: 29.5 kW
Cell efficiency: 0.300, Output efficiency: 0.271
mdot_h2: 14.23 g/s

-----------------------
ptotal_climb: 2,027 kW, mtom_est: 8,882 kg, mtom: 8,887 kg, residual: -5.90 kg

MTOM update: newton, relax=0.060 -> mtom_next=8,887.38 kg

======================================================
======================= ITER 8 =======================
Reynolds_number: 11,112,677
Stack prop output power: 769 kW, Pcomp: 39.7 kW
Cell efficiency: 0.300, Output efficiency: 0.271
mdot_h2: 19.12 g/s
Reynolds_number: 11,112,677
Stack prop output power: 572 kW, Pcomp: 5.1 kW
Cell efficiency: 0.281, Output efficiency: 0.264
mdot_h2: 14.58 g/s
Reynolds_number: 11,112,677
Stack prop output power: 572 kW, Pcomp: 29.5 kW
Cell efficiency: 0.300, Output efficiency: 0.271
mdot_h2: 14.23 g/s

-----------------------
ptotal_climb: 2,027 kW, mtom_est: 8,882 kg, mtom: 8,887 kg, residual: -5.87 kg

MTOM update: newton, relax=0.072 -> mtom_next=8,885.90 kg

======================================================
======================= ITER 9 =======================
Reynolds_number: 11,112,677
Stack prop output power: 769 kW, Pcomp: 39.7 kW
Cell efficiency: 0.300, Output efficiency: 0.271
mdot_h2: 19.12 g/s
Reynolds_number: 11,112,677
Stack prop output power: 572 kW, Pcomp: 5.1 kW
Cell efficiency: 0.281, Output efficiency: 0.264
mdot_h2: 14.57 g/s
Reynolds_number: 11,112,677
Stack prop output power: 572 kW, Pcomp: 29.5 kW
Cell efficiency: 0.300, Output efficiency: 0.271
mdot_h2: 14.23 g/s

-----------------------
ptotal_climb: 2,026 kW, mtom_est: 8,880 kg, mtom: 8,886 kg, residual: -5.45 kg

MTOM update: newton, relax=0.086 -> mtom_next=8,884.26 kg

======================================================
======================= ITER 10 =======================
Reynolds_number: 11,112,677
Stack prop output power: 769 kW, Pcomp: 39.6 kW
Cell efficiency: 0.300, Output efficiency: 0.271
mdot_h2: 19.12 g/s
Reynolds_number: 11,112,677
Stack prop output power: 572 kW, Pcomp: 5.1 kW
Cell efficiency: 0.281, Output efficiency: 0.264
mdot_h2: 14.57 g/s
Reynolds_number: 11,112,677
Stack prop output power: 572 kW, Pcomp: 29.5 kW
Cell efficiency: 0.300, Output efficiency: 0.271
mdot_h2: 14.23 g/s

-----------------------
ptotal_climb: 2,026 kW, mtom_est: 8,879 kg, mtom: 8,884 kg, residual: -4.98 kg

Reynolds_number: 11,112,677
Stack prop output power: 769 kW, Pcomp: 39.6 kW
Cell efficiency: 0.300, Output efficiency: 0.271
mdot_h2: 19.12 g/s
Reynolds_number: 11,112,677
Stack prop output power: 769 kW, Pcomp: 39.6 kW
Cell efficiency: 0.300, Output efficiency: 0.271
mdot_h2: 19.12 g/s
Reynolds_number: 6,709,346
Stack prop output power: 572 kW, Pcomp: 5.0 kW
Cell efficiency: 0.305, Output efficiency: 0.287
mdot_h2: 13.42 g/s
Reynolds_number: 6,709,346
Stack prop output power: 572 kW, Pcomp: 5.0 kW
Cell efficiency: 0.305, Output efficiency: 0.287
mdot_h2: 13.42 g/s

CONVERGED
======================================================
======================= ITER 1 =======================
Reynolds_number: 11,112,677
Stack prop output power: 770 kW, Pcomp: 39.7 kW
Cell efficiency: 0.300, Output efficiency: 0.271
mdot_h2: 19.14 g/s
Reynolds_number: 11,112,677
Stack prop output power: 770 kW, Pcomp: 39.7 kW
Cell efficiency: 0.300, Output efficiency: 0.271
mdot_h2: 19.14 g/s
Reynolds_number: 11,112,677
Stack prop output power: 573 kW, Pcomp: 5.1 kW
Cell efficiency: 0.281, Output efficiency: 0.264
mdot_h2: 14.59 g/s
Reynolds_number: 11,112,677
Stack prop output power: 573 kW, Pcomp: 5.1 kW
Cell efficiency: 0.281, Output efficiency: 0.264
mdot_h2: 14.59 g/s
Reynolds_number: 11,112,677
Stack prop output power: 573 kW, Pcomp: 29.5 kW
Cell efficiency: 0.300, Output efficiency: 0.271
mdot_h2: 14.24 g/s

-----------------------
ptotal_climb: 2,028 kW, mtom_est: 8,873 kg, mtom: 8,879 kg, residual: -6.35 kg

MTOM update: fixed_point_fallback, relax=1.000 -> mtom_next=8,876.10 kg

======================================================
======================= ITER 2 =======================
Reynolds_number: 11,112,677
Stack prop output power: 769 kW, Pcomp: 39.7 kW
Cell efficiency: 0.300, Output efficiency: 0.271
mdot_h2: 19.13 g/s
Reynolds_number: 11,112,677
Stack prop output power: 573 kW, Pcomp: 5.1 kW
Cell efficiency: 0.281, Output efficiency: 0.264
mdot_h2: 14.58 g/s
Reynolds_number: 11,112,677
Stack prop output power: 573 kW, Pcomp: 29.5 kW
Cell efficiency: 0.300, Output efficiency: 0.271
mdot_h2: 14.24 g/s

-----------------------
ptotal_climb: 2,028 kW, mtom_est: 8,868 kg, mtom: 8,876 kg, residual: -8.19 kg

MTOM update: newton, relax=0.300 -> mtom_next=8,880.34 kg

======================================================
======================= ITER 3 =======================
Reynolds_number: 11,112,677
Stack prop output power: 770 kW, Pcomp: 39.7 kW
Cell efficiency: 0.300, Output efficiency: 0.271
mdot_h2: 19.14 g/s
Reynolds_number: 11,112,677
Stack prop output power: 770 kW, Pcomp: 39.7 kW
Cell efficiency: 0.300, Output efficiency: 0.271
mdot_h2: 19.14 g/s
Reynolds_number: 11,112,677
Stack prop output power: 573 kW, Pcomp: 5.1 kW
Cell efficiency: 0.281, Output efficiency: 0.264
mdot_h2: 14.59 g/s
Reynolds_number: 11,112,677
Stack prop output power: 573 kW, Pcomp: 29.5 kW
Cell efficiency: 0.300, Output efficiency: 0.271
mdot_h2: 14.24 g/s

-----------------------
ptotal_climb: 2,029 kW, mtom_est: 8,871 kg, mtom: 8,880 kg, residual: -9.41 kg

MTOM update: newton, relax=0.090 -> mtom_next=8,877.39 kg

======================================================
======================= ITER 4 =======================
Reynolds_number: 11,112,677
Stack prop output power: 770 kW, Pcomp: 39.7 kW
Cell efficiency: 0.300, Output efficiency: 0.271
mdot_h2: 19.13 g/s
Reynolds_number: 11,112,677
Stack prop output power: 573 kW, Pcomp: 5.1 kW
Cell efficiency: 0.281, Output efficiency: 0.264
mdot_h2: 14.58 g/s
Reynolds_number: 11,112,677
Stack prop output power: 573 kW, Pcomp: 29.5 kW
Cell efficiency: 0.300, Output efficiency: 0.271
mdot_h2: 14.24 g/s

-----------------------
ptotal_climb: 2,028 kW, mtom_est: 8,869 kg, mtom: 8,877 kg, residual: -8.56 kg

MTOM update: newton, relax=0.108 -> mtom_next=8,874.17 kg

======================================================
======================= ITER 5 =======================
Reynolds_number: 11,112,677
Stack prop output power: 769 kW, Pcomp: 39.7 kW
Cell efficiency: 0.300, Output efficiency: 0.271
mdot_h2: 19.13 g/s
Reynolds_number: 11,112,677
Stack prop output power: 573 kW, Pcomp: 5.1 kW
Cell efficiency: 0.281, Output efficiency: 0.264
mdot_h2: 14.58 g/s
Reynolds_number: 11,112,677
Stack prop output power: 573 kW, Pcomp: 29.5 kW
Cell efficiency: 0.300, Output efficiency: 0.271
mdot_h2: 14.23 g/s

-----------------------
ptotal_climb: 2,027 kW, mtom_est: 8,867 kg, mtom: 8,874 kg, residual: -7.64 kg

MTOM update: newton, relax=0.130 -> mtom_next=8,870.73 kg

======================================================
======================= ITER 6 =======================
Reynolds_number: 11,112,677
Stack prop output power: 769 kW, Pcomp: 39.7 kW
Cell efficiency: 0.300, Output efficiency: 0.271
mdot_h2: 19.12 g/s
Reynolds_number: 11,112,677
Stack prop output power: 572 kW, Pcomp: 5.1 kW
Cell efficiency: 0.281, Output efficiency: 0.264
mdot_h2: 14.57 g/s
Reynolds_number: 11,112,677
Stack prop output power: 572 kW, Pcomp: 29.5 kW
Cell efficiency: 0.300, Output efficiency: 0.271
mdot_h2: 14.23 g/s

-----------------------
ptotal_climb: 2,026 kW, mtom_est: 8,867 kg, mtom: 8,871 kg, residual: -3.89 kg

Reynolds_number: 11,112,677
Stack prop output power: 769 kW, Pcomp: 39.7 kW
Cell efficiency: 0.300, Output efficiency: 0.271
mdot_h2: 19.12 g/s
Reynolds_number: 11,112,677
Stack prop output power: 769 kW, Pcomp: 39.7 kW
Cell efficiency: 0.300, Output efficiency: 0.271
mdot_h2: 19.12 g/s
Reynolds_number: 6,709,346
Stack prop output power: 572 kW, Pcomp: 5.0 kW
Cell efficiency: 0.305, Output efficiency: 0.287
mdot_h2: 13.42 g/s
Reynolds_number: 6,709,346
Stack prop output power: 572 kW, Pcomp: 5.0 kW
Cell efficiency: 0.305, Output efficiency: 0.287
mdot_h2: 13.42 g/s

CONVERGED
======================================================
======================= ITER 1 =======================
Reynolds_number: 11,112,677
Stack prop output power: 770 kW, Pcomp: 39.7 kW
Cell efficiency: 0.300, Output efficiency: 0.271
mdot_h2: 19.15 g/s
Reynolds_number: 11,112,677
Stack prop output power: 770 kW, Pcomp: 39.7 kW
Cell efficiency: 0.300, Output efficiency: 0.271
mdot_h2: 19.15 g/s
Reynolds_number: 11,112,677
Stack prop output power: 573 kW, Pcomp: 5.2 kW
Cell efficiency: 0.281, Output efficiency: 0.264
mdot_h2: 14.59 g/s
Reynolds_number: 11,112,677
Stack prop output power: 573 kW, Pcomp: 5.2 kW
Cell efficiency: 0.281, Output efficiency: 0.264
mdot_h2: 14.59 g/s
Reynolds_number: 11,112,677
Stack prop output power: 573 kW, Pcomp: 29.6 kW
Cell efficiency: 0.300, Output efficiency: 0.271
mdot_h2: 14.25 g/s

-----------------------
ptotal_climb: 2,029 kW, mtom_est: 8,857 kg, mtom: 8,867 kg, residual: -9.44 kg

MTOM update: fixed_point_fallback, relax=1.000 -> mtom_next=8,862.12 kg

======================================================
======================= ITER 2 =======================
Reynolds_number: 11,112,677
Stack prop output power: 770 kW, Pcomp: 39.7 kW
Cell efficiency: 0.300, Output efficiency: 0.271
mdot_h2: 19.14 g/s
Reynolds_number: 11,112,677
Stack prop output power: 770 kW, Pcomp: 39.7 kW
Cell efficiency: 0.300, Output efficiency: 0.271
mdot_h2: 19.14 g/s
Reynolds_number: 11,112,677
Stack prop output power: 573 kW, Pcomp: 5.1 kW
Cell efficiency: 0.281, Output efficiency: 0.264
mdot_h2: 14.59 g/s
Reynolds_number: 11,112,677
Stack prop output power: 573 kW, Pcomp: 5.1 kW
Cell efficiency: 0.281, Output efficiency: 0.264
mdot_h2: 14.59 g/s
Reynolds_number: 11,112,677
Stack prop output power: 573 kW, Pcomp: 29.5 kW
Cell efficiency: 0.300, Output efficiency: 0.271
mdot_h2: 14.24 g/s

-----------------------
ptotal_climb: 2,028 kW, mtom_est: 8,854 kg, mtom: 8,862 kg, residual: -8.08 kg

MTOM update: newton, relax=1.000 -> mtom_next=8,834.09 kg

======================================================
======================= ITER 3 =======================
Reynolds_number: 11,112,677
Stack prop output power: 767 kW, Pcomp: 39.6 kW
Cell efficiency: 0.300, Output efficiency: 0.271
mdot_h2: 19.08 g/s
Reynolds_number: 11,112,677
Stack prop output power: 767 kW, Pcomp: 39.6 kW
Cell efficiency: 0.300, Output efficiency: 0.271
mdot_h2: 19.08 g/s
Reynolds_number: 11,112,677
Stack prop output power: 571 kW, Pcomp: 5.1 kW
Cell efficiency: 0.281, Output efficiency: 0.264
mdot_h2: 14.54 g/s
Reynolds_number: 11,112,677
Stack prop output power: 571 kW, Pcomp: 5.1 kW
Cell efficiency: 0.281, Output efficiency: 0.264
mdot_h2: 14.54 g/s
Reynolds_number: 11,112,677
Stack prop output power: 571 kW, Pcomp: 29.4 kW
Cell efficiency: 0.300, Output efficiency: 0.271
mdot_h2: 14.20 g/s

-----------------------
ptotal_climb: 2,022 kW, mtom_est: 8,834 kg, mtom: 8,834 kg, residual: +0.00 kg

Reynolds_number: 11,112,677
Stack prop output power: 767 kW, Pcomp: 39.6 kW
Cell efficiency: 0.300, Output efficiency: 0.271
mdot_h2: 19.08 g/s
Reynolds_number: 11,112,677
Stack prop output power: 767 kW, Pcomp: 39.6 kW
Cell efficiency: 0.300, Output efficiency: 0.271
mdot_h2: 19.08 g/s
Reynolds_number: 6,709,346
Stack prop output power: 571 kW, Pcomp: 5.0 kW
Cell efficiency: 0.305, Output efficiency: 0.287
mdot_h2: 13.39 g/s
Reynolds_number: 6,709,346
Stack prop output power: 571 kW, Pcomp: 5.0 kW
Cell efficiency: 0.305, Output efficiency: 0.287
mdot_h2: 13.39 g/s

CONVERGED
======================================================
======================= ITER 1 =======================
Reynolds_number: 11,112,677
Stack prop output power: 782 kW, Pcomp: 40.3 kW
Cell efficiency: 0.300, Output efficiency: 0.271
mdot_h2: 19.44 g/s
Reynolds_number: 11,112,677
Stack prop output power: 782 kW, Pcomp: 40.3 kW
Cell efficiency: 0.300, Output efficiency: 0.271
mdot_h2: 19.44 g/s
Reynolds_number: 11,112,677
Stack prop output power: 582 kW, Pcomp: 5.2 kW
Cell efficiency: 0.281, Output efficiency: 0.264
mdot_h2: 14.82 g/s
Reynolds_number: 11,112,677
Stack prop output power: 582 kW, Pcomp: 5.2 kW
Cell efficiency: 0.281, Output efficiency: 0.264
mdot_h2: 14.82 g/s
Reynolds_number: 11,112,677
Stack prop output power: 582 kW, Pcomp: 30.0 kW
Cell efficiency: 0.300, Output efficiency: 0.271
mdot_h2: 14.47 g/s

-----------------------
ptotal_climb: 2,060 kW, mtom_est: 8,920 kg, mtom: 8,834 kg, residual: +86.12 kg

MTOM update: fixed_point_fallback, relax=1.000 -> mtom_next=8,877.15 kg

======================================================
======================= ITER 2 =======================
Reynolds_number: 11,112,677
Stack prop output power: 786 kW, Pcomp: 40.5 kW
Cell efficiency: 0.300, Output efficiency: 0.271
mdot_h2: 19.53 g/s
Reynolds_number: 11,112,677
Stack prop output power: 786 kW, Pcomp: 40.5 kW
Cell efficiency: 0.300, Output efficiency: 0.271
mdot_h2: 19.53 g/s
Reynolds_number: 11,112,677
Stack prop output power: 585 kW, Pcomp: 5.3 kW
Cell efficiency: 0.281, Output efficiency: 0.264
mdot_h2: 14.89 g/s
Reynolds_number: 11,112,677
Stack prop output power: 585 kW, Pcomp: 5.3 kW
Cell efficiency: 0.281, Output efficiency: 0.264
mdot_h2: 14.89 g/s
Reynolds_number: 11,112,677
Stack prop output power: 585 kW, Pcomp: 30.2 kW
Cell efficiency: 0.300, Output efficiency: 0.271
mdot_h2: 14.54 g/s

-----------------------
ptotal_climb: 2,071 kW, mtom_est: 8,952 kg, mtom: 8,877 kg, residual: +75.23 kg

MTOM update: newton, relax=1.000 -> mtom_next=9,174.71 kg

======================================================
======================= ITER 3 =======================
Reynolds_number: 11,112,677
Stack prop output power: 812 kW, Pcomp: 41.9 kW
Cell efficiency: 0.300, Output efficiency: 0.271
mdot_h2: 20.19 g/s
Reynolds_number: 11,112,677
Stack prop output power: 812 kW, Pcomp: 41.9 kW
Cell efficiency: 0.300, Output efficiency: 0.271
mdot_h2: 20.19 g/s
Reynolds_number: 11,112,677
Stack prop output power: 604 kW, Pcomp: 5.4 kW
Cell efficiency: 0.281, Output efficiency: 0.264
mdot_h2: 15.39 g/s
Reynolds_number: 11,112,677
Stack prop output power: 604 kW, Pcomp: 5.4 kW
Cell efficiency: 0.281, Output efficiency: 0.264
mdot_h2: 15.39 g/s
Reynolds_number: 11,112,677
Stack prop output power: 604 kW, Pcomp: 31.2 kW
Cell efficiency: 0.300, Output efficiency: 0.271
mdot_h2: 15.03 g/s

-----------------------
ptotal_climb: 2,140 kW, mtom_est: 9,175 kg, mtom: 9,175 kg, residual: +0.37 kg

Reynolds_number: 11,112,677
Stack prop output power: 812 kW, Pcomp: 41.9 kW
Cell efficiency: 0.300, Output efficiency: 0.271
mdot_h2: 20.19 g/s
Reynolds_number: 11,112,677
Stack prop output power: 812 kW, Pcomp: 41.9 kW
Cell efficiency: 0.300, Output efficiency: 0.271
mdot_h2: 20.19 g/s
Reynolds_number: 6,709,346
Stack prop output power: 604 kW, Pcomp: 5.3 kW
Cell efficiency: 0.305, Output efficiency: 0.287
mdot_h2: 14.17 g/s
Reynolds_number: 6,709,346
Stack prop output power: 604 kW, Pcomp: 5.3 kW
Cell efficiency: 0.305, Output efficiency: 0.287
mdot_h2: 14.17 g/s

CONVERGED
======================================================
======================= ITER 1 =======================
Reynolds_number: 11,112,677
Stack prop output power: 837 kW, Pcomp: 43.2 kW
Cell efficiency: 0.300, Output efficiency: 0.271
mdot_h2: 20.82 g/s
Reynolds_number: 11,112,677
Stack prop output power: 837 kW, Pcomp: 43.2 kW
Cell efficiency: 0.300, Output efficiency: 0.271
mdot_h2: 20.82 g/s
Reynolds_number: 11,112,677
Stack prop output power: 623 kW, Pcomp: 5.6 kW
Cell efficiency: 0.281, Output efficiency: 0.264
mdot_h2: 15.87 g/s
Reynolds_number: 11,112,677
Stack prop output power: 623 kW, Pcomp: 5.6 kW
Cell efficiency: 0.281, Output efficiency: 0.264
mdot_h2: 15.87 g/s
Reynolds_number: 11,112,677
Stack prop output power: 623 kW, Pcomp: 32.1 kW
Cell efficiency: 0.300, Output efficiency: 0.271
mdot_h2: 15.49 g/s

-----------------------
ptotal_climb: 2,206 kW, mtom_est: 9,337 kg, mtom: 9,175 kg, residual: +161.71 kg

MTOM update: fixed_point_fallback, relax=1.000 -> mtom_next=9,255.93 kg

======================================================
======================= ITER 2 =======================
Reynolds_number: 11,112,677
Stack prop output power: 845 kW, Pcomp: 43.6 kW
Cell efficiency: 0.300, Output efficiency: 0.271
mdot_h2: 21.00 g/s
Reynolds_number: 11,112,677
Stack prop output power: 845 kW, Pcomp: 43.6 kW
Cell efficiency: 0.300, Output efficiency: 0.271
mdot_h2: 21.00 g/s
Reynolds_number: 11,112,677
Stack prop output power: 629 kW, Pcomp: 5.6 kW
Cell efficiency: 0.281, Output efficiency: 0.264
mdot_h2: 16.01 g/s
Reynolds_number: 11,112,677
Stack prop output power: 629 kW, Pcomp: 5.6 kW
Cell efficiency: 0.281, Output efficiency: 0.264
mdot_h2: 16.01 g/s
Reynolds_number: 11,112,677
Stack prop output power: 629 kW, Pcomp: 32.4 kW
Cell efficiency: 0.300, Output efficiency: 0.271
mdot_h2: 15.63 g/s

-----------------------
ptotal_climb: 2,226 kW, mtom_est: 9,396 kg, mtom: 9,256 kg, residual: +140.10 kg

MTOM update: newton, relax=1.000 -> mtom_next=9,780.06 kg

======================================================
======================= ITER 3 =======================
Reynolds_number: 11,112,677
Stack prop output power: 892 kW, Pcomp: 46.0 kW
Cell efficiency: 0.300, Output efficiency: 0.271
mdot_h2: 22.19 g/s
Reynolds_number: 11,112,677
Stack prop output power: 892 kW, Pcomp: 46.0 kW
Cell efficiency: 0.300, Output efficiency: 0.271
mdot_h2: 22.19 g/s
Reynolds_number: 11,112,677
Stack prop output power: 664 kW, Pcomp: 6.0 kW
Cell efficiency: 0.281, Output efficiency: 0.264
mdot_h2: 16.91 g/s
Reynolds_number: 11,112,677
Stack prop output power: 664 kW, Pcomp: 6.0 kW
Cell efficiency: 0.281, Output efficiency: 0.264
mdot_h2: 16.91 g/s
Reynolds_number: 11,112,677
Stack prop output power: 664 kW, Pcomp: 34.3 kW
Cell efficiency: 0.300, Output efficiency: 0.271
mdot_h2: 16.51 g/s

-----------------------
ptotal_climb: 2,352 kW, mtom_est: 9,797 kg, mtom: 9,780 kg, residual: +16.76 kg

MTOM update: newton, relax=1.000 -> mtom_next=9,851.30 kg

======================================================
======================= ITER 4 =======================
Reynolds_number: 11,112,677
Stack prop output power: 899 kW, Pcomp: 46.4 kW
Cell efficiency: 0.300, Output efficiency: 0.271
mdot_h2: 22.35 g/s
Reynolds_number: 11,112,677
Stack prop output power: 899 kW, Pcomp: 46.4 kW
Cell efficiency: 0.300, Output efficiency: 0.271
mdot_h2: 22.35 g/s
Reynolds_number: 11,112,677
Stack prop output power: 669 kW, Pcomp: 6.0 kW
Cell efficiency: 0.281, Output efficiency: 0.264
mdot_h2: 17.04 g/s
Reynolds_number: 11,112,677
Stack prop output power: 669 kW, Pcomp: 6.0 kW
Cell efficiency: 0.281, Output efficiency: 0.264
mdot_h2: 17.04 g/s
Reynolds_number: 11,112,677
Stack prop output power: 669 kW, Pcomp: 34.5 kW
Cell efficiency: 0.300, Output efficiency: 0.271
mdot_h2: 16.64 g/s

-----------------------
ptotal_climb: 2,369 kW, mtom_est: 9,852 kg, mtom: 9,851 kg, residual: +0.71 kg

Reynolds_number: 11,112,677
Stack prop output power: 899 kW, Pcomp: 46.4 kW
Cell efficiency: 0.300, Output efficiency: 0.271
mdot_h2: 22.35 g/s
Reynolds_number: 11,112,677
Stack prop output power: 899 kW, Pcomp: 46.4 kW
Cell efficiency: 0.300, Output efficiency: 0.271
mdot_h2: 22.35 g/s
Reynolds_number: 6,709,346
Stack prop output power: 669 kW, Pcomp: 5.8 kW
Cell efficiency: 0.305, Output efficiency: 0.287
mdot_h2: 15.69 g/s
Reynolds_number: 6,709,346
Stack prop output power: 669 kW, Pcomp: 5.8 kW
Cell efficiency: 0.305, Output efficiency: 0.287
mdot_h2: 15.69 g/s

CONVERGED
======================================================
======================= ITER 1 =======================
Reynolds_number: 11,112,677
Stack prop output power: 926 kW, Pcomp: 47.8 kW
Cell efficiency: 0.300, Output efficiency: 0.271
mdot_h2: 23.03 g/s
Reynolds_number: 11,112,677
Stack prop output power: 926 kW, Pcomp: 47.8 kW
Cell efficiency: 0.300, Output efficiency: 0.271
mdot_h2: 23.03 g/s
Reynolds_number: 11,112,677
Stack prop output power: 689 kW, Pcomp: 6.2 kW
Cell efficiency: 0.281, Output efficiency: 0.264
mdot_h2: 17.56 g/s
Reynolds_number: 11,112,677
Stack prop output power: 689 kW, Pcomp: 6.2 kW
Cell efficiency: 0.281, Output efficiency: 0.264
mdot_h2: 17.56 g/s
Reynolds_number: 11,112,677
Stack prop output power: 689 kW, Pcomp: 35.6 kW
Cell efficiency: 0.300, Output efficiency: 0.271
mdot_h2: 17.14 g/s

-----------------------
ptotal_climb: 2,441 kW, mtom_est: 10,025 kg, mtom: 9,852 kg, residual: +172.96 kg

MTOM update: fixed_point_fallback, relax=1.000 -> mtom_next=9,938.49 kg

======================================================
======================= ITER 2 =======================
Reynolds_number: 11,112,677
Stack prop output power: 935 kW, Pcomp: 48.2 kW
Cell efficiency: 0.300, Output efficiency: 0.271
mdot_h2: 23.24 g/s
Reynolds_number: 11,112,677
Stack prop output power: 935 kW, Pcomp: 48.2 kW
Cell efficiency: 0.300, Output efficiency: 0.271
mdot_h2: 23.24 g/s
Reynolds_number: 11,112,677
Stack prop output power: 696 kW, Pcomp: 6.3 kW
Cell efficiency: 0.281, Output efficiency: 0.264
mdot_h2: 17.71 g/s
Reynolds_number: 11,112,677
Stack prop output power: 696 kW, Pcomp: 6.3 kW
Cell efficiency: 0.281, Output efficiency: 0.264
mdot_h2: 17.71 g/s
Reynolds_number: 11,112,677
Stack prop output power: 696 kW, Pcomp: 35.9 kW
Cell efficiency: 0.300, Output efficiency: 0.271
mdot_h2: 17.29 g/s

-----------------------
ptotal_climb: 2,463 kW, mtom_est: 10,093 kg, mtom: 9,938 kg, residual: +154.47 kg

MTOM update: newton, relax=1.000 -> mtom_next=10,660.90 kg

======================================================
======================= ITER 3 =======================
Reynolds_number: 11,112,677
Stack prop output power: 1,002 kW, Pcomp: 51.7 kW
Cell efficiency: 0.300, Output efficiency: 0.271
mdot_h2: 24.92 g/s
Reynolds_number: 11,112,677
Stack prop output power: 1,002 kW, Pcomp: 51.7 kW
Cell efficiency: 0.300, Output efficiency: 0.271
mdot_h2: 24.92 g/s
Reynolds_number: 11,112,677
Stack prop output power: 746 kW, Pcomp: 6.7 kW
Cell efficiency: 0.281, Output efficiency: 0.264
mdot_h2: 19.00 g/s
Reynolds_number: 11,112,677
Stack prop output power: 746 kW, Pcomp: 6.7 kW
Cell efficiency: 0.281, Output efficiency: 0.264
mdot_h2: 19.00 g/s
Reynolds_number: 11,112,677
Stack prop output power: 746 kW, Pcomp: 38.5 kW
Cell efficiency: 0.300, Output efficiency: 0.271
mdot_h2: 18.55 g/s

-----------------------
ptotal_climb: 2,642 kW, mtom_est: 10,660 kg, mtom: 10,661 kg, residual: -0.80 kg

Reynolds_number: 11,112,677
Stack prop output power: 1,002 kW, Pcomp: 51.7 kW
Cell efficiency: 0.300, Output efficiency: 0.271
mdot_h2: 24.92 g/s
Reynolds_number: 11,112,677
Stack prop output power: 1,002 kW, Pcomp: 51.7 kW
Cell efficiency: 0.300, Output efficiency: 0.271
mdot_h2: 24.92 g/s
Reynolds_number: 6,709,346
Stack prop output power: 746 kW, Pcomp: 6.5 kW
Cell efficiency: 0.305, Output efficiency: 0.287
mdot_h2: 17.50 g/s
Reynolds_number: 6,709,346
Stack prop output power: 746 kW, Pcomp: 6.5 kW
Cell efficiency: 0.305, Output efficiency: 0.287
mdot_h2: 17.50 g/s

CONVERGED
======================================================
======================= ITER 1 =======================
Reynolds_number: 11,112,677
Stack prop output power: 1,032 kW, Pcomp: 53.2 kW
Cell efficiency: 0.300, Output efficiency: 0.271
mdot_h2: 25.67 g/s
Reynolds_number: 11,112,677
Stack prop output power: 1,032 kW, Pcomp: 53.2 kW
Cell efficiency: 0.300, Output efficiency: 0.271
mdot_h2: 25.67 g/s
Reynolds_number: 11,112,677
Stack prop output power: 768 kW, Pcomp: 6.9 kW
Cell efficiency: 0.281, Output efficiency: 0.264
mdot_h2: 19.56 g/s
Reynolds_number: 11,112,677
Stack prop output power: 768 kW, Pcomp: 6.9 kW
Cell efficiency: 0.281, Output efficiency: 0.264
mdot_h2: 19.56 g/s
Reynolds_number: 11,112,677
Stack prop output power: 768 kW, Pcomp: 39.6 kW
Cell efficiency: 0.300, Output efficiency: 0.271
mdot_h2: 19.10 g/s

-----------------------
ptotal_climb: 2,720 kW, mtom_est: 10,850 kg, mtom: 10,660 kg, residual: +189.50 kg

MTOM update: fixed_point_fallback, relax=1.000 -> mtom_next=10,754.86 kg

======================================================
======================= ITER 2 =======================
Reynolds_number: 11,112,677
Stack prop output power: 1,041 kW, Pcomp: 53.7 kW
Cell efficiency: 0.300, Output efficiency: 0.271
mdot_h2: 25.89 g/s
Reynolds_number: 11,112,677
Stack prop output power: 1,041 kW, Pcomp: 53.7 kW
Cell efficiency: 0.300, Output efficiency: 0.271
mdot_h2: 25.89 g/s
Reynolds_number: 11,112,677
Stack prop output power: 775 kW, Pcomp: 7.0 kW
Cell efficiency: 0.281, Output efficiency: 0.264
mdot_h2: 19.74 g/s
Reynolds_number: 11,112,677
Stack prop output power: 775 kW, Pcomp: 7.0 kW
Cell efficiency: 0.281, Output efficiency: 0.264
mdot_h2: 19.74 g/s
Reynolds_number: 11,112,677
Stack prop output power: 775 kW, Pcomp: 40.0 kW
Cell efficiency: 0.300, Output efficiency: 0.271
mdot_h2: 19.27 g/s

-----------------------
ptotal_climb: 2,744 kW, mtom_est: 10,926 kg, mtom: 10,755 kg, residual: +171.00 kg

MTOM update: newton, relax=1.000 -> mtom_next=11,630.55 kg

======================================================
======================= ITER 3 =======================
Reynolds_number: 11,112,677
Stack prop output power: 1,126 kW, Pcomp: 58.1 kW
Cell efficiency: 0.300, Output efficiency: 0.271
mdot_h2: 28.00 g/s
Reynolds_number: 11,112,677
Stack prop output power: 1,126 kW, Pcomp: 58.1 kW
Cell efficiency: 0.300, Output efficiency: 0.271
mdot_h2: 28.00 g/s
Reynolds_number: 11,112,677
Stack prop output power: 838 kW, Pcomp: 7.5 kW
Cell efficiency: 0.281, Output efficiency: 0.264
mdot_h2: 21.35 g/s
Reynolds_number: 11,112,677
Stack prop output power: 838 kW, Pcomp: 7.5 kW
Cell efficiency: 0.281, Output efficiency: 0.264
mdot_h2: 21.35 g/s
Reynolds_number: 11,112,677
Stack prop output power: 838 kW, Pcomp: 43.2 kW
Cell efficiency: 0.300, Output efficiency: 0.271
mdot_h2: 20.84 g/s

-----------------------
ptotal_climb: 2,968 kW, mtom_est: 11,632 kg, mtom: 11,631 kg, residual: +1.21 kg

Reynolds_number: 11,112,677
Stack prop output power: 1,126 kW, Pcomp: 58.1 kW
Cell efficiency: 0.300, Output efficiency: 0.271
mdot_h2: 28.00 g/s
Reynolds_number: 11,112,677
Stack prop output power: 1,126 kW, Pcomp: 58.1 kW
Cell efficiency: 0.300, Output efficiency: 0.271
mdot_h2: 28.00 g/s
Reynolds_number: 6,709,346
Stack prop output power: 838 kW, Pcomp: 7.3 kW
Cell efficiency: 0.305, Output efficiency: 0.287
mdot_h2: 19.66 g/s
Reynolds_number: 6,709,346
Stack prop output power: 838 kW, Pcomp: 7.3 kW
Cell efficiency: 0.305, Output efficiency: 0.287
mdot_h2: 19.66 g/s

CONVERGED
======================================================
======================= ITER 1 =======================
Reynolds_number: 11,112,677
Stack prop output power: 1,159 kW, Pcomp: 59.8 kW
Cell efficiency: 0.300, Output efficiency: 0.271
mdot_h2: 28.82 g/s
Reynolds_number: 11,112,677
Stack prop output power: 1,159 kW, Pcomp: 59.8 kW
Cell efficiency: 0.300, Output efficiency: 0.271
mdot_h2: 28.82 g/s
Reynolds_number: 11,112,677
Stack prop output power: 863 kW, Pcomp: 7.8 kW
Cell efficiency: 0.281, Output efficiency: 0.264
mdot_h2: 21.97 g/s
Reynolds_number: 11,112,677
Stack prop output power: 863 kW, Pcomp: 7.8 kW
Cell efficiency: 0.281, Output efficiency: 0.264
mdot_h2: 21.97 g/s
Reynolds_number: 11,112,677
Stack prop output power: 863 kW, Pcomp: 44.5 kW
Cell efficiency: 0.300, Output efficiency: 0.271
mdot_h2: 21.45 g/s

-----------------------
ptotal_climb: 3,055 kW, mtom_est: 11,841 kg, mtom: 11,632 kg, residual: +209.35 kg

MTOM update: fixed_point_fallback, relax=1.000 -> mtom_next=11,736.43 kg

======================================================
======================= ITER 2 =======================
Reynolds_number: 11,112,677
Stack prop output power: 1,170 kW, Pcomp: 60.3 kW
Cell efficiency: 0.300, Output efficiency: 0.271
mdot_h2: 29.08 g/s
Reynolds_number: 11,112,677
Stack prop output power: 1,170 kW, Pcomp: 60.3 kW
Cell efficiency: 0.300, Output efficiency: 0.271
mdot_h2: 29.08 g/s
Reynolds_number: 11,112,677
Stack prop output power: 871 kW, Pcomp: 7.8 kW
Cell efficiency: 0.281, Output efficiency: 0.264
mdot_h2: 22.17 g/s
Reynolds_number: 11,112,677
Stack prop output power: 871 kW, Pcomp: 7.8 kW
Cell efficiency: 0.281, Output efficiency: 0.264
mdot_h2: 22.17 g/s
Reynolds_number: 11,112,677
Stack prop output power: 871 kW, Pcomp: 44.9 kW
Cell efficiency: 0.300, Output efficiency: 0.271
mdot_h2: 21.65 g/s

-----------------------
ptotal_climb: 3,082 kW, mtom_est: 11,927 kg, mtom: 11,736 kg, residual: +190.91 kg

MTOM update: newton, relax=1.000 -> mtom_next=12,819.78 kg

======================================================
======================= ITER 3 =======================
Reynolds_number: 11,112,677
Stack prop output power: 1,278 kW, Pcomp: 65.9 kW
Cell efficiency: 0.300, Output efficiency: 0.271
mdot_h2: 31.77 g/s
Reynolds_number: 11,112,677
Stack prop output power: 1,278 kW, Pcomp: 65.9 kW
Cell efficiency: 0.300, Output efficiency: 0.271
mdot_h2: 31.77 g/s
Reynolds_number: 11,112,677
Stack prop output power: 951 kW, Pcomp: 8.5 kW
Cell efficiency: 0.281, Output efficiency: 0.264
mdot_h2: 24.22 g/s
Reynolds_number: 11,112,677
Stack prop output power: 951 kW, Pcomp: 8.5 kW
Cell efficiency: 0.281, Output efficiency: 0.264
mdot_h2: 24.22 g/s
Reynolds_number: 11,112,677
Stack prop output power: 951 kW, Pcomp: 49.0 kW
Cell efficiency: 0.300, Output efficiency: 0.271
mdot_h2: 23.64 g/s

-----------------------
ptotal_climb: 3,367 kW, mtom_est: 12,824 kg, mtom: 12,820 kg, residual: +4.47 kg

Reynolds_number: 11,112,677
Stack prop output power: 1,278 kW, Pcomp: 65.9 kW
Cell efficiency: 0.300, Output efficiency: 0.271
mdot_h2: 31.77 g/s
Reynolds_number: 11,112,677
Stack prop output power: 1,278 kW, Pcomp: 65.9 kW
Cell efficiency: 0.300, Output efficiency: 0.271
mdot_h2: 31.77 g/s
Reynolds_number: 6,709,346
Stack prop output power: 951 kW, Pcomp: 8.3 kW
Cell efficiency: 0.305, Output efficiency: 0.287
mdot_h2: 22.30 g/s
Reynolds_number: 6,709,346
Stack prop output power: 951 kW, Pcomp: 8.3 kW
Cell efficiency: 0.305, Output efficiency: 0.287
mdot_h2: 22.30 g/s

CONVERGED
======================================================
======================= ITER 1 =======================
Reynolds_number: 11,112,677
Stack prop output power: 1,315 kW, Pcomp: 67.8 kW
Cell efficiency: 0.300, Output efficiency: 0.271
mdot_h2: 32.69 g/s
Reynolds_number: 11,112,677
Stack prop output power: 1,315 kW, Pcomp: 67.8 kW
Cell efficiency: 0.300, Output efficiency: 0.271
mdot_h2: 32.69 g/s
Reynolds_number: 11,112,677
Stack prop output power: 979 kW, Pcomp: 8.8 kW
Cell efficiency: 0.281, Output efficiency: 0.264
mdot_h2: 24.92 g/s
Reynolds_number: 11,112,677
Stack prop output power: 979 kW, Pcomp: 8.8 kW
Cell efficiency: 0.281, Output efficiency: 0.264
mdot_h2: 24.92 g/s
Reynolds_number: 11,112,677
Stack prop output power: 979 kW, Pcomp: 50.5 kW
Cell efficiency: 0.300, Output efficiency: 0.271
mdot_h2: 24.33 g/s

-----------------------
ptotal_climb: 3,465 kW, mtom_est: 13,062 kg, mtom: 12,824 kg, residual: +237.39 kg

MTOM update: fixed_point_fallback, relax=1.000 -> mtom_next=12,942.95 kg

======================================================
======================= ITER 2 =======================
Reynolds_number: 11,112,677
Stack prop output power: 1,327 kW, Pcomp: 68.4 kW
Cell efficiency: 0.300, Output efficiency: 0.271
mdot_h2: 32.99 g/s
Reynolds_number: 11,112,677
Stack prop output power: 1,327 kW, Pcomp: 68.4 kW
Cell efficiency: 0.300, Output efficiency: 0.271
mdot_h2: 32.99 g/s
Reynolds_number: 11,112,677
Stack prop output power: 988 kW, Pcomp: 8.9 kW
Cell efficiency: 0.281, Output efficiency: 0.264
mdot_h2: 25.15 g/s
Reynolds_number: 11,112,677
Stack prop output power: 988 kW, Pcomp: 8.9 kW
Cell efficiency: 0.281, Output efficiency: 0.264
mdot_h2: 25.15 g/s
Reynolds_number: 11,112,677
Stack prop output power: 988 kW, Pcomp: 50.9 kW
Cell efficiency: 0.300, Output efficiency: 0.271
mdot_h2: 24.56 g/s

-----------------------
ptotal_climb: 3,497 kW, mtom_est: 13,163 kg, mtom: 12,943 kg, residual: +220.25 kg

MTOM update: newton, relax=1.000 -> mtom_next=14,237.24 kg

======================================================
======================= ITER 3 =======================
Reynolds_number: 11,112,677
Stack prop output power: 1,460 kW, Pcomp: 75.3 kW
Cell efficiency: 0.300, Output efficiency: 0.271
mdot_h2: 36.29 g/s
Reynolds_number: 11,112,677
Stack prop output power: 1,460 kW, Pcomp: 75.3 kW
Cell efficiency: 0.300, Output efficiency: 0.271
mdot_h2: 36.29 g/s
Reynolds_number: 11,112,677
Stack prop output power: 1,086 kW, Pcomp: 9.8 kW
Cell efficiency: 0.281, Output efficiency: 0.264
mdot_h2: 27.66 g/s
Reynolds_number: 11,112,677
Stack prop output power: 1,086 kW, Pcomp: 9.8 kW
Cell efficiency: 0.281, Output efficiency: 0.264
mdot_h2: 27.66 g/s
Reynolds_number: 11,112,677
Stack prop output power: 1,086 kW, Pcomp: 56.0 kW
Cell efficiency: 0.300, Output efficiency: 0.271
mdot_h2: 27.01 g/s

-----------------------
ptotal_climb: 3,846 kW, mtom_est: 14,261 kg, mtom: 14,237 kg, residual: +24.03 kg

MTOM update: newton, relax=1.000 -> mtom_next=14,395.76 kg

======================================================
======================= ITER 4 =======================
Reynolds_number: 11,112,677
Stack prop output power: 1,476 kW, Pcomp: 76.1 kW
Cell efficiency: 0.300, Output efficiency: 0.271
mdot_h2: 36.70 g/s
Reynolds_number: 11,112,677
Stack prop output power: 1,476 kW, Pcomp: 76.1 kW
Cell efficiency: 0.300, Output efficiency: 0.271
mdot_h2: 36.70 g/s
Reynolds_number: 11,112,677
Stack prop output power: 1,099 kW, Pcomp: 9.9 kW
Cell efficiency: 0.281, Output efficiency: 0.264
mdot_h2: 27.97 g/s
Reynolds_number: 11,112,677
Stack prop output power: 1,099 kW, Pcomp: 9.9 kW
Cell efficiency: 0.281, Output efficiency: 0.264
mdot_h2: 27.97 g/s
Reynolds_number: 11,112,677
Stack prop output power: 1,099 kW, Pcomp: 56.7 kW
Cell efficiency: 0.300, Output efficiency: 0.271
mdot_h2: 27.31 g/s

-----------------------
ptotal_climb: 3,889 kW, mtom_est: 14,396 kg, mtom: 14,396 kg, residual: +0.52 kg

Reynolds_number: 11,112,677
Stack prop output power: 1,476 kW, Pcomp: 76.1 kW
Cell efficiency: 0.300, Output efficiency: 0.271
mdot_h2: 36.70 g/s
Reynolds_number: 11,112,677
Stack prop output power: 1,476 kW, Pcomp: 76.1 kW
Cell efficiency: 0.300, Output efficiency: 0.271
mdot_h2: 36.70 g/s
Reynolds_number: 6,709,346
Stack prop output power: 1,099 kW, Pcomp: 9.6 kW
Cell efficiency: 0.305, Output efficiency: 0.287
mdot_h2: 25.76 g/s
Reynolds_number: 6,709,346
Stack prop output power: 1,099 kW, Pcomp: 9.6 kW
Cell efficiency: 0.305, Output efficiency: 0.287
mdot_h2: 25.76 g/s

CONVERGED
======================================================
======================= ITER 1 =======================
Reynolds_number: 11,112,677
Stack prop output power: 1,518 kW, Pcomp: 78.3 kW
Cell efficiency: 0.300, Output efficiency: 0.271
mdot_h2: 37.73 g/s
Reynolds_number: 11,112,677
Stack prop output power: 1,518 kW, Pcomp: 78.3 kW
Cell efficiency: 0.300, Output efficiency: 0.271
mdot_h2: 37.73 g/s
Reynolds_number: 11,112,677
Stack prop output power: 1,129 kW, Pcomp: 10.2 kW
Cell efficiency: 0.281, Output efficiency: 0.264
mdot_h2: 28.76 g/s
Reynolds_number: 11,112,677
Stack prop output power: 1,129 kW, Pcomp: 10.2 kW
Cell efficiency: 0.281, Output efficiency: 0.264
mdot_h2: 28.76 g/s
Reynolds_number: 11,112,677
Stack prop output power: 1,129 kW, Pcomp: 58.2 kW
Cell efficiency: 0.300, Output efficiency: 0.271
mdot_h2: 28.08 g/s

-----------------------
ptotal_climb: 3,999 kW, mtom_est: 14,664 kg, mtom: 14,396 kg, residual: +267.24 kg

MTOM update: fixed_point_fallback, relax=1.000 -> mtom_next=14,529.90 kg

======================================================
======================= ITER 2 =======================
Reynolds_number: 11,112,677
Stack prop output power: 1,532 kW, Pcomp: 79.0 kW
Cell efficiency: 0.300, Output efficiency: 0.271
mdot_h2: 38.08 g/s
Reynolds_number: 11,112,677
Stack prop output power: 1,532 kW, Pcomp: 79.0 kW
Cell efficiency: 0.300, Output efficiency: 0.271
mdot_h2: 38.08 g/s
Reynolds_number: 11,112,677
Stack prop output power: 1,140 kW, Pcomp: 10.2 kW
Cell efficiency: 0.281, Output efficiency: 0.264
mdot_h2: 29.03 g/s
Reynolds_number: 11,112,677
Stack prop output power: 1,140 kW, Pcomp: 10.2 kW
Cell efficiency: 0.281, Output efficiency: 0.264
mdot_h2: 29.03 g/s
Reynolds_number: 11,112,677
Stack prop output power: 1,140 kW, Pcomp: 58.8 kW
Cell efficiency: 0.300, Output efficiency: 0.271
mdot_h2: 28.34 g/s

-----------------------
ptotal_climb: 4,036 kW, mtom_est: 14,783 kg, mtom: 14,530 kg, residual: +252.73 kg

MTOM update: newton, relax=1.000 -> mtom_next=15,982.89 kg

======================================================
======================= ITER 3 =======================
Reynolds_number: 11,112,677
Stack prop output power: 1,685 kW, Pcomp: 86.9 kW
Cell efficiency: 0.300, Output efficiency: 0.271
mdot_h2: 41.89 g/s
Reynolds_number: 11,112,677
Stack prop output power: 1,685 kW, Pcomp: 86.9 kW
Cell efficiency: 0.300, Output efficiency: 0.271
mdot_h2: 41.89 g/s
Reynolds_number: 11,112,677
Stack prop output power: 1,254 kW, Pcomp: 11.3 kW
Cell efficiency: 0.281, Output efficiency: 0.264
mdot_h2: 31.93 g/s
Reynolds_number: 11,112,677
Stack prop output power: 1,254 kW, Pcomp: 11.3 kW
Cell efficiency: 0.281, Output efficiency: 0.264
mdot_h2: 31.93 g/s
Reynolds_number: 11,112,677
Stack prop output power: 1,254 kW, Pcomp: 64.7 kW
Cell efficiency: 0.300, Output efficiency: 0.271
mdot_h2: 31.18 g/s

-----------------------
ptotal_climb: 4,439 kW, mtom_est: 16,047 kg, mtom: 15,983 kg, residual: +64.18 kg

MTOM update: newton, relax=1.000 -> mtom_next=16,477.49 kg

======================================================
======================= ITER 4 =======================
Reynolds_number: 11,112,677
Stack prop output power: 1,737 kW, Pcomp: 89.6 kW
Cell efficiency: 0.300, Output efficiency: 0.271
mdot_h2: 43.19 g/s
Reynolds_number: 11,112,677
Stack prop output power: 1,737 kW, Pcomp: 89.6 kW
Cell efficiency: 0.300, Output efficiency: 0.271
mdot_h2: 43.19 g/s
Reynolds_number: 11,112,677
Stack prop output power: 1,293 kW, Pcomp: 11.6 kW
Cell efficiency: 0.281, Output efficiency: 0.264
mdot_h2: 32.92 g/s
Reynolds_number: 11,112,677
Stack prop output power: 1,293 kW, Pcomp: 11.6 kW
Cell efficiency: 0.281, Output efficiency: 0.264
mdot_h2: 32.92 g/s
Reynolds_number: 11,112,677
Stack prop output power: 1,293 kW, Pcomp: 66.7 kW
Cell efficiency: 0.300, Output efficiency: 0.271
mdot_h2: 32.14 g/s

-----------------------
ptotal_climb: 4,577 kW, mtom_est: 16,480 kg, mtom: 16,477 kg, residual: +2.63 kg

Reynolds_number: 11,112,677
Stack prop output power: 1,737 kW, Pcomp: 89.6 kW
Cell efficiency: 0.300, Output efficiency: 0.271
mdot_h2: 43.19 g/s
Reynolds_number: 11,112,677
Stack prop output power: 1,737 kW, Pcomp: 89.6 kW
Cell efficiency: 0.300, Output efficiency: 0.271
mdot_h2: 43.19 g/s
Reynolds_number: 6,709,346
Stack prop output power: 1,293 kW, Pcomp: 11.3 kW
Cell efficiency: 0.305, Output efficiency: 0.287
mdot_h2: 30.31 g/s
Reynolds_number: 6,709,346
Stack prop output power: 1,293 kW, Pcomp: 11.3 kW
Cell efficiency: 0.305, Output efficiency: 0.287
mdot_h2: 30.31 g/s

CONVERGED
======================================================
======================= ITER 1 =======================
Reynolds_number: 11,112,677
Stack prop output power: 1,785 kW, Pcomp: 92.1 kW
Cell efficiency: 0.300, Output efficiency: 0.271
mdot_h2: 44.39 g/s
Reynolds_number: 11,112,677
Stack prop output power: 1,785 kW, Pcomp: 92.1 kW
Cell efficiency: 0.300, Output efficiency: 0.271
mdot_h2: 44.39 g/s
Reynolds_number: 11,112,677
Stack prop output power: 1,329 kW, Pcomp: 11.9 kW
Cell efficiency: 0.281, Output efficiency: 0.264
mdot_h2: 33.83 g/s
Reynolds_number: 11,112,677
Stack prop output power: 1,329 kW, Pcomp: 11.9 kW
Cell efficiency: 0.281, Output efficiency: 0.264
mdot_h2: 33.83 g/s
Reynolds_number: 11,112,677
Stack prop output power: 1,329 kW, Pcomp: 68.5 kW
Cell efficiency: 0.300, Output efficiency: 0.271
mdot_h2: 33.03 g/s

-----------------------
ptotal_climb: 4,704 kW, mtom_est: 16,791 kg, mtom: 16,480 kg, residual: +310.69 kg

MTOM update: fixed_point_fallback, relax=1.000 -> mtom_next=16,635.46 kg

======================================================
======================= ITER 2 =======================
Reynolds_number: 11,112,677
Stack prop output power: 1,802 kW, Pcomp: 92.9 kW
Cell efficiency: 0.300, Output efficiency: 0.271
mdot_h2: 44.80 g/s
Reynolds_number: 11,112,677
Stack prop output power: 1,802 kW, Pcomp: 92.9 kW
Cell efficiency: 0.300, Output efficiency: 0.271
mdot_h2: 44.80 g/s
Reynolds_number: 11,112,677
Stack prop output power: 1,341 kW, Pcomp: 12.1 kW
Cell efficiency: 0.281, Output efficiency: 0.264
mdot_h2: 34.15 g/s
Reynolds_number: 11,112,677
Stack prop output power: 1,341 kW, Pcomp: 12.1 kW
Cell efficiency: 0.281, Output efficiency: 0.264
mdot_h2: 34.15 g/s
Reynolds_number: 11,112,677
Stack prop output power: 1,341 kW, Pcomp: 69.2 kW
Cell efficiency: 0.300, Output efficiency: 0.271
mdot_h2: 33.35 g/s

-----------------------
ptotal_climb: 4,748 kW, mtom_est: 16,930 kg, mtom: 16,635 kg, residual: +294.70 kg

MTOM update: newton, relax=1.000 -> mtom_next=18,299.01 kg

======================================================
======================= ITER 3 =======================
Reynolds_number: 11,112,677
Stack prop output power: 1,982 kW, Pcomp: 102.2 kW
Cell efficiency: 0.300, Output efficiency: 0.271
mdot_h2: 49.28 g/s
Reynolds_number: 11,112,677
Stack prop output power: 1,982 kW, Pcomp: 102.2 kW
Cell efficiency: 0.300, Output efficiency: 0.271
mdot_h2: 49.28 g/s
Reynolds_number: 11,112,677
Stack prop output power: 1,475 kW, Pcomp: 13.3 kW
Cell efficiency: 0.281, Output efficiency: 0.264
mdot_h2: 37.57 g/s
Reynolds_number: 11,112,677
Stack prop output power: 1,475 kW, Pcomp: 13.3 kW
Cell efficiency: 0.281, Output efficiency: 0.264
mdot_h2: 37.57 g/s
Reynolds_number: 11,112,677
Stack prop output power: 1,475 kW, Pcomp: 76.1 kW
Cell efficiency: 0.300, Output efficiency: 0.271
mdot_h2: 36.68 g/s

-----------------------
ptotal_climb: 5,223 kW, mtom_est: 18,422 kg, mtom: 18,299 kg, residual: +123.07 kg

MTOM update: newton, relax=1.000 -> mtom_next=19,491.91 kg

======================================================
======================= ITER 4 =======================
Reynolds_number: 11,112,677
Stack prop output power: 2,111 kW, Pcomp: 108.9 kW
Cell efficiency: 0.300, Output efficiency: 0.271
mdot_h2: 52.50 g/s
Reynolds_number: 11,112,677
Stack prop output power: 2,111 kW, Pcomp: 108.9 kW
Cell efficiency: 0.300, Output efficiency: 0.271
mdot_h2: 52.50 g/s
Reynolds_number: 11,112,677
Stack prop output power: 1,571 kW, Pcomp: 14.1 kW
Cell efficiency: 0.281, Output efficiency: 0.264
mdot_h2: 40.02 g/s
Reynolds_number: 11,112,677
Stack prop output power: 1,571 kW, Pcomp: 14.1 kW
Cell efficiency: 0.281, Output efficiency: 0.264
mdot_h2: 40.02 g/s
Reynolds_number: 11,112,677
Stack prop output power: 1,571 kW, Pcomp: 81.0 kW
Cell efficiency: 0.300, Output efficiency: 0.271
mdot_h2: 39.07 g/s

-----------------------
ptotal_climb: 5,563 kW, mtom_est: 19,496 kg, mtom: 19,492 kg, residual: +4.05 kg

Reynolds_number: 11,112,677
Stack prop output power: 2,111 kW, Pcomp: 108.9 kW
Cell efficiency: 0.300, Output efficiency: 0.271
mdot_h2: 52.50 g/s
Reynolds_number: 11,112,677
Stack prop output power: 2,111 kW, Pcomp: 108.9 kW
Cell efficiency: 0.300, Output efficiency: 0.271
mdot_h2: 52.50 g/s
Reynolds_number: 6,709,346
Stack prop output power: 1,571 kW, Pcomp: 13.7 kW
Cell efficiency: 0.305, Output efficiency: 0.287
mdot_h2: 36.85 g/s
Reynolds_number: 6,709,346
Stack prop output power: 1,571 kW, Pcomp: 13.7 kW
Cell efficiency: 0.305, Output efficiency: 0.287
mdot_h2: 36.85 g/s

CONVERGED
======================================================
======================= ITER 1 =======================
Reynolds_number: 11,112,677
Stack prop output power: 2,169 kW, Pcomp: 111.9 kW
Cell efficiency: 0.300, Output efficiency: 0.271
mdot_h2: 53.93 g/s
Reynolds_number: 11,112,677
Stack prop output power: 2,169 kW, Pcomp: 111.9 kW
Cell efficiency: 0.300, Output efficiency: 0.271
mdot_h2: 53.93 g/s
Reynolds_number: 11,112,677
Stack prop output power: 1,614 kW, Pcomp: 14.5 kW
Cell efficiency: 0.281, Output efficiency: 0.264
mdot_h2: 41.11 g/s
Reynolds_number: 11,112,677
Stack prop output power: 1,614 kW, Pcomp: 14.5 kW
Cell efficiency: 0.281, Output efficiency: 0.264
mdot_h2: 41.11 g/s
Reynolds_number: 11,112,677
Stack prop output power: 1,614 kW, Pcomp: 83.3 kW
Cell efficiency: 0.300, Output efficiency: 0.271
mdot_h2: 40.14 g/s

-----------------------
ptotal_climb: 5,716 kW, mtom_est: 19,879 kg, mtom: 19,496 kg, residual: +383.25 kg

MTOM update: fixed_point_fallback, relax=1.000 -> mtom_next=19,687.59 kg

======================================================
======================= ITER 2 =======================
Reynolds_number: 11,112,677
Stack prop output power: 2,191 kW, Pcomp: 113.0 kW
Cell efficiency: 0.300, Output efficiency: 0.271
mdot_h2: 54.46 g/s
Reynolds_number: 11,112,677
Stack prop output power: 2,191 kW, Pcomp: 113.0 kW
Cell efficiency: 0.300, Output efficiency: 0.271
mdot_h2: 54.46 g/s
Reynolds_number: 11,112,677
Stack prop output power: 1,630 kW, Pcomp: 14.7 kW
Cell efficiency: 0.281, Output efficiency: 0.264
mdot_h2: 41.51 g/s
Reynolds_number: 11,112,677
Stack prop output power: 1,630 kW, Pcomp: 14.7 kW
Cell efficiency: 0.281, Output efficiency: 0.264
mdot_h2: 41.51 g/s
Reynolds_number: 11,112,677
Stack prop output power: 1,630 kW, Pcomp: 84.1 kW
Cell efficiency: 0.300, Output efficiency: 0.271
mdot_h2: 40.53 g/s

-----------------------
ptotal_climb: 5,772 kW, mtom_est: 20,050 kg, mtom: 19,688 kg, residual: +362.85 kg

MTOM update: newton, relax=1.000 -> mtom_next=21,656.35 kg

======================================================
======================= ITER 3 =======================
Reynolds_number: 11,112,677
Stack prop output power: 2,410 kW, Pcomp: 124.3 kW
Cell efficiency: 0.300, Output efficiency: 0.271
mdot_h2: 59.91 g/s
Reynolds_number: 11,112,677
Stack prop output power: 2,410 kW, Pcomp: 124.3 kW
Cell efficiency: 0.300, Output efficiency: 0.271
mdot_h2: 59.91 g/s
Reynolds_number: 11,112,677
Stack prop output power: 1,793 kW, Pcomp: 16.1 kW
Cell efficiency: 0.281, Output efficiency: 0.264
mdot_h2: 45.67 g/s
Reynolds_number: 11,112,677
Stack prop output power: 1,793 kW, Pcomp: 16.1 kW
Cell efficiency: 0.281, Output efficiency: 0.264
mdot_h2: 45.67 g/s
Reynolds_number: 11,112,677
Stack prop output power: 1,793 kW, Pcomp: 92.5 kW
Cell efficiency: 0.300, Output efficiency: 0.271
mdot_h2: 44.59 g/s

-----------------------
ptotal_climb: 6,349 kW, mtom_est: 21,864 kg, mtom: 21,656 kg, residual: +207.43 kg

MTOM update: newton, relax=1.000 -> mtom_next=23,821.98 kg

======================================================
======================= ITER 4 =======================
Reynolds_number: 11,112,677
Stack prop output power: 2,651 kW, Pcomp: 136.7 kW
Cell efficiency: 0.300, Output efficiency: 0.271
mdot_h2: 65.90 g/s
Reynolds_number: 11,112,677
Stack prop output power: 2,651 kW, Pcomp: 136.7 kW
Cell efficiency: 0.300, Output efficiency: 0.271
mdot_h2: 65.90 g/s
Reynolds_number: 11,112,677
Stack prop output power: 1,973 kW, Pcomp: 17.7 kW
Cell efficiency: 0.281, Output efficiency: 0.264
mdot_h2: 50.23 g/s
Reynolds_number: 11,112,677
Stack prop output power: 1,973 kW, Pcomp: 17.7 kW
Cell efficiency: 0.281, Output efficiency: 0.264
mdot_h2: 50.23 g/s
Reynolds_number: 11,112,677
Stack prop output power: 1,973 kW, Pcomp: 101.7 kW
Cell efficiency: 0.300, Output efficiency: 0.271
mdot_h2: 49.05 g/s

-----------------------
ptotal_climb: 6,984 kW, mtom_est: 23,872 kg, mtom: 23,822 kg, residual: +49.83 kg

MTOM update: newton, relax=1.000 -> mtom_next=24,506.66 kg

======================================================
======================= ITER 5 =======================
Reynolds_number: 11,112,677
Stack prop output power: 2,727 kW, Pcomp: 140.6 kW
Cell efficiency: 0.300, Output efficiency: 0.271
mdot_h2: 67.79 g/s
Reynolds_number: 11,112,677
Stack prop output power: 2,727 kW, Pcomp: 140.6 kW
Cell efficiency: 0.300, Output efficiency: 0.271
mdot_h2: 67.79 g/s
Reynolds_number: 11,112,677
Stack prop output power: 2,029 kW, Pcomp: 18.2 kW
Cell efficiency: 0.281, Output efficiency: 0.264
mdot_h2: 51.68 g/s
Reynolds_number: 11,112,677
Stack prop output power: 2,029 kW, Pcomp: 18.2 kW
Cell efficiency: 0.281, Output efficiency: 0.264
mdot_h2: 51.68 g/s
Reynolds_number: 11,112,677
Stack prop output power: 2,029 kW, Pcomp: 104.7 kW
Cell efficiency: 0.300, Output efficiency: 0.271
mdot_h2: 50.46 g/s

-----------------------
ptotal_climb: 7,184 kW, mtom_est: 24,508 kg, mtom: 24,507 kg, residual: +1.74 kg

Reynolds_number: 11,112,677
Stack prop output power: 2,727 kW, Pcomp: 140.6 kW
Cell efficiency: 0.300, Output efficiency: 0.271
mdot_h2: 67.79 g/s
Reynolds_number: 11,112,677
Stack prop output power: 2,727 kW, Pcomp: 140.6 kW
Cell efficiency: 0.300, Output efficiency: 0.271
mdot_h2: 67.79 g/s
Reynolds_number: 6,709,346
Stack prop output power: 2,029 kW, Pcomp: 17.7 kW
Cell efficiency: 0.305, Output efficiency: 0.287
mdot_h2: 47.59 g/s
Reynolds_number: 6,709,346
Stack prop output power: 2,029 kW, Pcomp: 17.7 kW
Cell efficiency: 0.305, Output efficiency: 0.287
mdot_h2: 47.59 g/s

CONVERGED
======================================================
======================= ITER 1 =======================
Reynolds_number: 11,112,677
Stack prop output power: 2,800 kW, Pcomp: 144.4 kW
Cell efficiency: 0.300, Output efficiency: 0.271
mdot_h2: 69.60 g/s
Reynolds_number: 11,112,677
Stack prop output power: 2,800 kW, Pcomp: 144.4 kW
Cell efficiency: 0.300, Output efficiency: 0.271
mdot_h2: 69.60 g/s
Reynolds_number: 11,112,677
Stack prop output power: 2,084 kW, Pcomp: 18.7 kW
Cell efficiency: 0.281, Output efficiency: 0.264
mdot_h2: 53.06 g/s
Reynolds_number: 11,112,677
Stack prop output power: 2,084 kW, Pcomp: 18.7 kW
Cell efficiency: 0.281, Output efficiency: 0.264
mdot_h2: 53.06 g/s
Reynolds_number: 11,112,677
Stack prop output power: 2,084 kW, Pcomp: 107.5 kW
Cell efficiency: 0.300, Output efficiency: 0.271
mdot_h2: 51.80 g/s

-----------------------
ptotal_climb: 7,376 kW, mtom_est: 24,982 kg, mtom: 24,508 kg, residual: +473.41 kg

MTOM update: fixed_point_fallback, relax=1.000 -> mtom_next=24,745.11 kg

======================================================
======================= ITER 2 =======================
Reynolds_number: 11,112,677
Stack prop output power: 2,827 kW, Pcomp: 145.8 kW
Cell efficiency: 0.300, Output efficiency: 0.271
mdot_h2: 70.28 g/s
Reynolds_number: 11,112,677
Stack prop output power: 2,827 kW, Pcomp: 145.8 kW
Cell efficiency: 0.300, Output efficiency: 0.271
mdot_h2: 70.28 g/s
Reynolds_number: 11,112,677
Stack prop output power: 2,104 kW, Pcomp: 18.9 kW
Cell efficiency: 0.281, Output efficiency: 0.264
mdot_h2: 53.57 g/s
Reynolds_number: 11,112,677
Stack prop output power: 2,104 kW, Pcomp: 18.9 kW
Cell efficiency: 0.281, Output efficiency: 0.264
mdot_h2: 53.57 g/s
Reynolds_number: 11,112,677
Stack prop output power: 2,104 kW, Pcomp: 108.5 kW
Cell efficiency: 0.300, Output efficiency: 0.271
mdot_h2: 52.30 g/s

-----------------------
ptotal_climb: 7,447 kW, mtom_est: 25,208 kg, mtom: 24,745 kg, residual: +462.74 kg

MTOM update: newton, relax=1.000 -> mtom_next=27,219.62 kg

======================================================
======================= ITER 3 =======================
Reynolds_number: 11,112,677
Stack prop output power: 3,109 kW, Pcomp: 160.3 kW
Cell efficiency: 0.300, Output efficiency: 0.271
mdot_h2: 77.30 g/s
Reynolds_number: 11,112,677
Stack prop output power: 3,109 kW, Pcomp: 160.3 kW
Cell efficiency: 0.300, Output efficiency: 0.271
mdot_h2: 77.30 g/s
Reynolds_number: 11,112,677
Stack prop output power: 2,314 kW, Pcomp: 20.8 kW
Cell efficiency: 0.281, Output efficiency: 0.264
mdot_h2: 58.92 g/s
Reynolds_number: 11,112,677
Stack prop output power: 2,314 kW, Pcomp: 20.8 kW
Cell efficiency: 0.281, Output efficiency: 0.264
mdot_h2: 58.92 g/s
Reynolds_number: 11,112,677
Stack prop output power: 2,314 kW, Pcomp: 119.3 kW
Cell efficiency: 0.300, Output efficiency: 0.271
mdot_h2: 57.53 g/s

-----------------------
ptotal_climb: 8,192 kW, mtom_est: 27,567 kg, mtom: 27,220 kg, residual: +347.30 kg

MTOM update: newton, relax=1.000 -> mtom_next=29,941.58 kg

======================================================
======================= ITER 4 =======================
Reynolds_number: 11,112,677
Stack prop output power: 3,420 kW, Pcomp: 176.4 kW
Cell efficiency: 0.300, Output efficiency: 0.271
mdot_h2: 85.03 g/s
Reynolds_number: 11,112,677
Stack prop output power: 3,420 kW, Pcomp: 176.4 kW
Cell efficiency: 0.300, Output efficiency: 0.271
mdot_h2: 85.03 g/s
Reynolds_number: 11,112,677
Traceback (most recent call last):
  File "/home/shoh95/Programming/HFCAD/app/main.py", line 2669, in <module>
    main()
  File "/home/shoh95/Programming/HFCAD/app/main.py", line 2643, in main
    cfg_used, phases, mass, _trade_df = runner.run(out_dir=out_dir)
                                        ^^^^^^^^^^^^^^^^^^^^^^^^^^^
  File "/home/shoh95/Programming/HFCAD/app/main.py", line 2145, in run
    return self._run_min_mtom(out_dir=out_dir)
           ^^^^^^^^^^^^^^^^^^^^^^^^^^^^^^^^^^^
  File "/home/shoh95/Programming/HFCAD/app/main.py", line 2245, in _run_min_mtom
    phases_i, mass_i = design.run(initial_mtom_kg=mtom_seed, initial_total_power_guess_w=p_seed)
                       ^^^^^^^^^^^^^^^^^^^^^^^^^^^^^^^^^^^^^^^^^^^^^^^^^^^^^^^^^^^^^^^^^^^^^^^^^
  File "/home/shoh95/Programming/HFCAD/app/main.py", line 1745, in run
    phases["climb"] = self._phase_solver.solve(
                      ^^^^^^^^^^^^^^^^^^^^^^^^^
  File "/home/shoh95/Programming/HFCAD/app/main.py", line 1257, in solve
    nacelle = self._fc.size_nacelle(
              ^^^^^^^^^^^^^^^^^^^^^^
  File "/home/shoh95/Programming/HFCAD/app/main.py", line 1114, in size_nacelle
    geom_comp, power_comp, rho_humid_in, m_dot_comp = compressor_performance_model(
                                                      ^^^^^^^^^^^^^^^^^^^^^^^^^^^^^
  File "/home/shoh95/Programming/HFCAD/app/models/compressor_performance.py", line 100, in compressor_performance_model
    raise ValueError("Rotor outlet enthalpy too high. Reduce RPM!")
ValueError: Rotor outlet enthalpy too high. Reduce RPM!

[run_sweep] FAIL criteria: artifact not found or empty
[run_sweep] expected artifact: results/input_sweep_r7/h3000_M0.35_R2000km_PL1000kg/ConvergedData.txt
[run_sweep] exit code: 1
