[command] /home/shoh95/anaconda3/envs/aerofc/bin/python /home/shoh95/Programming/HFCAD/app/main.py -i /home/shoh95/Programming/HFCAD/app/input_sweep_r22/h2000_M0.35_R1500km_PL1000kg.ini --outdir /home/shoh95/Programming/HFCAD/results/input_sweep_r22
[start] 2026-02-21 00:32:39

Auto-widening W/S scan window for min_combined_pw: 1900.0..2600.0 -> 1725.0..2775.0 Pa (factor 1.500, lower_hit=True, upper_hit=False, min_on_edge=False).
Auto-widening W/S scan window for min_combined_pw: 1725.0..2775.0 -> 1462.5..3037.5 Pa (factor 1.500, lower_hit=True, upper_hit=False, min_on_edge=False).
ADRpy constraint sizing (min_combined_pw): W/S=2112.5 Pa (215.42 kg/m^2), P/W_TO=0.16953 kW/kg, P/W_climb=0.16894 kW/kg, P/W_cruise=0.12706 kW/kg
Curve minimum (combined/combined): W/S=2112.5 Pa (215.42 kg/m^2), P/W=0.16953 kW/kg
Curve minimum (takeoff/take-off): W/S=1462.5 Pa (149.13 kg/m^2), P/W=0.10196 kW/kg
Curve minimum (climb/climb): W/S=2312.5 Pa (235.81 kg/m^2), P/W=0.16652 kW/kg
Curve minimum (cruise/cruise): W/S=2312.5 Pa (235.81 kg/m^2), P/W=0.11922 kW/kg
======================================================
======================= ITER 1 =======================
Fuel-cell system mass representative phase: cruise (P_fc_sys=902.844 kW).

-----------------------
ptotal_climb: 1,161 kW, mtom_est: 5,934 kg, mtom: 5,000 kg, residual: +934.07 kg

MTOM update: initial_bracket_probe_1, relax=1.000 -> mtom_next=5,325.00 kg

======================================================
======================= ITER 2 =======================
Fuel-cell system mass representative phase: cruise (P_fc_sys=961.524 kW).

-----------------------
ptotal_climb: 1,236 kW, mtom_est: 6,161 kg, mtom: 5,325 kg, residual: +836.10 kg

MTOM update: initial_bracket_probe_2, relax=1.000 -> mtom_next=5,650.00 kg

======================================================
======================= ITER 3 =======================
Fuel-cell system mass representative phase: cruise (P_fc_sys=1020.209 kW).

-----------------------
ptotal_climb: 1,312 kW, mtom_est: 6,388 kg, mtom: 5,650 kg, residual: +738.35 kg

MTOM update: newton_prebracket, relax=1.000 -> mtom_next=7,627.50 kg

======================================================
======================= ITER 4 =======================
Fuel-cell system mass representative phase: cruise (P_fc_sys=1377.272 kW).

-----------------------
ptotal_climb: 1,771 kW, mtom_est: 7,782 kg, mtom: 7,628 kg, residual: +154.33 kg

MTOM update: newton_prebracket, relax=1.000 -> mtom_next=8,150.07 kg

======================================================
======================= ITER 5 =======================
Fuel-cell system mass representative phase: cruise (P_fc_sys=1471.640 kW).

-----------------------
ptotal_climb: 1,892 kW, mtom_est: 8,152 kg, mtom: 8,150 kg, residual: +1.86 kg


CONVERGED

CONVERGED STATE [MTOM iteration 5]
  MTOM=8,152 kg | Wing loading=215.46 kg/m^2 | P/W(climb)=232.07 W/kg
  Phase power: climb=1,891.8 kW | cruise=1,471.6 kW | loiter=1,177.3 kW | takeoff=1,898.2 kW | cruise+charger=1,471.6 kW
  Power split (climb): FC=1,409.4 kW | Battery=469.8 kW | Compressor=12.6 kW | Cooling=588.3 kW | H2=34.860 g/s
  Compressor max across phases: 47.4 kW (cruise)
  FC representative phase (mass sizing): cruise (1,471.6 kW)
  Mass summary: MTOM=8,152 kg | Powertrain=2,323 kg | Tank=1,048.1 kg | Fuel=465.8 kg | Battery=197.4 kg | Nacelle power density=0.77 kW/kg
  Geometry: Main wing area=37.83 m^2 | Horizontal tail area=4.782 m^2 | Horizontal tail location=16.274 m | Vertical tail area=4.839 m^2 | Vertical tail location=15.766 m
  Config: wing loading input=215.42 kg/m^2 | P/W TO/Cl/Cr/Lo=0.16953/0.16894/0.12706/0.10165 kW/kg

=============================================================
========================= CONVERGED =========================
=============================================================
Constraint sizing: ENABLED (min_combined_pw)
Input W/S: 215.42 kg/m^2 (2,112.5 Pa)
Input P/W [kW/kg]: takeoff 0.16953, climb 0.16894, cruise 0.12706, loiter 0.10165
Converged P/W [kW/kg]: takeoff 0.23285, climb 0.23207, cruise 0.18053, loiter 0.14442
-------------------------------------------------------------

# Mission Time
Climb time: 5.05 min (0.08 h)
Cruise time: 199.00 min (3.32 h)
Total flight time: 226.05 min (3.77 h)

# Phase Power Breakdown
Phase      Time[min]     Total[kW]    FC Stack[kW]   Battery[kW]   Compressor[kW]   Cooling[kW]   mdot_H2[g/s]
--------------------------------------------------------------------------------------------------------------
ready           0.00          94.6            94.6           0.0              0.0           0.0         0.0
taxi            5.00         189.2           189.2           0.0              0.0           0.0         3.5
takeoff         1.00       1,898.2         1,414.3         471.4             12.4         554.8        33.5
climb           5.05       1,891.8         1,409.4         469.8             12.6         588.3        34.9
cruise        199.00       1,471.6         1,424.3           0.0             47.4         594.7        35.7
loiter         15.00       1,177.3         1,139.4           0.0             37.8         480.1        28.7
landing         1.00           0.0             0.0           0.0              0.0           0.0         0.0

Pcomp_max (solved phases): 47.4 kW (cruise)
Pnet (climb): 1,708 kW
Pelectricnet (climb): 1,879 kW
eta_pt: 0.9031

# Geometry
Main Wing Area: 37.83 m^2
Wingspan: 18.45 m
Fuselage Length: 18.35 m
Hydrogen Tank Length: 9.34 m
Horizontal Tail Area: 4.78 m^2
Vertical Tail Area: 4.84 m^2
Horizontal Tail span: 4.64 m
Vertical Tail span: 3.03 m
Horizontal Tail X_Position: 16.27 m
Vertical Tail X_Position: 15.77 m

# Single Nacelle (1/2)
Stack(1/2): 408 kg, Compressor: 57 kg, Humidifier: 131 kg, HX: 360 kg
Fuelcell System(FCS; Stack+Compressor+Humidifier+Hx): 956 kg
Representative FC phase: cruise
Specific Power of Fuelcell System: 0.769 kW/kg
Stack dimension: dX=0.363 m, dY=0.354 m, dZ=0.354 m
Heat Exchanger dimension: dX=1.347 m, dY=1.347 m, dZ=0.222 m

# ALL Nacelles
FCS_total: 1,913 kg
PMAD: 161 kg
Motors: 249 kg

# Total Mass Breakdown
-----------------------
Powertrain (FCS_total+PMAD+Motors): 2,323 kg
-----------------------
Main Wing: 650 kg
Horizontal Tail: 39 kg
Vertical Tail: 69 kg
Fuselage: 651 kg
Landing gear(main): 243 kg
Landing gear(nose): 65 kg
Flight Control System: 366 kg
Electric System: 300 kg
Instruments: 113 kg
Hydraulics: 98 kg
Furnishing: 525 kg
-----------------------
Operating Empty Mass(OEM): 3,118 kg
-----------------------
Hydrogen Tank: 1,048 kg
Hydrogen Fuel: 465.8 kg
Battery: 197.4 kg
-----------------------
Payload: 1,000 kg
-----------------------
Maximum Takeoff Mass(MTOM): 8,152 kg
-----------------------

Wing loading (MTOM/S_wing): 215.46 kg/m^2
Power-to-weight (maxPow/MTOM): 232.07 W/kg

mdot_H2(cruise): 35.7 g/s
Hydrogen Tank Volume: 20.0 m^3
========================== END ==============================


=============================================================
Execution time: 3.1 seconds
=============================================================
