======================================================
======================= ITER 1 =======================
Reynolds_number: 14,287,728
Stack prop output power: 786 kW, Pcomp: 40.7 kW
Cell efficiency: 0.304, Output efficiency: 0.274
mdot_h2: 19.31 g/s
Reynolds_number: 14,287,728
Stack prop output power: 786 kW, Pcomp: 40.7 kW
Cell efficiency: 0.304, Output efficiency: 0.274
mdot_h2: 19.31 g/s
Reynolds_number: 14,287,728
Stack prop output power: 585 kW, Pcomp: 5.3 kW
Cell efficiency: 0.286, Output efficiency: 0.269
mdot_h2: 14.65 g/s
Reynolds_number: 14,287,728
Stack prop output power: 585 kW, Pcomp: 5.3 kW
Cell efficiency: 0.286, Output efficiency: 0.269
mdot_h2: 14.65 g/s
Reynolds_number: 14,287,728
Stack prop output power: 585 kW, Pcomp: 30.3 kW
Cell efficiency: 0.304, Output efficiency: 0.274
mdot_h2: 14.37 g/s

-----------------------
ptotal_climb: 2,061 kW, mtom_est: 7,073 kg, mtom: 5,000 kg, residual: +2,073.03 kg

MTOM update: fixed_point_prebracket, relax=1.000 -> mtom_next=5,500.00 kg

======================================================
======================= ITER 2 =======================
Reynolds_number: 14,287,728
Stack prop output power: 865 kW, Pcomp: 44.7 kW
Cell efficiency: 0.304, Output efficiency: 0.274
mdot_h2: 21.24 g/s
Reynolds_number: 14,287,728
Stack prop output power: 865 kW, Pcomp: 44.7 kW
Cell efficiency: 0.304, Output efficiency: 0.274
mdot_h2: 21.24 g/s
Reynolds_number: 14,287,728
Stack prop output power: 644 kW, Pcomp: 5.8 kW
Cell efficiency: 0.286, Output efficiency: 0.269
mdot_h2: 16.12 g/s
Reynolds_number: 14,287,728
Stack prop output power: 644 kW, Pcomp: 5.8 kW
Cell efficiency: 0.286, Output efficiency: 0.269
mdot_h2: 16.12 g/s
Reynolds_number: 14,287,728
Stack prop output power: 644 kW, Pcomp: 33.3 kW
Cell efficiency: 0.304, Output efficiency: 0.274
mdot_h2: 15.81 g/s

-----------------------
ptotal_climb: 2,267 kW, mtom_est: 7,537 kg, mtom: 5,500 kg, residual: +2,036.78 kg

MTOM update: fixed_point_prebracket, relax=1.000 -> mtom_next=6,050.00 kg

======================================================
======================= ITER 3 =======================
Reynolds_number: 14,287,728
Stack prop output power: 952 kW, Pcomp: 49.2 kW
Cell efficiency: 0.304, Output efficiency: 0.274
mdot_h2: 23.36 g/s
Reynolds_number: 14,287,728
Stack prop output power: 952 kW, Pcomp: 49.2 kW
Cell efficiency: 0.304, Output efficiency: 0.274
mdot_h2: 23.36 g/s
Reynolds_number: 14,287,728
Stack prop output power: 708 kW, Pcomp: 6.4 kW
Cell efficiency: 0.286, Output efficiency: 0.269
mdot_h2: 17.73 g/s
Reynolds_number: 14,287,728
Stack prop output power: 708 kW, Pcomp: 6.4 kW
Cell efficiency: 0.286, Output efficiency: 0.269
mdot_h2: 17.73 g/s
Reynolds_number: 14,287,728
Stack prop output power: 708 kW, Pcomp: 36.6 kW
Cell efficiency: 0.304, Output efficiency: 0.274
mdot_h2: 17.39 g/s

-----------------------
ptotal_climb: 2,494 kW, mtom_est: 8,048 kg, mtom: 6,050 kg, residual: +1,998.43 kg

MTOM update: fixed_point_prebracket, relax=1.000 -> mtom_next=6,655.00 kg

======================================================
======================= ITER 4 =======================
Reynolds_number: 14,287,728
Stack prop output power: 1,047 kW, Pcomp: 54.1 kW
Cell efficiency: 0.304, Output efficiency: 0.274
mdot_h2: 25.70 g/s
Reynolds_number: 14,287,728
Stack prop output power: 1,047 kW, Pcomp: 54.1 kW
Cell efficiency: 0.304, Output efficiency: 0.274
mdot_h2: 25.70 g/s
Reynolds_number: 14,287,728
Stack prop output power: 779 kW, Pcomp: 7.0 kW
Cell efficiency: 0.286, Output efficiency: 0.269
mdot_h2: 19.50 g/s
Reynolds_number: 14,287,728
Stack prop output power: 779 kW, Pcomp: 7.0 kW
Cell efficiency: 0.286, Output efficiency: 0.269
mdot_h2: 19.50 g/s
Reynolds_number: 14,287,728
Stack prop output power: 779 kW, Pcomp: 40.3 kW
Cell efficiency: 0.304, Output efficiency: 0.274
mdot_h2: 19.12 g/s

-----------------------
ptotal_climb: 2,743 kW, mtom_est: 8,615 kg, mtom: 6,655 kg, residual: +1,959.70 kg

MTOM update: fixed_point_prebracket, relax=1.000 -> mtom_next=7,320.50 kg

======================================================
======================= ITER 5 =======================
Reynolds_number: 14,287,728
Stack prop output power: 1,151 kW, Pcomp: 59.5 kW
Cell efficiency: 0.304, Output efficiency: 0.274
mdot_h2: 28.27 g/s
Reynolds_number: 14,287,728
Stack prop output power: 1,151 kW, Pcomp: 59.5 kW
Cell efficiency: 0.304, Output efficiency: 0.274
mdot_h2: 28.27 g/s
Reynolds_number: 14,287,728
Stack prop output power: 857 kW, Pcomp: 7.7 kW
Cell efficiency: 0.286, Output efficiency: 0.269
mdot_h2: 21.45 g/s
Reynolds_number: 14,287,728
Stack prop output power: 857 kW, Pcomp: 7.7 kW
Cell efficiency: 0.286, Output efficiency: 0.269
mdot_h2: 21.45 g/s
Reynolds_number: 14,287,728
Stack prop output power: 857 kW, Pcomp: 44.3 kW
Cell efficiency: 0.304, Output efficiency: 0.274
mdot_h2: 21.04 g/s

-----------------------
ptotal_climb: 3,017 kW, mtom_est: 9,234 kg, mtom: 7,320 kg, residual: +1,913.93 kg

MTOM update: fixed_point_prebracket, relax=1.000 -> mtom_next=8,052.55 kg

======================================================
======================= ITER 6 =======================
Reynolds_number: 14,287,728
Stack prop output power: 1,267 kW, Pcomp: 65.5 kW
Cell efficiency: 0.304, Output efficiency: 0.274
mdot_h2: 31.09 g/s
Reynolds_number: 14,287,728
Stack prop output power: 1,267 kW, Pcomp: 65.5 kW
Cell efficiency: 0.304, Output efficiency: 0.274
mdot_h2: 31.09 g/s
Reynolds_number: 14,287,728
Stack prop output power: 943 kW, Pcomp: 8.5 kW
Cell efficiency: 0.286, Output efficiency: 0.269
mdot_h2: 23.60 g/s
Reynolds_number: 14,287,728
Stack prop output power: 943 kW, Pcomp: 8.5 kW
Cell efficiency: 0.286, Output efficiency: 0.269
mdot_h2: 23.60 g/s
Reynolds_number: 14,287,728
Stack prop output power: 943 kW, Pcomp: 48.7 kW
Cell efficiency: 0.304, Output efficiency: 0.274
mdot_h2: 23.14 g/s

-----------------------
ptotal_climb: 3,319 kW, mtom_est: 9,920 kg, mtom: 8,053 kg, residual: +1,867.66 kg

MTOM update: fixed_point_prebracket, relax=1.000 -> mtom_next=8,857.81 kg

======================================================
======================= ITER 7 =======================
Reynolds_number: 14,287,728
Stack prop output power: 1,393 kW, Pcomp: 72.1 kW
Cell efficiency: 0.304, Output efficiency: 0.274
mdot_h2: 34.20 g/s
Reynolds_number: 14,287,728
Stack prop output power: 1,393 kW, Pcomp: 72.1 kW
Cell efficiency: 0.304, Output efficiency: 0.274
mdot_h2: 34.20 g/s
Reynolds_number: 14,287,728
Stack prop output power: 1,037 kW, Pcomp: 9.3 kW
Cell efficiency: 0.286, Output efficiency: 0.269
mdot_h2: 25.96 g/s
Reynolds_number: 14,287,728
Stack prop output power: 1,037 kW, Pcomp: 9.3 kW
Cell efficiency: 0.286, Output efficiency: 0.269
mdot_h2: 25.96 g/s
Reynolds_number: 14,287,728
Stack prop output power: 1,037 kW, Pcomp: 53.6 kW
Cell efficiency: 0.304, Output efficiency: 0.274
mdot_h2: 25.45 g/s

-----------------------
ptotal_climb: 3,651 kW, mtom_est: 10,678 kg, mtom: 8,858 kg, residual: +1,820.61 kg

MTOM update: fixed_point_prebracket, relax=1.000 -> mtom_next=9,743.59 kg

======================================================
======================= ITER 8 =======================
Reynolds_number: 14,287,728
Stack prop output power: 1,533 kW, Pcomp: 79.3 kW
Cell efficiency: 0.304, Output efficiency: 0.274
mdot_h2: 37.62 g/s
Reynolds_number: 14,287,728
Stack prop output power: 1,533 kW, Pcomp: 79.3 kW
Cell efficiency: 0.304, Output efficiency: 0.274
mdot_h2: 37.62 g/s
Reynolds_number: 14,287,728
Stack prop output power: 1,141 kW, Pcomp: 10.2 kW
Cell efficiency: 0.286, Output efficiency: 0.269
mdot_h2: 28.56 g/s
Reynolds_number: 14,287,728
Stack prop output power: 1,141 kW, Pcomp: 10.2 kW
Cell efficiency: 0.286, Output efficiency: 0.269
mdot_h2: 28.56 g/s
Reynolds_number: 14,287,728
Stack prop output power: 1,141 kW, Pcomp: 59.0 kW
Cell efficiency: 0.304, Output efficiency: 0.274
mdot_h2: 28.00 g/s

-----------------------
ptotal_climb: 4,016 kW, mtom_est: 11,515 kg, mtom: 9,744 kg, residual: +1,771.54 kg

MTOM update: fixed_point_prebracket, relax=1.000 -> mtom_next=10,629.36 kg

======================================================
======================= ITER 9 =======================
Reynolds_number: 14,287,728
Stack prop output power: 1,672 kW, Pcomp: 86.5 kW
Cell efficiency: 0.304, Output efficiency: 0.274
mdot_h2: 41.04 g/s
Reynolds_number: 14,287,728
Stack prop output power: 1,672 kW, Pcomp: 86.5 kW
Cell efficiency: 0.304, Output efficiency: 0.274
mdot_h2: 41.04 g/s
Reynolds_number: 14,287,728
Stack prop output power: 1,244 kW, Pcomp: 11.2 kW
Cell efficiency: 0.286, Output efficiency: 0.269
mdot_h2: 31.15 g/s
Reynolds_number: 14,287,728
Stack prop output power: 1,244 kW, Pcomp: 11.2 kW
Cell efficiency: 0.286, Output efficiency: 0.269
mdot_h2: 31.15 g/s
Reynolds_number: 14,287,728
Stack prop output power: 1,244 kW, Pcomp: 64.3 kW
Cell efficiency: 0.304, Output efficiency: 0.274
mdot_h2: 30.55 g/s

-----------------------
ptotal_climb: 4,381 kW, mtom_est: 12,353 kg, mtom: 10,629 kg, residual: +1,723.97 kg

MTOM update: fixed_point_prebracket, relax=1.000 -> mtom_next=11,491.34 kg

======================================================
======================= ITER 10 =======================
Reynolds_number: 14,287,728
Stack prop output power: 1,807 kW, Pcomp: 93.5 kW
Cell efficiency: 0.304, Output efficiency: 0.274
mdot_h2: 44.37 g/s
Reynolds_number: 14,287,728
Stack prop output power: 1,807 kW, Pcomp: 93.5 kW
Cell efficiency: 0.304, Output efficiency: 0.274
mdot_h2: 44.37 g/s
Reynolds_number: 14,287,728
Stack prop output power: 1,345 kW, Pcomp: 12.1 kW
Cell efficiency: 0.286, Output efficiency: 0.269
mdot_h2: 33.68 g/s
Reynolds_number: 14,287,728
Stack prop output power: 1,345 kW, Pcomp: 12.1 kW
Cell efficiency: 0.286, Output efficiency: 0.269
mdot_h2: 33.68 g/s
Reynolds_number: 14,287,728
Stack prop output power: 1,345 kW, Pcomp: 69.6 kW
Cell efficiency: 0.304, Output efficiency: 0.274
mdot_h2: 33.02 g/s

-----------------------
ptotal_climb: 4,736 kW, mtom_est: 13,174 kg, mtom: 11,491 kg, residual: +1,682.84 kg

MTOM update: newton_prebracket, relax=1.000 -> mtom_next=12,640.47 kg

======================================================
======================= ITER 11 =======================
Reynolds_number: 14,287,728
Stack prop output power: 1,988 kW, Pcomp: 102.8 kW
Cell efficiency: 0.304, Output efficiency: 0.274
mdot_h2: 48.81 g/s
Reynolds_number: 14,287,728
Stack prop output power: 1,988 kW, Pcomp: 102.8 kW
Cell efficiency: 0.304, Output efficiency: 0.274
mdot_h2: 48.81 g/s
Reynolds_number: 14,287,728
Stack prop output power: 1,480 kW, Pcomp: 13.3 kW
Cell efficiency: 0.286, Output efficiency: 0.269
mdot_h2: 37.04 g/s
Reynolds_number: 14,287,728
Stack prop output power: 1,480 kW, Pcomp: 13.3 kW
Cell efficiency: 0.286, Output efficiency: 0.269
mdot_h2: 37.04 g/s
Reynolds_number: 14,287,728
Stack prop output power: 1,480 kW, Pcomp: 76.5 kW
Cell efficiency: 0.304, Output efficiency: 0.274
mdot_h2: 36.33 g/s

-----------------------
ptotal_climb: 5,210 kW, mtom_est: 14,270 kg, mtom: 12,640 kg, residual: +1,629.60 kg

MTOM update: newton_prebracket, relax=1.000 -> mtom_next=13,904.52 kg

======================================================
======================= ITER 12 =======================
Reynolds_number: 14,287,728
Stack prop output power: 2,187 kW, Pcomp: 113.1 kW
Cell efficiency: 0.304, Output efficiency: 0.274
mdot_h2: 53.69 g/s
Reynolds_number: 14,287,728
Stack prop output power: 2,187 kW, Pcomp: 113.1 kW
Cell efficiency: 0.304, Output efficiency: 0.274
mdot_h2: 53.69 g/s
Reynolds_number: 14,287,728
Stack prop output power: 1,628 kW, Pcomp: 14.6 kW
Cell efficiency: 0.286, Output efficiency: 0.269
mdot_h2: 40.75 g/s
Reynolds_number: 14,287,728
Stack prop output power: 1,628 kW, Pcomp: 14.6 kW
Cell efficiency: 0.286, Output efficiency: 0.269
mdot_h2: 40.75 g/s
Reynolds_number: 14,287,728
Stack prop output power: 1,628 kW, Pcomp: 84.2 kW
Cell efficiency: 0.304, Output efficiency: 0.274
mdot_h2: 39.96 g/s

-----------------------
ptotal_climb: 5,730 kW, mtom_est: 15,480 kg, mtom: 13,905 kg, residual: +1,575.21 kg

MTOM update: newton_prebracket, relax=1.000 -> mtom_next=15,294.97 kg

======================================================
======================= ITER 13 =======================
Reynolds_number: 14,287,728
Stack prop output power: 2,406 kW, Pcomp: 124.4 kW
Cell efficiency: 0.304, Output efficiency: 0.274
mdot_h2: 59.06 g/s
Reynolds_number: 14,287,728
Stack prop output power: 2,406 kW, Pcomp: 124.4 kW
Cell efficiency: 0.304, Output efficiency: 0.274
mdot_h2: 59.06 g/s
Reynolds_number: 14,287,728
Stack prop output power: 1,790 kW, Pcomp: 16.1 kW
Cell efficiency: 0.286, Output efficiency: 0.269
mdot_h2: 44.82 g/s
Reynolds_number: 14,287,728
Stack prop output power: 1,790 kW, Pcomp: 16.1 kW
Cell efficiency: 0.286, Output efficiency: 0.269
mdot_h2: 44.82 g/s
Reynolds_number: 14,287,728
Stack prop output power: 1,790 kW, Pcomp: 92.6 kW
Cell efficiency: 0.304, Output efficiency: 0.274
mdot_h2: 43.95 g/s

-----------------------
ptotal_climb: 6,303 kW, mtom_est: 16,819 kg, mtom: 15,295 kg, residual: +1,523.99 kg

MTOM update: newton_prebracket, relax=1.000 -> mtom_next=16,824.47 kg

======================================================
======================= ITER 14 =======================
Reynolds_number: 14,287,728
Stack prop output power: 2,646 kW, Pcomp: 136.9 kW
Cell efficiency: 0.304, Output efficiency: 0.274
mdot_h2: 64.96 g/s
Reynolds_number: 14,287,728
Stack prop output power: 2,646 kW, Pcomp: 136.9 kW
Cell efficiency: 0.304, Output efficiency: 0.274
mdot_h2: 64.96 g/s
Reynolds_number: 14,287,728
Stack prop output power: 1,969 kW, Pcomp: 17.7 kW
Cell efficiency: 0.286, Output efficiency: 0.269
mdot_h2: 49.31 g/s
Reynolds_number: 14,287,728
Stack prop output power: 1,969 kW, Pcomp: 17.7 kW
Cell efficiency: 0.286, Output efficiency: 0.269
mdot_h2: 49.31 g/s
Reynolds_number: 14,287,728
Stack prop output power: 1,969 kW, Pcomp: 101.9 kW
Cell efficiency: 0.304, Output efficiency: 0.274
mdot_h2: 48.35 g/s

-----------------------
ptotal_climb: 6,934 kW, mtom_est: 18,295 kg, mtom: 16,824 kg, residual: +1,470.96 kg

MTOM update: newton_prebracket, relax=1.000 -> mtom_next=18,506.92 kg

======================================================
======================= ITER 15 =======================
Reynolds_number: 14,287,728
Stack prop output power: 2,911 kW, Pcomp: 150.5 kW
Cell efficiency: 0.304, Output efficiency: 0.274
mdot_h2: 71.46 g/s
Reynolds_number: 14,287,728
Stack prop output power: 2,911 kW, Pcomp: 150.5 kW
Cell efficiency: 0.304, Output efficiency: 0.274
mdot_h2: 71.46 g/s
Reynolds_number: 14,287,728
Stack prop output power: 2,166 kW, Pcomp: 19.4 kW
Cell efficiency: 0.286, Output efficiency: 0.269
mdot_h2: 54.24 g/s
Reynolds_number: 14,287,728
Stack prop output power: 2,166 kW, Pcomp: 19.4 kW
Cell efficiency: 0.286, Output efficiency: 0.269
mdot_h2: 54.24 g/s
Reynolds_number: 14,287,728
Stack prop output power: 2,166 kW, Pcomp: 112.0 kW
Cell efficiency: 0.304, Output efficiency: 0.274
mdot_h2: 53.18 g/s

-----------------------
ptotal_climb: 7,627 kW, mtom_est: 19,928 kg, mtom: 18,507 kg, residual: +1,420.82 kg

MTOM update: newton_prebracket, relax=1.000 -> mtom_next=20,357.61 kg

======================================================
======================= ITER 16 =======================
Reynolds_number: 14,287,728
Stack prop output power: 3,202 kW, Pcomp: 165.6 kW
Cell efficiency: 0.304, Output efficiency: 0.274
mdot_h2: 78.61 g/s
Reynolds_number: 14,287,728
Stack prop output power: 3,202 kW, Pcomp: 165.6 kW
Cell efficiency: 0.304, Output efficiency: 0.274
mdot_h2: 78.61 g/s
Reynolds_number: 14,287,728
Stack prop output power: 2,383 kW, Pcomp: 21.4 kW
Cell efficiency: 0.286, Output efficiency: 0.269
mdot_h2: 59.66 g/s
Reynolds_number: 14,287,728
Stack prop output power: 2,383 kW, Pcomp: 21.4 kW
Cell efficiency: 0.286, Output efficiency: 0.269
mdot_h2: 59.66 g/s
Reynolds_number: 14,287,728
Stack prop output power: 2,383 kW, Pcomp: 123.2 kW
Cell efficiency: 0.304, Output efficiency: 0.274
mdot_h2: 58.50 g/s

-----------------------
ptotal_climb: 8,390 kW, mtom_est: 21,732 kg, mtom: 20,358 kg, residual: +1,374.76 kg

MTOM update: newton_prebracket, relax=1.000 -> mtom_next=22,393.37 kg

======================================================
======================= ITER 17 =======================
Reynolds_number: 14,287,728
Stack prop output power: 3,522 kW, Pcomp: 182.2 kW
Cell efficiency: 0.304, Output efficiency: 0.274
mdot_h2: 86.47 g/s
Reynolds_number: 14,287,728
Stack prop output power: 3,522 kW, Pcomp: 182.2 kW
Cell efficiency: 0.304, Output efficiency: 0.274
mdot_h2: 86.47 g/s
Reynolds_number: 14,287,728
Traceback (most recent call last):
  File "/home/shoh95/Programming/HFCAD/app/main.py", line 2730, in <module>
    main()
  File "/home/shoh95/Programming/HFCAD/app/main.py", line 2704, in main
    cfg_used, phases, mass, _trade_df = runner.run(out_dir=out_dir)
                                        ^^^^^^^^^^^^^^^^^^^^^^^^^^^
  File "/home/shoh95/Programming/HFCAD/app/main.py", line 2206, in run
    return self._run_min_mtom(out_dir=out_dir)
           ^^^^^^^^^^^^^^^^^^^^^^^^^^^^^^^^^^^
  File "/home/shoh95/Programming/HFCAD/app/main.py", line 2306, in _run_min_mtom
    phases_i, mass_i = design.run(initial_mtom_kg=mtom_seed, initial_total_power_guess_w=p_seed)
                       ^^^^^^^^^^^^^^^^^^^^^^^^^^^^^^^^^^^^^^^^^^^^^^^^^^^^^^^^^^^^^^^^^^^^^^^^^
  File "/home/shoh95/Programming/HFCAD/app/main.py", line 1756, in run
    phases["climb"] = self._phase_solver.solve(
                      ^^^^^^^^^^^^^^^^^^^^^^^^^
  File "/home/shoh95/Programming/HFCAD/app/main.py", line 1266, in solve
    nacelle = self._fc.size_nacelle(
              ^^^^^^^^^^^^^^^^^^^^^^
  File "/home/shoh95/Programming/HFCAD/app/main.py", line 1123, in size_nacelle
    geom_comp, power_comp, rho_humid_in, m_dot_comp = compressor_performance_model(
                                                      ^^^^^^^^^^^^^^^^^^^^^^^^^^^^^
  File "/home/shoh95/Programming/HFCAD/app/models/compressor_performance.py", line 100, in compressor_performance_model
    raise ValueError("Rotor outlet enthalpy too high. Reduce RPM!")
ValueError: Rotor outlet enthalpy too high. Reduce RPM!

[run_sweep] FAIL criteria: artifact not found or empty
[run_sweep] expected artifact: results/input_sweep_r7/h3000_M0.45_R1500km_PL1000kg/ConvergedData.txt
[run_sweep] exit code: 1
