Auto-widening W/S scan window for min_combined_pw: 1900.0..2600.0 -> 1725.0..2775.0 Pa (factor 1.500, lower_hit=True, upper_hit=False, min_on_edge=False).
Auto-widening W/S scan window for min_combined_pw: 1725.0..2775.0 -> 1462.5..3037.5 Pa (factor 1.500, lower_hit=True, upper_hit=False, min_on_edge=False).
ADRpy constraint sizing (min_combined_pw): W/S=2062.5 Pa (210.32 kg/m^2), P/W_TO=0.16394 kW/kg, P/W_climb=0.16915 kW/kg, P/W_cruise=0.06497 kW/kg
Curve minimum (combined/combined): W/S=2062.5 Pa (210.32 kg/m^2), P/W=0.16915 kW/kg
Curve minimum (takeoff/take-off): W/S=1462.5 Pa (149.13 kg/m^2), P/W=0.10196 kW/kg
Curve minimum (climb/climb): W/S=2312.5 Pa (235.81 kg/m^2), P/W=0.16577 kW/kg
Curve minimum (cruise/cruise): W/S=2312.5 Pa (235.81 kg/m^2), P/W=0.06336 kW/kg
======================================================
======================= ITER 1 =======================
Reynolds_number: 8,748,363
Stack prop output power: 500 kW, Pcomp: 16.1 kW
Cell efficiency: 0.298, Output efficiency: 0.275
mdot_h2: 12.25 g/s
Reynolds_number: 8,748,363
Stack prop output power: 239 kW, Pcomp: 7.7 kW
Cell efficiency: 0.298, Output efficiency: 0.275
mdot_h2: 5.87 g/s
Reynolds_number: 8,748,363
Stack prop output power: 231 kW, Pcomp: 7.4 kW
Cell efficiency: 0.298, Output efficiency: 0.275
mdot_h2: 5.66 g/s
Reynolds_number: 7,261,141
Stack prop output power: 500 kW, Pcomp: 16.1 kW
Cell efficiency: 0.297, Output efficiency: 0.274
mdot_h2: 12.30 g/s
Reynolds_number: 7,261,141
Stack prop output power: 195 kW, Pcomp: 6.3 kW
Cell efficiency: 0.297, Output efficiency: 0.274
mdot_h2: 4.79 g/s
Reynolds_number: 7,261,141
Stack prop output power: 185 kW, Pcomp: 5.9 kW
Cell efficiency: 0.297, Output efficiency: 0.274
mdot_h2: 4.55 g/s
Reynolds_number: 8,748,363
Stack prop output power: 356 kW, Pcomp: 3.2 kW
Cell efficiency: 0.288, Output efficiency: 0.271
mdot_h2: 8.82 g/s
Reynolds_number: 8,748,363
Stack prop output power: 436 kW, Pcomp: 3.9 kW
Cell efficiency: 0.288, Output efficiency: 0.271
mdot_h2: 10.81 g/s
Reynolds_number: 8,748,363
Stack prop output power: 437 kW, Pcomp: 3.9 kW
Cell efficiency: 0.288, Output efficiency: 0.271
mdot_h2: 10.83 g/s
Reynolds_number: 6,709,346
Stack prop output power: 360 kW, Pcomp: 3.1 kW
Cell efficiency: 0.305, Output efficiency: 0.287
mdot_h2: 8.45 g/s
Reynolds_number: 6,709,346
Stack prop output power: 423 kW, Pcomp: 3.7 kW
Cell efficiency: 0.305, Output efficiency: 0.287
mdot_h2: 9.91 g/s
Reynolds_number: 6,709,346
Stack prop output power: 423 kW, Pcomp: 3.7 kW
Cell efficiency: 0.305, Output efficiency: 0.287
mdot_h2: 9.92 g/s
Reynolds_number: 8,748,363
Stack prop output power: 500 kW, Pcomp: 16.1 kW
Cell efficiency: 0.298, Output efficiency: 0.275
mdot_h2: 12.25 g/s
Reynolds_number: 8,748,363
Stack prop output power: 239 kW, Pcomp: 7.7 kW
Cell efficiency: 0.298, Output efficiency: 0.275
mdot_h2: 5.87 g/s
Reynolds_number: 8,748,363
Stack prop output power: 231 kW, Pcomp: 7.4 kW
Cell efficiency: 0.298, Output efficiency: 0.275
mdot_h2: 5.66 g/s
Fuel-cell system mass representative phase: climb (P_fc_sys=873.463 kW).

-----------------------
ptotal_climb: 1,162 kW, mtom_est: 5,327 kg, mtom: 5,000 kg, residual: +327.12 kg

MTOM update: initial_bracket_probe_1, relax=1.000 -> mtom_next=5,325.00 kg

======================================================
======================= ITER 2 =======================
Reynolds_number: 8,748,363
Stack prop output power: 231 kW, Pcomp: 7.4 kW
Cell efficiency: 0.298, Output efficiency: 0.275
mdot_h2: 5.66 g/s
Reynolds_number: 8,748,363
Stack prop output power: 245 kW, Pcomp: 7.9 kW
Cell efficiency: 0.298, Output efficiency: 0.275
mdot_h2: 6.01 g/s
Reynolds_number: 7,261,141
Stack prop output power: 185 kW, Pcomp: 5.9 kW
Cell efficiency: 0.297, Output efficiency: 0.274
mdot_h2: 4.54 g/s
Reynolds_number: 7,261,141
Stack prop output power: 196 kW, Pcomp: 6.3 kW
Cell efficiency: 0.297, Output efficiency: 0.274
mdot_h2: 4.83 g/s
Reynolds_number: 8,748,363
Stack prop output power: 427 kW, Pcomp: 3.8 kW
Cell efficiency: 0.288, Output efficiency: 0.271
mdot_h2: 10.60 g/s
Reynolds_number: 8,748,363
Stack prop output power: 465 kW, Pcomp: 4.1 kW
Cell efficiency: 0.288, Output efficiency: 0.271
mdot_h2: 11.53 g/s
Reynolds_number: 6,709,346
Stack prop output power: 414 kW, Pcomp: 3.6 kW
Cell efficiency: 0.305, Output efficiency: 0.287
mdot_h2: 9.71 g/s
Reynolds_number: 6,709,346
Stack prop output power: 450 kW, Pcomp: 3.9 kW
Cell efficiency: 0.305, Output efficiency: 0.287
mdot_h2: 10.56 g/s
Reynolds_number: 8,748,363
Stack prop output power: 231 kW, Pcomp: 7.4 kW
Cell efficiency: 0.298, Output efficiency: 0.275
mdot_h2: 5.66 g/s
Reynolds_number: 8,748,363
Stack prop output power: 245 kW, Pcomp: 7.9 kW
Cell efficiency: 0.298, Output efficiency: 0.275
mdot_h2: 6.01 g/s
Fuel-cell system mass representative phase: climb (P_fc_sys=930.233 kW).

-----------------------
ptotal_climb: 1,238 kW, mtom_est: 5,536 kg, mtom: 5,325 kg, residual: +211.30 kg

MTOM update: initial_bracket_probe_2, relax=1.000 -> mtom_next=5,650.00 kg

======================================================
======================= ITER 3 =======================
Reynolds_number: 8,748,363
Stack prop output power: 246 kW, Pcomp: 7.9 kW
Cell efficiency: 0.298, Output efficiency: 0.275
mdot_h2: 6.02 g/s
Reynolds_number: 8,748,363
Stack prop output power: 260 kW, Pcomp: 8.4 kW
Cell efficiency: 0.298, Output efficiency: 0.275
mdot_h2: 6.38 g/s
Reynolds_number: 7,261,141
Stack prop output power: 197 kW, Pcomp: 6.3 kW
Cell efficiency: 0.297, Output efficiency: 0.274
mdot_h2: 4.84 g/s
Reynolds_number: 7,261,141
Stack prop output power: 208 kW, Pcomp: 6.7 kW
Cell efficiency: 0.297, Output efficiency: 0.274
mdot_h2: 5.12 g/s
Reynolds_number: 8,748,363
Stack prop output power: 456 kW, Pcomp: 4.0 kW
Cell efficiency: 0.288, Output efficiency: 0.271
mdot_h2: 11.30 g/s
Reynolds_number: 8,748,363
Stack prop output power: 493 kW, Pcomp: 4.4 kW
Cell efficiency: 0.288, Output efficiency: 0.271
mdot_h2: 12.23 g/s
Reynolds_number: 6,709,346
Stack prop output power: 442 kW, Pcomp: 3.8 kW
Cell efficiency: 0.305, Output efficiency: 0.287
mdot_h2: 10.36 g/s
Reynolds_number: 6,709,346
Stack prop output power: 478 kW, Pcomp: 4.2 kW
Cell efficiency: 0.305, Output efficiency: 0.287
mdot_h2: 11.21 g/s
Reynolds_number: 8,748,363
Stack prop output power: 246 kW, Pcomp: 7.9 kW
Cell efficiency: 0.298, Output efficiency: 0.275
mdot_h2: 6.02 g/s
Reynolds_number: 8,748,363
Stack prop output power: 260 kW, Pcomp: 8.4 kW
Cell efficiency: 0.298, Output efficiency: 0.275
mdot_h2: 6.38 g/s
Fuel-cell system mass representative phase: climb (P_fc_sys=987.008 kW).

-----------------------
ptotal_climb: 1,313 kW, mtom_est: 5,750 kg, mtom: 5,650 kg, residual: +100.01 kg

MTOM update: newton_prebracket, relax=1.000 -> mtom_next=5,942.04 kg

======================================================
======================= ITER 4 =======================
Reynolds_number: 8,748,363
Stack prop output power: 261 kW, Pcomp: 8.4 kW
Cell efficiency: 0.298, Output efficiency: 0.275
mdot_h2: 6.39 g/s
Reynolds_number: 8,748,363
Stack prop output power: 274 kW, Pcomp: 8.8 kW
Cell efficiency: 0.298, Output efficiency: 0.275
mdot_h2: 6.71 g/s
Reynolds_number: 7,261,141
Stack prop output power: 209 kW, Pcomp: 6.7 kW
Cell efficiency: 0.297, Output efficiency: 0.274
mdot_h2: 5.13 g/s
Reynolds_number: 7,261,141
Stack prop output power: 219 kW, Pcomp: 7.0 kW
Cell efficiency: 0.297, Output efficiency: 0.274
mdot_h2: 5.39 g/s
Reynolds_number: 8,748,363
Stack prop output power: 485 kW, Pcomp: 4.3 kW
Cell efficiency: 0.288, Output efficiency: 0.271
mdot_h2: 12.03 g/s
Reynolds_number: 8,748,363
Stack prop output power: 519 kW, Pcomp: 4.6 kW
Cell efficiency: 0.288, Output efficiency: 0.271
mdot_h2: 12.87 g/s
Reynolds_number: 6,709,346
Stack prop output power: 470 kW, Pcomp: 4.1 kW
Cell efficiency: 0.305, Output efficiency: 0.287
mdot_h2: 11.02 g/s
Reynolds_number: 6,709,346
Stack prop output power: 503 kW, Pcomp: 4.4 kW
Cell efficiency: 0.305, Output efficiency: 0.287
mdot_h2: 11.79 g/s
Reynolds_number: 8,748,363
Stack prop output power: 261 kW, Pcomp: 8.4 kW
Cell efficiency: 0.298, Output efficiency: 0.275
mdot_h2: 6.39 g/s
Reynolds_number: 8,748,363
Stack prop output power: 274 kW, Pcomp: 8.8 kW
Cell efficiency: 0.298, Output efficiency: 0.275
mdot_h2: 6.71 g/s
Fuel-cell system mass representative phase: climb (P_fc_sys=1038.026 kW).

-----------------------
ptotal_climb: 1,381 kW, mtom_est: 5,942 kg, mtom: 5,942 kg, residual: +0.00 kg


CONVERGED

CONVERGED STATE [MTOM iteration 4]
  MTOM=5,942 kg | Wing loading=210.32 kg/m^2 | P/W(climb)=232.41 W/kg
  Phase power: climb=1,381.0 kW | cruise=548.6 kW | loiter=438.9 kW | takeoff=1,338.3 kW | cruise+charger=548.6 kW
  Power split (climb): FC=1,028.8 kW | Battery=342.9 kW | Compressor=9.2 kW | Cooling=436.3 kW | H2=25.732 g/s
  Compressor max across phases: 17.6 kW (cruise)
  FC representative phase (mass sizing): climb (1,038.0 kW)
  Mass summary: MTOM=5,942 kg | Powertrain=1,822 kg | Tank=556.3 kg | Fuel=247.2 kg | Battery=143.3 kg | Nacelle power density=0.68 kW/kg
  Geometry: Main wing area=28.25 m^2 | Horizontal tail area=4.285 m^2 | Horizontal tail location=11.971 m | Vertical tail area=4.361 m^2 | Vertical tail location=11.501 m
  Config: wing loading input=210.32 kg/m^2 | P/W TO/Cl/Cr/Lo=0.16394/0.16915/0.06497/0.05198 kW/kg

=============================================================
========================= CONVERGED =========================
=============================================================
Constraint sizing: ENABLED (min_combined_pw)
Input W/S: 210.32 kg/m^2 (2,062.5 Pa)
Input P/W [kW/kg]: takeoff 0.16394, climb 0.16915, cruise 0.06497, loiter 0.05198
-------------------------------------------------------------

Mission Time
Climb time: 5.05 min (0.08 h)
Cruise time: 282.54 min (4.71 h)
Total flight time: 309.59 min (5.16 h)

Phase Power Breakdown
Phase      Time[min]     Total[kW]    FC Stack[kW]   Battery[kW]   Compressor[kW]   Cooling[kW]   mdot_H2[g/s]
--------------------------------------------------------------------------------------------------------------
ready           0.00          69.0            69.0           0.0              0.0           0.0         0.0
taxi            5.00         138.1           138.1           0.0              0.0           0.0         2.6
takeoff         1.00       1,338.3           997.2         332.4              8.8         391.1        23.6
climb           5.05       1,381.0         1,028.8         342.9              9.2         436.3        25.7
cruise        282.54         548.6           531.0           0.0             17.6         224.8        13.4
loiter         15.00         438.9           424.8           0.0             14.1         180.8        10.8
landing         1.00           0.0             0.0           0.0              0.0           0.0         0.0

Pcomp_max (solved phases): 17.6 kW (cruise)
Pnet (climb): 1,247 kW
Pelectricnet (climb): 1,372 kW
eta_pt: 0.9031

Geometry
S_wing: 28.25 m^2
b_wing: 15.95 m
Lfus: 13.97 m
Ltank: 4.96 m
S_HT: 4.29 m^2
S_VT: 4.36 m^2
b_HT: 4.39 m
b_VT: 2.88 m
X_HT_act: 11.97 m
X_VT_act: 11.50 m

One Nacelle (1/2)
Stack(1/2): 293 kg, Compressor: 19 kg, Humidifier: 106 kg, HX: 344 kg
W_FCS_single_nacelle (W_Stack+W_Compressor+W_Humidifier+W_Hx): 761 kg
Representative FC phase: climb
Specific Power of Nacelle System: 0.682 kW/kg
dim_hx: dX=1.371 m, dY=1.371 m, dZ=0.205 m
dim_stack: dX=0.378 m, dY=0.294 m, dZ=0.294 m

ALL Nacelles
W_FCS_total: 1,523 kg
W_PMAD: 118 kg
W_Motors: 182 kg

-----------------------
W_Powertrain (W_FCS_total+W_PMAD+W_Motors): 1,822 kg
-----------------------
W_wing: 444 kg
W_Htail: 29 kg
W_Vtail: 55 kg
W_fuselage: 390 kg
W_lnd_gear_main: 243 kg
W_lnd_gear_nose: 65 kg
W_flight_control: 366 kg
W_electric_system: 300 kg
W_iae: 86 kg
W_hydraulics: 71 kg
W_fur: 423 kg
-----------------------
OEM: 2,473 kg
-----------------------
W_tank: 556 kg
W_fuel: 247.2 kg
W_batt: 143.3 kg
-----------------------
W_payload: 700 kg
-----------------------
MTOM_grouped (OEM+W_tank+W_fuel+W_batt+W_Powertrain+W_payload): 5,942 kg
MTOM: 5,942 kg
-----------------------

Wing loading (MTOM/S_wing): 210.32 kg/m^2
Power-to-weight (converged): 232.41 W/kg

mdot_H2(cruise): 13.4 g/s
Vtankex: 10.6 m^3
========================== END ==============================


=============================================================
Execution time: 46.7 seconds
=============================================================
