Auto-widening W/S scan window for min_combined_pw: 1900.0..2600.0 -> 1725.0..2775.0 Pa (factor 1.500, lower_hit=True, upper_hit=False, min_on_edge=False).
Auto-widening W/S scan window for min_combined_pw: 1725.0..2775.0 -> 1462.5..3037.5 Pa (factor 1.500, lower_hit=True, upper_hit=False, min_on_edge=False).
ADRpy constraint sizing (min_combined_pw): W/S=2112.5 Pa (215.42 kg/m^2), P/W_TO=0.16953 kW/kg, P/W_climb=0.16894 kW/kg, P/W_cruise=0.12706 kW/kg
Curve minimum (combined/combined): W/S=2112.5 Pa (215.42 kg/m^2), P/W=0.16953 kW/kg
Curve minimum (takeoff/take-off): W/S=1462.5 Pa (149.13 kg/m^2), P/W=0.10196 kW/kg
Curve minimum (climb/climb): W/S=2312.5 Pa (235.81 kg/m^2), P/W=0.16652 kW/kg
Curve minimum (cruise/cruise): W/S=2312.5 Pa (235.81 kg/m^2), P/W=0.11922 kW/kg
======================================================
======================= ITER 1 =======================
Reynolds_number: 12,204,507
Stack prop output power: 500 kW, Pcomp: 16.1 kW
Cell efficiency: 0.301, Output efficiency: 0.277
mdot_h2: 12.13 g/s
Reynolds_number: 12,204,507
Stack prop output power: 453 kW, Pcomp: 14.6 kW
Cell efficiency: 0.301, Output efficiency: 0.277
mdot_h2: 10.99 g/s
Reynolds_number: 12,204,507
Stack prop output power: 451 kW, Pcomp: 14.5 kW
Cell efficiency: 0.301, Output efficiency: 0.277
mdot_h2: 10.95 g/s
Reynolds_number: 10,129,741
Stack prop output power: 500 kW, Pcomp: 16.1 kW
Cell efficiency: 0.299, Output efficiency: 0.276
mdot_h2: 12.21 g/s
Reynolds_number: 10,129,741
Stack prop output power: 366 kW, Pcomp: 11.8 kW
Cell efficiency: 0.299, Output efficiency: 0.276
mdot_h2: 8.93 g/s
Reynolds_number: 10,129,741
Stack prop output power: 361 kW, Pcomp: 11.6 kW
Cell efficiency: 0.299, Output efficiency: 0.276
mdot_h2: 8.82 g/s
Reynolds_number: 12,204,507
Stack prop output power: 356 kW, Pcomp: 3.2 kW
Cell efficiency: 0.292, Output efficiency: 0.275
mdot_h2: 8.72 g/s
Reynolds_number: 12,204,507
Stack prop output power: 435 kW, Pcomp: 3.9 kW
Cell efficiency: 0.292, Output efficiency: 0.275
mdot_h2: 10.68 g/s
Reynolds_number: 12,204,507
Stack prop output power: 436 kW, Pcomp: 3.9 kW
Cell efficiency: 0.292, Output efficiency: 0.275
mdot_h2: 10.69 g/s
Reynolds_number: 6,709,346
Stack prop output power: 355 kW, Pcomp: 3.1 kW
Cell efficiency: 0.305, Output efficiency: 0.287
mdot_h2: 8.33 g/s
Reynolds_number: 6,709,346
Stack prop output power: 437 kW, Pcomp: 3.8 kW
Cell efficiency: 0.305, Output efficiency: 0.287
mdot_h2: 10.25 g/s
Reynolds_number: 6,709,346
Stack prop output power: 438 kW, Pcomp: 3.8 kW
Cell efficiency: 0.305, Output efficiency: 0.287
mdot_h2: 10.26 g/s
Reynolds_number: 12,204,507
Stack prop output power: 500 kW, Pcomp: 16.1 kW
Cell efficiency: 0.301, Output efficiency: 0.277
mdot_h2: 12.13 g/s
Reynolds_number: 12,204,507
Stack prop output power: 453 kW, Pcomp: 14.6 kW
Cell efficiency: 0.301, Output efficiency: 0.277
mdot_h2: 10.99 g/s
Reynolds_number: 12,204,507
Stack prop output power: 451 kW, Pcomp: 14.5 kW
Cell efficiency: 0.301, Output efficiency: 0.277
mdot_h2: 10.95 g/s
Fuel-cell system mass representative phase: cruise (P_fc_sys=902.844 kW).

-----------------------
ptotal_climb: 1,161 kW, mtom_est: 5,079 kg, mtom: 5,000 kg, residual: +79.31 kg

MTOM update: initial_bracket_probe_1, relax=1.000 -> mtom_next=5,325.00 kg

======================================================
======================= ITER 2 =======================
Reynolds_number: 12,204,507
Stack prop output power: 451 kW, Pcomp: 14.5 kW
Cell efficiency: 0.301, Output efficiency: 0.277
mdot_h2: 10.95 g/s
Reynolds_number: 12,204,507
Stack prop output power: 480 kW, Pcomp: 15.4 kW
Cell efficiency: 0.301, Output efficiency: 0.277
mdot_h2: 11.64 g/s
Reynolds_number: 12,204,507
Stack prop output power: 481 kW, Pcomp: 15.5 kW
Cell efficiency: 0.301, Output efficiency: 0.277
mdot_h2: 11.66 g/s
Reynolds_number: 10,129,741
Stack prop output power: 361 kW, Pcomp: 11.6 kW
Cell efficiency: 0.299, Output efficiency: 0.276
mdot_h2: 8.82 g/s
Reynolds_number: 10,129,741
Stack prop output power: 384 kW, Pcomp: 12.3 kW
Cell efficiency: 0.299, Output efficiency: 0.276
mdot_h2: 9.37 g/s
Reynolds_number: 10,129,741
Stack prop output power: 385 kW, Pcomp: 12.4 kW
Cell efficiency: 0.299, Output efficiency: 0.276
mdot_h2: 9.39 g/s
Reynolds_number: 12,204,507
Stack prop output power: 427 kW, Pcomp: 3.8 kW
Cell efficiency: 0.292, Output efficiency: 0.275
mdot_h2: 10.46 g/s
Reynolds_number: 12,204,507
Stack prop output power: 464 kW, Pcomp: 4.1 kW
Cell efficiency: 0.292, Output efficiency: 0.275
mdot_h2: 11.38 g/s
Reynolds_number: 6,709,346
Stack prop output power: 428 kW, Pcomp: 3.7 kW
Cell efficiency: 0.305, Output efficiency: 0.287
mdot_h2: 10.04 g/s
Reynolds_number: 6,709,346
Stack prop output power: 466 kW, Pcomp: 4.1 kW
Cell efficiency: 0.305, Output efficiency: 0.287
mdot_h2: 10.92 g/s
Reynolds_number: 12,204,507
Stack prop output power: 451 kW, Pcomp: 14.5 kW
Cell efficiency: 0.301, Output efficiency: 0.277
mdot_h2: 10.95 g/s
Reynolds_number: 12,204,507
Stack prop output power: 480 kW, Pcomp: 15.4 kW
Cell efficiency: 0.301, Output efficiency: 0.277
mdot_h2: 11.64 g/s
Reynolds_number: 12,204,507
Stack prop output power: 481 kW, Pcomp: 15.5 kW
Cell efficiency: 0.301, Output efficiency: 0.277
mdot_h2: 11.66 g/s
Fuel-cell system mass representative phase: cruise (P_fc_sys=961.524 kW).

-----------------------
ptotal_climb: 1,236 kW, mtom_est: 5,293 kg, mtom: 5,325 kg, residual: -32.00 kg

MTOM update: newton, relax=1.000 -> mtom_next=5,231.56 kg

======================================================
======================= ITER 3 =======================
Reynolds_number: 12,204,507
Stack prop output power: 481 kW, Pcomp: 15.5 kW
Cell efficiency: 0.301, Output efficiency: 0.277
mdot_h2: 11.66 g/s
Reynolds_number: 12,204,507
Stack prop output power: 473 kW, Pcomp: 15.2 kW
Cell efficiency: 0.301, Output efficiency: 0.277
mdot_h2: 11.47 g/s
Reynolds_number: 10,129,741
Stack prop output power: 385 kW, Pcomp: 12.4 kW
Cell efficiency: 0.299, Output efficiency: 0.276
mdot_h2: 9.39 g/s
Reynolds_number: 10,129,741
Stack prop output power: 378 kW, Pcomp: 12.2 kW
Cell efficiency: 0.299, Output efficiency: 0.276
mdot_h2: 9.23 g/s
Reynolds_number: 12,204,507
Stack prop output power: 467 kW, Pcomp: 4.1 kW
Cell efficiency: 0.292, Output efficiency: 0.275
mdot_h2: 11.45 g/s
Reynolds_number: 12,204,507
Stack prop output power: 457 kW, Pcomp: 4.0 kW
Cell efficiency: 0.292, Output efficiency: 0.275
mdot_h2: 11.19 g/s
Reynolds_number: 6,709,346
Stack prop output power: 469 kW, Pcomp: 4.1 kW
Cell efficiency: 0.305, Output efficiency: 0.287
mdot_h2: 10.99 g/s
Reynolds_number: 6,709,346
Stack prop output power: 458 kW, Pcomp: 4.0 kW
Cell efficiency: 0.305, Output efficiency: 0.287
mdot_h2: 10.74 g/s
Reynolds_number: 12,204,507
Stack prop output power: 481 kW, Pcomp: 15.5 kW
Cell efficiency: 0.301, Output efficiency: 0.277
mdot_h2: 11.66 g/s
Reynolds_number: 12,204,507
Stack prop output power: 473 kW, Pcomp: 15.2 kW
Cell efficiency: 0.301, Output efficiency: 0.277
mdot_h2: 11.47 g/s
Fuel-cell system mass representative phase: cruise (P_fc_sys=944.672 kW).

-----------------------
ptotal_climb: 1,214 kW, mtom_est: 5,233 kg, mtom: 5,232 kg, residual: +1.34 kg


CONVERGED

CONVERGED STATE [MTOM iteration 3]
  MTOM=5,233 kg | Wing loading=215.47 kg/m^2 | P/W(climb)=232.07 W/kg
  Phase power: climb=1,214.4 kW | cruise=944.7 kW | loiter=755.7 kW | takeoff=1,218.5 kW | cruise+charger=944.7 kW
  Power split (climb): FC=904.7 kW | Battery=301.6 kW | Compressor=8.1 kW | Cooling=377.9 kW | H2=22.382 g/s
  Compressor max across phases: 30.4 kW (cruise)
  FC representative phase (mass sizing): cruise (944.7 kW)
  Mass summary: MTOM=5,233 kg | Powertrain=1,516 kg | Tank=562.2 kg | Fuel=249.9 kg | Battery=126.7 kg | Nacelle power density=0.75 kW/kg
  Geometry: Main wing area=24.29 m^2 | Horizontal tail area=3.322 m^2 | Horizontal tail location=12.191 m | Vertical tail area=3.348 m^2 | Vertical tail location=11.822 m
  Config: wing loading input=215.42 kg/m^2 | P/W TO/Cl/Cr/Lo=0.16953/0.16894/0.12706/0.10165 kW/kg

=============================================================
========================= CONVERGED =========================
=============================================================
Constraint sizing: ENABLED (min_combined_pw)
Input W/S: 215.42 kg/m^2 (2,112.5 Pa)
Input P/W [kW/kg]: takeoff 0.16953, climb 0.16894, cruise 0.12706, loiter 0.10165
-------------------------------------------------------------

Mission Time
Climb time: 5.05 min (0.08 h)
Cruise time: 163.17 min (2.72 h)
Total flight time: 190.21 min (3.17 h)

Phase Power Breakdown
Phase      Time[min]     Total[kW]    FC Stack[kW]   Battery[kW]   Compressor[kW]   Cooling[kW]   mdot_H2[g/s]
--------------------------------------------------------------------------------------------------------------
ready           0.00          60.7            60.7           0.0              0.0           0.0         0.0
taxi            5.00         121.4           121.4           0.0              0.0           0.0         2.2
takeoff         1.00       1,218.5           907.9         302.6              8.0         356.4        21.5
climb           5.05       1,214.4           904.7         301.6              8.1         377.9        22.4
cruise        163.17         944.7           914.3           0.0             30.4         382.2        22.9
loiter         15.00         755.7           731.4           0.0             24.3         308.6        18.5
landing         1.00           0.0             0.0           0.0              0.0           0.0         0.0

Pcomp_max (solved phases): 30.4 kW (cruise)
Pnet (climb): 1,097 kW
Pelectricnet (climb): 1,206 kW
eta_pt: 0.9031

Geometry
S_wing: 24.29 m^2
b_wing: 14.78 m
Lfus: 14.02 m
Ltank: 5.01 m
S_HT: 3.32 m^2
S_VT: 3.35 m^2
b_HT: 3.87 m
b_VT: 2.52 m
X_HT_act: 12.19 m
X_VT_act: 11.82 m

One Nacelle (1/2)
Stack(1/2): 262 kg, Compressor: 48 kg, Humidifier: 85 kg, HX: 231 kg
W_FCS_single_nacelle (W_Stack+W_Compressor+W_Humidifier+W_Hx): 626 kg
Representative FC phase: cruise
Specific Power of Nacelle System: 0.754 kW/kg
dim_hx: dX=1.080 m, dY=1.080 m, dZ=0.222 m
dim_stack: dX=0.363 m, dY=0.284 m, dZ=0.284 m

ALL Nacelles
W_FCS_total: 1,253 kg
W_PMAD: 103 kg
W_Motors: 160 kg

-----------------------
W_Powertrain (W_FCS_total+W_PMAD+W_Motors): 1,516 kg
-----------------------
W_wing: 374 kg
W_Htail: 23 kg
W_Vtail: 45 kg
W_fuselage: 449 kg
W_lnd_gear_main: 243 kg
W_lnd_gear_nose: 65 kg
W_flight_control: 366 kg
W_electric_system: 300 kg
W_iae: 78 kg
W_hydraulics: 63 kg
W_fur: 424 kg
-----------------------
OEM: 2,428 kg
-----------------------
W_tank: 562 kg
W_fuel: 249.9 kg
W_batt: 126.7 kg
-----------------------
W_payload: 350 kg
-----------------------
MTOM_grouped (OEM+W_tank+W_fuel+W_batt+W_Powertrain+W_payload): 5,233 kg
MTOM: 5,233 kg
-----------------------

Wing loading (MTOM/S_wing): 215.47 kg/m^2
Power-to-weight (converged): 232.07 W/kg

mdot_H2(cruise): 22.9 g/s
Vtankex: 10.7 m^3
========================== END ==============================


=============================================================
Execution time: 39.3 seconds
=============================================================
