Auto-widening W/S scan window for min_combined_pw: 1900.0..2600.0 -> 1725.0..2775.0 Pa (factor 1.500, lower_hit=True, upper_hit=False, min_on_edge=False).
Auto-widening W/S scan window for min_combined_pw: 1725.0..2775.0 -> 1462.5..3037.5 Pa (factor 1.500, lower_hit=True, upper_hit=False, min_on_edge=False).
ADRpy constraint sizing (min_combined_pw): W/S=2112.5 Pa (215.42 kg/m^2), P/W_TO=0.16953 kW/kg, P/W_climb=0.16894 kW/kg, P/W_cruise=0.12706 kW/kg
Curve minimum (combined/combined): W/S=2112.5 Pa (215.42 kg/m^2), P/W=0.16953 kW/kg
Curve minimum (takeoff/take-off): W/S=1462.5 Pa (149.13 kg/m^2), P/W=0.10196 kW/kg
Curve minimum (climb/climb): W/S=2312.5 Pa (235.81 kg/m^2), P/W=0.16652 kW/kg
Curve minimum (cruise/cruise): W/S=2312.5 Pa (235.81 kg/m^2), P/W=0.11922 kW/kg
======================================================
======================= ITER 1 =======================
Reynolds_number: 12,204,507
Stack prop output power: 500 kW, Pcomp: 16.1 kW
Cell efficiency: 0.301, Output efficiency: 0.277
mdot_h2: 12.13 g/s
Reynolds_number: 12,204,507
Stack prop output power: 453 kW, Pcomp: 14.6 kW
Cell efficiency: 0.301, Output efficiency: 0.277
mdot_h2: 10.99 g/s
Reynolds_number: 12,204,507
Stack prop output power: 451 kW, Pcomp: 14.5 kW
Cell efficiency: 0.301, Output efficiency: 0.277
mdot_h2: 10.95 g/s
Reynolds_number: 10,129,741
Stack prop output power: 500 kW, Pcomp: 16.1 kW
Cell efficiency: 0.299, Output efficiency: 0.276
mdot_h2: 12.21 g/s
Reynolds_number: 10,129,741
Stack prop output power: 366 kW, Pcomp: 11.8 kW
Cell efficiency: 0.299, Output efficiency: 0.276
mdot_h2: 8.93 g/s
Reynolds_number: 10,129,741
Stack prop output power: 361 kW, Pcomp: 11.6 kW
Cell efficiency: 0.299, Output efficiency: 0.276
mdot_h2: 8.82 g/s
Reynolds_number: 12,204,507
Stack prop output power: 356 kW, Pcomp: 3.2 kW
Cell efficiency: 0.292, Output efficiency: 0.275
mdot_h2: 8.72 g/s
Reynolds_number: 12,204,507
Stack prop output power: 435 kW, Pcomp: 3.9 kW
Cell efficiency: 0.292, Output efficiency: 0.275
mdot_h2: 10.68 g/s
Reynolds_number: 12,204,507
Stack prop output power: 436 kW, Pcomp: 3.9 kW
Cell efficiency: 0.292, Output efficiency: 0.275
mdot_h2: 10.69 g/s
Reynolds_number: 6,709,346
Stack prop output power: 355 kW, Pcomp: 3.1 kW
Cell efficiency: 0.305, Output efficiency: 0.287
mdot_h2: 8.33 g/s
Reynolds_number: 6,709,346
Stack prop output power: 437 kW, Pcomp: 3.8 kW
Cell efficiency: 0.305, Output efficiency: 0.287
mdot_h2: 10.25 g/s
Reynolds_number: 6,709,346
Stack prop output power: 438 kW, Pcomp: 3.8 kW
Cell efficiency: 0.305, Output efficiency: 0.287
mdot_h2: 10.26 g/s
Reynolds_number: 12,204,507
Stack prop output power: 500 kW, Pcomp: 16.1 kW
Cell efficiency: 0.301, Output efficiency: 0.277
mdot_h2: 12.13 g/s
Reynolds_number: 12,204,507
Stack prop output power: 453 kW, Pcomp: 14.6 kW
Cell efficiency: 0.301, Output efficiency: 0.277
mdot_h2: 10.99 g/s
Reynolds_number: 12,204,507
Stack prop output power: 451 kW, Pcomp: 14.5 kW
Cell efficiency: 0.301, Output efficiency: 0.277
mdot_h2: 10.95 g/s
Fuel-cell system mass representative phase: cruise (P_fc_sys=902.844 kW).

-----------------------
ptotal_climb: 1,161 kW, mtom_est: 6,229 kg, mtom: 5,000 kg, residual: +1,229.31 kg

MTOM update: initial_bracket_probe_1, relax=1.000 -> mtom_next=5,325.00 kg

======================================================
======================= ITER 2 =======================
Reynolds_number: 12,204,507
Stack prop output power: 451 kW, Pcomp: 14.5 kW
Cell efficiency: 0.301, Output efficiency: 0.277
mdot_h2: 10.95 g/s
Reynolds_number: 12,204,507
Stack prop output power: 480 kW, Pcomp: 15.4 kW
Cell efficiency: 0.301, Output efficiency: 0.277
mdot_h2: 11.64 g/s
Reynolds_number: 12,204,507
Stack prop output power: 481 kW, Pcomp: 15.5 kW
Cell efficiency: 0.301, Output efficiency: 0.277
mdot_h2: 11.66 g/s
Reynolds_number: 10,129,741
Stack prop output power: 361 kW, Pcomp: 11.6 kW
Cell efficiency: 0.299, Output efficiency: 0.276
mdot_h2: 8.82 g/s
Reynolds_number: 10,129,741
Stack prop output power: 384 kW, Pcomp: 12.3 kW
Cell efficiency: 0.299, Output efficiency: 0.276
mdot_h2: 9.37 g/s
Reynolds_number: 10,129,741
Stack prop output power: 385 kW, Pcomp: 12.4 kW
Cell efficiency: 0.299, Output efficiency: 0.276
mdot_h2: 9.39 g/s
Reynolds_number: 12,204,507
Stack prop output power: 427 kW, Pcomp: 3.8 kW
Cell efficiency: 0.292, Output efficiency: 0.275
mdot_h2: 10.46 g/s
Reynolds_number: 12,204,507
Stack prop output power: 464 kW, Pcomp: 4.1 kW
Cell efficiency: 0.292, Output efficiency: 0.275
mdot_h2: 11.38 g/s
Reynolds_number: 6,709,346
Stack prop output power: 428 kW, Pcomp: 3.7 kW
Cell efficiency: 0.305, Output efficiency: 0.287
mdot_h2: 10.04 g/s
Reynolds_number: 6,709,346
Stack prop output power: 466 kW, Pcomp: 4.1 kW
Cell efficiency: 0.305, Output efficiency: 0.287
mdot_h2: 10.92 g/s
Reynolds_number: 12,204,507
Stack prop output power: 451 kW, Pcomp: 14.5 kW
Cell efficiency: 0.301, Output efficiency: 0.277
mdot_h2: 10.95 g/s
Reynolds_number: 12,204,507
Stack prop output power: 480 kW, Pcomp: 15.4 kW
Cell efficiency: 0.301, Output efficiency: 0.277
mdot_h2: 11.64 g/s
Reynolds_number: 12,204,507
Stack prop output power: 481 kW, Pcomp: 15.5 kW
Cell efficiency: 0.301, Output efficiency: 0.277
mdot_h2: 11.66 g/s
Fuel-cell system mass representative phase: cruise (P_fc_sys=961.524 kW).

-----------------------
ptotal_climb: 1,236 kW, mtom_est: 6,443 kg, mtom: 5,325 kg, residual: +1,118.00 kg

MTOM update: initial_bracket_probe_2, relax=1.000 -> mtom_next=5,650.00 kg

======================================================
======================= ITER 3 =======================
Reynolds_number: 12,204,507
Stack prop output power: 481 kW, Pcomp: 15.5 kW
Cell efficiency: 0.301, Output efficiency: 0.277
mdot_h2: 11.66 g/s
Reynolds_number: 12,204,507
Stack prop output power: 509 kW, Pcomp: 16.4 kW
Cell efficiency: 0.301, Output efficiency: 0.277
mdot_h2: 12.35 g/s
Reynolds_number: 12,204,507
Stack prop output power: 510 kW, Pcomp: 16.4 kW
Cell efficiency: 0.301, Output efficiency: 0.277
mdot_h2: 12.38 g/s
Reynolds_number: 10,129,741
Stack prop output power: 385 kW, Pcomp: 12.4 kW
Cell efficiency: 0.299, Output efficiency: 0.276
mdot_h2: 9.39 g/s
Reynolds_number: 10,129,741
Stack prop output power: 407 kW, Pcomp: 13.1 kW
Cell efficiency: 0.299, Output efficiency: 0.276
mdot_h2: 9.95 g/s
Reynolds_number: 10,129,741
Stack prop output power: 408 kW, Pcomp: 13.1 kW
Cell efficiency: 0.299, Output efficiency: 0.276
mdot_h2: 9.96 g/s
Reynolds_number: 12,204,507
Stack prop output power: 455 kW, Pcomp: 4.0 kW
Cell efficiency: 0.292, Output efficiency: 0.275
mdot_h2: 11.16 g/s
Reynolds_number: 12,204,507
Stack prop output power: 493 kW, Pcomp: 4.4 kW
Cell efficiency: 0.292, Output efficiency: 0.275
mdot_h2: 12.08 g/s
Reynolds_number: 6,709,346
Stack prop output power: 457 kW, Pcomp: 4.0 kW
Cell efficiency: 0.305, Output efficiency: 0.287
mdot_h2: 10.71 g/s
Reynolds_number: 6,709,346
Stack prop output power: 494 kW, Pcomp: 4.3 kW
Cell efficiency: 0.305, Output efficiency: 0.287
mdot_h2: 11.59 g/s
Reynolds_number: 12,204,507
Stack prop output power: 481 kW, Pcomp: 15.5 kW
Cell efficiency: 0.301, Output efficiency: 0.277
mdot_h2: 11.66 g/s
Reynolds_number: 12,204,507
Stack prop output power: 509 kW, Pcomp: 16.4 kW
Cell efficiency: 0.301, Output efficiency: 0.277
mdot_h2: 12.35 g/s
Reynolds_number: 12,204,507
Stack prop output power: 510 kW, Pcomp: 16.4 kW
Cell efficiency: 0.301, Output efficiency: 0.277
mdot_h2: 12.38 g/s
Fuel-cell system mass representative phase: cruise (P_fc_sys=1020.209 kW).

-----------------------
ptotal_climb: 1,312 kW, mtom_est: 6,657 kg, mtom: 5,650 kg, residual: +1,006.86 kg

MTOM update: newton_prebracket, relax=1.000 -> mtom_next=7,627.50 kg

======================================================
======================= ITER 4 =======================
Reynolds_number: 12,204,507
Stack prop output power: 510 kW, Pcomp: 16.4 kW
Cell efficiency: 0.301, Output efficiency: 0.277
mdot_h2: 12.38 g/s
Reynolds_number: 12,204,507
Stack prop output power: 683 kW, Pcomp: 22.0 kW
Cell efficiency: 0.301, Output efficiency: 0.277
mdot_h2: 16.57 g/s
Reynolds_number: 12,204,507
Stack prop output power: 688 kW, Pcomp: 22.2 kW
Cell efficiency: 0.301, Output efficiency: 0.277
mdot_h2: 16.70 g/s
Reynolds_number: 10,129,741
Stack prop output power: 408 kW, Pcomp: 13.1 kW
Cell efficiency: 0.299, Output efficiency: 0.276
mdot_h2: 9.96 g/s
Reynolds_number: 10,129,741
Stack prop output power: 546 kW, Pcomp: 17.6 kW
Cell efficiency: 0.299, Output efficiency: 0.276
mdot_h2: 13.34 g/s
Reynolds_number: 10,129,741
Stack prop output power: 551 kW, Pcomp: 17.7 kW
Cell efficiency: 0.299, Output efficiency: 0.276
mdot_h2: 13.45 g/s
Reynolds_number: 12,204,507
Stack prop output power: 436 kW, Pcomp: 3.9 kW
Cell efficiency: 0.292, Output efficiency: 0.275
mdot_h2: 10.69 g/s
Reynolds_number: 12,204,507
Stack prop output power: 663 kW, Pcomp: 5.9 kW
Cell efficiency: 0.292, Output efficiency: 0.275
mdot_h2: 16.26 g/s
Reynolds_number: 12,204,507
Stack prop output power: 665 kW, Pcomp: 5.9 kW
Cell efficiency: 0.292, Output efficiency: 0.275
mdot_h2: 16.31 g/s
Reynolds_number: 6,709,346
Stack prop output power: 437 kW, Pcomp: 3.8 kW
Cell efficiency: 0.305, Output efficiency: 0.287
mdot_h2: 10.26 g/s
Reynolds_number: 6,709,346
Stack prop output power: 666 kW, Pcomp: 5.8 kW
Cell efficiency: 0.305, Output efficiency: 0.287
mdot_h2: 15.61 g/s
Reynolds_number: 6,709,346
Stack prop output power: 668 kW, Pcomp: 5.8 kW
Cell efficiency: 0.305, Output efficiency: 0.287
mdot_h2: 15.65 g/s
Reynolds_number: 12,204,507
Stack prop output power: 510 kW, Pcomp: 16.4 kW
Cell efficiency: 0.301, Output efficiency: 0.277
mdot_h2: 12.38 g/s
Reynolds_number: 12,204,507
Stack prop output power: 683 kW, Pcomp: 22.0 kW
Cell efficiency: 0.301, Output efficiency: 0.277
mdot_h2: 16.57 g/s
Reynolds_number: 12,204,507
Stack prop output power: 688 kW, Pcomp: 22.2 kW
Cell efficiency: 0.301, Output efficiency: 0.277
mdot_h2: 16.70 g/s
Fuel-cell system mass representative phase: cruise (P_fc_sys=1377.272 kW).

-----------------------
ptotal_climb: 1,771 kW, mtom_est: 7,969 kg, mtom: 7,628 kg, residual: +341.55 kg

MTOM update: newton_prebracket, relax=1.000 -> mtom_next=8,642.68 kg

======================================================
======================= ITER 5 =======================
Reynolds_number: 12,204,507
Stack prop output power: 689 kW, Pcomp: 22.2 kW
Cell efficiency: 0.301, Output efficiency: 0.277
mdot_h2: 16.71 g/s
Reynolds_number: 12,204,507
Stack prop output power: 777 kW, Pcomp: 25.0 kW
Cell efficiency: 0.301, Output efficiency: 0.277
mdot_h2: 18.86 g/s
Reynolds_number: 12,204,507
Stack prop output power: 780 kW, Pcomp: 25.1 kW
Cell efficiency: 0.301, Output efficiency: 0.277
mdot_h2: 18.93 g/s
Reynolds_number: 10,129,741
Stack prop output power: 551 kW, Pcomp: 17.7 kW
Cell efficiency: 0.299, Output efficiency: 0.276
mdot_h2: 13.45 g/s
Reynolds_number: 10,129,741
Stack prop output power: 622 kW, Pcomp: 20.0 kW
Cell efficiency: 0.299, Output efficiency: 0.276
mdot_h2: 15.18 g/s
Reynolds_number: 10,129,741
Stack prop output power: 624 kW, Pcomp: 20.1 kW
Cell efficiency: 0.299, Output efficiency: 0.276
mdot_h2: 15.24 g/s
Reynolds_number: 12,204,507
Stack prop output power: 636 kW, Pcomp: 5.6 kW
Cell efficiency: 0.292, Output efficiency: 0.275
mdot_h2: 15.60 g/s
Reynolds_number: 12,204,507
Stack prop output power: 753 kW, Pcomp: 6.7 kW
Cell efficiency: 0.292, Output efficiency: 0.275
mdot_h2: 18.46 g/s
Reynolds_number: 12,204,507
Stack prop output power: 754 kW, Pcomp: 6.7 kW
Cell efficiency: 0.292, Output efficiency: 0.275
mdot_h2: 18.48 g/s
Reynolds_number: 6,709,346
Stack prop output power: 638 kW, Pcomp: 5.6 kW
Cell efficiency: 0.305, Output efficiency: 0.287
mdot_h2: 14.97 g/s
Reynolds_number: 6,709,346
Stack prop output power: 755 kW, Pcomp: 6.6 kW
Cell efficiency: 0.305, Output efficiency: 0.287
mdot_h2: 17.71 g/s
Reynolds_number: 6,709,346
Stack prop output power: 756 kW, Pcomp: 6.6 kW
Cell efficiency: 0.305, Output efficiency: 0.287
mdot_h2: 17.74 g/s
Reynolds_number: 12,204,507
Stack prop output power: 689 kW, Pcomp: 22.2 kW
Cell efficiency: 0.301, Output efficiency: 0.277
mdot_h2: 16.71 g/s
Reynolds_number: 12,204,507
Stack prop output power: 777 kW, Pcomp: 25.0 kW
Cell efficiency: 0.301, Output efficiency: 0.277
mdot_h2: 18.86 g/s
Reynolds_number: 12,204,507
Stack prop output power: 780 kW, Pcomp: 25.1 kW
Cell efficiency: 0.301, Output efficiency: 0.277
mdot_h2: 18.93 g/s
Fuel-cell system mass representative phase: cruise (P_fc_sys=1560.586 kW).

-----------------------
ptotal_climb: 2,006 kW, mtom_est: 8,648 kg, mtom: 8,643 kg, residual: +4.90 kg


CONVERGED

CONVERGED STATE [MTOM iteration 5]
  MTOM=8,648 kg | Wing loading=215.54 kg/m^2 | P/W(climb)=232.00 W/kg
  Phase power: climb=2,006.2 kW | cruise=1,560.6 kW | loiter=1,248.4 kW | takeoff=2,012.9 kW | cruise+charger=1,560.6 kW
  Power split (climb): FC=1,494.6 kW | Battery=498.2 kW | Compressor=13.4 kW | Cooling=623.8 kW | H2=36.967 g/s
  Compressor max across phases: 50.2 kW (cruise)
  FC representative phase (mass sizing): cruise (1,560.6 kW)
  Mass summary: MTOM=8,648 kg | Powertrain=2,460 kg | Tank=928.2 kg | Fuel=412.5 kg | Battery=209.3 kg | Nacelle power density=0.77 kW/kg
  Geometry: Main wing area=40.12 m^2 | Horizontal tail area=5.701 m^2 | Horizontal tail location=15.070 m | Vertical tail area=5.817 m^2 | Vertical tail location=14.479 m
  Config: wing loading input=215.42 kg/m^2 | P/W TO/Cl/Cr/Lo=0.16953/0.16894/0.12706/0.10165 kW/kg

=============================================================
========================= CONVERGED =========================
=============================================================
Constraint sizing: ENABLED (min_combined_pw)
Input W/S: 215.42 kg/m^2 (2,112.5 Pa)
Input P/W [kW/kg]: takeoff 0.16953, climb 0.16894, cruise 0.12706, loiter 0.10165
-------------------------------------------------------------

Mission Time
Climb time: 5.05 min (0.08 h)
Cruise time: 163.17 min (2.72 h)
Total flight time: 190.21 min (3.17 h)

Phase Power Breakdown
Phase      Time[min]     Total[kW]    FC Stack[kW]   Battery[kW]   Compressor[kW]   Cooling[kW]   mdot_H2[g/s]
--------------------------------------------------------------------------------------------------------------
ready           0.00         100.3           100.3           0.0              0.0           0.0         0.0
taxi            5.00         200.6           200.6           0.0              0.0           0.0         3.7
takeoff         1.00       2,012.9         1,499.8         499.9             13.2         588.3        35.5
climb           5.05       2,006.2         1,494.6         498.2             13.4         623.8        37.0
cruise        163.17       1,560.6         1,510.4           0.0             50.2         630.6        37.9
loiter         15.00       1,248.4         1,208.3           0.0             40.1         509.1        30.5
landing         1.00           0.0             0.0           0.0              0.0           0.0         0.0

Pcomp_max (solved phases): 50.2 kW (cruise)
Pnet (climb): 1,812 kW
Pelectricnet (climb): 1,993 kW
eta_pt: 0.9031

Geometry
S_wing: 40.12 m^2
b_wing: 19.00 m
Lfus: 17.28 m
Ltank: 8.27 m
S_HT: 5.70 m^2
S_VT: 5.82 m^2
b_HT: 5.07 m
b_VT: 3.32 m
X_HT_act: 15.07 m
X_VT_act: 14.48 m

One Nacelle (1/2)
Stack(1/2): 432 kg, Compressor: 59 kg, Humidifier: 139 kg, HX: 382 kg
W_FCS_single_nacelle (W_Stack+W_Compressor+W_Humidifier+W_Hx): 1,013 kg
Representative FC phase: cruise
Specific Power of Nacelle System: 0.771 kW/kg
dim_hx: dX=1.386 m, dY=1.386 m, dZ=0.222 m
dim_stack: dX=0.363 m, dY=0.364 m, dZ=0.364 m

ALL Nacelles
W_FCS_total: 2,025 kg
W_PMAD: 170 kg
W_Motors: 265 kg

-----------------------
W_Powertrain (W_FCS_total+W_PMAD+W_Motors): 2,460 kg
-----------------------
W_wing: 699 kg
W_Htail: 46 kg
W_Vtail: 78 kg
W_fuselage: 617 kg
W_lnd_gear_main: 243 kg
W_lnd_gear_nose: 65 kg
W_flight_control: 366 kg
W_electric_system: 300 kg
W_iae: 119 kg
W_hydraulics: 104 kg
W_fur: 501 kg
-----------------------
OEM: 3,138 kg
-----------------------
W_tank: 928 kg
W_fuel: 412.5 kg
W_batt: 209.3 kg
-----------------------
W_payload: 1,500 kg
-----------------------
MTOM_grouped (OEM+W_tank+W_fuel+W_batt+W_Powertrain+W_payload): 8,648 kg
MTOM: 8,648 kg
-----------------------

Wing loading (MTOM/S_wing): 215.54 kg/m^2
Power-to-weight (converged): 232.00 W/kg

mdot_H2(cruise): 37.9 g/s
Vtankex: 17.7 m^3
========================== END ==============================


=============================================================
Execution time: 70.2 seconds
=============================================================
