Auto-widening W/S scan window for min_combined_pw: 1900.0..2600.0 -> 1725.0..2775.0 Pa (factor 1.500, lower_hit=True, upper_hit=False, min_on_edge=False).
Auto-widening W/S scan window for min_combined_pw: 1725.0..2775.0 -> 1462.5..3037.5 Pa (factor 1.500, lower_hit=True, upper_hit=False, min_on_edge=False).
ADRpy constraint sizing (min_combined_pw): W/S=2112.5 Pa (215.42 kg/m^2), P/W_TO=0.16953 kW/kg, P/W_climb=0.17266 kW/kg, P/W_cruise=0.08631 kW/kg
Curve minimum (combined/combined): W/S=2112.5 Pa (215.42 kg/m^2), P/W=0.17266 kW/kg
Curve minimum (takeoff/take-off): W/S=1462.5 Pa (149.13 kg/m^2), P/W=0.10196 kW/kg
Curve minimum (climb/climb): W/S=2312.5 Pa (235.81 kg/m^2), P/W=0.17003 kW/kg
Curve minimum (cruise/cruise): W/S=2312.5 Pa (235.81 kg/m^2), P/W=0.08271 kW/kg
======================================================
======================= ITER 1 =======================
Reynolds_number: 10,001,946
Stack prop output power: 500 kW, Pcomp: 20.9 kW
Cell efficiency: 0.299, Output efficiency: 0.273
mdot_h2: 12.35 g/s
Reynolds_number: 10,001,946
Stack prop output power: 318 kW, Pcomp: 13.2 kW
Cell efficiency: 0.299, Output efficiency: 0.273
mdot_h2: 7.84 g/s
Reynolds_number: 10,001,946
Stack prop output power: 310 kW, Pcomp: 12.9 kW
Cell efficiency: 0.299, Output efficiency: 0.273
mdot_h2: 7.65 g/s
Reynolds_number: 8,301,615
Stack prop output power: 500 kW, Pcomp: 20.8 kW
Cell efficiency: 0.297, Output efficiency: 0.271
mdot_h2: 12.41 g/s
Reynolds_number: 8,301,615
Stack prop output power: 258 kW, Pcomp: 10.8 kW
Cell efficiency: 0.297, Output efficiency: 0.271
mdot_h2: 6.41 g/s
Reynolds_number: 8,301,615
Stack prop output power: 248 kW, Pcomp: 10.3 kW
Cell efficiency: 0.297, Output efficiency: 0.271
mdot_h2: 6.16 g/s
Reynolds_number: 10,001,946
Stack prop output power: 353 kW, Pcomp: 3.1 kW
Cell efficiency: 0.284, Output efficiency: 0.268
mdot_h2: 8.87 g/s
Reynolds_number: 10,001,946
Stack prop output power: 445 kW, Pcomp: 4.0 kW
Cell efficiency: 0.284, Output efficiency: 0.268
mdot_h2: 11.18 g/s
Reynolds_number: 10,001,946
Stack prop output power: 446 kW, Pcomp: 4.0 kW
Cell efficiency: 0.284, Output efficiency: 0.268
mdot_h2: 11.21 g/s
Reynolds_number: 6,709,346
Stack prop output power: 355 kW, Pcomp: 3.1 kW
Cell efficiency: 0.305, Output efficiency: 0.287
mdot_h2: 8.33 g/s
Reynolds_number: 6,709,346
Stack prop output power: 437 kW, Pcomp: 3.8 kW
Cell efficiency: 0.305, Output efficiency: 0.287
mdot_h2: 10.25 g/s
Reynolds_number: 6,709,346
Stack prop output power: 438 kW, Pcomp: 3.8 kW
Cell efficiency: 0.305, Output efficiency: 0.287
mdot_h2: 10.26 g/s
Reynolds_number: 10,001,946
Stack prop output power: 500 kW, Pcomp: 20.9 kW
Cell efficiency: 0.299, Output efficiency: 0.273
mdot_h2: 12.35 g/s
Reynolds_number: 10,001,946
Stack prop output power: 318 kW, Pcomp: 13.2 kW
Cell efficiency: 0.299, Output efficiency: 0.273
mdot_h2: 7.84 g/s
Reynolds_number: 10,001,946
Stack prop output power: 310 kW, Pcomp: 12.9 kW
Cell efficiency: 0.299, Output efficiency: 0.273
mdot_h2: 7.65 g/s
Fuel-cell system mass representative phase: climb (P_fc_sys=891.642 kW).

-----------------------
ptotal_climb: 1,186 kW, mtom_est: 6,111 kg, mtom: 5,000 kg, residual: +1,110.67 kg

MTOM update: initial_bracket_probe_1, relax=1.000 -> mtom_next=5,325.00 kg

======================================================
======================= ITER 2 =======================
Reynolds_number: 10,001,946
Stack prop output power: 310 kW, Pcomp: 12.9 kW
Cell efficiency: 0.299, Output efficiency: 0.273
mdot_h2: 7.65 g/s
Reynolds_number: 10,001,946
Stack prop output power: 329 kW, Pcomp: 13.7 kW
Cell efficiency: 0.299, Output efficiency: 0.273
mdot_h2: 8.12 g/s
Reynolds_number: 10,001,946
Stack prop output power: 330 kW, Pcomp: 13.8 kW
Cell efficiency: 0.299, Output efficiency: 0.273
mdot_h2: 8.14 g/s
Reynolds_number: 8,301,615
Stack prop output power: 248 kW, Pcomp: 10.3 kW
Cell efficiency: 0.297, Output efficiency: 0.271
mdot_h2: 6.15 g/s
Reynolds_number: 8,301,615
Stack prop output power: 263 kW, Pcomp: 11.0 kW
Cell efficiency: 0.297, Output efficiency: 0.271
mdot_h2: 6.53 g/s
Reynolds_number: 8,301,615
Stack prop output power: 264 kW, Pcomp: 11.0 kW
Cell efficiency: 0.297, Output efficiency: 0.271
mdot_h2: 6.55 g/s
Reynolds_number: 10,001,946
Stack prop output power: 436 kW, Pcomp: 3.9 kW
Cell efficiency: 0.284, Output efficiency: 0.268
mdot_h2: 10.97 g/s
Reynolds_number: 10,001,946
Stack prop output power: 474 kW, Pcomp: 4.2 kW
Cell efficiency: 0.284, Output efficiency: 0.268
mdot_h2: 11.93 g/s
Reynolds_number: 6,709,346
Stack prop output power: 428 kW, Pcomp: 3.7 kW
Cell efficiency: 0.305, Output efficiency: 0.287
mdot_h2: 10.04 g/s
Reynolds_number: 6,709,346
Stack prop output power: 466 kW, Pcomp: 4.1 kW
Cell efficiency: 0.305, Output efficiency: 0.287
mdot_h2: 10.92 g/s
Reynolds_number: 10,001,946
Stack prop output power: 310 kW, Pcomp: 12.9 kW
Cell efficiency: 0.299, Output efficiency: 0.273
mdot_h2: 7.65 g/s
Reynolds_number: 10,001,946
Stack prop output power: 329 kW, Pcomp: 13.7 kW
Cell efficiency: 0.299, Output efficiency: 0.273
mdot_h2: 8.12 g/s
Reynolds_number: 10,001,946
Stack prop output power: 330 kW, Pcomp: 13.8 kW
Cell efficiency: 0.299, Output efficiency: 0.273
mdot_h2: 8.14 g/s
Fuel-cell system mass representative phase: climb (P_fc_sys=949.593 kW).

-----------------------
ptotal_climb: 1,263 kW, mtom_est: 6,318 kg, mtom: 5,325 kg, residual: +993.09 kg

MTOM update: initial_bracket_probe_2, relax=1.000 -> mtom_next=5,650.00 kg

======================================================
======================= ITER 3 =======================
Reynolds_number: 10,001,946
Stack prop output power: 330 kW, Pcomp: 13.8 kW
Cell efficiency: 0.299, Output efficiency: 0.273
mdot_h2: 8.14 g/s
Reynolds_number: 10,001,946
Stack prop output power: 349 kW, Pcomp: 14.6 kW
Cell efficiency: 0.299, Output efficiency: 0.273
mdot_h2: 8.62 g/s
Reynolds_number: 10,001,946
Stack prop output power: 350 kW, Pcomp: 14.6 kW
Cell efficiency: 0.299, Output efficiency: 0.273
mdot_h2: 8.64 g/s
Reynolds_number: 8,301,615
Stack prop output power: 264 kW, Pcomp: 11.0 kW
Cell efficiency: 0.297, Output efficiency: 0.271
mdot_h2: 6.55 g/s
Reynolds_number: 8,301,615
Stack prop output power: 279 kW, Pcomp: 11.6 kW
Cell efficiency: 0.297, Output efficiency: 0.271
mdot_h2: 6.93 g/s
Reynolds_number: 8,301,615
Stack prop output power: 280 kW, Pcomp: 11.7 kW
Cell efficiency: 0.297, Output efficiency: 0.271
mdot_h2: 6.95 g/s
Reynolds_number: 10,001,946
Stack prop output power: 465 kW, Pcomp: 4.2 kW
Cell efficiency: 0.284, Output efficiency: 0.268
mdot_h2: 11.69 g/s
Reynolds_number: 10,001,946
Stack prop output power: 503 kW, Pcomp: 4.5 kW
Cell efficiency: 0.284, Output efficiency: 0.268
mdot_h2: 12.65 g/s
Reynolds_number: 6,709,346
Stack prop output power: 457 kW, Pcomp: 4.0 kW
Cell efficiency: 0.305, Output efficiency: 0.287
mdot_h2: 10.71 g/s
Reynolds_number: 6,709,346
Stack prop output power: 494 kW, Pcomp: 4.3 kW
Cell efficiency: 0.305, Output efficiency: 0.287
mdot_h2: 11.59 g/s
Reynolds_number: 10,001,946
Stack prop output power: 330 kW, Pcomp: 13.8 kW
Cell efficiency: 0.299, Output efficiency: 0.273
mdot_h2: 8.14 g/s
Reynolds_number: 10,001,946
Stack prop output power: 349 kW, Pcomp: 14.6 kW
Cell efficiency: 0.299, Output efficiency: 0.273
mdot_h2: 8.62 g/s
Reynolds_number: 10,001,946
Stack prop output power: 350 kW, Pcomp: 14.6 kW
Cell efficiency: 0.299, Output efficiency: 0.273
mdot_h2: 8.64 g/s
Fuel-cell system mass representative phase: climb (P_fc_sys=1007.550 kW).

-----------------------
ptotal_climb: 1,340 kW, mtom_est: 6,529 kg, mtom: 5,650 kg, residual: +879.34 kg

MTOM update: newton_prebracket, relax=1.000 -> mtom_next=7,627.50 kg

======================================================
======================= ITER 4 =======================
Reynolds_number: 10,001,946
Stack prop output power: 350 kW, Pcomp: 14.6 kW
Cell efficiency: 0.299, Output efficiency: 0.273
mdot_h2: 8.64 g/s
Reynolds_number: 10,001,946
Stack prop output power: 467 kW, Pcomp: 19.5 kW
Cell efficiency: 0.299, Output efficiency: 0.273
mdot_h2: 11.54 g/s
Reynolds_number: 10,001,946
Stack prop output power: 472 kW, Pcomp: 19.7 kW
Cell efficiency: 0.299, Output efficiency: 0.273
mdot_h2: 11.66 g/s
Reynolds_number: 8,301,615
Stack prop output power: 280 kW, Pcomp: 11.7 kW
Cell efficiency: 0.297, Output efficiency: 0.271
mdot_h2: 6.95 g/s
Reynolds_number: 8,301,615
Stack prop output power: 374 kW, Pcomp: 15.6 kW
Cell efficiency: 0.297, Output efficiency: 0.271
mdot_h2: 9.28 g/s
Reynolds_number: 8,301,615
Stack prop output power: 378 kW, Pcomp: 15.7 kW
Cell efficiency: 0.297, Output efficiency: 0.271
mdot_h2: 9.37 g/s
Reynolds_number: 10,001,946
Stack prop output power: 446 kW, Pcomp: 4.0 kW
Cell efficiency: 0.284, Output efficiency: 0.268
mdot_h2: 11.20 g/s
Reynolds_number: 10,001,946
Stack prop output power: 678 kW, Pcomp: 6.0 kW
Cell efficiency: 0.284, Output efficiency: 0.268
mdot_h2: 17.04 g/s
Reynolds_number: 10,001,946
Stack prop output power: 680 kW, Pcomp: 6.1 kW
Cell efficiency: 0.284, Output efficiency: 0.268
mdot_h2: 17.09 g/s
Reynolds_number: 6,709,346
Stack prop output power: 437 kW, Pcomp: 3.8 kW
Cell efficiency: 0.305, Output efficiency: 0.287
mdot_h2: 10.26 g/s
Reynolds_number: 6,709,346
Stack prop output power: 666 kW, Pcomp: 5.8 kW
Cell efficiency: 0.305, Output efficiency: 0.287
mdot_h2: 15.61 g/s
Reynolds_number: 6,709,346
Stack prop output power: 668 kW, Pcomp: 5.8 kW
Cell efficiency: 0.305, Output efficiency: 0.287
mdot_h2: 15.65 g/s
Reynolds_number: 10,001,946
Stack prop output power: 350 kW, Pcomp: 14.6 kW
Cell efficiency: 0.299, Output efficiency: 0.273
mdot_h2: 8.64 g/s
Reynolds_number: 10,001,946
Stack prop output power: 467 kW, Pcomp: 19.5 kW
Cell efficiency: 0.299, Output efficiency: 0.273
mdot_h2: 11.54 g/s
Reynolds_number: 10,001,946
Stack prop output power: 472 kW, Pcomp: 19.7 kW
Cell efficiency: 0.299, Output efficiency: 0.273
mdot_h2: 11.66 g/s
Fuel-cell system mass representative phase: climb (P_fc_sys=1360.200 kW).

-----------------------
ptotal_climb: 1,810 kW, mtom_est: 7,827 kg, mtom: 7,628 kg, residual: +199.94 kg

MTOM update: newton_prebracket, relax=1.000 -> mtom_next=8,209.45 kg

======================================================
======================= ITER 5 =======================
Reynolds_number: 10,001,946
Stack prop output power: 472 kW, Pcomp: 19.7 kW
Cell efficiency: 0.299, Output efficiency: 0.273
mdot_h2: 11.66 g/s
Reynolds_number: 10,001,946
Stack prop output power: 507 kW, Pcomp: 21.1 kW
Cell efficiency: 0.299, Output efficiency: 0.273
mdot_h2: 12.52 g/s
Reynolds_number: 10,001,946
Stack prop output power: 508 kW, Pcomp: 21.2 kW
Cell efficiency: 0.299, Output efficiency: 0.273
mdot_h2: 12.55 g/s
Reynolds_number: 8,301,615
Stack prop output power: 378 kW, Pcomp: 15.8 kW
Cell efficiency: 0.297, Output efficiency: 0.271
mdot_h2: 9.38 g/s
Reynolds_number: 8,301,615
Stack prop output power: 406 kW, Pcomp: 16.9 kW
Cell efficiency: 0.297, Output efficiency: 0.271
mdot_h2: 10.06 g/s
Reynolds_number: 8,301,615
Stack prop output power: 407 kW, Pcomp: 17.0 kW
Cell efficiency: 0.297, Output efficiency: 0.271
mdot_h2: 10.09 g/s
Reynolds_number: 10,001,946
Stack prop output power: 663 kW, Pcomp: 5.9 kW
Cell efficiency: 0.284, Output efficiency: 0.268
mdot_h2: 16.66 g/s
Reynolds_number: 10,001,946
Stack prop output power: 731 kW, Pcomp: 6.5 kW
Cell efficiency: 0.284, Output efficiency: 0.268
mdot_h2: 18.38 g/s
Reynolds_number: 10,001,946
Stack prop output power: 732 kW, Pcomp: 6.5 kW
Cell efficiency: 0.284, Output efficiency: 0.268
mdot_h2: 18.40 g/s
Reynolds_number: 6,709,346
Stack prop output power: 651 kW, Pcomp: 5.7 kW
Cell efficiency: 0.305, Output efficiency: 0.287
mdot_h2: 15.26 g/s
Reynolds_number: 6,709,346
Stack prop output power: 718 kW, Pcomp: 6.3 kW
Cell efficiency: 0.305, Output efficiency: 0.287
mdot_h2: 16.84 g/s
Reynolds_number: 6,709,346
Stack prop output power: 719 kW, Pcomp: 6.3 kW
Cell efficiency: 0.305, Output efficiency: 0.287
mdot_h2: 16.85 g/s
Reynolds_number: 10,001,946
Stack prop output power: 472 kW, Pcomp: 19.7 kW
Cell efficiency: 0.299, Output efficiency: 0.273
mdot_h2: 11.66 g/s
Reynolds_number: 10,001,946
Stack prop output power: 507 kW, Pcomp: 21.1 kW
Cell efficiency: 0.299, Output efficiency: 0.273
mdot_h2: 12.52 g/s
Reynolds_number: 10,001,946
Stack prop output power: 508 kW, Pcomp: 21.2 kW
Cell efficiency: 0.299, Output efficiency: 0.273
mdot_h2: 12.55 g/s
Fuel-cell system mass representative phase: climb (P_fc_sys=1463.978 kW).

-----------------------
ptotal_climb: 1,948 kW, mtom_est: 8,213 kg, mtom: 8,209 kg, residual: +3.42 kg


CONVERGED

CONVERGED STATE [MTOM iteration 5]
  MTOM=8,213 kg | Wing loading=215.50 kg/m^2 | P/W(climb)=237.14 W/kg
  Phase power: climb=1,947.6 kW | cruise=1,016.9 kW | loiter=813.5 kW | takeoff=1,912.0 kW | cruise+charger=1,016.9 kW
  Power split (climb): FC=1,450.9 kW | Battery=483.6 kW | Compressor=13.1 kW | Cooling=621.2 kW | H2=36.797 g/s
  Compressor max across phases: 42.4 kW (cruise)
  FC representative phase (mass sizing): climb (1,464.0 kW)
  Mass summary: MTOM=8,213 kg | Powertrain=2,488 kg | Tank=730.5 kg | Fuel=324.7 kg | Battery=244.9 kg | Nacelle power density=0.71 kW/kg
  Geometry: Main wing area=38.11 m^2 | Horizontal tail area=6.079 m^2 | Horizontal tail location=13.257 m | Vertical tail area=6.251 m^2 | Vertical tail location=12.626 m
  Config: wing loading input=215.42 kg/m^2 | P/W TO/Cl/Cr/Lo=0.16953/0.17266/0.08631/0.06905 kW/kg

=============================================================
========================= CONVERGED =========================
=============================================================
Constraint sizing: ENABLED (min_combined_pw)
Input W/S: 215.42 kg/m^2 (2,112.5 Pa)
Input P/W [kW/kg]: takeoff 0.16953, climb 0.17266, cruise 0.08631, loiter 0.06905
-------------------------------------------------------------

Mission Time
Climb time: 6.31 min (0.11 h)
Cruise time: 192.15 min (3.20 h)
Total flight time: 220.46 min (3.67 h)

Phase Power Breakdown
Phase      Time[min]     Total[kW]    FC Stack[kW]   Battery[kW]   Compressor[kW]   Cooling[kW]   mdot_H2[g/s]
--------------------------------------------------------------------------------------------------------------
ready           0.00          97.4            97.4           0.0              0.0           0.0         0.0
taxi            5.00         194.8           194.8           0.0              0.0           0.0         3.7
takeoff         1.00       1,912.0         1,424.6         474.9             12.5         553.8        33.7
climb           6.31       1,947.6         1,450.9         483.6             13.1         621.2        36.8
cruise        192.15       1,016.9           974.5           0.0             42.4         416.0        25.1
loiter         15.00         813.5           779.6           0.0             33.9         335.2        20.2
landing         1.00           0.0             0.0           0.0              0.0           0.0         0.0

Pcomp_max (solved phases): 42.4 kW (cruise)
Pnet (climb): 1,759 kW
Pelectricnet (climb): 1,935 kW
eta_pt: 0.9031

Geometry
S_wing: 38.11 m^2
b_wing: 18.52 m
Lfus: 15.52 m
Ltank: 6.51 m
S_HT: 6.08 m^2
S_VT: 6.25 m^2
b_HT: 5.23 m
b_VT: 3.45 m
X_HT_act: 13.26 m
X_VT_act: 12.63 m

One Nacelle (1/2)
Stack(1/2): 418 kg, Compressor: 29 kg, Humidifier: 157 kg, HX: 429 kg
W_FCS_single_nacelle (W_Stack+W_Compressor+W_Humidifier+W_Hx): 1,033 kg
Representative FC phase: climb
Specific Power of Nacelle System: 0.709 kW/kg
dim_hx: dX=1.506 m, dY=1.506 m, dZ=0.211 m
dim_stack: dX=0.382 m, dY=0.349 m, dZ=0.349 m

ALL Nacelles
W_FCS_total: 2,065 kg
W_PMAD: 166 kg
W_Motors: 257 kg

-----------------------
W_Powertrain (W_FCS_total+W_PMAD+W_Motors): 2,488 kg
-----------------------
W_wing: 654 kg
W_Htail: 47 kg
W_Vtail: 79 kg
W_fuselage: 499 kg
W_lnd_gear_main: 243 kg
W_lnd_gear_nose: 65 kg
W_flight_control: 366 kg
W_electric_system: 300 kg
W_iae: 114 kg
W_hydraulics: 99 kg
W_fur: 460 kg
-----------------------
OEM: 2,924 kg
-----------------------
W_tank: 730 kg
W_fuel: 324.7 kg
W_batt: 244.9 kg
-----------------------
W_payload: 1,500 kg
-----------------------
MTOM_grouped (OEM+W_tank+W_fuel+W_batt+W_Powertrain+W_payload): 8,213 kg
MTOM: 8,213 kg
-----------------------

Wing loading (MTOM/S_wing): 215.50 kg/m^2
Power-to-weight (converged): 237.14 W/kg

mdot_H2(cruise): 25.1 g/s
Vtankex: 13.9 m^3
========================== END ==============================


=============================================================
Execution time: 73.0 seconds
=============================================================
