Auto-widening W/S scan window for min_combined_pw: 1900.0..2600.0 -> 1725.0..2775.0 Pa (factor 1.500, lower_hit=True, upper_hit=False, min_on_edge=False).
Auto-widening W/S scan window for min_combined_pw: 1725.0..2775.0 -> 1462.5..3037.5 Pa (factor 1.500, lower_hit=True, upper_hit=False, min_on_edge=False).
ADRpy constraint sizing (min_combined_pw): W/S=2162.5 Pa (220.51 kg/m^2), P/W_TO=0.17518 kW/kg, P/W_climb=0.17660 kW/kg, P/W_cruise=0.06207 kW/kg
Curve minimum (combined/combined): W/S=2162.5 Pa (220.51 kg/m^2), P/W=0.17660 kW/kg
Curve minimum (takeoff/take-off): W/S=1462.5 Pa (149.13 kg/m^2), P/W=0.10196 kW/kg
Curve minimum (climb/climb): W/S=2312.5 Pa (235.81 kg/m^2), P/W=0.17460 kW/kg
Curve minimum (cruise/cruise): W/S=2312.5 Pa (235.81 kg/m^2), P/W=0.06177 kW/kg
======================================================
======================= ITER 1 =======================
Reynolds_number: 7,953,592
Stack prop output power: 500 kW, Pcomp: 25.7 kW
Cell efficiency: 0.297, Output efficiency: 0.268
mdot_h2: 12.56 g/s
Reynolds_number: 7,953,592
Stack prop output power: 239 kW, Pcomp: 12.3 kW
Cell efficiency: 0.297, Output efficiency: 0.268
mdot_h2: 6.01 g/s
Reynolds_number: 7,953,592
Stack prop output power: 226 kW, Pcomp: 11.6 kW
Cell efficiency: 0.297, Output efficiency: 0.268
mdot_h2: 5.67 g/s
Reynolds_number: 7,953,592
Stack prop output power: 225 kW, Pcomp: 11.6 kW
Cell efficiency: 0.297, Output efficiency: 0.268
mdot_h2: 5.65 g/s
Reynolds_number: 6,601,481
Stack prop output power: 500 kW, Pcomp: 25.7 kW
Cell efficiency: 0.295, Output efficiency: 0.267
mdot_h2: 12.61 g/s
Reynolds_number: 6,601,481
Stack prop output power: 196 kW, Pcomp: 10.1 kW
Cell efficiency: 0.295, Output efficiency: 0.267
mdot_h2: 4.95 g/s
Reynolds_number: 6,601,481
Stack prop output power: 181 kW, Pcomp: 9.3 kW
Cell efficiency: 0.295, Output efficiency: 0.267
mdot_h2: 4.56 g/s
Reynolds_number: 6,601,481
Stack prop output power: 180 kW, Pcomp: 9.3 kW
Cell efficiency: 0.295, Output efficiency: 0.267
mdot_h2: 4.54 g/s
Reynolds_number: 7,953,592
Stack prop output power: 349 kW, Pcomp: 3.1 kW
Cell efficiency: 0.277, Output efficiency: 0.261
mdot_h2: 9.02 g/s
Reynolds_number: 7,953,592
Stack prop output power: 455 kW, Pcomp: 4.1 kW
Cell efficiency: 0.277, Output efficiency: 0.261
mdot_h2: 11.74 g/s
Reynolds_number: 7,953,592
Stack prop output power: 456 kW, Pcomp: 4.1 kW
Cell efficiency: 0.277, Output efficiency: 0.261
mdot_h2: 11.77 g/s
Reynolds_number: 6,709,346
Stack prop output power: 351 kW, Pcomp: 3.1 kW
Cell efficiency: 0.305, Output efficiency: 0.287
mdot_h2: 8.22 g/s
Reynolds_number: 6,709,346
Stack prop output power: 451 kW, Pcomp: 3.9 kW
Cell efficiency: 0.305, Output efficiency: 0.287
mdot_h2: 10.58 g/s
Reynolds_number: 6,709,346
Stack prop output power: 452 kW, Pcomp: 3.9 kW
Cell efficiency: 0.305, Output efficiency: 0.287
mdot_h2: 10.60 g/s
Reynolds_number: 7,953,592
Stack prop output power: 500 kW, Pcomp: 25.7 kW
Cell efficiency: 0.297, Output efficiency: 0.268
mdot_h2: 12.56 g/s
Reynolds_number: 7,953,592
Stack prop output power: 239 kW, Pcomp: 12.3 kW
Cell efficiency: 0.297, Output efficiency: 0.268
mdot_h2: 6.01 g/s
Reynolds_number: 7,953,592
Stack prop output power: 226 kW, Pcomp: 11.6 kW
Cell efficiency: 0.297, Output efficiency: 0.268
mdot_h2: 5.67 g/s
Reynolds_number: 7,953,592
Stack prop output power: 225 kW, Pcomp: 11.6 kW
Cell efficiency: 0.297, Output efficiency: 0.268
mdot_h2: 5.65 g/s
Fuel-cell system mass representative phase: climb (P_fc_sys=912.102 kW).

-----------------------
ptotal_climb: 1,213 kW, mtom_est: 6,049 kg, mtom: 5,000 kg, residual: +1,048.51 kg

MTOM update: initial_bracket_probe_1, relax=1.000 -> mtom_next=5,325.00 kg

======================================================
======================= ITER 2 =======================
Reynolds_number: 7,953,592
Stack prop output power: 225 kW, Pcomp: 11.6 kW
Cell efficiency: 0.297, Output efficiency: 0.268
mdot_h2: 5.65 g/s
Reynolds_number: 7,953,592
Stack prop output power: 239 kW, Pcomp: 12.3 kW
Cell efficiency: 0.297, Output efficiency: 0.268
mdot_h2: 6.00 g/s
Reynolds_number: 7,953,592
Stack prop output power: 240 kW, Pcomp: 12.3 kW
Cell efficiency: 0.297, Output efficiency: 0.268
mdot_h2: 6.02 g/s
Reynolds_number: 6,601,481
Stack prop output power: 180 kW, Pcomp: 9.3 kW
Cell efficiency: 0.295, Output efficiency: 0.267
mdot_h2: 4.54 g/s
Reynolds_number: 6,601,481
Stack prop output power: 191 kW, Pcomp: 9.8 kW
Cell efficiency: 0.295, Output efficiency: 0.267
mdot_h2: 4.82 g/s
Reynolds_number: 6,601,481
Stack prop output power: 192 kW, Pcomp: 9.9 kW
Cell efficiency: 0.295, Output efficiency: 0.267
mdot_h2: 4.83 g/s
Reynolds_number: 7,953,592
Stack prop output power: 446 kW, Pcomp: 4.0 kW
Cell efficiency: 0.277, Output efficiency: 0.261
mdot_h2: 11.52 g/s
Reynolds_number: 7,953,592
Stack prop output power: 485 kW, Pcomp: 4.4 kW
Cell efficiency: 0.277, Output efficiency: 0.261
mdot_h2: 12.52 g/s
Reynolds_number: 6,709,346
Stack prop output power: 443 kW, Pcomp: 3.9 kW
Cell efficiency: 0.305, Output efficiency: 0.287
mdot_h2: 10.38 g/s
Reynolds_number: 6,709,346
Stack prop output power: 481 kW, Pcomp: 4.2 kW
Cell efficiency: 0.305, Output efficiency: 0.287
mdot_h2: 11.29 g/s
Reynolds_number: 7,953,592
Stack prop output power: 225 kW, Pcomp: 11.6 kW
Cell efficiency: 0.297, Output efficiency: 0.268
mdot_h2: 5.65 g/s
Reynolds_number: 7,953,592
Stack prop output power: 239 kW, Pcomp: 12.3 kW
Cell efficiency: 0.297, Output efficiency: 0.268
mdot_h2: 6.00 g/s
Reynolds_number: 7,953,592
Stack prop output power: 240 kW, Pcomp: 12.3 kW
Cell efficiency: 0.297, Output efficiency: 0.268
mdot_h2: 6.02 g/s
Fuel-cell system mass representative phase: climb (P_fc_sys=971.382 kW).

-----------------------
ptotal_climb: 1,292 kW, mtom_est: 6,255 kg, mtom: 5,325 kg, residual: +930.47 kg

MTOM update: initial_bracket_probe_2, relax=1.000 -> mtom_next=5,650.00 kg

======================================================
======================= ITER 3 =======================
Reynolds_number: 7,953,592
Stack prop output power: 240 kW, Pcomp: 12.3 kW
Cell efficiency: 0.297, Output efficiency: 0.268
mdot_h2: 6.02 g/s
Reynolds_number: 7,953,592
Stack prop output power: 254 kW, Pcomp: 13.1 kW
Cell efficiency: 0.297, Output efficiency: 0.268
mdot_h2: 6.37 g/s
Reynolds_number: 7,953,592
Stack prop output power: 254 kW, Pcomp: 13.1 kW
Cell efficiency: 0.297, Output efficiency: 0.268
mdot_h2: 6.39 g/s
Reynolds_number: 6,601,481
Stack prop output power: 192 kW, Pcomp: 9.9 kW
Cell efficiency: 0.295, Output efficiency: 0.267
mdot_h2: 4.83 g/s
Reynolds_number: 6,601,481
Stack prop output power: 203 kW, Pcomp: 10.4 kW
Cell efficiency: 0.295, Output efficiency: 0.267
mdot_h2: 5.11 g/s
Reynolds_number: 6,601,481
Stack prop output power: 203 kW, Pcomp: 10.5 kW
Cell efficiency: 0.295, Output efficiency: 0.267
mdot_h2: 5.13 g/s
Reynolds_number: 7,953,592
Stack prop output power: 476 kW, Pcomp: 4.3 kW
Cell efficiency: 0.277, Output efficiency: 0.261
mdot_h2: 12.28 g/s
Reynolds_number: 7,953,592
Stack prop output power: 515 kW, Pcomp: 4.6 kW
Cell efficiency: 0.277, Output efficiency: 0.261
mdot_h2: 13.29 g/s
Reynolds_number: 6,709,346
Stack prop output power: 472 kW, Pcomp: 4.1 kW
Cell efficiency: 0.305, Output efficiency: 0.287
mdot_h2: 11.07 g/s
Reynolds_number: 6,709,346
Stack prop output power: 511 kW, Pcomp: 4.4 kW
Cell efficiency: 0.305, Output efficiency: 0.287
mdot_h2: 11.98 g/s
Reynolds_number: 7,953,592
Stack prop output power: 240 kW, Pcomp: 12.3 kW
Cell efficiency: 0.297, Output efficiency: 0.268
mdot_h2: 6.02 g/s
Reynolds_number: 7,953,592
Stack prop output power: 254 kW, Pcomp: 13.1 kW
Cell efficiency: 0.297, Output efficiency: 0.268
mdot_h2: 6.37 g/s
Reynolds_number: 7,953,592
Stack prop output power: 254 kW, Pcomp: 13.1 kW
Cell efficiency: 0.297, Output efficiency: 0.268
mdot_h2: 6.39 g/s
Fuel-cell system mass representative phase: climb (P_fc_sys=1030.669 kW).

-----------------------
ptotal_climb: 1,371 kW, mtom_est: 6,465 kg, mtom: 5,650 kg, residual: +814.57 kg

MTOM update: newton_prebracket, relax=1.000 -> mtom_next=7,627.50 kg

======================================================
======================= ITER 4 =======================
Reynolds_number: 7,953,592
Stack prop output power: 254 kW, Pcomp: 13.1 kW
Cell efficiency: 0.297, Output efficiency: 0.268
mdot_h2: 6.39 g/s
Reynolds_number: 7,953,592
Stack prop output power: 339 kW, Pcomp: 17.4 kW
Cell efficiency: 0.297, Output efficiency: 0.268
mdot_h2: 8.51 g/s
Reynolds_number: 7,953,592
Stack prop output power: 343 kW, Pcomp: 17.7 kW
Cell efficiency: 0.297, Output efficiency: 0.268
mdot_h2: 8.62 g/s
Reynolds_number: 6,601,481
Stack prop output power: 203 kW, Pcomp: 10.5 kW
Cell efficiency: 0.295, Output efficiency: 0.267
mdot_h2: 5.13 g/s
Reynolds_number: 6,601,481
Stack prop output power: 271 kW, Pcomp: 14.0 kW
Cell efficiency: 0.295, Output efficiency: 0.267
mdot_h2: 6.83 g/s
Reynolds_number: 6,601,481
Stack prop output power: 274 kW, Pcomp: 14.1 kW
Cell efficiency: 0.295, Output efficiency: 0.267
mdot_h2: 6.92 g/s
Reynolds_number: 7,953,592
Stack prop output power: 456 kW, Pcomp: 4.1 kW
Cell efficiency: 0.277, Output efficiency: 0.261
mdot_h2: 11.76 g/s
Reynolds_number: 7,953,592
Stack prop output power: 694 kW, Pcomp: 6.2 kW
Cell efficiency: 0.277, Output efficiency: 0.261
mdot_h2: 17.90 g/s
Reynolds_number: 7,953,592
Stack prop output power: 696 kW, Pcomp: 6.3 kW
Cell efficiency: 0.277, Output efficiency: 0.261
mdot_h2: 17.95 g/s
Reynolds_number: 6,709,346
Stack prop output power: 452 kW, Pcomp: 3.9 kW
Cell efficiency: 0.305, Output efficiency: 0.287
mdot_h2: 10.60 g/s
Reynolds_number: 6,709,346
Stack prop output power: 688 kW, Pcomp: 6.0 kW
Cell efficiency: 0.305, Output efficiency: 0.287
mdot_h2: 16.13 g/s
Reynolds_number: 6,709,346
Stack prop output power: 690 kW, Pcomp: 6.0 kW
Cell efficiency: 0.305, Output efficiency: 0.287
mdot_h2: 16.18 g/s
Reynolds_number: 7,953,592
Stack prop output power: 254 kW, Pcomp: 13.1 kW
Cell efficiency: 0.297, Output efficiency: 0.268
mdot_h2: 6.39 g/s
Reynolds_number: 7,953,592
Stack prop output power: 339 kW, Pcomp: 17.4 kW
Cell efficiency: 0.297, Output efficiency: 0.268
mdot_h2: 8.51 g/s
Reynolds_number: 7,953,592
Stack prop output power: 343 kW, Pcomp: 17.7 kW
Cell efficiency: 0.297, Output efficiency: 0.268
mdot_h2: 8.62 g/s
Fuel-cell system mass representative phase: climb (P_fc_sys=1391.411 kW).

-----------------------
ptotal_climb: 1,851 kW, mtom_est: 7,747 kg, mtom: 7,628 kg, residual: +119.95 kg

MTOM update: newton_prebracket, relax=1.000 -> mtom_next=7,968.99 kg

======================================================
======================= ITER 5 =======================
Reynolds_number: 7,953,592
Stack prop output power: 343 kW, Pcomp: 17.7 kW
Cell efficiency: 0.297, Output efficiency: 0.268
mdot_h2: 8.62 g/s
Reynolds_number: 7,953,592
Stack prop output power: 358 kW, Pcomp: 18.4 kW
Cell efficiency: 0.297, Output efficiency: 0.268
mdot_h2: 8.99 g/s
Reynolds_number: 7,953,592
Stack prop output power: 359 kW, Pcomp: 18.5 kW
Cell efficiency: 0.297, Output efficiency: 0.268
mdot_h2: 9.01 g/s
Reynolds_number: 6,601,481
Stack prop output power: 275 kW, Pcomp: 14.1 kW
Cell efficiency: 0.295, Output efficiency: 0.267
mdot_h2: 6.92 g/s
Reynolds_number: 6,601,481
Stack prop output power: 286 kW, Pcomp: 14.7 kW
Cell efficiency: 0.295, Output efficiency: 0.267
mdot_h2: 7.22 g/s
Reynolds_number: 6,601,481
Stack prop output power: 287 kW, Pcomp: 14.8 kW
Cell efficiency: 0.295, Output efficiency: 0.267
mdot_h2: 7.23 g/s
Reynolds_number: 7,953,592
Stack prop output power: 685 kW, Pcomp: 6.2 kW
Cell efficiency: 0.277, Output efficiency: 0.261
mdot_h2: 17.69 g/s
Reynolds_number: 7,953,592
Stack prop output power: 726 kW, Pcomp: 6.5 kW
Cell efficiency: 0.277, Output efficiency: 0.261
mdot_h2: 18.75 g/s
Reynolds_number: 6,709,346
Stack prop output power: 680 kW, Pcomp: 5.9 kW
Cell efficiency: 0.305, Output efficiency: 0.287
mdot_h2: 15.94 g/s
Reynolds_number: 6,709,346
Stack prop output power: 720 kW, Pcomp: 6.3 kW
Cell efficiency: 0.305, Output efficiency: 0.287
mdot_h2: 16.89 g/s
Reynolds_number: 7,953,592
Stack prop output power: 343 kW, Pcomp: 17.7 kW
Cell efficiency: 0.297, Output efficiency: 0.268
mdot_h2: 8.62 g/s
Reynolds_number: 7,953,592
Stack prop output power: 358 kW, Pcomp: 18.4 kW
Cell efficiency: 0.297, Output efficiency: 0.268
mdot_h2: 8.99 g/s
Reynolds_number: 7,953,592
Stack prop output power: 359 kW, Pcomp: 18.5 kW
Cell efficiency: 0.297, Output efficiency: 0.268
mdot_h2: 9.01 g/s
Fuel-cell system mass representative phase: climb (P_fc_sys=1453.700 kW).

-----------------------
ptotal_climb: 1,934 kW, mtom_est: 7,969 kg, mtom: 7,969 kg, residual: +0.45 kg


CONVERGED

CONVERGED STATE [MTOM iteration 5]
  MTOM=7,969 kg | Wing loading=220.53 kg/m^2 | P/W(climb)=242.67 W/kg
  Phase power: climb=1,933.9 kW | cruise=717.3 kW | loiter=573.8 kW | takeoff=1,917.9 kW | cruise+charger=717.3 kW
  Power split (climb): FC=1,440.6 kW | Battery=480.2 kW | Compressor=13.1 kW | Cooling=633.3 kW | H2=37.495 g/s
  Compressor max across phases: 36.9 kW (cruise)
  FC representative phase (mass sizing): climb (1,453.7 kW)
  Mass summary: MTOM=7,969 kg | Powertrain=2,701 kg | Tank=518.5 kg | Fuel=230.4 kg | Battery=285.6 kg | Nacelle power density=0.64 kW/kg
  Geometry: Main wing area=36.14 m^2 | Horizontal tail area=6.725 m^2 | Horizontal tail location=11.282 m | Vertical tail area=7.019 m^2 | Vertical tail location=10.583 m
  Config: wing loading input=220.51 kg/m^2 | P/W TO/Cl/Cr/Lo=0.17518/0.17660/0.06207/0.04966 kW/kg

=============================================================
========================= CONVERGED =========================
=============================================================
Constraint sizing: ENABLED (min_combined_pw)
Input W/S: 220.51 kg/m^2 (2,162.5 Pa)
Input P/W [kW/kg]: takeoff 0.17518, climb 0.17660, cruise 0.06207, loiter 0.04966
-------------------------------------------------------------

Mission Time
Climb time: 7.57 min (0.13 h)
Cruise time: 182.46 min (3.04 h)
Total flight time: 212.03 min (3.53 h)

Phase Power Breakdown
Phase      Time[min]     Total[kW]    FC Stack[kW]   Battery[kW]   Compressor[kW]   Cooling[kW]   mdot_H2[g/s]
--------------------------------------------------------------------------------------------------------------
ready           0.00          96.7            96.7           0.0              0.0           0.0         0.0
taxi            5.00         193.4           193.4           0.0              0.0           0.0         3.7
takeoff         1.00       1,917.9         1,429.0         476.3             12.5         550.3        33.8
climb           7.57       1,933.9         1,440.6         480.2             13.1         633.3        37.5
cruise        182.46         717.3           680.4           0.0             36.9         296.9        18.0
loiter         15.00         573.8           544.3           0.0             29.5         238.8        14.5
landing         1.00           0.0             0.0           0.0              0.0           0.0         0.0

Pcomp_max (solved phases): 36.9 kW (cruise)
Pnet (climb): 1,746 kW
Pelectricnet (climb): 1,921 kW
eta_pt: 0.9031

Geometry
S_wing: 36.14 m^2
b_wing: 18.03 m
Lfus: 13.63 m
Ltank: 4.62 m
S_HT: 6.73 m^2
S_VT: 7.02 m^2
b_HT: 5.50 m
b_VT: 3.65 m
X_HT_act: 11.28 m
X_VT_act: 10.58 m

One Nacelle (1/2)
Stack(1/2): 425 kg, Compressor: 32 kg, Humidifier: 170 kg, HX: 513 kg
W_FCS_single_nacelle (W_Stack+W_Compressor+W_Humidifier+W_Hx): 1,140 kg
Representative FC phase: climb
Specific Power of Nacelle System: 0.638 kW/kg
dim_hx: dX=1.692 m, dY=1.692 m, dZ=0.201 m
dim_stack: dX=0.391 m, dY=0.348 m, dZ=0.348 m

ALL Nacelles
W_FCS_total: 2,280 kg
W_PMAD: 166 kg
W_Motors: 255 kg

-----------------------
W_Powertrain (W_FCS_total+W_PMAD+W_Motors): 2,701 kg
-----------------------
W_wing: 618 kg
W_Htail: 50 kg
W_Vtail: 82 kg
W_fuselage: 389 kg
W_lnd_gear_main: 243 kg
W_lnd_gear_nose: 65 kg
W_flight_control: 366 kg
W_electric_system: 300 kg
W_iae: 111 kg
W_hydraulics: 96 kg
W_fur: 415 kg
-----------------------
OEM: 2,734 kg
-----------------------
W_tank: 518 kg
W_fuel: 230.4 kg
W_batt: 285.6 kg
-----------------------
W_payload: 1,500 kg
-----------------------
MTOM_grouped (OEM+W_tank+W_fuel+W_batt+W_Powertrain+W_payload): 7,969 kg
MTOM: 7,969 kg
-----------------------

Wing loading (MTOM/S_wing): 220.53 kg/m^2
Power-to-weight (converged): 242.67 W/kg

mdot_H2(cruise): 18.0 g/s
Vtankex: 9.9 m^3
========================== END ==============================


=============================================================
Execution time: 74.2 seconds
=============================================================
