Auto-widening W/S scan window for min_combined_pw: 1900.0..2600.0 -> 1725.0..2775.0 Pa (factor 1.500, lower_hit=True, upper_hit=False, min_on_edge=False).
Auto-widening W/S scan window for min_combined_pw: 1725.0..2775.0 -> 1462.5..3037.5 Pa (factor 1.500, lower_hit=True, upper_hit=False, min_on_edge=False).
ADRpy constraint sizing (min_combined_pw): W/S=2212.5 Pa (225.61 kg/m^2), P/W_TO=0.18089 kW/kg, P/W_climb=0.18058 kW/kg, P/W_cruise=0.06135 kW/kg
Curve minimum (combined/combined): W/S=2212.5 Pa (225.61 kg/m^2), P/W=0.18089 kW/kg
Curve minimum (takeoff/take-off): W/S=1462.5 Pa (149.13 kg/m^2), P/W=0.10196 kW/kg
Curve minimum (climb/climb): W/S=2312.5 Pa (235.81 kg/m^2), P/W=0.17920 kW/kg
Curve minimum (cruise/cruise): W/S=2262.5 Pa (230.71 kg/m^2), P/W=0.06134 kW/kg
======================================================
======================= ITER 1 =======================
Reynolds_number: 7,577,968
Stack prop output power: 500 kW, Pcomp: 30.8 kW
Cell efficiency: 0.296, Output efficiency: 0.265
mdot_h2: 12.72 g/s
Reynolds_number: 7,577,968
Stack prop output power: 242 kW, Pcomp: 14.9 kW
Cell efficiency: 0.296, Output efficiency: 0.265
mdot_h2: 6.15 g/s
Reynolds_number: 7,577,968
Stack prop output power: 226 kW, Pcomp: 13.9 kW
Cell efficiency: 0.296, Output efficiency: 0.265
mdot_h2: 5.75 g/s
Reynolds_number: 7,577,968
Stack prop output power: 225 kW, Pcomp: 13.9 kW
Cell efficiency: 0.296, Output efficiency: 0.265
mdot_h2: 5.72 g/s
Reynolds_number: 6,289,713
Stack prop output power: 500 kW, Pcomp: 30.8 kW
Cell efficiency: 0.295, Output efficiency: 0.264
mdot_h2: 12.77 g/s
Reynolds_number: 6,289,713
Stack prop output power: 200 kW, Pcomp: 12.3 kW
Cell efficiency: 0.295, Output efficiency: 0.264
mdot_h2: 5.10 g/s
Reynolds_number: 6,289,713
Stack prop output power: 181 kW, Pcomp: 11.2 kW
Cell efficiency: 0.295, Output efficiency: 0.264
mdot_h2: 4.62 g/s
Reynolds_number: 6,289,713
Stack prop output power: 180 kW, Pcomp: 11.1 kW
Cell efficiency: 0.295, Output efficiency: 0.264
mdot_h2: 4.59 g/s
Reynolds_number: 7,577,968
Stack prop output power: 346 kW, Pcomp: 3.1 kW
Cell efficiency: 0.271, Output efficiency: 0.255
mdot_h2: 9.12 g/s
Reynolds_number: 7,577,968
Stack prop output power: 465 kW, Pcomp: 4.2 kW
Cell efficiency: 0.271, Output efficiency: 0.255
mdot_h2: 12.27 g/s
Reynolds_number: 7,577,968
Stack prop output power: 466 kW, Pcomp: 4.2 kW
Cell efficiency: 0.271, Output efficiency: 0.255
mdot_h2: 12.30 g/s
Reynolds_number: 6,709,346
Stack prop output power: 346 kW, Pcomp: 3.0 kW
Cell efficiency: 0.305, Output efficiency: 0.287
mdot_h2: 8.11 g/s
Reynolds_number: 6,709,346
Stack prop output power: 466 kW, Pcomp: 4.1 kW
Cell efficiency: 0.305, Output efficiency: 0.287
mdot_h2: 10.93 g/s
Reynolds_number: 6,709,346
Stack prop output power: 467 kW, Pcomp: 4.1 kW
Cell efficiency: 0.305, Output efficiency: 0.287
mdot_h2: 10.95 g/s
Reynolds_number: 7,577,968
Stack prop output power: 500 kW, Pcomp: 30.8 kW
Cell efficiency: 0.296, Output efficiency: 0.265
mdot_h2: 12.72 g/s
Reynolds_number: 7,577,968
Stack prop output power: 242 kW, Pcomp: 14.9 kW
Cell efficiency: 0.296, Output efficiency: 0.265
mdot_h2: 6.15 g/s
Reynolds_number: 7,577,968
Stack prop output power: 226 kW, Pcomp: 13.9 kW
Cell efficiency: 0.296, Output efficiency: 0.265
mdot_h2: 5.75 g/s
Reynolds_number: 7,577,968
Stack prop output power: 225 kW, Pcomp: 13.9 kW
Cell efficiency: 0.296, Output efficiency: 0.265
mdot_h2: 5.72 g/s
Fuel-cell system mass representative phase: takeoff (P_fc_sys=933.979 kW).

-----------------------
ptotal_climb: 1,241 kW, mtom_est: 6,756 kg, mtom: 5,000 kg, residual: +1,756.13 kg

MTOM update: initial_bracket_probe_1, relax=1.000 -> mtom_next=5,325.00 kg

======================================================
======================= ITER 2 =======================
Reynolds_number: 7,577,968
Stack prop output power: 225 kW, Pcomp: 13.8 kW
Cell efficiency: 0.296, Output efficiency: 0.265
mdot_h2: 5.72 g/s
Reynolds_number: 7,577,968
Stack prop output power: 239 kW, Pcomp: 14.7 kW
Cell efficiency: 0.296, Output efficiency: 0.265
mdot_h2: 6.07 g/s
Reynolds_number: 7,577,968
Stack prop output power: 239 kW, Pcomp: 14.7 kW
Cell efficiency: 0.296, Output efficiency: 0.265
mdot_h2: 6.09 g/s
Reynolds_number: 6,289,713
Stack prop output power: 180 kW, Pcomp: 11.1 kW
Cell efficiency: 0.295, Output efficiency: 0.264
mdot_h2: 4.59 g/s
Reynolds_number: 6,289,713
Stack prop output power: 191 kW, Pcomp: 11.8 kW
Cell efficiency: 0.295, Output efficiency: 0.264
mdot_h2: 4.87 g/s
Reynolds_number: 6,289,713
Stack prop output power: 191 kW, Pcomp: 11.8 kW
Cell efficiency: 0.295, Output efficiency: 0.264
mdot_h2: 4.89 g/s
Reynolds_number: 7,577,968
Stack prop output power: 456 kW, Pcomp: 4.1 kW
Cell efficiency: 0.271, Output efficiency: 0.255
mdot_h2: 12.04 g/s
Reynolds_number: 7,577,968
Stack prop output power: 496 kW, Pcomp: 4.5 kW
Cell efficiency: 0.271, Output efficiency: 0.255
mdot_h2: 13.09 g/s
Reynolds_number: 6,709,346
Stack prop output power: 457 kW, Pcomp: 4.0 kW
Cell efficiency: 0.305, Output efficiency: 0.287
mdot_h2: 10.72 g/s
Reynolds_number: 6,709,346
Stack prop output power: 497 kW, Pcomp: 4.3 kW
Cell efficiency: 0.305, Output efficiency: 0.287
mdot_h2: 11.65 g/s
Reynolds_number: 7,577,968
Stack prop output power: 225 kW, Pcomp: 13.8 kW
Cell efficiency: 0.296, Output efficiency: 0.265
mdot_h2: 5.72 g/s
Reynolds_number: 7,577,968
Stack prop output power: 239 kW, Pcomp: 14.7 kW
Cell efficiency: 0.296, Output efficiency: 0.265
mdot_h2: 6.07 g/s
Reynolds_number: 7,577,968
Stack prop output power: 239 kW, Pcomp: 14.7 kW
Cell efficiency: 0.296, Output efficiency: 0.265
mdot_h2: 6.09 g/s
Fuel-cell system mass representative phase: takeoff (P_fc_sys=994.682 kW).

-----------------------
ptotal_climb: 1,321 kW, mtom_est: 7,008 kg, mtom: 5,325 kg, residual: +1,683.03 kg

MTOM update: initial_bracket_probe_2, relax=1.000 -> mtom_next=5,650.00 kg

======================================================
======================= ITER 3 =======================
Reynolds_number: 7,577,968
Stack prop output power: 239 kW, Pcomp: 14.7 kW
Cell efficiency: 0.296, Output efficiency: 0.265
mdot_h2: 6.09 g/s
Reynolds_number: 7,577,968
Stack prop output power: 253 kW, Pcomp: 15.6 kW
Cell efficiency: 0.296, Output efficiency: 0.265
mdot_h2: 6.44 g/s
Reynolds_number: 7,577,968
Stack prop output power: 254 kW, Pcomp: 15.6 kW
Cell efficiency: 0.296, Output efficiency: 0.265
mdot_h2: 6.46 g/s
Reynolds_number: 6,289,713
Stack prop output power: 192 kW, Pcomp: 11.8 kW
Cell efficiency: 0.295, Output efficiency: 0.264
mdot_h2: 4.89 g/s
Reynolds_number: 6,289,713
Stack prop output power: 202 kW, Pcomp: 12.5 kW
Cell efficiency: 0.295, Output efficiency: 0.264
mdot_h2: 5.17 g/s
Reynolds_number: 6,289,713
Stack prop output power: 203 kW, Pcomp: 12.5 kW
Cell efficiency: 0.295, Output efficiency: 0.264
mdot_h2: 5.19 g/s
Reynolds_number: 7,577,968
Stack prop output power: 487 kW, Pcomp: 4.4 kW
Cell efficiency: 0.271, Output efficiency: 0.255
mdot_h2: 12.83 g/s
Reynolds_number: 7,577,968
Stack prop output power: 527 kW, Pcomp: 4.8 kW
Cell efficiency: 0.271, Output efficiency: 0.255
mdot_h2: 13.89 g/s
Reynolds_number: 6,709,346
Stack prop output power: 487 kW, Pcomp: 4.2 kW
Cell efficiency: 0.305, Output efficiency: 0.287
mdot_h2: 11.43 g/s
Reynolds_number: 6,709,346
Stack prop output power: 527 kW, Pcomp: 4.6 kW
Cell efficiency: 0.305, Output efficiency: 0.287
mdot_h2: 12.37 g/s
Reynolds_number: 7,577,968
Stack prop output power: 239 kW, Pcomp: 14.7 kW
Cell efficiency: 0.296, Output efficiency: 0.265
mdot_h2: 6.09 g/s
Reynolds_number: 7,577,968
Stack prop output power: 253 kW, Pcomp: 15.6 kW
Cell efficiency: 0.296, Output efficiency: 0.265
mdot_h2: 6.44 g/s
Reynolds_number: 7,577,968
Stack prop output power: 254 kW, Pcomp: 15.6 kW
Cell efficiency: 0.296, Output efficiency: 0.265
mdot_h2: 6.46 g/s
Fuel-cell system mass representative phase: takeoff (P_fc_sys=1055.390 kW).

-----------------------
ptotal_climb: 1,402 kW, mtom_est: 7,262 kg, mtom: 5,650 kg, residual: +1,612.34 kg

MTOM update: newton_prebracket, relax=1.000 -> mtom_next=7,627.50 kg

======================================================
======================= ITER 4 =======================
Reynolds_number: 7,577,968
Stack prop output power: 254 kW, Pcomp: 15.6 kW
Cell efficiency: 0.296, Output efficiency: 0.265
mdot_h2: 6.46 g/s
Reynolds_number: 7,577,968
Stack prop output power: 337 kW, Pcomp: 20.8 kW
Cell efficiency: 0.296, Output efficiency: 0.265
mdot_h2: 8.59 g/s
Reynolds_number: 7,577,968
Stack prop output power: 343 kW, Pcomp: 21.1 kW
Cell efficiency: 0.296, Output efficiency: 0.265
mdot_h2: 8.72 g/s
Reynolds_number: 6,289,713
Stack prop output power: 203 kW, Pcomp: 12.5 kW
Cell efficiency: 0.295, Output efficiency: 0.264
mdot_h2: 5.19 g/s
Reynolds_number: 6,289,713
Stack prop output power: 270 kW, Pcomp: 16.6 kW
Cell efficiency: 0.295, Output efficiency: 0.264
mdot_h2: 6.89 g/s
Reynolds_number: 6,289,713
Stack prop output power: 274 kW, Pcomp: 16.9 kW
Cell efficiency: 0.295, Output efficiency: 0.264
mdot_h2: 7.00 g/s
Reynolds_number: 7,577,968
Stack prop output power: 466 kW, Pcomp: 4.2 kW
Cell efficiency: 0.271, Output efficiency: 0.255
mdot_h2: 12.29 g/s
Reynolds_number: 7,577,968
Stack prop output power: 709 kW, Pcomp: 6.4 kW
Cell efficiency: 0.271, Output efficiency: 0.255
mdot_h2: 18.70 g/s
Reynolds_number: 7,577,968
Stack prop output power: 711 kW, Pcomp: 6.5 kW
Cell efficiency: 0.271, Output efficiency: 0.255
mdot_h2: 18.76 g/s
Reynolds_number: 6,709,346
Stack prop output power: 467 kW, Pcomp: 4.1 kW
Cell efficiency: 0.305, Output efficiency: 0.287
mdot_h2: 10.94 g/s
Reynolds_number: 6,709,346
Stack prop output power: 710 kW, Pcomp: 6.2 kW
Cell efficiency: 0.305, Output efficiency: 0.287
mdot_h2: 16.65 g/s
Reynolds_number: 6,709,346
Stack prop output power: 712 kW, Pcomp: 6.2 kW
Cell efficiency: 0.305, Output efficiency: 0.287
mdot_h2: 16.70 g/s
Reynolds_number: 7,577,968
Stack prop output power: 254 kW, Pcomp: 15.6 kW
Cell efficiency: 0.296, Output efficiency: 0.265
mdot_h2: 6.46 g/s
Reynolds_number: 7,577,968
Stack prop output power: 337 kW, Pcomp: 20.8 kW
Cell efficiency: 0.296, Output efficiency: 0.265
mdot_h2: 8.59 g/s
Reynolds_number: 7,577,968
Stack prop output power: 343 kW, Pcomp: 21.1 kW
Cell efficiency: 0.296, Output efficiency: 0.265
mdot_h2: 8.72 g/s
Fuel-cell system mass representative phase: takeoff (P_fc_sys=1424.785 kW).

-----------------------
ptotal_climb: 1,893 kW, mtom_est: 8,819 kg, mtom: 7,628 kg, residual: +1,191.63 kg

MTOM update: newton_prebracket, relax=1.000 -> mtom_next=10,297.12 kg

======================================================
======================= ITER 5 =======================
Reynolds_number: 7,577,968
Stack prop output power: 343 kW, Pcomp: 21.1 kW
Cell efficiency: 0.296, Output efficiency: 0.265
mdot_h2: 8.73 g/s
Reynolds_number: 7,577,968
Stack prop output power: 456 kW, Pcomp: 28.1 kW
Cell efficiency: 0.296, Output efficiency: 0.265
mdot_h2: 11.59 g/s
Reynolds_number: 7,577,968
Stack prop output power: 463 kW, Pcomp: 28.5 kW
Cell efficiency: 0.296, Output efficiency: 0.265
mdot_h2: 11.77 g/s
Reynolds_number: 6,289,713
Stack prop output power: 274 kW, Pcomp: 16.9 kW
Cell efficiency: 0.295, Output efficiency: 0.264
mdot_h2: 7.01 g/s
Reynolds_number: 6,289,713
Stack prop output power: 364 kW, Pcomp: 22.4 kW
Cell efficiency: 0.295, Output efficiency: 0.264
mdot_h2: 9.31 g/s
Reynolds_number: 6,289,713
Stack prop output power: 370 kW, Pcomp: 22.8 kW
Cell efficiency: 0.295, Output efficiency: 0.264
mdot_h2: 9.45 g/s
Reynolds_number: 7,577,968
Stack prop output power: 629 kW, Pcomp: 5.7 kW
Cell efficiency: 0.271, Output efficiency: 0.255
mdot_h2: 16.59 g/s
Reynolds_number: 7,577,968
Stack prop output power: 957 kW, Pcomp: 8.7 kW
Cell efficiency: 0.271, Output efficiency: 0.255
mdot_h2: 25.25 g/s
Reynolds_number: 7,577,968
Stack prop output power: 960 kW, Pcomp: 8.7 kW
Cell efficiency: 0.271, Output efficiency: 0.255
mdot_h2: 25.33 g/s
Reynolds_number: 6,709,346
Stack prop output power: 630 kW, Pcomp: 5.5 kW
Cell efficiency: 0.305, Output efficiency: 0.287
mdot_h2: 14.77 g/s
Reynolds_number: 6,709,346
Stack prop output power: 959 kW, Pcomp: 8.4 kW
Cell efficiency: 0.305, Output efficiency: 0.287
mdot_h2: 22.48 g/s
Reynolds_number: 6,709,346
Stack prop output power: 962 kW, Pcomp: 8.4 kW
Cell efficiency: 0.305, Output efficiency: 0.287
mdot_h2: 22.55 g/s
Reynolds_number: 7,577,968
Stack prop output power: 343 kW, Pcomp: 21.1 kW
Cell efficiency: 0.296, Output efficiency: 0.265
mdot_h2: 8.73 g/s
Reynolds_number: 7,577,968
Stack prop output power: 456 kW, Pcomp: 28.1 kW
Cell efficiency: 0.296, Output efficiency: 0.265
mdot_h2: 11.59 g/s
Reynolds_number: 7,577,968
Stack prop output power: 463 kW, Pcomp: 28.5 kW
Cell efficiency: 0.296, Output efficiency: 0.265
mdot_h2: 11.77 g/s
Fuel-cell system mass representative phase: takeoff (P_fc_sys=1923.460 kW).

-----------------------
ptotal_climb: 2,555 kW, mtom_est: 10,939 kg, mtom: 10,297 kg, residual: +642.05 kg

MTOM update: newton_prebracket, relax=1.000 -> mtom_next=13,415.97 kg

======================================================
======================= ITER 6 =======================
Reynolds_number: 7,577,968
Stack prop output power: 463 kW, Pcomp: 28.5 kW
Cell efficiency: 0.296, Output efficiency: 0.265
mdot_h2: 11.78 g/s
Reynolds_number: 7,577,968
Stack prop output power: 595 kW, Pcomp: 36.6 kW
Cell efficiency: 0.296, Output efficiency: 0.265
mdot_h2: 15.13 g/s
Reynolds_number: 7,577,968
Stack prop output power: 603 kW, Pcomp: 37.1 kW
Cell efficiency: 0.296, Output efficiency: 0.265
mdot_h2: 15.33 g/s
Reynolds_number: 6,289,713
Stack prop output power: 370 kW, Pcomp: 22.8 kW
Cell efficiency: 0.295, Output efficiency: 0.264
mdot_h2: 9.46 g/s
Reynolds_number: 6,289,713
Stack prop output power: 476 kW, Pcomp: 29.3 kW
Cell efficiency: 0.295, Output efficiency: 0.264
mdot_h2: 12.15 g/s
Reynolds_number: 6,289,713
Stack prop output power: 482 kW, Pcomp: 29.7 kW
Cell efficiency: 0.295, Output efficiency: 0.264
mdot_h2: 12.31 g/s
Reynolds_number: 7,577,968
Stack prop output power: 864 kW, Pcomp: 7.9 kW
Cell efficiency: 0.271, Output efficiency: 0.255
mdot_h2: 22.80 g/s
Reynolds_number: 7,577,968
Stack prop output power: 1,248 kW, Pcomp: 11.3 kW
Cell efficiency: 0.271, Output efficiency: 0.255
mdot_h2: 32.91 g/s
Reynolds_number: 7,577,968
Stack prop output power: 1,251 kW, Pcomp: 11.4 kW
Cell efficiency: 0.271, Output efficiency: 0.255
mdot_h2: 33.00 g/s
Reynolds_number: 6,709,346
Stack prop output power: 865 kW, Pcomp: 7.5 kW
Cell efficiency: 0.305, Output efficiency: 0.287
mdot_h2: 20.29 g/s
Reynolds_number: 6,709,346
Stack prop output power: 1,250 kW, Pcomp: 10.9 kW
Cell efficiency: 0.305, Output efficiency: 0.287
mdot_h2: 29.30 g/s
Reynolds_number: 6,709,346
Stack prop output power: 1,253 kW, Pcomp: 10.9 kW
Cell efficiency: 0.305, Output efficiency: 0.287
mdot_h2: 29.38 g/s
Reynolds_number: 7,577,968
Stack prop output power: 463 kW, Pcomp: 28.5 kW
Cell efficiency: 0.296, Output efficiency: 0.265
mdot_h2: 11.78 g/s
Reynolds_number: 7,577,968
Stack prop output power: 595 kW, Pcomp: 36.6 kW
Cell efficiency: 0.296, Output efficiency: 0.265
mdot_h2: 15.13 g/s
Reynolds_number: 7,577,968
Stack prop output power: 603 kW, Pcomp: 37.1 kW
Cell efficiency: 0.296, Output efficiency: 0.265
mdot_h2: 15.33 g/s
Fuel-cell system mass representative phase: takeoff (P_fc_sys=2506.048 kW).

-----------------------
ptotal_climb: 3,329 kW, mtom_est: 13,443 kg, mtom: 13,416 kg, residual: +26.64 kg

MTOM update: newton_prebracket, relax=1.000 -> mtom_next=13,550.99 kg

======================================================
======================= ITER 7 =======================
Reynolds_number: 7,577,968
Stack prop output power: 603 kW, Pcomp: 37.2 kW
Cell efficiency: 0.296, Output efficiency: 0.265
mdot_h2: 15.35 g/s
Reynolds_number: 7,577,968
Stack prop output power: 609 kW, Pcomp: 37.5 kW
Cell efficiency: 0.296, Output efficiency: 0.265
mdot_h2: 15.49 g/s
Reynolds_number: 6,289,713
Stack prop output power: 483 kW, Pcomp: 29.7 kW
Cell efficiency: 0.295, Output efficiency: 0.264
mdot_h2: 12.32 g/s
Reynolds_number: 6,289,713
Stack prop output power: 487 kW, Pcomp: 30.0 kW
Cell efficiency: 0.295, Output efficiency: 0.264
mdot_h2: 12.44 g/s
Reynolds_number: 7,577,968
Stack prop output power: 1,247 kW, Pcomp: 11.3 kW
Cell efficiency: 0.271, Output efficiency: 0.255
mdot_h2: 32.89 g/s
Reynolds_number: 7,577,968
Stack prop output power: 1,264 kW, Pcomp: 11.5 kW
Cell efficiency: 0.271, Output efficiency: 0.255
mdot_h2: 33.33 g/s
Reynolds_number: 6,709,346
Stack prop output power: 1,249 kW, Pcomp: 10.9 kW
Cell efficiency: 0.305, Output efficiency: 0.287
mdot_h2: 29.28 g/s
Reynolds_number: 6,709,346
Stack prop output power: 1,265 kW, Pcomp: 11.0 kW
Cell efficiency: 0.305, Output efficiency: 0.287
mdot_h2: 29.67 g/s
Reynolds_number: 7,577,968
Stack prop output power: 603 kW, Pcomp: 37.2 kW
Cell efficiency: 0.296, Output efficiency: 0.265
mdot_h2: 15.35 g/s
Reynolds_number: 7,577,968
Stack prop output power: 609 kW, Pcomp: 37.5 kW
Cell efficiency: 0.296, Output efficiency: 0.265
mdot_h2: 15.49 g/s
Fuel-cell system mass representative phase: takeoff (P_fc_sys=2531.267 kW).

-----------------------
ptotal_climb: 3,363 kW, mtom_est: 13,553 kg, mtom: 13,551 kg, residual: +1.59 kg


CONVERGED

CONVERGED STATE [MTOM iteration 7]
  MTOM=13,553 kg | Wing loading=225.64 kg/m^2 | P/W(climb)=248.13 W/kg
  Phase power: climb=3,362.8 kW | cruise=1,218.5 kW | loiter=974.8 kW | takeoff=3,367.7 kW | cruise+charger=1,218.5 kW
  Power split (climb): FC=2,504.9 kW | Battery=835.0 kW | Compressor=23.0 kW | Cooling=1,123.9 kW | H2=66.659 g/s
  Compressor max across phases: 75.0 kW (cruise)
  FC representative phase (mass sizing): takeoff (2,531.3 kW)
  Mass summary: MTOM=13,553 kg | Powertrain=4,813 kg | Tank=1,757.8 kg | Fuel=781.2 kg | Battery=570.3 kg | Nacelle power density=0.62 kW/kg
  Geometry: Main wing area=60.06 m^2 | Horizontal tail area=6.901 m^2 | Horizontal tail location=22.299 m | Vertical tail area=6.993 m^2 | Vertical tail location=21.628 m
  Config: wing loading input=225.61 kg/m^2 | P/W TO/Cl/Cr/Lo=0.18089/0.18058/0.06135/0.04908 kW/kg

=============================================================
========================= CONVERGED =========================
=============================================================
Constraint sizing: ENABLED (min_combined_pw)
Input W/S: 225.61 kg/m^2 (2,212.5 Pa)
Input P/W [kW/kg]: takeoff 0.18089, climb 0.18058, cruise 0.06135, loiter 0.04908
-------------------------------------------------------------

Mission Time
Climb time: 8.83 min (0.15 h)
Cruise time: 386.18 min (6.44 h)
Total flight time: 417.01 min (6.95 h)

Phase Power Breakdown
Phase      Time[min]     Total[kW]    FC Stack[kW]   Battery[kW]   Compressor[kW]   Cooling[kW]   mdot_H2[g/s]
--------------------------------------------------------------------------------------------------------------
ready           0.00         168.1           168.1           0.0              0.0           0.0         0.0
taxi            5.00         336.3           336.3           0.0              0.0           0.0         6.7
takeoff         1.00       3,367.7         2,509.2         836.4             22.0         957.5        59.3
climb           8.83       3,362.8         2,504.9         835.0             23.0       1,123.9        66.7
cruise        386.18       1,218.5         1,143.4           0.0             75.0         506.3        31.0
loiter         15.00         974.8           914.8           0.0             60.0         407.2        24.9
landing         1.00           0.0             0.0           0.0              0.0           0.0         0.0

Pcomp_max (solved phases): 75.0 kW (cruise)
Pnet (climb): 3,037 kW
Pelectricnet (climb): 3,340 kW
eta_pt: 0.9031

Geometry
S_wing: 60.06 m^2
b_wing: 23.25 m
Lfus: 24.67 m
Ltank: 15.66 m
S_HT: 6.90 m^2
S_VT: 6.99 m^2
b_HT: 5.57 m
b_VT: 3.65 m
X_HT_act: 22.30 m
X_VT_act: 21.63 m

One Nacelle (1/2)
Stack(1/2): 679 kg, Compressor: 40 kg, Humidifier: 204 kg, HX: 1,117 kg
W_FCS_single_nacelle (W_Stack+W_Compressor+W_Humidifier+W_Hx): 2,039 kg
Representative FC phase: takeoff
Specific Power of Nacelle System: 0.621 kW/kg
dim_hx: dX=2.544 m, dY=2.544 m, dZ=0.192 m
dim_stack: dX=0.360 m, dY=0.459 m, dZ=0.459 m

ALL Nacelles
W_FCS_total: 4,079 kg
W_PMAD: 291 kg
W_Motors: 443 kg

-----------------------
W_Powertrain (W_FCS_total+W_PMAD+W_Motors): 4,813 kg
-----------------------
W_wing: 1,177 kg
W_Htail: 71 kg
W_Vtail: 111 kg
W_fuselage: 796 kg
W_lnd_gear_main: 243 kg
W_lnd_gear_nose: 65 kg
W_flight_control: 366 kg
W_electric_system: 300 kg
W_iae: 179 kg
W_hydraulics: 163 kg
W_fur: 661 kg
-----------------------
OEM: 4,131 kg
-----------------------
W_tank: 1,758 kg
W_fuel: 781.2 kg
W_batt: 570.3 kg
-----------------------
W_payload: 1,500 kg
-----------------------
MTOM_grouped (OEM+W_tank+W_fuel+W_batt+W_Powertrain+W_payload): 13,553 kg
MTOM: 13,553 kg
-----------------------

Wing loading (MTOM/S_wing): 225.64 kg/m^2
Power-to-weight (converged): 248.13 W/kg

mdot_H2(cruise): 31.0 g/s
Vtankex: 33.5 m^3
========================== END ==============================


=============================================================
Execution time: 98.8 seconds
=============================================================
