Auto-widening W/S scan window for min_combined_pw: 1900.0..2600.0 -> 1725.0..2775.0 Pa (factor 1.500, lower_hit=True, upper_hit=False, min_on_edge=False).
Auto-widening W/S scan window for min_combined_pw: 1725.0..2775.0 -> 1462.5..3037.5 Pa (factor 1.500, lower_hit=True, upper_hit=False, min_on_edge=False).
ADRpy constraint sizing (min_combined_pw): W/S=2212.5 Pa (225.61 kg/m^2), P/W_TO=0.18089 kW/kg, P/W_climb=0.18531 kW/kg, P/W_cruise=0.10256 kW/kg
Curve minimum (combined/combined): W/S=2212.5 Pa (225.61 kg/m^2), P/W=0.18531 kW/kg
Curve minimum (takeoff/take-off): W/S=1462.5 Pa (149.13 kg/m^2), P/W=0.10196 kW/kg
Curve minimum (climb/climb): W/S=2312.5 Pa (235.81 kg/m^2), P/W=0.18403 kW/kg
Curve minimum (cruise/cruise): W/S=2312.5 Pa (235.81 kg/m^2), P/W=0.10014 kW/kg
======================================================
======================= ITER 1 =======================
Reynolds_number: 10,093,728
Stack prop output power: 500 kW, Pcomp: 36.0 kW
Cell efficiency: 0.298, Output efficiency: 0.264
mdot_h2: 12.75 g/s
Reynolds_number: 10,093,728
Stack prop output power: 389 kW, Pcomp: 28.0 kW
Cell efficiency: 0.298, Output efficiency: 0.264
mdot_h2: 9.91 g/s
Reynolds_number: 10,093,728
Stack prop output power: 381 kW, Pcomp: 27.4 kW
Cell efficiency: 0.298, Output efficiency: 0.264
mdot_h2: 9.71 g/s
Reynolds_number: 10,093,728
Stack prop output power: 380 kW, Pcomp: 27.4 kW
Cell efficiency: 0.298, Output efficiency: 0.264
mdot_h2: 9.69 g/s
Reynolds_number: 8,377,794
Stack prop output power: 500 kW, Pcomp: 36.0 kW
Cell efficiency: 0.296, Output efficiency: 0.262
mdot_h2: 12.84 g/s
Reynolds_number: 8,377,794
Stack prop output power: 318 kW, Pcomp: 22.9 kW
Cell efficiency: 0.296, Output efficiency: 0.262
mdot_h2: 8.17 g/s
Reynolds_number: 8,377,794
Stack prop output power: 305 kW, Pcomp: 22.0 kW
Cell efficiency: 0.296, Output efficiency: 0.262
mdot_h2: 7.83 g/s
Reynolds_number: 8,377,794
Stack prop output power: 304 kW, Pcomp: 21.9 kW
Cell efficiency: 0.296, Output efficiency: 0.262
mdot_h2: 7.81 g/s
Reynolds_number: 10,093,728
Stack prop output power: 342 kW, Pcomp: 3.1 kW
Cell efficiency: 0.269, Output efficiency: 0.253
mdot_h2: 9.09 g/s
Reynolds_number: 10,093,728
Stack prop output power: 477 kW, Pcomp: 4.4 kW
Cell efficiency: 0.269, Output efficiency: 0.253
mdot_h2: 12.69 g/s
Reynolds_number: 10,093,728
Stack prop output power: 479 kW, Pcomp: 4.4 kW
Cell efficiency: 0.269, Output efficiency: 0.253
mdot_h2: 12.73 g/s
Reynolds_number: 6,709,346
Stack prop output power: 346 kW, Pcomp: 3.0 kW
Cell efficiency: 0.305, Output efficiency: 0.287
mdot_h2: 8.11 g/s
Reynolds_number: 6,709,346
Stack prop output power: 466 kW, Pcomp: 4.1 kW
Cell efficiency: 0.305, Output efficiency: 0.287
mdot_h2: 10.93 g/s
Reynolds_number: 6,709,346
Stack prop output power: 467 kW, Pcomp: 4.1 kW
Cell efficiency: 0.305, Output efficiency: 0.287
mdot_h2: 10.95 g/s
Reynolds_number: 10,093,728
Stack prop output power: 500 kW, Pcomp: 36.0 kW
Cell efficiency: 0.298, Output efficiency: 0.264
mdot_h2: 12.75 g/s
Reynolds_number: 10,093,728
Stack prop output power: 389 kW, Pcomp: 28.0 kW
Cell efficiency: 0.298, Output efficiency: 0.264
mdot_h2: 9.91 g/s
Reynolds_number: 10,093,728
Stack prop output power: 381 kW, Pcomp: 27.4 kW
Cell efficiency: 0.298, Output efficiency: 0.264
mdot_h2: 9.71 g/s
Reynolds_number: 10,093,728
Stack prop output power: 380 kW, Pcomp: 27.4 kW
Cell efficiency: 0.298, Output efficiency: 0.264
mdot_h2: 9.69 g/s
Fuel-cell system mass representative phase: climb (P_fc_sys=957.205 kW).

-----------------------
ptotal_climb: 1,273 kW, mtom_est: 5,511 kg, mtom: 5,000 kg, residual: +510.59 kg

MTOM update: initial_bracket_probe_1, relax=1.000 -> mtom_next=5,325.00 kg

======================================================
======================= ITER 2 =======================
Reynolds_number: 10,093,728
Stack prop output power: 380 kW, Pcomp: 27.4 kW
Cell efficiency: 0.298, Output efficiency: 0.264
mdot_h2: 9.69 g/s
Reynolds_number: 10,093,728
Stack prop output power: 403 kW, Pcomp: 29.0 kW
Cell efficiency: 0.298, Output efficiency: 0.264
mdot_h2: 10.28 g/s
Reynolds_number: 10,093,728
Stack prop output power: 405 kW, Pcomp: 29.2 kW
Cell efficiency: 0.298, Output efficiency: 0.264
mdot_h2: 10.32 g/s
Reynolds_number: 8,377,794
Stack prop output power: 304 kW, Pcomp: 21.9 kW
Cell efficiency: 0.296, Output efficiency: 0.262
mdot_h2: 7.81 g/s
Reynolds_number: 8,377,794
Stack prop output power: 322 kW, Pcomp: 23.2 kW
Cell efficiency: 0.296, Output efficiency: 0.262
mdot_h2: 8.28 g/s
Reynolds_number: 8,377,794
Stack prop output power: 324 kW, Pcomp: 23.3 kW
Cell efficiency: 0.296, Output efficiency: 0.262
mdot_h2: 8.31 g/s
Reynolds_number: 10,093,728
Stack prop output power: 468 kW, Pcomp: 4.3 kW
Cell efficiency: 0.269, Output efficiency: 0.253
mdot_h2: 12.45 g/s
Reynolds_number: 10,093,728
Stack prop output power: 509 kW, Pcomp: 4.7 kW
Cell efficiency: 0.269, Output efficiency: 0.253
mdot_h2: 13.54 g/s
Reynolds_number: 6,709,346
Stack prop output power: 457 kW, Pcomp: 4.0 kW
Cell efficiency: 0.305, Output efficiency: 0.287
mdot_h2: 10.72 g/s
Reynolds_number: 6,709,346
Stack prop output power: 497 kW, Pcomp: 4.3 kW
Cell efficiency: 0.305, Output efficiency: 0.287
mdot_h2: 11.65 g/s
Reynolds_number: 10,093,728
Stack prop output power: 380 kW, Pcomp: 27.4 kW
Cell efficiency: 0.298, Output efficiency: 0.264
mdot_h2: 9.69 g/s
Reynolds_number: 10,093,728
Stack prop output power: 403 kW, Pcomp: 29.0 kW
Cell efficiency: 0.298, Output efficiency: 0.264
mdot_h2: 10.28 g/s
Reynolds_number: 10,093,728
Stack prop output power: 405 kW, Pcomp: 29.2 kW
Cell efficiency: 0.298, Output efficiency: 0.264
mdot_h2: 10.32 g/s
Fuel-cell system mass representative phase: climb (P_fc_sys=1019.416 kW).

-----------------------
ptotal_climb: 1,356 kW, mtom_est: 5,756 kg, mtom: 5,325 kg, residual: +430.55 kg

MTOM update: initial_bracket_probe_2, relax=1.000 -> mtom_next=5,650.00 kg

======================================================
======================= ITER 3 =======================
Reynolds_number: 10,093,728
Stack prop output power: 405 kW, Pcomp: 29.2 kW
Cell efficiency: 0.298, Output efficiency: 0.264
mdot_h2: 10.32 g/s
Reynolds_number: 10,093,728
Stack prop output power: 428 kW, Pcomp: 30.8 kW
Cell efficiency: 0.298, Output efficiency: 0.264
mdot_h2: 10.91 g/s
Reynolds_number: 10,093,728
Stack prop output power: 429 kW, Pcomp: 30.9 kW
Cell efficiency: 0.298, Output efficiency: 0.264
mdot_h2: 10.95 g/s
Reynolds_number: 8,377,794
Stack prop output power: 324 kW, Pcomp: 23.3 kW
Cell efficiency: 0.296, Output efficiency: 0.262
mdot_h2: 8.31 g/s
Reynolds_number: 8,377,794
Stack prop output power: 342 kW, Pcomp: 24.6 kW
Cell efficiency: 0.296, Output efficiency: 0.262
mdot_h2: 8.78 g/s
Reynolds_number: 8,377,794
Stack prop output power: 343 kW, Pcomp: 24.7 kW
Cell efficiency: 0.296, Output efficiency: 0.262
mdot_h2: 8.82 g/s
Reynolds_number: 10,093,728
Stack prop output power: 499 kW, Pcomp: 4.6 kW
Cell efficiency: 0.269, Output efficiency: 0.253
mdot_h2: 13.28 g/s
Reynolds_number: 10,093,728
Stack prop output power: 540 kW, Pcomp: 5.0 kW
Cell efficiency: 0.269, Output efficiency: 0.253
mdot_h2: 14.37 g/s
Reynolds_number: 6,709,346
Stack prop output power: 487 kW, Pcomp: 4.2 kW
Cell efficiency: 0.305, Output efficiency: 0.287
mdot_h2: 11.43 g/s
Reynolds_number: 6,709,346
Stack prop output power: 527 kW, Pcomp: 4.6 kW
Cell efficiency: 0.305, Output efficiency: 0.287
mdot_h2: 12.37 g/s
Reynolds_number: 10,093,728
Stack prop output power: 405 kW, Pcomp: 29.2 kW
Cell efficiency: 0.298, Output efficiency: 0.264
mdot_h2: 10.32 g/s
Reynolds_number: 10,093,728
Stack prop output power: 428 kW, Pcomp: 30.8 kW
Cell efficiency: 0.298, Output efficiency: 0.264
mdot_h2: 10.91 g/s
Reynolds_number: 10,093,728
Stack prop output power: 429 kW, Pcomp: 30.9 kW
Cell efficiency: 0.298, Output efficiency: 0.264
mdot_h2: 10.95 g/s
Fuel-cell system mass representative phase: climb (P_fc_sys=1081.634 kW).

-----------------------
ptotal_climb: 1,439 kW, mtom_est: 6,003 kg, mtom: 5,650 kg, residual: +352.98 kg

MTOM update: newton_prebracket, relax=1.000 -> mtom_next=7,128.96 kg

======================================================
======================= ITER 4 =======================
Reynolds_number: 10,093,728
Stack prop output power: 429 kW, Pcomp: 30.9 kW
Cell efficiency: 0.298, Output efficiency: 0.264
mdot_h2: 10.95 g/s
Reynolds_number: 10,093,728
Stack prop output power: 534 kW, Pcomp: 38.5 kW
Cell efficiency: 0.298, Output efficiency: 0.264
mdot_h2: 13.61 g/s
Reynolds_number: 10,093,728
Stack prop output power: 541 kW, Pcomp: 39.0 kW
Cell efficiency: 0.298, Output efficiency: 0.264
mdot_h2: 13.80 g/s
Reynolds_number: 10,093,728
Stack prop output power: 542 kW, Pcomp: 39.0 kW
Cell efficiency: 0.298, Output efficiency: 0.264
mdot_h2: 13.82 g/s
Reynolds_number: 8,377,794
Stack prop output power: 344 kW, Pcomp: 24.7 kW
Cell efficiency: 0.296, Output efficiency: 0.262
mdot_h2: 8.82 g/s
Reynolds_number: 8,377,794
Stack prop output power: 427 kW, Pcomp: 30.8 kW
Cell efficiency: 0.296, Output efficiency: 0.262
mdot_h2: 10.96 g/s
Reynolds_number: 8,377,794
Stack prop output power: 433 kW, Pcomp: 31.2 kW
Cell efficiency: 0.296, Output efficiency: 0.262
mdot_h2: 11.12 g/s
Reynolds_number: 10,093,728
Stack prop output power: 494 kW, Pcomp: 4.5 kW
Cell efficiency: 0.269, Output efficiency: 0.253
mdot_h2: 13.14 g/s
Reynolds_number: 10,093,728
Stack prop output power: 681 kW, Pcomp: 6.2 kW
Cell efficiency: 0.269, Output efficiency: 0.253
mdot_h2: 18.10 g/s
Reynolds_number: 10,093,728
Stack prop output power: 682 kW, Pcomp: 6.3 kW
Cell efficiency: 0.269, Output efficiency: 0.253
mdot_h2: 18.15 g/s
Reynolds_number: 6,709,346
Stack prop output power: 482 kW, Pcomp: 4.2 kW
Cell efficiency: 0.305, Output efficiency: 0.287
mdot_h2: 11.30 g/s
Reynolds_number: 6,709,346
Stack prop output power: 664 kW, Pcomp: 5.8 kW
Cell efficiency: 0.305, Output efficiency: 0.287
mdot_h2: 15.58 g/s
Reynolds_number: 6,709,346
Stack prop output power: 666 kW, Pcomp: 5.8 kW
Cell efficiency: 0.305, Output efficiency: 0.287
mdot_h2: 15.61 g/s
Reynolds_number: 10,093,728
Stack prop output power: 429 kW, Pcomp: 30.9 kW
Cell efficiency: 0.298, Output efficiency: 0.264
mdot_h2: 10.95 g/s
Reynolds_number: 10,093,728
Stack prop output power: 534 kW, Pcomp: 38.5 kW
Cell efficiency: 0.298, Output efficiency: 0.264
mdot_h2: 13.61 g/s
Reynolds_number: 10,093,728
Stack prop output power: 541 kW, Pcomp: 39.0 kW
Cell efficiency: 0.298, Output efficiency: 0.264
mdot_h2: 13.80 g/s
Reynolds_number: 10,093,728
Stack prop output power: 542 kW, Pcomp: 39.0 kW
Cell efficiency: 0.298, Output efficiency: 0.264
mdot_h2: 13.82 g/s
Fuel-cell system mass representative phase: climb (P_fc_sys=1364.774 kW).

-----------------------
ptotal_climb: 1,816 kW, mtom_est: 7,139 kg, mtom: 7,129 kg, residual: +10.01 kg

MTOM update: newton_prebracket, relax=1.000 -> mtom_next=7,172.10 kg

======================================================
======================= ITER 5 =======================
Reynolds_number: 10,093,728
Stack prop output power: 542 kW, Pcomp: 39.1 kW
Cell efficiency: 0.298, Output efficiency: 0.264
mdot_h2: 13.82 g/s
Reynolds_number: 10,093,728
Stack prop output power: 545 kW, Pcomp: 39.3 kW
Cell efficiency: 0.298, Output efficiency: 0.264
mdot_h2: 13.90 g/s
Reynolds_number: 8,377,794
Stack prop output power: 433 kW, Pcomp: 31.2 kW
Cell efficiency: 0.296, Output efficiency: 0.262
mdot_h2: 11.13 g/s
Reynolds_number: 8,377,794
Stack prop output power: 436 kW, Pcomp: 31.4 kW
Cell efficiency: 0.296, Output efficiency: 0.262
mdot_h2: 11.19 g/s
Reynolds_number: 10,093,728
Stack prop output power: 681 kW, Pcomp: 6.2 kW
Cell efficiency: 0.269, Output efficiency: 0.253
mdot_h2: 18.11 g/s
Reynolds_number: 10,093,728
Stack prop output power: 686 kW, Pcomp: 6.3 kW
Cell efficiency: 0.269, Output efficiency: 0.253
mdot_h2: 18.26 g/s
Reynolds_number: 6,709,346
Stack prop output power: 664 kW, Pcomp: 5.8 kW
Cell efficiency: 0.305, Output efficiency: 0.287
mdot_h2: 15.58 g/s
Reynolds_number: 6,709,346
Stack prop output power: 670 kW, Pcomp: 5.8 kW
Cell efficiency: 0.305, Output efficiency: 0.287
mdot_h2: 15.71 g/s
Reynolds_number: 10,093,728
Stack prop output power: 542 kW, Pcomp: 39.1 kW
Cell efficiency: 0.298, Output efficiency: 0.264
mdot_h2: 13.82 g/s
Reynolds_number: 10,093,728
Stack prop output power: 545 kW, Pcomp: 39.3 kW
Cell efficiency: 0.298, Output efficiency: 0.264
mdot_h2: 13.90 g/s
Fuel-cell system mass representative phase: climb (P_fc_sys=1373.033 kW).

-----------------------
ptotal_climb: 1,827 kW, mtom_est: 7,172 kg, mtom: 7,172 kg, residual: -0.23 kg


CONVERGED

CONVERGED STATE [MTOM iteration 5]
  MTOM=7,172 kg | Wing loading=225.60 kg/m^2 | P/W(climb)=254.68 W/kg
  Phase power: climb=1,826.5 kW | cruise=1,090.2 kW | loiter=872.1 kW | takeoff=1,782.4 kW | cruise+charger=1,090.2 kW
  Power split (climb): FC=1,360.5 kW | Battery=453.5 kW | Compressor=12.6 kW | Cooling=612.0 kW | H2=36.511 g/s
  Compressor max across phases: 78.5 kW (cruise)
  FC representative phase (mass sizing): climb (1,373.0 kW)
  Mass summary: MTOM=7,172 kg | Powertrain=2,432 kg | Tank=852.6 kg | Fuel=378.9 kg | Battery=348.7 kg | Nacelle power density=0.68 kW/kg
  Geometry: Main wing area=31.79 m^2 | Horizontal tail area=4.109 m^2 | Horizontal tail location=14.640 m | Vertical tail area=4.150 m^2 | Vertical tail location=14.194 m
  Config: wing loading input=225.61 kg/m^2 | P/W TO/Cl/Cr/Lo=0.18089/0.18531/0.10256/0.08205 kW/kg

=============================================================
========================= CONVERGED =========================
=============================================================
Constraint sizing: ENABLED (min_combined_pw)
Input W/S: 225.61 kg/m^2 (2,212.5 Pa)
Input P/W [kW/kg]: takeoff 0.18089, climb 0.18531, cruise 0.10256, loiter 0.08205
-------------------------------------------------------------

Mission Time
Climb time: 10.09 min (0.17 h)
Cruise time: 200.13 min (3.34 h)
Total flight time: 232.23 min (3.87 h)

Phase Power Breakdown
Phase      Time[min]     Total[kW]    FC Stack[kW]   Battery[kW]   Compressor[kW]   Cooling[kW]   mdot_H2[g/s]
--------------------------------------------------------------------------------------------------------------
ready           0.00          91.3            91.3           0.0              0.0           0.0         0.0
taxi            5.00         182.7           182.7           0.0              0.0           0.0         3.7
takeoff         1.00       1,782.4         1,328.1         442.7             11.7         502.5        31.4
climb          10.09       1,826.5         1,360.5         453.5             12.6         612.0        36.5
cruise        200.13       1,090.2         1,011.7           0.0             78.5         448.7        27.8
loiter         15.00         872.1           809.3           0.0             62.8         362.5        22.4
landing         1.00           0.0             0.0           0.0              0.0           0.0         0.0

Pcomp_max (solved phases): 78.5 kW (cruise)
Pnet (climb): 1,649 kW
Pelectricnet (climb): 1,814 kW
eta_pt: 0.9031

Geometry
S_wing: 31.79 m^2
b_wing: 16.91 m
Lfus: 16.61 m
Ltank: 7.60 m
S_HT: 4.11 m^2
S_VT: 4.15 m^2
b_HT: 4.30 m
b_VT: 2.81 m
X_HT_act: 14.64 m
X_VT_act: 14.19 m

One Nacelle (1/2)
Stack(1/2): 412 kg, Compressor: 35 kg, Humidifier: 179 kg, HX: 391 kg
W_FCS_single_nacelle (W_Stack+W_Compressor+W_Humidifier+W_Hx): 1,017 kg
Representative FC phase: climb
Specific Power of Nacelle System: 0.675 kW/kg
dim_hx: dX=1.431 m, dY=1.431 m, dZ=0.213 m
dim_stack: dX=0.401 m, dY=0.338 m, dZ=0.338 m

ALL Nacelles
W_FCS_total: 2,033 kg
W_PMAD: 158 kg
W_Motors: 241 kg

-----------------------
W_Powertrain (W_FCS_total+W_PMAD+W_Motors): 2,432 kg
-----------------------
W_wing: 534 kg
W_Htail: 32 kg
W_Vtail: 60 kg
W_fuselage: 538 kg
W_lnd_gear_main: 243 kg
W_lnd_gear_nose: 65 kg
W_flight_control: 366 kg
W_electric_system: 300 kg
W_iae: 101 kg
W_hydraulics: 86 kg
W_fur: 485 kg
-----------------------
OEM: 2,809 kg
-----------------------
W_tank: 853 kg
W_fuel: 378.9 kg
W_batt: 348.7 kg
-----------------------
W_payload: 350 kg
-----------------------
MTOM_grouped (OEM+W_tank+W_fuel+W_batt+W_Powertrain+W_payload): 7,172 kg
MTOM: 7,172 kg
-----------------------

Wing loading (MTOM/S_wing): 225.60 kg/m^2
Power-to-weight (converged): 254.68 W/kg

mdot_H2(cruise): 27.8 g/s
Vtankex: 16.2 m^3
========================== END ==============================


=============================================================
Execution time: 70.6 seconds
=============================================================
