Auto-widening W/S scan window for min_combined_pw: 1900.0..2600.0 -> 1725.0..2775.0 Pa (factor 1.500, lower_hit=True, upper_hit=False, min_on_edge=False).
Auto-widening W/S scan window for min_combined_pw: 1725.0..2775.0 -> 1462.5..3037.5 Pa (factor 1.500, lower_hit=True, upper_hit=False, min_on_edge=False).
ADRpy constraint sizing (min_combined_pw): W/S=2212.5 Pa (225.61 kg/m^2), P/W_TO=0.18089 kW/kg, P/W_climb=0.18531 kW/kg, P/W_cruise=0.10256 kW/kg
Curve minimum (combined/combined): W/S=2212.5 Pa (225.61 kg/m^2), P/W=0.18531 kW/kg
Curve minimum (takeoff/take-off): W/S=1462.5 Pa (149.13 kg/m^2), P/W=0.10196 kW/kg
Curve minimum (climb/climb): W/S=2312.5 Pa (235.81 kg/m^2), P/W=0.18403 kW/kg
Curve minimum (cruise/cruise): W/S=2312.5 Pa (235.81 kg/m^2), P/W=0.10014 kW/kg
======================================================
======================= ITER 1 =======================
Reynolds_number: 10,093,728
Stack prop output power: 500 kW, Pcomp: 36.0 kW
Cell efficiency: 0.298, Output efficiency: 0.264
mdot_h2: 12.75 g/s
Reynolds_number: 10,093,728
Stack prop output power: 389 kW, Pcomp: 28.0 kW
Cell efficiency: 0.298, Output efficiency: 0.264
mdot_h2: 9.91 g/s
Reynolds_number: 10,093,728
Stack prop output power: 381 kW, Pcomp: 27.4 kW
Cell efficiency: 0.298, Output efficiency: 0.264
mdot_h2: 9.71 g/s
Reynolds_number: 10,093,728
Stack prop output power: 380 kW, Pcomp: 27.4 kW
Cell efficiency: 0.298, Output efficiency: 0.264
mdot_h2: 9.69 g/s
Reynolds_number: 8,377,794
Stack prop output power: 500 kW, Pcomp: 36.0 kW
Cell efficiency: 0.296, Output efficiency: 0.262
mdot_h2: 12.84 g/s
Reynolds_number: 8,377,794
Stack prop output power: 318 kW, Pcomp: 22.9 kW
Cell efficiency: 0.296, Output efficiency: 0.262
mdot_h2: 8.17 g/s
Reynolds_number: 8,377,794
Stack prop output power: 305 kW, Pcomp: 22.0 kW
Cell efficiency: 0.296, Output efficiency: 0.262
mdot_h2: 7.83 g/s
Reynolds_number: 8,377,794
Stack prop output power: 304 kW, Pcomp: 21.9 kW
Cell efficiency: 0.296, Output efficiency: 0.262
mdot_h2: 7.81 g/s
Reynolds_number: 10,093,728
Stack prop output power: 342 kW, Pcomp: 3.1 kW
Cell efficiency: 0.269, Output efficiency: 0.253
mdot_h2: 9.09 g/s
Reynolds_number: 10,093,728
Stack prop output power: 477 kW, Pcomp: 4.4 kW
Cell efficiency: 0.269, Output efficiency: 0.253
mdot_h2: 12.69 g/s
Reynolds_number: 10,093,728
Stack prop output power: 479 kW, Pcomp: 4.4 kW
Cell efficiency: 0.269, Output efficiency: 0.253
mdot_h2: 12.73 g/s
Reynolds_number: 6,709,346
Stack prop output power: 346 kW, Pcomp: 3.0 kW
Cell efficiency: 0.305, Output efficiency: 0.287
mdot_h2: 8.11 g/s
Reynolds_number: 6,709,346
Stack prop output power: 466 kW, Pcomp: 4.1 kW
Cell efficiency: 0.305, Output efficiency: 0.287
mdot_h2: 10.93 g/s
Reynolds_number: 6,709,346
Stack prop output power: 467 kW, Pcomp: 4.1 kW
Cell efficiency: 0.305, Output efficiency: 0.287
mdot_h2: 10.95 g/s
Reynolds_number: 10,093,728
Stack prop output power: 500 kW, Pcomp: 36.0 kW
Cell efficiency: 0.298, Output efficiency: 0.264
mdot_h2: 12.75 g/s
Reynolds_number: 10,093,728
Stack prop output power: 389 kW, Pcomp: 28.0 kW
Cell efficiency: 0.298, Output efficiency: 0.264
mdot_h2: 9.91 g/s
Reynolds_number: 10,093,728
Stack prop output power: 381 kW, Pcomp: 27.4 kW
Cell efficiency: 0.298, Output efficiency: 0.264
mdot_h2: 9.71 g/s
Reynolds_number: 10,093,728
Stack prop output power: 380 kW, Pcomp: 27.4 kW
Cell efficiency: 0.298, Output efficiency: 0.264
mdot_h2: 9.69 g/s
Fuel-cell system mass representative phase: climb (P_fc_sys=957.205 kW).

-----------------------
ptotal_climb: 1,273 kW, mtom_est: 7,029 kg, mtom: 5,000 kg, residual: +2,028.69 kg

MTOM update: initial_bracket_probe_1, relax=1.000 -> mtom_next=5,325.00 kg

======================================================
======================= ITER 2 =======================
Reynolds_number: 10,093,728
Stack prop output power: 380 kW, Pcomp: 27.4 kW
Cell efficiency: 0.298, Output efficiency: 0.264
mdot_h2: 9.69 g/s
Reynolds_number: 10,093,728
Stack prop output power: 403 kW, Pcomp: 29.0 kW
Cell efficiency: 0.298, Output efficiency: 0.264
mdot_h2: 10.28 g/s
Reynolds_number: 10,093,728
Stack prop output power: 405 kW, Pcomp: 29.2 kW
Cell efficiency: 0.298, Output efficiency: 0.264
mdot_h2: 10.32 g/s
Reynolds_number: 8,377,794
Stack prop output power: 304 kW, Pcomp: 21.9 kW
Cell efficiency: 0.296, Output efficiency: 0.262
mdot_h2: 7.81 g/s
Reynolds_number: 8,377,794
Stack prop output power: 322 kW, Pcomp: 23.2 kW
Cell efficiency: 0.296, Output efficiency: 0.262
mdot_h2: 8.28 g/s
Reynolds_number: 8,377,794
Stack prop output power: 324 kW, Pcomp: 23.3 kW
Cell efficiency: 0.296, Output efficiency: 0.262
mdot_h2: 8.31 g/s
Reynolds_number: 10,093,728
Stack prop output power: 468 kW, Pcomp: 4.3 kW
Cell efficiency: 0.269, Output efficiency: 0.253
mdot_h2: 12.45 g/s
Reynolds_number: 10,093,728
Stack prop output power: 509 kW, Pcomp: 4.7 kW
Cell efficiency: 0.269, Output efficiency: 0.253
mdot_h2: 13.54 g/s
Reynolds_number: 6,709,346
Stack prop output power: 457 kW, Pcomp: 4.0 kW
Cell efficiency: 0.305, Output efficiency: 0.287
mdot_h2: 10.72 g/s
Reynolds_number: 6,709,346
Stack prop output power: 497 kW, Pcomp: 4.3 kW
Cell efficiency: 0.305, Output efficiency: 0.287
mdot_h2: 11.65 g/s
Reynolds_number: 10,093,728
Stack prop output power: 380 kW, Pcomp: 27.4 kW
Cell efficiency: 0.298, Output efficiency: 0.264
mdot_h2: 9.69 g/s
Reynolds_number: 10,093,728
Stack prop output power: 403 kW, Pcomp: 29.0 kW
Cell efficiency: 0.298, Output efficiency: 0.264
mdot_h2: 10.28 g/s
Reynolds_number: 10,093,728
Stack prop output power: 405 kW, Pcomp: 29.2 kW
Cell efficiency: 0.298, Output efficiency: 0.264
mdot_h2: 10.32 g/s
Fuel-cell system mass representative phase: climb (P_fc_sys=1019.416 kW).

-----------------------
ptotal_climb: 1,356 kW, mtom_est: 7,298 kg, mtom: 5,325 kg, residual: +1,972.53 kg

MTOM update: initial_bracket_probe_2, relax=1.000 -> mtom_next=5,650.00 kg

======================================================
======================= ITER 3 =======================
Reynolds_number: 10,093,728
Stack prop output power: 405 kW, Pcomp: 29.2 kW
Cell efficiency: 0.298, Output efficiency: 0.264
mdot_h2: 10.32 g/s
Reynolds_number: 10,093,728
Stack prop output power: 428 kW, Pcomp: 30.8 kW
Cell efficiency: 0.298, Output efficiency: 0.264
mdot_h2: 10.91 g/s
Reynolds_number: 10,093,728
Stack prop output power: 429 kW, Pcomp: 30.9 kW
Cell efficiency: 0.298, Output efficiency: 0.264
mdot_h2: 10.95 g/s
Reynolds_number: 8,377,794
Stack prop output power: 324 kW, Pcomp: 23.3 kW
Cell efficiency: 0.296, Output efficiency: 0.262
mdot_h2: 8.31 g/s
Reynolds_number: 8,377,794
Stack prop output power: 342 kW, Pcomp: 24.6 kW
Cell efficiency: 0.296, Output efficiency: 0.262
mdot_h2: 8.78 g/s
Reynolds_number: 8,377,794
Stack prop output power: 343 kW, Pcomp: 24.7 kW
Cell efficiency: 0.296, Output efficiency: 0.262
mdot_h2: 8.82 g/s
Reynolds_number: 10,093,728
Stack prop output power: 499 kW, Pcomp: 4.6 kW
Cell efficiency: 0.269, Output efficiency: 0.253
mdot_h2: 13.28 g/s
Reynolds_number: 10,093,728
Stack prop output power: 540 kW, Pcomp: 5.0 kW
Cell efficiency: 0.269, Output efficiency: 0.253
mdot_h2: 14.37 g/s
Reynolds_number: 6,709,346
Stack prop output power: 487 kW, Pcomp: 4.2 kW
Cell efficiency: 0.305, Output efficiency: 0.287
mdot_h2: 11.43 g/s
Reynolds_number: 6,709,346
Stack prop output power: 527 kW, Pcomp: 4.6 kW
Cell efficiency: 0.305, Output efficiency: 0.287
mdot_h2: 12.37 g/s
Reynolds_number: 10,093,728
Stack prop output power: 405 kW, Pcomp: 29.2 kW
Cell efficiency: 0.298, Output efficiency: 0.264
mdot_h2: 10.32 g/s
Reynolds_number: 10,093,728
Stack prop output power: 428 kW, Pcomp: 30.8 kW
Cell efficiency: 0.298, Output efficiency: 0.264
mdot_h2: 10.91 g/s
Reynolds_number: 10,093,728
Stack prop output power: 429 kW, Pcomp: 30.9 kW
Cell efficiency: 0.298, Output efficiency: 0.264
mdot_h2: 10.95 g/s
Fuel-cell system mass representative phase: climb (P_fc_sys=1081.634 kW).

-----------------------
ptotal_climb: 1,439 kW, mtom_est: 7,569 kg, mtom: 5,650 kg, residual: +1,919.04 kg

MTOM update: newton_prebracket, relax=1.000 -> mtom_next=7,627.50 kg

======================================================
======================= ITER 4 =======================
Reynolds_number: 10,093,728
Stack prop output power: 429 kW, Pcomp: 30.9 kW
Cell efficiency: 0.298, Output efficiency: 0.264
mdot_h2: 10.95 g/s
Reynolds_number: 10,093,728
Stack prop output power: 569 kW, Pcomp: 41.0 kW
Cell efficiency: 0.298, Output efficiency: 0.264
mdot_h2: 14.51 g/s
Reynolds_number: 10,093,728
Stack prop output power: 579 kW, Pcomp: 41.7 kW
Cell efficiency: 0.298, Output efficiency: 0.264
mdot_h2: 14.76 g/s
Reynolds_number: 10,093,728
Stack prop output power: 580 kW, Pcomp: 41.8 kW
Cell efficiency: 0.298, Output efficiency: 0.264
mdot_h2: 14.78 g/s
Reynolds_number: 8,377,794
Stack prop output power: 344 kW, Pcomp: 24.7 kW
Cell efficiency: 0.296, Output efficiency: 0.262
mdot_h2: 8.82 g/s
Reynolds_number: 8,377,794
Stack prop output power: 455 kW, Pcomp: 32.8 kW
Cell efficiency: 0.296, Output efficiency: 0.262
mdot_h2: 11.69 g/s
Reynolds_number: 8,377,794
Stack prop output power: 463 kW, Pcomp: 33.4 kW
Cell efficiency: 0.296, Output efficiency: 0.262
mdot_h2: 11.89 g/s
Reynolds_number: 8,377,794
Stack prop output power: 464 kW, Pcomp: 33.4 kW
Cell efficiency: 0.296, Output efficiency: 0.262
mdot_h2: 11.91 g/s
Reynolds_number: 10,093,728
Stack prop output power: 478 kW, Pcomp: 4.4 kW
Cell efficiency: 0.269, Output efficiency: 0.253
mdot_h2: 12.72 g/s
Reynolds_number: 10,093,728
Stack prop output power: 728 kW, Pcomp: 6.7 kW
Cell efficiency: 0.269, Output efficiency: 0.253
mdot_h2: 19.35 g/s
Reynolds_number: 10,093,728
Stack prop output power: 730 kW, Pcomp: 6.7 kW
Cell efficiency: 0.269, Output efficiency: 0.253
mdot_h2: 19.42 g/s
Reynolds_number: 6,709,346
Stack prop output power: 467 kW, Pcomp: 4.1 kW
Cell efficiency: 0.305, Output efficiency: 0.287
mdot_h2: 10.94 g/s
Reynolds_number: 6,709,346
Stack prop output power: 710 kW, Pcomp: 6.2 kW
Cell efficiency: 0.305, Output efficiency: 0.287
mdot_h2: 16.65 g/s
Reynolds_number: 6,709,346
Stack prop output power: 712 kW, Pcomp: 6.2 kW
Cell efficiency: 0.305, Output efficiency: 0.287
mdot_h2: 16.70 g/s
Reynolds_number: 10,093,728
Stack prop output power: 429 kW, Pcomp: 30.9 kW
Cell efficiency: 0.298, Output efficiency: 0.264
mdot_h2: 10.95 g/s
Reynolds_number: 10,093,728
Stack prop output power: 569 kW, Pcomp: 41.0 kW
Cell efficiency: 0.298, Output efficiency: 0.264
mdot_h2: 14.51 g/s
Reynolds_number: 10,093,728
Stack prop output power: 579 kW, Pcomp: 41.7 kW
Cell efficiency: 0.298, Output efficiency: 0.264
mdot_h2: 14.76 g/s
Reynolds_number: 10,093,728
Stack prop output power: 580 kW, Pcomp: 41.8 kW
Cell efficiency: 0.298, Output efficiency: 0.264
mdot_h2: 14.78 g/s
Fuel-cell system mass representative phase: climb (P_fc_sys=1460.216 kW).

-----------------------
ptotal_climb: 1,942 kW, mtom_est: 9,233 kg, mtom: 7,628 kg, residual: +1,605.72 kg

MTOM update: newton_prebracket, relax=1.000 -> mtom_next=10,297.12 kg

======================================================
======================= ITER 5 =======================
Reynolds_number: 10,093,728
Stack prop output power: 580 kW, Pcomp: 41.8 kW
Cell efficiency: 0.298, Output efficiency: 0.264
mdot_h2: 14.78 g/s
Reynolds_number: 10,093,728
Stack prop output power: 768 kW, Pcomp: 55.4 kW
Cell efficiency: 0.298, Output efficiency: 0.264
mdot_h2: 19.59 g/s
Reynolds_number: 10,093,728
Stack prop output power: 782 kW, Pcomp: 56.3 kW
Cell efficiency: 0.298, Output efficiency: 0.264
mdot_h2: 19.93 g/s
Reynolds_number: 10,093,728
Stack prop output power: 783 kW, Pcomp: 56.4 kW
Cell efficiency: 0.298, Output efficiency: 0.264
mdot_h2: 19.96 g/s
Reynolds_number: 8,377,794
Stack prop output power: 464 kW, Pcomp: 33.4 kW
Cell efficiency: 0.296, Output efficiency: 0.262
mdot_h2: 11.91 g/s
Reynolds_number: 8,377,794
Stack prop output power: 614 kW, Pcomp: 44.3 kW
Cell efficiency: 0.296, Output efficiency: 0.262
mdot_h2: 15.77 g/s
Reynolds_number: 8,377,794
Stack prop output power: 625 kW, Pcomp: 45.0 kW
Cell efficiency: 0.296, Output efficiency: 0.262
mdot_h2: 16.05 g/s
Reynolds_number: 8,377,794
Stack prop output power: 626 kW, Pcomp: 45.1 kW
Cell efficiency: 0.296, Output efficiency: 0.262
mdot_h2: 16.07 g/s
Reynolds_number: 10,093,728
Stack prop output power: 646 kW, Pcomp: 5.9 kW
Cell efficiency: 0.269, Output efficiency: 0.253
mdot_h2: 17.17 g/s
Reynolds_number: 10,093,728
Stack prop output power: 983 kW, Pcomp: 9.0 kW
Cell efficiency: 0.269, Output efficiency: 0.253
mdot_h2: 26.13 g/s
Reynolds_number: 10,093,728
Stack prop output power: 986 kW, Pcomp: 9.0 kW
Cell efficiency: 0.269, Output efficiency: 0.253
mdot_h2: 26.21 g/s
Reynolds_number: 6,709,346
Stack prop output power: 630 kW, Pcomp: 5.5 kW
Cell efficiency: 0.305, Output efficiency: 0.287
mdot_h2: 14.77 g/s
Reynolds_number: 6,709,346
Stack prop output power: 959 kW, Pcomp: 8.4 kW
Cell efficiency: 0.305, Output efficiency: 0.287
mdot_h2: 22.48 g/s
Reynolds_number: 6,709,346
Stack prop output power: 962 kW, Pcomp: 8.4 kW
Cell efficiency: 0.305, Output efficiency: 0.287
mdot_h2: 22.55 g/s
Reynolds_number: 10,093,728
Stack prop output power: 580 kW, Pcomp: 41.8 kW
Cell efficiency: 0.298, Output efficiency: 0.264
mdot_h2: 14.78 g/s
Reynolds_number: 10,093,728
Stack prop output power: 768 kW, Pcomp: 55.4 kW
Cell efficiency: 0.298, Output efficiency: 0.264
mdot_h2: 19.59 g/s
Reynolds_number: 10,093,728
Stack prop output power: 782 kW, Pcomp: 56.3 kW
Cell efficiency: 0.298, Output efficiency: 0.264
mdot_h2: 19.93 g/s
Reynolds_number: 10,093,728
Stack prop output power: 783 kW, Pcomp: 56.4 kW
Cell efficiency: 0.298, Output efficiency: 0.264
mdot_h2: 19.96 g/s
Fuel-cell system mass representative phase: climb (P_fc_sys=1971.291 kW).

-----------------------
ptotal_climb: 2,622 kW, mtom_est: 11,505 kg, mtom: 10,297 kg, residual: +1,208.23 kg

MTOM update: newton_prebracket, relax=1.000 -> mtom_next=13,901.12 kg

======================================================
======================= ITER 6 =======================
Reynolds_number: 10,093,728
Stack prop output power: 783 kW, Pcomp: 56.4 kW
Cell efficiency: 0.298, Output efficiency: 0.264
mdot_h2: 19.96 g/s
Reynolds_number: 10,093,728
Stack prop output power: 1,037 kW, Pcomp: 74.7 kW
Cell efficiency: 0.298, Output efficiency: 0.264
mdot_h2: 26.44 g/s
Reynolds_number: 10,093,728
Stack prop output power: 1,055 kW, Pcomp: 76.0 kW
Cell efficiency: 0.298, Output efficiency: 0.264
mdot_h2: 26.91 g/s
Reynolds_number: 10,093,728
Stack prop output power: 1,056 kW, Pcomp: 76.1 kW
Cell efficiency: 0.298, Output efficiency: 0.264
mdot_h2: 26.94 g/s
Reynolds_number: 8,377,794
Stack prop output power: 626 kW, Pcomp: 45.1 kW
Cell efficiency: 0.296, Output efficiency: 0.262
mdot_h2: 16.08 g/s
Reynolds_number: 8,377,794
Stack prop output power: 829 kW, Pcomp: 59.7 kW
Cell efficiency: 0.296, Output efficiency: 0.262
mdot_h2: 21.30 g/s
Reynolds_number: 8,377,794
Stack prop output power: 844 kW, Pcomp: 60.8 kW
Cell efficiency: 0.296, Output efficiency: 0.262
mdot_h2: 21.67 g/s
Reynolds_number: 8,377,794
Stack prop output power: 845 kW, Pcomp: 60.9 kW
Cell efficiency: 0.296, Output efficiency: 0.262
mdot_h2: 21.70 g/s
Reynolds_number: 10,093,728
Stack prop output power: 872 kW, Pcomp: 8.0 kW
Cell efficiency: 0.269, Output efficiency: 0.253
mdot_h2: 23.18 g/s
Reynolds_number: 10,093,728
Stack prop output power: 1,326 kW, Pcomp: 12.1 kW
Cell efficiency: 0.269, Output efficiency: 0.253
mdot_h2: 35.27 g/s
Reynolds_number: 10,093,728
Stack prop output power: 1,331 kW, Pcomp: 12.2 kW
Cell efficiency: 0.269, Output efficiency: 0.253
mdot_h2: 35.38 g/s
Reynolds_number: 6,709,346
Stack prop output power: 851 kW, Pcomp: 7.4 kW
Cell efficiency: 0.305, Output efficiency: 0.287
mdot_h2: 19.94 g/s
Reynolds_number: 6,709,346
Stack prop output power: 1,294 kW, Pcomp: 11.3 kW
Cell efficiency: 0.305, Output efficiency: 0.287
mdot_h2: 30.35 g/s
Reynolds_number: 6,709,346
Stack prop output power: 1,298 kW, Pcomp: 11.3 kW
Cell efficiency: 0.305, Output efficiency: 0.287
mdot_h2: 30.44 g/s
Reynolds_number: 10,093,728
Stack prop output power: 783 kW, Pcomp: 56.4 kW
Cell efficiency: 0.298, Output efficiency: 0.264
mdot_h2: 19.96 g/s
Reynolds_number: 10,093,728
Stack prop output power: 1,037 kW, Pcomp: 74.7 kW
Cell efficiency: 0.298, Output efficiency: 0.264
mdot_h2: 26.44 g/s
Reynolds_number: 10,093,728
Stack prop output power: 1,055 kW, Pcomp: 76.0 kW
Cell efficiency: 0.298, Output efficiency: 0.264
mdot_h2: 26.91 g/s
Reynolds_number: 10,093,728
Stack prop output power: 1,056 kW, Pcomp: 76.1 kW
Cell efficiency: 0.298, Output efficiency: 0.264
mdot_h2: 26.94 g/s
Fuel-cell system mass representative phase: climb (P_fc_sys=2661.243 kW).

-----------------------
ptotal_climb: 3,540 kW, mtom_est: 14,621 kg, mtom: 13,901 kg, residual: +719.84 kg

MTOM update: newton_prebracket, relax=1.000 -> mtom_next=18,766.51 kg

======================================================
======================= ITER 7 =======================
Reynolds_number: 10,093,728
Stack prop output power: 1,057 kW, Pcomp: 76.1 kW
Cell efficiency: 0.298, Output efficiency: 0.264
mdot_h2: 26.94 g/s
Reynolds_number: 10,093,728
Stack prop output power: 1,400 kW, Pcomp: 100.9 kW
Cell efficiency: 0.298, Output efficiency: 0.264
mdot_h2: 35.69 g/s
Reynolds_number: 10,093,728
Stack prop output power: 1,424 kW, Pcomp: 102.7 kW
Cell efficiency: 0.298, Output efficiency: 0.264
mdot_h2: 36.33 g/s
Reynolds_number: 10,093,728
Stack prop output power: 1,426 kW, Pcomp: 102.8 kW
Cell efficiency: 0.298, Output efficiency: 0.264
mdot_h2: 36.37 g/s
Reynolds_number: 8,377,794
Stack prop output power: 845 kW, Pcomp: 60.9 kW
Cell efficiency: 0.296, Output efficiency: 0.262
mdot_h2: 21.70 g/s
Reynolds_number: 8,377,794
Stack prop output power: 1,120 kW, Pcomp: 80.6 kW
Cell efficiency: 0.296, Output efficiency: 0.262
mdot_h2: 28.75 g/s
Reynolds_number: 8,377,794
Stack prop output power: 1,140 kW, Pcomp: 82.1 kW
Cell efficiency: 0.296, Output efficiency: 0.262
mdot_h2: 29.26 g/s
Reynolds_number: 8,377,794
Stack prop output power: 1,141 kW, Pcomp: 82.2 kW
Cell efficiency: 0.296, Output efficiency: 0.262
mdot_h2: 29.29 g/s
Reynolds_number: 10,093,728
Stack prop output power: 1,177 kW, Pcomp: 10.8 kW
Cell efficiency: 0.269, Output efficiency: 0.253
mdot_h2: 31.30 g/s
Reynolds_number: 10,093,728
Stack prop output power: 1,791 kW, Pcomp: 16.4 kW
Cell efficiency: 0.269, Output efficiency: 0.253
mdot_h2: 47.62 g/s
Reynolds_number: 10,093,728
Stack prop output power: 1,796 kW, Pcomp: 16.5 kW
Cell efficiency: 0.269, Output efficiency: 0.253
mdot_h2: 47.77 g/s
Reynolds_number: 6,709,346
Stack prop output power: 1,148 kW, Pcomp: 10.0 kW
Cell efficiency: 0.305, Output efficiency: 0.287
mdot_h2: 26.92 g/s
Reynolds_number: 6,709,346
Stack prop output power: 1,747 kW, Pcomp: 15.2 kW
Cell efficiency: 0.305, Output efficiency: 0.287
mdot_h2: 40.98 g/s
Reynolds_number: 6,709,346
Stack prop output power: 1,753 kW, Pcomp: 15.3 kW
Cell efficiency: 0.305, Output efficiency: 0.287
mdot_h2: 41.10 g/s
Reynolds_number: 10,093,728
Stack prop output power: 1,057 kW, Pcomp: 76.1 kW
Cell efficiency: 0.298, Output efficiency: 0.264
mdot_h2: 26.94 g/s
Reynolds_number: 10,093,728
Stack prop output power: 1,400 kW, Pcomp: 100.9 kW
Cell efficiency: 0.298, Output efficiency: 0.264
mdot_h2: 35.69 g/s
Reynolds_number: 10,093,728
Stack prop output power: 1,424 kW, Pcomp: 102.7 kW
Cell efficiency: 0.298, Output efficiency: 0.264
mdot_h2: 36.33 g/s
Reynolds_number: 10,093,728
Stack prop output power: 1,426 kW, Pcomp: 102.8 kW
Cell efficiency: 0.298, Output efficiency: 0.264
mdot_h2: 36.37 g/s
Fuel-cell system mass representative phase: climb (P_fc_sys=3592.678 kW).

-----------------------
ptotal_climb: 4,779 kW, mtom_est: 18,917 kg, mtom: 18,767 kg, residual: +150.52 kg

MTOM update: newton_prebracket, relax=1.000 -> mtom_next=20,052.81 kg

======================================================
======================= ITER 8 =======================
Reynolds_number: 10,093,728
Stack prop output power: 1,426 kW, Pcomp: 102.8 kW
Cell efficiency: 0.298, Output efficiency: 0.264
mdot_h2: 36.37 g/s
Reynolds_number: 10,093,728
Stack prop output power: 1,517 kW, Pcomp: 109.3 kW
Cell efficiency: 0.298, Output efficiency: 0.264
mdot_h2: 38.69 g/s
Reynolds_number: 10,093,728
Stack prop output power: 1,524 kW, Pcomp: 109.8 kW
Cell efficiency: 0.298, Output efficiency: 0.264
mdot_h2: 38.85 g/s
Reynolds_number: 8,377,794
Stack prop output power: 1,141 kW, Pcomp: 82.2 kW
Cell efficiency: 0.296, Output efficiency: 0.262
mdot_h2: 29.30 g/s
Reynolds_number: 8,377,794
Stack prop output power: 1,214 kW, Pcomp: 87.4 kW
Cell efficiency: 0.296, Output efficiency: 0.262
mdot_h2: 31.16 g/s
Reynolds_number: 8,377,794
Stack prop output power: 1,219 kW, Pcomp: 87.8 kW
Cell efficiency: 0.296, Output efficiency: 0.262
mdot_h2: 31.29 g/s
Reynolds_number: 10,093,728
Stack prop output power: 1,756 kW, Pcomp: 16.1 kW
Cell efficiency: 0.269, Output efficiency: 0.253
mdot_h2: 46.69 g/s
Reynolds_number: 10,093,728
Stack prop output power: 1,918 kW, Pcomp: 17.6 kW
Cell efficiency: 0.269, Output efficiency: 0.253
mdot_h2: 51.01 g/s
Reynolds_number: 10,093,728
Stack prop output power: 1,919 kW, Pcomp: 17.6 kW
Cell efficiency: 0.269, Output efficiency: 0.253
mdot_h2: 51.04 g/s
Reynolds_number: 6,709,346
Stack prop output power: 1,713 kW, Pcomp: 14.9 kW
Cell efficiency: 0.305, Output efficiency: 0.287
mdot_h2: 40.17 g/s
Reynolds_number: 6,709,346
Stack prop output power: 1,871 kW, Pcomp: 16.3 kW
Cell efficiency: 0.305, Output efficiency: 0.287
mdot_h2: 43.88 g/s
Reynolds_number: 6,709,346
Stack prop output power: 1,873 kW, Pcomp: 16.3 kW
Cell efficiency: 0.305, Output efficiency: 0.287
mdot_h2: 43.92 g/s
Reynolds_number: 10,093,728
Stack prop output power: 1,426 kW, Pcomp: 102.8 kW
Cell efficiency: 0.298, Output efficiency: 0.264
mdot_h2: 36.37 g/s
Reynolds_number: 10,093,728
Stack prop output power: 1,517 kW, Pcomp: 109.3 kW
Cell efficiency: 0.298, Output efficiency: 0.264
mdot_h2: 38.69 g/s
Reynolds_number: 10,093,728
Stack prop output power: 1,524 kW, Pcomp: 109.8 kW
Cell efficiency: 0.298, Output efficiency: 0.264
mdot_h2: 38.85 g/s
Fuel-cell system mass representative phase: climb (P_fc_sys=3838.929 kW).

-----------------------
ptotal_climb: 5,107 kW, mtom_est: 20,069 kg, mtom: 20,053 kg, residual: +15.81 kg

MTOM update: newton_prebracket, relax=1.000 -> mtom_next=20,203.75 kg

======================================================
======================= ITER 9 =======================
Reynolds_number: 10,093,728
Stack prop output power: 1,524 kW, Pcomp: 109.8 kW
Cell efficiency: 0.298, Output efficiency: 0.264
mdot_h2: 38.87 g/s
Reynolds_number: 10,093,728
Stack prop output power: 1,535 kW, Pcomp: 110.6 kW
Cell efficiency: 0.298, Output efficiency: 0.264
mdot_h2: 39.14 g/s
Reynolds_number: 10,093,728
Stack prop output power: 1,536 kW, Pcomp: 110.7 kW
Cell efficiency: 0.298, Output efficiency: 0.264
mdot_h2: 39.16 g/s
Reynolds_number: 8,377,794
Stack prop output power: 1,219 kW, Pcomp: 87.8 kW
Cell efficiency: 0.296, Output efficiency: 0.262
mdot_h2: 31.30 g/s
Reynolds_number: 8,377,794
Stack prop output power: 1,228 kW, Pcomp: 88.4 kW
Cell efficiency: 0.296, Output efficiency: 0.262
mdot_h2: 31.52 g/s
Reynolds_number: 8,377,794
Stack prop output power: 1,228 kW, Pcomp: 88.5 kW
Cell efficiency: 0.296, Output efficiency: 0.262
mdot_h2: 31.54 g/s
Reynolds_number: 10,093,728
Stack prop output power: 1,915 kW, Pcomp: 17.5 kW
Cell efficiency: 0.269, Output efficiency: 0.253
mdot_h2: 50.92 g/s
Reynolds_number: 10,093,728
Stack prop output power: 1,934 kW, Pcomp: 17.7 kW
Cell efficiency: 0.269, Output efficiency: 0.253
mdot_h2: 51.42 g/s
Reynolds_number: 6,709,346
Stack prop output power: 1,868 kW, Pcomp: 16.3 kW
Cell efficiency: 0.305, Output efficiency: 0.287
mdot_h2: 43.81 g/s
Reynolds_number: 6,709,346
Stack prop output power: 1,887 kW, Pcomp: 16.4 kW
Cell efficiency: 0.305, Output efficiency: 0.287
mdot_h2: 44.24 g/s
Reynolds_number: 10,093,728
Stack prop output power: 1,524 kW, Pcomp: 109.8 kW
Cell efficiency: 0.298, Output efficiency: 0.264
mdot_h2: 38.87 g/s
Reynolds_number: 10,093,728
Stack prop output power: 1,535 kW, Pcomp: 110.6 kW
Cell efficiency: 0.298, Output efficiency: 0.264
mdot_h2: 39.14 g/s
Reynolds_number: 10,093,728
Stack prop output power: 1,536 kW, Pcomp: 110.7 kW
Cell efficiency: 0.298, Output efficiency: 0.264
mdot_h2: 39.16 g/s
Fuel-cell system mass representative phase: climb (P_fc_sys=3867.822 kW).

-----------------------
ptotal_climb: 5,145 kW, mtom_est: 20,205 kg, mtom: 20,204 kg, residual: +1.63 kg


CONVERGED

CONVERGED STATE [MTOM iteration 9]
  MTOM=20,205 kg | Wing loading=225.63 kg/m^2 | P/W(climb)=254.65 W/kg
  Phase power: climb=5,145.3 kW | cruise=3,071.2 kW | loiter=2,456.9 kW | takeoff=5,021.0 kW | cruise+charger=3,071.2 kW
  Power split (climb): FC=3,832.4 kW | Battery=1,277.5 kW | Compressor=35.4 kW | Cooling=1,723.0 kW | H2=102.850 g/s
  Compressor max across phases: 221.3 kW (cruise)
  FC representative phase (mass sizing): climb (3,867.8 kW)
  Mass summary: MTOM=20,205 kg | Powertrain=7,023 kg | Tank=3,177.7 kg | Fuel=1,412.3 kg | Battery=982.1 kg | Nacelle power density=0.66 kW/kg
  Geometry: Main wing area=89.55 m^2 | Horizontal tail area=7.875 m^2 | Horizontal tail location=34.827 m | Vertical tail area=7.922 m^2 | Vertical tail location=34.100 m
  Config: wing loading input=225.61 kg/m^2 | P/W TO/Cl/Cr/Lo=0.18089/0.18531/0.10256/0.08205 kW/kg

=============================================================
========================= CONVERGED =========================
=============================================================
Constraint sizing: ENABLED (min_combined_pw)
Input W/S: 225.61 kg/m^2 (2,212.5 Pa)
Input P/W [kW/kg]: takeoff 0.18089, climb 0.18531, cruise 0.10256, loiter 0.08205
-------------------------------------------------------------

Mission Time
Climb time: 10.09 min (0.17 h)
Cruise time: 273.43 min (4.56 h)
Total flight time: 305.53 min (5.09 h)

Phase Power Breakdown
Phase      Time[min]     Total[kW]    FC Stack[kW]   Battery[kW]   Compressor[kW]   Cooling[kW]   mdot_H2[g/s]
--------------------------------------------------------------------------------------------------------------
ready           0.00         257.3           257.3           0.0              0.0           0.0         0.0
taxi            5.00         514.5           514.5           0.0              0.0           0.0        10.3
takeoff         1.00       5,021.0         3,741.1       1,247.0             32.9       1,414.5        88.5
climb          10.09       5,145.3         3,832.4       1,277.5             35.4       1,723.0       102.8
cruise        273.43       3,071.2         2,849.9           0.0            221.3       1,263.6        78.3
loiter         15.00       2,456.9         2,279.9           0.0            176.9       1,020.6        63.1
landing         1.00           0.0             0.0           0.0              0.0           0.0         0.0

Pcomp_max (solved phases): 221.3 kW (cruise)
Pnet (climb): 4,647 kW
Pelectricnet (climb): 5,110 kW
eta_pt: 0.9031

Geometry
S_wing: 89.55 m^2
b_wing: 28.39 m
Lfus: 37.32 m
Ltank: 28.31 m
S_HT: 7.88 m^2
S_VT: 7.92 m^2
b_HT: 5.95 m
b_VT: 3.88 m
X_HT_act: 34.83 m
X_VT_act: 34.10 m

One Nacelle (1/2)
Stack(1/2): 1,162 kg, Compressor: 185 kg, Humidifier: 503 kg, HX: 1,100 kg
W_FCS_single_nacelle (W_Stack+W_Compressor+W_Humidifier+W_Hx): 2,950 kg
Representative FC phase: climb
Specific Power of Nacelle System: 0.656 kW/kg
dim_hx: dX=2.400 m, dY=2.400 m, dZ=0.213 m
dim_stack: dX=0.401 m, dY=0.568 m, dZ=0.568 m

ALL Nacelles
W_FCS_total: 5,899 kg
W_PMAD: 445 kg
W_Motors: 678 kg

-----------------------
W_Powertrain (W_FCS_total+W_PMAD+W_Motors): 7,023 kg
-----------------------
W_wing: 1,945 kg
W_Htail: 102 kg
W_Vtail: 147 kg
W_fuselage: 1,531 kg
W_lnd_gear_main: 243 kg
W_lnd_gear_nose: 65 kg
W_flight_control: 366 kg
W_electric_system: 300 kg
W_iae: 260 kg
W_hydraulics: 242 kg
W_fur: 909 kg
-----------------------
OEM: 6,110 kg
-----------------------
W_tank: 3,178 kg
W_fuel: 1,412.3 kg
W_batt: 982.1 kg
-----------------------
W_payload: 1,500 kg
-----------------------
MTOM_grouped (OEM+W_tank+W_fuel+W_batt+W_Powertrain+W_payload): 20,205 kg
MTOM: 20,205 kg
-----------------------

Wing loading (MTOM/S_wing): 225.63 kg/m^2
Power-to-weight (converged): 254.65 W/kg

mdot_H2(cruise): 78.3 g/s
Vtankex: 60.5 m^3
========================== END ==============================


=============================================================
Execution time: 142.7 seconds
=============================================================
