Auto-widening W/S scan window for min_combined_pw: 1900.0..2600.0 -> 1725.0..2775.0 Pa (factor 1.500, lower_hit=True, upper_hit=False, min_on_edge=False).
Auto-widening W/S scan window for min_combined_pw: 1725.0..2775.0 -> 1462.5..3037.5 Pa (factor 1.500, lower_hit=True, upper_hit=False, min_on_edge=False).
ADRpy constraint sizing (min_combined_pw): W/S=2212.5 Pa (225.61 kg/m^2), P/W_TO=0.18089 kW/kg, P/W_climb=0.18500 kW/kg, P/W_cruise=0.07654 kW/kg
Curve minimum (combined/combined): W/S=2212.5 Pa (225.61 kg/m^2), P/W=0.18500 kW/kg
Curve minimum (takeoff/take-off): W/S=1462.5 Pa (149.13 kg/m^2), P/W=0.10196 kW/kg
Curve minimum (climb/climb): W/S=2312.5 Pa (235.81 kg/m^2), P/W=0.18369 kW/kg
Curve minimum (cruise/cruise): W/S=2312.5 Pa (235.81 kg/m^2), P/W=0.07559 kW/kg
======================================================
======================= ITER 1 =======================
Reynolds_number: 8,632,193
Stack prop output power: 500 kW, Pcomp: 36.0 kW
Cell efficiency: 0.296, Output efficiency: 0.262
mdot_h2: 12.83 g/s
Reynolds_number: 8,632,193
Stack prop output power: 299 kW, Pcomp: 21.6 kW
Cell efficiency: 0.296, Output efficiency: 0.262
mdot_h2: 7.67 g/s
Reynolds_number: 8,632,193
Stack prop output power: 285 kW, Pcomp: 20.5 kW
Cell efficiency: 0.296, Output efficiency: 0.262
mdot_h2: 7.30 g/s
Reynolds_number: 8,632,193
Stack prop output power: 284 kW, Pcomp: 20.4 kW
Cell efficiency: 0.296, Output efficiency: 0.262
mdot_h2: 7.28 g/s
Reynolds_number: 7,164,720
Stack prop output power: 500 kW, Pcomp: 36.0 kW
Cell efficiency: 0.295, Output efficiency: 0.261
mdot_h2: 12.89 g/s
Reynolds_number: 7,164,720
Stack prop output power: 247 kW, Pcomp: 17.8 kW
Cell efficiency: 0.295, Output efficiency: 0.261
mdot_h2: 6.36 g/s
Reynolds_number: 7,164,720
Stack prop output power: 228 kW, Pcomp: 16.4 kW
Cell efficiency: 0.295, Output efficiency: 0.261
mdot_h2: 5.89 g/s
Reynolds_number: 7,164,720
Stack prop output power: 227 kW, Pcomp: 16.3 kW
Cell efficiency: 0.295, Output efficiency: 0.261
mdot_h2: 5.85 g/s
Reynolds_number: 8,632,193
Stack prop output power: 342 kW, Pcomp: 3.1 kW
Cell efficiency: 0.267, Output efficiency: 0.251
mdot_h2: 9.17 g/s
Reynolds_number: 8,632,193
Stack prop output power: 477 kW, Pcomp: 4.4 kW
Cell efficiency: 0.267, Output efficiency: 0.251
mdot_h2: 12.78 g/s
Reynolds_number: 8,632,193
Stack prop output power: 478 kW, Pcomp: 4.4 kW
Cell efficiency: 0.267, Output efficiency: 0.251
mdot_h2: 12.81 g/s
Reynolds_number: 6,709,346
Stack prop output power: 346 kW, Pcomp: 3.0 kW
Cell efficiency: 0.305, Output efficiency: 0.287
mdot_h2: 8.11 g/s
Reynolds_number: 6,709,346
Stack prop output power: 466 kW, Pcomp: 4.1 kW
Cell efficiency: 0.305, Output efficiency: 0.287
mdot_h2: 10.93 g/s
Reynolds_number: 6,709,346
Stack prop output power: 467 kW, Pcomp: 4.1 kW
Cell efficiency: 0.305, Output efficiency: 0.287
mdot_h2: 10.95 g/s
Reynolds_number: 8,632,193
Stack prop output power: 500 kW, Pcomp: 36.0 kW
Cell efficiency: 0.296, Output efficiency: 0.262
mdot_h2: 12.83 g/s
Reynolds_number: 8,632,193
Stack prop output power: 299 kW, Pcomp: 21.6 kW
Cell efficiency: 0.296, Output efficiency: 0.262
mdot_h2: 7.67 g/s
Reynolds_number: 8,632,193
Stack prop output power: 285 kW, Pcomp: 20.5 kW
Cell efficiency: 0.296, Output efficiency: 0.262
mdot_h2: 7.30 g/s
Reynolds_number: 8,632,193
Stack prop output power: 284 kW, Pcomp: 20.4 kW
Cell efficiency: 0.296, Output efficiency: 0.262
mdot_h2: 7.28 g/s
Fuel-cell system mass representative phase: climb (P_fc_sys=955.642 kW).

-----------------------
ptotal_climb: 1,271 kW, mtom_est: 6,411 kg, mtom: 5,000 kg, residual: +1,410.94 kg

MTOM update: initial_bracket_probe_1, relax=1.000 -> mtom_next=5,325.00 kg

======================================================
======================= ITER 2 =======================
Reynolds_number: 8,632,193
Stack prop output power: 284 kW, Pcomp: 20.4 kW
Cell efficiency: 0.296, Output efficiency: 0.262
mdot_h2: 7.28 g/s
Reynolds_number: 8,632,193
Stack prop output power: 301 kW, Pcomp: 21.7 kW
Cell efficiency: 0.296, Output efficiency: 0.262
mdot_h2: 7.71 g/s
Reynolds_number: 8,632,193
Stack prop output power: 302 kW, Pcomp: 21.8 kW
Cell efficiency: 0.296, Output efficiency: 0.262
mdot_h2: 7.75 g/s
Reynolds_number: 7,164,720
Stack prop output power: 227 kW, Pcomp: 16.3 kW
Cell efficiency: 0.295, Output efficiency: 0.261
mdot_h2: 5.85 g/s
Reynolds_number: 7,164,720
Stack prop output power: 241 kW, Pcomp: 17.3 kW
Cell efficiency: 0.295, Output efficiency: 0.261
mdot_h2: 6.20 g/s
Reynolds_number: 7,164,720
Stack prop output power: 242 kW, Pcomp: 17.4 kW
Cell efficiency: 0.295, Output efficiency: 0.261
mdot_h2: 6.23 g/s
Reynolds_number: 8,632,193
Stack prop output power: 468 kW, Pcomp: 4.3 kW
Cell efficiency: 0.267, Output efficiency: 0.251
mdot_h2: 12.53 g/s
Reynolds_number: 8,632,193
Stack prop output power: 509 kW, Pcomp: 4.7 kW
Cell efficiency: 0.267, Output efficiency: 0.251
mdot_h2: 13.63 g/s
Reynolds_number: 6,709,346
Stack prop output power: 457 kW, Pcomp: 4.0 kW
Cell efficiency: 0.305, Output efficiency: 0.287
mdot_h2: 10.72 g/s
Reynolds_number: 6,709,346
Stack prop output power: 497 kW, Pcomp: 4.3 kW
Cell efficiency: 0.305, Output efficiency: 0.287
mdot_h2: 11.65 g/s
Reynolds_number: 8,632,193
Stack prop output power: 284 kW, Pcomp: 20.4 kW
Cell efficiency: 0.296, Output efficiency: 0.262
mdot_h2: 7.28 g/s
Reynolds_number: 8,632,193
Stack prop output power: 301 kW, Pcomp: 21.7 kW
Cell efficiency: 0.296, Output efficiency: 0.262
mdot_h2: 7.71 g/s
Reynolds_number: 8,632,193
Stack prop output power: 302 kW, Pcomp: 21.8 kW
Cell efficiency: 0.296, Output efficiency: 0.262
mdot_h2: 7.75 g/s
Fuel-cell system mass representative phase: climb (P_fc_sys=1017.752 kW).

-----------------------
ptotal_climb: 1,354 kW, mtom_est: 6,673 kg, mtom: 5,325 kg, residual: +1,347.50 kg

MTOM update: initial_bracket_probe_2, relax=1.000 -> mtom_next=5,650.00 kg

======================================================
======================= ITER 3 =======================
Reynolds_number: 8,632,193
Stack prop output power: 302 kW, Pcomp: 21.8 kW
Cell efficiency: 0.296, Output efficiency: 0.262
mdot_h2: 7.75 g/s
Reynolds_number: 8,632,193
Stack prop output power: 319 kW, Pcomp: 23.0 kW
Cell efficiency: 0.296, Output efficiency: 0.262
mdot_h2: 8.19 g/s
Reynolds_number: 8,632,193
Stack prop output power: 320 kW, Pcomp: 23.1 kW
Cell efficiency: 0.296, Output efficiency: 0.262
mdot_h2: 8.22 g/s
Reynolds_number: 7,164,720
Stack prop output power: 242 kW, Pcomp: 17.4 kW
Cell efficiency: 0.295, Output efficiency: 0.261
mdot_h2: 6.23 g/s
Reynolds_number: 7,164,720
Stack prop output power: 255 kW, Pcomp: 18.4 kW
Cell efficiency: 0.295, Output efficiency: 0.261
mdot_h2: 6.58 g/s
Reynolds_number: 7,164,720
Stack prop output power: 256 kW, Pcomp: 18.5 kW
Cell efficiency: 0.295, Output efficiency: 0.261
mdot_h2: 6.61 g/s
Reynolds_number: 8,632,193
Stack prop output power: 499 kW, Pcomp: 4.6 kW
Cell efficiency: 0.267, Output efficiency: 0.251
mdot_h2: 13.37 g/s
Reynolds_number: 8,632,193
Stack prop output power: 540 kW, Pcomp: 5.0 kW
Cell efficiency: 0.267, Output efficiency: 0.251
mdot_h2: 14.46 g/s
Reynolds_number: 6,709,346
Stack prop output power: 487 kW, Pcomp: 4.2 kW
Cell efficiency: 0.305, Output efficiency: 0.287
mdot_h2: 11.43 g/s
Reynolds_number: 6,709,346
Stack prop output power: 527 kW, Pcomp: 4.6 kW
Cell efficiency: 0.305, Output efficiency: 0.287
mdot_h2: 12.37 g/s
Reynolds_number: 8,632,193
Stack prop output power: 302 kW, Pcomp: 21.8 kW
Cell efficiency: 0.296, Output efficiency: 0.262
mdot_h2: 7.75 g/s
Reynolds_number: 8,632,193
Stack prop output power: 319 kW, Pcomp: 23.0 kW
Cell efficiency: 0.296, Output efficiency: 0.262
mdot_h2: 8.19 g/s
Reynolds_number: 8,632,193
Stack prop output power: 320 kW, Pcomp: 23.1 kW
Cell efficiency: 0.296, Output efficiency: 0.262
mdot_h2: 8.22 g/s
Fuel-cell system mass representative phase: climb (P_fc_sys=1079.869 kW).

-----------------------
ptotal_climb: 1,437 kW, mtom_est: 6,937 kg, mtom: 5,650 kg, residual: +1,286.92 kg

MTOM update: newton_prebracket, relax=1.000 -> mtom_next=7,627.50 kg

======================================================
======================= ITER 4 =======================
Reynolds_number: 8,632,193
Stack prop output power: 320 kW, Pcomp: 23.1 kW
Cell efficiency: 0.296, Output efficiency: 0.262
mdot_h2: 8.22 g/s
Reynolds_number: 8,632,193
Stack prop output power: 425 kW, Pcomp: 30.6 kW
Cell efficiency: 0.296, Output efficiency: 0.262
mdot_h2: 10.89 g/s
Reynolds_number: 8,632,193
Stack prop output power: 432 kW, Pcomp: 31.1 kW
Cell efficiency: 0.296, Output efficiency: 0.262
mdot_h2: 11.08 g/s
Reynolds_number: 8,632,193
Stack prop output power: 433 kW, Pcomp: 31.2 kW
Cell efficiency: 0.296, Output efficiency: 0.262
mdot_h2: 11.10 g/s
Reynolds_number: 7,164,720
Stack prop output power: 256 kW, Pcomp: 18.5 kW
Cell efficiency: 0.295, Output efficiency: 0.261
mdot_h2: 6.61 g/s
Reynolds_number: 7,164,720
Stack prop output power: 340 kW, Pcomp: 24.5 kW
Cell efficiency: 0.295, Output efficiency: 0.261
mdot_h2: 8.76 g/s
Reynolds_number: 7,164,720
Stack prop output power: 346 kW, Pcomp: 24.9 kW
Cell efficiency: 0.295, Output efficiency: 0.261
mdot_h2: 8.91 g/s
Reynolds_number: 8,632,193
Stack prop output power: 478 kW, Pcomp: 4.4 kW
Cell efficiency: 0.267, Output efficiency: 0.251
mdot_h2: 12.80 g/s
Reynolds_number: 8,632,193
Stack prop output power: 727 kW, Pcomp: 6.7 kW
Cell efficiency: 0.267, Output efficiency: 0.251
mdot_h2: 19.48 g/s
Reynolds_number: 8,632,193
Stack prop output power: 729 kW, Pcomp: 6.7 kW
Cell efficiency: 0.267, Output efficiency: 0.251
mdot_h2: 19.54 g/s
Reynolds_number: 6,709,346
Stack prop output power: 467 kW, Pcomp: 4.1 kW
Cell efficiency: 0.305, Output efficiency: 0.287
mdot_h2: 10.94 g/s
Reynolds_number: 6,709,346
Stack prop output power: 710 kW, Pcomp: 6.2 kW
Cell efficiency: 0.305, Output efficiency: 0.287
mdot_h2: 16.65 g/s
Reynolds_number: 6,709,346
Stack prop output power: 712 kW, Pcomp: 6.2 kW
Cell efficiency: 0.305, Output efficiency: 0.287
mdot_h2: 16.70 g/s
Reynolds_number: 8,632,193
Stack prop output power: 320 kW, Pcomp: 23.1 kW
Cell efficiency: 0.296, Output efficiency: 0.262
mdot_h2: 8.22 g/s
Reynolds_number: 8,632,193
Stack prop output power: 425 kW, Pcomp: 30.6 kW
Cell efficiency: 0.296, Output efficiency: 0.262
mdot_h2: 10.89 g/s
Reynolds_number: 8,632,193
Stack prop output power: 432 kW, Pcomp: 31.1 kW
Cell efficiency: 0.296, Output efficiency: 0.262
mdot_h2: 11.08 g/s
Reynolds_number: 8,632,193
Stack prop output power: 433 kW, Pcomp: 31.2 kW
Cell efficiency: 0.296, Output efficiency: 0.262
mdot_h2: 11.10 g/s
Fuel-cell system mass representative phase: climb (P_fc_sys=1457.832 kW).

-----------------------
ptotal_climb: 1,939 kW, mtom_est: 8,558 kg, mtom: 7,628 kg, residual: +930.26 kg

MTOM update: newton_prebracket, relax=1.000 -> mtom_next=10,297.12 kg

======================================================
======================= ITER 5 =======================
Reynolds_number: 8,632,193
Stack prop output power: 433 kW, Pcomp: 31.2 kW
Cell efficiency: 0.296, Output efficiency: 0.262
mdot_h2: 11.10 g/s
Reynolds_number: 8,632,193
Stack prop output power: 573 kW, Pcomp: 41.3 kW
Cell efficiency: 0.296, Output efficiency: 0.262
mdot_h2: 14.70 g/s
Reynolds_number: 8,632,193
Stack prop output power: 583 kW, Pcomp: 42.0 kW
Cell efficiency: 0.296, Output efficiency: 0.262
mdot_h2: 14.96 g/s
Reynolds_number: 8,632,193
Stack prop output power: 584 kW, Pcomp: 42.1 kW
Cell efficiency: 0.296, Output efficiency: 0.262
mdot_h2: 14.98 g/s
Reynolds_number: 7,164,720
Stack prop output power: 346 kW, Pcomp: 24.9 kW
Cell efficiency: 0.295, Output efficiency: 0.261
mdot_h2: 8.92 g/s
Reynolds_number: 7,164,720
Stack prop output power: 459 kW, Pcomp: 33.0 kW
Cell efficiency: 0.295, Output efficiency: 0.261
mdot_h2: 11.82 g/s
Reynolds_number: 7,164,720
Stack prop output power: 467 kW, Pcomp: 33.6 kW
Cell efficiency: 0.295, Output efficiency: 0.261
mdot_h2: 12.03 g/s
Reynolds_number: 7,164,720
Stack prop output power: 467 kW, Pcomp: 33.6 kW
Cell efficiency: 0.295, Output efficiency: 0.261
mdot_h2: 12.05 g/s
Reynolds_number: 8,632,193
Stack prop output power: 645 kW, Pcomp: 5.9 kW
Cell efficiency: 0.267, Output efficiency: 0.251
mdot_h2: 17.28 g/s
Reynolds_number: 8,632,193
Stack prop output power: 981 kW, Pcomp: 9.0 kW
Cell efficiency: 0.267, Output efficiency: 0.251
mdot_h2: 26.30 g/s
Reynolds_number: 8,632,193
Stack prop output power: 984 kW, Pcomp: 9.0 kW
Cell efficiency: 0.267, Output efficiency: 0.251
mdot_h2: 26.38 g/s
Reynolds_number: 6,709,346
Stack prop output power: 630 kW, Pcomp: 5.5 kW
Cell efficiency: 0.305, Output efficiency: 0.287
mdot_h2: 14.77 g/s
Reynolds_number: 6,709,346
Stack prop output power: 959 kW, Pcomp: 8.4 kW
Cell efficiency: 0.305, Output efficiency: 0.287
mdot_h2: 22.48 g/s
Reynolds_number: 6,709,346
Stack prop output power: 962 kW, Pcomp: 8.4 kW
Cell efficiency: 0.305, Output efficiency: 0.287
mdot_h2: 22.55 g/s
Reynolds_number: 8,632,193
Stack prop output power: 433 kW, Pcomp: 31.2 kW
Cell efficiency: 0.296, Output efficiency: 0.262
mdot_h2: 11.10 g/s
Reynolds_number: 8,632,193
Stack prop output power: 573 kW, Pcomp: 41.3 kW
Cell efficiency: 0.296, Output efficiency: 0.262
mdot_h2: 14.70 g/s
Reynolds_number: 8,632,193
Stack prop output power: 583 kW, Pcomp: 42.0 kW
Cell efficiency: 0.296, Output efficiency: 0.262
mdot_h2: 14.96 g/s
Reynolds_number: 8,632,193
Stack prop output power: 584 kW, Pcomp: 42.1 kW
Cell efficiency: 0.296, Output efficiency: 0.262
mdot_h2: 14.98 g/s
Fuel-cell system mass representative phase: climb (P_fc_sys=1968.074 kW).

-----------------------
ptotal_climb: 2,618 kW, mtom_est: 10,773 kg, mtom: 10,297 kg, residual: +475.95 kg

MTOM update: newton_prebracket, relax=1.000 -> mtom_next=13,093.93 kg

======================================================
======================= ITER 6 =======================
Reynolds_number: 8,632,193
Stack prop output power: 584 kW, Pcomp: 42.1 kW
Cell efficiency: 0.296, Output efficiency: 0.262
mdot_h2: 14.98 g/s
Reynolds_number: 8,632,193
Stack prop output power: 731 kW, Pcomp: 52.7 kW
Cell efficiency: 0.296, Output efficiency: 0.262
mdot_h2: 18.76 g/s
Reynolds_number: 8,632,193
Stack prop output power: 742 kW, Pcomp: 53.4 kW
Cell efficiency: 0.296, Output efficiency: 0.262
mdot_h2: 19.03 g/s
Reynolds_number: 8,632,193
Stack prop output power: 743 kW, Pcomp: 53.5 kW
Cell efficiency: 0.296, Output efficiency: 0.262
mdot_h2: 19.05 g/s
Reynolds_number: 7,164,720
Stack prop output power: 467 kW, Pcomp: 33.6 kW
Cell efficiency: 0.295, Output efficiency: 0.261
mdot_h2: 12.05 g/s
Reynolds_number: 7,164,720
Stack prop output power: 585 kW, Pcomp: 42.1 kW
Cell efficiency: 0.295, Output efficiency: 0.261
mdot_h2: 15.08 g/s
Reynolds_number: 7,164,720
Stack prop output power: 594 kW, Pcomp: 42.7 kW
Cell efficiency: 0.295, Output efficiency: 0.261
mdot_h2: 15.30 g/s
Reynolds_number: 7,164,720
Stack prop output power: 594 kW, Pcomp: 42.8 kW
Cell efficiency: 0.295, Output efficiency: 0.261
mdot_h2: 15.32 g/s
Reynolds_number: 8,632,193
Stack prop output power: 896 kW, Pcomp: 8.2 kW
Cell efficiency: 0.267, Output efficiency: 0.251
mdot_h2: 24.01 g/s
Reynolds_number: 8,632,193
Stack prop output power: 1,248 kW, Pcomp: 11.4 kW
Cell efficiency: 0.267, Output efficiency: 0.251
mdot_h2: 33.46 g/s
Reynolds_number: 8,632,193
Stack prop output power: 1,251 kW, Pcomp: 11.5 kW
Cell efficiency: 0.267, Output efficiency: 0.251
mdot_h2: 33.55 g/s
Reynolds_number: 6,709,346
Stack prop output power: 875 kW, Pcomp: 7.6 kW
Cell efficiency: 0.305, Output efficiency: 0.287
mdot_h2: 20.53 g/s
Reynolds_number: 6,709,346
Stack prop output power: 1,220 kW, Pcomp: 10.6 kW
Cell efficiency: 0.305, Output efficiency: 0.287
mdot_h2: 28.61 g/s
Reynolds_number: 6,709,346
Stack prop output power: 1,223 kW, Pcomp: 10.6 kW
Cell efficiency: 0.305, Output efficiency: 0.287
mdot_h2: 28.68 g/s
Reynolds_number: 8,632,193
Stack prop output power: 584 kW, Pcomp: 42.1 kW
Cell efficiency: 0.296, Output efficiency: 0.262
mdot_h2: 14.98 g/s
Reynolds_number: 8,632,193
Stack prop output power: 731 kW, Pcomp: 52.7 kW
Cell efficiency: 0.296, Output efficiency: 0.262
mdot_h2: 18.76 g/s
Reynolds_number: 8,632,193
Stack prop output power: 742 kW, Pcomp: 53.4 kW
Cell efficiency: 0.296, Output efficiency: 0.262
mdot_h2: 19.03 g/s
Reynolds_number: 8,632,193
Stack prop output power: 743 kW, Pcomp: 53.5 kW
Cell efficiency: 0.296, Output efficiency: 0.262
mdot_h2: 19.05 g/s
Fuel-cell system mass representative phase: climb (P_fc_sys=2502.624 kW).

-----------------------
ptotal_climb: 3,329 kW, mtom_est: 13,127 kg, mtom: 13,094 kg, residual: +33.51 kg

MTOM update: newton_prebracket, relax=1.000 -> mtom_next=13,305.74 kg

======================================================
======================= ITER 7 =======================
Reynolds_number: 8,632,193
Stack prop output power: 743 kW, Pcomp: 53.5 kW
Cell efficiency: 0.296, Output efficiency: 0.262
mdot_h2: 19.05 g/s
Reynolds_number: 8,632,193
Stack prop output power: 754 kW, Pcomp: 54.3 kW
Cell efficiency: 0.296, Output efficiency: 0.262
mdot_h2: 19.34 g/s
Reynolds_number: 8,632,193
Stack prop output power: 755 kW, Pcomp: 54.4 kW
Cell efficiency: 0.296, Output efficiency: 0.262
mdot_h2: 19.36 g/s
Reynolds_number: 7,164,720
Stack prop output power: 594 kW, Pcomp: 42.8 kW
Cell efficiency: 0.295, Output efficiency: 0.261
mdot_h2: 15.32 g/s
Reynolds_number: 7,164,720
Stack prop output power: 603 kW, Pcomp: 43.4 kW
Cell efficiency: 0.295, Output efficiency: 0.261
mdot_h2: 15.55 g/s
Reynolds_number: 7,164,720
Stack prop output power: 604 kW, Pcomp: 43.5 kW
Cell efficiency: 0.295, Output efficiency: 0.261
mdot_h2: 15.57 g/s
Reynolds_number: 8,632,193
Stack prop output power: 1,245 kW, Pcomp: 11.4 kW
Cell efficiency: 0.267, Output efficiency: 0.251
mdot_h2: 33.37 g/s
Reynolds_number: 8,632,193
Stack prop output power: 1,271 kW, Pcomp: 11.7 kW
Cell efficiency: 0.267, Output efficiency: 0.251
mdot_h2: 34.08 g/s
Reynolds_number: 6,709,346
Stack prop output power: 1,216 kW, Pcomp: 10.6 kW
Cell efficiency: 0.305, Output efficiency: 0.287
mdot_h2: 28.52 g/s
Reynolds_number: 6,709,346
Stack prop output power: 1,242 kW, Pcomp: 10.8 kW
Cell efficiency: 0.305, Output efficiency: 0.287
mdot_h2: 29.14 g/s
Reynolds_number: 8,632,193
Stack prop output power: 743 kW, Pcomp: 53.5 kW
Cell efficiency: 0.296, Output efficiency: 0.262
mdot_h2: 19.05 g/s
Reynolds_number: 8,632,193
Stack prop output power: 754 kW, Pcomp: 54.3 kW
Cell efficiency: 0.296, Output efficiency: 0.262
mdot_h2: 19.34 g/s
Reynolds_number: 8,632,193
Stack prop output power: 755 kW, Pcomp: 54.4 kW
Cell efficiency: 0.296, Output efficiency: 0.262
mdot_h2: 19.36 g/s
Fuel-cell system mass representative phase: climb (P_fc_sys=2543.101 kW).

-----------------------
ptotal_climb: 3,383 kW, mtom_est: 13,307 kg, mtom: 13,306 kg, residual: +1.75 kg


CONVERGED

CONVERGED STATE [MTOM iteration 7]
  MTOM=13,307 kg | Wing loading=225.64 kg/m^2 | P/W(climb)=254.22 W/kg
  Phase power: climb=3,383.0 kW | cruise=1,509.5 kW | loiter=1,207.6 kW | takeoff=3,306.7 kW | cruise+charger=1,509.5 kW
  Power split (climb): FC=2,519.8 kW | Battery=839.9 kW | Compressor=23.3 kW | Cooling=1,145.2 kW | H2=68.165 g/s
  Compressor max across phases: 108.7 kW (cruise)
  FC representative phase (mass sizing): climb (2,543.1 kW)
  Mass summary: MTOM=13,307 kg | Powertrain=4,795 kg | Tank=1,850.6 kg | Fuel=822.5 kg | Battery=645.8 kg | Nacelle power density=0.63 kW/kg
  Geometry: Main wing area=58.98 m^2 | Horizontal tail area=6.431 m^2 | Horizontal tail location=23.187 m | Vertical tail area=6.499 m^2 | Vertical tail location=22.553 m
  Config: wing loading input=225.61 kg/m^2 | P/W TO/Cl/Cr/Lo=0.18089/0.18500/0.07654/0.06123 kW/kg

=============================================================
========================= CONVERGED =========================
=============================================================
Constraint sizing: ENABLED (min_combined_pw)
Input W/S: 225.61 kg/m^2 (2,212.5 Pa)
Input P/W [kW/kg]: takeoff 0.18089, climb 0.18500, cruise 0.07654, loiter 0.06123
-------------------------------------------------------------

Mission Time
Climb time: 10.09 min (0.17 h)
Cruise time: 321.83 min (5.36 h)
Total flight time: 353.93 min (5.90 h)

Phase Power Breakdown
Phase      Time[min]     Total[kW]    FC Stack[kW]   Battery[kW]   Compressor[kW]   Cooling[kW]   mdot_H2[g/s]
--------------------------------------------------------------------------------------------------------------
ready           0.00         169.2           169.2           0.0              0.0           0.0         0.0
taxi            5.00         338.3           338.3           0.0              0.0           0.0         6.8
takeoff         1.00       3,306.7         2,463.8         821.3             21.6         931.7        58.3
climb          10.09       3,383.0         2,519.8         839.9             23.3       1,145.2        68.2
cruise        321.83       1,509.5         1,400.8           0.0            108.7         626.4        38.7
loiter         15.00       1,207.6         1,120.6           0.0             86.9         504.8        31.1
landing         1.00           0.0             0.0           0.0              0.0           0.0         0.0

Pcomp_max (solved phases): 108.7 kW (cruise)
Pnet (climb): 3,055 kW
Pelectricnet (climb): 3,360 kW
eta_pt: 0.9031

Geometry
S_wing: 58.98 m^2
b_wing: 23.04 m
Lfus: 25.49 m
Ltank: 16.48 m
S_HT: 6.43 m^2
S_VT: 6.50 m^2
b_HT: 5.38 m
b_VT: 3.51 m
X_HT_act: 23.19 m
X_VT_act: 22.55 m

One Nacelle (1/2)
Stack(1/2): 769 kg, Compressor: 87 kg, Humidifier: 339 kg, HX: 832 kg
W_FCS_single_nacelle (W_Stack+W_Compressor+W_Humidifier+W_Hx): 2,028 kg
Representative FC phase: climb
Specific Power of Nacelle System: 0.627 kW/kg
dim_hx: dX=2.127 m, dY=2.127 m, dZ=0.205 m
dim_stack: dX=0.404 m, dY=0.460 m, dZ=0.460 m

ALL Nacelles
W_FCS_total: 4,056 kg
W_PMAD: 293 kg
W_Motors: 446 kg

-----------------------
W_Powertrain (W_FCS_total+W_PMAD+W_Motors): 4,795 kg
-----------------------
W_wing: 1,153 kg
W_Htail: 67 kg
W_Vtail: 105 kg
W_fuselage: 881 kg
W_lnd_gear_main: 243 kg
W_lnd_gear_nose: 65 kg
W_flight_control: 366 kg
W_electric_system: 300 kg
W_iae: 176 kg
W_hydraulics: 160 kg
W_fur: 678 kg
-----------------------
OEM: 4,193 kg
-----------------------
W_tank: 1,851 kg
W_fuel: 822.5 kg
W_batt: 645.8 kg
-----------------------
W_payload: 1,000 kg
-----------------------
MTOM_grouped (OEM+W_tank+W_fuel+W_batt+W_Powertrain+W_payload): 13,307 kg
MTOM: 13,307 kg
-----------------------

Wing loading (MTOM/S_wing): 225.64 kg/m^2
Power-to-weight (converged): 254.22 W/kg

mdot_H2(cruise): 38.7 g/s
Vtankex: 35.2 m^3
========================== END ==============================


=============================================================
Execution time: 111.6 seconds
=============================================================
