Auto-widening W/S scan window for min_combined_pw: 1900.0..2600.0 -> 1725.0..2775.0 Pa (factor 1.500, lower_hit=True, upper_hit=False, min_on_edge=False).
Auto-widening W/S scan window for min_combined_pw: 1725.0..2775.0 -> 1462.5..3037.5 Pa (factor 1.500, lower_hit=True, upper_hit=False, min_on_edge=False).
ADRpy constraint sizing (min_combined_pw): W/S=2212.5 Pa (225.61 kg/m^2), P/W_TO=0.18089 kW/kg, P/W_climb=0.18500 kW/kg, P/W_cruise=0.07654 kW/kg
Curve minimum (combined/combined): W/S=2212.5 Pa (225.61 kg/m^2), P/W=0.18500 kW/kg
Curve minimum (takeoff/take-off): W/S=1462.5 Pa (149.13 kg/m^2), P/W=0.10196 kW/kg
Curve minimum (climb/climb): W/S=2312.5 Pa (235.81 kg/m^2), P/W=0.18369 kW/kg
Curve minimum (cruise/cruise): W/S=2312.5 Pa (235.81 kg/m^2), P/W=0.07559 kW/kg
======================================================
======================= ITER 1 =======================
Reynolds_number: 8,632,193
Stack prop output power: 500 kW, Pcomp: 36.0 kW
Cell efficiency: 0.296, Output efficiency: 0.262
mdot_h2: 12.83 g/s
Reynolds_number: 8,632,193
Stack prop output power: 299 kW, Pcomp: 21.6 kW
Cell efficiency: 0.296, Output efficiency: 0.262
mdot_h2: 7.67 g/s
Reynolds_number: 8,632,193
Stack prop output power: 285 kW, Pcomp: 20.5 kW
Cell efficiency: 0.296, Output efficiency: 0.262
mdot_h2: 7.30 g/s
Reynolds_number: 8,632,193
Stack prop output power: 284 kW, Pcomp: 20.4 kW
Cell efficiency: 0.296, Output efficiency: 0.262
mdot_h2: 7.28 g/s
Reynolds_number: 7,164,720
Stack prop output power: 500 kW, Pcomp: 36.0 kW
Cell efficiency: 0.295, Output efficiency: 0.261
mdot_h2: 12.89 g/s
Reynolds_number: 7,164,720
Stack prop output power: 247 kW, Pcomp: 17.8 kW
Cell efficiency: 0.295, Output efficiency: 0.261
mdot_h2: 6.36 g/s
Reynolds_number: 7,164,720
Stack prop output power: 228 kW, Pcomp: 16.4 kW
Cell efficiency: 0.295, Output efficiency: 0.261
mdot_h2: 5.89 g/s
Reynolds_number: 7,164,720
Stack prop output power: 227 kW, Pcomp: 16.3 kW
Cell efficiency: 0.295, Output efficiency: 0.261
mdot_h2: 5.85 g/s
Reynolds_number: 8,632,193
Stack prop output power: 342 kW, Pcomp: 3.1 kW
Cell efficiency: 0.267, Output efficiency: 0.251
mdot_h2: 9.17 g/s
Reynolds_number: 8,632,193
Stack prop output power: 477 kW, Pcomp: 4.4 kW
Cell efficiency: 0.267, Output efficiency: 0.251
mdot_h2: 12.78 g/s
Reynolds_number: 8,632,193
Stack prop output power: 478 kW, Pcomp: 4.4 kW
Cell efficiency: 0.267, Output efficiency: 0.251
mdot_h2: 12.81 g/s
Reynolds_number: 6,709,346
Stack prop output power: 346 kW, Pcomp: 3.0 kW
Cell efficiency: 0.305, Output efficiency: 0.287
mdot_h2: 8.11 g/s
Reynolds_number: 6,709,346
Stack prop output power: 466 kW, Pcomp: 4.1 kW
Cell efficiency: 0.305, Output efficiency: 0.287
mdot_h2: 10.93 g/s
Reynolds_number: 6,709,346
Stack prop output power: 467 kW, Pcomp: 4.1 kW
Cell efficiency: 0.305, Output efficiency: 0.287
mdot_h2: 10.95 g/s
Reynolds_number: 8,632,193
Stack prop output power: 500 kW, Pcomp: 36.0 kW
Cell efficiency: 0.296, Output efficiency: 0.262
mdot_h2: 12.83 g/s
Reynolds_number: 8,632,193
Stack prop output power: 299 kW, Pcomp: 21.6 kW
Cell efficiency: 0.296, Output efficiency: 0.262
mdot_h2: 7.67 g/s
Reynolds_number: 8,632,193
Stack prop output power: 285 kW, Pcomp: 20.5 kW
Cell efficiency: 0.296, Output efficiency: 0.262
mdot_h2: 7.30 g/s
Reynolds_number: 8,632,193
Stack prop output power: 284 kW, Pcomp: 20.4 kW
Cell efficiency: 0.296, Output efficiency: 0.262
mdot_h2: 7.28 g/s
Fuel-cell system mass representative phase: climb (P_fc_sys=955.642 kW).

-----------------------
ptotal_climb: 1,271 kW, mtom_est: 5,123 kg, mtom: 5,000 kg, residual: +122.58 kg

MTOM update: initial_bracket_probe_1, relax=1.000 -> mtom_next=5,325.00 kg

======================================================
======================= ITER 2 =======================
Reynolds_number: 8,632,193
Stack prop output power: 284 kW, Pcomp: 20.4 kW
Cell efficiency: 0.296, Output efficiency: 0.262
mdot_h2: 7.28 g/s
Reynolds_number: 8,632,193
Stack prop output power: 301 kW, Pcomp: 21.7 kW
Cell efficiency: 0.296, Output efficiency: 0.262
mdot_h2: 7.71 g/s
Reynolds_number: 8,632,193
Stack prop output power: 302 kW, Pcomp: 21.8 kW
Cell efficiency: 0.296, Output efficiency: 0.262
mdot_h2: 7.75 g/s
Reynolds_number: 7,164,720
Stack prop output power: 227 kW, Pcomp: 16.3 kW
Cell efficiency: 0.295, Output efficiency: 0.261
mdot_h2: 5.85 g/s
Reynolds_number: 7,164,720
Stack prop output power: 241 kW, Pcomp: 17.3 kW
Cell efficiency: 0.295, Output efficiency: 0.261
mdot_h2: 6.20 g/s
Reynolds_number: 7,164,720
Stack prop output power: 242 kW, Pcomp: 17.4 kW
Cell efficiency: 0.295, Output efficiency: 0.261
mdot_h2: 6.23 g/s
Reynolds_number: 8,632,193
Stack prop output power: 468 kW, Pcomp: 4.3 kW
Cell efficiency: 0.267, Output efficiency: 0.251
mdot_h2: 12.53 g/s
Reynolds_number: 8,632,193
Stack prop output power: 509 kW, Pcomp: 4.7 kW
Cell efficiency: 0.267, Output efficiency: 0.251
mdot_h2: 13.63 g/s
Reynolds_number: 6,709,346
Stack prop output power: 457 kW, Pcomp: 4.0 kW
Cell efficiency: 0.305, Output efficiency: 0.287
mdot_h2: 10.72 g/s
Reynolds_number: 6,709,346
Stack prop output power: 497 kW, Pcomp: 4.3 kW
Cell efficiency: 0.305, Output efficiency: 0.287
mdot_h2: 11.65 g/s
Reynolds_number: 8,632,193
Stack prop output power: 284 kW, Pcomp: 20.4 kW
Cell efficiency: 0.296, Output efficiency: 0.262
mdot_h2: 7.28 g/s
Reynolds_number: 8,632,193
Stack prop output power: 301 kW, Pcomp: 21.7 kW
Cell efficiency: 0.296, Output efficiency: 0.262
mdot_h2: 7.71 g/s
Reynolds_number: 8,632,193
Stack prop output power: 302 kW, Pcomp: 21.8 kW
Cell efficiency: 0.296, Output efficiency: 0.262
mdot_h2: 7.75 g/s
Fuel-cell system mass representative phase: climb (P_fc_sys=1017.752 kW).

-----------------------
ptotal_climb: 1,354 kW, mtom_est: 5,343 kg, mtom: 5,325 kg, residual: +18.15 kg

MTOM update: initial_bracket_probe_2, relax=1.000 -> mtom_next=5,650.00 kg

======================================================
======================= ITER 3 =======================
Reynolds_number: 8,632,193
Stack prop output power: 302 kW, Pcomp: 21.8 kW
Cell efficiency: 0.296, Output efficiency: 0.262
mdot_h2: 7.75 g/s
Reynolds_number: 8,632,193
Stack prop output power: 319 kW, Pcomp: 23.0 kW
Cell efficiency: 0.296, Output efficiency: 0.262
mdot_h2: 8.19 g/s
Reynolds_number: 8,632,193
Stack prop output power: 320 kW, Pcomp: 23.1 kW
Cell efficiency: 0.296, Output efficiency: 0.262
mdot_h2: 8.22 g/s
Reynolds_number: 7,164,720
Stack prop output power: 242 kW, Pcomp: 17.4 kW
Cell efficiency: 0.295, Output efficiency: 0.261
mdot_h2: 6.23 g/s
Reynolds_number: 7,164,720
Stack prop output power: 255 kW, Pcomp: 18.4 kW
Cell efficiency: 0.295, Output efficiency: 0.261
mdot_h2: 6.58 g/s
Reynolds_number: 7,164,720
Stack prop output power: 256 kW, Pcomp: 18.5 kW
Cell efficiency: 0.295, Output efficiency: 0.261
mdot_h2: 6.61 g/s
Reynolds_number: 8,632,193
Stack prop output power: 499 kW, Pcomp: 4.6 kW
Cell efficiency: 0.267, Output efficiency: 0.251
mdot_h2: 13.37 g/s
Reynolds_number: 8,632,193
Stack prop output power: 540 kW, Pcomp: 5.0 kW
Cell efficiency: 0.267, Output efficiency: 0.251
mdot_h2: 14.46 g/s
Reynolds_number: 6,709,346
Stack prop output power: 487 kW, Pcomp: 4.2 kW
Cell efficiency: 0.305, Output efficiency: 0.287
mdot_h2: 11.43 g/s
Reynolds_number: 6,709,346
Stack prop output power: 527 kW, Pcomp: 4.6 kW
Cell efficiency: 0.305, Output efficiency: 0.287
mdot_h2: 12.37 g/s
Reynolds_number: 8,632,193
Stack prop output power: 302 kW, Pcomp: 21.8 kW
Cell efficiency: 0.296, Output efficiency: 0.262
mdot_h2: 7.75 g/s
Reynolds_number: 8,632,193
Stack prop output power: 319 kW, Pcomp: 23.0 kW
Cell efficiency: 0.296, Output efficiency: 0.262
mdot_h2: 8.19 g/s
Reynolds_number: 8,632,193
Stack prop output power: 320 kW, Pcomp: 23.1 kW
Cell efficiency: 0.296, Output efficiency: 0.262
mdot_h2: 8.22 g/s
Fuel-cell system mass representative phase: climb (P_fc_sys=1079.869 kW).

-----------------------
ptotal_climb: 1,437 kW, mtom_est: 5,566 kg, mtom: 5,650 kg, residual: -83.81 kg

MTOM update: newton, relax=0.500 -> mtom_next=5,516.42 kg

======================================================
======================= ITER 4 =======================
Reynolds_number: 8,632,193
Stack prop output power: 320 kW, Pcomp: 23.1 kW
Cell efficiency: 0.296, Output efficiency: 0.262
mdot_h2: 8.22 g/s
Reynolds_number: 8,632,193
Stack prop output power: 313 kW, Pcomp: 22.6 kW
Cell efficiency: 0.296, Output efficiency: 0.262
mdot_h2: 8.04 g/s
Reynolds_number: 8,632,193
Stack prop output power: 313 kW, Pcomp: 22.5 kW
Cell efficiency: 0.296, Output efficiency: 0.262
mdot_h2: 8.03 g/s
Reynolds_number: 7,164,720
Stack prop output power: 256 kW, Pcomp: 18.5 kW
Cell efficiency: 0.295, Output efficiency: 0.261
mdot_h2: 6.61 g/s
Reynolds_number: 7,164,720
Stack prop output power: 251 kW, Pcomp: 18.1 kW
Cell efficiency: 0.295, Output efficiency: 0.261
mdot_h2: 6.47 g/s
Reynolds_number: 8,632,193
Stack prop output power: 544 kW, Pcomp: 5.0 kW
Cell efficiency: 0.267, Output efficiency: 0.251
mdot_h2: 14.59 g/s
Reynolds_number: 8,632,193
Stack prop output power: 527 kW, Pcomp: 4.8 kW
Cell efficiency: 0.267, Output efficiency: 0.251
mdot_h2: 14.14 g/s
Reynolds_number: 6,709,346
Stack prop output power: 532 kW, Pcomp: 4.6 kW
Cell efficiency: 0.305, Output efficiency: 0.287
mdot_h2: 12.47 g/s
Reynolds_number: 6,709,346
Stack prop output power: 515 kW, Pcomp: 4.5 kW
Cell efficiency: 0.305, Output efficiency: 0.287
mdot_h2: 12.08 g/s
Reynolds_number: 8,632,193
Stack prop output power: 320 kW, Pcomp: 23.1 kW
Cell efficiency: 0.296, Output efficiency: 0.262
mdot_h2: 8.22 g/s
Reynolds_number: 8,632,193
Stack prop output power: 313 kW, Pcomp: 22.6 kW
Cell efficiency: 0.296, Output efficiency: 0.262
mdot_h2: 8.04 g/s
Reynolds_number: 8,632,193
Stack prop output power: 313 kW, Pcomp: 22.5 kW
Cell efficiency: 0.296, Output efficiency: 0.262
mdot_h2: 8.03 g/s
Fuel-cell system mass representative phase: climb (P_fc_sys=1054.348 kW).

-----------------------
ptotal_climb: 1,403 kW, mtom_est: 5,478 kg, mtom: 5,516 kg, residual: -38.13 kg

MTOM update: newton, relax=0.650 -> mtom_next=5,443.94 kg

======================================================
======================= ITER 5 =======================
Reynolds_number: 8,632,193
Stack prop output power: 313 kW, Pcomp: 22.5 kW
Cell efficiency: 0.296, Output efficiency: 0.262
mdot_h2: 8.03 g/s
Reynolds_number: 8,632,193
Stack prop output power: 309 kW, Pcomp: 22.3 kW
Cell efficiency: 0.296, Output efficiency: 0.262
mdot_h2: 7.93 g/s
Reynolds_number: 7,164,720
Stack prop output power: 250 kW, Pcomp: 18.0 kW
Cell efficiency: 0.295, Output efficiency: 0.261
mdot_h2: 6.45 g/s
Reynolds_number: 7,164,720
Stack prop output power: 247 kW, Pcomp: 17.8 kW
Cell efficiency: 0.295, Output efficiency: 0.261
mdot_h2: 6.38 g/s
Reynolds_number: 8,632,193
Stack prop output power: 529 kW, Pcomp: 4.9 kW
Cell efficiency: 0.267, Output efficiency: 0.251
mdot_h2: 14.19 g/s
Reynolds_number: 8,632,193
Stack prop output power: 520 kW, Pcomp: 4.8 kW
Cell efficiency: 0.267, Output efficiency: 0.251
mdot_h2: 13.95 g/s
Reynolds_number: 6,709,346
Stack prop output power: 517 kW, Pcomp: 4.5 kW
Cell efficiency: 0.305, Output efficiency: 0.287
mdot_h2: 12.13 g/s
Reynolds_number: 6,709,346
Stack prop output power: 509 kW, Pcomp: 4.4 kW
Cell efficiency: 0.305, Output efficiency: 0.287
mdot_h2: 11.92 g/s
Reynolds_number: 8,632,193
Stack prop output power: 313 kW, Pcomp: 22.5 kW
Cell efficiency: 0.296, Output efficiency: 0.262
mdot_h2: 8.03 g/s
Reynolds_number: 8,632,193
Stack prop output power: 309 kW, Pcomp: 22.3 kW
Cell efficiency: 0.296, Output efficiency: 0.262
mdot_h2: 7.93 g/s
Fuel-cell system mass representative phase: climb (P_fc_sys=1040.495 kW).

-----------------------
ptotal_climb: 1,384 kW, mtom_est: 5,429 kg, mtom: 5,444 kg, residual: -15.29 kg

MTOM update: newton, relax=0.845 -> mtom_next=5,402.96 kg

======================================================
======================= ITER 6 =======================
Reynolds_number: 8,632,193
Stack prop output power: 309 kW, Pcomp: 22.2 kW
Cell efficiency: 0.296, Output efficiency: 0.262
mdot_h2: 7.92 g/s
Reynolds_number: 8,632,193
Stack prop output power: 307 kW, Pcomp: 22.1 kW
Cell efficiency: 0.296, Output efficiency: 0.262
mdot_h2: 7.87 g/s
Reynolds_number: 7,164,720
Stack prop output power: 247 kW, Pcomp: 17.8 kW
Cell efficiency: 0.295, Output efficiency: 0.261
mdot_h2: 6.37 g/s
Reynolds_number: 7,164,720
Stack prop output power: 245 kW, Pcomp: 17.7 kW
Cell efficiency: 0.295, Output efficiency: 0.261
mdot_h2: 6.32 g/s
Reynolds_number: 8,632,193
Stack prop output power: 522 kW, Pcomp: 4.8 kW
Cell efficiency: 0.267, Output efficiency: 0.251
mdot_h2: 13.98 g/s
Reynolds_number: 8,632,193
Stack prop output power: 516 kW, Pcomp: 4.7 kW
Cell efficiency: 0.267, Output efficiency: 0.251
mdot_h2: 13.84 g/s
Reynolds_number: 6,709,346
Stack prop output power: 510 kW, Pcomp: 4.4 kW
Cell efficiency: 0.305, Output efficiency: 0.287
mdot_h2: 11.95 g/s
Reynolds_number: 6,709,346
Stack prop output power: 505 kW, Pcomp: 4.4 kW
Cell efficiency: 0.305, Output efficiency: 0.287
mdot_h2: 11.83 g/s
Reynolds_number: 8,632,193
Stack prop output power: 309 kW, Pcomp: 22.2 kW
Cell efficiency: 0.296, Output efficiency: 0.262
mdot_h2: 7.92 g/s
Reynolds_number: 8,632,193
Stack prop output power: 307 kW, Pcomp: 22.1 kW
Cell efficiency: 0.296, Output efficiency: 0.262
mdot_h2: 7.87 g/s
Fuel-cell system mass representative phase: climb (P_fc_sys=1032.660 kW).

-----------------------
ptotal_climb: 1,374 kW, mtom_est: 5,400 kg, mtom: 5,403 kg, residual: -2.58 kg


CONVERGED

CONVERGED STATE [MTOM iteration 6]
  MTOM=5,400 kg | Wing loading=225.50 kg/m^2 | P/W(climb)=254.38 W/kg
  Phase power: climb=1,373.7 kW | cruise=613.0 kW | loiter=490.4 kW | takeoff=1,342.7 kW | cruise+charger=613.0 kW
  Power split (climb): FC=1,023.2 kW | Battery=341.1 kW | Compressor=9.5 kW | Cooling=465.5 kW | H2=27.687 g/s
  Compressor max across phases: 44.2 kW (cruise)
  FC representative phase (mass sizing): climb (1,032.7 kW)
  Mass summary: MTOM=5,400 kg | Powertrain=1,928 kg | Tank=387.9 kg | Fuel=172.4 kg | Battery=262.3 kg | Nacelle power density=0.63 kW/kg
  Geometry: Main wing area=23.95 m^2 | Horizontal tail area=3.826 m^2 | Horizontal tail location=10.548 m | Vertical tail area=3.891 m^2 | Vertical tail location=10.121 m
  Config: wing loading input=225.61 kg/m^2 | P/W TO/Cl/Cr/Lo=0.18089/0.18500/0.07654/0.06123 kW/kg

=============================================================
========================= CONVERGED =========================
=============================================================
Constraint sizing: ENABLED (min_combined_pw)
Input W/S: 225.61 kg/m^2 (2,212.5 Pa)
Input P/W [kW/kg]: takeoff 0.18089, climb 0.18500, cruise 0.07654, loiter 0.06123
-------------------------------------------------------------

Mission Time
Climb time: 10.09 min (0.17 h)
Cruise time: 150.42 min (2.51 h)
Total flight time: 182.51 min (3.04 h)

Phase Power Breakdown
Phase      Time[min]     Total[kW]    FC Stack[kW]   Battery[kW]   Compressor[kW]   Cooling[kW]   mdot_H2[g/s]
--------------------------------------------------------------------------------------------------------------
ready           0.00          68.7            68.7           0.0              0.0           0.0         0.0
taxi            5.00         137.4           137.4           0.0              0.0           0.0         2.8
takeoff         1.00       1,342.7         1,000.5         333.5              8.8         378.7        23.7
climb          10.09       1,373.7         1,023.2         341.1              9.5         465.5        27.7
cruise        150.42         613.0           568.8           0.0             44.2         254.8        15.7
loiter         15.00         490.4           455.0           0.0             35.3         205.4        12.6
landing         1.00           0.0             0.0           0.0              0.0           0.0         0.0

Pcomp_max (solved phases): 44.2 kW (cruise)
Pnet (climb): 1,241 kW
Pelectricnet (climb): 1,364 kW
eta_pt: 0.9031

Geometry
S_wing: 23.95 m^2
b_wing: 14.68 m
Lfus: 12.47 m
Ltank: 3.46 m
S_HT: 3.83 m^2
S_VT: 3.89 m^2
b_HT: 4.15 m
b_VT: 2.72 m
X_HT_act: 10.55 m
X_VT_act: 10.12 m

One Nacelle (1/2)
Stack(1/2): 313 kg, Compressor: 26 kg, Humidifier: 138 kg, HX: 338 kg
W_FCS_single_nacelle (W_Stack+W_Compressor+W_Humidifier+W_Hx): 814 kg
Representative FC phase: climb
Specific Power of Nacelle System: 0.635 kW/kg
dim_hx: dX=1.359 m, dY=1.359 m, dZ=0.205 m
dim_stack: dX=0.404 m, dY=0.293 m, dZ=0.293 m

ALL Nacelles
W_FCS_total: 1,627 kg
W_PMAD: 119 kg
W_Motors: 181 kg

-----------------------
W_Powertrain (W_FCS_total+W_PMAD+W_Motors): 1,928 kg
-----------------------
W_wing: 374 kg
W_Htail: 25 kg
W_Vtail: 49 kg
W_fuselage: 347 kg
W_lnd_gear_main: 243 kg
W_lnd_gear_nose: 65 kg
W_flight_control: 366 kg
W_electric_system: 300 kg
W_iae: 80 kg
W_hydraulics: 65 kg
W_fur: 386 kg
-----------------------
OEM: 2,300 kg
-----------------------
W_tank: 388 kg
W_fuel: 172.4 kg
W_batt: 262.3 kg
-----------------------
W_payload: 350 kg
-----------------------
MTOM_grouped (OEM+W_tank+W_fuel+W_batt+W_Powertrain+W_payload): 5,400 kg
MTOM: 5,400 kg
-----------------------

Wing loading (MTOM/S_wing): 225.50 kg/m^2
Power-to-weight (converged): 254.38 W/kg

mdot_H2(cruise): 15.7 g/s
Vtankex: 7.4 m^3
========================== END ==============================


=============================================================
Execution time: 77.5 seconds
=============================================================
