Auto-widening W/S scan window for min_combined_pw: 1900.0..2600.0 -> 1725.0..2775.0 Pa (factor 1.500, lower_hit=True, upper_hit=False, min_on_edge=False).
Auto-widening W/S scan window for min_combined_pw: 1725.0..2775.0 -> 1462.5..3037.5 Pa (factor 1.500, lower_hit=True, upper_hit=False, min_on_edge=True).
ADRpy minimum combined P/W remains on feasible W/S boundary (2312.5 Pa). Proceeding with current W/S range 1462.5..3037.5 Pa.
ADRpy constraint sizing (min_combined_pw): W/S=2312.5 Pa (235.81 kg/m^2), P/W_TO=0.19250 kW/kg, P/W_climb=0.19540 kW/kg, P/W_cruise=0.06167 kW/kg
Curve minimum (combined/combined): W/S=2312.5 Pa (235.81 kg/m^2), P/W=0.19540 kW/kg
Curve minimum (takeoff/take-off): W/S=1462.5 Pa (149.13 kg/m^2), P/W=0.10196 kW/kg
Curve minimum (climb/climb): W/S=2312.5 Pa (235.81 kg/m^2), P/W=0.19540 kW/kg
Curve minimum (cruise/cruise): W/S=1862.5 Pa (189.92 kg/m^2), P/W=0.06018 kW/kg
======================================================
======================= ITER 1 =======================
Reynolds_number: 6,533,496
Stack prop output power: 500 kW, Pcomp: 46.9 kW
Cell efficiency: 0.293, Output efficiency: 0.254
mdot_h2: 13.24 g/s
Reynolds_number: 6,533,496
Stack prop output power: 259 kW, Pcomp: 24.3 kW
Cell efficiency: 0.293, Output efficiency: 0.254
mdot_h2: 6.86 g/s
Reynolds_number: 6,533,496
Stack prop output power: 236 kW, Pcomp: 22.2 kW
Cell efficiency: 0.293, Output efficiency: 0.254
mdot_h2: 6.26 g/s
Reynolds_number: 6,533,496
Stack prop output power: 234 kW, Pcomp: 22.0 kW
Cell efficiency: 0.293, Output efficiency: 0.254
mdot_h2: 6.20 g/s
Reynolds_number: 5,422,802
Stack prop output power: 500 kW, Pcomp: 46.9 kW
Cell efficiency: 0.292, Output efficiency: 0.253
mdot_h2: 13.29 g/s
Reynolds_number: 5,422,802
Stack prop output power: 217 kW, Pcomp: 20.3 kW
Cell efficiency: 0.292, Output efficiency: 0.253
mdot_h2: 5.76 g/s
Reynolds_number: 5,422,802
Stack prop output power: 190 kW, Pcomp: 17.8 kW
Cell efficiency: 0.292, Output efficiency: 0.253
mdot_h2: 5.05 g/s
Reynolds_number: 5,422,802
Stack prop output power: 187 kW, Pcomp: 17.6 kW
Cell efficiency: 0.292, Output efficiency: 0.253
mdot_h2: 4.98 g/s
Reynolds_number: 6,533,496
Stack prop output power: 333 kW, Pcomp: 3.1 kW
Cell efficiency: 0.252, Output efficiency: 0.237
mdot_h2: 9.45 g/s
Reynolds_number: 6,533,496
Stack prop output power: 503 kW, Pcomp: 4.7 kW
Cell efficiency: 0.252, Output efficiency: 0.237
mdot_h2: 14.27 g/s
Reynolds_number: 6,533,496
Stack prop output power: 505 kW, Pcomp: 4.8 kW
Cell efficiency: 0.252, Output efficiency: 0.237
mdot_h2: 14.31 g/s
Reynolds_number: 6,709,346
Stack prop output power: 336 kW, Pcomp: 2.9 kW
Cell efficiency: 0.305, Output efficiency: 0.287
mdot_h2: 7.87 g/s
Reynolds_number: 6,709,346
Stack prop output power: 496 kW, Pcomp: 4.3 kW
Cell efficiency: 0.305, Output efficiency: 0.287
mdot_h2: 11.62 g/s
Reynolds_number: 6,709,346
Stack prop output power: 497 kW, Pcomp: 4.3 kW
Cell efficiency: 0.305, Output efficiency: 0.287
mdot_h2: 11.65 g/s
Reynolds_number: 6,533,496
Stack prop output power: 500 kW, Pcomp: 46.9 kW
Cell efficiency: 0.293, Output efficiency: 0.254
mdot_h2: 13.24 g/s
Reynolds_number: 6,533,496
Stack prop output power: 259 kW, Pcomp: 24.3 kW
Cell efficiency: 0.293, Output efficiency: 0.254
mdot_h2: 6.86 g/s
Reynolds_number: 6,533,496
Stack prop output power: 236 kW, Pcomp: 22.2 kW
Cell efficiency: 0.293, Output efficiency: 0.254
mdot_h2: 6.26 g/s
Reynolds_number: 6,533,496
Stack prop output power: 234 kW, Pcomp: 22.0 kW
Cell efficiency: 0.293, Output efficiency: 0.254
mdot_h2: 6.20 g/s
Fuel-cell system mass representative phase: climb (P_fc_sys=1009.571 kW).

-----------------------
ptotal_climb: 1,343 kW, mtom_est: 6,075 kg, mtom: 5,000 kg, residual: +1,074.78 kg

MTOM update: initial_bracket_probe_1, relax=1.000 -> mtom_next=5,325.00 kg

======================================================
======================= ITER 2 =======================
Reynolds_number: 6,533,496
Stack prop output power: 234 kW, Pcomp: 21.9 kW
Cell efficiency: 0.293, Output efficiency: 0.254
mdot_h2: 6.20 g/s
Reynolds_number: 6,533,496
Stack prop output power: 248 kW, Pcomp: 23.2 kW
Cell efficiency: 0.293, Output efficiency: 0.254
mdot_h2: 6.56 g/s
Reynolds_number: 6,533,496
Stack prop output power: 249 kW, Pcomp: 23.4 kW
Cell efficiency: 0.293, Output efficiency: 0.254
mdot_h2: 6.60 g/s
Reynolds_number: 5,422,802
Stack prop output power: 187 kW, Pcomp: 17.6 kW
Cell efficiency: 0.292, Output efficiency: 0.253
mdot_h2: 4.98 g/s
Reynolds_number: 5,422,802
Stack prop output power: 198 kW, Pcomp: 18.6 kW
Cell efficiency: 0.292, Output efficiency: 0.253
mdot_h2: 5.27 g/s
Reynolds_number: 5,422,802
Stack prop output power: 199 kW, Pcomp: 18.7 kW
Cell efficiency: 0.292, Output efficiency: 0.253
mdot_h2: 5.30 g/s
Reynolds_number: 6,533,496
Stack prop output power: 494 kW, Pcomp: 4.6 kW
Cell efficiency: 0.252, Output efficiency: 0.237
mdot_h2: 14.01 g/s
Reynolds_number: 6,533,496
Stack prop output power: 537 kW, Pcomp: 5.1 kW
Cell efficiency: 0.252, Output efficiency: 0.237
mdot_h2: 15.23 g/s
Reynolds_number: 6,709,346
Stack prop output power: 486 kW, Pcomp: 4.2 kW
Cell efficiency: 0.305, Output efficiency: 0.287
mdot_h2: 11.40 g/s
Reynolds_number: 6,709,346
Stack prop output power: 529 kW, Pcomp: 4.6 kW
Cell efficiency: 0.305, Output efficiency: 0.287
mdot_h2: 12.40 g/s
Reynolds_number: 6,533,496
Stack prop output power: 234 kW, Pcomp: 21.9 kW
Cell efficiency: 0.293, Output efficiency: 0.254
mdot_h2: 6.20 g/s
Reynolds_number: 6,533,496
Stack prop output power: 248 kW, Pcomp: 23.2 kW
Cell efficiency: 0.293, Output efficiency: 0.254
mdot_h2: 6.56 g/s
Reynolds_number: 6,533,496
Stack prop output power: 249 kW, Pcomp: 23.4 kW
Cell efficiency: 0.293, Output efficiency: 0.254
mdot_h2: 6.60 g/s
Fuel-cell system mass representative phase: climb (P_fc_sys=1075.185 kW).

-----------------------
ptotal_climb: 1,430 kW, mtom_est: 6,335 kg, mtom: 5,325 kg, residual: +1,010.42 kg

MTOM update: initial_bracket_probe_2, relax=1.000 -> mtom_next=5,650.00 kg

======================================================
======================= ITER 3 =======================
Reynolds_number: 6,533,496
Stack prop output power: 249 kW, Pcomp: 23.4 kW
Cell efficiency: 0.293, Output efficiency: 0.254
mdot_h2: 6.60 g/s
Reynolds_number: 6,533,496
Stack prop output power: 263 kW, Pcomp: 24.7 kW
Cell efficiency: 0.293, Output efficiency: 0.254
mdot_h2: 6.96 g/s
Reynolds_number: 6,533,496
Stack prop output power: 264 kW, Pcomp: 24.8 kW
Cell efficiency: 0.293, Output efficiency: 0.254
mdot_h2: 7.00 g/s
Reynolds_number: 5,422,802
Stack prop output power: 199 kW, Pcomp: 18.7 kW
Cell efficiency: 0.292, Output efficiency: 0.253
mdot_h2: 5.30 g/s
Reynolds_number: 5,422,802
Stack prop output power: 210 kW, Pcomp: 19.7 kW
Cell efficiency: 0.292, Output efficiency: 0.253
mdot_h2: 5.59 g/s
Reynolds_number: 5,422,802
Stack prop output power: 211 kW, Pcomp: 19.8 kW
Cell efficiency: 0.292, Output efficiency: 0.253
mdot_h2: 5.62 g/s
Reynolds_number: 6,533,496
Stack prop output power: 527 kW, Pcomp: 5.0 kW
Cell efficiency: 0.252, Output efficiency: 0.237
mdot_h2: 14.94 g/s
Reynolds_number: 6,533,496
Stack prop output power: 570 kW, Pcomp: 5.4 kW
Cell efficiency: 0.252, Output efficiency: 0.237
mdot_h2: 16.16 g/s
Reynolds_number: 6,709,346
Stack prop output power: 519 kW, Pcomp: 4.5 kW
Cell efficiency: 0.305, Output efficiency: 0.287
mdot_h2: 12.16 g/s
Reynolds_number: 6,709,346
Stack prop output power: 561 kW, Pcomp: 4.9 kW
Cell efficiency: 0.305, Output efficiency: 0.287
mdot_h2: 13.16 g/s
Reynolds_number: 6,533,496
Stack prop output power: 249 kW, Pcomp: 23.4 kW
Cell efficiency: 0.293, Output efficiency: 0.254
mdot_h2: 6.60 g/s
Reynolds_number: 6,533,496
Stack prop output power: 263 kW, Pcomp: 24.7 kW
Cell efficiency: 0.293, Output efficiency: 0.254
mdot_h2: 6.96 g/s
Reynolds_number: 6,533,496
Stack prop output power: 264 kW, Pcomp: 24.8 kW
Cell efficiency: 0.293, Output efficiency: 0.254
mdot_h2: 7.00 g/s
Fuel-cell system mass representative phase: climb (P_fc_sys=1140.808 kW).

-----------------------
ptotal_climb: 1,517 kW, mtom_est: 6,602 kg, mtom: 5,650 kg, residual: +952.34 kg

MTOM update: newton_prebracket, relax=1.000 -> mtom_next=7,627.50 kg

======================================================
======================= ITER 4 =======================
Reynolds_number: 6,533,496
Stack prop output power: 264 kW, Pcomp: 24.8 kW
Cell efficiency: 0.293, Output efficiency: 0.254
mdot_h2: 7.00 g/s
Reynolds_number: 6,533,496
Stack prop output power: 348 kW, Pcomp: 32.7 kW
Cell efficiency: 0.293, Output efficiency: 0.254
mdot_h2: 9.22 g/s
Reynolds_number: 6,533,496
Stack prop output power: 356 kW, Pcomp: 33.4 kW
Cell efficiency: 0.293, Output efficiency: 0.254
mdot_h2: 9.43 g/s
Reynolds_number: 6,533,496
Stack prop output power: 357 kW, Pcomp: 33.5 kW
Cell efficiency: 0.293, Output efficiency: 0.254
mdot_h2: 9.45 g/s
Reynolds_number: 5,422,802
Stack prop output power: 212 kW, Pcomp: 19.8 kW
Cell efficiency: 0.292, Output efficiency: 0.253
mdot_h2: 5.62 g/s
Reynolds_number: 5,422,802
Stack prop output power: 279 kW, Pcomp: 26.1 kW
Cell efficiency: 0.292, Output efficiency: 0.253
mdot_h2: 7.41 g/s
Reynolds_number: 5,422,802
Stack prop output power: 285 kW, Pcomp: 26.7 kW
Cell efficiency: 0.292, Output efficiency: 0.253
mdot_h2: 7.57 g/s
Reynolds_number: 5,422,802
Stack prop output power: 285 kW, Pcomp: 26.8 kW
Cell efficiency: 0.292, Output efficiency: 0.253
mdot_h2: 7.59 g/s
Reynolds_number: 6,533,496
Stack prop output power: 504 kW, Pcomp: 4.7 kW
Cell efficiency: 0.252, Output efficiency: 0.237
mdot_h2: 14.30 g/s
Reynolds_number: 6,533,496
Stack prop output power: 768 kW, Pcomp: 7.2 kW
Cell efficiency: 0.252, Output efficiency: 0.237
mdot_h2: 21.76 g/s
Reynolds_number: 6,533,496
Stack prop output power: 770 kW, Pcomp: 7.2 kW
Cell efficiency: 0.252, Output efficiency: 0.237
mdot_h2: 21.83 g/s
Reynolds_number: 6,709,346
Stack prop output power: 497 kW, Pcomp: 4.3 kW
Cell efficiency: 0.305, Output efficiency: 0.287
mdot_h2: 11.64 g/s
Reynolds_number: 6,709,346
Stack prop output power: 756 kW, Pcomp: 6.6 kW
Cell efficiency: 0.305, Output efficiency: 0.287
mdot_h2: 17.72 g/s
Reynolds_number: 6,709,346
Stack prop output power: 758 kW, Pcomp: 6.6 kW
Cell efficiency: 0.305, Output efficiency: 0.287
mdot_h2: 17.78 g/s
Reynolds_number: 6,533,496
Stack prop output power: 264 kW, Pcomp: 24.8 kW
Cell efficiency: 0.293, Output efficiency: 0.254
mdot_h2: 7.00 g/s
Reynolds_number: 6,533,496
Stack prop output power: 348 kW, Pcomp: 32.7 kW
Cell efficiency: 0.293, Output efficiency: 0.254
mdot_h2: 9.22 g/s
Reynolds_number: 6,533,496
Stack prop output power: 356 kW, Pcomp: 33.4 kW
Cell efficiency: 0.293, Output efficiency: 0.254
mdot_h2: 9.43 g/s
Reynolds_number: 6,533,496
Stack prop output power: 357 kW, Pcomp: 33.5 kW
Cell efficiency: 0.293, Output efficiency: 0.254
mdot_h2: 9.45 g/s
Fuel-cell system mass representative phase: climb (P_fc_sys=1540.100 kW).

-----------------------
ptotal_climb: 2,049 kW, mtom_est: 8,221 kg, mtom: 7,628 kg, residual: +593.03 kg

MTOM update: newton_prebracket, relax=1.000 -> mtom_next=10,297.12 kg

======================================================
======================= ITER 5 =======================
Reynolds_number: 6,533,496
Stack prop output power: 357 kW, Pcomp: 33.5 kW
Cell efficiency: 0.293, Output efficiency: 0.254
mdot_h2: 9.45 g/s
Reynolds_number: 6,533,496
Stack prop output power: 470 kW, Pcomp: 44.1 kW
Cell efficiency: 0.293, Output efficiency: 0.254
mdot_h2: 12.45 g/s
Reynolds_number: 6,533,496
Stack prop output power: 481 kW, Pcomp: 45.1 kW
Cell efficiency: 0.293, Output efficiency: 0.254
mdot_h2: 12.73 g/s
Reynolds_number: 6,533,496
Stack prop output power: 482 kW, Pcomp: 45.2 kW
Cell efficiency: 0.293, Output efficiency: 0.254
mdot_h2: 12.76 g/s
Reynolds_number: 5,422,802
Stack prop output power: 286 kW, Pcomp: 26.8 kW
Cell efficiency: 0.292, Output efficiency: 0.253
mdot_h2: 7.59 g/s
Reynolds_number: 5,422,802
Stack prop output power: 376 kW, Pcomp: 35.3 kW
Cell efficiency: 0.292, Output efficiency: 0.253
mdot_h2: 10.00 g/s
Reynolds_number: 5,422,802
Stack prop output power: 385 kW, Pcomp: 36.1 kW
Cell efficiency: 0.292, Output efficiency: 0.253
mdot_h2: 10.22 g/s
Reynolds_number: 5,422,802
Stack prop output power: 385 kW, Pcomp: 36.1 kW
Cell efficiency: 0.292, Output efficiency: 0.253
mdot_h2: 10.25 g/s
Reynolds_number: 6,533,496
Stack prop output power: 681 kW, Pcomp: 6.4 kW
Cell efficiency: 0.252, Output efficiency: 0.237
mdot_h2: 19.31 g/s
Reynolds_number: 6,533,496
Stack prop output power: 1,036 kW, Pcomp: 9.8 kW
Cell efficiency: 0.252, Output efficiency: 0.237
mdot_h2: 29.38 g/s
Reynolds_number: 6,533,496
Stack prop output power: 1,040 kW, Pcomp: 9.8 kW
Cell efficiency: 0.252, Output efficiency: 0.237
mdot_h2: 29.48 g/s
Reynolds_number: 6,709,346
Stack prop output power: 670 kW, Pcomp: 5.8 kW
Cell efficiency: 0.305, Output efficiency: 0.287
mdot_h2: 15.72 g/s
Reynolds_number: 6,709,346
Stack prop output power: 1,020 kW, Pcomp: 8.9 kW
Cell efficiency: 0.305, Output efficiency: 0.287
mdot_h2: 23.93 g/s
Reynolds_number: 6,709,346
Stack prop output power: 1,023 kW, Pcomp: 8.9 kW
Cell efficiency: 0.305, Output efficiency: 0.287
mdot_h2: 24.00 g/s
Reynolds_number: 6,533,496
Stack prop output power: 357 kW, Pcomp: 33.5 kW
Cell efficiency: 0.293, Output efficiency: 0.254
mdot_h2: 9.45 g/s
Reynolds_number: 6,533,496
Stack prop output power: 470 kW, Pcomp: 44.1 kW
Cell efficiency: 0.293, Output efficiency: 0.254
mdot_h2: 12.45 g/s
Reynolds_number: 6,533,496
Stack prop output power: 481 kW, Pcomp: 45.1 kW
Cell efficiency: 0.293, Output efficiency: 0.254
mdot_h2: 12.73 g/s
Reynolds_number: 6,533,496
Stack prop output power: 482 kW, Pcomp: 45.2 kW
Cell efficiency: 0.293, Output efficiency: 0.254
mdot_h2: 12.76 g/s
Fuel-cell system mass representative phase: climb (P_fc_sys=2079.135 kW).

-----------------------
ptotal_climb: 2,766 kW, mtom_est: 10,443 kg, mtom: 10,297 kg, residual: +145.62 kg

MTOM update: newton_prebracket, relax=1.000 -> mtom_next=11,166.04 kg

======================================================
======================= ITER 6 =======================
Reynolds_number: 6,533,496
Stack prop output power: 482 kW, Pcomp: 45.2 kW
Cell efficiency: 0.293, Output efficiency: 0.254
mdot_h2: 12.76 g/s
Reynolds_number: 6,533,496
Stack prop output power: 519 kW, Pcomp: 48.6 kW
Cell efficiency: 0.293, Output efficiency: 0.254
mdot_h2: 13.74 g/s
Reynolds_number: 6,533,496
Stack prop output power: 522 kW, Pcomp: 49.0 kW
Cell efficiency: 0.293, Output efficiency: 0.254
mdot_h2: 13.83 g/s
Reynolds_number: 5,422,802
Stack prop output power: 385 kW, Pcomp: 36.1 kW
Cell efficiency: 0.292, Output efficiency: 0.253
mdot_h2: 10.25 g/s
Reynolds_number: 5,422,802
Stack prop output power: 415 kW, Pcomp: 38.9 kW
Cell efficiency: 0.292, Output efficiency: 0.253
mdot_h2: 11.03 g/s
Reynolds_number: 5,422,802
Stack prop output power: 418 kW, Pcomp: 39.2 kW
Cell efficiency: 0.292, Output efficiency: 0.253
mdot_h2: 11.11 g/s
Reynolds_number: 6,533,496
Stack prop output power: 1,011 kW, Pcomp: 9.5 kW
Cell efficiency: 0.252, Output efficiency: 0.237
mdot_h2: 28.66 g/s
Reynolds_number: 6,533,496
Stack prop output power: 1,126 kW, Pcomp: 10.6 kW
Cell efficiency: 0.252, Output efficiency: 0.237
mdot_h2: 31.93 g/s
Reynolds_number: 6,533,496
Stack prop output power: 1,127 kW, Pcomp: 10.6 kW
Cell efficiency: 0.252, Output efficiency: 0.237
mdot_h2: 31.96 g/s
Reynolds_number: 6,709,346
Stack prop output power: 995 kW, Pcomp: 8.7 kW
Cell efficiency: 0.305, Output efficiency: 0.287
mdot_h2: 23.33 g/s
Reynolds_number: 6,709,346
Stack prop output power: 1,109 kW, Pcomp: 9.7 kW
Cell efficiency: 0.305, Output efficiency: 0.287
mdot_h2: 26.00 g/s
Reynolds_number: 6,709,346
Stack prop output power: 1,110 kW, Pcomp: 9.7 kW
Cell efficiency: 0.305, Output efficiency: 0.287
mdot_h2: 26.02 g/s
Reynolds_number: 6,533,496
Stack prop output power: 482 kW, Pcomp: 45.2 kW
Cell efficiency: 0.293, Output efficiency: 0.254
mdot_h2: 12.76 g/s
Reynolds_number: 6,533,496
Stack prop output power: 519 kW, Pcomp: 48.6 kW
Cell efficiency: 0.293, Output efficiency: 0.254
mdot_h2: 13.74 g/s
Reynolds_number: 6,533,496
Stack prop output power: 522 kW, Pcomp: 49.0 kW
Cell efficiency: 0.293, Output efficiency: 0.254
mdot_h2: 13.83 g/s
Fuel-cell system mass representative phase: climb (P_fc_sys=2254.583 kW).

-----------------------
ptotal_climb: 2,999 kW, mtom_est: 11,175 kg, mtom: 11,166 kg, residual: +8.73 kg

MTOM update: newton_prebracket, relax=1.000 -> mtom_next=11,221.45 kg

======================================================
======================= ITER 7 =======================
Reynolds_number: 6,533,496
Stack prop output power: 523 kW, Pcomp: 49.0 kW
Cell efficiency: 0.293, Output efficiency: 0.254
mdot_h2: 13.84 g/s
Reynolds_number: 6,533,496
Stack prop output power: 525 kW, Pcomp: 49.2 kW
Cell efficiency: 0.293, Output efficiency: 0.254
mdot_h2: 13.90 g/s
Reynolds_number: 5,422,802
Stack prop output power: 418 kW, Pcomp: 39.2 kW
Cell efficiency: 0.292, Output efficiency: 0.253
mdot_h2: 11.11 g/s
Reynolds_number: 5,422,802
Stack prop output power: 420 kW, Pcomp: 39.4 kW
Cell efficiency: 0.292, Output efficiency: 0.253
mdot_h2: 11.16 g/s
Reynolds_number: 6,533,496
Stack prop output power: 1,125 kW, Pcomp: 10.6 kW
Cell efficiency: 0.252, Output efficiency: 0.237
mdot_h2: 31.91 g/s
Reynolds_number: 6,533,496
Stack prop output power: 1,133 kW, Pcomp: 10.7 kW
Cell efficiency: 0.252, Output efficiency: 0.237
mdot_h2: 32.12 g/s
Reynolds_number: 6,709,346
Stack prop output power: 1,108 kW, Pcomp: 9.6 kW
Cell efficiency: 0.305, Output efficiency: 0.287
mdot_h2: 25.98 g/s
Reynolds_number: 6,709,346
Stack prop output power: 1,115 kW, Pcomp: 9.7 kW
Cell efficiency: 0.305, Output efficiency: 0.287
mdot_h2: 26.15 g/s
Reynolds_number: 6,533,496
Stack prop output power: 523 kW, Pcomp: 49.0 kW
Cell efficiency: 0.293, Output efficiency: 0.254
mdot_h2: 13.84 g/s
Reynolds_number: 6,533,496
Stack prop output power: 525 kW, Pcomp: 49.2 kW
Cell efficiency: 0.293, Output efficiency: 0.254
mdot_h2: 13.90 g/s
Fuel-cell system mass representative phase: climb (P_fc_sys=2265.769 kW).

-----------------------
ptotal_climb: 3,014 kW, mtom_est: 11,222 kg, mtom: 11,221 kg, residual: +0.85 kg


CONVERGED

CONVERGED STATE [MTOM iteration 7]
  MTOM=11,222 kg | Wing loading=235.83 kg/m^2 | P/W(climb)=268.56 W/kg
  Phase power: climb=3,013.9 kW | cruise=1,050.2 kW | loiter=840.2 kW | takeoff=2,967.7 kW | cruise+charger=1,050.2 kW
  Power split (climb): FC=2,244.4 kW | Battery=748.1 kW | Compressor=21.3 kW | Cooling=1,079.4 kW | H2=64.242 g/s
  Compressor max across phases: 98.4 kW (cruise)
  FC representative phase (mass sizing): climb (2,265.8 kW)
  Mass summary: MTOM=11,222 kg | Powertrain=4,926 kg | Tank=1,045.1 kg | Fuel=464.5 kg | Battery=706.8 kg | Nacelle power density=0.53 kW/kg
  Geometry: Main wing area=47.59 m^2 | Horizontal tail area=6.975 m^2 | Horizontal tail location=15.941 m | Vertical tail area=7.153 m^2 | Vertical tail location=15.248 m
  Config: wing loading input=235.81 kg/m^2 | P/W TO/Cl/Cr/Lo=0.19250/0.19540/0.06167/0.04933 kW/kg

=============================================================
========================= CONVERGED =========================
=============================================================
Constraint sizing: ENABLED (min_combined_pw)
Input W/S: 235.81 kg/m^2 (2,312.5 Pa)
Input P/W [kW/kg]: takeoff 0.19250, climb 0.19540, cruise 0.06167, loiter 0.04933
-------------------------------------------------------------

Mission Time
Climb time: 12.62 min (0.21 h)
Cruise time: 234.20 min (3.90 h)
Total flight time: 268.82 min (4.48 h)

Phase Power Breakdown
Phase      Time[min]     Total[kW]    FC Stack[kW]   Battery[kW]   Compressor[kW]   Cooling[kW]   mdot_H2[g/s]
--------------------------------------------------------------------------------------------------------------
ready           0.00         150.7           150.7           0.0              0.0           0.0         0.0
taxi            5.00         301.4           301.4           0.0              0.0           0.0         6.4
takeoff         1.00       2,967.7         2,211.2         737.1             19.4         821.2        52.3
climb          12.62       3,013.9         2,244.4         748.1             21.3       1,079.4        64.2
cruise        234.20       1,050.2           951.8           0.0             98.4         443.9        27.8
loiter         15.00         840.2           761.4           0.0             78.7         357.1        22.3
landing         1.00           0.0             0.0           0.0              0.0           0.0         0.0

Pcomp_max (solved phases): 98.4 kW (cruise)
Pnet (climb): 2,722 kW
Pelectricnet (climb): 2,993 kW
eta_pt: 0.9031

Geometry
S_wing: 47.59 m^2
b_wing: 20.69 m
Lfus: 18.32 m
Ltank: 9.31 m
S_HT: 6.97 m^2
S_VT: 7.15 m^2
b_HT: 5.60 m
b_VT: 3.69 m
X_HT_act: 15.94 m
X_VT_act: 15.25 m

One Nacelle (1/2)
Stack(1/2): 722 kg, Compressor: 100 kg, Humidifier: 360 kg, HX: 950 kg
W_FCS_single_nacelle (W_Stack+W_Compressor+W_Humidifier+W_Hx): 2,132 kg
Representative FC phase: climb
Specific Power of Nacelle System: 0.531 kW/kg
dim_hx: dX=2.346 m, dY=2.346 m, dZ=0.193 m
dim_stack: dX=0.425 m, dY=0.435 m, dZ=0.435 m

ALL Nacelles
W_FCS_total: 4,264 kg
W_PMAD: 265 kg
W_Motors: 397 kg

-----------------------
W_Powertrain (W_FCS_total+W_PMAD+W_Motors): 4,926 kg
-----------------------
W_wing: 899 kg
W_Htail: 64 kg
W_Vtail: 101 kg
W_fuselage: 534 kg
W_lnd_gear_main: 243 kg
W_lnd_gear_nose: 65 kg
W_flight_control: 366 kg
W_electric_system: 300 kg
W_iae: 151 kg
W_hydraulics: 135 kg
W_fur: 524 kg
-----------------------
OEM: 3,380 kg
-----------------------
W_tank: 1,045 kg
W_fuel: 464.5 kg
W_batt: 706.8 kg
-----------------------
W_payload: 700 kg
-----------------------
MTOM_grouped (OEM+W_tank+W_fuel+W_batt+W_Powertrain+W_payload): 11,222 kg
MTOM: 11,222 kg
-----------------------

Wing loading (MTOM/S_wing): 235.83 kg/m^2
Power-to-weight (converged): 268.56 W/kg

mdot_H2(cruise): 27.8 g/s
Vtankex: 19.9 m^3
========================== END ==============================


=============================================================
Execution time: 107.9 seconds
=============================================================
