Auto-widening W/S scan window for min_combined_pw: 1900.0..2600.0 -> 1725.0..2775.0 Pa (factor 1.500, lower_hit=True, upper_hit=False, min_on_edge=False).
Auto-widening W/S scan window for min_combined_pw: 1725.0..2775.0 -> 1462.5..3037.5 Pa (factor 1.500, lower_hit=True, upper_hit=False, min_on_edge=True).
ADRpy minimum combined P/W remains on feasible W/S boundary (2312.5 Pa). Proceeding with current W/S range 1462.5..3037.5 Pa.
ADRpy constraint sizing (min_combined_pw): W/S=2312.5 Pa (235.81 kg/m^2), P/W_TO=0.19250 kW/kg, P/W_climb=0.19395 kW/kg, P/W_cruise=0.07290 kW/kg
Curve minimum (combined/combined): W/S=2312.5 Pa (235.81 kg/m^2), P/W=0.19395 kW/kg
Curve minimum (takeoff/take-off): W/S=1462.5 Pa (149.13 kg/m^2), P/W=0.10196 kW/kg
Curve minimum (climb/climb): W/S=2312.5 Pa (235.81 kg/m^2), P/W=0.19395 kW/kg
Curve minimum (cruise/cruise): W/S=2312.5 Pa (235.81 kg/m^2), P/W=0.07290 kW/kg
======================================================
======================= ITER 1 =======================
Reynolds_number: 7,831,819
Stack prop output power: 500 kW, Pcomp: 46.9 kW
Cell efficiency: 0.294, Output efficiency: 0.255
mdot_h2: 13.17 g/s
Reynolds_number: 7,831,819
Stack prop output power: 298 kW, Pcomp: 27.9 kW
Cell efficiency: 0.294, Output efficiency: 0.255
mdot_h2: 7.84 g/s
Reynolds_number: 7,831,819
Stack prop output power: 279 kW, Pcomp: 26.1 kW
Cell efficiency: 0.294, Output efficiency: 0.255
mdot_h2: 7.34 g/s
Reynolds_number: 7,831,819
Stack prop output power: 277 kW, Pcomp: 26.0 kW
Cell efficiency: 0.294, Output efficiency: 0.255
mdot_h2: 7.29 g/s
Reynolds_number: 6,500,410
Stack prop output power: 500 kW, Pcomp: 46.9 kW
Cell efficiency: 0.293, Output efficiency: 0.254
mdot_h2: 13.24 g/s
Reynolds_number: 6,500,410
Stack prop output power: 247 kW, Pcomp: 23.2 kW
Cell efficiency: 0.293, Output efficiency: 0.254
mdot_h2: 6.55 g/s
Reynolds_number: 6,500,410
Stack prop output power: 224 kW, Pcomp: 21.0 kW
Cell efficiency: 0.293, Output efficiency: 0.254
mdot_h2: 5.93 g/s
Reynolds_number: 6,500,410
Stack prop output power: 222 kW, Pcomp: 20.8 kW
Cell efficiency: 0.293, Output efficiency: 0.254
mdot_h2: 5.87 g/s
Reynolds_number: 7,831,819
Stack prop output power: 335 kW, Pcomp: 3.1 kW
Cell efficiency: 0.254, Output efficiency: 0.239
mdot_h2: 9.42 g/s
Reynolds_number: 7,831,819
Stack prop output power: 499 kW, Pcomp: 4.7 kW
Cell efficiency: 0.254, Output efficiency: 0.239
mdot_h2: 14.06 g/s
Reynolds_number: 7,831,819
Stack prop output power: 501 kW, Pcomp: 4.7 kW
Cell efficiency: 0.254, Output efficiency: 0.239
mdot_h2: 14.10 g/s
Reynolds_number: 6,709,346
Stack prop output power: 336 kW, Pcomp: 2.9 kW
Cell efficiency: 0.305, Output efficiency: 0.287
mdot_h2: 7.87 g/s
Reynolds_number: 6,709,346
Stack prop output power: 496 kW, Pcomp: 4.3 kW
Cell efficiency: 0.305, Output efficiency: 0.287
mdot_h2: 11.62 g/s
Reynolds_number: 6,709,346
Stack prop output power: 497 kW, Pcomp: 4.3 kW
Cell efficiency: 0.305, Output efficiency: 0.287
mdot_h2: 11.65 g/s
Reynolds_number: 7,831,819
Stack prop output power: 500 kW, Pcomp: 46.9 kW
Cell efficiency: 0.294, Output efficiency: 0.255
mdot_h2: 13.17 g/s
Reynolds_number: 7,831,819
Stack prop output power: 298 kW, Pcomp: 27.9 kW
Cell efficiency: 0.294, Output efficiency: 0.255
mdot_h2: 7.84 g/s
Reynolds_number: 7,831,819
Stack prop output power: 279 kW, Pcomp: 26.1 kW
Cell efficiency: 0.294, Output efficiency: 0.255
mdot_h2: 7.34 g/s
Reynolds_number: 7,831,819
Stack prop output power: 277 kW, Pcomp: 26.0 kW
Cell efficiency: 0.294, Output efficiency: 0.255
mdot_h2: 7.29 g/s
Fuel-cell system mass representative phase: climb (P_fc_sys=1002.095 kW).

-----------------------
ptotal_climb: 1,333 kW, mtom_est: 6,418 kg, mtom: 5,000 kg, residual: +1,417.87 kg

MTOM update: initial_bracket_probe_1, relax=1.000 -> mtom_next=5,325.00 kg

======================================================
======================= ITER 2 =======================
Reynolds_number: 7,831,819
Stack prop output power: 277 kW, Pcomp: 25.9 kW
Cell efficiency: 0.294, Output efficiency: 0.255
mdot_h2: 7.29 g/s
Reynolds_number: 7,831,819
Stack prop output power: 293 kW, Pcomp: 27.5 kW
Cell efficiency: 0.294, Output efficiency: 0.255
mdot_h2: 7.72 g/s
Reynolds_number: 7,831,819
Stack prop output power: 294 kW, Pcomp: 27.6 kW
Cell efficiency: 0.294, Output efficiency: 0.255
mdot_h2: 7.76 g/s
Reynolds_number: 6,500,410
Stack prop output power: 221 kW, Pcomp: 20.7 kW
Cell efficiency: 0.293, Output efficiency: 0.254
mdot_h2: 5.86 g/s
Reynolds_number: 6,500,410
Stack prop output power: 234 kW, Pcomp: 22.0 kW
Cell efficiency: 0.293, Output efficiency: 0.254
mdot_h2: 6.21 g/s
Reynolds_number: 6,500,410
Stack prop output power: 236 kW, Pcomp: 22.1 kW
Cell efficiency: 0.293, Output efficiency: 0.254
mdot_h2: 6.24 g/s
Reynolds_number: 7,831,819
Stack prop output power: 490 kW, Pcomp: 4.6 kW
Cell efficiency: 0.254, Output efficiency: 0.239
mdot_h2: 13.80 g/s
Reynolds_number: 7,831,819
Stack prop output power: 533 kW, Pcomp: 5.0 kW
Cell efficiency: 0.254, Output efficiency: 0.239
mdot_h2: 15.01 g/s
Reynolds_number: 6,709,346
Stack prop output power: 486 kW, Pcomp: 4.2 kW
Cell efficiency: 0.305, Output efficiency: 0.287
mdot_h2: 11.40 g/s
Reynolds_number: 6,709,346
Stack prop output power: 529 kW, Pcomp: 4.6 kW
Cell efficiency: 0.305, Output efficiency: 0.287
mdot_h2: 12.40 g/s
Reynolds_number: 7,831,819
Stack prop output power: 277 kW, Pcomp: 25.9 kW
Cell efficiency: 0.294, Output efficiency: 0.255
mdot_h2: 7.29 g/s
Reynolds_number: 7,831,819
Stack prop output power: 293 kW, Pcomp: 27.5 kW
Cell efficiency: 0.294, Output efficiency: 0.255
mdot_h2: 7.72 g/s
Reynolds_number: 7,831,819
Stack prop output power: 294 kW, Pcomp: 27.6 kW
Cell efficiency: 0.294, Output efficiency: 0.255
mdot_h2: 7.76 g/s
Fuel-cell system mass representative phase: climb (P_fc_sys=1067.224 kW).

-----------------------
ptotal_climb: 1,420 kW, mtom_est: 6,698 kg, mtom: 5,325 kg, residual: +1,373.43 kg

MTOM update: initial_bracket_probe_2, relax=1.000 -> mtom_next=5,650.00 kg

======================================================
======================= ITER 3 =======================
Reynolds_number: 7,831,819
Stack prop output power: 295 kW, Pcomp: 27.6 kW
Cell efficiency: 0.294, Output efficiency: 0.255
mdot_h2: 7.76 g/s
Reynolds_number: 7,831,819
Stack prop output power: 311 kW, Pcomp: 29.2 kW
Cell efficiency: 0.294, Output efficiency: 0.255
mdot_h2: 8.19 g/s
Reynolds_number: 7,831,819
Stack prop output power: 312 kW, Pcomp: 29.3 kW
Cell efficiency: 0.294, Output efficiency: 0.255
mdot_h2: 8.23 g/s
Reynolds_number: 6,500,410
Stack prop output power: 236 kW, Pcomp: 22.1 kW
Cell efficiency: 0.293, Output efficiency: 0.254
mdot_h2: 6.24 g/s
Reynolds_number: 6,500,410
Stack prop output power: 249 kW, Pcomp: 23.3 kW
Cell efficiency: 0.293, Output efficiency: 0.254
mdot_h2: 6.59 g/s
Reynolds_number: 6,500,410
Stack prop output power: 250 kW, Pcomp: 23.4 kW
Cell efficiency: 0.293, Output efficiency: 0.254
mdot_h2: 6.62 g/s
Reynolds_number: 7,831,819
Stack prop output power: 523 kW, Pcomp: 4.9 kW
Cell efficiency: 0.254, Output efficiency: 0.239
mdot_h2: 14.72 g/s
Reynolds_number: 7,831,819
Stack prop output power: 566 kW, Pcomp: 5.3 kW
Cell efficiency: 0.254, Output efficiency: 0.239
mdot_h2: 15.93 g/s
Reynolds_number: 6,709,346
Stack prop output power: 519 kW, Pcomp: 4.5 kW
Cell efficiency: 0.305, Output efficiency: 0.287
mdot_h2: 12.16 g/s
Reynolds_number: 6,709,346
Stack prop output power: 561 kW, Pcomp: 4.9 kW
Cell efficiency: 0.305, Output efficiency: 0.287
mdot_h2: 13.16 g/s
Reynolds_number: 7,831,819
Stack prop output power: 295 kW, Pcomp: 27.6 kW
Cell efficiency: 0.294, Output efficiency: 0.255
mdot_h2: 7.76 g/s
Reynolds_number: 7,831,819
Stack prop output power: 311 kW, Pcomp: 29.2 kW
Cell efficiency: 0.294, Output efficiency: 0.255
mdot_h2: 8.19 g/s
Reynolds_number: 7,831,819
Stack prop output power: 312 kW, Pcomp: 29.3 kW
Cell efficiency: 0.294, Output efficiency: 0.255
mdot_h2: 8.23 g/s
Fuel-cell system mass representative phase: climb (P_fc_sys=1132.360 kW).

-----------------------
ptotal_climb: 1,506 kW, mtom_est: 6,984 kg, mtom: 5,650 kg, residual: +1,334.36 kg

MTOM update: newton_prebracket, relax=1.000 -> mtom_next=7,627.50 kg

======================================================
======================= ITER 4 =======================
Reynolds_number: 7,831,819
Stack prop output power: 313 kW, Pcomp: 29.3 kW
Cell efficiency: 0.294, Output efficiency: 0.255
mdot_h2: 8.23 g/s
Reynolds_number: 7,831,819
Stack prop output power: 412 kW, Pcomp: 38.6 kW
Cell efficiency: 0.294, Output efficiency: 0.255
mdot_h2: 10.85 g/s
Reynolds_number: 7,831,819
Stack prop output power: 421 kW, Pcomp: 39.5 kW
Cell efficiency: 0.294, Output efficiency: 0.255
mdot_h2: 11.09 g/s
Reynolds_number: 7,831,819
Stack prop output power: 422 kW, Pcomp: 39.6 kW
Cell efficiency: 0.294, Output efficiency: 0.255
mdot_h2: 11.12 g/s
Reynolds_number: 6,500,410
Stack prop output power: 250 kW, Pcomp: 23.4 kW
Cell efficiency: 0.293, Output efficiency: 0.254
mdot_h2: 6.62 g/s
Reynolds_number: 6,500,410
Stack prop output power: 329 kW, Pcomp: 30.9 kW
Cell efficiency: 0.293, Output efficiency: 0.254
mdot_h2: 8.72 g/s
Reynolds_number: 6,500,410
Stack prop output power: 337 kW, Pcomp: 31.6 kW
Cell efficiency: 0.293, Output efficiency: 0.254
mdot_h2: 8.92 g/s
Reynolds_number: 6,500,410
Stack prop output power: 337 kW, Pcomp: 31.6 kW
Cell efficiency: 0.293, Output efficiency: 0.254
mdot_h2: 8.94 g/s
Reynolds_number: 7,831,819
Stack prop output power: 501 kW, Pcomp: 4.7 kW
Cell efficiency: 0.254, Output efficiency: 0.239
mdot_h2: 14.10 g/s
Reynolds_number: 7,831,819
Stack prop output power: 762 kW, Pcomp: 7.2 kW
Cell efficiency: 0.254, Output efficiency: 0.239
mdot_h2: 21.45 g/s
Reynolds_number: 7,831,819
Stack prop output power: 764 kW, Pcomp: 7.2 kW
Cell efficiency: 0.254, Output efficiency: 0.239
mdot_h2: 21.52 g/s
Reynolds_number: 6,709,346
Stack prop output power: 497 kW, Pcomp: 4.3 kW
Cell efficiency: 0.305, Output efficiency: 0.287
mdot_h2: 11.64 g/s
Reynolds_number: 6,709,346
Stack prop output power: 756 kW, Pcomp: 6.6 kW
Cell efficiency: 0.305, Output efficiency: 0.287
mdot_h2: 17.72 g/s
Reynolds_number: 6,709,346
Stack prop output power: 758 kW, Pcomp: 6.6 kW
Cell efficiency: 0.305, Output efficiency: 0.287
mdot_h2: 17.78 g/s
Reynolds_number: 7,831,819
Stack prop output power: 313 kW, Pcomp: 29.3 kW
Cell efficiency: 0.294, Output efficiency: 0.255
mdot_h2: 8.23 g/s
Reynolds_number: 7,831,819
Stack prop output power: 412 kW, Pcomp: 38.6 kW
Cell efficiency: 0.294, Output efficiency: 0.255
mdot_h2: 10.85 g/s
Reynolds_number: 7,831,819
Stack prop output power: 421 kW, Pcomp: 39.5 kW
Cell efficiency: 0.294, Output efficiency: 0.255
mdot_h2: 11.09 g/s
Reynolds_number: 7,831,819
Stack prop output power: 422 kW, Pcomp: 39.6 kW
Cell efficiency: 0.294, Output efficiency: 0.255
mdot_h2: 11.12 g/s
Fuel-cell system mass representative phase: climb (P_fc_sys=1528.696 kW).

-----------------------
ptotal_climb: 2,033 kW, mtom_est: 8,734 kg, mtom: 7,628 kg, residual: +1,106.32 kg

MTOM update: newton_prebracket, relax=1.000 -> mtom_next=10,297.12 kg

======================================================
======================= ITER 5 =======================
Reynolds_number: 7,831,819
Stack prop output power: 422 kW, Pcomp: 39.6 kW
Cell efficiency: 0.294, Output efficiency: 0.255
mdot_h2: 11.12 g/s
Reynolds_number: 7,831,819
Stack prop output power: 556 kW, Pcomp: 52.1 kW
Cell efficiency: 0.294, Output efficiency: 0.255
mdot_h2: 14.64 g/s
Reynolds_number: 7,831,819
Stack prop output power: 568 kW, Pcomp: 53.3 kW
Cell efficiency: 0.294, Output efficiency: 0.255
mdot_h2: 14.97 g/s
Reynolds_number: 7,831,819
Stack prop output power: 570 kW, Pcomp: 53.4 kW
Cell efficiency: 0.294, Output efficiency: 0.255
mdot_h2: 15.01 g/s
Reynolds_number: 6,500,410
Stack prop output power: 338 kW, Pcomp: 31.6 kW
Cell efficiency: 0.293, Output efficiency: 0.254
mdot_h2: 8.94 g/s
Reynolds_number: 6,500,410
Stack prop output power: 445 kW, Pcomp: 41.7 kW
Cell efficiency: 0.293, Output efficiency: 0.254
mdot_h2: 11.78 g/s
Reynolds_number: 6,500,410
Stack prop output power: 455 kW, Pcomp: 42.6 kW
Cell efficiency: 0.293, Output efficiency: 0.254
mdot_h2: 12.04 g/s
Reynolds_number: 6,500,410
Stack prop output power: 456 kW, Pcomp: 42.7 kW
Cell efficiency: 0.293, Output efficiency: 0.254
mdot_h2: 12.07 g/s
Reynolds_number: 7,831,819
Stack prop output power: 676 kW, Pcomp: 6.4 kW
Cell efficiency: 0.254, Output efficiency: 0.239
mdot_h2: 19.03 g/s
Reynolds_number: 7,831,819
Stack prop output power: 1,029 kW, Pcomp: 9.7 kW
Cell efficiency: 0.254, Output efficiency: 0.239
mdot_h2: 28.95 g/s
Reynolds_number: 7,831,819
Stack prop output power: 1,032 kW, Pcomp: 9.7 kW
Cell efficiency: 0.254, Output efficiency: 0.239
mdot_h2: 29.05 g/s
Reynolds_number: 6,709,346
Stack prop output power: 670 kW, Pcomp: 5.8 kW
Cell efficiency: 0.305, Output efficiency: 0.287
mdot_h2: 15.72 g/s
Reynolds_number: 6,709,346
Stack prop output power: 1,020 kW, Pcomp: 8.9 kW
Cell efficiency: 0.305, Output efficiency: 0.287
mdot_h2: 23.93 g/s
Reynolds_number: 6,709,346
Stack prop output power: 1,023 kW, Pcomp: 8.9 kW
Cell efficiency: 0.305, Output efficiency: 0.287
mdot_h2: 24.00 g/s
Reynolds_number: 7,831,819
Stack prop output power: 422 kW, Pcomp: 39.6 kW
Cell efficiency: 0.294, Output efficiency: 0.255
mdot_h2: 11.12 g/s
Reynolds_number: 7,831,819
Stack prop output power: 556 kW, Pcomp: 52.1 kW
Cell efficiency: 0.294, Output efficiency: 0.255
mdot_h2: 14.64 g/s
Reynolds_number: 7,831,819
Stack prop output power: 568 kW, Pcomp: 53.3 kW
Cell efficiency: 0.294, Output efficiency: 0.255
mdot_h2: 14.97 g/s
Reynolds_number: 7,831,819
Stack prop output power: 570 kW, Pcomp: 53.4 kW
Cell efficiency: 0.294, Output efficiency: 0.255
mdot_h2: 15.01 g/s
Fuel-cell system mass representative phase: climb (P_fc_sys=2063.740 kW).

-----------------------
ptotal_climb: 2,745 kW, mtom_est: 11,136 kg, mtom: 10,297 kg, residual: +839.20 kg

MTOM update: newton_prebracket, relax=1.000 -> mtom_next=13,901.12 kg

======================================================
======================= ITER 6 =======================
Reynolds_number: 7,831,819
Stack prop output power: 570 kW, Pcomp: 53.4 kW
Cell efficiency: 0.294, Output efficiency: 0.255
mdot_h2: 15.01 g/s
Reynolds_number: 7,831,819
Stack prop output power: 750 kW, Pcomp: 70.4 kW
Cell efficiency: 0.294, Output efficiency: 0.255
mdot_h2: 19.77 g/s
Reynolds_number: 7,831,819
Stack prop output power: 767 kW, Pcomp: 72.0 kW
Cell efficiency: 0.294, Output efficiency: 0.255
mdot_h2: 20.22 g/s
Reynolds_number: 7,831,819
Stack prop output power: 769 kW, Pcomp: 72.1 kW
Cell efficiency: 0.294, Output efficiency: 0.255
mdot_h2: 20.26 g/s
Reynolds_number: 6,500,410
Stack prop output power: 456 kW, Pcomp: 42.7 kW
Cell efficiency: 0.293, Output efficiency: 0.254
mdot_h2: 12.07 g/s
Reynolds_number: 6,500,410
Stack prop output power: 600 kW, Pcomp: 56.3 kW
Cell efficiency: 0.293, Output efficiency: 0.254
mdot_h2: 15.90 g/s
Reynolds_number: 6,500,410
Stack prop output power: 614 kW, Pcomp: 57.5 kW
Cell efficiency: 0.293, Output efficiency: 0.254
mdot_h2: 16.26 g/s
Reynolds_number: 6,500,410
Stack prop output power: 615 kW, Pcomp: 57.7 kW
Cell efficiency: 0.293, Output efficiency: 0.254
mdot_h2: 16.29 g/s
Reynolds_number: 7,831,819
Stack prop output power: 913 kW, Pcomp: 8.6 kW
Cell efficiency: 0.254, Output efficiency: 0.239
mdot_h2: 25.69 g/s
Reynolds_number: 7,831,819
Stack prop output power: 1,389 kW, Pcomp: 13.0 kW
Cell efficiency: 0.254, Output efficiency: 0.239
mdot_h2: 39.09 g/s
Reynolds_number: 7,831,819
Stack prop output power: 1,393 kW, Pcomp: 13.1 kW
Cell efficiency: 0.254, Output efficiency: 0.239
mdot_h2: 39.21 g/s
Reynolds_number: 6,709,346
Stack prop output power: 905 kW, Pcomp: 7.9 kW
Cell efficiency: 0.305, Output efficiency: 0.287
mdot_h2: 21.22 g/s
Reynolds_number: 6,709,346
Stack prop output power: 1,377 kW, Pcomp: 12.0 kW
Cell efficiency: 0.305, Output efficiency: 0.287
mdot_h2: 32.30 g/s
Reynolds_number: 6,709,346
Stack prop output power: 1,382 kW, Pcomp: 12.0 kW
Cell efficiency: 0.305, Output efficiency: 0.287
mdot_h2: 32.40 g/s
Reynolds_number: 7,831,819
Stack prop output power: 570 kW, Pcomp: 53.4 kW
Cell efficiency: 0.294, Output efficiency: 0.255
mdot_h2: 15.01 g/s
Reynolds_number: 7,831,819
Stack prop output power: 750 kW, Pcomp: 70.4 kW
Cell efficiency: 0.294, Output efficiency: 0.255
mdot_h2: 19.77 g/s
Reynolds_number: 7,831,819
Stack prop output power: 767 kW, Pcomp: 72.0 kW
Cell efficiency: 0.294, Output efficiency: 0.255
mdot_h2: 20.22 g/s
Reynolds_number: 7,831,819
Stack prop output power: 769 kW, Pcomp: 72.1 kW
Cell efficiency: 0.294, Output efficiency: 0.255
mdot_h2: 20.26 g/s
Fuel-cell system mass representative phase: climb (P_fc_sys=2786.049 kW).

-----------------------
ptotal_climb: 3,706 kW, mtom_est: 13,912 kg, mtom: 13,901 kg, residual: +11.31 kg

MTOM update: newton_prebracket, relax=1.000 -> mtom_next=13,950.36 kg

======================================================
======================= ITER 7 =======================
Reynolds_number: 7,831,819
Stack prop output power: 769 kW, Pcomp: 72.1 kW
Cell efficiency: 0.294, Output efficiency: 0.255
mdot_h2: 20.26 g/s
Reynolds_number: 7,831,819
Stack prop output power: 771 kW, Pcomp: 72.4 kW
Cell efficiency: 0.294, Output efficiency: 0.255
mdot_h2: 20.33 g/s
Reynolds_number: 6,500,410
Stack prop output power: 615 kW, Pcomp: 57.7 kW
Cell efficiency: 0.293, Output efficiency: 0.254
mdot_h2: 16.29 g/s
Reynolds_number: 6,500,410
Stack prop output power: 617 kW, Pcomp: 57.9 kW
Cell efficiency: 0.293, Output efficiency: 0.254
mdot_h2: 16.35 g/s
Reynolds_number: 7,831,819
Stack prop output power: 1,391 kW, Pcomp: 13.1 kW
Cell efficiency: 0.254, Output efficiency: 0.239
mdot_h2: 39.17 g/s
Reynolds_number: 7,831,819
Stack prop output power: 1,398 kW, Pcomp: 13.1 kW
Cell efficiency: 0.254, Output efficiency: 0.239
mdot_h2: 39.35 g/s
Reynolds_number: 6,709,346
Stack prop output power: 1,380 kW, Pcomp: 12.0 kW
Cell efficiency: 0.305, Output efficiency: 0.287
mdot_h2: 32.36 g/s
Reynolds_number: 6,709,346
Stack prop output power: 1,386 kW, Pcomp: 12.1 kW
Cell efficiency: 0.305, Output efficiency: 0.287
mdot_h2: 32.51 g/s
Reynolds_number: 7,831,819
Stack prop output power: 769 kW, Pcomp: 72.1 kW
Cell efficiency: 0.294, Output efficiency: 0.255
mdot_h2: 20.26 g/s
Reynolds_number: 7,831,819
Stack prop output power: 771 kW, Pcomp: 72.4 kW
Cell efficiency: 0.294, Output efficiency: 0.255
mdot_h2: 20.33 g/s
Fuel-cell system mass representative phase: climb (P_fc_sys=2795.918 kW).

-----------------------
ptotal_climb: 3,719 kW, mtom_est: 14,441 kg, mtom: 13,950 kg, residual: +490.70 kg

MTOM update: fixed_point_fallback, relax=0.500 -> mtom_next=14,441.06 kg

======================================================
======================= ITER 8 =======================
Reynolds_number: 7,831,819
Stack prop output power: 772 kW, Pcomp: 72.4 kW
Cell efficiency: 0.294, Output efficiency: 0.255
mdot_h2: 20.33 g/s
Reynolds_number: 7,831,819
Stack prop output power: 796 kW, Pcomp: 74.7 kW
Cell efficiency: 0.294, Output efficiency: 0.255
mdot_h2: 20.98 g/s
Reynolds_number: 7,831,819
Stack prop output power: 799 kW, Pcomp: 74.9 kW
Cell efficiency: 0.294, Output efficiency: 0.255
mdot_h2: 21.04 g/s
Reynolds_number: 6,500,410
Stack prop output power: 617 kW, Pcomp: 57.9 kW
Cell efficiency: 0.293, Output efficiency: 0.254
mdot_h2: 16.35 g/s
Reynolds_number: 6,500,410
Stack prop output power: 637 kW, Pcomp: 59.7 kW
Cell efficiency: 0.293, Output efficiency: 0.254
mdot_h2: 16.87 g/s
Reynolds_number: 6,500,410
Stack prop output power: 639 kW, Pcomp: 59.9 kW
Cell efficiency: 0.293, Output efficiency: 0.254
mdot_h2: 16.92 g/s
Reynolds_number: 7,831,819
Stack prop output power: 1,382 kW, Pcomp: 13.0 kW
Cell efficiency: 0.254, Output efficiency: 0.239
mdot_h2: 38.90 g/s
Reynolds_number: 7,831,819
Stack prop output power: 1,447 kW, Pcomp: 13.6 kW
Cell efficiency: 0.254, Output efficiency: 0.239
mdot_h2: 40.72 g/s
Reynolds_number: 7,831,819
Stack prop output power: 1,447 kW, Pcomp: 13.6 kW
Cell efficiency: 0.254, Output efficiency: 0.239
mdot_h2: 40.74 g/s
Reynolds_number: 6,709,346
Stack prop output power: 1,370 kW, Pcomp: 11.9 kW
Cell efficiency: 0.305, Output efficiency: 0.287
mdot_h2: 32.13 g/s
Reynolds_number: 6,709,346
Stack prop output power: 1,435 kW, Pcomp: 12.5 kW
Cell efficiency: 0.305, Output efficiency: 0.287
mdot_h2: 33.64 g/s
Reynolds_number: 6,709,346
Stack prop output power: 1,435 kW, Pcomp: 12.5 kW
Cell efficiency: 0.305, Output efficiency: 0.287
mdot_h2: 33.66 g/s
Reynolds_number: 7,831,819
Stack prop output power: 772 kW, Pcomp: 72.4 kW
Cell efficiency: 0.294, Output efficiency: 0.255
mdot_h2: 20.33 g/s
Reynolds_number: 7,831,819
Stack prop output power: 796 kW, Pcomp: 74.7 kW
Cell efficiency: 0.294, Output efficiency: 0.255
mdot_h2: 20.98 g/s
Reynolds_number: 7,831,819
Stack prop output power: 799 kW, Pcomp: 74.9 kW
Cell efficiency: 0.294, Output efficiency: 0.255
mdot_h2: 21.04 g/s
Fuel-cell system mass representative phase: climb (P_fc_sys=2894.265 kW).

-----------------------
ptotal_climb: 3,850 kW, mtom_est: 14,927 kg, mtom: 14,441 kg, residual: +486.29 kg

MTOM update: newton_prebracket, relax=0.650 -> mtom_next=19,495.43 kg

======================================================
======================= ITER 9 =======================
Reynolds_number: 7,831,819
Stack prop output power: 799 kW, Pcomp: 74.9 kW
Cell efficiency: 0.294, Output efficiency: 0.255
mdot_h2: 21.05 g/s
Reynolds_number: 7,831,819
Stack prop output power: 1,052 kW, Pcomp: 98.7 kW
Cell efficiency: 0.294, Output efficiency: 0.255
mdot_h2: 27.72 g/s
Reynolds_number: 7,831,819
Stack prop output power: 1,076 kW, Pcomp: 100.9 kW
Cell efficiency: 0.294, Output efficiency: 0.255
mdot_h2: 28.35 g/s
Reynolds_number: 7,831,819
Stack prop output power: 1,078 kW, Pcomp: 101.1 kW
Cell efficiency: 0.294, Output efficiency: 0.255
mdot_h2: 28.41 g/s
Reynolds_number: 6,500,410
Stack prop output power: 639 kW, Pcomp: 59.9 kW
Cell efficiency: 0.293, Output efficiency: 0.254
mdot_h2: 16.93 g/s
Reynolds_number: 6,500,410
Stack prop output power: 842 kW, Pcomp: 78.9 kW
Cell efficiency: 0.293, Output efficiency: 0.254
mdot_h2: 22.29 g/s
Reynolds_number: 6,500,410
Stack prop output power: 861 kW, Pcomp: 80.7 kW
Cell efficiency: 0.293, Output efficiency: 0.254
mdot_h2: 22.80 g/s
Reynolds_number: 6,500,410
Stack prop output power: 863 kW, Pcomp: 80.9 kW
Cell efficiency: 0.293, Output efficiency: 0.254
mdot_h2: 22.84 g/s
Reynolds_number: 7,831,819
Stack prop output power: 1,280 kW, Pcomp: 12.0 kW
Cell efficiency: 0.254, Output efficiency: 0.239
mdot_h2: 36.03 g/s
Reynolds_number: 7,831,819
Traceback (most recent call last):
  File "/home/shoh95/Programming/HFCAD/app/main.py", line 4710, in <module>
    elapsed_time = main()
                   ^^^^^^
  File "/home/shoh95/Programming/HFCAD/app/main.py", line 4671, in main
    cfg_used, phases, mass, _trade_df = runner.run(out_dir=out_dir)
                                        ^^^^^^^^^^^^^^^^^^^^^^^^^^^
  File "/home/shoh95/Programming/HFCAD/app/main.py", line 2922, in run
    return self._run_min_combined_pw(out_dir=out_dir)
           ^^^^^^^^^^^^^^^^^^^^^^^^^^^^^^^^^^^^^^^^^^
  File "/home/shoh95/Programming/HFCAD/app/main.py", line 3064, in _run_min_combined_pw
    phases, mass = design.run()
                   ^^^^^^^^^^^^
  File "/home/shoh95/Programming/HFCAD/app/main.py", line 2390, in run
    phases["climb"] = self._phase_solver.solve(
                      ^^^^^^^^^^^^^^^^^^^^^^^^^
  File "/home/shoh95/Programming/HFCAD/app/main.py", line 1551, in solve
    nacelle = self._fc.size_nacelle(
              ^^^^^^^^^^^^^^^^^^^^^^
  File "/home/shoh95/Programming/HFCAD/app/main.py", line 1403, in size_nacelle
    geom_comp, power_comp_w, rho_humid_in, m_dot_comp = compressor_performance_model(
                                                        ^^^^^^^^^^^^^^^^^^^^^^^^^^^^^
  File "/home/shoh95/Programming/HFCAD/app/models/compressor_performance.py", line 100, in compressor_performance_model
    raise ValueError("Rotor outlet enthalpy too high. Reduce RPM!")
ValueError: Rotor outlet enthalpy too high. Reduce RPM!

[run_sweep] FAIL criteria: artifact not found or empty
[run_sweep] command exit: 1
[run_sweep] expected artifact: results/input_sweep_r17/h5000_M0.3_R2000km_PL700kg/ConvergedData.txt
[run_sweep] exit code: 1
