Auto-widening W/S scan window for min_combined_pw: 1900.0..2600.0 -> 1725.0..2775.0 Pa (factor 1.500, lower_hit=True, upper_hit=False, min_on_edge=False).
Auto-widening W/S scan window for min_combined_pw: 1725.0..2775.0 -> 1462.5..3037.5 Pa (factor 1.500, lower_hit=True, upper_hit=False, min_on_edge=True).
ADRpy minimum combined P/W remains on feasible W/S boundary (2312.5 Pa). Proceeding with current W/S range 1462.5..3037.5 Pa.
ADRpy constraint sizing (min_combined_pw): W/S=2312.5 Pa (235.81 kg/m^2), P/W_TO=0.19250 kW/kg, P/W_climb=0.19395 kW/kg, P/W_cruise=0.07290 kW/kg
Curve minimum (combined/combined): W/S=2312.5 Pa (235.81 kg/m^2), P/W=0.19395 kW/kg
Curve minimum (takeoff/take-off): W/S=1462.5 Pa (149.13 kg/m^2), P/W=0.10196 kW/kg
Curve minimum (climb/climb): W/S=2312.5 Pa (235.81 kg/m^2), P/W=0.19395 kW/kg
Curve minimum (cruise/cruise): W/S=2312.5 Pa (235.81 kg/m^2), P/W=0.07290 kW/kg
======================================================
======================= ITER 1 =======================
Reynolds_number: 7,831,819
Stack prop output power: 500 kW, Pcomp: 46.9 kW
Cell efficiency: 0.294, Output efficiency: 0.255
mdot_h2: 13.17 g/s
Reynolds_number: 7,831,819
Stack prop output power: 298 kW, Pcomp: 27.9 kW
Cell efficiency: 0.294, Output efficiency: 0.255
mdot_h2: 7.84 g/s
Reynolds_number: 7,831,819
Stack prop output power: 279 kW, Pcomp: 26.1 kW
Cell efficiency: 0.294, Output efficiency: 0.255
mdot_h2: 7.34 g/s
Reynolds_number: 7,831,819
Stack prop output power: 277 kW, Pcomp: 26.0 kW
Cell efficiency: 0.294, Output efficiency: 0.255
mdot_h2: 7.29 g/s
Reynolds_number: 6,500,410
Stack prop output power: 500 kW, Pcomp: 46.9 kW
Cell efficiency: 0.293, Output efficiency: 0.254
mdot_h2: 13.24 g/s
Reynolds_number: 6,500,410
Stack prop output power: 247 kW, Pcomp: 23.2 kW
Cell efficiency: 0.293, Output efficiency: 0.254
mdot_h2: 6.55 g/s
Reynolds_number: 6,500,410
Stack prop output power: 224 kW, Pcomp: 21.0 kW
Cell efficiency: 0.293, Output efficiency: 0.254
mdot_h2: 5.93 g/s
Reynolds_number: 6,500,410
Stack prop output power: 222 kW, Pcomp: 20.8 kW
Cell efficiency: 0.293, Output efficiency: 0.254
mdot_h2: 5.87 g/s
Reynolds_number: 7,831,819
Stack prop output power: 335 kW, Pcomp: 3.1 kW
Cell efficiency: 0.254, Output efficiency: 0.239
mdot_h2: 9.42 g/s
Reynolds_number: 7,831,819
Stack prop output power: 499 kW, Pcomp: 4.7 kW
Cell efficiency: 0.254, Output efficiency: 0.239
mdot_h2: 14.06 g/s
Reynolds_number: 7,831,819
Stack prop output power: 501 kW, Pcomp: 4.7 kW
Cell efficiency: 0.254, Output efficiency: 0.239
mdot_h2: 14.10 g/s
Reynolds_number: 6,709,346
Stack prop output power: 336 kW, Pcomp: 2.9 kW
Cell efficiency: 0.305, Output efficiency: 0.287
mdot_h2: 7.87 g/s
Reynolds_number: 6,709,346
Stack prop output power: 496 kW, Pcomp: 4.3 kW
Cell efficiency: 0.305, Output efficiency: 0.287
mdot_h2: 11.62 g/s
Reynolds_number: 6,709,346
Stack prop output power: 497 kW, Pcomp: 4.3 kW
Cell efficiency: 0.305, Output efficiency: 0.287
mdot_h2: 11.65 g/s
Reynolds_number: 7,831,819
Stack prop output power: 500 kW, Pcomp: 46.9 kW
Cell efficiency: 0.294, Output efficiency: 0.255
mdot_h2: 13.17 g/s
Reynolds_number: 7,831,819
Stack prop output power: 298 kW, Pcomp: 27.9 kW
Cell efficiency: 0.294, Output efficiency: 0.255
mdot_h2: 7.84 g/s
Reynolds_number: 7,831,819
Stack prop output power: 279 kW, Pcomp: 26.1 kW
Cell efficiency: 0.294, Output efficiency: 0.255
mdot_h2: 7.34 g/s
Reynolds_number: 7,831,819
Stack prop output power: 277 kW, Pcomp: 26.0 kW
Cell efficiency: 0.294, Output efficiency: 0.255
mdot_h2: 7.29 g/s
Fuel-cell system mass representative phase: climb (P_fc_sys=1002.095 kW).

-----------------------
ptotal_climb: 1,333 kW, mtom_est: 6,895 kg, mtom: 5,000 kg, residual: +1,895.39 kg

MTOM update: initial_bracket_probe_1, relax=1.000 -> mtom_next=5,325.00 kg

======================================================
======================= ITER 2 =======================
Reynolds_number: 7,831,819
Stack prop output power: 277 kW, Pcomp: 25.9 kW
Cell efficiency: 0.294, Output efficiency: 0.255
mdot_h2: 7.29 g/s
Reynolds_number: 7,831,819
Stack prop output power: 293 kW, Pcomp: 27.5 kW
Cell efficiency: 0.294, Output efficiency: 0.255
mdot_h2: 7.72 g/s
Reynolds_number: 7,831,819
Stack prop output power: 294 kW, Pcomp: 27.6 kW
Cell efficiency: 0.294, Output efficiency: 0.255
mdot_h2: 7.76 g/s
Reynolds_number: 6,500,410
Stack prop output power: 221 kW, Pcomp: 20.7 kW
Cell efficiency: 0.293, Output efficiency: 0.254
mdot_h2: 5.86 g/s
Reynolds_number: 6,500,410
Stack prop output power: 234 kW, Pcomp: 22.0 kW
Cell efficiency: 0.293, Output efficiency: 0.254
mdot_h2: 6.21 g/s
Reynolds_number: 6,500,410
Stack prop output power: 236 kW, Pcomp: 22.1 kW
Cell efficiency: 0.293, Output efficiency: 0.254
mdot_h2: 6.24 g/s
Reynolds_number: 7,831,819
Stack prop output power: 490 kW, Pcomp: 4.6 kW
Cell efficiency: 0.254, Output efficiency: 0.239
mdot_h2: 13.80 g/s
Reynolds_number: 7,831,819
Stack prop output power: 533 kW, Pcomp: 5.0 kW
Cell efficiency: 0.254, Output efficiency: 0.239
mdot_h2: 15.01 g/s
Reynolds_number: 6,709,346
Stack prop output power: 486 kW, Pcomp: 4.2 kW
Cell efficiency: 0.305, Output efficiency: 0.287
mdot_h2: 11.40 g/s
Reynolds_number: 6,709,346
Stack prop output power: 529 kW, Pcomp: 4.6 kW
Cell efficiency: 0.305, Output efficiency: 0.287
mdot_h2: 12.40 g/s
Reynolds_number: 7,831,819
Stack prop output power: 277 kW, Pcomp: 25.9 kW
Cell efficiency: 0.294, Output efficiency: 0.255
mdot_h2: 7.29 g/s
Reynolds_number: 7,831,819
Stack prop output power: 293 kW, Pcomp: 27.5 kW
Cell efficiency: 0.294, Output efficiency: 0.255
mdot_h2: 7.72 g/s
Reynolds_number: 7,831,819
Stack prop output power: 294 kW, Pcomp: 27.6 kW
Cell efficiency: 0.294, Output efficiency: 0.255
mdot_h2: 7.76 g/s
Fuel-cell system mass representative phase: climb (P_fc_sys=1067.224 kW).

-----------------------
ptotal_climb: 1,420 kW, mtom_est: 7,155 kg, mtom: 5,325 kg, residual: +1,830.36 kg

MTOM update: initial_bracket_probe_2, relax=1.000 -> mtom_next=5,650.00 kg

======================================================
======================= ITER 3 =======================
Reynolds_number: 7,831,819
Stack prop output power: 295 kW, Pcomp: 27.6 kW
Cell efficiency: 0.294, Output efficiency: 0.255
mdot_h2: 7.76 g/s
Reynolds_number: 7,831,819
Stack prop output power: 311 kW, Pcomp: 29.2 kW
Cell efficiency: 0.294, Output efficiency: 0.255
mdot_h2: 8.19 g/s
Reynolds_number: 7,831,819
Stack prop output power: 312 kW, Pcomp: 29.3 kW
Cell efficiency: 0.294, Output efficiency: 0.255
mdot_h2: 8.23 g/s
Reynolds_number: 6,500,410
Stack prop output power: 236 kW, Pcomp: 22.1 kW
Cell efficiency: 0.293, Output efficiency: 0.254
mdot_h2: 6.24 g/s
Reynolds_number: 6,500,410
Stack prop output power: 249 kW, Pcomp: 23.3 kW
Cell efficiency: 0.293, Output efficiency: 0.254
mdot_h2: 6.59 g/s
Reynolds_number: 6,500,410
Stack prop output power: 250 kW, Pcomp: 23.4 kW
Cell efficiency: 0.293, Output efficiency: 0.254
mdot_h2: 6.62 g/s
Reynolds_number: 7,831,819
Stack prop output power: 523 kW, Pcomp: 4.9 kW
Cell efficiency: 0.254, Output efficiency: 0.239
mdot_h2: 14.72 g/s
Reynolds_number: 7,831,819
Stack prop output power: 566 kW, Pcomp: 5.3 kW
Cell efficiency: 0.254, Output efficiency: 0.239
mdot_h2: 15.93 g/s
Reynolds_number: 6,709,346
Stack prop output power: 519 kW, Pcomp: 4.5 kW
Cell efficiency: 0.305, Output efficiency: 0.287
mdot_h2: 12.16 g/s
Reynolds_number: 6,709,346
Stack prop output power: 561 kW, Pcomp: 4.9 kW
Cell efficiency: 0.305, Output efficiency: 0.287
mdot_h2: 13.16 g/s
Reynolds_number: 7,831,819
Stack prop output power: 295 kW, Pcomp: 27.6 kW
Cell efficiency: 0.294, Output efficiency: 0.255
mdot_h2: 7.76 g/s
Reynolds_number: 7,831,819
Stack prop output power: 311 kW, Pcomp: 29.2 kW
Cell efficiency: 0.294, Output efficiency: 0.255
mdot_h2: 8.19 g/s
Reynolds_number: 7,831,819
Stack prop output power: 312 kW, Pcomp: 29.3 kW
Cell efficiency: 0.294, Output efficiency: 0.255
mdot_h2: 8.23 g/s
Fuel-cell system mass representative phase: climb (P_fc_sys=1132.360 kW).

-----------------------
ptotal_climb: 1,506 kW, mtom_est: 7,420 kg, mtom: 5,650 kg, residual: +1,770.30 kg

MTOM update: newton_prebracket, relax=1.000 -> mtom_next=7,627.50 kg

======================================================
======================= ITER 4 =======================
Reynolds_number: 7,831,819
Stack prop output power: 313 kW, Pcomp: 29.3 kW
Cell efficiency: 0.294, Output efficiency: 0.255
mdot_h2: 8.23 g/s
Reynolds_number: 7,831,819
Stack prop output power: 412 kW, Pcomp: 38.6 kW
Cell efficiency: 0.294, Output efficiency: 0.255
mdot_h2: 10.85 g/s
Reynolds_number: 7,831,819
Stack prop output power: 421 kW, Pcomp: 39.5 kW
Cell efficiency: 0.294, Output efficiency: 0.255
mdot_h2: 11.09 g/s
Reynolds_number: 7,831,819
Stack prop output power: 422 kW, Pcomp: 39.6 kW
Cell efficiency: 0.294, Output efficiency: 0.255
mdot_h2: 11.12 g/s
Reynolds_number: 6,500,410
Stack prop output power: 250 kW, Pcomp: 23.4 kW
Cell efficiency: 0.293, Output efficiency: 0.254
mdot_h2: 6.62 g/s
Reynolds_number: 6,500,410
Stack prop output power: 329 kW, Pcomp: 30.9 kW
Cell efficiency: 0.293, Output efficiency: 0.254
mdot_h2: 8.72 g/s
Reynolds_number: 6,500,410
Stack prop output power: 337 kW, Pcomp: 31.6 kW
Cell efficiency: 0.293, Output efficiency: 0.254
mdot_h2: 8.92 g/s
Reynolds_number: 6,500,410
Stack prop output power: 337 kW, Pcomp: 31.6 kW
Cell efficiency: 0.293, Output efficiency: 0.254
mdot_h2: 8.94 g/s
Reynolds_number: 7,831,819
Stack prop output power: 501 kW, Pcomp: 4.7 kW
Cell efficiency: 0.254, Output efficiency: 0.239
mdot_h2: 14.10 g/s
Reynolds_number: 7,831,819
Stack prop output power: 762 kW, Pcomp: 7.2 kW
Cell efficiency: 0.254, Output efficiency: 0.239
mdot_h2: 21.45 g/s
Reynolds_number: 7,831,819
Stack prop output power: 764 kW, Pcomp: 7.2 kW
Cell efficiency: 0.254, Output efficiency: 0.239
mdot_h2: 21.52 g/s
Reynolds_number: 6,709,346
Stack prop output power: 497 kW, Pcomp: 4.3 kW
Cell efficiency: 0.305, Output efficiency: 0.287
mdot_h2: 11.64 g/s
Reynolds_number: 6,709,346
Stack prop output power: 756 kW, Pcomp: 6.6 kW
Cell efficiency: 0.305, Output efficiency: 0.287
mdot_h2: 17.72 g/s
Reynolds_number: 6,709,346
Stack prop output power: 758 kW, Pcomp: 6.6 kW
Cell efficiency: 0.305, Output efficiency: 0.287
mdot_h2: 17.78 g/s
Reynolds_number: 7,831,819
Stack prop output power: 313 kW, Pcomp: 29.3 kW
Cell efficiency: 0.294, Output efficiency: 0.255
mdot_h2: 8.23 g/s
Reynolds_number: 7,831,819
Stack prop output power: 412 kW, Pcomp: 38.6 kW
Cell efficiency: 0.294, Output efficiency: 0.255
mdot_h2: 10.85 g/s
Reynolds_number: 7,831,819
Stack prop output power: 421 kW, Pcomp: 39.5 kW
Cell efficiency: 0.294, Output efficiency: 0.255
mdot_h2: 11.09 g/s
Reynolds_number: 7,831,819
Stack prop output power: 422 kW, Pcomp: 39.6 kW
Cell efficiency: 0.294, Output efficiency: 0.255
mdot_h2: 11.12 g/s
Fuel-cell system mass representative phase: climb (P_fc_sys=1528.696 kW).

-----------------------
ptotal_climb: 2,033 kW, mtom_est: 9,042 kg, mtom: 7,628 kg, residual: +1,414.45 kg

MTOM update: newton_prebracket, relax=1.000 -> mtom_next=10,297.12 kg

======================================================
======================= ITER 5 =======================
Reynolds_number: 7,831,819
Stack prop output power: 422 kW, Pcomp: 39.6 kW
Cell efficiency: 0.294, Output efficiency: 0.255
mdot_h2: 11.12 g/s
Reynolds_number: 7,831,819
Stack prop output power: 556 kW, Pcomp: 52.1 kW
Cell efficiency: 0.294, Output efficiency: 0.255
mdot_h2: 14.64 g/s
Reynolds_number: 7,831,819
Stack prop output power: 568 kW, Pcomp: 53.3 kW
Cell efficiency: 0.294, Output efficiency: 0.255
mdot_h2: 14.97 g/s
Reynolds_number: 7,831,819
Stack prop output power: 570 kW, Pcomp: 53.4 kW
Cell efficiency: 0.294, Output efficiency: 0.255
mdot_h2: 15.01 g/s
Reynolds_number: 6,500,410
Stack prop output power: 338 kW, Pcomp: 31.6 kW
Cell efficiency: 0.293, Output efficiency: 0.254
mdot_h2: 8.94 g/s
Reynolds_number: 6,500,410
Stack prop output power: 445 kW, Pcomp: 41.7 kW
Cell efficiency: 0.293, Output efficiency: 0.254
mdot_h2: 11.78 g/s
Reynolds_number: 6,500,410
Stack prop output power: 455 kW, Pcomp: 42.6 kW
Cell efficiency: 0.293, Output efficiency: 0.254
mdot_h2: 12.04 g/s
Reynolds_number: 6,500,410
Stack prop output power: 456 kW, Pcomp: 42.7 kW
Cell efficiency: 0.293, Output efficiency: 0.254
mdot_h2: 12.07 g/s
Reynolds_number: 7,831,819
Stack prop output power: 676 kW, Pcomp: 6.4 kW
Cell efficiency: 0.254, Output efficiency: 0.239
mdot_h2: 19.03 g/s
Reynolds_number: 7,831,819
Stack prop output power: 1,029 kW, Pcomp: 9.7 kW
Cell efficiency: 0.254, Output efficiency: 0.239
mdot_h2: 28.95 g/s
Reynolds_number: 7,831,819
Stack prop output power: 1,032 kW, Pcomp: 9.7 kW
Cell efficiency: 0.254, Output efficiency: 0.239
mdot_h2: 29.05 g/s
Reynolds_number: 6,709,346
Stack prop output power: 670 kW, Pcomp: 5.8 kW
Cell efficiency: 0.305, Output efficiency: 0.287
mdot_h2: 15.72 g/s
Reynolds_number: 6,709,346
Stack prop output power: 1,020 kW, Pcomp: 8.9 kW
Cell efficiency: 0.305, Output efficiency: 0.287
mdot_h2: 23.93 g/s
Reynolds_number: 6,709,346
Stack prop output power: 1,023 kW, Pcomp: 8.9 kW
Cell efficiency: 0.305, Output efficiency: 0.287
mdot_h2: 24.00 g/s
Reynolds_number: 7,831,819
Stack prop output power: 422 kW, Pcomp: 39.6 kW
Cell efficiency: 0.294, Output efficiency: 0.255
mdot_h2: 11.12 g/s
Reynolds_number: 7,831,819
Stack prop output power: 556 kW, Pcomp: 52.1 kW
Cell efficiency: 0.294, Output efficiency: 0.255
mdot_h2: 14.64 g/s
Reynolds_number: 7,831,819
Stack prop output power: 568 kW, Pcomp: 53.3 kW
Cell efficiency: 0.294, Output efficiency: 0.255
mdot_h2: 14.97 g/s
Reynolds_number: 7,831,819
Stack prop output power: 570 kW, Pcomp: 53.4 kW
Cell efficiency: 0.294, Output efficiency: 0.255
mdot_h2: 15.01 g/s
Fuel-cell system mass representative phase: climb (P_fc_sys=2063.740 kW).

-----------------------
ptotal_climb: 2,745 kW, mtom_est: 11,272 kg, mtom: 10,297 kg, residual: +974.66 kg

MTOM update: newton_prebracket, relax=1.000 -> mtom_next=13,901.12 kg

======================================================
======================= ITER 6 =======================
Reynolds_number: 7,831,819
Stack prop output power: 570 kW, Pcomp: 53.4 kW
Cell efficiency: 0.294, Output efficiency: 0.255
mdot_h2: 15.01 g/s
Reynolds_number: 7,831,819
Stack prop output power: 750 kW, Pcomp: 70.4 kW
Cell efficiency: 0.294, Output efficiency: 0.255
mdot_h2: 19.77 g/s
Reynolds_number: 7,831,819
Stack prop output power: 767 kW, Pcomp: 72.0 kW
Cell efficiency: 0.294, Output efficiency: 0.255
mdot_h2: 20.22 g/s
Reynolds_number: 7,831,819
Stack prop output power: 769 kW, Pcomp: 72.1 kW
Cell efficiency: 0.294, Output efficiency: 0.255
mdot_h2: 20.26 g/s
Reynolds_number: 6,500,410
Stack prop output power: 456 kW, Pcomp: 42.7 kW
Cell efficiency: 0.293, Output efficiency: 0.254
mdot_h2: 12.07 g/s
Reynolds_number: 6,500,410
Stack prop output power: 600 kW, Pcomp: 56.3 kW
Cell efficiency: 0.293, Output efficiency: 0.254
mdot_h2: 15.90 g/s
Reynolds_number: 6,500,410
Stack prop output power: 614 kW, Pcomp: 57.5 kW
Cell efficiency: 0.293, Output efficiency: 0.254
mdot_h2: 16.26 g/s
Reynolds_number: 6,500,410
Stack prop output power: 615 kW, Pcomp: 57.7 kW
Cell efficiency: 0.293, Output efficiency: 0.254
mdot_h2: 16.29 g/s
Reynolds_number: 7,831,819
Stack prop output power: 913 kW, Pcomp: 8.6 kW
Cell efficiency: 0.254, Output efficiency: 0.239
mdot_h2: 25.69 g/s
Reynolds_number: 7,831,819
Stack prop output power: 1,389 kW, Pcomp: 13.0 kW
Cell efficiency: 0.254, Output efficiency: 0.239
mdot_h2: 39.09 g/s
Reynolds_number: 7,831,819
Stack prop output power: 1,393 kW, Pcomp: 13.1 kW
Cell efficiency: 0.254, Output efficiency: 0.239
mdot_h2: 39.21 g/s
Reynolds_number: 6,709,346
Stack prop output power: 905 kW, Pcomp: 7.9 kW
Cell efficiency: 0.305, Output efficiency: 0.287
mdot_h2: 21.22 g/s
Reynolds_number: 6,709,346
Stack prop output power: 1,377 kW, Pcomp: 12.0 kW
Cell efficiency: 0.305, Output efficiency: 0.287
mdot_h2: 32.30 g/s
Reynolds_number: 6,709,346
Stack prop output power: 1,382 kW, Pcomp: 12.0 kW
Cell efficiency: 0.305, Output efficiency: 0.287
mdot_h2: 32.40 g/s
Reynolds_number: 7,831,819
Stack prop output power: 570 kW, Pcomp: 53.4 kW
Cell efficiency: 0.294, Output efficiency: 0.255
mdot_h2: 15.01 g/s
Reynolds_number: 7,831,819
Stack prop output power: 750 kW, Pcomp: 70.4 kW
Cell efficiency: 0.294, Output efficiency: 0.255
mdot_h2: 19.77 g/s
Reynolds_number: 7,831,819
Stack prop output power: 767 kW, Pcomp: 72.0 kW
Cell efficiency: 0.294, Output efficiency: 0.255
mdot_h2: 20.22 g/s
Reynolds_number: 7,831,819
Stack prop output power: 769 kW, Pcomp: 72.1 kW
Cell efficiency: 0.294, Output efficiency: 0.255
mdot_h2: 20.26 g/s
Fuel-cell system mass representative phase: climb (P_fc_sys=2786.049 kW).

-----------------------
ptotal_climb: 3,706 kW, mtom_est: 13,814 kg, mtom: 13,901 kg, residual: -87.20 kg

MTOM update: newton, relax=1.000 -> mtom_next=13,605.17 kg

======================================================
======================= ITER 7 =======================
Reynolds_number: 7,831,819
Stack prop output power: 769 kW, Pcomp: 72.1 kW
Cell efficiency: 0.294, Output efficiency: 0.255
mdot_h2: 20.26 g/s
Reynolds_number: 7,831,819
Stack prop output power: 754 kW, Pcomp: 70.7 kW
Cell efficiency: 0.294, Output efficiency: 0.255
mdot_h2: 19.87 g/s
Reynolds_number: 7,831,819
Stack prop output power: 753 kW, Pcomp: 70.6 kW
Cell efficiency: 0.294, Output efficiency: 0.255
mdot_h2: 19.83 g/s
Reynolds_number: 6,500,410
Stack prop output power: 615 kW, Pcomp: 57.7 kW
Cell efficiency: 0.293, Output efficiency: 0.254
mdot_h2: 16.29 g/s
Reynolds_number: 6,500,410
Stack prop output power: 603 kW, Pcomp: 56.6 kW
Cell efficiency: 0.293, Output efficiency: 0.254
mdot_h2: 15.98 g/s
Reynolds_number: 6,500,410
Stack prop output power: 602 kW, Pcomp: 56.5 kW
Cell efficiency: 0.293, Output efficiency: 0.254
mdot_h2: 15.95 g/s
Reynolds_number: 7,831,819
Stack prop output power: 1,403 kW, Pcomp: 13.2 kW
Cell efficiency: 0.254, Output efficiency: 0.239
mdot_h2: 39.49 g/s
Reynolds_number: 7,831,819
Stack prop output power: 1,364 kW, Pcomp: 12.8 kW
Cell efficiency: 0.254, Output efficiency: 0.239
mdot_h2: 38.39 g/s
Reynolds_number: 6,709,346
Stack prop output power: 1,391 kW, Pcomp: 12.1 kW
Cell efficiency: 0.305, Output efficiency: 0.287
mdot_h2: 32.63 g/s
Reynolds_number: 6,709,346
Stack prop output power: 1,353 kW, Pcomp: 11.8 kW
Cell efficiency: 0.305, Output efficiency: 0.287
mdot_h2: 31.72 g/s
Reynolds_number: 7,831,819
Stack prop output power: 769 kW, Pcomp: 72.1 kW
Cell efficiency: 0.294, Output efficiency: 0.255
mdot_h2: 20.26 g/s
Reynolds_number: 7,831,819
Stack prop output power: 754 kW, Pcomp: 70.7 kW
Cell efficiency: 0.294, Output efficiency: 0.255
mdot_h2: 19.87 g/s
Reynolds_number: 7,831,819
Stack prop output power: 753 kW, Pcomp: 70.6 kW
Cell efficiency: 0.294, Output efficiency: 0.255
mdot_h2: 19.83 g/s
Fuel-cell system mass representative phase: climb (P_fc_sys=2726.744 kW).

-----------------------
ptotal_climb: 3,627 kW, mtom_est: 14,076 kg, mtom: 13,605 kg, residual: +470.91 kg

MTOM update: newton, relax=0.500 -> mtom_next=13,730.03 kg

======================================================
======================= ITER 8 =======================
Reynolds_number: 7,831,819
Stack prop output power: 753 kW, Pcomp: 70.6 kW
Cell efficiency: 0.294, Output efficiency: 0.255
mdot_h2: 19.83 g/s
Reynolds_number: 7,831,819
Stack prop output power: 759 kW, Pcomp: 71.2 kW
Cell efficiency: 0.294, Output efficiency: 0.255
mdot_h2: 20.00 g/s
Reynolds_number: 7,831,819
Stack prop output power: 759 kW, Pcomp: 71.2 kW
Cell efficiency: 0.294, Output efficiency: 0.255
mdot_h2: 20.01 g/s
Reynolds_number: 6,500,410
Stack prop output power: 602 kW, Pcomp: 56.5 kW
Cell efficiency: 0.293, Output efficiency: 0.254
mdot_h2: 15.95 g/s
Reynolds_number: 6,500,410
Stack prop output power: 607 kW, Pcomp: 56.9 kW
Cell efficiency: 0.293, Output efficiency: 0.254
mdot_h2: 16.08 g/s
Reynolds_number: 7,831,819
Stack prop output power: 1,359 kW, Pcomp: 12.8 kW
Cell efficiency: 0.254, Output efficiency: 0.239
mdot_h2: 38.26 g/s
Reynolds_number: 7,831,819
Stack prop output power: 1,376 kW, Pcomp: 12.9 kW
Cell efficiency: 0.254, Output efficiency: 0.239
mdot_h2: 38.73 g/s
Reynolds_number: 6,709,346
Stack prop output power: 1,348 kW, Pcomp: 11.7 kW
Cell efficiency: 0.305, Output efficiency: 0.287
mdot_h2: 31.61 g/s
Reynolds_number: 6,709,346
Stack prop output power: 1,364 kW, Pcomp: 11.9 kW
Cell efficiency: 0.305, Output efficiency: 0.287
mdot_h2: 32.00 g/s
Reynolds_number: 7,831,819
Stack prop output power: 753 kW, Pcomp: 70.6 kW
Cell efficiency: 0.294, Output efficiency: 0.255
mdot_h2: 19.83 g/s
Reynolds_number: 7,831,819
Stack prop output power: 759 kW, Pcomp: 71.2 kW
Cell efficiency: 0.294, Output efficiency: 0.255
mdot_h2: 20.00 g/s
Reynolds_number: 7,831,819
Stack prop output power: 759 kW, Pcomp: 71.2 kW
Cell efficiency: 0.294, Output efficiency: 0.255
mdot_h2: 20.01 g/s
Fuel-cell system mass representative phase: climb (P_fc_sys=2751.757 kW).

-----------------------
ptotal_climb: 3,660 kW, mtom_est: 14,182 kg, mtom: 13,730 kg, residual: +451.98 kg

MTOM update: regula_falsi, relax=0.650 -> mtom_next=13,873.45 kg

======================================================
======================= ITER 9 =======================
Reynolds_number: 7,831,819
Stack prop output power: 760 kW, Pcomp: 71.2 kW
Cell efficiency: 0.294, Output efficiency: 0.255
mdot_h2: 20.01 g/s
Reynolds_number: 7,831,819
Stack prop output power: 767 kW, Pcomp: 71.9 kW
Cell efficiency: 0.294, Output efficiency: 0.255
mdot_h2: 20.20 g/s
Reynolds_number: 7,831,819
Stack prop output power: 767 kW, Pcomp: 72.0 kW
Cell efficiency: 0.294, Output efficiency: 0.255
mdot_h2: 20.22 g/s
Reynolds_number: 6,500,410
Stack prop output power: 608 kW, Pcomp: 57.0 kW
Cell efficiency: 0.293, Output efficiency: 0.254
mdot_h2: 16.09 g/s
Reynolds_number: 6,500,410
Stack prop output power: 613 kW, Pcomp: 57.5 kW
Cell efficiency: 0.293, Output efficiency: 0.254
mdot_h2: 16.24 g/s
Reynolds_number: 6,500,410
Stack prop output power: 614 kW, Pcomp: 57.6 kW
Cell efficiency: 0.293, Output efficiency: 0.254
mdot_h2: 16.26 g/s
Reynolds_number: 7,831,819
Stack prop output power: 1,371 kW, Pcomp: 12.9 kW
Cell efficiency: 0.254, Output efficiency: 0.239
mdot_h2: 38.60 g/s
Reynolds_number: 7,831,819
Stack prop output power: 1,390 kW, Pcomp: 13.1 kW
Cell efficiency: 0.254, Output efficiency: 0.239
mdot_h2: 39.13 g/s
Reynolds_number: 6,709,346
Stack prop output power: 1,360 kW, Pcomp: 11.8 kW
Cell efficiency: 0.305, Output efficiency: 0.287
mdot_h2: 31.89 g/s
Reynolds_number: 6,709,346
Stack prop output power: 1,379 kW, Pcomp: 12.0 kW
Cell efficiency: 0.305, Output efficiency: 0.287
mdot_h2: 32.33 g/s
Reynolds_number: 7,831,819
Stack prop output power: 760 kW, Pcomp: 71.2 kW
Cell efficiency: 0.294, Output efficiency: 0.255
mdot_h2: 20.01 g/s
Reynolds_number: 7,831,819
Stack prop output power: 767 kW, Pcomp: 71.9 kW
Cell efficiency: 0.294, Output efficiency: 0.255
mdot_h2: 20.20 g/s
Reynolds_number: 7,831,819
Stack prop output power: 767 kW, Pcomp: 72.0 kW
Cell efficiency: 0.294, Output efficiency: 0.255
mdot_h2: 20.22 g/s
Fuel-cell system mass representative phase: climb (P_fc_sys=2780.501 kW).

-----------------------
ptotal_climb: 3,699 kW, mtom_est: 14,305 kg, mtom: 13,873 kg, residual: +431.98 kg

MTOM update: regula_falsi, relax=0.845 -> mtom_next=13,896.47 kg

======================================================
======================= ITER 10 =======================
Reynolds_number: 7,831,819
Stack prop output power: 767 kW, Pcomp: 72.0 kW
Cell efficiency: 0.294, Output efficiency: 0.255
mdot_h2: 20.22 g/s
Reynolds_number: 7,831,819
Stack prop output power: 769 kW, Pcomp: 72.1 kW
Cell efficiency: 0.294, Output efficiency: 0.255
mdot_h2: 20.25 g/s
Reynolds_number: 6,500,410
Stack prop output power: 614 kW, Pcomp: 57.6 kW
Cell efficiency: 0.293, Output efficiency: 0.254
mdot_h2: 16.26 g/s
Reynolds_number: 6,500,410
Stack prop output power: 615 kW, Pcomp: 57.6 kW
Cell efficiency: 0.293, Output efficiency: 0.254
mdot_h2: 16.28 g/s
Reynolds_number: 7,831,819
Stack prop output power: 1,389 kW, Pcomp: 13.1 kW
Cell efficiency: 0.254, Output efficiency: 0.239
mdot_h2: 39.11 g/s
Reynolds_number: 7,831,819
Stack prop output power: 1,393 kW, Pcomp: 13.1 kW
Cell efficiency: 0.254, Output efficiency: 0.239
mdot_h2: 39.20 g/s
Reynolds_number: 6,709,346
Stack prop output power: 1,378 kW, Pcomp: 12.0 kW
Cell efficiency: 0.305, Output efficiency: 0.287
mdot_h2: 32.32 g/s
Reynolds_number: 6,709,346
Stack prop output power: 1,381 kW, Pcomp: 12.0 kW
Cell efficiency: 0.305, Output efficiency: 0.287
mdot_h2: 32.39 g/s
Reynolds_number: 7,831,819
Stack prop output power: 767 kW, Pcomp: 72.0 kW
Cell efficiency: 0.294, Output efficiency: 0.255
mdot_h2: 20.22 g/s
Reynolds_number: 7,831,819
Stack prop output power: 769 kW, Pcomp: 72.1 kW
Cell efficiency: 0.294, Output efficiency: 0.255
mdot_h2: 20.25 g/s
Fuel-cell system mass representative phase: climb (P_fc_sys=2785.118 kW).

-----------------------
ptotal_climb: 3,705 kW, mtom_est: 14,324 kg, mtom: 13,896 kg, residual: +427.69 kg

MTOM update: regula_falsi, relax=1.000 -> mtom_next=13,900.33 kg

======================================================
======================= ITER 11 =======================
Reynolds_number: 7,831,819
Stack prop output power: 769 kW, Pcomp: 72.1 kW
Cell efficiency: 0.294, Output efficiency: 0.255
mdot_h2: 20.25 g/s
Reynolds_number: 6,500,410
Stack prop output power: 615 kW, Pcomp: 57.7 kW
Cell efficiency: 0.293, Output efficiency: 0.254
mdot_h2: 16.29 g/s
Reynolds_number: 7,831,819
Stack prop output power: 1,392 kW, Pcomp: 13.1 kW
Cell efficiency: 0.254, Output efficiency: 0.239
mdot_h2: 39.20 g/s
Reynolds_number: 7,831,819
Stack prop output power: 1,393 kW, Pcomp: 13.1 kW
Cell efficiency: 0.254, Output efficiency: 0.239
mdot_h2: 39.21 g/s
Reynolds_number: 6,709,346
Stack prop output power: 1,381 kW, Pcomp: 12.0 kW
Cell efficiency: 0.305, Output efficiency: 0.287
mdot_h2: 32.38 g/s
Reynolds_number: 6,709,346
Stack prop output power: 1,382 kW, Pcomp: 12.0 kW
Cell efficiency: 0.305, Output efficiency: 0.287
mdot_h2: 32.40 g/s
Reynolds_number: 7,831,819
Stack prop output power: 769 kW, Pcomp: 72.1 kW
Cell efficiency: 0.294, Output efficiency: 0.255
mdot_h2: 20.25 g/s
Fuel-cell system mass representative phase: climb (P_fc_sys=2785.892 kW).

-----------------------
ptotal_climb: 3,706 kW, mtom_est: 14,341 kg, mtom: 13,900 kg, residual: +441.05 kg

MTOM update: regula_falsi, relax=0.500 -> mtom_next=13,900.99 kg

======================================================
======================= ITER 12 =======================
Reynolds_number: 7,831,819
Stack prop output power: 769 kW, Pcomp: 72.1 kW
Cell efficiency: 0.294, Output efficiency: 0.255
mdot_h2: 20.26 g/s
Reynolds_number: 6,500,410
Stack prop output power: 615 kW, Pcomp: 57.7 kW
Cell efficiency: 0.293, Output efficiency: 0.254
mdot_h2: 16.29 g/s
Reynolds_number: 7,831,819
Stack prop output power: 1,393 kW, Pcomp: 13.1 kW
Cell efficiency: 0.254, Output efficiency: 0.239
mdot_h2: 39.21 g/s
Reynolds_number: 6,709,346
Stack prop output power: 1,382 kW, Pcomp: 12.0 kW
Cell efficiency: 0.305, Output efficiency: 0.287
mdot_h2: 32.40 g/s
Reynolds_number: 7,831,819
Stack prop output power: 769 kW, Pcomp: 72.1 kW
Cell efficiency: 0.294, Output efficiency: 0.255
mdot_h2: 20.26 g/s
Fuel-cell system mass representative phase: climb (P_fc_sys=2786.022 kW).

-----------------------
ptotal_climb: 3,706 kW, mtom_est: 14,328 kg, mtom: 13,901 kg, residual: +426.79 kg

MTOM update: regula_falsi, relax=0.650 -> mtom_next=13,901.10 kg

======================================================
======================= ITER 13 =======================
Reynolds_number: 7,831,819
Stack prop output power: 769 kW, Pcomp: 72.1 kW
Cell efficiency: 0.294, Output efficiency: 0.255
mdot_h2: 20.26 g/s
Reynolds_number: 6,500,410
Stack prop output power: 615 kW, Pcomp: 57.7 kW
Cell efficiency: 0.293, Output efficiency: 0.254
mdot_h2: 16.29 g/s
Reynolds_number: 7,831,819
Stack prop output power: 1,393 kW, Pcomp: 13.1 kW
Cell efficiency: 0.254, Output efficiency: 0.239
mdot_h2: 39.21 g/s
Reynolds_number: 6,709,346
Stack prop output power: 1,382 kW, Pcomp: 12.0 kW
Cell efficiency: 0.305, Output efficiency: 0.287
mdot_h2: 32.40 g/s
Reynolds_number: 7,831,819
Stack prop output power: 769 kW, Pcomp: 72.1 kW
Cell efficiency: 0.294, Output efficiency: 0.255
mdot_h2: 20.26 g/s
Fuel-cell system mass representative phase: climb (P_fc_sys=2786.045 kW).

-----------------------
ptotal_climb: 3,706 kW, mtom_est: 14,343 kg, mtom: 13,901 kg, residual: +441.58 kg

MTOM update: bisection(clamped), relax=0.325 -> mtom_next=13,901.11 kg

======================================================
======================= ITER 14 =======================
Reynolds_number: 7,831,819
Stack prop output power: 769 kW, Pcomp: 72.1 kW
Cell efficiency: 0.294, Output efficiency: 0.255
mdot_h2: 20.26 g/s
Reynolds_number: 6,500,410
Stack prop output power: 615 kW, Pcomp: 57.7 kW
Cell efficiency: 0.293, Output efficiency: 0.254
mdot_h2: 16.29 g/s
Reynolds_number: 7,831,819
Stack prop output power: 1,393 kW, Pcomp: 13.1 kW
Cell efficiency: 0.254, Output efficiency: 0.239
mdot_h2: 39.21 g/s
Reynolds_number: 6,709,346
Stack prop output power: 1,382 kW, Pcomp: 12.0 kW
Cell efficiency: 0.305, Output efficiency: 0.287
mdot_h2: 32.40 g/s
Reynolds_number: 7,831,819
Stack prop output power: 769 kW, Pcomp: 72.1 kW
Cell efficiency: 0.294, Output efficiency: 0.255
mdot_h2: 20.26 g/s
Fuel-cell system mass representative phase: climb (P_fc_sys=2786.048 kW).

-----------------------
ptotal_climb: 3,706 kW, mtom_est: 14,328 kg, mtom: 13,901 kg, residual: +427.24 kg

MTOM update: bisection(clamped), relax=0.423 -> mtom_next=13,901.11 kg

======================================================
======================= ITER 15 =======================
Reynolds_number: 7,831,819
Stack prop output power: 769 kW, Pcomp: 72.1 kW
Cell efficiency: 0.294, Output efficiency: 0.255
mdot_h2: 20.26 g/s
Reynolds_number: 6,500,410
Stack prop output power: 615 kW, Pcomp: 57.7 kW
Cell efficiency: 0.293, Output efficiency: 0.254
mdot_h2: 16.29 g/s
Reynolds_number: 7,831,819
Stack prop output power: 1,393 kW, Pcomp: 13.1 kW
Cell efficiency: 0.254, Output efficiency: 0.239
mdot_h2: 39.21 g/s
Reynolds_number: 6,709,346
Stack prop output power: 1,382 kW, Pcomp: 12.0 kW
Cell efficiency: 0.305, Output efficiency: 0.287
mdot_h2: 32.40 g/s
Reynolds_number: 7,831,819
Stack prop output power: 769 kW, Pcomp: 72.1 kW
Cell efficiency: 0.294, Output efficiency: 0.255
mdot_h2: 20.26 g/s
Fuel-cell system mass representative phase: climb (P_fc_sys=2786.049 kW).

-----------------------
ptotal_climb: 3,706 kW, mtom_est: 14,328 kg, mtom: 13,901 kg, residual: +427.25 kg

MTOM update: bisection(clamped), relax=0.211 -> mtom_next=13,901.12 kg

======================================================
======================= ITER 16 =======================
Reynolds_number: 7,831,819
Stack prop output power: 769 kW, Pcomp: 72.1 kW
Cell efficiency: 0.294, Output efficiency: 0.255
mdot_h2: 20.26 g/s
Reynolds_number: 6,500,410
Stack prop output power: 615 kW, Pcomp: 57.7 kW
Cell efficiency: 0.293, Output efficiency: 0.254
mdot_h2: 16.29 g/s
Reynolds_number: 7,831,819
Stack prop output power: 1,393 kW, Pcomp: 13.1 kW
Cell efficiency: 0.254, Output efficiency: 0.239
mdot_h2: 39.21 g/s
Reynolds_number: 6,709,346
Stack prop output power: 1,382 kW, Pcomp: 12.0 kW
Cell efficiency: 0.305, Output efficiency: 0.287
mdot_h2: 32.40 g/s
Reynolds_number: 7,831,819
Stack prop output power: 769 kW, Pcomp: 72.1 kW
Cell efficiency: 0.294, Output efficiency: 0.255
mdot_h2: 20.26 g/s
Fuel-cell system mass representative phase: climb (P_fc_sys=2786.049 kW).

-----------------------
ptotal_climb: 3,706 kW, mtom_est: 14,343 kg, mtom: 13,901 kg, residual: +441.66 kg

MTOM update: bracket_reset_fixed_point, relax=0.106 -> mtom_next=14,342.78 kg

======================================================
======================= ITER 17 =======================
Reynolds_number: 7,831,819
Stack prop output power: 769 kW, Pcomp: 72.1 kW
Cell efficiency: 0.294, Output efficiency: 0.255
mdot_h2: 20.26 g/s
Reynolds_number: 7,831,819
Stack prop output power: 791 kW, Pcomp: 74.2 kW
Cell efficiency: 0.294, Output efficiency: 0.255
mdot_h2: 20.84 g/s
Reynolds_number: 7,831,819
Stack prop output power: 793 kW, Pcomp: 74.4 kW
Cell efficiency: 0.294, Output efficiency: 0.255
mdot_h2: 20.90 g/s
Reynolds_number: 6,500,410
Stack prop output power: 615 kW, Pcomp: 57.7 kW
Cell efficiency: 0.293, Output efficiency: 0.254
mdot_h2: 16.29 g/s
Reynolds_number: 6,500,410
Stack prop output power: 633 kW, Pcomp: 59.3 kW
Cell efficiency: 0.293, Output efficiency: 0.254
mdot_h2: 16.76 g/s
Reynolds_number: 6,500,410
Stack prop output power: 635 kW, Pcomp: 59.5 kW
Cell efficiency: 0.293, Output efficiency: 0.254
mdot_h2: 16.81 g/s
Reynolds_number: 7,831,819
Stack prop output power: 1,378 kW, Pcomp: 13.0 kW
Cell efficiency: 0.254, Output efficiency: 0.239
mdot_h2: 38.80 g/s
Reynolds_number: 7,831,819
Stack prop output power: 1,437 kW, Pcomp: 13.5 kW
Cell efficiency: 0.254, Output efficiency: 0.239
mdot_h2: 40.44 g/s
Reynolds_number: 7,831,819
Stack prop output power: 1,437 kW, Pcomp: 13.5 kW
Cell efficiency: 0.254, Output efficiency: 0.239
mdot_h2: 40.46 g/s
Reynolds_number: 6,709,346
Stack prop output power: 1,367 kW, Pcomp: 11.9 kW
Cell efficiency: 0.305, Output efficiency: 0.287
mdot_h2: 32.06 g/s
Reynolds_number: 6,709,346
Stack prop output power: 1,425 kW, Pcomp: 12.4 kW
Cell efficiency: 0.305, Output efficiency: 0.287
mdot_h2: 33.42 g/s
Reynolds_number: 6,709,346
Stack prop output power: 1,426 kW, Pcomp: 12.4 kW
Cell efficiency: 0.305, Output efficiency: 0.287
mdot_h2: 33.43 g/s
Reynolds_number: 7,831,819
Stack prop output power: 769 kW, Pcomp: 72.1 kW
Cell efficiency: 0.294, Output efficiency: 0.255
mdot_h2: 20.26 g/s
Reynolds_number: 7,831,819
Stack prop output power: 791 kW, Pcomp: 74.2 kW
Cell efficiency: 0.294, Output efficiency: 0.255
mdot_h2: 20.84 g/s
Reynolds_number: 7,831,819
Stack prop output power: 793 kW, Pcomp: 74.4 kW
Cell efficiency: 0.294, Output efficiency: 0.255
mdot_h2: 20.90 g/s
Fuel-cell system mass representative phase: climb (P_fc_sys=2874.566 kW).

-----------------------
ptotal_climb: 3,824 kW, mtom_est: 14,710 kg, mtom: 14,343 kg, residual: +367.71 kg

MTOM update: fixed_point_prebracket, relax=0.137 -> mtom_next=14,710.49 kg

======================================================
======================= ITER 18 =======================
Reynolds_number: 7,831,819
Stack prop output power: 793 kW, Pcomp: 74.4 kW
Cell efficiency: 0.294, Output efficiency: 0.255
mdot_h2: 20.90 g/s
Reynolds_number: 7,831,819
Stack prop output power: 812 kW, Pcomp: 76.1 kW
Cell efficiency: 0.294, Output efficiency: 0.255
mdot_h2: 21.39 g/s
Reynolds_number: 7,831,819
Stack prop output power: 814 kW, Pcomp: 76.3 kW
Cell efficiency: 0.294, Output efficiency: 0.255
mdot_h2: 21.44 g/s
Reynolds_number: 6,500,410
Stack prop output power: 635 kW, Pcomp: 59.5 kW
Cell efficiency: 0.293, Output efficiency: 0.254
mdot_h2: 16.81 g/s
Reynolds_number: 6,500,410
Stack prop output power: 649 kW, Pcomp: 60.9 kW
Cell efficiency: 0.293, Output efficiency: 0.254
mdot_h2: 17.20 g/s
Reynolds_number: 6,500,410
Stack prop output power: 651 kW, Pcomp: 61.0 kW
Cell efficiency: 0.293, Output efficiency: 0.254
mdot_h2: 17.24 g/s
Reynolds_number: 7,831,819
Stack prop output power: 1,425 kW, Pcomp: 13.4 kW
Cell efficiency: 0.254, Output efficiency: 0.239
mdot_h2: 40.12 g/s
Reynolds_number: 7,831,819
Stack prop output power: 1,474 kW, Pcomp: 13.8 kW
Cell efficiency: 0.254, Output efficiency: 0.239
mdot_h2: 41.48 g/s
Reynolds_number: 6,709,346
Stack prop output power: 1,413 kW, Pcomp: 12.3 kW
Cell efficiency: 0.305, Output efficiency: 0.287
mdot_h2: 33.14 g/s
Reynolds_number: 6,709,346
Stack prop output power: 1,462 kW, Pcomp: 12.7 kW
Cell efficiency: 0.305, Output efficiency: 0.287
mdot_h2: 34.27 g/s
Reynolds_number: 7,831,819
Stack prop output power: 793 kW, Pcomp: 74.4 kW
Cell efficiency: 0.294, Output efficiency: 0.255
mdot_h2: 20.90 g/s
Reynolds_number: 7,831,819
Stack prop output power: 812 kW, Pcomp: 76.1 kW
Cell efficiency: 0.294, Output efficiency: 0.255
mdot_h2: 21.39 g/s
Reynolds_number: 7,831,819
Stack prop output power: 814 kW, Pcomp: 76.3 kW
Cell efficiency: 0.294, Output efficiency: 0.255
mdot_h2: 21.44 g/s
Fuel-cell system mass representative phase: climb (P_fc_sys=2948.255 kW).

-----------------------
ptotal_climb: 3,922 kW, mtom_est: 15,027 kg, mtom: 14,710 kg, residual: +316.65 kg

MTOM update: fixed_point_prebracket, relax=0.179 -> mtom_next=15,027.14 kg

======================================================
======================= ITER 19 =======================
Reynolds_number: 7,831,819
Stack prop output power: 814 kW, Pcomp: 76.3 kW
Cell efficiency: 0.294, Output efficiency: 0.255
mdot_h2: 21.44 g/s
Reynolds_number: 7,831,819
Stack prop output power: 830 kW, Pcomp: 77.8 kW
Cell efficiency: 0.294, Output efficiency: 0.255
mdot_h2: 21.86 g/s
Reynolds_number: 7,831,819
Stack prop output power: 831 kW, Pcomp: 78.0 kW
Cell efficiency: 0.294, Output efficiency: 0.255
mdot_h2: 21.90 g/s
Reynolds_number: 6,500,410
Stack prop output power: 651 kW, Pcomp: 61.0 kW
Cell efficiency: 0.293, Output efficiency: 0.254
mdot_h2: 17.24 g/s
Reynolds_number: 6,500,410
Stack prop output power: 664 kW, Pcomp: 62.2 kW
Cell efficiency: 0.293, Output efficiency: 0.254
mdot_h2: 17.58 g/s
Reynolds_number: 6,500,410
Stack prop output power: 665 kW, Pcomp: 62.3 kW
Cell efficiency: 0.293, Output efficiency: 0.254
mdot_h2: 17.61 g/s
Reynolds_number: 7,831,819
Stack prop output power: 1,464 kW, Pcomp: 13.8 kW
Cell efficiency: 0.254, Output efficiency: 0.239
mdot_h2: 41.20 g/s
Reynolds_number: 7,831,819
Stack prop output power: 1,505 kW, Pcomp: 14.1 kW
Cell efficiency: 0.254, Output efficiency: 0.239
mdot_h2: 42.38 g/s
Reynolds_number: 6,709,346
Stack prop output power: 1,452 kW, Pcomp: 12.6 kW
Cell efficiency: 0.305, Output efficiency: 0.287
mdot_h2: 34.04 g/s
Reynolds_number: 6,709,346
Stack prop output power: 1,493 kW, Pcomp: 13.0 kW
Cell efficiency: 0.305, Output efficiency: 0.287
mdot_h2: 35.01 g/s
Reynolds_number: 7,831,819
Stack prop output power: 814 kW, Pcomp: 76.3 kW
Cell efficiency: 0.294, Output efficiency: 0.255
mdot_h2: 21.44 g/s
Reynolds_number: 7,831,819
Stack prop output power: 830 kW, Pcomp: 77.8 kW
Cell efficiency: 0.294, Output efficiency: 0.255
mdot_h2: 21.86 g/s
Reynolds_number: 7,831,819
Stack prop output power: 831 kW, Pcomp: 78.0 kW
Cell efficiency: 0.294, Output efficiency: 0.255
mdot_h2: 21.90 g/s
Fuel-cell system mass representative phase: climb (P_fc_sys=3011.719 kW).

-----------------------
ptotal_climb: 4,006 kW, mtom_est: 15,301 kg, mtom: 15,027 kg, residual: +273.78 kg

MTOM update: newton_prebracket, relax=0.232 -> mtom_next=15,496.37 kg

======================================================
======================= ITER 20 =======================
Reynolds_number: 7,831,819
Stack prop output power: 831 kW, Pcomp: 78.0 kW
Cell efficiency: 0.294, Output efficiency: 0.255
mdot_h2: 21.90 g/s
Reynolds_number: 7,831,819
Stack prop output power: 855 kW, Pcomp: 80.2 kW
Cell efficiency: 0.294, Output efficiency: 0.255
mdot_h2: 22.52 g/s
Reynolds_number: 7,831,819
Stack prop output power: 857 kW, Pcomp: 80.4 kW
Cell efficiency: 0.294, Output efficiency: 0.255
mdot_h2: 22.58 g/s
Reynolds_number: 6,500,410
Stack prop output power: 665 kW, Pcomp: 62.3 kW
Cell efficiency: 0.293, Output efficiency: 0.254
mdot_h2: 17.61 g/s
Reynolds_number: 6,500,410
Stack prop output power: 684 kW, Pcomp: 64.1 kW
Cell efficiency: 0.293, Output efficiency: 0.254
mdot_h2: 18.11 g/s
Reynolds_number: 6,500,410
Stack prop output power: 686 kW, Pcomp: 64.3 kW
Cell efficiency: 0.293, Output efficiency: 0.254
mdot_h2: 18.16 g/s
Reynolds_number: 7,831,819
Stack prop output power: 1,490 kW, Pcomp: 14.0 kW
Cell efficiency: 0.254, Output efficiency: 0.239
mdot_h2: 41.95 g/s
Reynolds_number: 7,831,819
Stack prop output power: 1,552 kW, Pcomp: 14.6 kW
Cell efficiency: 0.254, Output efficiency: 0.239
mdot_h2: 43.70 g/s
Reynolds_number: 7,831,819
Stack prop output power: 1,553 kW, Pcomp: 14.6 kW
Cell efficiency: 0.254, Output efficiency: 0.239
mdot_h2: 43.71 g/s
Reynolds_number: 6,709,346
Stack prop output power: 1,478 kW, Pcomp: 12.9 kW
Cell efficiency: 0.305, Output efficiency: 0.287
mdot_h2: 34.66 g/s
Reynolds_number: 6,709,346
Stack prop output power: 1,540 kW, Pcomp: 13.4 kW
Cell efficiency: 0.305, Output efficiency: 0.287
mdot_h2: 36.10 g/s
Reynolds_number: 6,709,346
Stack prop output power: 1,540 kW, Pcomp: 13.4 kW
Cell efficiency: 0.305, Output efficiency: 0.287
mdot_h2: 36.12 g/s
Reynolds_number: 7,831,819
Stack prop output power: 831 kW, Pcomp: 78.0 kW
Cell efficiency: 0.294, Output efficiency: 0.255
mdot_h2: 21.90 g/s
Reynolds_number: 7,831,819
Stack prop output power: 855 kW, Pcomp: 80.2 kW
Cell efficiency: 0.294, Output efficiency: 0.255
mdot_h2: 22.52 g/s
Reynolds_number: 7,831,819
Stack prop output power: 857 kW, Pcomp: 80.4 kW
Cell efficiency: 0.294, Output efficiency: 0.255
mdot_h2: 22.58 g/s
Fuel-cell system mass representative phase: climb (P_fc_sys=3105.769 kW).

-----------------------
ptotal_climb: 4,131 kW, mtom_est: 15,044 kg, mtom: 15,496 kg, residual: -452.56 kg

MTOM update: newton, relax=0.116 -> mtom_next=15,462.45 kg

======================================================
======================= ITER 21 =======================
Reynolds_number: 7,831,819
Stack prop output power: 857 kW, Pcomp: 80.4 kW
Cell efficiency: 0.294, Output efficiency: 0.255
mdot_h2: 22.59 g/s
Reynolds_number: 7,831,819
Stack prop output power: 856 kW, Pcomp: 80.2 kW
Cell efficiency: 0.294, Output efficiency: 0.255
mdot_h2: 22.54 g/s
Reynolds_number: 6,500,410
Stack prop output power: 686 kW, Pcomp: 64.3 kW
Cell efficiency: 0.293, Output efficiency: 0.254
mdot_h2: 18.16 g/s
Reynolds_number: 6,500,410
Stack prop output power: 684 kW, Pcomp: 64.2 kW
Cell efficiency: 0.293, Output efficiency: 0.254
mdot_h2: 18.13 g/s
Reynolds_number: 7,831,819
Stack prop output power: 1,554 kW, Pcomp: 14.6 kW
Cell efficiency: 0.254, Output efficiency: 0.239
mdot_h2: 43.75 g/s
Reynolds_number: 7,831,819
Stack prop output power: 1,550 kW, Pcomp: 14.6 kW
Cell efficiency: 0.254, Output efficiency: 0.239
mdot_h2: 43.62 g/s
Reynolds_number: 6,709,346
Stack prop output power: 1,541 kW, Pcomp: 13.4 kW
Cell efficiency: 0.305, Output efficiency: 0.287
mdot_h2: 36.14 g/s
Reynolds_number: 6,709,346
Stack prop output power: 1,537 kW, Pcomp: 13.4 kW
Cell efficiency: 0.305, Output efficiency: 0.287
mdot_h2: 36.04 g/s
Reynolds_number: 7,831,819
Stack prop output power: 857 kW, Pcomp: 80.4 kW
Cell efficiency: 0.294, Output efficiency: 0.255
mdot_h2: 22.59 g/s
Reynolds_number: 7,831,819
Stack prop output power: 856 kW, Pcomp: 80.2 kW
Cell efficiency: 0.294, Output efficiency: 0.255
mdot_h2: 22.54 g/s
Fuel-cell system mass representative phase: climb (P_fc_sys=3098.971 kW).

-----------------------
ptotal_climb: 4,122 kW, mtom_est: 15,019 kg, mtom: 15,462 kg, residual: -443.43 kg

MTOM update: newton, relax=0.151 -> mtom_next=15,214.05 kg

======================================================
======================= ITER 22 =======================
Reynolds_number: 7,831,819
Stack prop output power: 855 kW, Pcomp: 80.2 kW
Cell efficiency: 0.294, Output efficiency: 0.255
mdot_h2: 22.54 g/s
Reynolds_number: 7,831,819
Stack prop output power: 843 kW, Pcomp: 79.1 kW
Cell efficiency: 0.294, Output efficiency: 0.255
mdot_h2: 22.21 g/s
Reynolds_number: 7,831,819
Stack prop output power: 842 kW, Pcomp: 78.9 kW
Cell efficiency: 0.294, Output efficiency: 0.255
mdot_h2: 22.18 g/s
Reynolds_number: 6,500,410
Stack prop output power: 684 kW, Pcomp: 64.2 kW
Cell efficiency: 0.293, Output efficiency: 0.254
mdot_h2: 18.12 g/s
Reynolds_number: 6,500,410
Stack prop output power: 674 kW, Pcomp: 63.2 kW
Cell efficiency: 0.293, Output efficiency: 0.254
mdot_h2: 17.86 g/s
Reynolds_number: 6,500,410
Stack prop output power: 673 kW, Pcomp: 63.1 kW
Cell efficiency: 0.293, Output efficiency: 0.254
mdot_h2: 17.83 g/s
Reynolds_number: 7,831,819
Stack prop output power: 1,558 kW, Pcomp: 14.6 kW
Cell efficiency: 0.254, Output efficiency: 0.239
mdot_h2: 43.85 g/s
Reynolds_number: 7,831,819
Stack prop output power: 1,525 kW, Pcomp: 14.3 kW
Cell efficiency: 0.254, Output efficiency: 0.239
mdot_h2: 42.93 g/s
Reynolds_number: 6,709,346
Stack prop output power: 1,545 kW, Pcomp: 13.5 kW
Cell efficiency: 0.305, Output efficiency: 0.287
mdot_h2: 36.23 g/s
Reynolds_number: 6,709,346
Stack prop output power: 1,512 kW, Pcomp: 13.2 kW
Cell efficiency: 0.305, Output efficiency: 0.287
mdot_h2: 35.46 g/s
Reynolds_number: 7,831,819
Stack prop output power: 855 kW, Pcomp: 80.2 kW
Cell efficiency: 0.294, Output efficiency: 0.255
mdot_h2: 22.54 g/s
Reynolds_number: 7,831,819
Stack prop output power: 843 kW, Pcomp: 79.1 kW
Cell efficiency: 0.294, Output efficiency: 0.255
mdot_h2: 22.21 g/s
Reynolds_number: 7,831,819
Stack prop output power: 842 kW, Pcomp: 78.9 kW
Cell efficiency: 0.294, Output efficiency: 0.255
mdot_h2: 22.18 g/s
Fuel-cell system mass representative phase: climb (P_fc_sys=3049.193 kW).

-----------------------
ptotal_climb: 4,056 kW, mtom_est: 15,467 kg, mtom: 15,214 kg, residual: +252.60 kg

MTOM update: newton, relax=0.196 -> mtom_next=15,231.73 kg

======================================================
======================= ITER 23 =======================
Reynolds_number: 7,831,819
Stack prop output power: 842 kW, Pcomp: 78.9 kW
Cell efficiency: 0.294, Output efficiency: 0.255
mdot_h2: 22.18 g/s
Reynolds_number: 7,831,819
Stack prop output power: 843 kW, Pcomp: 79.0 kW
Cell efficiency: 0.294, Output efficiency: 0.255
mdot_h2: 22.20 g/s
Reynolds_number: 6,500,410
Stack prop output power: 673 kW, Pcomp: 63.1 kW
Cell efficiency: 0.293, Output efficiency: 0.254
mdot_h2: 17.83 g/s
Reynolds_number: 6,500,410
Stack prop output power: 674 kW, Pcomp: 63.2 kW
Cell efficiency: 0.293, Output efficiency: 0.254
mdot_h2: 17.85 g/s
Reynolds_number: 7,831,819
Stack prop output power: 1,524 kW, Pcomp: 14.3 kW
Cell efficiency: 0.254, Output efficiency: 0.239
mdot_h2: 42.90 g/s
Reynolds_number: 7,831,819
Stack prop output power: 1,526 kW, Pcomp: 14.3 kW
Cell efficiency: 0.254, Output efficiency: 0.239
mdot_h2: 42.97 g/s
Reynolds_number: 6,709,346
Stack prop output power: 1,512 kW, Pcomp: 13.2 kW
Cell efficiency: 0.305, Output efficiency: 0.287
mdot_h2: 35.44 g/s
Reynolds_number: 6,709,346
Stack prop output power: 1,514 kW, Pcomp: 13.2 kW
Cell efficiency: 0.305, Output efficiency: 0.287
mdot_h2: 35.50 g/s
Reynolds_number: 7,831,819
Stack prop output power: 842 kW, Pcomp: 78.9 kW
Cell efficiency: 0.294, Output efficiency: 0.255
mdot_h2: 22.18 g/s
Reynolds_number: 7,831,819
Stack prop output power: 843 kW, Pcomp: 79.0 kW
Cell efficiency: 0.294, Output efficiency: 0.255
mdot_h2: 22.20 g/s
Fuel-cell system mass representative phase: climb (P_fc_sys=3052.729 kW).

-----------------------
ptotal_climb: 4,061 kW, mtom_est: 15,481 kg, mtom: 15,232 kg, residual: +249.68 kg

MTOM update: regula_falsi, relax=0.255 -> mtom_next=15,314.84 kg

======================================================
======================= ITER 24 =======================
Reynolds_number: 7,831,819
Stack prop output power: 843 kW, Pcomp: 79.0 kW
Cell efficiency: 0.294, Output efficiency: 0.255
mdot_h2: 22.20 g/s
Reynolds_number: 7,831,819
Stack prop output power: 847 kW, Pcomp: 79.4 kW
Cell efficiency: 0.294, Output efficiency: 0.255
mdot_h2: 22.31 g/s
Reynolds_number: 6,500,410
Stack prop output power: 674 kW, Pcomp: 63.2 kW
Cell efficiency: 0.293, Output efficiency: 0.254
mdot_h2: 17.85 g/s
Reynolds_number: 6,500,410
Stack prop output power: 677 kW, Pcomp: 63.5 kW
Cell efficiency: 0.293, Output efficiency: 0.254
mdot_h2: 17.94 g/s
Reynolds_number: 7,831,819
Stack prop output power: 1,524 kW, Pcomp: 14.3 kW
Cell efficiency: 0.254, Output efficiency: 0.239
mdot_h2: 42.89 g/s
Reynolds_number: 7,831,819
Stack prop output power: 1,535 kW, Pcomp: 14.4 kW
Cell efficiency: 0.254, Output efficiency: 0.239
mdot_h2: 43.20 g/s
Reynolds_number: 6,709,346
Stack prop output power: 1,511 kW, Pcomp: 13.2 kW
Cell efficiency: 0.305, Output efficiency: 0.287
mdot_h2: 35.43 g/s
Reynolds_number: 6,709,346
Stack prop output power: 1,522 kW, Pcomp: 13.3 kW
Cell efficiency: 0.305, Output efficiency: 0.287
mdot_h2: 35.69 g/s
Reynolds_number: 7,831,819
Stack prop output power: 843 kW, Pcomp: 79.0 kW
Cell efficiency: 0.294, Output efficiency: 0.255
mdot_h2: 22.20 g/s
Reynolds_number: 7,831,819
Stack prop output power: 847 kW, Pcomp: 79.4 kW
Cell efficiency: 0.294, Output efficiency: 0.255
mdot_h2: 22.31 g/s
Fuel-cell system mass representative phase: climb (P_fc_sys=3069.385 kW).

-----------------------
ptotal_climb: 4,083 kW, mtom_est: 15,570 kg, mtom: 15,315 kg, residual: +254.98 kg

MTOM update: regula_falsi, relax=0.127 -> mtom_next=15,368.73 kg

======================================================
======================= ITER 25 =======================
Reynolds_number: 7,831,819
Stack prop output power: 847 kW, Pcomp: 79.5 kW
Cell efficiency: 0.294, Output efficiency: 0.255
mdot_h2: 22.32 g/s
Reynolds_number: 7,831,819
Stack prop output power: 850 kW, Pcomp: 79.7 kW
Cell efficiency: 0.294, Output efficiency: 0.255
mdot_h2: 22.39 g/s
Reynolds_number: 6,500,410
Stack prop output power: 678 kW, Pcomp: 63.5 kW
Cell efficiency: 0.293, Output efficiency: 0.254
mdot_h2: 17.95 g/s
Reynolds_number: 6,500,410
Stack prop output power: 680 kW, Pcomp: 63.7 kW
Cell efficiency: 0.293, Output efficiency: 0.254
mdot_h2: 18.01 g/s
Reynolds_number: 7,831,819
Stack prop output power: 1,533 kW, Pcomp: 14.4 kW
Cell efficiency: 0.254, Output efficiency: 0.239
mdot_h2: 43.15 g/s
Reynolds_number: 7,831,819
Stack prop output power: 1,540 kW, Pcomp: 14.5 kW
Cell efficiency: 0.254, Output efficiency: 0.239
mdot_h2: 43.35 g/s
Reynolds_number: 6,709,346
Stack prop output power: 1,520 kW, Pcomp: 13.2 kW
Cell efficiency: 0.305, Output efficiency: 0.287
mdot_h2: 35.65 g/s
Reynolds_number: 6,709,346
Stack prop output power: 1,527 kW, Pcomp: 13.3 kW
Cell efficiency: 0.305, Output efficiency: 0.287
mdot_h2: 35.82 g/s
Reynolds_number: 7,831,819
Stack prop output power: 847 kW, Pcomp: 79.5 kW
Cell efficiency: 0.294, Output efficiency: 0.255
mdot_h2: 22.32 g/s
Reynolds_number: 7,831,819
Stack prop output power: 850 kW, Pcomp: 79.7 kW
Cell efficiency: 0.294, Output efficiency: 0.255
mdot_h2: 22.39 g/s
Fuel-cell system mass representative phase: climb (P_fc_sys=3080.186 kW).

-----------------------
ptotal_climb: 4,097 kW, mtom_est: 15,598 kg, mtom: 15,369 kg, residual: +229.60 kg

MTOM update: newton, relax=0.166 -> mtom_next=15,449.54 kg

======================================================
======================= ITER 26 =======================
Reynolds_number: 7,831,819
Stack prop output power: 850 kW, Pcomp: 79.7 kW
Cell efficiency: 0.294, Output efficiency: 0.255
mdot_h2: 22.40 g/s
Reynolds_number: 7,831,819
Stack prop output power: 854 kW, Pcomp: 80.1 kW
Cell efficiency: 0.294, Output efficiency: 0.255
mdot_h2: 22.51 g/s
Reynolds_number: 6,500,410
Stack prop output power: 680 kW, Pcomp: 63.8 kW
Cell efficiency: 0.293, Output efficiency: 0.254
mdot_h2: 18.01 g/s
Reynolds_number: 6,500,410
Stack prop output power: 683 kW, Pcomp: 64.1 kW
Cell efficiency: 0.293, Output efficiency: 0.254
mdot_h2: 18.10 g/s
Reynolds_number: 7,831,819
Stack prop output power: 1,537 kW, Pcomp: 14.4 kW
Cell efficiency: 0.254, Output efficiency: 0.239
mdot_h2: 43.28 g/s
Reynolds_number: 7,831,819
Stack prop output power: 1,548 kW, Pcomp: 14.5 kW
Cell efficiency: 0.254, Output efficiency: 0.239
mdot_h2: 43.58 g/s
Reynolds_number: 6,709,346
Stack prop output power: 1,525 kW, Pcomp: 13.3 kW
Cell efficiency: 0.305, Output efficiency: 0.287
mdot_h2: 35.76 g/s
Reynolds_number: 6,709,346
Stack prop output power: 1,535 kW, Pcomp: 13.4 kW
Cell efficiency: 0.305, Output efficiency: 0.287
mdot_h2: 36.00 g/s
Reynolds_number: 7,831,819
Stack prop output power: 850 kW, Pcomp: 79.7 kW
Cell efficiency: 0.294, Output efficiency: 0.255
mdot_h2: 22.40 g/s
Reynolds_number: 7,831,819
Stack prop output power: 854 kW, Pcomp: 80.1 kW
Cell efficiency: 0.294, Output efficiency: 0.255
mdot_h2: 22.51 g/s
Fuel-cell system mass representative phase: climb (P_fc_sys=3096.381 kW).

-----------------------
ptotal_climb: 4,119 kW, mtom_est: 15,668 kg, mtom: 15,450 kg, residual: +218.26 kg

MTOM update: regula_falsi, relax=0.215 -> mtom_next=15,453.80 kg

======================================================
======================= ITER 27 =======================
Reynolds_number: 7,831,819
Stack prop output power: 855 kW, Pcomp: 80.2 kW
Cell efficiency: 0.294, Output efficiency: 0.255
mdot_h2: 22.52 g/s
Reynolds_number: 6,500,410
Stack prop output power: 684 kW, Pcomp: 64.1 kW
Cell efficiency: 0.293, Output efficiency: 0.254
mdot_h2: 18.11 g/s
Reynolds_number: 7,831,819
Stack prop output power: 1,548 kW, Pcomp: 14.5 kW
Cell efficiency: 0.254, Output efficiency: 0.239
mdot_h2: 43.58 g/s
Reynolds_number: 7,831,819
Stack prop output power: 1,549 kW, Pcomp: 14.5 kW
Cell efficiency: 0.254, Output efficiency: 0.239
mdot_h2: 43.59 g/s
Reynolds_number: 6,709,346
Stack prop output power: 1,535 kW, Pcomp: 13.4 kW
Cell efficiency: 0.305, Output efficiency: 0.287
mdot_h2: 36.00 g/s
Reynolds_number: 6,709,346
Stack prop output power: 1,536 kW, Pcomp: 13.4 kW
Cell efficiency: 0.305, Output efficiency: 0.287
mdot_h2: 36.02 g/s
Reynolds_number: 7,831,819
Stack prop output power: 855 kW, Pcomp: 80.2 kW
Cell efficiency: 0.294, Output efficiency: 0.255
mdot_h2: 22.52 g/s
Fuel-cell system mass representative phase: climb (P_fc_sys=3097.236 kW).

-----------------------
ptotal_climb: 4,120 kW, mtom_est: 15,030 kg, mtom: 15,454 kg, residual: -424.10 kg

MTOM update: newton, relax=0.108 -> mtom_next=15,453.49 kg

======================================================
======================= ITER 28 =======================
Reynolds_number: 7,831,819
Stack prop output power: 855 kW, Pcomp: 80.2 kW
Cell efficiency: 0.294, Output efficiency: 0.255
mdot_h2: 22.52 g/s
Reynolds_number: 6,500,410
Stack prop output power: 684 kW, Pcomp: 64.1 kW
Cell efficiency: 0.293, Output efficiency: 0.254
mdot_h2: 18.11 g/s
Reynolds_number: 7,831,819
Stack prop output power: 1,549 kW, Pcomp: 14.5 kW
Cell efficiency: 0.254, Output efficiency: 0.239
mdot_h2: 43.59 g/s
Reynolds_number: 6,709,346
Stack prop output power: 1,536 kW, Pcomp: 13.4 kW
Cell efficiency: 0.305, Output efficiency: 0.287
mdot_h2: 36.02 g/s
Reynolds_number: 7,831,819
Stack prop output power: 855 kW, Pcomp: 80.2 kW
Cell efficiency: 0.294, Output efficiency: 0.255
mdot_h2: 22.52 g/s
Fuel-cell system mass representative phase: climb (P_fc_sys=3097.176 kW).

-----------------------
ptotal_climb: 4,120 kW, mtom_est: 15,675 kg, mtom: 15,453 kg, residual: +221.72 kg

MTOM update: newton, relax=0.140 -> mtom_next=15,453.59 kg

======================================================
======================= ITER 29 =======================
Reynolds_number: 7,831,819
Stack prop output power: 855 kW, Pcomp: 80.2 kW
Cell efficiency: 0.294, Output efficiency: 0.255
mdot_h2: 22.52 g/s
Reynolds_number: 6,500,410
Stack prop output power: 684 kW, Pcomp: 64.1 kW
Cell efficiency: 0.293, Output efficiency: 0.254
mdot_h2: 18.11 g/s
Reynolds_number: 7,831,819
Stack prop output power: 1,549 kW, Pcomp: 14.5 kW
Cell efficiency: 0.254, Output efficiency: 0.239
mdot_h2: 43.59 g/s
Reynolds_number: 6,709,346
Stack prop output power: 1,536 kW, Pcomp: 13.4 kW
Cell efficiency: 0.305, Output efficiency: 0.287
mdot_h2: 36.02 g/s
Reynolds_number: 7,831,819
Stack prop output power: 855 kW, Pcomp: 80.2 kW
Cell efficiency: 0.294, Output efficiency: 0.255
mdot_h2: 22.52 g/s
Fuel-cell system mass representative phase: climb (P_fc_sys=3097.195 kW).

-----------------------
ptotal_climb: 4,120 kW, mtom_est: 15,010 kg, mtom: 15,454 kg, residual: -443.91 kg

MTOM update: newton, relax=0.070 -> mtom_next=15,453.49 kg

======================================================
======================= ITER 30 =======================
Reynolds_number: 7,831,819
Stack prop output power: 855 kW, Pcomp: 80.2 kW
Cell efficiency: 0.294, Output efficiency: 0.255
mdot_h2: 22.52 g/s
Reynolds_number: 6,500,410
Stack prop output power: 684 kW, Pcomp: 64.1 kW
Cell efficiency: 0.293, Output efficiency: 0.254
mdot_h2: 18.11 g/s
Reynolds_number: 7,831,819
Stack prop output power: 1,549 kW, Pcomp: 14.5 kW
Cell efficiency: 0.254, Output efficiency: 0.239
mdot_h2: 43.59 g/s
Reynolds_number: 6,709,346
Stack prop output power: 1,536 kW, Pcomp: 13.4 kW
Cell efficiency: 0.305, Output efficiency: 0.287
mdot_h2: 36.02 g/s
Reynolds_number: 7,831,819
Stack prop output power: 855 kW, Pcomp: 80.2 kW
Cell efficiency: 0.294, Output efficiency: 0.255
mdot_h2: 22.52 g/s
Fuel-cell system mass representative phase: climb (P_fc_sys=3097.176 kW).

-----------------------
ptotal_climb: 4,120 kW, mtom_est: 15,691 kg, mtom: 15,453 kg, residual: +237.70 kg

MTOM update: newton, relax=0.091 -> mtom_next=15,453.59 kg

======================================================
======================= ITER 31 =======================
Reynolds_number: 7,831,819
Stack prop output power: 855 kW, Pcomp: 80.2 kW
Cell efficiency: 0.294, Output efficiency: 0.255
mdot_h2: 22.52 g/s
Reynolds_number: 6,500,410
Stack prop output power: 684 kW, Pcomp: 64.1 kW
Cell efficiency: 0.293, Output efficiency: 0.254
mdot_h2: 18.11 g/s
Reynolds_number: 7,831,819
Stack prop output power: 1,549 kW, Pcomp: 14.5 kW
Cell efficiency: 0.254, Output efficiency: 0.239
mdot_h2: 43.59 g/s
Reynolds_number: 6,709,346
Stack prop output power: 1,536 kW, Pcomp: 13.4 kW
Cell efficiency: 0.305, Output efficiency: 0.287
mdot_h2: 36.02 g/s
Reynolds_number: 7,831,819
Stack prop output power: 855 kW, Pcomp: 80.2 kW
Cell efficiency: 0.294, Output efficiency: 0.255
mdot_h2: 22.52 g/s
Fuel-cell system mass representative phase: climb (P_fc_sys=3097.195 kW).

-----------------------
ptotal_climb: 4,120 kW, mtom_est: 15,673 kg, mtom: 15,454 kg, residual: +219.18 kg

MTOM update: bisection(clamped), relax=0.118 -> mtom_next=15,453.59 kg

======================================================
======================= ITER 32 =======================
Reynolds_number: 7,831,819
Stack prop output power: 855 kW, Pcomp: 80.2 kW
Cell efficiency: 0.294, Output efficiency: 0.255
mdot_h2: 22.52 g/s
Reynolds_number: 6,500,410
Stack prop output power: 684 kW, Pcomp: 64.1 kW
Cell efficiency: 0.293, Output efficiency: 0.254
mdot_h2: 18.11 g/s
Reynolds_number: 7,831,819
Stack prop output power: 1,549 kW, Pcomp: 14.5 kW
Cell efficiency: 0.254, Output efficiency: 0.239
mdot_h2: 43.59 g/s
Reynolds_number: 6,709,346
Stack prop output power: 1,536 kW, Pcomp: 13.4 kW
Cell efficiency: 0.305, Output efficiency: 0.287
mdot_h2: 36.02 g/s
Reynolds_number: 7,831,819
Stack prop output power: 855 kW, Pcomp: 80.2 kW
Cell efficiency: 0.294, Output efficiency: 0.255
mdot_h2: 22.52 g/s
Fuel-cell system mass representative phase: climb (P_fc_sys=3097.196 kW).

-----------------------
ptotal_climb: 4,120 kW, mtom_est: 15,691 kg, mtom: 15,454 kg, residual: +237.62 kg

MTOM update: bisection(clamped), relax=0.059 -> mtom_next=15,453.59 kg

======================================================
======================= ITER 33 =======================
Reynolds_number: 7,831,819
Stack prop output power: 855 kW, Pcomp: 80.2 kW
Cell efficiency: 0.294, Output efficiency: 0.255
mdot_h2: 22.52 g/s
Reynolds_number: 6,500,410
Stack prop output power: 684 kW, Pcomp: 64.1 kW
Cell efficiency: 0.293, Output efficiency: 0.254
mdot_h2: 18.11 g/s
Reynolds_number: 7,831,819
Stack prop output power: 1,549 kW, Pcomp: 14.5 kW
Cell efficiency: 0.254, Output efficiency: 0.239
mdot_h2: 43.59 g/s
Reynolds_number: 6,709,346
Stack prop output power: 1,536 kW, Pcomp: 13.4 kW
Cell efficiency: 0.305, Output efficiency: 0.287
mdot_h2: 36.02 g/s
Reynolds_number: 7,831,819
Stack prop output power: 855 kW, Pcomp: 80.2 kW
Cell efficiency: 0.294, Output efficiency: 0.255
mdot_h2: 22.52 g/s
Fuel-cell system mass representative phase: climb (P_fc_sys=3097.196 kW).

-----------------------
ptotal_climb: 4,120 kW, mtom_est: 15,673 kg, mtom: 15,454 kg, residual: +219.24 kg

MTOM update: bisection(clamped), relax=0.077 -> mtom_next=15,453.59 kg

======================================================
======================= ITER 34 =======================
Reynolds_number: 7,831,819
Stack prop output power: 855 kW, Pcomp: 80.2 kW
Cell efficiency: 0.294, Output efficiency: 0.255
mdot_h2: 22.52 g/s
Reynolds_number: 6,500,410
Stack prop output power: 684 kW, Pcomp: 64.1 kW
Cell efficiency: 0.293, Output efficiency: 0.254
mdot_h2: 18.11 g/s
Reynolds_number: 7,831,819
Stack prop output power: 1,549 kW, Pcomp: 14.5 kW
Cell efficiency: 0.254, Output efficiency: 0.239
mdot_h2: 43.59 g/s
Reynolds_number: 6,709,346
Stack prop output power: 1,536 kW, Pcomp: 13.4 kW
Cell efficiency: 0.305, Output efficiency: 0.287
mdot_h2: 36.02 g/s
Reynolds_number: 7,831,819
Stack prop output power: 855 kW, Pcomp: 80.2 kW
Cell efficiency: 0.294, Output efficiency: 0.255
mdot_h2: 22.52 g/s
Fuel-cell system mass representative phase: climb (P_fc_sys=3097.196 kW).

-----------------------
ptotal_climb: 4,120 kW, mtom_est: 15,673 kg, mtom: 15,454 kg, residual: +219.24 kg

MTOM update: bracket_reset_fixed_point, relax=0.100 -> mtom_next=15,672.83 kg

======================================================
======================= ITER 35 =======================
Reynolds_number: 7,831,819
Stack prop output power: 855 kW, Pcomp: 80.2 kW
Cell efficiency: 0.294, Output efficiency: 0.255
mdot_h2: 22.52 g/s
Reynolds_number: 7,831,819
Stack prop output power: 866 kW, Pcomp: 81.2 kW
Cell efficiency: 0.294, Output efficiency: 0.255
mdot_h2: 22.81 g/s
Reynolds_number: 7,831,819
Stack prop output power: 867 kW, Pcomp: 81.3 kW
Cell efficiency: 0.294, Output efficiency: 0.255
mdot_h2: 22.84 g/s
Reynolds_number: 6,500,410
Stack prop output power: 684 kW, Pcomp: 64.1 kW
Cell efficiency: 0.293, Output efficiency: 0.254
mdot_h2: 18.11 g/s
Reynolds_number: 6,500,410
Stack prop output power: 693 kW, Pcomp: 64.9 kW
Cell efficiency: 0.293, Output efficiency: 0.254
mdot_h2: 18.35 g/s
Reynolds_number: 6,500,410
Stack prop output power: 694 kW, Pcomp: 65.0 kW
Cell efficiency: 0.293, Output efficiency: 0.254
mdot_h2: 18.37 g/s
Reynolds_number: 7,831,819
Stack prop output power: 1,541 kW, Pcomp: 14.5 kW
Cell efficiency: 0.254, Output efficiency: 0.239
mdot_h2: 43.39 g/s
Reynolds_number: 7,831,819
Stack prop output power: 1,570 kW, Pcomp: 14.8 kW
Cell efficiency: 0.254, Output efficiency: 0.239
mdot_h2: 44.20 g/s
Reynolds_number: 6,709,346
Stack prop output power: 1,529 kW, Pcomp: 13.3 kW
Cell efficiency: 0.305, Output efficiency: 0.287
mdot_h2: 35.85 g/s
Reynolds_number: 6,709,346
Stack prop output power: 1,557 kW, Pcomp: 13.6 kW
Cell efficiency: 0.305, Output efficiency: 0.287
mdot_h2: 36.52 g/s
Reynolds_number: 7,831,819
Stack prop output power: 855 kW, Pcomp: 80.2 kW
Cell efficiency: 0.294, Output efficiency: 0.255
mdot_h2: 22.52 g/s
Reynolds_number: 7,831,819
Stack prop output power: 866 kW, Pcomp: 81.2 kW
Cell efficiency: 0.294, Output efficiency: 0.255
mdot_h2: 22.81 g/s
Reynolds_number: 7,831,819
Stack prop output power: 867 kW, Pcomp: 81.3 kW
Cell efficiency: 0.294, Output efficiency: 0.255
mdot_h2: 22.84 g/s
Fuel-cell system mass representative phase: climb (P_fc_sys=3141.130 kW).

-----------------------
ptotal_climb: 4,178 kW, mtom_est: 15,882 kg, mtom: 15,673 kg, residual: +209.36 kg

MTOM update: fixed_point_prebracket, relax=0.130 -> mtom_next=15,882.19 kg

======================================================
======================= ITER 36 =======================
Reynolds_number: 7,831,819
Stack prop output power: 867 kW, Pcomp: 81.3 kW
Cell efficiency: 0.294, Output efficiency: 0.255
mdot_h2: 22.84 g/s
Reynolds_number: 7,831,819
Stack prop output power: 878 kW, Pcomp: 82.3 kW
Cell efficiency: 0.294, Output efficiency: 0.255
mdot_h2: 23.12 g/s
Reynolds_number: 7,831,819
Stack prop output power: 879 kW, Pcomp: 82.4 kW
Cell efficiency: 0.294, Output efficiency: 0.255
mdot_h2: 23.15 g/s
Reynolds_number: 6,500,410
Stack prop output power: 694 kW, Pcomp: 65.0 kW
Cell efficiency: 0.293, Output efficiency: 0.254
mdot_h2: 18.37 g/s
Reynolds_number: 6,500,410
Stack prop output power: 702 kW, Pcomp: 65.8 kW
Cell efficiency: 0.293, Output efficiency: 0.254
mdot_h2: 18.59 g/s
Reynolds_number: 6,500,410
Stack prop output power: 703 kW, Pcomp: 65.9 kW
Cell efficiency: 0.293, Output efficiency: 0.254
mdot_h2: 18.61 g/s
Reynolds_number: 7,831,819
Stack prop output power: 1,564 kW, Pcomp: 14.7 kW
Cell efficiency: 0.254, Output efficiency: 0.239
mdot_h2: 44.02 g/s
Reynolds_number: 7,831,819
Stack prop output power: 1,591 kW, Pcomp: 15.0 kW
Cell efficiency: 0.254, Output efficiency: 0.239
mdot_h2: 44.79 g/s
Reynolds_number: 6,709,346
Stack prop output power: 1,551 kW, Pcomp: 13.5 kW
Cell efficiency: 0.305, Output efficiency: 0.287
mdot_h2: 36.37 g/s
Reynolds_number: 6,709,346
Stack prop output power: 1,578 kW, Pcomp: 13.7 kW
Cell efficiency: 0.305, Output efficiency: 0.287
mdot_h2: 37.01 g/s
Reynolds_number: 7,831,819
Stack prop output power: 867 kW, Pcomp: 81.3 kW
Cell efficiency: 0.294, Output efficiency: 0.255
mdot_h2: 22.84 g/s
Reynolds_number: 7,831,819
Stack prop output power: 878 kW, Pcomp: 82.3 kW
Cell efficiency: 0.294, Output efficiency: 0.255
mdot_h2: 23.12 g/s
Reynolds_number: 7,831,819
Stack prop output power: 879 kW, Pcomp: 82.4 kW
Cell efficiency: 0.294, Output efficiency: 0.255
mdot_h2: 23.15 g/s
Fuel-cell system mass representative phase: climb (P_fc_sys=3183.090 kW).

-----------------------
ptotal_climb: 4,234 kW, mtom_est: 16,047 kg, mtom: 15,882 kg, residual: +165.13 kg

MTOM update: fixed_point_prebracket, relax=0.169 -> mtom_next=16,047.32 kg

======================================================
======================= ITER 37 =======================
Reynolds_number: 7,831,819
Stack prop output power: 879 kW, Pcomp: 82.4 kW
Cell efficiency: 0.294, Output efficiency: 0.255
mdot_h2: 23.15 g/s
Reynolds_number: 7,831,819
Stack prop output power: 887 kW, Pcomp: 83.2 kW
Cell efficiency: 0.294, Output efficiency: 0.255
mdot_h2: 23.37 g/s
Reynolds_number: 7,831,819
Stack prop output power: 888 kW, Pcomp: 83.2 kW
Cell efficiency: 0.294, Output efficiency: 0.255
mdot_h2: 23.39 g/s
Reynolds_number: 6,500,410
Stack prop output power: 703 kW, Pcomp: 65.9 kW
Cell efficiency: 0.293, Output efficiency: 0.254
mdot_h2: 18.61 g/s
Reynolds_number: 6,500,410
Stack prop output power: 709 kW, Pcomp: 66.5 kW
Cell efficiency: 0.293, Output efficiency: 0.254
mdot_h2: 18.79 g/s
Reynolds_number: 6,500,410
Stack prop output power: 710 kW, Pcomp: 66.6 kW
Cell efficiency: 0.293, Output efficiency: 0.254
mdot_h2: 18.81 g/s
Reynolds_number: 7,831,819
Stack prop output power: 1,586 kW, Pcomp: 14.9 kW
Cell efficiency: 0.254, Output efficiency: 0.239
mdot_h2: 44.65 g/s
Reynolds_number: 7,831,819
Stack prop output power: 1,608 kW, Pcomp: 15.1 kW
Cell efficiency: 0.254, Output efficiency: 0.239
mdot_h2: 45.26 g/s
Reynolds_number: 6,709,346
Stack prop output power: 1,573 kW, Pcomp: 13.7 kW
Cell efficiency: 0.305, Output efficiency: 0.287
mdot_h2: 36.89 g/s
Reynolds_number: 6,709,346
Stack prop output power: 1,595 kW, Pcomp: 13.9 kW
Cell efficiency: 0.305, Output efficiency: 0.287
mdot_h2: 37.40 g/s
Reynolds_number: 7,831,819
Stack prop output power: 879 kW, Pcomp: 82.4 kW
Cell efficiency: 0.294, Output efficiency: 0.255
mdot_h2: 23.15 g/s
Reynolds_number: 7,831,819
Stack prop output power: 887 kW, Pcomp: 83.2 kW
Cell efficiency: 0.294, Output efficiency: 0.255
mdot_h2: 23.37 g/s
Reynolds_number: 7,831,819
Stack prop output power: 888 kW, Pcomp: 83.2 kW
Cell efficiency: 0.294, Output efficiency: 0.255
mdot_h2: 23.39 g/s
Fuel-cell system mass representative phase: climb (P_fc_sys=3216.186 kW).

-----------------------
ptotal_climb: 4,278 kW, mtom_est: 16,211 kg, mtom: 16,047 kg, residual: +164.00 kg

MTOM update: newton_prebracket, relax=0.220 -> mtom_next=21,308.15 kg

======================================================
======================= ITER 38 =======================
Reynolds_number: 7,831,819
Stack prop output power: 888 kW, Pcomp: 83.3 kW
Cell efficiency: 0.294, Output efficiency: 0.255
mdot_h2: 23.39 g/s
Reynolds_number: 7,831,819
Stack prop output power: 1,151 kW, Pcomp: 108.0 kW
Cell efficiency: 0.294, Output efficiency: 0.255
mdot_h2: 30.34 g/s
Reynolds_number: 7,831,819
Stack prop output power: 1,176 kW, Pcomp: 110.3 kW
Cell efficiency: 0.294, Output efficiency: 0.255
mdot_h2: 30.99 g/s
Reynolds_number: 7,831,819
Stack prop output power: 1,179 kW, Pcomp: 110.5 kW
Cell efficiency: 0.294, Output efficiency: 0.255
mdot_h2: 31.05 g/s
Reynolds_number: 6,500,410
Stack prop output power: 710 kW, Pcomp: 66.6 kW
Cell efficiency: 0.293, Output efficiency: 0.254
mdot_h2: 18.81 g/s
Reynolds_number: 6,500,410
Stack prop output power: 921 kW, Pcomp: 86.4 kW
Cell efficiency: 0.293, Output efficiency: 0.254
mdot_h2: 24.40 g/s
Reynolds_number: 6,500,410
Stack prop output power: 941 kW, Pcomp: 88.2 kW
Cell efficiency: 0.293, Output efficiency: 0.254
mdot_h2: 24.92 g/s
Reynolds_number: 6,500,410
Stack prop output power: 943 kW, Pcomp: 88.4 kW
Cell efficiency: 0.293, Output efficiency: 0.254
mdot_h2: 24.97 g/s
Reynolds_number: 7,831,819
Stack prop output power: 1,434 kW, Pcomp: 13.5 kW
Cell efficiency: 0.254, Output efficiency: 0.239
mdot_h2: 40.37 g/s
Reynolds_number: 7,831,819
Traceback (most recent call last):
  File "/home/shoh95/Programming/HFCAD/app/main.py", line 4710, in <module>
    elapsed_time = main()
                   ^^^^^^
  File "/home/shoh95/Programming/HFCAD/app/main.py", line 4671, in main
    cfg_used, phases, mass, _trade_df = runner.run(out_dir=out_dir)
                                        ^^^^^^^^^^^^^^^^^^^^^^^^^^^
  File "/home/shoh95/Programming/HFCAD/app/main.py", line 2922, in run
    return self._run_min_combined_pw(out_dir=out_dir)
           ^^^^^^^^^^^^^^^^^^^^^^^^^^^^^^^^^^^^^^^^^^
  File "/home/shoh95/Programming/HFCAD/app/main.py", line 3064, in _run_min_combined_pw
    phases, mass = design.run()
                   ^^^^^^^^^^^^
  File "/home/shoh95/Programming/HFCAD/app/main.py", line 2390, in run
    phases["climb"] = self._phase_solver.solve(
                      ^^^^^^^^^^^^^^^^^^^^^^^^^
  File "/home/shoh95/Programming/HFCAD/app/main.py", line 1551, in solve
    nacelle = self._fc.size_nacelle(
              ^^^^^^^^^^^^^^^^^^^^^^
  File "/home/shoh95/Programming/HFCAD/app/main.py", line 1403, in size_nacelle
    geom_comp, power_comp_w, rho_humid_in, m_dot_comp = compressor_performance_model(
                                                        ^^^^^^^^^^^^^^^^^^^^^^^^^^^^^
  File "/home/shoh95/Programming/HFCAD/app/models/compressor_performance.py", line 100, in compressor_performance_model
    raise ValueError("Rotor outlet enthalpy too high. Reduce RPM!")
ValueError: Rotor outlet enthalpy too high. Reduce RPM!

[run_sweep] FAIL criteria: artifact not found or empty
[run_sweep] command exit: 1
[run_sweep] expected artifact: results/input_sweep_r17/h5000_M0.3_R1500km_PL1500kg/ConvergedData.txt
[run_sweep] exit code: 1
