Auto-widening W/S scan window for min_combined_pw: 1900.0..2600.0 -> 1725.0..2775.0 Pa (factor 1.500, lower_hit=True, upper_hit=False, min_on_edge=False).
Auto-widening W/S scan window for min_combined_pw: 1725.0..2775.0 -> 1462.5..3037.5 Pa (factor 1.500, lower_hit=True, upper_hit=False, min_on_edge=True).
ADRpy minimum combined P/W remains on feasible W/S boundary (2312.5 Pa). Proceeding with current W/S range 1462.5..3037.5 Pa.
ADRpy constraint sizing (min_combined_pw): W/S=2312.5 Pa (235.81 kg/m^2), P/W_TO=0.19250 kW/kg, P/W_climb=0.19395 kW/kg, P/W_cruise=0.07290 kW/kg
Curve minimum (combined/combined): W/S=2312.5 Pa (235.81 kg/m^2), P/W=0.19395 kW/kg
Curve minimum (takeoff/take-off): W/S=1462.5 Pa (149.13 kg/m^2), P/W=0.10196 kW/kg
Curve minimum (climb/climb): W/S=2312.5 Pa (235.81 kg/m^2), P/W=0.19395 kW/kg
Curve minimum (cruise/cruise): W/S=2312.5 Pa (235.81 kg/m^2), P/W=0.07290 kW/kg
======================================================
======================= ITER 1 =======================
Reynolds_number: 7,831,819
Stack prop output power: 500 kW, Pcomp: 46.9 kW
Cell efficiency: 0.294, Output efficiency: 0.255
mdot_h2: 13.17 g/s
Reynolds_number: 7,831,819
Stack prop output power: 298 kW, Pcomp: 27.9 kW
Cell efficiency: 0.294, Output efficiency: 0.255
mdot_h2: 7.84 g/s
Reynolds_number: 7,831,819
Stack prop output power: 279 kW, Pcomp: 26.1 kW
Cell efficiency: 0.294, Output efficiency: 0.255
mdot_h2: 7.34 g/s
Reynolds_number: 7,831,819
Stack prop output power: 277 kW, Pcomp: 26.0 kW
Cell efficiency: 0.294, Output efficiency: 0.255
mdot_h2: 7.29 g/s
Reynolds_number: 6,500,410
Stack prop output power: 500 kW, Pcomp: 46.9 kW
Cell efficiency: 0.293, Output efficiency: 0.254
mdot_h2: 13.24 g/s
Reynolds_number: 6,500,410
Stack prop output power: 247 kW, Pcomp: 23.2 kW
Cell efficiency: 0.293, Output efficiency: 0.254
mdot_h2: 6.55 g/s
Reynolds_number: 6,500,410
Stack prop output power: 224 kW, Pcomp: 21.0 kW
Cell efficiency: 0.293, Output efficiency: 0.254
mdot_h2: 5.93 g/s
Reynolds_number: 6,500,410
Stack prop output power: 222 kW, Pcomp: 20.8 kW
Cell efficiency: 0.293, Output efficiency: 0.254
mdot_h2: 5.87 g/s
Reynolds_number: 7,831,819
Stack prop output power: 335 kW, Pcomp: 3.1 kW
Cell efficiency: 0.254, Output efficiency: 0.239
mdot_h2: 9.42 g/s
Reynolds_number: 7,831,819
Stack prop output power: 499 kW, Pcomp: 4.7 kW
Cell efficiency: 0.254, Output efficiency: 0.239
mdot_h2: 14.06 g/s
Reynolds_number: 7,831,819
Stack prop output power: 501 kW, Pcomp: 4.7 kW
Cell efficiency: 0.254, Output efficiency: 0.239
mdot_h2: 14.10 g/s
Reynolds_number: 6,709,346
Stack prop output power: 336 kW, Pcomp: 2.9 kW
Cell efficiency: 0.305, Output efficiency: 0.287
mdot_h2: 7.87 g/s
Reynolds_number: 6,709,346
Stack prop output power: 496 kW, Pcomp: 4.3 kW
Cell efficiency: 0.305, Output efficiency: 0.287
mdot_h2: 11.62 g/s
Reynolds_number: 6,709,346
Stack prop output power: 497 kW, Pcomp: 4.3 kW
Cell efficiency: 0.305, Output efficiency: 0.287
mdot_h2: 11.65 g/s
Reynolds_number: 7,831,819
Stack prop output power: 500 kW, Pcomp: 46.9 kW
Cell efficiency: 0.294, Output efficiency: 0.255
mdot_h2: 13.17 g/s
Reynolds_number: 7,831,819
Stack prop output power: 298 kW, Pcomp: 27.9 kW
Cell efficiency: 0.294, Output efficiency: 0.255
mdot_h2: 7.84 g/s
Reynolds_number: 7,831,819
Stack prop output power: 279 kW, Pcomp: 26.1 kW
Cell efficiency: 0.294, Output efficiency: 0.255
mdot_h2: 7.34 g/s
Reynolds_number: 7,831,819
Stack prop output power: 277 kW, Pcomp: 26.0 kW
Cell efficiency: 0.294, Output efficiency: 0.255
mdot_h2: 7.29 g/s
Fuel-cell system mass representative phase: climb (P_fc_sys=1002.095 kW).

-----------------------
ptotal_climb: 1,333 kW, mtom_est: 6,573 kg, mtom: 5,000 kg, residual: +1,573.38 kg

MTOM update: initial_bracket_probe_1, relax=1.000 -> mtom_next=5,325.00 kg

======================================================
======================= ITER 2 =======================
Reynolds_number: 7,831,819
Stack prop output power: 277 kW, Pcomp: 25.9 kW
Cell efficiency: 0.294, Output efficiency: 0.255
mdot_h2: 7.29 g/s
Reynolds_number: 7,831,819
Stack prop output power: 293 kW, Pcomp: 27.5 kW
Cell efficiency: 0.294, Output efficiency: 0.255
mdot_h2: 7.72 g/s
Reynolds_number: 7,831,819
Stack prop output power: 294 kW, Pcomp: 27.6 kW
Cell efficiency: 0.294, Output efficiency: 0.255
mdot_h2: 7.76 g/s
Reynolds_number: 6,500,410
Stack prop output power: 221 kW, Pcomp: 20.7 kW
Cell efficiency: 0.293, Output efficiency: 0.254
mdot_h2: 5.86 g/s
Reynolds_number: 6,500,410
Stack prop output power: 234 kW, Pcomp: 22.0 kW
Cell efficiency: 0.293, Output efficiency: 0.254
mdot_h2: 6.21 g/s
Reynolds_number: 6,500,410
Stack prop output power: 236 kW, Pcomp: 22.1 kW
Cell efficiency: 0.293, Output efficiency: 0.254
mdot_h2: 6.24 g/s
Reynolds_number: 7,831,819
Stack prop output power: 490 kW, Pcomp: 4.6 kW
Cell efficiency: 0.254, Output efficiency: 0.239
mdot_h2: 13.80 g/s
Reynolds_number: 7,831,819
Stack prop output power: 533 kW, Pcomp: 5.0 kW
Cell efficiency: 0.254, Output efficiency: 0.239
mdot_h2: 15.01 g/s
Reynolds_number: 6,709,346
Stack prop output power: 486 kW, Pcomp: 4.2 kW
Cell efficiency: 0.305, Output efficiency: 0.287
mdot_h2: 11.40 g/s
Reynolds_number: 6,709,346
Stack prop output power: 529 kW, Pcomp: 4.6 kW
Cell efficiency: 0.305, Output efficiency: 0.287
mdot_h2: 12.40 g/s
Reynolds_number: 7,831,819
Stack prop output power: 277 kW, Pcomp: 25.9 kW
Cell efficiency: 0.294, Output efficiency: 0.255
mdot_h2: 7.29 g/s
Reynolds_number: 7,831,819
Stack prop output power: 293 kW, Pcomp: 27.5 kW
Cell efficiency: 0.294, Output efficiency: 0.255
mdot_h2: 7.72 g/s
Reynolds_number: 7,831,819
Stack prop output power: 294 kW, Pcomp: 27.6 kW
Cell efficiency: 0.294, Output efficiency: 0.255
mdot_h2: 7.76 g/s
Fuel-cell system mass representative phase: climb (P_fc_sys=1067.224 kW).

-----------------------
ptotal_climb: 1,420 kW, mtom_est: 6,813 kg, mtom: 5,325 kg, residual: +1,487.92 kg

MTOM update: initial_bracket_probe_2, relax=1.000 -> mtom_next=5,650.00 kg

======================================================
======================= ITER 3 =======================
Reynolds_number: 7,831,819
Stack prop output power: 295 kW, Pcomp: 27.6 kW
Cell efficiency: 0.294, Output efficiency: 0.255
mdot_h2: 7.76 g/s
Reynolds_number: 7,831,819
Stack prop output power: 311 kW, Pcomp: 29.2 kW
Cell efficiency: 0.294, Output efficiency: 0.255
mdot_h2: 8.19 g/s
Reynolds_number: 7,831,819
Stack prop output power: 312 kW, Pcomp: 29.3 kW
Cell efficiency: 0.294, Output efficiency: 0.255
mdot_h2: 8.23 g/s
Reynolds_number: 6,500,410
Stack prop output power: 236 kW, Pcomp: 22.1 kW
Cell efficiency: 0.293, Output efficiency: 0.254
mdot_h2: 6.24 g/s
Reynolds_number: 6,500,410
Stack prop output power: 249 kW, Pcomp: 23.3 kW
Cell efficiency: 0.293, Output efficiency: 0.254
mdot_h2: 6.59 g/s
Reynolds_number: 6,500,410
Stack prop output power: 250 kW, Pcomp: 23.4 kW
Cell efficiency: 0.293, Output efficiency: 0.254
mdot_h2: 6.62 g/s
Reynolds_number: 7,831,819
Stack prop output power: 523 kW, Pcomp: 4.9 kW
Cell efficiency: 0.254, Output efficiency: 0.239
mdot_h2: 14.72 g/s
Reynolds_number: 7,831,819
Stack prop output power: 566 kW, Pcomp: 5.3 kW
Cell efficiency: 0.254, Output efficiency: 0.239
mdot_h2: 15.93 g/s
Reynolds_number: 6,709,346
Stack prop output power: 519 kW, Pcomp: 4.5 kW
Cell efficiency: 0.305, Output efficiency: 0.287
mdot_h2: 12.16 g/s
Reynolds_number: 6,709,346
Stack prop output power: 561 kW, Pcomp: 4.9 kW
Cell efficiency: 0.305, Output efficiency: 0.287
mdot_h2: 13.16 g/s
Reynolds_number: 7,831,819
Stack prop output power: 295 kW, Pcomp: 27.6 kW
Cell efficiency: 0.294, Output efficiency: 0.255
mdot_h2: 7.76 g/s
Reynolds_number: 7,831,819
Stack prop output power: 311 kW, Pcomp: 29.2 kW
Cell efficiency: 0.294, Output efficiency: 0.255
mdot_h2: 8.19 g/s
Reynolds_number: 7,831,819
Stack prop output power: 312 kW, Pcomp: 29.3 kW
Cell efficiency: 0.294, Output efficiency: 0.255
mdot_h2: 8.23 g/s
Fuel-cell system mass representative phase: climb (P_fc_sys=1132.360 kW).

-----------------------
ptotal_climb: 1,506 kW, mtom_est: 7,057 kg, mtom: 5,650 kg, residual: +1,407.06 kg

MTOM update: newton_prebracket, relax=1.000 -> mtom_next=7,627.50 kg

======================================================
======================= ITER 4 =======================
Reynolds_number: 7,831,819
Stack prop output power: 313 kW, Pcomp: 29.3 kW
Cell efficiency: 0.294, Output efficiency: 0.255
mdot_h2: 8.23 g/s
Reynolds_number: 7,831,819
Stack prop output power: 412 kW, Pcomp: 38.6 kW
Cell efficiency: 0.294, Output efficiency: 0.255
mdot_h2: 10.85 g/s
Reynolds_number: 7,831,819
Stack prop output power: 421 kW, Pcomp: 39.5 kW
Cell efficiency: 0.294, Output efficiency: 0.255
mdot_h2: 11.09 g/s
Reynolds_number: 7,831,819
Stack prop output power: 422 kW, Pcomp: 39.6 kW
Cell efficiency: 0.294, Output efficiency: 0.255
mdot_h2: 11.12 g/s
Reynolds_number: 6,500,410
Stack prop output power: 250 kW, Pcomp: 23.4 kW
Cell efficiency: 0.293, Output efficiency: 0.254
mdot_h2: 6.62 g/s
Reynolds_number: 6,500,410
Stack prop output power: 329 kW, Pcomp: 30.9 kW
Cell efficiency: 0.293, Output efficiency: 0.254
mdot_h2: 8.72 g/s
Reynolds_number: 6,500,410
Stack prop output power: 337 kW, Pcomp: 31.6 kW
Cell efficiency: 0.293, Output efficiency: 0.254
mdot_h2: 8.92 g/s
Reynolds_number: 6,500,410
Stack prop output power: 337 kW, Pcomp: 31.6 kW
Cell efficiency: 0.293, Output efficiency: 0.254
mdot_h2: 8.94 g/s
Reynolds_number: 7,831,819
Stack prop output power: 501 kW, Pcomp: 4.7 kW
Cell efficiency: 0.254, Output efficiency: 0.239
mdot_h2: 14.10 g/s
Reynolds_number: 7,831,819
Stack prop output power: 762 kW, Pcomp: 7.2 kW
Cell efficiency: 0.254, Output efficiency: 0.239
mdot_h2: 21.45 g/s
Reynolds_number: 7,831,819
Stack prop output power: 764 kW, Pcomp: 7.2 kW
Cell efficiency: 0.254, Output efficiency: 0.239
mdot_h2: 21.52 g/s
Reynolds_number: 6,709,346
Stack prop output power: 497 kW, Pcomp: 4.3 kW
Cell efficiency: 0.305, Output efficiency: 0.287
mdot_h2: 11.64 g/s
Reynolds_number: 6,709,346
Stack prop output power: 756 kW, Pcomp: 6.6 kW
Cell efficiency: 0.305, Output efficiency: 0.287
mdot_h2: 17.72 g/s
Reynolds_number: 6,709,346
Stack prop output power: 758 kW, Pcomp: 6.6 kW
Cell efficiency: 0.305, Output efficiency: 0.287
mdot_h2: 17.78 g/s
Reynolds_number: 7,831,819
Stack prop output power: 313 kW, Pcomp: 29.3 kW
Cell efficiency: 0.294, Output efficiency: 0.255
mdot_h2: 8.23 g/s
Reynolds_number: 7,831,819
Stack prop output power: 412 kW, Pcomp: 38.6 kW
Cell efficiency: 0.294, Output efficiency: 0.255
mdot_h2: 10.85 g/s
Reynolds_number: 7,831,819
Stack prop output power: 421 kW, Pcomp: 39.5 kW
Cell efficiency: 0.294, Output efficiency: 0.255
mdot_h2: 11.09 g/s
Reynolds_number: 7,831,819
Stack prop output power: 422 kW, Pcomp: 39.6 kW
Cell efficiency: 0.294, Output efficiency: 0.255
mdot_h2: 11.12 g/s
Fuel-cell system mass representative phase: climb (P_fc_sys=1528.696 kW).

-----------------------
ptotal_climb: 2,033 kW, mtom_est: 8,552 kg, mtom: 7,628 kg, residual: +924.96 kg

MTOM update: newton_prebracket, relax=1.000 -> mtom_next=10,297.12 kg

======================================================
======================= ITER 5 =======================
Reynolds_number: 7,831,819
Stack prop output power: 422 kW, Pcomp: 39.6 kW
Cell efficiency: 0.294, Output efficiency: 0.255
mdot_h2: 11.12 g/s
Reynolds_number: 7,831,819
Stack prop output power: 556 kW, Pcomp: 52.1 kW
Cell efficiency: 0.294, Output efficiency: 0.255
mdot_h2: 14.64 g/s
Reynolds_number: 7,831,819
Stack prop output power: 568 kW, Pcomp: 53.3 kW
Cell efficiency: 0.294, Output efficiency: 0.255
mdot_h2: 14.97 g/s
Reynolds_number: 7,831,819
Stack prop output power: 570 kW, Pcomp: 53.4 kW
Cell efficiency: 0.294, Output efficiency: 0.255
mdot_h2: 15.01 g/s
Reynolds_number: 6,500,410
Stack prop output power: 338 kW, Pcomp: 31.6 kW
Cell efficiency: 0.293, Output efficiency: 0.254
mdot_h2: 8.94 g/s
Reynolds_number: 6,500,410
Stack prop output power: 445 kW, Pcomp: 41.7 kW
Cell efficiency: 0.293, Output efficiency: 0.254
mdot_h2: 11.78 g/s
Reynolds_number: 6,500,410
Stack prop output power: 455 kW, Pcomp: 42.6 kW
Cell efficiency: 0.293, Output efficiency: 0.254
mdot_h2: 12.04 g/s
Reynolds_number: 6,500,410
Stack prop output power: 456 kW, Pcomp: 42.7 kW
Cell efficiency: 0.293, Output efficiency: 0.254
mdot_h2: 12.07 g/s
Reynolds_number: 7,831,819
Stack prop output power: 676 kW, Pcomp: 6.4 kW
Cell efficiency: 0.254, Output efficiency: 0.239
mdot_h2: 19.03 g/s
Reynolds_number: 7,831,819
Stack prop output power: 1,029 kW, Pcomp: 9.7 kW
Cell efficiency: 0.254, Output efficiency: 0.239
mdot_h2: 28.95 g/s
Reynolds_number: 7,831,819
Stack prop output power: 1,032 kW, Pcomp: 9.7 kW
Cell efficiency: 0.254, Output efficiency: 0.239
mdot_h2: 29.05 g/s
Reynolds_number: 6,709,346
Stack prop output power: 670 kW, Pcomp: 5.8 kW
Cell efficiency: 0.305, Output efficiency: 0.287
mdot_h2: 15.72 g/s
Reynolds_number: 6,709,346
Stack prop output power: 1,020 kW, Pcomp: 8.9 kW
Cell efficiency: 0.305, Output efficiency: 0.287
mdot_h2: 23.93 g/s
Reynolds_number: 6,709,346
Stack prop output power: 1,023 kW, Pcomp: 8.9 kW
Cell efficiency: 0.305, Output efficiency: 0.287
mdot_h2: 24.00 g/s
Reynolds_number: 7,831,819
Stack prop output power: 422 kW, Pcomp: 39.6 kW
Cell efficiency: 0.294, Output efficiency: 0.255
mdot_h2: 11.12 g/s
Reynolds_number: 7,831,819
Stack prop output power: 556 kW, Pcomp: 52.1 kW
Cell efficiency: 0.294, Output efficiency: 0.255
mdot_h2: 14.64 g/s
Reynolds_number: 7,831,819
Stack prop output power: 568 kW, Pcomp: 53.3 kW
Cell efficiency: 0.294, Output efficiency: 0.255
mdot_h2: 14.97 g/s
Reynolds_number: 7,831,819
Stack prop output power: 570 kW, Pcomp: 53.4 kW
Cell efficiency: 0.294, Output efficiency: 0.255
mdot_h2: 15.01 g/s
Fuel-cell system mass representative phase: climb (P_fc_sys=2063.740 kW).

-----------------------
ptotal_climb: 2,745 kW, mtom_est: 10,613 kg, mtom: 10,297 kg, residual: +315.55 kg

MTOM update: newton_prebracket, relax=1.000 -> mtom_next=11,679.44 kg

======================================================
======================= ITER 6 =======================
Reynolds_number: 7,831,819
Stack prop output power: 570 kW, Pcomp: 53.4 kW
Cell efficiency: 0.294, Output efficiency: 0.255
mdot_h2: 15.01 g/s
Reynolds_number: 7,831,819
Stack prop output power: 639 kW, Pcomp: 59.9 kW
Cell efficiency: 0.294, Output efficiency: 0.255
mdot_h2: 16.83 g/s
Reynolds_number: 7,831,819
Stack prop output power: 645 kW, Pcomp: 60.5 kW
Cell efficiency: 0.294, Output efficiency: 0.255
mdot_h2: 17.01 g/s
Reynolds_number: 7,831,819
Stack prop output power: 646 kW, Pcomp: 60.6 kW
Cell efficiency: 0.294, Output efficiency: 0.255
mdot_h2: 17.02 g/s
Reynolds_number: 6,500,410
Stack prop output power: 456 kW, Pcomp: 42.7 kW
Cell efficiency: 0.293, Output efficiency: 0.254
mdot_h2: 12.07 g/s
Reynolds_number: 6,500,410
Stack prop output power: 511 kW, Pcomp: 47.9 kW
Cell efficiency: 0.293, Output efficiency: 0.254
mdot_h2: 13.54 g/s
Reynolds_number: 6,500,410
Stack prop output power: 516 kW, Pcomp: 48.4 kW
Cell efficiency: 0.293, Output efficiency: 0.254
mdot_h2: 13.67 g/s
Reynolds_number: 7,831,819
Stack prop output power: 986 kW, Pcomp: 9.3 kW
Cell efficiency: 0.254, Output efficiency: 0.239
mdot_h2: 27.76 g/s
Reynolds_number: 7,831,819
Stack prop output power: 1,169 kW, Pcomp: 11.0 kW
Cell efficiency: 0.254, Output efficiency: 0.239
mdot_h2: 32.90 g/s
Reynolds_number: 7,831,819
Stack prop output power: 1,170 kW, Pcomp: 11.0 kW
Cell efficiency: 0.254, Output efficiency: 0.239
mdot_h2: 32.95 g/s
Reynolds_number: 6,709,346
Stack prop output power: 978 kW, Pcomp: 8.5 kW
Cell efficiency: 0.305, Output efficiency: 0.287
mdot_h2: 22.93 g/s
Reynolds_number: 6,709,346
Stack prop output power: 1,159 kW, Pcomp: 10.1 kW
Cell efficiency: 0.305, Output efficiency: 0.287
mdot_h2: 27.18 g/s
Reynolds_number: 6,709,346
Stack prop output power: 1,161 kW, Pcomp: 10.1 kW
Cell efficiency: 0.305, Output efficiency: 0.287
mdot_h2: 27.22 g/s
Reynolds_number: 7,831,819
Stack prop output power: 570 kW, Pcomp: 53.4 kW
Cell efficiency: 0.294, Output efficiency: 0.255
mdot_h2: 15.01 g/s
Reynolds_number: 7,831,819
Stack prop output power: 639 kW, Pcomp: 59.9 kW
Cell efficiency: 0.294, Output efficiency: 0.255
mdot_h2: 16.83 g/s
Reynolds_number: 7,831,819
Stack prop output power: 645 kW, Pcomp: 60.5 kW
Cell efficiency: 0.294, Output efficiency: 0.255
mdot_h2: 17.01 g/s
Reynolds_number: 7,831,819
Stack prop output power: 646 kW, Pcomp: 60.6 kW
Cell efficiency: 0.294, Output efficiency: 0.255
mdot_h2: 17.02 g/s
Fuel-cell system mass representative phase: climb (P_fc_sys=2340.783 kW).

-----------------------
ptotal_climb: 3,114 kW, mtom_est: 11,684 kg, mtom: 11,679 kg, residual: +4.13 kg


CONVERGED

CONVERGED STATE [MTOM iteration 6]
  MTOM=11,684 kg | Wing loading=235.89 kg/m^2 | P/W(climb)=266.50 W/kg
  Phase power: climb=3,113.7 kW | cruise=1,292.2 kW | loiter=1,033.6 kW | takeoff=3,088.8 kW | cruise+charger=1,292.2 kW
  Power split (climb): FC=2,318.8 kW | Battery=772.9 kW | Compressor=22.0 kW | Cooling=1,104.6 kW | H2=65.892 g/s
  Compressor max across phases: 121.2 kW (cruise)
  FC representative phase (mass sizing): climb (2,340.8 kW)
  Mass summary: MTOM=11,684 kg | Powertrain=4,770 kg | Tank=868.8 kg | Fuel=386.1 kg | Battery=730.6 kg | Nacelle power density=0.57 kW/kg
  Geometry: Main wing area=49.53 m^2 | Horizontal tail area=8.460 m^2 | Horizontal tail location=14.191 m | Vertical tail area=8.808 m^2 | Vertical tail location=13.374 m
  Config: wing loading input=235.81 kg/m^2 | P/W TO/Cl/Cr/Lo=0.19250/0.19395/0.07290/0.05832 kW/kg

=============================================================
========================= CONVERGED =========================
=============================================================
Constraint sizing: ENABLED (min_combined_pw)
Input W/S: 235.81 kg/m^2 (2,312.5 Pa)
Input P/W [kW/kg]: takeoff 0.19250, climb 0.19395, cruise 0.07290, loiter 0.05832
-------------------------------------------------------------

Mission Time
Climb time: 12.62 min (0.21 h)
Cruise time: 150.00 min (2.50 h)
Total flight time: 184.62 min (3.08 h)

Phase Power Breakdown
Phase      Time[min]     Total[kW]    FC Stack[kW]   Battery[kW]   Compressor[kW]   Cooling[kW]   mdot_H2[g/s]
--------------------------------------------------------------------------------------------------------------
ready           0.00         155.7           155.7           0.0              0.0           0.0         0.0
taxi            5.00         311.4           311.4           0.0              0.0           0.0         6.6
takeoff         1.00       3,088.8         2,301.4         767.1             20.2         854.8        54.4
climb          12.62       3,113.7         2,318.8         772.9             22.0       1,104.6        65.9
cruise        150.00       1,292.2         1,171.0           0.0            121.2         542.3        34.0
loiter         15.00       1,033.6           936.8           0.0             96.8         436.7        27.3
landing         1.00           0.0             0.0           0.0              0.0           0.0         0.0

Pcomp_max (solved phases): 121.2 kW (cruise)
Pnet (climb): 2,812 kW
Pelectricnet (climb): 3,092 kW
eta_pt: 0.9031

Geometry
S_wing: 49.53 m^2
b_wing: 21.11 m
Lfus: 16.75 m
Ltank: 7.74 m
S_HT: 8.46 m^2
S_VT: 8.81 m^2
b_HT: 6.17 m
b_VT: 4.09 m
X_HT_act: 14.19 m
X_VT_act: 13.37 m

One Nacelle (1/2)
Stack(1/2): 741 kg, Compressor: 102 kg, Humidifier: 365 kg, HX: 836 kg
W_FCS_single_nacelle (W_Stack+W_Compressor+W_Humidifier+W_Hx): 2,043 kg
Representative FC phase: climb
Specific Power of Nacelle System: 0.573 kW/kg
dim_hx: dX=2.154 m, dY=2.154 m, dZ=0.201 m
dim_stack: dX=0.422 m, dY=0.442 m, dZ=0.442 m

ALL Nacelles
W_FCS_total: 4,086 kg
W_PMAD: 273 kg
W_Motors: 410 kg

-----------------------
W_Powertrain (W_FCS_total+W_PMAD+W_Motors): 4,770 kg
-----------------------
W_wing: 947 kg
W_Htail: 75 kg
W_Vtail: 114 kg
W_fuselage: 534 kg
W_lnd_gear_main: 243 kg
W_lnd_gear_nose: 65 kg
W_flight_control: 366 kg
W_electric_system: 300 kg
W_iae: 156 kg
W_hydraulics: 140 kg
W_fur: 488 kg
-----------------------
OEM: 3,428 kg
-----------------------
W_tank: 869 kg
W_fuel: 386.1 kg
W_batt: 730.6 kg
-----------------------
W_payload: 1,500 kg
-----------------------
MTOM_grouped (OEM+W_tank+W_fuel+W_batt+W_Powertrain+W_payload): 11,684 kg
MTOM: 11,684 kg
-----------------------

Wing loading (MTOM/S_wing): 235.89 kg/m^2
Power-to-weight (converged): 266.50 W/kg

mdot_H2(cruise): 34.0 g/s
Vtankex: 16.5 m^3
========================== END ==============================


=============================================================
Execution time: 96.9 seconds
=============================================================
