[command] /home/shoh95/anaconda3/envs/aerofc/bin/python /home/shoh95/Programming/HFCAD/app/main.py -i /home/shoh95/Programming/HFCAD/app/input_sweep_gui_r1/h3000_CK220_R1500000.ini --outdir /home/shoh95/Programming/HFCAD/results/input_sweep_gui_r1
[start] 2026-02-21 04:47:57

Auto-widening W/S scan window for min_combined_pw: 1900.0..2600.0 -> 1725.0..2775.0 Pa (factor 1.500, lower_hit=True, upper_hit=False, min_on_edge=False).
Auto-widening W/S scan window for min_combined_pw: 1725.0..2775.0 -> 1462.5..3037.5 Pa (factor 1.500, lower_hit=True, upper_hit=False, min_on_edge=False).
ADRpy constraint sizing (min_combined_pw): W/S=2162.5 Pa (220.51 kg/m^2), P/W_TO=0.17518 kW/kg, P/W_climb=0.17674 kW/kg, P/W_cruise=0.10950 kW/kg
Curve minimum (combined/combined): W/S=2162.5 Pa (220.51 kg/m^2), P/W=0.17674 kW/kg
Curve minimum (takeoff/take-off): W/S=1462.5 Pa (149.13 kg/m^2), P/W=0.10196 kW/kg
Curve minimum (climb/climb): W/S=2312.5 Pa (235.81 kg/m^2), P/W=0.17487 kW/kg
Curve minimum (cruise/cruise): W/S=2312.5 Pa (235.81 kg/m^2), P/W=0.10511 kW/kg
======================================================
======================= ITER 1 =======================
Fuel-cell system mass representative phase: climb (P_fc_sys=912.801 kW).

-----------------------
ptotal_climb: 1,214 kW, mtom_est: 5,961 kg, mtom: 5,000 kg, residual: +961.10 kg

MTOM update: initial_bracket_probe_1, relax=1.000 -> mtom_next=5,325.00 kg

======================================================
======================= ITER 2 =======================
Fuel-cell system mass representative phase: climb (P_fc_sys=972.126 kW).

-----------------------
ptotal_climb: 1,293 kW, mtom_est: 6,192 kg, mtom: 5,325 kg, residual: +867.18 kg

MTOM update: initial_bracket_probe_2, relax=1.000 -> mtom_next=5,650.00 kg

======================================================
======================= ITER 3 =======================
Fuel-cell system mass representative phase: climb (P_fc_sys=1031.459 kW).

-----------------------
ptotal_climb: 1,372 kW, mtom_est: 6,426 kg, mtom: 5,650 kg, residual: +775.97 kg

MTOM update: newton_prebracket, relax=1.000 -> mtom_next=7,627.50 kg

======================================================
======================= ITER 4 =======================
Fuel-cell system mass representative phase: climb (P_fc_sys=1392.477 kW).

-----------------------
ptotal_climb: 1,852 kW, mtom_est: 7,855 kg, mtom: 7,628 kg, residual: +227.80 kg

MTOM update: newton_prebracket, relax=1.000 -> mtom_next=8,449.27 kg

======================================================
======================= ITER 5 =======================
Fuel-cell system mass representative phase: climb (P_fc_sys=1542.499 kW).

-----------------------
ptotal_climb: 2,052 kW, mtom_est: 8,453 kg, mtom: 8,449 kg, residual: +4.16 kg


CONVERGED

CONVERGED STATE [MTOM iteration 5]
  MTOM=8,453 kg | Wing loading=220.62 kg/m^2 | P/W(climb)=242.75 W/kg
  Phase power: climb=2,052.0 kW | cruise=1,341.6 kW | loiter=1,073.3 kW | takeoff=2,033.5 kW | cruise+charger=1,341.6 kW
  Power split (climb): FC=1,528.6 kW | Battery=509.5 kW | Compressor=13.9 kW | Cooling=660.9 kW | H2=39.308 g/s
  Compressor max across phases: 69.2 kW (cruise)
  FC representative phase (mass sizing): climb (1,542.5 kW)
  Mass summary: MTOM=8,453 kg | Powertrain=2,572 kg | Tank=1,016.3 kg | Fuel=451.7 kg | Battery=303.0 kg | Nacelle power density=0.73 kW/kg
  Geometry: Main wing area=38.32 m^2 | Horizontal tail area=4.982 m^2 | Horizontal tail location=15.960 m | Vertical tail area=5.051 m^2 | Vertical tail location=15.434 m
  Config: wing loading input=220.51 kg/m^2 | P/W TO/Cl/Cr/Lo=0.17518/0.17674/0.10950/0.08760 kW/kg

=============================================================
========================= CONVERGED =========================
=============================================================
Constraint sizing: ENABLED (min_combined_pw)
Input W/S: 220.51 kg/m^2 (2,162.5 Pa)
Input P/W [kW/kg]: takeoff 0.17518, climb 0.17674, cruise 0.10950, loiter 0.08760
Converged P/W [kW/kg]: takeoff 0.24055, climb 0.24275, cruise 0.15871, loiter 0.12696
-------------------------------------------------------------

# Mission Time
Climb time: 7.57 min (0.13 h)
Cruise time: 202.94 min (3.38 h)
Total flight time: 232.51 min (3.88 h)

# Phase Power Breakdown
Phase      Time[min]     Total[kW]    FC Stack[kW]   Battery[kW]   Compressor[kW]   Cooling[kW]   mdot_H2[g/s]
--------------------------------------------------------------------------------------------------------------
ready           0.00         102.6           102.6           0.0              0.0           0.0         0.0
taxi            5.00         205.2           205.2           0.0              0.0           0.0         3.9
takeoff         1.00       2,033.5         1,515.1         505.0             13.3         583.7        35.8
climb           7.57       2,052.0         1,528.6         509.5             13.9         660.9        39.3
cruise        202.94       1,341.6         1,272.5           0.0             69.2         547.4        33.4
loiter         15.00       1,073.3         1,018.0           0.0             55.3         441.9        26.9
landing         1.00           0.0             0.0           0.0              0.0           0.0         0.0

Pcomp_max (solved phases): 69.2 kW (cruise)
Pnet (climb): 1,853 kW
Pelectricnet (climb): 2,038 kW
eta_pt: 0.9031

# Geometry
Main Wing Area: 38.32 m^2
Wingspan: 18.57 m
Fuselage Length: 18.06 m
Hydrogen Tank Length: 9.05 m
Horizontal Tail Area: 4.98 m^2
Vertical Tail Area: 5.05 m^2
Horizontal Tail span: 4.74 m
Vertical Tail span: 3.10 m
Horizontal Tail X_Position: 15.96 m
Vertical Tail X_Position: 15.43 m

# Single Nacelle (1/2)
Stack(1/2): 446 kg, Compressor: 29 kg, Humidifier: 174 kg, HX: 414 kg
Fuelcell System(FCS; Stack+Compressor+Humidifier+Hx): 1,063 kg
Representative FC phase: climb
Specific Power of Fuelcell System: 0.726 kW/kg
Stack dimension: dX=0.387 m, dY=0.358 m, dZ=0.358 m
Heat Exchanger dimension: dX=1.461 m, dY=1.461 m, dZ=0.217 m

# ALL Nacelles
FCS_total: 2,125 kg
PMAD: 176 kg
Motors: 271 kg

# Total Mass Breakdown
-----------------------
Powertrain (FCS_total+PMAD+Motors): 2,572 kg
-----------------------
Main Wing: 667 kg
Horizontal Tail: 41 kg
Vertical Tail: 72 kg
Fuselage: 620 kg
Landing gear(main): 243 kg
Landing gear(nose): 65 kg
Flight Control System: 366 kg
Electric System: 300 kg
Instruments: 117 kg
Hydraulics: 101 kg
Furnishing: 518 kg
-----------------------
Operating Empty Mass(OEM): 3,111 kg
-----------------------
Hydrogen Tank: 1,016 kg
Hydrogen Fuel: 451.7 kg
Battery: 303.0 kg
-----------------------
Payload: 1,000 kg
-----------------------
Maximum Takeoff Mass(MTOM): 8,453 kg
-----------------------

Wing loading (MTOM/S_wing): 220.62 kg/m^2
Power-to-weight (maxPow/MTOM): 242.75 W/kg

mdot_H2(cruise): 33.4 g/s
Hydrogen Tank Volume: 19.4 m^3
========================== END ==============================


=============================================================
Execution time: 3.1 seconds
=============================================================
