ADRpy feasible W/S window (seed pass 0): 1900.0 .. 2350.0 Pa (193.75 .. 239.63 kg/m^2), 10 points
Auto-widening W/S scan window for seed analysis: 1900.0..2600.0 -> 1725.0..2775.0 Pa (factor 1.500, lower_hit=True, upper_hit=False, seed_on_edge=True).
ADRpy feasible W/S window (seed pass 1): 1725.0 .. 2325.0 Pa (175.90 .. 237.08 kg/m^2), 13 points
Auto-widening W/S scan window for seed analysis: 1725.0..2775.0 -> 1462.5..3037.5 Pa (factor 1.500, lower_hit=True, upper_hit=False, seed_on_edge=True).
ADRpy feasible W/S window (seed pass 2): 1462.5 .. 2312.5 Pa (149.13 .. 235.81 kg/m^2), 18 points
ADRpy minimum combined P/W seed remains on feasible W/S boundary (2312.5 Pa). Proceeding with current W/S range 1462.5..3037.5 Pa.
min_mtom seed from ADRpy min combined P/W: W/S=2312.5 Pa, combined P/W=0.13331 kW/kg; initial focus window 1997.5..2627.5 Pa (15 points)
ADRpy feasible W/S window (focus pass 0): 1997.5 .. 2347.5 Pa (203.69 .. 239.38 kg/m^2), 9 points
======================================================
======================= ITER 1 =======================
Reynolds_number: 11,112,677
Stack prop output power: 462 kW, Pcomp: 23.8 kW
Cell efficiency: 0.300, Output efficiency: 0.271
mdot_h2: 11.47 g/s
Reynolds_number: 11,112,677
Stack prop output power: 462 kW, Pcomp: 23.8 kW
Cell efficiency: 0.300, Output efficiency: 0.271
mdot_h2: 11.47 g/s
Reynolds_number: 11,112,677
Stack prop output power: 343 kW, Pcomp: 3.1 kW
Cell efficiency: 0.281, Output efficiency: 0.264
mdot_h2: 8.75 g/s
Reynolds_number: 11,112,677
Stack prop output power: 343 kW, Pcomp: 3.1 kW
Cell efficiency: 0.281, Output efficiency: 0.264
mdot_h2: 8.75 g/s
Reynolds_number: 11,112,677
Stack prop output power: 343 kW, Pcomp: 17.7 kW
Cell efficiency: 0.300, Output efficiency: 0.271
mdot_h2: 8.54 g/s

-----------------------
ptotal_climb: 1,216 kW, mtom_est: 5,607 kg, mtom: 5,000 kg, residual: +606.61 kg

MTOM update: initial_bracket_probe_1, relax=1.000 -> mtom_next=5,325.00 kg

======================================================
======================= ITER 2 =======================
Reynolds_number: 11,112,677
Stack prop output power: 492 kW, Pcomp: 25.3 kW
Cell efficiency: 0.300, Output efficiency: 0.271
mdot_h2: 12.22 g/s
Reynolds_number: 11,112,677
Stack prop output power: 492 kW, Pcomp: 25.3 kW
Cell efficiency: 0.300, Output efficiency: 0.271
mdot_h2: 12.22 g/s
Reynolds_number: 11,112,677
Stack prop output power: 366 kW, Pcomp: 3.3 kW
Cell efficiency: 0.281, Output efficiency: 0.264
mdot_h2: 9.32 g/s
Reynolds_number: 11,112,677
Stack prop output power: 366 kW, Pcomp: 3.3 kW
Cell efficiency: 0.281, Output efficiency: 0.264
mdot_h2: 9.32 g/s
Reynolds_number: 11,112,677
Stack prop output power: 366 kW, Pcomp: 18.9 kW
Cell efficiency: 0.300, Output efficiency: 0.271
mdot_h2: 9.10 g/s

-----------------------
ptotal_climb: 1,296 kW, mtom_est: 5,952 kg, mtom: 5,325 kg, residual: +626.57 kg

MTOM update: initial_bracket_probe_2, relax=0.300 -> mtom_next=5,650.00 kg

======================================================
======================= ITER 3 =======================
Reynolds_number: 11,112,677
Stack prop output power: 522 kW, Pcomp: 26.9 kW
Cell efficiency: 0.300, Output efficiency: 0.271
mdot_h2: 12.97 g/s
Reynolds_number: 11,112,677
Stack prop output power: 522 kW, Pcomp: 26.9 kW
Cell efficiency: 0.300, Output efficiency: 0.271
mdot_h2: 12.97 g/s
Reynolds_number: 11,112,677
Stack prop output power: 388 kW, Pcomp: 3.5 kW
Cell efficiency: 0.281, Output efficiency: 0.264
mdot_h2: 9.88 g/s
Reynolds_number: 11,112,677
Stack prop output power: 388 kW, Pcomp: 3.5 kW
Cell efficiency: 0.281, Output efficiency: 0.264
mdot_h2: 9.88 g/s
Reynolds_number: 11,112,677
Stack prop output power: 388 kW, Pcomp: 20.0 kW
Cell efficiency: 0.300, Output efficiency: 0.271
mdot_h2: 9.65 g/s

-----------------------
ptotal_climb: 1,375 kW, mtom_est: 6,175 kg, mtom: 5,650 kg, residual: +525.10 kg

MTOM update: fixed_point_prebracket, relax=0.360 -> mtom_next=5,912.55 kg

======================================================
======================= ITER 4 =======================
Reynolds_number: 11,112,677
Stack prop output power: 546 kW, Pcomp: 28.1 kW
Cell efficiency: 0.300, Output efficiency: 0.271
mdot_h2: 13.57 g/s
Reynolds_number: 11,112,677
Stack prop output power: 546 kW, Pcomp: 28.1 kW
Cell efficiency: 0.300, Output efficiency: 0.271
mdot_h2: 13.57 g/s
Reynolds_number: 11,112,677
Stack prop output power: 406 kW, Pcomp: 3.7 kW
Cell efficiency: 0.281, Output efficiency: 0.264
mdot_h2: 10.34 g/s
Reynolds_number: 11,112,677
Stack prop output power: 406 kW, Pcomp: 3.7 kW
Cell efficiency: 0.281, Output efficiency: 0.264
mdot_h2: 10.34 g/s
Reynolds_number: 11,112,677
Stack prop output power: 406 kW, Pcomp: 20.9 kW
Cell efficiency: 0.300, Output efficiency: 0.271
mdot_h2: 10.10 g/s

-----------------------
ptotal_climb: 1,438 kW, mtom_est: 6,325 kg, mtom: 5,913 kg, residual: +412.47 kg

MTOM update: fixed_point_prebracket, relax=0.432 -> mtom_next=6,118.79 kg

======================================================
======================= ITER 5 =======================
Reynolds_number: 11,112,677
Stack prop output power: 565 kW, Pcomp: 29.1 kW
Cell efficiency: 0.300, Output efficiency: 0.271
mdot_h2: 14.04 g/s
Reynolds_number: 11,112,677
Stack prop output power: 565 kW, Pcomp: 29.1 kW
Cell efficiency: 0.300, Output efficiency: 0.271
mdot_h2: 14.04 g/s
Reynolds_number: 11,112,677
Stack prop output power: 420 kW, Pcomp: 3.8 kW
Cell efficiency: 0.281, Output efficiency: 0.264
mdot_h2: 10.70 g/s
Reynolds_number: 11,112,677
Stack prop output power: 420 kW, Pcomp: 3.8 kW
Cell efficiency: 0.281, Output efficiency: 0.264
mdot_h2: 10.70 g/s
Reynolds_number: 11,112,677
Stack prop output power: 420 kW, Pcomp: 21.7 kW
Cell efficiency: 0.300, Output efficiency: 0.271
mdot_h2: 10.45 g/s

-----------------------
ptotal_climb: 1,489 kW, mtom_est: 6,436 kg, mtom: 6,119 kg, residual: +317.69 kg

MTOM update: fixed_point_prebracket, relax=0.518 -> mtom_next=6,277.63 kg

======================================================
======================= ITER 6 =======================
Reynolds_number: 11,112,677
Stack prop output power: 579 kW, Pcomp: 29.9 kW
Cell efficiency: 0.300, Output efficiency: 0.271
mdot_h2: 14.41 g/s
Reynolds_number: 11,112,677
Stack prop output power: 579 kW, Pcomp: 29.9 kW
Cell efficiency: 0.300, Output efficiency: 0.271
mdot_h2: 14.41 g/s
Reynolds_number: 11,112,677
Stack prop output power: 431 kW, Pcomp: 3.9 kW
Cell efficiency: 0.281, Output efficiency: 0.264
mdot_h2: 10.98 g/s
Reynolds_number: 11,112,677
Stack prop output power: 431 kW, Pcomp: 3.9 kW
Cell efficiency: 0.281, Output efficiency: 0.264
mdot_h2: 10.98 g/s
Reynolds_number: 11,112,677
Stack prop output power: 431 kW, Pcomp: 22.2 kW
Cell efficiency: 0.300, Output efficiency: 0.271
mdot_h2: 10.72 g/s

-----------------------
ptotal_climb: 1,527 kW, mtom_est: 6,521 kg, mtom: 6,278 kg, residual: +243.42 kg

MTOM update: fixed_point_prebracket, relax=0.622 -> mtom_next=6,399.34 kg

======================================================
======================= ITER 7 =======================
Reynolds_number: 11,112,677
Stack prop output power: 591 kW, Pcomp: 30.5 kW
Cell efficiency: 0.300, Output efficiency: 0.271
mdot_h2: 14.69 g/s
Reynolds_number: 11,112,677
Stack prop output power: 591 kW, Pcomp: 30.5 kW
Cell efficiency: 0.300, Output efficiency: 0.271
mdot_h2: 14.69 g/s
Reynolds_number: 11,112,677
Stack prop output power: 440 kW, Pcomp: 4.0 kW
Cell efficiency: 0.281, Output efficiency: 0.264
mdot_h2: 11.19 g/s
Reynolds_number: 11,112,677
Stack prop output power: 440 kW, Pcomp: 4.0 kW
Cell efficiency: 0.281, Output efficiency: 0.264
mdot_h2: 11.19 g/s
Reynolds_number: 11,112,677
Stack prop output power: 440 kW, Pcomp: 22.7 kW
Cell efficiency: 0.300, Output efficiency: 0.271
mdot_h2: 10.93 g/s

-----------------------
ptotal_climb: 1,557 kW, mtom_est: 6,577 kg, mtom: 6,399 kg, residual: +177.72 kg

MTOM update: fixed_point_prebracket, relax=0.746 -> mtom_next=6,488.20 kg

======================================================
======================= ITER 8 =======================
Reynolds_number: 11,112,677
Stack prop output power: 599 kW, Pcomp: 30.9 kW
Cell efficiency: 0.300, Output efficiency: 0.271
mdot_h2: 14.89 g/s
Reynolds_number: 11,112,677
Stack prop output power: 599 kW, Pcomp: 30.9 kW
Cell efficiency: 0.300, Output efficiency: 0.271
mdot_h2: 14.89 g/s
Reynolds_number: 11,112,677
Stack prop output power: 446 kW, Pcomp: 4.0 kW
Cell efficiency: 0.281, Output efficiency: 0.264
mdot_h2: 11.35 g/s
Reynolds_number: 11,112,677
Stack prop output power: 446 kW, Pcomp: 4.0 kW
Cell efficiency: 0.281, Output efficiency: 0.264
mdot_h2: 11.35 g/s
Reynolds_number: 11,112,677
Stack prop output power: 446 kW, Pcomp: 23.0 kW
Cell efficiency: 0.300, Output efficiency: 0.271
mdot_h2: 11.08 g/s

-----------------------
ptotal_climb: 1,578 kW, mtom_est: 6,626 kg, mtom: 6,488 kg, residual: +137.70 kg

MTOM update: newton_prebracket, relax=0.896 -> mtom_next=6,762.04 kg

======================================================
======================= ITER 9 =======================
Reynolds_number: 11,112,677
Stack prop output power: 624 kW, Pcomp: 32.2 kW
Cell efficiency: 0.300, Output efficiency: 0.271
mdot_h2: 15.52 g/s
Reynolds_number: 11,112,677
Stack prop output power: 624 kW, Pcomp: 32.2 kW
Cell efficiency: 0.300, Output efficiency: 0.271
mdot_h2: 15.52 g/s
Reynolds_number: 11,112,677
Stack prop output power: 465 kW, Pcomp: 4.2 kW
Cell efficiency: 0.281, Output efficiency: 0.264
mdot_h2: 11.83 g/s
Reynolds_number: 11,112,677
Stack prop output power: 465 kW, Pcomp: 4.2 kW
Cell efficiency: 0.281, Output efficiency: 0.264
mdot_h2: 11.83 g/s
Reynolds_number: 11,112,677
Stack prop output power: 465 kW, Pcomp: 24.0 kW
Cell efficiency: 0.300, Output efficiency: 0.271
mdot_h2: 11.55 g/s

-----------------------
ptotal_climb: 1,645 kW, mtom_est: 6,763 kg, mtom: 6,762 kg, residual: +0.68 kg

Reynolds_number: 11,112,677
Stack prop output power: 624 kW, Pcomp: 32.2 kW
Cell efficiency: 0.300, Output efficiency: 0.271
mdot_h2: 15.52 g/s
Reynolds_number: 11,112,677
Stack prop output power: 624 kW, Pcomp: 32.2 kW
Cell efficiency: 0.300, Output efficiency: 0.271
mdot_h2: 15.52 g/s
Reynolds_number: 6,709,346
Stack prop output power: 465 kW, Pcomp: 4.0 kW
Cell efficiency: 0.305, Output efficiency: 0.287
mdot_h2: 10.89 g/s
Reynolds_number: 6,709,346
Stack prop output power: 465 kW, Pcomp: 4.0 kW
Cell efficiency: 0.305, Output efficiency: 0.287
mdot_h2: 10.89 g/s

CONVERGED

CONVERGED STATE [MTOM iteration 9]
  MTOM=6,763 kg | Wing loading=203.71 kg/m^2 | P/W(climb)=243.25 W/kg
  Phase power: climb=1,645.0 kW | cruise=1,821.8 kW | takeoff=1,601.9 kW | cruise+charger=1,821.8 kW
  Power split (climb): FC=929.1 kW | Battery=309.7 kW | Compressor=8.4 kW | Cooling=397.9 kW | H2=23.658 g/s
  Mass summary: MTOM=6,763 kg | Powertrain=1,628 kg | Tank=600.9 kg | Fuel=267.1 kg | Battery=322.1 kg | Nacelle power density=0.68 kW/kg
  Config: wing loading input=203.69 kg/m^2 | P/W TO/Cl/Cr=0.13422/0.13422/0.13422 kW/kg

CONVERGED STATE [focus pass 0 | W/S=1,997.5 Pa (203.69 kg/m^2)]
  MTOM=6,763 kg | Wing loading=203.71 kg/m^2 | P/W(climb)=243.25 W/kg
  Phase power: climb=1,645.0 kW | cruise=1,821.8 kW | takeoff=1,601.9 kW | cruise+charger=1,821.8 kW
  Power split (climb): FC=929.1 kW | Battery=309.7 kW | Compressor=8.4 kW | Cooling=397.9 kW | H2=23.658 g/s
  Mass summary: MTOM=6,763 kg | Powertrain=1,628 kg | Tank=600.9 kg | Fuel=267.1 kg | Battery=322.1 kg | Nacelle power density=0.68 kW/kg
  Config: wing loading input=203.69 kg/m^2 | P/W TO/Cl/Cr=0.13422/0.13422/0.13422 kW/kg
======================================================
======================= ITER 1 =======================
Reynolds_number: 11,112,677
Stack prop output power: 623 kW, Pcomp: 32.1 kW
Cell efficiency: 0.300, Output efficiency: 0.271
mdot_h2: 15.49 g/s
Reynolds_number: 11,112,677
Stack prop output power: 623 kW, Pcomp: 32.1 kW
Cell efficiency: 0.300, Output efficiency: 0.271
mdot_h2: 15.49 g/s
Reynolds_number: 11,112,677
Stack prop output power: 464 kW, Pcomp: 4.2 kW
Cell efficiency: 0.281, Output efficiency: 0.264
mdot_h2: 11.81 g/s
Reynolds_number: 11,112,677
Stack prop output power: 464 kW, Pcomp: 4.2 kW
Cell efficiency: 0.281, Output efficiency: 0.264
mdot_h2: 11.81 g/s
Reynolds_number: 11,112,677
Stack prop output power: 464 kW, Pcomp: 23.9 kW
Cell efficiency: 0.300, Output efficiency: 0.271
mdot_h2: 11.53 g/s

-----------------------
ptotal_climb: 1,642 kW, mtom_est: 6,730 kg, mtom: 6,763 kg, residual: -32.93 kg

MTOM update: initial_bracket_probe_1, relax=1.000 -> mtom_next=6,323.14 kg

======================================================
======================= ITER 2 =======================
Reynolds_number: 11,112,677
Stack prop output power: 583 kW, Pcomp: 30.0 kW
Cell efficiency: 0.300, Output efficiency: 0.271
mdot_h2: 14.48 g/s
Reynolds_number: 11,112,677
Stack prop output power: 583 kW, Pcomp: 30.0 kW
Cell efficiency: 0.300, Output efficiency: 0.271
mdot_h2: 14.48 g/s
Reynolds_number: 11,112,677
Stack prop output power: 434 kW, Pcomp: 3.9 kW
Cell efficiency: 0.281, Output efficiency: 0.264
mdot_h2: 11.04 g/s
Reynolds_number: 11,112,677
Stack prop output power: 434 kW, Pcomp: 3.9 kW
Cell efficiency: 0.281, Output efficiency: 0.264
mdot_h2: 11.04 g/s
Reynolds_number: 11,112,677
Stack prop output power: 434 kW, Pcomp: 22.4 kW
Cell efficiency: 0.300, Output efficiency: 0.271
mdot_h2: 10.78 g/s

-----------------------
ptotal_climb: 1,535 kW, mtom_est: 6,505 kg, mtom: 6,323 kg, residual: +182.33 kg

MTOM update: newton, relax=0.300 -> mtom_next=6,434.84 kg

======================================================
======================= ITER 3 =======================
Reynolds_number: 11,112,677
Stack prop output power: 593 kW, Pcomp: 30.6 kW
Cell efficiency: 0.300, Output efficiency: 0.271
mdot_h2: 14.74 g/s
Reynolds_number: 11,112,677
Stack prop output power: 593 kW, Pcomp: 30.6 kW
Cell efficiency: 0.300, Output efficiency: 0.271
mdot_h2: 14.74 g/s
Reynolds_number: 11,112,677
Stack prop output power: 441 kW, Pcomp: 4.0 kW
Cell efficiency: 0.281, Output efficiency: 0.264
mdot_h2: 11.24 g/s
Reynolds_number: 11,112,677
Stack prop output power: 441 kW, Pcomp: 4.0 kW
Cell efficiency: 0.281, Output efficiency: 0.264
mdot_h2: 11.24 g/s
Reynolds_number: 11,112,677
Stack prop output power: 441 kW, Pcomp: 22.8 kW
Cell efficiency: 0.300, Output efficiency: 0.271
mdot_h2: 10.97 g/s

-----------------------
ptotal_climb: 1,563 kW, mtom_est: 6,565 kg, mtom: 6,435 kg, residual: +130.09 kg

MTOM update: newton, relax=0.360 -> mtom_next=6,534.99 kg

======================================================
======================= ITER 4 =======================
Reynolds_number: 11,112,677
Stack prop output power: 602 kW, Pcomp: 31.1 kW
Cell efficiency: 0.300, Output efficiency: 0.271
mdot_h2: 14.97 g/s
Reynolds_number: 11,112,677
Stack prop output power: 602 kW, Pcomp: 31.1 kW
Cell efficiency: 0.300, Output efficiency: 0.271
mdot_h2: 14.97 g/s
Reynolds_number: 11,112,677
Stack prop output power: 448 kW, Pcomp: 4.0 kW
Cell efficiency: 0.281, Output efficiency: 0.264
mdot_h2: 11.41 g/s
Reynolds_number: 11,112,677
Stack prop output power: 448 kW, Pcomp: 4.0 kW
Cell efficiency: 0.281, Output efficiency: 0.264
mdot_h2: 11.41 g/s
Reynolds_number: 11,112,677
Stack prop output power: 448 kW, Pcomp: 23.1 kW
Cell efficiency: 0.300, Output efficiency: 0.271
mdot_h2: 11.14 g/s

-----------------------
ptotal_climb: 1,587 kW, mtom_est: 6,611 kg, mtom: 6,535 kg, residual: +76.07 kg

MTOM update: newton, relax=0.432 -> mtom_next=6,595.92 kg

======================================================
======================= ITER 5 =======================
Reynolds_number: 11,112,677
Stack prop output power: 608 kW, Pcomp: 31.3 kW
Cell efficiency: 0.300, Output efficiency: 0.271
mdot_h2: 15.11 g/s
Reynolds_number: 11,112,677
Stack prop output power: 608 kW, Pcomp: 31.3 kW
Cell efficiency: 0.300, Output efficiency: 0.271
mdot_h2: 15.11 g/s
Reynolds_number: 11,112,677
Stack prop output power: 452 kW, Pcomp: 4.1 kW
Cell efficiency: 0.281, Output efficiency: 0.264
mdot_h2: 11.52 g/s
Reynolds_number: 11,112,677
Stack prop output power: 452 kW, Pcomp: 4.1 kW
Cell efficiency: 0.281, Output efficiency: 0.264
mdot_h2: 11.52 g/s
Reynolds_number: 11,112,677
Stack prop output power: 452 kW, Pcomp: 23.3 kW
Cell efficiency: 0.300, Output efficiency: 0.271
mdot_h2: 11.25 g/s

-----------------------
ptotal_climb: 1,602 kW, mtom_est: 6,643 kg, mtom: 6,596 kg, residual: +46.90 kg

MTOM update: newton, relax=0.518 -> mtom_next=6,646.69 kg

======================================================
======================= ITER 6 =======================
Reynolds_number: 11,112,677
Stack prop output power: 612 kW, Pcomp: 31.6 kW
Cell efficiency: 0.300, Output efficiency: 0.271
mdot_h2: 15.23 g/s
Reynolds_number: 11,112,677
Stack prop output power: 612 kW, Pcomp: 31.6 kW
Cell efficiency: 0.300, Output efficiency: 0.271
mdot_h2: 15.23 g/s
Reynolds_number: 11,112,677
Stack prop output power: 456 kW, Pcomp: 4.1 kW
Cell efficiency: 0.281, Output efficiency: 0.264
mdot_h2: 11.61 g/s
Reynolds_number: 11,112,677
Stack prop output power: 456 kW, Pcomp: 4.1 kW
Cell efficiency: 0.281, Output efficiency: 0.264
mdot_h2: 11.61 g/s
Reynolds_number: 11,112,677
Stack prop output power: 456 kW, Pcomp: 23.5 kW
Cell efficiency: 0.300, Output efficiency: 0.271
mdot_h2: 11.33 g/s

-----------------------
ptotal_climb: 1,614 kW, mtom_est: 6,669 kg, mtom: 6,647 kg, residual: +22.16 kg

MTOM update: newton, relax=0.622 -> mtom_next=6,674.99 kg

======================================================
======================= ITER 7 =======================
Reynolds_number: 11,112,677
Stack prop output power: 615 kW, Pcomp: 31.7 kW
Cell efficiency: 0.300, Output efficiency: 0.271
mdot_h2: 15.29 g/s
Reynolds_number: 11,112,677
Stack prop output power: 615 kW, Pcomp: 31.7 kW
Cell efficiency: 0.300, Output efficiency: 0.271
mdot_h2: 15.29 g/s
Reynolds_number: 11,112,677
Stack prop output power: 458 kW, Pcomp: 4.1 kW
Cell efficiency: 0.281, Output efficiency: 0.264
mdot_h2: 11.66 g/s
Reynolds_number: 11,112,677
Stack prop output power: 458 kW, Pcomp: 4.1 kW
Cell efficiency: 0.281, Output efficiency: 0.264
mdot_h2: 11.66 g/s
Reynolds_number: 11,112,677
Stack prop output power: 458 kW, Pcomp: 23.6 kW
Cell efficiency: 0.300, Output efficiency: 0.271
mdot_h2: 11.38 g/s

-----------------------
ptotal_climb: 1,621 kW, mtom_est: 6,684 kg, mtom: 6,675 kg, residual: +8.91 kg

MTOM update: newton, relax=0.746 -> mtom_next=6,689.18 kg

======================================================
======================= ITER 8 =======================
Reynolds_number: 11,112,677
Stack prop output power: 616 kW, Pcomp: 31.8 kW
Cell efficiency: 0.300, Output efficiency: 0.271
mdot_h2: 15.32 g/s
Reynolds_number: 11,112,677
Stack prop output power: 616 kW, Pcomp: 31.8 kW
Cell efficiency: 0.300, Output efficiency: 0.271
mdot_h2: 15.32 g/s
Reynolds_number: 11,112,677
Stack prop output power: 459 kW, Pcomp: 4.1 kW
Cell efficiency: 0.281, Output efficiency: 0.264
mdot_h2: 11.68 g/s
Reynolds_number: 11,112,677
Stack prop output power: 459 kW, Pcomp: 4.1 kW
Cell efficiency: 0.281, Output efficiency: 0.264
mdot_h2: 11.68 g/s
Reynolds_number: 11,112,677
Stack prop output power: 459 kW, Pcomp: 23.7 kW
Cell efficiency: 0.300, Output efficiency: 0.271
mdot_h2: 11.40 g/s

-----------------------
ptotal_climb: 1,624 kW, mtom_est: 6,691 kg, mtom: 6,689 kg, residual: +1.77 kg

Reynolds_number: 11,112,677
Stack prop output power: 616 kW, Pcomp: 31.8 kW
Cell efficiency: 0.300, Output efficiency: 0.271
mdot_h2: 15.32 g/s
Reynolds_number: 11,112,677
Stack prop output power: 616 kW, Pcomp: 31.8 kW
Cell efficiency: 0.300, Output efficiency: 0.271
mdot_h2: 15.32 g/s
Reynolds_number: 6,709,346
Stack prop output power: 459 kW, Pcomp: 4.0 kW
Cell efficiency: 0.305, Output efficiency: 0.287
mdot_h2: 10.76 g/s
Reynolds_number: 6,709,346
Stack prop output power: 459 kW, Pcomp: 4.0 kW
Cell efficiency: 0.305, Output efficiency: 0.287
mdot_h2: 10.76 g/s

CONVERGED

CONVERGED STATE [MTOM iteration 8]
  MTOM=6,691 kg | Wing loading=208.84 kg/m^2 | P/W(climb)=242.76 W/kg
  Phase power: climb=1,624.3 kW | cruise=1,798.8 kW | takeoff=1,581.7 kW | cruise+charger=1,798.8 kW
  Power split (climb): FC=917.4 kW | Battery=305.8 kW | Compressor=8.2 kW | Cooling=392.9 kW | H2=23.360 g/s
  Mass summary: MTOM=6,691 kg | Powertrain=1,608 kg | Tank=593.4 kg | Fuel=263.7 kg | Battery=318.0 kg | Nacelle power density=0.68 kW/kg
  Config: wing loading input=208.79 kg/m^2 | P/W TO/Cl/Cr=0.13398/0.13398/0.13398 kW/kg

CONVERGED STATE [focus pass 0 | W/S=2,047.5 Pa (208.79 kg/m^2)]
  MTOM=6,691 kg | Wing loading=208.84 kg/m^2 | P/W(climb)=242.76 W/kg
  Phase power: climb=1,624.3 kW | cruise=1,798.8 kW | takeoff=1,581.7 kW | cruise+charger=1,798.8 kW
  Power split (climb): FC=917.4 kW | Battery=305.8 kW | Compressor=8.2 kW | Cooling=392.9 kW | H2=23.360 g/s
  Mass summary: MTOM=6,691 kg | Powertrain=1,608 kg | Tank=593.4 kg | Fuel=263.7 kg | Battery=318.0 kg | Nacelle power density=0.68 kW/kg
  Config: wing loading input=208.79 kg/m^2 | P/W TO/Cl/Cr=0.13398/0.13398/0.13398 kW/kg
======================================================
======================= ITER 1 =======================
Reynolds_number: 11,112,677
Stack prop output power: 616 kW, Pcomp: 31.7 kW
Cell efficiency: 0.300, Output efficiency: 0.271
mdot_h2: 15.30 g/s
Reynolds_number: 11,112,677
Stack prop output power: 616 kW, Pcomp: 31.7 kW
Cell efficiency: 0.300, Output efficiency: 0.271
mdot_h2: 15.30 g/s
Reynolds_number: 11,112,677
Stack prop output power: 458 kW, Pcomp: 4.1 kW
Cell efficiency: 0.281, Output efficiency: 0.264
mdot_h2: 11.67 g/s
Reynolds_number: 11,112,677
Stack prop output power: 458 kW, Pcomp: 4.1 kW
Cell efficiency: 0.281, Output efficiency: 0.264
mdot_h2: 11.67 g/s
Reynolds_number: 11,112,677
Stack prop output power: 458 kW, Pcomp: 23.6 kW
Cell efficiency: 0.300, Output efficiency: 0.271
mdot_h2: 11.39 g/s

-----------------------
ptotal_climb: 1,622 kW, mtom_est: 6,662 kg, mtom: 6,691 kg, residual: -29.19 kg

MTOM update: initial_bracket_probe_1, relax=1.000 -> mtom_next=6,256.04 kg

======================================================
======================= ITER 2 =======================
Reynolds_number: 11,112,677
Stack prop output power: 576 kW, Pcomp: 29.7 kW
Cell efficiency: 0.300, Output efficiency: 0.271
mdot_h2: 14.31 g/s
Reynolds_number: 11,112,677
Stack prop output power: 576 kW, Pcomp: 29.7 kW
Cell efficiency: 0.300, Output efficiency: 0.271
mdot_h2: 14.31 g/s
Reynolds_number: 11,112,677
Stack prop output power: 428 kW, Pcomp: 3.8 kW
Cell efficiency: 0.281, Output efficiency: 0.264
mdot_h2: 10.91 g/s
Reynolds_number: 11,112,677
Stack prop output power: 428 kW, Pcomp: 3.8 kW
Cell efficiency: 0.281, Output efficiency: 0.264
mdot_h2: 10.91 g/s
Reynolds_number: 11,112,677
Stack prop output power: 428 kW, Pcomp: 22.1 kW
Cell efficiency: 0.300, Output efficiency: 0.271
mdot_h2: 10.65 g/s

-----------------------
ptotal_climb: 1,517 kW, mtom_est: 6,444 kg, mtom: 6,256 kg, residual: +188.36 kg

MTOM update: newton, relax=0.300 -> mtom_next=6,369.01 kg

======================================================
======================= ITER 3 =======================
Reynolds_number: 11,112,677
Stack prop output power: 586 kW, Pcomp: 30.2 kW
Cell efficiency: 0.300, Output efficiency: 0.271
mdot_h2: 14.57 g/s
Reynolds_number: 11,112,677
Stack prop output power: 586 kW, Pcomp: 30.2 kW
Cell efficiency: 0.300, Output efficiency: 0.271
mdot_h2: 14.57 g/s
Reynolds_number: 11,112,677
Stack prop output power: 436 kW, Pcomp: 3.9 kW
Cell efficiency: 0.281, Output efficiency: 0.264
mdot_h2: 11.10 g/s
Reynolds_number: 11,112,677
Stack prop output power: 436 kW, Pcomp: 3.9 kW
Cell efficiency: 0.281, Output efficiency: 0.264
mdot_h2: 11.10 g/s
Reynolds_number: 11,112,677
Stack prop output power: 436 kW, Pcomp: 22.5 kW
Cell efficiency: 0.300, Output efficiency: 0.271
mdot_h2: 10.84 g/s

-----------------------
ptotal_climb: 1,544 kW, mtom_est: 6,496 kg, mtom: 6,369 kg, residual: +127.29 kg

MTOM update: newton, relax=0.360 -> mtom_next=6,453.77 kg

======================================================
======================= ITER 4 =======================
Reynolds_number: 11,112,677
Stack prop output power: 594 kW, Pcomp: 30.6 kW
Cell efficiency: 0.300, Output efficiency: 0.271
mdot_h2: 14.76 g/s
Reynolds_number: 11,112,677
Stack prop output power: 594 kW, Pcomp: 30.6 kW
Cell efficiency: 0.300, Output efficiency: 0.271
mdot_h2: 14.76 g/s
Reynolds_number: 11,112,677
Stack prop output power: 442 kW, Pcomp: 4.0 kW
Cell efficiency: 0.281, Output efficiency: 0.264
mdot_h2: 11.25 g/s
Reynolds_number: 11,112,677
Stack prop output power: 442 kW, Pcomp: 4.0 kW
Cell efficiency: 0.281, Output efficiency: 0.264
mdot_h2: 11.25 g/s
Reynolds_number: 11,112,677
Stack prop output power: 442 kW, Pcomp: 22.8 kW
Cell efficiency: 0.300, Output efficiency: 0.271
mdot_h2: 10.99 g/s

-----------------------
ptotal_climb: 1,565 kW, mtom_est: 6,539 kg, mtom: 6,454 kg, residual: +85.12 kg

MTOM update: newton, relax=0.432 -> mtom_next=6,527.69 kg

======================================================
======================= ITER 5 =======================
Reynolds_number: 11,112,677
Stack prop output power: 601 kW, Pcomp: 31.0 kW
Cell efficiency: 0.300, Output efficiency: 0.271
mdot_h2: 14.93 g/s
Reynolds_number: 11,112,677
Stack prop output power: 601 kW, Pcomp: 31.0 kW
Cell efficiency: 0.300, Output efficiency: 0.271
mdot_h2: 14.93 g/s
Reynolds_number: 11,112,677
Stack prop output power: 447 kW, Pcomp: 4.0 kW
Cell efficiency: 0.281, Output efficiency: 0.264
mdot_h2: 11.38 g/s
Reynolds_number: 11,112,677
Stack prop output power: 447 kW, Pcomp: 4.0 kW
Cell efficiency: 0.281, Output efficiency: 0.264
mdot_h2: 11.38 g/s
Reynolds_number: 11,112,677
Stack prop output power: 447 kW, Pcomp: 23.0 kW
Cell efficiency: 0.300, Output efficiency: 0.271
mdot_h2: 11.11 g/s

-----------------------
ptotal_climb: 1,583 kW, mtom_est: 6,577 kg, mtom: 6,528 kg, residual: +49.15 kg

MTOM update: newton, relax=0.518 -> mtom_next=6,580.04 kg

======================================================
======================= ITER 6 =======================
Reynolds_number: 11,112,677
Stack prop output power: 605 kW, Pcomp: 31.2 kW
Cell efficiency: 0.300, Output efficiency: 0.271
mdot_h2: 15.05 g/s
Reynolds_number: 11,112,677
Stack prop output power: 605 kW, Pcomp: 31.2 kW
Cell efficiency: 0.300, Output efficiency: 0.271
mdot_h2: 15.05 g/s
Reynolds_number: 11,112,677
Stack prop output power: 451 kW, Pcomp: 4.0 kW
Cell efficiency: 0.281, Output efficiency: 0.264
mdot_h2: 11.47 g/s
Reynolds_number: 11,112,677
Stack prop output power: 451 kW, Pcomp: 4.0 kW
Cell efficiency: 0.281, Output efficiency: 0.264
mdot_h2: 11.47 g/s
Reynolds_number: 11,112,677
Stack prop output power: 451 kW, Pcomp: 23.2 kW
Cell efficiency: 0.300, Output efficiency: 0.271
mdot_h2: 11.20 g/s

-----------------------
ptotal_climb: 1,595 kW, mtom_est: 6,604 kg, mtom: 6,580 kg, residual: +23.53 kg

MTOM update: newton, relax=0.622 -> mtom_next=6,609.96 kg

======================================================
======================= ITER 7 =======================
Reynolds_number: 11,112,677
Stack prop output power: 608 kW, Pcomp: 31.4 kW
Cell efficiency: 0.300, Output efficiency: 0.271
mdot_h2: 15.12 g/s
Reynolds_number: 11,112,677
Stack prop output power: 608 kW, Pcomp: 31.4 kW
Cell efficiency: 0.300, Output efficiency: 0.271
mdot_h2: 15.12 g/s
Reynolds_number: 11,112,677
Stack prop output power: 453 kW, Pcomp: 4.1 kW
Cell efficiency: 0.281, Output efficiency: 0.264
mdot_h2: 11.52 g/s
Reynolds_number: 11,112,677
Stack prop output power: 453 kW, Pcomp: 4.1 kW
Cell efficiency: 0.281, Output efficiency: 0.264
mdot_h2: 11.52 g/s
Reynolds_number: 11,112,677
Stack prop output power: 453 kW, Pcomp: 23.3 kW
Cell efficiency: 0.300, Output efficiency: 0.271
mdot_h2: 11.25 g/s

-----------------------
ptotal_climb: 1,603 kW, mtom_est: 6,619 kg, mtom: 6,610 kg, residual: +9.41 kg

MTOM update: newton, relax=0.746 -> mtom_next=6,624.85 kg

======================================================
======================= ITER 8 =======================
Reynolds_number: 11,112,677
Stack prop output power: 609 kW, Pcomp: 31.4 kW
Cell efficiency: 0.300, Output efficiency: 0.271
mdot_h2: 15.15 g/s
Reynolds_number: 11,112,677
Stack prop output power: 609 kW, Pcomp: 31.4 kW
Cell efficiency: 0.300, Output efficiency: 0.271
mdot_h2: 15.15 g/s
Reynolds_number: 11,112,677
Stack prop output power: 454 kW, Pcomp: 4.1 kW
Cell efficiency: 0.281, Output efficiency: 0.264
mdot_h2: 11.55 g/s
Reynolds_number: 11,112,677
Stack prop output power: 454 kW, Pcomp: 4.1 kW
Cell efficiency: 0.281, Output efficiency: 0.264
mdot_h2: 11.55 g/s
Reynolds_number: 11,112,677
Stack prop output power: 454 kW, Pcomp: 23.4 kW
Cell efficiency: 0.300, Output efficiency: 0.271
mdot_h2: 11.28 g/s

-----------------------
ptotal_climb: 1,606 kW, mtom_est: 6,628 kg, mtom: 6,625 kg, residual: +2.91 kg

Reynolds_number: 11,112,677
Stack prop output power: 609 kW, Pcomp: 31.4 kW
Cell efficiency: 0.300, Output efficiency: 0.271
mdot_h2: 15.15 g/s
Reynolds_number: 11,112,677
Stack prop output power: 609 kW, Pcomp: 31.4 kW
Cell efficiency: 0.300, Output efficiency: 0.271
mdot_h2: 15.15 g/s
Reynolds_number: 6,709,346
Stack prop output power: 454 kW, Pcomp: 4.0 kW
Cell efficiency: 0.305, Output efficiency: 0.287
mdot_h2: 10.64 g/s
Reynolds_number: 6,709,346
Stack prop output power: 454 kW, Pcomp: 4.0 kW
Cell efficiency: 0.305, Output efficiency: 0.287
mdot_h2: 10.64 g/s

CONVERGED

CONVERGED STATE [MTOM iteration 8]
  MTOM=6,628 kg | Wing loading=213.98 kg/m^2 | P/W(climb)=242.35 W/kg
  Phase power: climb=1,606.2 kW | cruise=1,778.8 kW | takeoff=1,564.1 kW | cruise+charger=1,778.8 kW
  Power split (climb): FC=907.2 kW | Battery=302.4 kW | Compressor=8.2 kW | Cooling=388.5 kW | H2=23.100 g/s
  Mass summary: MTOM=6,628 kg | Powertrain=1,593 kg | Tank=586.8 kg | Fuel=260.8 kg | Battery=314.5 kg | Nacelle power density=0.68 kW/kg
  Config: wing loading input=213.89 kg/m^2 | P/W TO/Cl/Cr=0.13377/0.13377/0.13377 kW/kg

CONVERGED STATE [focus pass 0 | W/S=2,097.5 Pa (213.89 kg/m^2)]
  MTOM=6,628 kg | Wing loading=213.98 kg/m^2 | P/W(climb)=242.35 W/kg
  Phase power: climb=1,606.2 kW | cruise=1,778.8 kW | takeoff=1,564.1 kW | cruise+charger=1,778.8 kW
  Power split (climb): FC=907.2 kW | Battery=302.4 kW | Compressor=8.2 kW | Cooling=388.5 kW | H2=23.100 g/s
  Mass summary: MTOM=6,628 kg | Powertrain=1,593 kg | Tank=586.8 kg | Fuel=260.8 kg | Battery=314.5 kg | Nacelle power density=0.68 kW/kg
  Config: wing loading input=213.89 kg/m^2 | P/W TO/Cl/Cr=0.13377/0.13377/0.13377 kW/kg
======================================================
======================= ITER 1 =======================
Reynolds_number: 11,112,677
Stack prop output power: 609 kW, Pcomp: 31.4 kW
Cell efficiency: 0.300, Output efficiency: 0.271
mdot_h2: 15.14 g/s
Reynolds_number: 11,112,677
Stack prop output power: 609 kW, Pcomp: 31.4 kW
Cell efficiency: 0.300, Output efficiency: 0.271
mdot_h2: 15.14 g/s
Reynolds_number: 11,112,677
Stack prop output power: 453 kW, Pcomp: 4.1 kW
Cell efficiency: 0.281, Output efficiency: 0.264
mdot_h2: 11.54 g/s
Reynolds_number: 11,112,677
Stack prop output power: 453 kW, Pcomp: 4.1 kW
Cell efficiency: 0.281, Output efficiency: 0.264
mdot_h2: 11.54 g/s
Reynolds_number: 11,112,677
Stack prop output power: 453 kW, Pcomp: 23.4 kW
Cell efficiency: 0.300, Output efficiency: 0.271
mdot_h2: 11.27 g/s

-----------------------
ptotal_climb: 1,605 kW, mtom_est: 6,600 kg, mtom: 6,628 kg, residual: -27.57 kg

MTOM update: initial_bracket_probe_1, relax=1.000 -> mtom_next=6,196.96 kg

======================================================
======================= ITER 2 =======================
Reynolds_number: 11,112,677
Stack prop output power: 569 kW, Pcomp: 29.4 kW
Cell efficiency: 0.300, Output efficiency: 0.271
mdot_h2: 14.16 g/s
Reynolds_number: 11,112,677
Stack prop output power: 569 kW, Pcomp: 29.4 kW
Cell efficiency: 0.300, Output efficiency: 0.271
mdot_h2: 14.16 g/s
Reynolds_number: 11,112,677
Stack prop output power: 424 kW, Pcomp: 3.8 kW
Cell efficiency: 0.281, Output efficiency: 0.264
mdot_h2: 10.79 g/s
Reynolds_number: 11,112,677
Stack prop output power: 424 kW, Pcomp: 3.8 kW
Cell efficiency: 0.281, Output efficiency: 0.264
mdot_h2: 10.79 g/s
Reynolds_number: 11,112,677
Stack prop output power: 424 kW, Pcomp: 21.9 kW
Cell efficiency: 0.300, Output efficiency: 0.271
mdot_h2: 10.54 g/s

-----------------------
ptotal_climb: 1,501 kW, mtom_est: 6,381 kg, mtom: 6,197 kg, residual: +184.18 kg

MTOM update: newton, relax=0.300 -> mtom_next=6,309.37 kg

======================================================
======================= ITER 3 =======================
Reynolds_number: 11,112,677
Stack prop output power: 580 kW, Pcomp: 29.9 kW
Cell efficiency: 0.300, Output efficiency: 0.271
mdot_h2: 14.41 g/s
Reynolds_number: 11,112,677
Stack prop output power: 580 kW, Pcomp: 29.9 kW
Cell efficiency: 0.300, Output efficiency: 0.271
mdot_h2: 14.41 g/s
Reynolds_number: 11,112,677
Stack prop output power: 431 kW, Pcomp: 3.9 kW
Cell efficiency: 0.281, Output efficiency: 0.264
mdot_h2: 10.99 g/s
Reynolds_number: 11,112,677
Stack prop output power: 431 kW, Pcomp: 3.9 kW
Cell efficiency: 0.281, Output efficiency: 0.264
mdot_h2: 10.99 g/s
Reynolds_number: 11,112,677
Stack prop output power: 431 kW, Pcomp: 22.3 kW
Cell efficiency: 0.300, Output efficiency: 0.271
mdot_h2: 10.73 g/s

-----------------------
ptotal_climb: 1,528 kW, mtom_est: 6,437 kg, mtom: 6,309 kg, residual: +127.38 kg

MTOM update: newton, relax=0.360 -> mtom_next=6,400.13 kg

======================================================
======================= ITER 4 =======================
Reynolds_number: 11,112,677
Stack prop output power: 588 kW, Pcomp: 30.3 kW
Cell efficiency: 0.300, Output efficiency: 0.271
mdot_h2: 14.62 g/s
Reynolds_number: 11,112,677
Stack prop output power: 588 kW, Pcomp: 30.3 kW
Cell efficiency: 0.300, Output efficiency: 0.271
mdot_h2: 14.62 g/s
Reynolds_number: 11,112,677
Stack prop output power: 438 kW, Pcomp: 3.9 kW
Cell efficiency: 0.281, Output efficiency: 0.264
mdot_h2: 11.14 g/s
Reynolds_number: 11,112,677
Stack prop output power: 438 kW, Pcomp: 3.9 kW
Cell efficiency: 0.281, Output efficiency: 0.264
mdot_h2: 11.14 g/s
Reynolds_number: 11,112,677
Stack prop output power: 438 kW, Pcomp: 22.6 kW
Cell efficiency: 0.300, Output efficiency: 0.271
mdot_h2: 10.88 g/s

-----------------------
ptotal_climb: 1,550 kW, mtom_est: 6,482 kg, mtom: 6,400 kg, residual: +82.07 kg

MTOM update: newton, relax=0.432 -> mtom_next=6,471.15 kg

======================================================
======================= ITER 5 =======================
Reynolds_number: 11,112,677
Stack prop output power: 595 kW, Pcomp: 30.7 kW
Cell efficiency: 0.300, Output efficiency: 0.271
mdot_h2: 14.78 g/s
Reynolds_number: 11,112,677
Stack prop output power: 595 kW, Pcomp: 30.7 kW
Cell efficiency: 0.300, Output efficiency: 0.271
mdot_h2: 14.78 g/s
Reynolds_number: 11,112,677
Stack prop output power: 443 kW, Pcomp: 4.0 kW
Cell efficiency: 0.281, Output efficiency: 0.264
mdot_h2: 11.27 g/s
Reynolds_number: 11,112,677
Stack prop output power: 443 kW, Pcomp: 4.0 kW
Cell efficiency: 0.281, Output efficiency: 0.264
mdot_h2: 11.27 g/s
Reynolds_number: 11,112,677
Stack prop output power: 443 kW, Pcomp: 22.8 kW
Cell efficiency: 0.300, Output efficiency: 0.271
mdot_h2: 11.00 g/s

-----------------------
ptotal_climb: 1,567 kW, mtom_est: 6,519 kg, mtom: 6,471 kg, residual: +47.56 kg

MTOM update: newton, relax=0.518 -> mtom_next=6,521.89 kg

======================================================
======================= ITER 6 =======================
Reynolds_number: 11,112,677
Stack prop output power: 599 kW, Pcomp: 30.9 kW
Cell efficiency: 0.300, Output efficiency: 0.271
mdot_h2: 14.90 g/s
Reynolds_number: 11,112,677
Stack prop output power: 599 kW, Pcomp: 30.9 kW
Cell efficiency: 0.300, Output efficiency: 0.271
mdot_h2: 14.90 g/s
Reynolds_number: 11,112,677
Stack prop output power: 446 kW, Pcomp: 4.0 kW
Cell efficiency: 0.281, Output efficiency: 0.264
mdot_h2: 11.36 g/s
Reynolds_number: 11,112,677
Stack prop output power: 446 kW, Pcomp: 4.0 kW
Cell efficiency: 0.281, Output efficiency: 0.264
mdot_h2: 11.36 g/s
Reynolds_number: 11,112,677
Stack prop output power: 446 kW, Pcomp: 23.0 kW
Cell efficiency: 0.300, Output efficiency: 0.271
mdot_h2: 11.09 g/s

-----------------------
ptotal_climb: 1,579 kW, mtom_est: 6,546 kg, mtom: 6,522 kg, residual: +23.72 kg

MTOM update: newton, relax=0.622 -> mtom_next=6,553.30 kg

======================================================
======================= ITER 7 =======================
Reynolds_number: 11,112,677
Stack prop output power: 602 kW, Pcomp: 31.1 kW
Cell efficiency: 0.300, Output efficiency: 0.271
mdot_h2: 14.97 g/s
Reynolds_number: 11,112,677
Stack prop output power: 602 kW, Pcomp: 31.1 kW
Cell efficiency: 0.300, Output efficiency: 0.271
mdot_h2: 14.97 g/s
Reynolds_number: 11,112,677
Stack prop output power: 448 kW, Pcomp: 4.0 kW
Cell efficiency: 0.281, Output efficiency: 0.264
mdot_h2: 11.41 g/s
Reynolds_number: 11,112,677
Stack prop output power: 448 kW, Pcomp: 4.0 kW
Cell efficiency: 0.281, Output efficiency: 0.264
mdot_h2: 11.41 g/s
Reynolds_number: 11,112,677
Stack prop output power: 448 kW, Pcomp: 23.1 kW
Cell efficiency: 0.300, Output efficiency: 0.271
mdot_h2: 11.14 g/s

-----------------------
ptotal_climb: 1,587 kW, mtom_est: 6,564 kg, mtom: 6,553 kg, residual: +10.42 kg

MTOM update: newton, relax=0.746 -> mtom_next=6,571.66 kg

======================================================
======================= ITER 8 =======================
Reynolds_number: 11,112,677
Stack prop output power: 604 kW, Pcomp: 31.1 kW
Cell efficiency: 0.300, Output efficiency: 0.271
mdot_h2: 15.01 g/s
Reynolds_number: 11,112,677
Stack prop output power: 604 kW, Pcomp: 31.1 kW
Cell efficiency: 0.300, Output efficiency: 0.271
mdot_h2: 15.01 g/s
Reynolds_number: 11,112,677
Stack prop output power: 449 kW, Pcomp: 4.0 kW
Cell efficiency: 0.281, Output efficiency: 0.264
mdot_h2: 11.44 g/s
Reynolds_number: 11,112,677
Stack prop output power: 449 kW, Pcomp: 4.0 kW
Cell efficiency: 0.281, Output efficiency: 0.264
mdot_h2: 11.44 g/s
Reynolds_number: 11,112,677
Stack prop output power: 449 kW, Pcomp: 23.2 kW
Cell efficiency: 0.300, Output efficiency: 0.271
mdot_h2: 11.17 g/s

-----------------------
ptotal_climb: 1,591 kW, mtom_est: 6,571 kg, mtom: 6,572 kg, residual: -0.42 kg

Reynolds_number: 11,112,677
Stack prop output power: 604 kW, Pcomp: 31.1 kW
Cell efficiency: 0.300, Output efficiency: 0.271
mdot_h2: 15.01 g/s
Reynolds_number: 11,112,677
Stack prop output power: 604 kW, Pcomp: 31.1 kW
Cell efficiency: 0.300, Output efficiency: 0.271
mdot_h2: 15.01 g/s
Reynolds_number: 6,709,346
Stack prop output power: 449 kW, Pcomp: 3.9 kW
Cell efficiency: 0.305, Output efficiency: 0.287
mdot_h2: 10.54 g/s
Reynolds_number: 6,709,346
Stack prop output power: 449 kW, Pcomp: 3.9 kW
Cell efficiency: 0.305, Output efficiency: 0.287
mdot_h2: 10.54 g/s

CONVERGED

CONVERGED STATE [MTOM iteration 8]
  MTOM=6,571 kg | Wing loading=218.97 kg/m^2 | P/W(climb)=242.17 W/kg
  Phase power: climb=1,591.4 kW | cruise=1,762.4 kW | takeoff=1,549.7 kW | cruise+charger=1,762.4 kW
  Power split (climb): FC=898.8 kW | Battery=299.6 kW | Compressor=8.1 kW | Cooling=384.9 kW | H2=22.887 g/s
  Mass summary: MTOM=6,571 kg | Powertrain=1,579 kg | Tank=581.3 kg | Fuel=258.4 kg | Battery=311.6 kg | Nacelle power density=0.68 kW/kg
  Config: wing loading input=218.98 kg/m^2 | P/W TO/Cl/Cr=0.13361/0.13361/0.13361 kW/kg

CONVERGED STATE [focus pass 0 | W/S=2,147.5 Pa (218.98 kg/m^2)]
  MTOM=6,571 kg | Wing loading=218.97 kg/m^2 | P/W(climb)=242.17 W/kg
  Phase power: climb=1,591.4 kW | cruise=1,762.4 kW | takeoff=1,549.7 kW | cruise+charger=1,762.4 kW
  Power split (climb): FC=898.8 kW | Battery=299.6 kW | Compressor=8.1 kW | Cooling=384.9 kW | H2=22.887 g/s
  Mass summary: MTOM=6,571 kg | Powertrain=1,579 kg | Tank=581.3 kg | Fuel=258.4 kg | Battery=311.6 kg | Nacelle power density=0.68 kW/kg
  Config: wing loading input=218.98 kg/m^2 | P/W TO/Cl/Cr=0.13361/0.13361/0.13361 kW/kg
======================================================
======================= ITER 1 =======================
Reynolds_number: 11,112,677
Stack prop output power: 603 kW, Pcomp: 31.1 kW
Cell efficiency: 0.300, Output efficiency: 0.271
mdot_h2: 15.00 g/s
Reynolds_number: 11,112,677
Stack prop output power: 603 kW, Pcomp: 31.1 kW
Cell efficiency: 0.300, Output efficiency: 0.271
mdot_h2: 15.00 g/s
Reynolds_number: 11,112,677
Stack prop output power: 449 kW, Pcomp: 4.0 kW
Cell efficiency: 0.281, Output efficiency: 0.264
mdot_h2: 11.43 g/s
Reynolds_number: 11,112,677
Stack prop output power: 449 kW, Pcomp: 4.0 kW
Cell efficiency: 0.281, Output efficiency: 0.264
mdot_h2: 11.43 g/s
Reynolds_number: 11,112,677
Stack prop output power: 449 kW, Pcomp: 23.2 kW
Cell efficiency: 0.300, Output efficiency: 0.271
mdot_h2: 11.16 g/s

-----------------------
ptotal_climb: 1,590 kW, mtom_est: 6,548 kg, mtom: 6,571 kg, residual: -23.71 kg

MTOM update: initial_bracket_probe_1, relax=1.000 -> mtom_next=6,144.11 kg

======================================================
======================= ITER 2 =======================
Reynolds_number: 11,112,677
Stack prop output power: 564 kW, Pcomp: 29.1 kW
Cell efficiency: 0.300, Output efficiency: 0.271
mdot_h2: 14.02 g/s
Reynolds_number: 11,112,677
Stack prop output power: 564 kW, Pcomp: 29.1 kW
Cell efficiency: 0.300, Output efficiency: 0.271
mdot_h2: 14.02 g/s
Reynolds_number: 11,112,677
Stack prop output power: 420 kW, Pcomp: 3.8 kW
Cell efficiency: 0.281, Output efficiency: 0.264
mdot_h2: 10.69 g/s
Reynolds_number: 11,112,677
Stack prop output power: 420 kW, Pcomp: 3.8 kW
Cell efficiency: 0.281, Output efficiency: 0.264
mdot_h2: 10.69 g/s
Reynolds_number: 11,112,677
Stack prop output power: 420 kW, Pcomp: 21.6 kW
Cell efficiency: 0.300, Output efficiency: 0.271
mdot_h2: 10.44 g/s

-----------------------
ptotal_climb: 1,486 kW, mtom_est: 6,327 kg, mtom: 6,144 kg, residual: +182.64 kg

MTOM update: newton, relax=0.300 -> mtom_next=6,257.52 kg

======================================================
======================= ITER 3 =======================
Reynolds_number: 11,112,677
Stack prop output power: 574 kW, Pcomp: 29.6 kW
Cell efficiency: 0.300, Output efficiency: 0.271
mdot_h2: 14.28 g/s
Reynolds_number: 11,112,677
Stack prop output power: 574 kW, Pcomp: 29.6 kW
Cell efficiency: 0.300, Output efficiency: 0.271
mdot_h2: 14.28 g/s
Reynolds_number: 11,112,677
Stack prop output power: 427 kW, Pcomp: 3.8 kW
Cell efficiency: 0.281, Output efficiency: 0.264
mdot_h2: 10.89 g/s
Reynolds_number: 11,112,677
Stack prop output power: 427 kW, Pcomp: 3.8 kW
Cell efficiency: 0.281, Output efficiency: 0.264
mdot_h2: 10.89 g/s
Reynolds_number: 11,112,677
Stack prop output power: 427 kW, Pcomp: 22.0 kW
Cell efficiency: 0.300, Output efficiency: 0.271
mdot_h2: 10.63 g/s

-----------------------
ptotal_climb: 1,514 kW, mtom_est: 6,383 kg, mtom: 6,258 kg, residual: +125.36 kg

MTOM update: newton, relax=0.360 -> mtom_next=6,346.88 kg

======================================================
======================= ITER 4 =======================
Reynolds_number: 11,112,677
Stack prop output power: 583 kW, Pcomp: 30.0 kW
Cell efficiency: 0.300, Output efficiency: 0.271
mdot_h2: 14.49 g/s
Reynolds_number: 11,112,677
Stack prop output power: 583 kW, Pcomp: 30.0 kW
Cell efficiency: 0.300, Output efficiency: 0.271
mdot_h2: 14.49 g/s
Reynolds_number: 11,112,677
Stack prop output power: 434 kW, Pcomp: 3.9 kW
Cell efficiency: 0.281, Output efficiency: 0.264
mdot_h2: 11.04 g/s
Reynolds_number: 11,112,677
Stack prop output power: 434 kW, Pcomp: 3.9 kW
Cell efficiency: 0.281, Output efficiency: 0.264
mdot_h2: 11.04 g/s
Reynolds_number: 11,112,677
Stack prop output power: 434 kW, Pcomp: 22.4 kW
Cell efficiency: 0.300, Output efficiency: 0.271
mdot_h2: 10.78 g/s

-----------------------
ptotal_climb: 1,535 kW, mtom_est: 6,431 kg, mtom: 6,347 kg, residual: +84.33 kg

MTOM update: newton, relax=0.432 -> mtom_next=6,426.22 kg

======================================================
======================= ITER 5 =======================
Reynolds_number: 11,112,677
Stack prop output power: 590 kW, Pcomp: 30.4 kW
Cell efficiency: 0.300, Output efficiency: 0.271
mdot_h2: 14.67 g/s
Reynolds_number: 11,112,677
Stack prop output power: 590 kW, Pcomp: 30.4 kW
Cell efficiency: 0.300, Output efficiency: 0.271
mdot_h2: 14.67 g/s
Reynolds_number: 11,112,677
Stack prop output power: 439 kW, Pcomp: 3.9 kW
Cell efficiency: 0.281, Output efficiency: 0.264
mdot_h2: 11.18 g/s
Reynolds_number: 11,112,677
Stack prop output power: 439 kW, Pcomp: 3.9 kW
Cell efficiency: 0.281, Output efficiency: 0.264
mdot_h2: 11.18 g/s
Reynolds_number: 11,112,677
Stack prop output power: 439 kW, Pcomp: 22.6 kW
Cell efficiency: 0.300, Output efficiency: 0.271
mdot_h2: 10.92 g/s

-----------------------
ptotal_climb: 1,555 kW, mtom_est: 6,473 kg, mtom: 6,426 kg, residual: +47.03 kg

MTOM update: newton, relax=0.518 -> mtom_next=6,478.08 kg

======================================================
======================= ITER 6 =======================
Reynolds_number: 11,112,677
Stack prop output power: 595 kW, Pcomp: 30.7 kW
Cell efficiency: 0.300, Output efficiency: 0.271
mdot_h2: 14.78 g/s
Reynolds_number: 11,112,677
Stack prop output power: 595 kW, Pcomp: 30.7 kW
Cell efficiency: 0.300, Output efficiency: 0.271
mdot_h2: 14.78 g/s
Reynolds_number: 11,112,677
Stack prop output power: 443 kW, Pcomp: 4.0 kW
Cell efficiency: 0.281, Output efficiency: 0.264
mdot_h2: 11.27 g/s
Reynolds_number: 11,112,677
Stack prop output power: 443 kW, Pcomp: 4.0 kW
Cell efficiency: 0.281, Output efficiency: 0.264
mdot_h2: 11.27 g/s
Reynolds_number: 11,112,677
Stack prop output power: 443 kW, Pcomp: 22.8 kW
Cell efficiency: 0.300, Output efficiency: 0.271
mdot_h2: 11.00 g/s

-----------------------
ptotal_climb: 1,567 kW, mtom_est: 6,496 kg, mtom: 6,478 kg, residual: +17.63 kg

MTOM update: newton, relax=0.622 -> mtom_next=6,497.42 kg

======================================================
======================= ITER 7 =======================
Reynolds_number: 11,112,677
Stack prop output power: 596 kW, Pcomp: 30.8 kW
Cell efficiency: 0.300, Output efficiency: 0.271
mdot_h2: 14.83 g/s
Reynolds_number: 11,112,677
Stack prop output power: 596 kW, Pcomp: 30.8 kW
Cell efficiency: 0.300, Output efficiency: 0.271
mdot_h2: 14.83 g/s
Reynolds_number: 11,112,677
Stack prop output power: 444 kW, Pcomp: 4.0 kW
Cell efficiency: 0.281, Output efficiency: 0.264
mdot_h2: 11.30 g/s
Reynolds_number: 11,112,677
Stack prop output power: 444 kW, Pcomp: 4.0 kW
Cell efficiency: 0.281, Output efficiency: 0.264
mdot_h2: 11.30 g/s
Reynolds_number: 11,112,677
Stack prop output power: 444 kW, Pcomp: 22.9 kW
Cell efficiency: 0.300, Output efficiency: 0.271
mdot_h2: 11.04 g/s

-----------------------
ptotal_climb: 1,572 kW, mtom_est: 6,506 kg, mtom: 6,497 kg, residual: +8.83 kg

MTOM update: newton, relax=0.746 -> mtom_next=6,511.92 kg

======================================================
======================= ITER 8 =======================
Reynolds_number: 11,112,677
Stack prop output power: 598 kW, Pcomp: 30.8 kW
Cell efficiency: 0.300, Output efficiency: 0.271
mdot_h2: 14.86 g/s
Reynolds_number: 11,112,677
Stack prop output power: 598 kW, Pcomp: 30.8 kW
Cell efficiency: 0.300, Output efficiency: 0.271
mdot_h2: 14.86 g/s
Reynolds_number: 11,112,677
Stack prop output power: 445 kW, Pcomp: 4.0 kW
Cell efficiency: 0.281, Output efficiency: 0.264
mdot_h2: 11.33 g/s
Reynolds_number: 11,112,677
Stack prop output power: 445 kW, Pcomp: 4.0 kW
Cell efficiency: 0.281, Output efficiency: 0.264
mdot_h2: 11.33 g/s
Reynolds_number: 11,112,677
Stack prop output power: 445 kW, Pcomp: 22.9 kW
Cell efficiency: 0.300, Output efficiency: 0.271
mdot_h2: 11.06 g/s

-----------------------
ptotal_climb: 1,575 kW, mtom_est: 6,513 kg, mtom: 6,512 kg, residual: +1.52 kg

Reynolds_number: 11,112,677
Stack prop output power: 598 kW, Pcomp: 30.8 kW
Cell efficiency: 0.300, Output efficiency: 0.271
mdot_h2: 14.86 g/s
Reynolds_number: 11,112,677
Stack prop output power: 598 kW, Pcomp: 30.8 kW
Cell efficiency: 0.300, Output efficiency: 0.271
mdot_h2: 14.86 g/s
Reynolds_number: 6,709,346
Stack prop output power: 445 kW, Pcomp: 3.9 kW
Cell efficiency: 0.305, Output efficiency: 0.287
mdot_h2: 10.43 g/s
Reynolds_number: 6,709,346
Stack prop output power: 445 kW, Pcomp: 3.9 kW
Cell efficiency: 0.305, Output efficiency: 0.287
mdot_h2: 10.43 g/s

CONVERGED

CONVERGED STATE [MTOM iteration 8]
  MTOM=6,513 kg | Wing loading=224.13 kg/m^2 | P/W(climb)=241.87 W/kg
  Phase power: climb=1,575.4 kW | cruise=1,744.7 kW | takeoff=1,534.1 kW | cruise+charger=1,744.7 kW
  Power split (climb): FC=889.8 kW | Battery=296.6 kW | Compressor=8.0 kW | Cooling=381.1 kW | H2=22.657 g/s
  Mass summary: MTOM=6,513 kg | Powertrain=1,564 kg | Tank=575.5 kg | Fuel=255.8 kg | Battery=308.4 kg | Nacelle power density=0.68 kW/kg
  Config: wing loading input=224.08 kg/m^2 | P/W TO/Cl/Cr=0.13348/0.13348/0.13348 kW/kg

CONVERGED STATE [focus pass 0 | W/S=2,197.5 Pa (224.08 kg/m^2)]
  MTOM=6,513 kg | Wing loading=224.13 kg/m^2 | P/W(climb)=241.87 W/kg
  Phase power: climb=1,575.4 kW | cruise=1,744.7 kW | takeoff=1,534.1 kW | cruise+charger=1,744.7 kW
  Power split (climb): FC=889.8 kW | Battery=296.6 kW | Compressor=8.0 kW | Cooling=381.1 kW | H2=22.657 g/s
  Mass summary: MTOM=6,513 kg | Powertrain=1,564 kg | Tank=575.5 kg | Fuel=255.8 kg | Battery=308.4 kg | Nacelle power density=0.68 kW/kg
  Config: wing loading input=224.08 kg/m^2 | P/W TO/Cl/Cr=0.13348/0.13348/0.13348 kW/kg
======================================================
======================= ITER 1 =======================
Reynolds_number: 11,112,677
Stack prop output power: 597 kW, Pcomp: 30.8 kW
Cell efficiency: 0.300, Output efficiency: 0.271
mdot_h2: 14.85 g/s
Reynolds_number: 11,112,677
Stack prop output power: 597 kW, Pcomp: 30.8 kW
Cell efficiency: 0.300, Output efficiency: 0.271
mdot_h2: 14.85 g/s
Reynolds_number: 11,112,677
Stack prop output power: 445 kW, Pcomp: 4.0 kW
Cell efficiency: 0.281, Output efficiency: 0.264
mdot_h2: 11.32 g/s
Reynolds_number: 11,112,677
Stack prop output power: 445 kW, Pcomp: 22.9 kW
Cell efficiency: 0.300, Output efficiency: 0.271
mdot_h2: 11.06 g/s

-----------------------
ptotal_climb: 1,575 kW, mtom_est: 6,490 kg, mtom: 6,513 kg, residual: -23.53 kg

MTOM update: initial_bracket_probe_1, relax=1.000 -> mtom_next=6,090.06 kg

======================================================
======================= ITER 2 =======================
Reynolds_number: 11,112,677
Stack prop output power: 559 kW, Pcomp: 28.8 kW
Cell efficiency: 0.300, Output efficiency: 0.271
mdot_h2: 13.89 g/s
Reynolds_number: 11,112,677
Stack prop output power: 559 kW, Pcomp: 28.8 kW
Cell efficiency: 0.300, Output efficiency: 0.271
mdot_h2: 13.89 g/s
Reynolds_number: 11,112,677
Stack prop output power: 416 kW, Pcomp: 3.7 kW
Cell efficiency: 0.281, Output efficiency: 0.264
mdot_h2: 10.59 g/s
Reynolds_number: 11,112,677
Stack prop output power: 416 kW, Pcomp: 3.7 kW
Cell efficiency: 0.281, Output efficiency: 0.264
mdot_h2: 10.59 g/s
Reynolds_number: 11,112,677
Stack prop output power: 416 kW, Pcomp: 21.4 kW
Cell efficiency: 0.300, Output efficiency: 0.271
mdot_h2: 10.34 g/s

-----------------------
ptotal_climb: 1,472 kW, mtom_est: 6,264 kg, mtom: 6,090 kg, residual: +174.24 kg

MTOM update: newton, relax=0.300 -> mtom_next=6,201.96 kg

======================================================
======================= ITER 3 =======================
Reynolds_number: 11,112,677
