Auto-widening W/S scan window for min_combined_pw: 1900.0..2600.0 -> 1725.0..2775.0 Pa (factor 1.500, lower_hit=True, upper_hit=False, min_on_edge=False).
Auto-widening W/S scan window for min_combined_pw: 1725.0..2775.0 -> 1462.5..3037.5 Pa (factor 1.500, lower_hit=True, upper_hit=False, min_on_edge=False).
ADRpy constraint sizing (min_combined_pw): W/S=2112.5 Pa (215.42 kg/m^2), P/W_TO=0.16953 kW/kg, P/W_climb=0.16894 kW/kg, P/W_cruise=0.12706 kW/kg
Curve minimum (combined/combined): W/S=2112.5 Pa (215.42 kg/m^2), P/W=0.16953 kW/kg
Curve minimum (takeoff/take-off): W/S=1462.5 Pa (149.13 kg/m^2), P/W=0.10196 kW/kg
Curve minimum (climb/climb): W/S=2312.5 Pa (235.81 kg/m^2), P/W=0.16652 kW/kg
Curve minimum (cruise/cruise): W/S=2312.5 Pa (235.81 kg/m^2), P/W=0.11922 kW/kg
======================================================
======================= ITER 1 =======================
Reynolds_number: 12,204,507
Stack prop output power: 500 kW, Pcomp: 16.1 kW
Cell efficiency: 0.301, Output efficiency: 0.277
mdot_h2: 12.13 g/s
Reynolds_number: 12,204,507
Stack prop output power: 453 kW, Pcomp: 14.6 kW
Cell efficiency: 0.301, Output efficiency: 0.277
mdot_h2: 10.99 g/s
Reynolds_number: 12,204,507
Stack prop output power: 451 kW, Pcomp: 14.5 kW
Cell efficiency: 0.301, Output efficiency: 0.277
mdot_h2: 10.95 g/s
Reynolds_number: 10,129,741
Stack prop output power: 500 kW, Pcomp: 16.1 kW
Cell efficiency: 0.299, Output efficiency: 0.276
mdot_h2: 12.21 g/s
Reynolds_number: 10,129,741
Stack prop output power: 453 kW, Pcomp: 14.6 kW
Cell efficiency: 0.299, Output efficiency: 0.276
mdot_h2: 11.06 g/s
Reynolds_number: 10,129,741
Stack prop output power: 451 kW, Pcomp: 14.5 kW
Cell efficiency: 0.299, Output efficiency: 0.276
mdot_h2: 11.02 g/s
Reynolds_number: 12,204,507
Stack prop output power: 356 kW, Pcomp: 3.2 kW
Cell efficiency: 0.292, Output efficiency: 0.275
mdot_h2: 8.72 g/s
Reynolds_number: 12,204,507
Stack prop output power: 435 kW, Pcomp: 3.9 kW
Cell efficiency: 0.292, Output efficiency: 0.275
mdot_h2: 10.68 g/s
Reynolds_number: 12,204,507
Stack prop output power: 436 kW, Pcomp: 3.9 kW
Cell efficiency: 0.292, Output efficiency: 0.275
mdot_h2: 10.69 g/s
Reynolds_number: 6,709,346
Stack prop output power: 355 kW, Pcomp: 3.1 kW
Cell efficiency: 0.305, Output efficiency: 0.287
mdot_h2: 8.33 g/s
Reynolds_number: 6,709,346
Stack prop output power: 437 kW, Pcomp: 3.8 kW
Cell efficiency: 0.305, Output efficiency: 0.287
mdot_h2: 10.25 g/s
Reynolds_number: 6,709,346
Stack prop output power: 438 kW, Pcomp: 3.8 kW
Cell efficiency: 0.305, Output efficiency: 0.287
mdot_h2: 10.26 g/s
Reynolds_number: 12,204,507
Stack prop output power: 500 kW, Pcomp: 16.1 kW
Cell efficiency: 0.301, Output efficiency: 0.277
mdot_h2: 12.13 g/s
Reynolds_number: 12,204,507
Stack prop output power: 453 kW, Pcomp: 14.6 kW
Cell efficiency: 0.301, Output efficiency: 0.277
mdot_h2: 10.99 g/s
Reynolds_number: 12,204,507
Stack prop output power: 451 kW, Pcomp: 14.5 kW
Cell efficiency: 0.301, Output efficiency: 0.277
mdot_h2: 10.95 g/s
Fuel-cell system mass representative phase: cruise (P_fc_sys=902.844 kW).

-----------------------
ptotal_climb: 1,161 kW, mtom_est: 6,753 kg, mtom: 5,000 kg, residual: +1,753.25 kg

MTOM update: initial_bracket_probe_1, relax=1.000 -> mtom_next=5,325.00 kg

======================================================
======================= ITER 2 =======================
Reynolds_number: 12,204,507
Stack prop output power: 451 kW, Pcomp: 14.5 kW
Cell efficiency: 0.301, Output efficiency: 0.277
mdot_h2: 10.95 g/s
Reynolds_number: 12,204,507
Stack prop output power: 480 kW, Pcomp: 15.4 kW
Cell efficiency: 0.301, Output efficiency: 0.277
mdot_h2: 11.64 g/s
Reynolds_number: 12,204,507
Stack prop output power: 481 kW, Pcomp: 15.5 kW
Cell efficiency: 0.301, Output efficiency: 0.277
mdot_h2: 11.66 g/s
Reynolds_number: 10,129,741
Stack prop output power: 451 kW, Pcomp: 14.5 kW
Cell efficiency: 0.299, Output efficiency: 0.276
mdot_h2: 11.02 g/s
Reynolds_number: 10,129,741
Stack prop output power: 480 kW, Pcomp: 15.4 kW
Cell efficiency: 0.299, Output efficiency: 0.276
mdot_h2: 11.72 g/s
Reynolds_number: 10,129,741
Stack prop output power: 481 kW, Pcomp: 15.5 kW
Cell efficiency: 0.299, Output efficiency: 0.276
mdot_h2: 11.74 g/s
Reynolds_number: 12,204,507
Stack prop output power: 427 kW, Pcomp: 3.8 kW
Cell efficiency: 0.292, Output efficiency: 0.275
mdot_h2: 10.46 g/s
Reynolds_number: 12,204,507
Stack prop output power: 464 kW, Pcomp: 4.1 kW
Cell efficiency: 0.292, Output efficiency: 0.275
mdot_h2: 11.38 g/s
Reynolds_number: 6,709,346
Stack prop output power: 428 kW, Pcomp: 3.7 kW
Cell efficiency: 0.305, Output efficiency: 0.287
mdot_h2: 10.04 g/s
Reynolds_number: 6,709,346
Stack prop output power: 466 kW, Pcomp: 4.1 kW
Cell efficiency: 0.305, Output efficiency: 0.287
mdot_h2: 10.92 g/s
Reynolds_number: 12,204,507
Stack prop output power: 451 kW, Pcomp: 14.5 kW
Cell efficiency: 0.301, Output efficiency: 0.277
mdot_h2: 10.95 g/s
Reynolds_number: 12,204,507
Stack prop output power: 480 kW, Pcomp: 15.4 kW
Cell efficiency: 0.301, Output efficiency: 0.277
mdot_h2: 11.64 g/s
Reynolds_number: 12,204,507
Stack prop output power: 481 kW, Pcomp: 15.5 kW
Cell efficiency: 0.301, Output efficiency: 0.277
mdot_h2: 11.66 g/s
Fuel-cell system mass representative phase: cruise (P_fc_sys=961.524 kW).

-----------------------
ptotal_climb: 1,236 kW, mtom_est: 7,001 kg, mtom: 5,325 kg, residual: +1,676.19 kg

MTOM update: initial_bracket_probe_2, relax=1.000 -> mtom_next=5,650.00 kg

======================================================
======================= ITER 3 =======================
Reynolds_number: 12,204,507
Stack prop output power: 481 kW, Pcomp: 15.5 kW
Cell efficiency: 0.301, Output efficiency: 0.277
mdot_h2: 11.66 g/s
Reynolds_number: 12,204,507
Stack prop output power: 509 kW, Pcomp: 16.4 kW
Cell efficiency: 0.301, Output efficiency: 0.277
mdot_h2: 12.35 g/s
Reynolds_number: 12,204,507
Stack prop output power: 510 kW, Pcomp: 16.4 kW
Cell efficiency: 0.301, Output efficiency: 0.277
mdot_h2: 12.38 g/s
Reynolds_number: 10,129,741
Stack prop output power: 481 kW, Pcomp: 15.5 kW
Cell efficiency: 0.299, Output efficiency: 0.276
mdot_h2: 11.74 g/s
Reynolds_number: 10,129,741
Stack prop output power: 509 kW, Pcomp: 16.4 kW
Cell efficiency: 0.299, Output efficiency: 0.276
mdot_h2: 12.43 g/s
Reynolds_number: 10,129,741
Stack prop output power: 510 kW, Pcomp: 16.4 kW
Cell efficiency: 0.299, Output efficiency: 0.276
mdot_h2: 12.45 g/s
Reynolds_number: 12,204,507
Stack prop output power: 455 kW, Pcomp: 4.0 kW
Cell efficiency: 0.292, Output efficiency: 0.275
mdot_h2: 11.16 g/s
Reynolds_number: 12,204,507
Stack prop output power: 493 kW, Pcomp: 4.4 kW
Cell efficiency: 0.292, Output efficiency: 0.275
mdot_h2: 12.08 g/s
Reynolds_number: 6,709,346
Stack prop output power: 457 kW, Pcomp: 4.0 kW
Cell efficiency: 0.305, Output efficiency: 0.287
mdot_h2: 10.71 g/s
Reynolds_number: 6,709,346
Stack prop output power: 494 kW, Pcomp: 4.3 kW
Cell efficiency: 0.305, Output efficiency: 0.287
mdot_h2: 11.59 g/s
Reynolds_number: 12,204,507
Stack prop output power: 481 kW, Pcomp: 15.5 kW
Cell efficiency: 0.301, Output efficiency: 0.277
mdot_h2: 11.66 g/s
Reynolds_number: 12,204,507
Stack prop output power: 509 kW, Pcomp: 16.4 kW
Cell efficiency: 0.301, Output efficiency: 0.277
mdot_h2: 12.35 g/s
Reynolds_number: 12,204,507
Stack prop output power: 510 kW, Pcomp: 16.4 kW
Cell efficiency: 0.301, Output efficiency: 0.277
mdot_h2: 12.38 g/s
Fuel-cell system mass representative phase: cruise (P_fc_sys=1020.209 kW).

-----------------------
ptotal_climb: 1,312 kW, mtom_est: 7,249 kg, mtom: 5,650 kg, residual: +1,599.41 kg

MTOM update: fixed_point_prebracket, relax=1.000 -> mtom_next=6,497.50 kg

======================================================
======================= ITER 4 =======================
Reynolds_number: 12,204,507
Stack prop output power: 510 kW, Pcomp: 16.4 kW
Cell efficiency: 0.301, Output efficiency: 0.277
mdot_h2: 12.38 g/s
Reynolds_number: 12,204,507
Stack prop output power: 584 kW, Pcomp: 18.8 kW
Cell efficiency: 0.301, Output efficiency: 0.277
mdot_h2: 14.17 g/s
Reynolds_number: 12,204,507
Stack prop output power: 587 kW, Pcomp: 18.9 kW
Cell efficiency: 0.301, Output efficiency: 0.277
mdot_h2: 14.23 g/s
Reynolds_number: 10,129,741
Stack prop output power: 510 kW, Pcomp: 16.4 kW
Cell efficiency: 0.299, Output efficiency: 0.276
mdot_h2: 12.46 g/s
Reynolds_number: 10,129,741
Stack prop output power: 584 kW, Pcomp: 18.8 kW
Cell efficiency: 0.299, Output efficiency: 0.276
mdot_h2: 14.26 g/s
Reynolds_number: 10,129,741
Stack prop output power: 587 kW, Pcomp: 18.9 kW
Cell efficiency: 0.299, Output efficiency: 0.276
mdot_h2: 14.32 g/s
Reynolds_number: 12,204,507
Stack prop output power: 468 kW, Pcomp: 4.2 kW
Cell efficiency: 0.292, Output efficiency: 0.275
mdot_h2: 11.48 g/s
Reynolds_number: 12,204,507
Stack prop output power: 566 kW, Pcomp: 5.0 kW
Cell efficiency: 0.292, Output efficiency: 0.275
mdot_h2: 13.87 g/s
Reynolds_number: 12,204,507
Stack prop output power: 567 kW, Pcomp: 5.0 kW
Cell efficiency: 0.292, Output efficiency: 0.275
mdot_h2: 13.90 g/s
Reynolds_number: 6,709,346
Stack prop output power: 470 kW, Pcomp: 4.1 kW
Cell efficiency: 0.305, Output efficiency: 0.287
mdot_h2: 11.02 g/s
Reynolds_number: 6,709,346
Stack prop output power: 568 kW, Pcomp: 4.9 kW
Cell efficiency: 0.305, Output efficiency: 0.287
mdot_h2: 13.32 g/s
Reynolds_number: 6,709,346
Stack prop output power: 569 kW, Pcomp: 5.0 kW
Cell efficiency: 0.305, Output efficiency: 0.287
mdot_h2: 13.34 g/s
Reynolds_number: 12,204,507
Stack prop output power: 510 kW, Pcomp: 16.4 kW
Cell efficiency: 0.301, Output efficiency: 0.277
mdot_h2: 12.38 g/s
Reynolds_number: 12,204,507
Stack prop output power: 584 kW, Pcomp: 18.8 kW
Cell efficiency: 0.301, Output efficiency: 0.277
mdot_h2: 14.17 g/s
Reynolds_number: 12,204,507
Stack prop output power: 587 kW, Pcomp: 18.9 kW
Cell efficiency: 0.301, Output efficiency: 0.277
mdot_h2: 14.23 g/s
Fuel-cell system mass representative phase: cruise (P_fc_sys=1173.237 kW).

-----------------------
ptotal_climb: 1,508 kW, mtom_est: 7,900 kg, mtom: 6,498 kg, residual: +1,402.24 kg

MTOM update: fixed_point_prebracket, relax=1.000 -> mtom_next=7,472.12 kg

======================================================
======================= ITER 5 =======================
Reynolds_number: 12,204,507
Stack prop output power: 587 kW, Pcomp: 18.9 kW
Cell efficiency: 0.301, Output efficiency: 0.277
mdot_h2: 14.23 g/s
Reynolds_number: 12,204,507
Stack prop output power: 672 kW, Pcomp: 21.6 kW
Cell efficiency: 0.301, Output efficiency: 0.277
mdot_h2: 16.30 g/s
Reynolds_number: 12,204,507
Stack prop output power: 675 kW, Pcomp: 21.7 kW
Cell efficiency: 0.301, Output efficiency: 0.277
mdot_h2: 16.37 g/s
Reynolds_number: 10,129,741
Stack prop output power: 587 kW, Pcomp: 18.9 kW
Cell efficiency: 0.299, Output efficiency: 0.276
mdot_h2: 14.32 g/s
Reynolds_number: 10,129,741
Stack prop output power: 672 kW, Pcomp: 21.6 kW
Cell efficiency: 0.299, Output efficiency: 0.276
mdot_h2: 16.40 g/s
Reynolds_number: 10,129,741
Stack prop output power: 674 kW, Pcomp: 21.7 kW
Cell efficiency: 0.299, Output efficiency: 0.276
mdot_h2: 16.47 g/s
Reynolds_number: 12,204,507
Stack prop output power: 539 kW, Pcomp: 4.8 kW
Cell efficiency: 0.292, Output efficiency: 0.275
mdot_h2: 13.21 g/s
Reynolds_number: 12,204,507
Stack prop output power: 651 kW, Pcomp: 5.8 kW
Cell efficiency: 0.292, Output efficiency: 0.275
mdot_h2: 15.96 g/s
Reynolds_number: 12,204,507
Stack prop output power: 652 kW, Pcomp: 5.8 kW
Cell efficiency: 0.292, Output efficiency: 0.275
mdot_h2: 15.98 g/s
Reynolds_number: 6,709,346
Stack prop output power: 541 kW, Pcomp: 4.7 kW
Cell efficiency: 0.305, Output efficiency: 0.287
mdot_h2: 12.68 g/s
Reynolds_number: 6,709,346
Stack prop output power: 653 kW, Pcomp: 5.7 kW
Cell efficiency: 0.305, Output efficiency: 0.287
mdot_h2: 15.31 g/s
Reynolds_number: 6,709,346
Stack prop output power: 654 kW, Pcomp: 5.7 kW
Cell efficiency: 0.305, Output efficiency: 0.287
mdot_h2: 15.34 g/s
Reynolds_number: 12,204,507
Stack prop output power: 587 kW, Pcomp: 18.9 kW
Cell efficiency: 0.301, Output efficiency: 0.277
mdot_h2: 14.23 g/s
Reynolds_number: 12,204,507
Stack prop output power: 672 kW, Pcomp: 21.6 kW
Cell efficiency: 0.301, Output efficiency: 0.277
mdot_h2: 16.30 g/s
Reynolds_number: 12,204,507
Stack prop output power: 675 kW, Pcomp: 21.7 kW
Cell efficiency: 0.301, Output efficiency: 0.277
mdot_h2: 16.37 g/s
Fuel-cell system mass representative phase: cruise (P_fc_sys=1349.222 kW).

-----------------------
ptotal_climb: 1,734 kW, mtom_est: 8,650 kg, mtom: 7,472 kg, residual: +1,178.16 kg

MTOM update: fixed_point_prebracket, relax=1.000 -> mtom_next=8,414.65 kg

======================================================
======================= ITER 6 =======================
Reynolds_number: 12,204,507
Stack prop output power: 675 kW, Pcomp: 21.7 kW
Cell efficiency: 0.301, Output efficiency: 0.277
mdot_h2: 16.37 g/s
Reynolds_number: 12,204,507
Stack prop output power: 757 kW, Pcomp: 24.4 kW
Cell efficiency: 0.301, Output efficiency: 0.277
mdot_h2: 18.37 g/s
Reynolds_number: 12,204,507
Stack prop output power: 760 kW, Pcomp: 24.4 kW
Cell efficiency: 0.301, Output efficiency: 0.277
mdot_h2: 18.43 g/s
Reynolds_number: 10,129,741
Stack prop output power: 675 kW, Pcomp: 21.7 kW
Cell efficiency: 0.299, Output efficiency: 0.276
mdot_h2: 16.47 g/s
Reynolds_number: 10,129,741
Stack prop output power: 757 kW, Pcomp: 24.3 kW
Cell efficiency: 0.299, Output efficiency: 0.276
mdot_h2: 18.48 g/s
Reynolds_number: 10,129,741
Stack prop output power: 760 kW, Pcomp: 24.4 kW
Cell efficiency: 0.299, Output efficiency: 0.276
mdot_h2: 18.55 g/s
Reynolds_number: 12,204,507
Stack prop output power: 625 kW, Pcomp: 5.5 kW
Cell efficiency: 0.292, Output efficiency: 0.275
mdot_h2: 15.31 g/s
Reynolds_number: 12,204,507
Stack prop output power: 733 kW, Pcomp: 6.5 kW
Cell efficiency: 0.292, Output efficiency: 0.275
mdot_h2: 17.97 g/s
Reynolds_number: 12,204,507
Stack prop output power: 734 kW, Pcomp: 6.5 kW
Cell efficiency: 0.292, Output efficiency: 0.275
mdot_h2: 18.00 g/s
Reynolds_number: 6,709,346
Stack prop output power: 627 kW, Pcomp: 5.5 kW
Cell efficiency: 0.305, Output efficiency: 0.287
mdot_h2: 14.70 g/s
Reynolds_number: 6,709,346
Stack prop output power: 736 kW, Pcomp: 6.4 kW
Cell efficiency: 0.305, Output efficiency: 0.287
mdot_h2: 17.25 g/s
Reynolds_number: 6,709,346
Stack prop output power: 737 kW, Pcomp: 6.4 kW
Cell efficiency: 0.305, Output efficiency: 0.287
mdot_h2: 17.27 g/s
Reynolds_number: 12,204,507
Stack prop output power: 675 kW, Pcomp: 21.7 kW
Cell efficiency: 0.301, Output efficiency: 0.277
mdot_h2: 16.37 g/s
Reynolds_number: 12,204,507
Stack prop output power: 757 kW, Pcomp: 24.4 kW
Cell efficiency: 0.301, Output efficiency: 0.277
mdot_h2: 18.37 g/s
Reynolds_number: 12,204,507
Stack prop output power: 760 kW, Pcomp: 24.4 kW
Cell efficiency: 0.301, Output efficiency: 0.277
mdot_h2: 18.43 g/s
Fuel-cell system mass representative phase: cruise (P_fc_sys=1519.413 kW).

-----------------------
ptotal_climb: 1,953 kW, mtom_est: 9,380 kg, mtom: 8,415 kg, residual: +965.39 kg

MTOM update: fixed_point_prebracket, relax=1.000 -> mtom_next=9,186.97 kg

======================================================
======================= ITER 7 =======================
Reynolds_number: 12,204,507
Stack prop output power: 760 kW, Pcomp: 24.4 kW
Cell efficiency: 0.301, Output efficiency: 0.277
mdot_h2: 18.43 g/s
Reynolds_number: 12,204,507
Stack prop output power: 827 kW, Pcomp: 26.6 kW
Cell efficiency: 0.301, Output efficiency: 0.277
mdot_h2: 20.07 g/s
Reynolds_number: 12,204,507
Stack prop output power: 829 kW, Pcomp: 26.7 kW
Cell efficiency: 0.301, Output efficiency: 0.277
mdot_h2: 20.12 g/s
Reynolds_number: 10,129,741
Stack prop output power: 760 kW, Pcomp: 24.4 kW
Cell efficiency: 0.299, Output efficiency: 0.276
mdot_h2: 18.55 g/s
Reynolds_number: 10,129,741
Stack prop output power: 827 kW, Pcomp: 26.6 kW
Cell efficiency: 0.299, Output efficiency: 0.276
mdot_h2: 20.20 g/s
Reynolds_number: 10,129,741
Stack prop output power: 829 kW, Pcomp: 26.7 kW
Cell efficiency: 0.299, Output efficiency: 0.276
mdot_h2: 20.25 g/s
Reynolds_number: 12,204,507
Stack prop output power: 712 kW, Pcomp: 6.3 kW
Cell efficiency: 0.292, Output efficiency: 0.275
mdot_h2: 17.45 g/s
Reynolds_number: 12,204,507
Stack prop output power: 801 kW, Pcomp: 7.1 kW
Cell efficiency: 0.292, Output efficiency: 0.275
mdot_h2: 19.63 g/s
Reynolds_number: 12,204,507
Stack prop output power: 801 kW, Pcomp: 7.1 kW
Cell efficiency: 0.292, Output efficiency: 0.275
mdot_h2: 19.65 g/s
Reynolds_number: 6,709,346
Stack prop output power: 714 kW, Pcomp: 6.2 kW
Cell efficiency: 0.305, Output efficiency: 0.287
mdot_h2: 16.75 g/s
Reynolds_number: 6,709,346
Stack prop output power: 803 kW, Pcomp: 7.0 kW
Cell efficiency: 0.305, Output efficiency: 0.287
mdot_h2: 18.84 g/s
Reynolds_number: 6,709,346
Stack prop output power: 804 kW, Pcomp: 7.0 kW
Cell efficiency: 0.305, Output efficiency: 0.287
mdot_h2: 18.86 g/s
Reynolds_number: 12,204,507
Stack prop output power: 760 kW, Pcomp: 24.4 kW
Cell efficiency: 0.301, Output efficiency: 0.277
mdot_h2: 18.43 g/s
Reynolds_number: 12,204,507
Stack prop output power: 827 kW, Pcomp: 26.6 kW
Cell efficiency: 0.301, Output efficiency: 0.277
mdot_h2: 20.07 g/s
Reynolds_number: 12,204,507
Stack prop output power: 829 kW, Pcomp: 26.7 kW
Cell efficiency: 0.301, Output efficiency: 0.277
mdot_h2: 20.12 g/s
Fuel-cell system mass representative phase: cruise (P_fc_sys=1658.869 kW).

-----------------------
ptotal_climb: 2,133 kW, mtom_est: 9,981 kg, mtom: 9,187 kg, residual: +794.06 kg

MTOM update: fixed_point_prebracket, relax=1.000 -> mtom_next=9,822.21 kg

======================================================
======================= ITER 8 =======================
Reynolds_number: 12,204,507
Stack prop output power: 829 kW, Pcomp: 26.7 kW
Cell efficiency: 0.301, Output efficiency: 0.277
mdot_h2: 20.13 g/s
Reynolds_number: 12,204,507
Stack prop output power: 885 kW, Pcomp: 28.5 kW
Cell efficiency: 0.301, Output efficiency: 0.277
mdot_h2: 21.47 g/s
Reynolds_number: 12,204,507
Stack prop output power: 887 kW, Pcomp: 28.5 kW
Cell efficiency: 0.301, Output efficiency: 0.277
mdot_h2: 21.52 g/s
Reynolds_number: 10,129,741
Stack prop output power: 829 kW, Pcomp: 26.7 kW
Cell efficiency: 0.299, Output efficiency: 0.276
mdot_h2: 20.25 g/s
Reynolds_number: 10,129,741
Stack prop output power: 885 kW, Pcomp: 28.4 kW
Cell efficiency: 0.299, Output efficiency: 0.276
mdot_h2: 21.61 g/s
Reynolds_number: 10,129,741
Stack prop output power: 887 kW, Pcomp: 28.5 kW
Cell efficiency: 0.299, Output efficiency: 0.276
mdot_h2: 21.65 g/s
Reynolds_number: 12,204,507
Stack prop output power: 783 kW, Pcomp: 6.9 kW
Cell efficiency: 0.292, Output efficiency: 0.275
mdot_h2: 19.20 g/s
Reynolds_number: 12,204,507
Stack prop output power: 856 kW, Pcomp: 7.6 kW
Cell efficiency: 0.292, Output efficiency: 0.275
mdot_h2: 20.99 g/s
Reynolds_number: 12,204,507
Stack prop output power: 857 kW, Pcomp: 7.6 kW
Cell efficiency: 0.292, Output efficiency: 0.275
mdot_h2: 21.01 g/s
Reynolds_number: 6,709,346
Stack prop output power: 786 kW, Pcomp: 6.8 kW
Cell efficiency: 0.305, Output efficiency: 0.287
mdot_h2: 18.43 g/s
Reynolds_number: 6,709,346
Stack prop output power: 859 kW, Pcomp: 7.5 kW
Cell efficiency: 0.305, Output efficiency: 0.287
mdot_h2: 20.14 g/s
Reynolds_number: 6,709,346
Stack prop output power: 860 kW, Pcomp: 7.5 kW
Cell efficiency: 0.305, Output efficiency: 0.287
mdot_h2: 20.16 g/s
Reynolds_number: 12,204,507
Stack prop output power: 829 kW, Pcomp: 26.7 kW
Cell efficiency: 0.301, Output efficiency: 0.277
mdot_h2: 20.13 g/s
Reynolds_number: 12,204,507
Stack prop output power: 885 kW, Pcomp: 28.5 kW
Cell efficiency: 0.301, Output efficiency: 0.277
mdot_h2: 21.47 g/s
Reynolds_number: 12,204,507
Stack prop output power: 887 kW, Pcomp: 28.5 kW
Cell efficiency: 0.301, Output efficiency: 0.277
mdot_h2: 21.52 g/s
Fuel-cell system mass representative phase: cruise (P_fc_sys=1773.575 kW).

-----------------------
ptotal_climb: 2,280 kW, mtom_est: 10,476 kg, mtom: 9,822 kg, residual: +653.45 kg

MTOM update: newton_prebracket, relax=1.000 -> mtom_next=11,295.54 kg

======================================================
======================= ITER 9 =======================
Reynolds_number: 12,204,507
Stack prop output power: 887 kW, Pcomp: 28.5 kW
Cell efficiency: 0.301, Output efficiency: 0.277
mdot_h2: 21.52 g/s
Reynolds_number: 12,204,507
Stack prop output power: 1,016 kW, Pcomp: 32.7 kW
Cell efficiency: 0.301, Output efficiency: 0.277
mdot_h2: 24.64 g/s
Reynolds_number: 12,204,507
Stack prop output power: 1,020 kW, Pcomp: 32.8 kW
Cell efficiency: 0.301, Output efficiency: 0.277
mdot_h2: 24.74 g/s
Reynolds_number: 10,129,741
Stack prop output power: 887 kW, Pcomp: 28.5 kW
Cell efficiency: 0.299, Output efficiency: 0.276
mdot_h2: 21.65 g/s
Reynolds_number: 10,129,741
Stack prop output power: 1,015 kW, Pcomp: 32.6 kW
Cell efficiency: 0.299, Output efficiency: 0.276
mdot_h2: 24.80 g/s
Reynolds_number: 10,129,741
Stack prop output power: 1,020 kW, Pcomp: 32.8 kW
Cell efficiency: 0.299, Output efficiency: 0.276
mdot_h2: 24.90 g/s
Reynolds_number: 12,204,507
Stack prop output power: 814 kW, Pcomp: 7.2 kW
Cell efficiency: 0.292, Output efficiency: 0.275
mdot_h2: 19.97 g/s
Reynolds_number: 12,204,507
Stack prop output power: 984 kW, Pcomp: 8.7 kW
Cell efficiency: 0.292, Output efficiency: 0.275
mdot_h2: 24.12 g/s
Reynolds_number: 12,204,507
Stack prop output power: 985 kW, Pcomp: 8.7 kW
Cell efficiency: 0.292, Output efficiency: 0.275
mdot_h2: 24.16 g/s
Reynolds_number: 6,709,346
Stack prop output power: 817 kW, Pcomp: 7.1 kW
Cell efficiency: 0.305, Output efficiency: 0.287
mdot_h2: 19.16 g/s
Reynolds_number: 6,709,346
Stack prop output power: 987 kW, Pcomp: 8.6 kW
Cell efficiency: 0.305, Output efficiency: 0.287
mdot_h2: 23.15 g/s
Reynolds_number: 6,709,346
Stack prop output power: 989 kW, Pcomp: 8.6 kW
Cell efficiency: 0.305, Output efficiency: 0.287
mdot_h2: 23.18 g/s
Reynolds_number: 12,204,507
Stack prop output power: 887 kW, Pcomp: 28.5 kW
Cell efficiency: 0.301, Output efficiency: 0.277
mdot_h2: 21.52 g/s
Reynolds_number: 12,204,507
Stack prop output power: 1,016 kW, Pcomp: 32.7 kW
Cell efficiency: 0.301, Output efficiency: 0.277
mdot_h2: 24.64 g/s
Reynolds_number: 12,204,507
Stack prop output power: 1,020 kW, Pcomp: 32.8 kW
Cell efficiency: 0.301, Output efficiency: 0.277
mdot_h2: 24.74 g/s
Fuel-cell system mass representative phase: cruise (P_fc_sys=2039.607 kW).

-----------------------
ptotal_climb: 2,622 kW, mtom_est: 11,628 kg, mtom: 11,296 kg, residual: +332.69 kg

MTOM update: newton_prebracket, relax=1.000 -> mtom_next=12,823.70 kg

======================================================
======================= ITER 10 =======================
Reynolds_number: 12,204,507
Stack prop output power: 1,020 kW, Pcomp: 32.8 kW
Cell efficiency: 0.301, Output efficiency: 0.277
mdot_h2: 24.74 g/s
Reynolds_number: 12,204,507
Stack prop output power: 1,153 kW, Pcomp: 37.1 kW
Cell efficiency: 0.301, Output efficiency: 0.277
mdot_h2: 27.98 g/s
Reynolds_number: 12,204,507
Stack prop output power: 1,158 kW, Pcomp: 37.3 kW
Cell efficiency: 0.301, Output efficiency: 0.277
mdot_h2: 28.09 g/s
Reynolds_number: 10,129,741
Stack prop output power: 1,020 kW, Pcomp: 32.8 kW
Cell efficiency: 0.299, Output efficiency: 0.276
mdot_h2: 24.90 g/s
Reynolds_number: 10,129,741
Stack prop output power: 1,153 kW, Pcomp: 37.1 kW
Cell efficiency: 0.299, Output efficiency: 0.276
mdot_h2: 28.16 g/s
Reynolds_number: 10,129,741
Stack prop output power: 1,158 kW, Pcomp: 37.2 kW
Cell efficiency: 0.299, Output efficiency: 0.276
mdot_h2: 28.27 g/s
Reynolds_number: 12,204,507
Stack prop output power: 941 kW, Pcomp: 8.3 kW
Cell efficiency: 0.292, Output efficiency: 0.275
mdot_h2: 23.08 g/s
Reynolds_number: 12,204,507
Stack prop output power: 1,117 kW, Pcomp: 9.9 kW
Cell efficiency: 0.292, Output efficiency: 0.275
mdot_h2: 27.39 g/s
Reynolds_number: 12,204,507
Stack prop output power: 1,119 kW, Pcomp: 9.9 kW
Cell efficiency: 0.292, Output efficiency: 0.275
mdot_h2: 27.43 g/s
Reynolds_number: 6,709,346
Stack prop output power: 945 kW, Pcomp: 8.2 kW
Cell efficiency: 0.305, Output efficiency: 0.287
mdot_h2: 22.15 g/s
Reynolds_number: 6,709,346
Stack prop output power: 1,121 kW, Pcomp: 9.8 kW
Cell efficiency: 0.305, Output efficiency: 0.287
mdot_h2: 26.28 g/s
Reynolds_number: 6,709,346
Stack prop output power: 1,122 kW, Pcomp: 9.8 kW
Cell efficiency: 0.305, Output efficiency: 0.287
mdot_h2: 26.32 g/s
Reynolds_number: 12,204,507
Stack prop output power: 1,020 kW, Pcomp: 32.8 kW
Cell efficiency: 0.301, Output efficiency: 0.277
mdot_h2: 24.74 g/s
Reynolds_number: 12,204,507
Stack prop output power: 1,153 kW, Pcomp: 37.1 kW
Cell efficiency: 0.301, Output efficiency: 0.277
mdot_h2: 27.98 g/s
Reynolds_number: 12,204,507
Stack prop output power: 1,158 kW, Pcomp: 37.3 kW
Cell efficiency: 0.301, Output efficiency: 0.277
mdot_h2: 28.09 g/s
Fuel-cell system mass representative phase: cruise (P_fc_sys=2315.544 kW).

-----------------------
ptotal_climb: 2,977 kW, mtom_est: 12,831 kg, mtom: 12,824 kg, residual: +6.86 kg

MTOM update: newton_prebracket, relax=1.000 -> mtom_next=12,855.89 kg

======================================================
======================= ITER 11 =======================
Reynolds_number: 12,204,507
Stack prop output power: 1,158 kW, Pcomp: 37.3 kW
Cell efficiency: 0.301, Output efficiency: 0.277
mdot_h2: 28.09 g/s
Reynolds_number: 12,204,507
Stack prop output power: 1,161 kW, Pcomp: 37.3 kW
Cell efficiency: 0.301, Output efficiency: 0.277
mdot_h2: 28.16 g/s
Reynolds_number: 10,129,741
Stack prop output power: 1,158 kW, Pcomp: 37.2 kW
Cell efficiency: 0.299, Output efficiency: 0.276
mdot_h2: 28.27 g/s
Reynolds_number: 10,129,741
Stack prop output power: 1,161 kW, Pcomp: 37.3 kW
Cell efficiency: 0.299, Output efficiency: 0.276
mdot_h2: 28.34 g/s
Reynolds_number: 12,204,507
Stack prop output power: 1,118 kW, Pcomp: 9.9 kW
Cell efficiency: 0.292, Output efficiency: 0.275
mdot_h2: 27.40 g/s
Reynolds_number: 12,204,507
Stack prop output power: 1,122 kW, Pcomp: 9.9 kW
Cell efficiency: 0.292, Output efficiency: 0.275
mdot_h2: 27.49 g/s
Reynolds_number: 6,709,346
Stack prop output power: 1,122 kW, Pcomp: 9.8 kW
Cell efficiency: 0.305, Output efficiency: 0.287
mdot_h2: 26.30 g/s
Reynolds_number: 6,709,346
Stack prop output power: 1,125 kW, Pcomp: 9.8 kW
Cell efficiency: 0.305, Output efficiency: 0.287
mdot_h2: 26.39 g/s
Reynolds_number: 12,204,507
Stack prop output power: 1,158 kW, Pcomp: 37.3 kW
Cell efficiency: 0.301, Output efficiency: 0.277
mdot_h2: 28.09 g/s
Reynolds_number: 12,204,507
Stack prop output power: 1,161 kW, Pcomp: 37.3 kW
Cell efficiency: 0.301, Output efficiency: 0.277
mdot_h2: 28.16 g/s
Fuel-cell system mass representative phase: cruise (P_fc_sys=2321.359 kW).

-----------------------
ptotal_climb: 2,984 kW, mtom_est: 12,859 kg, mtom: 12,856 kg, residual: +2.67 kg


CONVERGED

CONVERGED STATE [MTOM iteration 11]
  MTOM=12,859 kg | Wing loading=215.46 kg/m^2 | P/W(climb)=232.08 W/kg
  Phase power: climb=2,984.2 kW | cruise=2,321.4 kW | loiter=2,321.3 kW | takeoff=2,994.2 kW | cruise+charger=2,321.4 kW
  Power split (climb): FC=2,223.2 kW | Battery=741.1 kW | Compressor=19.9 kW | Cooling=927.6 kW | H2=54.987 g/s
  Compressor max across phases: 74.7 kW (cruise)
  FC representative phase (mass sizing): cruise (2,321.4 kW)
  Mass summary: MTOM=12,859 kg | Powertrain=3,631 kg | Tank=2,210.8 kg | Fuel=982.6 kg | Battery=51.6 kg | Nacelle power density=0.78 kW/kg
  Geometry: Main wing area=59.68 m^2 | Horizontal tail area=5.669 m^2 | Horizontal tail location=26.500 m | Vertical tail area=5.699 m^2 | Vertical tail location=25.930 m
  Config: wing loading input=215.42 kg/m^2 | P/W TO/Cl/Cr=0.16953/0.16894/0.12706 kW/kg

=============================================================
========================= CONVERGED =========================
=============================================================
Constraint sizing: ENABLED (min_combined_pw)
Input W/S: 215.42 kg/m^2 (2,112.5 Pa)
Input P/W [kW/kg]: takeoff 0.16953, climb 0.16894, cruise 0.12706
-------------------------------------------------------------

Mission Time
Climb time: 0.00 min (0.00 h)
Cruise time: 274.25 min (4.57 h)
Total flight time: 296.25 min (4.94 h)

Phase Power Breakdown
Phase      Time[min]     Total[kW]    FC Stack[kW]   Battery[kW]   Compressor[kW]   Cooling[kW]   mdot_H2[g/s]
--------------------------------------------------------------------------------------------------------------
ready           0.00         149.2           149.2           0.0              0.0           0.0         0.0
taxi            5.00         298.4           298.4           0.0              0.0           0.0         5.5
takeoff         1.00       2,994.2         2,231.0         743.7             19.6         874.8        52.8
climb           0.00       2,984.2         2,223.2         741.1             19.9         927.6        55.0
cruise        274.25       2,321.4         2,246.7           0.0             74.7         937.8        56.3
loiter         15.00       2,321.3         2,246.7           0.0             74.6         946.1        56.7
landing         1.00           0.0             0.0           0.0              0.0           0.0         0.0

Pcomp_max (solved phases): 74.7 kW (cruise)
Pnet (climb): 2,695 kW
Pelectricnet (climb): 2,964 kW
eta_pt: 0.9031

Geometry
S_wing: 59.68 m^2
b_wing: 23.18 m
Lfus: 28.70 m
Ltank: 19.69 m
S_HT: 5.67 m^2
S_VT: 5.70 m^2
b_HT: 5.05 m
b_VT: 3.29 m
X_HT_act: 26.50 m
X_VT_act: 25.93 m

One Nacelle (1/2)
Stack(1/2): 643 kg, Compressor: 74 kg, Humidifier: 207 kg, HX: 568 kg
W_FCS_single_nacelle (W_Stack+W_Compressor+W_Humidifier+W_Hx): 1,492 kg
Representative FC phase: cruise
Specific Power of Nacelle System: 0.778 kW/kg
dim_hx: dX=1.692 m, dY=1.692 m, dZ=0.222 m
dim_stack: dX=0.363 m, dY=0.444 m, dZ=0.444 m

ALL Nacelles
W_FCS_total: 2,984 kg
W_PMAD: 254 kg
W_Motors: 393 kg

-----------------------
W_Powertrain (W_FCS_total+W_PMAD+W_Motors): 3,631 kg
-----------------------
W_wing: 1,148 kg
W_Htail: 60 kg
W_Vtail: 97 kg
W_fuselage: 1,137 kg
W_lnd_gear_main: 243 kg
W_lnd_gear_nose: 65 kg
W_flight_control: 366 kg
W_electric_system: 300 kg
W_iae: 171 kg
W_hydraulics: 154 kg
W_fur: 743 kg
-----------------------
OEM: 4,483 kg
-----------------------
W_tank: 2,211 kg
W_fuel: 982.6 kg
W_batt: 51.6 kg
-----------------------
W_payload: 1,500 kg
-----------------------
MTOM_grouped (OEM+W_tank+W_fuel+W_batt+W_Powertrain+W_payload): 12,859 kg
MTOM: 12,859 kg
-----------------------

Wing loading (MTOM/S_wing): 215.46 kg/m^2
Power-to-weight (converged): 232.08 W/kg

mdot_H2(cruise): 56.3 g/s
Vtankex: 42.1 m^3
========================== END ==============================


=============================================================
Execution time: 146.4 seconds
=============================================================
