Auto-widening W/S scan window for min_combined_pw: 1900.0..2600.0 -> 1725.0..2775.0 Pa (factor 1.500, lower_hit=True, upper_hit=False, min_on_edge=False).
Auto-widening W/S scan window for min_combined_pw: 1725.0..2775.0 -> 1462.5..3037.5 Pa (factor 1.500, lower_hit=True, upper_hit=False, min_on_edge=False).
ADRpy constraint sizing (min_combined_pw): W/S=2112.5 Pa (215.42 kg/m^2), P/W_TO=0.16953 kW/kg, P/W_climb=0.16894 kW/kg, P/W_cruise=0.12706 kW/kg
Curve minimum (combined/combined): W/S=2112.5 Pa (215.42 kg/m^2), P/W=0.16953 kW/kg
Curve minimum (takeoff/take-off): W/S=1462.5 Pa (149.13 kg/m^2), P/W=0.10196 kW/kg
Curve minimum (climb/climb): W/S=2312.5 Pa (235.81 kg/m^2), P/W=0.16652 kW/kg
Curve minimum (cruise/cruise): W/S=2312.5 Pa (235.81 kg/m^2), P/W=0.11922 kW/kg
======================================================
======================= ITER 1 =======================
Reynolds_number: 12,204,507
Stack prop output power: 500 kW, Pcomp: 16.1 kW
Cell efficiency: 0.301, Output efficiency: 0.277
mdot_h2: 12.13 g/s
Reynolds_number: 12,204,507
Stack prop output power: 453 kW, Pcomp: 14.6 kW
Cell efficiency: 0.301, Output efficiency: 0.277
mdot_h2: 10.99 g/s
Reynolds_number: 12,204,507
Stack prop output power: 451 kW, Pcomp: 14.5 kW
Cell efficiency: 0.301, Output efficiency: 0.277
mdot_h2: 10.95 g/s
Reynolds_number: 10,129,741
Stack prop output power: 500 kW, Pcomp: 16.1 kW
Cell efficiency: 0.299, Output efficiency: 0.276
mdot_h2: 12.21 g/s
Reynolds_number: 10,129,741
Stack prop output power: 453 kW, Pcomp: 14.6 kW
Cell efficiency: 0.299, Output efficiency: 0.276
mdot_h2: 11.06 g/s
Reynolds_number: 10,129,741
Stack prop output power: 451 kW, Pcomp: 14.5 kW
Cell efficiency: 0.299, Output efficiency: 0.276
mdot_h2: 11.02 g/s
Reynolds_number: 12,204,507
Stack prop output power: 356 kW, Pcomp: 3.2 kW
Cell efficiency: 0.292, Output efficiency: 0.275
mdot_h2: 8.72 g/s
Reynolds_number: 12,204,507
Stack prop output power: 435 kW, Pcomp: 3.9 kW
Cell efficiency: 0.292, Output efficiency: 0.275
mdot_h2: 10.68 g/s
Reynolds_number: 12,204,507
Stack prop output power: 436 kW, Pcomp: 3.9 kW
Cell efficiency: 0.292, Output efficiency: 0.275
mdot_h2: 10.69 g/s
Reynolds_number: 6,709,346
Stack prop output power: 355 kW, Pcomp: 3.1 kW
Cell efficiency: 0.305, Output efficiency: 0.287
mdot_h2: 8.33 g/s
Reynolds_number: 6,709,346
Stack prop output power: 437 kW, Pcomp: 3.8 kW
Cell efficiency: 0.305, Output efficiency: 0.287
mdot_h2: 10.25 g/s
Reynolds_number: 6,709,346
Stack prop output power: 438 kW, Pcomp: 3.8 kW
Cell efficiency: 0.305, Output efficiency: 0.287
mdot_h2: 10.26 g/s
Reynolds_number: 12,204,507
Stack prop output power: 500 kW, Pcomp: 16.1 kW
Cell efficiency: 0.301, Output efficiency: 0.277
mdot_h2: 12.13 g/s
Reynolds_number: 12,204,507
Stack prop output power: 453 kW, Pcomp: 14.6 kW
Cell efficiency: 0.301, Output efficiency: 0.277
mdot_h2: 10.99 g/s
Reynolds_number: 12,204,507
Stack prop output power: 451 kW, Pcomp: 14.5 kW
Cell efficiency: 0.301, Output efficiency: 0.277
mdot_h2: 10.95 g/s
Fuel-cell system mass representative phase: cruise (P_fc_sys=902.844 kW).

-----------------------
ptotal_climb: 1,161 kW, mtom_est: 5,133 kg, mtom: 5,000 kg, residual: +133.04 kg

MTOM update: initial_bracket_probe_1, relax=1.000 -> mtom_next=5,325.00 kg

======================================================
======================= ITER 2 =======================
Reynolds_number: 12,204,507
Stack prop output power: 451 kW, Pcomp: 14.5 kW
Cell efficiency: 0.301, Output efficiency: 0.277
mdot_h2: 10.95 g/s
Reynolds_number: 12,204,507
Stack prop output power: 480 kW, Pcomp: 15.4 kW
Cell efficiency: 0.301, Output efficiency: 0.277
mdot_h2: 11.64 g/s
Reynolds_number: 12,204,507
Stack prop output power: 481 kW, Pcomp: 15.5 kW
Cell efficiency: 0.301, Output efficiency: 0.277
mdot_h2: 11.66 g/s
Reynolds_number: 10,129,741
Stack prop output power: 451 kW, Pcomp: 14.5 kW
Cell efficiency: 0.299, Output efficiency: 0.276
mdot_h2: 11.02 g/s
Reynolds_number: 10,129,741
Stack prop output power: 480 kW, Pcomp: 15.4 kW
Cell efficiency: 0.299, Output efficiency: 0.276
mdot_h2: 11.72 g/s
Reynolds_number: 10,129,741
Stack prop output power: 481 kW, Pcomp: 15.5 kW
Cell efficiency: 0.299, Output efficiency: 0.276
mdot_h2: 11.74 g/s
Reynolds_number: 12,204,507
Stack prop output power: 427 kW, Pcomp: 3.8 kW
Cell efficiency: 0.292, Output efficiency: 0.275
mdot_h2: 10.46 g/s
Reynolds_number: 12,204,507
Stack prop output power: 464 kW, Pcomp: 4.1 kW
Cell efficiency: 0.292, Output efficiency: 0.275
mdot_h2: 11.38 g/s
Reynolds_number: 6,709,346
Stack prop output power: 428 kW, Pcomp: 3.7 kW
Cell efficiency: 0.305, Output efficiency: 0.287
mdot_h2: 10.04 g/s
Reynolds_number: 6,709,346
Stack prop output power: 466 kW, Pcomp: 4.1 kW
Cell efficiency: 0.305, Output efficiency: 0.287
mdot_h2: 10.92 g/s
Reynolds_number: 12,204,507
Stack prop output power: 451 kW, Pcomp: 14.5 kW
Cell efficiency: 0.301, Output efficiency: 0.277
mdot_h2: 10.95 g/s
Reynolds_number: 12,204,507
Stack prop output power: 480 kW, Pcomp: 15.4 kW
Cell efficiency: 0.301, Output efficiency: 0.277
mdot_h2: 11.64 g/s
Reynolds_number: 12,204,507
Stack prop output power: 481 kW, Pcomp: 15.5 kW
Cell efficiency: 0.301, Output efficiency: 0.277
mdot_h2: 11.66 g/s
Fuel-cell system mass representative phase: cruise (P_fc_sys=961.524 kW).

-----------------------
ptotal_climb: 1,236 kW, mtom_est: 5,328 kg, mtom: 5,325 kg, residual: +2.54 kg


CONVERGED

CONVERGED STATE [MTOM iteration 2]
  MTOM=5,328 kg | Wing loading=215.52 kg/m^2 | P/W(climb)=232.01 W/kg
  Phase power: climb=1,236.1 kW | cruise=961.5 kW | loiter=961.5 kW | takeoff=1,240.2 kW | cruise+charger=961.5 kW
  Power split (climb): FC=920.9 kW | Battery=307.0 kW | Compressor=8.2 kW | Cooling=384.3 kW | H2=22.760 g/s
  Compressor max across phases: 30.9 kW (cruise)
  FC representative phase (mass sizing): cruise (961.5 kW)
  Mass summary: MTOM=5,328 kg | Powertrain=1,541 kg | Tank=464.3 kg | Fuel=206.3 kg | Battery=21.4 kg | Nacelle power density=0.76 kW/kg
  Geometry: Main wing area=24.72 m^2 | Horizontal tail area=3.739 m^2 | Horizontal tail location=11.244 m | Vertical tail area=3.791 m^2 | Vertical tail location=10.828 m
  Config: wing loading input=215.42 kg/m^2 | P/W TO/Cl/Cr=0.16953/0.16894/0.12706 kW/kg

=============================================================
========================= CONVERGED =========================
=============================================================
Constraint sizing: ENABLED (min_combined_pw)
Input W/S: 215.42 kg/m^2 (2,112.5 Pa)
Input P/W [kW/kg]: takeoff 0.16953, climb 0.16894, cruise 0.12706
-------------------------------------------------------------

Mission Time
Climb time: 0.00 min (0.00 h)
Cruise time: 130.90 min (2.18 h)
Total flight time: 152.90 min (2.55 h)

Phase Power Breakdown
Phase      Time[min]     Total[kW]    FC Stack[kW]   Battery[kW]   Compressor[kW]   Cooling[kW]   mdot_H2[g/s]
--------------------------------------------------------------------------------------------------------------
ready           0.00          61.8            61.8           0.0              0.0           0.0         0.0
taxi            5.00         123.6           123.6           0.0              0.0           0.0         2.3
takeoff         1.00       1,240.2           924.1         308.0              8.1         362.4        21.8
climb           0.00       1,236.1           920.9         307.0              8.2         384.3        22.8
cruise        130.90         961.5           930.6           0.0             30.9         388.8        23.3
loiter         15.00         961.5           930.6           0.0             30.9         392.2        23.5
landing         1.00           0.0             0.0           0.0              0.0           0.0         0.0

Pcomp_max (solved phases): 30.9 kW (cruise)
Pnet (climb): 1,116 kW
Pelectricnet (climb): 1,228 kW
eta_pt: 0.9031

Geometry
S_wing: 24.72 m^2
b_wing: 14.92 m
Lfus: 13.15 m
Ltank: 4.14 m
S_HT: 3.74 m^2
S_VT: 3.79 m^2
b_HT: 4.10 m
b_VT: 2.68 m
X_HT_act: 11.24 m
X_VT_act: 10.83 m

One Nacelle (1/2)
Stack(1/2): 266 kg, Compressor: 49 kg, Humidifier: 86 kg, HX: 235 kg
W_FCS_single_nacelle (W_Stack+W_Compressor+W_Humidifier+W_Hx): 637 kg
Representative FC phase: cruise
Specific Power of Nacelle System: 0.755 kW/kg
dim_hx: dX=1.089 m, dY=1.089 m, dZ=0.222 m
dim_stack: dX=0.363 m, dY=0.286 m, dZ=0.286 m

ALL Nacelles
W_FCS_total: 1,273 kg
W_PMAD: 105 kg
W_Motors: 163 kg

-----------------------
W_Powertrain (W_FCS_total+W_PMAD+W_Motors): 1,541 kg
-----------------------
W_wing: 382 kg
W_Htail: 25 kg
W_Vtail: 48 kg
W_fuselage: 420 kg
W_lnd_gear_main: 243 kg
W_lnd_gear_nose: 65 kg
W_flight_control: 366 kg
W_electric_system: 300 kg
W_iae: 79 kg
W_hydraulics: 64 kg
W_fur: 403 kg
-----------------------
OEM: 2,394 kg
-----------------------
W_tank: 464 kg
W_fuel: 206.3 kg
W_batt: 21.4 kg
-----------------------
W_payload: 700 kg
-----------------------
MTOM_grouped (OEM+W_tank+W_fuel+W_batt+W_Powertrain+W_payload): 5,328 kg
MTOM: 5,328 kg
-----------------------

Wing loading (MTOM/S_wing): 215.52 kg/m^2
Power-to-weight (converged): 232.01 W/kg

mdot_H2(cruise): 23.3 g/s
Vtankex: 8.8 m^3
========================== END ==============================


=============================================================
Execution time: 29.4 seconds
=============================================================
