Auto-widening W/S scan window for min_combined_pw: 1900.0..2600.0 -> 1725.0..2775.0 Pa (factor 1.500, lower_hit=True, upper_hit=False, min_on_edge=False).
Auto-widening W/S scan window for min_combined_pw: 1725.0..2775.0 -> 1462.5..3037.5 Pa (factor 1.500, lower_hit=True, upper_hit=False, min_on_edge=False).
ADRpy constraint sizing (min_combined_pw): W/S=2062.5 Pa (210.32 kg/m^2), P/W_TO=0.16394 kW/kg, P/W_climb=0.16919 kW/kg, P/W_cruise=0.09079 kW/kg
Curve minimum (combined/combined): W/S=2062.5 Pa (210.32 kg/m^2), P/W=0.16919 kW/kg
Curve minimum (takeoff/take-off): W/S=1462.5 Pa (149.13 kg/m^2), P/W=0.10196 kW/kg
Curve minimum (climb/climb): W/S=2312.5 Pa (235.81 kg/m^2), P/W=0.16586 kW/kg
Curve minimum (cruise/cruise): W/S=2312.5 Pa (235.81 kg/m^2), P/W=0.08550 kW/kg
======================================================
======================= ITER 1 =======================
Reynolds_number: 10,476,435
Stack prop output power: 500 kW, Pcomp: 16.1 kW
Cell efficiency: 0.300, Output efficiency: 0.276
mdot_h2: 12.20 g/s
Reynolds_number: 10,476,435
Stack prop output power: 328 kW, Pcomp: 10.6 kW
Cell efficiency: 0.300, Output efficiency: 0.276
mdot_h2: 8.01 g/s
Reynolds_number: 10,476,435
Stack prop output power: 323 kW, Pcomp: 10.4 kW
Cell efficiency: 0.300, Output efficiency: 0.276
mdot_h2: 7.87 g/s
Reynolds_number: 8,695,441
Stack prop output power: 500 kW, Pcomp: 16.1 kW
Cell efficiency: 0.298, Output efficiency: 0.275
mdot_h2: 12.26 g/s
Reynolds_number: 8,695,441
Stack prop output power: 328 kW, Pcomp: 10.5 kW
Cell efficiency: 0.298, Output efficiency: 0.275
mdot_h2: 8.05 g/s
Reynolds_number: 8,695,441
Stack prop output power: 323 kW, Pcomp: 10.4 kW
Cell efficiency: 0.298, Output efficiency: 0.275
mdot_h2: 7.91 g/s
Reynolds_number: 10,476,435
Stack prop output power: 356 kW, Pcomp: 3.2 kW
Cell efficiency: 0.290, Output efficiency: 0.273
mdot_h2: 8.77 g/s
Reynolds_number: 10,476,435
Stack prop output power: 436 kW, Pcomp: 3.9 kW
Cell efficiency: 0.290, Output efficiency: 0.273
mdot_h2: 10.76 g/s
Reynolds_number: 10,476,435
Stack prop output power: 437 kW, Pcomp: 3.9 kW
Cell efficiency: 0.290, Output efficiency: 0.273
mdot_h2: 10.78 g/s
Reynolds_number: 6,709,346
Stack prop output power: 360 kW, Pcomp: 3.1 kW
Cell efficiency: 0.305, Output efficiency: 0.287
mdot_h2: 8.45 g/s
Reynolds_number: 6,709,346
Stack prop output power: 423 kW, Pcomp: 3.7 kW
Cell efficiency: 0.305, Output efficiency: 0.287
mdot_h2: 9.91 g/s
Reynolds_number: 6,709,346
Stack prop output power: 423 kW, Pcomp: 3.7 kW
Cell efficiency: 0.305, Output efficiency: 0.287
mdot_h2: 9.92 g/s
Reynolds_number: 10,476,435
Stack prop output power: 500 kW, Pcomp: 16.1 kW
Cell efficiency: 0.300, Output efficiency: 0.276
mdot_h2: 12.20 g/s
Reynolds_number: 10,476,435
Stack prop output power: 328 kW, Pcomp: 10.6 kW
Cell efficiency: 0.300, Output efficiency: 0.276
mdot_h2: 8.01 g/s
Reynolds_number: 10,476,435
Stack prop output power: 323 kW, Pcomp: 10.4 kW
Cell efficiency: 0.300, Output efficiency: 0.276
mdot_h2: 7.87 g/s
Fuel-cell system mass representative phase: climb (P_fc_sys=873.689 kW).

-----------------------
ptotal_climb: 1,162 kW, mtom_est: 5,272 kg, mtom: 5,000 kg, residual: +272.44 kg

MTOM update: initial_bracket_probe_1, relax=1.000 -> mtom_next=5,325.00 kg

======================================================
======================= ITER 2 =======================
Reynolds_number: 10,476,435
Stack prop output power: 323 kW, Pcomp: 10.4 kW
Cell efficiency: 0.300, Output efficiency: 0.276
mdot_h2: 7.87 g/s
Reynolds_number: 10,476,435
Stack prop output power: 343 kW, Pcomp: 11.0 kW
Cell efficiency: 0.300, Output efficiency: 0.276
mdot_h2: 8.36 g/s
Reynolds_number: 10,476,435
Stack prop output power: 343 kW, Pcomp: 11.0 kW
Cell efficiency: 0.300, Output efficiency: 0.276
mdot_h2: 8.38 g/s
Reynolds_number: 8,695,441
Stack prop output power: 323 kW, Pcomp: 10.4 kW
Cell efficiency: 0.298, Output efficiency: 0.275
mdot_h2: 7.91 g/s
Reynolds_number: 8,695,441
Stack prop output power: 343 kW, Pcomp: 11.0 kW
Cell efficiency: 0.298, Output efficiency: 0.275
mdot_h2: 8.40 g/s
Reynolds_number: 8,695,441
Stack prop output power: 343 kW, Pcomp: 11.0 kW
Cell efficiency: 0.298, Output efficiency: 0.275
mdot_h2: 8.42 g/s
Reynolds_number: 10,476,435
Stack prop output power: 427 kW, Pcomp: 3.8 kW
Cell efficiency: 0.290, Output efficiency: 0.273
mdot_h2: 10.55 g/s
Reynolds_number: 10,476,435
Stack prop output power: 465 kW, Pcomp: 4.1 kW
Cell efficiency: 0.290, Output efficiency: 0.273
mdot_h2: 11.47 g/s
Reynolds_number: 6,709,346
Stack prop output power: 414 kW, Pcomp: 3.6 kW
Cell efficiency: 0.305, Output efficiency: 0.287
mdot_h2: 9.71 g/s
Reynolds_number: 6,709,346
Stack prop output power: 450 kW, Pcomp: 3.9 kW
Cell efficiency: 0.305, Output efficiency: 0.287
mdot_h2: 10.56 g/s
Reynolds_number: 10,476,435
Stack prop output power: 323 kW, Pcomp: 10.4 kW
Cell efficiency: 0.300, Output efficiency: 0.276
mdot_h2: 7.87 g/s
Reynolds_number: 10,476,435
Stack prop output power: 343 kW, Pcomp: 11.0 kW
Cell efficiency: 0.300, Output efficiency: 0.276
mdot_h2: 8.36 g/s
Reynolds_number: 10,476,435
Stack prop output power: 343 kW, Pcomp: 11.0 kW
Cell efficiency: 0.300, Output efficiency: 0.276
mdot_h2: 8.38 g/s
Fuel-cell system mass representative phase: climb (P_fc_sys=930.473 kW).

-----------------------
ptotal_climb: 1,238 kW, mtom_est: 5,460 kg, mtom: 5,325 kg, residual: +135.28 kg

MTOM update: initial_bracket_probe_2, relax=1.000 -> mtom_next=5,650.00 kg

======================================================
======================= ITER 3 =======================
Reynolds_number: 10,476,435
Stack prop output power: 344 kW, Pcomp: 11.0 kW
Cell efficiency: 0.300, Output efficiency: 0.276
mdot_h2: 8.38 g/s
Reynolds_number: 10,476,435
Stack prop output power: 364 kW, Pcomp: 11.7 kW
Cell efficiency: 0.300, Output efficiency: 0.276
mdot_h2: 8.87 g/s
Reynolds_number: 10,476,435
Stack prop output power: 364 kW, Pcomp: 11.7 kW
Cell efficiency: 0.300, Output efficiency: 0.276
mdot_h2: 8.89 g/s
Reynolds_number: 8,695,441
Stack prop output power: 344 kW, Pcomp: 11.0 kW
Cell efficiency: 0.298, Output efficiency: 0.275
mdot_h2: 8.42 g/s
Reynolds_number: 8,695,441
Stack prop output power: 364 kW, Pcomp: 11.7 kW
Cell efficiency: 0.298, Output efficiency: 0.275
mdot_h2: 8.92 g/s
Reynolds_number: 8,695,441
Stack prop output power: 364 kW, Pcomp: 11.7 kW
Cell efficiency: 0.298, Output efficiency: 0.275
mdot_h2: 8.93 g/s
Reynolds_number: 10,476,435
Stack prop output power: 456 kW, Pcomp: 4.0 kW
Cell efficiency: 0.290, Output efficiency: 0.273
mdot_h2: 11.25 g/s
Reynolds_number: 10,476,435
Stack prop output power: 493 kW, Pcomp: 4.4 kW
Cell efficiency: 0.290, Output efficiency: 0.273
mdot_h2: 12.17 g/s
Reynolds_number: 6,709,346
Stack prop output power: 442 kW, Pcomp: 3.8 kW
Cell efficiency: 0.305, Output efficiency: 0.287
mdot_h2: 10.36 g/s
Reynolds_number: 6,709,346
Stack prop output power: 478 kW, Pcomp: 4.2 kW
Cell efficiency: 0.305, Output efficiency: 0.287
mdot_h2: 11.21 g/s
Reynolds_number: 10,476,435
Stack prop output power: 344 kW, Pcomp: 11.0 kW
Cell efficiency: 0.300, Output efficiency: 0.276
mdot_h2: 8.38 g/s
Reynolds_number: 10,476,435
Stack prop output power: 364 kW, Pcomp: 11.7 kW
Cell efficiency: 0.300, Output efficiency: 0.276
mdot_h2: 8.87 g/s
Reynolds_number: 10,476,435
Stack prop output power: 364 kW, Pcomp: 11.7 kW
Cell efficiency: 0.300, Output efficiency: 0.276
mdot_h2: 8.89 g/s
Fuel-cell system mass representative phase: climb (P_fc_sys=987.263 kW).

-----------------------
ptotal_climb: 1,313 kW, mtom_est: 5,649 kg, mtom: 5,650 kg, residual: -0.86 kg


CONVERGED

CONVERGED STATE [MTOM iteration 3]
  MTOM=5,649 kg | Wing loading=210.28 kg/m^2 | P/W(climb)=232.50 W/kg
  Phase power: climb=1,313.4 kW | cruise=729.0 kW | loiter=728.9 kW | takeoff=1,272.5 kW | cruise+charger=729.0 kW
  Power split (climb): FC=978.5 kW | Battery=326.2 kW | Compressor=8.7 kW | Cooling=411.9 kW | H2=24.340 g/s
  Compressor max across phases: 23.4 kW (cruise)
  FC representative phase (mass sizing): climb (987.3 kW)
  Mass summary: MTOM=5,649 kg | Powertrain=1,634 kg | Tank=411.8 kg | Fuel=183.0 kg | Battery=21.9 kg | Nacelle power density=0.73 kW/kg
  Geometry: Main wing area=26.86 m^2 | Horizontal tail area=4.526 m^2 | Horizontal tail location=10.646 m | Vertical tail area=4.638 m^2 | Vertical tail location=10.146 m
  Config: wing loading input=210.32 kg/m^2 | P/W TO/Cl/Cr=0.16394/0.16919/0.09079 kW/kg

=============================================================
========================= CONVERGED =========================
=============================================================
Constraint sizing: ENABLED (min_combined_pw)
Input W/S: 210.32 kg/m^2 (2,062.5 Pa)
Input P/W [kW/kg]: takeoff 0.16394, climb 0.16919, cruise 0.09079
-------------------------------------------------------------

Mission Time
Climb time: 0.00 min (0.00 h)
Cruise time: 154.55 min (2.58 h)
Total flight time: 176.55 min (2.94 h)

Phase Power Breakdown
Phase      Time[min]     Total[kW]    FC Stack[kW]   Battery[kW]   Compressor[kW]   Cooling[kW]   mdot_H2[g/s]
--------------------------------------------------------------------------------------------------------------
ready           0.00          65.7            65.7           0.0              0.0           0.0         0.0
taxi            5.00         131.3           131.3           0.0              0.0           0.0         2.4
takeoff         1.00       1,272.5           948.2         316.1              8.3         371.9        22.4
climb           0.00       1,313.4           978.5         326.2              8.7         411.9        24.3
cruise        154.55         729.0           705.5           0.0             23.4         297.1        17.8
loiter         15.00         728.9           705.5           0.0             23.4         299.1        17.9
landing         1.00           0.0             0.0           0.0              0.0           0.0         0.0

Pcomp_max (solved phases): 23.4 kW (cruise)
Pnet (climb): 1,186 kW
Pelectricnet (climb): 1,305 kW
eta_pt: 0.9031

Geometry
S_wing: 26.86 m^2
b_wing: 15.55 m
Lfus: 12.68 m
Ltank: 3.67 m
S_HT: 4.53 m^2
S_VT: 4.64 m^2
b_HT: 4.51 m
b_VT: 2.97 m
X_HT_act: 10.65 m
X_VT_act: 10.15 m

One Nacelle (1/2)
Stack(1/2): 277 kg, Compressor: 18 kg, Humidifier: 99 kg, HX: 281 kg
W_FCS_single_nacelle (W_Stack+W_Compressor+W_Humidifier+W_Hx): 675 kg
Representative FC phase: climb
Specific Power of Nacelle System: 0.732 kW/kg
dim_hx: dX=1.215 m, dY=1.215 m, dZ=0.213 m
dim_stack: dX=0.376 m, dY=0.286 m, dZ=0.286 m

ALL Nacelles
W_FCS_total: 1,349 kg
W_PMAD: 112 kg
W_Motors: 173 kg

-----------------------
W_Powertrain (W_FCS_total+W_PMAD+W_Motors): 1,634 kg
-----------------------
W_wing: 418 kg
W_Htail: 30 kg
W_Vtail: 55 kg
W_fuselage: 380 kg
W_lnd_gear_main: 243 kg
W_lnd_gear_nose: 65 kg
W_flight_control: 366 kg
W_electric_system: 300 kg
W_iae: 83 kg
W_hydraulics: 68 kg
W_fur: 392 kg
-----------------------
OEM: 2,398 kg
-----------------------
W_tank: 412 kg
W_fuel: 183.0 kg
W_batt: 21.9 kg
-----------------------
W_payload: 1,000 kg
-----------------------
MTOM_grouped (OEM+W_tank+W_fuel+W_batt+W_Powertrain+W_payload): 5,649 kg
MTOM: 5,649 kg
-----------------------

Wing loading (MTOM/S_wing): 210.28 kg/m^2
Power-to-weight (converged): 232.50 W/kg

mdot_H2(cruise): 17.8 g/s
Vtankex: 7.8 m^3
========================== END ==============================


=============================================================
Execution time: 39.8 seconds
=============================================================
