Auto-widening W/S scan window for min_combined_pw: 1900.0..2600.0 -> 1725.0..2775.0 Pa (factor 1.500, lower_hit=True, upper_hit=False, min_on_edge=False).
Auto-widening W/S scan window for min_combined_pw: 1725.0..2775.0 -> 1462.5..3037.5 Pa (factor 1.500, lower_hit=True, upper_hit=False, min_on_edge=False).
ADRpy constraint sizing (min_combined_pw): W/S=2062.5 Pa (210.32 kg/m^2), P/W_TO=0.16394 kW/kg, P/W_climb=0.16915 kW/kg, P/W_cruise=0.06497 kW/kg
Curve minimum (combined/combined): W/S=2062.5 Pa (210.32 kg/m^2), P/W=0.16915 kW/kg
Curve minimum (takeoff/take-off): W/S=1462.5 Pa (149.13 kg/m^2), P/W=0.10196 kW/kg
Curve minimum (climb/climb): W/S=2312.5 Pa (235.81 kg/m^2), P/W=0.16577 kW/kg
Curve minimum (cruise/cruise): W/S=2312.5 Pa (235.81 kg/m^2), P/W=0.06336 kW/kg
======================================================
======================= ITER 1 =======================
Reynolds_number: 8,748,363
Stack prop output power: 500 kW, Pcomp: 16.1 kW
Cell efficiency: 0.298, Output efficiency: 0.275
mdot_h2: 12.25 g/s
Reynolds_number: 8,748,363
Stack prop output power: 239 kW, Pcomp: 7.7 kW
Cell efficiency: 0.298, Output efficiency: 0.275
mdot_h2: 5.87 g/s
Reynolds_number: 8,748,363
Stack prop output power: 231 kW, Pcomp: 7.4 kW
Cell efficiency: 0.298, Output efficiency: 0.275
mdot_h2: 5.66 g/s
Reynolds_number: 7,261,141
Stack prop output power: 500 kW, Pcomp: 16.1 kW
Cell efficiency: 0.297, Output efficiency: 0.274
mdot_h2: 12.30 g/s
Reynolds_number: 7,261,141
Stack prop output power: 239 kW, Pcomp: 7.7 kW
Cell efficiency: 0.297, Output efficiency: 0.274
mdot_h2: 5.89 g/s
Reynolds_number: 7,261,141
Stack prop output power: 231 kW, Pcomp: 7.4 kW
Cell efficiency: 0.297, Output efficiency: 0.274
mdot_h2: 5.68 g/s
Reynolds_number: 8,748,363
Stack prop output power: 356 kW, Pcomp: 3.2 kW
Cell efficiency: 0.288, Output efficiency: 0.271
mdot_h2: 8.82 g/s
Reynolds_number: 8,748,363
Stack prop output power: 436 kW, Pcomp: 3.9 kW
Cell efficiency: 0.288, Output efficiency: 0.271
mdot_h2: 10.81 g/s
Reynolds_number: 8,748,363
Stack prop output power: 437 kW, Pcomp: 3.9 kW
Cell efficiency: 0.288, Output efficiency: 0.271
mdot_h2: 10.83 g/s
Reynolds_number: 6,709,346
Stack prop output power: 360 kW, Pcomp: 3.1 kW
Cell efficiency: 0.305, Output efficiency: 0.287
mdot_h2: 8.45 g/s
Reynolds_number: 6,709,346
Stack prop output power: 423 kW, Pcomp: 3.7 kW
Cell efficiency: 0.305, Output efficiency: 0.287
mdot_h2: 9.91 g/s
Reynolds_number: 6,709,346
Stack prop output power: 423 kW, Pcomp: 3.7 kW
Cell efficiency: 0.305, Output efficiency: 0.287
mdot_h2: 9.92 g/s
Reynolds_number: 8,748,363
Stack prop output power: 500 kW, Pcomp: 16.1 kW
Cell efficiency: 0.298, Output efficiency: 0.275
mdot_h2: 12.25 g/s
Reynolds_number: 8,748,363
Stack prop output power: 239 kW, Pcomp: 7.7 kW
Cell efficiency: 0.298, Output efficiency: 0.275
mdot_h2: 5.87 g/s
Reynolds_number: 8,748,363
Stack prop output power: 231 kW, Pcomp: 7.4 kW
Cell efficiency: 0.298, Output efficiency: 0.275
mdot_h2: 5.66 g/s
Fuel-cell system mass representative phase: climb (P_fc_sys=873.463 kW).

-----------------------
ptotal_climb: 1,162 kW, mtom_est: 5,234 kg, mtom: 5,000 kg, residual: +233.56 kg

MTOM update: initial_bracket_probe_1, relax=1.000 -> mtom_next=5,325.00 kg

======================================================
======================= ITER 2 =======================
Reynolds_number: 8,748,363
Stack prop output power: 231 kW, Pcomp: 7.4 kW
Cell efficiency: 0.298, Output efficiency: 0.275
mdot_h2: 5.66 g/s
Reynolds_number: 8,748,363
Stack prop output power: 245 kW, Pcomp: 7.9 kW
Cell efficiency: 0.298, Output efficiency: 0.275
mdot_h2: 6.01 g/s
Reynolds_number: 7,261,141
Stack prop output power: 231 kW, Pcomp: 7.4 kW
Cell efficiency: 0.297, Output efficiency: 0.274
mdot_h2: 5.68 g/s
Reynolds_number: 7,261,141
Stack prop output power: 245 kW, Pcomp: 7.9 kW
Cell efficiency: 0.297, Output efficiency: 0.274
mdot_h2: 6.03 g/s
Reynolds_number: 8,748,363
Stack prop output power: 427 kW, Pcomp: 3.8 kW
Cell efficiency: 0.288, Output efficiency: 0.271
mdot_h2: 10.60 g/s
Reynolds_number: 8,748,363
Stack prop output power: 465 kW, Pcomp: 4.1 kW
Cell efficiency: 0.288, Output efficiency: 0.271
mdot_h2: 11.53 g/s
Reynolds_number: 6,709,346
Stack prop output power: 414 kW, Pcomp: 3.6 kW
Cell efficiency: 0.305, Output efficiency: 0.287
mdot_h2: 9.71 g/s
Reynolds_number: 6,709,346
Stack prop output power: 450 kW, Pcomp: 3.9 kW
Cell efficiency: 0.305, Output efficiency: 0.287
mdot_h2: 10.56 g/s
Reynolds_number: 8,748,363
Stack prop output power: 231 kW, Pcomp: 7.4 kW
Cell efficiency: 0.298, Output efficiency: 0.275
mdot_h2: 5.66 g/s
Reynolds_number: 8,748,363
Stack prop output power: 245 kW, Pcomp: 7.9 kW
Cell efficiency: 0.298, Output efficiency: 0.275
mdot_h2: 6.01 g/s
Fuel-cell system mass representative phase: climb (P_fc_sys=930.233 kW).

-----------------------
ptotal_climb: 1,238 kW, mtom_est: 5,418 kg, mtom: 5,325 kg, residual: +93.35 kg

MTOM update: initial_bracket_probe_2, relax=1.000 -> mtom_next=5,650.00 kg

======================================================
======================= ITER 3 =======================
Reynolds_number: 8,748,363
Stack prop output power: 246 kW, Pcomp: 7.9 kW
Cell efficiency: 0.298, Output efficiency: 0.275
mdot_h2: 6.02 g/s
Reynolds_number: 8,748,363
Stack prop output power: 260 kW, Pcomp: 8.4 kW
Cell efficiency: 0.298, Output efficiency: 0.275
mdot_h2: 6.38 g/s
Reynolds_number: 7,261,141
Stack prop output power: 246 kW, Pcomp: 7.9 kW
Cell efficiency: 0.297, Output efficiency: 0.274
mdot_h2: 6.04 g/s
Reynolds_number: 7,261,141
Stack prop output power: 260 kW, Pcomp: 8.4 kW
Cell efficiency: 0.297, Output efficiency: 0.274
mdot_h2: 6.40 g/s
Reynolds_number: 8,748,363
Stack prop output power: 456 kW, Pcomp: 4.0 kW
Cell efficiency: 0.288, Output efficiency: 0.271
mdot_h2: 11.30 g/s
Reynolds_number: 8,748,363
Stack prop output power: 493 kW, Pcomp: 4.4 kW
Cell efficiency: 0.288, Output efficiency: 0.271
mdot_h2: 12.23 g/s
Reynolds_number: 6,709,346
Stack prop output power: 442 kW, Pcomp: 3.8 kW
Cell efficiency: 0.305, Output efficiency: 0.287
mdot_h2: 10.36 g/s
Reynolds_number: 6,709,346
Stack prop output power: 478 kW, Pcomp: 4.2 kW
Cell efficiency: 0.305, Output efficiency: 0.287
mdot_h2: 11.21 g/s
Reynolds_number: 8,748,363
Stack prop output power: 246 kW, Pcomp: 7.9 kW
Cell efficiency: 0.298, Output efficiency: 0.275
mdot_h2: 6.02 g/s
Reynolds_number: 8,748,363
Stack prop output power: 260 kW, Pcomp: 8.4 kW
Cell efficiency: 0.298, Output efficiency: 0.275
mdot_h2: 6.38 g/s
Fuel-cell system mass representative phase: climb (P_fc_sys=987.008 kW).

-----------------------
ptotal_climb: 1,313 kW, mtom_est: 5,607 kg, mtom: 5,650 kg, residual: -43.20 kg

MTOM update: newton, relax=1.000 -> mtom_next=5,547.17 kg

======================================================
======================= ITER 4 =======================
Reynolds_number: 8,748,363
Stack prop output power: 261 kW, Pcomp: 8.4 kW
Cell efficiency: 0.298, Output efficiency: 0.275
mdot_h2: 6.39 g/s
Reynolds_number: 8,748,363
Stack prop output power: 256 kW, Pcomp: 8.2 kW
Cell efficiency: 0.298, Output efficiency: 0.275
mdot_h2: 6.28 g/s
Reynolds_number: 7,261,141
Stack prop output power: 261 kW, Pcomp: 8.4 kW
Cell efficiency: 0.297, Output efficiency: 0.274
mdot_h2: 6.41 g/s
Reynolds_number: 7,261,141
Stack prop output power: 256 kW, Pcomp: 8.2 kW
Cell efficiency: 0.297, Output efficiency: 0.274
mdot_h2: 6.30 g/s
Reynolds_number: 8,748,363
Stack prop output power: 496 kW, Pcomp: 4.4 kW
Cell efficiency: 0.288, Output efficiency: 0.271
mdot_h2: 12.31 g/s
Reynolds_number: 8,748,363
Stack prop output power: 485 kW, Pcomp: 4.3 kW
Cell efficiency: 0.288, Output efficiency: 0.271
mdot_h2: 12.02 g/s
Reynolds_number: 6,709,346
Stack prop output power: 481 kW, Pcomp: 4.2 kW
Cell efficiency: 0.305, Output efficiency: 0.287
mdot_h2: 11.28 g/s
Reynolds_number: 6,709,346
Stack prop output power: 470 kW, Pcomp: 4.1 kW
Cell efficiency: 0.305, Output efficiency: 0.287
mdot_h2: 11.01 g/s
Reynolds_number: 8,748,363
Stack prop output power: 261 kW, Pcomp: 8.4 kW
Cell efficiency: 0.298, Output efficiency: 0.275
mdot_h2: 6.39 g/s
Reynolds_number: 8,748,363
Stack prop output power: 256 kW, Pcomp: 8.2 kW
Cell efficiency: 0.298, Output efficiency: 0.275
mdot_h2: 6.28 g/s
Fuel-cell system mass representative phase: climb (P_fc_sys=969.052 kW).

-----------------------
ptotal_climb: 1,289 kW, mtom_est: 5,549 kg, mtom: 5,547 kg, residual: +2.08 kg


CONVERGED

CONVERGED STATE [MTOM iteration 4]
  MTOM=5,549 kg | Wing loading=210.40 kg/m^2 | P/W(climb)=232.32 W/kg
  Phase power: climb=1,289.2 kW | cruise=512.2 kW | loiter=512.1 kW | takeoff=1,249.4 kW | cruise+charger=512.2 kW
  Power split (climb): FC=960.5 kW | Battery=320.2 kW | Compressor=8.6 kW | Cooling=407.7 kW | H2=24.041 g/s
  Compressor max across phases: 16.5 kW (cruise)
  FC representative phase (mass sizing): climb (969.1 kW)
  Mass summary: MTOM=5,549 kg | Powertrain=1,702 kg | Tank=348.1 kg | Fuel=154.7 kg | Battery=21.5 kg | Nacelle power density=0.68 kW/kg
  Geometry: Main wing area=26.38 m^2 | Horizontal tail area=4.698 m^2 | Horizontal tail location=10.051 m | Vertical tail area=4.837 m^2 | Vertical tail location=9.531 m
  Config: wing loading input=210.32 kg/m^2 | P/W TO/Cl/Cr=0.16394/0.16915/0.06497 kW/kg

=============================================================
========================= CONVERGED =========================
=============================================================
Constraint sizing: ENABLED (min_combined_pw)
Input W/S: 210.32 kg/m^2 (2,062.5 Pa)
Input P/W [kW/kg]: takeoff 0.16394, climb 0.16915, cruise 0.06497
-------------------------------------------------------------

Mission Time
Climb time: 0.00 min (0.00 h)
Cruise time: 187.53 min (3.13 h)
Total flight time: 209.53 min (3.49 h)

Phase Power Breakdown
Phase      Time[min]     Total[kW]    FC Stack[kW]   Battery[kW]   Compressor[kW]   Cooling[kW]   mdot_H2[g/s]
--------------------------------------------------------------------------------------------------------------
ready           0.00          64.5            64.5           0.0              0.0           0.0         0.0
taxi            5.00         128.9           128.9           0.0              0.0           0.0         2.4
takeoff         1.00       1,249.4           930.9         310.3              8.2         365.4        22.0
climb           0.00       1,289.2           960.5         320.2              8.6         407.7        24.0
cruise        187.53         512.2           495.7           0.0             16.5         210.4        12.6
loiter         15.00         512.1           495.7           0.0             16.5         211.4        12.6
landing         1.00           0.0             0.0           0.0              0.0           0.0         0.0

Pcomp_max (solved phases): 16.5 kW (cruise)
Pnet (climb): 1,164 kW
Pelectricnet (climb): 1,281 kW
eta_pt: 0.9031

Geometry
S_wing: 26.38 m^2
b_wing: 15.41 m
Lfus: 12.11 m
Ltank: 3.10 m
S_HT: 4.70 m^2
S_VT: 4.84 m^2
b_HT: 4.60 m
b_VT: 3.03 m
X_HT_act: 10.05 m
X_VT_act: 9.53 m

One Nacelle (1/2)
Stack(1/2): 273 kg, Compressor: 18 kg, Humidifier: 99 kg, HX: 321 kg
W_FCS_single_nacelle (W_Stack+W_Compressor+W_Humidifier+W_Hx): 711 kg
Representative FC phase: climb
Specific Power of Nacelle System: 0.681 kW/kg
dim_hx: dX=1.326 m, dY=1.326 m, dZ=0.205 m
dim_stack: dX=0.378 m, dY=0.284 m, dZ=0.284 m

ALL Nacelles
W_FCS_total: 1,422 kg
W_PMAD: 110 kg
W_Motors: 170 kg

-----------------------
W_Powertrain (W_FCS_total+W_PMAD+W_Motors): 1,702 kg
-----------------------
W_wing: 408 kg
W_Htail: 30 kg
W_Vtail: 56 kg
W_fuselage: 330 kg
W_lnd_gear_main: 243 kg
W_lnd_gear_nose: 65 kg
W_flight_control: 366 kg
W_electric_system: 300 kg
W_iae: 81 kg
W_hydraulics: 67 kg
W_fur: 377 kg
-----------------------
OEM: 2,322 kg
-----------------------
W_tank: 348 kg
W_fuel: 154.7 kg
W_batt: 21.5 kg
-----------------------
W_payload: 1,000 kg
-----------------------
MTOM_grouped (OEM+W_tank+W_fuel+W_batt+W_Powertrain+W_payload): 5,549 kg
MTOM: 5,549 kg
-----------------------

Wing loading (MTOM/S_wing): 210.40 kg/m^2
Power-to-weight (converged): 232.32 W/kg

mdot_H2(cruise): 12.6 g/s
Vtankex: 6.6 m^3
========================== END ==============================


=============================================================
Execution time: 45.3 seconds
=============================================================
