Auto-widening W/S scan window for min_combined_pw: 1900.0..2600.0 -> 1725.0..2775.0 Pa (factor 1.500, lower_hit=True, upper_hit=False, min_on_edge=False).
Auto-widening W/S scan window for min_combined_pw: 1725.0..2775.0 -> 1462.5..3037.5 Pa (factor 1.500, lower_hit=True, upper_hit=False, min_on_edge=False).
ADRpy constraint sizing (min_combined_pw): W/S=2062.5 Pa (210.32 kg/m^2), P/W_TO=0.16394 kW/kg, P/W_climb=0.16919 kW/kg, P/W_cruise=0.09079 kW/kg
Curve minimum (combined/combined): W/S=2062.5 Pa (210.32 kg/m^2), P/W=0.16919 kW/kg
Curve minimum (takeoff/take-off): W/S=1462.5 Pa (149.13 kg/m^2), P/W=0.10196 kW/kg
Curve minimum (climb/climb): W/S=2312.5 Pa (235.81 kg/m^2), P/W=0.16586 kW/kg
Curve minimum (cruise/cruise): W/S=2312.5 Pa (235.81 kg/m^2), P/W=0.08550 kW/kg
======================================================
======================= ITER 1 =======================
Reynolds_number: 10,476,435
Stack prop output power: 500 kW, Pcomp: 16.1 kW
Cell efficiency: 0.300, Output efficiency: 0.276
mdot_h2: 12.20 g/s
Reynolds_number: 10,476,435
Stack prop output power: 328 kW, Pcomp: 10.6 kW
Cell efficiency: 0.300, Output efficiency: 0.276
mdot_h2: 8.01 g/s
Reynolds_number: 10,476,435
Stack prop output power: 323 kW, Pcomp: 10.4 kW
Cell efficiency: 0.300, Output efficiency: 0.276
mdot_h2: 7.87 g/s
Reynolds_number: 8,695,441
Stack prop output power: 500 kW, Pcomp: 16.1 kW
Cell efficiency: 0.298, Output efficiency: 0.275
mdot_h2: 12.26 g/s
Reynolds_number: 8,695,441
Stack prop output power: 328 kW, Pcomp: 10.5 kW
Cell efficiency: 0.298, Output efficiency: 0.275
mdot_h2: 8.05 g/s
Reynolds_number: 8,695,441
Stack prop output power: 323 kW, Pcomp: 10.4 kW
Cell efficiency: 0.298, Output efficiency: 0.275
mdot_h2: 7.91 g/s
Reynolds_number: 10,476,435
Stack prop output power: 356 kW, Pcomp: 3.2 kW
Cell efficiency: 0.290, Output efficiency: 0.273
mdot_h2: 8.77 g/s
Reynolds_number: 10,476,435
Stack prop output power: 436 kW, Pcomp: 3.9 kW
Cell efficiency: 0.290, Output efficiency: 0.273
mdot_h2: 10.76 g/s
Reynolds_number: 10,476,435
Stack prop output power: 437 kW, Pcomp: 3.9 kW
Cell efficiency: 0.290, Output efficiency: 0.273
mdot_h2: 10.78 g/s
Reynolds_number: 6,709,346
Stack prop output power: 360 kW, Pcomp: 3.1 kW
Cell efficiency: 0.305, Output efficiency: 0.287
mdot_h2: 8.45 g/s
Reynolds_number: 6,709,346
Stack prop output power: 423 kW, Pcomp: 3.7 kW
Cell efficiency: 0.305, Output efficiency: 0.287
mdot_h2: 9.91 g/s
Reynolds_number: 6,709,346
Stack prop output power: 423 kW, Pcomp: 3.7 kW
Cell efficiency: 0.305, Output efficiency: 0.287
mdot_h2: 9.92 g/s
Reynolds_number: 10,476,435
Stack prop output power: 500 kW, Pcomp: 16.1 kW
Cell efficiency: 0.300, Output efficiency: 0.276
mdot_h2: 12.20 g/s
Reynolds_number: 10,476,435
Stack prop output power: 328 kW, Pcomp: 10.6 kW
Cell efficiency: 0.300, Output efficiency: 0.276
mdot_h2: 8.01 g/s
Reynolds_number: 10,476,435
Stack prop output power: 323 kW, Pcomp: 10.4 kW
Cell efficiency: 0.300, Output efficiency: 0.276
mdot_h2: 7.87 g/s
Fuel-cell system mass representative phase: climb (P_fc_sys=873.689 kW).

-----------------------
ptotal_climb: 1,162 kW, mtom_est: 4,972 kg, mtom: 5,000 kg, residual: -27.56 kg

MTOM update: initial_bracket_probe_1, relax=1.000 -> mtom_next=4,675.00 kg

======================================================
======================= ITER 2 =======================
Reynolds_number: 10,476,435
Stack prop output power: 323 kW, Pcomp: 10.4 kW
Cell efficiency: 0.300, Output efficiency: 0.276
mdot_h2: 7.87 g/s
Reynolds_number: 10,476,435
Stack prop output power: 302 kW, Pcomp: 9.7 kW
Cell efficiency: 0.300, Output efficiency: 0.276
mdot_h2: 7.37 g/s
Reynolds_number: 10,476,435
Stack prop output power: 302 kW, Pcomp: 9.7 kW
Cell efficiency: 0.300, Output efficiency: 0.276
mdot_h2: 7.36 g/s
Reynolds_number: 8,695,441
Stack prop output power: 323 kW, Pcomp: 10.4 kW
Cell efficiency: 0.298, Output efficiency: 0.275
mdot_h2: 7.91 g/s
Reynolds_number: 8,695,441
Stack prop output power: 302 kW, Pcomp: 9.7 kW
Cell efficiency: 0.298, Output efficiency: 0.275
mdot_h2: 7.41 g/s
Reynolds_number: 8,695,441
Stack prop output power: 302 kW, Pcomp: 9.7 kW
Cell efficiency: 0.298, Output efficiency: 0.275
mdot_h2: 7.39 g/s
Reynolds_number: 10,476,435
Stack prop output power: 446 kW, Pcomp: 4.0 kW
Cell efficiency: 0.290, Output efficiency: 0.273
mdot_h2: 11.01 g/s
Reynolds_number: 10,476,435
Stack prop output power: 409 kW, Pcomp: 3.6 kW
Cell efficiency: 0.290, Output efficiency: 0.273
mdot_h2: 10.08 g/s
Reynolds_number: 6,709,346
Stack prop output power: 432 kW, Pcomp: 3.8 kW
Cell efficiency: 0.305, Output efficiency: 0.287
mdot_h2: 10.14 g/s
Reynolds_number: 6,709,346
Stack prop output power: 396 kW, Pcomp: 3.4 kW
Cell efficiency: 0.305, Output efficiency: 0.287
mdot_h2: 9.29 g/s
Reynolds_number: 10,476,435
Stack prop output power: 323 kW, Pcomp: 10.4 kW
Cell efficiency: 0.300, Output efficiency: 0.276
mdot_h2: 7.87 g/s
Reynolds_number: 10,476,435
Stack prop output power: 302 kW, Pcomp: 9.7 kW
Cell efficiency: 0.300, Output efficiency: 0.276
mdot_h2: 7.37 g/s
Reynolds_number: 10,476,435
Stack prop output power: 302 kW, Pcomp: 9.7 kW
Cell efficiency: 0.300, Output efficiency: 0.276
mdot_h2: 7.36 g/s
Fuel-cell system mass representative phase: climb (P_fc_sys=816.905 kW).

-----------------------
ptotal_climb: 1,087 kW, mtom_est: 4,784 kg, mtom: 4,675 kg, residual: +108.77 kg

MTOM update: newton, relax=0.500 -> mtom_next=4,804.65 kg

======================================================
======================= ITER 3 =======================
Reynolds_number: 10,476,435
Stack prop output power: 302 kW, Pcomp: 9.7 kW
Cell efficiency: 0.300, Output efficiency: 0.276
mdot_h2: 7.36 g/s
Reynolds_number: 10,476,435
Stack prop output power: 310 kW, Pcomp: 10.0 kW
Cell efficiency: 0.300, Output efficiency: 0.276
mdot_h2: 7.55 g/s
Reynolds_number: 8,695,441
Stack prop output power: 302 kW, Pcomp: 9.7 kW
Cell efficiency: 0.298, Output efficiency: 0.275
mdot_h2: 7.39 g/s
Reynolds_number: 8,695,441
Stack prop output power: 310 kW, Pcomp: 9.9 kW
Cell efficiency: 0.298, Output efficiency: 0.275
mdot_h2: 7.59 g/s
Reynolds_number: 10,476,435
Stack prop output power: 405 kW, Pcomp: 3.6 kW
Cell efficiency: 0.290, Output efficiency: 0.273
mdot_h2: 9.98 g/s
Reynolds_number: 10,476,435
Stack prop output power: 420 kW, Pcomp: 3.7 kW
Cell efficiency: 0.290, Output efficiency: 0.273
mdot_h2: 10.35 g/s
Reynolds_number: 6,709,346
Stack prop output power: 392 kW, Pcomp: 3.4 kW
Cell efficiency: 0.305, Output efficiency: 0.287
mdot_h2: 9.19 g/s
Reynolds_number: 6,709,346
Stack prop output power: 407 kW, Pcomp: 3.5 kW
Cell efficiency: 0.305, Output efficiency: 0.287
mdot_h2: 9.53 g/s
Reynolds_number: 10,476,435
Stack prop output power: 302 kW, Pcomp: 9.7 kW
Cell efficiency: 0.300, Output efficiency: 0.276
mdot_h2: 7.36 g/s
Reynolds_number: 10,476,435
Stack prop output power: 310 kW, Pcomp: 10.0 kW
Cell efficiency: 0.300, Output efficiency: 0.276
mdot_h2: 7.55 g/s
Fuel-cell system mass representative phase: climb (P_fc_sys=839.552 kW).

-----------------------
ptotal_climb: 1,117 kW, mtom_est: 4,859 kg, mtom: 4,805 kg, residual: +54.04 kg

MTOM update: newton, relax=0.650 -> mtom_next=4,887.86 kg

======================================================
======================= ITER 4 =======================
Reynolds_number: 10,476,435
Stack prop output power: 310 kW, Pcomp: 10.0 kW
Cell efficiency: 0.300, Output efficiency: 0.276
mdot_h2: 7.56 g/s
Reynolds_number: 10,476,435
Stack prop output power: 315 kW, Pcomp: 10.1 kW
Cell efficiency: 0.300, Output efficiency: 0.276
mdot_h2: 7.69 g/s
Reynolds_number: 8,695,441
Stack prop output power: 310 kW, Pcomp: 10.0 kW
Cell efficiency: 0.298, Output efficiency: 0.275
mdot_h2: 7.60 g/s
Reynolds_number: 8,695,441
Stack prop output power: 315 kW, Pcomp: 10.1 kW
Cell efficiency: 0.298, Output efficiency: 0.275
mdot_h2: 7.72 g/s
Reynolds_number: 10,476,435
Stack prop output power: 417 kW, Pcomp: 3.7 kW
Cell efficiency: 0.290, Output efficiency: 0.273
mdot_h2: 10.30 g/s
Reynolds_number: 10,476,435
Stack prop output power: 427 kW, Pcomp: 3.8 kW
Cell efficiency: 0.290, Output efficiency: 0.273
mdot_h2: 10.53 g/s
Reynolds_number: 6,709,346
Stack prop output power: 404 kW, Pcomp: 3.5 kW
Cell efficiency: 0.305, Output efficiency: 0.287
mdot_h2: 9.48 g/s
Reynolds_number: 6,709,346
Stack prop output power: 414 kW, Pcomp: 3.6 kW
Cell efficiency: 0.305, Output efficiency: 0.287
mdot_h2: 9.70 g/s
Reynolds_number: 10,476,435
Stack prop output power: 310 kW, Pcomp: 10.0 kW
Cell efficiency: 0.300, Output efficiency: 0.276
mdot_h2: 7.56 g/s
Reynolds_number: 10,476,435
Stack prop output power: 315 kW, Pcomp: 10.1 kW
Cell efficiency: 0.300, Output efficiency: 0.276
mdot_h2: 7.69 g/s
Fuel-cell system mass representative phase: climb (P_fc_sys=854.093 kW).

-----------------------
ptotal_climb: 1,136 kW, mtom_est: 4,906 kg, mtom: 4,888 kg, residual: +18.40 kg

MTOM update: newton, relax=0.845 -> mtom_next=4,924.17 kg

======================================================
======================= ITER 5 =======================
Reynolds_number: 10,476,435
Stack prop output power: 315 kW, Pcomp: 10.1 kW
Cell efficiency: 0.300, Output efficiency: 0.276
mdot_h2: 7.69 g/s
Reynolds_number: 10,476,435
Stack prop output power: 318 kW, Pcomp: 10.2 kW
Cell efficiency: 0.300, Output efficiency: 0.276
mdot_h2: 7.75 g/s
Reynolds_number: 8,695,441
Stack prop output power: 315 kW, Pcomp: 10.1 kW
Cell efficiency: 0.298, Output efficiency: 0.275
mdot_h2: 7.73 g/s
Reynolds_number: 8,695,441
Stack prop output power: 318 kW, Pcomp: 10.2 kW
Cell efficiency: 0.298, Output efficiency: 0.275
mdot_h2: 7.78 g/s
Reynolds_number: 10,476,435
Stack prop output power: 426 kW, Pcomp: 3.8 kW
Cell efficiency: 0.290, Output efficiency: 0.273
mdot_h2: 10.51 g/s
Reynolds_number: 10,476,435
Stack prop output power: 430 kW, Pcomp: 3.8 kW
Cell efficiency: 0.290, Output efficiency: 0.273
mdot_h2: 10.61 g/s
Reynolds_number: 6,709,346
Stack prop output power: 413 kW, Pcomp: 3.6 kW
Cell efficiency: 0.305, Output efficiency: 0.287
mdot_h2: 9.68 g/s
Reynolds_number: 6,709,346
Stack prop output power: 417 kW, Pcomp: 3.6 kW
Cell efficiency: 0.305, Output efficiency: 0.287
mdot_h2: 9.77 g/s
Reynolds_number: 10,476,435
Stack prop output power: 315 kW, Pcomp: 10.1 kW
Cell efficiency: 0.300, Output efficiency: 0.276
mdot_h2: 7.69 g/s
Reynolds_number: 10,476,435
Stack prop output power: 318 kW, Pcomp: 10.2 kW
Cell efficiency: 0.300, Output efficiency: 0.276
mdot_h2: 7.75 g/s
Fuel-cell system mass representative phase: climb (P_fc_sys=860.438 kW).

-----------------------
ptotal_climb: 1,145 kW, mtom_est: 4,927 kg, mtom: 4,924 kg, residual: +3.23 kg


CONVERGED

CONVERGED STATE [MTOM iteration 5]
  MTOM=4,927 kg | Wing loading=210.45 kg/m^2 | P/W(climb)=232.32 W/kg
  Phase power: climb=1,144.7 kW | cruise=635.3 kW | loiter=635.3 kW | takeoff=1,109.1 kW | cruise+charger=635.3 kW
  Power split (climb): FC=852.8 kW | Battery=284.3 kW | Compressor=7.6 kW | Cooling=359.3 kW | H2=21.225 g/s
  Compressor max across phases: 20.4 kW (cruise)
  FC representative phase (mass sizing): climb (860.4 kW)
  Mass summary: MTOM=4,927 kg | Powertrain=1,426 kg | Tank=358.9 kg | Fuel=159.5 kg | Battery=19.1 kg | Nacelle power density=0.73 kW/kg
  Geometry: Main wing area=23.41 m^2 | Horizontal tail area=3.797 m^2 | Horizontal tail location=10.294 m | Vertical tail area=3.864 m^2 | Vertical tail location=9.869 m
  Config: wing loading input=210.32 kg/m^2 | P/W TO/Cl/Cr=0.16394/0.16919/0.09079 kW/kg

=============================================================
========================= CONVERGED =========================
=============================================================
Constraint sizing: ENABLED (min_combined_pw)
Input W/S: 210.32 kg/m^2 (2,062.5 Pa)
Input P/W [kW/kg]: takeoff 0.16394, climb 0.16919, cruise 0.09079
-------------------------------------------------------------

Mission Time
Climb time: 0.00 min (0.00 h)
Cruise time: 154.55 min (2.58 h)
Total flight time: 176.55 min (2.94 h)

Phase Power Breakdown
Phase      Time[min]     Total[kW]    FC Stack[kW]   Battery[kW]   Compressor[kW]   Cooling[kW]   mdot_H2[g/s]
--------------------------------------------------------------------------------------------------------------
ready           0.00          57.2            57.2           0.0              0.0           0.0         0.0
taxi            5.00         114.5           114.5           0.0              0.0           0.0         2.1
takeoff         1.00       1,109.1           826.3         275.4              7.3         324.4        19.5
climb           0.00       1,144.7           852.8         284.3              7.6         359.3        21.2
cruise        154.55         635.3           614.9           0.0             20.4         259.0        15.5
loiter         15.00         635.3           614.9           0.0             20.4         260.7        15.6
landing         1.00           0.0             0.0           0.0              0.0           0.0         0.0

Pcomp_max (solved phases): 20.4 kW (cruise)
Pnet (climb): 1,034 kW
Pelectricnet (climb): 1,137 kW
eta_pt: 0.9031

Geometry
S_wing: 23.41 m^2
b_wing: 14.52 m
Lfus: 12.21 m
Ltank: 3.20 m
S_HT: 3.80 m^2
S_VT: 3.86 m^2
b_HT: 4.13 m
b_VT: 2.71 m
X_HT_act: 10.29 m
X_VT_act: 9.87 m

One Nacelle (1/2)
Stack(1/2): 241 kg, Compressor: 16 kg, Humidifier: 86 kg, HX: 245 kg
W_FCS_single_nacelle (W_Stack+W_Compressor+W_Humidifier+W_Hx): 589 kg
Representative FC phase: climb
Specific Power of Nacelle System: 0.731 kW/kg
dim_hx: dX=1.134 m, dY=1.134 m, dZ=0.213 m
dim_stack: dX=0.376 m, dY=0.268 m, dZ=0.268 m

ALL Nacelles
W_FCS_total: 1,178 kg
W_PMAD: 97 kg
W_Motors: 151 kg

-----------------------
W_Powertrain (W_FCS_total+W_PMAD+W_Motors): 1,426 kg
-----------------------
W_wing: 352 kg
W_Htail: 24 kg
W_Vtail: 47 kg
W_fuselage: 355 kg
W_lnd_gear_main: 243 kg
W_lnd_gear_nose: 65 kg
W_flight_control: 366 kg
W_electric_system: 300 kg
W_iae: 74 kg
W_hydraulics: 59 kg
W_fur: 380 kg
-----------------------
OEM: 2,264 kg
-----------------------
W_tank: 359 kg
W_fuel: 159.5 kg
W_batt: 19.1 kg
-----------------------
W_payload: 700 kg
-----------------------
MTOM_grouped (OEM+W_tank+W_fuel+W_batt+W_Powertrain+W_payload): 4,927 kg
MTOM: 4,927 kg
-----------------------

Wing loading (MTOM/S_wing): 210.45 kg/m^2
Power-to-weight (converged): 232.32 W/kg

mdot_H2(cruise): 15.5 g/s
Vtankex: 6.8 m^3
========================== END ==============================


=============================================================
Execution time: 58.4 seconds
=============================================================
