Auto-widening W/S scan window for min_combined_pw: 1900.0..2600.0 -> 1725.0..2775.0 Pa (factor 1.500, lower_hit=True, upper_hit=False, min_on_edge=False).
Auto-widening W/S scan window for min_combined_pw: 1725.0..2775.0 -> 1462.5..3037.5 Pa (factor 1.500, lower_hit=True, upper_hit=False, min_on_edge=False).
ADRpy constraint sizing (min_combined_pw): W/S=2062.5 Pa (210.32 kg/m^2), P/W_TO=0.16394 kW/kg, P/W_climb=0.16919 kW/kg, P/W_cruise=0.09079 kW/kg
Curve minimum (combined/combined): W/S=2062.5 Pa (210.32 kg/m^2), P/W=0.16919 kW/kg
Curve minimum (takeoff/take-off): W/S=1462.5 Pa (149.13 kg/m^2), P/W=0.10196 kW/kg
Curve minimum (climb/climb): W/S=2312.5 Pa (235.81 kg/m^2), P/W=0.16586 kW/kg
Curve minimum (cruise/cruise): W/S=2312.5 Pa (235.81 kg/m^2), P/W=0.08550 kW/kg
======================================================
======================= ITER 1 =======================
Reynolds_number: 10,476,435
Stack prop output power: 500 kW, Pcomp: 16.1 kW
Cell efficiency: 0.300, Output efficiency: 0.276
mdot_h2: 12.20 g/s
Reynolds_number: 10,476,435
Stack prop output power: 328 kW, Pcomp: 10.6 kW
Cell efficiency: 0.300, Output efficiency: 0.276
mdot_h2: 8.01 g/s
Reynolds_number: 10,476,435
Stack prop output power: 323 kW, Pcomp: 10.4 kW
Cell efficiency: 0.300, Output efficiency: 0.276
mdot_h2: 7.87 g/s
Reynolds_number: 8,695,441
Stack prop output power: 500 kW, Pcomp: 16.1 kW
Cell efficiency: 0.298, Output efficiency: 0.275
mdot_h2: 12.26 g/s
Reynolds_number: 8,695,441
Stack prop output power: 328 kW, Pcomp: 10.5 kW
Cell efficiency: 0.298, Output efficiency: 0.275
mdot_h2: 8.05 g/s
Reynolds_number: 8,695,441
Stack prop output power: 323 kW, Pcomp: 10.4 kW
Cell efficiency: 0.298, Output efficiency: 0.275
mdot_h2: 7.91 g/s
Reynolds_number: 10,476,435
Stack prop output power: 356 kW, Pcomp: 3.2 kW
Cell efficiency: 0.290, Output efficiency: 0.273
mdot_h2: 8.77 g/s
Reynolds_number: 10,476,435
Stack prop output power: 436 kW, Pcomp: 3.9 kW
Cell efficiency: 0.290, Output efficiency: 0.273
mdot_h2: 10.76 g/s
Reynolds_number: 10,476,435
Stack prop output power: 437 kW, Pcomp: 3.9 kW
Cell efficiency: 0.290, Output efficiency: 0.273
mdot_h2: 10.78 g/s
Reynolds_number: 6,709,346
Stack prop output power: 360 kW, Pcomp: 3.1 kW
Cell efficiency: 0.305, Output efficiency: 0.287
mdot_h2: 8.45 g/s
Reynolds_number: 6,709,346
Stack prop output power: 423 kW, Pcomp: 3.7 kW
Cell efficiency: 0.305, Output efficiency: 0.287
mdot_h2: 9.91 g/s
Reynolds_number: 6,709,346
Stack prop output power: 423 kW, Pcomp: 3.7 kW
Cell efficiency: 0.305, Output efficiency: 0.287
mdot_h2: 9.92 g/s
Reynolds_number: 10,476,435
Stack prop output power: 500 kW, Pcomp: 16.1 kW
Cell efficiency: 0.300, Output efficiency: 0.276
mdot_h2: 12.20 g/s
Reynolds_number: 10,476,435
Stack prop output power: 328 kW, Pcomp: 10.6 kW
Cell efficiency: 0.300, Output efficiency: 0.276
mdot_h2: 8.01 g/s
Reynolds_number: 10,476,435
Stack prop output power: 323 kW, Pcomp: 10.4 kW
Cell efficiency: 0.300, Output efficiency: 0.276
mdot_h2: 7.87 g/s
Fuel-cell system mass representative phase: climb (P_fc_sys=873.689 kW).

-----------------------
ptotal_climb: 1,162 kW, mtom_est: 4,622 kg, mtom: 5,000 kg, residual: -377.56 kg

MTOM update: initial_bracket_probe_1, relax=1.000 -> mtom_next=4,675.00 kg

======================================================
======================= ITER 2 =======================
Reynolds_number: 10,476,435
Stack prop output power: 323 kW, Pcomp: 10.4 kW
Cell efficiency: 0.300, Output efficiency: 0.276
mdot_h2: 7.87 g/s
Reynolds_number: 10,476,435
Stack prop output power: 302 kW, Pcomp: 9.7 kW
Cell efficiency: 0.300, Output efficiency: 0.276
mdot_h2: 7.37 g/s
Reynolds_number: 10,476,435
Stack prop output power: 302 kW, Pcomp: 9.7 kW
Cell efficiency: 0.300, Output efficiency: 0.276
mdot_h2: 7.36 g/s
Reynolds_number: 8,695,441
Stack prop output power: 323 kW, Pcomp: 10.4 kW
Cell efficiency: 0.298, Output efficiency: 0.275
mdot_h2: 7.91 g/s
Reynolds_number: 8,695,441
Stack prop output power: 302 kW, Pcomp: 9.7 kW
Cell efficiency: 0.298, Output efficiency: 0.275
mdot_h2: 7.41 g/s
Reynolds_number: 8,695,441
Stack prop output power: 302 kW, Pcomp: 9.7 kW
Cell efficiency: 0.298, Output efficiency: 0.275
mdot_h2: 7.39 g/s
Reynolds_number: 10,476,435
Stack prop output power: 446 kW, Pcomp: 4.0 kW
Cell efficiency: 0.290, Output efficiency: 0.273
mdot_h2: 11.01 g/s
Reynolds_number: 10,476,435
Stack prop output power: 409 kW, Pcomp: 3.6 kW
Cell efficiency: 0.290, Output efficiency: 0.273
mdot_h2: 10.08 g/s
Reynolds_number: 6,709,346
Stack prop output power: 432 kW, Pcomp: 3.8 kW
Cell efficiency: 0.305, Output efficiency: 0.287
mdot_h2: 10.14 g/s
Reynolds_number: 6,709,346
Stack prop output power: 396 kW, Pcomp: 3.4 kW
Cell efficiency: 0.305, Output efficiency: 0.287
mdot_h2: 9.29 g/s
Reynolds_number: 10,476,435
Stack prop output power: 323 kW, Pcomp: 10.4 kW
Cell efficiency: 0.300, Output efficiency: 0.276
mdot_h2: 7.87 g/s
Reynolds_number: 10,476,435
Stack prop output power: 302 kW, Pcomp: 9.7 kW
Cell efficiency: 0.300, Output efficiency: 0.276
mdot_h2: 7.37 g/s
Reynolds_number: 10,476,435
Stack prop output power: 302 kW, Pcomp: 9.7 kW
Cell efficiency: 0.300, Output efficiency: 0.276
mdot_h2: 7.36 g/s
Fuel-cell system mass representative phase: climb (P_fc_sys=816.905 kW).

-----------------------
ptotal_climb: 1,087 kW, mtom_est: 4,434 kg, mtom: 4,675 kg, residual: -241.23 kg

MTOM update: initial_bracket_probe_2, relax=1.000 -> mtom_next=4,350.00 kg

======================================================
======================= ITER 3 =======================
Reynolds_number: 10,476,435
Stack prop output power: 302 kW, Pcomp: 9.7 kW
Cell efficiency: 0.300, Output efficiency: 0.276
mdot_h2: 7.36 g/s
Reynolds_number: 10,476,435
Stack prop output power: 281 kW, Pcomp: 9.0 kW
Cell efficiency: 0.300, Output efficiency: 0.276
mdot_h2: 6.86 g/s
Reynolds_number: 10,476,435
Stack prop output power: 281 kW, Pcomp: 9.0 kW
Cell efficiency: 0.300, Output efficiency: 0.276
mdot_h2: 6.85 g/s
Reynolds_number: 8,695,441
Stack prop output power: 302 kW, Pcomp: 9.7 kW
Cell efficiency: 0.298, Output efficiency: 0.275
mdot_h2: 7.39 g/s
Reynolds_number: 8,695,441
Stack prop output power: 281 kW, Pcomp: 9.0 kW
Cell efficiency: 0.298, Output efficiency: 0.275
mdot_h2: 6.89 g/s
Reynolds_number: 8,695,441
Stack prop output power: 281 kW, Pcomp: 9.0 kW
Cell efficiency: 0.298, Output efficiency: 0.275
mdot_h2: 6.88 g/s
Reynolds_number: 10,476,435
Stack prop output power: 418 kW, Pcomp: 3.7 kW
Cell efficiency: 0.290, Output efficiency: 0.273
mdot_h2: 10.31 g/s
Reynolds_number: 10,476,435
Stack prop output power: 380 kW, Pcomp: 3.4 kW
Cell efficiency: 0.290, Output efficiency: 0.273
mdot_h2: 9.38 g/s
Reynolds_number: 6,709,346
Stack prop output power: 405 kW, Pcomp: 3.5 kW
Cell efficiency: 0.305, Output efficiency: 0.287
mdot_h2: 9.49 g/s
Reynolds_number: 6,709,346
Stack prop output power: 369 kW, Pcomp: 3.2 kW
Cell efficiency: 0.305, Output efficiency: 0.287
mdot_h2: 8.64 g/s
Reynolds_number: 10,476,435
Stack prop output power: 302 kW, Pcomp: 9.7 kW
Cell efficiency: 0.300, Output efficiency: 0.276
mdot_h2: 7.36 g/s
Reynolds_number: 10,476,435
Stack prop output power: 281 kW, Pcomp: 9.0 kW
Cell efficiency: 0.300, Output efficiency: 0.276
mdot_h2: 6.86 g/s
Reynolds_number: 10,476,435
Stack prop output power: 281 kW, Pcomp: 9.0 kW
Cell efficiency: 0.300, Output efficiency: 0.276
mdot_h2: 6.85 g/s
Fuel-cell system mass representative phase: climb (P_fc_sys=760.116 kW).

-----------------------
ptotal_climb: 1,011 kW, mtom_est: 4,246 kg, mtom: 4,350 kg, residual: -104.40 kg

MTOM update: fixed_point_prebracket, relax=1.000 -> mtom_next=4,266.48 kg

======================================================
======================= ITER 4 =======================
Reynolds_number: 10,476,435
Stack prop output power: 281 kW, Pcomp: 9.0 kW
Cell efficiency: 0.300, Output efficiency: 0.276
mdot_h2: 6.85 g/s
Reynolds_number: 10,476,435
Stack prop output power: 275 kW, Pcomp: 8.9 kW
Cell efficiency: 0.300, Output efficiency: 0.276
mdot_h2: 6.72 g/s
Reynolds_number: 8,695,441
Stack prop output power: 281 kW, Pcomp: 9.0 kW
Cell efficiency: 0.298, Output efficiency: 0.275
mdot_h2: 6.88 g/s
Reynolds_number: 8,695,441
Stack prop output power: 275 kW, Pcomp: 8.8 kW
Cell efficiency: 0.298, Output efficiency: 0.275
mdot_h2: 6.75 g/s
Reynolds_number: 10,476,435
Stack prop output power: 382 kW, Pcomp: 3.4 kW
Cell efficiency: 0.290, Output efficiency: 0.273
mdot_h2: 9.44 g/s
Reynolds_number: 10,476,435
Stack prop output power: 373 kW, Pcomp: 3.3 kW
Cell efficiency: 0.290, Output efficiency: 0.273
mdot_h2: 9.20 g/s
Reynolds_number: 6,709,346
Stack prop output power: 371 kW, Pcomp: 3.2 kW
Cell efficiency: 0.305, Output efficiency: 0.287
mdot_h2: 8.69 g/s
Reynolds_number: 6,709,346
Stack prop output power: 361 kW, Pcomp: 3.1 kW
Cell efficiency: 0.305, Output efficiency: 0.287
mdot_h2: 8.47 g/s
Reynolds_number: 10,476,435
Stack prop output power: 281 kW, Pcomp: 9.0 kW
Cell efficiency: 0.300, Output efficiency: 0.276
mdot_h2: 6.85 g/s
Reynolds_number: 10,476,435
Stack prop output power: 275 kW, Pcomp: 8.9 kW
Cell efficiency: 0.300, Output efficiency: 0.276
mdot_h2: 6.72 g/s
Fuel-cell system mass representative phase: climb (P_fc_sys=745.518 kW).

-----------------------
ptotal_climb: 992 kW, mtom_est: 4,197 kg, mtom: 4,266 kg, residual: -69.27 kg

MTOM update: fixed_point_prebracket, relax=1.000 -> mtom_next=4,211.07 kg

======================================================
======================= ITER 5 =======================
Reynolds_number: 10,476,435
Stack prop output power: 275 kW, Pcomp: 8.8 kW
Cell efficiency: 0.300, Output efficiency: 0.276
mdot_h2: 6.71 g/s
Reynolds_number: 10,476,435
Stack prop output power: 272 kW, Pcomp: 8.7 kW
Cell efficiency: 0.300, Output efficiency: 0.276
mdot_h2: 6.63 g/s
Reynolds_number: 8,695,441
Stack prop output power: 275 kW, Pcomp: 8.8 kW
Cell efficiency: 0.298, Output efficiency: 0.275
mdot_h2: 6.75 g/s
Reynolds_number: 8,695,441
Stack prop output power: 272 kW, Pcomp: 8.7 kW
Cell efficiency: 0.298, Output efficiency: 0.275
mdot_h2: 6.66 g/s
Reynolds_number: 10,476,435
Stack prop output power: 374 kW, Pcomp: 3.3 kW
Cell efficiency: 0.290, Output efficiency: 0.273
mdot_h2: 9.24 g/s
Reynolds_number: 10,476,435
Stack prop output power: 368 kW, Pcomp: 3.3 kW
Cell efficiency: 0.290, Output efficiency: 0.273
mdot_h2: 9.08 g/s
Reynolds_number: 6,709,346
Stack prop output power: 363 kW, Pcomp: 3.2 kW
Cell efficiency: 0.305, Output efficiency: 0.287
mdot_h2: 8.50 g/s
Reynolds_number: 6,709,346
Stack prop output power: 356 kW, Pcomp: 3.1 kW
Cell efficiency: 0.305, Output efficiency: 0.287
mdot_h2: 8.36 g/s
Reynolds_number: 10,476,435
Stack prop output power: 275 kW, Pcomp: 8.8 kW
Cell efficiency: 0.300, Output efficiency: 0.276
mdot_h2: 6.71 g/s
Reynolds_number: 10,476,435
Stack prop output power: 272 kW, Pcomp: 8.7 kW
Cell efficiency: 0.300, Output efficiency: 0.276
mdot_h2: 6.63 g/s
Fuel-cell system mass representative phase: climb (P_fc_sys=735.834 kW).

-----------------------
ptotal_climb: 979 kW, mtom_est: 4,165 kg, mtom: 4,211 kg, residual: -45.95 kg

MTOM update: fixed_point_prebracket, relax=1.000 -> mtom_next=4,174.31 kg

======================================================
======================= ITER 6 =======================
Reynolds_number: 10,476,435
Stack prop output power: 272 kW, Pcomp: 8.7 kW
Cell efficiency: 0.300, Output efficiency: 0.276
mdot_h2: 6.63 g/s
Reynolds_number: 10,476,435
Stack prop output power: 269 kW, Pcomp: 8.7 kW
Cell efficiency: 0.300, Output efficiency: 0.276
mdot_h2: 6.57 g/s
Reynolds_number: 8,695,441
Stack prop output power: 272 kW, Pcomp: 8.7 kW
Cell efficiency: 0.298, Output efficiency: 0.275
mdot_h2: 6.66 g/s
Reynolds_number: 8,695,441
Stack prop output power: 269 kW, Pcomp: 8.7 kW
Cell efficiency: 0.298, Output efficiency: 0.275
mdot_h2: 6.60 g/s
Reynolds_number: 10,476,435
Stack prop output power: 369 kW, Pcomp: 3.3 kW
Cell efficiency: 0.290, Output efficiency: 0.273
mdot_h2: 9.10 g/s
Reynolds_number: 10,476,435
Stack prop output power: 365 kW, Pcomp: 3.2 kW
Cell efficiency: 0.290, Output efficiency: 0.273
mdot_h2: 9.00 g/s
Reynolds_number: 6,709,346
Stack prop output power: 357 kW, Pcomp: 3.1 kW
Cell efficiency: 0.305, Output efficiency: 0.287
mdot_h2: 8.38 g/s
Reynolds_number: 6,709,346
Stack prop output power: 353 kW, Pcomp: 3.1 kW
Cell efficiency: 0.305, Output efficiency: 0.287
mdot_h2: 8.29 g/s
Reynolds_number: 10,476,435
Stack prop output power: 272 kW, Pcomp: 8.7 kW
Cell efficiency: 0.300, Output efficiency: 0.276
mdot_h2: 6.63 g/s
Reynolds_number: 10,476,435
Stack prop output power: 269 kW, Pcomp: 8.7 kW
Cell efficiency: 0.300, Output efficiency: 0.276
mdot_h2: 6.57 g/s
Fuel-cell system mass representative phase: climb (P_fc_sys=729.411 kW).

-----------------------
ptotal_climb: 970 kW, mtom_est: 4,145 kg, mtom: 4,174 kg, residual: -29.52 kg

MTOM update: fixed_point_prebracket, relax=1.000 -> mtom_next=4,150.70 kg

======================================================
======================= ITER 7 =======================
Reynolds_number: 10,476,435
Stack prop output power: 269 kW, Pcomp: 8.7 kW
Cell efficiency: 0.300, Output efficiency: 0.276
mdot_h2: 6.57 g/s
Reynolds_number: 10,476,435
Stack prop output power: 268 kW, Pcomp: 8.6 kW
Cell efficiency: 0.300, Output efficiency: 0.276
mdot_h2: 6.53 g/s
Reynolds_number: 8,695,441
Stack prop output power: 269 kW, Pcomp: 8.7 kW
Cell efficiency: 0.298, Output efficiency: 0.275
mdot_h2: 6.60 g/s
Reynolds_number: 8,695,441
Stack prop output power: 268 kW, Pcomp: 8.6 kW
Cell efficiency: 0.298, Output efficiency: 0.275
mdot_h2: 6.56 g/s
Reynolds_number: 10,476,435
Stack prop output power: 365 kW, Pcomp: 3.2 kW
Cell efficiency: 0.290, Output efficiency: 0.273
mdot_h2: 9.01 g/s
Reynolds_number: 10,476,435
Stack prop output power: 363 kW, Pcomp: 3.2 kW
Cell efficiency: 0.290, Output efficiency: 0.273
mdot_h2: 8.95 g/s
Reynolds_number: 6,709,346
Stack prop output power: 354 kW, Pcomp: 3.1 kW
Cell efficiency: 0.305, Output efficiency: 0.287
mdot_h2: 8.30 g/s
Reynolds_number: 6,709,346
Stack prop output power: 351 kW, Pcomp: 3.1 kW
Cell efficiency: 0.305, Output efficiency: 0.287
mdot_h2: 8.24 g/s
Reynolds_number: 10,476,435
Stack prop output power: 269 kW, Pcomp: 8.7 kW
Cell efficiency: 0.300, Output efficiency: 0.276
mdot_h2: 6.57 g/s
Reynolds_number: 10,476,435
Stack prop output power: 268 kW, Pcomp: 8.6 kW
Cell efficiency: 0.300, Output efficiency: 0.276
mdot_h2: 6.53 g/s
Fuel-cell system mass representative phase: climb (P_fc_sys=725.284 kW).

-----------------------
ptotal_climb: 965 kW, mtom_est: 4,130 kg, mtom: 4,151 kg, residual: -20.35 kg

MTOM update: fixed_point_prebracket, relax=1.000 -> mtom_next=4,134.42 kg

======================================================
======================= ITER 8 =======================
Reynolds_number: 10,476,435
Stack prop output power: 268 kW, Pcomp: 8.6 kW
Cell efficiency: 0.300, Output efficiency: 0.276
mdot_h2: 6.53 g/s
Reynolds_number: 10,476,435
Stack prop output power: 267 kW, Pcomp: 8.6 kW
Cell efficiency: 0.300, Output efficiency: 0.276
mdot_h2: 6.51 g/s
Reynolds_number: 8,695,441
Stack prop output power: 268 kW, Pcomp: 8.6 kW
Cell efficiency: 0.298, Output efficiency: 0.275
mdot_h2: 6.56 g/s
Reynolds_number: 8,695,441
Stack prop output power: 267 kW, Pcomp: 8.6 kW
Cell efficiency: 0.298, Output efficiency: 0.275
mdot_h2: 6.54 g/s
Reynolds_number: 10,476,435
Stack prop output power: 363 kW, Pcomp: 3.2 kW
Cell efficiency: 0.290, Output efficiency: 0.273
mdot_h2: 8.96 g/s
Reynolds_number: 10,476,435
Stack prop output power: 361 kW, Pcomp: 3.2 kW
Cell efficiency: 0.290, Output efficiency: 0.273
mdot_h2: 8.91 g/s
Reynolds_number: 6,709,346
Stack prop output power: 352 kW, Pcomp: 3.1 kW
Cell efficiency: 0.305, Output efficiency: 0.287
mdot_h2: 8.25 g/s
Reynolds_number: 6,709,346
Stack prop output power: 350 kW, Pcomp: 3.0 kW
Cell efficiency: 0.305, Output efficiency: 0.287
mdot_h2: 8.21 g/s
Reynolds_number: 10,476,435
Stack prop output power: 268 kW, Pcomp: 8.6 kW
Cell efficiency: 0.300, Output efficiency: 0.276
mdot_h2: 6.53 g/s
Reynolds_number: 10,476,435
Stack prop output power: 267 kW, Pcomp: 8.6 kW
Cell efficiency: 0.300, Output efficiency: 0.276
mdot_h2: 6.51 g/s
Fuel-cell system mass representative phase: climb (P_fc_sys=722.439 kW).

-----------------------
ptotal_climb: 961 kW, mtom_est: 4,121 kg, mtom: 4,134 kg, residual: -13.86 kg

MTOM update: newton_prebracket, relax=1.000 -> mtom_next=4,099.68 kg

======================================================
======================= ITER 9 =======================
Reynolds_number: 10,476,435
Stack prop output power: 267 kW, Pcomp: 8.6 kW
Cell efficiency: 0.300, Output efficiency: 0.276
mdot_h2: 6.51 g/s
Reynolds_number: 10,476,435
Stack prop output power: 265 kW, Pcomp: 8.5 kW
Cell efficiency: 0.300, Output efficiency: 0.276
mdot_h2: 6.45 g/s
Reynolds_number: 8,695,441
Stack prop output power: 267 kW, Pcomp: 8.6 kW
Cell efficiency: 0.298, Output efficiency: 0.275
mdot_h2: 6.54 g/s
Reynolds_number: 8,695,441
Stack prop output power: 265 kW, Pcomp: 8.5 kW
Cell efficiency: 0.298, Output efficiency: 0.275
mdot_h2: 6.48 g/s
Reynolds_number: 10,476,435
Stack prop output power: 362 kW, Pcomp: 3.2 kW
Cell efficiency: 0.290, Output efficiency: 0.273
mdot_h2: 8.94 g/s
Reynolds_number: 10,476,435
Stack prop output power: 358 kW, Pcomp: 3.2 kW
Cell efficiency: 0.290, Output efficiency: 0.273
mdot_h2: 8.84 g/s
Reynolds_number: 6,709,346
Stack prop output power: 351 kW, Pcomp: 3.1 kW
Cell efficiency: 0.305, Output efficiency: 0.287
mdot_h2: 8.23 g/s
Reynolds_number: 6,709,346
Stack prop output power: 347 kW, Pcomp: 3.0 kW
Cell efficiency: 0.305, Output efficiency: 0.287
mdot_h2: 8.14 g/s
Reynolds_number: 10,476,435
Stack prop output power: 267 kW, Pcomp: 8.6 kW
Cell efficiency: 0.300, Output efficiency: 0.276
mdot_h2: 6.51 g/s
Reynolds_number: 10,476,435
Stack prop output power: 265 kW, Pcomp: 8.5 kW
Cell efficiency: 0.300, Output efficiency: 0.276
mdot_h2: 6.45 g/s
Fuel-cell system mass representative phase: climb (P_fc_sys=716.371 kW).

-----------------------
ptotal_climb: 953 kW, mtom_est: 4,102 kg, mtom: 4,100 kg, residual: +2.22 kg


CONVERGED

CONVERGED STATE [MTOM iteration 9]
  MTOM=4,102 kg | Wing loading=210.43 kg/m^2 | P/W(climb)=232.34 W/kg
  Phase power: climb=953.0 kW | cruise=528.9 kW | loiter=528.9 kW | takeoff=923.4 kW | cruise+charger=528.9 kW
  Power split (climb): FC=710.0 kW | Battery=236.7 kW | Compressor=6.3 kW | Cooling=299.3 kW | H2=17.675 g/s
  Compressor max across phases: 17.0 kW (cruise)
  FC representative phase (mass sizing): climb (716.4 kW)
  Mass summary: MTOM=4,102 kg | Powertrain=1,190 kg | Tank=298.9 kg | Fuel=132.9 kg | Battery=15.9 kg | Nacelle power density=0.73 kW/kg
  Geometry: Main wing area=19.49 m^2 | Horizontal tail area=2.983 m^2 | Horizontal tail location=9.910 m | Vertical tail area=3.009 m^2 | Vertical tail location=9.575 m
  Config: wing loading input=210.32 kg/m^2 | P/W TO/Cl/Cr=0.16394/0.16919/0.09079 kW/kg

=============================================================
========================= CONVERGED =========================
=============================================================
Constraint sizing: ENABLED (min_combined_pw)
Input W/S: 210.32 kg/m^2 (2,062.5 Pa)
Input P/W [kW/kg]: takeoff 0.16394, climb 0.16919, cruise 0.09079
-------------------------------------------------------------

Mission Time
Climb time: 0.00 min (0.00 h)
Cruise time: 154.55 min (2.58 h)
Total flight time: 176.55 min (2.94 h)

Phase Power Breakdown
Phase      Time[min]     Total[kW]    FC Stack[kW]   Battery[kW]   Compressor[kW]   Cooling[kW]   mdot_H2[g/s]
--------------------------------------------------------------------------------------------------------------
ready           0.00          47.7            47.7           0.0              0.0           0.0         0.0
taxi            5.00          95.3            95.3           0.0              0.0           0.0         1.8
takeoff         1.00         923.4           688.0         229.3              6.0         270.2        16.3
climb           0.00         953.0           710.0         236.7              6.3         299.3        17.7
cruise        154.55         528.9           511.9           0.0             17.0         215.8        12.9
loiter         15.00         528.9           511.9           0.0             17.0         217.2        13.0
landing         1.00           0.0             0.0           0.0              0.0           0.0         0.0

Pcomp_max (solved phases): 17.0 kW (cruise)
Pnet (climb): 861 kW
Pelectricnet (climb): 947 kW
eta_pt: 0.9031

Geometry
S_wing: 19.49 m^2
b_wing: 13.25 m
Lfus: 11.67 m
Ltank: 2.66 m
S_HT: 2.98 m^2
S_VT: 3.01 m^2
b_HT: 3.66 m
b_VT: 2.39 m
X_HT_act: 9.91 m
X_VT_act: 9.58 m

One Nacelle (1/2)
Stack(1/2): 201 kg, Compressor: 14 kg, Humidifier: 72 kg, HX: 204 kg
W_FCS_single_nacelle (W_Stack+W_Compressor+W_Humidifier+W_Hx): 491 kg
Representative FC phase: climb
Specific Power of Nacelle System: 0.729 kW/kg
dim_hx: dX=1.035 m, dY=1.035 m, dZ=0.213 m
dim_stack: dX=0.376 m, dY=0.244 m, dZ=0.244 m

ALL Nacelles
W_FCS_total: 983 kg
W_PMAD: 81 kg
W_Motors: 126 kg

-----------------------
W_Powertrain (W_FCS_total+W_PMAD+W_Motors): 1,190 kg
-----------------------
W_wing: 280 kg
W_Htail: 18 kg
W_Vtail: 37 kg
W_fuselage: 327 kg
W_lnd_gear_main: 243 kg
W_lnd_gear_nose: 65 kg
W_flight_control: 366 kg
W_electric_system: 300 kg
W_iae: 64 kg
W_hydraulics: 49 kg
W_fur: 366 kg
-----------------------
OEM: 2,115 kg
-----------------------
W_tank: 299 kg
W_fuel: 132.9 kg
W_batt: 15.9 kg
-----------------------
W_payload: 350 kg
-----------------------
MTOM_grouped (OEM+W_tank+W_fuel+W_batt+W_Powertrain+W_payload): 4,102 kg
MTOM: 4,102 kg
-----------------------

Wing loading (MTOM/S_wing): 210.43 kg/m^2
Power-to-weight (converged): 232.34 W/kg

mdot_H2(cruise): 12.9 g/s
Vtankex: 5.7 m^3
========================== END ==============================


=============================================================
Execution time: 100.4 seconds
=============================================================
