Auto-widening W/S scan window for min_combined_pw: 1900.0..2600.0 -> 1725.0..2775.0 Pa (factor 1.500, lower_hit=True, upper_hit=False, min_on_edge=False).
Auto-widening W/S scan window for min_combined_pw: 1725.0..2775.0 -> 1462.5..3037.5 Pa (factor 1.500, lower_hit=True, upper_hit=False, min_on_edge=False).
ADRpy constraint sizing (min_combined_pw): W/S=2062.5 Pa (210.32 kg/m^2), P/W_TO=0.16394 kW/kg, P/W_climb=0.16915 kW/kg, P/W_cruise=0.06497 kW/kg
Curve minimum (combined/combined): W/S=2062.5 Pa (210.32 kg/m^2), P/W=0.16915 kW/kg
Curve minimum (takeoff/take-off): W/S=1462.5 Pa (149.13 kg/m^2), P/W=0.10196 kW/kg
Curve minimum (climb/climb): W/S=2312.5 Pa (235.81 kg/m^2), P/W=0.16577 kW/kg
Curve minimum (cruise/cruise): W/S=2312.5 Pa (235.81 kg/m^2), P/W=0.06336 kW/kg
======================================================
======================= ITER 1 =======================
Reynolds_number: 8,748,363
Stack prop output power: 500 kW, Pcomp: 16.1 kW
Cell efficiency: 0.298, Output efficiency: 0.275
mdot_h2: 12.25 g/s
Reynolds_number: 8,748,363
Stack prop output power: 239 kW, Pcomp: 7.7 kW
Cell efficiency: 0.298, Output efficiency: 0.275
mdot_h2: 5.87 g/s
Reynolds_number: 8,748,363
Stack prop output power: 231 kW, Pcomp: 7.4 kW
Cell efficiency: 0.298, Output efficiency: 0.275
mdot_h2: 5.66 g/s
Reynolds_number: 7,261,141
Stack prop output power: 500 kW, Pcomp: 16.1 kW
Cell efficiency: 0.297, Output efficiency: 0.274
mdot_h2: 12.30 g/s
Reynolds_number: 7,261,141
Stack prop output power: 239 kW, Pcomp: 7.7 kW
Cell efficiency: 0.297, Output efficiency: 0.274
mdot_h2: 5.89 g/s
Reynolds_number: 7,261,141
Stack prop output power: 231 kW, Pcomp: 7.4 kW
Cell efficiency: 0.297, Output efficiency: 0.274
mdot_h2: 5.68 g/s
Reynolds_number: 8,748,363
Stack prop output power: 356 kW, Pcomp: 3.2 kW
Cell efficiency: 0.288, Output efficiency: 0.271
mdot_h2: 8.82 g/s
Reynolds_number: 8,748,363
Stack prop output power: 436 kW, Pcomp: 3.9 kW
Cell efficiency: 0.288, Output efficiency: 0.271
mdot_h2: 10.81 g/s
Reynolds_number: 8,748,363
Stack prop output power: 437 kW, Pcomp: 3.9 kW
Cell efficiency: 0.288, Output efficiency: 0.271
mdot_h2: 10.83 g/s
Reynolds_number: 6,709,346
Stack prop output power: 360 kW, Pcomp: 3.1 kW
Cell efficiency: 0.305, Output efficiency: 0.287
mdot_h2: 8.45 g/s
Reynolds_number: 6,709,346
Stack prop output power: 423 kW, Pcomp: 3.7 kW
Cell efficiency: 0.305, Output efficiency: 0.287
mdot_h2: 9.91 g/s
Reynolds_number: 6,709,346
Stack prop output power: 423 kW, Pcomp: 3.7 kW
Cell efficiency: 0.305, Output efficiency: 0.287
mdot_h2: 9.92 g/s
Reynolds_number: 8,748,363
Stack prop output power: 500 kW, Pcomp: 16.1 kW
Cell efficiency: 0.298, Output efficiency: 0.275
mdot_h2: 12.25 g/s
Reynolds_number: 8,748,363
Stack prop output power: 239 kW, Pcomp: 7.7 kW
Cell efficiency: 0.298, Output efficiency: 0.275
mdot_h2: 5.87 g/s
Reynolds_number: 8,748,363
Stack prop output power: 231 kW, Pcomp: 7.4 kW
Cell efficiency: 0.298, Output efficiency: 0.275
mdot_h2: 5.66 g/s
Fuel-cell system mass representative phase: climb (P_fc_sys=873.463 kW).

-----------------------
ptotal_climb: 1,162 kW, mtom_est: 5,377 kg, mtom: 5,000 kg, residual: +377.21 kg

MTOM update: initial_bracket_probe_1, relax=1.000 -> mtom_next=5,325.00 kg

======================================================
======================= ITER 2 =======================
Reynolds_number: 8,748,363
Stack prop output power: 231 kW, Pcomp: 7.4 kW
Cell efficiency: 0.298, Output efficiency: 0.275
mdot_h2: 5.66 g/s
Reynolds_number: 8,748,363
Stack prop output power: 245 kW, Pcomp: 7.9 kW
Cell efficiency: 0.298, Output efficiency: 0.275
mdot_h2: 6.01 g/s
Reynolds_number: 7,261,141
Stack prop output power: 231 kW, Pcomp: 7.4 kW
Cell efficiency: 0.297, Output efficiency: 0.274
mdot_h2: 5.68 g/s
Reynolds_number: 7,261,141
Stack prop output power: 245 kW, Pcomp: 7.9 kW
Cell efficiency: 0.297, Output efficiency: 0.274
mdot_h2: 6.03 g/s
Reynolds_number: 8,748,363
Stack prop output power: 427 kW, Pcomp: 3.8 kW
Cell efficiency: 0.288, Output efficiency: 0.271
mdot_h2: 10.60 g/s
Reynolds_number: 8,748,363
Stack prop output power: 465 kW, Pcomp: 4.1 kW
Cell efficiency: 0.288, Output efficiency: 0.271
mdot_h2: 11.53 g/s
Reynolds_number: 6,709,346
Stack prop output power: 414 kW, Pcomp: 3.6 kW
Cell efficiency: 0.305, Output efficiency: 0.287
mdot_h2: 9.71 g/s
Reynolds_number: 6,709,346
Stack prop output power: 450 kW, Pcomp: 3.9 kW
Cell efficiency: 0.305, Output efficiency: 0.287
mdot_h2: 10.56 g/s
Reynolds_number: 8,748,363
Stack prop output power: 231 kW, Pcomp: 7.4 kW
Cell efficiency: 0.298, Output efficiency: 0.275
mdot_h2: 5.66 g/s
Reynolds_number: 8,748,363
Stack prop output power: 245 kW, Pcomp: 7.9 kW
Cell efficiency: 0.298, Output efficiency: 0.275
mdot_h2: 6.01 g/s
Fuel-cell system mass representative phase: climb (P_fc_sys=930.233 kW).

-----------------------
ptotal_climb: 1,238 kW, mtom_est: 5,571 kg, mtom: 5,325 kg, residual: +245.69 kg

MTOM update: initial_bracket_probe_2, relax=1.000 -> mtom_next=5,650.00 kg

======================================================
======================= ITER 3 =======================
Reynolds_number: 8,748,363
Stack prop output power: 246 kW, Pcomp: 7.9 kW
Cell efficiency: 0.298, Output efficiency: 0.275
mdot_h2: 6.02 g/s
Reynolds_number: 8,748,363
Stack prop output power: 260 kW, Pcomp: 8.4 kW
Cell efficiency: 0.298, Output efficiency: 0.275
mdot_h2: 6.38 g/s
Reynolds_number: 7,261,141
Stack prop output power: 246 kW, Pcomp: 7.9 kW
Cell efficiency: 0.297, Output efficiency: 0.274
mdot_h2: 6.04 g/s
Reynolds_number: 7,261,141
Stack prop output power: 260 kW, Pcomp: 8.4 kW
Cell efficiency: 0.297, Output efficiency: 0.274
mdot_h2: 6.40 g/s
Reynolds_number: 8,748,363
Stack prop output power: 456 kW, Pcomp: 4.0 kW
Cell efficiency: 0.288, Output efficiency: 0.271
mdot_h2: 11.30 g/s
Reynolds_number: 8,748,363
Stack prop output power: 493 kW, Pcomp: 4.4 kW
Cell efficiency: 0.288, Output efficiency: 0.271
mdot_h2: 12.23 g/s
Reynolds_number: 6,709,346
Stack prop output power: 442 kW, Pcomp: 3.8 kW
Cell efficiency: 0.305, Output efficiency: 0.287
mdot_h2: 10.36 g/s
Reynolds_number: 6,709,346
Stack prop output power: 478 kW, Pcomp: 4.2 kW
Cell efficiency: 0.305, Output efficiency: 0.287
mdot_h2: 11.21 g/s
Reynolds_number: 8,748,363
Stack prop output power: 246 kW, Pcomp: 7.9 kW
Cell efficiency: 0.298, Output efficiency: 0.275
mdot_h2: 6.02 g/s
Reynolds_number: 8,748,363
Stack prop output power: 260 kW, Pcomp: 8.4 kW
Cell efficiency: 0.298, Output efficiency: 0.275
mdot_h2: 6.38 g/s
Fuel-cell system mass representative phase: climb (P_fc_sys=987.008 kW).

-----------------------
ptotal_climb: 1,313 kW, mtom_est: 5,768 kg, mtom: 5,650 kg, residual: +118.28 kg

MTOM update: fixed_point_prebracket, relax=1.000 -> mtom_next=5,744.63 kg

======================================================
======================= ITER 4 =======================
Reynolds_number: 8,748,363
Stack prop output power: 261 kW, Pcomp: 8.4 kW
Cell efficiency: 0.298, Output efficiency: 0.275
mdot_h2: 6.39 g/s
Reynolds_number: 8,748,363
Stack prop output power: 265 kW, Pcomp: 8.5 kW
Cell efficiency: 0.298, Output efficiency: 0.275
mdot_h2: 6.50 g/s
Reynolds_number: 7,261,141
Stack prop output power: 261 kW, Pcomp: 8.4 kW
Cell efficiency: 0.297, Output efficiency: 0.274
mdot_h2: 6.41 g/s
Reynolds_number: 7,261,141
Stack prop output power: 265 kW, Pcomp: 8.5 kW
Cell efficiency: 0.297, Output efficiency: 0.274
mdot_h2: 6.52 g/s
Reynolds_number: 8,748,363
Stack prop output power: 491 kW, Pcomp: 4.3 kW
Cell efficiency: 0.288, Output efficiency: 0.271
mdot_h2: 12.17 g/s
Reynolds_number: 8,748,363
Stack prop output power: 502 kW, Pcomp: 4.4 kW
Cell efficiency: 0.288, Output efficiency: 0.271
mdot_h2: 12.44 g/s
Reynolds_number: 6,709,346
Stack prop output power: 476 kW, Pcomp: 4.1 kW
Cell efficiency: 0.305, Output efficiency: 0.287
mdot_h2: 11.15 g/s
Reynolds_number: 6,709,346
Stack prop output power: 486 kW, Pcomp: 4.2 kW
Cell efficiency: 0.305, Output efficiency: 0.287
mdot_h2: 11.40 g/s
Reynolds_number: 8,748,363
Stack prop output power: 261 kW, Pcomp: 8.4 kW
Cell efficiency: 0.298, Output efficiency: 0.275
mdot_h2: 6.39 g/s
Reynolds_number: 8,748,363
Stack prop output power: 265 kW, Pcomp: 8.5 kW
Cell efficiency: 0.298, Output efficiency: 0.275
mdot_h2: 6.50 g/s
Fuel-cell system mass representative phase: climb (P_fc_sys=1003.542 kW).

-----------------------
ptotal_climb: 1,335 kW, mtom_est: 5,827 kg, mtom: 5,745 kg, residual: +82.81 kg

MTOM update: fixed_point_prebracket, relax=1.000 -> mtom_next=5,810.88 kg

======================================================
======================= ITER 5 =======================
Reynolds_number: 8,748,363
Stack prop output power: 265 kW, Pcomp: 8.5 kW
Cell efficiency: 0.298, Output efficiency: 0.275
mdot_h2: 6.50 g/s
Reynolds_number: 8,748,363
Stack prop output power: 268 kW, Pcomp: 8.6 kW
Cell efficiency: 0.298, Output efficiency: 0.275
mdot_h2: 6.57 g/s
Reynolds_number: 7,261,141
Stack prop output power: 265 kW, Pcomp: 8.5 kW
Cell efficiency: 0.297, Output efficiency: 0.274
mdot_h2: 6.52 g/s
Reynolds_number: 7,261,141
Stack prop output power: 268 kW, Pcomp: 8.6 kW
Cell efficiency: 0.297, Output efficiency: 0.274
mdot_h2: 6.59 g/s
Reynolds_number: 8,748,363
Stack prop output power: 500 kW, Pcomp: 4.4 kW
Cell efficiency: 0.288, Output efficiency: 0.271
mdot_h2: 12.40 g/s
Reynolds_number: 8,748,363
Stack prop output power: 507 kW, Pcomp: 4.5 kW
Cell efficiency: 0.288, Output efficiency: 0.271
mdot_h2: 12.59 g/s
Reynolds_number: 6,709,346
Stack prop output power: 484 kW, Pcomp: 4.2 kW
Cell efficiency: 0.305, Output efficiency: 0.287
mdot_h2: 11.36 g/s
Reynolds_number: 6,709,346
Stack prop output power: 492 kW, Pcomp: 4.3 kW
Cell efficiency: 0.305, Output efficiency: 0.287
mdot_h2: 11.53 g/s
Reynolds_number: 8,748,363
Stack prop output power: 265 kW, Pcomp: 8.5 kW
Cell efficiency: 0.298, Output efficiency: 0.275
mdot_h2: 6.50 g/s
Reynolds_number: 8,748,363
Stack prop output power: 268 kW, Pcomp: 8.6 kW
Cell efficiency: 0.298, Output efficiency: 0.275
mdot_h2: 6.57 g/s
Fuel-cell system mass representative phase: climb (P_fc_sys=1015.116 kW).

-----------------------
ptotal_climb: 1,350 kW, mtom_est: 5,869 kg, mtom: 5,811 kg, residual: +58.37 kg

MTOM update: fixed_point_prebracket, relax=1.000 -> mtom_next=5,857.57 kg

======================================================
======================= ITER 6 =======================
Reynolds_number: 8,748,363
Stack prop output power: 268 kW, Pcomp: 8.6 kW
Cell efficiency: 0.298, Output efficiency: 0.275
mdot_h2: 6.57 g/s
Reynolds_number: 8,748,363
Stack prop output power: 270 kW, Pcomp: 8.7 kW
Cell efficiency: 0.298, Output efficiency: 0.275
mdot_h2: 6.63 g/s
Reynolds_number: 7,261,141
Stack prop output power: 268 kW, Pcomp: 8.6 kW
Cell efficiency: 0.297, Output efficiency: 0.274
mdot_h2: 6.60 g/s
Reynolds_number: 7,261,141
Stack prop output power: 270 kW, Pcomp: 8.7 kW
Cell efficiency: 0.297, Output efficiency: 0.274
mdot_h2: 6.65 g/s
Reynolds_number: 8,748,363
Stack prop output power: 506 kW, Pcomp: 4.5 kW
Cell efficiency: 0.288, Output efficiency: 0.271
mdot_h2: 12.56 g/s
Reynolds_number: 8,748,363
Stack prop output power: 512 kW, Pcomp: 4.5 kW
Cell efficiency: 0.288, Output efficiency: 0.271
mdot_h2: 12.69 g/s
Reynolds_number: 6,709,346
Stack prop output power: 491 kW, Pcomp: 4.3 kW
Cell efficiency: 0.305, Output efficiency: 0.287
mdot_h2: 11.50 g/s
Reynolds_number: 6,709,346
Stack prop output power: 496 kW, Pcomp: 4.3 kW
Cell efficiency: 0.305, Output efficiency: 0.287
mdot_h2: 11.63 g/s
Reynolds_number: 8,748,363
Stack prop output power: 268 kW, Pcomp: 8.6 kW
Cell efficiency: 0.298, Output efficiency: 0.275
mdot_h2: 6.57 g/s
Reynolds_number: 8,748,363
Stack prop output power: 270 kW, Pcomp: 8.7 kW
Cell efficiency: 0.298, Output efficiency: 0.275
mdot_h2: 6.63 g/s
Fuel-cell system mass representative phase: climb (P_fc_sys=1023.274 kW).

-----------------------
ptotal_climb: 1,361 kW, mtom_est: 5,897 kg, mtom: 5,858 kg, residual: +39.36 kg

MTOM update: fixed_point_prebracket, relax=1.000 -> mtom_next=5,889.07 kg

======================================================
======================= ITER 7 =======================
Reynolds_number: 8,748,363
Stack prop output power: 270 kW, Pcomp: 8.7 kW
Cell efficiency: 0.298, Output efficiency: 0.275
mdot_h2: 6.63 g/s
Reynolds_number: 8,748,363
Stack prop output power: 272 kW, Pcomp: 8.7 kW
Cell efficiency: 0.298, Output efficiency: 0.275
mdot_h2: 6.66 g/s
Reynolds_number: 7,261,141
Stack prop output power: 270 kW, Pcomp: 8.7 kW
Cell efficiency: 0.297, Output efficiency: 0.274
mdot_h2: 6.65 g/s
Reynolds_number: 7,261,141
Stack prop output power: 272 kW, Pcomp: 8.7 kW
Cell efficiency: 0.297, Output efficiency: 0.274
mdot_h2: 6.68 g/s
Reynolds_number: 8,748,363
Stack prop output power: 511 kW, Pcomp: 4.5 kW
Cell efficiency: 0.288, Output efficiency: 0.271
mdot_h2: 12.67 g/s
Reynolds_number: 8,748,363
Stack prop output power: 514 kW, Pcomp: 4.6 kW
Cell efficiency: 0.288, Output efficiency: 0.271
mdot_h2: 12.76 g/s
Reynolds_number: 6,709,346
Stack prop output power: 495 kW, Pcomp: 4.3 kW
Cell efficiency: 0.305, Output efficiency: 0.287
mdot_h2: 11.61 g/s
Reynolds_number: 6,709,346
Stack prop output power: 498 kW, Pcomp: 4.3 kW
Cell efficiency: 0.305, Output efficiency: 0.287
mdot_h2: 11.69 g/s
Reynolds_number: 8,748,363
Stack prop output power: 270 kW, Pcomp: 8.7 kW
Cell efficiency: 0.298, Output efficiency: 0.275
mdot_h2: 6.63 g/s
Reynolds_number: 8,748,363
Stack prop output power: 272 kW, Pcomp: 8.7 kW
Cell efficiency: 0.298, Output efficiency: 0.275
mdot_h2: 6.66 g/s
Fuel-cell system mass representative phase: climb (P_fc_sys=1028.776 kW).

-----------------------
ptotal_climb: 1,369 kW, mtom_est: 5,916 kg, mtom: 5,889 kg, residual: +27.15 kg

MTOM update: fixed_point_prebracket, relax=1.000 -> mtom_next=5,910.79 kg

======================================================
======================= ITER 8 =======================
Reynolds_number: 8,748,363
Stack prop output power: 272 kW, Pcomp: 8.7 kW
Cell efficiency: 0.298, Output efficiency: 0.275
mdot_h2: 6.66 g/s
Reynolds_number: 8,748,363
Stack prop output power: 273 kW, Pcomp: 8.8 kW
Cell efficiency: 0.298, Output efficiency: 0.275
mdot_h2: 6.69 g/s
Reynolds_number: 7,261,141
Stack prop output power: 272 kW, Pcomp: 8.7 kW
Cell efficiency: 0.297, Output efficiency: 0.274
mdot_h2: 6.69 g/s
Reynolds_number: 7,261,141
Stack prop output power: 273 kW, Pcomp: 8.8 kW
Cell efficiency: 0.297, Output efficiency: 0.274
mdot_h2: 6.71 g/s
Reynolds_number: 8,748,363
Stack prop output power: 514 kW, Pcomp: 4.6 kW
Cell efficiency: 0.288, Output efficiency: 0.271
mdot_h2: 12.74 g/s
Reynolds_number: 8,748,363
Stack prop output power: 516 kW, Pcomp: 4.6 kW
Cell efficiency: 0.288, Output efficiency: 0.271
mdot_h2: 12.81 g/s
Reynolds_number: 6,709,346
Stack prop output power: 498 kW, Pcomp: 4.3 kW
Cell efficiency: 0.305, Output efficiency: 0.287
mdot_h2: 11.67 g/s
Reynolds_number: 6,709,346
Stack prop output power: 500 kW, Pcomp: 4.4 kW
Cell efficiency: 0.305, Output efficiency: 0.287
mdot_h2: 11.73 g/s
Reynolds_number: 8,748,363
Stack prop output power: 272 kW, Pcomp: 8.7 kW
Cell efficiency: 0.298, Output efficiency: 0.275
mdot_h2: 6.66 g/s
Reynolds_number: 8,748,363
Stack prop output power: 273 kW, Pcomp: 8.8 kW
Cell efficiency: 0.298, Output efficiency: 0.275
mdot_h2: 6.69 g/s
Fuel-cell system mass representative phase: climb (P_fc_sys=1032.571 kW).

-----------------------
ptotal_climb: 1,374 kW, mtom_est: 5,929 kg, mtom: 5,911 kg, residual: +17.97 kg

MTOM update: newton_prebracket, relax=1.000 -> mtom_next=5,953.29 kg

======================================================
======================= ITER 9 =======================
Reynolds_number: 8,748,363
Stack prop output power: 273 kW, Pcomp: 8.8 kW
Cell efficiency: 0.298, Output efficiency: 0.275
mdot_h2: 6.69 g/s
Reynolds_number: 8,748,363
Stack prop output power: 275 kW, Pcomp: 8.8 kW
Cell efficiency: 0.298, Output efficiency: 0.275
mdot_h2: 6.73 g/s
Reynolds_number: 7,261,141
Stack prop output power: 273 kW, Pcomp: 8.8 kW
Cell efficiency: 0.297, Output efficiency: 0.274
mdot_h2: 6.71 g/s
Reynolds_number: 7,261,141
Stack prop output power: 275 kW, Pcomp: 8.8 kW
Cell efficiency: 0.297, Output efficiency: 0.274
mdot_h2: 6.76 g/s
Reynolds_number: 8,748,363
Stack prop output power: 515 kW, Pcomp: 4.6 kW
Cell efficiency: 0.288, Output efficiency: 0.271
mdot_h2: 12.78 g/s
Reynolds_number: 8,748,363
Stack prop output power: 520 kW, Pcomp: 4.6 kW
Cell efficiency: 0.288, Output efficiency: 0.271
mdot_h2: 12.90 g/s
Reynolds_number: 6,709,346
Stack prop output power: 499 kW, Pcomp: 4.3 kW
Cell efficiency: 0.305, Output efficiency: 0.287
mdot_h2: 11.70 g/s
Reynolds_number: 6,709,346
Stack prop output power: 504 kW, Pcomp: 4.4 kW
Cell efficiency: 0.305, Output efficiency: 0.287
mdot_h2: 11.82 g/s
Reynolds_number: 8,748,363
Stack prop output power: 273 kW, Pcomp: 8.8 kW
Cell efficiency: 0.298, Output efficiency: 0.275
mdot_h2: 6.69 g/s
Reynolds_number: 8,748,363
Stack prop output power: 275 kW, Pcomp: 8.8 kW
Cell efficiency: 0.298, Output efficiency: 0.275
mdot_h2: 6.73 g/s
Fuel-cell system mass representative phase: climb (P_fc_sys=1039.996 kW).

-----------------------
ptotal_climb: 1,384 kW, mtom_est: 5,955 kg, mtom: 5,953 kg, residual: +1.92 kg


CONVERGED

CONVERGED STATE [MTOM iteration 9]
  MTOM=5,955 kg | Wing loading=210.38 kg/m^2 | P/W(climb)=232.33 W/kg
  Phase power: climb=1,383.6 kW | cruise=549.6 kW | loiter=549.6 kW | takeoff=1,340.8 kW | cruise+charger=549.6 kW
  Power split (climb): FC=1,030.8 kW | Battery=343.6 kW | Compressor=9.2 kW | Cooling=437.4 kW | H2=25.794 g/s
  Compressor max across phases: 17.7 kW (cruise)
  FC representative phase (mass sizing): climb (1,040.0 kW)
  Mass summary: MTOM=5,955 kg | Powertrain=1,827 kg | Tank=464.1 kg | Fuel=206.3 kg | Battery=23.1 kg | Nacelle power density=0.68 kW/kg
  Geometry: Main wing area=28.31 m^2 | Horizontal tail area=4.688 m^2 | Horizontal tail location=11.086 m | Vertical tail area=4.804 m^2 | Vertical tail location=10.573 m
  Config: wing loading input=210.32 kg/m^2 | P/W TO/Cl/Cr=0.16394/0.16915/0.06497 kW/kg

=============================================================
========================= CONVERGED =========================
=============================================================
Constraint sizing: ENABLED (min_combined_pw)
Input W/S: 210.32 kg/m^2 (2,062.5 Pa)
Input P/W [kW/kg]: takeoff 0.16394, climb 0.16915, cruise 0.06497
-------------------------------------------------------------

Mission Time
Climb time: 0.00 min (0.00 h)
Cruise time: 237.53 min (3.96 h)
Total flight time: 259.53 min (4.33 h)

Phase Power Breakdown
Phase      Time[min]     Total[kW]    FC Stack[kW]   Battery[kW]   Compressor[kW]   Cooling[kW]   mdot_H2[g/s]
--------------------------------------------------------------------------------------------------------------
ready           0.00          69.2            69.2           0.0              0.0           0.0         0.0
taxi            5.00         138.4           138.4           0.0              0.0           0.0         2.6
takeoff         1.00       1,340.8           999.0         333.0              8.8         392.0        23.6
climb           0.00       1,383.6         1,030.8         343.6              9.2         437.4        25.8
cruise        237.53         549.6           532.0           0.0             17.7         225.6        13.5
loiter         15.00         549.6           532.0           0.0             17.6         226.6        13.5
landing         1.00           0.0             0.0           0.0              0.0           0.0         0.0

Pcomp_max (solved phases): 17.7 kW (cruise)
Pnet (climb): 1,249 kW
Pelectricnet (climb): 1,374 kW
eta_pt: 0.9031

Geometry
S_wing: 28.31 m^2
b_wing: 15.96 m
Lfus: 13.14 m
Ltank: 4.13 m
S_HT: 4.69 m^2
S_VT: 4.80 m^2
b_HT: 4.59 m
b_VT: 3.02 m
X_HT_act: 11.09 m
X_VT_act: 10.57 m

One Nacelle (1/2)
Stack(1/2): 293 kg, Compressor: 19 kg, Humidifier: 106 kg, HX: 345 kg
W_FCS_single_nacelle (W_Stack+W_Compressor+W_Humidifier+W_Hx): 763 kg
Representative FC phase: climb
Specific Power of Nacelle System: 0.681 kW/kg
dim_hx: dX=1.374 m, dY=1.374 m, dZ=0.205 m
dim_stack: dX=0.378 m, dY=0.294 m, dZ=0.294 m

ALL Nacelles
W_FCS_total: 1,527 kg
W_PMAD: 118 kg
W_Motors: 182 kg

-----------------------
W_Powertrain (W_FCS_total+W_PMAD+W_Motors): 1,827 kg
-----------------------
W_wing: 445 kg
W_Htail: 32 kg
W_Vtail: 58 kg
W_fuselage: 365 kg
W_lnd_gear_main: 243 kg
W_lnd_gear_nose: 65 kg
W_flight_control: 366 kg
W_electric_system: 300 kg
W_iae: 86 kg
W_hydraulics: 71 kg
W_fur: 403 kg
-----------------------
OEM: 2,434 kg
-----------------------
W_tank: 464 kg
W_fuel: 206.3 kg
W_batt: 23.1 kg
-----------------------
W_payload: 1,000 kg
-----------------------
MTOM_grouped (OEM+W_tank+W_fuel+W_batt+W_Powertrain+W_payload): 5,955 kg
MTOM: 5,955 kg
-----------------------

Wing loading (MTOM/S_wing): 210.38 kg/m^2
Power-to-weight (converged): 232.33 W/kg

mdot_H2(cruise): 13.5 g/s
Vtankex: 8.8 m^3
========================== END ==============================


=============================================================
Execution time: 93.6 seconds
=============================================================
