Auto-widening W/S scan window for min_combined_pw: 1900.0..2600.0 -> 1725.0..2775.0 Pa (factor 1.500, lower_hit=True, upper_hit=False, min_on_edge=False).
Auto-widening W/S scan window for min_combined_pw: 1725.0..2775.0 -> 1462.5..3037.5 Pa (factor 1.500, lower_hit=True, upper_hit=False, min_on_edge=False).
ADRpy constraint sizing (min_combined_pw): W/S=2112.5 Pa (215.42 kg/m^2), P/W_TO=0.16953 kW/kg, P/W_climb=0.16894 kW/kg, P/W_cruise=0.12706 kW/kg
Curve minimum (combined/combined): W/S=2112.5 Pa (215.42 kg/m^2), P/W=0.16953 kW/kg
Curve minimum (takeoff/take-off): W/S=1462.5 Pa (149.13 kg/m^2), P/W=0.10196 kW/kg
Curve minimum (climb/climb): W/S=2312.5 Pa (235.81 kg/m^2), P/W=0.16652 kW/kg
Curve minimum (cruise/cruise): W/S=2312.5 Pa (235.81 kg/m^2), P/W=0.11922 kW/kg
======================================================
======================= ITER 1 =======================
Reynolds_number: 12,204,507
Stack prop output power: 500 kW, Pcomp: 16.1 kW
Cell efficiency: 0.301, Output efficiency: 0.277
mdot_h2: 12.13 g/s
Reynolds_number: 12,204,507
Stack prop output power: 453 kW, Pcomp: 14.6 kW
Cell efficiency: 0.301, Output efficiency: 0.277
mdot_h2: 10.99 g/s
Reynolds_number: 12,204,507
Stack prop output power: 451 kW, Pcomp: 14.5 kW
Cell efficiency: 0.301, Output efficiency: 0.277
mdot_h2: 10.95 g/s
Reynolds_number: 10,129,741
Stack prop output power: 500 kW, Pcomp: 16.1 kW
Cell efficiency: 0.299, Output efficiency: 0.276
mdot_h2: 12.21 g/s
Reynolds_number: 10,129,741
Stack prop output power: 453 kW, Pcomp: 14.6 kW
Cell efficiency: 0.299, Output efficiency: 0.276
mdot_h2: 11.06 g/s
Reynolds_number: 10,129,741
Stack prop output power: 451 kW, Pcomp: 14.5 kW
Cell efficiency: 0.299, Output efficiency: 0.276
mdot_h2: 11.02 g/s
Reynolds_number: 12,204,507
Stack prop output power: 356 kW, Pcomp: 3.2 kW
Cell efficiency: 0.292, Output efficiency: 0.275
mdot_h2: 8.72 g/s
Reynolds_number: 12,204,507
Stack prop output power: 435 kW, Pcomp: 3.9 kW
Cell efficiency: 0.292, Output efficiency: 0.275
mdot_h2: 10.68 g/s
Reynolds_number: 12,204,507
Stack prop output power: 436 kW, Pcomp: 3.9 kW
Cell efficiency: 0.292, Output efficiency: 0.275
mdot_h2: 10.69 g/s
Reynolds_number: 6,709,346
Stack prop output power: 355 kW, Pcomp: 3.1 kW
Cell efficiency: 0.305, Output efficiency: 0.287
mdot_h2: 8.33 g/s
Reynolds_number: 6,709,346
Stack prop output power: 437 kW, Pcomp: 3.8 kW
Cell efficiency: 0.305, Output efficiency: 0.287
mdot_h2: 10.25 g/s
Reynolds_number: 6,709,346
Stack prop output power: 438 kW, Pcomp: 3.8 kW
Cell efficiency: 0.305, Output efficiency: 0.287
mdot_h2: 10.26 g/s
Reynolds_number: 12,204,507
Stack prop output power: 500 kW, Pcomp: 16.1 kW
Cell efficiency: 0.301, Output efficiency: 0.277
mdot_h2: 12.13 g/s
Reynolds_number: 12,204,507
Stack prop output power: 453 kW, Pcomp: 14.6 kW
Cell efficiency: 0.301, Output efficiency: 0.277
mdot_h2: 10.99 g/s
Reynolds_number: 12,204,507
Stack prop output power: 451 kW, Pcomp: 14.5 kW
Cell efficiency: 0.301, Output efficiency: 0.277
mdot_h2: 10.95 g/s
Fuel-cell system mass representative phase: cruise (P_fc_sys=902.844 kW).

-----------------------
ptotal_climb: 1,161 kW, mtom_est: 6,253 kg, mtom: 5,000 kg, residual: +1,253.25 kg

MTOM update: initial_bracket_probe_1, relax=1.000 -> mtom_next=5,325.00 kg

======================================================
======================= ITER 2 =======================
Reynolds_number: 12,204,507
Stack prop output power: 451 kW, Pcomp: 14.5 kW
Cell efficiency: 0.301, Output efficiency: 0.277
mdot_h2: 10.95 g/s
Reynolds_number: 12,204,507
Stack prop output power: 480 kW, Pcomp: 15.4 kW
Cell efficiency: 0.301, Output efficiency: 0.277
mdot_h2: 11.64 g/s
Reynolds_number: 12,204,507
Stack prop output power: 481 kW, Pcomp: 15.5 kW
Cell efficiency: 0.301, Output efficiency: 0.277
mdot_h2: 11.66 g/s
Reynolds_number: 10,129,741
Stack prop output power: 451 kW, Pcomp: 14.5 kW
Cell efficiency: 0.299, Output efficiency: 0.276
mdot_h2: 11.02 g/s
Reynolds_number: 10,129,741
Stack prop output power: 480 kW, Pcomp: 15.4 kW
Cell efficiency: 0.299, Output efficiency: 0.276
mdot_h2: 11.72 g/s
Reynolds_number: 10,129,741
Stack prop output power: 481 kW, Pcomp: 15.5 kW
Cell efficiency: 0.299, Output efficiency: 0.276
mdot_h2: 11.74 g/s
Reynolds_number: 12,204,507
Stack prop output power: 427 kW, Pcomp: 3.8 kW
Cell efficiency: 0.292, Output efficiency: 0.275
mdot_h2: 10.46 g/s
Reynolds_number: 12,204,507
Stack prop output power: 464 kW, Pcomp: 4.1 kW
Cell efficiency: 0.292, Output efficiency: 0.275
mdot_h2: 11.38 g/s
Reynolds_number: 6,709,346
Stack prop output power: 428 kW, Pcomp: 3.7 kW
Cell efficiency: 0.305, Output efficiency: 0.287
mdot_h2: 10.04 g/s
Reynolds_number: 6,709,346
Stack prop output power: 466 kW, Pcomp: 4.1 kW
Cell efficiency: 0.305, Output efficiency: 0.287
mdot_h2: 10.92 g/s
Reynolds_number: 12,204,507
Stack prop output power: 451 kW, Pcomp: 14.5 kW
Cell efficiency: 0.301, Output efficiency: 0.277
mdot_h2: 10.95 g/s
Reynolds_number: 12,204,507
Stack prop output power: 480 kW, Pcomp: 15.4 kW
Cell efficiency: 0.301, Output efficiency: 0.277
mdot_h2: 11.64 g/s
Reynolds_number: 12,204,507
Stack prop output power: 481 kW, Pcomp: 15.5 kW
Cell efficiency: 0.301, Output efficiency: 0.277
mdot_h2: 11.66 g/s
Fuel-cell system mass representative phase: cruise (P_fc_sys=961.524 kW).

-----------------------
ptotal_climb: 1,236 kW, mtom_est: 6,501 kg, mtom: 5,325 kg, residual: +1,176.19 kg

MTOM update: initial_bracket_probe_2, relax=1.000 -> mtom_next=5,650.00 kg

======================================================
======================= ITER 3 =======================
Reynolds_number: 12,204,507
Stack prop output power: 481 kW, Pcomp: 15.5 kW
Cell efficiency: 0.301, Output efficiency: 0.277
mdot_h2: 11.66 g/s
Reynolds_number: 12,204,507
Stack prop output power: 509 kW, Pcomp: 16.4 kW
Cell efficiency: 0.301, Output efficiency: 0.277
mdot_h2: 12.35 g/s
Reynolds_number: 12,204,507
Stack prop output power: 510 kW, Pcomp: 16.4 kW
Cell efficiency: 0.301, Output efficiency: 0.277
mdot_h2: 12.38 g/s
Reynolds_number: 10,129,741
Stack prop output power: 481 kW, Pcomp: 15.5 kW
Cell efficiency: 0.299, Output efficiency: 0.276
mdot_h2: 11.74 g/s
Reynolds_number: 10,129,741
Stack prop output power: 509 kW, Pcomp: 16.4 kW
Cell efficiency: 0.299, Output efficiency: 0.276
mdot_h2: 12.43 g/s
Reynolds_number: 10,129,741
Stack prop output power: 510 kW, Pcomp: 16.4 kW
Cell efficiency: 0.299, Output efficiency: 0.276
mdot_h2: 12.45 g/s
Reynolds_number: 12,204,507
Stack prop output power: 455 kW, Pcomp: 4.0 kW
Cell efficiency: 0.292, Output efficiency: 0.275
mdot_h2: 11.16 g/s
Reynolds_number: 12,204,507
Stack prop output power: 493 kW, Pcomp: 4.4 kW
Cell efficiency: 0.292, Output efficiency: 0.275
mdot_h2: 12.08 g/s
Reynolds_number: 6,709,346
Stack prop output power: 457 kW, Pcomp: 4.0 kW
Cell efficiency: 0.305, Output efficiency: 0.287
mdot_h2: 10.71 g/s
Reynolds_number: 6,709,346
Stack prop output power: 494 kW, Pcomp: 4.3 kW
Cell efficiency: 0.305, Output efficiency: 0.287
mdot_h2: 11.59 g/s
Reynolds_number: 12,204,507
Stack prop output power: 481 kW, Pcomp: 15.5 kW
Cell efficiency: 0.301, Output efficiency: 0.277
mdot_h2: 11.66 g/s
Reynolds_number: 12,204,507
Stack prop output power: 509 kW, Pcomp: 16.4 kW
Cell efficiency: 0.301, Output efficiency: 0.277
mdot_h2: 12.35 g/s
Reynolds_number: 12,204,507
Stack prop output power: 510 kW, Pcomp: 16.4 kW
Cell efficiency: 0.301, Output efficiency: 0.277
mdot_h2: 12.38 g/s
Fuel-cell system mass representative phase: cruise (P_fc_sys=1020.209 kW).

-----------------------
ptotal_climb: 1,312 kW, mtom_est: 6,749 kg, mtom: 5,650 kg, residual: +1,099.41 kg

MTOM update: fixed_point_prebracket, relax=1.000 -> mtom_next=6,497.50 kg

======================================================
======================= ITER 4 =======================
Reynolds_number: 12,204,507
Stack prop output power: 510 kW, Pcomp: 16.4 kW
Cell efficiency: 0.301, Output efficiency: 0.277
mdot_h2: 12.38 g/s
Reynolds_number: 12,204,507
Stack prop output power: 584 kW, Pcomp: 18.8 kW
Cell efficiency: 0.301, Output efficiency: 0.277
mdot_h2: 14.17 g/s
Reynolds_number: 12,204,507
Stack prop output power: 587 kW, Pcomp: 18.9 kW
Cell efficiency: 0.301, Output efficiency: 0.277
mdot_h2: 14.23 g/s
Reynolds_number: 10,129,741
Stack prop output power: 510 kW, Pcomp: 16.4 kW
Cell efficiency: 0.299, Output efficiency: 0.276
mdot_h2: 12.46 g/s
Reynolds_number: 10,129,741
Stack prop output power: 584 kW, Pcomp: 18.8 kW
Cell efficiency: 0.299, Output efficiency: 0.276
mdot_h2: 14.26 g/s
Reynolds_number: 10,129,741
Stack prop output power: 587 kW, Pcomp: 18.9 kW
Cell efficiency: 0.299, Output efficiency: 0.276
mdot_h2: 14.32 g/s
Reynolds_number: 12,204,507
Stack prop output power: 468 kW, Pcomp: 4.2 kW
Cell efficiency: 0.292, Output efficiency: 0.275
mdot_h2: 11.48 g/s
Reynolds_number: 12,204,507
Stack prop output power: 566 kW, Pcomp: 5.0 kW
Cell efficiency: 0.292, Output efficiency: 0.275
mdot_h2: 13.87 g/s
Reynolds_number: 12,204,507
Stack prop output power: 567 kW, Pcomp: 5.0 kW
Cell efficiency: 0.292, Output efficiency: 0.275
mdot_h2: 13.90 g/s
Reynolds_number: 6,709,346
Stack prop output power: 470 kW, Pcomp: 4.1 kW
Cell efficiency: 0.305, Output efficiency: 0.287
mdot_h2: 11.02 g/s
Reynolds_number: 6,709,346
Stack prop output power: 568 kW, Pcomp: 4.9 kW
Cell efficiency: 0.305, Output efficiency: 0.287
mdot_h2: 13.32 g/s
Reynolds_number: 6,709,346
Stack prop output power: 569 kW, Pcomp: 5.0 kW
Cell efficiency: 0.305, Output efficiency: 0.287
mdot_h2: 13.34 g/s
Reynolds_number: 12,204,507
Stack prop output power: 510 kW, Pcomp: 16.4 kW
Cell efficiency: 0.301, Output efficiency: 0.277
mdot_h2: 12.38 g/s
Reynolds_number: 12,204,507
Stack prop output power: 584 kW, Pcomp: 18.8 kW
Cell efficiency: 0.301, Output efficiency: 0.277
mdot_h2: 14.17 g/s
Reynolds_number: 12,204,507
Stack prop output power: 587 kW, Pcomp: 18.9 kW
Cell efficiency: 0.301, Output efficiency: 0.277
mdot_h2: 14.23 g/s
Fuel-cell system mass representative phase: cruise (P_fc_sys=1173.237 kW).

-----------------------
ptotal_climb: 1,508 kW, mtom_est: 7,400 kg, mtom: 6,498 kg, residual: +902.24 kg

MTOM update: fixed_point_prebracket, relax=1.000 -> mtom_next=7,219.29 kg

======================================================
======================= ITER 5 =======================
Reynolds_number: 12,204,507
Stack prop output power: 587 kW, Pcomp: 18.9 kW
Cell efficiency: 0.301, Output efficiency: 0.277
mdot_h2: 14.23 g/s
Reynolds_number: 12,204,507
Stack prop output power: 650 kW, Pcomp: 20.9 kW
Cell efficiency: 0.301, Output efficiency: 0.277
mdot_h2: 15.76 g/s
Reynolds_number: 12,204,507
Stack prop output power: 652 kW, Pcomp: 21.0 kW
Cell efficiency: 0.301, Output efficiency: 0.277
mdot_h2: 15.81 g/s
Reynolds_number: 10,129,741
Stack prop output power: 587 kW, Pcomp: 18.9 kW
Cell efficiency: 0.299, Output efficiency: 0.276
mdot_h2: 14.32 g/s
Reynolds_number: 10,129,741
Stack prop output power: 650 kW, Pcomp: 20.9 kW
Cell efficiency: 0.299, Output efficiency: 0.276
mdot_h2: 15.86 g/s
Reynolds_number: 10,129,741
Stack prop output power: 652 kW, Pcomp: 20.9 kW
Cell efficiency: 0.299, Output efficiency: 0.276
mdot_h2: 15.91 g/s
Reynolds_number: 12,204,507
Stack prop output power: 546 kW, Pcomp: 4.8 kW
Cell efficiency: 0.292, Output efficiency: 0.275
mdot_h2: 13.39 g/s
Reynolds_number: 12,204,507
Stack prop output power: 629 kW, Pcomp: 5.6 kW
Cell efficiency: 0.292, Output efficiency: 0.275
mdot_h2: 15.42 g/s
Reynolds_number: 12,204,507
Stack prop output power: 630 kW, Pcomp: 5.6 kW
Cell efficiency: 0.292, Output efficiency: 0.275
mdot_h2: 15.44 g/s
Reynolds_number: 6,709,346
Stack prop output power: 548 kW, Pcomp: 4.8 kW
Cell efficiency: 0.305, Output efficiency: 0.287
mdot_h2: 12.85 g/s
Reynolds_number: 6,709,346
Stack prop output power: 631 kW, Pcomp: 5.5 kW
Cell efficiency: 0.305, Output efficiency: 0.287
mdot_h2: 14.80 g/s
Reynolds_number: 6,709,346
Stack prop output power: 632 kW, Pcomp: 5.5 kW
Cell efficiency: 0.305, Output efficiency: 0.287
mdot_h2: 14.82 g/s
Reynolds_number: 12,204,507
Stack prop output power: 587 kW, Pcomp: 18.9 kW
Cell efficiency: 0.301, Output efficiency: 0.277
mdot_h2: 14.23 g/s
Reynolds_number: 12,204,507
Stack prop output power: 650 kW, Pcomp: 20.9 kW
Cell efficiency: 0.301, Output efficiency: 0.277
mdot_h2: 15.76 g/s
Reynolds_number: 12,204,507
Stack prop output power: 652 kW, Pcomp: 21.0 kW
Cell efficiency: 0.301, Output efficiency: 0.277
mdot_h2: 15.81 g/s
Fuel-cell system mass representative phase: cruise (P_fc_sys=1303.571 kW).

-----------------------
ptotal_climb: 1,676 kW, mtom_est: 7,955 kg, mtom: 7,219 kg, residual: +735.87 kg

MTOM update: fixed_point_prebracket, relax=1.000 -> mtom_next=7,807.99 kg

======================================================
======================= ITER 6 =======================
Reynolds_number: 12,204,507
Stack prop output power: 652 kW, Pcomp: 21.0 kW
Cell efficiency: 0.301, Output efficiency: 0.277
mdot_h2: 15.81 g/s
Reynolds_number: 12,204,507
Stack prop output power: 703 kW, Pcomp: 22.6 kW
Cell efficiency: 0.301, Output efficiency: 0.277
mdot_h2: 17.06 g/s
Reynolds_number: 12,204,507
Stack prop output power: 705 kW, Pcomp: 22.7 kW
Cell efficiency: 0.301, Output efficiency: 0.277
mdot_h2: 17.10 g/s
Reynolds_number: 10,129,741
Stack prop output power: 652 kW, Pcomp: 21.0 kW
Cell efficiency: 0.299, Output efficiency: 0.276
mdot_h2: 15.91 g/s
Reynolds_number: 10,129,741
Stack prop output power: 703 kW, Pcomp: 22.6 kW
Cell efficiency: 0.299, Output efficiency: 0.276
mdot_h2: 17.17 g/s
Reynolds_number: 10,129,741
Stack prop output power: 705 kW, Pcomp: 22.7 kW
Cell efficiency: 0.299, Output efficiency: 0.276
mdot_h2: 17.21 g/s
Reynolds_number: 12,204,507
Stack prop output power: 613 kW, Pcomp: 5.4 kW
Cell efficiency: 0.292, Output efficiency: 0.275
mdot_h2: 15.02 g/s
Reynolds_number: 12,204,507
Stack prop output power: 681 kW, Pcomp: 6.0 kW
Cell efficiency: 0.292, Output efficiency: 0.275
mdot_h2: 16.68 g/s
Reynolds_number: 12,204,507
Stack prop output power: 681 kW, Pcomp: 6.0 kW
Cell efficiency: 0.292, Output efficiency: 0.275
mdot_h2: 16.70 g/s
Reynolds_number: 6,709,346
Stack prop output power: 615 kW, Pcomp: 5.4 kW
Cell efficiency: 0.305, Output efficiency: 0.287
mdot_h2: 14.42 g/s
Reynolds_number: 6,709,346
Stack prop output power: 683 kW, Pcomp: 5.9 kW
Cell efficiency: 0.305, Output efficiency: 0.287
mdot_h2: 16.01 g/s
Reynolds_number: 6,709,346
Stack prop output power: 683 kW, Pcomp: 6.0 kW
Cell efficiency: 0.305, Output efficiency: 0.287
mdot_h2: 16.03 g/s
Reynolds_number: 12,204,507
Stack prop output power: 652 kW, Pcomp: 21.0 kW
Cell efficiency: 0.301, Output efficiency: 0.277
mdot_h2: 15.81 g/s
Reynolds_number: 12,204,507
Stack prop output power: 703 kW, Pcomp: 22.6 kW
Cell efficiency: 0.301, Output efficiency: 0.277
mdot_h2: 17.06 g/s
Reynolds_number: 12,204,507
Stack prop output power: 705 kW, Pcomp: 22.7 kW
Cell efficiency: 0.301, Output efficiency: 0.277
mdot_h2: 17.10 g/s
Fuel-cell system mass representative phase: cruise (P_fc_sys=1409.872 kW).

-----------------------
ptotal_climb: 1,812 kW, mtom_est: 8,410 kg, mtom: 7,808 kg, residual: +602.10 kg

MTOM update: fixed_point_prebracket, relax=1.000 -> mtom_next=8,289.67 kg

======================================================
======================= ITER 7 =======================
Reynolds_number: 12,204,507
Stack prop output power: 705 kW, Pcomp: 22.7 kW
Cell efficiency: 0.301, Output efficiency: 0.277
mdot_h2: 17.10 g/s
Reynolds_number: 12,204,507
Stack prop output power: 747 kW, Pcomp: 24.0 kW
Cell efficiency: 0.301, Output efficiency: 0.277
mdot_h2: 18.13 g/s
Reynolds_number: 12,204,507
Stack prop output power: 748 kW, Pcomp: 24.1 kW
Cell efficiency: 0.301, Output efficiency: 0.277
mdot_h2: 18.16 g/s
Reynolds_number: 10,129,741
Stack prop output power: 705 kW, Pcomp: 22.7 kW
Cell efficiency: 0.299, Output efficiency: 0.276
mdot_h2: 17.21 g/s
Reynolds_number: 10,129,741
Stack prop output power: 747 kW, Pcomp: 24.0 kW
Cell efficiency: 0.299, Output efficiency: 0.276
mdot_h2: 18.24 g/s
Reynolds_number: 10,129,741
Stack prop output power: 748 kW, Pcomp: 24.1 kW
Cell efficiency: 0.299, Output efficiency: 0.276
mdot_h2: 18.27 g/s
Reynolds_number: 12,204,507
Stack prop output power: 667 kW, Pcomp: 5.9 kW
Cell efficiency: 0.292, Output efficiency: 0.275
mdot_h2: 16.36 g/s
Reynolds_number: 12,204,507
Stack prop output power: 723 kW, Pcomp: 6.4 kW
Cell efficiency: 0.292, Output efficiency: 0.275
mdot_h2: 17.72 g/s
Reynolds_number: 6,709,346
Stack prop output power: 670 kW, Pcomp: 5.8 kW
Cell efficiency: 0.305, Output efficiency: 0.287
mdot_h2: 15.70 g/s
Reynolds_number: 6,709,346
Stack prop output power: 725 kW, Pcomp: 6.3 kW
Cell efficiency: 0.305, Output efficiency: 0.287
mdot_h2: 17.00 g/s
Reynolds_number: 12,204,507
Stack prop output power: 705 kW, Pcomp: 22.7 kW
Cell efficiency: 0.301, Output efficiency: 0.277
mdot_h2: 17.10 g/s
Reynolds_number: 12,204,507
Stack prop output power: 747 kW, Pcomp: 24.0 kW
Cell efficiency: 0.301, Output efficiency: 0.277
mdot_h2: 18.13 g/s
Reynolds_number: 12,204,507
Stack prop output power: 748 kW, Pcomp: 24.1 kW
Cell efficiency: 0.301, Output efficiency: 0.277
mdot_h2: 18.16 g/s
Fuel-cell system mass representative phase: cruise (P_fc_sys=1496.848 kW).

-----------------------
ptotal_climb: 1,924 kW, mtom_est: 8,784 kg, mtom: 8,290 kg, residual: +493.94 kg

MTOM update: fixed_point_prebracket, relax=1.000 -> mtom_next=8,684.82 kg

======================================================
======================= ITER 8 =======================
Reynolds_number: 12,204,507
Stack prop output power: 748 kW, Pcomp: 24.1 kW
Cell efficiency: 0.301, Output efficiency: 0.277
mdot_h2: 18.16 g/s
Reynolds_number: 12,204,507
Stack prop output power: 783 kW, Pcomp: 25.2 kW
Cell efficiency: 0.301, Output efficiency: 0.277
mdot_h2: 19.00 g/s
Reynolds_number: 12,204,507
Stack prop output power: 784 kW, Pcomp: 25.2 kW
Cell efficiency: 0.301, Output efficiency: 0.277
mdot_h2: 19.02 g/s
Reynolds_number: 10,129,741
Stack prop output power: 748 kW, Pcomp: 24.1 kW
Cell efficiency: 0.299, Output efficiency: 0.276
mdot_h2: 18.27 g/s
Reynolds_number: 10,129,741
Stack prop output power: 783 kW, Pcomp: 25.2 kW
Cell efficiency: 0.299, Output efficiency: 0.276
mdot_h2: 19.12 g/s
Reynolds_number: 10,129,741
Stack prop output power: 784 kW, Pcomp: 25.2 kW
Cell efficiency: 0.299, Output efficiency: 0.276
mdot_h2: 19.14 g/s
Reynolds_number: 12,204,507
Stack prop output power: 712 kW, Pcomp: 6.3 kW
Cell efficiency: 0.292, Output efficiency: 0.275
mdot_h2: 17.45 g/s
Reynolds_number: 12,204,507
Stack prop output power: 757 kW, Pcomp: 6.7 kW
Cell efficiency: 0.292, Output efficiency: 0.275
mdot_h2: 18.56 g/s
Reynolds_number: 6,709,346
Stack prop output power: 714 kW, Pcomp: 6.2 kW
Cell efficiency: 0.305, Output efficiency: 0.287
mdot_h2: 16.75 g/s
Reynolds_number: 6,709,346
Stack prop output power: 760 kW, Pcomp: 6.6 kW
Cell efficiency: 0.305, Output efficiency: 0.287
mdot_h2: 17.82 g/s
Reynolds_number: 12,204,507
Stack prop output power: 748 kW, Pcomp: 24.1 kW
Cell efficiency: 0.301, Output efficiency: 0.277
mdot_h2: 18.16 g/s
Reynolds_number: 12,204,507
Stack prop output power: 783 kW, Pcomp: 25.2 kW
Cell efficiency: 0.301, Output efficiency: 0.277
mdot_h2: 19.00 g/s
Reynolds_number: 12,204,507
Stack prop output power: 784 kW, Pcomp: 25.2 kW
Cell efficiency: 0.301, Output efficiency: 0.277
mdot_h2: 19.02 g/s
Fuel-cell system mass representative phase: cruise (P_fc_sys=1568.200 kW).

-----------------------
ptotal_climb: 2,016 kW, mtom_est: 9,090 kg, mtom: 8,685 kg, residual: +405.34 kg

MTOM update: newton_prebracket, relax=1.000 -> mtom_next=9,987.54 kg

======================================================
======================= ITER 9 =======================
Reynolds_number: 12,204,507
Stack prop output power: 784 kW, Pcomp: 25.2 kW
Cell efficiency: 0.301, Output efficiency: 0.277
mdot_h2: 19.03 g/s
Reynolds_number: 12,204,507
Stack prop output power: 898 kW, Pcomp: 28.9 kW
Cell efficiency: 0.301, Output efficiency: 0.277
mdot_h2: 21.79 g/s
Reynolds_number: 12,204,507
Stack prop output power: 902 kW, Pcomp: 29.0 kW
Cell efficiency: 0.301, Output efficiency: 0.277
mdot_h2: 21.88 g/s
Reynolds_number: 10,129,741
Stack prop output power: 784 kW, Pcomp: 25.2 kW
Cell efficiency: 0.299, Output efficiency: 0.276
mdot_h2: 19.15 g/s
Reynolds_number: 10,129,741
Stack prop output power: 898 kW, Pcomp: 28.9 kW
Cell efficiency: 0.299, Output efficiency: 0.276
mdot_h2: 21.93 g/s
Reynolds_number: 10,129,741
Stack prop output power: 902 kW, Pcomp: 29.0 kW
Cell efficiency: 0.299, Output efficiency: 0.276
mdot_h2: 22.01 g/s
Reynolds_number: 12,204,507
Stack prop output power: 720 kW, Pcomp: 6.4 kW
Cell efficiency: 0.292, Output efficiency: 0.275
mdot_h2: 17.65 g/s
Reynolds_number: 12,204,507
Stack prop output power: 870 kW, Pcomp: 7.7 kW
Cell efficiency: 0.292, Output efficiency: 0.275
mdot_h2: 21.33 g/s
Reynolds_number: 12,204,507
Stack prop output power: 871 kW, Pcomp: 7.7 kW
Cell efficiency: 0.292, Output efficiency: 0.275
mdot_h2: 21.36 g/s
Reynolds_number: 6,709,346
Stack prop output power: 723 kW, Pcomp: 6.3 kW
Cell efficiency: 0.305, Output efficiency: 0.287
mdot_h2: 16.94 g/s
Reynolds_number: 6,709,346
Stack prop output power: 873 kW, Pcomp: 7.6 kW
Cell efficiency: 0.305, Output efficiency: 0.287
mdot_h2: 20.47 g/s
Reynolds_number: 6,709,346
Stack prop output power: 874 kW, Pcomp: 7.6 kW
Cell efficiency: 0.305, Output efficiency: 0.287
mdot_h2: 20.50 g/s
Reynolds_number: 12,204,507
Stack prop output power: 784 kW, Pcomp: 25.2 kW
Cell efficiency: 0.301, Output efficiency: 0.277
mdot_h2: 19.03 g/s
Reynolds_number: 12,204,507
Stack prop output power: 898 kW, Pcomp: 28.9 kW
Cell efficiency: 0.301, Output efficiency: 0.277
mdot_h2: 21.79 g/s
Reynolds_number: 12,204,507
Stack prop output power: 902 kW, Pcomp: 29.0 kW
Cell efficiency: 0.301, Output efficiency: 0.277
mdot_h2: 21.88 g/s
Fuel-cell system mass representative phase: cruise (P_fc_sys=1803.425 kW).

-----------------------
ptotal_climb: 2,318 kW, mtom_est: 10,104 kg, mtom: 9,988 kg, residual: +116.91 kg

MTOM update: newton_prebracket, relax=1.000 -> mtom_next=10,515.57 kg

======================================================
======================= ITER 10 =======================
Reynolds_number: 12,204,507
Stack prop output power: 902 kW, Pcomp: 29.0 kW
Cell efficiency: 0.301, Output efficiency: 0.277
mdot_h2: 21.88 g/s
Reynolds_number: 12,204,507
Stack prop output power: 948 kW, Pcomp: 30.5 kW
Cell efficiency: 0.301, Output efficiency: 0.277
mdot_h2: 23.00 g/s
Reynolds_number: 12,204,507
Stack prop output power: 949 kW, Pcomp: 30.6 kW
Cell efficiency: 0.301, Output efficiency: 0.277
mdot_h2: 23.03 g/s
Reynolds_number: 10,129,741
Stack prop output power: 902 kW, Pcomp: 29.0 kW
Cell efficiency: 0.299, Output efficiency: 0.276
mdot_h2: 22.02 g/s
Reynolds_number: 10,129,741
Stack prop output power: 948 kW, Pcomp: 30.5 kW
Cell efficiency: 0.299, Output efficiency: 0.276
mdot_h2: 23.14 g/s
Reynolds_number: 10,129,741
Stack prop output power: 949 kW, Pcomp: 30.5 kW
Cell efficiency: 0.299, Output efficiency: 0.276
mdot_h2: 23.18 g/s
Reynolds_number: 12,204,507
Stack prop output power: 856 kW, Pcomp: 7.6 kW
Cell efficiency: 0.292, Output efficiency: 0.275
mdot_h2: 20.99 g/s
Reynolds_number: 12,204,507
Stack prop output power: 917 kW, Pcomp: 8.1 kW
Cell efficiency: 0.292, Output efficiency: 0.275
mdot_h2: 22.48 g/s
Reynolds_number: 12,204,507
Stack prop output power: 917 kW, Pcomp: 8.1 kW
Cell efficiency: 0.292, Output efficiency: 0.275
mdot_h2: 22.49 g/s
Reynolds_number: 6,709,346
Stack prop output power: 859 kW, Pcomp: 7.5 kW
Cell efficiency: 0.305, Output efficiency: 0.287
mdot_h2: 20.14 g/s
Reynolds_number: 6,709,346
Stack prop output power: 920 kW, Pcomp: 8.0 kW
Cell efficiency: 0.305, Output efficiency: 0.287
mdot_h2: 21.57 g/s
Reynolds_number: 6,709,346
Stack prop output power: 920 kW, Pcomp: 8.0 kW
Cell efficiency: 0.305, Output efficiency: 0.287
mdot_h2: 21.58 g/s
Reynolds_number: 12,204,507
Stack prop output power: 902 kW, Pcomp: 29.0 kW
Cell efficiency: 0.301, Output efficiency: 0.277
mdot_h2: 21.88 g/s
Reynolds_number: 12,204,507
Stack prop output power: 948 kW, Pcomp: 30.5 kW
Cell efficiency: 0.301, Output efficiency: 0.277
mdot_h2: 23.00 g/s
Reynolds_number: 12,204,507
Stack prop output power: 949 kW, Pcomp: 30.6 kW
Cell efficiency: 0.301, Output efficiency: 0.277
mdot_h2: 23.03 g/s
Fuel-cell system mass representative phase: cruise (P_fc_sys=1898.775 kW).

-----------------------
ptotal_climb: 2,441 kW, mtom_est: 10,519 kg, mtom: 10,516 kg, residual: +3.54 kg


CONVERGED

CONVERGED STATE [MTOM iteration 10]
  MTOM=10,519 kg | Wing loading=215.49 kg/m^2 | P/W(climb)=232.05 W/kg
  Phase power: climb=2,440.9 kW | cruise=1,898.8 kW | loiter=1,898.7 kW | takeoff=2,449.1 kW | cruise+charger=1,898.8 kW
  Power split (climb): FC=1,818.5 kW | Battery=606.2 kW | Compressor=16.3 kW | Cooling=758.8 kW | H2=44.978 g/s
  Compressor max across phases: 61.1 kW (cruise)
  FC representative phase (mass sizing): cruise (1,898.8 kW)
  Mass summary: MTOM=10,519 kg | Powertrain=2,981 kg | Tank=1,808.4 kg | Fuel=803.7 kg | Battery=42.2 kg | Nacelle power density=0.77 kW/kg
  Geometry: Main wing area=48.82 m^2 | Horizontal tail area=4.845 m^2 | Horizontal tail location=23.037 m | Vertical tail area=4.867 m^2 | Vertical tail location=22.533 m
  Config: wing loading input=215.42 kg/m^2 | P/W TO/Cl/Cr=0.16953/0.16894/0.12706 kW/kg

=============================================================
========================= CONVERGED =========================
=============================================================
Constraint sizing: ENABLED (min_combined_pw)
Input W/S: 215.42 kg/m^2 (2,112.5 Pa)
Input P/W [kW/kg]: takeoff 0.16953, climb 0.16894, cruise 0.12706
-------------------------------------------------------------

Mission Time
Climb time: 0.00 min (0.00 h)
Cruise time: 274.25 min (4.57 h)
Total flight time: 296.25 min (4.94 h)

Phase Power Breakdown
Phase      Time[min]     Total[kW]    FC Stack[kW]   Battery[kW]   Compressor[kW]   Cooling[kW]   mdot_H2[g/s]
--------------------------------------------------------------------------------------------------------------
ready           0.00         122.0           122.0           0.0              0.0           0.0         0.0
taxi            5.00         244.1           244.1           0.0              0.0           0.0         4.5
takeoff         1.00       2,449.1         1,824.8         608.3             16.0         715.7        43.2
climb           0.00       2,440.9         1,818.5         606.2             16.3         758.8        45.0
cruise        274.25       1,898.8         1,837.7           0.0             61.1         767.2        46.1
loiter         15.00       1,898.7         1,837.7           0.0             61.0         774.0        46.4
landing         1.00           0.0             0.0           0.0              0.0           0.0         0.0

Pcomp_max (solved phases): 61.1 kW (cruise)
Pnet (climb): 2,204 kW
Pelectricnet (climb): 2,425 kW
eta_pt: 0.9031

Geometry
S_wing: 48.82 m^2
b_wing: 20.96 m
Lfus: 25.12 m
Ltank: 16.11 m
S_HT: 4.84 m^2
S_VT: 4.87 m^2
b_HT: 4.67 m
b_VT: 3.04 m
X_HT_act: 23.04 m
X_VT_act: 22.53 m

One Nacelle (1/2)
Stack(1/2): 526 kg, Compressor: 66 kg, Humidifier: 170 kg, HX: 464 kg
W_FCS_single_nacelle (W_Stack+W_Compressor+W_Humidifier+W_Hx): 1,226 kg
Representative FC phase: cruise
Specific Power of Nacelle System: 0.774 kW/kg
dim_hx: dX=1.530 m, dY=1.530 m, dZ=0.222 m
dim_stack: dX=0.363 m, dY=0.402 m, dZ=0.402 m

ALL Nacelles
W_FCS_total: 2,452 kg
W_PMAD: 207 kg
W_Motors: 322 kg

-----------------------
W_Powertrain (W_FCS_total+W_PMAD+W_Motors): 2,981 kg
-----------------------
W_wing: 893 kg
W_Htail: 47 kg
W_Vtail: 80 kg
W_fuselage: 952 kg
W_lnd_gear_main: 243 kg
W_lnd_gear_nose: 65 kg
W_flight_control: 366 kg
W_electric_system: 300 kg
W_iae: 142 kg
W_hydraulics: 126 kg
W_fur: 670 kg
-----------------------
OEM: 3,884 kg
-----------------------
W_tank: 1,808 kg
W_fuel: 803.7 kg
W_batt: 42.2 kg
-----------------------
W_payload: 1,000 kg
-----------------------
MTOM_grouped (OEM+W_tank+W_fuel+W_batt+W_Powertrain+W_payload): 10,519 kg
MTOM: 10,519 kg
-----------------------

Wing loading (MTOM/S_wing): 215.49 kg/m^2
Power-to-weight (converged): 232.05 W/kg

mdot_H2(cruise): 46.1 g/s
Vtankex: 34.4 m^3
========================== END ==============================


=============================================================
Execution time: 133.8 seconds
=============================================================
