Auto-widening W/S scan window for min_combined_pw: 1900.0..2600.0 -> 1725.0..2775.0 Pa (factor 1.500, lower_hit=True, upper_hit=False, min_on_edge=False).
Auto-widening W/S scan window for min_combined_pw: 1725.0..2775.0 -> 1462.5..3037.5 Pa (factor 1.500, lower_hit=True, upper_hit=False, min_on_edge=False).
ADRpy constraint sizing (min_combined_pw): W/S=2062.5 Pa (210.32 kg/m^2), P/W_TO=0.16394 kW/kg, P/W_climb=0.16915 kW/kg, P/W_cruise=0.06497 kW/kg
Curve minimum (combined/combined): W/S=2062.5 Pa (210.32 kg/m^2), P/W=0.16915 kW/kg
Curve minimum (takeoff/take-off): W/S=1462.5 Pa (149.13 kg/m^2), P/W=0.10196 kW/kg
Curve minimum (climb/climb): W/S=2312.5 Pa (235.81 kg/m^2), P/W=0.16577 kW/kg
Curve minimum (cruise/cruise): W/S=2312.5 Pa (235.81 kg/m^2), P/W=0.06336 kW/kg
======================================================
======================= ITER 1 =======================
Reynolds_number: 8,748,363
Stack prop output power: 500 kW, Pcomp: 16.1 kW
Cell efficiency: 0.298, Output efficiency: 0.275
mdot_h2: 12.25 g/s
Reynolds_number: 8,748,363
Stack prop output power: 239 kW, Pcomp: 7.7 kW
Cell efficiency: 0.298, Output efficiency: 0.275
mdot_h2: 5.87 g/s
Reynolds_number: 8,748,363
Stack prop output power: 231 kW, Pcomp: 7.4 kW
Cell efficiency: 0.298, Output efficiency: 0.275
mdot_h2: 5.66 g/s
Reynolds_number: 7,261,141
Stack prop output power: 500 kW, Pcomp: 16.1 kW
Cell efficiency: 0.297, Output efficiency: 0.274
mdot_h2: 12.30 g/s
Reynolds_number: 7,261,141
Stack prop output power: 195 kW, Pcomp: 6.3 kW
Cell efficiency: 0.297, Output efficiency: 0.274
mdot_h2: 4.79 g/s
Reynolds_number: 7,261,141
Stack prop output power: 185 kW, Pcomp: 5.9 kW
Cell efficiency: 0.297, Output efficiency: 0.274
mdot_h2: 4.55 g/s
Reynolds_number: 8,748,363
Stack prop output power: 356 kW, Pcomp: 3.2 kW
Cell efficiency: 0.288, Output efficiency: 0.271
mdot_h2: 8.82 g/s
Reynolds_number: 8,748,363
Stack prop output power: 436 kW, Pcomp: 3.9 kW
Cell efficiency: 0.288, Output efficiency: 0.271
mdot_h2: 10.81 g/s
Reynolds_number: 8,748,363
Stack prop output power: 437 kW, Pcomp: 3.9 kW
Cell efficiency: 0.288, Output efficiency: 0.271
mdot_h2: 10.83 g/s
Reynolds_number: 6,709,346
Stack prop output power: 360 kW, Pcomp: 3.1 kW
Cell efficiency: 0.305, Output efficiency: 0.287
mdot_h2: 8.45 g/s
Reynolds_number: 6,709,346
Stack prop output power: 423 kW, Pcomp: 3.7 kW
Cell efficiency: 0.305, Output efficiency: 0.287
mdot_h2: 9.91 g/s
Reynolds_number: 6,709,346
Stack prop output power: 423 kW, Pcomp: 3.7 kW
Cell efficiency: 0.305, Output efficiency: 0.287
mdot_h2: 9.92 g/s
Reynolds_number: 8,748,363
Stack prop output power: 500 kW, Pcomp: 16.1 kW
Cell efficiency: 0.298, Output efficiency: 0.275
mdot_h2: 12.25 g/s
Reynolds_number: 8,748,363
Stack prop output power: 239 kW, Pcomp: 7.7 kW
Cell efficiency: 0.298, Output efficiency: 0.275
mdot_h2: 5.87 g/s
Reynolds_number: 8,748,363
Stack prop output power: 231 kW, Pcomp: 7.4 kW
Cell efficiency: 0.298, Output efficiency: 0.275
mdot_h2: 5.66 g/s
Fuel-cell system mass representative phase: climb (P_fc_sys=873.463 kW).

-----------------------
ptotal_climb: 1,162 kW, mtom_est: 4,977 kg, mtom: 5,000 kg, residual: -22.88 kg

MTOM update: initial_bracket_probe_1, relax=1.000 -> mtom_next=4,675.00 kg

======================================================
======================= ITER 2 =======================
Reynolds_number: 8,748,363
Stack prop output power: 231 kW, Pcomp: 7.4 kW
Cell efficiency: 0.298, Output efficiency: 0.275
mdot_h2: 5.66 g/s
Reynolds_number: 8,748,363
Stack prop output power: 216 kW, Pcomp: 6.9 kW
Cell efficiency: 0.298, Output efficiency: 0.275
mdot_h2: 5.30 g/s
Reynolds_number: 7,261,141
Stack prop output power: 185 kW, Pcomp: 5.9 kW
Cell efficiency: 0.297, Output efficiency: 0.274
mdot_h2: 4.54 g/s
Reynolds_number: 7,261,141
Stack prop output power: 173 kW, Pcomp: 5.6 kW
Cell efficiency: 0.297, Output efficiency: 0.274
mdot_h2: 4.26 g/s
Reynolds_number: 8,748,363
Stack prop output power: 446 kW, Pcomp: 4.0 kW
Cell efficiency: 0.288, Output efficiency: 0.271
mdot_h2: 11.07 g/s
Reynolds_number: 8,748,363
Stack prop output power: 409 kW, Pcomp: 3.6 kW
Cell efficiency: 0.288, Output efficiency: 0.271
mdot_h2: 10.14 g/s
Reynolds_number: 6,709,346
Stack prop output power: 432 kW, Pcomp: 3.8 kW
Cell efficiency: 0.305, Output efficiency: 0.287
mdot_h2: 10.14 g/s
Reynolds_number: 6,709,346
Stack prop output power: 396 kW, Pcomp: 3.4 kW
Cell efficiency: 0.305, Output efficiency: 0.287
mdot_h2: 9.29 g/s
Reynolds_number: 8,748,363
Stack prop output power: 231 kW, Pcomp: 7.4 kW
Cell efficiency: 0.298, Output efficiency: 0.275
mdot_h2: 5.66 g/s
Reynolds_number: 8,748,363
Stack prop output power: 216 kW, Pcomp: 6.9 kW
Cell efficiency: 0.298, Output efficiency: 0.275
mdot_h2: 5.30 g/s
Fuel-cell system mass representative phase: climb (P_fc_sys=816.694 kW).

-----------------------
ptotal_climb: 1,087 kW, mtom_est: 4,767 kg, mtom: 4,675 kg, residual: +91.89 kg

MTOM update: newton, relax=0.500 -> mtom_next=4,805.10 kg

======================================================
======================= ITER 3 =======================
Reynolds_number: 8,748,363
Stack prop output power: 216 kW, Pcomp: 6.9 kW
Cell efficiency: 0.298, Output efficiency: 0.275
mdot_h2: 5.29 g/s
Reynolds_number: 8,748,363
Stack prop output power: 222 kW, Pcomp: 7.1 kW
Cell efficiency: 0.298, Output efficiency: 0.275
mdot_h2: 5.43 g/s
Reynolds_number: 7,261,141
Stack prop output power: 173 kW, Pcomp: 5.5 kW
Cell efficiency: 0.297, Output efficiency: 0.274
mdot_h2: 4.25 g/s
Reynolds_number: 7,261,141
Stack prop output power: 177 kW, Pcomp: 5.7 kW
Cell efficiency: 0.297, Output efficiency: 0.274
mdot_h2: 4.36 g/s
Reynolds_number: 8,748,363
Stack prop output power: 405 kW, Pcomp: 3.6 kW
Cell efficiency: 0.288, Output efficiency: 0.271
mdot_h2: 10.04 g/s
Reynolds_number: 8,748,363
Stack prop output power: 420 kW, Pcomp: 3.7 kW
Cell efficiency: 0.288, Output efficiency: 0.271
mdot_h2: 10.41 g/s
Reynolds_number: 6,709,346
Stack prop output power: 392 kW, Pcomp: 3.4 kW
Cell efficiency: 0.305, Output efficiency: 0.287
mdot_h2: 9.19 g/s
Reynolds_number: 6,709,346
Stack prop output power: 407 kW, Pcomp: 3.5 kW
Cell efficiency: 0.305, Output efficiency: 0.287
mdot_h2: 9.53 g/s
Reynolds_number: 8,748,363
Stack prop output power: 216 kW, Pcomp: 6.9 kW
Cell efficiency: 0.298, Output efficiency: 0.275
mdot_h2: 5.29 g/s
Reynolds_number: 8,748,363
Stack prop output power: 222 kW, Pcomp: 7.1 kW
Cell efficiency: 0.298, Output efficiency: 0.275
mdot_h2: 5.43 g/s
Fuel-cell system mass representative phase: climb (P_fc_sys=839.414 kW).

-----------------------
ptotal_climb: 1,117 kW, mtom_est: 4,847 kg, mtom: 4,805 kg, residual: +42.30 kg

MTOM update: newton, relax=0.650 -> mtom_next=4,877.23 kg

======================================================
======================= ITER 4 =======================
Reynolds_number: 8,748,363
Stack prop output power: 222 kW, Pcomp: 7.1 kW
Cell efficiency: 0.298, Output efficiency: 0.275
mdot_h2: 5.44 g/s
Reynolds_number: 8,748,363
Stack prop output power: 225 kW, Pcomp: 7.2 kW
Cell efficiency: 0.298, Output efficiency: 0.275
mdot_h2: 5.52 g/s
Reynolds_number: 7,261,141
Stack prop output power: 177 kW, Pcomp: 5.7 kW
Cell efficiency: 0.297, Output efficiency: 0.274
mdot_h2: 4.36 g/s
Reynolds_number: 7,261,141
Stack prop output power: 180 kW, Pcomp: 5.8 kW
Cell efficiency: 0.297, Output efficiency: 0.274
mdot_h2: 4.43 g/s
Reynolds_number: 8,748,363
Stack prop output power: 418 kW, Pcomp: 3.7 kW
Cell efficiency: 0.288, Output efficiency: 0.271
mdot_h2: 10.36 g/s
Reynolds_number: 8,748,363
Stack prop output power: 426 kW, Pcomp: 3.8 kW
Cell efficiency: 0.288, Output efficiency: 0.271
mdot_h2: 10.56 g/s
Reynolds_number: 6,709,346
Stack prop output power: 405 kW, Pcomp: 3.5 kW
Cell efficiency: 0.305, Output efficiency: 0.287
mdot_h2: 9.49 g/s
Reynolds_number: 6,709,346
Stack prop output power: 413 kW, Pcomp: 3.6 kW
Cell efficiency: 0.305, Output efficiency: 0.287
mdot_h2: 9.68 g/s
Reynolds_number: 8,748,363
Stack prop output power: 222 kW, Pcomp: 7.1 kW
Cell efficiency: 0.298, Output efficiency: 0.275
mdot_h2: 5.44 g/s
Reynolds_number: 8,748,363
Stack prop output power: 225 kW, Pcomp: 7.2 kW
Cell efficiency: 0.298, Output efficiency: 0.275
mdot_h2: 5.52 g/s
Fuel-cell system mass representative phase: climb (P_fc_sys=852.015 kW).

-----------------------
ptotal_climb: 1,134 kW, mtom_est: 4,894 kg, mtom: 4,877 kg, residual: +17.25 kg

MTOM update: newton, relax=0.845 -> mtom_next=4,919.19 kg

======================================================
======================= ITER 5 =======================
Reynolds_number: 8,748,363
Stack prop output power: 225 kW, Pcomp: 7.2 kW
Cell efficiency: 0.298, Output efficiency: 0.275
mdot_h2: 5.52 g/s
Reynolds_number: 8,748,363
Stack prop output power: 227 kW, Pcomp: 7.3 kW
Cell efficiency: 0.298, Output efficiency: 0.275
mdot_h2: 5.56 g/s
Reynolds_number: 7,261,141
Stack prop output power: 180 kW, Pcomp: 5.8 kW
Cell efficiency: 0.297, Output efficiency: 0.274
mdot_h2: 4.43 g/s
Reynolds_number: 7,261,141
Stack prop output power: 182 kW, Pcomp: 5.8 kW
Cell efficiency: 0.297, Output efficiency: 0.274
mdot_h2: 4.47 g/s
Reynolds_number: 8,748,363
Stack prop output power: 425 kW, Pcomp: 3.8 kW
Cell efficiency: 0.288, Output efficiency: 0.271
mdot_h2: 10.54 g/s
Reynolds_number: 8,748,363
Stack prop output power: 430 kW, Pcomp: 3.8 kW
Cell efficiency: 0.288, Output efficiency: 0.271
mdot_h2: 10.66 g/s
Reynolds_number: 6,709,346
Stack prop output power: 412 kW, Pcomp: 3.6 kW
Cell efficiency: 0.305, Output efficiency: 0.287
mdot_h2: 9.65 g/s
Reynolds_number: 6,709,346
Stack prop output power: 416 kW, Pcomp: 3.6 kW
Cell efficiency: 0.305, Output efficiency: 0.287
mdot_h2: 9.76 g/s
Reynolds_number: 8,748,363
Stack prop output power: 225 kW, Pcomp: 7.2 kW
Cell efficiency: 0.298, Output efficiency: 0.275
mdot_h2: 5.52 g/s
Reynolds_number: 8,748,363
Stack prop output power: 227 kW, Pcomp: 7.3 kW
Cell efficiency: 0.298, Output efficiency: 0.275
mdot_h2: 5.56 g/s
Fuel-cell system mass representative phase: climb (P_fc_sys=859.345 kW).

-----------------------
ptotal_climb: 1,143 kW, mtom_est: 4,923 kg, mtom: 4,919 kg, residual: +3.50 kg


CONVERGED

CONVERGED STATE [MTOM iteration 5]
  MTOM=4,923 kg | Wing loading=210.47 kg/m^2 | P/W(climb)=232.24 W/kg
  Phase power: climb=1,143.3 kW | cruise=454.2 kW | loiter=363.3 kW | takeoff=1,107.9 kW | cruise+charger=454.2 kW
  Power split (climb): FC=851.7 kW | Battery=283.9 kW | Compressor=7.6 kW | Cooling=361.5 kW | H2=21.313 g/s
  Compressor max across phases: 14.6 kW (cruise)
  FC representative phase (mass sizing): climb (859.3 kW)
  Mass summary: MTOM=4,923 kg | Powertrain=1,510 kg | Tank=461.1 kg | Fuel=204.9 kg | Battery=118.6 kg | Nacelle power density=0.68 kW/kg
  Geometry: Main wing area=23.39 m^2 | Horizontal tail area=3.422 m^2 | Horizontal tail location=11.272 m | Vertical tail area=3.458 m^2 | Vertical tail location=10.890 m
  Config: wing loading input=210.32 kg/m^2 | P/W TO/Cl/Cr/Lo=0.16394/0.16915/0.06497/0.05198 kW/kg

=============================================================
========================= CONVERGED =========================
=============================================================
Constraint sizing: ENABLED (min_combined_pw)
Input W/S: 210.32 kg/m^2 (2,062.5 Pa)
Input P/W [kW/kg]: takeoff 0.16394, climb 0.16915, cruise 0.06497, loiter 0.05198
-------------------------------------------------------------

Mission Time
Climb time: 5.05 min (0.08 h)
Cruise time: 282.54 min (4.71 h)
Total flight time: 309.59 min (5.16 h)

Phase Power Breakdown
Phase      Time[min]     Total[kW]    FC Stack[kW]   Battery[kW]   Compressor[kW]   Cooling[kW]   mdot_H2[g/s]
--------------------------------------------------------------------------------------------------------------
ready           0.00          57.2            57.2           0.0              0.0           0.0         0.0
taxi            5.00         114.3           114.3           0.0              0.0           0.0         2.1
takeoff         1.00       1,107.9           825.5         275.2              7.3         324.0        19.5
climb           5.05       1,143.3           851.7         283.9              7.6         361.5        21.3
cruise        282.54         454.2           439.6           0.0             14.6         186.5        11.1
loiter         15.00         363.3           351.7           0.0             11.7         150.0         8.9
landing         1.00           0.0             0.0           0.0              0.0           0.0         0.0

Pcomp_max (solved phases): 14.6 kW (cruise)
Pnet (climb): 1,032 kW
Pelectricnet (climb): 1,136 kW
eta_pt: 0.9031

Geometry
S_wing: 23.39 m^2
b_wing: 14.51 m
Lfus: 13.12 m
Ltank: 4.11 m
S_HT: 3.42 m^2
S_VT: 3.46 m^2
b_HT: 3.92 m
b_VT: 2.56 m
X_HT_act: 11.27 m
X_VT_act: 10.89 m

One Nacelle (1/2)
Stack(1/2): 242 kg, Compressor: 16 kg, Humidifier: 88 kg, HX: 285 kg
W_FCS_single_nacelle (W_Stack+W_Compressor+W_Humidifier+W_Hx): 631 kg
Representative FC phase: climb
Specific Power of Nacelle System: 0.681 kW/kg
dim_hx: dX=1.248 m, dY=1.248 m, dZ=0.205 m
dim_stack: dX=0.378 m, dY=0.267 m, dZ=0.267 m

ALL Nacelles
W_FCS_total: 1,262 kg
W_PMAD: 98 kg
W_Motors: 151 kg

-----------------------
W_Powertrain (W_FCS_total+W_PMAD+W_Motors): 1,510 kg
-----------------------
W_wing: 351 kg
W_Htail: 22 kg
W_Vtail: 44 kg
W_fuselage: 352 kg
W_lnd_gear_main: 243 kg
W_lnd_gear_nose: 65 kg
W_flight_control: 366 kg
W_electric_system: 300 kg
W_iae: 74 kg
W_hydraulics: 59 kg
W_fur: 402 kg
-----------------------
OEM: 2,278 kg
-----------------------
W_tank: 461 kg
W_fuel: 204.9 kg
W_batt: 118.6 kg
-----------------------
W_payload: 350 kg
-----------------------
MTOM_grouped (OEM+W_tank+W_fuel+W_batt+W_Powertrain+W_payload): 4,923 kg
MTOM: 4,923 kg
-----------------------

Wing loading (MTOM/S_wing): 210.47 kg/m^2
Power-to-weight (converged): 232.24 W/kg

mdot_H2(cruise): 11.1 g/s
Vtankex: 8.8 m^3
========================== END ==============================


=============================================================
Execution time: 55.8 seconds
=============================================================
