Auto-widening W/S scan window for min_combined_pw: 1900.0..2600.0 -> 1725.0..2775.0 Pa (factor 1.500, lower_hit=True, upper_hit=False, min_on_edge=False).
Auto-widening W/S scan window for min_combined_pw: 1725.0..2775.0 -> 1462.5..3037.5 Pa (factor 1.500, lower_hit=True, upper_hit=False, min_on_edge=False).
ADRpy constraint sizing (min_combined_pw): W/S=2062.5 Pa (210.32 kg/m^2), P/W_TO=0.16394 kW/kg, P/W_climb=0.16919 kW/kg, P/W_cruise=0.09079 kW/kg
Curve minimum (combined/combined): W/S=2062.5 Pa (210.32 kg/m^2), P/W=0.16919 kW/kg
Curve minimum (takeoff/take-off): W/S=1462.5 Pa (149.13 kg/m^2), P/W=0.10196 kW/kg
Curve minimum (climb/climb): W/S=2312.5 Pa (235.81 kg/m^2), P/W=0.16586 kW/kg
Curve minimum (cruise/cruise): W/S=2312.5 Pa (235.81 kg/m^2), P/W=0.08550 kW/kg
======================================================
======================= ITER 1 =======================
Reynolds_number: 10,476,435
Stack prop output power: 500 kW, Pcomp: 16.1 kW
Cell efficiency: 0.300, Output efficiency: 0.276
mdot_h2: 12.20 g/s
Reynolds_number: 10,476,435
Stack prop output power: 328 kW, Pcomp: 10.6 kW
Cell efficiency: 0.300, Output efficiency: 0.276
mdot_h2: 8.01 g/s
Reynolds_number: 10,476,435
Stack prop output power: 323 kW, Pcomp: 10.4 kW
Cell efficiency: 0.300, Output efficiency: 0.276
mdot_h2: 7.87 g/s
Reynolds_number: 8,695,441
Stack prop output power: 500 kW, Pcomp: 16.1 kW
Cell efficiency: 0.298, Output efficiency: 0.275
mdot_h2: 12.26 g/s
Reynolds_number: 8,695,441
Stack prop output power: 266 kW, Pcomp: 8.5 kW
Cell efficiency: 0.298, Output efficiency: 0.275
mdot_h2: 6.52 g/s
Reynolds_number: 8,695,441
Stack prop output power: 258 kW, Pcomp: 8.3 kW
Cell efficiency: 0.298, Output efficiency: 0.275
mdot_h2: 6.33 g/s
Reynolds_number: 10,476,435
Stack prop output power: 356 kW, Pcomp: 3.2 kW
Cell efficiency: 0.290, Output efficiency: 0.273
mdot_h2: 8.77 g/s
Reynolds_number: 10,476,435
Stack prop output power: 436 kW, Pcomp: 3.9 kW
Cell efficiency: 0.290, Output efficiency: 0.273
mdot_h2: 10.76 g/s
Reynolds_number: 10,476,435
Stack prop output power: 437 kW, Pcomp: 3.9 kW
Cell efficiency: 0.290, Output efficiency: 0.273
mdot_h2: 10.78 g/s
Reynolds_number: 6,709,346
Stack prop output power: 360 kW, Pcomp: 3.1 kW
Cell efficiency: 0.305, Output efficiency: 0.287
mdot_h2: 8.45 g/s
Reynolds_number: 6,709,346
Stack prop output power: 423 kW, Pcomp: 3.7 kW
Cell efficiency: 0.305, Output efficiency: 0.287
mdot_h2: 9.91 g/s
Reynolds_number: 6,709,346
Stack prop output power: 423 kW, Pcomp: 3.7 kW
Cell efficiency: 0.305, Output efficiency: 0.287
mdot_h2: 9.92 g/s
Reynolds_number: 10,476,435
Stack prop output power: 500 kW, Pcomp: 16.1 kW
Cell efficiency: 0.300, Output efficiency: 0.276
mdot_h2: 12.20 g/s
Reynolds_number: 10,476,435
Stack prop output power: 328 kW, Pcomp: 10.6 kW
Cell efficiency: 0.300, Output efficiency: 0.276
mdot_h2: 8.01 g/s
Reynolds_number: 10,476,435
Stack prop output power: 323 kW, Pcomp: 10.4 kW
Cell efficiency: 0.300, Output efficiency: 0.276
mdot_h2: 7.87 g/s
Fuel-cell system mass representative phase: climb (P_fc_sys=873.689 kW).

-----------------------
ptotal_climb: 1,162 kW, mtom_est: 6,550 kg, mtom: 5,000 kg, residual: +1,550.44 kg

MTOM update: initial_bracket_probe_1, relax=1.000 -> mtom_next=5,325.00 kg

======================================================
======================= ITER 2 =======================
Reynolds_number: 10,476,435
Stack prop output power: 323 kW, Pcomp: 10.4 kW
Cell efficiency: 0.300, Output efficiency: 0.276
mdot_h2: 7.87 g/s
Reynolds_number: 10,476,435
Stack prop output power: 343 kW, Pcomp: 11.0 kW
Cell efficiency: 0.300, Output efficiency: 0.276
mdot_h2: 8.36 g/s
Reynolds_number: 10,476,435
Stack prop output power: 343 kW, Pcomp: 11.0 kW
Cell efficiency: 0.300, Output efficiency: 0.276
mdot_h2: 8.38 g/s
Reynolds_number: 8,695,441
Stack prop output power: 258 kW, Pcomp: 8.3 kW
Cell efficiency: 0.298, Output efficiency: 0.275
mdot_h2: 6.32 g/s
Reynolds_number: 8,695,441
Stack prop output power: 274 kW, Pcomp: 8.8 kW
Cell efficiency: 0.298, Output efficiency: 0.275
mdot_h2: 6.72 g/s
Reynolds_number: 8,695,441
Stack prop output power: 275 kW, Pcomp: 8.8 kW
Cell efficiency: 0.298, Output efficiency: 0.275
mdot_h2: 6.74 g/s
Reynolds_number: 10,476,435
Stack prop output power: 427 kW, Pcomp: 3.8 kW
Cell efficiency: 0.290, Output efficiency: 0.273
mdot_h2: 10.55 g/s
Reynolds_number: 10,476,435
Stack prop output power: 465 kW, Pcomp: 4.1 kW
Cell efficiency: 0.290, Output efficiency: 0.273
mdot_h2: 11.47 g/s
Reynolds_number: 6,709,346
Stack prop output power: 414 kW, Pcomp: 3.6 kW
Cell efficiency: 0.305, Output efficiency: 0.287
mdot_h2: 9.71 g/s
Reynolds_number: 6,709,346
Stack prop output power: 450 kW, Pcomp: 3.9 kW
Cell efficiency: 0.305, Output efficiency: 0.287
mdot_h2: 10.56 g/s
Reynolds_number: 10,476,435
Stack prop output power: 323 kW, Pcomp: 10.4 kW
Cell efficiency: 0.300, Output efficiency: 0.276
mdot_h2: 7.87 g/s
Reynolds_number: 10,476,435
Stack prop output power: 343 kW, Pcomp: 11.0 kW
Cell efficiency: 0.300, Output efficiency: 0.276
mdot_h2: 8.36 g/s
Reynolds_number: 10,476,435
Stack prop output power: 343 kW, Pcomp: 11.0 kW
Cell efficiency: 0.300, Output efficiency: 0.276
mdot_h2: 8.38 g/s
Fuel-cell system mass representative phase: climb (P_fc_sys=930.473 kW).

-----------------------
ptotal_climb: 1,238 kW, mtom_est: 6,788 kg, mtom: 5,325 kg, residual: +1,463.29 kg

MTOM update: initial_bracket_probe_2, relax=1.000 -> mtom_next=5,650.00 kg

======================================================
======================= ITER 3 =======================
Reynolds_number: 10,476,435
Stack prop output power: 344 kW, Pcomp: 11.0 kW
Cell efficiency: 0.300, Output efficiency: 0.276
mdot_h2: 8.38 g/s
Reynolds_number: 10,476,435
Stack prop output power: 364 kW, Pcomp: 11.7 kW
Cell efficiency: 0.300, Output efficiency: 0.276
mdot_h2: 8.87 g/s
Reynolds_number: 10,476,435
Stack prop output power: 364 kW, Pcomp: 11.7 kW
Cell efficiency: 0.300, Output efficiency: 0.276
mdot_h2: 8.89 g/s
Reynolds_number: 8,695,441
Stack prop output power: 275 kW, Pcomp: 8.8 kW
Cell efficiency: 0.298, Output efficiency: 0.275
mdot_h2: 6.74 g/s
Reynolds_number: 8,695,441
Stack prop output power: 291 kW, Pcomp: 9.4 kW
Cell efficiency: 0.298, Output efficiency: 0.275
mdot_h2: 7.13 g/s
Reynolds_number: 8,695,441
Stack prop output power: 292 kW, Pcomp: 9.4 kW
Cell efficiency: 0.298, Output efficiency: 0.275
mdot_h2: 7.15 g/s
Reynolds_number: 10,476,435
Stack prop output power: 456 kW, Pcomp: 4.0 kW
Cell efficiency: 0.290, Output efficiency: 0.273
mdot_h2: 11.25 g/s
Reynolds_number: 10,476,435
Stack prop output power: 493 kW, Pcomp: 4.4 kW
Cell efficiency: 0.290, Output efficiency: 0.273
mdot_h2: 12.17 g/s
Reynolds_number: 6,709,346
Stack prop output power: 442 kW, Pcomp: 3.8 kW
Cell efficiency: 0.305, Output efficiency: 0.287
mdot_h2: 10.36 g/s
Reynolds_number: 6,709,346
Stack prop output power: 478 kW, Pcomp: 4.2 kW
Cell efficiency: 0.305, Output efficiency: 0.287
mdot_h2: 11.21 g/s
Reynolds_number: 10,476,435
Stack prop output power: 344 kW, Pcomp: 11.0 kW
Cell efficiency: 0.300, Output efficiency: 0.276
mdot_h2: 8.38 g/s
Reynolds_number: 10,476,435
Stack prop output power: 364 kW, Pcomp: 11.7 kW
Cell efficiency: 0.300, Output efficiency: 0.276
mdot_h2: 8.87 g/s
Reynolds_number: 10,476,435
Stack prop output power: 364 kW, Pcomp: 11.7 kW
Cell efficiency: 0.300, Output efficiency: 0.276
mdot_h2: 8.89 g/s
Fuel-cell system mass representative phase: climb (P_fc_sys=987.263 kW).

-----------------------
ptotal_climb: 1,313 kW, mtom_est: 7,028 kg, mtom: 5,650 kg, residual: +1,377.60 kg

MTOM update: newton_prebracket, relax=1.000 -> mtom_next=7,627.50 kg

======================================================
======================= ITER 4 =======================
Reynolds_number: 10,476,435
Stack prop output power: 364 kW, Pcomp: 11.7 kW
Cell efficiency: 0.300, Output efficiency: 0.276
mdot_h2: 8.89 g/s
Reynolds_number: 10,476,435
Stack prop output power: 488 kW, Pcomp: 15.7 kW
Cell efficiency: 0.300, Output efficiency: 0.276
mdot_h2: 11.90 g/s
Reynolds_number: 10,476,435
Stack prop output power: 492 kW, Pcomp: 15.8 kW
Cell efficiency: 0.300, Output efficiency: 0.276
mdot_h2: 12.00 g/s
Reynolds_number: 8,695,441
Stack prop output power: 292 kW, Pcomp: 9.4 kW
Cell efficiency: 0.298, Output efficiency: 0.275
mdot_h2: 7.15 g/s
Reynolds_number: 8,695,441
Stack prop output power: 390 kW, Pcomp: 12.5 kW
Cell efficiency: 0.298, Output efficiency: 0.275
mdot_h2: 9.57 g/s
Reynolds_number: 8,695,441
Stack prop output power: 394 kW, Pcomp: 12.6 kW
Cell efficiency: 0.298, Output efficiency: 0.275
mdot_h2: 9.65 g/s
Reynolds_number: 10,476,435
Stack prop output power: 437 kW, Pcomp: 3.9 kW
Cell efficiency: 0.290, Output efficiency: 0.273
mdot_h2: 10.77 g/s
Reynolds_number: 10,476,435
Stack prop output power: 664 kW, Pcomp: 5.9 kW
Cell efficiency: 0.290, Output efficiency: 0.273
mdot_h2: 16.39 g/s
Reynolds_number: 10,476,435
Stack prop output power: 666 kW, Pcomp: 5.9 kW
Cell efficiency: 0.290, Output efficiency: 0.273
mdot_h2: 16.44 g/s
Reynolds_number: 6,709,346
Stack prop output power: 423 kW, Pcomp: 3.7 kW
Cell efficiency: 0.305, Output efficiency: 0.287
mdot_h2: 9.92 g/s
Reynolds_number: 6,709,346
Stack prop output power: 644 kW, Pcomp: 5.6 kW
Cell efficiency: 0.305, Output efficiency: 0.287
mdot_h2: 15.09 g/s
Reynolds_number: 6,709,346
Stack prop output power: 646 kW, Pcomp: 5.6 kW
Cell efficiency: 0.305, Output efficiency: 0.287
mdot_h2: 15.14 g/s
Reynolds_number: 10,476,435
Stack prop output power: 364 kW, Pcomp: 11.7 kW
Cell efficiency: 0.300, Output efficiency: 0.276
mdot_h2: 8.89 g/s
Reynolds_number: 10,476,435
Stack prop output power: 488 kW, Pcomp: 15.7 kW
Cell efficiency: 0.300, Output efficiency: 0.276
mdot_h2: 11.90 g/s
Reynolds_number: 10,476,435
Stack prop output power: 492 kW, Pcomp: 15.8 kW
Cell efficiency: 0.300, Output efficiency: 0.276
mdot_h2: 12.00 g/s
Fuel-cell system mass representative phase: climb (P_fc_sys=1332.813 kW).

-----------------------
ptotal_climb: 1,773 kW, mtom_est: 8,499 kg, mtom: 7,628 kg, residual: +871.44 kg

MTOM update: newton_prebracket, relax=1.000 -> mtom_next=10,297.12 kg

======================================================
======================= ITER 5 =======================
Reynolds_number: 10,476,435
Stack prop output power: 492 kW, Pcomp: 15.8 kW
Cell efficiency: 0.300, Output efficiency: 0.276
mdot_h2: 12.00 g/s
Reynolds_number: 10,476,435
Stack prop output power: 659 kW, Pcomp: 21.2 kW
Cell efficiency: 0.300, Output efficiency: 0.276
mdot_h2: 16.07 g/s
Reynolds_number: 10,476,435
Stack prop output power: 664 kW, Pcomp: 21.4 kW
Cell efficiency: 0.300, Output efficiency: 0.276
mdot_h2: 16.20 g/s
Reynolds_number: 8,695,441
Stack prop output power: 394 kW, Pcomp: 12.6 kW
Cell efficiency: 0.298, Output efficiency: 0.275
mdot_h2: 9.65 g/s
Reynolds_number: 8,695,441
Stack prop output power: 527 kW, Pcomp: 16.9 kW
Cell efficiency: 0.298, Output efficiency: 0.275
mdot_h2: 12.92 g/s
Reynolds_number: 8,695,441
Stack prop output power: 531 kW, Pcomp: 17.1 kW
Cell efficiency: 0.298, Output efficiency: 0.275
mdot_h2: 13.02 g/s
Reynolds_number: 10,476,435
Stack prop output power: 589 kW, Pcomp: 5.2 kW
Cell efficiency: 0.290, Output efficiency: 0.273
mdot_h2: 14.54 g/s
Reynolds_number: 10,476,435
Stack prop output power: 897 kW, Pcomp: 7.9 kW
Cell efficiency: 0.290, Output efficiency: 0.273
mdot_h2: 22.13 g/s
Reynolds_number: 10,476,435
Stack prop output power: 900 kW, Pcomp: 8.0 kW
Cell efficiency: 0.290, Output efficiency: 0.273
mdot_h2: 22.19 g/s
Reynolds_number: 6,709,346
Stack prop output power: 571 kW, Pcomp: 5.0 kW
Cell efficiency: 0.305, Output efficiency: 0.287
mdot_h2: 13.39 g/s
Reynolds_number: 6,709,346
Stack prop output power: 869 kW, Pcomp: 7.6 kW
Cell efficiency: 0.305, Output efficiency: 0.287
mdot_h2: 20.38 g/s
Reynolds_number: 6,709,346
Stack prop output power: 872 kW, Pcomp: 7.6 kW
Cell efficiency: 0.305, Output efficiency: 0.287
mdot_h2: 20.44 g/s
Reynolds_number: 10,476,435
Stack prop output power: 492 kW, Pcomp: 15.8 kW
Cell efficiency: 0.300, Output efficiency: 0.276
mdot_h2: 12.00 g/s
Reynolds_number: 10,476,435
Stack prop output power: 659 kW, Pcomp: 21.2 kW
Cell efficiency: 0.300, Output efficiency: 0.276
mdot_h2: 16.07 g/s
Reynolds_number: 10,476,435
Stack prop output power: 664 kW, Pcomp: 21.4 kW
Cell efficiency: 0.300, Output efficiency: 0.276
mdot_h2: 16.20 g/s
Fuel-cell system mass representative phase: climb (P_fc_sys=1799.297 kW).

-----------------------
ptotal_climb: 2,394 kW, mtom_est: 10,511 kg, mtom: 10,297 kg, residual: +213.78 kg

MTOM update: newton_prebracket, relax=1.000 -> mtom_next=11,164.93 kg

======================================================
======================= ITER 6 =======================
Reynolds_number: 10,476,435
Stack prop output power: 664 kW, Pcomp: 21.4 kW
Cell efficiency: 0.300, Output efficiency: 0.276
mdot_h2: 16.20 g/s
Reynolds_number: 10,476,435
Stack prop output power: 718 kW, Pcomp: 23.1 kW
Cell efficiency: 0.300, Output efficiency: 0.276
mdot_h2: 17.53 g/s
Reynolds_number: 10,476,435
Stack prop output power: 720 kW, Pcomp: 23.2 kW
Cell efficiency: 0.300, Output efficiency: 0.276
mdot_h2: 17.57 g/s
Reynolds_number: 8,695,441
Stack prop output power: 531 kW, Pcomp: 17.1 kW
Cell efficiency: 0.298, Output efficiency: 0.275
mdot_h2: 13.02 g/s
Reynolds_number: 8,695,441
Stack prop output power: 575 kW, Pcomp: 18.5 kW
Cell efficiency: 0.298, Output efficiency: 0.275
mdot_h2: 14.09 g/s
Reynolds_number: 8,695,441
Stack prop output power: 576 kW, Pcomp: 18.5 kW
Cell efficiency: 0.298, Output efficiency: 0.275
mdot_h2: 14.12 g/s
Reynolds_number: 10,476,435
Stack prop output power: 875 kW, Pcomp: 7.8 kW
Cell efficiency: 0.290, Output efficiency: 0.273
mdot_h2: 21.58 g/s
Reynolds_number: 10,476,435
Stack prop output power: 975 kW, Pcomp: 8.6 kW
Cell efficiency: 0.290, Output efficiency: 0.273
mdot_h2: 24.04 g/s
Reynolds_number: 10,476,435
Stack prop output power: 975 kW, Pcomp: 8.6 kW
Cell efficiency: 0.290, Output efficiency: 0.273
mdot_h2: 24.06 g/s
Reynolds_number: 6,709,346
Stack prop output power: 847 kW, Pcomp: 7.4 kW
Cell efficiency: 0.305, Output efficiency: 0.287
mdot_h2: 19.87 g/s
Reynolds_number: 6,709,346
Stack prop output power: 944 kW, Pcomp: 8.2 kW
Cell efficiency: 0.305, Output efficiency: 0.287
mdot_h2: 22.14 g/s
Reynolds_number: 6,709,346
Stack prop output power: 945 kW, Pcomp: 8.2 kW
Cell efficiency: 0.305, Output efficiency: 0.287
mdot_h2: 22.16 g/s
Reynolds_number: 10,476,435
Stack prop output power: 664 kW, Pcomp: 21.4 kW
Cell efficiency: 0.300, Output efficiency: 0.276
mdot_h2: 16.20 g/s
Reynolds_number: 10,476,435
Stack prop output power: 718 kW, Pcomp: 23.1 kW
Cell efficiency: 0.300, Output efficiency: 0.276
mdot_h2: 17.53 g/s
Reynolds_number: 10,476,435
Stack prop output power: 720 kW, Pcomp: 23.2 kW
Cell efficiency: 0.300, Output efficiency: 0.276
mdot_h2: 17.57 g/s
Fuel-cell system mass representative phase: climb (P_fc_sys=1950.935 kW).

-----------------------
ptotal_climb: 2,595 kW, mtom_est: 11,169 kg, mtom: 11,165 kg, residual: +4.36 kg


CONVERGED

CONVERGED STATE [MTOM iteration 6]
  MTOM=11,169 kg | Wing loading=210.40 kg/m^2 | P/W(climb)=232.38 W/kg
  Phase power: climb=2,595.5 kW | cruise=1,440.5 kW | loiter=1,152.4 kW | takeoff=2,514.6 kW | cruise+charger=1,440.5 kW
  Power split (climb): FC=1,933.6 kW | Battery=644.5 kW | Compressor=17.3 kW | Cooling=813.9 kW | H2=48.130 g/s
  Compressor max across phases: 46.3 kW (cruise)
  FC representative phase (mass sizing): climb (1,950.9 kW)
  Mass summary: MTOM=11,169 kg | Powertrain=3,238 kg | Tank=1,604.6 kg | Fuel=713.2 kg | Battery=269.3 kg | Nacelle power density=0.73 kW/kg
  Geometry: Main wing area=53.09 m^2 | Horizontal tail area=6.079 m^2 | Horizontal tail location=21.044 m | Vertical tail area=6.150 m^2 | Vertical tail location=20.434 m
  Config: wing loading input=210.32 kg/m^2 | P/W TO/Cl/Cr/Lo=0.16394/0.16919/0.09079/0.07263 kW/kg

=============================================================
========================= CONVERGED =========================
=============================================================
Constraint sizing: ENABLED (min_combined_pw)
Input W/S: 210.32 kg/m^2 (2,062.5 Pa)
Input P/W [kW/kg]: takeoff 0.16394, climb 0.16919, cruise 0.09079, loiter 0.07263
-------------------------------------------------------------

Mission Time
Climb time: 5.05 min (0.08 h)
Cruise time: 317.38 min (5.29 h)
Total flight time: 344.43 min (5.74 h)

Phase Power Breakdown
Phase      Time[min]     Total[kW]    FC Stack[kW]   Battery[kW]   Compressor[kW]   Cooling[kW]   mdot_H2[g/s]
--------------------------------------------------------------------------------------------------------------
ready           0.00         129.8           129.8           0.0              0.0           0.0         0.0
taxi            5.00         259.5           259.5           0.0              0.0           0.0         4.8
takeoff         1.00       2,514.6         1,873.6         624.5             16.5         734.8        44.3
climb           5.05       2,595.5         1,933.6         644.5             17.3         813.9        48.1
cruise        317.38       1,440.5         1,394.2           0.0             46.3         586.5        35.1
loiter         15.00       1,152.4         1,115.3           0.0             37.0         472.5        28.2
landing         1.00           0.0             0.0           0.0              0.0           0.0         0.0

Pcomp_max (solved phases): 46.3 kW (cruise)
Pnet (climb): 2,344 kW
Pelectricnet (climb): 2,578 kW
eta_pt: 0.9031

Geometry
S_wing: 53.09 m^2
b_wing: 21.86 m
Lfus: 23.30 m
Ltank: 14.29 m
S_HT: 6.08 m^2
S_VT: 6.15 m^2
b_HT: 5.23 m
b_VT: 3.42 m
X_HT_act: 21.04 m
X_VT_act: 20.43 m

One Nacelle (1/2)
Stack(1/2): 548 kg, Compressor: 39 kg, Humidifier: 195 kg, HX: 556 kg
W_FCS_single_nacelle (W_Stack+W_Compressor+W_Humidifier+W_Hx): 1,337 kg
Representative FC phase: climb
Specific Power of Nacelle System: 0.729 kW/kg
dim_hx: dX=1.707 m, dY=1.707 m, dZ=0.213 m
dim_stack: dX=0.376 m, dY=0.403 m, dZ=0.403 m

ALL Nacelles
W_FCS_total: 2,675 kg
W_PMAD: 221 kg
W_Motors: 342 kg

-----------------------
W_Powertrain (W_FCS_total+W_PMAD+W_Motors): 3,238 kg
-----------------------
W_wing: 978 kg
W_Htail: 57 kg
W_Vtail: 93 kg
W_fuselage: 826 kg
W_lnd_gear_main: 243 kg
W_lnd_gear_nose: 65 kg
W_flight_control: 366 kg
W_electric_system: 300 kg
W_iae: 150 kg
W_hydraulics: 134 kg
W_fur: 632 kg
-----------------------
OEM: 3,844 kg
-----------------------
W_tank: 1,605 kg
W_fuel: 713.2 kg
W_batt: 269.3 kg
-----------------------
W_payload: 1,500 kg
-----------------------
MTOM_grouped (OEM+W_tank+W_fuel+W_batt+W_Powertrain+W_payload): 11,169 kg
MTOM: 11,169 kg
-----------------------

Wing loading (MTOM/S_wing): 210.40 kg/m^2
Power-to-weight (converged): 232.38 W/kg

mdot_H2(cruise): 35.1 g/s
Vtankex: 30.6 m^3
========================== END ==============================


=============================================================
Execution time: 85.8 seconds
=============================================================
