Auto-widening W/S scan window for min_combined_pw: 1900.0..2600.0 -> 1725.0..2775.0 Pa (factor 1.500, lower_hit=True, upper_hit=False, min_on_edge=False).
Auto-widening W/S scan window for min_combined_pw: 1725.0..2775.0 -> 1462.5..3037.5 Pa (factor 1.500, lower_hit=True, upper_hit=False, min_on_edge=False).
ADRpy constraint sizing (min_combined_pw): W/S=2062.5 Pa (210.32 kg/m^2), P/W_TO=0.16394 kW/kg, P/W_climb=0.16919 kW/kg, P/W_cruise=0.09079 kW/kg
Curve minimum (combined/combined): W/S=2062.5 Pa (210.32 kg/m^2), P/W=0.16919 kW/kg
Curve minimum (takeoff/take-off): W/S=1462.5 Pa (149.13 kg/m^2), P/W=0.10196 kW/kg
Curve minimum (climb/climb): W/S=2312.5 Pa (235.81 kg/m^2), P/W=0.16586 kW/kg
Curve minimum (cruise/cruise): W/S=2312.5 Pa (235.81 kg/m^2), P/W=0.08550 kW/kg
======================================================
======================= ITER 1 =======================
Reynolds_number: 10,476,435
Stack prop output power: 500 kW, Pcomp: 16.1 kW
Cell efficiency: 0.300, Output efficiency: 0.276
mdot_h2: 12.20 g/s
Reynolds_number: 10,476,435
Stack prop output power: 328 kW, Pcomp: 10.6 kW
Cell efficiency: 0.300, Output efficiency: 0.276
mdot_h2: 8.01 g/s
Reynolds_number: 10,476,435
Stack prop output power: 323 kW, Pcomp: 10.4 kW
Cell efficiency: 0.300, Output efficiency: 0.276
mdot_h2: 7.87 g/s
Reynolds_number: 8,695,441
Stack prop output power: 500 kW, Pcomp: 16.1 kW
Cell efficiency: 0.298, Output efficiency: 0.275
mdot_h2: 12.26 g/s
Reynolds_number: 8,695,441
Stack prop output power: 266 kW, Pcomp: 8.5 kW
Cell efficiency: 0.298, Output efficiency: 0.275
mdot_h2: 6.52 g/s
Reynolds_number: 8,695,441
Stack prop output power: 258 kW, Pcomp: 8.3 kW
Cell efficiency: 0.298, Output efficiency: 0.275
mdot_h2: 6.33 g/s
Reynolds_number: 10,476,435
Stack prop output power: 356 kW, Pcomp: 3.2 kW
Cell efficiency: 0.290, Output efficiency: 0.273
mdot_h2: 8.77 g/s
Reynolds_number: 10,476,435
Stack prop output power: 436 kW, Pcomp: 3.9 kW
Cell efficiency: 0.290, Output efficiency: 0.273
mdot_h2: 10.76 g/s
Reynolds_number: 10,476,435
Stack prop output power: 437 kW, Pcomp: 3.9 kW
Cell efficiency: 0.290, Output efficiency: 0.273
mdot_h2: 10.78 g/s
Reynolds_number: 6,709,346
Stack prop output power: 360 kW, Pcomp: 3.1 kW
Cell efficiency: 0.305, Output efficiency: 0.287
mdot_h2: 8.45 g/s
Reynolds_number: 6,709,346
Stack prop output power: 423 kW, Pcomp: 3.7 kW
Cell efficiency: 0.305, Output efficiency: 0.287
mdot_h2: 9.91 g/s
Reynolds_number: 6,709,346
Stack prop output power: 423 kW, Pcomp: 3.7 kW
Cell efficiency: 0.305, Output efficiency: 0.287
mdot_h2: 9.92 g/s
Reynolds_number: 10,476,435
Stack prop output power: 500 kW, Pcomp: 16.1 kW
Cell efficiency: 0.300, Output efficiency: 0.276
mdot_h2: 12.20 g/s
Reynolds_number: 10,476,435
Stack prop output power: 328 kW, Pcomp: 10.6 kW
Cell efficiency: 0.300, Output efficiency: 0.276
mdot_h2: 8.01 g/s
Reynolds_number: 10,476,435
Stack prop output power: 323 kW, Pcomp: 10.4 kW
Cell efficiency: 0.300, Output efficiency: 0.276
mdot_h2: 7.87 g/s
Fuel-cell system mass representative phase: climb (P_fc_sys=873.689 kW).

-----------------------
ptotal_climb: 1,162 kW, mtom_est: 5,873 kg, mtom: 5,000 kg, residual: +872.56 kg

MTOM update: initial_bracket_probe_1, relax=1.000 -> mtom_next=5,325.00 kg

======================================================
======================= ITER 2 =======================
Reynolds_number: 10,476,435
Stack prop output power: 323 kW, Pcomp: 10.4 kW
Cell efficiency: 0.300, Output efficiency: 0.276
mdot_h2: 7.87 g/s
Reynolds_number: 10,476,435
Stack prop output power: 343 kW, Pcomp: 11.0 kW
Cell efficiency: 0.300, Output efficiency: 0.276
mdot_h2: 8.36 g/s
Reynolds_number: 10,476,435
Stack prop output power: 343 kW, Pcomp: 11.0 kW
Cell efficiency: 0.300, Output efficiency: 0.276
mdot_h2: 8.38 g/s
Reynolds_number: 8,695,441
Stack prop output power: 258 kW, Pcomp: 8.3 kW
Cell efficiency: 0.298, Output efficiency: 0.275
mdot_h2: 6.32 g/s
Reynolds_number: 8,695,441
Stack prop output power: 274 kW, Pcomp: 8.8 kW
Cell efficiency: 0.298, Output efficiency: 0.275
mdot_h2: 6.72 g/s
Reynolds_number: 8,695,441
Stack prop output power: 275 kW, Pcomp: 8.8 kW
Cell efficiency: 0.298, Output efficiency: 0.275
mdot_h2: 6.74 g/s
Reynolds_number: 10,476,435
Stack prop output power: 427 kW, Pcomp: 3.8 kW
Cell efficiency: 0.290, Output efficiency: 0.273
mdot_h2: 10.55 g/s
Reynolds_number: 10,476,435
Stack prop output power: 465 kW, Pcomp: 4.1 kW
Cell efficiency: 0.290, Output efficiency: 0.273
mdot_h2: 11.47 g/s
Reynolds_number: 6,709,346
Stack prop output power: 414 kW, Pcomp: 3.6 kW
Cell efficiency: 0.305, Output efficiency: 0.287
mdot_h2: 9.71 g/s
Reynolds_number: 6,709,346
Stack prop output power: 450 kW, Pcomp: 3.9 kW
Cell efficiency: 0.305, Output efficiency: 0.287
mdot_h2: 10.56 g/s
Reynolds_number: 10,476,435
Stack prop output power: 323 kW, Pcomp: 10.4 kW
Cell efficiency: 0.300, Output efficiency: 0.276
mdot_h2: 7.87 g/s
Reynolds_number: 10,476,435
Stack prop output power: 343 kW, Pcomp: 11.0 kW
Cell efficiency: 0.300, Output efficiency: 0.276
mdot_h2: 8.36 g/s
Reynolds_number: 10,476,435
Stack prop output power: 343 kW, Pcomp: 11.0 kW
Cell efficiency: 0.300, Output efficiency: 0.276
mdot_h2: 8.38 g/s
Fuel-cell system mass representative phase: climb (P_fc_sys=930.473 kW).

-----------------------
ptotal_climb: 1,238 kW, mtom_est: 6,067 kg, mtom: 5,325 kg, residual: +741.88 kg

MTOM update: initial_bracket_probe_2, relax=1.000 -> mtom_next=5,650.00 kg

======================================================
======================= ITER 3 =======================
Reynolds_number: 10,476,435
Stack prop output power: 344 kW, Pcomp: 11.0 kW
Cell efficiency: 0.300, Output efficiency: 0.276
mdot_h2: 8.38 g/s
Reynolds_number: 10,476,435
Stack prop output power: 364 kW, Pcomp: 11.7 kW
Cell efficiency: 0.300, Output efficiency: 0.276
mdot_h2: 8.87 g/s
Reynolds_number: 10,476,435
Stack prop output power: 364 kW, Pcomp: 11.7 kW
Cell efficiency: 0.300, Output efficiency: 0.276
mdot_h2: 8.89 g/s
Reynolds_number: 8,695,441
Stack prop output power: 275 kW, Pcomp: 8.8 kW
Cell efficiency: 0.298, Output efficiency: 0.275
mdot_h2: 6.74 g/s
Reynolds_number: 8,695,441
Stack prop output power: 291 kW, Pcomp: 9.4 kW
Cell efficiency: 0.298, Output efficiency: 0.275
mdot_h2: 7.13 g/s
Reynolds_number: 8,695,441
Stack prop output power: 292 kW, Pcomp: 9.4 kW
Cell efficiency: 0.298, Output efficiency: 0.275
mdot_h2: 7.15 g/s
Reynolds_number: 10,476,435
Stack prop output power: 456 kW, Pcomp: 4.0 kW
Cell efficiency: 0.290, Output efficiency: 0.273
mdot_h2: 11.25 g/s
Reynolds_number: 10,476,435
Stack prop output power: 493 kW, Pcomp: 4.4 kW
Cell efficiency: 0.290, Output efficiency: 0.273
mdot_h2: 12.17 g/s
Reynolds_number: 6,709,346
Stack prop output power: 442 kW, Pcomp: 3.8 kW
Cell efficiency: 0.305, Output efficiency: 0.287
mdot_h2: 10.36 g/s
Reynolds_number: 6,709,346
Stack prop output power: 478 kW, Pcomp: 4.2 kW
Cell efficiency: 0.305, Output efficiency: 0.287
mdot_h2: 11.21 g/s
Reynolds_number: 10,476,435
Stack prop output power: 344 kW, Pcomp: 11.0 kW
Cell efficiency: 0.300, Output efficiency: 0.276
mdot_h2: 8.38 g/s
Reynolds_number: 10,476,435
Stack prop output power: 364 kW, Pcomp: 11.7 kW
Cell efficiency: 0.300, Output efficiency: 0.276
mdot_h2: 8.87 g/s
Reynolds_number: 10,476,435
Stack prop output power: 364 kW, Pcomp: 11.7 kW
Cell efficiency: 0.300, Output efficiency: 0.276
mdot_h2: 8.89 g/s
Fuel-cell system mass representative phase: climb (P_fc_sys=987.263 kW).

-----------------------
ptotal_climb: 1,313 kW, mtom_est: 6,262 kg, mtom: 5,650 kg, residual: +612.25 kg

MTOM update: newton_prebracket, relax=1.000 -> mtom_next=7,185.00 kg

======================================================
======================= ITER 4 =======================
Reynolds_number: 10,476,435
Stack prop output power: 364 kW, Pcomp: 11.7 kW
Cell efficiency: 0.300, Output efficiency: 0.276
mdot_h2: 8.89 g/s
Reynolds_number: 10,476,435
Stack prop output power: 460 kW, Pcomp: 14.8 kW
Cell efficiency: 0.300, Output efficiency: 0.276
mdot_h2: 11.23 g/s
Reynolds_number: 10,476,435
Stack prop output power: 463 kW, Pcomp: 14.9 kW
Cell efficiency: 0.300, Output efficiency: 0.276
mdot_h2: 11.30 g/s
Reynolds_number: 8,695,441
Stack prop output power: 292 kW, Pcomp: 9.4 kW
Cell efficiency: 0.298, Output efficiency: 0.275
mdot_h2: 7.15 g/s
Reynolds_number: 8,695,441
Stack prop output power: 368 kW, Pcomp: 11.8 kW
Cell efficiency: 0.298, Output efficiency: 0.275
mdot_h2: 9.03 g/s
Reynolds_number: 8,695,441
Stack prop output power: 371 kW, Pcomp: 11.9 kW
Cell efficiency: 0.298, Output efficiency: 0.275
mdot_h2: 9.09 g/s
Reynolds_number: 10,476,435
Stack prop output power: 449 kW, Pcomp: 4.0 kW
Cell efficiency: 0.290, Output efficiency: 0.273
mdot_h2: 11.08 g/s
Reynolds_number: 10,476,435
Stack prop output power: 626 kW, Pcomp: 5.5 kW
Cell efficiency: 0.290, Output efficiency: 0.273
mdot_h2: 15.45 g/s
Reynolds_number: 10,476,435
Stack prop output power: 628 kW, Pcomp: 5.6 kW
Cell efficiency: 0.290, Output efficiency: 0.273
mdot_h2: 15.49 g/s
Reynolds_number: 6,709,346
Stack prop output power: 435 kW, Pcomp: 3.8 kW
Cell efficiency: 0.305, Output efficiency: 0.287
mdot_h2: 10.21 g/s
Reynolds_number: 6,709,346
Stack prop output power: 607 kW, Pcomp: 5.3 kW
Cell efficiency: 0.305, Output efficiency: 0.287
mdot_h2: 14.23 g/s
Reynolds_number: 6,709,346
Stack prop output power: 608 kW, Pcomp: 5.3 kW
Cell efficiency: 0.305, Output efficiency: 0.287
mdot_h2: 14.26 g/s
Reynolds_number: 10,476,435
Stack prop output power: 364 kW, Pcomp: 11.7 kW
Cell efficiency: 0.300, Output efficiency: 0.276
mdot_h2: 8.89 g/s
Reynolds_number: 10,476,435
Stack prop output power: 460 kW, Pcomp: 14.8 kW
Cell efficiency: 0.300, Output efficiency: 0.276
mdot_h2: 11.23 g/s
Reynolds_number: 10,476,435
Stack prop output power: 463 kW, Pcomp: 14.9 kW
Cell efficiency: 0.300, Output efficiency: 0.276
mdot_h2: 11.30 g/s
Fuel-cell system mass representative phase: climb (P_fc_sys=1255.491 kW).

-----------------------
ptotal_climb: 1,670 kW, mtom_est: 7,197 kg, mtom: 7,185 kg, residual: +11.97 kg

MTOM update: newton_prebracket, relax=1.000 -> mtom_next=7,215.60 kg

======================================================
======================= ITER 5 =======================
Reynolds_number: 10,476,435
Stack prop output power: 463 kW, Pcomp: 14.9 kW
Cell efficiency: 0.300, Output efficiency: 0.276
mdot_h2: 11.31 g/s
Reynolds_number: 10,476,435
Stack prop output power: 465 kW, Pcomp: 15.0 kW
Cell efficiency: 0.300, Output efficiency: 0.276
mdot_h2: 11.35 g/s
Reynolds_number: 8,695,441
Stack prop output power: 371 kW, Pcomp: 11.9 kW
Cell efficiency: 0.298, Output efficiency: 0.275
mdot_h2: 9.09 g/s
Reynolds_number: 8,695,441
Stack prop output power: 372 kW, Pcomp: 12.0 kW
Cell efficiency: 0.298, Output efficiency: 0.275
mdot_h2: 9.13 g/s
Reynolds_number: 10,476,435
Stack prop output power: 627 kW, Pcomp: 5.6 kW
Cell efficiency: 0.290, Output efficiency: 0.273
mdot_h2: 15.46 g/s
Reynolds_number: 10,476,435
Stack prop output power: 630 kW, Pcomp: 5.6 kW
Cell efficiency: 0.290, Output efficiency: 0.273
mdot_h2: 15.55 g/s
Reynolds_number: 6,709,346
Stack prop output power: 607 kW, Pcomp: 5.3 kW
Cell efficiency: 0.305, Output efficiency: 0.287
mdot_h2: 14.24 g/s
Reynolds_number: 6,709,346
Stack prop output power: 611 kW, Pcomp: 5.3 kW
Cell efficiency: 0.305, Output efficiency: 0.287
mdot_h2: 14.32 g/s
Reynolds_number: 10,476,435
Stack prop output power: 463 kW, Pcomp: 14.9 kW
Cell efficiency: 0.300, Output efficiency: 0.276
mdot_h2: 11.31 g/s
Reynolds_number: 10,476,435
Stack prop output power: 465 kW, Pcomp: 15.0 kW
Cell efficiency: 0.300, Output efficiency: 0.276
mdot_h2: 11.35 g/s
Fuel-cell system mass representative phase: climb (P_fc_sys=1260.838 kW).

-----------------------
ptotal_climb: 1,677 kW, mtom_est: 7,216 kg, mtom: 7,216 kg, residual: +0.33 kg


CONVERGED

CONVERGED STATE [MTOM iteration 5]
  MTOM=7,216 kg | Wing loading=210.33 kg/m^2 | P/W(climb)=232.46 W/kg
  Phase power: climb=1,677.4 kW | cruise=930.9 kW | loiter=744.7 kW | takeoff=1,625.1 kW | cruise+charger=930.9 kW
  Power split (climb): FC=1,249.7 kW | Battery=416.6 kW | Compressor=11.2 kW | Cooling=526.2 kW | H2=31.104 g/s
  Compressor max across phases: 29.9 kW (cruise)
  FC representative phase (mass sizing): climb (1,260.8 kW)
  Mass summary: MTOM=7,216 kg | Powertrain=2,089 kg | Tank=525.1 kg | Fuel=233.4 kg | Battery=174.0 kg | Nacelle power density=0.73 kW/kg
  Geometry: Main wing area=34.31 m^2 | Horizontal tail area=6.114 m^2 | Horizontal tail location=11.422 m | Vertical tail area=6.341 m^2 | Vertical tail location=10.778 m
  Config: wing loading input=210.32 kg/m^2 | P/W TO/Cl/Cr/Lo=0.16394/0.16919/0.09079/0.07263 kW/kg

=============================================================
========================= CONVERGED =========================
=============================================================
Constraint sizing: ENABLED (min_combined_pw)
Input W/S: 210.32 kg/m^2 (2,062.5 Pa)
Input P/W [kW/kg]: takeoff 0.16394, climb 0.16919, cruise 0.09079, loiter 0.07263
-------------------------------------------------------------

Mission Time
Climb time: 5.05 min (0.08 h)
Cruise time: 150.38 min (2.51 h)
Total flight time: 177.43 min (2.96 h)

Phase Power Breakdown
Phase      Time[min]     Total[kW]    FC Stack[kW]   Battery[kW]   Compressor[kW]   Cooling[kW]   mdot_H2[g/s]
--------------------------------------------------------------------------------------------------------------
ready           0.00          83.9            83.9           0.0              0.0           0.0         0.0
taxi            5.00         167.7           167.7           0.0              0.0           0.0         3.1
takeoff         1.00       1,625.1         1,210.9         403.6             10.6         475.1        28.6
climb           5.05       1,677.4         1,249.7         416.6             11.2         526.2        31.1
cruise        150.38         930.9           901.0           0.0             29.9         379.2        22.7
loiter         15.00         744.7           720.8           0.0             23.9         305.5        18.3
landing         1.00           0.0             0.0           0.0              0.0           0.0         0.0

Pcomp_max (solved phases): 29.9 kW (cruise)
Pnet (climb): 1,515 kW
Pelectricnet (climb): 1,666 kW
eta_pt: 0.9031

Geometry
S_wing: 34.31 m^2
b_wing: 17.57 m
Lfus: 13.69 m
Ltank: 4.68 m
S_HT: 6.11 m^2
S_VT: 6.34 m^2
b_HT: 5.25 m
b_VT: 3.47 m
X_HT_act: 11.42 m
X_VT_act: 10.78 m

One Nacelle (1/2)
Stack(1/2): 354 kg, Compressor: 23 kg, Humidifier: 126 kg, HX: 359 kg
W_FCS_single_nacelle (W_Stack+W_Compressor+W_Humidifier+W_Hx): 862 kg
Representative FC phase: climb
Specific Power of Nacelle System: 0.731 kW/kg
dim_hx: dX=1.371 m, dY=1.371 m, dZ=0.213 m
dim_stack: dX=0.376 m, dY=0.324 m, dZ=0.324 m

ALL Nacelles
W_FCS_total: 1,725 kg
W_PMAD: 143 kg
W_Motors: 221 kg

-----------------------
W_Powertrain (W_FCS_total+W_PMAD+W_Motors): 2,089 kg
-----------------------
W_wing: 567 kg
W_Htail: 43 kg
W_Vtail: 74 kg
W_fuselage: 432 kg
W_lnd_gear_main: 243 kg
W_lnd_gear_nose: 65 kg
W_flight_control: 366 kg
W_electric_system: 300 kg
W_iae: 102 kg
W_hydraulics: 87 kg
W_fur: 416 kg
-----------------------
OEM: 2,694 kg
-----------------------
W_tank: 525 kg
W_fuel: 233.4 kg
W_batt: 174.0 kg
-----------------------
W_payload: 1,500 kg
-----------------------
MTOM_grouped (OEM+W_tank+W_fuel+W_batt+W_Powertrain+W_payload): 7,216 kg
MTOM: 7,216 kg
-----------------------

Wing loading (MTOM/S_wing): 210.33 kg/m^2
Power-to-weight (converged): 232.46 W/kg

mdot_H2(cruise): 22.7 g/s
Vtankex: 10.0 m^3
========================== END ==============================


=============================================================
Execution time: 64.8 seconds
=============================================================
