Auto-widening W/S scan window for min_combined_pw: 1900.0..2600.0 -> 1725.0..2775.0 Pa (factor 1.500, lower_hit=True, upper_hit=False, min_on_edge=False).
Auto-widening W/S scan window for min_combined_pw: 1725.0..2775.0 -> 1462.5..3037.5 Pa (factor 1.500, lower_hit=True, upper_hit=False, min_on_edge=False).
ADRpy constraint sizing (min_combined_pw): W/S=2162.5 Pa (220.51 kg/m^2), P/W_TO=0.17518 kW/kg, P/W_climb=0.16876 kW/kg, P/W_cruise=0.17683 kW/kg
Curve minimum (combined/combined): W/S=2162.5 Pa (220.51 kg/m^2), P/W=0.17683 kW/kg
Curve minimum (takeoff/take-off): W/S=1462.5 Pa (149.13 kg/m^2), P/W=0.10196 kW/kg
Curve minimum (climb/climb): W/S=2312.5 Pa (235.81 kg/m^2), P/W=0.16713 kW/kg
Curve minimum (cruise/cruise): W/S=2312.5 Pa (235.81 kg/m^2), P/W=0.16744 kW/kg
======================================================
======================= ITER 1 =======================
Reynolds_number: 13,986,581
Stack prop output power: 500 kW, Pcomp: 16.1 kW
Cell efficiency: 0.303, Output efficiency: 0.279
mdot_h2: 12.06 g/s
Reynolds_number: 13,986,581
Stack prop output power: 624 kW, Pcomp: 20.1 kW
Cell efficiency: 0.303, Output efficiency: 0.279
mdot_h2: 15.05 g/s
Reynolds_number: 13,986,581
Stack prop output power: 628 kW, Pcomp: 20.2 kW
Cell efficiency: 0.303, Output efficiency: 0.279
mdot_h2: 15.15 g/s
Reynolds_number: 11,608,862
Stack prop output power: 500 kW, Pcomp: 16.1 kW
Cell efficiency: 0.301, Output efficiency: 0.277
mdot_h2: 12.16 g/s
Reynolds_number: 11,608,862
Stack prop output power: 503 kW, Pcomp: 16.2 kW
Cell efficiency: 0.301, Output efficiency: 0.277
mdot_h2: 12.22 g/s
Reynolds_number: 13,986,581
Stack prop output power: 356 kW, Pcomp: 3.2 kW
Cell efficiency: 0.294, Output efficiency: 0.277
mdot_h2: 8.66 g/s
Reynolds_number: 13,986,581
Stack prop output power: 435 kW, Pcomp: 3.9 kW
Cell efficiency: 0.294, Output efficiency: 0.277
mdot_h2: 10.59 g/s
Reynolds_number: 13,986,581
Stack prop output power: 436 kW, Pcomp: 3.9 kW
Cell efficiency: 0.294, Output efficiency: 0.277
mdot_h2: 10.60 g/s
Reynolds_number: 6,709,346
Stack prop output power: 351 kW, Pcomp: 3.1 kW
Cell efficiency: 0.305, Output efficiency: 0.287
mdot_h2: 8.22 g/s
Reynolds_number: 6,709,346
Stack prop output power: 451 kW, Pcomp: 3.9 kW
Cell efficiency: 0.305, Output efficiency: 0.287
mdot_h2: 10.58 g/s
Reynolds_number: 6,709,346
Stack prop output power: 452 kW, Pcomp: 3.9 kW
Cell efficiency: 0.305, Output efficiency: 0.287
mdot_h2: 10.60 g/s
Reynolds_number: 13,986,581
Stack prop output power: 500 kW, Pcomp: 16.1 kW
Cell efficiency: 0.303, Output efficiency: 0.279
mdot_h2: 12.06 g/s
Reynolds_number: 13,986,581
Stack prop output power: 624 kW, Pcomp: 20.1 kW
Cell efficiency: 0.303, Output efficiency: 0.279
mdot_h2: 15.05 g/s
Reynolds_number: 13,986,581
Stack prop output power: 628 kW, Pcomp: 20.2 kW
Cell efficiency: 0.303, Output efficiency: 0.279
mdot_h2: 15.15 g/s
Fuel-cell system mass representative phase: cruise (P_fc_sys=1256.527 kW).

-----------------------
ptotal_climb: 1,159 kW, mtom_est: 5,929 kg, mtom: 5,000 kg, residual: +929.31 kg

MTOM update: initial_bracket_probe_1, relax=1.000 -> mtom_next=5,325.00 kg

======================================================
======================= ITER 2 =======================
Reynolds_number: 13,986,581
Stack prop output power: 628 kW, Pcomp: 20.2 kW
Cell efficiency: 0.303, Output efficiency: 0.279
mdot_h2: 15.15 g/s
Reynolds_number: 13,986,581
Stack prop output power: 668 kW, Pcomp: 21.5 kW
Cell efficiency: 0.303, Output efficiency: 0.279
mdot_h2: 16.11 g/s
Reynolds_number: 13,986,581
Stack prop output power: 669 kW, Pcomp: 21.6 kW
Cell efficiency: 0.303, Output efficiency: 0.279
mdot_h2: 16.14 g/s
Reynolds_number: 11,608,862
Stack prop output power: 503 kW, Pcomp: 16.2 kW
Cell efficiency: 0.301, Output efficiency: 0.277
mdot_h2: 12.22 g/s
Reynolds_number: 11,608,862
Stack prop output power: 534 kW, Pcomp: 17.2 kW
Cell efficiency: 0.301, Output efficiency: 0.277
mdot_h2: 12.99 g/s
Reynolds_number: 11,608,862
Stack prop output power: 535 kW, Pcomp: 17.2 kW
Cell efficiency: 0.301, Output efficiency: 0.277
mdot_h2: 13.01 g/s
Reynolds_number: 13,986,581
Stack prop output power: 426 kW, Pcomp: 3.8 kW
Cell efficiency: 0.294, Output efficiency: 0.277
mdot_h2: 10.38 g/s
Reynolds_number: 13,986,581
Stack prop output power: 464 kW, Pcomp: 4.1 kW
Cell efficiency: 0.294, Output efficiency: 0.277
mdot_h2: 11.28 g/s
Reynolds_number: 6,709,346
Stack prop output power: 443 kW, Pcomp: 3.9 kW
Cell efficiency: 0.305, Output efficiency: 0.287
mdot_h2: 10.38 g/s
Reynolds_number: 6,709,346
Stack prop output power: 481 kW, Pcomp: 4.2 kW
Cell efficiency: 0.305, Output efficiency: 0.287
mdot_h2: 11.29 g/s
Reynolds_number: 13,986,581
Stack prop output power: 628 kW, Pcomp: 20.2 kW
Cell efficiency: 0.303, Output efficiency: 0.279
mdot_h2: 15.15 g/s
Reynolds_number: 13,986,581
Stack prop output power: 668 kW, Pcomp: 21.5 kW
Cell efficiency: 0.303, Output efficiency: 0.279
mdot_h2: 16.11 g/s
Reynolds_number: 13,986,581
Stack prop output power: 669 kW, Pcomp: 21.6 kW
Cell efficiency: 0.303, Output efficiency: 0.279
mdot_h2: 16.14 g/s
Fuel-cell system mass representative phase: cruise (P_fc_sys=1338.208 kW).

-----------------------
ptotal_climb: 1,235 kW, mtom_est: 6,199 kg, mtom: 5,325 kg, residual: +873.65 kg

MTOM update: initial_bracket_probe_2, relax=1.000 -> mtom_next=5,650.00 kg

======================================================
======================= ITER 3 =======================
Reynolds_number: 13,986,581
Stack prop output power: 669 kW, Pcomp: 21.6 kW
Cell efficiency: 0.303, Output efficiency: 0.279
mdot_h2: 16.14 g/s
Reynolds_number: 13,986,581
Stack prop output power: 709 kW, Pcomp: 22.8 kW
Cell efficiency: 0.303, Output efficiency: 0.279
mdot_h2: 17.09 g/s
Reynolds_number: 13,986,581
Stack prop output power: 710 kW, Pcomp: 22.9 kW
Cell efficiency: 0.303, Output efficiency: 0.279
mdot_h2: 17.12 g/s
Reynolds_number: 11,608,862
Stack prop output power: 535 kW, Pcomp: 17.2 kW
Cell efficiency: 0.301, Output efficiency: 0.277
mdot_h2: 13.01 g/s
Reynolds_number: 11,608,862
Stack prop output power: 567 kW, Pcomp: 18.2 kW
Cell efficiency: 0.301, Output efficiency: 0.277
mdot_h2: 13.78 g/s
Reynolds_number: 11,608,862
Stack prop output power: 568 kW, Pcomp: 18.3 kW
Cell efficiency: 0.301, Output efficiency: 0.277
mdot_h2: 13.81 g/s
Reynolds_number: 13,986,581
Stack prop output power: 455 kW, Pcomp: 4.0 kW
Cell efficiency: 0.294, Output efficiency: 0.277
mdot_h2: 11.07 g/s
Reynolds_number: 13,986,581
Stack prop output power: 492 kW, Pcomp: 4.4 kW
Cell efficiency: 0.294, Output efficiency: 0.277
mdot_h2: 11.97 g/s
Reynolds_number: 6,709,346
Stack prop output power: 472 kW, Pcomp: 4.1 kW
Cell efficiency: 0.305, Output efficiency: 0.287
mdot_h2: 11.07 g/s
Reynolds_number: 6,709,346
Stack prop output power: 511 kW, Pcomp: 4.4 kW
Cell efficiency: 0.305, Output efficiency: 0.287
mdot_h2: 11.98 g/s
Reynolds_number: 13,986,581
Stack prop output power: 669 kW, Pcomp: 21.6 kW
Cell efficiency: 0.303, Output efficiency: 0.279
mdot_h2: 16.14 g/s
Reynolds_number: 13,986,581
Stack prop output power: 709 kW, Pcomp: 22.8 kW
Cell efficiency: 0.303, Output efficiency: 0.279
mdot_h2: 17.09 g/s
Reynolds_number: 13,986,581
Stack prop output power: 710 kW, Pcomp: 22.9 kW
Cell efficiency: 0.303, Output efficiency: 0.279
mdot_h2: 17.12 g/s
Fuel-cell system mass representative phase: cruise (P_fc_sys=1419.882 kW).

-----------------------
ptotal_climb: 1,310 kW, mtom_est: 6,467 kg, mtom: 5,650 kg, residual: +817.38 kg

MTOM update: newton_prebracket, relax=1.000 -> mtom_next=7,627.50 kg

======================================================
======================= ITER 4 =======================
Reynolds_number: 13,986,581
Stack prop output power: 710 kW, Pcomp: 22.9 kW
Cell efficiency: 0.303, Output efficiency: 0.279
mdot_h2: 17.12 g/s
Reynolds_number: 13,986,581
Stack prop output power: 950 kW, Pcomp: 30.6 kW
Cell efficiency: 0.303, Output efficiency: 0.279
mdot_h2: 22.92 g/s
Reynolds_number: 13,986,581
Stack prop output power: 958 kW, Pcomp: 30.9 kW
Cell efficiency: 0.303, Output efficiency: 0.279
mdot_h2: 23.11 g/s
Reynolds_number: 11,608,862
Stack prop output power: 568 kW, Pcomp: 18.3 kW
Cell efficiency: 0.301, Output efficiency: 0.277
mdot_h2: 13.81 g/s
Reynolds_number: 11,608,862
Stack prop output power: 760 kW, Pcomp: 24.5 kW
Cell efficiency: 0.301, Output efficiency: 0.277
mdot_h2: 18.48 g/s
Reynolds_number: 11,608,862
Stack prop output power: 766 kW, Pcomp: 24.7 kW
Cell efficiency: 0.301, Output efficiency: 0.277
mdot_h2: 18.63 g/s
Reynolds_number: 13,986,581
Stack prop output power: 435 kW, Pcomp: 3.9 kW
Cell efficiency: 0.294, Output efficiency: 0.277
mdot_h2: 10.60 g/s
Reynolds_number: 13,986,581
Stack prop output power: 663 kW, Pcomp: 5.9 kW
Cell efficiency: 0.294, Output efficiency: 0.277
mdot_h2: 16.13 g/s
Reynolds_number: 13,986,581
Stack prop output power: 665 kW, Pcomp: 5.9 kW
Cell efficiency: 0.294, Output efficiency: 0.277
mdot_h2: 16.18 g/s
Reynolds_number: 6,709,346
Stack prop output power: 452 kW, Pcomp: 3.9 kW
Cell efficiency: 0.305, Output efficiency: 0.287
mdot_h2: 10.60 g/s
Reynolds_number: 6,709,346
Stack prop output power: 688 kW, Pcomp: 6.0 kW
Cell efficiency: 0.305, Output efficiency: 0.287
mdot_h2: 16.13 g/s
Reynolds_number: 6,709,346
Stack prop output power: 690 kW, Pcomp: 6.0 kW
Cell efficiency: 0.305, Output efficiency: 0.287
mdot_h2: 16.18 g/s
Reynolds_number: 13,986,581
Stack prop output power: 710 kW, Pcomp: 22.9 kW
Cell efficiency: 0.303, Output efficiency: 0.279
mdot_h2: 17.12 g/s
Reynolds_number: 13,986,581
Stack prop output power: 950 kW, Pcomp: 30.6 kW
Cell efficiency: 0.303, Output efficiency: 0.279
mdot_h2: 22.92 g/s
Reynolds_number: 13,986,581
Stack prop output power: 958 kW, Pcomp: 30.9 kW
Cell efficiency: 0.303, Output efficiency: 0.279
mdot_h2: 23.11 g/s
Fuel-cell system mass representative phase: cruise (P_fc_sys=1916.828 kW).

-----------------------
ptotal_climb: 1,769 kW, mtom_est: 8,111 kg, mtom: 7,628 kg, residual: +483.64 kg

MTOM update: newton_prebracket, relax=1.000 -> mtom_next=10,297.12 kg

======================================================
======================= ITER 5 =======================
Reynolds_number: 13,986,581
Stack prop output power: 958 kW, Pcomp: 30.9 kW
Cell efficiency: 0.303, Output efficiency: 0.279
mdot_h2: 23.12 g/s
Reynolds_number: 13,986,581
Stack prop output power: 1,283 kW, Pcomp: 41.4 kW
Cell efficiency: 0.303, Output efficiency: 0.279
mdot_h2: 30.95 g/s
Reynolds_number: 13,986,581
Stack prop output power: 1,294 kW, Pcomp: 41.7 kW
Cell efficiency: 0.303, Output efficiency: 0.279
mdot_h2: 31.20 g/s
Reynolds_number: 11,608,862
Stack prop output power: 767 kW, Pcomp: 24.7 kW
Cell efficiency: 0.301, Output efficiency: 0.277
mdot_h2: 18.64 g/s
Reynolds_number: 11,608,862
Stack prop output power: 1,026 kW, Pcomp: 33.0 kW
Cell efficiency: 0.301, Output efficiency: 0.277
mdot_h2: 24.95 g/s
Reynolds_number: 11,608,862
Stack prop output power: 1,035 kW, Pcomp: 33.3 kW
Cell efficiency: 0.301, Output efficiency: 0.277
mdot_h2: 25.16 g/s
Reynolds_number: 13,986,581
Stack prop output power: 588 kW, Pcomp: 5.2 kW
Cell efficiency: 0.294, Output efficiency: 0.277
mdot_h2: 14.31 g/s
Reynolds_number: 13,986,581
Stack prop output power: 895 kW, Pcomp: 7.9 kW
Cell efficiency: 0.294, Output efficiency: 0.277
mdot_h2: 21.77 g/s
Reynolds_number: 13,986,581
Stack prop output power: 897 kW, Pcomp: 8.0 kW
Cell efficiency: 0.294, Output efficiency: 0.277
mdot_h2: 21.84 g/s
Reynolds_number: 6,709,346
Stack prop output power: 610 kW, Pcomp: 5.3 kW
Cell efficiency: 0.305, Output efficiency: 0.287
mdot_h2: 14.31 g/s
Reynolds_number: 6,709,346
Stack prop output power: 929 kW, Pcomp: 8.1 kW
Cell efficiency: 0.305, Output efficiency: 0.287
mdot_h2: 21.77 g/s
Reynolds_number: 6,709,346
Stack prop output power: 931 kW, Pcomp: 8.1 kW
Cell efficiency: 0.305, Output efficiency: 0.287
mdot_h2: 21.84 g/s
Reynolds_number: 13,986,581
Stack prop output power: 958 kW, Pcomp: 30.9 kW
Cell efficiency: 0.303, Output efficiency: 0.279
mdot_h2: 23.12 g/s
Reynolds_number: 13,986,581
Stack prop output power: 1,283 kW, Pcomp: 41.4 kW
Cell efficiency: 0.303, Output efficiency: 0.279
mdot_h2: 30.95 g/s
Reynolds_number: 13,986,581
Stack prop output power: 1,294 kW, Pcomp: 41.7 kW
Cell efficiency: 0.303, Output efficiency: 0.279
mdot_h2: 31.20 g/s
Fuel-cell system mass representative phase: cruise (P_fc_sys=2587.718 kW).

-----------------------
ptotal_climb: 2,388 kW, mtom_est: 10,351 kg, mtom: 10,297 kg, residual: +53.94 kg

MTOM update: newton_prebracket, relax=1.000 -> mtom_next=10,632.25 kg

======================================================
======================= ITER 6 =======================
Reynolds_number: 13,986,581
Stack prop output power: 1,294 kW, Pcomp: 41.7 kW
Cell efficiency: 0.303, Output efficiency: 0.279
mdot_h2: 31.21 g/s
Reynolds_number: 13,986,581
Stack prop output power: 1,335 kW, Pcomp: 43.0 kW
Cell efficiency: 0.303, Output efficiency: 0.279
mdot_h2: 32.19 g/s
Reynolds_number: 13,986,581
Stack prop output power: 1,336 kW, Pcomp: 43.1 kW
Cell efficiency: 0.303, Output efficiency: 0.279
mdot_h2: 32.22 g/s
Reynolds_number: 11,608,862
Stack prop output power: 1,035 kW, Pcomp: 33.3 kW
Cell efficiency: 0.301, Output efficiency: 0.277
mdot_h2: 25.16 g/s
Reynolds_number: 11,608,862
Stack prop output power: 1,068 kW, Pcomp: 34.3 kW
Cell efficiency: 0.301, Output efficiency: 0.277
mdot_h2: 25.96 g/s
Reynolds_number: 11,608,862
Stack prop output power: 1,069 kW, Pcomp: 34.4 kW
Cell efficiency: 0.301, Output efficiency: 0.277
mdot_h2: 25.98 g/s
Reynolds_number: 13,986,581
Stack prop output power: 888 kW, Pcomp: 7.9 kW
Cell efficiency: 0.294, Output efficiency: 0.277
mdot_h2: 21.60 g/s
Reynolds_number: 13,986,581
Stack prop output power: 926 kW, Pcomp: 8.2 kW
Cell efficiency: 0.294, Output efficiency: 0.277
mdot_h2: 22.54 g/s
Reynolds_number: 6,709,346
Stack prop output power: 921 kW, Pcomp: 8.0 kW
Cell efficiency: 0.305, Output efficiency: 0.287
mdot_h2: 21.60 g/s
Reynolds_number: 6,709,346
Stack prop output power: 961 kW, Pcomp: 8.4 kW
Cell efficiency: 0.305, Output efficiency: 0.287
mdot_h2: 22.54 g/s
Reynolds_number: 13,986,581
Stack prop output power: 1,294 kW, Pcomp: 41.7 kW
Cell efficiency: 0.303, Output efficiency: 0.279
mdot_h2: 31.21 g/s
Reynolds_number: 13,986,581
Stack prop output power: 1,335 kW, Pcomp: 43.0 kW
Cell efficiency: 0.303, Output efficiency: 0.279
mdot_h2: 32.19 g/s
Reynolds_number: 13,986,581
Stack prop output power: 1,336 kW, Pcomp: 43.1 kW
Cell efficiency: 0.303, Output efficiency: 0.279
mdot_h2: 32.22 g/s
Fuel-cell system mass representative phase: cruise (P_fc_sys=2671.957 kW).

-----------------------
ptotal_climb: 2,465 kW, mtom_est: 10,635 kg, mtom: 10,632 kg, residual: +3.01 kg


CONVERGED

CONVERGED STATE [MTOM iteration 6]
  MTOM=10,635 kg | Wing loading=220.58 kg/m^2 | P/W(climb)=231.81 W/kg
  Phase power: climb=2,465.3 kW | cruise=2,672.0 kW | loiter=2,137.4 kW | takeoff=2,558.9 kW | cruise+charger=2,672.0 kW
  Power split (climb): FC=1,836.7 kW | Battery=612.2 kW | Compressor=16.4 kW | Cooling=758.4 kW | H2=45.080 g/s
  Compressor max across phases: 86.1 kW (cruise)
  FC representative phase (mass sizing): cruise (2,672.0 kW)
  Mass summary: MTOM=10,635 kg | Powertrain=3,793 kg | Tank=1,642.0 kg | Fuel=729.8 kg | Battery=258.7 kg | Nacelle power density=0.82 kW/kg
  Geometry: Main wing area=48.22 m^2 | Horizontal tail area=5.119 m^2 | Horizontal tail location=21.513 m | Vertical tail area=5.155 m^2 | Vertical tail location=20.984 m
  Config: wing loading input=220.51 kg/m^2 | P/W TO/Cl/Cr/Lo=0.17518/0.16876/0.17683/0.14146 kW/kg

=============================================================
========================= CONVERGED =========================
=============================================================
Constraint sizing: ENABLED (min_combined_pw)
Input W/S: 220.51 kg/m^2 (2,162.5 Pa)
Input P/W [kW/kg]: takeoff 0.17518, climb 0.16876, cruise 0.17683, loiter 0.14146
-------------------------------------------------------------

Mission Time
Climb time: 5.05 min (0.08 h)
Cruise time: 172.06 min (2.87 h)
Total flight time: 199.11 min (3.32 h)

Phase Power Breakdown
Phase      Time[min]     Total[kW]    FC Stack[kW]   Battery[kW]   Compressor[kW]   Cooling[kW]   mdot_H2[g/s]
--------------------------------------------------------------------------------------------------------------
ready           0.00         123.3           123.3           0.0              0.0           0.0         0.0
taxi            5.00         246.5           246.5           0.0              0.0           0.0         4.5
takeoff         1.00       2,558.9         1,906.6         635.5             16.7         747.4        45.1
climb           5.05       2,465.3         1,836.7         612.2             16.4         758.4        45.1
cruise        172.06       2,672.0         2,585.8           0.0             86.1       1,070.4        64.4
loiter         15.00       2,137.4         2,068.7           0.0             68.8         865.9        52.0
landing         1.00           0.0             0.0           0.0              0.0           0.0         0.0

Pcomp_max (solved phases): 86.1 kW (cruise)
Pnet (climb): 2,226 kW
Pelectricnet (climb): 2,449 kW
eta_pt: 0.9031

Geometry
S_wing: 48.22 m^2
b_wing: 20.83 m
Lfus: 23.64 m
Ltank: 14.63 m
S_HT: 5.12 m^2
S_VT: 5.16 m^2
b_HT: 4.80 m
b_VT: 3.13 m
X_HT_act: 21.51 m
X_VT_act: 20.98 m

One Nacelle (1/2)
Stack(1/2): 736 kg, Compressor: 78 kg, Humidifier: 233 kg, HX: 582 kg
W_FCS_single_nacelle (W_Stack+W_Compressor+W_Humidifier+W_Hx): 1,630 kg
Representative FC phase: cruise
Specific Power of Nacelle System: 0.820 kW/kg
dim_hx: dX=1.683 m, dY=1.683 m, dZ=0.230 m
dim_stack: dX=0.362 m, dY=0.477 m, dZ=0.477 m

ALL Nacelles
W_FCS_total: 3,259 kg
W_PMAD: 209 kg
W_Motors: 325 kg

-----------------------
W_Powertrain (W_FCS_total+W_PMAD+W_Motors): 3,793 kg
-----------------------
W_wing: 891 kg
W_Htail: 49 kg
W_Vtail: 83 kg
W_fuselage: 955 kg
W_lnd_gear_main: 243 kg
W_lnd_gear_nose: 65 kg
W_flight_control: 366 kg
W_electric_system: 300 kg
W_iae: 143 kg
W_hydraulics: 128 kg
W_fur: 639 kg
-----------------------
OEM: 3,862 kg
-----------------------
W_tank: 1,642 kg
W_fuel: 729.8 kg
W_batt: 258.7 kg
-----------------------
W_payload: 350 kg
-----------------------
MTOM_grouped (OEM+W_tank+W_fuel+W_batt+W_Powertrain+W_payload): 10,635 kg
MTOM: 10,635 kg
-----------------------

Wing loading (MTOM/S_wing): 220.58 kg/m^2
Power-to-weight (converged): 231.81 W/kg

mdot_H2(cruise): 64.4 g/s
Vtankex: 31.3 m^3
========================== END ==============================


=============================================================
Execution time: 82.1 seconds
=============================================================
