ADRpy feasible W/S window (seed pass 0): 1900.0 .. 2350.0 Pa (193.75 .. 239.63 kg/m^2), 10 points
Auto-widening W/S scan window for seed analysis: 1900.0..2600.0 -> 1725.0..2775.0 Pa (factor 1.500, lower_hit=True, upper_hit=False, seed_on_edge=True).
ADRpy feasible W/S window (seed pass 1): 1725.0 .. 2325.0 Pa (175.90 .. 237.08 kg/m^2), 13 points
Auto-widening W/S scan window for seed analysis: 1725.0..2775.0 -> 1462.5..3037.5 Pa (factor 1.500, lower_hit=True, upper_hit=False, seed_on_edge=True).
ADRpy feasible W/S window (seed pass 2): 1462.5 .. 2312.5 Pa (149.13 .. 235.81 kg/m^2), 18 points
ADRpy minimum combined P/W seed remains on feasible W/S boundary (2312.5 Pa). Proceeding with current W/S range 1462.5..3037.5 Pa.
min_mtom seed from ADRpy min combined P/W: W/S=2312.5 Pa, combined P/W=0.13331 kW/kg; initial focus window 1997.5..2627.5 Pa (15 points)
ADRpy feasible W/S window (focus pass 0): 1997.5 .. 2347.5 Pa (203.69 .. 239.38 kg/m^2), 9 points
======================================================
======================= ITER 1 =======================
Reynolds_number: 11,112,677
Stack prop output power: 462 kW, Pcomp: 16.1 kW
Cell efficiency: 0.436, Output efficiency: 0.400
mdot_h2: 7.76 g/s
Reynolds_number: 11,112,677
Stack prop output power: 462 kW, Pcomp: 16.1 kW
Cell efficiency: 0.436, Output efficiency: 0.400
mdot_h2: 7.76 g/s
Reynolds_number: 11,112,677
Stack prop output power: 343 kW, Pcomp: 2.1 kW
Cell efficiency: 0.408, Output efficiency: 0.386
mdot_h2: 6.00 g/s
Reynolds_number: 11,112,677
Stack prop output power: 343 kW, Pcomp: 2.1 kW
Cell efficiency: 0.408, Output efficiency: 0.386
mdot_h2: 6.00 g/s
Reynolds_number: 11,112,677
Stack prop output power: 343 kW, Pcomp: 12.0 kW
Cell efficiency: 0.436, Output efficiency: 0.400
mdot_h2: 5.78 g/s

-----------------------
ptotal_climb: 1,089 kW, mtom_est: 5,012 kg, mtom: 5,000 kg, residual: +11.79 kg

MTOM update: initial_bracket_probe_1, relax=1.000 -> mtom_next=5,325.00 kg

======================================================
======================= ITER 2 =======================
Reynolds_number: 11,112,677
Stack prop output power: 492 kW, Pcomp: 17.2 kW
Cell efficiency: 0.436, Output efficiency: 0.400
mdot_h2: 8.27 g/s
Reynolds_number: 11,112,677
Stack prop output power: 492 kW, Pcomp: 17.2 kW
Cell efficiency: 0.436, Output efficiency: 0.400
mdot_h2: 8.27 g/s
Reynolds_number: 11,112,677
Stack prop output power: 366 kW, Pcomp: 2.3 kW
Cell efficiency: 0.408, Output efficiency: 0.386
mdot_h2: 6.39 g/s
Reynolds_number: 11,112,677
Stack prop output power: 366 kW, Pcomp: 2.3 kW
Cell efficiency: 0.408, Output efficiency: 0.386
mdot_h2: 6.39 g/s
Reynolds_number: 11,112,677
Stack prop output power: 366 kW, Pcomp: 12.8 kW
Cell efficiency: 0.436, Output efficiency: 0.400
mdot_h2: 6.15 g/s

-----------------------
ptotal_climb: 1,160 kW, mtom_est: 5,178 kg, mtom: 5,325 kg, residual: -146.71 kg

MTOM update: newton, relax=0.300 -> mtom_next=5,234.75 kg

======================================================
======================= ITER 3 =======================
Reynolds_number: 11,112,677
Stack prop output power: 483 kW, Pcomp: 16.9 kW
Cell efficiency: 0.436, Output efficiency: 0.400
mdot_h2: 8.13 g/s
Reynolds_number: 11,112,677
Stack prop output power: 483 kW, Pcomp: 16.9 kW
Cell efficiency: 0.436, Output efficiency: 0.400
mdot_h2: 8.13 g/s
Reynolds_number: 11,112,677
Stack prop output power: 360 kW, Pcomp: 2.2 kW
Cell efficiency: 0.408, Output efficiency: 0.386
mdot_h2: 6.28 g/s
Reynolds_number: 11,112,677
Stack prop output power: 360 kW, Pcomp: 2.2 kW
Cell efficiency: 0.408, Output efficiency: 0.386
mdot_h2: 6.28 g/s
Reynolds_number: 11,112,677
Stack prop output power: 360 kW, Pcomp: 12.5 kW
Cell efficiency: 0.436, Output efficiency: 0.400
mdot_h2: 6.05 g/s

-----------------------
ptotal_climb: 1,140 kW, mtom_est: 5,132 kg, mtom: 5,235 kg, residual: -102.59 kg

MTOM update: newton, relax=0.360 -> mtom_next=5,159.21 kg

======================================================
======================= ITER 4 =======================
Reynolds_number: 11,112,677
Stack prop output power: 476 kW, Pcomp: 16.6 kW
Cell efficiency: 0.436, Output efficiency: 0.400
mdot_h2: 8.01 g/s
Reynolds_number: 11,112,677
Stack prop output power: 476 kW, Pcomp: 16.6 kW
Cell efficiency: 0.436, Output efficiency: 0.400
mdot_h2: 8.01 g/s
Reynolds_number: 11,112,677
Stack prop output power: 354 kW, Pcomp: 2.2 kW
Cell efficiency: 0.408, Output efficiency: 0.386
mdot_h2: 6.19 g/s
Reynolds_number: 11,112,677
Stack prop output power: 354 kW, Pcomp: 2.2 kW
Cell efficiency: 0.408, Output efficiency: 0.386
mdot_h2: 6.19 g/s
Reynolds_number: 11,112,677
Stack prop output power: 354 kW, Pcomp: 12.4 kW
Cell efficiency: 0.436, Output efficiency: 0.400
mdot_h2: 5.96 g/s

-----------------------
ptotal_climb: 1,123 kW, mtom_est: 5,093 kg, mtom: 5,159 kg, residual: -65.86 kg

MTOM update: newton, relax=0.432 -> mtom_next=5,100.68 kg

======================================================
======================= ITER 5 =======================
Reynolds_number: 11,112,677
Stack prop output power: 471 kW, Pcomp: 16.4 kW
Cell efficiency: 0.436, Output efficiency: 0.400
mdot_h2: 7.92 g/s
Reynolds_number: 11,112,677
Stack prop output power: 471 kW, Pcomp: 16.4 kW
Cell efficiency: 0.436, Output efficiency: 0.400
mdot_h2: 7.92 g/s
Reynolds_number: 11,112,677
Stack prop output power: 350 kW, Pcomp: 2.2 kW
Cell efficiency: 0.408, Output efficiency: 0.386
mdot_h2: 6.12 g/s
Reynolds_number: 11,112,677
Stack prop output power: 350 kW, Pcomp: 2.2 kW
Cell efficiency: 0.408, Output efficiency: 0.386
mdot_h2: 6.12 g/s
Reynolds_number: 11,112,677
Stack prop output power: 350 kW, Pcomp: 12.2 kW
Cell efficiency: 0.436, Output efficiency: 0.400
mdot_h2: 5.89 g/s

-----------------------
ptotal_climb: 1,111 kW, mtom_est: 5,064 kg, mtom: 5,101 kg, residual: -36.99 kg

MTOM update: newton, relax=0.518 -> mtom_next=5,061.80 kg

======================================================
======================= ITER 6 =======================
Reynolds_number: 11,112,677
Stack prop output power: 467 kW, Pcomp: 16.3 kW
Cell efficiency: 0.436, Output efficiency: 0.400
mdot_h2: 7.86 g/s
Reynolds_number: 11,112,677
Stack prop output power: 467 kW, Pcomp: 16.3 kW
Cell efficiency: 0.436, Output efficiency: 0.400
mdot_h2: 7.86 g/s
Reynolds_number: 11,112,677
Stack prop output power: 348 kW, Pcomp: 2.1 kW
Cell efficiency: 0.408, Output efficiency: 0.386
mdot_h2: 6.07 g/s
Reynolds_number: 11,112,677
Stack prop output power: 348 kW, Pcomp: 2.1 kW
Cell efficiency: 0.408, Output efficiency: 0.386
mdot_h2: 6.07 g/s
Reynolds_number: 11,112,677
Stack prop output power: 348 kW, Pcomp: 12.1 kW
Cell efficiency: 0.436, Output efficiency: 0.400
mdot_h2: 5.85 g/s

-----------------------
ptotal_climb: 1,102 kW, mtom_est: 5,044 kg, mtom: 5,062 kg, residual: -18.05 kg

MTOM update: newton, relax=0.622 -> mtom_next=5,038.76 kg

======================================================
======================= ITER 7 =======================
Reynolds_number: 11,112,677
Stack prop output power: 465 kW, Pcomp: 16.2 kW
Cell efficiency: 0.436, Output efficiency: 0.400
mdot_h2: 7.82 g/s
Reynolds_number: 11,112,677
Stack prop output power: 465 kW, Pcomp: 16.2 kW
Cell efficiency: 0.436, Output efficiency: 0.400
mdot_h2: 7.82 g/s
Reynolds_number: 11,112,677
Stack prop output power: 346 kW, Pcomp: 2.1 kW
Cell efficiency: 0.408, Output efficiency: 0.386
mdot_h2: 6.04 g/s
Reynolds_number: 11,112,677
Stack prop output power: 346 kW, Pcomp: 2.1 kW
Cell efficiency: 0.408, Output efficiency: 0.386
mdot_h2: 6.04 g/s
Reynolds_number: 11,112,677
Stack prop output power: 346 kW, Pcomp: 12.1 kW
Cell efficiency: 0.436, Output efficiency: 0.400
mdot_h2: 5.82 g/s

-----------------------
ptotal_climb: 1,097 kW, mtom_est: 5,032 kg, mtom: 5,039 kg, residual: -7.11 kg

MTOM update: newton, relax=0.746 -> mtom_next=5,027.58 kg

======================================================
======================= ITER 8 =======================
Reynolds_number: 11,112,677
Stack prop output power: 464 kW, Pcomp: 16.2 kW
Cell efficiency: 0.436, Output efficiency: 0.400
mdot_h2: 7.81 g/s
Reynolds_number: 11,112,677
Stack prop output power: 464 kW, Pcomp: 16.2 kW
Cell efficiency: 0.436, Output efficiency: 0.400
mdot_h2: 7.81 g/s
Reynolds_number: 11,112,677
Stack prop output power: 345 kW, Pcomp: 2.1 kW
Cell efficiency: 0.408, Output efficiency: 0.386
mdot_h2: 6.03 g/s
Reynolds_number: 11,112,677
Stack prop output power: 345 kW, Pcomp: 2.1 kW
Cell efficiency: 0.408, Output efficiency: 0.386
mdot_h2: 6.03 g/s
Reynolds_number: 11,112,677
Stack prop output power: 345 kW, Pcomp: 12.1 kW
Cell efficiency: 0.436, Output efficiency: 0.400
mdot_h2: 5.81 g/s

-----------------------
ptotal_climb: 1,095 kW, mtom_est: 5,026 kg, mtom: 5,028 kg, residual: -1.45 kg

Reynolds_number: 11,112,677
Stack prop output power: 464 kW, Pcomp: 16.2 kW
Cell efficiency: 0.436, Output efficiency: 0.400
mdot_h2: 7.81 g/s
Reynolds_number: 11,112,677
Stack prop output power: 464 kW, Pcomp: 16.2 kW
Cell efficiency: 0.436, Output efficiency: 0.400
mdot_h2: 7.81 g/s
Reynolds_number: 6,709,346
Stack prop output power: 345 kW, Pcomp: 2.1 kW
Cell efficiency: 0.443, Output efficiency: 0.419
mdot_h2: 5.55 g/s
Reynolds_number: 6,709,346
Stack prop output power: 345 kW, Pcomp: 2.1 kW
Cell efficiency: 0.443, Output efficiency: 0.419
mdot_h2: 5.55 g/s

CONVERGED

CONVERGED STATE [MTOM iteration 8]
  MTOM=5,026 kg | Wing loading=203.63 kg/m^2 | P/W(climb)=217.83 W/kg
  Phase power: climb=1,094.9 kW | cruise=1,170.6 kW | takeoff=1,073.0 kW | cruise+charger=1,170.6 kW
  Power split (climb): FC=690.8 kW | Battery=230.3 kW | Compressor=4.3 kW | Cooling=169.6 kW | H2=12.058 g/s
  Mass summary: MTOM=5,026 kg | Powertrain=1,192 kg | Tank=302.5 kg | Fuel=134.4 kg | Battery=239.5 kg | Nacelle power density=0.69 kW/kg
  Config: wing loading input=203.69 kg/m^2 | P/W TO/Cl/Cr=0.13422/0.13422/0.13422 kW/kg

CONVERGED STATE [focus pass 0 | W/S=1,997.5 Pa (203.69 kg/m^2)]
  MTOM=5,026 kg | Wing loading=203.63 kg/m^2 | P/W(climb)=217.83 W/kg
  Phase power: climb=1,094.9 kW | cruise=1,170.6 kW | takeoff=1,073.0 kW | cruise+charger=1,170.6 kW
  Power split (climb): FC=690.8 kW | Battery=230.3 kW | Compressor=4.3 kW | Cooling=169.6 kW | H2=12.058 g/s
  Mass summary: MTOM=5,026 kg | Powertrain=1,192 kg | Tank=302.5 kg | Fuel=134.4 kg | Battery=239.5 kg | Nacelle power density=0.69 kW/kg
  Config: wing loading input=203.69 kg/m^2 | P/W TO/Cl/Cr=0.13422/0.13422/0.13422 kW/kg
======================================================
======================= ITER 1 =======================
Reynolds_number: 11,112,677
Stack prop output power: 463 kW, Pcomp: 16.2 kW
Cell efficiency: 0.436, Output efficiency: 0.400
mdot_h2: 7.79 g/s
Reynolds_number: 11,112,677
Stack prop output power: 463 kW, Pcomp: 16.2 kW
Cell efficiency: 0.436, Output efficiency: 0.400
mdot_h2: 7.79 g/s
Reynolds_number: 11,112,677
Stack prop output power: 345 kW, Pcomp: 2.1 kW
Cell efficiency: 0.408, Output efficiency: 0.386
mdot_h2: 6.02 g/s
Reynolds_number: 11,112,677
Stack prop output power: 345 kW, Pcomp: 2.1 kW
Cell efficiency: 0.408, Output efficiency: 0.386
mdot_h2: 6.02 g/s
Reynolds_number: 11,112,677
Stack prop output power: 345 kW, Pcomp: 12.0 kW
Cell efficiency: 0.436, Output efficiency: 0.400
mdot_h2: 5.80 g/s

-----------------------
ptotal_climb: 1,093 kW, mtom_est: 5,015 kg, mtom: 5,026 kg, residual: -10.94 kg

MTOM update: initial_bracket_probe_1, relax=1.000 -> mtom_next=4,699.43 kg

======================================================
======================= ITER 2 =======================
Reynolds_number: 11,112,677
Stack prop output power: 433 kW, Pcomp: 15.1 kW
Cell efficiency: 0.436, Output efficiency: 0.400
mdot_h2: 7.28 g/s
Reynolds_number: 11,112,677
Stack prop output power: 433 kW, Pcomp: 15.1 kW
Cell efficiency: 0.436, Output efficiency: 0.400
mdot_h2: 7.28 g/s
Reynolds_number: 11,112,677
Stack prop output power: 322 kW, Pcomp: 2.0 kW
Cell efficiency: 0.408, Output efficiency: 0.386
mdot_h2: 5.63 g/s
Reynolds_number: 11,112,677
Stack prop output power: 322 kW, Pcomp: 2.0 kW
Cell efficiency: 0.408, Output efficiency: 0.386
mdot_h2: 5.63 g/s
Reynolds_number: 11,112,677
Stack prop output power: 322 kW, Pcomp: 11.2 kW
Cell efficiency: 0.436, Output efficiency: 0.400
mdot_h2: 5.42 g/s

-----------------------
ptotal_climb: 1,022 kW, mtom_est: 4,849 kg, mtom: 4,699 kg, residual: +149.70 kg

MTOM update: newton, relax=0.300 -> mtom_next=4,790.77 kg

======================================================
======================= ITER 3 =======================
Reynolds_number: 11,112,677
Stack prop output power: 441 kW, Pcomp: 15.4 kW
Cell efficiency: 0.436, Output efficiency: 0.400
mdot_h2: 7.43 g/s
Reynolds_number: 11,112,677
Stack prop output power: 441 kW, Pcomp: 15.4 kW
Cell efficiency: 0.436, Output efficiency: 0.400
mdot_h2: 7.43 g/s
Reynolds_number: 11,112,677
Stack prop output power: 329 kW, Pcomp: 2.0 kW
Cell efficiency: 0.408, Output efficiency: 0.386
mdot_h2: 5.73 g/s
Reynolds_number: 11,112,677
Stack prop output power: 329 kW, Pcomp: 2.0 kW
Cell efficiency: 0.408, Output efficiency: 0.386
mdot_h2: 5.73 g/s
Reynolds_number: 11,112,677
Stack prop output power: 329 kW, Pcomp: 11.5 kW
Cell efficiency: 0.436, Output efficiency: 0.400
mdot_h2: 5.53 g/s

-----------------------
ptotal_climb: 1,041 kW, mtom_est: 4,898 kg, mtom: 4,791 kg, residual: +106.85 kg

MTOM update: newton, relax=0.360 -> mtom_next=4,872.76 kg

======================================================
======================= ITER 4 =======================
Reynolds_number: 11,112,677
Stack prop output power: 449 kW, Pcomp: 15.7 kW
Cell efficiency: 0.436, Output efficiency: 0.400
mdot_h2: 7.55 g/s
Reynolds_number: 11,112,677
Stack prop output power: 449 kW, Pcomp: 15.7 kW
Cell efficiency: 0.436, Output efficiency: 0.400
mdot_h2: 7.55 g/s
Reynolds_number: 11,112,677
Stack prop output power: 334 kW, Pcomp: 2.1 kW
Cell efficiency: 0.408, Output efficiency: 0.386
mdot_h2: 5.83 g/s
Reynolds_number: 11,112,677
Stack prop output power: 334 kW, Pcomp: 2.1 kW
Cell efficiency: 0.408, Output efficiency: 0.386
mdot_h2: 5.83 g/s
Reynolds_number: 11,112,677
Stack prop output power: 334 kW, Pcomp: 11.7 kW
Cell efficiency: 0.436, Output efficiency: 0.400
mdot_h2: 5.62 g/s

-----------------------
ptotal_climb: 1,059 kW, mtom_est: 4,937 kg, mtom: 4,873 kg, residual: +64.23 kg

MTOM update: newton, relax=0.432 -> mtom_next=4,926.15 kg

======================================================
======================= ITER 5 =======================
Reynolds_number: 11,112,677
Stack prop output power: 454 kW, Pcomp: 15.8 kW
Cell efficiency: 0.436, Output efficiency: 0.400
mdot_h2: 7.64 g/s
Reynolds_number: 11,112,677
Stack prop output power: 454 kW, Pcomp: 15.8 kW
Cell efficiency: 0.436, Output efficiency: 0.400
mdot_h2: 7.64 g/s
Reynolds_number: 11,112,677
Stack prop output power: 338 kW, Pcomp: 2.1 kW
Cell efficiency: 0.408, Output efficiency: 0.386
mdot_h2: 5.90 g/s
Reynolds_number: 11,112,677
Stack prop output power: 338 kW, Pcomp: 2.1 kW
Cell efficiency: 0.408, Output efficiency: 0.386
mdot_h2: 5.90 g/s
Reynolds_number: 11,112,677
Stack prop output power: 338 kW, Pcomp: 11.8 kW
Cell efficiency: 0.436, Output efficiency: 0.400
mdot_h2: 5.68 g/s

-----------------------
ptotal_climb: 1,071 kW, mtom_est: 4,964 kg, mtom: 4,926 kg, residual: +37.77 kg

MTOM update: newton, relax=0.518 -> mtom_next=4,965.66 kg

======================================================
======================= ITER 6 =======================
Reynolds_number: 11,112,677
Stack prop output power: 458 kW, Pcomp: 16.0 kW
Cell efficiency: 0.436, Output efficiency: 0.400
mdot_h2: 7.70 g/s
Reynolds_number: 11,112,677
Stack prop output power: 458 kW, Pcomp: 16.0 kW
Cell efficiency: 0.436, Output efficiency: 0.400
mdot_h2: 7.70 g/s
Reynolds_number: 11,112,677
Stack prop output power: 341 kW, Pcomp: 2.1 kW
Cell efficiency: 0.408, Output efficiency: 0.386
mdot_h2: 5.94 g/s
Reynolds_number: 11,112,677
Stack prop output power: 341 kW, Pcomp: 2.1 kW
Cell efficiency: 0.408, Output efficiency: 0.386
mdot_h2: 5.94 g/s
Reynolds_number: 11,112,677
Stack prop output power: 341 kW, Pcomp: 11.9 kW
Cell efficiency: 0.436, Output efficiency: 0.400
mdot_h2: 5.73 g/s

-----------------------
ptotal_climb: 1,079 kW, mtom_est: 4,984 kg, mtom: 4,966 kg, residual: +18.39 kg

MTOM update: newton, relax=0.622 -> mtom_next=4,988.97 kg

======================================================
======================= ITER 7 =======================
Reynolds_number: 11,112,677
Stack prop output power: 460 kW, Pcomp: 16.0 kW
Cell efficiency: 0.436, Output efficiency: 0.400
mdot_h2: 7.73 g/s
Reynolds_number: 11,112,677
Stack prop output power: 460 kW, Pcomp: 16.0 kW
Cell efficiency: 0.436, Output efficiency: 0.400
mdot_h2: 7.73 g/s
Reynolds_number: 11,112,677
Stack prop output power: 342 kW, Pcomp: 2.1 kW
Cell efficiency: 0.408, Output efficiency: 0.386
mdot_h2: 5.97 g/s
Reynolds_number: 11,112,677
Stack prop output power: 342 kW, Pcomp: 2.1 kW
Cell efficiency: 0.408, Output efficiency: 0.386
mdot_h2: 5.97 g/s
Reynolds_number: 11,112,677
Stack prop output power: 342 kW, Pcomp: 11.9 kW
Cell efficiency: 0.436, Output efficiency: 0.400
mdot_h2: 5.76 g/s

-----------------------
ptotal_climb: 1,084 kW, mtom_est: 4,999 kg, mtom: 4,989 kg, residual: +9.54 kg

MTOM update: newton, relax=0.746 -> mtom_next=5,007.72 kg

======================================================
======================= ITER 8 =======================
Reynolds_number: 11,112,677
Stack prop output power: 461 kW, Pcomp: 16.1 kW
Cell efficiency: 0.436, Output efficiency: 0.400
mdot_h2: 7.76 g/s
Reynolds_number: 11,112,677
Stack prop output power: 461 kW, Pcomp: 16.1 kW
Cell efficiency: 0.436, Output efficiency: 0.400
mdot_h2: 7.76 g/s
Reynolds_number: 11,112,677
Stack prop output power: 343 kW, Pcomp: 2.1 kW
Cell efficiency: 0.408, Output efficiency: 0.386
mdot_h2: 5.99 g/s
Reynolds_number: 11,112,677
Stack prop output power: 343 kW, Pcomp: 2.1 kW
Cell efficiency: 0.408, Output efficiency: 0.386
mdot_h2: 5.99 g/s
Reynolds_number: 11,112,677
Stack prop output power: 343 kW, Pcomp: 12.0 kW
Cell efficiency: 0.436, Output efficiency: 0.400
mdot_h2: 5.78 g/s

-----------------------
ptotal_climb: 1,089 kW, mtom_est: 5,005 kg, mtom: 5,008 kg, residual: -2.29 kg

Reynolds_number: 11,112,677
Stack prop output power: 461 kW, Pcomp: 16.1 kW
Cell efficiency: 0.436, Output efficiency: 0.400
mdot_h2: 7.76 g/s
Reynolds_number: 11,112,677
Stack prop output power: 461 kW, Pcomp: 16.1 kW
Cell efficiency: 0.436, Output efficiency: 0.400
mdot_h2: 7.76 g/s
Reynolds_number: 6,709,346
Stack prop output power: 343 kW, Pcomp: 2.1 kW
Cell efficiency: 0.443, Output efficiency: 0.419
mdot_h2: 5.52 g/s
Reynolds_number: 6,709,346
Stack prop output power: 343 kW, Pcomp: 2.1 kW
Cell efficiency: 0.443, Output efficiency: 0.419
mdot_h2: 5.52 g/s

CONVERGED

CONVERGED STATE [MTOM iteration 8]
  MTOM=5,005 kg | Wing loading=208.69 kg/m^2 | P/W(climb)=217.47 W/kg
  Phase power: climb=1,088.5 kW | cruise=1,163.9 kW | takeoff=1,066.8 kW | cruise+charger=1,163.9 kW
  Power split (climb): FC=686.8 kW | Battery=228.9 kW | Compressor=4.2 kW | Cooling=168.6 kW | H2=11.988 g/s
  Mass summary: MTOM=5,005 kg | Powertrain=1,186 kg | Tank=300.7 kg | Fuel=133.6 kg | Battery=238.1 kg | Nacelle power density=0.69 kW/kg
  Config: wing loading input=208.79 kg/m^2 | P/W TO/Cl/Cr=0.13398/0.13398/0.13398 kW/kg

CONVERGED STATE [focus pass 0 | W/S=2,047.5 Pa (208.79 kg/m^2)]
  MTOM=5,005 kg | Wing loading=208.69 kg/m^2 | P/W(climb)=217.47 W/kg
  Phase power: climb=1,088.5 kW | cruise=1,163.9 kW | takeoff=1,066.8 kW | cruise+charger=1,163.9 kW
  Power split (climb): FC=686.8 kW | Battery=228.9 kW | Compressor=4.2 kW | Cooling=168.6 kW | H2=11.988 g/s
  Mass summary: MTOM=5,005 kg | Powertrain=1,186 kg | Tank=300.7 kg | Fuel=133.6 kg | Battery=238.1 kg | Nacelle power density=0.69 kW/kg
  Config: wing loading input=208.79 kg/m^2 | P/W TO/Cl/Cr=0.13398/0.13398/0.13398 kW/kg
======================================================
======================= ITER 1 =======================
Reynolds_number: 11,112,677
Stack prop output power: 460 kW, Pcomp: 16.1 kW
Cell efficiency: 0.436, Output efficiency: 0.400
mdot_h2: 7.75 g/s
Reynolds_number: 11,112,677
Stack prop output power: 460 kW, Pcomp: 16.1 kW
Cell efficiency: 0.436, Output efficiency: 0.400
mdot_h2: 7.75 g/s
Reynolds_number: 11,112,677
Stack prop output power: 343 kW, Pcomp: 2.1 kW
Cell efficiency: 0.408, Output efficiency: 0.386
mdot_h2: 5.98 g/s
Reynolds_number: 11,112,677
Stack prop output power: 343 kW, Pcomp: 2.1 kW
Cell efficiency: 0.408, Output efficiency: 0.386
mdot_h2: 5.98 g/s
Reynolds_number: 11,112,677
Stack prop output power: 343 kW, Pcomp: 12.0 kW
Cell efficiency: 0.436, Output efficiency: 0.400
mdot_h2: 5.77 g/s

-----------------------
ptotal_climb: 1,086 kW, mtom_est: 4,995 kg, mtom: 5,005 kg, residual: -10.44 kg

MTOM update: initial_bracket_probe_1, relax=1.000 -> mtom_next=4,680.08 kg

======================================================
======================= ITER 2 =======================
Reynolds_number: 11,112,677
Stack prop output power: 431 kW, Pcomp: 15.0 kW
Cell efficiency: 0.436, Output efficiency: 0.400
mdot_h2: 7.24 g/s
Reynolds_number: 11,112,677
Stack prop output power: 431 kW, Pcomp: 15.0 kW
Cell efficiency: 0.436, Output efficiency: 0.400
mdot_h2: 7.24 g/s
Reynolds_number: 11,112,677
Stack prop output power: 320 kW, Pcomp: 2.0 kW
Cell efficiency: 0.408, Output efficiency: 0.386
mdot_h2: 5.59 g/s
Reynolds_number: 11,112,677
Stack prop output power: 320 kW, Pcomp: 2.0 kW
Cell efficiency: 0.408, Output efficiency: 0.386
mdot_h2: 5.59 g/s
Reynolds_number: 11,112,677
Stack prop output power: 320 kW, Pcomp: 11.2 kW
Cell efficiency: 0.436, Output efficiency: 0.400
mdot_h2: 5.39 g/s

-----------------------
ptotal_climb: 1,016 kW, mtom_est: 4,830 kg, mtom: 4,680 kg, residual: +150.26 kg

MTOM update: newton, relax=0.300 -> mtom_next=4,771.34 kg

======================================================
======================= ITER 3 =======================
Reynolds_number: 11,112,677
Stack prop output power: 439 kW, Pcomp: 15.3 kW
Cell efficiency: 0.436, Output efficiency: 0.400
mdot_h2: 7.38 g/s
Reynolds_number: 11,112,677
Stack prop output power: 439 kW, Pcomp: 15.3 kW
Cell efficiency: 0.436, Output efficiency: 0.400
mdot_h2: 7.38 g/s
Reynolds_number: 11,112,677
Stack prop output power: 327 kW, Pcomp: 2.0 kW
Cell efficiency: 0.408, Output efficiency: 0.386
mdot_h2: 5.70 g/s
Reynolds_number: 11,112,677
Stack prop output power: 327 kW, Pcomp: 2.0 kW
Cell efficiency: 0.408, Output efficiency: 0.386
mdot_h2: 5.70 g/s
Reynolds_number: 11,112,677
Stack prop output power: 327 kW, Pcomp: 11.4 kW
Cell efficiency: 0.436, Output efficiency: 0.400
mdot_h2: 5.50 g/s

-----------------------
ptotal_climb: 1,036 kW, mtom_est: 4,876 kg, mtom: 4,771 kg, residual: +104.96 kg

MTOM update: newton, relax=0.360 -> mtom_next=4,847.46 kg

======================================================
======================= ITER 4 =======================
Reynolds_number: 11,112,677
Stack prop output power: 446 kW, Pcomp: 15.6 kW
Cell efficiency: 0.436, Output efficiency: 0.400
mdot_h2: 7.50 g/s
Reynolds_number: 11,112,677
Stack prop output power: 446 kW, Pcomp: 15.6 kW
Cell efficiency: 0.436, Output efficiency: 0.400
mdot_h2: 7.50 g/s
Reynolds_number: 11,112,677
Stack prop output power: 332 kW, Pcomp: 2.0 kW
Cell efficiency: 0.408, Output efficiency: 0.386
mdot_h2: 5.79 g/s
Reynolds_number: 11,112,677
Stack prop output power: 332 kW, Pcomp: 2.0 kW
Cell efficiency: 0.408, Output efficiency: 0.386
mdot_h2: 5.79 g/s
Reynolds_number: 11,112,677
Stack prop output power: 332 kW, Pcomp: 11.6 kW
Cell efficiency: 0.436, Output efficiency: 0.400
mdot_h2: 5.58 g/s

-----------------------
ptotal_climb: 1,052 kW, mtom_est: 4,915 kg, mtom: 4,847 kg, residual: +67.44 kg

MTOM update: newton, relax=0.432 -> mtom_next=4,906.57 kg

======================================================
======================= ITER 5 =======================
Reynolds_number: 11,112,677
Stack prop output power: 451 kW, Pcomp: 15.8 kW
Cell efficiency: 0.436, Output efficiency: 0.400
mdot_h2: 7.59 g/s
Reynolds_number: 11,112,677
Stack prop output power: 451 kW, Pcomp: 15.8 kW
Cell efficiency: 0.436, Output efficiency: 0.400
mdot_h2: 7.59 g/s
Reynolds_number: 11,112,677
Stack prop output power: 336 kW, Pcomp: 2.1 kW
Cell efficiency: 0.408, Output efficiency: 0.386
mdot_h2: 5.86 g/s
Reynolds_number: 11,112,677
Stack prop output power: 336 kW, Pcomp: 2.1 kW
Cell efficiency: 0.408, Output efficiency: 0.386
mdot_h2: 5.86 g/s
Reynolds_number: 11,112,677
Stack prop output power: 336 kW, Pcomp: 11.7 kW
Cell efficiency: 0.436, Output efficiency: 0.400
mdot_h2: 5.65 g/s

-----------------------
ptotal_climb: 1,065 kW, mtom_est: 4,945 kg, mtom: 4,907 kg, residual: +38.64 kg

MTOM update: newton, relax=0.518 -> mtom_next=4,947.68 kg

======================================================
======================= ITER 6 =======================
Reynolds_number: 11,112,677
Stack prop output power: 455 kW, Pcomp: 15.9 kW
Cell efficiency: 0.436, Output efficiency: 0.400
mdot_h2: 7.66 g/s
Reynolds_number: 11,112,677
Stack prop output power: 455 kW, Pcomp: 15.9 kW
Cell efficiency: 0.436, Output efficiency: 0.400
mdot_h2: 7.66 g/s
Reynolds_number: 11,112,677
Stack prop output power: 339 kW, Pcomp: 2.1 kW
Cell efficiency: 0.408, Output efficiency: 0.386
mdot_h2: 5.91 g/s
Reynolds_number: 11,112,677
Stack prop output power: 339 kW, Pcomp: 2.1 kW
Cell efficiency: 0.408, Output efficiency: 0.386
mdot_h2: 5.91 g/s
Reynolds_number: 11,112,677
Stack prop output power: 339 kW, Pcomp: 11.8 kW
Cell efficiency: 0.436, Output efficiency: 0.400
mdot_h2: 5.70 g/s

-----------------------
ptotal_climb: 1,074 kW, mtom_est: 4,966 kg, mtom: 4,948 kg, residual: +18.34 kg

MTOM update: newton, relax=0.622 -> mtom_next=4,970.80 kg

======================================================
======================= ITER 7 =======================
Reynolds_number: 11,112,677
Stack prop output power: 457 kW, Pcomp: 16.0 kW
Cell efficiency: 0.436, Output efficiency: 0.400
mdot_h2: 7.69 g/s
Reynolds_number: 11,112,677
Stack prop output power: 457 kW, Pcomp: 16.0 kW
Cell efficiency: 0.436, Output efficiency: 0.400
mdot_h2: 7.69 g/s
Reynolds_number: 11,112,677
Stack prop output power: 340 kW, Pcomp: 2.1 kW
Cell efficiency: 0.408, Output efficiency: 0.386
mdot_h2: 5.94 g/s
Reynolds_number: 11,112,677
Stack prop output power: 340 kW, Pcomp: 2.1 kW
Cell efficiency: 0.408, Output efficiency: 0.386
mdot_h2: 5.94 g/s
Reynolds_number: 11,112,677
Stack prop output power: 340 kW, Pcomp: 11.9 kW
Cell efficiency: 0.436, Output efficiency: 0.400
mdot_h2: 5.73 g/s

-----------------------
ptotal_climb: 1,079 kW, mtom_est: 4,977 kg, mtom: 4,971 kg, residual: +6.54 kg

MTOM update: newton, relax=0.746 -> mtom_next=4,980.35 kg

======================================================
======================= ITER 8 =======================
Reynolds_number: 11,112,677
Stack prop output power: 458 kW, Pcomp: 16.0 kW
Cell efficiency: 0.436, Output efficiency: 0.400
mdot_h2: 7.71 g/s
Reynolds_number: 11,112,677
Stack prop output power: 458 kW, Pcomp: 16.0 kW
Cell efficiency: 0.436, Output efficiency: 0.400
mdot_h2: 7.71 g/s
Reynolds_number: 11,112,677
Stack prop output power: 341 kW, Pcomp: 2.1 kW
Cell efficiency: 0.408, Output efficiency: 0.386
mdot_h2: 5.95 g/s
Reynolds_number: 11,112,677
Stack prop output power: 341 kW, Pcomp: 2.1 kW
Cell efficiency: 0.408, Output efficiency: 0.386
mdot_h2: 5.95 g/s
Reynolds_number: 11,112,677
Stack prop output power: 341 kW, Pcomp: 11.9 kW
Cell efficiency: 0.436, Output efficiency: 0.400
mdot_h2: 5.74 g/s

-----------------------
ptotal_climb: 1,081 kW, mtom_est: 4,983 kg, mtom: 4,980 kg, residual: +2.37 kg

Reynolds_number: 11,112,677
Stack prop output power: 458 kW, Pcomp: 16.0 kW
Cell efficiency: 0.436, Output efficiency: 0.400
mdot_h2: 7.71 g/s
Reynolds_number: 11,112,677
Stack prop output power: 458 kW, Pcomp: 16.0 kW
Cell efficiency: 0.436, Output efficiency: 0.400
mdot_h2: 7.71 g/s
Reynolds_number: 6,709,346
Stack prop output power: 341 kW, Pcomp: 2.0 kW
Cell efficiency: 0.443, Output efficiency: 0.419
mdot_h2: 5.48 g/s
Reynolds_number: 6,709,346
Stack prop output power: 341 kW, Pcomp: 2.0 kW
Cell efficiency: 0.443, Output efficiency: 0.419
mdot_h2: 5.48 g/s

CONVERGED

CONVERGED STATE [MTOM iteration 8]
  MTOM=4,983 kg | Wing loading=213.99 kg/m^2 | P/W(climb)=216.94 W/kg
  Phase power: climb=1,080.9 kW | cruise=1,155.7 kW | takeoff=1,059.3 kW | cruise+charger=1,155.7 kW
  Power split (climb): FC=682.0 kW | Battery=227.3 kW | Compressor=4.2 kW | Cooling=167.4 kW | H2=11.905 g/s
  Mass summary: MTOM=4,983 kg | Powertrain=1,179 kg | Tank=298.6 kg | Fuel=132.7 kg | Battery=236.4 kg | Nacelle power density=0.69 kW/kg
  Config: wing loading input=213.89 kg/m^2 | P/W TO/Cl/Cr=0.13377/0.13377/0.13377 kW/kg

CONVERGED STATE [focus pass 0 | W/S=2,097.5 Pa (213.89 kg/m^2)]
  MTOM=4,983 kg | Wing loading=213.99 kg/m^2 | P/W(climb)=216.94 W/kg
  Phase power: climb=1,080.9 kW | cruise=1,155.7 kW | takeoff=1,059.3 kW | cruise+charger=1,155.7 kW
  Power split (climb): FC=682.0 kW | Battery=227.3 kW | Compressor=4.2 kW | Cooling=167.4 kW | H2=11.905 g/s
  Mass summary: MTOM=4,983 kg | Powertrain=1,179 kg | Tank=298.6 kg | Fuel=132.7 kg | Battery=236.4 kg | Nacelle power density=0.69 kW/kg
  Config: wing loading input=213.89 kg/m^2 | P/W TO/Cl/Cr=0.13377/0.13377/0.13377 kW/kg
======================================================
======================= ITER 1 =======================
Reynolds_number: 11,112,677
Stack prop output power: 458 kW, Pcomp: 16.0 kW
Cell efficiency: 0.436, Output efficiency: 0.400
mdot_h2: 7.70 g/s
Reynolds_number: 11,112,677
Stack prop output power: 458 kW, Pcomp: 16.0 kW
Cell efficiency: 0.436, Output efficiency: 0.400
mdot_h2: 7.70 g/s
Reynolds_number: 11,112,677
Stack prop output power: 341 kW, Pcomp: 2.1 kW
Cell efficiency: 0.408, Output efficiency: 0.386
mdot_h2: 5.95 g/s
Reynolds_number: 11,112,677
Stack prop output power: 341 kW, Pcomp: 11.9 kW
Cell efficiency: 0.436, Output efficiency: 0.400
mdot_h2: 5.73 g/s

-----------------------
ptotal_climb: 1,080 kW, mtom_est: 4,975 kg, mtom: 4,983 kg, residual: -8.02 kg

MTOM update: initial_bracket_probe_1, relax=1.000 -> mtom_next=4,658.84 kg

======================================================
======================= ITER 2 =======================
Reynolds_number: 11,112,677
Stack prop output power: 428 kW, Pcomp: 14.9 kW
Cell efficiency: 0.436, Output efficiency: 0.400
mdot_h2: 7.20 g/s
Reynolds_number: 11,112,677
Stack prop output power: 428 kW, Pcomp: 14.9 kW
Cell efficiency: 0.436, Output efficiency: 0.400
mdot_h2: 7.20 g/s
Reynolds_number: 11,112,677
Stack prop output power: 319 kW, Pcomp: 2.0 kW
Cell efficiency: 0.408, Output efficiency: 0.386
mdot_h2: 5.56 g/s
Reynolds_number: 11,112,677
Stack prop output power: 319 kW, Pcomp: 2.0 kW
Cell efficiency: 0.408, Output efficiency: 0.386
mdot_h2: 5.56 g/s
Reynolds_number: 11,112,677
Stack prop output power: 319 kW, Pcomp: 11.1 kW
Cell efficiency: 0.436, Output efficiency: 0.400
mdot_h2: 5.36 g/s

-----------------------
ptotal_climb: 1,010 kW, mtom_est: 4,811 kg, mtom: 4,659 kg, residual: +152.62 kg

MTOM update: newton, relax=0.300 -> mtom_next=4,751.16 kg

======================================================
======================= ITER 3 =======================
Reynolds_number: 11,112,677
Stack prop output power: 437 kW, Pcomp: 15.2 kW
Cell efficiency: 0.436, Output efficiency: 0.400
mdot_h2: 7.34 g/s
Reynolds_number: 11,112,677
Stack prop output power: 437 kW, Pcomp: 15.2 kW
Cell efficiency: 0.436, Output efficiency: 0.400
mdot_h2: 7.34 g/s
Reynolds_number: 11,112,677
Stack prop output power: 325 kW, Pcomp: 2.0 kW
Cell efficiency: 0.408, Output efficiency: 0.386
mdot_h2: 5.67 g/s
Reynolds_number: 11,112,677
Stack prop output power: 325 kW, Pcomp: 2.0 kW
Cell efficiency: 0.408, Output efficiency: 0.386
mdot_h2: 5.67 g/s
Reynolds_number: 11,112,677
Stack prop output power: 325 kW, Pcomp: 11.3 kW
Cell efficiency: 0.436, Output efficiency: 0.400
mdot_h2: 5.47 g/s

-----------------------
ptotal_climb: 1,030 kW, mtom_est: 4,858 kg, mtom: 4,751 kg, residual: +107.28 kg

MTOM update: newton, relax=0.360 -> mtom_next=4,829.79 kg

======================================================
======================= ITER 4 =======================
Reynolds_number: 11,112,677
Stack prop output power: 444 kW, Pcomp: 15.5 kW
Cell efficiency: 0.436, Output efficiency: 0.400
mdot_h2: 7.47 g/s
Reynolds_number: 11,112,677
Stack prop output power: 444 kW, Pcomp: 15.5 kW
Cell efficiency: 0.436, Output efficiency: 0.400
mdot_h2: 7.47 g/s
Reynolds_number: 11,112,677
Stack prop output power: 330 kW, Pcomp: 2.0 kW
Cell efficiency: 0.408, Output efficiency: 0.386
mdot_h2: 5.77 g/s
Reynolds_number: 11,112,677
Stack prop output power: 330 kW, Pcomp: 2.0 kW
Cell efficiency: 0.408, Output efficiency: 0.386
mdot_h2: 5.77 g/s
Reynolds_number: 11,112,677
Stack prop output power: 330 kW, Pcomp: 11.5 kW
Cell efficiency: 0.436, Output efficiency: 0.400
mdot_h2: 5.56 g/s

-----------------------
ptotal_climb: 1,047 kW, mtom_est: 4,898 kg, mtom: 4,830 kg, residual: +68.31 kg

MTOM update: newton, relax=0.432 -> mtom_next=4,889.34 kg

======================================================
======================= ITER 5 =======================
Reynolds_number: 11,112,677
Stack prop output power: 449 kW, Pcomp: 15.7 kW
Cell efficiency: 0.436, Output efficiency: 0.400
mdot_h2: 7.56 g/s
Reynolds_number: 11,112,677
Stack prop output power: 449 kW, Pcomp: 15.7 kW
Cell efficiency: 0.436, Output efficiency: 0.400
mdot_h2: 7.56 g/s
Reynolds_number: 11,112,677
Stack prop output power: 334 kW, Pcomp: 2.1 kW
Cell efficiency: 0.408, Output efficiency: 0.386
mdot_h2: 5.84 g/s
Reynolds_number: 11,112,677
Stack prop output power: 334 kW, Pcomp: 2.1 kW
Cell efficiency: 0.408, Output efficiency: 0.386
mdot_h2: 5.84 g/s
Reynolds_number: 11,112,677
Stack prop output power: 334 kW, Pcomp: 11.7 kW
Cell efficiency: 0.436, Output efficiency: 0.400
mdot_h2: 5.62 g/s

-----------------------
ptotal_climb: 1,060 kW, mtom_est: 4,928 kg, mtom: 4,889 kg, residual: +38.46 kg

MTOM update: newton, relax=0.518 -> mtom_next=4,929.11 kg

======================================================
======================= ITER 6 =======================
Reynolds_number: 11,112,677
Stack prop output power: 453 kW, Pcomp: 15.8 kW
Cell efficiency: 0.436, Output efficiency: 0.400
mdot_h2: 7.62 g/s
Reynolds_number: 11,112,677
Stack prop output power: 453 kW, Pcomp: 15.8 kW
Cell efficiency: 0.436, Output efficiency: 0.400
mdot_h2: 7.62 g/s
Reynolds_number: 11,112,677
Stack prop output power: 337 kW, Pcomp: 2.1 kW
Cell efficiency: 0.408, Output efficiency: 0.386
mdot_h2: 5.88 g/s
Reynolds_number: 11,112,677
Stack prop output power: 337 kW, Pcomp: 2.1 kW
Cell efficiency: 0.408, Output efficiency: 0.386
mdot_h2: 5.88 g/s
Reynolds_number: 11,112,677
Stack prop output power: 337 kW, Pcomp: 11.8 kW
Cell efficiency: 0.436, Output efficiency: 0.400
mdot_h2: 5.67 g/s

-----------------------
ptotal_climb: 1,068 kW, mtom_est: 4,948 kg, mtom: 4,929 kg, residual: +18.76 kg

MTOM update: newton, relax=0.622 -> mtom_next=4,952.68 kg

======================================================
======================= ITER 7 =======================
Reynolds_number: 11,112,677
Stack prop output power: 455 kW, Pcomp: 15.9 kW
Cell efficiency: 0.436, Output efficiency: 0.400
mdot_h2: 7.66 g/s
Reynolds_number: 11,112,677
Stack prop output power: 455 kW, Pcomp: 15.9 kW
Cell efficiency: 0.436, Output efficiency: 0.400
mdot_h2: 7.66 g/s
Reynolds_number: 11,112,677
Stack prop output power: 339 kW, Pcomp: 2.1 kW
Cell efficiency: 0.408, Output efficiency: 0.386
mdot_h2: 5.91 g/s
Reynolds_number: 11,112,677
Stack prop output power: 339 kW, Pcomp: 2.1 kW
Cell efficiency: 0.408, Output efficiency: 0.386
mdot_h2: 5.91 g/s
Reynolds_number: 11,112,677
Stack prop output power: 339 kW, Pcomp: 11.8 kW
Cell efficiency: 0.436, Output efficiency: 0.400
mdot_h2: 5.70 g/s

-----------------------
ptotal_climb: 1,074 kW, mtom_est: 4,960 kg, mtom: 4,953 kg, residual: +7.39 kg

MTOM update: newton, relax=0.746 -> mtom_next=4,964.10 kg

======================================================
======================= ITER 8 =======================
Reynolds_number: 11,112,677
Stack prop output power: 456 kW, Pcomp: 15.9 kW
Cell efficiency: 0.436, Output efficiency: 0.400
mdot_h2: 7.67 g/s
Reynolds_number: 11,112,677
Stack prop output power: 456 kW, Pcomp: 15.9 kW
Cell efficiency: 0.436, Output efficiency: 0.400
mdot_h2: 7.67 g/s
Reynolds_number: 11,112,677
Stack prop output power: 339 kW, Pcomp: 2.1 kW
Cell efficiency: 0.408, Output efficiency: 0.386
mdot_h2: 5.93 g/s
Reynolds_number: 11,112,677
Stack prop output power: 339 kW, Pcomp: 2.1 kW
Cell efficiency: 0.408, Output efficiency: 0.386
mdot_h2: 5.93 g/s
Reynolds_number: 11,112,677
Stack prop output power: 339 kW, Pcomp: 11.8 kW
Cell efficiency: 0.436, Output efficiency: 0.400
mdot_h2: 5.71 g/s

-----------------------
ptotal_climb: 1,076 kW, mtom_est: 4,968 kg, mtom: 4,964 kg, residual: +3.82 kg

Reynolds_number: 11,112,677
Stack prop output power: 456 kW, Pcomp: 15.9 kW
Cell efficiency: 0.436, Output efficiency: 0.400
mdot_h2: 7.67 g/s
Reynolds_number: 11,112,677
Stack prop output power: 456 kW, Pcomp: 15.9 kW
Cell efficiency: 0.436, Output efficiency: 0.400
mdot_h2: 7.67 g/s
Reynolds_number: 6,709,346
Stack prop output power: 339 kW, Pcomp: 2.0 kW
Cell efficiency: 0.443, Output efficiency: 0.419
mdot_h2: 5.46 g/s
Reynolds_number: 6,709,346
Stack prop output power: 339 kW, Pcomp: 2.0 kW
Cell efficiency: 0.443, Output efficiency: 0.419
mdot_h2: 5.46 g/s

CONVERGED

CONVERGED STATE [MTOM iteration 8]
  MTOM=4,968 kg | Wing loading=219.15 kg/m^2 | P/W(climb)=216.60 W/kg
  Phase power: climb=1,076.1 kW | cruise=1,150.6 kW | takeoff=1,054.6 kW | cruise+charger=1,150.6 kW
  Power split (climb): FC=678.9 kW | Battery=226.3 kW | Compressor=4.2 kW | Cooling=166.7 kW | H2=11.851 g/s
  Mass summary: MTOM=4,968 kg | Powertrain=1,176 kg | Tank=297.3 kg | Fuel=132.1 kg | Battery=235.4 kg | Nacelle power density=0.69 kW/kg
  Config: wing loading input=218.98 kg/m^2 | P/W TO/Cl/Cr=0.13361/0.13361/0.13361 kW/kg

CONVERGED STATE [focus pass 0 | W/S=2,147.5 Pa (218.98 kg/m^2)]
  MTOM=4,968 kg | Wing loading=219.15 kg/m^2 | P/W(climb)=216.60 W/kg
  Phase power: climb=1,076.1 kW | cruise=1,150.6 kW | takeoff=1,054.6 kW | cruise+charger=1,150.6 kW
  Power split (climb): FC=678.9 kW | Battery=226.3 kW | Compressor=4.2 kW | Cooling=166.7 kW | H2=11.851 g/s
  Mass summary: MTOM=4,968 kg | Powertrain=1,176 kg | Tank=297.3 kg | Fuel=132.1 kg | Battery=235.4 kg | Nacelle power density=0.69 kW/kg
  Config: wing loading input=218.98 kg/m^2 | P/W TO/Cl/Cr=0.13361/0.13361/0.13361 kW/kg
======================================================
======================= ITER 1 =======================
Reynolds_number: 11,112,677
Stack prop output power: 456 kW, Pcomp: 15.9 kW
Cell efficiency: 0.436, Output efficiency: 0.400
mdot_h2: 7.67 g/s
Reynolds_number: 11,112,677
Stack prop output power: 456 kW, Pcomp: 15.9 kW
Cell efficiency: 0.436, Output efficiency: 0.400
mdot_h2: 7.67 g/s
Reynolds_number: 11,112,677
Stack prop output power: 339 kW, Pcomp: 2.1 kW
Cell efficiency: 0.408, Output efficiency: 0.386
mdot_h2: 5.92 g/s
Reynolds_number: 11,112,677
Stack prop output power: 339 kW, Pcomp: 11.8 kW
Cell efficiency: 0.436, Output efficiency: 0.400
mdot_h2: 5.71 g/s

-----------------------
ptotal_climb: 1,076 kW, mtom_est: 4,960 kg, mtom: 4,968 kg, residual: -8.13 kg

MTOM update: initial_bracket_probe_1, relax=1.000 -> mtom_next=4,645.00 kg

======================================================
======================= ITER 2 =======================
Reynolds_number: 11,112,677
Stack prop output power: 426 kW, Pcomp: 14.9 kW
Cell efficiency: 0.436, Output efficiency: 0.400
mdot_h2: 7.17 g/s
Reynolds_number: 11,112,677
Stack prop output power: 426 kW, Pcomp: 14.9 kW
Cell efficiency: 0.436, Output efficiency: 0.400
mdot_h2: 7.17 g/s
Reynolds_number: 11,112,677
Stack prop output power: 317 kW, Pcomp: 2.0 kW
Cell efficiency: 0.408, Output efficiency: 0.386
mdot_h2: 5.54 g/s
Reynolds_number: 11,112,677
Stack prop output power: 317 kW, Pcomp: 2.0 kW
Cell efficiency: 0.408, Output efficiency: 0.386
mdot_h2: 5.54 g/s
Reynolds_number: 11,112,677
Stack prop output power: 317 kW, Pcomp: 11.1 kW
Cell efficiency: 0.436, Output efficiency: 0.400
mdot_h2: 5.34 g/s

-----------------------
ptotal_climb: 1,006 kW, mtom_est: 4,798 kg, mtom: 4,645 kg, residual: +152.63 kg

MTOM update: newton, relax=0.300 -> mtom_next=4,736.98 kg

======================================================
======================= ITER 3 =======================
Reynolds_number: 11,112,677
Stack prop output power: 435 kW, Pcomp: 15.2 kW
Cell efficiency: 0.436, Output efficiency: 0.400
mdot_h2: 7.32 g/s
Reynolds_number: 11,112,677
Stack prop output power: 435 kW, Pcomp: 15.2 kW
Cell efficiency: 0.436, Output efficiency: 0.400
mdot_h2: 7.32 g/s
Reynolds_number: 11,112,677
Stack prop output power: 324 kW, Pcomp: 2.0 kW
Cell efficiency: 0.408, Output efficiency: 0.386
mdot_h2: 5.65 g/s
Reynolds_number: 11,112,677
Stack prop output power: 324 kW, Pcomp: 2.0 kW
Cell efficiency: 0.408, Output efficiency: 0.386
mdot_h2: 5.65 g/s
Reynolds_number: 11,112,677
Stack prop output power: 324 kW, Pcomp: 11.3 kW
Cell efficiency: 0.436, Output efficiency: 0.400
mdot_h2: 5.44 g/s

-----------------------
ptotal_climb: 1,026 kW, mtom_est: 4,844 kg, mtom: 4,737 kg, residual: +106.60 kg

MTOM update: newton, relax=0.360 -> mtom_next=4,813.65 kg

======================================================
======================= ITER 4 =======================
Reynolds_number: 11,112,677
Stack prop output power: 442 kW, Pcomp: 15.4 kW
Cell efficiency: 0.436, Output efficiency: 0.400
mdot_h2: 7.43 g/s
Reynolds_number: 11,112,677
Stack prop output power: 442 kW, Pcomp: 15.4 kW
Cell efficiency: 0.436, Output efficiency: 0.400
mdot_h2: 7.43 g/s
Reynolds_number: 11,112,677
Stack prop output power: 329 kW, Pcomp: 2.0 kW
Cell efficiency: 0.408, Output efficiency: 0.386
mdot_h2: 5.74 g/s
Reynolds_number: 11,112,677
Stack prop output power: 329 kW, Pcomp: 2.0 kW
Cell efficiency: 0.408, Output efficiency: 0.386
mdot_h2: 5.74 g/s
Reynolds_number: 11,112,677
Stack prop output power: 329 kW, Pcomp: 11.5 kW
Cell efficiency: 0.436, Output efficiency: 0.400
mdot_h2: 5.53 g/s

-----------------------
ptotal_climb: 1,042 kW, mtom_est: 4,882 kg, mtom: 4,814 kg, residual: +68.48 kg

MTOM update: newton, relax=0.432 -> mtom_next=4,873.17 kg

======================================================
======================= ITER 5 =======================
Reynolds_number: 11,112,677
Stack prop output power: 447 kW, Pcomp: 15.6 kW
Cell efficiency: 0.436, Output efficiency: 0.400
mdot_h2: 7.53 g/s
Reynolds_number: 11,112,677
Stack prop output power: 447 kW, Pcomp: 15.6 kW
Cell efficiency: 0.436, Output efficiency: 0.400
mdot_h2: 7.53 g/s
Reynolds_number: 11,112,677
Stack prop output power: 333 kW, Pcomp: 2.1 kW
Cell efficiency: 0.408, Output efficiency: 0.386
mdot_h2: 5.81 g/s
Reynolds_number: 11,112,677
Stack prop output power: 333 kW, Pcomp: 2.1 kW
Cell efficiency: 0.408, Output efficiency: 0.386
mdot_h2: 5.81 g/s
Reynolds_number: 11,112,677
Stack prop output power: 333 kW, Pcomp: 11.6 kW
Cell efficiency: 0.436, Output efficiency: 0.400
mdot_h2: 5.60 g/s

-----------------------
ptotal_climb: 1,055 kW, mtom_est: 4,912 kg, mtom: 4,873 kg, residual: +39.23 kg

MTOM update: newton, relax=0.518 -> mtom_next=4,914.56 kg

======================================================
======================= ITER 6 =======================
Reynolds_number: 11,112,677
Stack prop output power: 451 kW, Pcomp: 15.7 kW
Cell efficiency: 0.436, Output efficiency: 0.400
mdot_h2: 7.59 g/s
Reynolds_number: 11,112,677
Stack prop output power: 451 kW, Pcomp: 15.7 kW
Cell efficiency: 0.436, Output efficiency: 0.400
mdot_h2: 7.59 g/s
Reynolds_number: 11,112,677
Stack prop output power: 336 kW, Pcomp: 2.1 kW
Cell efficiency: 0.408, Output efficiency: 0.386
mdot_h2: 5.86 g/s
Reynolds_number: 11,112,677
Stack prop output power: 336 kW, Pcomp: 2.1 kW
Cell efficiency: 0.408, Output efficiency: 0.386
mdot_h2: 5.86 g/s
Reynolds_number: 11,112,677
Stack prop output power: 336 kW, Pcomp: 11.7 kW
Cell efficiency: 0.436, Output efficiency: 0.400
mdot_h2: 5.65 g/s

-----------------------
ptotal_climb: 1,064 kW, mtom_est: 4,933 kg, mtom: 4,915 kg, residual: +18.63 kg

MTOM update: newton, relax=0.622 -> mtom_next=4,937.84 kg

======================================================
======================= ITER 7 =======================
Reynolds_number: 11,112,677
Stack prop output power: 453 kW, Pcomp: 15.8 kW
Cell efficiency: 0.436, Output efficiency: 0.400
mdot_h2: 7.63 g/s
Reynolds_number: 11,112,677
Stack prop output power: 453 kW, Pcomp: 15.8 kW
Cell efficiency: 0.436, Output efficiency: 0.400
mdot_h2: 7.63 g/s
Reynolds_number: 11,112,677
Stack prop output power: 337 kW, Pcomp: 2.1 kW
Cell efficiency: 0.408, Output efficiency: 0.386
mdot_h2: 5.89 g/s
Reynolds_number: 11,112,677
Stack prop output power: 337 kW, Pcomp: 2.1 kW
Cell efficiency: 0.408, Output efficiency: 0.386
mdot_h2: 5.89 g/s
Reynolds_number: 11,112,677
Stack prop output power: 337 kW, Pcomp: 11.8 kW
Cell efficiency: 0.436, Output efficiency: 0.400
mdot_h2: 5.68 g/s

-----------------------
ptotal_climb: 1,069 kW, mtom_est: 4,944 kg, mtom: 4,938 kg, residual: +6.65 kg

MTOM update: newton, relax=0.746 -> mtom_next=4,947.47 kg

======================================================
======================= ITER 8 =======================
Reynolds_number: 11,112,677
Stack prop output power: 454 kW, Pcomp: 15.8 kW
Cell efficiency: 0.436, Output efficiency: 0.400
mdot_h2: 7.64 g/s
Reynolds_number: 11,112,677
Stack prop output power: 454 kW, Pcomp: 15.8 kW
Cell efficiency: 0.436, Output efficiency: 0.400
mdot_h2: 7.64 g/s
Reynolds_number: 11,112,677
Stack prop output power: 338 kW, Pcomp: 2.1 kW
Cell efficiency: 0.408, Output efficiency: 0.386
mdot_h2: 5.90 g/s
Reynolds_number: 11,112,677
Stack prop output power: 338 kW, Pcomp: 2.1 kW
Cell efficiency: 0.408, Output efficiency: 0.386
mdot_h2: 5.90 g/s
Reynolds_number: 11,112,677
Stack prop output power: 338 kW, Pcomp: 11.8 kW
Cell efficiency: 0.436, Output efficiency: 0.400
mdot_h2: 5.69 g/s

-----------------------
ptotal_climb: 1,071 kW, mtom_est: 4,949 kg, mtom: 4,947 kg, residual: +1.69 kg

Reynolds_number: 11,112,677
Stack prop output power: 454 kW, Pcomp: 15.8 kW
Cell efficiency: 0.436, Output efficiency: 0.400
mdot_h2: 7.64 g/s
Reynolds_number: 11,112,677
Stack prop output power: 454 kW, Pcomp: 15.8 kW
Cell efficiency: 0.436, Output efficiency: 0.400
mdot_h2: 7.64 g/s
Reynolds_number: 6,709,346
Stack prop output power: 338 kW, Pcomp: 2.0 kW
Cell efficiency: 0.443, Output efficiency: 0.419
mdot_h2: 5.43 g/s
Reynolds_number: 6,709,346
Stack prop output power: 338 kW, Pcomp: 2.0 kW
Cell efficiency: 0.443, Output efficiency: 0.419
mdot_h2: 5.43 g/s

CONVERGED

CONVERGED STATE [MTOM iteration 8]
  MTOM=4,949 kg | Wing loading=224.16 kg/m^2 | P/W(climb)=216.49 W/kg
  Phase power: climb=1,071.4 kW | cruise=1,145.6 kW | takeoff=1,050.0 kW | cruise+charger=1,145.6 kW
  Power split (climb): FC=676.0 kW | Battery=225.3 kW | Compressor=4.2 kW | Cooling=166.0 kW | H2=11.800 g/s
  Mass summary: MTOM=4,949 kg | Powertrain=1,169 kg | Tank=296.0 kg | Fuel=131.5 kg | Battery=234.3 kg | Nacelle power density=0.69 kW/kg
  Config: wing loading input=224.08 kg/m^2 | P/W TO/Cl/Cr=0.13348/0.13348/0.13348 kW/kg

CONVERGED STATE [focus pass 0 | W/S=2,197.5 Pa (224.08 kg/m^2)]
  MTOM=4,949 kg | Wing loading=224.16 kg/m^2 | P/W(climb)=216.49 W/kg
  Phase power: climb=1,071.4 kW | cruise=1,145.6 kW | takeoff=1,050.0 kW | cruise+charger=1,145.6 kW
  Power split (climb): FC=676.0 kW | Battery=225.3 kW | Compressor=4.2 kW | Cooling=166.0 kW | H2=11.800 g/s
  Mass summary: MTOM=4,949 kg | Powertrain=1,169 kg | Tank=296.0 kg | Fuel=131.5 kg | Battery=234.3 kg | Nacelle power density=0.69 kW/kg
  Config: wing loading input=224.08 kg/m^2 | P/W TO/Cl/Cr=0.13348/0.13348/0.13348 kW/kg
======================================================
======================= ITER 1 =======================
Reynolds_number: 11,112,677
Stack prop output power: 454 kW, Pcomp: 15.8 kW
Cell efficiency: 0.436, Output efficiency: 0.400
mdot_h2: 7.64 g/s
Reynolds_number: 11,112,677
Stack prop output power: 454 kW, Pcomp: 15.8 kW
Cell efficiency: 0.436, Output efficiency: 0.400
mdot_h2: 7.64 g/s
Reynolds_number: 11,112,677
Stack prop output power: 338 kW, Pcomp: 2.1 kW
Cell efficiency: 0.408, Output efficiency: 0.386
mdot_h2: 5.90 g/s
Reynolds_number: 11,112,677
Stack prop output power: 338 kW, Pcomp: 11.8 kW
Cell efficiency: 0.436, Output efficiency: 0.400
mdot_h2: 5.68 g/s

-----------------------
ptotal_climb: 1,071 kW, mtom_est: 4,943 kg, mtom: 4,949 kg, residual: -6.16 kg

MTOM update: initial_bracket_probe_1, relax=1.000 -> mtom_next=4,627.46 kg

======================================================
======================= ITER 2 =======================
Reynolds_number: 11,112,677
