Auto-widening W/S scan window for min_combined_pw: 1900.0..2600.0 -> 1725.0..2775.0 Pa (factor 1.500, lower_hit=True, upper_hit=False, min_on_edge=False).
Auto-widening W/S scan window for min_combined_pw: 1725.0..2775.0 -> 1462.5..3037.5 Pa (factor 1.500, lower_hit=True, upper_hit=False, min_on_edge=False).
ADRpy constraint sizing (min_combined_pw): W/S=2062.5 Pa (210.32 kg/m^2), P/W_TO=0.16394 kW/kg, P/W_climb=0.16915 kW/kg, P/W_cruise=0.06497 kW/kg
Curve minimum (combined/combined): W/S=2062.5 Pa (210.32 kg/m^2), P/W=0.16915 kW/kg
Curve minimum (takeoff/take-off): W/S=1462.5 Pa (149.13 kg/m^2), P/W=0.10196 kW/kg
Curve minimum (climb/climb): W/S=2312.5 Pa (235.81 kg/m^2), P/W=0.16577 kW/kg
Curve minimum (cruise/cruise): W/S=2312.5 Pa (235.81 kg/m^2), P/W=0.06336 kW/kg
======================================================
======================= ITER 1 =======================
Reynolds_number: 8,748,363
Stack prop output power: 500 kW, Pcomp: 16.1 kW
Cell efficiency: 0.298, Output efficiency: 0.275
mdot_h2: 12.25 g/s
Reynolds_number: 8,748,363
Stack prop output power: 239 kW, Pcomp: 7.7 kW
Cell efficiency: 0.298, Output efficiency: 0.275
mdot_h2: 5.87 g/s
Reynolds_number: 8,748,363
Stack prop output power: 231 kW, Pcomp: 7.4 kW
Cell efficiency: 0.298, Output efficiency: 0.275
mdot_h2: 5.66 g/s
Reynolds_number: 7,261,141
Stack prop output power: 500 kW, Pcomp: 16.1 kW
Cell efficiency: 0.297, Output efficiency: 0.274
mdot_h2: 12.30 g/s
Reynolds_number: 7,261,141
Stack prop output power: 239 kW, Pcomp: 7.7 kW
Cell efficiency: 0.297, Output efficiency: 0.274
mdot_h2: 5.89 g/s
Reynolds_number: 7,261,141
Stack prop output power: 231 kW, Pcomp: 7.4 kW
Cell efficiency: 0.297, Output efficiency: 0.274
mdot_h2: 5.68 g/s
Reynolds_number: 8,748,363
Stack prop output power: 356 kW, Pcomp: 3.2 kW
Cell efficiency: 0.288, Output efficiency: 0.271
mdot_h2: 8.82 g/s
Reynolds_number: 8,748,363
Stack prop output power: 436 kW, Pcomp: 3.9 kW
Cell efficiency: 0.288, Output efficiency: 0.271
mdot_h2: 10.81 g/s
Reynolds_number: 8,748,363
Stack prop output power: 437 kW, Pcomp: 3.9 kW
Cell efficiency: 0.288, Output efficiency: 0.271
mdot_h2: 10.83 g/s
Reynolds_number: 6,709,346
Stack prop output power: 360 kW, Pcomp: 3.1 kW
Cell efficiency: 0.305, Output efficiency: 0.287
mdot_h2: 8.45 g/s
Reynolds_number: 6,709,346
Stack prop output power: 423 kW, Pcomp: 3.7 kW
Cell efficiency: 0.305, Output efficiency: 0.287
mdot_h2: 9.91 g/s
Reynolds_number: 6,709,346
Stack prop output power: 423 kW, Pcomp: 3.7 kW
Cell efficiency: 0.305, Output efficiency: 0.287
mdot_h2: 9.92 g/s
Reynolds_number: 8,748,363
Stack prop output power: 500 kW, Pcomp: 16.1 kW
Cell efficiency: 0.298, Output efficiency: 0.275
mdot_h2: 12.25 g/s
Reynolds_number: 8,748,363
Stack prop output power: 239 kW, Pcomp: 7.7 kW
Cell efficiency: 0.298, Output efficiency: 0.275
mdot_h2: 5.87 g/s
Reynolds_number: 8,748,363
Stack prop output power: 231 kW, Pcomp: 7.4 kW
Cell efficiency: 0.298, Output efficiency: 0.275
mdot_h2: 5.66 g/s
Fuel-cell system mass representative phase: climb (P_fc_sys=873.463 kW).

-----------------------
ptotal_climb: 1,162 kW, mtom_est: 5,048 kg, mtom: 5,000 kg, residual: +48.11 kg

MTOM update: initial_bracket_probe_1, relax=1.000 -> mtom_next=5,325.00 kg

======================================================
======================= ITER 2 =======================
Reynolds_number: 8,748,363
Stack prop output power: 231 kW, Pcomp: 7.4 kW
Cell efficiency: 0.298, Output efficiency: 0.275
mdot_h2: 5.66 g/s
Reynolds_number: 8,748,363
Stack prop output power: 245 kW, Pcomp: 7.9 kW
Cell efficiency: 0.298, Output efficiency: 0.275
mdot_h2: 6.01 g/s
Reynolds_number: 7,261,141
Stack prop output power: 231 kW, Pcomp: 7.4 kW
Cell efficiency: 0.297, Output efficiency: 0.274
mdot_h2: 5.68 g/s
Reynolds_number: 7,261,141
Stack prop output power: 245 kW, Pcomp: 7.9 kW
Cell efficiency: 0.297, Output efficiency: 0.274
mdot_h2: 6.03 g/s
Reynolds_number: 8,748,363
Stack prop output power: 427 kW, Pcomp: 3.8 kW
Cell efficiency: 0.288, Output efficiency: 0.271
mdot_h2: 10.60 g/s
Reynolds_number: 8,748,363
Stack prop output power: 465 kW, Pcomp: 4.1 kW
Cell efficiency: 0.288, Output efficiency: 0.271
mdot_h2: 11.53 g/s
Reynolds_number: 6,709,346
Stack prop output power: 414 kW, Pcomp: 3.6 kW
Cell efficiency: 0.305, Output efficiency: 0.287
mdot_h2: 9.71 g/s
Reynolds_number: 6,709,346
Stack prop output power: 450 kW, Pcomp: 3.9 kW
Cell efficiency: 0.305, Output efficiency: 0.287
mdot_h2: 10.56 g/s
Reynolds_number: 8,748,363
Stack prop output power: 231 kW, Pcomp: 7.4 kW
Cell efficiency: 0.298, Output efficiency: 0.275
mdot_h2: 5.66 g/s
Reynolds_number: 8,748,363
Stack prop output power: 245 kW, Pcomp: 7.9 kW
Cell efficiency: 0.298, Output efficiency: 0.275
mdot_h2: 6.01 g/s
Fuel-cell system mass representative phase: climb (P_fc_sys=930.233 kW).

-----------------------
ptotal_climb: 1,238 kW, mtom_est: 5,240 kg, mtom: 5,325 kg, residual: -84.65 kg

MTOM update: newton, relax=0.500 -> mtom_next=5,221.38 kg

======================================================
======================= ITER 3 =======================
Reynolds_number: 8,748,363
Stack prop output power: 246 kW, Pcomp: 7.9 kW
Cell efficiency: 0.298, Output efficiency: 0.275
mdot_h2: 6.02 g/s
Reynolds_number: 8,748,363
Stack prop output power: 241 kW, Pcomp: 7.7 kW
Cell efficiency: 0.298, Output efficiency: 0.275
mdot_h2: 5.91 g/s
Reynolds_number: 7,261,141
Stack prop output power: 246 kW, Pcomp: 7.9 kW
Cell efficiency: 0.297, Output efficiency: 0.274
mdot_h2: 6.04 g/s
Reynolds_number: 7,261,141
Stack prop output power: 241 kW, Pcomp: 7.7 kW
Cell efficiency: 0.297, Output efficiency: 0.274
mdot_h2: 5.93 g/s
Reynolds_number: 8,748,363
Stack prop output power: 468 kW, Pcomp: 4.1 kW
Cell efficiency: 0.288, Output efficiency: 0.271
mdot_h2: 11.61 g/s
Reynolds_number: 8,748,363
Stack prop output power: 456 kW, Pcomp: 4.0 kW
Cell efficiency: 0.288, Output efficiency: 0.271
mdot_h2: 11.31 g/s
Reynolds_number: 6,709,346
Stack prop output power: 454 kW, Pcomp: 4.0 kW
Cell efficiency: 0.305, Output efficiency: 0.287
mdot_h2: 10.64 g/s
Reynolds_number: 6,709,346
Stack prop output power: 442 kW, Pcomp: 3.8 kW
Cell efficiency: 0.305, Output efficiency: 0.287
mdot_h2: 10.37 g/s
Reynolds_number: 8,748,363
Stack prop output power: 246 kW, Pcomp: 7.9 kW
Cell efficiency: 0.298, Output efficiency: 0.275
mdot_h2: 6.02 g/s
Reynolds_number: 8,748,363
Stack prop output power: 241 kW, Pcomp: 7.7 kW
Cell efficiency: 0.298, Output efficiency: 0.275
mdot_h2: 5.91 g/s
Fuel-cell system mass representative phase: climb (P_fc_sys=912.140 kW).

-----------------------
ptotal_climb: 1,213 kW, mtom_est: 5,180 kg, mtom: 5,221 kg, residual: -41.07 kg

MTOM update: newton, relax=0.650 -> mtom_next=5,157.90 kg

======================================================
======================= ITER 4 =======================
Reynolds_number: 8,748,363
Stack prop output power: 241 kW, Pcomp: 7.7 kW
Cell efficiency: 0.298, Output efficiency: 0.275
mdot_h2: 5.91 g/s
Reynolds_number: 8,748,363
Stack prop output power: 238 kW, Pcomp: 7.7 kW
Cell efficiency: 0.298, Output efficiency: 0.275
mdot_h2: 5.84 g/s
Reynolds_number: 7,261,141
Stack prop output power: 241 kW, Pcomp: 7.7 kW
Cell efficiency: 0.297, Output efficiency: 0.274
mdot_h2: 5.93 g/s
Reynolds_number: 7,261,141
Stack prop output power: 238 kW, Pcomp: 7.6 kW
Cell efficiency: 0.297, Output efficiency: 0.274
mdot_h2: 5.86 g/s
Reynolds_number: 8,748,363
Stack prop output power: 458 kW, Pcomp: 4.1 kW
Cell efficiency: 0.288, Output efficiency: 0.271
mdot_h2: 11.36 g/s
Reynolds_number: 8,748,363
Stack prop output power: 451 kW, Pcomp: 4.0 kW
Cell efficiency: 0.288, Output efficiency: 0.271
mdot_h2: 11.18 g/s
Reynolds_number: 6,709,346
Stack prop output power: 444 kW, Pcomp: 3.9 kW
Cell efficiency: 0.305, Output efficiency: 0.287
mdot_h2: 10.41 g/s
Reynolds_number: 6,709,346
Stack prop output power: 437 kW, Pcomp: 3.8 kW
Cell efficiency: 0.305, Output efficiency: 0.287
mdot_h2: 10.24 g/s
Reynolds_number: 8,748,363
Stack prop output power: 241 kW, Pcomp: 7.7 kW
Cell efficiency: 0.298, Output efficiency: 0.275
mdot_h2: 5.91 g/s
Reynolds_number: 8,748,363
Stack prop output power: 238 kW, Pcomp: 7.7 kW
Cell efficiency: 0.298, Output efficiency: 0.275
mdot_h2: 5.84 g/s
Fuel-cell system mass representative phase: climb (P_fc_sys=901.049 kW).

-----------------------
ptotal_climb: 1,199 kW, mtom_est: 5,142 kg, mtom: 5,158 kg, residual: -15.79 kg

MTOM update: newton, relax=0.845 -> mtom_next=5,124.39 kg

======================================================
======================= ITER 5 =======================
Reynolds_number: 8,748,363
Stack prop output power: 238 kW, Pcomp: 7.6 kW
Cell efficiency: 0.298, Output efficiency: 0.275
mdot_h2: 5.84 g/s
Reynolds_number: 8,748,363
Stack prop output power: 237 kW, Pcomp: 7.6 kW
Cell efficiency: 0.298, Output efficiency: 0.275
mdot_h2: 5.80 g/s
Reynolds_number: 7,261,141
Stack prop output power: 238 kW, Pcomp: 7.6 kW
Cell efficiency: 0.297, Output efficiency: 0.274
mdot_h2: 5.86 g/s
Reynolds_number: 7,261,141
Stack prop output power: 237 kW, Pcomp: 7.6 kW
Cell efficiency: 0.297, Output efficiency: 0.274
mdot_h2: 5.82 g/s
Reynolds_number: 8,748,363
Stack prop output power: 451 kW, Pcomp: 4.0 kW
Cell efficiency: 0.288, Output efficiency: 0.271
mdot_h2: 11.20 g/s
Reynolds_number: 8,748,363
Stack prop output power: 448 kW, Pcomp: 4.0 kW
Cell efficiency: 0.288, Output efficiency: 0.271
mdot_h2: 11.10 g/s
Reynolds_number: 6,709,346
Stack prop output power: 438 kW, Pcomp: 3.8 kW
Cell efficiency: 0.305, Output efficiency: 0.287
mdot_h2: 10.26 g/s
Reynolds_number: 6,709,346
Stack prop output power: 434 kW, Pcomp: 3.8 kW
Cell efficiency: 0.305, Output efficiency: 0.287
mdot_h2: 10.17 g/s
Reynolds_number: 8,748,363
Stack prop output power: 238 kW, Pcomp: 7.6 kW
Cell efficiency: 0.298, Output efficiency: 0.275
mdot_h2: 5.84 g/s
Reynolds_number: 8,748,363
Stack prop output power: 237 kW, Pcomp: 7.6 kW
Cell efficiency: 0.298, Output efficiency: 0.275
mdot_h2: 5.80 g/s
Fuel-cell system mass representative phase: climb (P_fc_sys=895.195 kW).

-----------------------
ptotal_climb: 1,191 kW, mtom_est: 5,122 kg, mtom: 5,124 kg, residual: -2.43 kg


CONVERGED

CONVERGED STATE [MTOM iteration 5]
  MTOM=5,122 kg | Wing loading=210.22 kg/m^2 | P/W(climb)=232.52 W/kg
  Phase power: climb=1,190.9 kW | cruise=473.1 kW | loiter=473.1 kW | takeoff=1,154.2 kW | cruise+charger=473.1 kW
  Power split (climb): FC=887.3 kW | Battery=295.8 kW | Compressor=7.9 kW | Cooling=376.6 kW | H2=22.206 g/s
  Compressor max across phases: 15.2 kW (cruise)
  FC representative phase (mass sizing): climb (895.2 kW)
  Mass summary: MTOM=5,122 kg | Powertrain=1,573 kg | Tank=328.7 kg | Fuel=146.1 kg | Battery=123.6 kg | Nacelle power density=0.68 kW/kg
  Geometry: Main wing area=24.37 m^2 | Horizontal tail area=4.196 m^2 | Horizontal tail location=9.959 m | Vertical tail area=4.296 m^2 | Vertical tail location=9.490 m
  Config: wing loading input=210.32 kg/m^2 | P/W TO/Cl/Cr=0.16394/0.16915/0.06497 kW/kg

=============================================================
========================= CONVERGED =========================
=============================================================
Constraint sizing: ENABLED (min_combined_pw)
Input W/S: 210.32 kg/m^2 (2,062.5 Pa)
Input P/W [kW/kg]: takeoff 0.16394, climb 0.16915, cruise 0.06497
-------------------------------------------------------------

Mission Time
Climb time: 5.05 min (0.08 h)
Cruise time: 182.55 min (3.04 h)
Total flight time: 209.60 min (3.49 h)

Phase Power Breakdown
Phase      Time[min]     Total[kW]    FC Stack[kW]   Battery[kW]   Compressor[kW]   Cooling[kW]   mdot_H2[g/s]
--------------------------------------------------------------------------------------------------------------
ready           0.00          59.5            59.5           0.0              0.0           0.0         0.0
taxi            5.00         119.1           119.1           0.0              0.0           0.0         2.2
takeoff         1.00       1,154.2           859.9         286.6              7.6         337.6        20.3
climb           5.05       1,190.9           887.3         295.8              7.9         376.6        22.2
cruise        182.55         473.1           457.9           0.0             15.2         194.3        11.6
loiter         15.00         473.1           457.9           0.0             15.2         195.3        11.6
landing         1.00           0.0             0.0           0.0              0.0           0.0         0.0

Pcomp_max (solved phases): 15.2 kW (cruise)
Pnet (climb): 1,076 kW
Pelectricnet (climb): 1,183 kW
eta_pt: 0.9031

Geometry
S_wing: 24.37 m^2
b_wing: 14.81 m
Lfus: 11.94 m
Ltank: 2.93 m
S_HT: 4.20 m^2
S_VT: 4.30 m^2
b_HT: 4.35 m
b_VT: 2.86 m
X_HT_act: 9.96 m
X_VT_act: 9.49 m

One Nacelle (1/2)
Stack(1/2): 253 kg, Compressor: 17 kg, Humidifier: 91 kg, HX: 297 kg
W_FCS_single_nacelle (W_Stack+W_Compressor+W_Humidifier+W_Hx): 657 kg
Representative FC phase: climb
Specific Power of Nacelle System: 0.681 kW/kg
dim_hx: dX=1.275 m, dY=1.275 m, dZ=0.205 m
dim_stack: dX=0.378 m, dY=0.273 m, dZ=0.273 m

ALL Nacelles
W_FCS_total: 1,315 kg
W_PMAD: 102 kg
W_Motors: 157 kg

-----------------------
W_Powertrain (W_FCS_total+W_PMAD+W_Motors): 1,573 kg
-----------------------
W_wing: 369 kg
W_Htail: 26 kg
W_Vtail: 50 kg
W_fuselage: 320 kg
W_lnd_gear_main: 243 kg
W_lnd_gear_nose: 65 kg
W_flight_control: 366 kg
W_electric_system: 300 kg
W_iae: 76 kg
W_hydraulics: 61 kg
W_fur: 373 kg
-----------------------
OEM: 2,250 kg
-----------------------
W_tank: 329 kg
W_fuel: 146.1 kg
W_batt: 123.6 kg
-----------------------
W_payload: 700 kg
-----------------------
MTOM_grouped (OEM+W_tank+W_fuel+W_batt+W_Powertrain+W_payload): 5,122 kg
MTOM: 5,122 kg
-----------------------

Wing loading (MTOM/S_wing): 210.22 kg/m^2
Power-to-weight (converged): 232.52 W/kg

mdot_H2(cruise): 11.6 g/s
Vtankex: 6.3 m^3
========================== END ==============================


=============================================================
Execution time: 54.3 seconds
=============================================================
