======================================================
======================= ITER 1 =======================
Reynolds_number: 14,287,728
Stack prop output power: 432 kW, Pcomp: 22.4 kW
Cell efficiency: 0.304, Output efficiency: 0.274
mdot_h2: 10.62 g/s
Reynolds_number: 14,287,728
Stack prop output power: 432 kW, Pcomp: 22.4 kW
Cell efficiency: 0.304, Output efficiency: 0.274
mdot_h2: 10.62 g/s
Reynolds_number: 14,287,728
Stack prop output power: 432 kW, Pcomp: 22.4 kW
Cell efficiency: 0.304, Output efficiency: 0.274
mdot_h2: 10.62 g/s
Reynolds_number: 14,287,728
Stack prop output power: 432 kW, Pcomp: 22.4 kW
Cell efficiency: 0.304, Output efficiency: 0.274
mdot_h2: 10.62 g/s
Reynolds_number: 6,709,346
Stack prop output power: 322 kW, Pcomp: 2.8 kW
Cell efficiency: 0.305, Output efficiency: 0.287
mdot_h2: 7.55 g/s
Reynolds_number: 6,709,346
Stack prop output power: 322 kW, Pcomp: 2.8 kW
Cell efficiency: 0.305, Output efficiency: 0.287
mdot_h2: 7.55 g/s
Reynolds_number: 14,287,728
Stack prop output power: 322 kW, Pcomp: 2.9 kW
Cell efficiency: 0.286, Output efficiency: 0.269
mdot_h2: 8.06 g/s
Reynolds_number: 14,287,728
Stack prop output power: 322 kW, Pcomp: 2.9 kW
Cell efficiency: 0.286, Output efficiency: 0.269
mdot_h2: 8.06 g/s
Reynolds_number: 14,287,728
Stack prop output power: 322 kW, Pcomp: 16.6 kW
Cell efficiency: 0.304, Output efficiency: 0.274
mdot_h2: 7.90 g/s

-----------------------
ptotal_climb: 1,133 kW, mtom: 4,331 kg


======================================================
======================= ITER 2 =======================
Reynolds_number: 14,287,728
Stack prop output power: 375 kW, Pcomp: 19.4 kW
Cell efficiency: 0.304, Output efficiency: 0.274
mdot_h2: 9.19 g/s
Reynolds_number: 14,287,728
Stack prop output power: 375 kW, Pcomp: 19.4 kW
Cell efficiency: 0.304, Output efficiency: 0.274
mdot_h2: 9.19 g/s
Reynolds_number: 14,287,728
Stack prop output power: 375 kW, Pcomp: 19.4 kW
Cell efficiency: 0.304, Output efficiency: 0.274
mdot_h2: 9.19 g/s
Reynolds_number: 14,287,728
Stack prop output power: 375 kW, Pcomp: 19.4 kW
Cell efficiency: 0.304, Output efficiency: 0.274
mdot_h2: 9.19 g/s
Reynolds_number: 6,709,346
Stack prop output power: 279 kW, Pcomp: 2.4 kW
Cell efficiency: 0.305, Output efficiency: 0.287
mdot_h2: 6.54 g/s
Reynolds_number: 6,709,346
Stack prop output power: 279 kW, Pcomp: 2.4 kW
Cell efficiency: 0.305, Output efficiency: 0.287
mdot_h2: 6.54 g/s
Reynolds_number: 14,287,728
Stack prop output power: 279 kW, Pcomp: 2.5 kW
Cell efficiency: 0.286, Output efficiency: 0.269
mdot_h2: 6.98 g/s
Reynolds_number: 14,287,728
Stack prop output power: 279 kW, Pcomp: 2.5 kW
Cell efficiency: 0.286, Output efficiency: 0.269
mdot_h2: 6.98 g/s
Reynolds_number: 14,287,728
Stack prop output power: 279 kW, Pcomp: 14.4 kW
Cell efficiency: 0.304, Output efficiency: 0.274
mdot_h2: 6.84 g/s

-----------------------
ptotal_climb: 982 kW, mtom: 3,996 kg


======================================================
======================= ITER 3 =======================
Reynolds_number: 14,287,728
Stack prop output power: 346 kW, Pcomp: 17.9 kW
Cell efficiency: 0.304, Output efficiency: 0.274
mdot_h2: 8.48 g/s
Reynolds_number: 14,287,728
Stack prop output power: 346 kW, Pcomp: 17.9 kW
Cell efficiency: 0.304, Output efficiency: 0.274
mdot_h2: 8.48 g/s
Reynolds_number: 14,287,728
Stack prop output power: 346 kW, Pcomp: 17.9 kW
Cell efficiency: 0.304, Output efficiency: 0.274
mdot_h2: 8.48 g/s
Reynolds_number: 14,287,728
Stack prop output power: 346 kW, Pcomp: 17.9 kW
Cell efficiency: 0.304, Output efficiency: 0.274
mdot_h2: 8.48 g/s
Reynolds_number: 6,709,346
Stack prop output power: 257 kW, Pcomp: 2.2 kW
Cell efficiency: 0.305, Output efficiency: 0.287
mdot_h2: 6.03 g/s
Reynolds_number: 6,709,346
Stack prop output power: 257 kW, Pcomp: 2.2 kW
Cell efficiency: 0.305, Output efficiency: 0.287
mdot_h2: 6.03 g/s
Reynolds_number: 14,287,728
Stack prop output power: 257 kW, Pcomp: 2.3 kW
Cell efficiency: 0.286, Output efficiency: 0.269
mdot_h2: 6.44 g/s
Reynolds_number: 14,287,728
Stack prop output power: 257 kW, Pcomp: 2.3 kW
Cell efficiency: 0.286, Output efficiency: 0.269
mdot_h2: 6.44 g/s
Reynolds_number: 14,287,728
Stack prop output power: 257 kW, Pcomp: 13.3 kW
Cell efficiency: 0.304, Output efficiency: 0.274
mdot_h2: 6.31 g/s

-----------------------
ptotal_climb: 906 kW, mtom: 3,830 kg


======================================================
======================= ITER 4 =======================
Reynolds_number: 14,287,728
Stack prop output power: 331 kW, Pcomp: 17.1 kW
Cell efficiency: 0.304, Output efficiency: 0.274
mdot_h2: 8.13 g/s
Reynolds_number: 14,287,728
Stack prop output power: 331 kW, Pcomp: 17.1 kW
Cell efficiency: 0.304, Output efficiency: 0.274
mdot_h2: 8.13 g/s
Reynolds_number: 14,287,728
Stack prop output power: 331 kW, Pcomp: 17.1 kW
Cell efficiency: 0.304, Output efficiency: 0.274
mdot_h2: 8.13 g/s
Reynolds_number: 14,287,728
Stack prop output power: 331 kW, Pcomp: 17.1 kW
Cell efficiency: 0.304, Output efficiency: 0.274
mdot_h2: 8.13 g/s
Reynolds_number: 6,709,346
Stack prop output power: 247 kW, Pcomp: 2.1 kW
Cell efficiency: 0.305, Output efficiency: 0.287
mdot_h2: 5.78 g/s
Reynolds_number: 6,709,346
Stack prop output power: 247 kW, Pcomp: 2.1 kW
Cell efficiency: 0.305, Output efficiency: 0.287
mdot_h2: 5.78 g/s
Reynolds_number: 14,287,728
Stack prop output power: 247 kW, Pcomp: 2.2 kW
Cell efficiency: 0.286, Output efficiency: 0.269
mdot_h2: 6.17 g/s
Reynolds_number: 14,287,728
Stack prop output power: 247 kW, Pcomp: 2.2 kW
Cell efficiency: 0.286, Output efficiency: 0.269
mdot_h2: 6.17 g/s
Reynolds_number: 14,287,728
Stack prop output power: 247 kW, Pcomp: 12.7 kW
Cell efficiency: 0.304, Output efficiency: 0.274
mdot_h2: 6.05 g/s

-----------------------
ptotal_climb: 868 kW, mtom: 3,747 kg


======================================================
======================= ITER 5 =======================
Reynolds_number: 14,287,728
Stack prop output power: 324 kW, Pcomp: 16.8 kW
Cell efficiency: 0.304, Output efficiency: 0.274
mdot_h2: 7.95 g/s
Reynolds_number: 14,287,728
Stack prop output power: 324 kW, Pcomp: 16.8 kW
Cell efficiency: 0.304, Output efficiency: 0.274
mdot_h2: 7.95 g/s
Reynolds_number: 14,287,728
Stack prop output power: 324 kW, Pcomp: 16.8 kW
Cell efficiency: 0.304, Output efficiency: 0.274
mdot_h2: 7.95 g/s
Reynolds_number: 14,287,728
Stack prop output power: 324 kW, Pcomp: 16.8 kW
Cell efficiency: 0.304, Output efficiency: 0.274
mdot_h2: 7.95 g/s
Reynolds_number: 6,709,346
Stack prop output power: 241 kW, Pcomp: 2.1 kW
Cell efficiency: 0.305, Output efficiency: 0.287
mdot_h2: 5.65 g/s
Reynolds_number: 6,709,346
Stack prop output power: 241 kW, Pcomp: 2.1 kW
Cell efficiency: 0.305, Output efficiency: 0.287
mdot_h2: 5.65 g/s
Reynolds_number: 14,287,728
Stack prop output power: 241 kW, Pcomp: 2.2 kW
Cell efficiency: 0.286, Output efficiency: 0.269
mdot_h2: 6.04 g/s
Reynolds_number: 14,287,728
Stack prop output power: 241 kW, Pcomp: 2.2 kW
Cell efficiency: 0.286, Output efficiency: 0.269
mdot_h2: 6.04 g/s
Reynolds_number: 14,287,728
Stack prop output power: 241 kW, Pcomp: 12.5 kW
Cell efficiency: 0.304, Output efficiency: 0.274
mdot_h2: 5.92 g/s

-----------------------
ptotal_climb: 849 kW, mtom: 3,706 kg


======================================================
======================= ITER 6 =======================
Reynolds_number: 14,287,728
Stack prop output power: 320 kW, Pcomp: 16.6 kW
Cell efficiency: 0.304, Output efficiency: 0.274
mdot_h2: 7.87 g/s
Reynolds_number: 14,287,728
Stack prop output power: 320 kW, Pcomp: 16.6 kW
Cell efficiency: 0.304, Output efficiency: 0.274
mdot_h2: 7.87 g/s
Reynolds_number: 14,287,728
Stack prop output power: 320 kW, Pcomp: 16.6 kW
Cell efficiency: 0.304, Output efficiency: 0.274
mdot_h2: 7.87 g/s
Reynolds_number: 14,287,728
Stack prop output power: 320 kW, Pcomp: 16.6 kW
Cell efficiency: 0.304, Output efficiency: 0.274
mdot_h2: 7.87 g/s
Reynolds_number: 6,709,346
Stack prop output power: 239 kW, Pcomp: 2.1 kW
Cell efficiency: 0.305, Output efficiency: 0.287
mdot_h2: 5.59 g/s
Reynolds_number: 6,709,346
Stack prop output power: 239 kW, Pcomp: 2.1 kW
Cell efficiency: 0.305, Output efficiency: 0.287
mdot_h2: 5.59 g/s
Reynolds_number: 14,287,728
Stack prop output power: 239 kW, Pcomp: 2.1 kW
Cell efficiency: 0.286, Output efficiency: 0.269
mdot_h2: 5.97 g/s
Reynolds_number: 14,287,728
Stack prop output power: 239 kW, Pcomp: 2.1 kW
Cell efficiency: 0.286, Output efficiency: 0.269
mdot_h2: 5.97 g/s
Reynolds_number: 14,287,728
Stack prop output power: 239 kW, Pcomp: 12.3 kW
Cell efficiency: 0.304, Output efficiency: 0.274
mdot_h2: 5.86 g/s

-----------------------
ptotal_climb: 840 kW, mtom: 3,685 kg


======================================================
======================= ITER 7 =======================
Reynolds_number: 14,287,728
Stack prop output power: 319 kW, Pcomp: 16.5 kW
Cell efficiency: 0.304, Output efficiency: 0.274
mdot_h2: 7.82 g/s
Reynolds_number: 14,287,728
Stack prop output power: 319 kW, Pcomp: 16.5 kW
Cell efficiency: 0.304, Output efficiency: 0.274
mdot_h2: 7.82 g/s
Reynolds_number: 14,287,728
Stack prop output power: 319 kW, Pcomp: 16.5 kW
Cell efficiency: 0.304, Output efficiency: 0.274
mdot_h2: 7.82 g/s
Reynolds_number: 14,287,728
Stack prop output power: 319 kW, Pcomp: 16.5 kW
Cell efficiency: 0.304, Output efficiency: 0.274
mdot_h2: 7.82 g/s
Reynolds_number: 6,709,346
Stack prop output power: 237 kW, Pcomp: 2.1 kW
Cell efficiency: 0.305, Output efficiency: 0.287
mdot_h2: 5.56 g/s
Reynolds_number: 6,709,346
Stack prop output power: 237 kW, Pcomp: 2.1 kW
Cell efficiency: 0.305, Output efficiency: 0.287
mdot_h2: 5.56 g/s
Reynolds_number: 14,287,728
Stack prop output power: 237 kW, Pcomp: 2.1 kW
Cell efficiency: 0.286, Output efficiency: 0.269
mdot_h2: 5.94 g/s
Reynolds_number: 14,287,728
Stack prop output power: 237 kW, Pcomp: 2.1 kW
Cell efficiency: 0.286, Output efficiency: 0.269
mdot_h2: 5.94 g/s
Reynolds_number: 14,287,728
Stack prop output power: 237 kW, Pcomp: 12.3 kW
Cell efficiency: 0.304, Output efficiency: 0.274
mdot_h2: 5.82 g/s

-----------------------
ptotal_climb: 836 kW, mtom: 3,675 kg


======================================================
======================= ITER 8 =======================
Reynolds_number: 14,287,728
Stack prop output power: 318 kW, Pcomp: 16.4 kW
Cell efficiency: 0.304, Output efficiency: 0.274
mdot_h2: 7.80 g/s
Reynolds_number: 14,287,728
Stack prop output power: 318 kW, Pcomp: 16.4 kW
Cell efficiency: 0.304, Output efficiency: 0.274
mdot_h2: 7.80 g/s
Reynolds_number: 14,287,728
Stack prop output power: 318 kW, Pcomp: 16.4 kW
Cell efficiency: 0.304, Output efficiency: 0.274
mdot_h2: 7.80 g/s
Reynolds_number: 14,287,728
Stack prop output power: 318 kW, Pcomp: 16.4 kW
Cell efficiency: 0.304, Output efficiency: 0.274
mdot_h2: 7.80 g/s
Reynolds_number: 6,709,346
Stack prop output power: 237 kW, Pcomp: 2.1 kW
Cell efficiency: 0.305, Output efficiency: 0.287
mdot_h2: 5.55 g/s
Reynolds_number: 6,709,346
Stack prop output power: 237 kW, Pcomp: 2.1 kW
Cell efficiency: 0.305, Output efficiency: 0.287
mdot_h2: 5.55 g/s
Reynolds_number: 14,287,728
Stack prop output power: 237 kW, Pcomp: 2.1 kW
Cell efficiency: 0.286, Output efficiency: 0.269
mdot_h2: 5.92 g/s
Reynolds_number: 14,287,728
Stack prop output power: 237 kW, Pcomp: 2.1 kW
Cell efficiency: 0.286, Output efficiency: 0.269
mdot_h2: 5.92 g/s
Reynolds_number: 14,287,728
Stack prop output power: 237 kW, Pcomp: 12.2 kW
Cell efficiency: 0.304, Output efficiency: 0.274
mdot_h2: 5.81 g/s

-----------------------
ptotal_climb: 833 kW, mtom: 3,670 kg


======================================================
======================= ITER 9 =======================
Reynolds_number: 14,287,728
Stack prop output power: 317 kW, Pcomp: 16.4 kW
Cell efficiency: 0.304, Output efficiency: 0.274
mdot_h2: 7.79 g/s
Reynolds_number: 14,287,728
Stack prop output power: 317 kW, Pcomp: 16.4 kW
Cell efficiency: 0.304, Output efficiency: 0.274
mdot_h2: 7.79 g/s
Reynolds_number: 14,287,728
Stack prop output power: 317 kW, Pcomp: 16.4 kW
Cell efficiency: 0.304, Output efficiency: 0.274
mdot_h2: 7.79 g/s
Reynolds_number: 14,287,728
Stack prop output power: 317 kW, Pcomp: 16.4 kW
Cell efficiency: 0.304, Output efficiency: 0.274
mdot_h2: 7.79 g/s
Reynolds_number: 6,709,346
Stack prop output power: 236 kW, Pcomp: 2.1 kW
Cell efficiency: 0.305, Output efficiency: 0.287
mdot_h2: 5.54 g/s
Reynolds_number: 6,709,346
Stack prop output power: 236 kW, Pcomp: 2.1 kW
Cell efficiency: 0.305, Output efficiency: 0.287
mdot_h2: 5.54 g/s
Reynolds_number: 14,287,728
Stack prop output power: 236 kW, Pcomp: 2.1 kW
Cell efficiency: 0.286, Output efficiency: 0.269
mdot_h2: 5.91 g/s
Reynolds_number: 14,287,728
Stack prop output power: 236 kW, Pcomp: 2.1 kW
Cell efficiency: 0.286, Output efficiency: 0.269
mdot_h2: 5.91 g/s
Reynolds_number: 14,287,728
Stack prop output power: 236 kW, Pcomp: 12.2 kW
Cell efficiency: 0.304, Output efficiency: 0.274
mdot_h2: 5.80 g/s

-----------------------
ptotal_climb: 832 kW, mtom: 3,668 kg


======================================================
======================= ITER 10 =======================
Reynolds_number: 14,287,728
Stack prop output power: 317 kW, Pcomp: 16.4 kW
Cell efficiency: 0.304, Output efficiency: 0.274
mdot_h2: 7.79 g/s
Reynolds_number: 14,287,728
Stack prop output power: 317 kW, Pcomp: 16.4 kW
Cell efficiency: 0.304, Output efficiency: 0.274
mdot_h2: 7.79 g/s
Reynolds_number: 14,287,728
Stack prop output power: 317 kW, Pcomp: 16.4 kW
Cell efficiency: 0.304, Output efficiency: 0.274
mdot_h2: 7.79 g/s
Reynolds_number: 14,287,728
Stack prop output power: 317 kW, Pcomp: 16.4 kW
Cell efficiency: 0.304, Output efficiency: 0.274
mdot_h2: 7.79 g/s
Reynolds_number: 6,709,346
Stack prop output power: 236 kW, Pcomp: 2.1 kW
Cell efficiency: 0.305, Output efficiency: 0.287
mdot_h2: 5.54 g/s
Reynolds_number: 6,709,346
Stack prop output power: 236 kW, Pcomp: 2.1 kW
Cell efficiency: 0.305, Output efficiency: 0.287
mdot_h2: 5.54 g/s
Reynolds_number: 14,287,728
Stack prop output power: 236 kW, Pcomp: 2.1 kW
Cell efficiency: 0.286, Output efficiency: 0.269
mdot_h2: 5.91 g/s
Reynolds_number: 14,287,728
Stack prop output power: 236 kW, Pcomp: 2.1 kW
Cell efficiency: 0.286, Output efficiency: 0.269
mdot_h2: 5.91 g/s
Reynolds_number: 14,287,728
Stack prop output power: 236 kW, Pcomp: 12.2 kW
Cell efficiency: 0.304, Output efficiency: 0.274
mdot_h2: 5.79 g/s

-----------------------
ptotal_climb: 832 kW, mtom: 3,666 kg


======================================================
======================= ITER 11 =======================
Reynolds_number: 14,287,728
Stack prop output power: 317 kW, Pcomp: 16.4 kW
Cell efficiency: 0.304, Output efficiency: 0.274
mdot_h2: 7.78 g/s
Reynolds_number: 14,287,728
Stack prop output power: 317 kW, Pcomp: 16.4 kW
Cell efficiency: 0.304, Output efficiency: 0.274
mdot_h2: 7.78 g/s
Reynolds_number: 6,709,346
Stack prop output power: 236 kW, Pcomp: 2.1 kW
Cell efficiency: 0.305, Output efficiency: 0.287
mdot_h2: 5.53 g/s
Reynolds_number: 14,287,728
Stack prop output power: 236 kW, Pcomp: 2.1 kW
Cell efficiency: 0.286, Output efficiency: 0.269
mdot_h2: 5.91 g/s
Reynolds_number: 14,287,728
Stack prop output power: 236 kW, Pcomp: 12.2 kW
Cell efficiency: 0.304, Output efficiency: 0.274
mdot_h2: 5.79 g/s

-----------------------
ptotal_climb: 831 kW, mtom: 3,666 kg



CONVERGED
======================================================
======================= ITER 1 =======================
Reynolds_number: 14,287,728
Stack prop output power: 318 kW, Pcomp: 16.4 kW
Cell efficiency: 0.304, Output efficiency: 0.274
mdot_h2: 7.80 g/s
Reynolds_number: 14,287,728
Stack prop output power: 318 kW, Pcomp: 16.4 kW
Cell efficiency: 0.304, Output efficiency: 0.274
mdot_h2: 7.80 g/s
Reynolds_number: 14,287,728
Stack prop output power: 318 kW, Pcomp: 16.4 kW
Cell efficiency: 0.304, Output efficiency: 0.274
mdot_h2: 7.80 g/s
Reynolds_number: 14,287,728
Stack prop output power: 318 kW, Pcomp: 16.4 kW
Cell efficiency: 0.304, Output efficiency: 0.274
mdot_h2: 7.80 g/s
Reynolds_number: 6,709,346
Stack prop output power: 236 kW, Pcomp: 2.1 kW
Cell efficiency: 0.305, Output efficiency: 0.287
mdot_h2: 5.54 g/s
Reynolds_number: 6,709,346
Stack prop output power: 236 kW, Pcomp: 2.1 kW
Cell efficiency: 0.305, Output efficiency: 0.287
mdot_h2: 5.54 g/s
Reynolds_number: 14,287,728
Stack prop output power: 236 kW, Pcomp: 2.1 kW
Cell efficiency: 0.286, Output efficiency: 0.269
mdot_h2: 5.92 g/s
Reynolds_number: 14,287,728
Stack prop output power: 236 kW, Pcomp: 2.1 kW
Cell efficiency: 0.286, Output efficiency: 0.269
mdot_h2: 5.92 g/s
Reynolds_number: 14,287,728
Stack prop output power: 236 kW, Pcomp: 12.2 kW
Cell efficiency: 0.304, Output efficiency: 0.274
mdot_h2: 5.80 g/s

-----------------------
ptotal_climb: 833 kW, mtom: 3,663 kg


======================================================
======================= ITER 2 =======================
Reynolds_number: 14,287,728
Stack prop output power: 317 kW, Pcomp: 16.4 kW
Cell efficiency: 0.304, Output efficiency: 0.274
mdot_h2: 7.79 g/s
Reynolds_number: 14,287,728
Stack prop output power: 317 kW, Pcomp: 16.4 kW
Cell efficiency: 0.304, Output efficiency: 0.274
mdot_h2: 7.79 g/s
Reynolds_number: 14,287,728
Stack prop output power: 317 kW, Pcomp: 16.4 kW
Cell efficiency: 0.304, Output efficiency: 0.274
mdot_h2: 7.79 g/s
Reynolds_number: 14,287,728
Stack prop output power: 317 kW, Pcomp: 16.4 kW
Cell efficiency: 0.304, Output efficiency: 0.274
mdot_h2: 7.79 g/s
Reynolds_number: 6,709,346
Stack prop output power: 236 kW, Pcomp: 2.1 kW
Cell efficiency: 0.305, Output efficiency: 0.287
mdot_h2: 5.54 g/s
Reynolds_number: 6,709,346
Stack prop output power: 236 kW, Pcomp: 2.1 kW
Cell efficiency: 0.305, Output efficiency: 0.287
mdot_h2: 5.54 g/s
Reynolds_number: 14,287,728
Stack prop output power: 236 kW, Pcomp: 2.1 kW
Cell efficiency: 0.286, Output efficiency: 0.269
mdot_h2: 5.91 g/s
Reynolds_number: 14,287,728
Stack prop output power: 236 kW, Pcomp: 2.1 kW
Cell efficiency: 0.286, Output efficiency: 0.269
mdot_h2: 5.91 g/s
Reynolds_number: 14,287,728
Stack prop output power: 236 kW, Pcomp: 12.2 kW
Cell efficiency: 0.304, Output efficiency: 0.274
mdot_h2: 5.80 g/s

-----------------------
ptotal_climb: 832 kW, mtom: 3,662 kg


======================================================
======================= ITER 3 =======================
Reynolds_number: 14,287,728
Stack prop output power: 317 kW, Pcomp: 16.4 kW
Cell efficiency: 0.304, Output efficiency: 0.274
mdot_h2: 7.79 g/s
Reynolds_number: 14,287,728
Stack prop output power: 317 kW, Pcomp: 16.4 kW
Cell efficiency: 0.304, Output efficiency: 0.274
mdot_h2: 7.79 g/s
Reynolds_number: 6,709,346
Stack prop output power: 236 kW, Pcomp: 2.1 kW
Cell efficiency: 0.305, Output efficiency: 0.287
mdot_h2: 5.54 g/s
Reynolds_number: 14,287,728
Stack prop output power: 236 kW, Pcomp: 2.1 kW
Cell efficiency: 0.286, Output efficiency: 0.269
mdot_h2: 5.91 g/s
Reynolds_number: 14,287,728
Stack prop output power: 236 kW, Pcomp: 12.2 kW
Cell efficiency: 0.304, Output efficiency: 0.274
mdot_h2: 5.80 g/s

-----------------------
ptotal_climb: 832 kW, mtom: 3,661 kg



CONVERGED
======================================================
======================= ITER 1 =======================
Reynolds_number: 14,287,728
Stack prop output power: 318 kW, Pcomp: 16.4 kW
Cell efficiency: 0.304, Output efficiency: 0.274
mdot_h2: 7.80 g/s
Reynolds_number: 14,287,728
Stack prop output power: 318 kW, Pcomp: 16.4 kW
Cell efficiency: 0.304, Output efficiency: 0.274
mdot_h2: 7.80 g/s
Reynolds_number: 14,287,728
Stack prop output power: 318 kW, Pcomp: 16.4 kW
Cell efficiency: 0.304, Output efficiency: 0.274
mdot_h2: 7.80 g/s
Reynolds_number: 14,287,728
Stack prop output power: 318 kW, Pcomp: 16.4 kW
Cell efficiency: 0.304, Output efficiency: 0.274
mdot_h2: 7.80 g/s
Reynolds_number: 6,709,346
Stack prop output power: 236 kW, Pcomp: 2.1 kW
Cell efficiency: 0.305, Output efficiency: 0.287
mdot_h2: 5.54 g/s
Reynolds_number: 6,709,346
Stack prop output power: 236 kW, Pcomp: 2.1 kW
Cell efficiency: 0.305, Output efficiency: 0.287
mdot_h2: 5.54 g/s
Reynolds_number: 14,287,728
Stack prop output power: 236 kW, Pcomp: 2.1 kW
Cell efficiency: 0.286, Output efficiency: 0.269
mdot_h2: 5.92 g/s
Reynolds_number: 14,287,728
Stack prop output power: 236 kW, Pcomp: 2.1 kW
Cell efficiency: 0.286, Output efficiency: 0.269
mdot_h2: 5.92 g/s
Reynolds_number: 14,287,728
Stack prop output power: 236 kW, Pcomp: 12.2 kW
Cell efficiency: 0.304, Output efficiency: 0.274
mdot_h2: 5.80 g/s

-----------------------
ptotal_climb: 833 kW, mtom: 3,659 kg


======================================================
======================= ITER 2 =======================
Reynolds_number: 14,287,728
Stack prop output power: 318 kW, Pcomp: 16.4 kW
Cell efficiency: 0.304, Output efficiency: 0.274
mdot_h2: 7.79 g/s
Reynolds_number: 14,287,728
Stack prop output power: 318 kW, Pcomp: 16.4 kW
Cell efficiency: 0.304, Output efficiency: 0.274
mdot_h2: 7.79 g/s
Reynolds_number: 14,287,728
Stack prop output power: 318 kW, Pcomp: 16.4 kW
Cell efficiency: 0.304, Output efficiency: 0.274
mdot_h2: 7.79 g/s
Reynolds_number: 14,287,728
Stack prop output power: 318 kW, Pcomp: 16.4 kW
Cell efficiency: 0.304, Output efficiency: 0.274
mdot_h2: 7.79 g/s
Reynolds_number: 6,709,346
Stack prop output power: 236 kW, Pcomp: 2.1 kW
Cell efficiency: 0.305, Output efficiency: 0.287
mdot_h2: 5.54 g/s
Reynolds_number: 6,709,346
Stack prop output power: 236 kW, Pcomp: 2.1 kW
Cell efficiency: 0.305, Output efficiency: 0.287
mdot_h2: 5.54 g/s
Reynolds_number: 14,287,728
Stack prop output power: 236 kW, Pcomp: 2.1 kW
Cell efficiency: 0.286, Output efficiency: 0.269
mdot_h2: 5.92 g/s
Reynolds_number: 14,287,728
Stack prop output power: 236 kW, Pcomp: 2.1 kW
Cell efficiency: 0.286, Output efficiency: 0.269
mdot_h2: 5.92 g/s
Reynolds_number: 14,287,728
Stack prop output power: 236 kW, Pcomp: 12.2 kW
Cell efficiency: 0.304, Output efficiency: 0.274
mdot_h2: 5.80 g/s

-----------------------
ptotal_climb: 832 kW, mtom: 3,657 kg


======================================================
======================= ITER 3 =======================
Reynolds_number: 14,287,728
Stack prop output power: 317 kW, Pcomp: 16.4 kW
Cell efficiency: 0.304, Output efficiency: 0.274
mdot_h2: 7.79 g/s
Reynolds_number: 14,287,728
Stack prop output power: 317 kW, Pcomp: 16.4 kW
Cell efficiency: 0.304, Output efficiency: 0.274
mdot_h2: 7.79 g/s
Reynolds_number: 6,709,346
Stack prop output power: 236 kW, Pcomp: 2.1 kW
Cell efficiency: 0.305, Output efficiency: 0.287
mdot_h2: 5.54 g/s
Reynolds_number: 14,287,728
Stack prop output power: 236 kW, Pcomp: 2.1 kW
Cell efficiency: 0.286, Output efficiency: 0.269
mdot_h2: 5.91 g/s
Reynolds_number: 14,287,728
Stack prop output power: 236 kW, Pcomp: 12.2 kW
Cell efficiency: 0.304, Output efficiency: 0.274
mdot_h2: 5.80 g/s

-----------------------
ptotal_climb: 832 kW, mtom: 3,657 kg



CONVERGED
======================================================
======================= ITER 1 =======================
Reynolds_number: 14,287,728
Stack prop output power: 324 kW, Pcomp: 16.7 kW
Cell efficiency: 0.304, Output efficiency: 0.274
mdot_h2: 7.95 g/s
Reynolds_number: 14,287,728
Stack prop output power: 324 kW, Pcomp: 16.7 kW
Cell efficiency: 0.304, Output efficiency: 0.274
mdot_h2: 7.95 g/s
Reynolds_number: 14,287,728
Stack prop output power: 324 kW, Pcomp: 16.7 kW
Cell efficiency: 0.304, Output efficiency: 0.274
mdot_h2: 7.95 g/s
Reynolds_number: 14,287,728
Stack prop output power: 324 kW, Pcomp: 16.7 kW
Cell efficiency: 0.304, Output efficiency: 0.274
mdot_h2: 7.95 g/s
Reynolds_number: 6,709,346
Stack prop output power: 241 kW, Pcomp: 2.1 kW
Cell efficiency: 0.305, Output efficiency: 0.287
mdot_h2: 5.65 g/s
Reynolds_number: 6,709,346
Stack prop output power: 241 kW, Pcomp: 2.1 kW
Cell efficiency: 0.305, Output efficiency: 0.287
mdot_h2: 5.65 g/s
Reynolds_number: 14,287,728
Stack prop output power: 241 kW, Pcomp: 2.2 kW
Cell efficiency: 0.286, Output efficiency: 0.269
mdot_h2: 6.03 g/s
Reynolds_number: 14,287,728
Stack prop output power: 241 kW, Pcomp: 2.2 kW
Cell efficiency: 0.286, Output efficiency: 0.269
mdot_h2: 6.03 g/s
Reynolds_number: 14,287,728
Stack prop output power: 241 kW, Pcomp: 12.5 kW
Cell efficiency: 0.304, Output efficiency: 0.274
mdot_h2: 5.91 g/s

-----------------------
ptotal_climb: 849 kW, mtom: 3,679 kg


======================================================
======================= ITER 2 =======================
Reynolds_number: 14,287,728
Stack prop output power: 326 kW, Pcomp: 16.8 kW
Cell efficiency: 0.304, Output efficiency: 0.274
mdot_h2: 7.99 g/s
Reynolds_number: 14,287,728
Stack prop output power: 326 kW, Pcomp: 16.8 kW
Cell efficiency: 0.304, Output efficiency: 0.274
mdot_h2: 7.99 g/s
Reynolds_number: 14,287,728
Stack prop output power: 326 kW, Pcomp: 16.8 kW
Cell efficiency: 0.304, Output efficiency: 0.274
mdot_h2: 7.99 g/s
Reynolds_number: 14,287,728
Stack prop output power: 326 kW, Pcomp: 16.8 kW
Cell efficiency: 0.304, Output efficiency: 0.274
mdot_h2: 7.99 g/s
Reynolds_number: 6,709,346
Stack prop output power: 242 kW, Pcomp: 2.1 kW
Cell efficiency: 0.305, Output efficiency: 0.287
mdot_h2: 5.68 g/s
Reynolds_number: 6,709,346
Stack prop output power: 242 kW, Pcomp: 2.1 kW
Cell efficiency: 0.305, Output efficiency: 0.287
mdot_h2: 5.68 g/s
Reynolds_number: 14,287,728
Stack prop output power: 242 kW, Pcomp: 2.2 kW
Cell efficiency: 0.286, Output efficiency: 0.269
mdot_h2: 6.07 g/s
Reynolds_number: 14,287,728
Stack prop output power: 242 kW, Pcomp: 2.2 kW
Cell efficiency: 0.286, Output efficiency: 0.269
mdot_h2: 6.07 g/s
Reynolds_number: 14,287,728
Stack prop output power: 242 kW, Pcomp: 12.5 kW
Cell efficiency: 0.304, Output efficiency: 0.274
mdot_h2: 5.95 g/s

-----------------------
ptotal_climb: 854 kW, mtom: 3,690 kg


======================================================
======================= ITER 3 =======================
Reynolds_number: 14,287,728
Stack prop output power: 327 kW, Pcomp: 16.9 kW
Cell efficiency: 0.304, Output efficiency: 0.274
mdot_h2: 8.02 g/s
Reynolds_number: 14,287,728
Stack prop output power: 327 kW, Pcomp: 16.9 kW
Cell efficiency: 0.304, Output efficiency: 0.274
mdot_h2: 8.02 g/s
Reynolds_number: 14,287,728
Stack prop output power: 327 kW, Pcomp: 16.9 kW
Cell efficiency: 0.304, Output efficiency: 0.274
mdot_h2: 8.02 g/s
Reynolds_number: 14,287,728
Stack prop output power: 327 kW, Pcomp: 16.9 kW
Cell efficiency: 0.304, Output efficiency: 0.274
mdot_h2: 8.02 g/s
Reynolds_number: 6,709,346
Stack prop output power: 243 kW, Pcomp: 2.1 kW
Cell efficiency: 0.305, Output efficiency: 0.287
mdot_h2: 5.70 g/s
Reynolds_number: 6,709,346
Stack prop output power: 243 kW, Pcomp: 2.1 kW
Cell efficiency: 0.305, Output efficiency: 0.287
mdot_h2: 5.70 g/s
Reynolds_number: 14,287,728
Stack prop output power: 243 kW, Pcomp: 2.2 kW
Cell efficiency: 0.286, Output efficiency: 0.269
mdot_h2: 6.09 g/s
Reynolds_number: 14,287,728
Stack prop output power: 243 kW, Pcomp: 2.2 kW
Cell efficiency: 0.286, Output efficiency: 0.269
mdot_h2: 6.09 g/s
Reynolds_number: 14,287,728
Stack prop output power: 243 kW, Pcomp: 12.6 kW
Cell efficiency: 0.304, Output efficiency: 0.274
mdot_h2: 5.97 g/s

-----------------------
ptotal_climb: 856 kW, mtom: 3,696 kg


======================================================
======================= ITER 4 =======================
Reynolds_number: 14,287,728
Stack prop output power: 327 kW, Pcomp: 16.9 kW
Cell efficiency: 0.304, Output efficiency: 0.274
mdot_h2: 8.03 g/s
Reynolds_number: 14,287,728
Stack prop output power: 327 kW, Pcomp: 16.9 kW
Cell efficiency: 0.304, Output efficiency: 0.274
mdot_h2: 8.03 g/s
Reynolds_number: 14,287,728
Stack prop output power: 327 kW, Pcomp: 16.9 kW
Cell efficiency: 0.304, Output efficiency: 0.274
mdot_h2: 8.03 g/s
Reynolds_number: 14,287,728
Stack prop output power: 327 kW, Pcomp: 16.9 kW
Cell efficiency: 0.304, Output efficiency: 0.274
mdot_h2: 8.03 g/s
Reynolds_number: 6,709,346
Stack prop output power: 243 kW, Pcomp: 2.1 kW
Cell efficiency: 0.305, Output efficiency: 0.287
mdot_h2: 5.71 g/s
Reynolds_number: 6,709,346
Stack prop output power: 243 kW, Pcomp: 2.1 kW
Cell efficiency: 0.305, Output efficiency: 0.287
mdot_h2: 5.71 g/s
Reynolds_number: 14,287,728
Stack prop output power: 243 kW, Pcomp: 2.2 kW
Cell efficiency: 0.286, Output efficiency: 0.269
mdot_h2: 6.10 g/s
Reynolds_number: 14,287,728
Stack prop output power: 243 kW, Pcomp: 2.2 kW
Cell efficiency: 0.286, Output efficiency: 0.269
mdot_h2: 6.10 g/s
Reynolds_number: 14,287,728
Stack prop output power: 243 kW, Pcomp: 12.6 kW
Cell efficiency: 0.304, Output efficiency: 0.274
mdot_h2: 5.98 g/s

-----------------------
ptotal_climb: 858 kW, mtom: 3,699 kg


======================================================
======================= ITER 5 =======================
Reynolds_number: 14,287,728
Stack prop output power: 327 kW, Pcomp: 16.9 kW
Cell efficiency: 0.304, Output efficiency: 0.274
mdot_h2: 8.04 g/s
Reynolds_number: 14,287,728
Stack prop output power: 327 kW, Pcomp: 16.9 kW
Cell efficiency: 0.304, Output efficiency: 0.274
mdot_h2: 8.04 g/s
Reynolds_number: 14,287,728
Stack prop output power: 327 kW, Pcomp: 16.9 kW
Cell efficiency: 0.304, Output efficiency: 0.274
mdot_h2: 8.04 g/s
Reynolds_number: 14,287,728
Stack prop output power: 327 kW, Pcomp: 16.9 kW
Cell efficiency: 0.304, Output efficiency: 0.274
mdot_h2: 8.04 g/s
Reynolds_number: 6,709,346
Stack prop output power: 244 kW, Pcomp: 2.1 kW
Cell efficiency: 0.305, Output efficiency: 0.287
mdot_h2: 5.71 g/s
Reynolds_number: 6,709,346
Stack prop output power: 244 kW, Pcomp: 2.1 kW
Cell efficiency: 0.305, Output efficiency: 0.287
mdot_h2: 5.71 g/s
Reynolds_number: 14,287,728
Stack prop output power: 244 kW, Pcomp: 2.2 kW
Cell efficiency: 0.286, Output efficiency: 0.269
mdot_h2: 6.10 g/s
Reynolds_number: 14,287,728
Stack prop output power: 244 kW, Pcomp: 2.2 kW
Cell efficiency: 0.286, Output efficiency: 0.269
mdot_h2: 6.10 g/s
Reynolds_number: 14,287,728
Stack prop output power: 244 kW, Pcomp: 12.6 kW
Cell efficiency: 0.304, Output efficiency: 0.274
mdot_h2: 5.98 g/s

-----------------------
ptotal_climb: 858 kW, mtom: 3,700 kg


======================================================
======================= ITER 6 =======================
Reynolds_number: 14,287,728
Stack prop output power: 327 kW, Pcomp: 16.9 kW
Cell efficiency: 0.304, Output efficiency: 0.274
mdot_h2: 8.04 g/s
Reynolds_number: 14,287,728
Stack prop output power: 327 kW, Pcomp: 16.9 kW
Cell efficiency: 0.304, Output efficiency: 0.274
mdot_h2: 8.04 g/s
Reynolds_number: 6,709,346
Stack prop output power: 244 kW, Pcomp: 2.1 kW
Cell efficiency: 0.305, Output efficiency: 0.287
mdot_h2: 5.72 g/s
Reynolds_number: 14,287,728
Stack prop output power: 244 kW, Pcomp: 2.2 kW
Cell efficiency: 0.286, Output efficiency: 0.269
mdot_h2: 6.10 g/s
Reynolds_number: 14,287,728
Stack prop output power: 244 kW, Pcomp: 12.6 kW
Cell efficiency: 0.304, Output efficiency: 0.274
mdot_h2: 5.98 g/s

-----------------------
ptotal_climb: 859 kW, mtom: 3,701 kg



CONVERGED
======================================================
======================= ITER 1 =======================
Reynolds_number: 14,287,728
Stack prop output power: 338 kW, Pcomp: 17.5 kW
Cell efficiency: 0.304, Output efficiency: 0.274
mdot_h2: 8.29 g/s
Reynolds_number: 14,287,728
Stack prop output power: 338 kW, Pcomp: 17.5 kW
Cell efficiency: 0.304, Output efficiency: 0.274
mdot_h2: 8.29 g/s
Reynolds_number: 14,287,728
Stack prop output power: 338 kW, Pcomp: 17.5 kW
Cell efficiency: 0.304, Output efficiency: 0.274
mdot_h2: 8.29 g/s
Reynolds_number: 14,287,728
Stack prop output power: 338 kW, Pcomp: 17.5 kW
Cell efficiency: 0.304, Output efficiency: 0.274
mdot_h2: 8.29 g/s
Reynolds_number: 6,709,346
Stack prop output power: 251 kW, Pcomp: 2.2 kW
Cell efficiency: 0.305, Output efficiency: 0.287
mdot_h2: 5.89 g/s
Reynolds_number: 6,709,346
Stack prop output power: 251 kW, Pcomp: 2.2 kW
Cell efficiency: 0.305, Output efficiency: 0.287
mdot_h2: 5.89 g/s
Reynolds_number: 14,287,728
Stack prop output power: 251 kW, Pcomp: 2.3 kW
Cell efficiency: 0.286, Output efficiency: 0.269
mdot_h2: 6.29 g/s
Reynolds_number: 14,287,728
Stack prop output power: 251 kW, Pcomp: 2.3 kW
Cell efficiency: 0.286, Output efficiency: 0.269
mdot_h2: 6.29 g/s
Reynolds_number: 14,287,728
Stack prop output power: 251 kW, Pcomp: 13.0 kW
Cell efficiency: 0.304, Output efficiency: 0.274
mdot_h2: 6.17 g/s

-----------------------
ptotal_climb: 885 kW, mtom: 3,740 kg


======================================================
======================= ITER 2 =======================
Reynolds_number: 14,287,728
Stack prop output power: 341 kW, Pcomp: 17.7 kW
Cell efficiency: 0.304, Output efficiency: 0.274
mdot_h2: 8.38 g/s
Reynolds_number: 14,287,728
Stack prop output power: 341 kW, Pcomp: 17.7 kW
Cell efficiency: 0.304, Output efficiency: 0.274
mdot_h2: 8.38 g/s
Reynolds_number: 14,287,728
