======================================================
======================= ITER 1 =======================
Reynolds_number: 11,112,677
Stack prop output power: 432 kW, Pcomp: 22.3 kW
Cell efficiency: 0.300, Output efficiency: 0.271
mdot_h2: 10.75 g/s
Reynolds_number: 11,112,677
Stack prop output power: 432 kW, Pcomp: 22.3 kW
Cell efficiency: 0.300, Output efficiency: 0.271
mdot_h2: 10.75 g/s
Reynolds_number: 11,112,677
Stack prop output power: 432 kW, Pcomp: 22.3 kW
Cell efficiency: 0.300, Output efficiency: 0.271
mdot_h2: 10.75 g/s
Reynolds_number: 11,112,677
Stack prop output power: 432 kW, Pcomp: 22.3 kW
Cell efficiency: 0.300, Output efficiency: 0.271
mdot_h2: 10.75 g/s
Reynolds_number: 6,709,346
Stack prop output power: 322 kW, Pcomp: 2.8 kW
Cell efficiency: 0.305, Output efficiency: 0.287
mdot_h2: 7.55 g/s
Reynolds_number: 6,709,346
Stack prop output power: 322 kW, Pcomp: 2.8 kW
Cell efficiency: 0.305, Output efficiency: 0.287
mdot_h2: 7.55 g/s
Reynolds_number: 11,112,677
Stack prop output power: 322 kW, Pcomp: 2.9 kW
Cell efficiency: 0.281, Output efficiency: 0.264
mdot_h2: 8.19 g/s
Reynolds_number: 11,112,677
Stack prop output power: 322 kW, Pcomp: 2.9 kW
Cell efficiency: 0.281, Output efficiency: 0.264
mdot_h2: 8.19 g/s
Reynolds_number: 11,112,677
Stack prop output power: 322 kW, Pcomp: 16.6 kW
Cell efficiency: 0.300, Output efficiency: 0.271
mdot_h2: 8.00 g/s

-----------------------
ptotal_climb: 1,140 kW, mtom: 4,974 kg


======================================================
======================= ITER 2 =======================
Reynolds_number: 11,112,677
Stack prop output power: 430 kW, Pcomp: 22.2 kW
Cell efficiency: 0.300, Output efficiency: 0.271
mdot_h2: 10.69 g/s
Reynolds_number: 11,112,677
Stack prop output power: 430 kW, Pcomp: 22.2 kW
Cell efficiency: 0.300, Output efficiency: 0.271
mdot_h2: 10.69 g/s
Reynolds_number: 11,112,677
Stack prop output power: 430 kW, Pcomp: 22.2 kW
Cell efficiency: 0.300, Output efficiency: 0.271
mdot_h2: 10.69 g/s
Reynolds_number: 11,112,677
Stack prop output power: 430 kW, Pcomp: 22.2 kW
Cell efficiency: 0.300, Output efficiency: 0.271
mdot_h2: 10.69 g/s
Reynolds_number: 6,709,346
Stack prop output power: 320 kW, Pcomp: 2.8 kW
Cell efficiency: 0.305, Output efficiency: 0.287
mdot_h2: 7.51 g/s
Reynolds_number: 6,709,346
Stack prop output power: 320 kW, Pcomp: 2.8 kW
Cell efficiency: 0.305, Output efficiency: 0.287
mdot_h2: 7.51 g/s
Reynolds_number: 11,112,677
Stack prop output power: 320 kW, Pcomp: 2.9 kW
Cell efficiency: 0.281, Output efficiency: 0.264
mdot_h2: 8.15 g/s
Reynolds_number: 11,112,677
Stack prop output power: 320 kW, Pcomp: 2.9 kW
Cell efficiency: 0.281, Output efficiency: 0.264
mdot_h2: 8.15 g/s
Reynolds_number: 11,112,677
Stack prop output power: 320 kW, Pcomp: 16.5 kW
Cell efficiency: 0.300, Output efficiency: 0.271
mdot_h2: 7.96 g/s

-----------------------
ptotal_climb: 1,134 kW, mtom: 4,957 kg


======================================================
======================= ITER 3 =======================
Reynolds_number: 11,112,677
Stack prop output power: 429 kW, Pcomp: 22.1 kW
Cell efficiency: 0.300, Output efficiency: 0.271
mdot_h2: 10.66 g/s
Reynolds_number: 11,112,677
Stack prop output power: 429 kW, Pcomp: 22.1 kW
Cell efficiency: 0.300, Output efficiency: 0.271
mdot_h2: 10.66 g/s
Reynolds_number: 11,112,677
Stack prop output power: 429 kW, Pcomp: 22.1 kW
Cell efficiency: 0.300, Output efficiency: 0.271
mdot_h2: 10.66 g/s
Reynolds_number: 11,112,677
Stack prop output power: 429 kW, Pcomp: 22.1 kW
Cell efficiency: 0.300, Output efficiency: 0.271
mdot_h2: 10.66 g/s
Reynolds_number: 6,709,346
Stack prop output power: 319 kW, Pcomp: 2.8 kW
Cell efficiency: 0.305, Output efficiency: 0.287
mdot_h2: 7.48 g/s
Reynolds_number: 6,709,346
Stack prop output power: 319 kW, Pcomp: 2.8 kW
Cell efficiency: 0.305, Output efficiency: 0.287
mdot_h2: 7.48 g/s
Reynolds_number: 11,112,677
Stack prop output power: 319 kW, Pcomp: 2.9 kW
Cell efficiency: 0.281, Output efficiency: 0.264
mdot_h2: 8.12 g/s
Reynolds_number: 11,112,677
Stack prop output power: 319 kW, Pcomp: 2.9 kW
Cell efficiency: 0.281, Output efficiency: 0.264
mdot_h2: 8.12 g/s
Reynolds_number: 11,112,677
Stack prop output power: 319 kW, Pcomp: 16.5 kW
Cell efficiency: 0.300, Output efficiency: 0.271
mdot_h2: 7.93 g/s

-----------------------
ptotal_climb: 1,130 kW, mtom: 4,947 kg


======================================================
======================= ITER 4 =======================
Reynolds_number: 11,112,677
Stack prop output power: 428 kW, Pcomp: 22.1 kW
Cell efficiency: 0.300, Output efficiency: 0.271
mdot_h2: 10.64 g/s
Reynolds_number: 11,112,677
Stack prop output power: 428 kW, Pcomp: 22.1 kW
Cell efficiency: 0.300, Output efficiency: 0.271
mdot_h2: 10.64 g/s
Reynolds_number: 11,112,677
Stack prop output power: 428 kW, Pcomp: 22.1 kW
Cell efficiency: 0.300, Output efficiency: 0.271
mdot_h2: 10.64 g/s
Reynolds_number: 11,112,677
Stack prop output power: 428 kW, Pcomp: 22.1 kW
Cell efficiency: 0.300, Output efficiency: 0.271
mdot_h2: 10.64 g/s
Reynolds_number: 6,709,346
Stack prop output power: 318 kW, Pcomp: 2.8 kW
Cell efficiency: 0.305, Output efficiency: 0.287
mdot_h2: 7.47 g/s
Reynolds_number: 6,709,346
Stack prop output power: 318 kW, Pcomp: 2.8 kW
Cell efficiency: 0.305, Output efficiency: 0.287
mdot_h2: 7.47 g/s
Reynolds_number: 11,112,677
Stack prop output power: 318 kW, Pcomp: 2.9 kW
Cell efficiency: 0.281, Output efficiency: 0.264
mdot_h2: 8.11 g/s
Reynolds_number: 11,112,677
Stack prop output power: 318 kW, Pcomp: 2.9 kW
Cell efficiency: 0.281, Output efficiency: 0.264
mdot_h2: 8.11 g/s
Reynolds_number: 11,112,677
Stack prop output power: 318 kW, Pcomp: 16.4 kW
Cell efficiency: 0.300, Output efficiency: 0.271
mdot_h2: 7.92 g/s

-----------------------
ptotal_climb: 1,128 kW, mtom: 4,940 kg


======================================================
======================= ITER 5 =======================
Reynolds_number: 11,112,677
Stack prop output power: 427 kW, Pcomp: 22.0 kW
Cell efficiency: 0.300, Output efficiency: 0.271
mdot_h2: 10.62 g/s
Reynolds_number: 11,112,677
Stack prop output power: 427 kW, Pcomp: 22.0 kW
Cell efficiency: 0.300, Output efficiency: 0.271
mdot_h2: 10.62 g/s
Reynolds_number: 11,112,677
Stack prop output power: 427 kW, Pcomp: 22.0 kW
Cell efficiency: 0.300, Output efficiency: 0.271
mdot_h2: 10.62 g/s
Reynolds_number: 11,112,677
Stack prop output power: 427 kW, Pcomp: 22.0 kW
Cell efficiency: 0.300, Output efficiency: 0.271
mdot_h2: 10.62 g/s
Reynolds_number: 6,709,346
Stack prop output power: 318 kW, Pcomp: 2.8 kW
Cell efficiency: 0.305, Output efficiency: 0.287
mdot_h2: 7.46 g/s
Reynolds_number: 6,709,346
Stack prop output power: 318 kW, Pcomp: 2.8 kW
Cell efficiency: 0.305, Output efficiency: 0.287
mdot_h2: 7.46 g/s
Reynolds_number: 11,112,677
Stack prop output power: 318 kW, Pcomp: 2.9 kW
Cell efficiency: 0.281, Output efficiency: 0.264
mdot_h2: 8.10 g/s
Reynolds_number: 11,112,677
Stack prop output power: 318 kW, Pcomp: 2.9 kW
Cell efficiency: 0.281, Output efficiency: 0.264
mdot_h2: 8.10 g/s
Reynolds_number: 11,112,677
Stack prop output power: 318 kW, Pcomp: 16.4 kW
Cell efficiency: 0.300, Output efficiency: 0.271
mdot_h2: 7.91 g/s

-----------------------
ptotal_climb: 1,126 kW, mtom: 4,936 kg


======================================================
======================= ITER 6 =======================
Reynolds_number: 11,112,677
Stack prop output power: 427 kW, Pcomp: 22.0 kW
Cell efficiency: 0.300, Output efficiency: 0.271
mdot_h2: 10.61 g/s
Reynolds_number: 11,112,677
Stack prop output power: 427 kW, Pcomp: 22.0 kW
Cell efficiency: 0.300, Output efficiency: 0.271
mdot_h2: 10.61 g/s
Reynolds_number: 11,112,677
Stack prop output power: 427 kW, Pcomp: 22.0 kW
Cell efficiency: 0.300, Output efficiency: 0.271
mdot_h2: 10.61 g/s
Reynolds_number: 11,112,677
Stack prop output power: 427 kW, Pcomp: 22.0 kW
Cell efficiency: 0.300, Output efficiency: 0.271
mdot_h2: 10.61 g/s
Reynolds_number: 6,709,346
Stack prop output power: 318 kW, Pcomp: 2.8 kW
Cell efficiency: 0.305, Output efficiency: 0.287
mdot_h2: 7.45 g/s
Reynolds_number: 6,709,346
Stack prop output power: 318 kW, Pcomp: 2.8 kW
Cell efficiency: 0.305, Output efficiency: 0.287
mdot_h2: 7.45 g/s
Reynolds_number: 11,112,677
Stack prop output power: 318 kW, Pcomp: 2.9 kW
Cell efficiency: 0.281, Output efficiency: 0.264
mdot_h2: 8.09 g/s
Reynolds_number: 11,112,677
Stack prop output power: 318 kW, Pcomp: 2.9 kW
Cell efficiency: 0.281, Output efficiency: 0.264
mdot_h2: 8.09 g/s
Reynolds_number: 11,112,677
Stack prop output power: 318 kW, Pcomp: 16.4 kW
Cell efficiency: 0.300, Output efficiency: 0.271
mdot_h2: 7.90 g/s

-----------------------
ptotal_climb: 1,125 kW, mtom: 4,933 kg


======================================================
======================= ITER 7 =======================
Reynolds_number: 11,112,677
Stack prop output power: 427 kW, Pcomp: 22.0 kW
Cell efficiency: 0.300, Output efficiency: 0.271
mdot_h2: 10.61 g/s
Reynolds_number: 11,112,677
Stack prop output power: 427 kW, Pcomp: 22.0 kW
Cell efficiency: 0.300, Output efficiency: 0.271
mdot_h2: 10.61 g/s
Reynolds_number: 11,112,677
Stack prop output power: 427 kW, Pcomp: 22.0 kW
Cell efficiency: 0.300, Output efficiency: 0.271
mdot_h2: 10.61 g/s
Reynolds_number: 11,112,677
Stack prop output power: 427 kW, Pcomp: 22.0 kW
Cell efficiency: 0.300, Output efficiency: 0.271
mdot_h2: 10.61 g/s
Reynolds_number: 6,709,346
Stack prop output power: 317 kW, Pcomp: 2.8 kW
Cell efficiency: 0.305, Output efficiency: 0.287
mdot_h2: 7.44 g/s
Reynolds_number: 6,709,346
Stack prop output power: 317 kW, Pcomp: 2.8 kW
Cell efficiency: 0.305, Output efficiency: 0.287
mdot_h2: 7.44 g/s
Reynolds_number: 11,112,677
Stack prop output power: 317 kW, Pcomp: 2.9 kW
Cell efficiency: 0.281, Output efficiency: 0.264
mdot_h2: 8.08 g/s
Reynolds_number: 11,112,677
Stack prop output power: 317 kW, Pcomp: 2.9 kW
Cell efficiency: 0.281, Output efficiency: 0.264
mdot_h2: 8.08 g/s
Reynolds_number: 11,112,677
Stack prop output power: 317 kW, Pcomp: 16.4 kW
Cell efficiency: 0.300, Output efficiency: 0.271
mdot_h2: 7.89 g/s

-----------------------
ptotal_climb: 1,124 kW, mtom: 4,931 kg


======================================================
======================= ITER 8 =======================
Reynolds_number: 11,112,677
Stack prop output power: 426 kW, Pcomp: 22.0 kW
Cell efficiency: 0.300, Output efficiency: 0.271
mdot_h2: 10.60 g/s
Reynolds_number: 11,112,677
Stack prop output power: 426 kW, Pcomp: 22.0 kW
Cell efficiency: 0.300, Output efficiency: 0.271
mdot_h2: 10.60 g/s
Reynolds_number: 6,709,346
Stack prop output power: 317 kW, Pcomp: 2.8 kW
Cell efficiency: 0.305, Output efficiency: 0.287
mdot_h2: 7.44 g/s
Reynolds_number: 11,112,677
Stack prop output power: 317 kW, Pcomp: 2.9 kW
Cell efficiency: 0.281, Output efficiency: 0.264
mdot_h2: 8.08 g/s
Reynolds_number: 11,112,677
Stack prop output power: 317 kW, Pcomp: 16.4 kW
Cell efficiency: 0.300, Output efficiency: 0.271
mdot_h2: 7.89 g/s

-----------------------
ptotal_climb: 1,124 kW, mtom: 4,930 kg


======================================================
======================= ITER 9 =======================
Reynolds_number: 11,112,677
Stack prop output power: 426 kW, Pcomp: 22.0 kW
Cell efficiency: 0.300, Output efficiency: 0.271
mdot_h2: 10.60 g/s
Reynolds_number: 11,112,677
Stack prop output power: 426 kW, Pcomp: 22.0 kW
Cell efficiency: 0.300, Output efficiency: 0.271
mdot_h2: 10.60 g/s
Reynolds_number: 6,709,346
Stack prop output power: 317 kW, Pcomp: 2.8 kW
Cell efficiency: 0.305, Output efficiency: 0.287
mdot_h2: 7.44 g/s
Reynolds_number: 11,112,677
Stack prop output power: 317 kW, Pcomp: 2.9 kW
Cell efficiency: 0.281, Output efficiency: 0.264
mdot_h2: 8.08 g/s
Reynolds_number: 11,112,677
Stack prop output power: 317 kW, Pcomp: 16.4 kW
Cell efficiency: 0.300, Output efficiency: 0.271
mdot_h2: 7.89 g/s

-----------------------
ptotal_climb: 1,124 kW, mtom: 4,929 kg



CONVERGED
======================================================
======================= ITER 1 =======================
Reynolds_number: 11,112,677
Stack prop output power: 427 kW, Pcomp: 22.0 kW
Cell efficiency: 0.300, Output efficiency: 0.271
mdot_h2: 10.62 g/s
Reynolds_number: 11,112,677
Stack prop output power: 427 kW, Pcomp: 22.0 kW
Cell efficiency: 0.300, Output efficiency: 0.271
mdot_h2: 10.62 g/s
Reynolds_number: 11,112,677
Stack prop output power: 427 kW, Pcomp: 22.0 kW
Cell efficiency: 0.300, Output efficiency: 0.271
mdot_h2: 10.62 g/s
Reynolds_number: 11,112,677
Stack prop output power: 427 kW, Pcomp: 22.0 kW
Cell efficiency: 0.300, Output efficiency: 0.271
mdot_h2: 10.62 g/s
Reynolds_number: 6,709,346
Stack prop output power: 318 kW, Pcomp: 2.8 kW
Cell efficiency: 0.305, Output efficiency: 0.287
mdot_h2: 7.45 g/s
Reynolds_number: 6,709,346
Stack prop output power: 318 kW, Pcomp: 2.8 kW
Cell efficiency: 0.305, Output efficiency: 0.287
mdot_h2: 7.45 g/s
Reynolds_number: 11,112,677
Stack prop output power: 318 kW, Pcomp: 2.9 kW
Cell efficiency: 0.281, Output efficiency: 0.264
mdot_h2: 8.09 g/s
Reynolds_number: 11,112,677
Stack prop output power: 318 kW, Pcomp: 2.9 kW
Cell efficiency: 0.281, Output efficiency: 0.264
mdot_h2: 8.09 g/s
Reynolds_number: 11,112,677
Stack prop output power: 318 kW, Pcomp: 16.4 kW
Cell efficiency: 0.300, Output efficiency: 0.271
mdot_h2: 7.90 g/s

-----------------------
ptotal_climb: 1,125 kW, mtom: 4,926 kg


======================================================
======================= ITER 2 =======================
Reynolds_number: 11,112,677
Stack prop output power: 427 kW, Pcomp: 22.0 kW
Cell efficiency: 0.300, Output efficiency: 0.271
mdot_h2: 10.61 g/s
Reynolds_number: 11,112,677
Stack prop output power: 427 kW, Pcomp: 22.0 kW
Cell efficiency: 0.300, Output efficiency: 0.271
mdot_h2: 10.61 g/s
Reynolds_number: 11,112,677
Stack prop output power: 427 kW, Pcomp: 22.0 kW
Cell efficiency: 0.300, Output efficiency: 0.271
mdot_h2: 10.61 g/s
Reynolds_number: 11,112,677
Stack prop output power: 427 kW, Pcomp: 22.0 kW
Cell efficiency: 0.300, Output efficiency: 0.271
mdot_h2: 10.61 g/s
Reynolds_number: 6,709,346
Stack prop output power: 318 kW, Pcomp: 2.8 kW
Cell efficiency: 0.305, Output efficiency: 0.287
mdot_h2: 7.45 g/s
Reynolds_number: 6,709,346
Stack prop output power: 318 kW, Pcomp: 2.8 kW
Cell efficiency: 0.305, Output efficiency: 0.287
mdot_h2: 7.45 g/s
Reynolds_number: 11,112,677
Stack prop output power: 318 kW, Pcomp: 2.9 kW
Cell efficiency: 0.281, Output efficiency: 0.264
mdot_h2: 8.09 g/s
Reynolds_number: 11,112,677
Stack prop output power: 318 kW, Pcomp: 2.9 kW
Cell efficiency: 0.281, Output efficiency: 0.264
mdot_h2: 8.09 g/s
Reynolds_number: 11,112,677
Stack prop output power: 318 kW, Pcomp: 16.4 kW
Cell efficiency: 0.300, Output efficiency: 0.271
mdot_h2: 7.90 g/s

-----------------------
ptotal_climb: 1,125 kW, mtom: 4,924 kg


======================================================
======================= ITER 3 =======================
Reynolds_number: 11,112,677
Stack prop output power: 427 kW, Pcomp: 22.0 kW
Cell efficiency: 0.300, Output efficiency: 0.271
mdot_h2: 10.60 g/s
Reynolds_number: 11,112,677
Stack prop output power: 427 kW, Pcomp: 22.0 kW
Cell efficiency: 0.300, Output efficiency: 0.271
mdot_h2: 10.60 g/s
Reynolds_number: 6,709,346
Stack prop output power: 317 kW, Pcomp: 2.8 kW
Cell efficiency: 0.305, Output efficiency: 0.287
mdot_h2: 7.44 g/s
Reynolds_number: 11,112,677
Stack prop output power: 317 kW, Pcomp: 2.9 kW
Cell efficiency: 0.281, Output efficiency: 0.264
mdot_h2: 8.08 g/s
Reynolds_number: 11,112,677
Stack prop output power: 317 kW, Pcomp: 16.4 kW
Cell efficiency: 0.300, Output efficiency: 0.271
mdot_h2: 7.89 g/s

-----------------------
ptotal_climb: 1,124 kW, mtom: 4,923 kg


======================================================
======================= ITER 4 =======================
Reynolds_number: 11,112,677
Stack prop output power: 426 kW, Pcomp: 22.0 kW
Cell efficiency: 0.300, Output efficiency: 0.271
mdot_h2: 10.60 g/s
Reynolds_number: 11,112,677
Stack prop output power: 426 kW, Pcomp: 22.0 kW
Cell efficiency: 0.300, Output efficiency: 0.271
mdot_h2: 10.60 g/s
Reynolds_number: 6,709,346
Stack prop output power: 317 kW, Pcomp: 2.8 kW
Cell efficiency: 0.305, Output efficiency: 0.287
mdot_h2: 7.44 g/s
Reynolds_number: 11,112,677
Stack prop output power: 317 kW, Pcomp: 2.9 kW
Cell efficiency: 0.281, Output efficiency: 0.264
mdot_h2: 8.08 g/s
Reynolds_number: 11,112,677
Stack prop output power: 317 kW, Pcomp: 16.4 kW
Cell efficiency: 0.300, Output efficiency: 0.271
mdot_h2: 7.89 g/s

-----------------------
ptotal_climb: 1,124 kW, mtom: 4,922 kg



CONVERGED
======================================================
======================= ITER 1 =======================
Reynolds_number: 11,112,677
Stack prop output power: 427 kW, Pcomp: 22.0 kW
Cell efficiency: 0.300, Output efficiency: 0.271
mdot_h2: 10.62 g/s
Reynolds_number: 11,112,677
Stack prop output power: 427 kW, Pcomp: 22.0 kW
Cell efficiency: 0.300, Output efficiency: 0.271
mdot_h2: 10.62 g/s
Reynolds_number: 11,112,677
Stack prop output power: 427 kW, Pcomp: 22.0 kW
Cell efficiency: 0.300, Output efficiency: 0.271
mdot_h2: 10.62 g/s
Reynolds_number: 11,112,677
Stack prop output power: 427 kW, Pcomp: 22.0 kW
Cell efficiency: 0.300, Output efficiency: 0.271
mdot_h2: 10.62 g/s
Reynolds_number: 6,709,346
Stack prop output power: 318 kW, Pcomp: 2.8 kW
Cell efficiency: 0.305, Output efficiency: 0.287
mdot_h2: 7.45 g/s
Reynolds_number: 6,709,346
Stack prop output power: 318 kW, Pcomp: 2.8 kW
Cell efficiency: 0.305, Output efficiency: 0.287
mdot_h2: 7.45 g/s
Reynolds_number: 11,112,677
Stack prop output power: 318 kW, Pcomp: 2.9 kW
Cell efficiency: 0.281, Output efficiency: 0.264
mdot_h2: 8.10 g/s
Reynolds_number: 11,112,677
Stack prop output power: 318 kW, Pcomp: 2.9 kW
Cell efficiency: 0.281, Output efficiency: 0.264
mdot_h2: 8.10 g/s
Reynolds_number: 11,112,677
Stack prop output power: 318 kW, Pcomp: 16.4 kW
Cell efficiency: 0.300, Output efficiency: 0.271
mdot_h2: 7.90 g/s

-----------------------
ptotal_climb: 1,126 kW, mtom: 4,919 kg


======================================================
======================= ITER 2 =======================
Reynolds_number: 11,112,677
Stack prop output power: 427 kW, Pcomp: 22.0 kW
Cell efficiency: 0.300, Output efficiency: 0.271
mdot_h2: 10.61 g/s
Reynolds_number: 11,112,677
Stack prop output power: 427 kW, Pcomp: 22.0 kW
Cell efficiency: 0.300, Output efficiency: 0.271
mdot_h2: 10.61 g/s
Reynolds_number: 11,112,677
Stack prop output power: 427 kW, Pcomp: 22.0 kW
Cell efficiency: 0.300, Output efficiency: 0.271
mdot_h2: 10.61 g/s
Reynolds_number: 11,112,677
Stack prop output power: 427 kW, Pcomp: 22.0 kW
Cell efficiency: 0.300, Output efficiency: 0.271
mdot_h2: 10.61 g/s
Reynolds_number: 6,709,346
Stack prop output power: 318 kW, Pcomp: 2.8 kW
Cell efficiency: 0.305, Output efficiency: 0.287
mdot_h2: 7.45 g/s
Reynolds_number: 6,709,346
Stack prop output power: 318 kW, Pcomp: 2.8 kW
Cell efficiency: 0.305, Output efficiency: 0.287
mdot_h2: 7.45 g/s
Reynolds_number: 11,112,677
Stack prop output power: 318 kW, Pcomp: 2.9 kW
Cell efficiency: 0.281, Output efficiency: 0.264
mdot_h2: 8.09 g/s
Reynolds_number: 11,112,677
Stack prop output power: 318 kW, Pcomp: 2.9 kW
Cell efficiency: 0.281, Output efficiency: 0.264
mdot_h2: 8.09 g/s
Reynolds_number: 11,112,677
Stack prop output power: 318 kW, Pcomp: 16.4 kW
Cell efficiency: 0.300, Output efficiency: 0.271
mdot_h2: 7.90 g/s

-----------------------
ptotal_climb: 1,125 kW, mtom: 4,918 kg


======================================================
======================= ITER 3 =======================
Reynolds_number: 11,112,677
Stack prop output power: 427 kW, Pcomp: 22.0 kW
Cell efficiency: 0.300, Output efficiency: 0.271
mdot_h2: 10.61 g/s
Reynolds_number: 11,112,677
Stack prop output power: 427 kW, Pcomp: 22.0 kW
Cell efficiency: 0.300, Output efficiency: 0.271
mdot_h2: 10.61 g/s
Reynolds_number: 6,709,346
Stack prop output power: 318 kW, Pcomp: 2.8 kW
Cell efficiency: 0.305, Output efficiency: 0.287
mdot_h2: 7.45 g/s
Reynolds_number: 11,112,677
Stack prop output power: 318 kW, Pcomp: 2.9 kW
Cell efficiency: 0.281, Output efficiency: 0.264
mdot_h2: 8.09 g/s
Reynolds_number: 11,112,677
Stack prop output power: 318 kW, Pcomp: 16.4 kW
Cell efficiency: 0.300, Output efficiency: 0.271
mdot_h2: 7.90 g/s

-----------------------
ptotal_climb: 1,125 kW, mtom: 4,917 kg



CONVERGED
======================================================
======================= ITER 1 =======================
Reynolds_number: 11,112,677
Stack prop output power: 435 kW, Pcomp: 22.4 kW
Cell efficiency: 0.300, Output efficiency: 0.271
mdot_h2: 10.82 g/s
Reynolds_number: 11,112,677
Stack prop output power: 435 kW, Pcomp: 22.4 kW
Cell efficiency: 0.300, Output efficiency: 0.271
mdot_h2: 10.82 g/s
Reynolds_number: 11,112,677
Stack prop output power: 435 kW, Pcomp: 22.4 kW
Cell efficiency: 0.300, Output efficiency: 0.271
mdot_h2: 10.82 g/s
Reynolds_number: 11,112,677
Stack prop output power: 435 kW, Pcomp: 22.4 kW
Cell efficiency: 0.300, Output efficiency: 0.271
mdot_h2: 10.82 g/s
Reynolds_number: 6,709,346
Stack prop output power: 324 kW, Pcomp: 2.8 kW
Cell efficiency: 0.305, Output efficiency: 0.287
mdot_h2: 7.59 g/s
Reynolds_number: 6,709,346
Stack prop output power: 324 kW, Pcomp: 2.8 kW
Cell efficiency: 0.305, Output efficiency: 0.287
mdot_h2: 7.59 g/s
Reynolds_number: 11,112,677
Stack prop output power: 324 kW, Pcomp: 2.9 kW
Cell efficiency: 0.281, Output efficiency: 0.264
mdot_h2: 8.25 g/s
Reynolds_number: 11,112,677
Stack prop output power: 324 kW, Pcomp: 2.9 kW
Cell efficiency: 0.281, Output efficiency: 0.264
mdot_h2: 8.25 g/s
Reynolds_number: 11,112,677
Stack prop output power: 324 kW, Pcomp: 16.7 kW
Cell efficiency: 0.300, Output efficiency: 0.271
mdot_h2: 8.05 g/s

-----------------------
ptotal_climb: 1,147 kW, mtom: 4,959 kg


======================================================
======================= ITER 2 =======================
Reynolds_number: 11,112,677
Stack prop output power: 439 kW, Pcomp: 22.6 kW
Cell efficiency: 0.300, Output efficiency: 0.271
mdot_h2: 10.91 g/s
Reynolds_number: 11,112,677
Stack prop output power: 439 kW, Pcomp: 22.6 kW
Cell efficiency: 0.300, Output efficiency: 0.271
mdot_h2: 10.91 g/s
Reynolds_number: 11,112,677
Stack prop output power: 439 kW, Pcomp: 22.6 kW
Cell efficiency: 0.300, Output efficiency: 0.271
mdot_h2: 10.91 g/s
Reynolds_number: 11,112,677
Stack prop output power: 439 kW, Pcomp: 22.6 kW
Cell efficiency: 0.300, Output efficiency: 0.271
mdot_h2: 10.91 g/s
Reynolds_number: 6,709,346
Stack prop output power: 327 kW, Pcomp: 2.8 kW
Cell efficiency: 0.305, Output efficiency: 0.287
mdot_h2: 7.66 g/s
Reynolds_number: 6,709,346
Stack prop output power: 327 kW, Pcomp: 2.8 kW
Cell efficiency: 0.305, Output efficiency: 0.287
mdot_h2: 7.66 g/s
Reynolds_number: 11,112,677
Stack prop output power: 327 kW, Pcomp: 2.9 kW
Cell efficiency: 0.281, Output efficiency: 0.264
mdot_h2: 8.32 g/s
Reynolds_number: 11,112,677
Stack prop output power: 327 kW, Pcomp: 2.9 kW
Cell efficiency: 0.281, Output efficiency: 0.264
mdot_h2: 8.32 g/s
Reynolds_number: 11,112,677
Stack prop output power: 327 kW, Pcomp: 16.8 kW
Cell efficiency: 0.300, Output efficiency: 0.271
mdot_h2: 8.12 g/s

-----------------------
ptotal_climb: 1,157 kW, mtom: 4,986 kg


======================================================
======================= ITER 3 =======================
Reynolds_number: 11,112,677
Stack prop output power: 441 kW, Pcomp: 22.8 kW
Cell efficiency: 0.300, Output efficiency: 0.271
mdot_h2: 10.97 g/s
Reynolds_number: 11,112,677
Stack prop output power: 441 kW, Pcomp: 22.8 kW
Cell efficiency: 0.300, Output efficiency: 0.271
mdot_h2: 10.97 g/s
Reynolds_number: 11,112,677
Stack prop output power: 441 kW, Pcomp: 22.8 kW
Cell efficiency: 0.300, Output efficiency: 0.271
mdot_h2: 10.97 g/s
Reynolds_number: 11,112,677
Stack prop output power: 441 kW, Pcomp: 22.8 kW
Cell efficiency: 0.300, Output efficiency: 0.271
mdot_h2: 10.97 g/s
Reynolds_number: 6,709,346
Stack prop output power: 328 kW, Pcomp: 2.9 kW
Cell efficiency: 0.305, Output efficiency: 0.287
mdot_h2: 7.70 g/s
Reynolds_number: 6,709,346
Stack prop output power: 328 kW, Pcomp: 2.9 kW
Cell efficiency: 0.305, Output efficiency: 0.287
mdot_h2: 7.70 g/s
Reynolds_number: 11,112,677
Stack prop output power: 328 kW, Pcomp: 3.0 kW
Cell efficiency: 0.281, Output efficiency: 0.264
mdot_h2: 8.36 g/s
Reynolds_number: 11,112,677
Stack prop output power: 328 kW, Pcomp: 3.0 kW
Cell efficiency: 0.281, Output efficiency: 0.264
mdot_h2: 8.36 g/s
Reynolds_number: 11,112,677
Stack prop output power: 328 kW, Pcomp: 16.9 kW
Cell efficiency: 0.300, Output efficiency: 0.271
mdot_h2: 8.17 g/s

-----------------------
ptotal_climb: 1,163 kW, mtom: 5,004 kg


======================================================
======================= ITER 4 =======================
Reynolds_number: 11,112,677
Stack prop output power: 443 kW, Pcomp: 22.8 kW
Cell efficiency: 0.300, Output efficiency: 0.271
mdot_h2: 11.01 g/s
Reynolds_number: 11,112,677
Stack prop output power: 443 kW, Pcomp: 22.8 kW
Cell efficiency: 0.300, Output efficiency: 0.271
mdot_h2: 11.01 g/s
Reynolds_number: 11,112,677
Stack prop output power: 443 kW, Pcomp: 22.8 kW
Cell efficiency: 0.300, Output efficiency: 0.271
mdot_h2: 11.01 g/s
Reynolds_number: 11,112,677
Stack prop output power: 443 kW, Pcomp: 22.8 kW
Cell efficiency: 0.300, Output efficiency: 0.271
mdot_h2: 11.01 g/s
Reynolds_number: 6,709,346
Stack prop output power: 330 kW, Pcomp: 2.9 kW
Cell efficiency: 0.305, Output efficiency: 0.287
mdot_h2: 7.73 g/s
Reynolds_number: 6,709,346
Stack prop output power: 330 kW, Pcomp: 2.9 kW
Cell efficiency: 0.305, Output efficiency: 0.287
mdot_h2: 7.73 g/s
Reynolds_number: 11,112,677
Stack prop output power: 330 kW, Pcomp: 3.0 kW
Cell efficiency: 0.281, Output efficiency: 0.264
mdot_h2: 8.39 g/s
Reynolds_number: 11,112,677
Stack prop output power: 330 kW, Pcomp: 3.0 kW
Cell efficiency: 0.281, Output efficiency: 0.264
mdot_h2: 8.39 g/s
Reynolds_number: 11,112,677
Stack prop output power: 330 kW, Pcomp: 17.0 kW
Cell efficiency: 0.300, Output efficiency: 0.271
mdot_h2: 8.20 g/s

-----------------------
ptotal_climb: 1,167 kW, mtom: 5,016 kg


======================================================
======================= ITER 5 =======================
Reynolds_number: 11,112,677
Stack prop output power: 444 kW, Pcomp: 22.9 kW
Cell efficiency: 0.300, Output efficiency: 0.271
mdot_h2: 11.04 g/s
Reynolds_number: 11,112,677
Stack prop output power: 444 kW, Pcomp: 22.9 kW
Cell efficiency: 0.300, Output efficiency: 0.271
mdot_h2: 11.04 g/s
Reynolds_number: 11,112,677
Stack prop output power: 444 kW, Pcomp: 22.9 kW
Cell efficiency: 0.300, Output efficiency: 0.271
mdot_h2: 11.04 g/s
Reynolds_number: 11,112,677
Stack prop output power: 444 kW, Pcomp: 22.9 kW
Cell efficiency: 0.300, Output efficiency: 0.271
mdot_h2: 11.04 g/s
Reynolds_number: 6,709,346
Stack prop output power: 330 kW, Pcomp: 2.9 kW
Cell efficiency: 0.305, Output efficiency: 0.287
mdot_h2: 7.75 g/s
Reynolds_number: 6,709,346
Stack prop output power: 330 kW, Pcomp: 2.9 kW
Cell efficiency: 0.305, Output efficiency: 0.287
mdot_h2: 7.75 g/s
Reynolds_number: 11,112,677
Stack prop output power: 330 kW, Pcomp: 3.0 kW
Cell efficiency: 0.281, Output efficiency: 0.264
mdot_h2: 8.41 g/s
Reynolds_number: 11,112,677
Stack prop output power: 330 kW, Pcomp: 3.0 kW
Cell efficiency: 0.281, Output efficiency: 0.264
mdot_h2: 8.41 g/s
Reynolds_number: 11,112,677
Stack prop output power: 330 kW, Pcomp: 17.0 kW
Cell efficiency: 0.300, Output efficiency: 0.271
mdot_h2: 8.21 g/s

-----------------------
ptotal_climb: 1,170 kW, mtom: 5,023 kg


======================================================
======================= ITER 6 =======================
Reynolds_number: 11,112,677
Stack prop output power: 445 kW, Pcomp: 22.9 kW
Cell efficiency: 0.300, Output efficiency: 0.271
mdot_h2: 11.05 g/s
Reynolds_number: 11,112,677
Stack prop output power: 445 kW, Pcomp: 22.9 kW
Cell efficiency: 0.300, Output efficiency: 0.271
mdot_h2: 11.05 g/s
Reynolds_number: 11,112,677
Stack prop output power: 445 kW, Pcomp: 22.9 kW
Cell efficiency: 0.300, Output efficiency: 0.271
mdot_h2: 11.05 g/s
Reynolds_number: 11,112,677
Stack prop output power: 445 kW, Pcomp: 22.9 kW
Cell efficiency: 0.300, Output efficiency: 0.271
mdot_h2: 11.05 g/s
Reynolds_number: 6,709,346
Stack prop output power: 331 kW, Pcomp: 2.9 kW
Cell efficiency: 0.305, Output efficiency: 0.287
mdot_h2: 7.76 g/s
Reynolds_number: 6,709,346
Stack prop output power: 331 kW, Pcomp: 2.9 kW
Cell efficiency: 0.305, Output efficiency: 0.287
mdot_h2: 7.76 g/s
Reynolds_number: 11,112,677
Stack prop output power: 331 kW, Pcomp: 3.0 kW
Cell efficiency: 0.281, Output efficiency: 0.264
mdot_h2: 8.43 g/s
Reynolds_number: 11,112,677
Stack prop output power: 331 kW, Pcomp: 3.0 kW
Cell efficiency: 0.281, Output efficiency: 0.264
mdot_h2: 8.43 g/s
Reynolds_number: 11,112,677
Stack prop output power: 331 kW, Pcomp: 17.1 kW
Cell efficiency: 0.300, Output efficiency: 0.271
mdot_h2: 8.23 g/s

-----------------------
ptotal_climb: 1,172 kW, mtom: 5,028 kg


======================================================
======================= ITER 7 =======================
Reynolds_number: 11,112,677
Stack prop output power: 445 kW, Pcomp: 22.9 kW
Cell efficiency: 0.300, Output efficiency: 0.271
mdot_h2: 11.06 g/s
Reynolds_number: 11,112,677
Stack prop output power: 445 kW, Pcomp: 22.9 kW
Cell efficiency: 0.300, Output efficiency: 0.271
mdot_h2: 11.06 g/s
Reynolds_number: 11,112,677
Stack prop output power: 445 kW, Pcomp: 22.9 kW
Cell efficiency: 0.300, Output efficiency: 0.271
mdot_h2: 11.06 g/s
Reynolds_number: 11,112,677
Stack prop output power: 445 kW, Pcomp: 22.9 kW
Cell efficiency: 0.300, Output efficiency: 0.271
mdot_h2: 11.06 g/s
Reynolds_number: 6,709,346
Stack prop output power: 331 kW, Pcomp: 2.9 kW
Cell efficiency: 0.305, Output efficiency: 0.287
mdot_h2: 7.77 g/s
Reynolds_number: 6,709,346
Stack prop output power: 331 kW, Pcomp: 2.9 kW
Cell efficiency: 0.305, Output efficiency: 0.287
mdot_h2: 7.77 g/s
Reynolds_number: 11,112,677
Stack prop output power: 331 kW, Pcomp: 3.0 kW
Cell efficiency: 0.281, Output efficiency: 0.264
mdot_h2: 8.43 g/s
Reynolds_number: 11,112,677
Stack prop output power: 331 kW, Pcomp: 3.0 kW
Cell efficiency: 0.281, Output efficiency: 0.264
mdot_h2: 8.43 g/s
Reynolds_number: 11,112,677
Stack prop output power: 331 kW, Pcomp: 17.1 kW
Cell efficiency: 0.300, Output efficiency: 0.271
mdot_h2: 8.23 g/s

-----------------------
ptotal_climb: 1,173 kW, mtom: 5,030 kg


======================================================
======================= ITER 8 =======================
Reynolds_number: 11,112,677
Stack prop output power: 445 kW, Pcomp: 23.0 kW
Cell efficiency: 0.300, Output efficiency: 0.271
mdot_h2: 11.07 g/s
Reynolds_number: 11,112,677
Stack prop output power: 445 kW, Pcomp: 23.0 kW
Cell efficiency: 0.300, Output efficiency: 0.271
mdot_h2: 11.07 g/s
Reynolds_number: 11,112,677
Stack prop output power: 445 kW, Pcomp: 23.0 kW
Cell efficiency: 0.300, Output efficiency: 0.271
mdot_h2: 11.07 g/s
Reynolds_number: 11,112,677
Stack prop output power: 445 kW, Pcomp: 23.0 kW
Cell efficiency: 0.300, Output efficiency: 0.271
mdot_h2: 11.07 g/s
Reynolds_number: 6,709,346
Stack prop output power: 331 kW, Pcomp: 2.9 kW
Cell efficiency: 0.305, Output efficiency: 0.287
mdot_h2: 7.77 g/s
Reynolds_number: 6,709,346
Stack prop output power: 331 kW, Pcomp: 2.9 kW
Cell efficiency: 0.305, Output efficiency: 0.287
mdot_h2: 7.77 g/s
Reynolds_number: 11,112,677
Stack prop output power: 331 kW, Pcomp: 3.0 kW
Cell efficiency: 0.281, Output efficiency: 0.264
mdot_h2: 8.44 g/s
Reynolds_number: 11,112,677
Stack prop output power: 331 kW, Pcomp: 3.0 kW
Cell efficiency: 0.281, Output efficiency: 0.264
mdot_h2: 8.44 g/s
Reynolds_number: 11,112,677
Stack prop output power: 331 kW, Pcomp: 17.1 kW
Cell efficiency: 0.300, Output efficiency: 0.271
mdot_h2: 8.24 g/s

-----------------------
ptotal_climb: 1,174 kW, mtom: 5,032 kg


======================================================
======================= ITER 9 =======================
Reynolds_number: 11,112,677
Stack prop output power: 445 kW, Pcomp: 23.0 kW
Cell efficiency: 0.300, Output efficiency: 0.271
mdot_h2: 11.07 g/s
Reynolds_number: 11,112,677
