ADRpy feasible W/S window (seed pass 0): 1900.0 .. 2350.0 Pa (193.75 .. 239.63 kg/m^2), 10 points
Auto-widening W/S scan window for seed analysis: 1900.0..2600.0 -> 1725.0..2775.0 Pa (factor 1.500, lower_hit=True, upper_hit=False, seed_on_edge=True).
ADRpy feasible W/S window (seed pass 1): 1725.0 .. 2325.0 Pa (175.90 .. 237.08 kg/m^2), 13 points
Auto-widening W/S scan window for seed analysis: 1725.0..2775.0 -> 1462.5..3037.5 Pa (factor 1.500, lower_hit=True, upper_hit=False, seed_on_edge=True).
ADRpy feasible W/S window (seed pass 2): 1462.5 .. 2312.5 Pa (149.13 .. 235.81 kg/m^2), 18 points
ADRpy minimum combined P/W seed remains on feasible W/S boundary (2312.5 Pa). Proceeding with current W/S range 1462.5..3037.5 Pa.
min_mtom seed from ADRpy min combined P/W: W/S=2312.5 Pa, combined P/W=0.13331 kW/kg; initial focus window 1997.5..2627.5 Pa (15 points)
ADRpy feasible W/S window (focus pass 0): 1997.5 .. 2347.5 Pa (203.69 .. 239.38 kg/m^2), 9 points
======================================================
======================= ITER 1 =======================
Reynolds_number: 11,112,677
Stack prop output power: 462 kW, Pcomp: 18.4 kW
Cell efficiency: 0.384, Output efficiency: 0.350
mdot_h2: 8.86 g/s
Reynolds_number: 11,112,677
Stack prop output power: 462 kW, Pcomp: 18.4 kW
Cell efficiency: 0.384, Output efficiency: 0.350
mdot_h2: 8.86 g/s
Reynolds_number: 11,112,677
Stack prop output power: 343 kW, Pcomp: 2.4 kW
Cell efficiency: 0.359, Output efficiency: 0.339
mdot_h2: 6.82 g/s
Reynolds_number: 11,112,677
Stack prop output power: 343 kW, Pcomp: 2.4 kW
Cell efficiency: 0.359, Output efficiency: 0.339
mdot_h2: 6.82 g/s
Reynolds_number: 11,112,677
Stack prop output power: 343 kW, Pcomp: 13.7 kW
Cell efficiency: 0.384, Output efficiency: 0.350
mdot_h2: 6.60 g/s

-----------------------
ptotal_climb: 1,127 kW, mtom_est: 5,051 kg, mtom: 5,000 kg, residual: +51.23 kg

MTOM update: initial_bracket_probe_1, relax=1.000 -> mtom_next=5,325.00 kg

======================================================
======================= ITER 2 =======================
Reynolds_number: 11,112,677
Stack prop output power: 492 kW, Pcomp: 19.6 kW
Cell efficiency: 0.384, Output efficiency: 0.350
mdot_h2: 9.44 g/s
Reynolds_number: 11,112,677
Stack prop output power: 492 kW, Pcomp: 19.6 kW
Cell efficiency: 0.384, Output efficiency: 0.350
mdot_h2: 9.44 g/s
Reynolds_number: 11,112,677
Stack prop output power: 366 kW, Pcomp: 2.6 kW
Cell efficiency: 0.359, Output efficiency: 0.339
mdot_h2: 7.26 g/s
Reynolds_number: 11,112,677
Stack prop output power: 366 kW, Pcomp: 2.6 kW
Cell efficiency: 0.359, Output efficiency: 0.339
mdot_h2: 7.26 g/s
Reynolds_number: 11,112,677
Stack prop output power: 366 kW, Pcomp: 14.6 kW
Cell efficiency: 0.384, Output efficiency: 0.350
mdot_h2: 7.03 g/s

-----------------------
ptotal_climb: 1,200 kW, mtom_est: 5,209 kg, mtom: 5,325 kg, residual: -116.45 kg

MTOM update: newton, relax=0.300 -> mtom_next=5,257.29 kg

======================================================
======================= ITER 3 =======================
Reynolds_number: 11,112,677
Stack prop output power: 485 kW, Pcomp: 19.3 kW
Cell efficiency: 0.384, Output efficiency: 0.350
mdot_h2: 9.32 g/s
Reynolds_number: 11,112,677
Stack prop output power: 485 kW, Pcomp: 19.3 kW
Cell efficiency: 0.384, Output efficiency: 0.350
mdot_h2: 9.32 g/s
Reynolds_number: 11,112,677
Stack prop output power: 361 kW, Pcomp: 2.5 kW
Cell efficiency: 0.359, Output efficiency: 0.339
mdot_h2: 7.17 g/s
Reynolds_number: 11,112,677
Stack prop output power: 361 kW, Pcomp: 2.5 kW
Cell efficiency: 0.359, Output efficiency: 0.339
mdot_h2: 7.17 g/s
Reynolds_number: 11,112,677
Stack prop output power: 361 kW, Pcomp: 14.4 kW
Cell efficiency: 0.384, Output efficiency: 0.350
mdot_h2: 6.94 g/s

-----------------------
ptotal_climb: 1,185 kW, mtom_est: 5,173 kg, mtom: 5,257 kg, residual: -84.17 kg

MTOM update: newton, relax=0.360 -> mtom_next=5,193.73 kg

======================================================
======================= ITER 4 =======================
Reynolds_number: 11,112,677
Stack prop output power: 479 kW, Pcomp: 19.1 kW
Cell efficiency: 0.384, Output efficiency: 0.350
mdot_h2: 9.21 g/s
Reynolds_number: 11,112,677
Stack prop output power: 479 kW, Pcomp: 19.1 kW
Cell efficiency: 0.384, Output efficiency: 0.350
mdot_h2: 9.21 g/s
Reynolds_number: 11,112,677
Stack prop output power: 357 kW, Pcomp: 2.5 kW
Cell efficiency: 0.359, Output efficiency: 0.339
mdot_h2: 7.08 g/s
Reynolds_number: 11,112,677
Stack prop output power: 357 kW, Pcomp: 2.5 kW
Cell efficiency: 0.359, Output efficiency: 0.339
mdot_h2: 7.08 g/s
Reynolds_number: 11,112,677
Stack prop output power: 357 kW, Pcomp: 14.2 kW
Cell efficiency: 0.384, Output efficiency: 0.350
mdot_h2: 6.85 g/s

-----------------------
ptotal_climb: 1,171 kW, mtom_est: 5,150 kg, mtom: 5,194 kg, residual: -44.21 kg

MTOM update: newton, relax=0.432 -> mtom_next=5,163.36 kg

======================================================
======================= ITER 5 =======================
Reynolds_number: 11,112,677
Stack prop output power: 477 kW, Pcomp: 19.0 kW
Cell efficiency: 0.384, Output efficiency: 0.350
mdot_h2: 9.15 g/s
Reynolds_number: 11,112,677
Stack prop output power: 477 kW, Pcomp: 19.0 kW
Cell efficiency: 0.384, Output efficiency: 0.350
mdot_h2: 9.15 g/s
Reynolds_number: 11,112,677
Stack prop output power: 355 kW, Pcomp: 2.5 kW
Cell efficiency: 0.359, Output efficiency: 0.339
mdot_h2: 7.04 g/s
Reynolds_number: 11,112,677
Stack prop output power: 355 kW, Pcomp: 2.5 kW
Cell efficiency: 0.359, Output efficiency: 0.339
mdot_h2: 7.04 g/s
Reynolds_number: 11,112,677
Stack prop output power: 355 kW, Pcomp: 14.1 kW
Cell efficiency: 0.384, Output efficiency: 0.350
mdot_h2: 6.81 g/s

-----------------------
ptotal_climb: 1,164 kW, mtom_est: 5,134 kg, mtom: 5,163 kg, residual: -29.02 kg

MTOM update: newton, relax=0.518 -> mtom_next=5,133.29 kg

======================================================
======================= ITER 6 =======================
Reynolds_number: 11,112,677
Stack prop output power: 474 kW, Pcomp: 18.9 kW
Cell efficiency: 0.384, Output efficiency: 0.350
mdot_h2: 9.10 g/s
Reynolds_number: 11,112,677
Stack prop output power: 474 kW, Pcomp: 18.9 kW
Cell efficiency: 0.384, Output efficiency: 0.350
mdot_h2: 9.10 g/s
Reynolds_number: 11,112,677
Stack prop output power: 353 kW, Pcomp: 2.5 kW
Cell efficiency: 0.359, Output efficiency: 0.339
mdot_h2: 7.00 g/s
Reynolds_number: 11,112,677
Stack prop output power: 353 kW, Pcomp: 2.5 kW
Cell efficiency: 0.359, Output efficiency: 0.339
mdot_h2: 7.00 g/s
Reynolds_number: 11,112,677
Stack prop output power: 353 kW, Pcomp: 14.0 kW
Cell efficiency: 0.384, Output efficiency: 0.350
mdot_h2: 6.77 g/s

-----------------------
ptotal_climb: 1,157 kW, mtom_est: 5,119 kg, mtom: 5,133 kg, residual: -14.75 kg

MTOM update: newton, relax=0.622 -> mtom_next=5,113.95 kg

======================================================
======================= ITER 7 =======================
Reynolds_number: 11,112,677
Stack prop output power: 472 kW, Pcomp: 18.8 kW
Cell efficiency: 0.384, Output efficiency: 0.350
mdot_h2: 9.07 g/s
Reynolds_number: 11,112,677
Stack prop output power: 472 kW, Pcomp: 18.8 kW
Cell efficiency: 0.384, Output efficiency: 0.350
mdot_h2: 9.07 g/s
Reynolds_number: 11,112,677
Stack prop output power: 351 kW, Pcomp: 2.5 kW
Cell efficiency: 0.359, Output efficiency: 0.339
mdot_h2: 6.97 g/s
Reynolds_number: 11,112,677
Stack prop output power: 351 kW, Pcomp: 2.5 kW
Cell efficiency: 0.359, Output efficiency: 0.339
mdot_h2: 6.97 g/s
Reynolds_number: 11,112,677
Stack prop output power: 351 kW, Pcomp: 14.0 kW
Cell efficiency: 0.384, Output efficiency: 0.350
mdot_h2: 6.75 g/s

-----------------------
ptotal_climb: 1,153 kW, mtom_est: 5,108 kg, mtom: 5,114 kg, residual: -5.85 kg

MTOM update: newton, relax=0.746 -> mtom_next=5,104.47 kg

======================================================
======================= ITER 8 =======================
Reynolds_number: 11,112,677
Stack prop output power: 471 kW, Pcomp: 18.8 kW
Cell efficiency: 0.384, Output efficiency: 0.350
mdot_h2: 9.05 g/s
Reynolds_number: 11,112,677
Stack prop output power: 471 kW, Pcomp: 18.8 kW
Cell efficiency: 0.384, Output efficiency: 0.350
mdot_h2: 9.05 g/s
Reynolds_number: 11,112,677
Stack prop output power: 351 kW, Pcomp: 2.5 kW
Cell efficiency: 0.359, Output efficiency: 0.339
mdot_h2: 6.96 g/s
Reynolds_number: 11,112,677
Stack prop output power: 351 kW, Pcomp: 2.5 kW
Cell efficiency: 0.359, Output efficiency: 0.339
mdot_h2: 6.96 g/s
Reynolds_number: 11,112,677
Stack prop output power: 351 kW, Pcomp: 14.0 kW
Cell efficiency: 0.384, Output efficiency: 0.350
mdot_h2: 6.73 g/s

-----------------------
ptotal_climb: 1,151 kW, mtom_est: 5,103 kg, mtom: 5,104 kg, residual: -1.10 kg

Reynolds_number: 11,112,677
Stack prop output power: 471 kW, Pcomp: 18.8 kW
Cell efficiency: 0.384, Output efficiency: 0.350
mdot_h2: 9.05 g/s
Reynolds_number: 11,112,677
Stack prop output power: 471 kW, Pcomp: 18.8 kW
Cell efficiency: 0.384, Output efficiency: 0.350
mdot_h2: 9.05 g/s
Reynolds_number: 6,709,346
Stack prop output power: 351 kW, Pcomp: 2.4 kW
Cell efficiency: 0.390, Output efficiency: 0.368
mdot_h2: 6.41 g/s
Reynolds_number: 6,709,346
Stack prop output power: 351 kW, Pcomp: 2.4 kW
Cell efficiency: 0.390, Output efficiency: 0.368
mdot_h2: 6.41 g/s

CONVERGED
======================================================
======================= ITER 1 =======================
Reynolds_number: 11,112,677
Stack prop output power: 470 kW, Pcomp: 18.7 kW
Cell efficiency: 0.384, Output efficiency: 0.350
mdot_h2: 9.03 g/s
Reynolds_number: 11,112,677
Stack prop output power: 470 kW, Pcomp: 18.7 kW
Cell efficiency: 0.384, Output efficiency: 0.350
mdot_h2: 9.03 g/s
Reynolds_number: 11,112,677
Stack prop output power: 350 kW, Pcomp: 2.5 kW
Cell efficiency: 0.359, Output efficiency: 0.339
mdot_h2: 6.95 g/s
Reynolds_number: 11,112,677
Stack prop output power: 350 kW, Pcomp: 2.5 kW
Cell efficiency: 0.359, Output efficiency: 0.339
mdot_h2: 6.95 g/s
Reynolds_number: 11,112,677
Stack prop output power: 350 kW, Pcomp: 13.9 kW
Cell efficiency: 0.384, Output efficiency: 0.350
mdot_h2: 6.72 g/s

-----------------------
ptotal_climb: 1,148 kW, mtom_est: 5,092 kg, mtom: 5,103 kg, residual: -11.00 kg

MTOM update: initial_bracket_probe_1, relax=1.000 -> mtom_next=4,771.65 kg

======================================================
======================= ITER 2 =======================
Reynolds_number: 11,112,677
Stack prop output power: 440 kW, Pcomp: 17.5 kW
Cell efficiency: 0.384, Output efficiency: 0.350
mdot_h2: 8.44 g/s
Reynolds_number: 11,112,677
Stack prop output power: 440 kW, Pcomp: 17.5 kW
Cell efficiency: 0.384, Output efficiency: 0.350
mdot_h2: 8.44 g/s
Reynolds_number: 11,112,677
Stack prop output power: 327 kW, Pcomp: 2.3 kW
Cell efficiency: 0.359, Output efficiency: 0.339
mdot_h2: 6.50 g/s
Reynolds_number: 11,112,677
Stack prop output power: 327 kW, Pcomp: 2.3 kW
Cell efficiency: 0.359, Output efficiency: 0.339
mdot_h2: 6.50 g/s
Reynolds_number: 11,112,677
Stack prop output power: 327 kW, Pcomp: 13.0 kW
Cell efficiency: 0.384, Output efficiency: 0.350
mdot_h2: 6.28 g/s

-----------------------
ptotal_climb: 1,074 kW, mtom_est: 4,921 kg, mtom: 4,772 kg, residual: +149.17 kg

MTOM update: newton, relax=0.300 -> mtom_next=4,864.33 kg

======================================================
======================= ITER 3 =======================
Reynolds_number: 11,112,677
Stack prop output power: 448 kW, Pcomp: 17.9 kW
Cell efficiency: 0.384, Output efficiency: 0.350
mdot_h2: 8.61 g/s
Reynolds_number: 11,112,677
Stack prop output power: 448 kW, Pcomp: 17.9 kW
Cell efficiency: 0.384, Output efficiency: 0.350
mdot_h2: 8.61 g/s
Reynolds_number: 11,112,677
Stack prop output power: 334 kW, Pcomp: 2.3 kW
Cell efficiency: 0.359, Output efficiency: 0.339
mdot_h2: 6.62 g/s
Reynolds_number: 11,112,677
Stack prop output power: 334 kW, Pcomp: 2.3 kW
Cell efficiency: 0.359, Output efficiency: 0.339
mdot_h2: 6.62 g/s
Reynolds_number: 11,112,677
Stack prop output power: 334 kW, Pcomp: 13.3 kW
Cell efficiency: 0.384, Output efficiency: 0.350
mdot_h2: 6.41 g/s

-----------------------
ptotal_climb: 1,094 kW, mtom_est: 4,969 kg, mtom: 4,864 kg, residual: +104.72 kg

MTOM update: newton, relax=0.360 -> mtom_next=4,942.95 kg

======================================================
======================= ITER 4 =======================
Reynolds_number: 11,112,677
Stack prop output power: 455 kW, Pcomp: 18.1 kW
Cell efficiency: 0.384, Output efficiency: 0.350
mdot_h2: 8.75 g/s
Reynolds_number: 11,112,677
Stack prop output power: 455 kW, Pcomp: 18.1 kW
Cell efficiency: 0.384, Output efficiency: 0.350
mdot_h2: 8.75 g/s
Reynolds_number: 11,112,677
Stack prop output power: 339 kW, Pcomp: 2.4 kW
Cell efficiency: 0.359, Output efficiency: 0.339
mdot_h2: 6.73 g/s
Reynolds_number: 11,112,677
Stack prop output power: 339 kW, Pcomp: 2.4 kW
Cell efficiency: 0.359, Output efficiency: 0.339
mdot_h2: 6.73 g/s
Reynolds_number: 11,112,677
Stack prop output power: 339 kW, Pcomp: 13.5 kW
Cell efficiency: 0.384, Output efficiency: 0.350
mdot_h2: 6.51 g/s

-----------------------
ptotal_climb: 1,112 kW, mtom_est: 5,010 kg, mtom: 4,943 kg, residual: +66.65 kg

MTOM update: newton, relax=0.432 -> mtom_next=5,002.40 kg

======================================================
======================= ITER 5 =======================
Reynolds_number: 11,112,677
Stack prop output power: 461 kW, Pcomp: 18.4 kW
Cell efficiency: 0.384, Output efficiency: 0.350
mdot_h2: 8.85 g/s
Reynolds_number: 11,112,677
Stack prop output power: 461 kW, Pcomp: 18.4 kW
Cell efficiency: 0.384, Output efficiency: 0.350
mdot_h2: 8.85 g/s
Reynolds_number: 11,112,677
Stack prop output power: 343 kW, Pcomp: 2.4 kW
Cell efficiency: 0.359, Output efficiency: 0.339
mdot_h2: 6.81 g/s
Reynolds_number: 11,112,677
Stack prop output power: 343 kW, Pcomp: 2.4 kW
Cell efficiency: 0.359, Output efficiency: 0.339
mdot_h2: 6.81 g/s
Reynolds_number: 11,112,677
Stack prop output power: 343 kW, Pcomp: 13.7 kW
Cell efficiency: 0.384, Output efficiency: 0.350
mdot_h2: 6.59 g/s

-----------------------
ptotal_climb: 1,125 kW, mtom_est: 5,040 kg, mtom: 5,002 kg, residual: +37.49 kg

MTOM update: newton, relax=0.518 -> mtom_next=5,042.02 kg

======================================================
======================= ITER 6 =======================
Reynolds_number: 11,112,677
Stack prop output power: 465 kW, Pcomp: 18.5 kW
Cell efficiency: 0.384, Output efficiency: 0.350
mdot_h2: 8.92 g/s
Reynolds_number: 11,112,677
Stack prop output power: 465 kW, Pcomp: 18.5 kW
Cell efficiency: 0.384, Output efficiency: 0.350
mdot_h2: 8.92 g/s
Reynolds_number: 11,112,677
Stack prop output power: 346 kW, Pcomp: 2.4 kW
Cell efficiency: 0.359, Output efficiency: 0.339
mdot_h2: 6.86 g/s
Reynolds_number: 11,112,677
Stack prop output power: 346 kW, Pcomp: 2.4 kW
Cell efficiency: 0.359, Output efficiency: 0.339
mdot_h2: 6.86 g/s
Reynolds_number: 11,112,677
Stack prop output power: 346 kW, Pcomp: 13.8 kW
Cell efficiency: 0.384, Output efficiency: 0.350
mdot_h2: 6.64 g/s

-----------------------
ptotal_climb: 1,134 kW, mtom_est: 5,060 kg, mtom: 5,042 kg, residual: +18.32 kg

MTOM update: newton, relax=0.622 -> mtom_next=5,065.58 kg

======================================================
======================= ITER 7 =======================
Reynolds_number: 11,112,677
Stack prop output power: 467 kW, Pcomp: 18.6 kW
Cell efficiency: 0.384, Output efficiency: 0.350
mdot_h2: 8.96 g/s
Reynolds_number: 11,112,677
Stack prop output power: 467 kW, Pcomp: 18.6 kW
Cell efficiency: 0.384, Output efficiency: 0.350
mdot_h2: 8.96 g/s
Reynolds_number: 11,112,677
Stack prop output power: 347 kW, Pcomp: 2.4 kW
Cell efficiency: 0.359, Output efficiency: 0.339
mdot_h2: 6.90 g/s
Reynolds_number: 11,112,677
Stack prop output power: 347 kW, Pcomp: 2.4 kW
Cell efficiency: 0.359, Output efficiency: 0.339
mdot_h2: 6.90 g/s
Reynolds_number: 11,112,677
Stack prop output power: 347 kW, Pcomp: 13.8 kW
Cell efficiency: 0.384, Output efficiency: 0.350
mdot_h2: 6.67 g/s

-----------------------
ptotal_climb: 1,140 kW, mtom_est: 5,073 kg, mtom: 5,066 kg, residual: +7.24 kg

MTOM update: newton, relax=0.746 -> mtom_next=5,077.06 kg

======================================================
======================= ITER 8 =======================
Reynolds_number: 11,112,677
Stack prop output power: 468 kW, Pcomp: 18.6 kW
Cell efficiency: 0.384, Output efficiency: 0.350
mdot_h2: 8.98 g/s
Reynolds_number: 11,112,677
Stack prop output power: 468 kW, Pcomp: 18.6 kW
Cell efficiency: 0.384, Output efficiency: 0.350
mdot_h2: 8.98 g/s
Reynolds_number: 11,112,677
Stack prop output power: 348 kW, Pcomp: 2.4 kW
Cell efficiency: 0.359, Output efficiency: 0.339
mdot_h2: 6.91 g/s
Reynolds_number: 11,112,677
Stack prop output power: 348 kW, Pcomp: 2.4 kW
Cell efficiency: 0.359, Output efficiency: 0.339
mdot_h2: 6.91 g/s
Reynolds_number: 11,112,677
Stack prop output power: 348 kW, Pcomp: 13.9 kW
Cell efficiency: 0.384, Output efficiency: 0.350
mdot_h2: 6.69 g/s

-----------------------
ptotal_climb: 1,142 kW, mtom_est: 5,079 kg, mtom: 5,077 kg, residual: +1.46 kg

Reynolds_number: 11,112,677
Stack prop output power: 468 kW, Pcomp: 18.6 kW
Cell efficiency: 0.384, Output efficiency: 0.350
mdot_h2: 8.98 g/s
Reynolds_number: 11,112,677
Stack prop output power: 468 kW, Pcomp: 18.6 kW
Cell efficiency: 0.384, Output efficiency: 0.350
mdot_h2: 8.98 g/s
Reynolds_number: 6,709,346
Stack prop output power: 348 kW, Pcomp: 2.4 kW
Cell efficiency: 0.390, Output efficiency: 0.368
mdot_h2: 6.37 g/s
Reynolds_number: 6,709,346
Stack prop output power: 348 kW, Pcomp: 2.4 kW
Cell efficiency: 0.390, Output efficiency: 0.368
mdot_h2: 6.37 g/s

CONVERGED
======================================================
======================= ITER 1 =======================
Reynolds_number: 11,112,677
Stack prop output power: 467 kW, Pcomp: 18.6 kW
Cell efficiency: 0.384, Output efficiency: 0.350
mdot_h2: 8.97 g/s
Reynolds_number: 11,112,677
Stack prop output power: 467 kW, Pcomp: 18.6 kW
Cell efficiency: 0.384, Output efficiency: 0.350
mdot_h2: 8.97 g/s
Reynolds_number: 11,112,677
Stack prop output power: 348 kW, Pcomp: 2.4 kW
Cell efficiency: 0.359, Output efficiency: 0.339
mdot_h2: 6.90 g/s
Reynolds_number: 11,112,677
Stack prop output power: 348 kW, Pcomp: 2.4 kW
Cell efficiency: 0.359, Output efficiency: 0.339
mdot_h2: 6.90 g/s
Reynolds_number: 11,112,677
Stack prop output power: 348 kW, Pcomp: 13.9 kW
Cell efficiency: 0.384, Output efficiency: 0.350
mdot_h2: 6.68 g/s

-----------------------
ptotal_climb: 1,141 kW, mtom_est: 5,070 kg, mtom: 5,079 kg, residual: -8.78 kg

MTOM update: initial_bracket_probe_1, relax=1.000 -> mtom_next=4,748.42 kg

======================================================
======================= ITER 2 =======================
Reynolds_number: 11,112,677
Stack prop output power: 437 kW, Pcomp: 17.4 kW
Cell efficiency: 0.384, Output efficiency: 0.350
mdot_h2: 8.39 g/s
Reynolds_number: 11,112,677
Stack prop output power: 437 kW, Pcomp: 17.4 kW
Cell efficiency: 0.384, Output efficiency: 0.350
mdot_h2: 8.39 g/s
Reynolds_number: 11,112,677
Stack prop output power: 325 kW, Pcomp: 2.3 kW
Cell efficiency: 0.359, Output efficiency: 0.339
mdot_h2: 6.45 g/s
Reynolds_number: 11,112,677
Stack prop output power: 325 kW, Pcomp: 2.3 kW
Cell efficiency: 0.359, Output efficiency: 0.339
mdot_h2: 6.45 g/s
Reynolds_number: 11,112,677
Stack prop output power: 325 kW, Pcomp: 13.0 kW
Cell efficiency: 0.384, Output efficiency: 0.350
mdot_h2: 6.24 g/s

-----------------------
ptotal_climb: 1,067 kW, mtom_est: 4,900 kg, mtom: 4,748 kg, residual: +151.35 kg

MTOM update: newton, relax=0.300 -> mtom_next=4,842.02 kg

======================================================
======================= ITER 3 =======================
Reynolds_number: 11,112,677
Stack prop output power: 445 kW, Pcomp: 17.7 kW
Cell efficiency: 0.384, Output efficiency: 0.350
mdot_h2: 8.55 g/s
Reynolds_number: 11,112,677
Stack prop output power: 445 kW, Pcomp: 17.7 kW
Cell efficiency: 0.384, Output efficiency: 0.350
mdot_h2: 8.55 g/s
Reynolds_number: 11,112,677
Stack prop output power: 332 kW, Pcomp: 2.3 kW
Cell efficiency: 0.359, Output efficiency: 0.339
mdot_h2: 6.58 g/s
Reynolds_number: 11,112,677
Stack prop output power: 332 kW, Pcomp: 2.3 kW
Cell efficiency: 0.359, Output efficiency: 0.339
mdot_h2: 6.58 g/s
Reynolds_number: 11,112,677
Stack prop output power: 332 kW, Pcomp: 13.2 kW
Cell efficiency: 0.384, Output efficiency: 0.350
mdot_h2: 6.37 g/s

-----------------------
ptotal_climb: 1,088 kW, mtom_est: 4,948 kg, mtom: 4,842 kg, residual: +106.22 kg

MTOM update: newton, relax=0.360 -> mtom_next=4,921.33 kg

======================================================
======================= ITER 4 =======================
Reynolds_number: 11,112,677
Stack prop output power: 453 kW, Pcomp: 18.0 kW
Cell efficiency: 0.384, Output efficiency: 0.350
mdot_h2: 8.69 g/s
Reynolds_number: 11,112,677
Stack prop output power: 453 kW, Pcomp: 18.0 kW
Cell efficiency: 0.384, Output efficiency: 0.350
mdot_h2: 8.69 g/s
Reynolds_number: 11,112,677
Stack prop output power: 337 kW, Pcomp: 2.4 kW
Cell efficiency: 0.359, Output efficiency: 0.339
mdot_h2: 6.69 g/s
Reynolds_number: 11,112,677
Stack prop output power: 337 kW, Pcomp: 2.4 kW
Cell efficiency: 0.359, Output efficiency: 0.339
mdot_h2: 6.69 g/s
Reynolds_number: 11,112,677
Stack prop output power: 337 kW, Pcomp: 13.4 kW
Cell efficiency: 0.384, Output efficiency: 0.350
mdot_h2: 6.47 g/s

-----------------------
ptotal_climb: 1,106 kW, mtom_est: 4,993 kg, mtom: 4,921 kg, residual: +71.29 kg

MTOM update: newton, relax=0.432 -> mtom_next=4,991.27 kg

======================================================
======================= ITER 5 =======================
Reynolds_number: 11,112,677
Stack prop output power: 459 kW, Pcomp: 18.3 kW
Cell efficiency: 0.384, Output efficiency: 0.350
mdot_h2: 8.82 g/s
Reynolds_number: 11,112,677
Stack prop output power: 459 kW, Pcomp: 18.3 kW
Cell efficiency: 0.384, Output efficiency: 0.350
mdot_h2: 8.82 g/s
Reynolds_number: 11,112,677
Stack prop output power: 342 kW, Pcomp: 2.4 kW
Cell efficiency: 0.359, Output efficiency: 0.339
mdot_h2: 6.78 g/s
Reynolds_number: 11,112,677
Stack prop output power: 342 kW, Pcomp: 2.4 kW
Cell efficiency: 0.359, Output efficiency: 0.339
mdot_h2: 6.78 g/s
Reynolds_number: 11,112,677
Stack prop output power: 342 kW, Pcomp: 13.6 kW
Cell efficiency: 0.384, Output efficiency: 0.350
mdot_h2: 6.56 g/s

-----------------------
ptotal_climb: 1,121 kW, mtom_est: 5,025 kg, mtom: 4,991 kg, residual: +33.77 kg

MTOM update: newton, relax=0.518 -> mtom_next=5,023.91 kg

======================================================
======================= ITER 6 =======================
Reynolds_number: 11,112,677
Stack prop output power: 462 kW, Pcomp: 18.4 kW
Cell efficiency: 0.384, Output efficiency: 0.350
mdot_h2: 8.88 g/s
Reynolds_number: 11,112,677
Stack prop output power: 462 kW, Pcomp: 18.4 kW
Cell efficiency: 0.384, Output efficiency: 0.350
mdot_h2: 8.88 g/s
Reynolds_number: 11,112,677
Stack prop output power: 344 kW, Pcomp: 2.4 kW
Cell efficiency: 0.359, Output efficiency: 0.339
mdot_h2: 6.83 g/s
Reynolds_number: 11,112,677
Stack prop output power: 344 kW, Pcomp: 2.4 kW
Cell efficiency: 0.359, Output efficiency: 0.339
mdot_h2: 6.83 g/s
Reynolds_number: 11,112,677
Stack prop output power: 344 kW, Pcomp: 13.7 kW
Cell efficiency: 0.384, Output efficiency: 0.350
mdot_h2: 6.61 g/s

-----------------------
ptotal_climb: 1,129 kW, mtom_est: 5,046 kg, mtom: 5,024 kg, residual: +21.74 kg

MTOM update: newton, relax=0.622 -> mtom_next=5,060.57 kg

======================================================
======================= ITER 7 =======================
Reynolds_number: 11,112,677
Stack prop output power: 466 kW, Pcomp: 18.5 kW
Cell efficiency: 0.384, Output efficiency: 0.350
mdot_h2: 8.94 g/s
Reynolds_number: 11,112,677
Stack prop output power: 466 kW, Pcomp: 18.5 kW
Cell efficiency: 0.384, Output efficiency: 0.350
mdot_h2: 8.94 g/s
Reynolds_number: 11,112,677
Stack prop output power: 346 kW, Pcomp: 2.4 kW
Cell efficiency: 0.359, Output efficiency: 0.339
mdot_h2: 6.88 g/s
Reynolds_number: 11,112,677
Stack prop output power: 346 kW, Pcomp: 2.4 kW
Cell efficiency: 0.359, Output efficiency: 0.339
mdot_h2: 6.88 g/s
Reynolds_number: 11,112,677
Stack prop output power: 346 kW, Pcomp: 13.8 kW
Cell efficiency: 0.384, Output efficiency: 0.350
mdot_h2: 6.65 g/s

-----------------------
ptotal_climb: 1,137 kW, mtom_est: 5,065 kg, mtom: 5,061 kg, residual: +3.98 kg

Reynolds_number: 11,112,677
Stack prop output power: 466 kW, Pcomp: 18.5 kW
Cell efficiency: 0.384, Output efficiency: 0.350
mdot_h2: 8.94 g/s
Reynolds_number: 11,112,677
Stack prop output power: 466 kW, Pcomp: 18.5 kW
Cell efficiency: 0.384, Output efficiency: 0.350
mdot_h2: 8.94 g/s
Reynolds_number: 6,709,346
Stack prop output power: 346 kW, Pcomp: 2.4 kW
Cell efficiency: 0.390, Output efficiency: 0.368
mdot_h2: 6.33 g/s
Reynolds_number: 6,709,346
Stack prop output power: 346 kW, Pcomp: 2.4 kW
Cell efficiency: 0.390, Output efficiency: 0.368
mdot_h2: 6.33 g/s

CONVERGED
======================================================
======================= ITER 1 =======================
Reynolds_number: 11,112,677
Stack prop output power: 465 kW, Pcomp: 18.5 kW
Cell efficiency: 0.384, Output efficiency: 0.350
mdot_h2: 8.94 g/s
Reynolds_number: 11,112,677
Stack prop output power: 465 kW, Pcomp: 18.5 kW
Cell efficiency: 0.384, Output efficiency: 0.350
mdot_h2: 8.94 g/s
Reynolds_number: 11,112,677
Stack prop output power: 346 kW, Pcomp: 2.4 kW
Cell efficiency: 0.359, Output efficiency: 0.339
mdot_h2: 6.87 g/s
Reynolds_number: 11,112,677
Stack prop output power: 346 kW, Pcomp: 13.8 kW
Cell efficiency: 0.384, Output efficiency: 0.350
mdot_h2: 6.65 g/s

-----------------------
ptotal_climb: 1,136 kW, mtom_est: 5,053 kg, mtom: 5,065 kg, residual: -11.16 kg

MTOM update: initial_bracket_probe_1, relax=1.000 -> mtom_next=4,735.36 kg

======================================================
======================= ITER 2 =======================
Reynolds_number: 11,112,677
Stack prop output power: 435 kW, Pcomp: 17.3 kW
Cell efficiency: 0.384, Output efficiency: 0.350
mdot_h2: 8.36 g/s
Reynolds_number: 11,112,677
Stack prop output power: 435 kW, Pcomp: 17.3 kW
Cell efficiency: 0.384, Output efficiency: 0.350
mdot_h2: 8.36 g/s
Reynolds_number: 11,112,677
Stack prop output power: 324 kW, Pcomp: 2.3 kW
Cell efficiency: 0.359, Output efficiency: 0.339
mdot_h2: 6.43 g/s
Reynolds_number: 11,112,677
Stack prop output power: 324 kW, Pcomp: 2.3 kW
Cell efficiency: 0.359, Output efficiency: 0.339
mdot_h2: 6.43 g/s
Reynolds_number: 11,112,677
Stack prop output power: 324 kW, Pcomp: 12.9 kW
Cell efficiency: 0.384, Output efficiency: 0.350
mdot_h2: 6.22 g/s

-----------------------
ptotal_climb: 1,063 kW, mtom_est: 4,885 kg, mtom: 4,735 kg, residual: +149.96 kg

MTOM update: newton, relax=0.300 -> mtom_next=4,827.28 kg

======================================================
======================= ITER 3 =======================
Reynolds_number: 11,112,677
Stack prop output power: 444 kW, Pcomp: 17.7 kW
Cell efficiency: 0.384, Output efficiency: 0.350
mdot_h2: 8.52 g/s
Reynolds_number: 11,112,677
Stack prop output power: 444 kW, Pcomp: 17.7 kW
Cell efficiency: 0.384, Output efficiency: 0.350
mdot_h2: 8.52 g/s
Reynolds_number: 11,112,677
Stack prop output power: 330 kW, Pcomp: 2.3 kW
Cell efficiency: 0.359, Output efficiency: 0.339
mdot_h2: 6.55 g/s
Reynolds_number: 11,112,677
Stack prop output power: 330 kW, Pcomp: 2.3 kW
Cell efficiency: 0.359, Output efficiency: 0.339
mdot_h2: 6.55 g/s
Reynolds_number: 11,112,677
Stack prop output power: 330 kW, Pcomp: 13.2 kW
Cell efficiency: 0.384, Output efficiency: 0.350
mdot_h2: 6.34 g/s

-----------------------
ptotal_climb: 1,083 kW, mtom_est: 4,932 kg, mtom: 4,827 kg, residual: +104.74 kg

MTOM update: newton, relax=0.360 -> mtom_next=4,903.93 kg

======================================================
======================= ITER 4 =======================
Reynolds_number: 11,112,677
Stack prop output power: 451 kW, Pcomp: 17.9 kW
Cell efficiency: 0.384, Output efficiency: 0.350
mdot_h2: 8.65 g/s
Reynolds_number: 11,112,677
Stack prop output power: 451 kW, Pcomp: 17.9 kW
Cell efficiency: 0.384, Output efficiency: 0.350
mdot_h2: 8.65 g/s
Reynolds_number: 11,112,677
Stack prop output power: 335 kW, Pcomp: 2.3 kW
Cell efficiency: 0.359, Output efficiency: 0.339
mdot_h2: 6.66 g/s
Reynolds_number: 11,112,677
Stack prop output power: 335 kW, Pcomp: 2.3 kW
Cell efficiency: 0.359, Output efficiency: 0.339
mdot_h2: 6.66 g/s
Reynolds_number: 11,112,677
Stack prop output power: 335 kW, Pcomp: 13.4 kW
Cell efficiency: 0.384, Output efficiency: 0.350
mdot_h2: 6.44 g/s

-----------------------
ptotal_climb: 1,100 kW, mtom_est: 4,971 kg, mtom: 4,904 kg, residual: +67.32 kg

MTOM update: newton, relax=0.432 -> mtom_next=4,963.49 kg

======================================================
======================= ITER 5 =======================
Reynolds_number: 11,112,677
Stack prop output power: 456 kW, Pcomp: 18.2 kW
Cell efficiency: 0.384, Output efficiency: 0.350
mdot_h2: 8.76 g/s
Reynolds_number: 11,112,677
Stack prop output power: 456 kW, Pcomp: 18.2 kW
Cell efficiency: 0.384, Output efficiency: 0.350
mdot_h2: 8.76 g/s
Reynolds_number: 11,112,677
Stack prop output power: 339 kW, Pcomp: 2.4 kW
Cell efficiency: 0.359, Output efficiency: 0.339
mdot_h2: 6.74 g/s
Reynolds_number: 11,112,677
Stack prop output power: 339 kW, Pcomp: 2.4 kW
Cell efficiency: 0.359, Output efficiency: 0.339
mdot_h2: 6.74 g/s
Reynolds_number: 11,112,677
Stack prop output power: 339 kW, Pcomp: 13.5 kW
Cell efficiency: 0.384, Output efficiency: 0.350
mdot_h2: 6.52 g/s

-----------------------
ptotal_climb: 1,114 kW, mtom_est: 5,002 kg, mtom: 4,963 kg, residual: +38.60 kg

MTOM update: newton, relax=0.518 -> mtom_next=5,004.98 kg

======================================================
======================= ITER 6 =======================
Reynolds_number: 11,112,677
Stack prop output power: 460 kW, Pcomp: 18.3 kW
Cell efficiency: 0.384, Output efficiency: 0.350
mdot_h2: 8.83 g/s
Reynolds_number: 11,112,677
Stack prop output power: 460 kW, Pcomp: 18.3 kW
Cell efficiency: 0.384, Output efficiency: 0.350
mdot_h2: 8.83 g/s
Reynolds_number: 11,112,677
Stack prop output power: 342 kW, Pcomp: 2.4 kW
Cell efficiency: 0.359, Output efficiency: 0.339
mdot_h2: 6.79 g/s
Reynolds_number: 11,112,677
Stack prop output power: 342 kW, Pcomp: 2.4 kW
Cell efficiency: 0.359, Output efficiency: 0.339
mdot_h2: 6.79 g/s
Reynolds_number: 11,112,677
Stack prop output power: 342 kW, Pcomp: 13.6 kW
Cell efficiency: 0.384, Output efficiency: 0.350
mdot_h2: 6.57 g/s

-----------------------
ptotal_climb: 1,123 kW, mtom_est: 5,023 kg, mtom: 5,005 kg, residual: +18.30 kg

MTOM update: newton, relax=0.622 -> mtom_next=5,028.26 kg

======================================================
======================= ITER 7 =======================
Reynolds_number: 11,112,677
Stack prop output power: 462 kW, Pcomp: 18.4 kW
Cell efficiency: 0.384, Output efficiency: 0.350
mdot_h2: 8.87 g/s
Reynolds_number: 11,112,677
Stack prop output power: 462 kW, Pcomp: 18.4 kW
Cell efficiency: 0.384, Output efficiency: 0.350
mdot_h2: 8.87 g/s
Reynolds_number: 11,112,677
Stack prop output power: 344 kW, Pcomp: 2.4 kW
Cell efficiency: 0.359, Output efficiency: 0.339
mdot_h2: 6.83 g/s
Reynolds_number: 11,112,677
Stack prop output power: 344 kW, Pcomp: 2.4 kW
Cell efficiency: 0.359, Output efficiency: 0.339
mdot_h2: 6.83 g/s
Reynolds_number: 11,112,677
Stack prop output power: 344 kW, Pcomp: 13.7 kW
Cell efficiency: 0.384, Output efficiency: 0.350
mdot_h2: 6.60 g/s

-----------------------
ptotal_climb: 1,128 kW, mtom_est: 5,036 kg, mtom: 5,028 kg, residual: +7.26 kg

MTOM update: newton, relax=0.746 -> mtom_next=5,039.68 kg

======================================================
======================= ITER 8 =======================
Reynolds_number: 11,112,677
Stack prop output power: 463 kW, Pcomp: 18.4 kW
Cell efficiency: 0.384, Output efficiency: 0.350
mdot_h2: 8.89 g/s
Reynolds_number: 11,112,677
Stack prop output power: 463 kW, Pcomp: 18.4 kW
Cell efficiency: 0.384, Output efficiency: 0.350
mdot_h2: 8.89 g/s
Reynolds_number: 11,112,677
Stack prop output power: 345 kW, Pcomp: 2.4 kW
Cell efficiency: 0.359, Output efficiency: 0.339
mdot_h2: 6.84 g/s
Reynolds_number: 11,112,677
Stack prop output power: 345 kW, Pcomp: 2.4 kW
Cell efficiency: 0.359, Output efficiency: 0.339
mdot_h2: 6.84 g/s
Reynolds_number: 11,112,677
Stack prop output power: 345 kW, Pcomp: 13.7 kW
Cell efficiency: 0.384, Output efficiency: 0.350
mdot_h2: 6.62 g/s

-----------------------
ptotal_climb: 1,131 kW, mtom_est: 5,041 kg, mtom: 5,040 kg, residual: +1.46 kg

Reynolds_number: 11,112,677
Stack prop output power: 463 kW, Pcomp: 18.4 kW
Cell efficiency: 0.384, Output efficiency: 0.350
mdot_h2: 8.89 g/s
Reynolds_number: 11,112,677
Stack prop output power: 463 kW, Pcomp: 18.4 kW
Cell efficiency: 0.384, Output efficiency: 0.350
mdot_h2: 8.89 g/s
Reynolds_number: 6,709,346
Stack prop output power: 345 kW, Pcomp: 2.3 kW
Cell efficiency: 0.390, Output efficiency: 0.368
mdot_h2: 6.30 g/s
Reynolds_number: 6,709,346
Stack prop output power: 345 kW, Pcomp: 2.3 kW
Cell efficiency: 0.390, Output efficiency: 0.368
mdot_h2: 6.30 g/s

CONVERGED
======================================================
======================= ITER 1 =======================
Reynolds_number: 11,112,677
Stack prop output power: 463 kW, Pcomp: 18.4 kW
Cell efficiency: 0.384, Output efficiency: 0.350
mdot_h2: 8.89 g/s
Reynolds_number: 11,112,677
Stack prop output power: 463 kW, Pcomp: 18.4 kW
Cell efficiency: 0.384, Output efficiency: 0.350
mdot_h2: 8.89 g/s
Reynolds_number: 11,112,677
Stack prop output power: 344 kW, Pcomp: 2.4 kW
Cell efficiency: 0.359, Output efficiency: 0.339
mdot_h2: 6.84 g/s
Reynolds_number: 11,112,677
Stack prop output power: 344 kW, Pcomp: 13.7 kW
Cell efficiency: 0.384, Output efficiency: 0.350
mdot_h2: 6.61 g/s

-----------------------
ptotal_climb: 1,130 kW, mtom_est: 5,034 kg, mtom: 5,041 kg, residual: -7.13 kg

MTOM update: initial_bracket_probe_1, relax=1.000 -> mtom_next=4,713.47 kg

======================================================
======================= ITER 2 =======================
Reynolds_number: 11,112,677
Stack prop output power: 433 kW, Pcomp: 17.2 kW
Cell efficiency: 0.384, Output efficiency: 0.350
mdot_h2: 8.31 g/s
Reynolds_number: 11,112,677
Stack prop output power: 433 kW, Pcomp: 17.2 kW
Cell efficiency: 0.384, Output efficiency: 0.350
mdot_h2: 8.31 g/s
Reynolds_number: 11,112,677
Stack prop output power: 322 kW, Pcomp: 2.3 kW
Cell efficiency: 0.359, Output efficiency: 0.339
mdot_h2: 6.39 g/s
Reynolds_number: 11,112,677
Stack prop output power: 322 kW, Pcomp: 2.3 kW
Cell efficiency: 0.359, Output efficiency: 0.339
mdot_h2: 6.39 g/s
Reynolds_number: 11,112,677
Stack prop output power: 322 kW, Pcomp: 12.8 kW
Cell efficiency: 0.384, Output efficiency: 0.350
mdot_h2: 6.18 g/s

-----------------------
ptotal_climb: 1,057 kW, mtom_est: 4,869 kg, mtom: 4,713 kg, residual: +155.41 kg

MTOM update: newton, relax=0.300 -> mtom_next=4,807.45 kg

======================================================
======================= ITER 3 =======================
Reynolds_number: 11,112,677
Stack prop output power: 441 kW, Pcomp: 17.6 kW
Cell efficiency: 0.384, Output efficiency: 0.350
mdot_h2: 8.48 g/s
Reynolds_number: 11,112,677
Stack prop output power: 441 kW, Pcomp: 17.6 kW
Cell efficiency: 0.384, Output efficiency: 0.350
mdot_h2: 8.48 g/s
Reynolds_number: 11,112,677
Stack prop output power: 328 kW, Pcomp: 2.3 kW
Cell efficiency: 0.359, Output efficiency: 0.339
mdot_h2: 6.52 g/s
Reynolds_number: 11,112,677
Stack prop output power: 328 kW, Pcomp: 2.3 kW
Cell efficiency: 0.359, Output efficiency: 0.339
mdot_h2: 6.52 g/s
Reynolds_number: 11,112,677
Stack prop output power: 328 kW, Pcomp: 13.1 kW
Cell efficiency: 0.384, Output efficiency: 0.350
mdot_h2: 6.31 g/s

-----------------------
ptotal_climb: 1,078 kW, mtom_est: 4,915 kg, mtom: 4,807 kg, residual: +107.39 kg

MTOM update: newton, relax=0.360 -> mtom_next=4,883.12 kg

======================================================
======================= ITER 4 =======================
Reynolds_number: 11,112,677
Stack prop output power: 448 kW, Pcomp: 17.9 kW
Cell efficiency: 0.384, Output efficiency: 0.350
mdot_h2: 8.61 g/s
Reynolds_number: 11,112,677
Stack prop output power: 448 kW, Pcomp: 17.9 kW
Cell efficiency: 0.384, Output efficiency: 0.350
mdot_h2: 8.61 g/s
Reynolds_number: 11,112,677
