Auto-widening W/S scan window for min_combined_pw: 1900.0..2600.0 -> 1725.0..2775.0 Pa (factor 1.500, lower_hit=True, upper_hit=False, min_on_edge=False).
Auto-widening W/S scan window for min_combined_pw: 1725.0..2775.0 -> 1462.5..3037.5 Pa (factor 1.500, lower_hit=True, upper_hit=False, min_on_edge=False).
ADRpy constraint sizing (min_combined_pw): W/S=2162.5 Pa (220.51 kg/m^2), P/W_TO=0.17518 kW/kg, P/W_climb=0.16876 kW/kg, P/W_cruise=0.17683 kW/kg
Curve minimum (combined/combined): W/S=2162.5 Pa (220.51 kg/m^2), P/W=0.17683 kW/kg
Curve minimum (takeoff/take-off): W/S=1462.5 Pa (149.13 kg/m^2), P/W=0.10196 kW/kg
Curve minimum (climb/climb): W/S=2312.5 Pa (235.81 kg/m^2), P/W=0.16713 kW/kg
Curve minimum (cruise/cruise): W/S=2312.5 Pa (235.81 kg/m^2), P/W=0.16744 kW/kg
======================================================
======================= ITER 1 =======================
Fuel-cell system mass representative phase: cruise (P_fc_sys=1256.527 kW).

-----------------------
ptotal_climb: 1,159 kW, mtom_est: 6,078 kg, mtom: 5,000 kg, residual: +1,078.47 kg

MTOM update: initial_bracket_probe_1, relax=1.000 -> mtom_next=5,325.00 kg

======================================================
======================= ITER 2 =======================
Fuel-cell system mass representative phase: cruise (P_fc_sys=1338.208 kW).

-----------------------
ptotal_climb: 1,235 kW, mtom_est: 6,315 kg, mtom: 5,325 kg, residual: +989.91 kg

MTOM update: initial_bracket_probe_2, relax=1.000 -> mtom_next=5,650.00 kg

======================================================
======================= ITER 3 =======================
Fuel-cell system mass representative phase: cruise (P_fc_sys=1419.882 kW).

-----------------------
ptotal_climb: 1,310 kW, mtom_est: 6,551 kg, mtom: 5,650 kg, residual: +900.80 kg

MTOM update: newton_prebracket, relax=1.000 -> mtom_next=7,627.50 kg

======================================================
======================= ITER 4 =======================
Fuel-cell system mass representative phase: cruise (P_fc_sys=1916.828 kW).

-----------------------
ptotal_climb: 1,769 kW, mtom_est: 7,994 kg, mtom: 7,628 kg, residual: +366.85 kg

MTOM update: newton_prebracket, relax=1.000 -> mtom_next=8,986.17 kg

======================================================
======================= ITER 5 =======================
Fuel-cell system mass representative phase: cruise (P_fc_sys=2258.277 kW).

-----------------------
ptotal_climb: 2,084 kW, mtom_est: 8,994 kg, mtom: 8,986 kg, residual: +8.17 kg

MTOM update: newton_prebracket, relax=1.000 -> mtom_next=9,017.13 kg

======================================================
======================= ITER 6 =======================
Fuel-cell system mass representative phase: cruise (P_fc_sys=2266.060 kW).

-----------------------
ptotal_climb: 2,091 kW, mtom_est: 9,018 kg, mtom: 9,017 kg, residual: +0.40 kg


CONVERGED

CONVERGED STATE [MTOM iteration 6]
  MTOM=9,018 kg | Wing loading=220.52 kg/m^2 | P/W(climb)=231.86 W/kg
  Phase power: climb=2,090.8 kW | cruise=2,266.1 kW | loiter=1,812.7 kW | takeoff=2,170.2 kW | cruise+charger=2,266.1 kW
  Power split (climb): FC=1,557.7 kW | Battery=519.2 kW | Compressor=13.9 kW | Cooling=643.5 kW | H2=38.245 g/s
  Compressor max across phases: 73.0 kW (cruise)
  FC representative phase (mass sizing): cruise (2,266.1 kW)
  Mass summary: MTOM=9,018 kg | Powertrain=3,226 kg | Tank=931.0 kg | Fuel=413.8 kg | Battery=219.4 kg | Nacelle power density=0.82 kW/kg
  Geometry: Main wing area=40.89 m^2 | Horizontal tail area=5.871 m^2 | Horizontal tail location=15.072 m | Vertical tail area=5.996 m^2 | Vertical tail location=14.466 m
  Config: wing loading input=220.51 kg/m^2 | P/W TO/Cl/Cr/Lo=0.17518/0.16876/0.17683/0.14146 kW/kg

=============================================================
========================= CONVERGED =========================
=============================================================
Constraint sizing: ENABLED (min_combined_pw)
Input W/S: 220.51 kg/m^2 (2,162.5 Pa)
Input P/W [kW/kg]: takeoff 0.17518, climb 0.16876, cruise 0.17683, loiter 0.14146
Converged P/W [kW/kg]: takeoff 0.24066, climb 0.23186, cruise 0.25130, loiter 0.20102
-------------------------------------------------------------

# Mission Time
Climb time: 5.05 min (0.08 h)
Cruise time: 109.52 min (1.83 h)
Total flight time: 136.57 min (2.28 h)

# Phase Power Breakdown
Phase      Time[min]     Total[kW]    FC Stack[kW]   Battery[kW]   Compressor[kW]   Cooling[kW]   mdot_H2[g/s]
--------------------------------------------------------------------------------------------------------------
ready           0.00         104.5           104.5           0.0              0.0           0.0         0.0
taxi            5.00         209.1           209.1           0.0              0.0           0.0         3.8
takeoff         1.00       2,170.2         1,617.0         539.0             14.2         634.2        38.2
climb           5.05       2,090.8         1,557.7         519.2             13.9         643.5        38.2
cruise        109.52       2,266.1         2,193.0           0.0             73.0         907.8        54.6
loiter         15.00       1,812.7         1,754.4           0.0             58.3         734.4        44.1
landing         1.00           0.0             0.0           0.0              0.0           0.0         0.0

Pcomp_max (solved phases): 73.0 kW (cruise)
Pnet (climb): 1,888 kW
Pelectricnet (climb): 2,077 kW
eta_pt: 0.9031

# Geometry
Main Wing Area: 40.89 m^2
Wingspan: 19.18 m
Fuselage Length: 17.30 m
Hydrogen Tank Length: 8.29 m
Horizontal Tail Area: 5.87 m^2
Vertical Tail Area: 6.00 m^2
Horizontal Tail span: 5.14 m
Vertical Tail span: 3.38 m
Horizontal Tail X_Position: 15.07 m
Vertical Tail X_Position: 14.47 m

# Single Nacelle (1/2)
Stack(1/2): 625 kg, Compressor: 71 kg, Humidifier: 198 kg, HX: 494 kg
Fuelcell System(FCS; Stack+Compressor+Humidifier+Hx): 1,387 kg
Representative FC phase: cruise
Specific Power of Fuelcell System: 0.817 kW/kg
Stack dimension: dX=0.362 m, dY=0.439 m, dZ=0.439 m
Heat Exchanger dimension: dX=1.548 m, dY=1.548 m, dZ=0.230 m

# ALL Nacelles
FCS_total: 2,774 kg
PMAD: 177 kg
Motors: 276 kg

# Total Mass Breakdown
-----------------------
Powertrain (FCS_total+PMAD+Motors): 3,226 kg
-----------------------
Main Wing: 725 kg
Horizontal Tail: 49 kg
Vertical Tail: 82 kg
Fuselage: 665 kg
Landing gear(main): 243 kg
Landing gear(nose): 65 kg
Flight Control System: 366 kg
Electric System: 300 kg
Instruments: 124 kg
Hydraulics: 108 kg
Furnishing: 501 kg
-----------------------
Operating Empty Mass(OEM): 3,227 kg
-----------------------
Hydrogen Tank: 931 kg
Hydrogen Fuel: 413.8 kg
Battery: 219.4 kg
-----------------------
Payload: 1,000 kg
-----------------------
Maximum Takeoff Mass(MTOM): 9,018 kg
-----------------------

Wing loading (MTOM/S_wing): 220.52 kg/m^2
Power-to-weight (maxPow/MTOM): 231.86 W/kg

mdot_H2(cruise): 54.6 g/s
Hydrogen Tank Volume: 17.7 m^3
========================== END ==============================


=============================================================
Execution time: 3.7 seconds
=============================================================
