Auto-widening W/S scan window for min_combined_pw: 1900.0..2600.0 -> 1725.0..2775.0 Pa (factor 1.500, lower_hit=True, upper_hit=False, min_on_edge=False).
Auto-widening W/S scan window for min_combined_pw: 1725.0..2775.0 -> 1462.5..3037.5 Pa (factor 1.500, lower_hit=True, upper_hit=False, min_on_edge=False).
ADRpy constraint sizing (min_combined_pw): W/S=2112.5 Pa (215.42 kg/m^2), P/W_TO=0.16953 kW/kg, P/W_climb=0.17277 kW/kg, P/W_cruise=0.06328 kW/kg
Curve minimum (combined/combined): W/S=2112.5 Pa (215.42 kg/m^2), P/W=0.17277 kW/kg
Curve minimum (takeoff/take-off): W/S=1462.5 Pa (149.13 kg/m^2), P/W=0.10196 kW/kg
Curve minimum (climb/climb): W/S=2312.5 Pa (235.81 kg/m^2), P/W=0.17010 kW/kg
Curve minimum (cruise/cruise): W/S=2312.5 Pa (235.81 kg/m^2), P/W=0.06244 kW/kg
======================================================
======================= ITER 1 =======================
Fuel-cell system mass representative phase: climb (P_fc_sys=892.237 kW).

-----------------------
ptotal_climb: 1,187 kW, mtom_est: 6,224 kg, mtom: 5,000 kg, residual: +1,223.97 kg

MTOM update: initial_bracket_probe_1, relax=1.000 -> mtom_next=5,325.00 kg

======================================================
======================= ITER 2 =======================
Fuel-cell system mass representative phase: climb (P_fc_sys=950.227 kW).

-----------------------
ptotal_climb: 1,264 kW, mtom_est: 6,441 kg, mtom: 5,325 kg, residual: +1,115.66 kg

MTOM update: initial_bracket_probe_2, relax=1.000 -> mtom_next=5,650.00 kg

======================================================
======================= ITER 3 =======================
Fuel-cell system mass representative phase: climb (P_fc_sys=1008.222 kW).

-----------------------
ptotal_climb: 1,341 kW, mtom_est: 6,660 kg, mtom: 5,650 kg, residual: +1,009.89 kg

MTOM update: newton_prebracket, relax=1.000 -> mtom_next=7,627.50 kg

======================================================
======================= ITER 4 =======================
Fuel-cell system mass representative phase: climb (P_fc_sys=1361.108 kW).

-----------------------
ptotal_climb: 1,811 kW, mtom_est: 8,006 kg, mtom: 7,628 kg, residual: +378.20 kg

MTOM update: newton_prebracket, relax=1.000 -> mtom_next=8,811.43 kg

======================================================
======================= ITER 5 =======================
Fuel-cell system mass representative phase: climb (P_fc_sys=1572.377 kW).

-----------------------
ptotal_climb: 2,092 kW, mtom_est: 8,818 kg, mtom: 8,811 kg, residual: +6.78 kg

MTOM update: newton_prebracket, relax=1.000 -> mtom_next=8,833.04 kg

======================================================
======================= ITER 6 =======================
Fuel-cell system mass representative phase: climb (P_fc_sys=1576.233 kW).

-----------------------
ptotal_climb: 2,097 kW, mtom_est: 8,834 kg, mtom: 8,833 kg, residual: +0.77 kg


CONVERGED

CONVERGED STATE [MTOM iteration 6]
  MTOM=8,834 kg | Wing loading=215.43 kg/m^2 | P/W(climb)=237.38 W/kg
  Phase power: climb=2,097.0 kW | cruise=802.2 kW | loiter=641.7 kW | takeoff=2,057.3 kW | cruise+charger=802.2 kW
  Power split (climb): FC=1,562.2 kW | Battery=520.7 kW | Compressor=14.1 kW | Cooling=674.2 kW | H2=39.852 g/s
  Compressor max across phases: 33.4 kW (cruise)
  FC representative phase (mass sizing): climb (1,576.2 kW)
  Mass summary: MTOM=8,834 kg | Powertrain=2,840 kg | Tank=834.4 kg | Fuel=370.9 kg | Battery=263.6 kg | Nacelle power density=0.66 kW/kg
  Geometry: Main wing area=41.00 m^2 | Horizontal tail area=6.329 m^2 | Horizontal tail location=14.149 m | Vertical tail area=6.500 m^2 | Vertical tail location=13.501 m
  Config: wing loading input=215.42 kg/m^2 | P/W TO/Cl/Cr/Lo=0.16953/0.17277/0.06328/0.05062 kW/kg

=============================================================
========================= CONVERGED =========================
=============================================================
Constraint sizing: ENABLED (min_combined_pw)
Input W/S: 215.42 kg/m^2 (2,112.5 Pa)
Input P/W [kW/kg]: takeoff 0.16953, climb 0.17277, cruise 0.06328, loiter 0.05062
Converged P/W [kW/kg]: takeoff 0.23289, climb 0.23738, cruise 0.09081, loiter 0.07264
-------------------------------------------------------------

# Mission Time
Climb time: 6.31 min (0.11 h)
Cruise time: 283.12 min (4.72 h)
Total flight time: 311.43 min (5.19 h)

# Phase Power Breakdown
Phase      Time[min]     Total[kW]    FC Stack[kW]   Battery[kW]   Compressor[kW]   Cooling[kW]   mdot_H2[g/s]
--------------------------------------------------------------------------------------------------------------
ready           0.00         104.8           104.8           0.0              0.0           0.0         0.0
taxi            5.00         209.7           209.7           0.0              0.0           0.0         4.0
takeoff         1.00       2,057.3         1,532.9         511.0             13.5         595.9        36.3
climb           6.31       2,097.0         1,562.2         520.7             14.1         674.2        39.9
cruise        283.12         802.2           768.7           0.0             33.4         330.4        19.9
loiter         15.00         641.7           615.0           0.0             26.7         265.7        16.0
landing         1.00           0.0             0.0           0.0              0.0           0.0         0.0

Pcomp_max (solved phases): 33.4 kW (cruise)
Pnet (climb): 1,894 kW
Pelectricnet (climb): 2,083 kW
eta_pt: 0.9031

# Geometry
Main Wing Area: 41.00 m^2
Wingspan: 19.21 m
Fuselage Length: 16.44 m
Hydrogen Tank Length: 7.43 m
Horizontal Tail Area: 6.33 m^2
Vertical Tail Area: 6.50 m^2
Horizontal Tail span: 5.34 m
Vertical Tail span: 3.51 m
Horizontal Tail X_Position: 14.15 m
Vertical Tail X_Position: 13.50 m

# Single Nacelle (1/2)
Stack(1/2): 452 kg, Compressor: 29 kg, Humidifier: 172 kg, HX: 538 kg
Fuelcell System(FCS; Stack+Compressor+Humidifier+Hx): 1,192 kg
Representative FC phase: climb
Specific Power of Fuelcell System: 0.661 kW/kg
Stack dimension: dX=0.384 m, dY=0.362 m, dZ=0.362 m
Heat Exchanger dimension: dX=1.722 m, dY=1.722 m, dZ=0.203 m

# ALL Nacelles
FCS_total: 2,384 kg
PMAD: 180 kg
Motors: 276 kg

# Total Mass Breakdown
-----------------------
Powertrain (FCS_total+PMAD+Motors): 2,840 kg
-----------------------
Main Wing: 715 kg
Horizontal Tail: 51 kg
Vertical Tail: 84 kg
Fuselage: 493 kg
Landing gear(main): 243 kg
Landing gear(nose): 65 kg
Flight Control System: 366 kg
Electric System: 300 kg
Instruments: 121 kg
Hydraulics: 106 kg
Furnishing: 481 kg
-----------------------
Operating Empty Mass(OEM): 3,025 kg
-----------------------
Hydrogen Tank: 834 kg
Hydrogen Fuel: 370.9 kg
Battery: 263.6 kg
-----------------------
Payload: 1,500 kg
-----------------------
Maximum Takeoff Mass(MTOM): 8,834 kg
-----------------------

Wing loading (MTOM/S_wing): 215.43 kg/m^2
Power-to-weight (maxPow/MTOM): 237.38 W/kg

mdot_H2(cruise): 19.9 g/s
Hydrogen Tank Volume: 15.9 m^3
========================== END ==============================


=============================================================
Execution time: 3.8 seconds
=============================================================
