Auto-widening W/S scan window for min_combined_pw: 1900.0..2600.0 -> 1725.0..2775.0 Pa (factor 1.500, lower_hit=True, upper_hit=False, min_on_edge=False).
Auto-widening W/S scan window for min_combined_pw: 1725.0..2775.0 -> 1462.5..3037.5 Pa (factor 1.500, lower_hit=True, upper_hit=False, min_on_edge=False).
ADRpy constraint sizing (min_combined_pw): W/S=2112.5 Pa (215.42 kg/m^2), P/W_TO=0.16953 kW/kg, P/W_climb=0.17317 kW/kg, P/W_cruise=0.12125 kW/kg
Curve minimum (combined/combined): W/S=2112.5 Pa (215.42 kg/m^2), P/W=0.17317 kW/kg
Curve minimum (takeoff/take-off): W/S=1462.5 Pa (149.13 kg/m^2), P/W=0.10196 kW/kg
Curve minimum (climb/climb): W/S=2312.5 Pa (235.81 kg/m^2), P/W=0.17066 kW/kg
Curve minimum (cruise/cruise): W/S=2312.5 Pa (235.81 kg/m^2), P/W=0.11409 kW/kg
======================================================
======================= ITER 1 =======================
Fuel-cell system mass representative phase: climb (P_fc_sys=894.305 kW).

-----------------------
ptotal_climb: 1,190 kW, mtom_est: 6,832 kg, mtom: 5,000 kg, residual: +1,832.10 kg

MTOM update: initial_bracket_probe_1, relax=1.000 -> mtom_next=5,325.00 kg

======================================================
======================= ITER 2 =======================
Fuel-cell system mass representative phase: climb (P_fc_sys=952.428 kW).

-----------------------
ptotal_climb: 1,267 kW, mtom_est: 7,087 kg, mtom: 5,325 kg, residual: +1,762.30 kg

MTOM update: initial_bracket_probe_2, relax=1.000 -> mtom_next=5,650.00 kg

======================================================
======================= ITER 3 =======================
Fuel-cell system mass representative phase: climb (P_fc_sys=1010.558 kW).

-----------------------
ptotal_climb: 1,344 kW, mtom_est: 7,345 kg, mtom: 5,650 kg, residual: +1,694.74 kg

MTOM update: newton_prebracket, relax=1.000 -> mtom_next=7,627.50 kg

======================================================
======================= ITER 4 =======================
Fuel-cell system mass representative phase: climb (P_fc_sys=1364.262 kW).

-----------------------
ptotal_climb: 1,815 kW, mtom_est: 8,921 kg, mtom: 7,628 kg, residual: +1,293.90 kg

MTOM update: newton_prebracket, relax=1.000 -> mtom_next=10,297.12 kg

======================================================
======================= ITER 5 =======================
Fuel-cell system mass representative phase: climb (P_fc_sys=1841.753 kW).

-----------------------
ptotal_climb: 2,450 kW, mtom_est: 11,072 kg, mtom: 10,297 kg, residual: +774.72 kg

MTOM update: newton_prebracket, relax=1.000 -> mtom_next=13,901.12 kg

======================================================
======================= ITER 6 =======================
Fuel-cell system mass representative phase: climb (P_fc_sys=2486.367 kW).

-----------------------
ptotal_climb: 3,308 kW, mtom_est: 14,012 kg, mtom: 13,901 kg, residual: +110.92 kg

MTOM update: newton_prebracket, relax=1.000 -> mtom_next=14,503.34 kg

======================================================
======================= ITER 7 =======================
Fuel-cell system mass representative phase: climb (P_fc_sys=2594.080 kW).

-----------------------
ptotal_climb: 3,451 kW, mtom_est: 14,507 kg, mtom: 14,503 kg, residual: +3.36 kg


CONVERGED

CONVERGED STATE [MTOM iteration 7]
  MTOM=14,507 kg | Wing loading=215.46 kg/m^2 | P/W(climb)=237.89 W/kg
  Phase power: climb=3,451.1 kW | cruise=2,524.1 kW | loiter=2,019.2 kW | takeoff=3,377.9 kW | cruise+charger=2,524.1 kW
  Power split (climb): FC=2,570.9 kW | Battery=857.0 kW | Compressor=23.1 kW | Cooling=1,090.0 kW | H2=64.759 g/s
  Compressor max across phases: 105.4 kW (cruise)
  FC representative phase (mass sizing): climb (2,594.1 kW)
  Mass summary: MTOM=14,507 kg | Powertrain=4,189 kg | Tank=2,436.4 kg | Fuel=1,082.8 kg | Battery=433.7 kg | Nacelle power density=0.75 kW/kg
  Geometry: Main wing area=67.33 m^2 | Horizontal tail area=6.326 m^2 | Horizontal tail location=28.420 m | Vertical tail area=6.364 m^2 | Vertical tail location=27.799 m
  Config: wing loading input=215.42 kg/m^2 | P/W TO/Cl/Cr/Lo=0.16953/0.17317/0.12125/0.09700 kW/kg

=============================================================
========================= CONVERGED =========================
=============================================================
Constraint sizing: ENABLED (min_combined_pw)
Input W/S: 215.42 kg/m^2 (2,112.5 Pa)
Input P/W [kW/kg]: takeoff 0.16953, climb 0.17317, cruise 0.12125, loiter 0.09700
Converged P/W [kW/kg]: takeoff 0.23285, climb 0.23789, cruise 0.17400, loiter 0.13919
-------------------------------------------------------------

# Mission Time
Climb time: 6.31 min (0.11 h)
Cruise time: 271.04 min (4.52 h)
Total flight time: 299.35 min (4.99 h)

# Phase Power Breakdown
Phase      Time[min]     Total[kW]    FC Stack[kW]   Battery[kW]   Compressor[kW]   Cooling[kW]   mdot_H2[g/s]
--------------------------------------------------------------------------------------------------------------
ready           0.00         172.6           172.6           0.0              0.0           0.0         0.0
taxi            5.00         345.1           345.1           0.0              0.0           0.0         6.5
takeoff         1.00       3,377.9         2,516.9         839.0             22.1         978.0        59.5
climb           6.31       3,451.1         2,570.9         857.0             23.1       1,090.0        64.8
cruise        271.04       2,524.1         2,418.7           0.0            105.4       1,023.8        62.0
loiter         15.00       2,019.2         1,935.0           0.0             84.2         826.6        49.9
landing         1.00           0.0             0.0           0.0              0.0           0.0         0.0

Pcomp_max (solved phases): 105.4 kW (cruise)
Pnet (climb): 3,117 kW
Pelectricnet (climb): 3,428 kW
eta_pt: 0.9031

# Geometry
Main Wing Area: 67.33 m^2
Wingspan: 24.62 m
Fuselage Length: 30.71 m
Hydrogen Tank Length: 21.70 m
Horizontal Tail Area: 6.33 m^2
Vertical Tail Area: 6.36 m^2
Horizontal Tail span: 5.34 m
Vertical Tail span: 3.48 m
Horizontal Tail X_Position: 28.42 m
Vertical Tail X_Position: 27.80 m

# Single Nacelle (1/2)
Stack(1/2): 736 kg, Compressor: 47 kg, Humidifier: 272 kg, HX: 666 kg
Fuelcell System(FCS; Stack+Compressor+Humidifier+Hx): 1,720 kg
Representative FC phase: climb
Specific Power of Fuelcell System: 0.754 kW/kg
Stack dimension: dX=0.380 m, dY=0.465 m, dZ=0.465 m
Heat Exchanger dimension: dX=1.839 m, dY=1.839 m, dZ=0.220 m

# ALL Nacelles
FCS_total: 3,440 kg
PMAD: 294 kg
Motors: 455 kg

# Total Mass Breakdown
-----------------------
Powertrain (FCS_total+PMAD+Motors): 4,189 kg
-----------------------
Main Wing: 1,333 kg
Horizontal Tail: 70 kg
Vertical Tail: 109 kg
Fuselage: 1,231 kg
Landing gear(main): 243 kg
Landing gear(nose): 65 kg
Flight Control System: 366 kg
Electric System: 300 kg
Instruments: 191 kg
Hydraulics: 174 kg
Furnishing: 783 kg
-----------------------
Operating Empty Mass(OEM): 4,864 kg
-----------------------
Hydrogen Tank: 2,436 kg
Hydrogen Fuel: 1,082.8 kg
Battery: 433.7 kg
-----------------------
Payload: 1,500 kg
-----------------------
Maximum Takeoff Mass(MTOM): 14,507 kg
-----------------------

Wing loading (MTOM/S_wing): 215.46 kg/m^2
Power-to-weight (maxPow/MTOM): 237.89 W/kg

mdot_H2(cruise): 62.0 g/s
Hydrogen Tank Volume: 46.4 m^3
========================== END ==============================


=============================================================
Execution time: 4.6 seconds
=============================================================
