Auto-widening W/S scan window for min_combined_pw: 1900.0..2600.0 -> 1725.0..2775.0 Pa (factor 1.500, lower_hit=True, upper_hit=False, min_on_edge=False).
Auto-widening W/S scan window for min_combined_pw: 1725.0..2775.0 -> 1462.5..3037.5 Pa (factor 1.500, lower_hit=True, upper_hit=False, min_on_edge=False).
ADRpy constraint sizing (min_combined_pw): W/S=2162.5 Pa (220.51 kg/m^2), P/W_TO=0.17518 kW/kg, P/W_climb=0.17660 kW/kg, P/W_cruise=0.06207 kW/kg
Curve minimum (combined/combined): W/S=2162.5 Pa (220.51 kg/m^2), P/W=0.17660 kW/kg
Curve minimum (takeoff/take-off): W/S=1462.5 Pa (149.13 kg/m^2), P/W=0.10196 kW/kg
Curve minimum (climb/climb): W/S=2312.5 Pa (235.81 kg/m^2), P/W=0.17460 kW/kg
Curve minimum (cruise/cruise): W/S=2312.5 Pa (235.81 kg/m^2), P/W=0.06177 kW/kg
======================================================
======================= ITER 1 =======================
Fuel-cell system mass representative phase: climb (P_fc_sys=912.102 kW).

-----------------------
ptotal_climb: 1,213 kW, mtom_est: 5,828 kg, mtom: 5,000 kg, residual: +828.46 kg

MTOM update: initial_bracket_probe_1, relax=1.000 -> mtom_next=5,325.00 kg

======================================================
======================= ITER 2 =======================
Fuel-cell system mass representative phase: climb (P_fc_sys=971.382 kW).

-----------------------
ptotal_climb: 1,292 kW, mtom_est: 6,072 kg, mtom: 5,325 kg, residual: +747.34 kg

MTOM update: initial_bracket_probe_2, relax=1.000 -> mtom_next=5,650.00 kg

======================================================
======================= ITER 3 =======================
Fuel-cell system mass representative phase: climb (P_fc_sys=1030.669 kW).

-----------------------
ptotal_climb: 1,371 kW, mtom_est: 6,318 kg, mtom: 5,650 kg, residual: +668.44 kg

MTOM update: newton_prebracket, relax=1.000 -> mtom_next=7,627.50 kg

======================================================
======================= ITER 4 =======================
Fuel-cell system mass representative phase: climb (P_fc_sys=1391.411 kW).

-----------------------
ptotal_climb: 1,851 kW, mtom_est: 7,824 kg, mtom: 7,628 kg, residual: +196.36 kg

MTOM update: newton_prebracket, relax=1.000 -> mtom_next=8,450.02 kg

======================================================
======================= ITER 5 =======================
Fuel-cell system mass representative phase: climb (P_fc_sys=1541.456 kW).

-----------------------
ptotal_climb: 2,051 kW, mtom_est: 8,455 kg, mtom: 8,450 kg, residual: +4.95 kg


CONVERGED

CONVERGED STATE [MTOM iteration 5]
  MTOM=8,455 kg | Wing loading=220.64 kg/m^2 | P/W(climb)=242.54 W/kg
  Phase power: climb=2,050.6 kW | cruise=760.6 kW | loiter=608.5 kW | takeoff=2,033.7 kW | cruise+charger=760.6 kW
  Power split (climb): FC=1,527.6 kW | Battery=509.2 kW | Compressor=13.9 kW | Cooling=671.8 kW | H2=39.778 g/s
  Compressor max across phases: 39.2 kW (cruise)
  FC representative phase (mass sizing): climb (1,541.5 kW)
  Mass summary: MTOM=8,455 kg | Powertrain=2,859 kg | Tank=1,071.9 kg | Fuel=476.4 kg | Battery=302.8 kg | Nacelle power density=0.64 kW/kg
  Geometry: Main wing area=38.32 m^2 | Horizontal tail area=4.809 m^2 | Horizontal tail location=16.482 m | Vertical tail area=4.866 m^2 | Vertical tail location=15.972 m
  Config: wing loading input=220.51 kg/m^2 | P/W TO/Cl/Cr/Lo=0.17518/0.17660/0.06207/0.04966 kW/kg

=============================================================
========================= CONVERGED =========================
=============================================================
Constraint sizing: ENABLED (min_combined_pw)
Input W/S: 220.51 kg/m^2 (2,162.5 Pa)
Input P/W [kW/kg]: takeoff 0.17518, climb 0.17660, cruise 0.06207, loiter 0.04966
Converged P/W [kW/kg]: takeoff 0.24053, climb 0.24254, cruise 0.08996, loiter 0.07197
-------------------------------------------------------------

# Mission Time
Climb time: 7.57 min (0.13 h)
Cruise time: 384.95 min (6.42 h)
Total flight time: 414.52 min (6.91 h)

# Phase Power Breakdown
Phase      Time[min]     Total[kW]    FC Stack[kW]   Battery[kW]   Compressor[kW]   Cooling[kW]   mdot_H2[g/s]
--------------------------------------------------------------------------------------------------------------
ready           0.00         102.5           102.5           0.0              0.0           0.0         0.0
taxi            5.00         205.1           205.1           0.0              0.0           0.0         4.0
takeoff         1.00       2,033.7         1,515.3         505.1             13.3         583.8        35.8
climb           7.57       2,050.6         1,527.6         509.2             13.9         671.8        39.8
cruise        384.95         760.6           721.4           0.0             39.2         314.8        19.1
loiter         15.00         608.5           577.1           0.0             31.3         253.2        15.3
landing         1.00           0.0             0.0           0.0              0.0           0.0         0.0

Pcomp_max (solved phases): 39.2 kW (cruise)
Pnet (climb): 1,852 kW
Pelectricnet (climb): 2,037 kW
eta_pt: 0.9031

# Geometry
Main Wing Area: 38.32 m^2
Wingspan: 18.57 m
Fuselage Length: 18.56 m
Hydrogen Tank Length: 9.55 m
Horizontal Tail Area: 4.81 m^2
Vertical Tail Area: 4.87 m^2
Horizontal Tail span: 4.65 m
Vertical Tail span: 3.04 m
Horizontal Tail X_Position: 16.48 m
Vertical Tail X_Position: 15.97 m

# Single Nacelle (1/2)
Stack(1/2): 451 kg, Compressor: 30 kg, Humidifier: 181 kg, HX: 545 kg
Fuelcell System(FCS; Stack+Compressor+Humidifier+Hx): 1,206 kg
Representative FC phase: climb
Specific Power of Fuelcell System: 0.639 kW/kg
Stack dimension: dX=0.391 m, dY=0.358 m, dZ=0.358 m
Heat Exchanger dimension: dX=1.743 m, dY=1.743 m, dZ=0.201 m

# ALL Nacelles
FCS_total: 2,413 kg
PMAD: 176 kg
Motors: 270 kg

# Total Mass Breakdown
-----------------------
Powertrain (FCS_total+PMAD+Motors): 2,859 kg
-----------------------
Main Wing: 665 kg
Horizontal Tail: 40 kg
Vertical Tail: 71 kg
Fuselage: 548 kg
Landing gear(main): 243 kg
Landing gear(nose): 65 kg
Flight Control System: 366 kg
Electric System: 300 kg
Instruments: 117 kg
Hydraulics: 101 kg
Furnishing: 529 kg
-----------------------
Operating Empty Mass(OEM): 3,044 kg
-----------------------
Hydrogen Tank: 1,072 kg
Hydrogen Fuel: 476.4 kg
Battery: 302.8 kg
-----------------------
Payload: 700 kg
-----------------------
Maximum Takeoff Mass(MTOM): 8,455 kg
-----------------------

Wing loading (MTOM/S_wing): 220.64 kg/m^2
Power-to-weight (maxPow/MTOM): 242.54 W/kg

mdot_H2(cruise): 19.1 g/s
Hydrogen Tank Volume: 20.4 m^3
========================== END ==============================


=============================================================
Execution time: 3.6 seconds
=============================================================
