Auto-widening W/S scan window for min_combined_pw: 1900.0..2600.0 -> 1725.0..2775.0 Pa (factor 1.500, lower_hit=True, upper_hit=False, min_on_edge=False).
Auto-widening W/S scan window for min_combined_pw: 1725.0..2775.0 -> 1462.5..3037.5 Pa (factor 1.500, lower_hit=True, upper_hit=False, min_on_edge=False).
ADRpy constraint sizing (min_combined_pw): W/S=2212.5 Pa (225.61 kg/m^2), P/W_TO=0.18089 kW/kg, P/W_climb=0.18545 kW/kg, P/W_cruise=0.06102 kW/kg
Curve minimum (combined/combined): W/S=2212.5 Pa (225.61 kg/m^2), P/W=0.18545 kW/kg
Curve minimum (takeoff/take-off): W/S=1462.5 Pa (149.13 kg/m^2), P/W=0.10196 kW/kg
Curve minimum (climb/climb): W/S=2312.5 Pa (235.81 kg/m^2), P/W=0.18422 kW/kg
Curve minimum (cruise/cruise): W/S=2112.5 Pa (215.42 kg/m^2), P/W=0.06095 kW/kg
======================================================
======================= ITER 1 =======================
Fuel-cell system mass representative phase: climb (P_fc_sys=957.948 kW).

-----------------------
ptotal_climb: 1,274 kW, mtom_est: 6,641 kg, mtom: 5,000 kg, residual: +1,640.56 kg

MTOM update: initial_bracket_probe_1, relax=1.000 -> mtom_next=5,325.00 kg

======================================================
======================= ITER 2 =======================
Fuel-cell system mass representative phase: climb (P_fc_sys=1020.208 kW).

-----------------------
ptotal_climb: 1,357 kW, mtom_est: 6,885 kg, mtom: 5,325 kg, residual: +1,559.69 kg

MTOM update: initial_bracket_probe_2, relax=1.000 -> mtom_next=5,650.00 kg

======================================================
======================= ITER 3 =======================
Fuel-cell system mass representative phase: climb (P_fc_sys=1082.475 kW).

-----------------------
ptotal_climb: 1,440 kW, mtom_est: 7,132 kg, mtom: 5,650 kg, residual: +1,481.59 kg

MTOM update: newton_prebracket, relax=1.000 -> mtom_next=7,627.50 kg

======================================================
======================= ITER 4 =======================
Fuel-cell system mass representative phase: climb (P_fc_sys=1461.350 kW).

-----------------------
ptotal_climb: 1,944 kW, mtom_est: 8,644 kg, mtom: 7,628 kg, residual: +1,016.35 kg

MTOM update: newton_prebracket, relax=1.000 -> mtom_next=10,297.12 kg

======================================================
======================= ITER 5 =======================
Fuel-cell system mass representative phase: climb (P_fc_sys=1972.822 kW).

-----------------------
ptotal_climb: 2,624 kW, mtom_est: 10,710 kg, mtom: 10,297 kg, residual: +412.87 kg

MTOM update: newton_prebracket, relax=1.000 -> mtom_next=12,123.51 kg

======================================================
======================= ITER 6 =======================
Fuel-cell system mass representative phase: climb (P_fc_sys=2322.739 kW).

-----------------------
ptotal_climb: 3,090 kW, mtom_est: 12,135 kg, mtom: 12,124 kg, residual: +11.09 kg

MTOM update: newton_prebracket, relax=1.000 -> mtom_next=12,173.93 kg

======================================================
======================= ITER 7 =======================
Fuel-cell system mass representative phase: climb (P_fc_sys=2332.397 kW).

-----------------------
ptotal_climb: 3,103 kW, mtom_est: 12,174 kg, mtom: 12,174 kg, residual: +0.35 kg


CONVERGED

CONVERGED STATE [MTOM iteration 7]
  MTOM=12,174 kg | Wing loading=225.62 kg/m^2 | P/W(climb)=254.86 W/kg
  Phase power: climb=3,102.7 kW | cruise=1,100.9 kW | loiter=880.7 kW | takeoff=3,025.4 kW | cruise+charger=1,100.9 kW
  Power split (climb): FC=2,311.0 kW | Battery=770.3 kW | Compressor=21.4 kW | Cooling=1,060.0 kW | H2=62.947 g/s
  Compressor max across phases: 79.2 kW (cruise)
  FC representative phase (mass sizing): climb (2,332.4 kW)
  Mass summary: MTOM=12,174 kg | Powertrain=4,630 kg | Tank=1,234.6 kg | Fuel=548.7 kg | Battery=592.2 kg | Nacelle power density=0.59 kW/kg
  Geometry: Main wing area=53.96 m^2 | Horizontal tail area=7.613 m^2 | Horizontal tail location=17.549 m | Vertical tail area=7.801 m^2 | Vertical tail location=16.813 m
  Config: wing loading input=225.61 kg/m^2 | P/W TO/Cl/Cr/Lo=0.18089/0.18545/0.06102/0.04881 kW/kg

=============================================================
========================= CONVERGED =========================
=============================================================
Constraint sizing: ENABLED (min_combined_pw)
Input W/S: 225.61 kg/m^2 (2,212.5 Pa)
Input P/W [kW/kg]: takeoff 0.18089, climb 0.18545, cruise 0.06102, loiter 0.04881
Converged P/W [kW/kg]: takeoff 0.24851, climb 0.25486, cruise 0.09043, loiter 0.07234
-------------------------------------------------------------

# Mission Time
Climb time: 10.09 min (0.17 h)
Cruise time: 284.90 min (4.75 h)
Total flight time: 316.99 min (5.28 h)

# Phase Power Breakdown
Phase      Time[min]     Total[kW]    FC Stack[kW]   Battery[kW]   Compressor[kW]   Cooling[kW]   mdot_H2[g/s]
--------------------------------------------------------------------------------------------------------------
ready           0.00         155.1           155.1           0.0              0.0           0.0         0.0
taxi            5.00         310.3           310.3           0.0              0.0           0.0         6.3
takeoff         1.00       3,025.4         2,254.2         751.4             19.8         852.6        53.3
climb          10.09       3,102.7         2,311.0         770.3             21.4       1,060.0        62.9
cruise        284.90       1,100.9         1,021.7           0.0             79.2         460.1        28.4
loiter         15.00         880.7           817.3           0.0             63.4         370.0        22.8
landing         1.00           0.0             0.0           0.0              0.0           0.0         0.0

Pcomp_max (solved phases): 79.2 kW (cruise)
Pnet (climb): 2,802 kW
Pelectricnet (climb): 3,081 kW
eta_pt: 0.9031

# Geometry
Main Wing Area: 53.96 m^2
Wingspan: 22.04 m
Fuselage Length: 20.01 m
Hydrogen Tank Length: 11.00 m
Horizontal Tail Area: 7.61 m^2
Vertical Tail Area: 7.80 m^2
Horizontal Tail span: 5.85 m
Vertical Tail span: 3.85 m
Horizontal Tail X_Position: 17.55 m
Vertical Tail X_Position: 16.81 m

# Single Nacelle (1/2)
Stack(1/2): 710 kg, Compressor: 56 kg, Humidifier: 317 kg, HX: 892 kg
Fuelcell System(FCS; Stack+Compressor+Humidifier+Hx): 1,975 kg
Representative FC phase: climb
Specific Power of Fuelcell System: 0.590 kW/kg
Stack dimension: dX=0.407 m, dY=0.441 m, dZ=0.441 m
Heat Exchanger dimension: dX=2.250 m, dY=2.250 m, dZ=0.197 m

# ALL Nacelles
FCS_total: 3,951 kg
PMAD: 270 kg
Motors: 409 kg

# Total Mass Breakdown
-----------------------
Powertrain (FCS_total+PMAD+Motors): 4,630 kg
-----------------------
Main Wing: 1,029 kg
Horizontal Tail: 72 kg
Vertical Tail: 110 kg
Fuselage: 615 kg
Landing gear(main): 243 kg
Landing gear(nose): 65 kg
Flight Control System: 366 kg
Electric System: 300 kg
Instruments: 162 kg
Hydraulics: 146 kg
Furnishing: 562 kg
-----------------------
Operating Empty Mass(OEM): 3,669 kg
-----------------------
Hydrogen Tank: 1,235 kg
Hydrogen Fuel: 548.7 kg
Battery: 592.2 kg
-----------------------
Payload: 1,500 kg
-----------------------
Maximum Takeoff Mass(MTOM): 12,174 kg
-----------------------

Wing loading (MTOM/S_wing): 225.62 kg/m^2
Power-to-weight (maxPow/MTOM): 254.86 W/kg

mdot_H2(cruise): 28.4 g/s
Hydrogen Tank Volume: 23.5 m^3
========================== END ==============================


=============================================================
Execution time: 4.4 seconds
=============================================================
