Auto-widening W/S scan window for min_combined_pw: 1900.0..2600.0 -> 1725.0..2775.0 Pa (factor 1.500, lower_hit=True, upper_hit=False, min_on_edge=False).
Auto-widening W/S scan window for min_combined_pw: 1725.0..2775.0 -> 1462.5..3037.5 Pa (factor 1.500, lower_hit=True, upper_hit=False, min_on_edge=False).
ADRpy constraint sizing (min_combined_pw): W/S=2212.5 Pa (225.61 kg/m^2), P/W_TO=0.18089 kW/kg, P/W_climb=0.18545 kW/kg, P/W_cruise=0.06102 kW/kg
Curve minimum (combined/combined): W/S=2212.5 Pa (225.61 kg/m^2), P/W=0.18545 kW/kg
Curve minimum (takeoff/take-off): W/S=1462.5 Pa (149.13 kg/m^2), P/W=0.10196 kW/kg
Curve minimum (climb/climb): W/S=2312.5 Pa (235.81 kg/m^2), P/W=0.18422 kW/kg
Curve minimum (cruise/cruise): W/S=2112.5 Pa (215.42 kg/m^2), P/W=0.06095 kW/kg
======================================================
======================= ITER 1 =======================
Fuel-cell system mass representative phase: climb (P_fc_sys=957.948 kW).

-----------------------
ptotal_climb: 1,274 kW, mtom_est: 5,793 kg, mtom: 5,000 kg, residual: +793.14 kg

MTOM update: initial_bracket_probe_1, relax=1.000 -> mtom_next=5,325.00 kg

======================================================
======================= ITER 2 =======================
Fuel-cell system mass representative phase: climb (P_fc_sys=1020.208 kW).

-----------------------
ptotal_climb: 1,357 kW, mtom_est: 6,057 kg, mtom: 5,325 kg, residual: +731.66 kg

MTOM update: initial_bracket_probe_2, relax=1.000 -> mtom_next=5,650.00 kg

======================================================
======================= ITER 3 =======================
Fuel-cell system mass representative phase: climb (P_fc_sys=1082.475 kW).

-----------------------
ptotal_climb: 1,440 kW, mtom_est: 6,323 kg, mtom: 5,650 kg, residual: +673.18 kg

MTOM update: newton_prebracket, relax=1.000 -> mtom_next=7,627.50 kg

======================================================
======================= ITER 4 =======================
Fuel-cell system mass representative phase: climb (P_fc_sys=1461.350 kW).

-----------------------
ptotal_climb: 1,944 kW, mtom_est: 7,954 kg, mtom: 7,628 kg, residual: +326.71 kg

MTOM update: newton_prebracket, relax=1.000 -> mtom_next=9,492.23 kg

======================================================
======================= ITER 5 =======================
Fuel-cell system mass representative phase: climb (P_fc_sys=1818.613 kW).

-----------------------
ptotal_climb: 2,419 kW, mtom_est: 9,507 kg, mtom: 9,492 kg, residual: +14.77 kg

MTOM update: newton_prebracket, relax=1.000 -> mtom_next=9,580.55 kg

======================================================
======================= ITER 6 =======================
Fuel-cell system mass representative phase: climb (P_fc_sys=1835.533 kW).

-----------------------
ptotal_climb: 2,442 kW, mtom_est: 9,582 kg, mtom: 9,581 kg, residual: +1.26 kg


CONVERGED

CONVERGED STATE [MTOM iteration 6]
  MTOM=9,582 kg | Wing loading=225.64 kg/m^2 | P/W(climb)=254.83 W/kg
  Phase power: climb=2,441.8 kW | cruise=866.4 kW | loiter=693.1 kW | takeoff=2,380.9 kW | cruise+charger=866.4 kW
  Power split (climb): FC=1,818.7 kW | Battery=606.2 kW | Compressor=16.9 kW | Cooling=834.3 kW | H2=49.534 g/s
  Compressor max across phases: 62.3 kW (cruise)
  FC representative phase (mass sizing): climb (1,835.5 kW)
  Mass summary: MTOM=9,582 kg | Powertrain=3,640 kg | Tank=1,280.2 kg | Fuel=569.0 kg | Battery=466.0 kg | Nacelle power density=0.59 kW/kg
  Geometry: Main wing area=42.46 m^2 | Horizontal tail area=5.021 m^2 | Horizontal tail location=18.305 m | Vertical tail area=5.072 m^2 | Vertical tail location=17.779 m
  Config: wing loading input=225.61 kg/m^2 | P/W TO/Cl/Cr/Lo=0.18089/0.18545/0.06102/0.04881 kW/kg

=============================================================
========================= CONVERGED =========================
=============================================================
Constraint sizing: ENABLED (min_combined_pw)
Input W/S: 225.61 kg/m^2 (2,212.5 Pa)
Input P/W [kW/kg]: takeoff 0.18089, climb 0.18545, cruise 0.06102, loiter 0.04881
Converged P/W [kW/kg]: takeoff 0.24849, climb 0.25483, cruise 0.09042, loiter 0.07233
-------------------------------------------------------------

# Mission Time
Climb time: 10.09 min (0.17 h)
Cruise time: 387.42 min (6.46 h)
Total flight time: 419.52 min (6.99 h)

# Phase Power Breakdown
Phase      Time[min]     Total[kW]    FC Stack[kW]   Battery[kW]   Compressor[kW]   Cooling[kW]   mdot_H2[g/s]
--------------------------------------------------------------------------------------------------------------
ready           0.00         122.1           122.1           0.0              0.0           0.0         0.0
taxi            5.00         244.2           244.2           0.0              0.0           0.0         5.0
takeoff         1.00       2,380.9         1,774.0         591.3             15.6         671.0        42.0
climb          10.09       2,441.8         1,818.7         606.2             16.9         834.3        49.5
cruise        387.42         866.4           804.0           0.0             62.3         362.0        22.3
loiter         15.00         693.1           643.2           0.0             49.9         291.2        17.9
landing         1.00           0.0             0.0           0.0              0.0           0.0         0.0

Pcomp_max (solved phases): 62.3 kW (cruise)
Pnet (climb): 2,205 kW
Pelectricnet (climb): 2,425 kW
eta_pt: 0.9031

# Geometry
Main Wing Area: 42.46 m^2
Wingspan: 19.55 m
Fuselage Length: 20.41 m
Hydrogen Tank Length: 11.40 m
Horizontal Tail Area: 5.02 m^2
Vertical Tail Area: 5.07 m^2
Horizontal Tail span: 4.75 m
Vertical Tail span: 3.10 m
Horizontal Tail X_Position: 18.30 m
Vertical Tail X_Position: 17.78 m

# Single Nacelle (1/2)
Stack(1/2): 559 kg, Compressor: 42 kg, Humidifier: 250 kg, HX: 702 kg
Fuelcell System(FCS; Stack+Compressor+Humidifier+Hx): 1,553 kg
Representative FC phase: climb
Specific Power of Fuelcell System: 0.591 kW/kg
Stack dimension: dX=0.407 m, dY=0.391 m, dZ=0.391 m
Heat Exchanger dimension: dX=1.995 m, dY=1.995 m, dZ=0.197 m

# ALL Nacelles
FCS_total: 3,106 kg
PMAD: 212 kg
Motors: 322 kg

# Total Mass Breakdown
-----------------------
Powertrain (FCS_total+PMAD+Motors): 3,640 kg
-----------------------
Main Wing: 763 kg
Horizontal Tail: 45 kg
Vertical Tail: 78 kg
Fuselage: 601 kg
Landing gear(main): 243 kg
Landing gear(nose): 65 kg
Flight Control System: 366 kg
Electric System: 300 kg
Instruments: 131 kg
Hydraulics: 115 kg
Furnishing: 570 kg
-----------------------
Operating Empty Mass(OEM): 3,277 kg
-----------------------
Hydrogen Tank: 1,280 kg
Hydrogen Fuel: 569.0 kg
Battery: 466.0 kg
-----------------------
Payload: 350 kg
-----------------------
Maximum Takeoff Mass(MTOM): 9,582 kg
-----------------------

Wing loading (MTOM/S_wing): 225.64 kg/m^2
Power-to-weight (maxPow/MTOM): 254.83 W/kg

mdot_H2(cruise): 22.3 g/s
Hydrogen Tank Volume: 24.4 m^3
========================== END ==============================


=============================================================
Execution time: 4.0 seconds
=============================================================
