Auto-widening W/S scan window for min_combined_pw: 1900.0..2600.0 -> 1725.0..2775.0 Pa (factor 1.500, lower_hit=True, upper_hit=False, min_on_edge=False).
Auto-widening W/S scan window for min_combined_pw: 1725.0..2775.0 -> 1462.5..3037.5 Pa (factor 1.500, lower_hit=True, upper_hit=False, min_on_edge=False).
ADRpy constraint sizing (min_combined_pw): W/S=2212.5 Pa (225.61 kg/m^2), P/W_TO=0.18089 kW/kg, P/W_climb=0.18531 kW/kg, P/W_cruise=0.10256 kW/kg
Curve minimum (combined/combined): W/S=2212.5 Pa (225.61 kg/m^2), P/W=0.18531 kW/kg
Curve minimum (takeoff/take-off): W/S=1462.5 Pa (149.13 kg/m^2), P/W=0.10196 kW/kg
Curve minimum (climb/climb): W/S=2312.5 Pa (235.81 kg/m^2), P/W=0.18403 kW/kg
Curve minimum (cruise/cruise): W/S=2312.5 Pa (235.81 kg/m^2), P/W=0.10014 kW/kg
======================================================
======================= ITER 1 =======================
Fuel-cell system mass representative phase: climb (P_fc_sys=957.205 kW).

-----------------------
ptotal_climb: 1,273 kW, mtom_est: 6,527 kg, mtom: 5,000 kg, residual: +1,526.77 kg

MTOM update: initial_bracket_probe_1, relax=1.000 -> mtom_next=5,325.00 kg

======================================================
======================= ITER 2 =======================
Fuel-cell system mass representative phase: climb (P_fc_sys=1019.416 kW).

-----------------------
ptotal_climb: 1,356 kW, mtom_est: 6,795 kg, mtom: 5,325 kg, residual: +1,469.99 kg

MTOM update: initial_bracket_probe_2, relax=1.000 -> mtom_next=5,650.00 kg

======================================================
======================= ITER 3 =======================
Fuel-cell system mass representative phase: climb (P_fc_sys=1081.634 kW).

-----------------------
ptotal_climb: 1,439 kW, mtom_est: 7,066 kg, mtom: 5,650 kg, residual: +1,415.79 kg

MTOM update: newton_prebracket, relax=1.000 -> mtom_next=7,627.50 kg

======================================================
======================= ITER 4 =======================
Fuel-cell system mass representative phase: climb (P_fc_sys=1460.216 kW).

-----------------------
ptotal_climb: 1,942 kW, mtom_est: 8,724 kg, mtom: 7,628 kg, residual: +1,096.33 kg

MTOM update: newton_prebracket, relax=1.000 -> mtom_next=10,297.12 kg

======================================================
======================= ITER 5 =======================
Fuel-cell system mass representative phase: climb (P_fc_sys=1971.291 kW).

-----------------------
ptotal_climb: 2,622 kW, mtom_est: 10,982 kg, mtom: 10,297 kg, residual: +685.07 kg

MTOM update: newton_prebracket, relax=1.000 -> mtom_next=13,901.12 kg

======================================================
======================= ITER 6 =======================
Fuel-cell system mass representative phase: climb (P_fc_sys=2661.243 kW).

-----------------------
ptotal_climb: 3,540 kW, mtom_est: 14,067 kg, mtom: 13,901 kg, residual: +166.13 kg

MTOM update: newton_prebracket, relax=1.000 -> mtom_next=15,054.88 kg

======================================================
======================= ITER 7 =======================
Fuel-cell system mass representative phase: climb (P_fc_sys=2882.121 kW).

-----------------------
ptotal_climb: 3,834 kW, mtom_est: 15,062 kg, mtom: 15,055 kg, residual: +7.13 kg

MTOM update: newton_prebracket, relax=1.000 -> mtom_next=15,106.64 kg

======================================================
======================= ITER 8 =======================
Fuel-cell system mass representative phase: climb (P_fc_sys=2892.028 kW).

-----------------------
ptotal_climb: 3,847 kW, mtom_est: 15,107 kg, mtom: 15,107 kg, residual: +0.19 kg


CONVERGED

CONVERGED STATE [MTOM iteration 8]
  MTOM=15,107 kg | Wing loading=225.62 kg/m^2 | P/W(climb)=254.67 W/kg
  Phase power: climb=3,847.2 kW | cruise=2,296.4 kW | loiter=1,837.0 kW | takeoff=3,754.3 kW | cruise+charger=2,296.4 kW
  Power split (climb): FC=2,865.5 kW | Battery=955.2 kW | Compressor=26.5 kW | Cooling=1,288.5 kW | H2=76.906 g/s
  Compressor max across phases: 165.5 kW (cruise)
  FC representative phase (mass sizing): climb (2,892.0 kW)
  Mass summary: MTOM=15,107 kg | Powertrain=5,116 kg | Tank=2,375.5 kg | Fuel=1,055.8 kg | Battery=734.4 kg | Nacelle power density=0.68 kW/kg
  Geometry: Main wing area=66.96 m^2 | Horizontal tail area=6.407 m^2 | Horizontal tail location=27.867 m | Vertical tail area=6.449 m^2 | Vertical tail location=27.240 m
  Config: wing loading input=225.61 kg/m^2 | P/W TO/Cl/Cr/Lo=0.18089/0.18531/0.10256/0.08205 kW/kg

=============================================================
========================= CONVERGED =========================
=============================================================
Constraint sizing: ENABLED (min_combined_pw)
Input W/S: 225.61 kg/m^2 (2,212.5 Pa)
Input P/W [kW/kg]: takeoff 0.18089, climb 0.18531, cruise 0.10256, loiter 0.08205
Converged P/W [kW/kg]: takeoff 0.24852, climb 0.25467, cruise 0.15201, loiter 0.12160
-------------------------------------------------------------

# Mission Time
Climb time: 10.09 min (0.17 h)
Cruise time: 273.43 min (4.56 h)
Total flight time: 305.53 min (5.09 h)

# Phase Power Breakdown
Phase      Time[min]     Total[kW]    FC Stack[kW]   Battery[kW]   Compressor[kW]   Cooling[kW]   mdot_H2[g/s]
--------------------------------------------------------------------------------------------------------------
ready           0.00         192.4           192.4           0.0              0.0           0.0         0.0
taxi            5.00         384.7           384.7           0.0              0.0           0.0         7.7
takeoff         1.00       3,754.3         2,797.3         932.4             24.6       1,057.9        66.2
climb          10.09       3,847.2         2,865.5         955.2             26.5       1,288.5        76.9
cruise        273.43       2,296.4         2,130.9           0.0            165.5         944.7        58.5
loiter         15.00       1,837.0         1,704.7           0.0            132.3         763.1        47.2
landing         1.00           0.0             0.0           0.0              0.0           0.0         0.0

Pcomp_max (solved phases): 165.5 kW (cruise)
Pnet (climb): 3,474 kW
Pelectricnet (climb): 3,821 kW
eta_pt: 0.9031

# Geometry
Main Wing Area: 66.96 m^2
Wingspan: 24.55 m
Fuselage Length: 30.17 m
Hydrogen Tank Length: 21.16 m
Horizontal Tail Area: 6.41 m^2
Vertical Tail Area: 6.45 m^2
Horizontal Tail span: 5.37 m
Vertical Tail span: 3.50 m
Horizontal Tail X_Position: 27.87 m
Vertical Tail X_Position: 27.24 m

# Single Nacelle (1/2)
Stack(1/2): 869 kg, Compressor: 71 kg, Humidifier: 376 kg, HX: 823 kg
Fuelcell System(FCS; Stack+Compressor+Humidifier+Hx): 2,138 kg
Representative FC phase: climb
Specific Power of Fuelcell System: 0.676 kW/kg
Stack dimension: dX=0.401 m, dY=0.491 m, dZ=0.491 m
Heat Exchanger dimension: dX=2.076 m, dY=2.076 m, dZ=0.213 m

# ALL Nacelles
FCS_total: 4,276 kg
PMAD: 333 kg
Motors: 507 kg

# Total Mass Breakdown
-----------------------
Powertrain (FCS_total+PMAD+Motors): 5,116 kg
-----------------------
Main Wing: 1,353 kg
Horizontal Tail: 72 kg
Vertical Tail: 113 kg
Fuselage: 1,162 kg
Landing gear(main): 243 kg
Landing gear(nose): 65 kg
Flight Control System: 366 kg
Electric System: 300 kg
Instruments: 198 kg
Hydraulics: 181 kg
Furnishing: 772 kg
-----------------------
Operating Empty Mass(OEM): 4,825 kg
-----------------------
Hydrogen Tank: 2,376 kg
Hydrogen Fuel: 1,055.8 kg
Battery: 734.4 kg
-----------------------
Payload: 1,000 kg
-----------------------
Maximum Takeoff Mass(MTOM): 15,107 kg
-----------------------

Wing loading (MTOM/S_wing): 225.62 kg/m^2
Power-to-weight (maxPow/MTOM): 254.67 W/kg

mdot_H2(cruise): 58.5 g/s
Hydrogen Tank Volume: 45.2 m^3
========================== END ==============================


=============================================================
Execution time: 5.2 seconds
=============================================================
