Auto-widening W/S scan window for min_combined_pw: 1900.0..2600.0 -> 1725.0..2775.0 Pa (factor 1.500, lower_hit=True, upper_hit=False, min_on_edge=False).
Auto-widening W/S scan window for min_combined_pw: 1725.0..2775.0 -> 1462.5..3037.5 Pa (factor 1.500, lower_hit=True, upper_hit=False, min_on_edge=True).
ADRpy minimum combined P/W remains on feasible W/S boundary (2312.5 Pa). Proceeding with current W/S range 1462.5..3037.5 Pa.
ADRpy constraint sizing (min_combined_pw): W/S=2312.5 Pa (235.81 kg/m^2), P/W_TO=0.19250 kW/kg, P/W_climb=0.19389 kW/kg, P/W_cruise=0.09272 kW/kg
Curve minimum (combined/combined): W/S=2312.5 Pa (235.81 kg/m^2), P/W=0.19389 kW/kg
Curve minimum (takeoff/take-off): W/S=1462.5 Pa (149.13 kg/m^2), P/W=0.10196 kW/kg
Curve minimum (climb/climb): W/S=2312.5 Pa (235.81 kg/m^2), P/W=0.19389 kW/kg
Curve minimum (cruise/cruise): W/S=2312.5 Pa (235.81 kg/m^2), P/W=0.09272 kW/kg
======================================================
======================= ITER 1 =======================
Fuel-cell system mass representative phase: climb (P_fc_sys=1001.737 kW).

-----------------------
ptotal_climb: 1,333 kW, mtom_est: 6,889 kg, mtom: 5,000 kg, residual: +1,888.77 kg

MTOM update: initial_bracket_probe_1, relax=1.000 -> mtom_next=5,325.00 kg

======================================================
======================= ITER 2 =======================
Fuel-cell system mass representative phase: climb (P_fc_sys=1066.842 kW).

-----------------------
ptotal_climb: 1,419 kW, mtom_est: 7,147 kg, mtom: 5,325 kg, residual: +1,822.14 kg

MTOM update: initial_bracket_probe_2, relax=1.000 -> mtom_next=5,650.00 kg

======================================================
======================= ITER 3 =======================
Fuel-cell system mass representative phase: climb (P_fc_sys=1131.955 kW).

-----------------------
ptotal_climb: 1,506 kW, mtom_est: 7,410 kg, mtom: 5,650 kg, residual: +1,760.02 kg

MTOM update: newton_prebracket, relax=1.000 -> mtom_next=7,627.50 kg

======================================================
======================= ITER 4 =======================
Fuel-cell system mass representative phase: climb (P_fc_sys=1528.149 kW).

-----------------------
ptotal_climb: 2,033 kW, mtom_est: 9,014 kg, mtom: 7,628 kg, residual: +1,386.58 kg

MTOM update: newton_prebracket, relax=1.000 -> mtom_next=10,297.12 kg

======================================================
======================= ITER 5 =======================
Fuel-cell system mass representative phase: climb (P_fc_sys=2063.002 kW).

-----------------------
ptotal_climb: 2,744 kW, mtom_est: 11,200 kg, mtom: 10,297 kg, residual: +903.08 kg

MTOM update: newton_prebracket, relax=1.000 -> mtom_next=13,901.12 kg

======================================================
======================= ITER 6 =======================
Fuel-cell system mass representative phase: climb (P_fc_sys=2785.052 kW).

-----------------------
ptotal_climb: 3,705 kW, mtom_est: 14,195 kg, mtom: 13,901 kg, residual: +293.83 kg

MTOM update: newton_prebracket, relax=1.000 -> mtom_next=15,639.30 kg

======================================================
======================= ITER 7 =======================
Fuel-cell system mass representative phase: climb (P_fc_sys=3133.292 kW).

-----------------------
ptotal_climb: 4,168 kW, mtom_est: 15,655 kg, mtom: 15,639 kg, residual: +15.25 kg

MTOM update: newton_prebracket, relax=1.000 -> mtom_next=15,734.45 kg

======================================================
======================= ITER 8 =======================
Fuel-cell system mass representative phase: climb (P_fc_sys=3152.354 kW).

-----------------------
ptotal_climb: 4,193 kW, mtom_est: 15,736 kg, mtom: 15,734 kg, residual: +1.32 kg


CONVERGED

CONVERGED STATE [MTOM iteration 8]
  MTOM=15,736 kg | Wing loading=235.83 kg/m^2 | P/W(climb)=266.48 W/kg
  Phase power: climb=4,193.3 kW | cruise=2,214.4 kW | loiter=1,771.3 kW | takeoff=4,161.2 kW | cruise+charger=2,214.4 kW
  Power split (climb): FC=3,122.8 kW | Battery=1,040.9 kW | Compressor=29.6 kW | Cooling=1,470.8 kW | H2=87.984 g/s
  Compressor max across phases: 207.7 kW (cruise)
  FC representative phase (mass sizing): climb (3,152.4 kW)
  Mass summary: MTOM=15,736 kg | Powertrain=6,023 kg | Tank=1,835.6 kg | Fuel=815.8 kg | Battery=983.9 kg | Nacelle power density=0.62 kW/kg
  Geometry: Main wing area=66.73 m^2 | Horizontal tail area=7.893 m^2 | Horizontal tail location=22.869 m | Vertical tail area=8.020 m^2 | Vertical tail location=22.126 m
  Config: wing loading input=235.81 kg/m^2 | P/W TO/Cl/Cr/Lo=0.19250/0.19389/0.09272/0.07418 kW/kg

=============================================================
========================= CONVERGED =========================
=============================================================
Constraint sizing: ENABLED (min_combined_pw)
Input W/S: 235.81 kg/m^2 (2,312.5 Pa)
Input P/W [kW/kg]: takeoff 0.19250, climb 0.19389, cruise 0.09272, loiter 0.07418
Converged P/W [kW/kg]: takeoff 0.26444, climb 0.26648, cruise 0.14072, loiter 0.11257
-------------------------------------------------------------

# Mission Time
Climb time: 12.62 min (0.21 h)
Cruise time: 201.21 min (3.35 h)
Total flight time: 235.83 min (3.93 h)

# Phase Power Breakdown
Phase      Time[min]     Total[kW]    FC Stack[kW]   Battery[kW]   Compressor[kW]   Cooling[kW]   mdot_H2[g/s]
--------------------------------------------------------------------------------------------------------------
ready           0.00         209.7           209.7           0.0              0.0           0.0         0.0
taxi            5.00         419.3           419.3           0.0              0.0           0.0         8.8
takeoff         1.00       4,161.2         3,100.5       1,033.5             27.2       1,151.3        73.3
climb          12.62       4,193.3         3,122.8       1,040.9             29.6       1,470.8        88.0
cruise        201.21       2,214.4         2,006.6           0.0            207.7         921.4        58.0
loiter         15.00       1,771.3         1,605.3           0.0            166.0         743.9        46.7
landing         1.00           0.0             0.0           0.0              0.0           0.0         0.0

Pcomp_max (solved phases): 207.7 kW (cruise)
Pnet (climb): 3,787 kW
Pelectricnet (climb): 4,164 kW
eta_pt: 0.9031

# Geometry
Main Wing Area: 66.73 m^2
Wingspan: 24.51 m
Fuselage Length: 25.36 m
Hydrogen Tank Length: 16.35 m
Horizontal Tail Area: 7.89 m^2
Vertical Tail Area: 8.02 m^2
Horizontal Tail span: 5.96 m
Vertical Tail span: 3.90 m
Horizontal Tail X_Position: 22.87 m
Vertical Tail X_Position: 22.13 m

# Single Nacelle (1/2)
Stack(1/2): 990 kg, Compressor: 104 kg, Humidifier: 479 kg, HX: 979 kg
Fuelcell System(FCS; Stack+Compressor+Humidifier+Hx): 2,552 kg
Representative FC phase: climb
Specific Power of Fuelcell System: 0.618 kW/kg
Stack dimension: dX=0.419 m, dY=0.513 m, dZ=0.513 m
Heat Exchanger dimension: dX=2.289 m, dY=2.289 m, dZ=0.209 m

# ALL Nacelles
FCS_total: 5,103 kg
PMAD: 367 kg
Motors: 553 kg

# Total Mass Breakdown
-----------------------
Powertrain (FCS_total+PMAD+Motors): 6,023 kg
-----------------------
Main Wing: 1,376 kg
Horizontal Tail: 87 kg
Vertical Tail: 129 kg
Fuselage: 943 kg
Landing gear(main): 243 kg
Landing gear(nose): 65 kg
Flight Control System: 366 kg
Electric System: 300 kg
Instruments: 206 kg
Hydraulics: 189 kg
Furnishing: 675 kg
-----------------------
Operating Empty Mass(OEM): 4,577 kg
-----------------------
Hydrogen Tank: 1,836 kg
Hydrogen Fuel: 815.8 kg
Battery: 983.9 kg
-----------------------
Payload: 1,500 kg
-----------------------
Maximum Takeoff Mass(MTOM): 15,736 kg
-----------------------

Wing loading (MTOM/S_wing): 235.83 kg/m^2
Power-to-weight (maxPow/MTOM): 266.48 W/kg

mdot_H2(cruise): 58.0 g/s
Hydrogen Tank Volume: 35.0 m^3
========================== END ==============================


=============================================================
Execution time: 5.2 seconds
=============================================================
