Auto-widening W/S scan window for min_combined_pw: 1900.0..2600.0 -> 1725.0..2775.0 Pa (factor 1.500, lower_hit=True, upper_hit=False, min_on_edge=False).
Auto-widening W/S scan window for min_combined_pw: 1725.0..2775.0 -> 1462.5..3037.5 Pa (factor 1.500, lower_hit=True, upper_hit=False, min_on_edge=True).
ADRpy minimum combined P/W remains on feasible W/S boundary (2312.5 Pa). Proceeding with current W/S range 1462.5..3037.5 Pa.
ADRpy constraint sizing (min_combined_pw): W/S=2312.5 Pa (235.81 kg/m^2), P/W_TO=0.19250 kW/kg, P/W_climb=0.19395 kW/kg, P/W_cruise=0.07290 kW/kg
Curve minimum (combined/combined): W/S=2312.5 Pa (235.81 kg/m^2), P/W=0.19395 kW/kg
Curve minimum (takeoff/take-off): W/S=1462.5 Pa (149.13 kg/m^2), P/W=0.10196 kW/kg
Curve minimum (climb/climb): W/S=2312.5 Pa (235.81 kg/m^2), P/W=0.19395 kW/kg
Curve minimum (cruise/cruise): W/S=2312.5 Pa (235.81 kg/m^2), P/W=0.07290 kW/kg
======================================================
======================= ITER 1 =======================
Fuel-cell system mass representative phase: climb (P_fc_sys=1002.095 kW).

-----------------------
ptotal_climb: 1,333 kW, mtom_est: 6,729 kg, mtom: 5,000 kg, residual: +1,729.14 kg

MTOM update: initial_bracket_probe_1, relax=1.000 -> mtom_next=5,325.00 kg

======================================================
======================= ITER 2 =======================
Fuel-cell system mass representative phase: climb (P_fc_sys=1067.224 kW).

-----------------------
ptotal_climb: 1,420 kW, mtom_est: 6,978 kg, mtom: 5,325 kg, residual: +1,652.60 kg

MTOM update: initial_bracket_probe_2, relax=1.000 -> mtom_next=5,650.00 kg

======================================================
======================= ITER 3 =======================
Fuel-cell system mass representative phase: climb (P_fc_sys=1132.360 kW).

-----------------------
ptotal_climb: 1,506 kW, mtom_est: 7,231 kg, mtom: 5,650 kg, residual: +1,580.70 kg

MTOM update: newton_prebracket, relax=1.000 -> mtom_next=7,627.50 kg

======================================================
======================= ITER 4 =======================
Fuel-cell system mass representative phase: climb (P_fc_sys=1528.696 kW).

-----------------------
ptotal_climb: 2,033 kW, mtom_est: 8,777 kg, mtom: 7,628 kg, residual: +1,149.45 kg

MTOM update: newton_prebracket, relax=1.000 -> mtom_next=10,297.12 kg

======================================================
======================= ITER 5 =======================
Fuel-cell system mass representative phase: climb (P_fc_sys=2063.740 kW).

-----------------------
ptotal_climb: 2,745 kW, mtom_est: 10,887 kg, mtom: 10,297 kg, residual: +590.01 kg

MTOM update: newton_prebracket, relax=1.000 -> mtom_next=13,112.66 kg

======================================================
======================= ITER 6 =======================
Fuel-cell system mass representative phase: climb (P_fc_sys=2628.027 kW).

-----------------------
ptotal_climb: 3,496 kW, mtom_est: 13,140 kg, mtom: 13,113 kg, residual: +26.92 kg

MTOM update: newton_prebracket, relax=1.000 -> mtom_next=13,247.28 kg

======================================================
======================= ITER 7 =======================
Fuel-cell system mass representative phase: climb (P_fc_sys=2655.006 kW).

-----------------------
ptotal_climb: 3,532 kW, mtom_est: 13,248 kg, mtom: 13,247 kg, residual: +0.84 kg


CONVERGED

CONVERGED STATE [MTOM iteration 7]
  MTOM=13,248 kg | Wing loading=235.82 kg/m^2 | P/W(climb)=266.58 W/kg
  Phase power: climb=3,531.7 kW | cruise=1,465.7 kW | loiter=1,172.5 kW | takeoff=3,503.4 kW | cruise+charger=1,465.7 kW
  Power split (climb): FC=2,630.1 kW | Battery=876.7 kW | Compressor=24.9 kW | Cooling=1,252.7 kW | H2=74.729 g/s
  Compressor max across phases: 137.4 kW (cruise)
  FC representative phase (mass sizing): climb (2,655.0 kW)
  Mass summary: MTOM=13,248 kg | Powertrain=5,344 kg | Tank=1,211.3 kg | Fuel=538.3 kg | Battery=828.7 kg | Nacelle power density=0.58 kW/kg
  Geometry: Main wing area=56.18 m^2 | Horizontal tail area=8.251 m^2 | Horizontal tail location=17.266 m | Vertical tail area=8.487 m^2 | Vertical tail location=16.481 m
  Config: wing loading input=235.81 kg/m^2 | P/W TO/Cl/Cr/Lo=0.19250/0.19395/0.07290/0.05832 kW/kg

=============================================================
========================= CONVERGED =========================
=============================================================
Constraint sizing: ENABLED (min_combined_pw)
Input W/S: 235.81 kg/m^2 (2,312.5 Pa)
Input P/W [kW/kg]: takeoff 0.19250, climb 0.19395, cruise 0.07290, loiter 0.05832
Converged P/W [kW/kg]: takeoff 0.26445, climb 0.26658, cruise 0.11063, loiter 0.08850
-------------------------------------------------------------

# Mission Time
Climb time: 12.62 min (0.21 h)
Cruise time: 193.31 min (3.22 h)
Total flight time: 227.93 min (3.80 h)

# Phase Power Breakdown
Phase      Time[min]     Total[kW]    FC Stack[kW]   Battery[kW]   Compressor[kW]   Cooling[kW]   mdot_H2[g/s]
--------------------------------------------------------------------------------------------------------------
ready           0.00         176.6           176.6           0.0              0.0           0.0         0.0
taxi            5.00         353.2           353.2           0.0              0.0           0.0         7.5
takeoff         1.00       3,503.4         2,610.4         870.1             22.9         969.3        61.7
climb          12.62       3,531.7         2,630.1         876.7             24.9       1,252.7        74.7
cruise        193.31       1,465.7         1,328.2           0.0            137.4         615.1        38.6
loiter         15.00       1,172.5         1,062.6           0.0            109.9         495.7        31.1
landing         1.00           0.0             0.0           0.0              0.0           0.0         0.0

Pcomp_max (solved phases): 137.4 kW (cruise)
Pnet (climb): 3,189 kW
Pelectricnet (climb): 3,507 kW
eta_pt: 0.9031

# Geometry
Main Wing Area: 56.18 m^2
Wingspan: 22.49 m
Fuselage Length: 19.80 m
Hydrogen Tank Length: 10.79 m
Horizontal Tail Area: 8.25 m^2
Vertical Tail Area: 8.49 m^2
Horizontal Tail span: 6.09 m
Vertical Tail span: 4.02 m
Horizontal Tail X_Position: 17.27 m
Vertical Tail X_Position: 16.48 m

# Single Nacelle (1/2)
Stack(1/2): 840 kg, Compressor: 83 kg, Humidifier: 413 kg, HX: 949 kg
Fuelcell System(FCS; Stack+Compressor+Humidifier+Hx): 2,284 kg
Representative FC phase: climb
Specific Power of Fuelcell System: 0.581 kW/kg
Stack dimension: dX=0.422 m, dY=0.471 m, dZ=0.471 m
Heat Exchanger dimension: dX=2.295 m, dY=2.295 m, dZ=0.201 m

# ALL Nacelles
FCS_total: 4,569 kg
PMAD: 310 kg
Motors: 466 kg

# Total Mass Breakdown
-----------------------
Powertrain (FCS_total+PMAD+Motors): 5,344 kg
-----------------------
Main Wing: 1,108 kg
Horizontal Tail: 80 kg
Vertical Tail: 120 kg
Fuselage: 653 kg
Landing gear(main): 243 kg
Landing gear(nose): 65 kg
Flight Control System: 366 kg
Electric System: 300 kg
Instruments: 175 kg
Hydraulics: 159 kg
Furnishing: 557 kg
-----------------------
Operating Empty Mass(OEM): 3,826 kg
-----------------------
Hydrogen Tank: 1,211 kg
Hydrogen Fuel: 538.3 kg
Battery: 828.7 kg
-----------------------
Payload: 1,500 kg
-----------------------
Maximum Takeoff Mass(MTOM): 13,248 kg
-----------------------

Wing loading (MTOM/S_wing): 235.82 kg/m^2
Power-to-weight (maxPow/MTOM): 266.58 W/kg

mdot_H2(cruise): 38.6 g/s
Hydrogen Tank Volume: 23.1 m^3
========================== END ==============================


=============================================================
Execution time: 4.9 seconds
=============================================================
