ADRpy constraint sizing (min_combined_pw): W/S=2350.0 Pa (239.63 kg/m^2), P/W_TO=0.11889 kW/kg, P/W_climb=0.13329 kW/kg, P/W_cruise=0.10830 kW/kg
======================================================
======================= ITER 1 =======================
Reynolds_number: 11,135,029
Stack prop output power: 500 kW, Pcomp: 25.8 kW
Cell efficiency: 0.300, Output efficiency: 0.271
mdot_h2: 12.43 g/s
Reynolds_number: 11,135,029
Stack prop output power: 398 kW, Pcomp: 20.5 kW
Cell efficiency: 0.300, Output efficiency: 0.271
mdot_h2: 9.90 g/s
Reynolds_number: 11,135,029
Stack prop output power: 393 kW, Pcomp: 20.3 kW
Cell efficiency: 0.300, Output efficiency: 0.271
mdot_h2: 9.77 g/s
Reynolds_number: 11,135,029
Stack prop output power: 386 kW, Pcomp: 3.5 kW
Cell efficiency: 0.281, Output efficiency: 0.264
mdot_h2: 9.84 g/s
Reynolds_number: 11,135,029
Stack prop output power: 345 kW, Pcomp: 3.1 kW
Cell efficiency: 0.281, Output efficiency: 0.264
mdot_h2: 8.77 g/s
Reynolds_number: 6,709,346
Stack prop output power: 399 kW, Pcomp: 3.5 kW
Cell efficiency: 0.305, Output efficiency: 0.287
mdot_h2: 9.35 g/s
Reynolds_number: 6,709,346
Stack prop output power: 308 kW, Pcomp: 2.7 kW
Cell efficiency: 0.305, Output efficiency: 0.287
mdot_h2: 7.22 g/s
Reynolds_number: 6,709,346
Stack prop output power: 307 kW, Pcomp: 2.7 kW
Cell efficiency: 0.305, Output efficiency: 0.287
mdot_h2: 7.20 g/s
Reynolds_number: 11,135,029
Stack prop output power: 500 kW, Pcomp: 25.8 kW
Cell efficiency: 0.300, Output efficiency: 0.271
mdot_h2: 12.43 g/s
Reynolds_number: 11,135,029
Stack prop output power: 398 kW, Pcomp: 20.5 kW
Cell efficiency: 0.300, Output efficiency: 0.271
mdot_h2: 9.90 g/s
Reynolds_number: 11,135,029
Stack prop output power: 393 kW, Pcomp: 20.3 kW
Cell efficiency: 0.300, Output efficiency: 0.271
mdot_h2: 9.77 g/s
Fuel-cell system mass representative phase: cruise (P_fc_sys=785.311 kW).

-----------------------
ptotal_climb: 916 kW, mtom_est: 4,607 kg, mtom: 5,000 kg, residual: -392.73 kg

MTOM update: initial_bracket_probe_1, relax=1.000 -> mtom_next=4,675.00 kg

======================================================
======================= ITER 2 =======================
Reynolds_number: 11,135,029
Stack prop output power: 393 kW, Pcomp: 20.3 kW
Cell efficiency: 0.300, Output efficiency: 0.271
mdot_h2: 9.76 g/s
Reynolds_number: 11,135,029
Stack prop output power: 368 kW, Pcomp: 19.0 kW
Cell efficiency: 0.300, Output efficiency: 0.271
mdot_h2: 9.16 g/s
Reynolds_number: 11,135,029
Stack prop output power: 367 kW, Pcomp: 18.9 kW
Cell efficiency: 0.300, Output efficiency: 0.271
mdot_h2: 9.13 g/s
Reynolds_number: 11,135,029
Stack prop output power: 352 kW, Pcomp: 3.2 kW
Cell efficiency: 0.281, Output efficiency: 0.264
mdot_h2: 8.95 g/s
Reynolds_number: 11,135,029
Stack prop output power: 322 kW, Pcomp: 2.9 kW
Cell efficiency: 0.281, Output efficiency: 0.264
mdot_h2: 8.20 g/s
Reynolds_number: 6,709,346
Stack prop output power: 314 kW, Pcomp: 2.7 kW
Cell efficiency: 0.305, Output efficiency: 0.287
mdot_h2: 7.35 g/s
Reynolds_number: 6,709,346
Stack prop output power: 287 kW, Pcomp: 2.5 kW
Cell efficiency: 0.305, Output efficiency: 0.287
mdot_h2: 6.73 g/s
Reynolds_number: 11,135,029
Stack prop output power: 393 kW, Pcomp: 20.3 kW
Cell efficiency: 0.300, Output efficiency: 0.271
mdot_h2: 9.76 g/s
Reynolds_number: 11,135,029
Stack prop output power: 368 kW, Pcomp: 19.0 kW
Cell efficiency: 0.300, Output efficiency: 0.271
mdot_h2: 9.16 g/s
Reynolds_number: 11,135,029
Stack prop output power: 367 kW, Pcomp: 18.9 kW
Cell efficiency: 0.300, Output efficiency: 0.271
mdot_h2: 9.13 g/s
Fuel-cell system mass representative phase: cruise (P_fc_sys=734.246 kW).

-----------------------
ptotal_climb: 856 kW, mtom_est: 4,428 kg, mtom: 4,675 kg, residual: -247.24 kg

MTOM update: initial_bracket_probe_2, relax=1.000 -> mtom_next=4,350.00 kg

======================================================
======================= ITER 3 =======================
Reynolds_number: 11,135,029
Stack prop output power: 367 kW, Pcomp: 18.9 kW
Cell efficiency: 0.300, Output efficiency: 0.271
mdot_h2: 9.13 g/s
Reynolds_number: 11,135,029
Stack prop output power: 343 kW, Pcomp: 17.7 kW
Cell efficiency: 0.300, Output efficiency: 0.271
mdot_h2: 8.53 g/s
Reynolds_number: 11,135,029
Stack prop output power: 342 kW, Pcomp: 17.6 kW
Cell efficiency: 0.300, Output efficiency: 0.271
mdot_h2: 8.49 g/s
Reynolds_number: 11,135,029
Stack prop output power: 329 kW, Pcomp: 3.0 kW
Cell efficiency: 0.281, Output efficiency: 0.264
mdot_h2: 8.38 g/s
Reynolds_number: 11,135,029
Stack prop output power: 300 kW, Pcomp: 2.7 kW
Cell efficiency: 0.281, Output efficiency: 0.264
mdot_h2: 7.63 g/s
Reynolds_number: 6,709,346
Stack prop output power: 294 kW, Pcomp: 2.6 kW
Cell efficiency: 0.305, Output efficiency: 0.287
mdot_h2: 6.88 g/s
Reynolds_number: 6,709,346
Stack prop output power: 267 kW, Pcomp: 2.3 kW
Cell efficiency: 0.305, Output efficiency: 0.287
mdot_h2: 6.27 g/s
Reynolds_number: 11,135,029
Stack prop output power: 367 kW, Pcomp: 18.9 kW
Cell efficiency: 0.300, Output efficiency: 0.271
mdot_h2: 9.13 g/s
Reynolds_number: 11,135,029
Stack prop output power: 343 kW, Pcomp: 17.7 kW
Cell efficiency: 0.300, Output efficiency: 0.271
mdot_h2: 8.53 g/s
Reynolds_number: 11,135,029
Stack prop output power: 342 kW, Pcomp: 17.6 kW
Cell efficiency: 0.300, Output efficiency: 0.271
mdot_h2: 8.49 g/s
Fuel-cell system mass representative phase: cruise (P_fc_sys=683.202 kW).

-----------------------
ptotal_climb: 797 kW, mtom_est: 4,250 kg, mtom: 4,350 kg, residual: -100.08 kg

MTOM update: fixed_point_prebracket, relax=1.000 -> mtom_next=4,269.93 kg

======================================================
======================= ITER 4 =======================
Reynolds_number: 11,135,029
Stack prop output power: 342 kW, Pcomp: 17.6 kW
Cell efficiency: 0.300, Output efficiency: 0.271
mdot_h2: 8.49 g/s
Reynolds_number: 11,135,029
Stack prop output power: 336 kW, Pcomp: 17.3 kW
Cell efficiency: 0.300, Output efficiency: 0.271
mdot_h2: 8.34 g/s
Reynolds_number: 11,135,029
Stack prop output power: 301 kW, Pcomp: 2.7 kW
Cell efficiency: 0.281, Output efficiency: 0.264
mdot_h2: 7.67 g/s
Reynolds_number: 11,135,029
Stack prop output power: 294 kW, Pcomp: 2.6 kW
Cell efficiency: 0.281, Output efficiency: 0.264
mdot_h2: 7.49 g/s
Reynolds_number: 6,709,346
Stack prop output power: 269 kW, Pcomp: 2.3 kW
Cell efficiency: 0.305, Output efficiency: 0.287
mdot_h2: 6.30 g/s
Reynolds_number: 6,709,346
Stack prop output power: 262 kW, Pcomp: 2.3 kW
Cell efficiency: 0.305, Output efficiency: 0.287
mdot_h2: 6.15 g/s
Reynolds_number: 11,135,029
Stack prop output power: 342 kW, Pcomp: 17.6 kW
Cell efficiency: 0.300, Output efficiency: 0.271
mdot_h2: 8.49 g/s
Reynolds_number: 11,135,029
Stack prop output power: 336 kW, Pcomp: 17.3 kW
Cell efficiency: 0.300, Output efficiency: 0.271
mdot_h2: 8.34 g/s
Fuel-cell system mass representative phase: cruise (P_fc_sys=670.654 kW).

-----------------------
ptotal_climb: 782 kW, mtom_est: 4,207 kg, mtom: 4,270 kg, residual: -63.00 kg

MTOM update: fixed_point_prebracket, relax=1.000 -> mtom_next=4,219.53 kg

======================================================
======================= ITER 5 =======================
Reynolds_number: 11,135,029
Stack prop output power: 335 kW, Pcomp: 17.3 kW
Cell efficiency: 0.300, Output efficiency: 0.271
mdot_h2: 8.34 g/s
Reynolds_number: 11,135,029
Stack prop output power: 332 kW, Pcomp: 17.1 kW
Cell efficiency: 0.300, Output efficiency: 0.271
mdot_h2: 8.24 g/s
Reynolds_number: 11,135,029
Stack prop output power: 295 kW, Pcomp: 2.7 kW
Cell efficiency: 0.281, Output efficiency: 0.264
mdot_h2: 7.51 g/s
Reynolds_number: 11,135,029
Stack prop output power: 291 kW, Pcomp: 2.6 kW
Cell efficiency: 0.281, Output efficiency: 0.264
mdot_h2: 7.40 g/s
Reynolds_number: 6,709,346
Stack prop output power: 263 kW, Pcomp: 2.3 kW
Cell efficiency: 0.305, Output efficiency: 0.287
mdot_h2: 6.17 g/s
Reynolds_number: 6,709,346
Stack prop output power: 259 kW, Pcomp: 2.3 kW
Cell efficiency: 0.305, Output efficiency: 0.287
mdot_h2: 6.07 g/s
Reynolds_number: 11,135,029
Stack prop output power: 335 kW, Pcomp: 17.3 kW
Cell efficiency: 0.300, Output efficiency: 0.271
mdot_h2: 8.34 g/s
Reynolds_number: 11,135,029
Stack prop output power: 332 kW, Pcomp: 17.1 kW
Cell efficiency: 0.300, Output efficiency: 0.271
mdot_h2: 8.24 g/s
Fuel-cell system mass representative phase: cruise (P_fc_sys=662.726 kW).

-----------------------
ptotal_climb: 773 kW, mtom_est: 4,179 kg, mtom: 4,220 kg, residual: -40.79 kg

MTOM update: fixed_point_prebracket, relax=1.000 -> mtom_next=4,186.90 kg

======================================================
======================= ITER 6 =======================
Reynolds_number: 11,135,029
Stack prop output power: 331 kW, Pcomp: 17.1 kW
Cell efficiency: 0.300, Output efficiency: 0.271
mdot_h2: 8.24 g/s
Reynolds_number: 11,135,029
Stack prop output power: 329 kW, Pcomp: 17.0 kW
Cell efficiency: 0.300, Output efficiency: 0.271
mdot_h2: 8.18 g/s
Reynolds_number: 11,135,029
Stack prop output power: 291 kW, Pcomp: 2.6 kW
Cell efficiency: 0.281, Output efficiency: 0.264
mdot_h2: 7.41 g/s
Reynolds_number: 11,135,029
Stack prop output power: 288 kW, Pcomp: 2.6 kW
Cell efficiency: 0.281, Output efficiency: 0.264
mdot_h2: 7.34 g/s
Reynolds_number: 6,709,346
Stack prop output power: 260 kW, Pcomp: 2.3 kW
Cell efficiency: 0.305, Output efficiency: 0.287
mdot_h2: 6.09 g/s
Reynolds_number: 6,709,346
Stack prop output power: 257 kW, Pcomp: 2.2 kW
Cell efficiency: 0.305, Output efficiency: 0.287
mdot_h2: 6.03 g/s
Reynolds_number: 11,135,029
Stack prop output power: 331 kW, Pcomp: 17.1 kW
Cell efficiency: 0.300, Output efficiency: 0.271
mdot_h2: 8.24 g/s
Reynolds_number: 11,135,029
Stack prop output power: 329 kW, Pcomp: 17.0 kW
Cell efficiency: 0.300, Output efficiency: 0.271
mdot_h2: 8.18 g/s
Fuel-cell system mass representative phase: cruise (P_fc_sys=657.593 kW).

-----------------------
ptotal_climb: 767 kW, mtom_est: 4,161 kg, mtom: 4,187 kg, residual: -26.13 kg

MTOM update: fixed_point_prebracket, relax=1.000 -> mtom_next=4,166.00 kg

======================================================
======================= ITER 7 =======================
Reynolds_number: 11,135,029
Stack prop output power: 329 kW, Pcomp: 17.0 kW
Cell efficiency: 0.300, Output efficiency: 0.271
mdot_h2: 8.17 g/s
Reynolds_number: 11,135,029
Stack prop output power: 327 kW, Pcomp: 16.9 kW
Cell efficiency: 0.300, Output efficiency: 0.271
mdot_h2: 8.14 g/s
Reynolds_number: 11,135,029
Stack prop output power: 289 kW, Pcomp: 2.6 kW
Cell efficiency: 0.281, Output efficiency: 0.264
mdot_h2: 7.35 g/s
Reynolds_number: 11,135,029
Stack prop output power: 287 kW, Pcomp: 2.6 kW
Cell efficiency: 0.281, Output efficiency: 0.264
mdot_h2: 7.30 g/s
Reynolds_number: 6,709,346
Stack prop output power: 257 kW, Pcomp: 2.2 kW
Cell efficiency: 0.305, Output efficiency: 0.287
mdot_h2: 6.04 g/s
Reynolds_number: 6,709,346
Stack prop output power: 256 kW, Pcomp: 2.2 kW
Cell efficiency: 0.305, Output efficiency: 0.287
mdot_h2: 6.00 g/s
Reynolds_number: 11,135,029
Stack prop output power: 329 kW, Pcomp: 17.0 kW
Cell efficiency: 0.300, Output efficiency: 0.271
mdot_h2: 8.17 g/s
Reynolds_number: 11,135,029
Stack prop output power: 327 kW, Pcomp: 16.9 kW
Cell efficiency: 0.300, Output efficiency: 0.271
mdot_h2: 8.14 g/s
Fuel-cell system mass representative phase: cruise (P_fc_sys=654.305 kW).

-----------------------
ptotal_climb: 763 kW, mtom_est: 4,150 kg, mtom: 4,166 kg, residual: -16.19 kg

MTOM update: fixed_point_prebracket, relax=1.000 -> mtom_next=4,153.04 kg

======================================================
======================= ITER 8 =======================
Reynolds_number: 11,135,029
Stack prop output power: 327 kW, Pcomp: 16.9 kW
Cell efficiency: 0.300, Output efficiency: 0.271
mdot_h2: 8.13 g/s
Reynolds_number: 11,135,029
Stack prop output power: 326 kW, Pcomp: 16.8 kW
Cell efficiency: 0.300, Output efficiency: 0.271
mdot_h2: 8.11 g/s
Reynolds_number: 11,135,029
Stack prop output power: 287 kW, Pcomp: 2.6 kW
Cell efficiency: 0.281, Output efficiency: 0.264
mdot_h2: 7.31 g/s
Reynolds_number: 11,135,029
Stack prop output power: 286 kW, Pcomp: 2.6 kW
Cell efficiency: 0.281, Output efficiency: 0.264
mdot_h2: 7.28 g/s
Reynolds_number: 6,709,346
Stack prop output power: 256 kW, Pcomp: 2.2 kW
Cell efficiency: 0.305, Output efficiency: 0.287
mdot_h2: 6.00 g/s
Reynolds_number: 6,709,346
Stack prop output power: 255 kW, Pcomp: 2.2 kW
Cell efficiency: 0.305, Output efficiency: 0.287
mdot_h2: 5.98 g/s
Reynolds_number: 11,135,029
Stack prop output power: 327 kW, Pcomp: 16.9 kW
Cell efficiency: 0.300, Output efficiency: 0.271
mdot_h2: 8.13 g/s
Reynolds_number: 11,135,029
Stack prop output power: 326 kW, Pcomp: 16.8 kW
Cell efficiency: 0.300, Output efficiency: 0.271
mdot_h2: 8.11 g/s
Fuel-cell system mass representative phase: cruise (P_fc_sys=652.267 kW).

-----------------------
ptotal_climb: 761 kW, mtom_est: 4,142 kg, mtom: 4,153 kg, residual: -10.90 kg

MTOM update: newton_prebracket, relax=1.000 -> mtom_next=4,126.40 kg

======================================================
======================= ITER 9 =======================
Reynolds_number: 11,135,029
Stack prop output power: 326 kW, Pcomp: 16.8 kW
Cell efficiency: 0.300, Output efficiency: 0.271
mdot_h2: 8.11 g/s
Reynolds_number: 11,135,029
Stack prop output power: 324 kW, Pcomp: 16.7 kW
Cell efficiency: 0.300, Output efficiency: 0.271
mdot_h2: 8.06 g/s
Reynolds_number: 11,135,029
Stack prop output power: 286 kW, Pcomp: 2.6 kW
Cell efficiency: 0.281, Output efficiency: 0.264
mdot_h2: 7.29 g/s
Reynolds_number: 11,135,029
Stack prop output power: 284 kW, Pcomp: 2.6 kW
Cell efficiency: 0.281, Output efficiency: 0.264
mdot_h2: 7.23 g/s
Reynolds_number: 6,709,346
Stack prop output power: 255 kW, Pcomp: 2.2 kW
Cell efficiency: 0.305, Output efficiency: 0.287
mdot_h2: 5.99 g/s
Reynolds_number: 6,709,346
Stack prop output power: 253 kW, Pcomp: 2.2 kW
Cell efficiency: 0.305, Output efficiency: 0.287
mdot_h2: 5.94 g/s
Reynolds_number: 11,135,029
Stack prop output power: 326 kW, Pcomp: 16.8 kW
Cell efficiency: 0.300, Output efficiency: 0.271
mdot_h2: 8.11 g/s
Reynolds_number: 11,135,029
Stack prop output power: 324 kW, Pcomp: 16.7 kW
Cell efficiency: 0.300, Output efficiency: 0.271
mdot_h2: 8.06 g/s
Fuel-cell system mass representative phase: cruise (P_fc_sys=648.089 kW).

-----------------------
ptotal_climb: 756 kW, mtom_est: 4,128 kg, mtom: 4,126 kg, residual: +1.38 kg


CONVERGED

CONVERGED STATE [MTOM iteration 9]
  MTOM=4,128 kg | Wing loading=239.71 kg/m^2 | P/W(climb)=183.10 W/kg
  Phase power: climb=755.8 kW | cruise=648.1 kW | takeoff=674.0 kW | cruise+charger=648.1 kW
  Power split (climb): FC=563.0 kW | Battery=187.7 kW | Compressor=5.1 kW | Cooling=243.5 kW | H2=14.466 g/s
  Compressor max across phases: 33.4 kW (cruise)
  FC representative phase (mass sizing): cruise (648.1 kW)
  Mass summary: MTOM=4,128 kg | Powertrain=1,139 kg | Tank=292.8 kg | Fuel=130.1 kg | Battery=118.5 kg | Nacelle power density=0.66 kW/kg
  Geometry: Main wing area=17.22 m^2 | Horizontal tail area=2.446 m^2 | Horizontal tail location=9.965 m | Vertical tail area=2.449 m^2 | Vertical tail location=9.696 m
  Config: wing loading input=239.63 kg/m^2 | P/W TO/Cl/Cr=0.11889/0.13329/0.10830 kW/kg

=============================================================
========================= CONVERGED =========================
=============================================================
Constraint sizing: ENABLED (min_combined_pw)
Input W/S: 239.63 kg/m^2 (2,350.0 Pa)
Input P/W [kW/kg]: takeoff 0.11889, climb 0.13329, cruise 0.10830
-------------------------------------------------------------

Mission Time
Climb time: 8.20 min (0.14 h)
Cruise time: 124.50 min (2.08 h)
Total flight time: 154.71 min (2.58 h)

Phase Power Breakdown
Phase      Time[min]     Total[kW]    FC Stack[kW]   Battery[kW]   Compressor[kW]   Cooling[kW]
-----------------------------------------------------------------------------------------------
ready           0.00          37.8            37.8           0.0              0.0           0.0
taxi            5.00          75.6            75.6           0.0              0.0           0.0
takeoff         1.00         674.0           502.2         167.4              4.4         193.9
climb           8.20         755.8           563.0         187.7              5.1         243.5
cruise        124.50         648.1           614.7           0.0             33.4         264.6
loiter         15.00          64.8            61.5           0.0              3.3          26.5
landing         1.00           0.0             0.0           0.0              0.0           0.0

Pcomp_max (solved phases): 33.4 kW (cruise)
Pnet (climb): 683 kW
Pelectricnet (climb): 751 kW
eta_pt: 0.9031

Geometry
S_wing: 17.22 m^2
b_wing: 12.45 m
Lfus: 11.62 m
Ltank: 2.61 m
S_HT: 2.45 m^2
S_VT: 2.45 m^2
b_HT: 3.32 m
b_VT: 2.16 m
X_HT_act: 9.96 m
X_VT_act: 9.70 m

One Nacelle (1/2)
Stack(1/2): 184 kg, Compressor: 78 kg, Humidifier: 62 kg, HX: 163 kg
W_FCS_single_nacelle (W_Stack+W_Compressor+W_Humidifier+W_Hx): 487 kg
Representative FC phase: cruise
Specific Power of Nacelle System: 0.665 kW/kg
dim_hx: dX=0.918 m, dY=0.918 m, dZ=0.218 m
dim_stack: dX=0.365 m, dY=0.237 m, dZ=0.237 m

ALL Nacelles
W_FCS_total: 975 kg
W_PMAD: 65 kg
W_Motors: 100 kg

-----------------------
W_Powertrain (W_FCS_total+W_PMAD+W_Motors): 1,139 kg
-----------------------
W_wing: 256 kg
W_Htail: 15 kg
W_Vtail: 34 kg
W_fuselage: 340 kg
W_lnd_gear_main: 243 kg
W_lnd_gear_nose: 65 kg
W_flight_control: 366 kg
W_electric_system: 300 kg
W_iae: 64 kg
W_hydraulics: 50 kg
W_fur: 365 kg
-----------------------
OEM: 2,097 kg
-----------------------
W_tank: 293 kg
W_fuel: 130.1 kg
W_batt: 118.5 kg
-----------------------
W_payload: 350 kg
-----------------------
MTOM_grouped (OEM+W_tank+W_fuel+W_batt+W_Powertrain+W_payload): 4,128 kg
MTOM: 4,128 kg
-----------------------

Wing loading (MTOM/S_wing): 239.71 kg/m^2
Power-to-weight (converged): 183.10 W/kg

mdot_H2(cruise): 16.1 g/s
Vtankex: 5.6 m^3
========================== END ==============================


=============================================================
Execution time: 78.2 seconds
=============================================================
