ADRpy constraint sizing (min_combined_pw): W/S=2350.0 Pa (239.63 kg/m^2), P/W_TO=0.11889 kW/kg, P/W_climb=0.13391 kW/kg, P/W_cruise=0.15852 kW/kg
======================================================
======================= ITER 1 =======================
Reynolds_number: 11,726,788
Stack prop output power: 500 kW, Pcomp: 47.0 kW
Cell efficiency: 0.300, Output efficiency: 0.261
mdot_h2: 12.92 g/s
Reynolds_number: 11,726,788
Stack prop output power: 592 kW, Pcomp: 55.6 kW
Cell efficiency: 0.300, Output efficiency: 0.261
mdot_h2: 15.30 g/s
Reynolds_number: 11,726,788
Stack prop output power: 601 kW, Pcomp: 56.5 kW
Cell efficiency: 0.300, Output efficiency: 0.261
mdot_h2: 15.52 g/s
Reynolds_number: 11,726,788
Stack prop output power: 602 kW, Pcomp: 56.5 kW
Cell efficiency: 0.300, Output efficiency: 0.261
mdot_h2: 15.54 g/s
Reynolds_number: 11,726,788
Stack prop output power: 386 kW, Pcomp: 3.6 kW
Cell efficiency: 0.261, Output efficiency: 0.246
mdot_h2: 10.55 g/s
Reynolds_number: 11,726,788
Stack prop output power: 346 kW, Pcomp: 3.2 kW
Cell efficiency: 0.261, Output efficiency: 0.246
mdot_h2: 9.47 g/s
Reynolds_number: 6,709,346
Stack prop output power: 399 kW, Pcomp: 3.5 kW
Cell efficiency: 0.305, Output efficiency: 0.287
mdot_h2: 9.35 g/s
Reynolds_number: 6,709,346
Stack prop output power: 308 kW, Pcomp: 2.7 kW
Cell efficiency: 0.305, Output efficiency: 0.287
mdot_h2: 7.22 g/s
Reynolds_number: 6,709,346
Stack prop output power: 307 kW, Pcomp: 2.7 kW
Cell efficiency: 0.305, Output efficiency: 0.287
mdot_h2: 7.20 g/s
Reynolds_number: 11,726,788
Stack prop output power: 500 kW, Pcomp: 47.0 kW
Cell efficiency: 0.300, Output efficiency: 0.261
mdot_h2: 12.92 g/s
Reynolds_number: 11,726,788
Stack prop output power: 592 kW, Pcomp: 55.6 kW
Cell efficiency: 0.300, Output efficiency: 0.261
mdot_h2: 15.30 g/s
Reynolds_number: 11,726,788
Stack prop output power: 601 kW, Pcomp: 56.5 kW
Cell efficiency: 0.300, Output efficiency: 0.261
mdot_h2: 15.52 g/s
Reynolds_number: 11,726,788
Stack prop output power: 602 kW, Pcomp: 56.5 kW
Cell efficiency: 0.300, Output efficiency: 0.261
mdot_h2: 15.54 g/s
Fuel-cell system mass representative phase: cruise (P_fc_sys=1203.201 kW).

-----------------------
ptotal_climb: 920 kW, mtom_est: 6,240 kg, mtom: 5,000 kg, residual: +1,240.24 kg

MTOM update: initial_bracket_probe_1, relax=1.000 -> mtom_next=5,350.00 kg

======================================================
======================= ITER 2 =======================
Reynolds_number: 11,726,788
Stack prop output power: 602 kW, Pcomp: 56.5 kW
Cell efficiency: 0.300, Output efficiency: 0.261
mdot_h2: 15.54 g/s
Reynolds_number: 11,726,788
Stack prop output power: 640 kW, Pcomp: 60.1 kW
Cell efficiency: 0.300, Output efficiency: 0.261
mdot_h2: 16.53 g/s
Reynolds_number: 11,726,788
Stack prop output power: 643 kW, Pcomp: 60.5 kW
Cell efficiency: 0.300, Output efficiency: 0.261
mdot_h2: 16.62 g/s
Reynolds_number: 11,726,788
Stack prop output power: 338 kW, Pcomp: 3.2 kW
Cell efficiency: 0.261, Output efficiency: 0.246
mdot_h2: 9.25 g/s
Reynolds_number: 11,726,788
Stack prop output power: 370 kW, Pcomp: 3.5 kW
Cell efficiency: 0.261, Output efficiency: 0.246
mdot_h2: 10.12 g/s
Reynolds_number: 6,709,346
Stack prop output power: 300 kW, Pcomp: 2.6 kW
Cell efficiency: 0.305, Output efficiency: 0.287
mdot_h2: 7.03 g/s
Reynolds_number: 6,709,346
Stack prop output power: 328 kW, Pcomp: 2.9 kW
Cell efficiency: 0.305, Output efficiency: 0.287
mdot_h2: 7.70 g/s
Reynolds_number: 11,726,788
Stack prop output power: 602 kW, Pcomp: 56.5 kW
Cell efficiency: 0.300, Output efficiency: 0.261
mdot_h2: 15.54 g/s
Reynolds_number: 11,726,788
Stack prop output power: 640 kW, Pcomp: 60.1 kW
Cell efficiency: 0.300, Output efficiency: 0.261
mdot_h2: 16.53 g/s
Reynolds_number: 11,726,788
Stack prop output power: 643 kW, Pcomp: 60.5 kW
Cell efficiency: 0.300, Output efficiency: 0.261
mdot_h2: 16.62 g/s
Fuel-cell system mass representative phase: cruise (P_fc_sys=1287.373 kW).

-----------------------
ptotal_climb: 985 kW, mtom_est: 6,488 kg, mtom: 5,350 kg, residual: +1,137.80 kg

MTOM update: initial_bracket_probe_2, relax=1.000 -> mtom_next=5,700.00 kg

======================================================
======================= ITER 3 =======================
Reynolds_number: 11,726,788
Stack prop output power: 644 kW, Pcomp: 60.5 kW
Cell efficiency: 0.300, Output efficiency: 0.261
mdot_h2: 16.63 g/s
Reynolds_number: 11,726,788
Stack prop output power: 682 kW, Pcomp: 64.1 kW
Cell efficiency: 0.300, Output efficiency: 0.261
mdot_h2: 17.62 g/s
Reynolds_number: 11,726,788
Stack prop output power: 685 kW, Pcomp: 64.4 kW
Cell efficiency: 0.300, Output efficiency: 0.261
mdot_h2: 17.71 g/s
Reynolds_number: 11,726,788
Stack prop output power: 362 kW, Pcomp: 3.4 kW
Cell efficiency: 0.261, Output efficiency: 0.246
mdot_h2: 9.91 g/s
Reynolds_number: 11,726,788
Stack prop output power: 394 kW, Pcomp: 3.7 kW
Cell efficiency: 0.261, Output efficiency: 0.246
mdot_h2: 10.78 g/s
Reynolds_number: 6,709,346
Stack prop output power: 321 kW, Pcomp: 2.8 kW
Cell efficiency: 0.305, Output efficiency: 0.287
mdot_h2: 7.53 g/s
Reynolds_number: 6,709,346
Stack prop output power: 350 kW, Pcomp: 3.0 kW
Cell efficiency: 0.305, Output efficiency: 0.287
mdot_h2: 8.20 g/s
Reynolds_number: 11,726,788
Stack prop output power: 644 kW, Pcomp: 60.5 kW
Cell efficiency: 0.300, Output efficiency: 0.261
mdot_h2: 16.63 g/s
Reynolds_number: 11,726,788
Stack prop output power: 682 kW, Pcomp: 64.1 kW
Cell efficiency: 0.300, Output efficiency: 0.261
mdot_h2: 17.62 g/s
Reynolds_number: 11,726,788
Stack prop output power: 685 kW, Pcomp: 64.4 kW
Cell efficiency: 0.300, Output efficiency: 0.261
mdot_h2: 17.71 g/s
Fuel-cell system mass representative phase: cruise (P_fc_sys=1371.598 kW).

-----------------------
ptotal_climb: 1,049 kW, mtom_est: 6,736 kg, mtom: 5,700 kg, residual: +1,036.31 kg

MTOM update: fixed_point_prebracket, relax=1.000 -> mtom_next=6,529.04 kg

======================================================
======================= ITER 4 =======================
Reynolds_number: 11,726,788
Stack prop output power: 686 kW, Pcomp: 64.5 kW
Cell efficiency: 0.300, Output efficiency: 0.261
mdot_h2: 17.72 g/s
Reynolds_number: 11,726,788
Stack prop output power: 776 kW, Pcomp: 73.0 kW
Cell efficiency: 0.300, Output efficiency: 0.261
mdot_h2: 20.06 g/s
Reynolds_number: 11,726,788
Stack prop output power: 785 kW, Pcomp: 73.8 kW
Cell efficiency: 0.300, Output efficiency: 0.261
mdot_h2: 20.27 g/s
Reynolds_number: 11,726,788
Stack prop output power: 786 kW, Pcomp: 73.8 kW
Cell efficiency: 0.300, Output efficiency: 0.261
mdot_h2: 20.30 g/s
Reynolds_number: 11,726,788
Stack prop output power: 375 kW, Pcomp: 3.5 kW
Cell efficiency: 0.261, Output efficiency: 0.246
mdot_h2: 10.27 g/s
Reynolds_number: 11,726,788
Stack prop output power: 451 kW, Pcomp: 4.2 kW
Cell efficiency: 0.261, Output efficiency: 0.246
mdot_h2: 12.34 g/s
Reynolds_number: 11,726,788
Stack prop output power: 452 kW, Pcomp: 4.2 kW
Cell efficiency: 0.261, Output efficiency: 0.246
mdot_h2: 12.36 g/s
Reynolds_number: 6,709,346
Stack prop output power: 333 kW, Pcomp: 2.9 kW
Cell efficiency: 0.305, Output efficiency: 0.287
mdot_h2: 7.81 g/s
Reynolds_number: 6,709,346
Stack prop output power: 400 kW, Pcomp: 3.5 kW
Cell efficiency: 0.305, Output efficiency: 0.287
mdot_h2: 9.38 g/s
Reynolds_number: 6,709,346
Stack prop output power: 401 kW, Pcomp: 3.5 kW
Cell efficiency: 0.305, Output efficiency: 0.287
mdot_h2: 9.40 g/s
Reynolds_number: 11,726,788
Stack prop output power: 686 kW, Pcomp: 64.5 kW
Cell efficiency: 0.300, Output efficiency: 0.261
mdot_h2: 17.72 g/s
Reynolds_number: 11,726,788
Stack prop output power: 776 kW, Pcomp: 73.0 kW
Cell efficiency: 0.300, Output efficiency: 0.261
mdot_h2: 20.06 g/s
Reynolds_number: 11,726,788
Stack prop output power: 785 kW, Pcomp: 73.8 kW
Cell efficiency: 0.300, Output efficiency: 0.261
mdot_h2: 20.27 g/s
Reynolds_number: 11,726,788
Stack prop output power: 786 kW, Pcomp: 73.8 kW
Cell efficiency: 0.300, Output efficiency: 0.261
mdot_h2: 20.30 g/s
Fuel-cell system mass representative phase: cruise (P_fc_sys=1571.156 kW).

-----------------------
ptotal_climb: 1,202 kW, mtom_est: 7,331 kg, mtom: 6,529 kg, residual: +802.36 kg

MTOM update: fixed_point_prebracket, relax=1.000 -> mtom_next=7,170.94 kg

======================================================
======================= ITER 5 =======================
Reynolds_number: 11,726,788
Stack prop output power: 786 kW, Pcomp: 73.8 kW
Cell efficiency: 0.300, Output efficiency: 0.261
mdot_h2: 20.30 g/s
Reynolds_number: 11,726,788
Stack prop output power: 856 kW, Pcomp: 80.4 kW
Cell efficiency: 0.300, Output efficiency: 0.261
mdot_h2: 22.11 g/s
Reynolds_number: 11,726,788
Stack prop output power: 862 kW, Pcomp: 81.0 kW
Cell efficiency: 0.300, Output efficiency: 0.261
mdot_h2: 22.28 g/s
Reynolds_number: 11,726,788
Stack prop output power: 863 kW, Pcomp: 81.1 kW
Cell efficiency: 0.300, Output efficiency: 0.261
mdot_h2: 22.29 g/s
Reynolds_number: 11,726,788
Stack prop output power: 437 kW, Pcomp: 4.1 kW
Cell efficiency: 0.261, Output efficiency: 0.246
mdot_h2: 11.96 g/s
Reynolds_number: 11,726,788
Stack prop output power: 496 kW, Pcomp: 4.6 kW
Cell efficiency: 0.261, Output efficiency: 0.246
mdot_h2: 13.56 g/s
Reynolds_number: 11,726,788
Stack prop output power: 496 kW, Pcomp: 4.6 kW
Cell efficiency: 0.261, Output efficiency: 0.246
mdot_h2: 13.57 g/s
Reynolds_number: 6,709,346
Stack prop output power: 388 kW, Pcomp: 3.4 kW
Cell efficiency: 0.305, Output efficiency: 0.287
mdot_h2: 9.09 g/s
Reynolds_number: 6,709,346
Stack prop output power: 440 kW, Pcomp: 3.8 kW
Cell efficiency: 0.305, Output efficiency: 0.287
mdot_h2: 10.31 g/s
Reynolds_number: 11,726,788
Stack prop output power: 786 kW, Pcomp: 73.8 kW
Cell efficiency: 0.300, Output efficiency: 0.261
mdot_h2: 20.30 g/s
Reynolds_number: 11,726,788
Stack prop output power: 856 kW, Pcomp: 80.4 kW
Cell efficiency: 0.300, Output efficiency: 0.261
mdot_h2: 22.11 g/s
Reynolds_number: 11,726,788
Stack prop output power: 862 kW, Pcomp: 81.0 kW
Cell efficiency: 0.300, Output efficiency: 0.261
mdot_h2: 22.28 g/s
Reynolds_number: 11,726,788
Stack prop output power: 863 kW, Pcomp: 81.1 kW
Cell efficiency: 0.300, Output efficiency: 0.261
mdot_h2: 22.29 g/s
Fuel-cell system mass representative phase: cruise (P_fc_sys=1725.627 kW).

-----------------------
ptotal_climb: 1,320 kW, mtom_est: 7,791 kg, mtom: 7,171 kg, residual: +620.12 kg

MTOM update: fixed_point_prebracket, relax=1.000 -> mtom_next=7,667.03 kg

======================================================
======================= ITER 6 =======================
Reynolds_number: 11,726,788
Stack prop output power: 863 kW, Pcomp: 81.1 kW
Cell efficiency: 0.300, Output efficiency: 0.261
mdot_h2: 22.29 g/s
Reynolds_number: 11,726,788
Stack prop output power: 917 kW, Pcomp: 86.2 kW
Cell efficiency: 0.300, Output efficiency: 0.261
mdot_h2: 23.69 g/s
Reynolds_number: 11,726,788
Stack prop output power: 922 kW, Pcomp: 86.7 kW
Cell efficiency: 0.300, Output efficiency: 0.261
mdot_h2: 23.82 g/s
Reynolds_number: 11,726,788
Stack prop output power: 485 kW, Pcomp: 4.5 kW
Cell efficiency: 0.261, Output efficiency: 0.246
mdot_h2: 13.26 g/s
Reynolds_number: 11,726,788
Stack prop output power: 530 kW, Pcomp: 4.9 kW
Cell efficiency: 0.261, Output efficiency: 0.246
mdot_h2: 14.50 g/s
Reynolds_number: 6,709,346
Stack prop output power: 430 kW, Pcomp: 3.7 kW
Cell efficiency: 0.305, Output efficiency: 0.287
mdot_h2: 10.09 g/s
Reynolds_number: 6,709,346
Stack prop output power: 470 kW, Pcomp: 4.1 kW
Cell efficiency: 0.305, Output efficiency: 0.287
mdot_h2: 11.03 g/s
Reynolds_number: 11,726,788
Stack prop output power: 863 kW, Pcomp: 81.1 kW
Cell efficiency: 0.300, Output efficiency: 0.261
mdot_h2: 22.29 g/s
Reynolds_number: 11,726,788
Stack prop output power: 917 kW, Pcomp: 86.2 kW
Cell efficiency: 0.300, Output efficiency: 0.261
mdot_h2: 23.69 g/s
Reynolds_number: 11,726,788
Stack prop output power: 922 kW, Pcomp: 86.7 kW
Cell efficiency: 0.300, Output efficiency: 0.261
mdot_h2: 23.82 g/s
Fuel-cell system mass representative phase: cruise (P_fc_sys=1844.922 kW).

-----------------------
ptotal_climb: 1,411 kW, mtom_est: 8,146 kg, mtom: 7,667 kg, residual: +479.34 kg

MTOM update: fixed_point_prebracket, relax=1.000 -> mtom_next=8,050.50 kg

======================================================
======================= ITER 7 =======================
Reynolds_number: 11,726,788
Stack prop output power: 922 kW, Pcomp: 86.7 kW
Cell efficiency: 0.300, Output efficiency: 0.261
mdot_h2: 23.83 g/s
Reynolds_number: 11,726,788
Stack prop output power: 964 kW, Pcomp: 90.6 kW
Cell efficiency: 0.300, Output efficiency: 0.261
mdot_h2: 24.92 g/s
Reynolds_number: 11,726,788
Stack prop output power: 968 kW, Pcomp: 91.0 kW
Cell efficiency: 0.300, Output efficiency: 0.261
mdot_h2: 25.02 g/s
Reynolds_number: 11,726,788
Stack prop output power: 522 kW, Pcomp: 4.9 kW
Cell efficiency: 0.261, Output efficiency: 0.246
mdot_h2: 14.27 g/s
Reynolds_number: 11,726,788
Stack prop output power: 557 kW, Pcomp: 5.2 kW
Cell efficiency: 0.261, Output efficiency: 0.246
mdot_h2: 15.23 g/s
Reynolds_number: 6,709,346
Stack prop output power: 463 kW, Pcomp: 4.0 kW
Cell efficiency: 0.305, Output efficiency: 0.287
mdot_h2: 10.85 g/s
Reynolds_number: 6,709,346
Stack prop output power: 494 kW, Pcomp: 4.3 kW
Cell efficiency: 0.305, Output efficiency: 0.287
mdot_h2: 11.58 g/s
Reynolds_number: 11,726,788
Stack prop output power: 922 kW, Pcomp: 86.7 kW
Cell efficiency: 0.300, Output efficiency: 0.261
mdot_h2: 23.83 g/s
Reynolds_number: 11,726,788
Stack prop output power: 964 kW, Pcomp: 90.6 kW
Cell efficiency: 0.300, Output efficiency: 0.261
mdot_h2: 24.92 g/s
Reynolds_number: 11,726,788
Stack prop output power: 968 kW, Pcomp: 91.0 kW
Cell efficiency: 0.300, Output efficiency: 0.261
mdot_h2: 25.02 g/s
Fuel-cell system mass representative phase: cruise (P_fc_sys=1937.225 kW).

-----------------------
ptotal_climb: 1,482 kW, mtom_est: 8,424 kg, mtom: 8,051 kg, residual: +373.18 kg

MTOM update: fixed_point_prebracket, relax=1.000 -> mtom_next=8,349.05 kg

======================================================
======================= ITER 8 =======================
Reynolds_number: 11,726,788
Stack prop output power: 969 kW, Pcomp: 91.0 kW
Cell efficiency: 0.300, Output efficiency: 0.261
mdot_h2: 25.03 g/s
Reynolds_number: 11,726,788
Stack prop output power: 1,001 kW, Pcomp: 94.1 kW
Cell efficiency: 0.300, Output efficiency: 0.261
mdot_h2: 25.87 g/s
Reynolds_number: 11,726,788
Stack prop output power: 1,004 kW, Pcomp: 94.4 kW
Cell efficiency: 0.300, Output efficiency: 0.261
mdot_h2: 25.95 g/s
Reynolds_number: 11,726,788
Stack prop output power: 550 kW, Pcomp: 5.1 kW
Cell efficiency: 0.261, Output efficiency: 0.246
mdot_h2: 15.05 g/s
Reynolds_number: 11,726,788
Stack prop output power: 577 kW, Pcomp: 5.4 kW
Cell efficiency: 0.261, Output efficiency: 0.246
mdot_h2: 15.80 g/s
Reynolds_number: 6,709,346
Stack prop output power: 488 kW, Pcomp: 4.3 kW
Cell efficiency: 0.305, Output efficiency: 0.287
mdot_h2: 11.45 g/s
Reynolds_number: 6,709,346
Stack prop output power: 512 kW, Pcomp: 4.5 kW
Cell efficiency: 0.305, Output efficiency: 0.287
mdot_h2: 12.01 g/s
Reynolds_number: 11,726,788
Stack prop output power: 969 kW, Pcomp: 91.0 kW
Cell efficiency: 0.300, Output efficiency: 0.261
mdot_h2: 25.03 g/s
Reynolds_number: 11,726,788
Stack prop output power: 1,001 kW, Pcomp: 94.1 kW
Cell efficiency: 0.300, Output efficiency: 0.261
mdot_h2: 25.87 g/s
Reynolds_number: 11,726,788
Stack prop output power: 1,004 kW, Pcomp: 94.4 kW
Cell efficiency: 0.300, Output efficiency: 0.261
mdot_h2: 25.95 g/s
Fuel-cell system mass representative phase: cruise (P_fc_sys=2009.085 kW).

-----------------------
ptotal_climb: 1,537 kW, mtom_est: 8,638 kg, mtom: 8,349 kg, residual: +289.44 kg

MTOM update: fixed_point_prebracket, relax=1.000 -> mtom_next=8,580.60 kg

======================================================
======================= ITER 9 =======================
Reynolds_number: 11,726,788
Stack prop output power: 1,005 kW, Pcomp: 94.4 kW
Cell efficiency: 0.300, Output efficiency: 0.261
mdot_h2: 25.95 g/s
Reynolds_number: 11,726,788
Stack prop output power: 1,030 kW, Pcomp: 96.8 kW
Cell efficiency: 0.300, Output efficiency: 0.261
mdot_h2: 26.61 g/s
Reynolds_number: 11,726,788
Stack prop output power: 1,032 kW, Pcomp: 97.0 kW
Cell efficiency: 0.300, Output efficiency: 0.261
mdot_h2: 26.67 g/s
Reynolds_number: 11,726,788
Stack prop output power: 572 kW, Pcomp: 5.3 kW
Cell efficiency: 0.261, Output efficiency: 0.246
mdot_h2: 15.66 g/s
Reynolds_number: 11,726,788
Stack prop output power: 593 kW, Pcomp: 5.5 kW
Cell efficiency: 0.261, Output efficiency: 0.246
mdot_h2: 16.24 g/s
Reynolds_number: 6,709,346
Stack prop output power: 508 kW, Pcomp: 4.4 kW
Cell efficiency: 0.305, Output efficiency: 0.287
mdot_h2: 11.91 g/s
Reynolds_number: 6,709,346
Stack prop output power: 527 kW, Pcomp: 4.6 kW
Cell efficiency: 0.305, Output efficiency: 0.287
mdot_h2: 12.35 g/s
Reynolds_number: 11,726,788
Stack prop output power: 1,005 kW, Pcomp: 94.4 kW
Cell efficiency: 0.300, Output efficiency: 0.261
mdot_h2: 25.95 g/s
Reynolds_number: 11,726,788
Stack prop output power: 1,030 kW, Pcomp: 96.8 kW
Cell efficiency: 0.300, Output efficiency: 0.261
mdot_h2: 26.61 g/s
Reynolds_number: 11,726,788
Stack prop output power: 1,032 kW, Pcomp: 97.0 kW
Cell efficiency: 0.300, Output efficiency: 0.261
mdot_h2: 26.67 g/s
Fuel-cell system mass representative phase: cruise (P_fc_sys=2064.819 kW).

-----------------------
ptotal_climb: 1,579 kW, mtom_est: 8,816 kg, mtom: 8,581 kg, residual: +235.25 kg

MTOM update: newton_prebracket, relax=1.000 -> mtom_next=9,585.93 kg

======================================================
======================= ITER 10 =======================
Reynolds_number: 11,726,788
Stack prop output power: 1,032 kW, Pcomp: 97.0 kW
Cell efficiency: 0.300, Output efficiency: 0.261
mdot_h2: 26.67 g/s
Reynolds_number: 11,726,788
Stack prop output power: 1,142 kW, Pcomp: 107.3 kW
Cell efficiency: 0.300, Output efficiency: 0.261
mdot_h2: 29.51 g/s
Reynolds_number: 11,726,788
Stack prop output power: 1,152 kW, Pcomp: 108.3 kW
Cell efficiency: 0.300, Output efficiency: 0.261
mdot_h2: 29.77 g/s
Reynolds_number: 11,726,788
Stack prop output power: 1,153 kW, Pcomp: 108.4 kW
Cell efficiency: 0.300, Output efficiency: 0.261
mdot_h2: 29.80 g/s
Reynolds_number: 11,726,788
Stack prop output power: 571 kW, Pcomp: 5.3 kW
Cell efficiency: 0.261, Output efficiency: 0.246
mdot_h2: 15.61 g/s
Reynolds_number: 11,726,788
Stack prop output power: 662 kW, Pcomp: 6.2 kW
Cell efficiency: 0.261, Output efficiency: 0.246
mdot_h2: 18.12 g/s
Reynolds_number: 11,726,788
Stack prop output power: 663 kW, Pcomp: 6.2 kW
Cell efficiency: 0.261, Output efficiency: 0.246
mdot_h2: 18.14 g/s
Reynolds_number: 6,709,346
Stack prop output power: 506 kW, Pcomp: 4.4 kW
Cell efficiency: 0.305, Output efficiency: 0.287
mdot_h2: 11.87 g/s
Reynolds_number: 6,709,346
Stack prop output power: 588 kW, Pcomp: 5.1 kW
Cell efficiency: 0.305, Output efficiency: 0.287
mdot_h2: 13.78 g/s
Reynolds_number: 6,709,346
Stack prop output power: 588 kW, Pcomp: 5.1 kW
Cell efficiency: 0.305, Output efficiency: 0.287
mdot_h2: 13.80 g/s
Reynolds_number: 11,726,788
Stack prop output power: 1,032 kW, Pcomp: 97.0 kW
Cell efficiency: 0.300, Output efficiency: 0.261
mdot_h2: 26.67 g/s
Reynolds_number: 11,726,788
Stack prop output power: 1,142 kW, Pcomp: 107.3 kW
Cell efficiency: 0.300, Output efficiency: 0.261
mdot_h2: 29.51 g/s
Reynolds_number: 11,726,788
Stack prop output power: 1,152 kW, Pcomp: 108.3 kW
Cell efficiency: 0.300, Output efficiency: 0.261
mdot_h2: 29.77 g/s
Reynolds_number: 11,726,788
Stack prop output power: 1,153 kW, Pcomp: 108.4 kW
Cell efficiency: 0.300, Output efficiency: 0.261
mdot_h2: 29.80 g/s
Fuel-cell system mass representative phase: cruise (P_fc_sys=2306.773 kW).

-----------------------
ptotal_climb: 1,764 kW, mtom_est: 9,534 kg, mtom: 9,586 kg, residual: -51.76 kg

MTOM update: newton, relax=1.000 -> mtom_next=9,404.64 kg

======================================================
======================= ITER 11 =======================
Reynolds_number: 11,726,788
Stack prop output power: 1,153 kW, Pcomp: 108.4 kW
Cell efficiency: 0.300, Output efficiency: 0.261
mdot_h2: 29.80 g/s
Reynolds_number: 11,726,788
Stack prop output power: 1,134 kW, Pcomp: 106.6 kW
Cell efficiency: 0.300, Output efficiency: 0.261
mdot_h2: 29.29 g/s
Reynolds_number: 11,726,788
Stack prop output power: 1,132 kW, Pcomp: 106.4 kW
Cell efficiency: 0.300, Output efficiency: 0.261
mdot_h2: 29.24 g/s
Reynolds_number: 11,726,788
Stack prop output power: 667 kW, Pcomp: 6.2 kW
Cell efficiency: 0.261, Output efficiency: 0.246
mdot_h2: 18.26 g/s
Reynolds_number: 11,726,788
Stack prop output power: 651 kW, Pcomp: 6.1 kW
Cell efficiency: 0.261, Output efficiency: 0.246
mdot_h2: 17.81 g/s
Reynolds_number: 6,709,346
Stack prop output power: 592 kW, Pcomp: 5.2 kW
Cell efficiency: 0.305, Output efficiency: 0.287
mdot_h2: 13.88 g/s
Reynolds_number: 6,709,346
Stack prop output power: 577 kW, Pcomp: 5.0 kW
Cell efficiency: 0.305, Output efficiency: 0.287
mdot_h2: 13.54 g/s
Reynolds_number: 11,726,788
Stack prop output power: 1,153 kW, Pcomp: 108.4 kW
Cell efficiency: 0.300, Output efficiency: 0.261
mdot_h2: 29.80 g/s
Reynolds_number: 11,726,788
Stack prop output power: 1,134 kW, Pcomp: 106.6 kW
Cell efficiency: 0.300, Output efficiency: 0.261
mdot_h2: 29.29 g/s
Reynolds_number: 11,726,788
Stack prop output power: 1,132 kW, Pcomp: 106.4 kW
Cell efficiency: 0.300, Output efficiency: 0.261
mdot_h2: 29.24 g/s
Fuel-cell system mass representative phase: cruise (P_fc_sys=2263.201 kW).

-----------------------
ptotal_climb: 1,731 kW, mtom_est: 9,414 kg, mtom: 9,405 kg, residual: +8.86 kg

MTOM update: newton, relax=1.000 -> mtom_next=9,431.14 kg

======================================================
======================= ITER 12 =======================
Reynolds_number: 11,726,788
Stack prop output power: 1,132 kW, Pcomp: 106.4 kW
Cell efficiency: 0.300, Output efficiency: 0.261
mdot_h2: 29.24 g/s
Reynolds_number: 11,726,788
Stack prop output power: 1,134 kW, Pcomp: 106.6 kW
Cell efficiency: 0.300, Output efficiency: 0.261
mdot_h2: 29.31 g/s
Reynolds_number: 11,726,788
Stack prop output power: 650 kW, Pcomp: 6.1 kW
Cell efficiency: 0.261, Output efficiency: 0.246
mdot_h2: 17.78 g/s
Reynolds_number: 11,726,788
Stack prop output power: 652 kW, Pcomp: 6.1 kW
Cell efficiency: 0.261, Output efficiency: 0.246
mdot_h2: 17.85 g/s
Reynolds_number: 6,709,346
Stack prop output power: 577 kW, Pcomp: 5.0 kW
Cell efficiency: 0.305, Output efficiency: 0.287
mdot_h2: 13.52 g/s
Reynolds_number: 6,709,346
Stack prop output power: 579 kW, Pcomp: 5.0 kW
Cell efficiency: 0.305, Output efficiency: 0.287
mdot_h2: 13.57 g/s
Reynolds_number: 11,726,788
Stack prop output power: 1,132 kW, Pcomp: 106.4 kW
Cell efficiency: 0.300, Output efficiency: 0.261
mdot_h2: 29.24 g/s
Reynolds_number: 11,726,788
Stack prop output power: 1,134 kW, Pcomp: 106.6 kW
Cell efficiency: 0.300, Output efficiency: 0.261
mdot_h2: 29.31 g/s
Fuel-cell system mass representative phase: cruise (P_fc_sys=2269.487 kW).

-----------------------
ptotal_climb: 1,736 kW, mtom_est: 9,431 kg, mtom: 9,431 kg, residual: +0.15 kg


CONVERGED

CONVERGED STATE [MTOM iteration 12]
  MTOM=9,431 kg | Wing loading=239.64 kg/m^2 | P/W(climb)=184.06 W/kg
  Phase power: climb=1,735.9 kW | cruise=2,269.5 kW | takeoff=1,540.5 kW | cruise+charger=2,269.5 kW
  Power split (climb): FC=1,292.8 kW | Battery=430.9 kW | Compressor=12.2 kW | Cooling=593.2 kW | H2=35.701 g/s
  Compressor max across phases: 213.3 kW (cruise)
  FC representative phase (mass sizing): cruise (2,269.5 kW)
  Mass summary: MTOM=9,431 kg | Powertrain=3,644 kg | Tank=826.7 kg | Fuel=367.4 kg | Battery=435.7 kg | Nacelle power density=0.70 kW/kg
  Geometry: Main wing area=39.36 m^2 | Horizontal tail area=5.946 m^2 | Horizontal tail location=14.132 m | Vertical tail area=6.092 m^2 | Vertical tail location=13.517 m
  Config: wing loading input=239.63 kg/m^2 | P/W TO/Cl/Cr=0.11889/0.13391/0.15852 kW/kg

=============================================================
========================= CONVERGED =========================
=============================================================
Constraint sizing: ENABLED (min_combined_pw)
Input W/S: 239.63 kg/m^2 (2,350.0 Pa)
Input P/W [kW/kg]: takeoff 0.11889, climb 0.13391, cruise 0.15852
-------------------------------------------------------------

Mission Time
Climb time: 13.67 min (0.23 h)
Cruise time: 93.87 min (1.56 h)
Total flight time: 129.54 min (2.16 h)

Phase Power Breakdown
Phase      Time[min]     Total[kW]    FC Stack[kW]   Battery[kW]   Compressor[kW]   Cooling[kW]
-----------------------------------------------------------------------------------------------
ready           0.00          86.8            86.8           0.0              0.0           0.0
taxi            5.00         173.6           173.6           0.0              0.0           0.0
takeoff         1.00       1,540.5         1,147.8         382.6             10.1         426.6
climb          13.67       1,735.9         1,292.8         430.9             12.2         593.2
cruise         93.87       2,269.5         2,056.2           0.0            213.3         926.3
loiter         15.00         226.9           205.6           0.0             21.3          92.6
landing         1.00           0.0             0.0           0.0              0.0           0.0

Pcomp_max (solved phases): 213.3 kW (cruise)
Pnet (climb): 1,568 kW
Pelectricnet (climb): 1,724 kW
eta_pt: 0.9031

Geometry
S_wing: 39.36 m^2
b_wing: 18.82 m
Lfus: 16.37 m
Ltank: 7.36 m
S_HT: 5.95 m^2
S_VT: 6.09 m^2
b_HT: 5.17 m
b_VT: 3.40 m
X_HT_act: 14.13 m
X_VT_act: 13.52 m

One Nacelle (1/2)
Stack(1/2): 669 kg, Compressor: 231 kg, Humidifier: 233 kg, HX: 498 kg
W_FCS_single_nacelle (W_Stack+W_Compressor+W_Humidifier+W_Hx): 1,632 kg
Representative FC phase: cruise
Specific Power of Nacelle System: 0.695 kW/kg
dim_hx: dX=1.578 m, dY=1.578 m, dZ=0.223 m
dim_stack: dX=0.365 m, dY=0.452 m, dZ=0.452 m

ALL Nacelles
W_FCS_total: 3,264 kg
W_PMAD: 151 kg
W_Motors: 229 kg

-----------------------
W_Powertrain (W_FCS_total+W_PMAD+W_Motors): 3,644 kg
-----------------------
W_wing: 720 kg
W_Htail: 51 kg
W_Vtail: 84 kg
W_fuselage: 608 kg
W_lnd_gear_main: 243 kg
W_lnd_gear_nose: 65 kg
W_flight_control: 366 kg
W_electric_system: 300 kg
W_iae: 129 kg
W_hydraulics: 113 kg
W_fur: 480 kg
-----------------------
OEM: 3,158 kg
-----------------------
W_tank: 827 kg
W_fuel: 367.4 kg
W_batt: 435.7 kg
-----------------------
W_payload: 1,000 kg
-----------------------
MTOM_grouped (OEM+W_tank+W_fuel+W_batt+W_Powertrain+W_payload): 9,431 kg
MTOM: 9,431 kg
-----------------------

Wing loading (MTOM/S_wing): 239.64 kg/m^2
Power-to-weight (converged): 184.06 W/kg

mdot_H2(cruise): 58.6 g/s
Vtankex: 15.7 m^3
========================== END ==============================


=============================================================
Execution time: 130.0 seconds
=============================================================
