ADRpy constraint sizing (min_combined_pw): W/S=2350.0 Pa (239.63 kg/m^2), P/W_TO=0.11889 kW/kg, P/W_climb=0.13453 kW/kg, P/W_cruise=0.26961 kW/kg
======================================================
======================= ITER 1 =======================
Reynolds_number: 14,365,316
Stack prop output power: 500 kW, Pcomp: 47.2 kW
Cell efficiency: 0.305, Output efficiency: 0.265
mdot_h2: 12.72 g/s
Reynolds_number: 14,365,316
Stack prop output power: 974 kW, Pcomp: 91.9 kW
Cell efficiency: 0.305, Output efficiency: 0.265
mdot_h2: 24.79 g/s
Reynolds_number: 14,365,316
Stack prop output power: 1,019 kW, Pcomp: 96.2 kW
Cell efficiency: 0.305, Output efficiency: 0.265
mdot_h2: 25.93 g/s
Reynolds_number: 14,365,316
Stack prop output power: 1,023 kW, Pcomp: 96.6 kW
Cell efficiency: 0.305, Output efficiency: 0.265
mdot_h2: 26.04 g/s
Reynolds_number: 14,365,316
Stack prop output power: 385 kW, Pcomp: 3.6 kW
Cell efficiency: 0.268, Output efficiency: 0.252
mdot_h2: 10.28 g/s
Reynolds_number: 14,365,316
Stack prop output power: 348 kW, Pcomp: 3.2 kW
Cell efficiency: 0.268, Output efficiency: 0.252
mdot_h2: 9.29 g/s
Reynolds_number: 6,709,346
Stack prop output power: 399 kW, Pcomp: 3.5 kW
Cell efficiency: 0.305, Output efficiency: 0.287
mdot_h2: 9.35 g/s
Reynolds_number: 6,709,346
Stack prop output power: 308 kW, Pcomp: 2.7 kW
Cell efficiency: 0.305, Output efficiency: 0.287
mdot_h2: 7.22 g/s
Reynolds_number: 6,709,346
Stack prop output power: 307 kW, Pcomp: 2.7 kW
Cell efficiency: 0.305, Output efficiency: 0.287
mdot_h2: 7.20 g/s
Reynolds_number: 14,365,316
Stack prop output power: 500 kW, Pcomp: 47.2 kW
Cell efficiency: 0.305, Output efficiency: 0.265
mdot_h2: 12.72 g/s
Reynolds_number: 14,365,316
Stack prop output power: 974 kW, Pcomp: 91.9 kW
Cell efficiency: 0.305, Output efficiency: 0.265
mdot_h2: 24.79 g/s
Reynolds_number: 14,365,316
Stack prop output power: 1,019 kW, Pcomp: 96.2 kW
Cell efficiency: 0.305, Output efficiency: 0.265
mdot_h2: 25.93 g/s
Reynolds_number: 14,365,316
Stack prop output power: 1,023 kW, Pcomp: 96.6 kW
Cell efficiency: 0.305, Output efficiency: 0.265
mdot_h2: 26.04 g/s
Fuel-cell system mass representative phase: cruise (P_fc_sys=2047.229 kW).

-----------------------
ptotal_climb: 925 kW, mtom_est: 7,449 kg, mtom: 5,000 kg, residual: +2,449.25 kg

MTOM update: initial_bracket_probe_1, relax=1.000 -> mtom_next=5,450.00 kg

======================================================
======================= ITER 2 =======================
Reynolds_number: 14,365,316
Stack prop output power: 1,024 kW, Pcomp: 96.6 kW
Cell efficiency: 0.305, Output efficiency: 0.265
mdot_h2: 26.05 g/s
Reynolds_number: 14,365,316
Stack prop output power: 1,107 kW, Pcomp: 104.5 kW
Cell efficiency: 0.305, Output efficiency: 0.265
mdot_h2: 28.17 g/s
Reynolds_number: 14,365,316
Stack prop output power: 1,115 kW, Pcomp: 105.2 kW
Cell efficiency: 0.305, Output efficiency: 0.265
mdot_h2: 28.37 g/s
Reynolds_number: 14,365,316
Stack prop output power: 1,116 kW, Pcomp: 105.3 kW
Cell efficiency: 0.305, Output efficiency: 0.265
mdot_h2: 28.39 g/s
Reynolds_number: 14,365,316
Stack prop output power: 337 kW, Pcomp: 3.1 kW
Cell efficiency: 0.268, Output efficiency: 0.252
mdot_h2: 9.00 g/s
Reynolds_number: 14,365,316
Stack prop output power: 378 kW, Pcomp: 3.5 kW
Cell efficiency: 0.268, Output efficiency: 0.252
mdot_h2: 10.10 g/s
Reynolds_number: 6,709,346
Stack prop output power: 298 kW, Pcomp: 2.6 kW
Cell efficiency: 0.305, Output efficiency: 0.287
mdot_h2: 6.98 g/s
Reynolds_number: 6,709,346
Stack prop output power: 334 kW, Pcomp: 2.9 kW
Cell efficiency: 0.305, Output efficiency: 0.287
mdot_h2: 7.84 g/s
Reynolds_number: 14,365,316
Stack prop output power: 1,024 kW, Pcomp: 96.6 kW
Cell efficiency: 0.305, Output efficiency: 0.265
mdot_h2: 26.05 g/s
Reynolds_number: 14,365,316
Stack prop output power: 1,107 kW, Pcomp: 104.5 kW
Cell efficiency: 0.305, Output efficiency: 0.265
mdot_h2: 28.17 g/s
Reynolds_number: 14,365,316
Stack prop output power: 1,115 kW, Pcomp: 105.2 kW
Cell efficiency: 0.305, Output efficiency: 0.265
mdot_h2: 28.37 g/s
Reynolds_number: 14,365,316
Stack prop output power: 1,116 kW, Pcomp: 105.3 kW
Cell efficiency: 0.305, Output efficiency: 0.265
mdot_h2: 28.39 g/s
Fuel-cell system mass representative phase: cruise (P_fc_sys=2231.555 kW).

-----------------------
ptotal_climb: 1,008 kW, mtom_est: 7,871 kg, mtom: 5,450 kg, residual: +2,420.84 kg

MTOM update: initial_bracket_probe_2, relax=1.000 -> mtom_next=5,900.00 kg

======================================================
======================= ITER 3 =======================
Reynolds_number: 14,365,316
Stack prop output power: 1,116 kW, Pcomp: 105.3 kW
Cell efficiency: 0.305, Output efficiency: 0.265
mdot_h2: 28.39 g/s
Reynolds_number: 14,365,316
Stack prop output power: 1,199 kW, Pcomp: 113.2 kW
Cell efficiency: 0.305, Output efficiency: 0.265
mdot_h2: 30.51 g/s
Reynolds_number: 14,365,316
Stack prop output power: 1,207 kW, Pcomp: 113.9 kW
Cell efficiency: 0.305, Output efficiency: 0.265
mdot_h2: 30.71 g/s
Reynolds_number: 14,365,316
Stack prop output power: 1,208 kW, Pcomp: 114.0 kW
Cell efficiency: 0.305, Output efficiency: 0.265
mdot_h2: 30.73 g/s
Reynolds_number: 14,365,316
Stack prop output power: 368 kW, Pcomp: 3.4 kW
Cell efficiency: 0.268, Output efficiency: 0.252
mdot_h2: 9.84 g/s
Reynolds_number: 14,365,316
Stack prop output power: 410 kW, Pcomp: 3.8 kW
Cell efficiency: 0.268, Output efficiency: 0.252
mdot_h2: 10.94 g/s
Reynolds_number: 6,709,346
Stack prop output power: 325 kW, Pcomp: 2.8 kW
Cell efficiency: 0.305, Output efficiency: 0.287
mdot_h2: 7.63 g/s
Reynolds_number: 6,709,346
Stack prop output power: 362 kW, Pcomp: 3.2 kW
Cell efficiency: 0.305, Output efficiency: 0.287
mdot_h2: 8.49 g/s
Reynolds_number: 14,365,316
Stack prop output power: 1,116 kW, Pcomp: 105.3 kW
Cell efficiency: 0.305, Output efficiency: 0.265
mdot_h2: 28.39 g/s
Reynolds_number: 14,365,316
Stack prop output power: 1,199 kW, Pcomp: 113.2 kW
Cell efficiency: 0.305, Output efficiency: 0.265
mdot_h2: 30.51 g/s
Reynolds_number: 14,365,316
Stack prop output power: 1,207 kW, Pcomp: 113.9 kW
Cell efficiency: 0.305, Output efficiency: 0.265
mdot_h2: 30.71 g/s
Reynolds_number: 14,365,316
Stack prop output power: 1,208 kW, Pcomp: 114.0 kW
Cell efficiency: 0.305, Output efficiency: 0.265
mdot_h2: 30.73 g/s
Fuel-cell system mass representative phase: cruise (P_fc_sys=2415.813 kW).

-----------------------
ptotal_climb: 1,091 kW, mtom_est: 8,309 kg, mtom: 5,900 kg, residual: +2,408.66 kg

MTOM update: initial_bracket_probe_3, relax=1.000 -> mtom_next=6,490.00 kg

======================================================
======================= ITER 4 =======================
Reynolds_number: 14,365,316
Stack prop output power: 1,208 kW, Pcomp: 114.0 kW
Cell efficiency: 0.305, Output efficiency: 0.265
mdot_h2: 30.74 g/s
Reynolds_number: 14,365,316
Stack prop output power: 1,317 kW, Pcomp: 124.3 kW
Cell efficiency: 0.305, Output efficiency: 0.265
mdot_h2: 33.52 g/s
Reynolds_number: 14,365,316
Stack prop output power: 1,328 kW, Pcomp: 125.3 kW
Cell efficiency: 0.305, Output efficiency: 0.265
mdot_h2: 33.78 g/s
Reynolds_number: 14,365,316
Stack prop output power: 1,329 kW, Pcomp: 125.4 kW
Cell efficiency: 0.305, Output efficiency: 0.265
mdot_h2: 33.81 g/s
Reynolds_number: 14,365,316
Stack prop output power: 397 kW, Pcomp: 3.7 kW
Cell efficiency: 0.268, Output efficiency: 0.252
mdot_h2: 10.59 g/s
Reynolds_number: 14,365,316
Stack prop output power: 451 kW, Pcomp: 4.2 kW
Cell efficiency: 0.268, Output efficiency: 0.252
mdot_h2: 12.03 g/s
Reynolds_number: 14,365,316
Stack prop output power: 451 kW, Pcomp: 4.2 kW
Cell efficiency: 0.268, Output efficiency: 0.252
mdot_h2: 12.04 g/s
Reynolds_number: 6,709,346
Stack prop output power: 350 kW, Pcomp: 3.0 kW
Cell efficiency: 0.305, Output efficiency: 0.287
mdot_h2: 8.21 g/s
Reynolds_number: 6,709,346
Stack prop output power: 398 kW, Pcomp: 3.5 kW
Cell efficiency: 0.305, Output efficiency: 0.287
mdot_h2: 9.33 g/s
Reynolds_number: 14,365,316
Stack prop output power: 1,208 kW, Pcomp: 114.0 kW
Cell efficiency: 0.305, Output efficiency: 0.265
mdot_h2: 30.74 g/s
Reynolds_number: 14,365,316
Stack prop output power: 1,317 kW, Pcomp: 124.3 kW
Cell efficiency: 0.305, Output efficiency: 0.265
mdot_h2: 33.52 g/s
Reynolds_number: 14,365,316
Stack prop output power: 1,328 kW, Pcomp: 125.3 kW
Cell efficiency: 0.305, Output efficiency: 0.265
mdot_h2: 33.78 g/s
Reynolds_number: 14,365,316
Stack prop output power: 1,329 kW, Pcomp: 125.4 kW
Cell efficiency: 0.305, Output efficiency: 0.265
mdot_h2: 33.81 g/s
Fuel-cell system mass representative phase: cruise (P_fc_sys=2657.391 kW).

-----------------------
ptotal_climb: 1,200 kW, mtom_est: 8,859 kg, mtom: 6,490 kg, residual: +2,369.39 kg

MTOM update: fixed_point_prebracket, relax=1.000 -> mtom_next=7,139.00 kg

======================================================
======================= ITER 5 =======================
Reynolds_number: 14,365,316
Stack prop output power: 1,329 kW, Pcomp: 125.4 kW
Cell efficiency: 0.305, Output efficiency: 0.265
mdot_h2: 33.81 g/s
Reynolds_number: 14,365,316
Stack prop output power: 1,449 kW, Pcomp: 136.7 kW
Cell efficiency: 0.305, Output efficiency: 0.265
mdot_h2: 36.87 g/s
Reynolds_number: 14,365,316
Stack prop output power: 1,460 kW, Pcomp: 137.8 kW
Cell efficiency: 0.305, Output efficiency: 0.265
mdot_h2: 37.16 g/s
Reynolds_number: 14,365,316
Stack prop output power: 1,461 kW, Pcomp: 137.9 kW
Cell efficiency: 0.305, Output efficiency: 0.265
mdot_h2: 37.19 g/s
Reynolds_number: 14,365,316
Stack prop output power: 436 kW, Pcomp: 4.0 kW
Cell efficiency: 0.268, Output efficiency: 0.252
mdot_h2: 11.64 g/s
Reynolds_number: 14,365,316
Stack prop output power: 496 kW, Pcomp: 4.6 kW
Cell efficiency: 0.268, Output efficiency: 0.252
mdot_h2: 13.23 g/s
Reynolds_number: 14,365,316
Stack prop output power: 496 kW, Pcomp: 4.6 kW
Cell efficiency: 0.268, Output efficiency: 0.252
mdot_h2: 13.25 g/s
Reynolds_number: 6,709,346
Stack prop output power: 385 kW, Pcomp: 3.4 kW
Cell efficiency: 0.305, Output efficiency: 0.287
mdot_h2: 9.03 g/s
Reynolds_number: 6,709,346
Stack prop output power: 438 kW, Pcomp: 3.8 kW
Cell efficiency: 0.305, Output efficiency: 0.287
mdot_h2: 10.27 g/s
Reynolds_number: 14,365,316
Stack prop output power: 1,329 kW, Pcomp: 125.4 kW
Cell efficiency: 0.305, Output efficiency: 0.265
mdot_h2: 33.81 g/s
Reynolds_number: 14,365,316
Stack prop output power: 1,449 kW, Pcomp: 136.7 kW
Cell efficiency: 0.305, Output efficiency: 0.265
mdot_h2: 36.87 g/s
Reynolds_number: 14,365,316
Stack prop output power: 1,460 kW, Pcomp: 137.8 kW
Cell efficiency: 0.305, Output efficiency: 0.265
mdot_h2: 37.16 g/s
Reynolds_number: 14,365,316
Stack prop output power: 1,461 kW, Pcomp: 137.9 kW
Cell efficiency: 0.305, Output efficiency: 0.265
mdot_h2: 37.19 g/s
Fuel-cell system mass representative phase: cruise (P_fc_sys=2923.130 kW).

-----------------------
ptotal_climb: 1,320 kW, mtom_est: 9,478 kg, mtom: 7,139 kg, residual: +2,338.85 kg

MTOM update: fixed_point_prebracket, relax=1.000 -> mtom_next=7,852.90 kg

======================================================
======================= ITER 6 =======================
Reynolds_number: 14,365,316
Stack prop output power: 1,462 kW, Pcomp: 137.9 kW
Cell efficiency: 0.305, Output efficiency: 0.265
mdot_h2: 37.19 g/s
Reynolds_number: 14,365,316
Stack prop output power: 1,594 kW, Pcomp: 150.4 kW
Cell efficiency: 0.305, Output efficiency: 0.265
mdot_h2: 40.56 g/s
Reynolds_number: 14,365,316
Stack prop output power: 1,606 kW, Pcomp: 151.6 kW
Cell efficiency: 0.305, Output efficiency: 0.265
mdot_h2: 40.88 g/s
Reynolds_number: 14,365,316
Stack prop output power: 1,608 kW, Pcomp: 151.7 kW
Cell efficiency: 0.305, Output efficiency: 0.265
mdot_h2: 40.91 g/s
Reynolds_number: 14,365,316
Stack prop output power: 480 kW, Pcomp: 4.5 kW
Cell efficiency: 0.268, Output efficiency: 0.252
mdot_h2: 12.81 g/s
Reynolds_number: 14,365,316
Stack prop output power: 545 kW, Pcomp: 5.1 kW
Cell efficiency: 0.268, Output efficiency: 0.252
mdot_h2: 14.55 g/s
Reynolds_number: 14,365,316
Stack prop output power: 546 kW, Pcomp: 5.1 kW
Cell efficiency: 0.268, Output efficiency: 0.252
mdot_h2: 14.57 g/s
Reynolds_number: 6,709,346
Stack prop output power: 424 kW, Pcomp: 3.7 kW
Cell efficiency: 0.305, Output efficiency: 0.287
mdot_h2: 9.94 g/s
Reynolds_number: 6,709,346
Stack prop output power: 482 kW, Pcomp: 4.2 kW
Cell efficiency: 0.305, Output efficiency: 0.287
mdot_h2: 11.29 g/s
Reynolds_number: 6,709,346
Stack prop output power: 482 kW, Pcomp: 4.2 kW
Cell efficiency: 0.305, Output efficiency: 0.287
mdot_h2: 11.30 g/s
Reynolds_number: 14,365,316
Stack prop output power: 1,462 kW, Pcomp: 137.9 kW
Cell efficiency: 0.305, Output efficiency: 0.265
mdot_h2: 37.19 g/s
Reynolds_number: 14,365,316
Stack prop output power: 1,594 kW, Pcomp: 150.4 kW
Cell efficiency: 0.305, Output efficiency: 0.265
mdot_h2: 40.56 g/s
Reynolds_number: 14,365,316
Stack prop output power: 1,606 kW, Pcomp: 151.6 kW
Cell efficiency: 0.305, Output efficiency: 0.265
mdot_h2: 40.88 g/s
Reynolds_number: 14,365,316
Stack prop output power: 1,608 kW, Pcomp: 151.7 kW
Cell efficiency: 0.305, Output efficiency: 0.265
mdot_h2: 40.91 g/s
Fuel-cell system mass representative phase: cruise (P_fc_sys=3215.443 kW).

-----------------------
ptotal_climb: 1,452 kW, mtom_est: 10,161 kg, mtom: 7,853 kg, residual: +2,307.93 kg

MTOM update: fixed_point_prebracket, relax=1.000 -> mtom_next=8,638.19 kg

======================================================
======================= ITER 7 =======================
Reynolds_number: 14,365,316
Stack prop output power: 1,608 kW, Pcomp: 151.7 kW
Cell efficiency: 0.305, Output efficiency: 0.265
mdot_h2: 40.91 g/s
Reynolds_number: 14,365,316
Stack prop output power: 1,753 kW, Pcomp: 165.4 kW
Cell efficiency: 0.305, Output efficiency: 0.265
mdot_h2: 44.61 g/s
Reynolds_number: 14,365,316
Stack prop output power: 1,767 kW, Pcomp: 166.7 kW
Cell efficiency: 0.305, Output efficiency: 0.265
mdot_h2: 44.96 g/s
Reynolds_number: 14,365,316
Stack prop output power: 1,768 kW, Pcomp: 166.9 kW
Cell efficiency: 0.305, Output efficiency: 0.265
mdot_h2: 45.00 g/s
Reynolds_number: 14,365,316
Stack prop output power: 528 kW, Pcomp: 4.9 kW
Cell efficiency: 0.268, Output efficiency: 0.252
mdot_h2: 14.09 g/s
Reynolds_number: 14,365,316
Stack prop output power: 600 kW, Pcomp: 5.6 kW
Cell efficiency: 0.268, Output efficiency: 0.252
mdot_h2: 16.01 g/s
Reynolds_number: 14,365,316
Stack prop output power: 600 kW, Pcomp: 5.6 kW
Cell efficiency: 0.268, Output efficiency: 0.252
mdot_h2: 16.03 g/s
Reynolds_number: 6,709,346
Stack prop output power: 466 kW, Pcomp: 4.1 kW
Cell efficiency: 0.305, Output efficiency: 0.287
mdot_h2: 10.93 g/s
Reynolds_number: 6,709,346
Stack prop output power: 530 kW, Pcomp: 4.6 kW
Cell efficiency: 0.305, Output efficiency: 0.287
mdot_h2: 12.42 g/s
Reynolds_number: 6,709,346
Stack prop output power: 530 kW, Pcomp: 4.6 kW
Cell efficiency: 0.305, Output efficiency: 0.287
mdot_h2: 12.43 g/s
Reynolds_number: 14,365,316
Stack prop output power: 1,608 kW, Pcomp: 151.7 kW
Cell efficiency: 0.305, Output efficiency: 0.265
mdot_h2: 40.91 g/s
Reynolds_number: 14,365,316
Stack prop output power: 1,753 kW, Pcomp: 165.4 kW
Cell efficiency: 0.305, Output efficiency: 0.265
mdot_h2: 44.61 g/s
Reynolds_number: 14,365,316
Stack prop output power: 1,767 kW, Pcomp: 166.7 kW
Cell efficiency: 0.305, Output efficiency: 0.265
mdot_h2: 44.96 g/s
Reynolds_number: 14,365,316
Stack prop output power: 1,768 kW, Pcomp: 166.9 kW
Cell efficiency: 0.305, Output efficiency: 0.265
mdot_h2: 45.00 g/s
Fuel-cell system mass representative phase: cruise (P_fc_sys=3536.988 kW).

-----------------------
ptotal_climb: 1,597 kW, mtom_est: 10,913 kg, mtom: 8,638 kg, residual: +2,274.80 kg

MTOM update: fixed_point_prebracket, relax=1.000 -> mtom_next=9,502.01 kg

======================================================
======================= ITER 8 =======================
Reynolds_number: 14,365,316
Stack prop output power: 1,768 kW, Pcomp: 166.9 kW
Cell efficiency: 0.305, Output efficiency: 0.265
mdot_h2: 45.00 g/s
Reynolds_number: 14,365,316
Stack prop output power: 1,929 kW, Pcomp: 182.0 kW
Cell efficiency: 0.305, Output efficiency: 0.265
mdot_h2: 49.08 g/s
Reynolds_number: 14,365,316
Stack prop output power: 1,944 kW, Pcomp: 183.4 kW
Cell efficiency: 0.305, Output efficiency: 0.265
mdot_h2: 49.46 g/s
Reynolds_number: 14,365,316
Stack prop output power: 1,945 kW, Pcomp: 183.6 kW
Cell efficiency: 0.305, Output efficiency: 0.265
mdot_h2: 49.50 g/s
Reynolds_number: 14,365,316
Stack prop output power: 581 kW, Pcomp: 5.4 kW
Cell efficiency: 0.268, Output efficiency: 0.252
mdot_h2: 15.50 g/s
Reynolds_number: 14,365,316
Stack prop output power: 660 kW, Pcomp: 6.1 kW
Cell efficiency: 0.268, Output efficiency: 0.252
mdot_h2: 17.61 g/s
Reynolds_number: 14,365,316
Stack prop output power: 660 kW, Pcomp: 6.1 kW
Cell efficiency: 0.268, Output efficiency: 0.252
mdot_h2: 17.63 g/s
Reynolds_number: 6,709,346
Stack prop output power: 513 kW, Pcomp: 4.5 kW
Cell efficiency: 0.305, Output efficiency: 0.287
mdot_h2: 12.02 g/s
Reynolds_number: 6,709,346
Stack prop output power: 583 kW, Pcomp: 5.1 kW
Cell efficiency: 0.305, Output efficiency: 0.287
mdot_h2: 13.66 g/s
Reynolds_number: 6,709,346
Stack prop output power: 583 kW, Pcomp: 5.1 kW
Cell efficiency: 0.305, Output efficiency: 0.287
mdot_h2: 13.68 g/s
Reynolds_number: 14,365,316
Stack prop output power: 1,768 kW, Pcomp: 166.9 kW
Cell efficiency: 0.305, Output efficiency: 0.265
mdot_h2: 45.00 g/s
Reynolds_number: 14,365,316
Stack prop output power: 1,929 kW, Pcomp: 182.0 kW
Cell efficiency: 0.305, Output efficiency: 0.265
mdot_h2: 49.08 g/s
Reynolds_number: 14,365,316
Stack prop output power: 1,944 kW, Pcomp: 183.4 kW
Cell efficiency: 0.305, Output efficiency: 0.265
mdot_h2: 49.46 g/s
Reynolds_number: 14,365,316
Stack prop output power: 1,945 kW, Pcomp: 183.6 kW
Cell efficiency: 0.305, Output efficiency: 0.265
mdot_h2: 49.50 g/s
Fuel-cell system mass representative phase: cruise (P_fc_sys=3890.687 kW).

-----------------------
ptotal_climb: 1,757 kW, mtom_est: 11,752 kg, mtom: 9,502 kg, residual: +2,249.74 kg

MTOM update: fixed_point_prebracket, relax=1.000 -> mtom_next=10,452.21 kg

======================================================
======================= ITER 9 =======================
Reynolds_number: 14,365,316
Stack prop output power: 1,945 kW, Pcomp: 183.6 kW
Cell efficiency: 0.305, Output efficiency: 0.265
mdot_h2: 49.50 g/s
Reynolds_number: 14,365,316
Stack prop output power: 2,122 kW, Pcomp: 200.2 kW
Cell efficiency: 0.305, Output efficiency: 0.265
mdot_h2: 53.98 g/s
Reynolds_number: 14,365,316
Stack prop output power: 2,138 kW, Pcomp: 201.8 kW
Cell efficiency: 0.305, Output efficiency: 0.265
mdot_h2: 54.41 g/s
Reynolds_number: 14,365,316
Stack prop output power: 2,140 kW, Pcomp: 201.9 kW
Cell efficiency: 0.305, Output efficiency: 0.265
mdot_h2: 54.45 g/s
Reynolds_number: 14,365,316
Stack prop output power: 639 kW, Pcomp: 5.9 kW
Cell efficiency: 0.268, Output efficiency: 0.252
mdot_h2: 17.05 g/s
Reynolds_number: 14,365,316
Stack prop output power: 726 kW, Pcomp: 6.7 kW
Cell efficiency: 0.268, Output efficiency: 0.252
mdot_h2: 19.37 g/s
Reynolds_number: 14,365,316
Stack prop output power: 726 kW, Pcomp: 6.7 kW
Cell efficiency: 0.268, Output efficiency: 0.252
mdot_h2: 19.39 g/s
Reynolds_number: 6,709,346
Stack prop output power: 564 kW, Pcomp: 4.9 kW
Cell efficiency: 0.305, Output efficiency: 0.287
mdot_h2: 13.23 g/s
Reynolds_number: 6,709,346
Stack prop output power: 641 kW, Pcomp: 5.6 kW
Cell efficiency: 0.305, Output efficiency: 0.287
mdot_h2: 15.03 g/s
Reynolds_number: 6,709,346
Stack prop output power: 642 kW, Pcomp: 5.6 kW
Cell efficiency: 0.305, Output efficiency: 0.287
mdot_h2: 15.04 g/s
Reynolds_number: 14,365,316
Stack prop output power: 1,945 kW, Pcomp: 183.6 kW
Cell efficiency: 0.305, Output efficiency: 0.265
mdot_h2: 49.50 g/s
Reynolds_number: 14,365,316
Stack prop output power: 2,122 kW, Pcomp: 200.2 kW
Cell efficiency: 0.305, Output efficiency: 0.265
mdot_h2: 53.98 g/s
Reynolds_number: 14,365,316
Stack prop output power: 2,138 kW, Pcomp: 201.8 kW
Cell efficiency: 0.305, Output efficiency: 0.265
mdot_h2: 54.41 g/s
Reynolds_number: 14,365,316
Stack prop output power: 2,140 kW, Pcomp: 201.9 kW
Cell efficiency: 0.305, Output efficiency: 0.265
mdot_h2: 54.45 g/s
Fuel-cell system mass representative phase: cruise (P_fc_sys=4279.755 kW).

-----------------------
ptotal_climb: 1,933 kW, mtom_est: 12,656 kg, mtom: 10,452 kg, residual: +2,203.30 kg

MTOM update: fixed_point_prebracket, relax=1.000 -> mtom_next=11,497.43 kg

======================================================
======================= ITER 10 =======================
Reynolds_number: 14,365,316
Stack prop output power: 2,140 kW, Pcomp: 201.9 kW
Cell efficiency: 0.305, Output efficiency: 0.265
mdot_h2: 54.45 g/s
Reynolds_number: 14,365,316
Stack prop output power: 2,334 kW, Pcomp: 220.2 kW
Cell efficiency: 0.305, Output efficiency: 0.265
mdot_h2: 59.38 g/s
Reynolds_number: 14,365,316
Stack prop output power: 2,352 kW, Pcomp: 221.9 kW
Cell efficiency: 0.305, Output efficiency: 0.265
mdot_h2: 59.85 g/s
Reynolds_number: 14,365,316
Stack prop output power: 2,354 kW, Pcomp: 222.1 kW
Cell efficiency: 0.305, Output efficiency: 0.265
mdot_h2: 59.89 g/s
Reynolds_number: 14,365,316
Stack prop output power: 702 kW, Pcomp: 6.5 kW
Cell efficiency: 0.268, Output efficiency: 0.252
mdot_h2: 18.75 g/s
Reynolds_number: 14,365,316
Stack prop output power: 798 kW, Pcomp: 7.4 kW
Cell efficiency: 0.268, Output efficiency: 0.252
mdot_h2: 21.31 g/s
Reynolds_number: 14,365,316
Stack prop output power: 799 kW, Pcomp: 7.4 kW
Cell efficiency: 0.268, Output efficiency: 0.252
mdot_h2: 21.33 g/s
Reynolds_number: 6,709,346
Stack prop output power: 620 kW, Pcomp: 5.4 kW
Cell efficiency: 0.305, Output efficiency: 0.287
mdot_h2: 14.55 g/s
Reynolds_number: 6,709,346
Stack prop output power: 705 kW, Pcomp: 6.1 kW
Cell efficiency: 0.305, Output efficiency: 0.287
mdot_h2: 16.53 g/s
Reynolds_number: 6,709,346
Stack prop output power: 706 kW, Pcomp: 6.1 kW
Cell efficiency: 0.305, Output efficiency: 0.287
mdot_h2: 16.55 g/s
Reynolds_number: 14,365,316
Stack prop output power: 2,140 kW, Pcomp: 201.9 kW
Cell efficiency: 0.305, Output efficiency: 0.265
mdot_h2: 54.45 g/s
Reynolds_number: 14,365,316
Stack prop output power: 2,334 kW, Pcomp: 220.2 kW
Cell efficiency: 0.305, Output efficiency: 0.265
mdot_h2: 59.38 g/s
Reynolds_number: 14,365,316
Stack prop output power: 2,352 kW, Pcomp: 221.9 kW
Cell efficiency: 0.305, Output efficiency: 0.265
mdot_h2: 59.85 g/s
Reynolds_number: 14,365,316
Stack prop output power: 2,354 kW, Pcomp: 222.1 kW
Cell efficiency: 0.305, Output efficiency: 0.265
mdot_h2: 59.89 g/s
Fuel-cell system mass representative phase: cruise (P_fc_sys=4707.731 kW).

-----------------------
ptotal_climb: 2,126 kW, mtom_est: 13,665 kg, mtom: 11,497 kg, residual: +2,167.10 kg

MTOM update: fixed_point_prebracket, relax=1.000 -> mtom_next=12,580.98 kg

======================================================
======================= ITER 11 =======================
Reynolds_number: 14,365,316
Stack prop output power: 2,354 kW, Pcomp: 222.1 kW
Cell efficiency: 0.305, Output efficiency: 0.265
mdot_h2: 59.89 g/s
Reynolds_number: 14,365,316
Stack prop output power: 2,555 kW, Pcomp: 241.1 kW
Cell efficiency: 0.305, Output efficiency: 0.265
mdot_h2: 65.01 g/s
Reynolds_number: 14,365,316
Stack prop output power: 2,574 kW, Pcomp: 242.9 kW
Cell efficiency: 0.305, Output efficiency: 0.265
mdot_h2: 65.49 g/s
Reynolds_number: 14,365,316
Stack prop output power: 2,576 kW, Pcomp: 243.0 kW
Cell efficiency: 0.305, Output efficiency: 0.265
mdot_h2: 65.53 g/s
Reynolds_number: 14,365,316
Stack prop output power: 774 kW, Pcomp: 7.2 kW
Cell efficiency: 0.268, Output efficiency: 0.252
mdot_h2: 20.67 g/s
Reynolds_number: 14,365,316
Stack prop output power: 873 kW, Pcomp: 8.1 kW
Cell efficiency: 0.268, Output efficiency: 0.252
mdot_h2: 23.32 g/s
Reynolds_number: 14,365,316
Stack prop output power: 874 kW, Pcomp: 8.1 kW
Cell efficiency: 0.268, Output efficiency: 0.252
mdot_h2: 23.34 g/s
Reynolds_number: 6,709,346
Stack prop output power: 684 kW, Pcomp: 6.0 kW
Cell efficiency: 0.305, Output efficiency: 0.287
mdot_h2: 16.03 g/s
Reynolds_number: 6,709,346
Stack prop output power: 772 kW, Pcomp: 6.7 kW
Cell efficiency: 0.305, Output efficiency: 0.287
mdot_h2: 18.09 g/s
Reynolds_number: 6,709,346
Stack prop output power: 772 kW, Pcomp: 6.7 kW
Cell efficiency: 0.305, Output efficiency: 0.287
mdot_h2: 18.11 g/s
Reynolds_number: 14,365,316
Stack prop output power: 2,354 kW, Pcomp: 222.1 kW
Cell efficiency: 0.305, Output efficiency: 0.265
mdot_h2: 59.89 g/s
Reynolds_number: 14,365,316
Stack prop output power: 2,555 kW, Pcomp: 241.1 kW
Cell efficiency: 0.305, Output efficiency: 0.265
mdot_h2: 65.01 g/s
Reynolds_number: 14,365,316
Stack prop output power: 2,574 kW, Pcomp: 242.9 kW
Cell efficiency: 0.305, Output efficiency: 0.265
mdot_h2: 65.49 g/s
Reynolds_number: 14,365,316
Stack prop output power: 2,576 kW, Pcomp: 243.0 kW
Cell efficiency: 0.305, Output efficiency: 0.265
mdot_h2: 65.53 g/s
Fuel-cell system mass representative phase: cruise (P_fc_sys=5151.402 kW).

-----------------------
ptotal_climb: 2,326 kW, mtom_est: 14,712 kg, mtom: 12,581 kg, residual: +2,130.92 kg

MTOM update: fixed_point_prebracket, relax=1.000 -> mtom_next=13,646.44 kg

======================================================
======================= ITER 12 =======================
Reynolds_number: 14,365,316
Stack prop output power: 2,576 kW, Pcomp: 243.0 kW
Cell efficiency: 0.305, Output efficiency: 0.265
mdot_h2: 65.54 g/s
Reynolds_number: 14,365,316
Stack prop output power: 2,773 kW, Pcomp: 261.7 kW
Cell efficiency: 0.305, Output efficiency: 0.265
mdot_h2: 70.57 g/s
Reynolds_number: 14,365,316
Stack prop output power: 2,792 kW, Pcomp: 263.4 kW
Cell efficiency: 0.305, Output efficiency: 0.265
mdot_h2: 71.04 g/s
Reynolds_number: 14,365,316
Stack prop output power: 2,794 kW, Pcomp: 263.6 kW
Cell efficiency: 0.305, Output efficiency: 0.265
mdot_h2: 71.09 g/s
Reynolds_number: 14,365,316
Stack prop output power: 850 kW, Pcomp: 7.9 kW
Cell efficiency: 0.268, Output efficiency: 0.252
mdot_h2: 22.69 g/s
Reynolds_number: 14,365,316
Stack prop output power: 948 kW, Pcomp: 8.8 kW
Cell efficiency: 0.268, Output efficiency: 0.252
mdot_h2: 25.29 g/s
Reynolds_number: 14,365,316
Stack prop output power: 948 kW, Pcomp: 8.8 kW
Cell efficiency: 0.268, Output efficiency: 0.252
mdot_h2: 25.32 g/s
Reynolds_number: 6,709,346
Stack prop output power: 751 kW, Pcomp: 6.5 kW
Cell efficiency: 0.305, Output efficiency: 0.287
mdot_h2: 17.60 g/s
Reynolds_number: 6,709,346
Stack prop output power: 837 kW, Pcomp: 7.3 kW
Cell efficiency: 0.305, Output efficiency: 0.287
mdot_h2: 19.63 g/s
Reynolds_number: 6,709,346
Stack prop output power: 838 kW, Pcomp: 7.3 kW
Cell efficiency: 0.305, Output efficiency: 0.287
mdot_h2: 19.64 g/s
Reynolds_number: 14,365,316
Stack prop output power: 2,576 kW, Pcomp: 243.0 kW
Cell efficiency: 0.305, Output efficiency: 0.265
mdot_h2: 65.54 g/s
Reynolds_number: 14,365,316
Stack prop output power: 2,773 kW, Pcomp: 261.7 kW
Cell efficiency: 0.305, Output efficiency: 0.265
mdot_h2: 70.57 g/s
Reynolds_number: 14,365,316
Stack prop output power: 2,792 kW, Pcomp: 263.4 kW
Cell efficiency: 0.305, Output efficiency: 0.265
mdot_h2: 71.04 g/s
Reynolds_number: 14,365,316
Stack prop output power: 2,794 kW, Pcomp: 263.6 kW
Cell efficiency: 0.305, Output efficiency: 0.265
mdot_h2: 71.09 g/s
Fuel-cell system mass representative phase: cruise (P_fc_sys=5587.669 kW).

-----------------------
ptotal_climb: 2,523 kW, mtom_est: 15,747 kg, mtom: 13,646 kg, residual: +2,100.65 kg

MTOM update: fixed_point_prebracket, relax=1.000 -> mtom_next=14,696.77 kg

======================================================
======================= ITER 13 =======================
Reynolds_number: 14,365,316
Stack prop output power: 2,794 kW, Pcomp: 263.6 kW
Cell efficiency: 0.305, Output efficiency: 0.265
mdot_h2: 71.09 g/s
Reynolds_number: 14,365,316
Stack prop output power: 2,989 kW, Pcomp: 282.0 kW
Cell efficiency: 0.305, Output efficiency: 0.265
mdot_h2: 76.05 g/s
Reynolds_number: 14,365,316
Stack prop output power: 3,007 kW, Pcomp: 283.7 kW
Cell efficiency: 0.305, Output efficiency: 0.265
mdot_h2: 76.51 g/s
Reynolds_number: 14,365,316
Stack prop output power: 3,009 kW, Pcomp: 283.9 kW
Cell efficiency: 0.305, Output efficiency: 0.265
mdot_h2: 76.56 g/s
Reynolds_number: 14,365,316
Stack prop output power: 924 kW, Pcomp: 8.6 kW
Cell efficiency: 0.268, Output efficiency: 0.252
mdot_h2: 24.68 g/s
Reynolds_number: 14,365,316
Stack prop output power: 1,021 kW, Pcomp: 9.5 kW
Cell efficiency: 0.268, Output efficiency: 0.252
mdot_h2: 27.24 g/s
Reynolds_number: 14,365,316
Stack prop output power: 1,021 kW, Pcomp: 9.5 kW
Cell efficiency: 0.268, Output efficiency: 0.252
mdot_h2: 27.27 g/s
Reynolds_number: 6,709,346
Stack prop output power: 816 kW, Pcomp: 7.1 kW
Cell efficiency: 0.305, Output efficiency: 0.287
mdot_h2: 19.14 g/s
Reynolds_number: 6,709,346
Stack prop output power: 901 kW, Pcomp: 7.9 kW
Cell efficiency: 0.305, Output efficiency: 0.287
mdot_h2: 21.14 g/s
Reynolds_number: 6,709,346
Stack prop output power: 902 kW, Pcomp: 7.9 kW
Cell efficiency: 0.305, Output efficiency: 0.287
mdot_h2: 21.15 g/s
Reynolds_number: 14,365,316
Stack prop output power: 2,794 kW, Pcomp: 263.6 kW
Cell efficiency: 0.305, Output efficiency: 0.265
mdot_h2: 71.09 g/s
Reynolds_number: 14,365,316
Stack prop output power: 2,989 kW, Pcomp: 282.0 kW
Cell efficiency: 0.305, Output efficiency: 0.265
mdot_h2: 76.05 g/s
Reynolds_number: 14,365,316
Stack prop output power: 3,007 kW, Pcomp: 283.7 kW
Cell efficiency: 0.305, Output efficiency: 0.265
mdot_h2: 76.51 g/s
Reynolds_number: 14,365,316
Stack prop output power: 3,009 kW, Pcomp: 283.9 kW
Cell efficiency: 0.305, Output efficiency: 0.265
mdot_h2: 76.56 g/s
Fuel-cell system mass representative phase: cruise (P_fc_sys=6017.739 kW).

-----------------------
ptotal_climb: 2,717 kW, mtom_est: 16,767 kg, mtom: 14,697 kg, residual: +2,070.22 kg

MTOM update: newton_prebracket, relax=1.000 -> mtom_next=16,166.45 kg

======================================================
======================= ITER 14 =======================
Reynolds_number: 14,365,316
Stack prop output power: 3,009 kW, Pcomp: 283.9 kW
Cell efficiency: 0.305, Output efficiency: 0.265
mdot_h2: 76.56 g/s
Reynolds_number: 14,365,316
Stack prop output power: 3,281 kW, Pcomp: 309.6 kW
Cell efficiency: 0.305, Output efficiency: 0.265
mdot_h2: 83.50 g/s
Reynolds_number: 14,365,316
Stack prop output power: 3,307 kW, Pcomp: 312.1 kW
Cell efficiency: 0.305, Output efficiency: 0.265
mdot_h2: 84.15 g/s
Reynolds_number: 14,365,316
Stack prop output power: 3,310 kW, Pcomp: 312.3 kW
Cell efficiency: 0.305, Output efficiency: 0.265
mdot_h2: 84.21 g/s
Reynolds_number: 14,365,316
Stack prop output power: 988 kW, Pcomp: 9.2 kW
Cell efficiency: 0.268, Output efficiency: 0.252
mdot_h2: 26.37 g/s
Reynolds_number: 14,365,316
Stack prop output power: 1,122 kW, Pcomp: 10.4 kW
Cell efficiency: 0.268, Output efficiency: 0.252
mdot_h2: 29.96 g/s
Reynolds_number: 14,365,316
Stack prop output power: 1,124 kW, Pcomp: 10.4 kW
Cell efficiency: 0.268, Output efficiency: 0.252
mdot_h2: 29.99 g/s
Reynolds_number: 6,709,346
Stack prop output power: 872 kW, Pcomp: 7.6 kW
Cell efficiency: 0.305, Output efficiency: 0.287
mdot_h2: 20.46 g/s
Reynolds_number: 6,709,346
Stack prop output power: 991 kW, Pcomp: 8.6 kW
Cell efficiency: 0.305, Output efficiency: 0.287
mdot_h2: 23.25 g/s
Reynolds_number: 6,709,346
Stack prop output power: 992 kW, Pcomp: 8.6 kW
Cell efficiency: 0.305, Output efficiency: 0.287
mdot_h2: 23.27 g/s
Reynolds_number: 14,365,316
Stack prop output power: 3,009 kW, Pcomp: 283.9 kW
Cell efficiency: 0.305, Output efficiency: 0.265
mdot_h2: 76.56 g/s
Reynolds_number: 14,365,316
Stack prop output power: 3,281 kW, Pcomp: 309.6 kW
Cell efficiency: 0.305, Output efficiency: 0.265
mdot_h2: 83.50 g/s
Reynolds_number: 14,365,316
Stack prop output power: 3,307 kW, Pcomp: 312.1 kW
Cell efficiency: 0.305, Output efficiency: 0.265
mdot_h2: 84.15 g/s
Reynolds_number: 14,365,316
Stack prop output power: 3,310 kW, Pcomp: 312.3 kW
Cell efficiency: 0.305, Output efficiency: 0.265
mdot_h2: 84.21 g/s
Fuel-cell system mass representative phase: cruise (P_fc_sys=6619.503 kW).

-----------------------
ptotal_climb: 2,989 kW, mtom_est: 18,200 kg, mtom: 16,166 kg, residual: +2,034.03 kg

MTOM update: newton_prebracket, relax=1.000 -> mtom_next=17,783.09 kg

======================================================
======================= ITER 15 =======================
Reynolds_number: 14,365,316
Stack prop output power: 3,310 kW, Pcomp: 312.3 kW
Cell efficiency: 0.305, Output efficiency: 0.265
mdot_h2: 84.22 g/s
Reynolds_number: 14,365,316
Stack prop output power: 3,610 kW, Pcomp: 340.6 kW
Cell efficiency: 0.305, Output efficiency: 0.265
mdot_h2: 91.84 g/s
Reynolds_number: 14,365,316
Stack prop output power: 3,638 kW, Pcomp: 343.3 kW
Cell efficiency: 0.305, Output efficiency: 0.265
mdot_h2: 92.56 g/s
Reynolds_number: 14,365,316
Stack prop output power: 3,640 kW, Pcomp: 343.5 kW
Cell efficiency: 0.305, Output efficiency: 0.265
mdot_h2: 92.63 g/s
Reynolds_number: 14,365,316
Stack prop output power: 1,086 kW, Pcomp: 10.1 kW
Cell efficiency: 0.268, Output efficiency: 0.252
mdot_h2: 29.00 g/s
Reynolds_number: 14,365,316
Stack prop output power: 1,235 kW, Pcomp: 11.5 kW
Cell efficiency: 0.268, Output efficiency: 0.252
mdot_h2: 32.96 g/s
Reynolds_number: 14,365,316
Stack prop output power: 1,236 kW, Pcomp: 11.5 kW
Cell efficiency: 0.268, Output efficiency: 0.252
mdot_h2: 32.99 g/s
Reynolds_number: 6,709,346
Stack prop output power: 960 kW, Pcomp: 8.4 kW
Cell efficiency: 0.305, Output efficiency: 0.287
mdot_h2: 22.50 g/s
Reynolds_number: 6,709,346
Stack prop output power: 1,090 kW, Pcomp: 9.5 kW
Cell efficiency: 0.305, Output efficiency: 0.287
mdot_h2: 25.57 g/s
Reynolds_number: 6,709,346
Stack prop output power: 1,092 kW, Pcomp: 9.5 kW
Cell efficiency: 0.305, Output efficiency: 0.287
mdot_h2: 25.60 g/s
Reynolds_number: 14,365,316
Stack prop output power: 3,310 kW, Pcomp: 312.3 kW
Cell efficiency: 0.305, Output efficiency: 0.265
mdot_h2: 84.22 g/s
Reynolds_number: 14,365,316
Stack prop output power: 3,610 kW, Pcomp: 340.6 kW
Cell efficiency: 0.305, Output efficiency: 0.265
mdot_h2: 91.84 g/s
Reynolds_number: 14,365,316
Stack prop output power: 3,638 kW, Pcomp: 343.3 kW
Cell efficiency: 0.305, Output efficiency: 0.265
mdot_h2: 92.56 g/s
Reynolds_number: 14,365,316
Stack prop output power: 3,640 kW, Pcomp: 343.5 kW
Cell efficiency: 0.305, Output efficiency: 0.265
mdot_h2: 92.63 g/s
Fuel-cell system mass representative phase: cruise (P_fc_sys=7281.453 kW).

-----------------------
ptotal_climb: 3,288 kW, mtom_est: 19,782 kg, mtom: 17,783 kg, residual: +1,998.88 kg

MTOM update: newton_prebracket, relax=1.000 -> mtom_next=19,561.40 kg

======================================================
======================= ITER 16 =======================
Reynolds_number: 14,365,316
Stack prop output power: 3,641 kW, Pcomp: 343.5 kW
Cell efficiency: 0.305, Output efficiency: 0.265
mdot_h2: 92.64 g/s
Reynolds_number: 14,365,316
Stack prop output power: 3,970 kW, Pcomp: 374.7 kW
Cell efficiency: 0.305, Output efficiency: 0.265
mdot_h2: 101.03 g/s
Reynolds_number: 14,365,316
Stack prop output power: 4,002 kW, Pcomp: 377.6 kW
Cell efficiency: 0.305, Output efficiency: 0.265
mdot_h2: 101.82 g/s
Reynolds_number: 14,365,316
Stack prop output power: 4,005 kW, Pcomp: 377.9 kW
Cell efficiency: 0.305, Output efficiency: 0.265
mdot_h2: 101.90 g/s
Reynolds_number: 14,365,316
Stack prop output power: 1,195 kW, Pcomp: 11.1 kW
Cell efficiency: 0.268, Output efficiency: 0.252
mdot_h2: 31.90 g/s
Reynolds_number: 14,365,316
Stack prop output power: 1,358 kW, Pcomp: 12.6 kW
Cell efficiency: 0.268, Output efficiency: 0.252
mdot_h2: 36.25 g/s
Reynolds_number: 14,365,316
Stack prop output power: 1,359 kW, Pcomp: 12.6 kW
Cell efficiency: 0.268, Output efficiency: 0.252
mdot_h2: 36.29 g/s
Reynolds_number: 6,709,346
Stack prop output power: 1,056 kW, Pcomp: 9.2 kW
Cell efficiency: 0.305, Output efficiency: 0.287
mdot_h2: 24.75 g/s
Reynolds_number: 6,709,346
Stack prop output power: 1,200 kW, Pcomp: 10.4 kW
Cell efficiency: 0.305, Output efficiency: 0.287
mdot_h2: 28.13 g/s
Reynolds_number: 6,709,346
Stack prop output power: 1,201 kW, Pcomp: 10.5 kW
Cell efficiency: 0.305, Output efficiency: 0.287
mdot_h2: 28.16 g/s
Reynolds_number: 14,365,316
Stack prop output power: 3,641 kW, Pcomp: 343.5 kW
Cell efficiency: 0.305, Output efficiency: 0.265
mdot_h2: 92.64 g/s
Reynolds_number: 14,365,316
Stack prop output power: 3,970 kW, Pcomp: 374.7 kW
Cell efficiency: 0.305, Output efficiency: 0.265
mdot_h2: 101.03 g/s
Reynolds_number: 14,365,316
Stack prop output power: 4,002 kW, Pcomp: 377.6 kW
Cell efficiency: 0.305, Output efficiency: 0.265
mdot_h2: 101.82 g/s
Reynolds_number: 14,365,316
Stack prop output power: 4,005 kW, Pcomp: 377.9 kW
Cell efficiency: 0.305, Output efficiency: 0.265
mdot_h2: 101.90 g/s
Fuel-cell system mass representative phase: cruise (P_fc_sys=8009.599 kW).

-----------------------
ptotal_climb: 3,617 kW, mtom_est: 21,526 kg, mtom: 19,561 kg, residual: +1,964.96 kg

MTOM update: newton_prebracket, relax=1.000 -> mtom_next=21,517.54 kg

======================================================
======================= ITER 17 =======================
Reynolds_number: 14,365,316
Stack prop output power: 4,005 kW, Pcomp: 377.9 kW
Cell efficiency: 0.305, Output efficiency: 0.265
mdot_h2: 101.90 g/s
Reynolds_number: 14,365,316
Stack prop output power: 4,368 kW, Pcomp: 412.1 kW
Cell efficiency: 0.305, Output efficiency: 0.265
mdot_h2: 111.13 g/s
Reynolds_number: 14,365,316
Stack prop output power: 4,402 kW, Pcomp: 415.4 kW
Cell efficiency: 0.305, Output efficiency: 0.265
mdot_h2: 112.00 g/s
Reynolds_number: 14,365,316
Stack prop output power: 4,405 kW, Pcomp: 415.7 kW
Cell efficiency: 0.305, Output efficiency: 0.265
mdot_h2: 112.09 g/s
Reynolds_number: 14,365,316
Stack prop output power: 1,315 kW, Pcomp: 12.2 kW
Cell efficiency: 0.268, Output efficiency: 0.252
mdot_h2: 35.09 g/s
Reynolds_number: 14,365,316
Stack prop output power: 1,494 kW, Pcomp: 13.9 kW
Cell efficiency: 0.268, Output efficiency: 0.252
mdot_h2: 39.88 g/s
Reynolds_number: 14,365,316
Stack prop output power: 1,495 kW, Pcomp: 13.9 kW
Cell efficiency: 0.268, Output efficiency: 0.252
mdot_h2: 39.92 g/s
Reynolds_number: 6,709,346
Stack prop output power: 1,161 kW, Pcomp: 10.1 kW
Cell efficiency: 0.305, Output efficiency: 0.287
mdot_h2: 27.23 g/s
Reynolds_number: 6,709,346
Stack prop output power: 1,319 kW, Pcomp: 11.5 kW
Cell efficiency: 0.305, Output efficiency: 0.287
mdot_h2: 30.94 g/s
Reynolds_number: 6,709,346
Stack prop output power: 1,321 kW, Pcomp: 11.5 kW
Cell efficiency: 0.305, Output efficiency: 0.287
mdot_h2: 30.97 g/s
Reynolds_number: 14,365,316
Stack prop output power: 4,005 kW, Pcomp: 377.9 kW
Cell efficiency: 0.305, Output efficiency: 0.265
mdot_h2: 101.90 g/s
Reynolds_number: 14,365,316
Stack prop output power: 4,368 kW, Pcomp: 412.1 kW
Cell efficiency: 0.305, Output efficiency: 0.265
mdot_h2: 111.13 g/s
Reynolds_number: 14,365,316
Stack prop output power: 4,402 kW, Pcomp: 415.4 kW
Cell efficiency: 0.305, Output efficiency: 0.265
mdot_h2: 112.00 g/s
Reynolds_number: 14,365,316
Stack prop output power: 4,405 kW, Pcomp: 415.7 kW
Cell efficiency: 0.305, Output efficiency: 0.265
mdot_h2: 112.09 g/s
Fuel-cell system mass representative phase: cruise (P_fc_sys=8810.559 kW).

-----------------------
ptotal_climb: 3,979 kW, mtom_est: 23,450 kg, mtom: 21,518 kg, residual: +1,932.81 kg

MTOM update: newton_prebracket, relax=1.000 -> mtom_next=23,669.29 kg

======================================================
======================= ITER 18 =======================
Reynolds_number: 14,365,316
Stack prop output power: 4,405 kW, Pcomp: 415.7 kW
Cell efficiency: 0.305, Output efficiency: 0.265
mdot_h2: 112.09 g/s
Reynolds_number: 14,365,316
Stack prop output power: 4,804 kW, Pcomp: 453.3 kW
Cell efficiency: 0.305, Output efficiency: 0.265
mdot_h2: 122.25 g/s
Reynolds_number: 14,365,316
Stack prop output power: 4,842 kW, Pcomp: 456.9 kW
Cell efficiency: 0.305, Output efficiency: 0.265
mdot_h2: 123.20 g/s
Reynolds_number: 14,365,316
Stack prop output power: 4,845 kW, Pcomp: 457.2 kW
Cell efficiency: 0.305, Output efficiency: 0.265
mdot_h2: 123.29 g/s
Reynolds_number: 14,365,316
Stack prop output power: 1,446 kW, Pcomp: 13.4 kW
Cell efficiency: 0.268, Output efficiency: 0.252
mdot_h2: 38.60 g/s
Reynolds_number: 14,365,316
Stack prop output power: 1,643 kW, Pcomp: 15.3 kW
Cell efficiency: 0.268, Output efficiency: 0.252
mdot_h2: 43.87 g/s
Reynolds_number: 14,365,316
Stack prop output power: 1,645 kW, Pcomp: 15.3 kW
Cell efficiency: 0.268, Output efficiency: 0.252
mdot_h2: 43.91 g/s
Reynolds_number: 6,709,346
Stack prop output power: 1,277 kW, Pcomp: 11.1 kW
Cell efficiency: 0.305, Output efficiency: 0.287
mdot_h2: 29.95 g/s
Reynolds_number: 6,709,346
Stack prop output power: 1,451 kW, Pcomp: 12.6 kW
Cell efficiency: 0.305, Output efficiency: 0.287
mdot_h2: 34.03 g/s
Reynolds_number: 6,709,346
Stack prop output power: 1,453 kW, Pcomp: 12.7 kW
Cell efficiency: 0.305, Output efficiency: 0.287
mdot_h2: 34.07 g/s
Reynolds_number: 14,365,316
Stack prop output power: 4,405 kW, Pcomp: 415.7 kW
Cell efficiency: 0.305, Output efficiency: 0.265
mdot_h2: 112.09 g/s
Reynolds_number: 14,365,316
Stack prop output power: 4,804 kW, Pcomp: 453.3 kW
Cell efficiency: 0.305, Output efficiency: 0.265
mdot_h2: 122.25 g/s
Reynolds_number: 14,365,316
Stack prop output power: 4,842 kW, Pcomp: 456.9 kW
Cell efficiency: 0.305, Output efficiency: 0.265
mdot_h2: 123.20 g/s
Reynolds_number: 14,365,316
Stack prop output power: 4,845 kW, Pcomp: 457.2 kW
Cell efficiency: 0.305, Output efficiency: 0.265
mdot_h2: 123.29 g/s
Fuel-cell system mass representative phase: cruise (P_fc_sys=9691.615 kW).

-----------------------
ptotal_climb: 4,376 kW, mtom_est: 25,576 kg, mtom: 23,669 kg, residual: +1,906.29 kg

MTOM update: newton_prebracket, relax=1.000 -> mtom_next=26,036.22 kg

======================================================
======================= ITER 19 =======================
Reynolds_number: 14,365,316
Stack prop output power: 4,846 kW, Pcomp: 457.3 kW
Cell efficiency: 0.305, Output efficiency: 0.265
mdot_h2: 123.30 g/s
Reynolds_number: 14,365,316
Stack prop output power: 5,285 kW, Pcomp: 498.7 kW
Cell efficiency: 0.305, Output efficiency: 0.265
mdot_h2: 134.47 g/s
Reynolds_number: 14,365,316
Stack prop output power: 5,326 kW, Pcomp: 502.6 kW
Cell efficiency: 0.305, Output efficiency: 0.265
mdot_h2: 135.52 g/s
Reynolds_number: 14,365,316
Stack prop output power: 5,330 kW, Pcomp: 502.9 kW
Cell efficiency: 0.305, Output efficiency: 0.265
mdot_h2: 135.62 g/s
Reynolds_number: 14,365,316
Stack prop output power: 1,591 kW, Pcomp: 14.8 kW
Cell efficiency: 0.268, Output efficiency: 0.252
mdot_h2: 42.46 g/s
Reynolds_number: 14,365,316
Stack prop output power: 1,807 kW, Pcomp: 16.8 kW
Cell efficiency: 0.268, Output efficiency: 0.252
mdot_h2: 48.25 g/s
Reynolds_number: 14,365,316
Stack prop output power: 1,809 kW, Pcomp: 16.8 kW
Cell efficiency: 0.268, Output efficiency: 0.252
mdot_h2: 48.31 g/s
Reynolds_number: 6,709,346
Stack prop output power: 1,405 kW, Pcomp: 12.2 kW
Cell efficiency: 0.305, Output efficiency: 0.287
mdot_h2: 32.94 g/s
Reynolds_number: 6,709,346
Stack prop output power: 1,597 kW, Pcomp: 13.9 kW
Cell efficiency: 0.305, Output efficiency: 0.287
mdot_h2: 37.44 g/s
Reynolds_number: 6,709,346
Stack prop output power: 1,598 kW, Pcomp: 13.9 kW
Cell efficiency: 0.305, Output efficiency: 0.287
mdot_h2: 37.48 g/s
Reynolds_number: 14,365,316
Stack prop output power: 4,846 kW, Pcomp: 457.3 kW
Cell efficiency: 0.305, Output efficiency: 0.265
mdot_h2: 123.30 g/s
Reynolds_number: 14,365,316
Stack prop output power: 5,285 kW, Pcomp: 498.7 kW
Cell efficiency: 0.305, Output efficiency: 0.265
mdot_h2: 134.47 g/s
Reynolds_number: 14,365,316
Stack prop output power: 5,326 kW, Pcomp: 502.6 kW
Cell efficiency: 0.305, Output efficiency: 0.265
mdot_h2: 135.52 g/s
Reynolds_number: 14,365,316
Stack prop output power: 5,330 kW, Pcomp: 502.9 kW
Cell efficiency: 0.305, Output efficiency: 0.265
mdot_h2: 135.62 g/s
Fuel-cell system mass representative phase: cruise (P_fc_sys=10660.776 kW).

-----------------------
ptotal_climb: 4,814 kW, mtom_est: 27,923 kg, mtom: 26,036 kg, residual: +1,886.67 kg

MTOM update: newton_prebracket, relax=1.000 -> mtom_next=28,639.85 kg

======================================================
======================= ITER 20 =======================
Reynolds_number: 14,365,316
Stack prop output power: 5,330 kW, Pcomp: 503.0 kW
Cell efficiency: 0.305, Output efficiency: 0.265
mdot_h2: 135.63 g/s
Reynolds_number: 14,365,316
Stack prop output power: 5,813 kW, Pcomp: 548.5 kW
Cell efficiency: 0.305, Output efficiency: 0.265
mdot_h2: 147.92 g/s
Reynolds_number: 14,365,316
Stack prop output power: 5,859 kW, Pcomp: 552.8 kW
Cell efficiency: 0.305, Output efficiency: 0.265
mdot_h2: 149.08 g/s
Reynolds_number: 14,365,316
Stack prop output power: 5,863 kW, Pcomp: 553.2 kW
Cell efficiency: 0.305, Output efficiency: 0.265
mdot_h2: 149.19 g/s
Reynolds_number: 14,365,316
Stack prop output power: 1,750 kW, Pcomp: 16.2 kW
Cell efficiency: 0.268, Output efficiency: 0.252
mdot_h2: 46.71 g/s
Reynolds_number: 14,365,316
Stack prop output power: 1,988 kW, Pcomp: 18.5 kW
Cell efficiency: 0.268, Output efficiency: 0.252
mdot_h2: 53.08 g/s
Reynolds_number: 14,365,316
Stack prop output power: 1,990 kW, Pcomp: 18.5 kW
Cell efficiency: 0.268, Output efficiency: 0.252
mdot_h2: 53.14 g/s
Reynolds_number: 6,709,346
Stack prop output power: 1,545 kW, Pcomp: 13.5 kW
Cell efficiency: 0.305, Output efficiency: 0.287
mdot_h2: 36.24 g/s
Reynolds_number: 6,709,346
Stack prop output power: 1,756 kW, Pcomp: 15.3 kW
Cell efficiency: 0.305, Output efficiency: 0.287
mdot_h2: 41.18 g/s
Reynolds_number: 6,709,346
Stack prop output power: 1,758 kW, Pcomp: 15.3 kW
Cell efficiency: 0.305, Output efficiency: 0.287
mdot_h2: 41.22 g/s
Reynolds_number: 14,365,316
Stack prop output power: 5,330 kW, Pcomp: 503.0 kW
Cell efficiency: 0.305, Output efficiency: 0.265
mdot_h2: 135.63 g/s
Reynolds_number: 14,365,316
Stack prop output power: 5,813 kW, Pcomp: 548.5 kW
Cell efficiency: 0.305, Output efficiency: 0.265
mdot_h2: 147.92 g/s
Reynolds_number: 14,365,316
Stack prop output power: 5,859 kW, Pcomp: 552.8 kW
Cell efficiency: 0.305, Output efficiency: 0.265
mdot_h2: 149.08 g/s
Reynolds_number: 14,365,316
Stack prop output power: 5,863 kW, Pcomp: 553.2 kW
Cell efficiency: 0.305, Output efficiency: 0.265
mdot_h2: 149.19 g/s
Fuel-cell system mass representative phase: cruise (P_fc_sys=11726.854 kW).

-----------------------
ptotal_climb: 5,296 kW, mtom_est: 30,512 kg, mtom: 28,640 kg, residual: +1,871.67 kg

MTOM update: newton_prebracket, relax=1.000 -> mtom_next=31,503.83 kg

======================================================
======================= ITER 21 =======================
Reynolds_number: 14,365,316
Stack prop output power: 5,863 kW, Pcomp: 553.3 kW
Cell efficiency: 0.305, Output efficiency: 0.265
mdot_h2: 149.20 g/s
Reynolds_number: 14,365,316
Stack prop output power: 6,394 kW, Pcomp: 603.4 kW
Cell efficiency: 0.305, Output efficiency: 0.265
mdot_h2: 162.71 g/s
Reynolds_number: 14,365,316
Stack prop output power: 6,445 kW, Pcomp: 608.1 kW
Cell efficiency: 0.305, Output efficiency: 0.265
mdot_h2: 163.98 g/s
Reynolds_number: 14,365,316
Stack prop output power: 6,449 kW, Pcomp: 608.6 kW
Cell efficiency: 0.305, Output efficiency: 0.265
mdot_h2: 164.10 g/s
Reynolds_number: 14,365,316
Stack prop output power: 1,925 kW, Pcomp: 17.9 kW
Cell efficiency: 0.268, Output efficiency: 0.252
mdot_h2: 51.38 g/s
Reynolds_number: 14,365,316
Traceback (most recent call last):
  File "/home/shoh95/Programming/HFCAD/app/main.py", line 4422, in <module>
    elapsed_time = main()
                   ^^^^^^
  File "/home/shoh95/Programming/HFCAD/app/main.py", line 4383, in main
    cfg_used, phases, mass, _trade_df = runner.run(out_dir=out_dir)
                                        ^^^^^^^^^^^^^^^^^^^^^^^^^^^
  File "/home/shoh95/Programming/HFCAD/app/main.py", line 2857, in run
    return self._run_min_combined_pw(out_dir=out_dir)
           ^^^^^^^^^^^^^^^^^^^^^^^^^^^^^^^^^^^^^^^^^^
  File "/home/shoh95/Programming/HFCAD/app/main.py", line 2889, in _run_min_combined_pw
    phases, mass = design.run()
                   ^^^^^^^^^^^^
  File "/home/shoh95/Programming/HFCAD/app/main.py", line 2355, in run
    phases["climb"] = self._phase_solver.solve(
                      ^^^^^^^^^^^^^^^^^^^^^^^^^
  File "/home/shoh95/Programming/HFCAD/app/main.py", line 1538, in solve
    nacelle = self._fc.size_nacelle(
              ^^^^^^^^^^^^^^^^^^^^^^
  File "/home/shoh95/Programming/HFCAD/app/main.py", line 1390, in size_nacelle
    geom_comp, power_comp_w, rho_humid_in, m_dot_comp = compressor_performance_model(
                                                        ^^^^^^^^^^^^^^^^^^^^^^^^^^^^^
  File "/home/shoh95/Programming/HFCAD/app/models/compressor_performance.py", line 100, in compressor_performance_model
    raise ValueError("Rotor outlet enthalpy too high. Reduce RPM!")
ValueError: Rotor outlet enthalpy too high. Reduce RPM!

[run_sweep] FAIL criteria: artifact not found or empty
[run_sweep] command exit: 1
[run_sweep] expected artifact: results/input_sweep_r14/h5000_M0.55_R1000km_PL1000kg/ConvergedData.txt
[run_sweep] exit code: 1
