ADRpy constraint sizing (min_combined_pw): W/S=2350.0 Pa (239.63 kg/m^2), P/W_TO=0.11889 kW/kg, P/W_climb=0.13435 kW/kg, P/W_cruise=0.19930 kW/kg
======================================================
======================= ITER 1 =======================
Reynolds_number: 14,266,755
Stack prop output power: 500 kW, Pcomp: 25.9 kW
Cell efficiency: 0.304, Output efficiency: 0.274
mdot_h2: 12.28 g/s
Reynolds_number: 14,266,755
Stack prop output power: 711 kW, Pcomp: 36.8 kW
Cell efficiency: 0.304, Output efficiency: 0.274
mdot_h2: 17.46 g/s
Reynolds_number: 14,266,755
Stack prop output power: 722 kW, Pcomp: 37.3 kW
Cell efficiency: 0.304, Output efficiency: 0.274
mdot_h2: 17.73 g/s
Reynolds_number: 14,266,755
Stack prop output power: 723 kW, Pcomp: 37.4 kW
Cell efficiency: 0.304, Output efficiency: 0.274
mdot_h2: 17.74 g/s
Reynolds_number: 14,266,755
Stack prop output power: 385 kW, Pcomp: 3.5 kW
Cell efficiency: 0.286, Output efficiency: 0.269
mdot_h2: 9.65 g/s
Reynolds_number: 14,266,755
Stack prop output power: 347 kW, Pcomp: 3.1 kW
Cell efficiency: 0.286, Output efficiency: 0.269
mdot_h2: 8.69 g/s
Reynolds_number: 6,709,346
Stack prop output power: 399 kW, Pcomp: 3.5 kW
Cell efficiency: 0.305, Output efficiency: 0.287
mdot_h2: 9.35 g/s
Reynolds_number: 6,709,346
Stack prop output power: 308 kW, Pcomp: 2.7 kW
Cell efficiency: 0.305, Output efficiency: 0.287
mdot_h2: 7.22 g/s
Reynolds_number: 6,709,346
Stack prop output power: 307 kW, Pcomp: 2.7 kW
Cell efficiency: 0.305, Output efficiency: 0.287
mdot_h2: 7.20 g/s
Reynolds_number: 14,266,755
Stack prop output power: 500 kW, Pcomp: 25.9 kW
Cell efficiency: 0.304, Output efficiency: 0.274
mdot_h2: 12.28 g/s
Reynolds_number: 14,266,755
Stack prop output power: 711 kW, Pcomp: 36.8 kW
Cell efficiency: 0.304, Output efficiency: 0.274
mdot_h2: 17.46 g/s
Reynolds_number: 14,266,755
Stack prop output power: 722 kW, Pcomp: 37.3 kW
Cell efficiency: 0.304, Output efficiency: 0.274
mdot_h2: 17.73 g/s
Reynolds_number: 14,266,755
Stack prop output power: 723 kW, Pcomp: 37.4 kW
Cell efficiency: 0.304, Output efficiency: 0.274
mdot_h2: 17.74 g/s
Fuel-cell system mass representative phase: cruise (P_fc_sys=1445.326 kW).

-----------------------
ptotal_climb: 923 kW, mtom_est: 6,249 kg, mtom: 5,000 kg, residual: +1,249.26 kg

MTOM update: initial_bracket_probe_1, relax=1.000 -> mtom_next=5,350.00 kg

======================================================
======================= ITER 2 =======================
Reynolds_number: 14,266,755
Stack prop output power: 723 kW, Pcomp: 37.4 kW
Cell efficiency: 0.304, Output efficiency: 0.274
mdot_h2: 17.74 g/s
Reynolds_number: 14,266,755
Stack prop output power: 771 kW, Pcomp: 39.9 kW
Cell efficiency: 0.304, Output efficiency: 0.274
mdot_h2: 18.92 g/s
Reynolds_number: 14,266,755
Stack prop output power: 773 kW, Pcomp: 40.0 kW
Cell efficiency: 0.304, Output efficiency: 0.274
mdot_h2: 18.98 g/s
Reynolds_number: 14,266,755
Stack prop output power: 339 kW, Pcomp: 3.0 kW
Cell efficiency: 0.286, Output efficiency: 0.269
mdot_h2: 8.49 g/s
Reynolds_number: 14,266,755
Stack prop output power: 371 kW, Pcomp: 3.3 kW
Cell efficiency: 0.286, Output efficiency: 0.269
mdot_h2: 9.29 g/s
Reynolds_number: 6,709,346
Stack prop output power: 300 kW, Pcomp: 2.6 kW
Cell efficiency: 0.305, Output efficiency: 0.287
mdot_h2: 7.03 g/s
Reynolds_number: 6,709,346
Stack prop output power: 328 kW, Pcomp: 2.9 kW
Cell efficiency: 0.305, Output efficiency: 0.287
mdot_h2: 7.70 g/s
Reynolds_number: 14,266,755
Stack prop output power: 723 kW, Pcomp: 37.4 kW
Cell efficiency: 0.304, Output efficiency: 0.274
mdot_h2: 17.74 g/s
Reynolds_number: 14,266,755
Stack prop output power: 771 kW, Pcomp: 39.9 kW
Cell efficiency: 0.304, Output efficiency: 0.274
mdot_h2: 18.92 g/s
Reynolds_number: 14,266,755
Stack prop output power: 773 kW, Pcomp: 40.0 kW
Cell efficiency: 0.304, Output efficiency: 0.274
mdot_h2: 18.98 g/s
Fuel-cell system mass representative phase: cruise (P_fc_sys=1546.488 kW).

-----------------------
ptotal_climb: 988 kW, mtom_est: 6,509 kg, mtom: 5,350 kg, residual: +1,159.45 kg

MTOM update: initial_bracket_probe_2, relax=1.000 -> mtom_next=5,700.00 kg

======================================================
======================= ITER 3 =======================
Reynolds_number: 14,266,755
Stack prop output power: 773 kW, Pcomp: 40.0 kW
Cell efficiency: 0.304, Output efficiency: 0.274
mdot_h2: 18.98 g/s
Reynolds_number: 14,266,755
Stack prop output power: 821 kW, Pcomp: 42.5 kW
Cell efficiency: 0.304, Output efficiency: 0.274
mdot_h2: 20.16 g/s
Reynolds_number: 14,266,755
Stack prop output power: 824 kW, Pcomp: 42.6 kW
Cell efficiency: 0.304, Output efficiency: 0.274
mdot_h2: 20.22 g/s
Reynolds_number: 14,266,755
Stack prop output power: 363 kW, Pcomp: 3.3 kW
Cell efficiency: 0.286, Output efficiency: 0.269
mdot_h2: 9.09 g/s
Reynolds_number: 14,266,755
Stack prop output power: 395 kW, Pcomp: 3.5 kW
Cell efficiency: 0.286, Output efficiency: 0.269
mdot_h2: 9.90 g/s
Reynolds_number: 6,709,346
Stack prop output power: 321 kW, Pcomp: 2.8 kW
Cell efficiency: 0.305, Output efficiency: 0.287
mdot_h2: 7.53 g/s
Reynolds_number: 6,709,346
Stack prop output power: 350 kW, Pcomp: 3.0 kW
Cell efficiency: 0.305, Output efficiency: 0.287
mdot_h2: 8.20 g/s
Reynolds_number: 14,266,755
Stack prop output power: 773 kW, Pcomp: 40.0 kW
Cell efficiency: 0.304, Output efficiency: 0.274
mdot_h2: 18.98 g/s
Reynolds_number: 14,266,755
Stack prop output power: 821 kW, Pcomp: 42.5 kW
Cell efficiency: 0.304, Output efficiency: 0.274
mdot_h2: 20.16 g/s
Reynolds_number: 14,266,755
Stack prop output power: 824 kW, Pcomp: 42.6 kW
Cell efficiency: 0.304, Output efficiency: 0.274
mdot_h2: 20.22 g/s
Fuel-cell system mass representative phase: cruise (P_fc_sys=1647.661 kW).

-----------------------
ptotal_climb: 1,052 kW, mtom_est: 6,770 kg, mtom: 5,700 kg, residual: +1,069.90 kg

MTOM update: fixed_point_prebracket, relax=1.000 -> mtom_next=6,555.00 kg

======================================================
======================= ITER 4 =======================
Reynolds_number: 14,266,755
Stack prop output power: 824 kW, Pcomp: 42.6 kW
Cell efficiency: 0.304, Output efficiency: 0.274
mdot_h2: 20.23 g/s
Reynolds_number: 14,266,755
Stack prop output power: 941 kW, Pcomp: 48.7 kW
Cell efficiency: 0.304, Output efficiency: 0.274
mdot_h2: 23.10 g/s
Reynolds_number: 14,266,755
Stack prop output power: 947 kW, Pcomp: 49.0 kW
Cell efficiency: 0.304, Output efficiency: 0.274
mdot_h2: 23.25 g/s
Reynolds_number: 14,266,755
Stack prop output power: 376 kW, Pcomp: 3.4 kW
Cell efficiency: 0.286, Output efficiency: 0.269
mdot_h2: 9.41 g/s
Reynolds_number: 14,266,755
Stack prop output power: 454 kW, Pcomp: 4.1 kW
Cell efficiency: 0.286, Output efficiency: 0.269
mdot_h2: 11.37 g/s
Reynolds_number: 14,266,755
Stack prop output power: 455 kW, Pcomp: 4.1 kW
Cell efficiency: 0.286, Output efficiency: 0.269
mdot_h2: 11.39 g/s
Reynolds_number: 6,709,346
Stack prop output power: 333 kW, Pcomp: 2.9 kW
Cell efficiency: 0.305, Output efficiency: 0.287
mdot_h2: 7.80 g/s
Reynolds_number: 6,709,346
Stack prop output power: 402 kW, Pcomp: 3.5 kW
Cell efficiency: 0.305, Output efficiency: 0.287
mdot_h2: 9.42 g/s
Reynolds_number: 6,709,346
Stack prop output power: 402 kW, Pcomp: 3.5 kW
Cell efficiency: 0.305, Output efficiency: 0.287
mdot_h2: 9.44 g/s
Reynolds_number: 14,266,755
Stack prop output power: 824 kW, Pcomp: 42.6 kW
Cell efficiency: 0.304, Output efficiency: 0.274
mdot_h2: 20.23 g/s
Reynolds_number: 14,266,755
Stack prop output power: 941 kW, Pcomp: 48.7 kW
Cell efficiency: 0.304, Output efficiency: 0.274
mdot_h2: 23.10 g/s
Reynolds_number: 14,266,755
Stack prop output power: 947 kW, Pcomp: 49.0 kW
Cell efficiency: 0.304, Output efficiency: 0.274
mdot_h2: 23.25 g/s
Fuel-cell system mass representative phase: cruise (P_fc_sys=1894.792 kW).

-----------------------
ptotal_climb: 1,210 kW, mtom_est: 7,410 kg, mtom: 6,555 kg, residual: +854.67 kg

MTOM update: fixed_point_prebracket, relax=1.000 -> mtom_next=7,238.74 kg

======================================================
======================= ITER 5 =======================
Reynolds_number: 14,266,755
Stack prop output power: 947 kW, Pcomp: 49.0 kW
Cell efficiency: 0.304, Output efficiency: 0.274
mdot_h2: 23.26 g/s
Reynolds_number: 14,266,755
Stack prop output power: 1,041 kW, Pcomp: 53.8 kW
Cell efficiency: 0.304, Output efficiency: 0.274
mdot_h2: 25.56 g/s
Reynolds_number: 14,266,755
Stack prop output power: 1,046 kW, Pcomp: 54.1 kW
Cell efficiency: 0.304, Output efficiency: 0.274
mdot_h2: 25.68 g/s
Reynolds_number: 14,266,755
Stack prop output power: 439 kW, Pcomp: 3.9 kW
Cell efficiency: 0.286, Output efficiency: 0.269
mdot_h2: 11.00 g/s
Reynolds_number: 14,266,755
Stack prop output power: 502 kW, Pcomp: 4.5 kW
Cell efficiency: 0.286, Output efficiency: 0.269
mdot_h2: 12.56 g/s
Reynolds_number: 14,266,755
Stack prop output power: 502 kW, Pcomp: 4.5 kW
Cell efficiency: 0.286, Output efficiency: 0.269
mdot_h2: 12.58 g/s
Reynolds_number: 6,709,346
Stack prop output power: 389 kW, Pcomp: 3.4 kW
Cell efficiency: 0.305, Output efficiency: 0.287
mdot_h2: 9.11 g/s
Reynolds_number: 6,709,346
Stack prop output power: 444 kW, Pcomp: 3.9 kW
Cell efficiency: 0.305, Output efficiency: 0.287
mdot_h2: 10.41 g/s
Reynolds_number: 14,266,755
Stack prop output power: 947 kW, Pcomp: 49.0 kW
Cell efficiency: 0.304, Output efficiency: 0.274
mdot_h2: 23.26 g/s
Reynolds_number: 14,266,755
Stack prop output power: 1,041 kW, Pcomp: 53.8 kW
Cell efficiency: 0.304, Output efficiency: 0.274
mdot_h2: 25.56 g/s
Reynolds_number: 14,266,755
Stack prop output power: 1,046 kW, Pcomp: 54.1 kW
Cell efficiency: 0.304, Output efficiency: 0.274
mdot_h2: 25.68 g/s
Fuel-cell system mass representative phase: cruise (P_fc_sys=2092.444 kW).

-----------------------
ptotal_climb: 1,336 kW, mtom_est: 7,920 kg, mtom: 7,239 kg, residual: +680.99 kg

MTOM update: fixed_point_prebracket, relax=1.000 -> mtom_next=7,783.53 kg

======================================================
======================= ITER 6 =======================
Reynolds_number: 14,266,755
Stack prop output power: 1,046 kW, Pcomp: 54.1 kW
Cell efficiency: 0.304, Output efficiency: 0.274
mdot_h2: 25.69 g/s
Reynolds_number: 14,266,755
Stack prop output power: 1,121 kW, Pcomp: 58.0 kW
Cell efficiency: 0.304, Output efficiency: 0.274
mdot_h2: 27.52 g/s
Reynolds_number: 14,266,755
Stack prop output power: 1,125 kW, Pcomp: 58.2 kW
Cell efficiency: 0.304, Output efficiency: 0.274
mdot_h2: 27.61 g/s
Reynolds_number: 14,266,755
Stack prop output power: 490 kW, Pcomp: 4.4 kW
Cell efficiency: 0.286, Output efficiency: 0.269
mdot_h2: 12.26 g/s
Reynolds_number: 14,266,755
Stack prop output power: 540 kW, Pcomp: 4.8 kW
Cell efficiency: 0.286, Output efficiency: 0.269
mdot_h2: 13.51 g/s
Reynolds_number: 6,709,346
Stack prop output power: 433 kW, Pcomp: 3.8 kW
Cell efficiency: 0.305, Output efficiency: 0.287
mdot_h2: 10.16 g/s
Reynolds_number: 6,709,346
Stack prop output power: 477 kW, Pcomp: 4.2 kW
Cell efficiency: 0.305, Output efficiency: 0.287
mdot_h2: 11.19 g/s
Reynolds_number: 14,266,755
Stack prop output power: 1,046 kW, Pcomp: 54.1 kW
Cell efficiency: 0.304, Output efficiency: 0.274
mdot_h2: 25.69 g/s
Reynolds_number: 14,266,755
Stack prop output power: 1,121 kW, Pcomp: 58.0 kW
Cell efficiency: 0.304, Output efficiency: 0.274
mdot_h2: 27.52 g/s
Reynolds_number: 14,266,755
Stack prop output power: 1,125 kW, Pcomp: 58.2 kW
Cell efficiency: 0.304, Output efficiency: 0.274
mdot_h2: 27.61 g/s
Fuel-cell system mass representative phase: cruise (P_fc_sys=2249.931 kW).

-----------------------
ptotal_climb: 1,437 kW, mtom_est: 8,329 kg, mtom: 7,784 kg, residual: +545.84 kg

MTOM update: fixed_point_prebracket, relax=1.000 -> mtom_next=8,220.21 kg

======================================================
======================= ITER 7 =======================
Reynolds_number: 14,266,755
Stack prop output power: 1,125 kW, Pcomp: 58.2 kW
Cell efficiency: 0.304, Output efficiency: 0.274
mdot_h2: 27.62 g/s
Reynolds_number: 14,266,755
Stack prop output power: 1,185 kW, Pcomp: 61.3 kW
Cell efficiency: 0.304, Output efficiency: 0.274
mdot_h2: 29.09 g/s
Reynolds_number: 14,266,755
Stack prop output power: 1,188 kW, Pcomp: 61.4 kW
Cell efficiency: 0.304, Output efficiency: 0.274
mdot_h2: 29.16 g/s
Reynolds_number: 14,266,755
Stack prop output power: 530 kW, Pcomp: 4.8 kW
Cell efficiency: 0.286, Output efficiency: 0.269
mdot_h2: 13.27 g/s
Reynolds_number: 14,266,755
Stack prop output power: 570 kW, Pcomp: 5.1 kW
Cell efficiency: 0.286, Output efficiency: 0.269
mdot_h2: 14.27 g/s
Reynolds_number: 6,709,346
Stack prop output power: 469 kW, Pcomp: 4.1 kW
Cell efficiency: 0.305, Output efficiency: 0.287
mdot_h2: 11.00 g/s
Reynolds_number: 6,709,346
Stack prop output power: 504 kW, Pcomp: 4.4 kW
Cell efficiency: 0.305, Output efficiency: 0.287
mdot_h2: 11.83 g/s
Reynolds_number: 14,266,755
Stack prop output power: 1,125 kW, Pcomp: 58.2 kW
Cell efficiency: 0.304, Output efficiency: 0.274
mdot_h2: 27.62 g/s
Reynolds_number: 14,266,755
Stack prop output power: 1,185 kW, Pcomp: 61.3 kW
Cell efficiency: 0.304, Output efficiency: 0.274
mdot_h2: 29.09 g/s
Reynolds_number: 14,266,755
Stack prop output power: 1,188 kW, Pcomp: 61.4 kW
Cell efficiency: 0.304, Output efficiency: 0.274
mdot_h2: 29.16 g/s
Fuel-cell system mass representative phase: cruise (P_fc_sys=2376.163 kW).

-----------------------
ptotal_climb: 1,518 kW, mtom_est: 8,659 kg, mtom: 8,220 kg, residual: +438.64 kg

MTOM update: fixed_point_prebracket, relax=1.000 -> mtom_next=8,571.12 kg

======================================================
======================= ITER 8 =======================
Reynolds_number: 14,266,755
Stack prop output power: 1,188 kW, Pcomp: 61.4 kW
Cell efficiency: 0.304, Output efficiency: 0.274
mdot_h2: 29.17 g/s
Reynolds_number: 14,266,755
Stack prop output power: 1,236 kW, Pcomp: 63.9 kW
Cell efficiency: 0.304, Output efficiency: 0.274
mdot_h2: 30.35 g/s
Reynolds_number: 14,266,755
Stack prop output power: 1,239 kW, Pcomp: 64.1 kW
Cell efficiency: 0.304, Output efficiency: 0.274
mdot_h2: 30.41 g/s
Reynolds_number: 14,266,755
Stack prop output power: 562 kW, Pcomp: 5.0 kW
Cell efficiency: 0.286, Output efficiency: 0.269
mdot_h2: 14.08 g/s
Reynolds_number: 14,266,755
Stack prop output power: 594 kW, Pcomp: 5.3 kW
Cell efficiency: 0.286, Output efficiency: 0.269
mdot_h2: 14.88 g/s
Reynolds_number: 6,709,346
Stack prop output power: 497 kW, Pcomp: 4.3 kW
Cell efficiency: 0.305, Output efficiency: 0.287
mdot_h2: 11.67 g/s
Reynolds_number: 6,709,346
Stack prop output power: 526 kW, Pcomp: 4.6 kW
Cell efficiency: 0.305, Output efficiency: 0.287
mdot_h2: 12.33 g/s
Reynolds_number: 14,266,755
Stack prop output power: 1,188 kW, Pcomp: 61.4 kW
Cell efficiency: 0.304, Output efficiency: 0.274
mdot_h2: 29.17 g/s
Reynolds_number: 14,266,755
Stack prop output power: 1,236 kW, Pcomp: 63.9 kW
Cell efficiency: 0.304, Output efficiency: 0.274
mdot_h2: 30.35 g/s
Reynolds_number: 14,266,755
Stack prop output power: 1,239 kW, Pcomp: 64.1 kW
Cell efficiency: 0.304, Output efficiency: 0.274
mdot_h2: 30.41 g/s
Fuel-cell system mass representative phase: cruise (P_fc_sys=2477.603 kW).

-----------------------
ptotal_climb: 1,582 kW, mtom_est: 8,923 kg, mtom: 8,571 kg, residual: +351.67 kg

MTOM update: fixed_point_prebracket, relax=1.000 -> mtom_next=8,852.45 kg

======================================================
======================= ITER 9 =======================
Reynolds_number: 14,266,755
Stack prop output power: 1,239 kW, Pcomp: 64.1 kW
Cell efficiency: 0.304, Output efficiency: 0.274
mdot_h2: 30.41 g/s
Reynolds_number: 14,266,755
Stack prop output power: 1,277 kW, Pcomp: 66.1 kW
Cell efficiency: 0.304, Output efficiency: 0.274
mdot_h2: 31.36 g/s
Reynolds_number: 14,266,755
Stack prop output power: 1,279 kW, Pcomp: 66.2 kW
Cell efficiency: 0.304, Output efficiency: 0.274
mdot_h2: 31.41 g/s
Reynolds_number: 14,266,755
Stack prop output power: 588 kW, Pcomp: 5.3 kW
Cell efficiency: 0.286, Output efficiency: 0.269
mdot_h2: 14.73 g/s
Reynolds_number: 14,266,755
Stack prop output power: 614 kW, Pcomp: 5.5 kW
Cell efficiency: 0.286, Output efficiency: 0.269
mdot_h2: 15.37 g/s
Reynolds_number: 6,709,346
Stack prop output power: 520 kW, Pcomp: 4.5 kW
Cell efficiency: 0.305, Output efficiency: 0.287
mdot_h2: 12.20 g/s
Reynolds_number: 6,709,346
Stack prop output power: 543 kW, Pcomp: 4.7 kW
Cell efficiency: 0.305, Output efficiency: 0.287
mdot_h2: 12.74 g/s
Reynolds_number: 14,266,755
Stack prop output power: 1,239 kW, Pcomp: 64.1 kW
Cell efficiency: 0.304, Output efficiency: 0.274
mdot_h2: 30.41 g/s
Reynolds_number: 14,266,755
Stack prop output power: 1,277 kW, Pcomp: 66.1 kW
Cell efficiency: 0.304, Output efficiency: 0.274
mdot_h2: 31.36 g/s
Reynolds_number: 14,266,755
Stack prop output power: 1,279 kW, Pcomp: 66.2 kW
Cell efficiency: 0.304, Output efficiency: 0.274
mdot_h2: 31.41 g/s
Fuel-cell system mass representative phase: cruise (P_fc_sys=2558.931 kW).

-----------------------
ptotal_climb: 1,634 kW, mtom_est: 9,135 kg, mtom: 8,852 kg, residual: +282.75 kg

MTOM update: newton_prebracket, relax=1.000 -> mtom_next=10,006.67 kg

======================================================
======================= ITER 10 =======================
Reynolds_number: 14,266,755
Stack prop output power: 1,279 kW, Pcomp: 66.2 kW
Cell efficiency: 0.304, Output efficiency: 0.274
mdot_h2: 31.41 g/s
Reynolds_number: 14,266,755
Stack prop output power: 1,438 kW, Pcomp: 74.3 kW
Cell efficiency: 0.304, Output efficiency: 0.274
mdot_h2: 35.30 g/s
Reynolds_number: 14,266,755
Stack prop output power: 1,446 kW, Pcomp: 74.8 kW
Cell efficiency: 0.304, Output efficiency: 0.274
mdot_h2: 35.50 g/s
Reynolds_number: 14,266,755
Stack prop output power: 588 kW, Pcomp: 5.3 kW
Cell efficiency: 0.286, Output efficiency: 0.269
mdot_h2: 14.72 g/s
Reynolds_number: 14,266,755
Stack prop output power: 693 kW, Pcomp: 6.2 kW
Cell efficiency: 0.286, Output efficiency: 0.269
mdot_h2: 17.36 g/s
Reynolds_number: 14,266,755
Stack prop output power: 694 kW, Pcomp: 6.2 kW
Cell efficiency: 0.286, Output efficiency: 0.269
mdot_h2: 17.38 g/s
Reynolds_number: 6,709,346
Stack prop output power: 520 kW, Pcomp: 4.5 kW
Cell efficiency: 0.305, Output efficiency: 0.287
mdot_h2: 12.19 g/s
Reynolds_number: 6,709,346
Stack prop output power: 613 kW, Pcomp: 5.3 kW
Cell efficiency: 0.305, Output efficiency: 0.287
mdot_h2: 14.38 g/s
Reynolds_number: 6,709,346
Stack prop output power: 614 kW, Pcomp: 5.3 kW
Cell efficiency: 0.305, Output efficiency: 0.287
mdot_h2: 14.40 g/s
Reynolds_number: 14,266,755
Stack prop output power: 1,279 kW, Pcomp: 66.2 kW
Cell efficiency: 0.304, Output efficiency: 0.274
mdot_h2: 31.41 g/s
Reynolds_number: 14,266,755
Stack prop output power: 1,438 kW, Pcomp: 74.3 kW
Cell efficiency: 0.304, Output efficiency: 0.274
mdot_h2: 35.30 g/s
Reynolds_number: 14,266,755
Stack prop output power: 1,446 kW, Pcomp: 74.8 kW
Cell efficiency: 0.304, Output efficiency: 0.274
mdot_h2: 35.50 g/s
Fuel-cell system mass representative phase: cruise (P_fc_sys=2892.540 kW).

-----------------------
ptotal_climb: 1,847 kW, mtom_est: 10,008 kg, mtom: 10,007 kg, residual: +1.65 kg


CONVERGED

CONVERGED STATE [MTOM iteration 10]
  MTOM=10,008 kg | Wing loading=239.67 kg/m^2 | P/W(climb)=184.58 W/kg
  Phase power: climb=1,847.3 kW | cruise=2,892.5 kW | takeoff=1,634.5 kW | cruise+charger=2,892.5 kW
  Power split (climb): FC=1,376.1 kW | Battery=458.7 kW | Compressor=12.5 kW | Cooling=580.8 kW | H2=34.768 g/s
  Compressor max across phases: 149.5 kW (cruise)
  FC representative phase (mass sizing): cruise (2,892.5 kW)
  Mass summary: MTOM=10,008 kg | Powertrain=3,977 kg | Tank=958.9 kg | Fuel=426.2 kg | Battery=289.5 kg | Nacelle power density=0.81 kW/kg
  Geometry: Main wing area=41.76 m^2 | Horizontal tail area=5.961 m^2 | Horizontal tail location=15.308 m | Vertical tail area=6.087 m^2 | Vertical tail location=14.695 m
  Config: wing loading input=239.63 kg/m^2 | P/W TO/Cl/Cr=0.11889/0.13435/0.19930 kW/kg

=============================================================
========================= CONVERGED =========================
=============================================================
Constraint sizing: ENABLED (min_combined_pw)
Input W/S: 239.63 kg/m^2 (2,350.0 Pa)
Input P/W [kW/kg]: takeoff 0.11889, climb 0.13435, cruise 0.19930
-------------------------------------------------------------

Mission Time
Climb time: 8.20 min (0.14 h)
Cruise time: 93.88 min (1.56 h)
Total flight time: 124.08 min (2.07 h)

Phase Power Breakdown
Phase      Time[min]     Total[kW]    FC Stack[kW]   Battery[kW]   Compressor[kW]   Cooling[kW]
-----------------------------------------------------------------------------------------------
ready           0.00          92.4            92.4           0.0              0.0           0.0
taxi            5.00         184.7           184.7           0.0              0.0           0.0
takeoff         1.00       1,634.5         1,217.8         405.9             10.7         469.3
climb           8.20       1,847.3         1,376.1         458.7             12.5         580.8
cruise         93.88       2,892.5         2,743.0           0.0            149.5       1,157.7
loiter         15.00         289.3           274.3           0.0             15.0         115.8
landing         1.00           0.0             0.0           0.0              0.0           0.0

Pcomp_max (solved phases): 149.5 kW (cruise)
Pnet (climb): 1,668 kW
Pelectricnet (climb): 1,835 kW
eta_pt: 0.9031

Geometry
S_wing: 41.76 m^2
b_wing: 19.39 m
Lfus: 17.55 m
Ltank: 8.54 m
S_HT: 5.96 m^2
S_VT: 6.09 m^2
b_HT: 5.18 m
b_VT: 3.40 m
X_HT_act: 15.31 m
X_VT_act: 14.69 m

One Nacelle (1/2)
Stack(1/2): 811 kg, Compressor: 130 kg, Humidifier: 261 kg, HX: 585 kg
W_FCS_single_nacelle (W_Stack+W_Compressor+W_Humidifier+W_Hx): 1,788 kg
Representative FC phase: cruise
Specific Power of Nacelle System: 0.809 kW/kg
dim_hx: dX=1.677 m, dY=1.677 m, dZ=0.233 m
dim_stack: dX=0.361 m, dY=0.500 m, dZ=0.500 m

ALL Nacelles
W_FCS_total: 3,576 kg
W_PMAD: 157 kg
W_Motors: 244 kg

-----------------------
W_Powertrain (W_FCS_total+W_PMAD+W_Motors): 3,977 kg
-----------------------
W_wing: 776 kg
W_Htail: 53 kg
W_Vtail: 87 kg
W_fuselage: 705 kg
W_lnd_gear_main: 243 kg
W_lnd_gear_nose: 65 kg
W_flight_control: 366 kg
W_electric_system: 300 kg
W_iae: 136 kg
W_hydraulics: 120 kg
W_fur: 507 kg
-----------------------
OEM: 3,357 kg
-----------------------
W_tank: 959 kg
W_fuel: 426.2 kg
W_batt: 289.5 kg
-----------------------
W_payload: 1,000 kg
-----------------------
MTOM_grouped (OEM+W_tank+W_fuel+W_batt+W_Powertrain+W_payload): 10,008 kg
MTOM: 10,008 kg
-----------------------

Wing loading (MTOM/S_wing): 239.67 kg/m^2
Power-to-weight (converged): 184.58 W/kg

mdot_H2(cruise): 71.0 g/s
Vtankex: 18.3 m^3
========================== END ==============================


=============================================================
Execution time: 105.5 seconds
=============================================================
