ADRpy constraint sizing (min_combined_pw): W/S=2350.0 Pa (239.63 kg/m^2), P/W_TO=0.11889 kW/kg, P/W_climb=0.13257 kW/kg, P/W_cruise=0.09211 kW/kg
======================================================
======================= ITER 1 =======================
Reynolds_number: 9,130,142
Stack prop output power: 500 kW, Pcomp: 46.9 kW
Cell efficiency: 0.296, Output efficiency: 0.257
mdot_h2: 13.10 g/s
Reynolds_number: 9,130,142
Stack prop output power: 364 kW, Pcomp: 34.1 kW
Cell efficiency: 0.296, Output efficiency: 0.257
mdot_h2: 9.52 g/s
Reynolds_number: 9,130,142
Stack prop output power: 351 kW, Pcomp: 32.9 kW
Cell efficiency: 0.296, Output efficiency: 0.257
mdot_h2: 9.19 g/s
Reynolds_number: 9,130,142
Stack prop output power: 350 kW, Pcomp: 32.8 kW
Cell efficiency: 0.296, Output efficiency: 0.257
mdot_h2: 9.16 g/s
Reynolds_number: 9,130,142
Stack prop output power: 387 kW, Pcomp: 3.6 kW
Cell efficiency: 0.256, Output efficiency: 0.241
mdot_h2: 10.80 g/s
Reynolds_number: 9,130,142
Stack prop output power: 343 kW, Pcomp: 3.2 kW
Cell efficiency: 0.256, Output efficiency: 0.241
mdot_h2: 9.57 g/s
Reynolds_number: 6,709,346
Stack prop output power: 399 kW, Pcomp: 3.5 kW
Cell efficiency: 0.305, Output efficiency: 0.287
mdot_h2: 9.35 g/s
Reynolds_number: 6,709,346
Stack prop output power: 308 kW, Pcomp: 2.7 kW
Cell efficiency: 0.305, Output efficiency: 0.287
mdot_h2: 7.22 g/s
Reynolds_number: 6,709,346
Stack prop output power: 307 kW, Pcomp: 2.7 kW
Cell efficiency: 0.305, Output efficiency: 0.287
mdot_h2: 7.20 g/s
Reynolds_number: 9,130,142
Stack prop output power: 500 kW, Pcomp: 46.9 kW
Cell efficiency: 0.296, Output efficiency: 0.257
mdot_h2: 13.10 g/s
Reynolds_number: 9,130,142
Stack prop output power: 364 kW, Pcomp: 34.1 kW
Cell efficiency: 0.296, Output efficiency: 0.257
mdot_h2: 9.52 g/s
Reynolds_number: 9,130,142
Stack prop output power: 351 kW, Pcomp: 32.9 kW
Cell efficiency: 0.296, Output efficiency: 0.257
mdot_h2: 9.19 g/s
Reynolds_number: 9,130,142
Stack prop output power: 350 kW, Pcomp: 32.8 kW
Cell efficiency: 0.296, Output efficiency: 0.257
mdot_h2: 9.16 g/s
Fuel-cell system mass representative phase: cruise (P_fc_sys=699.059 kW).

-----------------------
ptotal_climb: 911 kW, mtom_est: 5,801 kg, mtom: 5,000 kg, residual: +801.20 kg

MTOM update: initial_bracket_probe_1, relax=1.000 -> mtom_next=5,350.00 kg

======================================================
======================= ITER 2 =======================
Reynolds_number: 9,130,142
Stack prop output power: 350 kW, Pcomp: 32.8 kW
Cell efficiency: 0.296, Output efficiency: 0.257
mdot_h2: 9.15 g/s
Reynolds_number: 9,130,142
Stack prop output power: 372 kW, Pcomp: 34.9 kW
Cell efficiency: 0.296, Output efficiency: 0.257
mdot_h2: 9.73 g/s
Reynolds_number: 9,130,142
Stack prop output power: 374 kW, Pcomp: 35.1 kW
Cell efficiency: 0.296, Output efficiency: 0.257
mdot_h2: 9.79 g/s
Reynolds_number: 9,130,142
Stack prop output power: 335 kW, Pcomp: 3.1 kW
Cell efficiency: 0.256, Output efficiency: 0.241
mdot_h2: 9.34 g/s
Reynolds_number: 9,130,142
Stack prop output power: 366 kW, Pcomp: 3.4 kW
Cell efficiency: 0.256, Output efficiency: 0.241
mdot_h2: 10.22 g/s
Reynolds_number: 6,709,346
Stack prop output power: 300 kW, Pcomp: 2.6 kW
Cell efficiency: 0.305, Output efficiency: 0.287
mdot_h2: 7.03 g/s
Reynolds_number: 6,709,346
Stack prop output power: 328 kW, Pcomp: 2.9 kW
Cell efficiency: 0.305, Output efficiency: 0.287
mdot_h2: 7.70 g/s
Reynolds_number: 9,130,142
Stack prop output power: 350 kW, Pcomp: 32.8 kW
Cell efficiency: 0.296, Output efficiency: 0.257
mdot_h2: 9.15 g/s
Reynolds_number: 9,130,142
Stack prop output power: 372 kW, Pcomp: 34.9 kW
Cell efficiency: 0.296, Output efficiency: 0.257
mdot_h2: 9.73 g/s
Reynolds_number: 9,130,142
Stack prop output power: 374 kW, Pcomp: 35.1 kW
Cell efficiency: 0.296, Output efficiency: 0.257
mdot_h2: 9.79 g/s
Fuel-cell system mass representative phase: cruise (P_fc_sys=747.927 kW).

-----------------------
ptotal_climb: 975 kW, mtom_est: 6,019 kg, mtom: 5,350 kg, residual: +669.42 kg

MTOM update: initial_bracket_probe_2, relax=1.000 -> mtom_next=5,700.00 kg

======================================================
======================= ITER 3 =======================
Reynolds_number: 9,130,142
Stack prop output power: 374 kW, Pcomp: 35.1 kW
Cell efficiency: 0.296, Output efficiency: 0.257
mdot_h2: 9.79 g/s
Reynolds_number: 9,130,142
Stack prop output power: 396 kW, Pcomp: 37.2 kW
Cell efficiency: 0.296, Output efficiency: 0.257
mdot_h2: 10.38 g/s
Reynolds_number: 9,130,142
Stack prop output power: 398 kW, Pcomp: 37.4 kW
Cell efficiency: 0.296, Output efficiency: 0.257
mdot_h2: 10.43 g/s
Reynolds_number: 9,130,142
Stack prop output power: 359 kW, Pcomp: 3.4 kW
Cell efficiency: 0.256, Output efficiency: 0.241
mdot_h2: 10.01 g/s
Reynolds_number: 9,130,142
Stack prop output power: 390 kW, Pcomp: 3.7 kW
Cell efficiency: 0.256, Output efficiency: 0.241
mdot_h2: 10.89 g/s
Reynolds_number: 6,709,346
Stack prop output power: 321 kW, Pcomp: 2.8 kW
Cell efficiency: 0.305, Output efficiency: 0.287
mdot_h2: 7.53 g/s
Reynolds_number: 6,709,346
Stack prop output power: 350 kW, Pcomp: 3.0 kW
Cell efficiency: 0.305, Output efficiency: 0.287
mdot_h2: 8.20 g/s
Reynolds_number: 9,130,142
Stack prop output power: 374 kW, Pcomp: 35.1 kW
Cell efficiency: 0.296, Output efficiency: 0.257
mdot_h2: 9.79 g/s
Reynolds_number: 9,130,142
Stack prop output power: 396 kW, Pcomp: 37.2 kW
Cell efficiency: 0.296, Output efficiency: 0.257
mdot_h2: 10.38 g/s
Reynolds_number: 9,130,142
Stack prop output power: 398 kW, Pcomp: 37.4 kW
Cell efficiency: 0.296, Output efficiency: 0.257
mdot_h2: 10.43 g/s
Fuel-cell system mass representative phase: cruise (P_fc_sys=796.860 kW).

-----------------------
ptotal_climb: 1,039 kW, mtom_est: 6,239 kg, mtom: 5,700 kg, residual: +539.41 kg

MTOM update: fixed_point_prebracket, relax=1.000 -> mtom_next=6,131.52 kg

======================================================
======================= ITER 4 =======================
Reynolds_number: 9,130,142
Stack prop output power: 398 kW, Pcomp: 37.4 kW
Cell efficiency: 0.296, Output efficiency: 0.257
mdot_h2: 10.44 g/s
Reynolds_number: 9,130,142
Stack prop output power: 426 kW, Pcomp: 39.9 kW
Cell efficiency: 0.296, Output efficiency: 0.257
mdot_h2: 11.15 g/s
Reynolds_number: 9,130,142
Stack prop output power: 428 kW, Pcomp: 40.2 kW
Cell efficiency: 0.296, Output efficiency: 0.257
mdot_h2: 11.22 g/s
Reynolds_number: 9,130,142
Stack prop output power: 381 kW, Pcomp: 3.6 kW
Cell efficiency: 0.256, Output efficiency: 0.241
mdot_h2: 10.62 g/s
Reynolds_number: 9,130,142
Stack prop output power: 420 kW, Pcomp: 3.9 kW
Cell efficiency: 0.256, Output efficiency: 0.241
mdot_h2: 11.71 g/s
Reynolds_number: 6,709,346
Stack prop output power: 341 kW, Pcomp: 3.0 kW
Cell efficiency: 0.305, Output efficiency: 0.287
mdot_h2: 8.00 g/s
Reynolds_number: 6,709,346
Stack prop output power: 376 kW, Pcomp: 3.3 kW
Cell efficiency: 0.305, Output efficiency: 0.287
mdot_h2: 8.82 g/s
Reynolds_number: 9,130,142
Stack prop output power: 398 kW, Pcomp: 37.4 kW
Cell efficiency: 0.296, Output efficiency: 0.257
mdot_h2: 10.44 g/s
Reynolds_number: 9,130,142
Stack prop output power: 426 kW, Pcomp: 39.9 kW
Cell efficiency: 0.296, Output efficiency: 0.257
mdot_h2: 11.15 g/s
Reynolds_number: 9,130,142
Stack prop output power: 428 kW, Pcomp: 40.2 kW
Cell efficiency: 0.296, Output efficiency: 0.257
mdot_h2: 11.22 g/s
Fuel-cell system mass representative phase: cruise (P_fc_sys=857.181 kW).

-----------------------
ptotal_climb: 1,117 kW, mtom_est: 6,491 kg, mtom: 6,132 kg, residual: +359.87 kg

MTOM update: fixed_point_prebracket, relax=1.000 -> mtom_next=6,419.42 kg

======================================================
======================= ITER 5 =======================
Reynolds_number: 9,130,142
Stack prop output power: 429 kW, Pcomp: 40.2 kW
Cell efficiency: 0.296, Output efficiency: 0.257
mdot_h2: 11.23 g/s
Reynolds_number: 9,130,142
Stack prop output power: 447 kW, Pcomp: 41.9 kW
Cell efficiency: 0.296, Output efficiency: 0.257
mdot_h2: 11.70 g/s
Reynolds_number: 9,130,142
Stack prop output power: 449 kW, Pcomp: 42.1 kW
Cell efficiency: 0.296, Output efficiency: 0.257
mdot_h2: 11.75 g/s
Reynolds_number: 9,130,142
Stack prop output power: 413 kW, Pcomp: 3.9 kW
Cell efficiency: 0.256, Output efficiency: 0.241
mdot_h2: 11.54 g/s
Reynolds_number: 9,130,142
Stack prop output power: 439 kW, Pcomp: 4.1 kW
Cell efficiency: 0.256, Output efficiency: 0.241
mdot_h2: 12.27 g/s
Reynolds_number: 6,709,346
Stack prop output power: 371 kW, Pcomp: 3.2 kW
Cell efficiency: 0.305, Output efficiency: 0.287
mdot_h2: 8.69 g/s
Reynolds_number: 6,709,346
Stack prop output power: 394 kW, Pcomp: 3.4 kW
Cell efficiency: 0.305, Output efficiency: 0.287
mdot_h2: 9.24 g/s
Reynolds_number: 9,130,142
Stack prop output power: 429 kW, Pcomp: 40.2 kW
Cell efficiency: 0.296, Output efficiency: 0.257
mdot_h2: 11.23 g/s
Reynolds_number: 9,130,142
Stack prop output power: 447 kW, Pcomp: 41.9 kW
Cell efficiency: 0.296, Output efficiency: 0.257
mdot_h2: 11.70 g/s
Reynolds_number: 9,130,142
Stack prop output power: 449 kW, Pcomp: 42.1 kW
Cell efficiency: 0.296, Output efficiency: 0.257
mdot_h2: 11.75 g/s
Fuel-cell system mass representative phase: cruise (P_fc_sys=897.447 kW).

-----------------------
ptotal_climb: 1,170 kW, mtom_est: 6,696 kg, mtom: 6,419 kg, residual: +276.19 kg

MTOM update: fixed_point_prebracket, relax=1.000 -> mtom_next=6,640.37 kg

======================================================
======================= ITER 6 =======================
Reynolds_number: 9,130,142
Stack prop output power: 449 kW, Pcomp: 42.1 kW
Cell efficiency: 0.296, Output efficiency: 0.257
mdot_h2: 11.75 g/s
Reynolds_number: 9,130,142
Stack prop output power: 463 kW, Pcomp: 43.4 kW
Cell efficiency: 0.296, Output efficiency: 0.257
mdot_h2: 12.12 g/s
Reynolds_number: 9,130,142
Stack prop output power: 464 kW, Pcomp: 43.5 kW
Cell efficiency: 0.296, Output efficiency: 0.257
mdot_h2: 12.15 g/s
Reynolds_number: 9,130,142
Stack prop output power: 435 kW, Pcomp: 4.1 kW
Cell efficiency: 0.256, Output efficiency: 0.241
mdot_h2: 12.13 g/s
Reynolds_number: 9,130,142
Stack prop output power: 455 kW, Pcomp: 4.3 kW
Cell efficiency: 0.256, Output efficiency: 0.241
mdot_h2: 12.69 g/s
Reynolds_number: 6,709,346
Stack prop output power: 390 kW, Pcomp: 3.4 kW
Cell efficiency: 0.305, Output efficiency: 0.287
mdot_h2: 9.14 g/s
Reynolds_number: 6,709,346
Stack prop output power: 407 kW, Pcomp: 3.5 kW
Cell efficiency: 0.305, Output efficiency: 0.287
mdot_h2: 9.55 g/s
Reynolds_number: 9,130,142
Stack prop output power: 449 kW, Pcomp: 42.1 kW
Cell efficiency: 0.296, Output efficiency: 0.257
mdot_h2: 11.75 g/s
Reynolds_number: 9,130,142
Stack prop output power: 463 kW, Pcomp: 43.4 kW
Cell efficiency: 0.296, Output efficiency: 0.257
mdot_h2: 12.12 g/s
Reynolds_number: 9,130,142
Stack prop output power: 464 kW, Pcomp: 43.5 kW
Cell efficiency: 0.296, Output efficiency: 0.257
mdot_h2: 12.15 g/s
Fuel-cell system mass representative phase: cruise (P_fc_sys=928.345 kW).

-----------------------
ptotal_climb: 1,210 kW, mtom_est: 6,836 kg, mtom: 6,640 kg, residual: +195.33 kg

MTOM update: fixed_point_prebracket, relax=1.000 -> mtom_next=6,796.64 kg

======================================================
======================= ITER 7 =======================
Reynolds_number: 9,130,142
Stack prop output power: 464 kW, Pcomp: 43.5 kW
Cell efficiency: 0.296, Output efficiency: 0.257
mdot_h2: 12.16 g/s
Reynolds_number: 9,130,142
Stack prop output power: 474 kW, Pcomp: 44.5 kW
Cell efficiency: 0.296, Output efficiency: 0.257
mdot_h2: 12.42 g/s
Reynolds_number: 9,130,142
Stack prop output power: 475 kW, Pcomp: 44.6 kW
Cell efficiency: 0.296, Output efficiency: 0.257
mdot_h2: 12.44 g/s
Reynolds_number: 9,130,142
Stack prop output power: 451 kW, Pcomp: 4.2 kW
Cell efficiency: 0.256, Output efficiency: 0.241
mdot_h2: 12.60 g/s
Reynolds_number: 9,130,142
Stack prop output power: 465 kW, Pcomp: 4.4 kW
Cell efficiency: 0.256, Output efficiency: 0.241
mdot_h2: 12.99 g/s
Reynolds_number: 6,709,346
Stack prop output power: 404 kW, Pcomp: 3.5 kW
Cell efficiency: 0.305, Output efficiency: 0.287
mdot_h2: 9.48 g/s
Reynolds_number: 6,709,346
Stack prop output power: 417 kW, Pcomp: 3.6 kW
Cell efficiency: 0.305, Output efficiency: 0.287
mdot_h2: 9.78 g/s
Reynolds_number: 9,130,142
Stack prop output power: 464 kW, Pcomp: 43.5 kW
Cell efficiency: 0.296, Output efficiency: 0.257
mdot_h2: 12.16 g/s
Reynolds_number: 9,130,142
Stack prop output power: 474 kW, Pcomp: 44.5 kW
Cell efficiency: 0.296, Output efficiency: 0.257
mdot_h2: 12.42 g/s
Reynolds_number: 9,130,142
Stack prop output power: 475 kW, Pcomp: 44.6 kW
Cell efficiency: 0.296, Output efficiency: 0.257
mdot_h2: 12.44 g/s
Fuel-cell system mass representative phase: cruise (P_fc_sys=950.200 kW).

-----------------------
ptotal_climb: 1,238 kW, mtom_est: 6,935 kg, mtom: 6,797 kg, residual: +138.10 kg

MTOM update: fixed_point_prebracket, relax=1.000 -> mtom_next=6,907.11 kg

======================================================
======================= ITER 8 =======================
Reynolds_number: 9,130,142
Stack prop output power: 475 kW, Pcomp: 44.6 kW
Cell efficiency: 0.296, Output efficiency: 0.257
mdot_h2: 12.44 g/s
Reynolds_number: 9,130,142
Stack prop output power: 482 kW, Pcomp: 45.2 kW
Cell efficiency: 0.296, Output efficiency: 0.257
mdot_h2: 12.63 g/s
Reynolds_number: 9,130,142
Stack prop output power: 483 kW, Pcomp: 45.3 kW
Cell efficiency: 0.296, Output efficiency: 0.257
mdot_h2: 12.64 g/s
Reynolds_number: 9,130,142
Stack prop output power: 463 kW, Pcomp: 4.3 kW
Cell efficiency: 0.256, Output efficiency: 0.241
mdot_h2: 12.92 g/s
Reynolds_number: 9,130,142
Stack prop output power: 473 kW, Pcomp: 4.4 kW
Cell efficiency: 0.256, Output efficiency: 0.241
mdot_h2: 13.20 g/s
Reynolds_number: 6,709,346
Stack prop output power: 415 kW, Pcomp: 3.6 kW
Cell efficiency: 0.305, Output efficiency: 0.287
mdot_h2: 9.73 g/s
Reynolds_number: 6,709,346
Stack prop output power: 424 kW, Pcomp: 3.7 kW
Cell efficiency: 0.305, Output efficiency: 0.287
mdot_h2: 9.94 g/s
Reynolds_number: 9,130,142
Stack prop output power: 475 kW, Pcomp: 44.6 kW
Cell efficiency: 0.296, Output efficiency: 0.257
mdot_h2: 12.44 g/s
Reynolds_number: 9,130,142
Stack prop output power: 482 kW, Pcomp: 45.2 kW
Cell efficiency: 0.296, Output efficiency: 0.257
mdot_h2: 12.63 g/s
Reynolds_number: 9,130,142
Stack prop output power: 483 kW, Pcomp: 45.3 kW
Cell efficiency: 0.296, Output efficiency: 0.257
mdot_h2: 12.64 g/s
Fuel-cell system mass representative phase: cruise (P_fc_sys=965.650 kW).

-----------------------
ptotal_climb: 1,259 kW, mtom_est: 7,005 kg, mtom: 6,907 kg, residual: +97.87 kg

MTOM update: fixed_point_prebracket, relax=1.000 -> mtom_next=6,985.41 kg

======================================================
======================= ITER 9 =======================
Reynolds_number: 9,130,142
Stack prop output power: 483 kW, Pcomp: 45.3 kW
Cell efficiency: 0.296, Output efficiency: 0.257
mdot_h2: 12.65 g/s
Reynolds_number: 9,130,142
Stack prop output power: 488 kW, Pcomp: 45.8 kW
Cell efficiency: 0.296, Output efficiency: 0.257
mdot_h2: 12.78 g/s
Reynolds_number: 9,130,142
Stack prop output power: 471 kW, Pcomp: 4.4 kW
Cell efficiency: 0.256, Output efficiency: 0.241
mdot_h2: 13.16 g/s
Reynolds_number: 9,130,142
Stack prop output power: 478 kW, Pcomp: 4.5 kW
Cell efficiency: 0.256, Output efficiency: 0.241
mdot_h2: 13.35 g/s
Reynolds_number: 6,709,346
Stack prop output power: 422 kW, Pcomp: 3.7 kW
Cell efficiency: 0.305, Output efficiency: 0.287
mdot_h2: 9.90 g/s
Reynolds_number: 6,709,346
Stack prop output power: 429 kW, Pcomp: 3.7 kW
Cell efficiency: 0.305, Output efficiency: 0.287
mdot_h2: 10.05 g/s
Reynolds_number: 9,130,142
Stack prop output power: 483 kW, Pcomp: 45.3 kW
Cell efficiency: 0.296, Output efficiency: 0.257
mdot_h2: 12.65 g/s
Reynolds_number: 9,130,142
Stack prop output power: 488 kW, Pcomp: 45.8 kW
Cell efficiency: 0.296, Output efficiency: 0.257
mdot_h2: 12.78 g/s
Fuel-cell system mass representative phase: cruise (P_fc_sys=976.513 kW).

-----------------------
ptotal_climb: 1,273 kW, mtom_est: 7,052 kg, mtom: 6,985 kg, residual: +66.91 kg

MTOM update: newton_prebracket, relax=1.000 -> mtom_next=7,154.62 kg

======================================================
======================= ITER 10 =======================
Reynolds_number: 9,130,142
Stack prop output power: 488 kW, Pcomp: 45.8 kW
Cell efficiency: 0.296, Output efficiency: 0.257
mdot_h2: 12.79 g/s
Reynolds_number: 9,130,142
Stack prop output power: 499 kW, Pcomp: 46.8 kW
Cell efficiency: 0.296, Output efficiency: 0.257
mdot_h2: 13.07 g/s
Reynolds_number: 9,130,142
Stack prop output power: 500 kW, Pcomp: 46.9 kW
Cell efficiency: 0.296, Output efficiency: 0.257
mdot_h2: 13.10 g/s
Reynolds_number: 9,130,142
Stack prop output power: 475 kW, Pcomp: 4.4 kW
Cell efficiency: 0.256, Output efficiency: 0.241
mdot_h2: 13.25 g/s
Reynolds_number: 9,130,142
Stack prop output power: 490 kW, Pcomp: 4.6 kW
Cell efficiency: 0.256, Output efficiency: 0.241
mdot_h2: 13.67 g/s
Reynolds_number: 6,709,346
Stack prop output power: 425 kW, Pcomp: 3.7 kW
Cell efficiency: 0.305, Output efficiency: 0.287
mdot_h2: 9.97 g/s
Reynolds_number: 6,709,346
Stack prop output power: 439 kW, Pcomp: 3.8 kW
Cell efficiency: 0.305, Output efficiency: 0.287
mdot_h2: 10.30 g/s
Reynolds_number: 9,130,142
Stack prop output power: 488 kW, Pcomp: 45.8 kW
Cell efficiency: 0.296, Output efficiency: 0.257
mdot_h2: 12.79 g/s
Reynolds_number: 9,130,142
Stack prop output power: 499 kW, Pcomp: 46.8 kW
Cell efficiency: 0.296, Output efficiency: 0.257
mdot_h2: 13.07 g/s
Reynolds_number: 9,130,142
Stack prop output power: 500 kW, Pcomp: 46.9 kW
Cell efficiency: 0.296, Output efficiency: 0.257
mdot_h2: 13.10 g/s
Fuel-cell system mass representative phase: cruise (P_fc_sys=1000.246 kW).

-----------------------
ptotal_climb: 1,304 kW, mtom_est: 7,162 kg, mtom: 7,155 kg, residual: +7.84 kg

MTOM update: newton_prebracket, relax=1.000 -> mtom_next=7,177.07 kg

======================================================
======================= ITER 11 =======================
Reynolds_number: 9,130,142
Stack prop output power: 500 kW, Pcomp: 46.9 kW
Cell efficiency: 0.296, Output efficiency: 0.257
mdot_h2: 13.10 g/s
Reynolds_number: 9,130,142
Stack prop output power: 502 kW, Pcomp: 47.1 kW
Cell efficiency: 0.296, Output efficiency: 0.257
mdot_h2: 13.14 g/s
Reynolds_number: 9,130,142
Stack prop output power: 490 kW, Pcomp: 4.6 kW
Cell efficiency: 0.256, Output efficiency: 0.241
mdot_h2: 13.66 g/s
Reynolds_number: 9,130,142
Stack prop output power: 492 kW, Pcomp: 4.6 kW
Cell efficiency: 0.256, Output efficiency: 0.241
mdot_h2: 13.72 g/s
Reynolds_number: 6,709,346
Stack prop output power: 439 kW, Pcomp: 3.8 kW
Cell efficiency: 0.305, Output efficiency: 0.287
mdot_h2: 10.29 g/s
Reynolds_number: 6,709,346
Stack prop output power: 441 kW, Pcomp: 3.8 kW
Cell efficiency: 0.305, Output efficiency: 0.287
mdot_h2: 10.33 g/s
Reynolds_number: 9,130,142
Stack prop output power: 500 kW, Pcomp: 46.9 kW
Cell efficiency: 0.296, Output efficiency: 0.257
mdot_h2: 13.10 g/s
Reynolds_number: 9,130,142
Stack prop output power: 502 kW, Pcomp: 47.1 kW
Cell efficiency: 0.296, Output efficiency: 0.257
mdot_h2: 13.14 g/s
Fuel-cell system mass representative phase: cruise (P_fc_sys=1003.378 kW).

-----------------------
ptotal_climb: 1,308 kW, mtom_est: 7,182 kg, mtom: 7,177 kg, residual: +4.79 kg


CONVERGED

CONVERGED STATE [MTOM iteration 11]
  MTOM=7,182 kg | Wing loading=239.79 kg/m^2 | P/W(climb)=182.10 W/kg
  Phase power: climb=1,307.8 kW | cruise=1,003.4 kW | takeoff=1,172.3 kW | cruise+charger=1,003.4 kW
  Power split (climb): FC=973.9 kW | Battery=324.6 kW | Compressor=9.2 kW | Cooling=459.1 kW | H2=27.442 g/s
  Compressor max across phases: 94.1 kW (cruise)
  FC representative phase (mass sizing): cruise (1,003.4 kW)
  Mass summary: MTOM=7,182 kg | Powertrain=2,022 kg | Tank=766.9 kg | Fuel=340.8 kg | Battery=328.4 kg | Nacelle power density=0.58 kW/kg
  Geometry: Main wing area=29.95 m^2 | Horizontal tail area=3.969 m^2 | Horizontal tail location=13.900 m | Vertical tail area=4.010 m^2 | Vertical tail location=13.466 m
  Config: wing loading input=239.63 kg/m^2 | P/W TO/Cl/Cr=0.11889/0.13257/0.09211 kW/kg

=============================================================
========================= CONVERGED =========================
=============================================================
Constraint sizing: ENABLED (min_combined_pw)
Input W/S: 239.63 kg/m^2 (2,350.0 Pa)
Input P/W [kW/kg]: takeoff 0.11889, climb 0.13257, cruise 0.09211
-------------------------------------------------------------

Mission Time
Climb time: 13.67 min (0.23 h)
Cruise time: 199.14 min (3.32 h)
Total flight time: 234.81 min (3.91 h)

Phase Power Breakdown
Phase      Time[min]     Total[kW]    FC Stack[kW]   Battery[kW]   Compressor[kW]   Cooling[kW]
-----------------------------------------------------------------------------------------------
ready           0.00          65.4            65.4           0.0              0.0           0.0
taxi            5.00         130.8           130.8           0.0              0.0           0.0
takeoff         1.00       1,172.3           873.5         291.2              7.7         324.7
climb          13.67       1,307.8           973.9         324.6              9.2         459.1
cruise        199.14       1,003.4           909.3           0.0             94.1         417.7
loiter         15.00         100.3            90.9           0.0              9.4          41.8
landing         1.00           0.0             0.0           0.0              0.0           0.0

Pcomp_max (solved phases): 94.1 kW (cruise)
Pnet (climb): 1,181 kW
Pelectricnet (climb): 1,299 kW
eta_pt: 0.9031

Geometry
S_wing: 29.95 m^2
b_wing: 16.42 m
Lfus: 15.84 m
Ltank: 6.83 m
S_HT: 3.97 m^2
S_VT: 4.01 m^2
b_HT: 4.23 m
b_VT: 2.76 m
X_HT_act: 13.90 m
X_VT_act: 13.47 m

One Nacelle (1/2)
Stack(1/2): 300 kg, Compressor: 181 kg, Humidifier: 109 kg, HX: 278 kg
W_FCS_single_nacelle (W_Stack+W_Compressor+W_Humidifier+W_Hx): 868 kg
Representative FC phase: cruise
Specific Power of Nacelle System: 0.578 kW/kg
dim_hx: dX=1.221 m, dY=1.221 m, dZ=0.209 m
dim_stack: dX=0.369 m, dY=0.301 m, dZ=0.301 m

ALL Nacelles
W_FCS_total: 1,736 kg
W_PMAD: 115 kg
W_Motors: 172 kg

-----------------------
W_Powertrain (W_FCS_total+W_PMAD+W_Motors): 2,022 kg
-----------------------
W_wing: 510 kg
W_Htail: 31 kg
W_Vtail: 59 kg
W_fuselage: 495 kg
W_lnd_gear_main: 243 kg
W_lnd_gear_nose: 65 kg
W_flight_control: 366 kg
W_electric_system: 300 kg
W_iae: 101 kg
W_hydraulics: 86 kg
W_fur: 467 kg
-----------------------
OEM: 2,723 kg
-----------------------
W_tank: 767 kg
W_fuel: 340.8 kg
W_batt: 328.4 kg
-----------------------
W_payload: 1,000 kg
-----------------------
MTOM_grouped (OEM+W_tank+W_fuel+W_batt+W_Powertrain+W_payload): 7,182 kg
MTOM: 7,182 kg
-----------------------

Wing loading (MTOM/S_wing): 239.79 kg/m^2
Power-to-weight (converged): 182.10 W/kg

mdot_H2(cruise): 26.3 g/s
Vtankex: 14.6 m^3
========================== END ==============================


=============================================================
Execution time: 107.5 seconds
=============================================================
