ADRpy constraint sizing (min_combined_pw): W/S=2350.0 Pa (239.63 kg/m^2), P/W_TO=0.11889 kW/kg, P/W_climb=0.13478 kW/kg, P/W_cruise=0.34754 kW/kg
======================================================
======================= ITER 1 =======================
Reynolds_number: 17,448,192
Stack prop output power: 500 kW, Pcomp: 26.0 kW
Cell efficiency: 0.308, Output efficiency: 0.278
mdot_h2: 12.11 g/s
Reynolds_number: 17,448,192
Stack prop output power: 1,221 kW, Pcomp: 63.5 kW
Cell efficiency: 0.308, Output efficiency: 0.278
mdot_h2: 29.56 g/s
Reynolds_number: 17,448,192
Stack prop output power: 1,258 kW, Pcomp: 65.4 kW
Cell efficiency: 0.308, Output efficiency: 0.278
mdot_h2: 30.47 g/s
Reynolds_number: 17,448,192
Stack prop output power: 1,260 kW, Pcomp: 65.5 kW
Cell efficiency: 0.308, Output efficiency: 0.278
mdot_h2: 30.52 g/s
Reynolds_number: 17,448,192
Stack prop output power: 385 kW, Pcomp: 3.5 kW
Cell efficiency: 0.291, Output efficiency: 0.274
mdot_h2: 9.45 g/s
Reynolds_number: 17,448,192
Stack prop output power: 348 kW, Pcomp: 3.1 kW
Cell efficiency: 0.291, Output efficiency: 0.274
mdot_h2: 8.55 g/s
Reynolds_number: 6,709,346
Stack prop output power: 399 kW, Pcomp: 3.5 kW
Cell efficiency: 0.305, Output efficiency: 0.287
mdot_h2: 9.35 g/s
Reynolds_number: 6,709,346
Stack prop output power: 308 kW, Pcomp: 2.7 kW
Cell efficiency: 0.305, Output efficiency: 0.287
mdot_h2: 7.22 g/s
Reynolds_number: 6,709,346
Stack prop output power: 307 kW, Pcomp: 2.7 kW
Cell efficiency: 0.305, Output efficiency: 0.287
mdot_h2: 7.20 g/s
Reynolds_number: 17,448,192
Stack prop output power: 500 kW, Pcomp: 26.0 kW
Cell efficiency: 0.308, Output efficiency: 0.278
mdot_h2: 12.11 g/s
Reynolds_number: 17,448,192
Stack prop output power: 1,221 kW, Pcomp: 63.5 kW
Cell efficiency: 0.308, Output efficiency: 0.278
mdot_h2: 29.56 g/s
Reynolds_number: 17,448,192
Stack prop output power: 1,258 kW, Pcomp: 65.4 kW
Cell efficiency: 0.308, Output efficiency: 0.278
mdot_h2: 30.47 g/s
Reynolds_number: 17,448,192
Stack prop output power: 1,260 kW, Pcomp: 65.5 kW
Cell efficiency: 0.308, Output efficiency: 0.278
mdot_h2: 30.52 g/s
Fuel-cell system mass representative phase: cruise (P_fc_sys=2521.044 kW).

-----------------------
ptotal_climb: 926 kW, mtom_est: 7,700 kg, mtom: 5,000 kg, residual: +2,699.84 kg

MTOM update: initial_bracket_probe_1, relax=1.000 -> mtom_next=5,475.00 kg

======================================================
======================= ITER 2 =======================
Reynolds_number: 17,448,192
Stack prop output power: 1,261 kW, Pcomp: 65.5 kW
Cell efficiency: 0.308, Output efficiency: 0.278
mdot_h2: 30.52 g/s
Reynolds_number: 17,448,192
Stack prop output power: 1,374 kW, Pcomp: 71.4 kW
Cell efficiency: 0.308, Output efficiency: 0.278
mdot_h2: 33.27 g/s
Reynolds_number: 17,448,192
Stack prop output power: 1,380 kW, Pcomp: 71.7 kW
Cell efficiency: 0.308, Output efficiency: 0.278
mdot_h2: 33.41 g/s
Reynolds_number: 17,448,192
Stack prop output power: 337 kW, Pcomp: 3.0 kW
Cell efficiency: 0.291, Output efficiency: 0.274
mdot_h2: 8.28 g/s
Reynolds_number: 17,448,192
Stack prop output power: 381 kW, Pcomp: 3.4 kW
Cell efficiency: 0.291, Output efficiency: 0.274
mdot_h2: 9.35 g/s
Reynolds_number: 6,709,346
Stack prop output power: 297 kW, Pcomp: 2.6 kW
Cell efficiency: 0.305, Output efficiency: 0.287
mdot_h2: 6.97 g/s
Reynolds_number: 6,709,346
Stack prop output power: 336 kW, Pcomp: 2.9 kW
Cell efficiency: 0.305, Output efficiency: 0.287
mdot_h2: 7.87 g/s
Reynolds_number: 17,448,192
Stack prop output power: 1,261 kW, Pcomp: 65.5 kW
Cell efficiency: 0.308, Output efficiency: 0.278
mdot_h2: 30.52 g/s
Reynolds_number: 17,448,192
Stack prop output power: 1,374 kW, Pcomp: 71.4 kW
Cell efficiency: 0.308, Output efficiency: 0.278
mdot_h2: 33.27 g/s
Reynolds_number: 17,448,192
Stack prop output power: 1,380 kW, Pcomp: 71.7 kW
Cell efficiency: 0.308, Output efficiency: 0.278
mdot_h2: 33.41 g/s
Fuel-cell system mass representative phase: cruise (P_fc_sys=2760.522 kW).

-----------------------
ptotal_climb: 1,014 kW, mtom_est: 8,188 kg, mtom: 5,475 kg, residual: +2,712.75 kg

MTOM update: initial_bracket_probe_2, relax=0.300 -> mtom_next=5,950.00 kg

======================================================
======================= ITER 3 =======================
Reynolds_number: 17,448,192
Stack prop output power: 1,380 kW, Pcomp: 71.7 kW
Cell efficiency: 0.308, Output efficiency: 0.278
mdot_h2: 33.42 g/s
Reynolds_number: 17,448,192
Stack prop output power: 1,494 kW, Pcomp: 77.6 kW
Cell efficiency: 0.308, Output efficiency: 0.278
mdot_h2: 36.17 g/s
Reynolds_number: 17,448,192
Stack prop output power: 1,500 kW, Pcomp: 78.0 kW
Cell efficiency: 0.308, Output efficiency: 0.278
mdot_h2: 36.31 g/s
Reynolds_number: 17,448,192
Stack prop output power: 370 kW, Pcomp: 3.3 kW
Cell efficiency: 0.291, Output efficiency: 0.274
mdot_h2: 9.09 g/s
Reynolds_number: 17,448,192
Stack prop output power: 414 kW, Pcomp: 3.7 kW
Cell efficiency: 0.291, Output efficiency: 0.274
mdot_h2: 10.16 g/s
Reynolds_number: 6,709,346
Stack prop output power: 326 kW, Pcomp: 2.8 kW
Cell efficiency: 0.305, Output efficiency: 0.287
mdot_h2: 7.65 g/s
Reynolds_number: 6,709,346
Stack prop output power: 365 kW, Pcomp: 3.2 kW
Cell efficiency: 0.305, Output efficiency: 0.287
mdot_h2: 8.56 g/s
Reynolds_number: 17,448,192
Stack prop output power: 1,380 kW, Pcomp: 71.7 kW
Cell efficiency: 0.308, Output efficiency: 0.278
mdot_h2: 33.42 g/s
Reynolds_number: 17,448,192
Stack prop output power: 1,494 kW, Pcomp: 77.6 kW
Cell efficiency: 0.308, Output efficiency: 0.278
mdot_h2: 36.17 g/s
Reynolds_number: 17,448,192
Stack prop output power: 1,500 kW, Pcomp: 78.0 kW
Cell efficiency: 0.308, Output efficiency: 0.278
mdot_h2: 36.31 g/s
Fuel-cell system mass representative phase: cruise (P_fc_sys=3000.022 kW).

-----------------------
ptotal_climb: 1,102 kW, mtom_est: 8,677 kg, mtom: 5,950 kg, residual: +2,727.39 kg

MTOM update: initial_bracket_probe_3, relax=0.090 -> mtom_next=6,545.00 kg

======================================================
======================= ITER 4 =======================
Reynolds_number: 17,448,192
Stack prop output power: 1,500 kW, Pcomp: 78.0 kW
Cell efficiency: 0.308, Output efficiency: 0.278
mdot_h2: 36.32 g/s
Reynolds_number: 17,448,192
Stack prop output power: 1,642 kW, Pcomp: 85.4 kW
Cell efficiency: 0.308, Output efficiency: 0.278
mdot_h2: 39.76 g/s
Reynolds_number: 17,448,192
Stack prop output power: 1,650 kW, Pcomp: 85.7 kW
Cell efficiency: 0.308, Output efficiency: 0.278
mdot_h2: 39.94 g/s
Reynolds_number: 17,448,192
Stack prop output power: 400 kW, Pcomp: 3.6 kW
Cell efficiency: 0.291, Output efficiency: 0.274
mdot_h2: 9.83 g/s
Reynolds_number: 17,448,192
Stack prop output power: 455 kW, Pcomp: 4.1 kW
Cell efficiency: 0.291, Output efficiency: 0.274
mdot_h2: 11.17 g/s
Reynolds_number: 6,709,346
Stack prop output power: 353 kW, Pcomp: 3.1 kW
Cell efficiency: 0.305, Output efficiency: 0.287
mdot_h2: 8.28 g/s
Reynolds_number: 6,709,346
Stack prop output power: 401 kW, Pcomp: 3.5 kW
Cell efficiency: 0.305, Output efficiency: 0.287
mdot_h2: 9.41 g/s
Reynolds_number: 17,448,192
Stack prop output power: 1,500 kW, Pcomp: 78.0 kW
Cell efficiency: 0.308, Output efficiency: 0.278
mdot_h2: 36.32 g/s
Reynolds_number: 17,448,192
Stack prop output power: 1,642 kW, Pcomp: 85.4 kW
Cell efficiency: 0.308, Output efficiency: 0.278
mdot_h2: 39.76 g/s
Reynolds_number: 17,448,192
Stack prop output power: 1,650 kW, Pcomp: 85.7 kW
Cell efficiency: 0.308, Output efficiency: 0.278
mdot_h2: 39.94 g/s
Fuel-cell system mass representative phase: cruise (P_fc_sys=3300.019 kW).

-----------------------
ptotal_climb: 1,212 kW, mtom_est: 9,292 kg, mtom: 6,545 kg, residual: +2,747.11 kg

MTOM update: initial_bracket_probe_4, relax=0.050 -> mtom_next=7,199.50 kg

======================================================
======================= ITER 5 =======================
Reynolds_number: 17,448,192
Stack prop output power: 1,650 kW, Pcomp: 85.8 kW
Cell efficiency: 0.308, Output efficiency: 0.278
mdot_h2: 39.95 g/s
Reynolds_number: 17,448,192
Stack prop output power: 1,806 kW, Pcomp: 93.9 kW
Cell efficiency: 0.308, Output efficiency: 0.278
mdot_h2: 43.74 g/s
Reynolds_number: 17,448,192
Stack prop output power: 1,815 kW, Pcomp: 94.3 kW
Cell efficiency: 0.308, Output efficiency: 0.278
mdot_h2: 43.93 g/s
Reynolds_number: 17,448,192
Stack prop output power: 441 kW, Pcomp: 4.0 kW
Cell efficiency: 0.291, Output efficiency: 0.274
mdot_h2: 10.81 g/s
Reynolds_number: 17,448,192
Stack prop output power: 501 kW, Pcomp: 4.5 kW
Cell efficiency: 0.291, Output efficiency: 0.274
mdot_h2: 12.29 g/s
Reynolds_number: 17,448,192
Stack prop output power: 501 kW, Pcomp: 4.5 kW
Cell efficiency: 0.291, Output efficiency: 0.274
mdot_h2: 12.30 g/s
Reynolds_number: 6,709,346
Stack prop output power: 388 kW, Pcomp: 3.4 kW
Cell efficiency: 0.305, Output efficiency: 0.287
mdot_h2: 9.11 g/s
Reynolds_number: 6,709,346
Stack prop output power: 441 kW, Pcomp: 3.8 kW
Cell efficiency: 0.305, Output efficiency: 0.287
mdot_h2: 10.35 g/s
Reynolds_number: 17,448,192
Stack prop output power: 1,650 kW, Pcomp: 85.8 kW
Cell efficiency: 0.308, Output efficiency: 0.278
mdot_h2: 39.95 g/s
Reynolds_number: 17,448,192
Stack prop output power: 1,806 kW, Pcomp: 93.9 kW
Cell efficiency: 0.308, Output efficiency: 0.278
mdot_h2: 43.74 g/s
Reynolds_number: 17,448,192
Stack prop output power: 1,815 kW, Pcomp: 94.3 kW
Cell efficiency: 0.308, Output efficiency: 0.278
mdot_h2: 43.93 g/s
Fuel-cell system mass representative phase: cruise (P_fc_sys=3630.021 kW).

-----------------------
ptotal_climb: 1,333 kW, mtom_est: 9,957 kg, mtom: 7,200 kg, residual: +2,757.41 kg

MTOM update: fixed_point_prebracket, relax=0.050 -> mtom_next=7,919.45 kg

======================================================
======================= ITER 6 =======================
Reynolds_number: 17,448,192
Stack prop output power: 1,815 kW, Pcomp: 94.3 kW
Cell efficiency: 0.308, Output efficiency: 0.278
mdot_h2: 43.94 g/s
Reynolds_number: 17,448,192
Stack prop output power: 1,987 kW, Pcomp: 103.3 kW
Cell efficiency: 0.308, Output efficiency: 0.278
mdot_h2: 48.11 g/s
Reynolds_number: 17,448,192
Stack prop output power: 1,996 kW, Pcomp: 103.8 kW
Cell efficiency: 0.308, Output efficiency: 0.278
mdot_h2: 48.33 g/s
Reynolds_number: 17,448,192
Stack prop output power: 485 kW, Pcomp: 4.3 kW
Cell efficiency: 0.291, Output efficiency: 0.274
mdot_h2: 11.90 g/s
Reynolds_number: 17,448,192
Stack prop output power: 551 kW, Pcomp: 4.9 kW
Cell efficiency: 0.291, Output efficiency: 0.274
mdot_h2: 13.52 g/s
Reynolds_number: 17,448,192
Stack prop output power: 551 kW, Pcomp: 4.9 kW
Cell efficiency: 0.291, Output efficiency: 0.274
mdot_h2: 13.53 g/s
Reynolds_number: 6,709,346
Stack prop output power: 427 kW, Pcomp: 3.7 kW
Cell efficiency: 0.305, Output efficiency: 0.287
mdot_h2: 10.02 g/s
Reynolds_number: 6,709,346
Stack prop output power: 486 kW, Pcomp: 4.2 kW
Cell efficiency: 0.305, Output efficiency: 0.287
mdot_h2: 11.39 g/s
Reynolds_number: 6,709,346
Stack prop output power: 486 kW, Pcomp: 4.2 kW
Cell efficiency: 0.305, Output efficiency: 0.287
mdot_h2: 11.40 g/s
Reynolds_number: 17,448,192
Stack prop output power: 1,815 kW, Pcomp: 94.3 kW
Cell efficiency: 0.308, Output efficiency: 0.278
mdot_h2: 43.94 g/s
Reynolds_number: 17,448,192
Stack prop output power: 1,987 kW, Pcomp: 103.3 kW
Cell efficiency: 0.308, Output efficiency: 0.278
mdot_h2: 48.11 g/s
Reynolds_number: 17,448,192
Stack prop output power: 1,996 kW, Pcomp: 103.8 kW
Cell efficiency: 0.308, Output efficiency: 0.278
mdot_h2: 48.33 g/s
Fuel-cell system mass representative phase: cruise (P_fc_sys=3993.023 kW).

-----------------------
ptotal_climb: 1,467 kW, mtom_est: 10,719 kg, mtom: 7,919 kg, residual: +2,799.27 kg

MTOM update: fixed_point_prebracket, relax=0.050 -> mtom_next=8,711.40 kg

======================================================
======================= ITER 7 =======================
Reynolds_number: 17,448,192
Stack prop output power: 1,997 kW, Pcomp: 103.8 kW
Cell efficiency: 0.308, Output efficiency: 0.278
mdot_h2: 48.34 g/s
Reynolds_number: 17,448,192
Stack prop output power: 2,186 kW, Pcomp: 113.6 kW
Cell efficiency: 0.308, Output efficiency: 0.278
mdot_h2: 52.92 g/s
Reynolds_number: 17,448,192
Stack prop output power: 2,196 kW, Pcomp: 114.1 kW
Cell efficiency: 0.308, Output efficiency: 0.278
mdot_h2: 53.16 g/s
Reynolds_number: 17,448,192
Stack prop output power: 2,196 kW, Pcomp: 114.2 kW
Cell efficiency: 0.308, Output efficiency: 0.278
mdot_h2: 53.17 g/s
Reynolds_number: 17,448,192
Stack prop output power: 533 kW, Pcomp: 4.8 kW
Cell efficiency: 0.291, Output efficiency: 0.274
mdot_h2: 13.09 g/s
Reynolds_number: 17,448,192
Stack prop output power: 606 kW, Pcomp: 5.4 kW
Cell efficiency: 0.291, Output efficiency: 0.274
mdot_h2: 14.87 g/s
Reynolds_number: 17,448,192
Stack prop output power: 606 kW, Pcomp: 5.4 kW
Cell efficiency: 0.291, Output efficiency: 0.274
mdot_h2: 14.89 g/s
Reynolds_number: 6,709,346
Stack prop output power: 470 kW, Pcomp: 4.1 kW
Cell efficiency: 0.305, Output efficiency: 0.287
mdot_h2: 11.02 g/s
Reynolds_number: 6,709,346
Stack prop output power: 534 kW, Pcomp: 4.7 kW
Cell efficiency: 0.305, Output efficiency: 0.287
mdot_h2: 12.53 g/s
Reynolds_number: 6,709,346
Stack prop output power: 535 kW, Pcomp: 4.7 kW
Cell efficiency: 0.305, Output efficiency: 0.287
mdot_h2: 12.54 g/s
Reynolds_number: 17,448,192
Stack prop output power: 1,997 kW, Pcomp: 103.8 kW
Cell efficiency: 0.308, Output efficiency: 0.278
mdot_h2: 48.34 g/s
Reynolds_number: 17,448,192
Stack prop output power: 2,186 kW, Pcomp: 113.6 kW
Cell efficiency: 0.308, Output efficiency: 0.278
mdot_h2: 52.92 g/s
Reynolds_number: 17,448,192
Stack prop output power: 2,196 kW, Pcomp: 114.1 kW
Cell efficiency: 0.308, Output efficiency: 0.278
mdot_h2: 53.16 g/s
Reynolds_number: 17,448,192
Stack prop output power: 2,196 kW, Pcomp: 114.2 kW
Cell efficiency: 0.308, Output efficiency: 0.278
mdot_h2: 53.17 g/s
Fuel-cell system mass representative phase: cruise (P_fc_sys=4392.379 kW).

-----------------------
ptotal_climb: 1,613 kW, mtom_est: 11,543 kg, mtom: 8,711 kg, residual: +2,831.91 kg

MTOM update: fixed_point_prebracket, relax=0.050 -> mtom_next=9,582.53 kg

======================================================
======================= ITER 8 =======================
Reynolds_number: 17,448,192
Stack prop output power: 2,196 kW, Pcomp: 114.2 kW
Cell efficiency: 0.308, Output efficiency: 0.278
mdot_h2: 53.17 g/s
Reynolds_number: 17,448,192
Stack prop output power: 2,404 kW, Pcomp: 125.0 kW
Cell efficiency: 0.308, Output efficiency: 0.278
mdot_h2: 58.21 g/s
Reynolds_number: 17,448,192
Stack prop output power: 2,415 kW, Pcomp: 125.5 kW
Cell efficiency: 0.308, Output efficiency: 0.278
mdot_h2: 58.47 g/s
Reynolds_number: 17,448,192
Stack prop output power: 2,416 kW, Pcomp: 125.6 kW
Cell efficiency: 0.308, Output efficiency: 0.278
mdot_h2: 58.49 g/s
Reynolds_number: 17,448,192
Stack prop output power: 586 kW, Pcomp: 5.3 kW
Cell efficiency: 0.291, Output efficiency: 0.274
mdot_h2: 14.39 g/s
Reynolds_number: 17,448,192
Stack prop output power: 666 kW, Pcomp: 6.0 kW
Cell efficiency: 0.291, Output efficiency: 0.274
mdot_h2: 16.36 g/s
Reynolds_number: 17,448,192
Stack prop output power: 667 kW, Pcomp: 6.0 kW
Cell efficiency: 0.291, Output efficiency: 0.274
mdot_h2: 16.37 g/s
Reynolds_number: 6,709,346
Stack prop output power: 517 kW, Pcomp: 4.5 kW
Cell efficiency: 0.305, Output efficiency: 0.287
mdot_h2: 12.13 g/s
Reynolds_number: 6,709,346
Stack prop output power: 588 kW, Pcomp: 5.1 kW
Cell efficiency: 0.305, Output efficiency: 0.287
mdot_h2: 13.78 g/s
Reynolds_number: 6,709,346
Stack prop output power: 588 kW, Pcomp: 5.1 kW
Cell efficiency: 0.305, Output efficiency: 0.287
mdot_h2: 13.79 g/s
Reynolds_number: 17,448,192
Stack prop output power: 2,196 kW, Pcomp: 114.2 kW
Cell efficiency: 0.308, Output efficiency: 0.278
mdot_h2: 53.17 g/s
Reynolds_number: 17,448,192
Stack prop output power: 2,404 kW, Pcomp: 125.0 kW
Cell efficiency: 0.308, Output efficiency: 0.278
mdot_h2: 58.21 g/s
Reynolds_number: 17,448,192
Stack prop output power: 2,415 kW, Pcomp: 125.5 kW
Cell efficiency: 0.308, Output efficiency: 0.278
mdot_h2: 58.47 g/s
Reynolds_number: 17,448,192
Stack prop output power: 2,416 kW, Pcomp: 125.6 kW
Cell efficiency: 0.308, Output efficiency: 0.278
mdot_h2: 58.49 g/s
Fuel-cell system mass representative phase: cruise (P_fc_sys=4831.616 kW).

-----------------------
ptotal_climb: 1,775 kW, mtom_est: 12,459 kg, mtom: 9,583 kg, residual: +2,876.28 kg

MTOM update: fixed_point_prebracket, relax=0.050 -> mtom_next=10,540.79 kg

======================================================
======================= ITER 9 =======================
Reynolds_number: 17,448,192
Stack prop output power: 2,416 kW, Pcomp: 125.6 kW
Cell efficiency: 0.308, Output efficiency: 0.278
mdot_h2: 58.49 g/s
Reynolds_number: 17,448,192
Stack prop output power: 2,645 kW, Pcomp: 137.5 kW
Cell efficiency: 0.308, Output efficiency: 0.278
mdot_h2: 64.03 g/s
Reynolds_number: 17,448,192
Stack prop output power: 2,657 kW, Pcomp: 138.1 kW
Cell efficiency: 0.308, Output efficiency: 0.278
mdot_h2: 64.32 g/s
Reynolds_number: 17,448,192
Stack prop output power: 2,657 kW, Pcomp: 138.1 kW
Cell efficiency: 0.308, Output efficiency: 0.278
mdot_h2: 64.34 g/s
Reynolds_number: 17,448,192
Stack prop output power: 645 kW, Pcomp: 5.8 kW
Cell efficiency: 0.291, Output efficiency: 0.274
mdot_h2: 15.83 g/s
Reynolds_number: 17,448,192
Stack prop output power: 733 kW, Pcomp: 6.6 kW
Cell efficiency: 0.291, Output efficiency: 0.274
mdot_h2: 17.99 g/s
Reynolds_number: 17,448,192
Stack prop output power: 734 kW, Pcomp: 6.6 kW
Cell efficiency: 0.291, Output efficiency: 0.274
mdot_h2: 18.01 g/s
Reynolds_number: 6,709,346
Stack prop output power: 569 kW, Pcomp: 5.0 kW
Cell efficiency: 0.305, Output efficiency: 0.287
mdot_h2: 13.34 g/s
Reynolds_number: 6,709,346
Stack prop output power: 646 kW, Pcomp: 5.6 kW
Cell efficiency: 0.305, Output efficiency: 0.287
mdot_h2: 15.16 g/s
Reynolds_number: 6,709,346
Stack prop output power: 647 kW, Pcomp: 5.6 kW
Cell efficiency: 0.305, Output efficiency: 0.287
mdot_h2: 15.17 g/s
Reynolds_number: 17,448,192
Stack prop output power: 2,416 kW, Pcomp: 125.6 kW
Cell efficiency: 0.308, Output efficiency: 0.278
mdot_h2: 58.49 g/s
Reynolds_number: 17,448,192
Stack prop output power: 2,645 kW, Pcomp: 137.5 kW
Cell efficiency: 0.308, Output efficiency: 0.278
mdot_h2: 64.03 g/s
Reynolds_number: 17,448,192
Stack prop output power: 2,657 kW, Pcomp: 138.1 kW
Cell efficiency: 0.308, Output efficiency: 0.278
mdot_h2: 64.32 g/s
Reynolds_number: 17,448,192
Stack prop output power: 2,657 kW, Pcomp: 138.1 kW
Cell efficiency: 0.308, Output efficiency: 0.278
mdot_h2: 64.34 g/s
Fuel-cell system mass representative phase: cruise (P_fc_sys=5314.778 kW).

-----------------------
ptotal_climb: 1,952 kW, mtom_est: 13,455 kg, mtom: 10,541 kg, residual: +2,913.79 kg

MTOM update: fixed_point_prebracket, relax=0.050 -> mtom_next=11,594.87 kg

======================================================
======================= ITER 10 =======================
Reynolds_number: 17,448,192
Stack prop output power: 2,657 kW, Pcomp: 138.1 kW
Cell efficiency: 0.308, Output efficiency: 0.278
mdot_h2: 64.34 g/s
Reynolds_number: 17,448,192
Stack prop output power: 2,909 kW, Pcomp: 151.2 kW
Cell efficiency: 0.308, Output efficiency: 0.278
mdot_h2: 70.44 g/s
Reynolds_number: 17,448,192
Stack prop output power: 2,922 kW, Pcomp: 151.9 kW
Cell efficiency: 0.308, Output efficiency: 0.278
mdot_h2: 70.75 g/s
Reynolds_number: 17,448,192
Stack prop output power: 2,923 kW, Pcomp: 151.9 kW
Cell efficiency: 0.308, Output efficiency: 0.278
mdot_h2: 70.77 g/s
Reynolds_number: 17,448,192
Stack prop output power: 709 kW, Pcomp: 6.4 kW
Cell efficiency: 0.291, Output efficiency: 0.274
mdot_h2: 17.42 g/s
Reynolds_number: 17,448,192
Stack prop output power: 806 kW, Pcomp: 7.2 kW
Cell efficiency: 0.291, Output efficiency: 0.274
mdot_h2: 19.79 g/s
Reynolds_number: 17,448,192
Stack prop output power: 807 kW, Pcomp: 7.2 kW
Cell efficiency: 0.291, Output efficiency: 0.274
mdot_h2: 19.81 g/s
Reynolds_number: 6,709,346
Stack prop output power: 626 kW, Pcomp: 5.4 kW
Cell efficiency: 0.305, Output efficiency: 0.287
mdot_h2: 14.67 g/s
Reynolds_number: 6,709,346
Stack prop output power: 711 kW, Pcomp: 6.2 kW
Cell efficiency: 0.305, Output efficiency: 0.287
mdot_h2: 16.67 g/s
Reynolds_number: 6,709,346
Stack prop output power: 712 kW, Pcomp: 6.2 kW
Cell efficiency: 0.305, Output efficiency: 0.287
mdot_h2: 16.69 g/s
Reynolds_number: 17,448,192
Stack prop output power: 2,657 kW, Pcomp: 138.1 kW
Cell efficiency: 0.308, Output efficiency: 0.278
mdot_h2: 64.34 g/s
Reynolds_number: 17,448,192
Stack prop output power: 2,909 kW, Pcomp: 151.2 kW
Cell efficiency: 0.308, Output efficiency: 0.278
mdot_h2: 70.44 g/s
Reynolds_number: 17,448,192
Stack prop output power: 2,922 kW, Pcomp: 151.9 kW
Cell efficiency: 0.308, Output efficiency: 0.278
mdot_h2: 70.75 g/s
Reynolds_number: 17,448,192
Stack prop output power: 2,923 kW, Pcomp: 151.9 kW
Cell efficiency: 0.308, Output efficiency: 0.278
mdot_h2: 70.77 g/s
Fuel-cell system mass representative phase: cruise (P_fc_sys=5846.256 kW).

-----------------------
ptotal_climb: 2,147 kW, mtom_est: 14,564 kg, mtom: 11,595 kg, residual: +2,968.83 kg

MTOM update: fixed_point_prebracket, relax=0.050 -> mtom_next=12,754.35 kg

======================================================
======================= ITER 11 =======================
Reynolds_number: 17,448,192
Stack prop output power: 2,923 kW, Pcomp: 151.9 kW
Cell efficiency: 0.308, Output efficiency: 0.278
mdot_h2: 70.77 g/s
Reynolds_number: 17,448,192
Stack prop output power: 3,200 kW, Pcomp: 166.3 kW
Cell efficiency: 0.308, Output efficiency: 0.278
mdot_h2: 77.48 g/s
Reynolds_number: 17,448,192
Stack prop output power: 3,215 kW, Pcomp: 167.1 kW
Cell efficiency: 0.308, Output efficiency: 0.278
mdot_h2: 77.83 g/s
Reynolds_number: 17,448,192
Stack prop output power: 3,215 kW, Pcomp: 167.1 kW
Cell efficiency: 0.308, Output efficiency: 0.278
mdot_h2: 77.85 g/s
Reynolds_number: 17,448,192
Stack prop output power: 780 kW, Pcomp: 7.0 kW
Cell efficiency: 0.291, Output efficiency: 0.274
mdot_h2: 19.16 g/s
Reynolds_number: 17,448,192
Stack prop output power: 887 kW, Pcomp: 8.0 kW
Cell efficiency: 0.291, Output efficiency: 0.274
mdot_h2: 21.77 g/s
Reynolds_number: 17,448,192
Stack prop output power: 888 kW, Pcomp: 8.0 kW
Cell efficiency: 0.291, Output efficiency: 0.274
mdot_h2: 21.79 g/s
Reynolds_number: 6,709,346
Stack prop output power: 688 kW, Pcomp: 6.0 kW
Cell efficiency: 0.305, Output efficiency: 0.287
mdot_h2: 16.14 g/s
Reynolds_number: 6,709,346
Stack prop output power: 782 kW, Pcomp: 6.8 kW
Cell efficiency: 0.305, Output efficiency: 0.287
mdot_h2: 18.34 g/s
Reynolds_number: 6,709,346
Stack prop output power: 783 kW, Pcomp: 6.8 kW
Cell efficiency: 0.305, Output efficiency: 0.287
mdot_h2: 18.36 g/s
Reynolds_number: 17,448,192
Stack prop output power: 2,923 kW, Pcomp: 151.9 kW
Cell efficiency: 0.308, Output efficiency: 0.278
mdot_h2: 70.77 g/s
Reynolds_number: 17,448,192
Stack prop output power: 3,200 kW, Pcomp: 166.3 kW
Cell efficiency: 0.308, Output efficiency: 0.278
mdot_h2: 77.48 g/s
Reynolds_number: 17,448,192
Stack prop output power: 3,215 kW, Pcomp: 167.1 kW
Cell efficiency: 0.308, Output efficiency: 0.278
mdot_h2: 77.83 g/s
Reynolds_number: 17,448,192
Stack prop output power: 3,215 kW, Pcomp: 167.1 kW
Cell efficiency: 0.308, Output efficiency: 0.278
mdot_h2: 77.85 g/s
Fuel-cell system mass representative phase: cruise (P_fc_sys=6430.881 kW).

-----------------------
ptotal_climb: 2,362 kW, mtom_est: 15,779 kg, mtom: 12,754 kg, residual: +3,024.59 kg

MTOM update: fixed_point_prebracket, relax=0.050 -> mtom_next=14,029.79 kg

======================================================
======================= ITER 12 =======================
Reynolds_number: 17,448,192
Stack prop output power: 3,215 kW, Pcomp: 167.1 kW
Cell efficiency: 0.308, Output efficiency: 0.278
mdot_h2: 77.85 g/s
Reynolds_number: 17,448,192
Stack prop output power: 3,520 kW, Pcomp: 183.0 kW
Cell efficiency: 0.308, Output efficiency: 0.278
mdot_h2: 85.23 g/s
Reynolds_number: 17,448,192
Stack prop output power: 3,536 kW, Pcomp: 183.8 kW
Cell efficiency: 0.308, Output efficiency: 0.278
mdot_h2: 85.61 g/s
Reynolds_number: 17,448,192
Stack prop output power: 3,537 kW, Pcomp: 183.8 kW
Cell efficiency: 0.308, Output efficiency: 0.278
mdot_h2: 85.63 g/s
Reynolds_number: 17,448,192
Stack prop output power: 858 kW, Pcomp: 7.7 kW
Cell efficiency: 0.291, Output efficiency: 0.274
mdot_h2: 21.07 g/s
Reynolds_number: 17,448,192
Stack prop output power: 976 kW, Pcomp: 8.7 kW
Cell efficiency: 0.291, Output efficiency: 0.274
mdot_h2: 23.95 g/s
Reynolds_number: 17,448,192
Stack prop output power: 977 kW, Pcomp: 8.8 kW
Cell efficiency: 0.291, Output efficiency: 0.274
mdot_h2: 23.97 g/s
Reynolds_number: 6,709,346
Stack prop output power: 757 kW, Pcomp: 6.6 kW
Cell efficiency: 0.305, Output efficiency: 0.287
mdot_h2: 17.75 g/s
Reynolds_number: 6,709,346
Stack prop output power: 860 kW, Pcomp: 7.5 kW
Cell efficiency: 0.305, Output efficiency: 0.287
mdot_h2: 20.17 g/s
Reynolds_number: 6,709,346
Stack prop output power: 861 kW, Pcomp: 7.5 kW
Cell efficiency: 0.305, Output efficiency: 0.287
mdot_h2: 20.19 g/s
Reynolds_number: 17,448,192
Stack prop output power: 3,215 kW, Pcomp: 167.1 kW
Cell efficiency: 0.308, Output efficiency: 0.278
mdot_h2: 77.85 g/s
Reynolds_number: 17,448,192
Stack prop output power: 3,520 kW, Pcomp: 183.0 kW
Cell efficiency: 0.308, Output efficiency: 0.278
mdot_h2: 85.23 g/s
Reynolds_number: 17,448,192
Stack prop output power: 3,536 kW, Pcomp: 183.8 kW
Cell efficiency: 0.308, Output efficiency: 0.278
mdot_h2: 85.61 g/s
Reynolds_number: 17,448,192
Stack prop output power: 3,537 kW, Pcomp: 183.8 kW
Cell efficiency: 0.308, Output efficiency: 0.278
mdot_h2: 85.63 g/s
Fuel-cell system mass representative phase: cruise (P_fc_sys=7073.970 kW).

-----------------------
ptotal_climb: 2,598 kW, mtom_est: 17,123 kg, mtom: 14,030 kg, residual: +3,092.85 kg

MTOM update: fixed_point_prebracket, relax=0.050 -> mtom_next=15,432.77 kg

======================================================
======================= ITER 13 =======================
Reynolds_number: 17,448,192
Stack prop output power: 3,537 kW, Pcomp: 183.8 kW
Cell efficiency: 0.308, Output efficiency: 0.278
mdot_h2: 85.63 g/s
Reynolds_number: 17,448,192
Stack prop output power: 3,872 kW, Pcomp: 201.3 kW
Cell efficiency: 0.308, Output efficiency: 0.278
mdot_h2: 93.75 g/s
Reynolds_number: 17,448,192
Stack prop output power: 3,890 kW, Pcomp: 202.2 kW
Cell efficiency: 0.308, Output efficiency: 0.278
mdot_h2: 94.17 g/s
Reynolds_number: 17,448,192
Stack prop output power: 3,891 kW, Pcomp: 202.2 kW
Cell efficiency: 0.308, Output efficiency: 0.278
mdot_h2: 94.19 g/s
Reynolds_number: 17,448,192
Stack prop output power: 944 kW, Pcomp: 8.5 kW
Cell efficiency: 0.291, Output efficiency: 0.274
mdot_h2: 23.18 g/s
Reynolds_number: 17,448,192
Stack prop output power: 1,073 kW, Pcomp: 9.6 kW
Cell efficiency: 0.291, Output efficiency: 0.274
mdot_h2: 26.34 g/s
Reynolds_number: 17,448,192
Stack prop output power: 1,074 kW, Pcomp: 9.6 kW
Cell efficiency: 0.291, Output efficiency: 0.274
mdot_h2: 26.37 g/s
Reynolds_number: 6,709,346
Stack prop output power: 833 kW, Pcomp: 7.3 kW
Cell efficiency: 0.305, Output efficiency: 0.287
mdot_h2: 19.53 g/s
Reynolds_number: 6,709,346
Stack prop output power: 946 kW, Pcomp: 8.2 kW
Cell efficiency: 0.305, Output efficiency: 0.287
mdot_h2: 22.19 g/s
Reynolds_number: 6,709,346
Stack prop output power: 947 kW, Pcomp: 8.2 kW
Cell efficiency: 0.305, Output efficiency: 0.287
mdot_h2: 22.21 g/s
Reynolds_number: 17,448,192
Stack prop output power: 3,537 kW, Pcomp: 183.8 kW
Cell efficiency: 0.308, Output efficiency: 0.278
mdot_h2: 85.63 g/s
Reynolds_number: 17,448,192
Stack prop output power: 3,872 kW, Pcomp: 201.3 kW
Cell efficiency: 0.308, Output efficiency: 0.278
mdot_h2: 93.75 g/s
Reynolds_number: 17,448,192
Stack prop output power: 3,890 kW, Pcomp: 202.2 kW
Cell efficiency: 0.308, Output efficiency: 0.278
mdot_h2: 94.17 g/s
Reynolds_number: 17,448,192
Stack prop output power: 3,891 kW, Pcomp: 202.2 kW
Cell efficiency: 0.308, Output efficiency: 0.278
mdot_h2: 94.19 g/s
Fuel-cell system mass representative phase: cruise (P_fc_sys=7781.367 kW).

-----------------------
ptotal_climb: 2,858 kW, mtom_est: 18,608 kg, mtom: 15,433 kg, residual: +3,174.88 kg

MTOM update: fixed_point_prebracket, relax=0.050 -> mtom_next=16,976.04 kg

======================================================
======================= ITER 14 =======================
Reynolds_number: 17,448,192
Stack prop output power: 3,891 kW, Pcomp: 202.2 kW
Cell efficiency: 0.308, Output efficiency: 0.278
mdot_h2: 94.20 g/s
Reynolds_number: 17,448,192
Stack prop output power: 4,260 kW, Pcomp: 221.4 kW
Cell efficiency: 0.308, Output efficiency: 0.278
mdot_h2: 103.13 g/s
Reynolds_number: 17,448,192
Stack prop output power: 4,279 kW, Pcomp: 222.4 kW
Cell efficiency: 0.308, Output efficiency: 0.278
mdot_h2: 103.59 g/s
Reynolds_number: 17,448,192
Stack prop output power: 4,280 kW, Pcomp: 222.5 kW
Cell efficiency: 0.308, Output efficiency: 0.278
mdot_h2: 103.61 g/s
Reynolds_number: 17,448,192
Stack prop output power: 1,039 kW, Pcomp: 9.3 kW
Cell efficiency: 0.291, Output efficiency: 0.274
mdot_h2: 25.50 g/s
Reynolds_number: 17,448,192
Stack prop output power: 1,180 kW, Pcomp: 10.6 kW
Cell efficiency: 0.291, Output efficiency: 0.274
mdot_h2: 28.98 g/s
Reynolds_number: 17,448,192
Stack prop output power: 1,182 kW, Pcomp: 10.6 kW
Cell efficiency: 0.291, Output efficiency: 0.274
mdot_h2: 29.01 g/s
Reynolds_number: 6,709,346
Stack prop output power: 916 kW, Pcomp: 8.0 kW
Cell efficiency: 0.305, Output efficiency: 0.287
mdot_h2: 21.48 g/s
Reynolds_number: 6,709,346
Stack prop output power: 1,041 kW, Pcomp: 9.1 kW
Cell efficiency: 0.305, Output efficiency: 0.287
mdot_h2: 24.41 g/s
Reynolds_number: 6,709,346
Stack prop output power: 1,042 kW, Pcomp: 9.1 kW
Cell efficiency: 0.305, Output efficiency: 0.287
mdot_h2: 24.44 g/s
Reynolds_number: 17,448,192
Stack prop output power: 3,891 kW, Pcomp: 202.2 kW
Cell efficiency: 0.308, Output efficiency: 0.278
mdot_h2: 94.20 g/s
Reynolds_number: 17,448,192
Stack prop output power: 4,260 kW, Pcomp: 221.4 kW
Cell efficiency: 0.308, Output efficiency: 0.278
mdot_h2: 103.13 g/s
Reynolds_number: 17,448,192
Stack prop output power: 4,279 kW, Pcomp: 222.4 kW
Cell efficiency: 0.308, Output efficiency: 0.278
mdot_h2: 103.59 g/s
Reynolds_number: 17,448,192
Stack prop output power: 4,280 kW, Pcomp: 222.5 kW
Cell efficiency: 0.308, Output efficiency: 0.278
mdot_h2: 103.61 g/s
Fuel-cell system mass representative phase: cruise (P_fc_sys=8559.503 kW).

-----------------------
ptotal_climb: 3,144 kW, mtom_est: 20,253 kg, mtom: 16,976 kg, residual: +3,277.25 kg

MTOM update: fixed_point_fallback, relax=0.050 -> mtom_next=18,614.67 kg

======================================================
======================= ITER 15 =======================
Reynolds_number: 17,448,192
Stack prop output power: 4,280 kW, Pcomp: 222.5 kW
Cell efficiency: 0.308, Output efficiency: 0.278
mdot_h2: 103.62 g/s
Reynolds_number: 17,448,192
Stack prop output power: 4,671 kW, Pcomp: 242.8 kW
Cell efficiency: 0.308, Output efficiency: 0.278
mdot_h2: 113.10 g/s
Reynolds_number: 17,448,192
Stack prop output power: 4,692 kW, Pcomp: 243.9 kW
Cell efficiency: 0.308, Output efficiency: 0.278
mdot_h2: 113.59 g/s
Reynolds_number: 17,448,192
Stack prop output power: 4,693 kW, Pcomp: 243.9 kW
Cell efficiency: 0.308, Output efficiency: 0.278
mdot_h2: 113.62 g/s
Reynolds_number: 17,448,192
Stack prop output power: 1,144 kW, Pcomp: 10.3 kW
Cell efficiency: 0.291, Output efficiency: 0.274
mdot_h2: 28.08 g/s
Reynolds_number: 17,448,192
Stack prop output power: 1,294 kW, Pcomp: 11.6 kW
Cell efficiency: 0.291, Output efficiency: 0.274
mdot_h2: 31.78 g/s
Reynolds_number: 17,448,192
Stack prop output power: 1,296 kW, Pcomp: 11.6 kW
Cell efficiency: 0.291, Output efficiency: 0.274
mdot_h2: 31.81 g/s
Reynolds_number: 6,709,346
Stack prop output power: 1,009 kW, Pcomp: 8.8 kW
Cell efficiency: 0.305, Output efficiency: 0.287
mdot_h2: 23.66 g/s
Reynolds_number: 6,709,346
Stack prop output power: 1,142 kW, Pcomp: 9.9 kW
Cell efficiency: 0.305, Output efficiency: 0.287
mdot_h2: 26.77 g/s
Reynolds_number: 6,709,346
Stack prop output power: 1,143 kW, Pcomp: 10.0 kW
Cell efficiency: 0.305, Output efficiency: 0.287
mdot_h2: 26.79 g/s
Reynolds_number: 17,448,192
Stack prop output power: 4,280 kW, Pcomp: 222.5 kW
Cell efficiency: 0.308, Output efficiency: 0.278
mdot_h2: 103.62 g/s
Reynolds_number: 17,448,192
Stack prop output power: 4,671 kW, Pcomp: 242.8 kW
Cell efficiency: 0.308, Output efficiency: 0.278
mdot_h2: 113.10 g/s
Reynolds_number: 17,448,192
Stack prop output power: 4,692 kW, Pcomp: 243.9 kW
Cell efficiency: 0.308, Output efficiency: 0.278
mdot_h2: 113.59 g/s
Reynolds_number: 17,448,192
Stack prop output power: 4,693 kW, Pcomp: 243.9 kW
Cell efficiency: 0.308, Output efficiency: 0.278
mdot_h2: 113.62 g/s
Fuel-cell system mass representative phase: cruise (P_fc_sys=9385.716 kW).

-----------------------
ptotal_climb: 3,448 kW, mtom_est: 21,985 kg, mtom: 18,615 kg, residual: +3,370.49 kg

MTOM update: fixed_point_fallback, relax=0.050 -> mtom_next=20,299.92 kg

======================================================
======================= ITER 16 =======================
Reynolds_number: 17,448,192
Stack prop output power: 4,693 kW, Pcomp: 243.9 kW
Cell efficiency: 0.308, Output efficiency: 0.278
mdot_h2: 113.62 g/s
Reynolds_number: 17,448,192
Stack prop output power: 5,096 kW, Pcomp: 264.9 kW
Cell efficiency: 0.308, Output efficiency: 0.278
mdot_h2: 123.37 g/s
Reynolds_number: 17,448,192
Stack prop output power: 5,117 kW, Pcomp: 265.9 kW
Cell efficiency: 0.308, Output efficiency: 0.278
mdot_h2: 123.88 g/s
Reynolds_number: 17,448,192
Stack prop output power: 5,118 kW, Pcomp: 266.0 kW
Cell efficiency: 0.308, Output efficiency: 0.278
mdot_h2: 123.90 g/s
Reynolds_number: 17,448,192
Stack prop output power: 1,257 kW, Pcomp: 11.3 kW
Cell efficiency: 0.291, Output efficiency: 0.274
mdot_h2: 30.86 g/s
Reynolds_number: 17,448,192
Stack prop output power: 1,412 kW, Pcomp: 12.7 kW
Cell efficiency: 0.291, Output efficiency: 0.274
mdot_h2: 34.65 g/s
Reynolds_number: 17,448,192
Stack prop output power: 1,413 kW, Pcomp: 12.7 kW
Cell efficiency: 0.291, Output efficiency: 0.274
mdot_h2: 34.69 g/s
Reynolds_number: 6,709,346
Stack prop output power: 1,108 kW, Pcomp: 9.7 kW
Cell efficiency: 0.305, Output efficiency: 0.287
mdot_h2: 25.99 g/s
Reynolds_number: 6,709,346
Stack prop output power: 1,245 kW, Pcomp: 10.8 kW
Cell efficiency: 0.305, Output efficiency: 0.287
mdot_h2: 29.19 g/s
Reynolds_number: 6,709,346
Stack prop output power: 1,246 kW, Pcomp: 10.9 kW
Cell efficiency: 0.305, Output efficiency: 0.287
mdot_h2: 29.22 g/s
Reynolds_number: 17,448,192
Stack prop output power: 4,693 kW, Pcomp: 243.9 kW
Cell efficiency: 0.308, Output efficiency: 0.278
mdot_h2: 113.62 g/s
Reynolds_number: 17,448,192
Stack prop output power: 5,096 kW, Pcomp: 264.9 kW
Cell efficiency: 0.308, Output efficiency: 0.278
mdot_h2: 123.37 g/s
Reynolds_number: 17,448,192
Stack prop output power: 5,117 kW, Pcomp: 265.9 kW
Cell efficiency: 0.308, Output efficiency: 0.278
mdot_h2: 123.88 g/s
Reynolds_number: 17,448,192
Stack prop output power: 5,118 kW, Pcomp: 266.0 kW
Cell efficiency: 0.308, Output efficiency: 0.278
mdot_h2: 123.90 g/s
Fuel-cell system mass representative phase: cruise (P_fc_sys=10235.436 kW).

-----------------------
ptotal_climb: 3,760 kW, mtom_est: 23,785 kg, mtom: 20,300 kg, residual: +3,485.24 kg

MTOM update: fixed_point_fallback, relax=0.050 -> mtom_next=22,042.54 kg

======================================================
======================= ITER 17 =======================
Reynolds_number: 17,448,192
Stack prop output power: 5,118 kW, Pcomp: 266.0 kW
Cell efficiency: 0.308, Output efficiency: 0.278
mdot_h2: 123.90 g/s
Reynolds_number: 17,448,192
Stack prop output power: 5,534 kW, Pcomp: 287.7 kW
Cell efficiency: 0.308, Output efficiency: 0.278
mdot_h2: 133.99 g/s
Reynolds_number: 17,448,192
Stack prop output power: 5,556 kW, Pcomp: 288.8 kW
Cell efficiency: 0.308, Output efficiency: 0.278
mdot_h2: 134.51 g/s
Reynolds_number: 17,448,192
Stack prop output power: 5,557 kW, Pcomp: 288.8 kW
Cell efficiency: 0.308, Output efficiency: 0.278
mdot_h2: 134.54 g/s
Reynolds_number: 17,448,192
Stack prop output power: 1,373 kW, Pcomp: 12.3 kW
Cell efficiency: 0.291, Output efficiency: 0.274
mdot_h2: 33.70 g/s
Reynolds_number: 17,448,192
Stack prop output power: 1,533 kW, Pcomp: 13.7 kW
Cell efficiency: 0.291, Output efficiency: 0.274
mdot_h2: 37.63 g/s
Reynolds_number: 17,448,192
Stack prop output power: 1,534 kW, Pcomp: 13.8 kW
Cell efficiency: 0.291, Output efficiency: 0.274
mdot_h2: 37.67 g/s
Reynolds_number: 6,709,346
Stack prop output power: 1,211 kW, Pcomp: 10.5 kW
Cell efficiency: 0.305, Output efficiency: 0.287
mdot_h2: 28.39 g/s
Reynolds_number: 6,709,346
Stack prop output power: 1,352 kW, Pcomp: 11.8 kW
Cell efficiency: 0.305, Output efficiency: 0.287
mdot_h2: 31.70 g/s
Reynolds_number: 6,709,346
Stack prop output power: 1,353 kW, Pcomp: 11.8 kW
Cell efficiency: 0.305, Output efficiency: 0.287
mdot_h2: 31.73 g/s
Reynolds_number: 17,448,192
Stack prop output power: 5,118 kW, Pcomp: 266.0 kW
Cell efficiency: 0.308, Output efficiency: 0.278
mdot_h2: 123.90 g/s
Reynolds_number: 17,448,192
Stack prop output power: 5,534 kW, Pcomp: 287.7 kW
Cell efficiency: 0.308, Output efficiency: 0.278
mdot_h2: 133.99 g/s
Reynolds_number: 17,448,192
Stack prop output power: 5,556 kW, Pcomp: 288.8 kW
Cell efficiency: 0.308, Output efficiency: 0.278
mdot_h2: 134.51 g/s
Reynolds_number: 17,448,192
Stack prop output power: 5,557 kW, Pcomp: 288.8 kW
Cell efficiency: 0.308, Output efficiency: 0.278
mdot_h2: 134.54 g/s
Fuel-cell system mass representative phase: cruise (P_fc_sys=11114.084 kW).

-----------------------
ptotal_climb: 4,082 kW, mtom_est: 25,650 kg, mtom: 22,043 kg, residual: +3,607.58 kg

MTOM update: fixed_point_fallback, relax=0.050 -> mtom_next=23,846.33 kg

======================================================
======================= ITER 18 =======================
Reynolds_number: 17,448,192
Stack prop output power: 5,557 kW, Pcomp: 288.8 kW
Cell efficiency: 0.308, Output efficiency: 0.278
mdot_h2: 134.54 g/s
Reynolds_number: 17,448,192
Stack prop output power: 5,988 kW, Pcomp: 311.3 kW
Cell efficiency: 0.308, Output efficiency: 0.278
mdot_h2: 144.98 g/s
Reynolds_number: 17,448,192
Stack prop output power: 6,011 kW, Pcomp: 312.4 kW
Cell efficiency: 0.308, Output efficiency: 0.278
mdot_h2: 145.52 g/s
Reynolds_number: 17,448,192
Stack prop output power: 6,012 kW, Pcomp: 312.5 kW
Cell efficiency: 0.308, Output efficiency: 0.278
mdot_h2: 145.55 g/s
Reynolds_number: 17,448,192
Stack prop output power: 1,493 kW, Pcomp: 13.4 kW
Cell efficiency: 0.291, Output efficiency: 0.274
mdot_h2: 36.65 g/s
Reynolds_number: 17,448,192
Stack prop output power: 1,658 kW, Pcomp: 14.9 kW
Cell efficiency: 0.291, Output efficiency: 0.274
mdot_h2: 40.71 g/s
Reynolds_number: 17,448,192
Stack prop output power: 1,660 kW, Pcomp: 14.9 kW
Cell efficiency: 0.291, Output efficiency: 0.274
mdot_h2: 40.75 g/s
Reynolds_number: 6,709,346
Stack prop output power: 1,317 kW, Pcomp: 11.5 kW
Cell efficiency: 0.305, Output efficiency: 0.287
mdot_h2: 30.87 g/s
Reynolds_number: 6,709,346
Stack prop output power: 1,463 kW, Pcomp: 12.7 kW
Cell efficiency: 0.305, Output efficiency: 0.287
mdot_h2: 34.29 g/s
Reynolds_number: 6,709,346
Stack prop output power: 1,464 kW, Pcomp: 12.7 kW
Cell efficiency: 0.305, Output efficiency: 0.287
mdot_h2: 34.32 g/s
Reynolds_number: 17,448,192
Stack prop output power: 5,557 kW, Pcomp: 288.8 kW
Cell efficiency: 0.308, Output efficiency: 0.278
mdot_h2: 134.54 g/s
Reynolds_number: 17,448,192
Stack prop output power: 5,988 kW, Pcomp: 311.3 kW
Cell efficiency: 0.308, Output efficiency: 0.278
mdot_h2: 144.98 g/s
Reynolds_number: 17,448,192
Stack prop output power: 6,011 kW, Pcomp: 312.4 kW
Cell efficiency: 0.308, Output efficiency: 0.278
mdot_h2: 145.52 g/s
Reynolds_number: 17,448,192
Stack prop output power: 6,012 kW, Pcomp: 312.5 kW
Cell efficiency: 0.308, Output efficiency: 0.278
mdot_h2: 145.55 g/s
Fuel-cell system mass representative phase: cruise (P_fc_sys=12023.576 kW).

-----------------------
ptotal_climb: 4,416 kW, mtom_est: 27,587 kg, mtom: 23,846 kg, residual: +3,740.80 kg

MTOM update: fixed_point_fallback, relax=0.050 -> mtom_next=25,716.73 kg

======================================================
======================= ITER 19 =======================
Reynolds_number: 17,448,192
Stack prop output power: 6,012 kW, Pcomp: 312.5 kW
Cell efficiency: 0.308, Output efficiency: 0.278
mdot_h2: 145.55 g/s
Reynolds_number: 17,448,192
Stack prop output power: 6,459 kW, Pcomp: 335.7 kW
Cell efficiency: 0.308, Output efficiency: 0.278
mdot_h2: 156.37 g/s
Reynolds_number: 17,448,192
Stack prop output power: 6,482 kW, Pcomp: 336.9 kW
Cell efficiency: 0.308, Output efficiency: 0.278
mdot_h2: 156.93 g/s
Reynolds_number: 17,448,192
Stack prop output power: 6,483 kW, Pcomp: 337.0 kW
Cell efficiency: 0.308, Output efficiency: 0.278
mdot_h2: 156.96 g/s
Reynolds_number: 17,448,192
Stack prop output power: 1,617 kW, Pcomp: 14.5 kW
Cell efficiency: 0.291, Output efficiency: 0.274
mdot_h2: 39.69 g/s
Reynolds_number: 17,448,192
Stack prop output power: 1,789 kW, Pcomp: 16.0 kW
Cell efficiency: 0.291, Output efficiency: 0.274
mdot_h2: 43.91 g/s
Reynolds_number: 17,448,192
Stack prop output power: 1,790 kW, Pcomp: 16.1 kW
Cell efficiency: 0.291, Output efficiency: 0.274
mdot_h2: 43.94 g/s
Reynolds_number: 6,709,346
Stack prop output power: 1,426 kW, Pcomp: 12.4 kW
Cell efficiency: 0.305, Output efficiency: 0.287
mdot_h2: 33.44 g/s
Reynolds_number: 6,709,346
Stack prop output power: 1,577 kW, Pcomp: 13.7 kW
Cell efficiency: 0.305, Output efficiency: 0.287
mdot_h2: 36.99 g/s
Reynolds_number: 6,709,346
Stack prop output power: 1,579 kW, Pcomp: 13.7 kW
Cell efficiency: 0.305, Output efficiency: 0.287
mdot_h2: 37.02 g/s
Reynolds_number: 17,448,192
Stack prop output power: 6,012 kW, Pcomp: 312.5 kW
Cell efficiency: 0.308, Output efficiency: 0.278
mdot_h2: 145.55 g/s
Reynolds_number: 17,448,192
Stack prop output power: 6,459 kW, Pcomp: 335.7 kW
Cell efficiency: 0.308, Output efficiency: 0.278
mdot_h2: 156.37 g/s
Reynolds_number: 17,448,192
Stack prop output power: 6,482 kW, Pcomp: 336.9 kW
Cell efficiency: 0.308, Output efficiency: 0.278
mdot_h2: 156.93 g/s
Reynolds_number: 17,448,192
Stack prop output power: 6,483 kW, Pcomp: 337.0 kW
Cell efficiency: 0.308, Output efficiency: 0.278
mdot_h2: 156.96 g/s
Fuel-cell system mass representative phase: cruise (P_fc_sys=12966.651 kW).

-----------------------
ptotal_climb: 4,763 kW, mtom_est: 29,598 kg, mtom: 25,717 kg, residual: +3,881.72 kg

MTOM update: fixed_point_fallback, relax=0.050 -> mtom_next=27,657.59 kg

======================================================
======================= ITER 20 =======================
Reynolds_number: 17,448,192
Stack prop output power: 6,483 kW, Pcomp: 337.0 kW
Cell efficiency: 0.308, Output efficiency: 0.278
mdot_h2: 156.97 g/s
Reynolds_number: 17,448,192
Stack prop output power: 6,947 kW, Pcomp: 361.1 kW
Cell efficiency: 0.308, Output efficiency: 0.278
mdot_h2: 168.20 g/s
Reynolds_number: 17,448,192
Stack prop output power: 6,971 kW, Pcomp: 362.4 kW
Cell efficiency: 0.308, Output efficiency: 0.278
mdot_h2: 168.78 g/s
Reynolds_number: 17,448,192
Stack prop output power: 6,973 kW, Pcomp: 362.4 kW
Cell efficiency: 0.308, Output efficiency: 0.278
mdot_h2: 168.81 g/s
Reynolds_number: 17,448,192
Stack prop output power: 1,745 kW, Pcomp: 15.7 kW
Cell efficiency: 0.291, Output efficiency: 0.274
mdot_h2: 42.85 g/s
Reynolds_number: 17,448,192
Stack prop output power: 1,924 kW, Pcomp: 17.3 kW
Cell efficiency: 0.291, Output efficiency: 0.274
mdot_h2: 47.22 g/s
Reynolds_number: 17,448,192
Stack prop output power: 1,925 kW, Pcomp: 17.3 kW
Cell efficiency: 0.291, Output efficiency: 0.274
mdot_h2: 47.26 g/s
Reynolds_number: 6,709,346
Stack prop output power: 1,539 kW, Pcomp: 13.4 kW
Cell efficiency: 0.305, Output efficiency: 0.287
mdot_h2: 36.09 g/s
Reynolds_number: 6,709,346
Stack prop output power: 1,696 kW, Pcomp: 14.8 kW
Cell efficiency: 0.305, Output efficiency: 0.287
mdot_h2: 39.78 g/s
Reynolds_number: 6,709,346
Stack prop output power: 1,698 kW, Pcomp: 14.8 kW
Cell efficiency: 0.305, Output efficiency: 0.287
mdot_h2: 39.81 g/s
Reynolds_number: 17,448,192
Stack prop output power: 6,483 kW, Pcomp: 337.0 kW
Cell efficiency: 0.308, Output efficiency: 0.278
mdot_h2: 156.97 g/s
Reynolds_number: 17,448,192
Stack prop output power: 6,947 kW, Pcomp: 361.1 kW
Cell efficiency: 0.308, Output efficiency: 0.278
mdot_h2: 168.20 g/s
Reynolds_number: 17,448,192
Stack prop output power: 6,971 kW, Pcomp: 362.4 kW
Cell efficiency: 0.308, Output efficiency: 0.278
mdot_h2: 168.78 g/s
Reynolds_number: 17,448,192
Stack prop output power: 6,973 kW, Pcomp: 362.4 kW
Cell efficiency: 0.308, Output efficiency: 0.278
mdot_h2: 168.81 g/s
Fuel-cell system mass representative phase: cruise (P_fc_sys=13945.253 kW).

-----------------------
ptotal_climb: 5,122 kW, mtom_est: 31,695 kg, mtom: 27,658 kg, residual: +4,037.70 kg

MTOM update: fixed_point_fallback, relax=0.050 -> mtom_next=29,676.43 kg

======================================================
======================= ITER 21 =======================
Reynolds_number: 17,448,192
Stack prop output power: 6,973 kW, Pcomp: 362.4 kW
Cell efficiency: 0.308, Output efficiency: 0.278
mdot_h2: 168.81 g/s
Reynolds_number: 17,448,192
Stack prop output power: 7,455 kW, Pcomp: 387.5 kW
Cell efficiency: 0.308, Output efficiency: 0.278
mdot_h2: 180.49 g/s
Reynolds_number: 17,448,192
Stack prop output power: 7,480 kW, Pcomp: 388.8 kW
Cell efficiency: 0.308, Output efficiency: 0.278
mdot_h2: 181.10 g/s
Reynolds_number: 17,448,192
Stack prop output power: 7,482 kW, Pcomp: 388.9 kW
Cell efficiency: 0.308, Output efficiency: 0.278
mdot_h2: 181.13 g/s
Reynolds_number: 17,448,192
Stack prop output power: 1,879 kW, Pcomp: 16.8 kW
Cell efficiency: 0.291, Output efficiency: 0.274
mdot_h2: 46.12 g/s
Reynolds_number: 17,448,192
Stack prop output power: 2,064 kW, Pcomp: 18.5 kW
Cell efficiency: 0.291, Output efficiency: 0.274
mdot_h2: 50.67 g/s
Reynolds_number: 17,448,192
Stack prop output power: 2,066 kW, Pcomp: 18.5 kW
Cell efficiency: 0.291, Output efficiency: 0.274
mdot_h2: 50.71 g/s
Reynolds_number: 6,709,346
Stack prop output power: 1,657 kW, Pcomp: 14.4 kW
Cell efficiency: 0.305, Output efficiency: 0.287
mdot_h2: 38.85 g/s
Reynolds_number: 6,709,346
Stack prop output power: 1,820 kW, Pcomp: 15.9 kW
Cell efficiency: 0.305, Output efficiency: 0.287
mdot_h2: 42.68 g/s
Reynolds_number: 6,709,346
Stack prop output power: 1,822 kW, Pcomp: 15.9 kW
Cell efficiency: 0.305, Output efficiency: 0.287
mdot_h2: 42.72 g/s
Reynolds_number: 17,448,192
Stack prop output power: 6,973 kW, Pcomp: 362.4 kW
Cell efficiency: 0.308, Output efficiency: 0.278
mdot_h2: 168.81 g/s
Reynolds_number: 17,448,192
Stack prop output power: 7,455 kW, Pcomp: 387.5 kW
Cell efficiency: 0.308, Output efficiency: 0.278
mdot_h2: 180.49 g/s
Reynolds_number: 17,448,192
Stack prop output power: 7,480 kW, Pcomp: 388.8 kW
Cell efficiency: 0.308, Output efficiency: 0.278
mdot_h2: 181.10 g/s
Reynolds_number: 17,448,192
Stack prop output power: 7,482 kW, Pcomp: 388.9 kW
Cell efficiency: 0.308, Output efficiency: 0.278
mdot_h2: 181.13 g/s
Fuel-cell system mass representative phase: cruise (P_fc_sys=14963.179 kW).

-----------------------
ptotal_climb: 5,496 kW, mtom_est: 33,882 kg, mtom: 29,676 kg, residual: +4,205.79 kg

MTOM update: fixed_point_fallback, relax=0.050 -> mtom_next=31,779.33 kg

======================================================
======================= ITER 22 =======================
Reynolds_number: 17,448,192
Stack prop output power: 7,482 kW, Pcomp: 388.9 kW
Cell efficiency: 0.308, Output efficiency: 0.278
mdot_h2: 181.13 g/s
Reynolds_number: 17,448,192
Stack prop output power: 7,984 kW, Pcomp: 415.0 kW
Cell efficiency: 0.308, Output efficiency: 0.278
mdot_h2: 193.30 g/s
Reynolds_number: 17,448,192
Stack prop output power: 8,010 kW, Pcomp: 416.4 kW
Cell efficiency: 0.308, Output efficiency: 0.278
mdot_h2: 193.93 g/s
Reynolds_number: 17,448,192
Stack prop output power: 8,012 kW, Pcomp: 416.4 kW
Cell efficiency: 0.308, Output efficiency: 0.278
mdot_h2: 193.97 g/s
Reynolds_number: 17,448,192
Stack prop output power: 2,017 kW, Pcomp: 18.1 kW
Cell efficiency: 0.291, Output efficiency: 0.274
mdot_h2: 49.52 g/s
Reynolds_number: 17,448,192
Stack prop output power: 2,210 kW, Pcomp: 19.8 kW
Cell efficiency: 0.291, Output efficiency: 0.274
mdot_h2: 54.26 g/s
Reynolds_number: 17,448,192
Stack prop output power: 2,212 kW, Pcomp: 19.8 kW
Cell efficiency: 0.291, Output efficiency: 0.274
mdot_h2: 54.30 g/s
Reynolds_number: 6,709,346
Stack prop output power: 1,779 kW, Pcomp: 15.5 kW
Cell efficiency: 0.305, Output efficiency: 0.287
mdot_h2: 41.72 g/s
Reynolds_number: 6,709,346
Stack prop output power: 1,949 kW, Pcomp: 17.0 kW
Cell efficiency: 0.305, Output efficiency: 0.287
mdot_h2: 45.71 g/s
Reynolds_number: 6,709,346
Stack prop output power: 1,951 kW, Pcomp: 17.0 kW
Cell efficiency: 0.305, Output efficiency: 0.287
mdot_h2: 45.74 g/s
Reynolds_number: 17,448,192
Stack prop output power: 7,482 kW, Pcomp: 388.9 kW
Cell efficiency: 0.308, Output efficiency: 0.278
mdot_h2: 181.13 g/s
Reynolds_number: 17,448,192
Stack prop output power: 7,984 kW, Pcomp: 415.0 kW
Cell efficiency: 0.308, Output efficiency: 0.278
mdot_h2: 193.30 g/s
Reynolds_number: 17,448,192
Stack prop output power: 8,010 kW, Pcomp: 416.4 kW
Cell efficiency: 0.308, Output efficiency: 0.278
mdot_h2: 193.93 g/s
Reynolds_number: 17,448,192
Stack prop output power: 8,012 kW, Pcomp: 416.4 kW
Cell efficiency: 0.308, Output efficiency: 0.278
mdot_h2: 193.97 g/s
Fuel-cell system mass representative phase: cruise (P_fc_sys=16023.481 kW).

-----------------------
ptotal_climb: 5,886 kW, mtom_est: 36,166 kg, mtom: 31,779 kg, residual: +4,386.59 kg

MTOM update: fixed_point_fallback, relax=0.050 -> mtom_next=33,972.63 kg

======================================================
======================= ITER 23 =======================
Reynolds_number: 17,448,192
Stack prop output power: 8,012 kW, Pcomp: 416.4 kW
Cell efficiency: 0.308, Output efficiency: 0.278
mdot_h2: 193.97 g/s
Reynolds_number: 17,448,192
Stack prop output power: 8,536 kW, Pcomp: 443.7 kW
Cell efficiency: 0.308, Output efficiency: 0.278
mdot_h2: 206.66 g/s
Reynolds_number: 17,448,192
Stack prop output power: 8,563 kW, Pcomp: 445.1 kW
Cell efficiency: 0.308, Output efficiency: 0.278
mdot_h2: 207.32 g/s
Reynolds_number: 17,448,192
Stack prop output power: 8,565 kW, Pcomp: 445.2 kW
Cell efficiency: 0.308, Output efficiency: 0.278
mdot_h2: 207.35 g/s
Reynolds_number: 17,448,192
Stack prop output power: 2,162 kW, Pcomp: 19.4 kW
Cell efficiency: 0.291, Output efficiency: 0.274
mdot_h2: 53.07 g/s
Reynolds_number: 17,448,192
Stack prop output power: 2,363 kW, Pcomp: 21.2 kW
Cell efficiency: 0.291, Output efficiency: 0.274
mdot_h2: 58.01 g/s
Reynolds_number: 17,448,192
Stack prop output power: 2,365 kW, Pcomp: 21.2 kW
Cell efficiency: 0.291, Output efficiency: 0.274
mdot_h2: 58.05 g/s
Reynolds_number: 6,709,346
Stack prop output power: 1,906 kW, Pcomp: 16.6 kW
Cell efficiency: 0.305, Output efficiency: 0.287
mdot_h2: 44.70 g/s
Reynolds_number: 6,709,346
Stack prop output power: 2,084 kW, Pcomp: 18.1 kW
Cell efficiency: 0.305, Output efficiency: 0.287
mdot_h2: 48.86 g/s
Reynolds_number: 6,709,346
Stack prop output power: 2,085 kW, Pcomp: 18.2 kW
Cell efficiency: 0.305, Output efficiency: 0.287
mdot_h2: 48.90 g/s
Reynolds_number: 17,448,192
Stack prop output power: 8,012 kW, Pcomp: 416.4 kW
Cell efficiency: 0.308, Output efficiency: 0.278
mdot_h2: 193.97 g/s
Reynolds_number: 17,448,192
Stack prop output power: 8,536 kW, Pcomp: 443.7 kW
Cell efficiency: 0.308, Output efficiency: 0.278
mdot_h2: 206.66 g/s
Reynolds_number: 17,448,192
Stack prop output power: 8,563 kW, Pcomp: 445.1 kW
Cell efficiency: 0.308, Output efficiency: 0.278
mdot_h2: 207.32 g/s
Reynolds_number: 17,448,192
Stack prop output power: 8,565 kW, Pcomp: 445.2 kW
Cell efficiency: 0.308, Output efficiency: 0.278
mdot_h2: 207.35 g/s
Fuel-cell system mass representative phase: cruise (P_fc_sys=17129.365 kW).

-----------------------
ptotal_climb: 6,292 kW, mtom_est: 38,557 kg, mtom: 33,973 kg, residual: +4,584.76 kg

MTOM update: fixed_point_fallback, relax=0.050 -> mtom_next=36,265.01 kg

======================================================
======================= ITER 24 =======================
Reynolds_number: 17,448,192
Stack prop output power: 8,565 kW, Pcomp: 445.2 kW
Cell efficiency: 0.308, Output efficiency: 0.278
mdot_h2: 207.36 g/s
Reynolds_number: 17,448,192
Stack prop output power: 9,113 kW, Pcomp: 473.7 kW
Cell efficiency: 0.308, Output efficiency: 0.278
mdot_h2: 220.62 g/s
Reynolds_number: 17,448,192
Stack prop output power: 9,141 kW, Pcomp: 475.1 kW
Cell efficiency: 0.308, Output efficiency: 0.278
mdot_h2: 221.31 g/s
Reynolds_number: 17,448,192
Stack prop output power: 9,143 kW, Pcomp: 475.2 kW
Cell efficiency: 0.308, Output efficiency: 0.278
mdot_h2: 221.35 g/s
Reynolds_number: 17,448,192
Stack prop output power: 2,312 kW, Pcomp: 20.7 kW
Cell efficiency: 0.291, Output efficiency: 0.274
mdot_h2: 56.76 g/s
Reynolds_number: 17,448,192
Stack prop output power: 2,522 kW, Pcomp: 22.6 kW
Cell efficiency: 0.291, Output efficiency: 0.274
mdot_h2: 61.92 g/s
Reynolds_number: 17,448,192
Stack prop output power: 2,524 kW, Pcomp: 22.6 kW
Cell efficiency: 0.291, Output efficiency: 0.274
mdot_h2: 61.97 g/s
Reynolds_number: 6,709,346
Stack prop output power: 2,039 kW, Pcomp: 17.8 kW
Cell efficiency: 0.305, Output efficiency: 0.287
mdot_h2: 47.81 g/s
Reynolds_number: 6,709,346
Stack prop output power: 2,225 kW, Pcomp: 19.4 kW
Cell efficiency: 0.305, Output efficiency: 0.287
mdot_h2: 52.16 g/s
Reynolds_number: 6,709,346
Stack prop output power: 2,226 kW, Pcomp: 19.4 kW
Cell efficiency: 0.305, Output efficiency: 0.287
mdot_h2: 52.20 g/s
Reynolds_number: 17,448,192
Stack prop output power: 8,565 kW, Pcomp: 445.2 kW
Cell efficiency: 0.308, Output efficiency: 0.278
mdot_h2: 207.36 g/s
Reynolds_number: 17,448,192
Stack prop output power: 9,113 kW, Pcomp: 473.7 kW
Cell efficiency: 0.308, Output efficiency: 0.278
mdot_h2: 220.62 g/s
Reynolds_number: 17,448,192
Stack prop output power: 9,141 kW, Pcomp: 475.1 kW
Cell efficiency: 0.308, Output efficiency: 0.278
mdot_h2: 221.31 g/s
Reynolds_number: 17,448,192
Stack prop output power: 9,143 kW, Pcomp: 475.2 kW
Cell efficiency: 0.308, Output efficiency: 0.278
mdot_h2: 221.35 g/s
Fuel-cell system mass representative phase: cruise (P_fc_sys=18285.209 kW).

-----------------------
ptotal_climb: 6,717 kW, mtom_est: 41,062 kg, mtom: 36,265 kg, residual: +4,797.37 kg

MTOM update: fixed_point_fallback, relax=0.050 -> mtom_next=38,663.69 kg

======================================================
======================= ITER 25 =======================
Reynolds_number: 17,448,192
Stack prop output power: 9,143 kW, Pcomp: 475.2 kW
Cell efficiency: 0.308, Output efficiency: 0.278
mdot_h2: 221.35 g/s
Reynolds_number: 17,448,192
Stack prop output power: 9,716 kW, Pcomp: 505.0 kW
Cell efficiency: 0.308, Output efficiency: 0.278
mdot_h2: 235.23 g/s
Reynolds_number: 17,448,192
Stack prop output power: 9,746 kW, Pcomp: 506.6 kW
Cell efficiency: 0.308, Output efficiency: 0.278
mdot_h2: 235.95 g/s
Reynolds_number: 17,448,192
Stack prop output power: 9,747 kW, Pcomp: 506.6 kW
Cell efficiency: 0.308, Output efficiency: 0.278
mdot_h2: 235.99 g/s
Reynolds_number: 17,448,192
Stack prop output power: 2,469 kW, Pcomp: 22.1 kW
Cell efficiency: 0.291, Output efficiency: 0.274
mdot_h2: 60.62 g/s
Reynolds_number: 17,448,192
Stack prop output power: 2,689 kW, Pcomp: 24.1 kW
Cell efficiency: 0.291, Output efficiency: 0.274
mdot_h2: 66.02 g/s
Reynolds_number: 17,448,192
Stack prop output power: 2,691 kW, Pcomp: 24.1 kW
Cell efficiency: 0.291, Output efficiency: 0.274
mdot_h2: 66.07 g/s
Reynolds_number: 6,709,346
Stack prop output power: 2,177 kW, Pcomp: 19.0 kW
Cell efficiency: 0.305, Output efficiency: 0.287
mdot_h2: 51.06 g/s
Reynolds_number: 6,709,346
Stack prop output power: 2,372 kW, Pcomp: 20.7 kW
Cell efficiency: 0.305, Output efficiency: 0.287
mdot_h2: 55.61 g/s
Reynolds_number: 6,709,346
Stack prop output power: 2,373 kW, Pcomp: 20.7 kW
Cell efficiency: 0.305, Output efficiency: 0.287
mdot_h2: 55.65 g/s
Reynolds_number: 17,448,192
Stack prop output power: 9,143 kW, Pcomp: 475.2 kW
Cell efficiency: 0.308, Output efficiency: 0.278
mdot_h2: 221.35 g/s
Reynolds_number: 17,448,192
Stack prop output power: 9,716 kW, Pcomp: 505.0 kW
Cell efficiency: 0.308, Output efficiency: 0.278
mdot_h2: 235.23 g/s
Reynolds_number: 17,448,192
Stack prop output power: 9,746 kW, Pcomp: 506.6 kW
Cell efficiency: 0.308, Output efficiency: 0.278
mdot_h2: 235.95 g/s
Reynolds_number: 17,448,192
Stack prop output power: 9,747 kW, Pcomp: 506.6 kW
Cell efficiency: 0.308, Output efficiency: 0.278
mdot_h2: 235.99 g/s
Fuel-cell system mass representative phase: cruise (P_fc_sys=19494.651 kW).

-----------------------
ptotal_climb: 7,161 kW, mtom_est: 43,689 kg, mtom: 38,664 kg, residual: +5,025.30 kg

MTOM update: fixed_point_fallback, relax=0.050 -> mtom_next=41,176.34 kg

======================================================
======================= ITER 26 =======================
Reynolds_number: 17,448,192
Stack prop output power: 9,747 kW, Pcomp: 506.6 kW
Cell efficiency: 0.308, Output efficiency: 0.278
mdot_h2: 235.99 g/s
Reynolds_number: 17,448,192
Stack prop output power: 10,348 kW, Pcomp: 537.9 kW
Cell efficiency: 0.308, Output efficiency: 0.278
mdot_h2: 250.53 g/s
Reynolds_number: 17,448,192
Stack prop output power: 10,379 kW, Pcomp: 539.5 kW
Cell efficiency: 0.308, Output efficiency: 0.278
mdot_h2: 251.28 g/s
Reynolds_number: 17,448,192
Stack prop output power: 10,381 kW, Pcomp: 539.6 kW
Cell efficiency: 0.308, Output efficiency: 0.278
mdot_h2: 251.32 g/s
Reynolds_number: 17,448,192
Stack prop output power: 2,634 kW, Pcomp: 23.6 kW
Cell efficiency: 0.291, Output efficiency: 0.274
mdot_h2: 64.65 g/s
Reynolds_number: 17,448,192
Traceback (most recent call last):
  File "/home/shoh95/Programming/HFCAD/app/main.py", line 4422, in <module>
    elapsed_time = main()
                   ^^^^^^
  File "/home/shoh95/Programming/HFCAD/app/main.py", line 4383, in main
    cfg_used, phases, mass, _trade_df = runner.run(out_dir=out_dir)
                                        ^^^^^^^^^^^^^^^^^^^^^^^^^^^
  File "/home/shoh95/Programming/HFCAD/app/main.py", line 2857, in run
    return self._run_min_combined_pw(out_dir=out_dir)
           ^^^^^^^^^^^^^^^^^^^^^^^^^^^^^^^^^^^^^^^^^^
  File "/home/shoh95/Programming/HFCAD/app/main.py", line 2889, in _run_min_combined_pw
    phases, mass = design.run()
                   ^^^^^^^^^^^^
  File "/home/shoh95/Programming/HFCAD/app/main.py", line 2355, in run
    phases["climb"] = self._phase_solver.solve(
                      ^^^^^^^^^^^^^^^^^^^^^^^^^
  File "/home/shoh95/Programming/HFCAD/app/main.py", line 1538, in solve
    nacelle = self._fc.size_nacelle(
              ^^^^^^^^^^^^^^^^^^^^^^
  File "/home/shoh95/Programming/HFCAD/app/main.py", line 1390, in size_nacelle
    geom_comp, power_comp_w, rho_humid_in, m_dot_comp = compressor_performance_model(
                                                        ^^^^^^^^^^^^^^^^^^^^^^^^^^^^^
  File "/home/shoh95/Programming/HFCAD/app/models/compressor_performance.py", line 100, in compressor_performance_model
    raise ValueError("Rotor outlet enthalpy too high. Reduce RPM!")
ValueError: Rotor outlet enthalpy too high. Reduce RPM!

[run_sweep] FAIL criteria: artifact not found or empty
[run_sweep] command exit: 1
[run_sweep] expected artifact: results/input_sweep_r14/h3000_M0.55_R1000km_PL1000kg/ConvergedData.txt
[run_sweep] exit code: 1
