[command] /home/shoh95/anaconda3/envs/aerofc/bin/python /home/shoh95/Programming/HFCAD/app/main.py -i /home/shoh95/Programming/HFCAD/app/input_sweep_gui_r1/h2000_PC0.45_PT0.45_CK210.ini --outdir /home/shoh95/Programming/HFCAD/results/input_sweep_gui_r1
[start] 2026-02-21 06:16:45

Auto-widening W/S scan window for min_combined_pw: 1900.0..2600.0 -> 1725.0..2775.0 Pa (factor 1.500, lower_hit=True, upper_hit=False, min_on_edge=False).
Auto-widening W/S scan window for min_combined_pw: 1725.0..2775.0 -> 1462.5..3037.5 Pa (factor 1.500, lower_hit=True, upper_hit=False, min_on_edge=False).
ADRpy constraint sizing (min_combined_pw): W/S=2062.5 Pa (210.32 kg/m^2), P/W_TO=0.16394 kW/kg, P/W_climb=0.16943 kW/kg, P/W_cruise=0.10837 kW/kg
Curve minimum (combined/combined): W/S=2062.5 Pa (210.32 kg/m^2), P/W=0.16943 kW/kg
Curve minimum (takeoff/take-off): W/S=1462.5 Pa (149.13 kg/m^2), P/W=0.10196 kW/kg
Curve minimum (climb/climb): W/S=2312.5 Pa (235.81 kg/m^2), P/W=0.16617 kW/kg
Curve minimum (cruise/cruise): W/S=2312.5 Pa (235.81 kg/m^2), P/W=0.10084 kW/kg
======================================================
======================= ITER 1 =======================
Fuel-cell system mass representative phase: cruise (P_fc_sys=770.054 kW).

-----------------------
ptotal_climb: 1,155 kW, mtom_est: 5,395 kg, mtom: 5,000 kg, residual: +394.60 kg

MTOM update: initial_bracket_probe_1, relax=1.000 -> mtom_next=5,325.00 kg

======================================================
======================= ITER 2 =======================
Fuel-cell system mass representative phase: cruise (P_fc_sys=820.097 kW).

-----------------------
ptotal_climb: 1,230 kW, mtom_est: 5,587 kg, mtom: 5,325 kg, residual: +261.72 kg

MTOM update: initial_bracket_probe_2, relax=1.000 -> mtom_next=5,650.00 kg

======================================================
======================= ITER 3 =======================
Fuel-cell system mass representative phase: cruise (P_fc_sys=870.150 kW).

-----------------------
ptotal_climb: 1,305 kW, mtom_est: 5,780 kg, mtom: 5,650 kg, residual: +130.25 kg

MTOM update: newton_prebracket, relax=1.000 -> mtom_next=5,971.98 kg

======================================================
======================= ITER 4 =======================
Fuel-cell system mass representative phase: cruise (P_fc_sys=919.738 kW).

-----------------------
ptotal_climb: 1,379 kW, mtom_est: 5,972 kg, mtom: 5,972 kg, residual: -0.16 kg


CONVERGED

CONVERGED STATE [MTOM iteration 4]
  MTOM=5,972 kg | Wing loading=210.31 kg/m^2 | P/W(climb)=230.97 W/kg
  Phase power: climb=1,379.3 kW | cruise=919.7 kW | loiter=735.8 kW | takeoff=1,334.5 kW | cruise+charger=919.7 kW
  Power split (climb): FC=754.9 kW | Battery=617.7 kW | Compressor=6.7 kW | Cooling=316.5 kW | H2=18.715 g/s
  Compressor max across phases: 29.6 kW (cruise)
  FC representative phase (mass sizing): cruise (919.7 kW)
  Mass summary: MTOM=5,972 kg | Powertrain=1,546 kg | Tank=469.6 kg | Fuel=208.7 kg | Battery=258.0 kg | Nacelle power density=0.73 kW/kg
  Geometry: Main wing area=28.40 m^2 | Horizontal tail area=4.688 m^2 | Horizontal tail location=11.135 m | Vertical tail area=4.802 m^2 | Vertical tail location=10.622 m
  Config: wing loading input=210.32 kg/m^2 | P/W TO/Cl/Cr/Lo=0.16394/0.16943/0.10837/0.08670 kW/kg

=============================================================
========================= CONVERGED =========================
=============================================================
Constraint sizing: ENABLED (min_combined_pw)
Input W/S: 210.32 kg/m^2 (2,062.5 Pa)
Input P/W [kW/kg]: takeoff 0.16394, climb 0.16943, cruise 0.10837, loiter 0.08670
Converged P/W [kW/kg]: takeoff 0.22347, climb 0.23097, cruise 0.15401, loiter 0.12321
-------------------------------------------------------------

# Mission Time
Climb time: 5.05 min (0.08 h)
Cruise time: 137.98 min (2.30 h)
Total flight time: 165.03 min (2.75 h)

# Phase Power Breakdown
Phase      Time[min]     Total[kW]    FC Stack[kW]   Battery[kW]   Compressor[kW]   Cooling[kW]   mdot_H2[g/s]
--------------------------------------------------------------------------------------------------------------
ready           0.00          69.0            69.0           0.0              0.0           0.0         0.0
taxi            5.00         137.9           137.9           0.0              0.0           0.0         1.9
takeoff         1.00       1,334.5           730.5         597.6              6.4         286.6        17.3
climb           5.05       1,379.3           754.9         617.7              6.7         316.5        18.7
cruise        137.98         919.7           890.2           0.0             29.6         373.3        22.4
loiter         15.00         735.8           712.1           0.0             23.6         301.1        18.0
landing         1.00           0.0             0.0           0.0              0.0           0.0         0.0

Pcomp_max (solved phases): 29.6 kW (cruise)
Pnet (climb): 1,246 kW
Pelectricnet (climb): 1,373 kW
eta_pt: 0.9031

# Geometry
Main Wing Area: 28.40 m^2
Wingspan: 15.99 m
Fuselage Length: 13.19 m
Hydrogen Tank Length: 4.18 m
Horizontal Tail Area: 4.69 m^2
Vertical Tail Area: 4.80 m^2
Horizontal Tail span: 4.59 m
Vertical Tail span: 3.02 m
Horizontal Tail X_Position: 11.13 m
Vertical Tail X_Position: 10.62 m

# Single Nacelle (1/2)
Stack(1/2): 256 kg, Compressor: 48 kg, Humidifier: 83 kg, HX: 239 kg
Fuelcell System(FCS; Stack+Compressor+Humidifier+Hx): 626 kg
Representative FC phase: cruise
Specific Power of Fuelcell System: 0.735 kW/kg
Stack dimension: dX=0.364 m, dY=0.280 m, dZ=0.280 m
Heat Exchanger dimension: dX=1.110 m, dY=1.110 m, dZ=0.218 m

# ALL Nacelles
FCS_total: 1,252 kg
PMAD: 111 kg
Motors: 183 kg

# Total Mass Breakdown
-----------------------
Powertrain (FCS_total+PMAD+Motors): 1,546 kg
-----------------------
Main Wing: 448 kg
Horizontal Tail: 32 kg
Vertical Tail: 58 kg
Fuselage: 416 kg
Landing gear(main): 243 kg
Landing gear(nose): 65 kg
Flight Control System: 366 kg
Electric System: 300 kg
Instruments: 87 kg
Hydraulics: 72 kg
Furnishing: 404 kg
-----------------------
Operating Empty Mass(OEM): 2,490 kg
-----------------------
Hydrogen Tank: 470 kg
Hydrogen Fuel: 208.7 kg
Battery: 258.0 kg
-----------------------
Payload: 1,000 kg
-----------------------
Maximum Takeoff Mass(MTOM): 5,972 kg
-----------------------

Wing loading (MTOM/S_wing): 210.31 kg/m^2
Power-to-weight (maxPow/MTOM): 230.97 W/kg

mdot_H2(cruise): 22.4 g/s
Hydrogen Tank Volume: 8.9 m^3
========================== END ==============================


=============================================================
Execution time: 4.8 seconds
=============================================================
