[command] /home/shoh95/anaconda3/envs/aerofc/bin/python /home/shoh95/Programming/HFCAD/app/main.py -i /home/shoh95/Programming/HFCAD/app/input_sweep_gui_r1/h2000_PC0.4_PT0.4_CK150.ini --outdir /home/shoh95/Programming/HFCAD/results/input_sweep_gui_r1
[start] 2026-02-21 06:16:29

Auto-widening W/S scan window for min_combined_pw: 1900.0..2600.0 -> 1725.0..2775.0 Pa (factor 1.500, lower_hit=True, upper_hit=False, min_on_edge=False).
Auto-widening W/S scan window for min_combined_pw: 1725.0..2775.0 -> 1462.5..3037.5 Pa (factor 1.500, lower_hit=True, upper_hit=False, min_on_edge=False).
ADRpy constraint sizing (min_combined_pw): W/S=2062.5 Pa (210.32 kg/m^2), P/W_TO=0.16394 kW/kg, P/W_climb=0.16940 kW/kg, P/W_cruise=0.05831 kW/kg
Curve minimum (combined/combined): W/S=2062.5 Pa (210.32 kg/m^2), P/W=0.16940 kW/kg
Curve minimum (takeoff/take-off): W/S=1462.5 Pa (149.13 kg/m^2), P/W=0.10196 kW/kg
Curve minimum (climb/climb): W/S=2312.5 Pa (235.81 kg/m^2), P/W=0.16592 kW/kg
Curve minimum (cruise/cruise): W/S=2312.5 Pa (235.81 kg/m^2), P/W=0.05785 kW/kg
======================================================
======================= ITER 1 =======================
Fuel-cell system mass representative phase: climb (P_fc_sys=696.590 kW).

-----------------------
ptotal_climb: 1,157 kW, mtom_est: 5,145 kg, mtom: 5,000 kg, residual: +145.29 kg

MTOM update: initial_bracket_probe_1, relax=1.000 -> mtom_next=5,325.00 kg

======================================================
======================= ITER 2 =======================
Fuel-cell system mass representative phase: climb (P_fc_sys=741.862 kW).

-----------------------
ptotal_climb: 1,232 kW, mtom_est: 5,325 kg, mtom: 5,325 kg, residual: -0.31 kg


CONVERGED

CONVERGED STATE [MTOM iteration 2]
  MTOM=5,325 kg | Wing loading=210.30 kg/m^2 | P/W(climb)=231.39 W/kg
  Phase power: climb=1,232.1 kW | cruise=441.2 kW | loiter=353.0 kW | takeoff=1,192.3 kW | cruise+charger=441.2 kW
  Power split (climb): FC=735.3 kW | Battery=490.2 kW | Compressor=6.6 kW | Cooling=312.7 kW | H2=18.419 g/s
  Compressor max across phases: 14.1 kW (cruise)
  FC representative phase (mass sizing): climb (741.9 kW)
  Mass summary: MTOM=5,325 kg | Powertrain=1,388 kg | Tank=322.8 kg | Fuel=143.5 kg | Battery=204.8 kg | Nacelle power density=0.66 kW/kg
  Geometry: Main wing area=25.32 m^2 | Horizontal tail area=4.508 m^2 | Horizontal tail location=9.855 m | Vertical tail area=4.636 m^2 | Vertical tail location=9.354 m
  Config: wing loading input=210.32 kg/m^2 | P/W TO/Cl/Cr/Lo=0.16394/0.16940/0.05831/0.04665 kW/kg

=============================================================
========================= CONVERGED =========================
=============================================================
Constraint sizing: ENABLED (min_combined_pw)
Input W/S: 210.32 kg/m^2 (2,062.5 Pa)
Input P/W [kW/kg]: takeoff 0.16394, climb 0.16940, cruise 0.05831, loiter 0.04665
Converged P/W [kW/kg]: takeoff 0.22391, climb 0.23139, cruise 0.08287, loiter 0.06629
-------------------------------------------------------------

# Mission Time
Climb time: 5.05 min (0.08 h)
Cruise time: 198.15 min (3.30 h)
Total flight time: 225.20 min (3.75 h)

# Phase Power Breakdown
Phase      Time[min]     Total[kW]    FC Stack[kW]   Battery[kW]   Compressor[kW]   Cooling[kW]   mdot_H2[g/s]
--------------------------------------------------------------------------------------------------------------
ready           0.00          61.6            61.6           0.0              0.0           0.0         0.0
taxi            5.00         123.2           123.2           0.0              0.0           0.0         1.8
takeoff         1.00       1,192.3           711.6         474.4              6.2         279.2        16.8
climb           5.05       1,232.1           735.3         490.2              6.6         312.7        18.4
cruise        198.15         441.2           427.1           0.0             14.1         181.3        10.8
loiter         15.00         353.0           341.7           0.0             11.3         145.7         8.7
landing         1.00           0.0             0.0           0.0              0.0           0.0         0.0

Pcomp_max (solved phases): 14.1 kW (cruise)
Pnet (climb): 1,113 kW
Pelectricnet (climb): 1,225 kW
eta_pt: 0.9031

# Geometry
Main Wing Area: 25.32 m^2
Wingspan: 15.10 m
Fuselage Length: 11.89 m
Hydrogen Tank Length: 2.88 m
Horizontal Tail Area: 4.51 m^2
Vertical Tail Area: 4.64 m^2
Horizontal Tail span: 4.50 m
Vertical Tail span: 2.97 m
Horizontal Tail X_Position: 9.86 m
Vertical Tail X_Position: 9.35 m

# Single Nacelle (1/2)
Stack(1/2): 209 kg, Compressor: 14 kg, Humidifier: 76 kg, HX: 262 kg
Fuelcell System(FCS; Stack+Compressor+Humidifier+Hx): 562 kg
Representative FC phase: climb
Specific Power of Fuelcell System: 0.660 kW/kg
Stack dimension: dX=0.378 m, dY=0.248 m, dZ=0.248 m
Heat Exchanger dimension: dX=1.209 m, dY=1.209 m, dZ=0.201 m

# ALL Nacelles
FCS_total: 1,124 kg
PMAD: 101 kg
Motors: 163 kg

# Total Mass Breakdown
-----------------------
Powertrain (FCS_total+PMAD+Motors): 1,388 kg
-----------------------
Main Wing: 387 kg
Horizontal Tail: 28 kg
Vertical Tail: 54 kg
Fuselage: 309 kg
Landing gear(main): 243 kg
Landing gear(nose): 65 kg
Flight Control System: 366 kg
Electric System: 300 kg
Instruments: 79 kg
Hydraulics: 64 kg
Furnishing: 372 kg
-----------------------
Operating Empty Mass(OEM): 2,266 kg
-----------------------
Hydrogen Tank: 323 kg
Hydrogen Fuel: 143.5 kg
Battery: 204.8 kg
-----------------------
Payload: 1,000 kg
-----------------------
Maximum Takeoff Mass(MTOM): 5,325 kg
-----------------------

Wing loading (MTOM/S_wing): 210.30 kg/m^2
Power-to-weight (maxPow/MTOM): 231.39 W/kg

mdot_H2(cruise): 10.8 g/s
Hydrogen Tank Volume: 6.1 m^3
========================== END ==============================


=============================================================
Execution time: 3.9 seconds
=============================================================
