[command] /home/shoh95/anaconda3/envs/aerofc/bin/python /home/shoh95/Programming/HFCAD/app/main.py -i /home/shoh95/Programming/HFCAD/app/input_sweep_gui_r1/h2000_PC0.25_PT0.25_CK150.ini --outdir /home/shoh95/Programming/HFCAD/results/input_sweep_gui_r1
[start] 2026-02-21 06:16:12

Auto-widening W/S scan window for min_combined_pw: 1900.0..2600.0 -> 1725.0..2775.0 Pa (factor 1.500, lower_hit=True, upper_hit=False, min_on_edge=False).
Auto-widening W/S scan window for min_combined_pw: 1725.0..2775.0 -> 1462.5..3037.5 Pa (factor 1.500, lower_hit=True, upper_hit=False, min_on_edge=False).
ADRpy constraint sizing (min_combined_pw): W/S=2062.5 Pa (210.32 kg/m^2), P/W_TO=0.16394 kW/kg, P/W_climb=0.16940 kW/kg, P/W_cruise=0.05831 kW/kg
Curve minimum (combined/combined): W/S=2062.5 Pa (210.32 kg/m^2), P/W=0.16940 kW/kg
Curve minimum (takeoff/take-off): W/S=1462.5 Pa (149.13 kg/m^2), P/W=0.10196 kW/kg
Curve minimum (climb/climb): W/S=2312.5 Pa (235.81 kg/m^2), P/W=0.16592 kW/kg
Curve minimum (cruise/cruise): W/S=2312.5 Pa (235.81 kg/m^2), P/W=0.05785 kW/kg
======================================================
======================= ITER 1 =======================
Fuel-cell system mass representative phase: climb (P_fc_sys=874.745 kW).

-----------------------
ptotal_climb: 1,164 kW, mtom_est: 5,354 kg, mtom: 5,000 kg, residual: +354.28 kg

MTOM update: initial_bracket_probe_1, relax=1.000 -> mtom_next=5,325.00 kg

======================================================
======================= ITER 2 =======================
Fuel-cell system mass representative phase: climb (P_fc_sys=931.598 kW).

-----------------------
ptotal_climb: 1,239 kW, mtom_est: 5,547 kg, mtom: 5,325 kg, residual: +222.04 kg

MTOM update: initial_bracket_probe_2, relax=1.000 -> mtom_next=5,650.00 kg

======================================================
======================= ITER 3 =======================
Fuel-cell system mass representative phase: climb (P_fc_sys=988.457 kW).

-----------------------
ptotal_climb: 1,315 kW, mtom_est: 5,744 kg, mtom: 5,650 kg, residual: +93.51 kg

MTOM update: newton_prebracket, relax=1.000 -> mtom_next=5,886.42 kg

======================================================
======================= ITER 4 =======================
Fuel-cell system mass representative phase: climb (P_fc_sys=1029.820 kW).

-----------------------
ptotal_climb: 1,370 kW, mtom_est: 5,888 kg, mtom: 5,886 kg, residual: +1.09 kg


CONVERGED

CONVERGED STATE [MTOM iteration 4]
  MTOM=5,888 kg | Wing loading=210.36 kg/m^2 | P/W(climb)=232.70 W/kg
  Phase power: climb=1,370.1 kW | cruise=487.8 kW | loiter=390.2 kW | takeoff=1,325.8 kW | cruise+charger=487.8 kW
  Power split (climb): FC=1,020.7 kW | Battery=340.2 kW | Compressor=9.1 kW | Cooling=434.0 kW | H2=25.579 g/s
  Compressor max across phases: 15.6 kW (cruise)
  FC representative phase (mass sizing): climb (1,029.8 kW)
  Mass summary: MTOM=5,888 kg | Powertrain=1,856 kg | Tank=361.6 kg | Fuel=160.7 kg | Battery=142.1 kg | Nacelle power density=0.66 kW/kg
  Geometry: Main wing area=27.99 m^2 | Horizontal tail area=5.121 m^2 | Horizontal tail location=10.107 m | Vertical tail area=5.296 m^2 | Vertical tail location=9.546 m
  Config: wing loading input=210.32 kg/m^2 | P/W TO/Cl/Cr/Lo=0.16394/0.16940/0.05831/0.04665 kW/kg

=============================================================
========================= CONVERGED =========================
=============================================================
Constraint sizing: ENABLED (min_combined_pw)
Input W/S: 210.32 kg/m^2 (2,062.5 Pa)
Input P/W [kW/kg]: takeoff 0.16394, climb 0.16940, cruise 0.05831, loiter 0.04665
Converged P/W [kW/kg]: takeoff 0.22518, climb 0.23270, cruise 0.08285, loiter 0.06628
-------------------------------------------------------------

# Mission Time
Climb time: 5.05 min (0.08 h)
Cruise time: 198.15 min (3.30 h)
Total flight time: 225.20 min (3.75 h)

# Phase Power Breakdown
Phase      Time[min]     Total[kW]    FC Stack[kW]   Battery[kW]   Compressor[kW]   Cooling[kW]   mdot_H2[g/s]
--------------------------------------------------------------------------------------------------------------
ready           0.00          68.5            68.5           0.0              0.0           0.0         0.0
taxi            5.00         137.0           137.0           0.0              0.0           0.0         2.6
takeoff         1.00       1,325.8           987.8         329.3              8.7         387.5        23.4
climb           5.05       1,370.1         1,020.7         340.2              9.1         434.0        25.6
cruise        198.15         487.8           472.1           0.0             15.6         200.5        12.0
loiter         15.00         390.2           377.7           0.0             12.5         161.2         9.6
landing         1.00           0.0             0.0           0.0              0.0           0.0         0.0

Pcomp_max (solved phases): 15.6 kW (cruise)
Pnet (climb): 1,237 kW
Pelectricnet (climb): 1,361 kW
eta_pt: 0.9031

# Geometry
Main Wing Area: 27.99 m^2
Wingspan: 15.87 m
Fuselage Length: 12.23 m
Hydrogen Tank Length: 3.22 m
Horizontal Tail Area: 5.12 m^2
Vertical Tail Area: 5.30 m^2
Horizontal Tail span: 4.80 m
Vertical Tail span: 3.17 m
Horizontal Tail X_Position: 10.11 m
Vertical Tail X_Position: 9.55 m

# Single Nacelle (1/2)
Stack(1/2): 291 kg, Compressor: 19 kg, Humidifier: 106 kg, HX: 364 kg
Fuelcell System(FCS; Stack+Compressor+Humidifier+Hx): 779 kg
Representative FC phase: climb
Specific Power of Fuelcell System: 0.661 kW/kg
Stack dimension: dX=0.378 m, dY=0.293 m, dZ=0.293 m
Heat Exchanger dimension: dX=1.422 m, dY=1.422 m, dZ=0.201 m

# ALL Nacelles
FCS_total: 1,558 kg
PMAD: 117 kg
Motors: 181 kg

# Total Mass Breakdown
-----------------------
Powertrain (FCS_total+PMAD+Motors): 1,856 kg
-----------------------
Main Wing: 439 kg
Horizontal Tail: 33 kg
Vertical Tail: 60 kg
Fuselage: 325 kg
Landing gear(main): 243 kg
Landing gear(nose): 65 kg
Flight Control System: 366 kg
Electric System: 300 kg
Instruments: 86 kg
Hydraulics: 71 kg
Furnishing: 380 kg
-----------------------
Operating Empty Mass(OEM): 2,367 kg
-----------------------
Hydrogen Tank: 362 kg
Hydrogen Fuel: 160.7 kg
Battery: 142.1 kg
-----------------------
Payload: 1,000 kg
-----------------------
Maximum Takeoff Mass(MTOM): 5,888 kg
-----------------------

Wing loading (MTOM/S_wing): 210.36 kg/m^2
Power-to-weight (maxPow/MTOM): 232.70 W/kg

mdot_H2(cruise): 12.0 g/s
Hydrogen Tank Volume: 6.9 m^3
========================== END ==============================


=============================================================
Execution time: 4.9 seconds
=============================================================
