[command] /home/shoh95/anaconda3/envs/aerofc/bin/python /home/shoh95/Programming/HFCAD/app/main.py -i /home/shoh95/Programming/HFCAD/app/input_sweep_gui_r1/h2000_PC0.45_PT0.45_CK150.ini --outdir /home/shoh95/Programming/HFCAD/results/input_sweep_gui_r1
[start] 2026-02-21 06:16:37

Auto-widening W/S scan window for min_combined_pw: 1900.0..2600.0 -> 1725.0..2775.0 Pa (factor 1.500, lower_hit=True, upper_hit=False, min_on_edge=False).
Auto-widening W/S scan window for min_combined_pw: 1725.0..2775.0 -> 1462.5..3037.5 Pa (factor 1.500, lower_hit=True, upper_hit=False, min_on_edge=False).
ADRpy constraint sizing (min_combined_pw): W/S=2062.5 Pa (210.32 kg/m^2), P/W_TO=0.16394 kW/kg, P/W_climb=0.16940 kW/kg, P/W_cruise=0.05831 kW/kg
Curve minimum (combined/combined): W/S=2062.5 Pa (210.32 kg/m^2), P/W=0.16940 kW/kg
Curve minimum (takeoff/take-off): W/S=1462.5 Pa (149.13 kg/m^2), P/W=0.10196 kW/kg
Curve minimum (climb/climb): W/S=2312.5 Pa (235.81 kg/m^2), P/W=0.16592 kW/kg
Curve minimum (cruise/cruise): W/S=2312.5 Pa (235.81 kg/m^2), P/W=0.05785 kW/kg
======================================================
======================= ITER 1 =======================
Fuel-cell system mass representative phase: climb (P_fc_sys=637.567 kW).

-----------------------
ptotal_climb: 1,155 kW, mtom_est: 5,077 kg, mtom: 5,000 kg, residual: +76.64 kg

MTOM update: initial_bracket_probe_1, relax=1.000 -> mtom_next=5,325.00 kg

======================================================
======================= ITER 2 =======================
Fuel-cell system mass representative phase: climb (P_fc_sys=679.003 kW).

-----------------------
ptotal_climb: 1,230 kW, mtom_est: 5,251 kg, mtom: 5,325 kg, residual: -73.95 kg

MTOM update: newton, relax=1.000 -> mtom_next=5,165.41 kg

======================================================
======================= ITER 3 =======================
Fuel-cell system mass representative phase: climb (P_fc_sys=658.662 kW).

-----------------------
ptotal_climb: 1,193 kW, mtom_est: 5,167 kg, mtom: 5,165 kg, residual: +1.92 kg


CONVERGED

CONVERGED STATE [MTOM iteration 3]
  MTOM=5,167 kg | Wing loading=210.39 kg/m^2 | P/W(climb)=230.83 W/kg
  Phase power: climb=1,192.8 kW | cruise=428.1 kW | loiter=342.4 kW | takeoff=1,154.3 kW | cruise+charger=428.1 kW
  Power split (climb): FC=652.8 kW | Battery=534.1 kW | Compressor=5.8 kW | Cooling=278.1 kW | H2=16.376 g/s
  Compressor max across phases: 13.8 kW (cruise)
  FC representative phase (mass sizing): climb (658.7 kW)
  Mass summary: MTOM=5,167 kg | Powertrain=1,255 kg | Tank=312.7 kg | Fuel=139.0 kg | Battery=223.1 kg | Nacelle power density=0.66 kW/kg
  Geometry: Main wing area=24.56 m^2 | Horizontal tail area=4.331 m^2 | Horizontal tail location=9.794 m | Vertical tail area=4.445 m^2 | Vertical tail location=9.310 m
  Config: wing loading input=210.32 kg/m^2 | P/W TO/Cl/Cr/Lo=0.16394/0.16940/0.05831/0.04665 kW/kg

=============================================================
========================= CONVERGED =========================
=============================================================
Constraint sizing: ENABLED (min_combined_pw)
Input W/S: 210.32 kg/m^2 (2,062.5 Pa)
Input P/W [kW/kg]: takeoff 0.16394, climb 0.16940, cruise 0.05831, loiter 0.04665
Converged P/W [kW/kg]: takeoff 0.22338, climb 0.23083, cruise 0.08284, loiter 0.06627
-------------------------------------------------------------

# Mission Time
Climb time: 5.05 min (0.08 h)
Cruise time: 198.15 min (3.30 h)
Total flight time: 225.20 min (3.75 h)

# Phase Power Breakdown
Phase      Time[min]     Total[kW]    FC Stack[kW]   Battery[kW]   Compressor[kW]   Cooling[kW]   mdot_H2[g/s]
--------------------------------------------------------------------------------------------------------------
ready           0.00          59.6            59.6           0.0              0.0           0.0         0.0
taxi            5.00         119.3           119.3           0.0              0.0           0.0         1.6
takeoff         1.00       1,154.3           631.8         516.9              5.6         248.3        15.0
climb           5.05       1,192.8           652.8         534.1              5.8         278.1        16.4
cruise        198.15         428.1           414.3           0.0             13.8         176.4        10.5
loiter         15.00         342.4           331.4           0.0             11.0         141.8         8.4
landing         1.00           0.0             0.0           0.0              0.0           0.0         0.0

Pcomp_max (solved phases): 13.8 kW (cruise)
Pnet (climb): 1,077 kW
Pelectricnet (climb): 1,187 kW
eta_pt: 0.9031

# Geometry
Main Wing Area: 24.56 m^2
Wingspan: 14.87 m
Fuselage Length: 11.80 m
Hydrogen Tank Length: 2.79 m
Horizontal Tail Area: 4.33 m^2
Vertical Tail Area: 4.44 m^2
Horizontal Tail span: 4.41 m
Vertical Tail span: 2.91 m
Horizontal Tail X_Position: 9.79 m
Vertical Tail X_Position: 9.31 m

# Single Nacelle (1/2)
Stack(1/2): 186 kg, Compressor: 13 kg, Humidifier: 68 kg, HX: 233 kg
Fuelcell System(FCS; Stack+Compressor+Humidifier+Hx): 500 kg
Representative FC phase: climb
Specific Power of Fuelcell System: 0.658 kW/kg
Stack dimension: dX=0.378 m, dY=0.234 m, dZ=0.234 m
Heat Exchanger dimension: dX=1.140 m, dY=1.140 m, dZ=0.201 m

# ALL Nacelles
FCS_total: 1,000 kg
PMAD: 96 kg
Motors: 159 kg

# Total Mass Breakdown
-----------------------
Powertrain (FCS_total+PMAD+Motors): 1,255 kg
-----------------------
Main Wing: 373 kg
Horizontal Tail: 27 kg
Vertical Tail: 52 kg
Fuselage: 305 kg
Landing gear(main): 243 kg
Landing gear(nose): 65 kg
Flight Control System: 366 kg
Electric System: 300 kg
Instruments: 77 kg
Hydraulics: 62 kg
Furnishing: 370 kg
-----------------------
Operating Empty Mass(OEM): 2,238 kg
-----------------------
Hydrogen Tank: 313 kg
Hydrogen Fuel: 139.0 kg
Battery: 223.1 kg
-----------------------
Payload: 1,000 kg
-----------------------
Maximum Takeoff Mass(MTOM): 5,167 kg
-----------------------

Wing loading (MTOM/S_wing): 210.39 kg/m^2
Power-to-weight (maxPow/MTOM): 230.83 W/kg

mdot_H2(cruise): 10.5 g/s
Hydrogen Tank Volume: 6.0 m^3
========================== END ==============================


=============================================================
Execution time: 3.7 seconds
=============================================================
