[command] /home/shoh95/anaconda3/envs/aerofc/bin/python /home/shoh95/Programming/HFCAD/app/main.py -i /home/shoh95/Programming/HFCAD/app/input_sweep_gui_r1/h2500_PC0.45_PT0.45_CK200.ini --outdir /home/shoh95/Programming/HFCAD/results/input_sweep_gui_r1
[start] 2026-02-21 06:17:17

Auto-widening W/S scan window for min_combined_pw: 1900.0..2600.0 -> 1725.0..2775.0 Pa (factor 1.500, lower_hit=True, upper_hit=False, min_on_edge=False).
Auto-widening W/S scan window for min_combined_pw: 1725.0..2775.0 -> 1462.5..3037.5 Pa (factor 1.500, lower_hit=True, upper_hit=False, min_on_edge=False).
ADRpy constraint sizing (min_combined_pw): W/S=2112.5 Pa (215.42 kg/m^2), P/W_TO=0.16953 kW/kg, P/W_climb=0.17275 kW/kg, P/W_cruise=0.09289 kW/kg
Curve minimum (combined/combined): W/S=2112.5 Pa (215.42 kg/m^2), P/W=0.17275 kW/kg
Curve minimum (takeoff/take-off): W/S=1462.5 Pa (149.13 kg/m^2), P/W=0.10196 kW/kg
Curve minimum (climb/climb): W/S=2312.5 Pa (235.81 kg/m^2), P/W=0.17014 kW/kg
Curve minimum (cruise/cruise): W/S=2312.5 Pa (235.81 kg/m^2), P/W=0.08859 kW/kg
======================================================
======================= ITER 1 =======================
Fuel-cell system mass representative phase: cruise (P_fc_sys=666.647 kW).

-----------------------
ptotal_climb: 1,177 kW, mtom_est: 5,302 kg, mtom: 5,000 kg, residual: +302.04 kg

MTOM update: initial_bracket_probe_1, relax=1.000 -> mtom_next=5,325.00 kg

======================================================
======================= ITER 2 =======================
Fuel-cell system mass representative phase: cruise (P_fc_sys=709.950 kW).

-----------------------
ptotal_climb: 1,254 kW, mtom_est: 5,485 kg, mtom: 5,325 kg, residual: +160.26 kg

MTOM update: initial_bracket_probe_2, relax=1.000 -> mtom_next=5,650.00 kg

======================================================
======================= ITER 3 =======================
Fuel-cell system mass representative phase: cruise (P_fc_sys=753.280 kW).

-----------------------
ptotal_climb: 1,331 kW, mtom_est: 5,672 kg, mtom: 5,650 kg, residual: +21.57 kg

MTOM update: newton_prebracket, relax=1.000 -> mtom_next=5,700.54 kg

======================================================
======================= ITER 4 =======================
Fuel-cell system mass representative phase: cruise (P_fc_sys=760.010 kW).

-----------------------
ptotal_climb: 1,342 kW, mtom_est: 5,700 kg, mtom: 5,701 kg, residual: -0.83 kg


CONVERGED

CONVERGED STATE [MTOM iteration 4]
  MTOM=5,700 kg | Wing loading=215.38 kg/m^2 | P/W(climb)=235.53 W/kg
  Phase power: climb=1,342.4 kW | cruise=760.0 kW | loiter=608.0 kW | takeoff=1,317.3 kW | cruise+charger=760.0 kW
  Power split (climb): FC=734.7 kW | Battery=601.1 kW | Compressor=6.6 kW | Cooling=314.2 kW | H2=18.604 g/s
  Compressor max across phases: 31.7 kW (cruise)
  FC representative phase (mass sizing): cruise (760.0 kW)
  Mass summary: MTOM=5,700 kg | Powertrain=1,397 kg | Tank=415.4 kg | Fuel=184.6 kg | Battery=304.3 kg | Nacelle power density=0.68 kW/kg
  Geometry: Main wing area=26.46 m^2 | Horizontal tail area=4.397 m^2 | Horizontal tail location=10.698 m | Vertical tail area=4.498 m^2 | Vertical tail location=10.212 m
  Config: wing loading input=215.42 kg/m^2 | P/W TO/Cl/Cr/Lo=0.16953/0.17275/0.09289/0.07431 kW/kg

=============================================================
========================= CONVERGED =========================
=============================================================
Constraint sizing: ENABLED (min_combined_pw)
Input W/S: 215.42 kg/m^2 (2,112.5 Pa)
Input P/W [kW/kg]: takeoff 0.16953, climb 0.17275, cruise 0.09289, loiter 0.07431
Converged P/W [kW/kg]: takeoff 0.23112, climb 0.23553, cruise 0.13334, loiter 0.10667
-------------------------------------------------------------

# Mission Time
Climb time: 6.31 min (0.11 h)
Cruise time: 144.49 min (2.41 h)
Total flight time: 172.80 min (2.88 h)

# Phase Power Breakdown
Phase      Time[min]     Total[kW]    FC Stack[kW]   Battery[kW]   Compressor[kW]   Cooling[kW]   mdot_H2[g/s]
--------------------------------------------------------------------------------------------------------------
ready           0.00          67.1            67.1           0.0              0.0           0.0         0.0
taxi            5.00         134.2           134.2           0.0              0.0           0.0         1.9
takeoff         1.00       1,317.3           721.0         589.9              6.3         280.5        17.1
climb           6.31       1,342.4           734.7         601.1              6.6         314.2        18.6
cruise        144.49         760.0           728.3           0.0             31.7         310.4        18.7
loiter         15.00         608.0           582.7           0.0             25.3         250.3        15.1
landing         1.00           0.0             0.0           0.0              0.0           0.0         0.0

Pcomp_max (solved phases): 31.7 kW (cruise)
Pnet (climb): 1,212 kW
Pelectricnet (climb): 1,336 kW
eta_pt: 0.9031

# Geometry
Main Wing Area: 26.46 m^2
Wingspan: 15.43 m
Fuselage Length: 12.71 m
Hydrogen Tank Length: 3.70 m
Horizontal Tail Area: 4.40 m^2
Vertical Tail Area: 4.50 m^2
Horizontal Tail span: 4.45 m
Vertical Tail span: 2.92 m
Horizontal Tail X_Position: 10.70 m
Vertical Tail X_Position: 10.21 m

# Single Nacelle (1/2)
Stack(1/2): 214 kg, Compressor: 62 kg, Humidifier: 71 kg, HX: 208 kg
Fuelcell System(FCS; Stack+Compressor+Humidifier+Hx): 555 kg
Representative FC phase: cruise
Specific Power of Fuelcell System: 0.685 kW/kg
Stack dimension: dX=0.366 m, dY=0.255 m, dZ=0.255 m
Heat Exchanger dimension: dX=1.047 m, dY=1.047 m, dZ=0.213 m

# ALL Nacelles
FCS_total: 1,110 kg
PMAD: 108 kg
Motors: 178 kg

# Total Mass Breakdown
-----------------------
Powertrain (FCS_total+PMAD+Motors): 1,397 kg
-----------------------
Main Wing: 415 kg
Horizontal Tail: 29 kg
Vertical Tail: 55 kg
Fuselage: 382 kg
Landing gear(main): 243 kg
Landing gear(nose): 65 kg
Flight Control System: 366 kg
Electric System: 300 kg
Instruments: 83 kg
Hydraulics: 68 kg
Furnishing: 392 kg
-----------------------
Operating Empty Mass(OEM): 2,399 kg
-----------------------
Hydrogen Tank: 415 kg
Hydrogen Fuel: 184.6 kg
Battery: 304.3 kg
-----------------------
Payload: 1,000 kg
-----------------------
Maximum Takeoff Mass(MTOM): 5,700 kg
-----------------------

Wing loading (MTOM/S_wing): 215.38 kg/m^2
Power-to-weight (maxPow/MTOM): 235.53 W/kg

mdot_H2(cruise): 18.7 g/s
Hydrogen Tank Volume: 7.9 m^3
========================== END ==============================


=============================================================
Execution time: 4.3 seconds
=============================================================
