[command] /home/shoh95/anaconda3/envs/aerofc/bin/python /home/shoh95/Programming/HFCAD/app/main.py -i /home/shoh95/Programming/HFCAD/app/input_sweep_gui_r1/h2500_PC0.25_PT0.25_CK160.ini --outdir /home/shoh95/Programming/HFCAD/results/input_sweep_gui_r1
[start] 2026-02-21 06:16:45

Auto-widening W/S scan window for min_combined_pw: 1900.0..2600.0 -> 1725.0..2775.0 Pa (factor 1.500, lower_hit=True, upper_hit=False, min_on_edge=False).
Auto-widening W/S scan window for min_combined_pw: 1725.0..2775.0 -> 1462.5..3037.5 Pa (factor 1.500, lower_hit=True, upper_hit=False, min_on_edge=False).
ADRpy constraint sizing (min_combined_pw): W/S=2112.5 Pa (215.42 kg/m^2), P/W_TO=0.16953 kW/kg, P/W_climb=0.17279 kW/kg, P/W_cruise=0.06274 kW/kg
Curve minimum (combined/combined): W/S=2112.5 Pa (215.42 kg/m^2), P/W=0.17279 kW/kg
Curve minimum (takeoff/take-off): W/S=1462.5 Pa (149.13 kg/m^2), P/W=0.10196 kW/kg
Curve minimum (climb/climb): W/S=2312.5 Pa (235.81 kg/m^2), P/W=0.17012 kW/kg
Curve minimum (cruise/cruise): W/S=2312.5 Pa (235.81 kg/m^2), P/W=0.06198 kW/kg
======================================================
======================= ITER 1 =======================
Fuel-cell system mass representative phase: climb (P_fc_sys=892.348 kW).

-----------------------
ptotal_climb: 1,187 kW, mtom_est: 5,437 kg, mtom: 5,000 kg, residual: +437.24 kg

MTOM update: initial_bracket_probe_1, relax=1.000 -> mtom_next=5,325.00 kg

======================================================
======================= ITER 2 =======================
Fuel-cell system mass representative phase: climb (P_fc_sys=950.344 kW).

-----------------------
ptotal_climb: 1,264 kW, mtom_est: 5,636 kg, mtom: 5,325 kg, residual: +311.21 kg

MTOM update: initial_bracket_probe_2, relax=1.000 -> mtom_next=5,650.00 kg

======================================================
======================= ITER 3 =======================
Fuel-cell system mass representative phase: climb (P_fc_sys=1008.347 kW).

-----------------------
ptotal_climb: 1,341 kW, mtom_est: 5,837 kg, mtom: 5,650 kg, residual: +187.15 kg

MTOM update: newton_prebracket, relax=1.000 -> mtom_next=6,140.26 kg

======================================================
======================= ITER 4 =======================
Fuel-cell system mass representative phase: climb (P_fc_sys=1095.849 kW).

-----------------------
ptotal_climb: 1,458 kW, mtom_est: 6,143 kg, mtom: 6,140 kg, residual: +3.03 kg


CONVERGED

CONVERGED STATE [MTOM iteration 4]
  MTOM=6,143 kg | Wing loading=215.52 kg/m^2 | P/W(climb)=237.31 W/kg
  Phase power: climb=1,457.9 kW | cruise=552.9 kW | loiter=442.3 kW | takeoff=1,430.1 kW | cruise+charger=552.9 kW
  Power split (climb): FC=1,086.1 kW | Battery=362.0 kW | Compressor=9.8 kW | Cooling=469.0 kW | H2=27.712 g/s
  Compressor max across phases: 23.0 kW (cruise)
  FC representative phase (mass sizing): climb (1,095.8 kW)
  Mass summary: MTOM=6,143 kg | Powertrain=1,980 kg | Tank=391.4 kg | Fuel=173.9 kg | Battery=183.3 kg | Nacelle power density=0.66 kW/kg
  Geometry: Main wing area=28.50 m^2 | Horizontal tail area=5.114 m^2 | Horizontal tail location=10.373 m | Vertical tail area=5.280 m^2 | Vertical tail location=9.815 m
  Config: wing loading input=215.42 kg/m^2 | P/W TO/Cl/Cr/Lo=0.16953/0.17279/0.06274/0.05019 kW/kg

=============================================================
========================= CONVERGED =========================
=============================================================
Constraint sizing: ENABLED (min_combined_pw)
Input W/S: 215.42 kg/m^2 (2,112.5 Pa)
Input P/W [kW/kg]: takeoff 0.16953, climb 0.17279, cruise 0.06274, loiter 0.05019
Converged P/W [kW/kg]: takeoff 0.23279, climb 0.23731, cruise 0.09000, loiter 0.07200
-------------------------------------------------------------

# Mission Time
Climb time: 6.31 min (0.11 h)
Cruise time: 183.72 min (3.06 h)
Total flight time: 212.03 min (3.53 h)

# Phase Power Breakdown
Phase      Time[min]     Total[kW]    FC Stack[kW]   Battery[kW]   Compressor[kW]   Cooling[kW]   mdot_H2[g/s]
--------------------------------------------------------------------------------------------------------------
ready           0.00          72.9            72.9           0.0              0.0           0.0         0.0
taxi            5.00         145.8           145.8           0.0              0.0           0.0         2.8
takeoff         1.00       1,430.1         1,065.6         355.2              9.4         414.0        25.2
climb           6.31       1,457.9         1,086.1         362.0              9.8         469.0        27.7
cruise        183.72         552.9           529.8           0.0             23.0         228.0        13.7
loiter         15.00         442.3           423.9           0.0             18.4         183.3        11.0
landing         1.00           0.0             0.0           0.0              0.0           0.0         0.0

Pcomp_max (solved phases): 23.0 kW (cruise)
Pnet (climb): 1,317 kW
Pelectricnet (climb): 1,448 kW
eta_pt: 0.9031

# Geometry
Main Wing Area: 28.50 m^2
Wingspan: 16.02 m
Fuselage Length: 12.50 m
Hydrogen Tank Length: 3.49 m
Horizontal Tail Area: 5.11 m^2
Vertical Tail Area: 5.28 m^2
Horizontal Tail span: 4.80 m
Vertical Tail span: 3.17 m
Horizontal Tail X_Position: 10.37 m
Vertical Tail X_Position: 9.81 m

# Single Nacelle (1/2)
Stack(1/2): 315 kg, Compressor: 21 kg, Humidifier: 120 kg, HX: 376 kg
Fuelcell System(FCS; Stack+Compressor+Humidifier+Hx): 831 kg
Representative FC phase: climb
Specific Power of Fuelcell System: 0.659 kW/kg
Stack dimension: dX=0.384 m, dY=0.302 m, dZ=0.302 m
Heat Exchanger dimension: dX=1.443 m, dY=1.443 m, dZ=0.202 m

# ALL Nacelles
FCS_total: 1,663 kg
PMAD: 125 kg
Motors: 192 kg

# Total Mass Breakdown
-----------------------
Powertrain (FCS_total+PMAD+Motors): 1,980 kg
-----------------------
Main Wing: 454 kg
Horizontal Tail: 34 kg
Vertical Tail: 62 kg
Fuselage: 342 kg
Landing gear(main): 243 kg
Landing gear(nose): 65 kg
Flight Control System: 366 kg
Electric System: 300 kg
Instruments: 89 kg
Hydraulics: 74 kg
Furnishing: 387 kg
-----------------------
Operating Empty Mass(OEM): 2,415 kg
-----------------------
Hydrogen Tank: 391 kg
Hydrogen Fuel: 173.9 kg
Battery: 183.3 kg
-----------------------
Payload: 1,000 kg
-----------------------
Maximum Takeoff Mass(MTOM): 6,143 kg
-----------------------

Wing loading (MTOM/S_wing): 215.52 kg/m^2
Power-to-weight (maxPow/MTOM): 237.31 W/kg

mdot_H2(cruise): 13.7 g/s
Hydrogen Tank Volume: 7.5 m^3
========================== END ==============================


=============================================================
Execution time: 4.6 seconds
=============================================================
