[command] /home/shoh95/anaconda3/envs/aerofc/bin/python /home/shoh95/Programming/HFCAD/app/main.py -i /home/shoh95/Programming/HFCAD/app/input_sweep_gui_r1/h2500_PC0.25_PT0.25_CK240.ini --outdir /home/shoh95/Programming/HFCAD/results/input_sweep_gui_r1
[start] 2026-02-21 06:16:53

Auto-widening W/S scan window for min_combined_pw: 1900.0..2600.0 -> 1725.0..2775.0 Pa (factor 1.500, lower_hit=True, upper_hit=False, min_on_edge=False).
Auto-widening W/S scan window for min_combined_pw: 1725.0..2775.0 -> 1462.5..3037.5 Pa (factor 1.500, lower_hit=True, upper_hit=False, min_on_edge=False).
ADRpy constraint sizing (min_combined_pw): W/S=2112.5 Pa (215.42 kg/m^2), P/W_TO=0.16953 kW/kg, P/W_climb=0.17344 kW/kg, P/W_cruise=0.14210 kW/kg
Curve minimum (combined/combined): W/S=2112.5 Pa (215.42 kg/m^2), P/W=0.17344 kW/kg
Curve minimum (takeoff/take-off): W/S=1462.5 Pa (149.13 kg/m^2), P/W=0.10196 kW/kg
Curve minimum (climb/climb): W/S=2312.5 Pa (235.81 kg/m^2), P/W=0.17100 kW/kg
Curve minimum (cruise/cruise): W/S=2312.5 Pa (235.81 kg/m^2), P/W=0.13293 kW/kg
======================================================
======================= ITER 1 =======================
Fuel-cell system mass representative phase: cruise (P_fc_sys=1019.805 kW).

-----------------------
ptotal_climb: 1,192 kW, mtom_est: 5,797 kg, mtom: 5,000 kg, residual: +796.79 kg

MTOM update: initial_bracket_probe_1, relax=1.000 -> mtom_next=5,325.00 kg

======================================================
======================= ITER 2 =======================
Fuel-cell system mass representative phase: cruise (P_fc_sys=1086.124 kW).

-----------------------
ptotal_climb: 1,269 kW, mtom_est: 6,015 kg, mtom: 5,325 kg, residual: +689.74 kg

MTOM update: initial_bracket_probe_2, relax=1.000 -> mtom_next=5,650.00 kg

======================================================
======================= ITER 3 =======================
Fuel-cell system mass representative phase: cruise (P_fc_sys=1152.414 kW).

-----------------------
ptotal_climb: 1,346 kW, mtom_est: 6,231 kg, mtom: 5,650 kg, residual: +581.23 kg

MTOM update: newton_prebracket, relax=1.000 -> mtom_next=7,390.91 kg

======================================================
======================= ITER 4 =======================
Fuel-cell system mass representative phase: cruise (P_fc_sys=1507.483 kW).

-----------------------
ptotal_climb: 1,761 kW, mtom_est: 7,398 kg, mtom: 7,391 kg, residual: +7.00 kg

MTOM update: newton_prebracket, relax=1.000 -> mtom_next=7,412.14 kg

======================================================
======================= ITER 5 =======================
Fuel-cell system mass representative phase: cruise (P_fc_sys=1511.831 kW).

-----------------------
ptotal_climb: 1,766 kW, mtom_est: 7,414 kg, mtom: 7,412 kg, residual: +1.38 kg


CONVERGED

CONVERGED STATE [MTOM iteration 5]
  MTOM=7,414 kg | Wing loading=215.46 kg/m^2 | P/W(climb)=238.27 W/kg
  Phase power: climb=1,766.4 kW | cruise=1,511.8 kW | loiter=1,209.4 kW | takeoff=1,726.3 kW | cruise+charger=1,511.8 kW
  Power split (climb): FC=1,315.9 kW | Battery=438.6 kW | Compressor=11.8 kW | Cooling=555.6 kW | H2=33.033 g/s
  Compressor max across phases: 63.1 kW (cruise)
  FC representative phase (mass sizing): cruise (1,511.8 kW)
  Mass summary: MTOM=7,414 kg | Powertrain=2,368 kg | Tank=686.3 kg | Fuel=305.0 kg | Battery=222.0 kg | Nacelle power density=0.76 kW/kg
  Geometry: Main wing area=34.41 m^2 | Horizontal tail area=5.316 m^2 | Horizontal tail location=12.970 m | Vertical tail area=5.441 m^2 | Vertical tail location=12.406 m
  Config: wing loading input=215.42 kg/m^2 | P/W TO/Cl/Cr/Lo=0.16953/0.17344/0.14210/0.11368 kW/kg

=============================================================
========================= CONVERGED =========================
=============================================================
Constraint sizing: ENABLED (min_combined_pw)
Input W/S: 215.42 kg/m^2 (2,112.5 Pa)
Input P/W [kW/kg]: takeoff 0.16953, climb 0.17344, cruise 0.14210, loiter 0.11368
Converged P/W [kW/kg]: takeoff 0.23286, climb 0.23827, cruise 0.20393, loiter 0.16313
-------------------------------------------------------------

# Mission Time
Climb time: 6.31 min (0.11 h)
Cruise time: 118.33 min (1.97 h)
Total flight time: 146.64 min (2.44 h)

# Phase Power Breakdown
Phase      Time[min]     Total[kW]    FC Stack[kW]   Battery[kW]   Compressor[kW]   Cooling[kW]   mdot_H2[g/s]
--------------------------------------------------------------------------------------------------------------
ready           0.00          88.3            88.3           0.0              0.0           0.0         0.0
taxi            5.00         176.6           176.6           0.0              0.0           0.0         3.3
takeoff         1.00       1,726.3         1,286.3         428.8             11.3         500.1        30.4
climb           6.31       1,766.4         1,315.9         438.6             11.8         555.6        33.0
cruise        118.33       1,511.8         1,448.7           0.0             63.1         611.1        37.0
loiter         15.00       1,209.4         1,159.0           0.0             50.4         493.9        29.8
landing         1.00           0.0             0.0           0.0              0.0           0.0         0.0

Pcomp_max (solved phases): 63.1 kW (cruise)
Pnet (climb): 1,595 kW
Pelectricnet (climb): 1,755 kW
eta_pt: 0.9031

# Geometry
Main Wing Area: 34.41 m^2
Wingspan: 17.60 m
Fuselage Length: 15.12 m
Hydrogen Tank Length: 6.11 m
Horizontal Tail Area: 5.32 m^2
Vertical Tail Area: 5.44 m^2
Horizontal Tail span: 4.89 m
Vertical Tail span: 3.22 m
Horizontal Tail X_Position: 12.97 m
Vertical Tail X_Position: 12.41 m

# Single Nacelle (1/2)
Stack(1/2): 423 kg, Compressor: 77 kg, Humidifier: 138 kg, HX: 354 kg
Fuelcell System(FCS; Stack+Compressor+Humidifier+Hx): 992 kg
Representative FC phase: cruise
Specific Power of Fuelcell System: 0.762 kW/kg
Stack dimension: dX=0.363 m, dY=0.360 m, dZ=0.360 m
Heat Exchanger dimension: dX=1.332 m, dY=1.332 m, dZ=0.223 m

# ALL Nacelles
FCS_total: 1,984 kg
PMAD: 150 kg
Motors: 233 kg

# Total Mass Breakdown
-----------------------
Powertrain (FCS_total+PMAD+Motors): 2,368 kg
-----------------------
Main Wing: 577 kg
Horizontal Tail: 40 kg
Vertical Tail: 70 kg
Fuselage: 529 kg
Landing gear(main): 243 kg
Landing gear(nose): 65 kg
Flight Control System: 366 kg
Electric System: 300 kg
Instruments: 104 kg
Hydraulics: 89 kg
Furnishing: 451 kg
-----------------------
Operating Empty Mass(OEM): 2,832 kg
-----------------------
Hydrogen Tank: 686 kg
Hydrogen Fuel: 305.0 kg
Battery: 222.0 kg
-----------------------
Payload: 1,000 kg
-----------------------
Maximum Takeoff Mass(MTOM): 7,414 kg
-----------------------

Wing loading (MTOM/S_wing): 215.46 kg/m^2
Power-to-weight (maxPow/MTOM): 238.27 W/kg

mdot_H2(cruise): 37.0 g/s
Hydrogen Tank Volume: 13.1 m^3
========================== END ==============================


=============================================================
Execution time: 4.7 seconds
=============================================================
