[command] /home/shoh95/anaconda3/envs/aerofc/bin/python /home/shoh95/Programming/HFCAD/app/main.py -i /home/shoh95/Programming/HFCAD/app/input_sweep_gui_r1/h3000_PC0.35_PT0.35_CK160.ini --outdir /home/shoh95/Programming/HFCAD/results/input_sweep_gui_r1
[start] 2026-02-21 06:17:42

Auto-widening W/S scan window for min_combined_pw: 1900.0..2600.0 -> 1725.0..2775.0 Pa (factor 1.500, lower_hit=True, upper_hit=False, min_on_edge=False).
Auto-widening W/S scan window for min_combined_pw: 1725.0..2775.0 -> 1462.5..3037.5 Pa (factor 1.500, lower_hit=True, upper_hit=False, min_on_edge=False).
ADRpy constraint sizing (min_combined_pw): W/S=2162.5 Pa (220.51 kg/m^2), P/W_TO=0.17518 kW/kg, P/W_climb=0.17660 kW/kg, P/W_cruise=0.06207 kW/kg
Curve minimum (combined/combined): W/S=2162.5 Pa (220.51 kg/m^2), P/W=0.17660 kW/kg
Curve minimum (takeoff/take-off): W/S=1462.5 Pa (149.13 kg/m^2), P/W=0.10196 kW/kg
Curve minimum (climb/climb): W/S=2312.5 Pa (235.81 kg/m^2), P/W=0.17460 kW/kg
Curve minimum (cruise/cruise): W/S=2312.5 Pa (235.81 kg/m^2), P/W=0.06177 kW/kg
======================================================
======================= ITER 1 =======================
Fuel-cell system mass representative phase: climb (P_fc_sys=788.070 kW).

-----------------------
ptotal_climb: 1,209 kW, mtom_est: 5,414 kg, mtom: 5,000 kg, residual: +414.44 kg

MTOM update: initial_bracket_probe_1, relax=1.000 -> mtom_next=5,325.00 kg

======================================================
======================= ITER 2 =======================
Fuel-cell system mass representative phase: climb (P_fc_sys=839.288 kW).

-----------------------
ptotal_climb: 1,287 kW, mtom_est: 5,612 kg, mtom: 5,325 kg, residual: +287.21 kg

MTOM update: initial_bracket_probe_2, relax=1.000 -> mtom_next=5,650.00 kg

======================================================
======================= ITER 3 =======================
Fuel-cell system mass representative phase: climb (P_fc_sys=890.513 kW).

-----------------------
ptotal_climb: 1,366 kW, mtom_est: 5,812 kg, mtom: 5,650 kg, residual: +161.98 kg

MTOM update: newton_prebracket, relax=1.000 -> mtom_next=6,070.41 kg

======================================================
======================= ITER 4 =======================
Fuel-cell system mass representative phase: climb (P_fc_sys=956.773 kW).

-----------------------
ptotal_climb: 1,467 kW, mtom_est: 6,071 kg, mtom: 6,070 kg, residual: +0.63 kg


CONVERGED

CONVERGED STATE [MTOM iteration 4]
  MTOM=6,071 kg | Wing loading=220.54 kg/m^2 | P/W(climb)=241.69 W/kg
  Phase power: climb=1,467.3 kW | cruise=546.4 kW | loiter=437.1 kW | takeoff=1,455.2 kW | cruise+charger=546.4 kW
  Power split (climb): FC=948.2 kW | Battery=510.6 kW | Compressor=8.6 kW | Cooling=416.8 kW | H2=24.667 g/s
  Compressor max across phases: 28.1 kW (cruise)
  FC representative phase (mass sizing): climb (956.8 kW)
  Mass summary: MTOM=6,071 kg | Powertrain=1,815 kg | Tank=390.2 kg | Fuel=173.4 kg | Battery=303.6 kg | Nacelle power density=0.64 kW/kg
  Geometry: Main wing area=27.53 m^2 | Horizontal tail area=4.826 m^2 | Horizontal tail location=10.407 m | Vertical tail area=4.966 m^2 | Vertical tail location=9.877 m
  Config: wing loading input=220.51 kg/m^2 | P/W TO/Cl/Cr/Lo=0.17518/0.17660/0.06207/0.04966 kW/kg

=============================================================
========================= CONVERGED =========================
=============================================================
Constraint sizing: ENABLED (min_combined_pw)
Input W/S: 220.51 kg/m^2 (2,162.5 Pa)
Input P/W [kW/kg]: takeoff 0.17518, climb 0.17660, cruise 0.06207, loiter 0.04966
Converged P/W [kW/kg]: takeoff 0.23970, climb 0.24169, cruise 0.09000, loiter 0.07200
-------------------------------------------------------------

# Mission Time
Climb time: 7.57 min (0.13 h)
Cruise time: 182.46 min (3.04 h)
Total flight time: 212.03 min (3.53 h)

# Phase Power Breakdown
Phase      Time[min]     Total[kW]    FC Stack[kW]   Battery[kW]   Compressor[kW]   Cooling[kW]   mdot_H2[g/s]
--------------------------------------------------------------------------------------------------------------
ready           0.00          73.4            73.4           0.0              0.0           0.0         0.0
taxi            5.00         146.7           146.7           0.0              0.0           0.0         2.5
takeoff         1.00       1,455.2           940.5         506.4              8.3         362.2        22.2
climb           7.57       1,467.3           948.2         510.6              8.6         416.8        24.7
cruise        182.46         546.4           518.3           0.0             28.1         226.3        13.7
loiter         15.00         437.1           414.6           0.0             22.5         182.1        11.0
landing         1.00           0.0             0.0           0.0              0.0           0.0         0.0

Pcomp_max (solved phases): 28.1 kW (cruise)
Pnet (climb): 1,325 kW
Pelectricnet (climb): 1,459 kW
eta_pt: 0.9031

# Geometry
Main Wing Area: 27.53 m^2
Wingspan: 15.74 m
Fuselage Length: 12.49 m
Hydrogen Tank Length: 3.48 m
Horizontal Tail Area: 4.83 m^2
Vertical Tail Area: 4.97 m^2
Horizontal Tail span: 4.66 m
Vertical Tail span: 3.07 m
Horizontal Tail X_Position: 10.41 m
Vertical Tail X_Position: 9.88 m

# Single Nacelle (1/2)
Stack(1/2): 279 kg, Compressor: 19 kg, Humidifier: 112 kg, HX: 338 kg
Fuelcell System(FCS; Stack+Compressor+Humidifier+Hx): 749 kg
Representative FC phase: climb
Specific Power of Fuelcell System: 0.639 kW/kg
Stack dimension: dX=0.391 m, dY=0.282 m, dZ=0.282 m
Heat Exchanger dimension: dX=1.371 m, dY=1.371 m, dZ=0.201 m

# ALL Nacelles
FCS_total: 1,498 kg
PMAD: 122 kg
Motors: 194 kg

# Total Mass Breakdown
-----------------------
Powertrain (FCS_total+PMAD+Motors): 1,815 kg
-----------------------
Main Wing: 440 kg
Horizontal Tail: 33 kg
Vertical Tail: 60 kg
Fuselage: 336 kg
Landing gear(main): 243 kg
Landing gear(nose): 65 kg
Flight Control System: 366 kg
Electric System: 300 kg
Instruments: 88 kg
Hydraulics: 73 kg
Furnishing: 387 kg
-----------------------
Operating Empty Mass(OEM): 2,389 kg
-----------------------
Hydrogen Tank: 390 kg
Hydrogen Fuel: 173.4 kg
Battery: 303.6 kg
-----------------------
Payload: 1,000 kg
-----------------------
Maximum Takeoff Mass(MTOM): 6,071 kg
-----------------------

Wing loading (MTOM/S_wing): 220.54 kg/m^2
Power-to-weight (maxPow/MTOM): 241.69 W/kg

mdot_H2(cruise): 13.7 g/s
Hydrogen Tank Volume: 7.4 m^3
========================== END ==============================


=============================================================
Execution time: 4.3 seconds
=============================================================
