[command] /home/shoh95/anaconda3/envs/aerofc/bin/python /home/shoh95/Programming/HFCAD/app/main.py -i /home/shoh95/Programming/HFCAD/app/input_sweep_gui_r1/h3000_PC0.4_PT0.4_CK190.ini --outdir /home/shoh95/Programming/HFCAD/results/input_sweep_gui_r1
[start] 2026-02-21 06:17:50

Auto-widening W/S scan window for min_combined_pw: 1900.0..2600.0 -> 1725.0..2775.0 Pa (factor 1.500, lower_hit=True, upper_hit=False, min_on_edge=False).
Auto-widening W/S scan window for min_combined_pw: 1725.0..2775.0 -> 1462.5..3037.5 Pa (factor 1.500, lower_hit=True, upper_hit=False, min_on_edge=False).
ADRpy constraint sizing (min_combined_pw): W/S=2162.5 Pa (220.51 kg/m^2), P/W_TO=0.17518 kW/kg, P/W_climb=0.17631 kW/kg, P/W_cruise=0.08089 kW/kg
Curve minimum (combined/combined): W/S=2162.5 Pa (220.51 kg/m^2), P/W=0.17631 kW/kg
Curve minimum (takeoff/take-off): W/S=1462.5 Pa (149.13 kg/m^2), P/W=0.10196 kW/kg
Curve minimum (climb/climb): W/S=2312.5 Pa (235.81 kg/m^2), P/W=0.17436 kW/kg
Curve minimum (cruise/cruise): W/S=2312.5 Pa (235.81 kg/m^2), P/W=0.07878 kW/kg
======================================================
======================= ITER 1 =======================
Fuel-cell system mass representative phase: climb (P_fc_sys=725.107 kW).

-----------------------
ptotal_climb: 1,204 kW, mtom_est: 5,348 kg, mtom: 5,000 kg, residual: +347.73 kg

MTOM update: initial_bracket_probe_1, relax=1.000 -> mtom_next=5,325.00 kg

======================================================
======================= ITER 2 =======================
Fuel-cell system mass representative phase: climb (P_fc_sys=772.233 kW).

-----------------------
ptotal_climb: 1,282 kW, mtom_est: 5,541 kg, mtom: 5,325 kg, residual: +215.86 kg

MTOM update: initial_bracket_probe_2, relax=1.000 -> mtom_next=5,650.00 kg

======================================================
======================= ITER 3 =======================
Fuel-cell system mass representative phase: climb (P_fc_sys=819.365 kW).

-----------------------
ptotal_climb: 1,361 kW, mtom_est: 5,735 kg, mtom: 5,650 kg, residual: +84.84 kg

MTOM update: newton_prebracket, relax=1.000 -> mtom_next=5,860.44 kg

======================================================
======================= ITER 4 =======================
Fuel-cell system mass representative phase: climb (P_fc_sys=849.886 kW).

-----------------------
ptotal_climb: 1,411 kW, mtom_est: 5,862 kg, mtom: 5,860 kg, residual: +1.23 kg


CONVERGED

CONVERGED STATE [MTOM iteration 4]
  MTOM=5,862 kg | Wing loading=220.56 kg/m^2 | P/W(climb)=240.78 W/kg
  Phase power: climb=1,411.4 kW | cruise=687.4 kW | loiter=549.9 kW | takeoff=1,402.1 kW | cruise+charger=687.4 kW
  Power split (climb): FC=842.2 kW | Battery=561.5 kW | Compressor=7.6 kW | Cooling=367.5 kW | H2=21.793 g/s
  Compressor max across phases: 35.4 kW (cruise)
  FC representative phase (mass sizing): climb (849.9 kW)
  Mass summary: MTOM=5,862 kg | Powertrain=1,546 kg | Tank=406.3 kg | Fuel=180.6 kg | Battery=334.0 kg | Nacelle power density=0.68 kW/kg
  Geometry: Main wing area=26.58 m^2 | Horizontal tail area=4.470 m^2 | Horizontal tail location=10.606 m | Vertical tail area=4.579 m^2 | Vertical tail location=10.112 m
  Config: wing loading input=220.51 kg/m^2 | P/W TO/Cl/Cr/Lo=0.17518/0.17631/0.08089/0.06471 kW/kg

=============================================================
========================= CONVERGED =========================
=============================================================
Constraint sizing: ENABLED (min_combined_pw)
Input W/S: 220.51 kg/m^2 (2,162.5 Pa)
Input P/W [kW/kg]: takeoff 0.17518, climb 0.17631, cruise 0.08089, loiter 0.06471
Converged P/W [kW/kg]: takeoff 0.23920, climb 0.24078, cruise 0.11727, loiter 0.09381
-------------------------------------------------------------

# Mission Time
Climb time: 7.57 min (0.13 h)
Cruise time: 151.69 min (2.53 h)
Total flight time: 181.26 min (3.02 h)

# Phase Power Breakdown
Phase      Time[min]     Total[kW]    FC Stack[kW]   Battery[kW]   Compressor[kW]   Cooling[kW]   mdot_H2[g/s]
--------------------------------------------------------------------------------------------------------------
ready           0.00          70.6            70.6           0.0              0.0           0.0         0.0
taxi            5.00         141.1           141.1           0.0              0.0           0.0         2.2
takeoff         1.00       1,402.1           836.9         557.9              7.3         322.5        19.8
climb           7.57       1,411.4           842.2         561.5              7.6         367.5        21.8
cruise        151.69         687.4           652.0           0.0             35.4         282.8        17.2
loiter         15.00         549.9           521.6           0.0             28.3         227.5        13.8
landing         1.00           0.0             0.0           0.0              0.0           0.0         0.0

Pcomp_max (solved phases): 35.4 kW (cruise)
Pnet (climb): 1,275 kW
Pelectricnet (climb): 1,404 kW
eta_pt: 0.9031

# Geometry
Main Wing Area: 26.58 m^2
Wingspan: 15.47 m
Fuselage Length: 12.63 m
Hydrogen Tank Length: 3.62 m
Horizontal Tail Area: 4.47 m^2
Vertical Tail Area: 4.58 m^2
Horizontal Tail span: 4.49 m
Vertical Tail span: 2.95 m
Horizontal Tail X_Position: 10.61 m
Vertical Tail X_Position: 10.11 m

# Single Nacelle (1/2)
Stack(1/2): 247 kg, Compressor: 17 kg, Humidifier: 98 kg, HX: 259 kg
Fuelcell System(FCS; Stack+Compressor+Humidifier+Hx): 622 kg
Representative FC phase: climb
Specific Power of Fuelcell System: 0.684 kW/kg
Stack dimension: dX=0.389 m, dY=0.266 m, dZ=0.266 m
Heat Exchanger dimension: dX=1.179 m, dY=1.179 m, dZ=0.209 m

# ALL Nacelles
FCS_total: 1,243 kg
PMAD: 116 kg
Motors: 187 kg

# Total Mass Breakdown
-----------------------
Powertrain (FCS_total+PMAD+Motors): 1,546 kg
-----------------------
Main Wing: 422 kg
Horizontal Tail: 30 kg
Vertical Tail: 56 kg
Fuselage: 368 kg
Landing gear(main): 243 kg
Landing gear(nose): 65 kg
Flight Control System: 366 kg
Electric System: 300 kg
Instruments: 85 kg
Hydraulics: 70 kg
Furnishing: 390 kg
-----------------------
Operating Empty Mass(OEM): 2,395 kg
-----------------------
Hydrogen Tank: 406 kg
Hydrogen Fuel: 180.6 kg
Battery: 334.0 kg
-----------------------
Payload: 1,000 kg
-----------------------
Maximum Takeoff Mass(MTOM): 5,862 kg
-----------------------

Wing loading (MTOM/S_wing): 220.56 kg/m^2
Power-to-weight (maxPow/MTOM): 240.78 W/kg

mdot_H2(cruise): 17.2 g/s
Hydrogen Tank Volume: 7.7 m^3
========================== END ==============================


=============================================================
Execution time: 4.7 seconds
=============================================================
