[command] /home/shoh95/anaconda3/envs/aerofc/bin/python /home/shoh95/Programming/HFCAD/app/main.py -i /home/shoh95/Programming/HFCAD/app/input_sweep_gui_r1/h3000_PC0.45_PT0.45_CK210.ini --outdir /home/shoh95/Programming/HFCAD/results/input_sweep_gui_r1
[start] 2026-02-21 06:17:59

Auto-widening W/S scan window for min_combined_pw: 1900.0..2600.0 -> 1725.0..2775.0 Pa (factor 1.500, lower_hit=True, upper_hit=False, min_on_edge=False).
Auto-widening W/S scan window for min_combined_pw: 1725.0..2775.0 -> 1462.5..3037.5 Pa (factor 1.500, lower_hit=True, upper_hit=False, min_on_edge=False).
ADRpy constraint sizing (min_combined_pw): W/S=2162.5 Pa (220.51 kg/m^2), P/W_TO=0.17518 kW/kg, P/W_climb=0.17656 kW/kg, P/W_cruise=0.09882 kW/kg
Curve minimum (combined/combined): W/S=2162.5 Pa (220.51 kg/m^2), P/W=0.17656 kW/kg
Curve minimum (takeoff/take-off): W/S=1462.5 Pa (149.13 kg/m^2), P/W=0.10196 kW/kg
Curve minimum (climb/climb): W/S=2312.5 Pa (235.81 kg/m^2), P/W=0.17465 kW/kg
Curve minimum (cruise/cruise): W/S=2312.5 Pa (235.81 kg/m^2), P/W=0.09525 kW/kg
======================================================
======================= ITER 1 =======================
Fuel-cell system mass representative phase: cruise (P_fc_sys=716.564 kW).

-----------------------
ptotal_climb: 1,203 kW, mtom_est: 5,484 kg, mtom: 5,000 kg, residual: +483.60 kg

MTOM update: initial_bracket_probe_1, relax=1.000 -> mtom_next=5,325.00 kg

======================================================
======================= ITER 2 =======================
Fuel-cell system mass representative phase: cruise (P_fc_sys=763.093 kW).

-----------------------
ptotal_climb: 1,282 kW, mtom_est: 5,675 kg, mtom: 5,325 kg, residual: +350.34 kg

MTOM update: initial_bracket_probe_2, relax=1.000 -> mtom_next=5,650.00 kg

======================================================
======================= ITER 3 =======================
Fuel-cell system mass representative phase: cruise (P_fc_sys=809.667 kW).

-----------------------
ptotal_climb: 1,360 kW, mtom_est: 5,871 kg, mtom: 5,650 kg, residual: +220.56 kg

MTOM update: newton_prebracket, relax=1.000 -> mtom_next=6,202.34 kg

======================================================
======================= ITER 4 =======================
Fuel-cell system mass representative phase: cruise (P_fc_sys=888.816 kW).

-----------------------
ptotal_climb: 1,493 kW, mtom_est: 6,203 kg, mtom: 6,202 kg, residual: +0.54 kg


CONVERGED

CONVERGED STATE [MTOM iteration 4]
  MTOM=6,203 kg | Wing loading=220.53 kg/m^2 | P/W(climb)=240.68 W/kg
  Phase power: climb=1,492.9 kW | cruise=888.8 kW | loiter=711.0 kW | takeoff=1,481.0 kW | cruise+charger=888.8 kW
  Power split (climb): FC=817.0 kW | Battery=668.5 kW | Compressor=7.4 kW | Cooling=354.6 kW | H2=21.059 g/s
  Compressor max across phases: 45.8 kW (cruise)
  FC representative phase (mass sizing): cruise (888.8 kW)
  Mass summary: MTOM=6,203 kg | Powertrain=1,635 kg | Tank=468.4 kg | Fuel=208.2 kg | Battery=397.5 kg | Nacelle power density=0.68 kW/kg
  Geometry: Main wing area=28.13 m^2 | Horizontal tail area=4.619 m^2 | Horizontal tail location=11.135 m | Vertical tail area=4.729 m^2 | Vertical tail location=10.629 m
  Config: wing loading input=220.51 kg/m^2 | P/W TO/Cl/Cr/Lo=0.17518/0.17656/0.09882/0.07906 kW/kg

=============================================================
========================= CONVERGED =========================
=============================================================
Constraint sizing: ENABLED (min_combined_pw)
Input W/S: 220.51 kg/m^2 (2,162.5 Pa)
Input P/W [kW/kg]: takeoff 0.17518, climb 0.17656, cruise 0.09882, loiter 0.07906
Converged P/W [kW/kg]: takeoff 0.23876, climb 0.24068, cruise 0.14329, loiter 0.11463
-------------------------------------------------------------

# Mission Time
Climb time: 7.57 min (0.13 h)
Cruise time: 136.05 min (2.27 h)
Total flight time: 165.63 min (2.76 h)

# Phase Power Breakdown
Phase      Time[min]     Total[kW]    FC Stack[kW]   Battery[kW]   Compressor[kW]   Cooling[kW]   mdot_H2[g/s]
--------------------------------------------------------------------------------------------------------------
ready           0.00          74.6            74.6           0.0              0.0           0.0         0.0
taxi            5.00         149.3           149.3           0.0              0.0           0.0         2.1
takeoff         1.00       1,481.0           810.6         663.3              7.1         312.6        19.2
climb           7.57       1,492.9           817.0         668.5              7.4         354.6        21.1
cruise        136.05         888.8           843.0           0.0             45.8         363.7        22.1
loiter         15.00         711.0           674.4           0.0             36.6         293.5        17.8
landing         1.00           0.0             0.0           0.0              0.0           0.0         0.0

Pcomp_max (solved phases): 45.8 kW (cruise)
Pnet (climb): 1,348 kW
Pelectricnet (climb): 1,485 kW
eta_pt: 0.9031

# Geometry
Main Wing Area: 28.13 m^2
Wingspan: 15.91 m
Fuselage Length: 13.18 m
Hydrogen Tank Length: 4.17 m
Horizontal Tail Area: 4.62 m^2
Vertical Tail Area: 4.73 m^2
Horizontal Tail span: 4.56 m
Vertical Tail span: 3.00 m
Horizontal Tail X_Position: 11.14 m
Vertical Tail X_Position: 10.63 m

# Single Nacelle (1/2)
Stack(1/2): 253 kg, Compressor: 83 kg, Humidifier: 86 kg, HX: 236 kg
Fuelcell System(FCS; Stack+Compressor+Humidifier+Hx): 658 kg
Representative FC phase: cruise
Specific Power of Fuelcell System: 0.675 kW/kg
Stack dimension: dX=0.366 m, dY=0.277 m, dZ=0.277 m
Heat Exchanger dimension: dX=1.113 m, dY=1.113 m, dZ=0.214 m

# ALL Nacelles
FCS_total: 1,316 kg
PMAD: 120 kg
Motors: 198 kg

# Total Mass Breakdown
-----------------------
Powertrain (FCS_total+PMAD+Motors): 1,635 kg
-----------------------
Main Wing: 453 kg
Horizontal Tail: 32 kg
Vertical Tail: 59 kg
Fuselage: 408 kg
Landing gear(main): 243 kg
Landing gear(nose): 65 kg
Flight Control System: 366 kg
Electric System: 300 kg
Instruments: 89 kg
Hydraulics: 74 kg
Furnishing: 404 kg
-----------------------
Operating Empty Mass(OEM): 2,494 kg
-----------------------
Hydrogen Tank: 468 kg
Hydrogen Fuel: 208.2 kg
Battery: 397.5 kg
-----------------------
Payload: 1,000 kg
-----------------------
Maximum Takeoff Mass(MTOM): 6,203 kg
-----------------------

Wing loading (MTOM/S_wing): 220.53 kg/m^2
Power-to-weight (maxPow/MTOM): 240.68 W/kg

mdot_H2(cruise): 22.1 g/s
Hydrogen Tank Volume: 8.9 m^3
========================== END ==============================


=============================================================
Execution time: 4.7 seconds
=============================================================
