[command] /home/shoh95/anaconda3/envs/aerofc/bin/python /home/shoh95/Programming/HFCAD/app/main.py -i /home/shoh95/Programming/HFCAD/app/input_sweep_gui_r1/h3000_PC0.35_PT0.35_CK210.ini --outdir /home/shoh95/Programming/HFCAD/results/input_sweep_gui_r1
[start] 2026-02-21 06:17:42

Auto-widening W/S scan window for min_combined_pw: 1900.0..2600.0 -> 1725.0..2775.0 Pa (factor 1.500, lower_hit=True, upper_hit=False, min_on_edge=False).
Auto-widening W/S scan window for min_combined_pw: 1725.0..2775.0 -> 1462.5..3037.5 Pa (factor 1.500, lower_hit=True, upper_hit=False, min_on_edge=False).
ADRpy constraint sizing (min_combined_pw): W/S=2162.5 Pa (220.51 kg/m^2), P/W_TO=0.17518 kW/kg, P/W_climb=0.17656 kW/kg, P/W_cruise=0.09882 kW/kg
Curve minimum (combined/combined): W/S=2162.5 Pa (220.51 kg/m^2), P/W=0.17656 kW/kg
Curve minimum (takeoff/take-off): W/S=1462.5 Pa (149.13 kg/m^2), P/W=0.10196 kW/kg
Curve minimum (climb/climb): W/S=2312.5 Pa (235.81 kg/m^2), P/W=0.17465 kW/kg
Curve minimum (cruise/cruise): W/S=2312.5 Pa (235.81 kg/m^2), P/W=0.09525 kW/kg
======================================================
======================= ITER 1 =======================
Fuel-cell system mass representative phase: climb (P_fc_sys=787.853 kW).

-----------------------
ptotal_climb: 1,208 kW, mtom_est: 5,446 kg, mtom: 5,000 kg, residual: +445.69 kg

MTOM update: initial_bracket_probe_1, relax=1.000 -> mtom_next=5,325.00 kg

======================================================
======================= ITER 2 =======================
Fuel-cell system mass representative phase: climb (P_fc_sys=839.057 kW).

-----------------------
ptotal_climb: 1,287 kW, mtom_est: 5,644 kg, mtom: 5,325 kg, residual: +318.55 kg

MTOM update: initial_bracket_probe_2, relax=1.000 -> mtom_next=5,650.00 kg

======================================================
======================= ITER 3 =======================
Fuel-cell system mass representative phase: climb (P_fc_sys=890.267 kW).

-----------------------
ptotal_climb: 1,365 kW, mtom_est: 5,844 kg, mtom: 5,650 kg, residual: +193.88 kg

MTOM update: newton_prebracket, relax=1.000 -> mtom_next=6,155.40 kg

======================================================
======================= ITER 4 =======================
Fuel-cell system mass representative phase: climb (P_fc_sys=969.910 kW).

-----------------------
ptotal_climb: 1,487 kW, mtom_est: 6,157 kg, mtom: 6,155 kg, residual: +1.14 kg


CONVERGED

CONVERGED STATE [MTOM iteration 4]
  MTOM=6,157 kg | Wing loading=220.55 kg/m^2 | P/W(climb)=241.61 W/kg
  Phase power: climb=1,487.5 kW | cruise=882.1 kW | loiter=705.6 kW | takeoff=1,475.6 kW | cruise+charger=882.1 kW
  Power split (climb): FC=961.2 kW | Battery=517.6 kW | Compressor=8.7 kW | Cooling=417.1 kW | H2=24.775 g/s
  Compressor max across phases: 45.5 kW (cruise)
  FC representative phase (mass sizing): climb (969.9 kW)
  Mass summary: MTOM=6,157 kg | Powertrain=1,684 kg | Tank=469.5 kg | Fuel=208.7 kg | Battery=307.8 kg | Nacelle power density=0.71 kW/kg
  Geometry: Main wing area=27.91 m^2 | Horizontal tail area=4.555 m^2 | Horizontal tail location=11.155 m | Vertical tail area=4.660 m^2 | Vertical tail location=10.656 m
  Config: wing loading input=220.51 kg/m^2 | P/W TO/Cl/Cr/Lo=0.17518/0.17656/0.09882/0.07906 kW/kg

=============================================================
========================= CONVERGED =========================
=============================================================
Constraint sizing: ENABLED (min_combined_pw)
Input W/S: 220.51 kg/m^2 (2,162.5 Pa)
Input P/W [kW/kg]: takeoff 0.17518, climb 0.17656, cruise 0.09882, loiter 0.07906
Converged P/W [kW/kg]: takeoff 0.23968, climb 0.24161, cruise 0.14328, loiter 0.11462
-------------------------------------------------------------

# Mission Time
Climb time: 7.57 min (0.13 h)
Cruise time: 136.05 min (2.27 h)
Total flight time: 165.63 min (2.76 h)

# Phase Power Breakdown
Phase      Time[min]     Total[kW]    FC Stack[kW]   Battery[kW]   Compressor[kW]   Cooling[kW]   mdot_H2[g/s]
--------------------------------------------------------------------------------------------------------------
ready           0.00          74.4            74.4           0.0              0.0           0.0         0.0
taxi            5.00         148.7           148.7           0.0              0.0           0.0         2.5
takeoff         1.00       1,475.6           953.7         513.5              8.4         367.6        22.6
climb           7.57       1,487.5           961.2         517.6              8.7         417.1        24.8
cruise        136.05         882.1           836.6           0.0             45.5         361.0        22.0
loiter         15.00         705.6           669.3           0.0             36.3         291.3        17.7
landing         1.00           0.0             0.0           0.0              0.0           0.0         0.0

Pcomp_max (solved phases): 45.5 kW (cruise)
Pnet (climb): 1,343 kW
Pelectricnet (climb): 1,479 kW
eta_pt: 0.9031

# Geometry
Main Wing Area: 27.91 m^2
Wingspan: 15.85 m
Fuselage Length: 13.19 m
Hydrogen Tank Length: 4.18 m
Horizontal Tail Area: 4.56 m^2
Vertical Tail Area: 4.66 m^2
Horizontal Tail span: 4.53 m
Vertical Tail span: 2.98 m
Horizontal Tail X_Position: 11.16 m
Vertical Tail X_Position: 10.66 m

# Single Nacelle (1/2)
Stack(1/2): 281 kg, Compressor: 19 kg, Humidifier: 110 kg, HX: 271 kg
Fuelcell System(FCS; Stack+Compressor+Humidifier+Hx): 681 kg
Representative FC phase: climb
Specific Power of Fuelcell System: 0.712 kW/kg
Stack dimension: dX=0.388 m, dY=0.284 m, dZ=0.284 m
Heat Exchanger dimension: dX=1.191 m, dY=1.191 m, dZ=0.214 m

# ALL Nacelles
FCS_total: 1,363 kg
PMAD: 124 kg
Motors: 197 kg

# Total Mass Breakdown
-----------------------
Powertrain (FCS_total+PMAD+Motors): 1,684 kg
-----------------------
Main Wing: 449 kg
Horizontal Tail: 32 kg
Vertical Tail: 58 kg
Fuselage: 408 kg
Landing gear(main): 243 kg
Landing gear(nose): 65 kg
Flight Control System: 366 kg
Electric System: 300 kg
Instruments: 89 kg
Hydraulics: 74 kg
Furnishing: 404 kg
-----------------------
Operating Empty Mass(OEM): 2,487 kg
-----------------------
Hydrogen Tank: 470 kg
Hydrogen Fuel: 208.7 kg
Battery: 307.8 kg
-----------------------
Payload: 1,000 kg
-----------------------
Maximum Takeoff Mass(MTOM): 6,157 kg
-----------------------

Wing loading (MTOM/S_wing): 220.55 kg/m^2
Power-to-weight (maxPow/MTOM): 241.61 W/kg

mdot_H2(cruise): 22.0 g/s
Hydrogen Tank Volume: 8.9 m^3
========================== END ==============================


=============================================================
Execution time: 4.6 seconds
=============================================================
