[command] /home/shoh95/anaconda3/envs/aerofc/bin/python /home/shoh95/Programming/HFCAD/app/main.py -i /home/shoh95/Programming/HFCAD/app/input_sweep_gui_r1/h3000_PC0.35_PT0.35_CK180.ini --outdir /home/shoh95/Programming/HFCAD/results/input_sweep_gui_r1
[start] 2026-02-21 06:17:42

Auto-widening W/S scan window for min_combined_pw: 1900.0..2600.0 -> 1725.0..2775.0 Pa (factor 1.500, lower_hit=True, upper_hit=False, min_on_edge=False).
Auto-widening W/S scan window for min_combined_pw: 1725.0..2775.0 -> 1462.5..3037.5 Pa (factor 1.500, lower_hit=True, upper_hit=False, min_on_edge=False).
ADRpy constraint sizing (min_combined_pw): W/S=2162.5 Pa (220.51 kg/m^2), P/W_TO=0.17518 kW/kg, P/W_climb=0.17630 kW/kg, P/W_cruise=0.07357 kW/kg
Curve minimum (combined/combined): W/S=2162.5 Pa (220.51 kg/m^2), P/W=0.17630 kW/kg
Curve minimum (takeoff/take-off): W/S=1462.5 Pa (149.13 kg/m^2), P/W=0.10196 kW/kg
Curve minimum (climb/climb): W/S=2312.5 Pa (235.81 kg/m^2), P/W=0.17434 kW/kg
Curve minimum (cruise/cruise): W/S=2312.5 Pa (235.81 kg/m^2), P/W=0.07211 kW/kg
======================================================
======================= ITER 1 =======================
Fuel-cell system mass representative phase: climb (P_fc_sys=786.690 kW).

-----------------------
ptotal_climb: 1,206 kW, mtom_est: 5,400 kg, mtom: 5,000 kg, residual: +399.91 kg

MTOM update: initial_bracket_probe_1, relax=1.000 -> mtom_next=5,325.00 kg

======================================================
======================= ITER 2 =======================
Fuel-cell system mass representative phase: climb (P_fc_sys=837.819 kW).

-----------------------
ptotal_climb: 1,285 kW, mtom_est: 5,596 kg, mtom: 5,325 kg, residual: +271.24 kg

MTOM update: initial_bracket_probe_2, relax=1.000 -> mtom_next=5,650.00 kg

======================================================
======================= ITER 3 =======================
Fuel-cell system mass representative phase: climb (P_fc_sys=888.953 kW).

-----------------------
ptotal_climb: 1,363 kW, mtom_est: 5,794 kg, mtom: 5,650 kg, residual: +144.50 kg

MTOM update: newton_prebracket, relax=1.000 -> mtom_next=6,020.53 kg

======================================================
======================= ITER 4 =======================
Fuel-cell system mass representative phase: climb (P_fc_sys=947.252 kW).

-----------------------
ptotal_climb: 1,453 kW, mtom_est: 6,021 kg, mtom: 6,021 kg, residual: +0.23 kg


CONVERGED

CONVERGED STATE [MTOM iteration 4]
  MTOM=6,021 kg | Wing loading=220.52 kg/m^2 | P/W(climb)=241.29 W/kg
  Phase power: climb=1,452.7 kW | cruise=642.3 kW | loiter=513.8 kW | takeoff=1,443.3 kW | cruise+charger=642.3 kW
  Power split (climb): FC=938.7 kW | Battery=505.5 kW | Compressor=8.5 kW | Cooling=410.6 kW | H2=24.332 g/s
  Compressor max across phases: 33.1 kW (cruise)
  FC representative phase (mass sizing): climb (947.3 kW)
  Mass summary: MTOM=6,021 kg | Powertrain=1,727 kg | Tank=404.8 kg | Fuel=179.9 kg | Battery=300.6 kg | Nacelle power density=0.67 kW/kg
  Geometry: Main wing area=27.30 m^2 | Horizontal tail area=4.686 m^2 | Horizontal tail location=10.558 m | Vertical tail area=4.812 m^2 | Vertical tail location=10.043 m
  Config: wing loading input=220.51 kg/m^2 | P/W TO/Cl/Cr/Lo=0.17518/0.17630/0.07357/0.05885 kW/kg

=============================================================
========================= CONVERGED =========================
=============================================================
Constraint sizing: ENABLED (min_combined_pw)
Input W/S: 220.51 kg/m^2 (2,162.5 Pa)
Input P/W [kW/kg]: takeoff 0.17518, climb 0.17630, cruise 0.07357, loiter 0.05885
Converged P/W [kW/kg]: takeoff 0.23971, climb 0.24129, cruise 0.10667, loiter 0.08534
-------------------------------------------------------------

# Mission Time
Climb time: 7.57 min (0.13 h)
Cruise time: 160.81 min (2.68 h)
Total flight time: 190.38 min (3.17 h)

# Phase Power Breakdown
Phase      Time[min]     Total[kW]    FC Stack[kW]   Battery[kW]   Compressor[kW]   Cooling[kW]   mdot_H2[g/s]
--------------------------------------------------------------------------------------------------------------
ready           0.00          72.6            72.6           0.0              0.0           0.0         0.0
taxi            5.00         145.3           145.3           0.0              0.0           0.0         2.4
takeoff         1.00       1,443.3           932.8         502.3              8.2         359.3        22.0
climb           7.57       1,452.7           938.7         505.5              8.5         410.6        24.3
cruise        160.81         642.3           609.2           0.0             33.1         264.8        16.1
loiter         15.00         513.8           487.3           0.0             26.5         213.3        12.9
landing         1.00           0.0             0.0           0.0              0.0           0.0         0.0

Pcomp_max (solved phases): 33.1 kW (cruise)
Pnet (climb): 1,312 kW
Pelectricnet (climb): 1,444 kW
eta_pt: 0.9031

# Geometry
Main Wing Area: 27.30 m^2
Wingspan: 15.68 m
Fuselage Length: 12.62 m
Hydrogen Tank Length: 3.61 m
Horizontal Tail Area: 4.69 m^2
Vertical Tail Area: 4.81 m^2
Horizontal Tail span: 4.59 m
Vertical Tail span: 3.02 m
Horizontal Tail X_Position: 10.56 m
Vertical Tail X_Position: 10.04 m

# Single Nacelle (1/2)
Stack(1/2): 276 kg, Compressor: 19 kg, Humidifier: 110 kg, HX: 303 kg
Fuelcell System(FCS; Stack+Compressor+Humidifier+Hx): 707 kg
Representative FC phase: climb
Specific Power of Fuelcell System: 0.670 kW/kg
Stack dimension: dX=0.390 m, dY=0.281 m, dZ=0.281 m
Heat Exchanger dimension: dX=1.281 m, dY=1.281 m, dZ=0.206 m

# ALL Nacelles
FCS_total: 1,414 kg
PMAD: 121 kg
Motors: 192 kg

# Total Mass Breakdown
-----------------------
Powertrain (FCS_total+PMAD+Motors): 1,727 kg
-----------------------
Main Wing: 436 kg
Horizontal Tail: 32 kg
Vertical Tail: 58 kg
Fuselage: 359 kg
Landing gear(main): 243 kg
Landing gear(nose): 65 kg
Flight Control System: 366 kg
Electric System: 300 kg
Instruments: 87 kg
Hydraulics: 72 kg
Furnishing: 390 kg
-----------------------
Operating Empty Mass(OEM): 2,408 kg
-----------------------
Hydrogen Tank: 405 kg
Hydrogen Fuel: 179.9 kg
Battery: 300.6 kg
-----------------------
Payload: 1,000 kg
-----------------------
Maximum Takeoff Mass(MTOM): 6,021 kg
-----------------------

Wing loading (MTOM/S_wing): 220.52 kg/m^2
Power-to-weight (maxPow/MTOM): 241.29 W/kg

mdot_H2(cruise): 16.1 g/s
Hydrogen Tank Volume: 7.7 m^3
========================== END ==============================


=============================================================
Execution time: 4.6 seconds
=============================================================
