[command] /home/shoh95/anaconda3/envs/aerofc/bin/python /home/shoh95/Programming/HFCAD/app/main.py -i /home/shoh95/Programming/HFCAD/app/input_sweep_gui_r1/h3500_PC0.35_PT0.35_CK250.ini --outdir /home/shoh95/Programming/HFCAD/results/input_sweep_gui_r1
[start] 2026-02-21 06:18:23

Auto-widening W/S scan window for min_combined_pw: 1900.0..2600.0 -> 1725.0..2775.0 Pa (factor 1.500, lower_hit=True, upper_hit=False, min_on_edge=False).
Auto-widening W/S scan window for min_combined_pw: 1725.0..2775.0 -> 1462.5..3037.5 Pa (factor 1.500, lower_hit=True, upper_hit=False, min_on_edge=False).
ADRpy constraint sizing (min_combined_pw): W/S=2212.5 Pa (225.61 kg/m^2), P/W_TO=0.18089 kW/kg, P/W_climb=0.18123 kW/kg, P/W_cruise=0.14078 kW/kg
Curve minimum (combined/combined): W/S=2212.5 Pa (225.61 kg/m^2), P/W=0.18123 kW/kg
Curve minimum (takeoff/take-off): W/S=1462.5 Pa (149.13 kg/m^2), P/W=0.10196 kW/kg
Curve minimum (climb/climb): W/S=2312.5 Pa (235.81 kg/m^2), P/W=0.18007 kW/kg
Curve minimum (cruise/cruise): W/S=2312.5 Pa (235.81 kg/m^2), P/W=0.13639 kW/kg
======================================================
======================= ITER 1 =======================
Fuel-cell system mass representative phase: cruise (P_fc_sys=1031.855 kW).

-----------------------
ptotal_climb: 1,240 kW, mtom_est: 6,043 kg, mtom: 5,000 kg, residual: +1,042.91 kg

MTOM update: initial_bracket_probe_1, relax=1.000 -> mtom_next=5,325.00 kg

======================================================
======================= ITER 2 =======================
Fuel-cell system mass representative phase: cruise (P_fc_sys=1098.918 kW).

-----------------------
ptotal_climb: 1,321 kW, mtom_est: 6,270 kg, mtom: 5,325 kg, residual: +945.01 kg

MTOM update: initial_bracket_probe_2, relax=1.000 -> mtom_next=5,650.00 kg

======================================================
======================= ITER 3 =======================
Fuel-cell system mass representative phase: cruise (P_fc_sys=1165.989 kW).

-----------------------
ptotal_climb: 1,402 kW, mtom_est: 6,498 kg, mtom: 5,650 kg, residual: +848.35 kg

MTOM update: newton_prebracket, relax=1.000 -> mtom_next=7,627.50 kg

======================================================
======================= ITER 4 =======================
Fuel-cell system mass representative phase: cruise (P_fc_sys=1574.100 kW).

-----------------------
ptotal_climb: 1,892 kW, mtom_est: 7,892 kg, mtom: 7,628 kg, residual: +264.52 kg

MTOM update: newton_prebracket, relax=1.000 -> mtom_next=8,523.46 kg

======================================================
======================= ITER 5 =======================
Fuel-cell system mass representative phase: cruise (P_fc_sys=1758.965 kW).

-----------------------
ptotal_climb: 2,114 kW, mtom_est: 8,527 kg, mtom: 8,523 kg, residual: +3.14 kg


CONVERGED

CONVERGED STATE [MTOM iteration 5]
  MTOM=8,527 kg | Wing loading=225.70 kg/m^2 | P/W(climb)=247.97 W/kg
  Phase power: climb=2,114.4 kW | cruise=1,759.0 kW | loiter=1,407.1 kW | takeoff=2,109.9 kW | cruise+charger=1,759.0 kW
  Power split (climb): FC=1,366.2 kW | Battery=735.7 kW | Compressor=12.5 kW | Cooling=595.8 kW | H2=35.588 g/s
  Compressor max across phases: 108.5 kW (cruise)
  FC representative phase (mass sizing): cruise (1,759.0 kW)
  Mass summary: MTOM=8,527 kg | Powertrain=2,867 kg | Tank=783.7 kg | Fuel=348.3 kg | Battery=502.2 kg | Nacelle power density=0.73 kW/kg
  Geometry: Main wing area=37.78 m^2 | Horizontal tail area=5.742 m^2 | Horizontal tail location=13.778 m | Vertical tail area=5.881 m^2 | Vertical tail location=13.178 m
  Config: wing loading input=225.61 kg/m^2 | P/W TO/Cl/Cr/Lo=0.18089/0.18123/0.14078/0.11263 kW/kg

=============================================================
========================= CONVERGED =========================
=============================================================
Constraint sizing: ENABLED (min_combined_pw)
Input W/S: 225.61 kg/m^2 (2,212.5 Pa)
Input P/W [kW/kg]: takeoff 0.18089, climb 0.18123, cruise 0.14078, loiter 0.11263
Converged P/W [kW/kg]: takeoff 0.24745, climb 0.24797, cruise 0.20629, loiter 0.16502
-------------------------------------------------------------

# Mission Time
Climb time: 8.83 min (0.15 h)
Cruise time: 111.49 min (1.86 h)
Total flight time: 142.32 min (2.37 h)

# Phase Power Breakdown
Phase      Time[min]     Total[kW]    FC Stack[kW]   Battery[kW]   Compressor[kW]   Cooling[kW]   mdot_H2[g/s]
--------------------------------------------------------------------------------------------------------------
ready           0.00         105.7           105.7           0.0              0.0           0.0         0.0
taxi            5.00         211.4           211.4           0.0              0.0           0.0         3.6
takeoff         1.00       2,109.9         1,363.7         734.3             12.0         520.7        32.3
climb           8.83       2,114.4         1,366.2         735.7             12.5         595.8        35.6
cruise        111.49       1,759.0         1,650.4           0.0            108.5         714.6        44.0
loiter         15.00       1,407.1         1,320.3           0.0             86.7         578.3        35.5
landing         1.00           0.0             0.0           0.0              0.0           0.0         0.0

Pcomp_max (solved phases): 108.5 kW (cruise)
Pnet (climb): 1,909 kW
Pelectricnet (climb): 2,102 kW
eta_pt: 0.9031

# Geometry
Main Wing Area: 37.78 m^2
Wingspan: 18.44 m
Fuselage Length: 15.99 m
Hydrogen Tank Length: 6.98 m
Horizontal Tail Area: 5.74 m^2
Vertical Tail Area: 5.88 m^2
Horizontal Tail span: 5.08 m
Vertical Tail span: 3.34 m
Horizontal Tail X_Position: 13.78 m
Vertical Tail X_Position: 13.18 m

# Single Nacelle (1/2)
Stack(1/2): 503 kg, Compressor: 127 kg, Humidifier: 169 kg, HX: 407 kg
Fuelcell System(FCS; Stack+Compressor+Humidifier+Hx): 1,206 kg
Representative FC phase: cruise
Specific Power of Fuelcell System: 0.730 kW/kg
Stack dimension: dX=0.364 m, dY=0.392 m, dZ=0.392 m
Heat Exchanger dimension: dX=1.431 m, dY=1.431 m, dZ=0.222 m

# ALL Nacelles
FCS_total: 2,411 kg
PMAD: 176 kg
Motors: 280 kg

# Total Mass Breakdown
-----------------------
Powertrain (FCS_total+PMAD+Motors): 2,867 kg
-----------------------
Main Wing: 664 kg
Horizontal Tail: 46 kg
Vertical Tail: 78 kg
Fuselage: 573 kg
Landing gear(main): 243 kg
Landing gear(nose): 65 kg
Flight Control System: 366 kg
Electric System: 300 kg
Instruments: 118 kg
Hydraulics: 102 kg
Furnishing: 471 kg
-----------------------
Operating Empty Mass(OEM): 3,025 kg
-----------------------
Hydrogen Tank: 784 kg
Hydrogen Fuel: 348.3 kg
Battery: 502.2 kg
-----------------------
Payload: 1,000 kg
-----------------------
Maximum Takeoff Mass(MTOM): 8,527 kg
-----------------------

Wing loading (MTOM/S_wing): 225.70 kg/m^2
Power-to-weight (maxPow/MTOM): 247.97 W/kg

mdot_H2(cruise): 44.0 g/s
Hydrogen Tank Volume: 14.9 m^3
========================== END ==============================


=============================================================
Execution time: 5.3 seconds
=============================================================
