[command] /home/shoh95/anaconda3/envs/aerofc/bin/python /home/shoh95/Programming/HFCAD/app/main.py -i /home/shoh95/Programming/HFCAD/app/input_sweep_gui_r1/h3500_PC0.3_PT0.3_CK160.ini --outdir /home/shoh95/Programming/HFCAD/results/input_sweep_gui_r1
[start] 2026-02-21 06:18:07

Auto-widening W/S scan window for min_combined_pw: 1900.0..2600.0 -> 1725.0..2775.0 Pa (factor 1.500, lower_hit=True, upper_hit=False, min_on_edge=False).
Auto-widening W/S scan window for min_combined_pw: 1725.0..2775.0 -> 1462.5..3037.5 Pa (factor 1.500, lower_hit=True, upper_hit=False, min_on_edge=False).
ADRpy constraint sizing (min_combined_pw): W/S=2212.5 Pa (225.61 kg/m^2), P/W_TO=0.18089 kW/kg, P/W_climb=0.18058 kW/kg, P/W_cruise=0.06176 kW/kg
Curve minimum (combined/combined): W/S=2212.5 Pa (225.61 kg/m^2), P/W=0.18089 kW/kg
Curve minimum (takeoff/take-off): W/S=1462.5 Pa (149.13 kg/m^2), P/W=0.10196 kW/kg
Curve minimum (climb/climb): W/S=2312.5 Pa (235.81 kg/m^2), P/W=0.17921 kW/kg
Curve minimum (cruise/cruise): W/S=2262.5 Pa (230.71 kg/m^2), P/W=0.06173 kW/kg
======================================================
======================= ITER 1 =======================
Fuel-cell system mass representative phase: takeoff (P_fc_sys=870.378 kW).

-----------------------
ptotal_climb: 1,238 kW, mtom_est: 5,601 kg, mtom: 5,000 kg, residual: +600.58 kg

MTOM update: initial_bracket_probe_1, relax=1.000 -> mtom_next=5,325.00 kg

======================================================
======================= ITER 2 =======================
Fuel-cell system mass representative phase: takeoff (P_fc_sys=926.947 kW).

-----------------------
ptotal_climb: 1,319 kW, mtom_est: 5,810 kg, mtom: 5,325 kg, residual: +484.68 kg

MTOM update: initial_bracket_probe_2, relax=1.000 -> mtom_next=5,650.00 kg

======================================================
======================= ITER 3 =======================
Fuel-cell system mass representative phase: takeoff (P_fc_sys=983.521 kW).

-----------------------
ptotal_climb: 1,399 kW, mtom_est: 6,022 kg, mtom: 5,650 kg, residual: +371.79 kg

MTOM update: newton_prebracket, relax=1.000 -> mtom_next=6,720.38 kg

======================================================
======================= ITER 4 =======================
Fuel-cell system mass representative phase: takeoff (P_fc_sys=1169.854 kW).

-----------------------
ptotal_climb: 1,664 kW, mtom_est: 6,723 kg, mtom: 6,720 kg, residual: +2.78 kg


CONVERGED

CONVERGED STATE [MTOM iteration 4]
  MTOM=6,723 kg | Wing loading=225.71 kg/m^2 | P/W(climb)=247.56 W/kg
  Phase power: climb=1,664.4 kW | cruise=608.3 kW | loiter=486.6 kW | takeoff=1,666.9 kW | cruise+charger=608.3 kW
  Power split (climb): FC=1,157.6 kW | Battery=496.1 kW | Compressor=10.6 kW | Cooling=519.6 kW | H2=30.804 g/s
  Compressor max across phases: 37.5 kW (cruise)
  FC representative phase (mass sizing): takeoff (1,169.9 kW)
  Mass summary: MTOM=6,723 kg | Powertrain=2,245 kg | Tank=446.0 kg | Fuel=198.2 kg | Battery=338.8 kg | Nacelle power density=0.62 kW/kg
  Geometry: Main wing area=29.79 m^2 | Horizontal tail area=5.204 m^2 | Horizontal tail location=10.847 m | Vertical tail area=5.366 m^2 | Vertical tail location=10.282 m
  Config: wing loading input=225.61 kg/m^2 | P/W TO/Cl/Cr/Lo=0.18089/0.18058/0.06176/0.04941 kW/kg

=============================================================
========================= CONVERGED =========================
=============================================================
Constraint sizing: ENABLED (min_combined_pw)
Input W/S: 225.61 kg/m^2 (2,212.5 Pa)
Input P/W [kW/kg]: takeoff 0.18089, climb 0.18058, cruise 0.06176, loiter 0.04941
Converged P/W [kW/kg]: takeoff 0.24793, climb 0.24756, cruise 0.09048, loiter 0.07238
-------------------------------------------------------------

# Mission Time
Climb time: 8.83 min (0.15 h)
Cruise time: 181.20 min (3.02 h)
Total flight time: 212.03 min (3.53 h)

# Phase Power Breakdown
Phase      Time[min]     Total[kW]    FC Stack[kW]   Battery[kW]   Compressor[kW]   Cooling[kW]   mdot_H2[g/s]
--------------------------------------------------------------------------------------------------------------
ready           0.00          83.2            83.2           0.0              0.0           0.0         0.0
taxi            5.00         166.4           166.4           0.0              0.0           0.0         3.1
takeoff         1.00       1,666.9         1,159.7         497.0             10.2         442.9        27.4
climb           8.83       1,664.4         1,157.6         496.1             10.6         519.6        30.8
cruise        181.20         608.3           570.8           0.0             37.5         253.0        15.5
loiter         15.00         486.6           456.7           0.0             30.0         203.5        12.4
landing         1.00           0.0             0.0           0.0              0.0           0.0         0.0

Pcomp_max (solved phases): 37.5 kW (cruise)
Pnet (climb): 1,503 kW
Pelectricnet (climb): 1,654 kW
eta_pt: 0.9031

# Geometry
Main Wing Area: 29.79 m^2
Wingspan: 16.37 m
Fuselage Length: 12.98 m
Hydrogen Tank Length: 3.97 m
Horizontal Tail Area: 5.20 m^2
Vertical Tail Area: 5.37 m^2
Horizontal Tail span: 4.84 m
Vertical Tail span: 3.19 m
Horizontal Tail X_Position: 10.85 m
Vertical Tail X_Position: 10.28 m

# Single Nacelle (1/2)
Stack(1/2): 314 kg, Compressor: 18 kg, Humidifier: 94 kg, HX: 516 kg
Fuelcell System(FCS; Stack+Compressor+Humidifier+Hx): 942 kg
Representative FC phase: takeoff
Specific Power of Fuelcell System: 0.621 kW/kg
Stack dimension: dX=0.360 m, dY=0.312 m, dZ=0.312 m
Heat Exchanger dimension: dX=1.731 m, dY=1.731 m, dZ=0.192 m

# ALL Nacelles
FCS_total: 1,884 kg
PMAD: 142 kg
Motors: 220 kg

# Total Mass Breakdown
-----------------------
Powertrain (FCS_total+PMAD+Motors): 2,245 kg
-----------------------
Main Wing: 491 kg
Horizontal Tail: 37 kg
Vertical Tail: 66 kg
Fuselage: 353 kg
Landing gear(main): 243 kg
Landing gear(nose): 65 kg
Flight Control System: 366 kg
Electric System: 300 kg
Instruments: 96 kg
Hydraulics: 81 kg
Furnishing: 399 kg
-----------------------
Operating Empty Mass(OEM): 2,495 kg
-----------------------
Hydrogen Tank: 446 kg
Hydrogen Fuel: 198.2 kg
Battery: 338.8 kg
-----------------------
Payload: 1,000 kg
-----------------------
Maximum Takeoff Mass(MTOM): 6,723 kg
-----------------------

Wing loading (MTOM/S_wing): 225.71 kg/m^2
Power-to-weight (maxPow/MTOM): 247.56 W/kg

mdot_H2(cruise): 15.5 g/s
Hydrogen Tank Volume: 8.5 m^3
========================== END ==============================


=============================================================
Execution time: 4.7 seconds
=============================================================
