[command] /home/shoh95/anaconda3/envs/aerofc/bin/python /home/shoh95/Programming/HFCAD/app/main.py -i /home/shoh95/Programming/HFCAD/app/input_sweep_gui_r1/h3500_PC0.4_PT0.4_CK150.ini --outdir /home/shoh95/Programming/HFCAD/results/input_sweep_gui_r1
[start] 2026-02-21 06:18:23

Auto-widening W/S scan window for min_combined_pw: 1900.0..2600.0 -> 1725.0..2775.0 Pa (factor 1.500, lower_hit=True, upper_hit=False, min_on_edge=False).
Auto-widening W/S scan window for min_combined_pw: 1725.0..2775.0 -> 1462.5..3037.5 Pa (factor 1.500, lower_hit=True, upper_hit=False, min_on_edge=False).
ADRpy constraint sizing (min_combined_pw): W/S=2212.5 Pa (225.61 kg/m^2), P/W_TO=0.18089 kW/kg, P/W_climb=0.18084 kW/kg, P/W_cruise=0.05812 kW/kg
Curve minimum (combined/combined): W/S=2212.5 Pa (225.61 kg/m^2), P/W=0.18089 kW/kg
Curve minimum (takeoff/take-off): W/S=1462.5 Pa (149.13 kg/m^2), P/W=0.10196 kW/kg
Curve minimum (climb/climb): W/S=2312.5 Pa (235.81 kg/m^2), P/W=0.17968 kW/kg
Curve minimum (cruise/cruise): W/S=2012.5 Pa (205.22 kg/m^2), P/W=0.05785 kW/kg
======================================================
======================= ITER 1 =======================
Fuel-cell system mass representative phase: climb (P_fc_sys=743.839 kW).

-----------------------
ptotal_climb: 1,235 kW, mtom_est: 5,502 kg, mtom: 5,000 kg, residual: +501.57 kg

MTOM update: initial_bracket_probe_1, relax=1.000 -> mtom_next=5,325.00 kg

======================================================
======================= ITER 2 =======================
Fuel-cell system mass representative phase: climb (P_fc_sys=792.182 kW).

-----------------------
ptotal_climb: 1,316 kW, mtom_est: 5,706 kg, mtom: 5,325 kg, residual: +381.07 kg

MTOM update: initial_bracket_probe_2, relax=1.000 -> mtom_next=5,650.00 kg

======================================================
======================= ITER 3 =======================
Fuel-cell system mass representative phase: climb (P_fc_sys=840.531 kW).

-----------------------
ptotal_climb: 1,396 kW, mtom_est: 5,912 kg, mtom: 5,650 kg, residual: +261.73 kg

MTOM update: newton_prebracket, relax=1.000 -> mtom_next=6,362.79 kg

======================================================
======================= ITER 4 =======================
Fuel-cell system mass representative phase: climb (P_fc_sys=946.579 kW).

-----------------------
ptotal_climb: 1,572 kW, mtom_est: 6,366 kg, mtom: 6,363 kg, residual: +3.57 kg


CONVERGED

CONVERGED STATE [MTOM iteration 4]
  MTOM=6,366 kg | Wing loading=225.74 kg/m^2 | P/W(climb)=246.91 W/kg
  Phase power: climb=1,571.9 kW | cruise=542.0 kW | loiter=433.6 kW | takeoff=1,572.0 kW | cruise+charger=542.0 kW
  Power split (climb): FC=938.0 kW | Battery=625.3 kW | Compressor=8.6 kW | Cooling=422.2 kW | H2=25.006 g/s
  Compressor max across phases: 33.4 kW (cruise)
  FC representative phase (mass sizing): climb (946.6 kW)
  Mass summary: MTOM=6,366 kg | Powertrain=1,915 kg | Tank=418.6 kg | Fuel=186.1 kg | Battery=427.0 kg | Nacelle power density=0.60 kW/kg
  Geometry: Main wing area=28.20 m^2 | Horizontal tail area=4.879 m^2 | Horizontal tail location=10.652 m | Vertical tail area=5.019 m^2 | Vertical tail location=10.118 m
  Config: wing loading input=225.61 kg/m^2 | P/W TO/Cl/Cr/Lo=0.18089/0.18084/0.05812/0.04650 kW/kg

=============================================================
========================= CONVERGED =========================
=============================================================
Constraint sizing: ENABLED (min_combined_pw)
Input W/S: 225.61 kg/m^2 (2,212.5 Pa)
Input P/W [kW/kg]: takeoff 0.18089, climb 0.18084, cruise 0.05812, loiter 0.04650
Converged P/W [kW/kg]: takeoff 0.24692, climb 0.24691, cruise 0.08514, loiter 0.06811
-------------------------------------------------------------

# Mission Time
Climb time: 8.83 min (0.15 h)
Cruise time: 194.11 min (3.24 h)
Total flight time: 224.94 min (3.75 h)

# Phase Power Breakdown
Phase      Time[min]     Total[kW]    FC Stack[kW]   Battery[kW]   Compressor[kW]   Cooling[kW]   mdot_H2[g/s]
--------------------------------------------------------------------------------------------------------------
ready           0.00          78.6            78.6           0.0              0.0           0.0         0.0
taxi            5.00         157.2           157.2           0.0              0.0           0.0         2.5
takeoff         1.00       1,572.0           938.2         625.5              8.2         358.4        22.2
climb           8.83       1,571.9           938.0         625.3              8.6         422.2        25.0
cruise        194.11         542.0           508.7           0.0             33.4         226.0        13.8
loiter         15.00         433.6           406.9           0.0             26.7         181.7        11.1
landing         1.00           0.0             0.0           0.0              0.0           0.0         0.0

Pcomp_max (solved phases): 33.4 kW (cruise)
Pnet (climb): 1,420 kW
Pelectricnet (climb): 1,563 kW
eta_pt: 0.9031

# Geometry
Main Wing Area: 28.20 m^2
Wingspan: 15.93 m
Fuselage Length: 12.74 m
Hydrogen Tank Length: 3.73 m
Horizontal Tail Area: 4.88 m^2
Vertical Tail Area: 5.02 m^2
Horizontal Tail span: 4.69 m
Vertical Tail span: 3.09 m
Horizontal Tail X_Position: 10.65 m
Vertical Tail X_Position: 10.12 m

# Single Nacelle (1/2)
Stack(1/2): 283 kg, Compressor: 20 kg, Humidifier: 121 kg, HX: 365 kg
Fuelcell System(FCS; Stack+Compressor+Humidifier+Hx): 789 kg
Representative FC phase: climb
Specific Power of Fuelcell System: 0.600 kW/kg
Stack dimension: dX=0.399 m, dY=0.281 m, dZ=0.281 m
Heat Exchanger dimension: dX=1.443 m, dY=1.443 m, dZ=0.196 m

# ALL Nacelles
FCS_total: 1,577 kg
PMAD: 130 kg
Motors: 208 kg

# Total Mass Breakdown
-----------------------
Powertrain (FCS_total+PMAD+Motors): 1,915 kg
-----------------------
Main Wing: 458 kg
Horizontal Tail: 34 kg
Vertical Tail: 61 kg
Fuselage: 332 kg
Landing gear(main): 243 kg
Landing gear(nose): 65 kg
Flight Control System: 366 kg
Electric System: 300 kg
Instruments: 91 kg
Hydraulics: 76 kg
Furnishing: 393 kg
-----------------------
Operating Empty Mass(OEM): 2,419 kg
-----------------------
Hydrogen Tank: 419 kg
Hydrogen Fuel: 186.1 kg
Battery: 427.0 kg
-----------------------
Payload: 1,000 kg
-----------------------
Maximum Takeoff Mass(MTOM): 6,366 kg
-----------------------

Wing loading (MTOM/S_wing): 225.74 kg/m^2
Power-to-weight (maxPow/MTOM): 246.91 W/kg

mdot_H2(cruise): 13.8 g/s
Hydrogen Tank Volume: 8.0 m^3
========================== END ==============================


=============================================================
Execution time: 5.2 seconds
=============================================================
