[command] /home/shoh95/anaconda3/envs/aerofc/bin/python /home/shoh95/Programming/HFCAD/app/main.py -i /home/shoh95/Programming/HFCAD/app/input_sweep_gui_r1/h4000_PC0.4_PT0.4_CK240.ini --outdir /home/shoh95/Programming/HFCAD/results/input_sweep_gui_r1
[start] 2026-02-21 06:19:06

Auto-widening W/S scan window for min_combined_pw: 1900.0..2600.0 -> 1725.0..2775.0 Pa (factor 1.500, lower_hit=True, upper_hit=False, min_on_edge=False).
Auto-widening W/S scan window for min_combined_pw: 1725.0..2775.0 -> 1462.5..3037.5 Pa (factor 1.500, lower_hit=True, upper_hit=False, min_on_edge=False).
ADRpy constraint sizing (min_combined_pw): W/S=2212.5 Pa (225.61 kg/m^2), P/W_TO=0.18089 kW/kg, P/W_climb=0.18572 kW/kg, P/W_cruise=0.12314 kW/kg
Curve minimum (combined/combined): W/S=2212.5 Pa (225.61 kg/m^2), P/W=0.18572 kW/kg
Curve minimum (takeoff/take-off): W/S=1462.5 Pa (149.13 kg/m^2), P/W=0.10196 kW/kg
Curve minimum (climb/climb): W/S=2312.5 Pa (235.81 kg/m^2), P/W=0.18448 kW/kg
Curve minimum (cruise/cruise): W/S=2312.5 Pa (235.81 kg/m^2), P/W=0.11968 kW/kg
======================================================
======================= ITER 1 =======================
Fuel-cell system mass representative phase: cruise (P_fc_sys=912.676 kW).

-----------------------
ptotal_climb: 1,269 kW, mtom_est: 6,004 kg, mtom: 5,000 kg, residual: +1,003.73 kg

MTOM update: initial_bracket_probe_1, relax=1.000 -> mtom_next=5,325.00 kg

======================================================
======================= ITER 2 =======================
Fuel-cell system mass representative phase: cruise (P_fc_sys=971.943 kW).

-----------------------
ptotal_climb: 1,351 kW, mtom_est: 6,224 kg, mtom: 5,325 kg, residual: +899.40 kg

MTOM update: initial_bracket_probe_2, relax=1.000 -> mtom_next=5,650.00 kg

======================================================
======================= ITER 3 =======================
Fuel-cell system mass representative phase: cruise (P_fc_sys=1031.265 kW).

-----------------------
ptotal_climb: 1,433 kW, mtom_est: 6,447 kg, mtom: 5,650 kg, residual: +797.42 kg

MTOM update: newton_prebracket, relax=1.000 -> mtom_next=7,627.50 kg

======================================================
======================= ITER 4 =======================
Fuel-cell system mass representative phase: cruise (P_fc_sys=1392.228 kW).

-----------------------
ptotal_climb: 1,935 kW, mtom_est: 7,814 kg, mtom: 7,628 kg, residual: +186.93 kg

MTOM update: newton_prebracket, relax=1.000 -> mtom_next=8,233.00 kg

======================================================
======================= ITER 5 =======================
Fuel-cell system mass representative phase: cruise (P_fc_sys=1502.717 kW).

-----------------------
ptotal_climb: 2,089 kW, mtom_est: 8,234 kg, mtom: 8,233 kg, residual: +1.22 kg


CONVERGED

CONVERGED STATE [MTOM iteration 5]
  MTOM=8,234 kg | Wing loading=225.65 kg/m^2 | P/W(climb)=253.67 W/kg
  Phase power: climb=2,088.8 kW | cruise=1,502.7 kW | loiter=1,202.1 kW | takeoff=2,034.0 kW | cruise+charger=1,502.7 kW
  Power split (climb): FC=1,246.4 kW | Battery=830.9 kW | Compressor=11.5 kW | Cooling=556.8 kW | H2=33.276 g/s
  Compressor max across phases: 108.3 kW (cruise)
  FC representative phase (mass sizing): cruise (1,502.7 kW)
  Mass summary: MTOM=8,234 kg | Powertrain=2,643 kg | Tank=710.4 kg | Fuel=315.8 kg | Battery=638.7 kg | Nacelle power density=0.68 kW/kg
  Geometry: Main wing area=36.49 m^2 | Horizontal tail area=5.747 m^2 | Horizontal tail location=13.124 m | Vertical tail area=5.899 m^2 | Vertical tail location=12.522 m
  Config: wing loading input=225.61 kg/m^2 | P/W TO/Cl/Cr/Lo=0.18089/0.18572/0.12314/0.09851 kW/kg

=============================================================
========================= CONVERGED =========================
=============================================================
Constraint sizing: ENABLED (min_combined_pw)
Input W/S: 225.61 kg/m^2 (2,212.5 Pa)
Input P/W [kW/kg]: takeoff 0.18089, climb 0.18572, cruise 0.12314, loiter 0.09851
Converged P/W [kW/kg]: takeoff 0.24702, climb 0.25367, cruise 0.18250, loiter 0.14599
-------------------------------------------------------------

# Mission Time
Climb time: 10.09 min (0.17 h)
Cruise time: 115.81 min (1.93 h)
Total flight time: 147.90 min (2.47 h)

# Phase Power Breakdown
Phase      Time[min]     Total[kW]    FC Stack[kW]   Battery[kW]   Compressor[kW]   Cooling[kW]   mdot_H2[g/s]
--------------------------------------------------------------------------------------------------------------
ready           0.00         104.4           104.4           0.0              0.0           0.0         0.0
taxi            5.00         208.9           208.9           0.0              0.0           0.0         3.3
takeoff         1.00       2,034.0         1,214.0         809.3             10.7         459.4        28.7
climb          10.09       2,088.8         1,246.4         830.9             11.5         556.8        33.3
cruise        115.81       1,502.7         1,394.4           0.0            108.3         615.1        38.2
loiter         15.00       1,202.1         1,115.5           0.0             86.6         497.5        30.8
landing         1.00           0.0             0.0           0.0              0.0           0.0         0.0

Pcomp_max (solved phases): 108.3 kW (cruise)
Pnet (climb): 1,886 kW
Pelectricnet (climb): 2,077 kW
eta_pt: 0.9031

# Geometry
Main Wing Area: 36.49 m^2
Wingspan: 18.12 m
Fuselage Length: 15.34 m
Hydrogen Tank Length: 6.33 m
Horizontal Tail Area: 5.75 m^2
Vertical Tail Area: 5.90 m^2
Horizontal Tail span: 5.09 m
Vertical Tail span: 3.35 m
Horizontal Tail X_Position: 13.12 m
Vertical Tail X_Position: 12.52 m

# Single Nacelle (1/2)
Stack(1/2): 436 kg, Compressor: 144 kg, Humidifier: 150 kg, HX: 367 kg
Fuelcell System(FCS; Stack+Compressor+Humidifier+Hx): 1,097 kg
Representative FC phase: cruise
Specific Power of Fuelcell System: 0.685 kW/kg
Stack dimension: dX=0.366 m, dY=0.364 m, dZ=0.364 m
Heat Exchanger dimension: dX=1.371 m, dY=1.371 m, dZ=0.218 m

# ALL Nacelles
FCS_total: 2,194 kg
PMAD: 172 kg
Motors: 277 kg

# Total Mass Breakdown
-----------------------
Powertrain (FCS_total+PMAD+Motors): 2,643 kg
-----------------------
Main Wing: 635 kg
Horizontal Tail: 45 kg
Vertical Tail: 77 kg
Fuselage: 527 kg
Landing gear(main): 243 kg
Landing gear(nose): 65 kg
Flight Control System: 366 kg
Electric System: 300 kg
Instruments: 114 kg
Hydraulics: 99 kg
Furnishing: 456 kg
-----------------------
Operating Empty Mass(OEM): 2,926 kg
-----------------------
Hydrogen Tank: 710 kg
Hydrogen Fuel: 315.8 kg
Battery: 638.7 kg
-----------------------
Payload: 1,000 kg
-----------------------
Maximum Takeoff Mass(MTOM): 8,234 kg
-----------------------

Wing loading (MTOM/S_wing): 225.65 kg/m^2
Power-to-weight (maxPow/MTOM): 253.67 W/kg

mdot_H2(cruise): 38.2 g/s
Hydrogen Tank Volume: 13.5 m^3
========================== END ==============================


=============================================================
Execution time: 5.1 seconds
=============================================================
