[command] /home/shoh95/anaconda3/envs/aerofc/bin/python /home/shoh95/Programming/HFCAD/app/main.py -i /home/shoh95/Programming/HFCAD/app/input_sweep_gui_r1/h4500_PC0.35_PT0.35_CK240.ini --outdir /home/shoh95/Programming/HFCAD/results/input_sweep_gui_r1
[start] 2026-02-21 06:19:40

Auto-widening W/S scan window for min_combined_pw: 1900.0..2600.0 -> 1725.0..2775.0 Pa (factor 1.500, lower_hit=True, upper_hit=False, min_on_edge=False).
Auto-widening W/S scan window for min_combined_pw: 1725.0..2775.0 -> 1462.5..3037.5 Pa (factor 1.500, lower_hit=True, upper_hit=False, min_on_edge=False).
ADRpy constraint sizing (min_combined_pw): W/S=2262.5 Pa (230.71 kg/m^2), P/W_TO=0.18667 kW/kg, P/W_climb=0.18993 kW/kg, P/W_cruise=0.11737 kW/kg
Curve minimum (combined/combined): W/S=2262.5 Pa (230.71 kg/m^2), P/W=0.18993 kW/kg
Curve minimum (takeoff/take-off): W/S=1462.5 Pa (149.13 kg/m^2), P/W=0.10196 kW/kg
Curve minimum (climb/climb): W/S=2312.5 Pa (235.81 kg/m^2), P/W=0.18932 kW/kg
Curve minimum (cruise/cruise): W/S=2312.5 Pa (235.81 kg/m^2), P/W=0.11583 kW/kg
======================================================
======================= ITER 1 =======================
Fuel-cell system mass representative phase: cruise (P_fc_sys=880.141 kW).

-----------------------
ptotal_climb: 1,300 kW, mtom_est: 6,019 kg, mtom: 5,000 kg, residual: +1,018.66 kg

MTOM update: initial_bracket_probe_1, relax=1.000 -> mtom_next=5,325.00 kg

======================================================
======================= ITER 2 =======================
Fuel-cell system mass representative phase: cruise (P_fc_sys=937.245 kW).

-----------------------
ptotal_climb: 1,384 kW, mtom_est: 6,237 kg, mtom: 5,325 kg, residual: +911.65 kg

MTOM update: initial_bracket_probe_2, relax=1.000 -> mtom_next=5,650.00 kg

======================================================
======================= ITER 3 =======================
Fuel-cell system mass representative phase: cruise (P_fc_sys=994.449 kW).

-----------------------
ptotal_climb: 1,469 kW, mtom_est: 6,458 kg, mtom: 5,650 kg, residual: +807.88 kg

MTOM update: newton_prebracket, relax=1.000 -> mtom_next=7,627.50 kg

======================================================
======================= ITER 4 =======================
Fuel-cell system mass representative phase: cruise (P_fc_sys=1342.534 kW).

-----------------------
ptotal_climb: 1,983 kW, mtom_est: 7,811 kg, mtom: 7,628 kg, residual: +183.90 kg

MTOM update: newton_prebracket, relax=1.000 -> mtom_next=8,210.31 kg

======================================================
======================= ITER 5 =======================
Fuel-cell system mass representative phase: cruise (P_fc_sys=1445.075 kW).

-----------------------
ptotal_climb: 2,135 kW, mtom_est: 8,213 kg, mtom: 8,210 kg, residual: +2.39 kg


CONVERGED

CONVERGED STATE [MTOM iteration 5]
  MTOM=8,213 kg | Wing loading=230.78 kg/m^2 | P/W(climb)=259.92 W/kg
  Phase power: climb=2,134.7 kW | cruise=1,445.1 kW | loiter=1,156.0 kW | takeoff=2,097.3 kW | cruise+charger=1,445.1 kW
  Power split (climb): FC=1,379.2 kW | Battery=742.6 kW | Compressor=12.9 kW | Cooling=629.6 kW | H2=37.679 g/s
  Compressor max across phases: 119.6 kW (cruise)
  FC representative phase (mass sizing): cruise (1,445.1 kW)
  Mass summary: MTOM=8,213 kg | Powertrain=2,664 kg | Tank=702.3 kg | Fuel=312.1 kg | Battery=636.4 kg | Nacelle power density=0.66 kW/kg
  Geometry: Main wing area=35.59 m^2 | Horizontal tail area=5.549 m^2 | Horizontal tail location=13.079 m | Vertical tail area=5.687 m^2 | Vertical tail location=12.494 m
  Config: wing loading input=230.71 kg/m^2 | P/W TO/Cl/Cr/Lo=0.18667/0.18993/0.11737/0.09390 kW/kg

=============================================================
========================= CONVERGED =========================
=============================================================
Constraint sizing: ENABLED (min_combined_pw)
Input W/S: 230.71 kg/m^2 (2,262.5 Pa)
Input P/W [kW/kg]: takeoff 0.18667, climb 0.18993, cruise 0.11737, loiter 0.09390
Converged P/W [kW/kg]: takeoff 0.25537, climb 0.25992, cruise 0.17596, loiter 0.14075
-------------------------------------------------------------

# Mission Time
Climb time: 11.36 min (0.19 h)
Cruise time: 114.97 min (1.92 h)
Total flight time: 148.32 min (2.47 h)

# Phase Power Breakdown
Phase      Time[min]     Total[kW]    FC Stack[kW]   Battery[kW]   Compressor[kW]   Cooling[kW]   mdot_H2[g/s]
--------------------------------------------------------------------------------------------------------------
ready           0.00         106.7           106.7           0.0              0.0           0.0         0.0
taxi            5.00         213.5           213.5           0.0              0.0           0.0         3.8
takeoff         1.00       2,097.3         1,355.5         729.9             11.9         508.3        32.1
climb          11.36       2,134.7         1,379.2         742.6             12.9         629.6        37.7
cruise        114.97       1,445.1         1,325.4           0.0            119.6         594.4        37.2
loiter         15.00       1,156.0         1,060.3           0.0             95.6         480.9        30.0
landing         1.00           0.0             0.0           0.0              0.0           0.0         0.0

Pcomp_max (solved phases): 119.6 kW (cruise)
Pnet (climb): 1,928 kW
Pelectricnet (climb): 2,122 kW
eta_pt: 0.9031

# Geometry
Main Wing Area: 35.59 m^2
Wingspan: 17.90 m
Fuselage Length: 15.27 m
Hydrogen Tank Length: 6.26 m
Horizontal Tail Area: 5.55 m^2
Vertical Tail Area: 5.69 m^2
Horizontal Tail span: 5.00 m
Vertical Tail span: 3.29 m
Horizontal Tail X_Position: 13.08 m
Vertical Tail X_Position: 12.49 m

# Single Nacelle (1/2)
Stack(1/2): 424 kg, Compressor: 168 kg, Humidifier: 149 kg, HX: 359 kg
Fuelcell System(FCS; Stack+Compressor+Humidifier+Hx): 1,101 kg
Representative FC phase: cruise
Specific Power of Fuelcell System: 0.656 kW/kg
Stack dimension: dX=0.367 m, dY=0.359 m, dZ=0.359 m
Heat Exchanger dimension: dX=1.365 m, dY=1.365 m, dZ=0.216 m

# ALL Nacelles
FCS_total: 2,202 kg
PMAD: 180 kg
Motors: 283 kg

# Total Mass Breakdown
-----------------------
Powertrain (FCS_total+PMAD+Motors): 2,664 kg
-----------------------
Main Wing: 622 kg
Horizontal Tail: 44 kg
Vertical Tail: 75 kg
Fuselage: 517 kg
Landing gear(main): 243 kg
Landing gear(nose): 65 kg
Flight Control System: 366 kg
Electric System: 300 kg
Instruments: 114 kg
Hydraulics: 99 kg
Furnishing: 454 kg
-----------------------
Operating Empty Mass(OEM): 2,898 kg
-----------------------
Hydrogen Tank: 702 kg
Hydrogen Fuel: 312.1 kg
Battery: 636.4 kg
-----------------------
Payload: 1,000 kg
-----------------------
Maximum Takeoff Mass(MTOM): 8,213 kg
-----------------------

Wing loading (MTOM/S_wing): 230.78 kg/m^2
Power-to-weight (maxPow/MTOM): 259.92 W/kg

mdot_H2(cruise): 37.2 g/s
Hydrogen Tank Volume: 13.4 m^3
========================== END ==============================


=============================================================
Execution time: 5.0 seconds
=============================================================
