[command] /home/shoh95/anaconda3/envs/aerofc/bin/python /home/shoh95/Programming/HFCAD/app/main.py -i /home/shoh95/Programming/HFCAD/app/input_sweep_gui_r1/h5000_PC0.35_PT0.35_CK220.ini --outdir /home/shoh95/Programming/HFCAD/results/input_sweep_gui_r1
[start] 2026-02-21 06:20:15

Auto-widening W/S scan window for min_combined_pw: 1900.0..2600.0 -> 1725.0..2775.0 Pa (factor 1.500, lower_hit=True, upper_hit=False, min_on_edge=False).
Auto-widening W/S scan window for min_combined_pw: 1725.0..2775.0 -> 1462.5..3037.5 Pa (factor 1.500, lower_hit=True, upper_hit=False, min_on_edge=True).
ADRpy minimum combined P/W remains on feasible W/S boundary (2312.5 Pa). Proceeding with current W/S range 1462.5..3037.5 Pa.
ADRpy constraint sizing (min_combined_pw): W/S=2312.5 Pa (235.81 kg/m^2), P/W_TO=0.19250 kW/kg, P/W_climb=0.19392 kW/kg, P/W_cruise=0.09431 kW/kg
Curve minimum (combined/combined): W/S=2312.5 Pa (235.81 kg/m^2), P/W=0.19392 kW/kg
Curve minimum (takeoff/take-off): W/S=1462.5 Pa (149.13 kg/m^2), P/W=0.10196 kW/kg
Curve minimum (climb/climb): W/S=2312.5 Pa (235.81 kg/m^2), P/W=0.19392 kW/kg
Curve minimum (cruise/cruise): W/S=2312.5 Pa (235.81 kg/m^2), P/W=0.09431 kW/kg
======================================================
======================= ITER 1 =======================
Fuel-cell system mass representative phase: climb (P_fc_sys=865.649 kW).

-----------------------
ptotal_climb: 1,327 kW, mtom_est: 5,925 kg, mtom: 5,000 kg, residual: +924.76 kg

MTOM update: initial_bracket_probe_1, relax=1.000 -> mtom_next=5,325.00 kg

======================================================
======================= ITER 2 =======================
Fuel-cell system mass representative phase: climb (P_fc_sys=921.909 kW).

-----------------------
ptotal_climb: 1,414 kW, mtom_est: 6,155 kg, mtom: 5,325 kg, residual: +829.59 kg

MTOM update: initial_bracket_probe_2, relax=1.000 -> mtom_next=5,650.00 kg

======================================================
======================= ITER 3 =======================
Fuel-cell system mass representative phase: climb (P_fc_sys=978.176 kW).

-----------------------
ptotal_climb: 1,500 kW, mtom_est: 6,386 kg, mtom: 5,650 kg, residual: +735.85 kg

MTOM update: newton_prebracket, relax=1.000 -> mtom_next=7,627.50 kg

======================================================
======================= ITER 4 =======================
Fuel-cell system mass representative phase: climb (P_fc_sys=1320.548 kW).

-----------------------
ptotal_climb: 2,025 kW, mtom_est: 7,805 kg, mtom: 7,628 kg, residual: +177.11 kg

MTOM update: newton_prebracket, relax=1.000 -> mtom_next=8,254.33 kg

======================================================
======================= ITER 5 =======================
Fuel-cell system mass representative phase: climb (P_fc_sys=1429.072 kW).

-----------------------
ptotal_climb: 2,191 kW, mtom_est: 8,258 kg, mtom: 8,254 kg, residual: +3.61 kg


CONVERGED

CONVERGED STATE [MTOM iteration 5]
  MTOM=8,258 kg | Wing loading=235.91 kg/m^2 | P/W(climb)=265.36 W/kg
  Phase power: climb=2,191.4 kW | cruise=1,181.5 kW | loiter=945.1 kW | takeoff=2,174.4 kW | cruise+charger=1,181.5 kW
  Power split (climb): FC=1,415.7 kW | Battery=762.3 kW | Compressor=13.4 kW | Cooling=666.6 kW | H2=39.865 g/s
  Compressor max across phases: 110.8 kW (cruise)
  FC representative phase (mass sizing): climb (1,429.1 kW)
  Mass summary: MTOM=8,258 kg | Powertrain=2,759 kg | Tank=649.8 kg | Fuel=288.8 kg | Battery=720.5 kg | Nacelle power density=0.63 kW/kg
  Geometry: Main wing area=35.00 m^2 | Horizontal tail area=5.642 m^2 | Horizontal tail location=12.599 m | Vertical tail area=5.797 m^2 | Vertical tail location=12.003 m
  Config: wing loading input=235.81 kg/m^2 | P/W TO/Cl/Cr/Lo=0.19250/0.19392/0.09431/0.07545 kW/kg

=============================================================
========================= CONVERGED =========================
=============================================================
Constraint sizing: ENABLED (min_combined_pw)
Input W/S: 235.81 kg/m^2 (2,312.5 Pa)
Input P/W [kW/kg]: takeoff 0.19250, climb 0.19392, cruise 0.09431, loiter 0.07545
Converged P/W [kW/kg]: takeoff 0.26331, climb 0.26536, cruise 0.14307, loiter 0.11445
-------------------------------------------------------------

# Mission Time
Climb time: 12.62 min (0.21 h)
Cruise time: 125.63 min (2.09 h)
Total flight time: 160.25 min (2.67 h)

# Phase Power Breakdown
Phase      Time[min]     Total[kW]    FC Stack[kW]   Battery[kW]   Compressor[kW]   Cooling[kW]   mdot_H2[g/s]
--------------------------------------------------------------------------------------------------------------
ready           0.00         109.6           109.6           0.0              0.0           0.0         0.0
taxi            5.00         219.1           219.1           0.0              0.0           0.0         4.0
takeoff         1.00       2,174.4         1,405.3         756.7             12.3         522.2        33.2
climb          12.62       2,191.4         1,415.7         762.3             13.4         666.6        39.9
cruise        125.63       1,181.5         1,070.7           0.0            110.8         491.3        30.9
loiter         15.00         945.1           856.5           0.0             88.6         397.0        24.9
landing         1.00           0.0             0.0           0.0              0.0           0.0         0.0

Pcomp_max (solved phases): 110.8 kW (cruise)
Pnet (climb): 1,979 kW
Pelectricnet (climb): 2,178 kW
eta_pt: 0.9031

# Geometry
Main Wing Area: 35.00 m^2
Wingspan: 17.75 m
Fuselage Length: 14.80 m
Hydrogen Tank Length: 5.79 m
Horizontal Tail Area: 5.64 m^2
Vertical Tail Area: 5.80 m^2
Horizontal Tail span: 5.04 m
Vertical Tail span: 3.32 m
Horizontal Tail X_Position: 12.60 m
Vertical Tail X_Position: 12.00 m

# Single Nacelle (1/2)
Stack(1/2): 448 kg, Compressor: 36 kg, Humidifier: 217 kg, HX: 440 kg
Fuelcell System(FCS; Stack+Compressor+Humidifier+Hx): 1,142 kg
Representative FC phase: climb
Specific Power of Fuelcell System: 0.626 kW/kg
Stack dimension: dX=0.418 m, dY=0.345 m, dZ=0.345 m
Heat Exchanger dimension: dX=1.533 m, dY=1.533 m, dZ=0.209 m

# ALL Nacelles
FCS_total: 2,283 kg
PMAD: 186 kg
Motors: 290 kg

# Total Mass Breakdown
-----------------------
Powertrain (FCS_total+PMAD+Motors): 2,759 kg
-----------------------
Main Wing: 615 kg
Horizontal Tail: 45 kg
Vertical Tail: 76 kg
Fuselage: 474 kg
Landing gear(main): 243 kg
Landing gear(nose): 65 kg
Flight Control System: 366 kg
Electric System: 300 kg
Instruments: 114 kg
Hydraulics: 99 kg
Furnishing: 443 kg
-----------------------
Operating Empty Mass(OEM): 2,840 kg
-----------------------
Hydrogen Tank: 650 kg
Hydrogen Fuel: 288.8 kg
Battery: 720.5 kg
-----------------------
Payload: 1,000 kg
-----------------------
Maximum Takeoff Mass(MTOM): 8,258 kg
-----------------------

Wing loading (MTOM/S_wing): 235.91 kg/m^2
Power-to-weight (maxPow/MTOM): 265.36 W/kg

mdot_H2(cruise): 30.9 g/s
Hydrogen Tank Volume: 12.4 m^3
========================== END ==============================


=============================================================
Execution time: 5.2 seconds
=============================================================
